[GPU 0] [11:55:16] [INFO] Number of GPUs: 8
[GPU 0] [11:55:18] [INFO] Tokenizer vocabulary: 50257
[GPU 0] [11:55:18] [INFO] Set model vocab size to nearest multiple of 64 of tokenizer size: 50304
[GPU 0] [11:55:25] [INFO] target effective batch size: 641, actual effective batch size: 672, micro batch size: 12, accumulation steps: 7, num gpus: 8
[GPU 0] [11:55:25] [INFO] core total number of tokens: 66749057569
[GPU 0] [11:55:25] [INFO] Baseline model has 806,509,504 parameters
[GPU 0] [11:55:25] [INFO] core: chinchilla optimal tokens: 16,130,190,080, requested proportion: 1.0000, requested number of tokens: 16,130,190,080.0, 
[GPU 0] [11:55:25] [INFO] aux total number of tokens: 4835776549
[GPU 0] [11:55:25] [INFO] Baseline model has 806,509,504 parameters
[GPU 0] [11:55:25] [INFO] aux: chinchilla optimal tokens: 16,130,190,080, requested proportion: 0.0100, requested number of tokens: 161,301,900.8, 
[GPU 0] [11:55:25] [DEBUG] Saved config to /workspace/gradient-routing/experiments/AGI-1699-New-Dataset-Runs/results/scaling/realistic/grmoe/800M/seed_1/20260422115512415711/config.json
[GPU 0] [11:55:25] [DEBUG] {
    "stages": [
        {
            "name": "routed",
            "num_checkpoints": -1,
            "lr": 0.0005663534909876918,
            "res_dir": "/workspace/gradient-routing/experiments/AGI-1699-New-Dataset-Runs/results/scaling/realistic/grmoe/800M/seed_1/20260422115512415711/routed",
            "do_eval": true,
            "do_sample": false,
            "num_train_evals": 0,
            "do_elicit": true,
            "elicit_eval_prc": 0.5,
            "elicit_num_evals": 100,
            "model": {
                "arch": "moe",
                "tokenizer": "GPT2Tokenizer(name_or_path='EleutherAI/gpt-neo-125M', vocab_size=50257, model_max_length=2048, padding_side='right', truncation_side='right', special_tokens={'bos_token': '<|endoftext|>', 'eos_token': '<|endoftext|>', 'unk_token': '<|endoftext|>'}, added_tokens_decoder={\n\t50256: AddedToken(\"<|endoftext|>\", rstrip=False, lstrip=False, single_word=False, normalized=True, special=True),\n}\n)",
                "ctx_len": 1024,
                "vocab_size": 50304,
                "num_layers": 24,
                "num_heads": 8,
                "num_key_value": 2,
                "attn_bias": true,
                "eos_token_id": 50256,
                "embed_dim": 1600,
                "mlp_dim": 6400,
                "core_param_prc": 1.0,
                "aux_param_prc": 0.1
            },
            "eval_arbsub": false,
            "aux_factor": {
                "code-lisp": 4.0,
                "papers-biology": 3.0,
                "papers-nuclear": 3.0,
                "papers-cyber": 3.0
            },
            "robust_prc": 0.2,
            "aux_route_prc": 0.5,
            "equal_compute": true
        }
    ],
    "model": {
        "arch": "base",
        "tokenizer": "GPT2Tokenizer(name_or_path='EleutherAI/gpt-neo-125M', vocab_size=50257, model_max_length=2048, padding_side='right', truncation_side='right', special_tokens={'bos_token': '<|endoftext|>', 'eos_token': '<|endoftext|>', 'unk_token': '<|endoftext|>'}, added_tokens_decoder={\n\t50256: AddedToken(\"<|endoftext|>\", rstrip=False, lstrip=False, single_word=False, normalized=True, special=True),\n}\n)",
        "ctx_len": 1024,
        "vocab_size": 50304,
        "num_layers": 24,
        "num_heads": 8,
        "num_key_value": 2,
        "attn_bias": true,
        "eos_token_id": 50256,
        "embed_dim": 1600,
        "mlp_dim": 6400
    },
    "data": {
        "dirs": [
            "/workspace/gradient-routing/experiments/AGI-1699-New-Dataset-Runs/src/data/fineweb",
            "/workspace/gradient-routing/experiments/AGI-1699-New-Dataset-Runs/src/data/code",
            "/workspace/gradient-routing/experiments/AGI-1699-New-Dataset-Runs/src/data/papers"
        ],
        "core": {
            "labels": [
                "fineweb",
                "code-other",
                "papers-other"
            ],
            "method": "optimal",
            "limit": 1.0,
            "dist": {
                "fineweb": 0.84,
                "code-other": 0.15,
                "papers-other": 0.01
            },
            "num_tok": 16130190080.0
        },
        "aux": {
            "labels": [
                "code-lisp",
                "papers-biology",
                "papers-nuclear",
                "papers-cyber"
            ],
            "method": "optimal",
            "limit": 0.01,
            "dist": {
                "code-lisp": 0.25,
                "papers-biology": 0.25,
                "papers-nuclear": 0.25,
                "papers-cyber": 0.25
            },
            "num_tok": 161301900.8
        }
    },
    "run": {
        "target_effective_batch_size": 641,
        "effective_batch_size": 672,
        "micro_batch_size": 12,
        "accumulation_steps": 7,
        "max_num_test_sequences": 10000,
        "eval_all_labels": false,
        "micro_batch_anchors": [
            [
                400000000.0,
                23
            ],
            [
                5000000000.0,
                2
            ]
        ],
        "epochs": 1,
        "adam_betas": [
            0.9,
            0.95
        ],
        "warmup_prc": 0.02,
        "decay_prc": 0.1,
        "seed": 1,
        "compile": true,
        "is_ddp": true,
        "optimize_routed": true,
        "cleanup_distributed": false,
        "log_level": "DEBUG",
        "num_gpus": 8,
        "process_id": 0,
        "num_base_params": 806509504,
        "device": "cuda",
        "logger": "<Logger training_20260422115512415711 (DEBUG)>",
        "labels": [
            "core",
            "code-lisp",
            "papers-biology",
            "papers-cyber",
            "papers-nuclear"
        ],
        "loaders": {
            "code-lisp": {
                "train": "SingleDataLoader(code-lisp_train_001.bin, len=410)",
                "test": "InterleavedDataLoader(len=105)"
            },
            "code-other": {
                "train": "InterleavedDataLoader(len=24612)",
                "test": "SingleDataLoader(code-other_test_010.bin, len=105)"
            },
            "fineweb": {
                "train": "InterleavedDataLoader(len=137831)",
                "test": "InterleavedDataLoader(len=105)"
            },
            "papers-biology": {
                "train": "SingleDataLoader(papers-biology_train.bin, len=410)",
                "test": "SingleDataLoader(papers-biology_test.bin, len=105)"
            },
            "papers-cyber": {
                "train": "SingleDataLoader(papers-cyber_train.bin, len=410)",
                "test": "SingleDataLoader(papers-cyber_test.bin, len=105)"
            },
            "papers-nuclear": {
                "train": "SingleDataLoader(papers-nuclear_train.bin, len=410)",
                "test": "SingleDataLoader(papers-nuclear_test.bin, len=105)"
            },
            "papers-other": {
                "train": "SingleDataLoader(papers-other_train.bin, len=1640)",
                "test": "SingleDataLoader(papers-other_test.bin, len=105)"
            },
            "core": {
                "train": "InterleavedDataLoader(len=164083)",
                "test": "InterleavedDataLoader(len=315)"
            },
            "aux": {
                "train": "InterleavedDataLoader(len=1640)",
                "test": "InterleavedDataLoader(len=420)"
            },
            "all": {
                "train": "InterleavedDataLoader(len=165723)",
                "test": "InterleavedDataLoader(len=735)"
            }
        },
        "res_root": "/workspace/gradient-routing/experiments/AGI-1699-New-Dataset-Runs/results/scaling/realistic/grmoe/800M/seed_1",
        "experiment_id": "20260422115512415711",
        "s3_bucket": "ae-gradient-routing-results",
        "s3_prefix": "scaling/realistic/grmoe/800M/seed_1"
    }
}
[GPU 0] [11:55:25] [INFO] Loader code-lisp train: 410, test: 105
[GPU 0] [11:55:25] [INFO] Loader code-other train: 24612, test: 105
[GPU 0] [11:55:25] [INFO] Loader fineweb train: 137831, test: 105
[GPU 0] [11:55:25] [INFO] Loader papers-biology train: 410, test: 105
[GPU 0] [11:55:25] [INFO] Loader papers-cyber train: 410, test: 105
[GPU 0] [11:55:25] [INFO] Loader papers-nuclear train: 410, test: 105
[GPU 0] [11:55:25] [INFO] Loader papers-other train: 1640, test: 105
[GPU 0] [11:55:25] [INFO] Loader core train: 164083, test: 315
[GPU 0] [11:55:25] [INFO] Loader aux train: 1640, test: 420
[GPU 0] [11:55:25] [INFO] Loader all train: 165723, test: 735
[GPU 0] [11:55:25] [INFO] Stage [routed] start: {"name": "routed", "num_checkpoints": -1, "lr": 0.0005663534909876918, "res_dir": "/workspace/gradient-routing/experiments/AGI-1699-New-Dataset-Runs/results/scaling/realistic/grmoe/800M/seed_1/20260422115512415711/routed", "do_eval": true, "do_sample": false, "num_train_evals": 0, "do_elicit": true, "elicit_eval_prc": 0.5, "elicit_num_evals": 100, "model": {"arch": "moe", "tokenizer": "GPT2Tokenizer(name_or_path='EleutherAI/gpt-neo-125M', vocab_size=50257, model_max_length=2048, padding_side='right', truncation_side='right', special_tokens={'bos_token': '<|endoftext|>', 'eos_token': '<|endoftext|>', 'unk_token': '<|endoftext|>'}, added_tokens_decoder={\n\t50256: AddedToken(\"<|endoftext|>\", rstrip=False, lstrip=False, single_word=False, normalized=True, special=True),\n}\n)", "ctx_len": 1024, "vocab_size": 50304, "num_layers": 24, "num_heads": 8, "num_key_value": 2, "attn_bias": true, "eos_token_id": 50256, "embed_dim": 1600, "mlp_dim": 6400, "core_param_prc": 1.0, "aux_param_prc": 0.1}, "eval_arbsub": false, "aux_factor": {"code-lisp": 4.0, "papers-biology": 3.0, "papers-nuclear": 3.0, "papers-cyber": 3.0}, "robust_prc": 0.2, "aux_route_prc": 0.5, "equal_compute": true}
[GPU 0] [11:55:25] [INFO] ROUTED START
[GPU 0] [11:55:34] [INFO] Initialized MoETransformer with 1,003,332,544 total parameters
[GPU 0] [11:55:34] [INFO]   Label 'core' has 491,712,000 parameters
[GPU 0] [11:55:34] [INFO]   Label 'code-lisp' has 49,205,760 parameters
[GPU 0] [11:55:34] [INFO]   Label 'papers-biology' has 49,205,760 parameters
[GPU 0] [11:55:34] [INFO]   Label 'papers-cyber' has 49,205,760 parameters
[GPU 0] [11:55:34] [INFO]   Label 'papers-nuclear' has 49,205,760 parameters
[GPU 0] [11:55:34] [INFO]   Label 'SHARED' has 314,797,504 parameters
[GPU 0] [11:55:34] [INFO] Compiling MoETransformer with torch.compile...
[GPU 0] [11:55:34] [INFO] torch.compile done
[GPU 0] [11:55:34] [WARNING] restore_partial_state: no checkpoint found at /workspace/gradient-routing/experiments/AGI-1699-New-Dataset-Runs/results/scaling/realistic/grmoe/800M/seed_1/20260422115512415711/routed
[GPU 0] [11:55:34] [INFO] ---- Begin Routed Unordered ----
[GPU 0] [11:55:34] [INFO] compute-equal: initial len_base: 128314 & len_ft: 37409
[GPU 0] [11:55:34] [INFO] compute-equal: flop_diff < 0, (-1840738275840.0 < 0), must truncate training
[GPU 0] [11:55:34] [INFO] compute-equal: len_base: -1141 -> 127173, len_ft: -1076 -> 36333
[GPU 0] [11:55:34] [WARNING] utilized_aux > len_all_aux, (5177 > 1640), must resample aux
[GPU 0] [11:55:34] [INFO] Batch [('core', ('core',), ('core', 'SHARED'))] count: 18168
[GPU 0] [11:55:34] [INFO] Batch [('code-lisp', ('core', 'code-lisp'), ('code-lisp',))] count: 199
[GPU 0] [11:55:34] [INFO] Batch [('code-lisp', ('core', 'code-lisp'), ('core', 'code-lisp', 'SHARED'))] count: 28
[GPU 0] [11:55:34] [INFO] Batch [('core', ('core', 'code-lisp'), ('core', 'code-lisp', 'SHARED'))] count: 1369
[GPU 0] [11:55:34] [INFO] Batch [('core', ('core', 'papers-biology'), ('core', 'papers-biology', 'SHARED'))] count: 1027
[GPU 0] [11:55:34] [INFO] Batch [('papers-biology', ('core', 'papers-biology'), ('core', 'papers-biology', 'SHARED'))] count: 28
[GPU 0] [11:55:34] [INFO] Batch [('papers-biology', ('core', 'papers-biology'), ('papers-biology',))] count: 142
[GPU 0] [11:55:34] [INFO] Batch [('core', ('core', 'papers-cyber'), ('core', 'papers-cyber', 'SHARED'))] count: 1027
[GPU 0] [11:55:34] [INFO] Batch [('papers-cyber', ('core', 'papers-cyber'), ('core', 'papers-cyber', 'SHARED'))] count: 28
[GPU 0] [11:55:34] [INFO] Batch [('papers-cyber', ('core', 'papers-cyber'), ('papers-cyber',))] count: 142
[GPU 0] [11:55:34] [INFO] Batch [('core', ('core', 'papers-nuclear'), ('core', 'papers-nuclear', 'SHARED'))] count: 1027
[GPU 0] [11:55:34] [INFO] Batch [('papers-nuclear', ('core', 'papers-nuclear'), ('core', 'papers-nuclear', 'SHARED'))] count: 28
[GPU 0] [11:55:34] [INFO] Batch [('papers-nuclear', ('core', 'papers-nuclear'), ('papers-nuclear',))] count: 142
[GPU 0] [11:55:34] [INFO] 
len_all: 165723, len_all_aux: 1640, len_all_core: 164083,
len_base: 127173, len_ft: 36333,
len_core_for_ft: 31156, len_aux_for_ft: 5177,
aux_factor: {'code-lisp': 4.0, 'papers-biology': 3.0, 'papers-nuclear': 3.0, 'papers-cyber': 3.0}, robust_prc: 0.2,
aux_route_prc: 0.5, equal_compute: True
[GPU 0] [11:55:34] [WARNING] len(batches) != expected, (23355 != 23358), 3 length difference
[GPU 0] [11:55:34] [INFO] ---- Begin Routed ----
[GPU 0] [11:55:34] [INFO] LR schedule group 0: steps [0, 23355), warmup=467, constant=20552, decay=2336
[GPU 0] [11:55:34] [INFO] LR Scheduler: Group warmup (step 0)
[GPU 0] [11:55:34] [INFO] CUDA memory before training loop:
[GPU 0] [11:55:34] [INFO] |===========================================================================|
[GPU 0] [11:55:34] [INFO] |                  PyTorch CUDA memory summary, device ID 0                 |
[GPU 0] [11:55:34] [INFO] |---------------------------------------------------------------------------|
[GPU 0] [11:55:34] [INFO] |            CUDA OOMs: 0            |        cudaMalloc retries: 0         |
[GPU 0] [11:55:34] [INFO] |===========================================================================|
[GPU 0] [11:55:34] [INFO] |        Metric         | Cur Usage  | Peak Usage | Tot Alloc  | Tot Freed  |
[GPU 0] [11:55:34] [INFO] |---------------------------------------------------------------------------|
[GPU 0] [11:55:34] [INFO] | Allocated memory      |   4492 MiB |  44619 MiB |   6588 TiB |   6588 TiB |
[GPU 0] [11:55:34] [INFO] |       from large pool |   4490 MiB |  44611 MiB |   6585 TiB |   6585 TiB |
[GPU 0] [11:55:34] [INFO] |       from small pool |      2 MiB |    241 MiB |      3 TiB |      3 TiB |
[GPU 0] [11:55:34] [INFO] |---------------------------------------------------------------------------|
[GPU 0] [11:55:34] [INFO] | Active memory         |   4492 MiB |  44619 MiB |   6588 TiB |   6588 TiB |
[GPU 0] [11:55:34] [INFO] |       from large pool |   4490 MiB |  44611 MiB |   6585 TiB |   6585 TiB |
[GPU 0] [11:55:34] [INFO] |       from small pool |      2 MiB |    241 MiB |      3 TiB |      3 TiB |
[GPU 0] [11:55:34] [INFO] |---------------------------------------------------------------------------|
[GPU 0] [11:55:34] [INFO] | Requested memory      |   4492 MiB |  44619 MiB |   6588 TiB |   6588 TiB |
[GPU 0] [11:55:34] [INFO] |       from large pool |   4490 MiB |  44611 MiB |   6585 TiB |   6585 TiB |
[GPU 0] [11:55:34] [INFO] |       from small pool |      2 MiB |    241 MiB |      3 TiB |      3 TiB |
[GPU 0] [11:55:34] [INFO] |---------------------------------------------------------------------------|
[GPU 0] [11:55:34] [INFO] | GPU reserved memory   |   4604 MiB |  46190 MiB |  32943 GiB |  32938 GiB |
[GPU 0] [11:55:34] [INFO] |       from large pool |   4600 MiB |  46180 MiB |  32898 GiB |  32893 GiB |
[GPU 0] [11:55:34] [INFO] |       from small pool |      4 MiB |    242 MiB |     45 GiB |     45 GiB |
[GPU 0] [11:55:34] [INFO] |---------------------------------------------------------------------------|
[GPU 0] [11:55:34] [INFO] | Non-releasable memory |      0 B   |      0 B   |      0 B   |      0 B   |
[GPU 0] [11:55:34] [INFO] |       from large pool |      0 B   |      0 B   |      0 B   |      0 B   |
[GPU 0] [11:55:34] [INFO] |       from small pool |      0 B   |      0 B   |      0 B   |      0 B   |
[GPU 0] [11:55:34] [INFO] |---------------------------------------------------------------------------|
[GPU 0] [11:55:34] [INFO] | Allocations           |     747    |    2660    |  112600 K  |  112599 K  |
[GPU 0] [11:55:34] [INFO] |       from large pool |     382    |    1124    |   69842 K  |   69841 K  |
[GPU 0] [11:55:34] [INFO] |       from small pool |     365    |    1625    |   42757 K  |   42757 K  |
[GPU 0] [11:55:34] [INFO] |---------------------------------------------------------------------------|
[GPU 0] [11:55:34] [INFO] | Active allocs         |     747    |    2660    |  112600 K  |  112599 K  |
[GPU 0] [11:55:34] [INFO] |       from large pool |     382    |    1124    |   69842 K  |   69841 K  |
[GPU 0] [11:55:34] [INFO] |       from small pool |     365    |    1625    |   42757 K  |   42757 K  |
[GPU 0] [11:55:34] [INFO] |---------------------------------------------------------------------------|
[GPU 0] [11:55:34] [INFO] | GPU reserved segments |       0    |       0    |       0    |       0    |
[GPU 0] [11:55:34] [INFO] |       from large pool |       0    |       0    |       0    |       0    |
[GPU 0] [11:55:34] [INFO] |       from small pool |       0    |       0    |       0    |       0    |
[GPU 0] [11:55:34] [INFO] |---------------------------------------------------------------------------|
[GPU 0] [11:55:34] [INFO] | Non-releasable allocs |       0    |       0    |       0    |       0    |
[GPU 0] [11:55:34] [INFO] |       from large pool |       0    |       0    |       0    |       0    |
[GPU 0] [11:55:34] [INFO] |       from small pool |       0    |       0    |       0    |       0    |
[GPU 0] [11:55:34] [INFO] |---------------------------------------------------------------------------|
[GPU 0] [11:55:34] [INFO] | Oversize allocations  |       0    |       0    |       0    |       0    |
[GPU 0] [11:55:34] [INFO] |---------------------------------------------------------------------------|
[GPU 0] [11:55:34] [INFO] | Oversize GPU segments |       0    |       0    |       0    |       0    |
[GPU 0] [11:55:34] [INFO] |===========================================================================|
[GPU 0] [11:55:34] [INFO] 
[GPU 0] [11:55:34] [INFO] Batch group start, LR: 1.0000e-08, 23355 batches
[GPU 0] [11:55:55] [INFO] CUDA memory after first training step:
[GPU 0] [11:55:55] [INFO] |===========================================================================|
[GPU 0] [11:55:55] [INFO] |                  PyTorch CUDA memory summary, device ID 0                 |
[GPU 0] [11:55:55] [INFO] |---------------------------------------------------------------------------|
[GPU 0] [11:55:55] [INFO] |            CUDA OOMs: 0            |        cudaMalloc retries: 0         |
[GPU 0] [11:55:55] [INFO] |===========================================================================|
[GPU 0] [11:55:55] [INFO] |        Metric         | Cur Usage  | Peak Usage | Tot Alloc  | Tot Freed  |
[GPU 0] [11:55:55] [INFO] |---------------------------------------------------------------------------|
[GPU 0] [11:55:55] [INFO] | Allocated memory      |   8936 MiB |  44619 MiB |   6589 TiB |   6589 TiB |
[GPU 0] [11:55:55] [INFO] |       from large pool |   8931 MiB |  44611 MiB |   6585 TiB |   6585 TiB |
[GPU 0] [11:55:55] [INFO] |       from small pool |      4 MiB |    241 MiB |      3 TiB |      3 TiB |
[GPU 0] [11:55:55] [INFO] |---------------------------------------------------------------------------|
[GPU 0] [11:55:55] [INFO] | Active memory         |   8936 MiB |  44619 MiB |   6589 TiB |   6589 TiB |
[GPU 0] [11:55:55] [INFO] |       from large pool |   8931 MiB |  44611 MiB |   6585 TiB |   6585 TiB |
[GPU 0] [11:55:55] [INFO] |       from small pool |      4 MiB |    241 MiB |      3 TiB |      3 TiB |
[GPU 0] [11:55:55] [INFO] |---------------------------------------------------------------------------|
[GPU 0] [11:55:55] [INFO] | Requested memory      |   8935 MiB |  44619 MiB |   6589 TiB |   6589 TiB |
[GPU 0] [11:55:55] [INFO] |       from large pool |   8931 MiB |  44611 MiB |   6585 TiB |   6585 TiB |
[GPU 0] [11:55:55] [INFO] |       from small pool |      4 MiB |    241 MiB |      3 TiB |      3 TiB |
[GPU 0] [11:55:55] [INFO] |---------------------------------------------------------------------------|
[GPU 0] [11:55:55] [INFO] | GPU reserved memory   |  37008 MiB |  46190 MiB |  32974 GiB |  32938 GiB |
[GPU 0] [11:55:55] [INFO] |       from large pool |  37000 MiB |  46180 MiB |  32929 GiB |  32893 GiB |
[GPU 0] [11:55:55] [INFO] |       from small pool |      8 MiB |    242 MiB |     45 GiB |     45 GiB |
[GPU 0] [11:55:55] [INFO] |---------------------------------------------------------------------------|
[GPU 0] [11:55:55] [INFO] | Non-releasable memory |      0 B   |      0 B   |      0 B   |      0 B   |
[GPU 0] [11:55:55] [INFO] |       from large pool |      0 B   |      0 B   |      0 B   |      0 B   |
[GPU 0] [11:55:55] [INFO] |       from small pool |      0 B   |      0 B   |      0 B   |      0 B   |
[GPU 0] [11:55:55] [INFO] |---------------------------------------------------------------------------|
[GPU 0] [11:55:55] [INFO] | Allocations           |    1916    |    2660    |  112613 K  |  112611 K  |
[GPU 0] [11:55:55] [INFO] |       from large pool |     723    |    1124    |   69850 K  |   69849 K  |
[GPU 0] [11:55:55] [INFO] |       from small pool |    1193    |    1625    |   42762 K  |   42761 K  |
[GPU 0] [11:55:55] [INFO] |---------------------------------------------------------------------------|
[GPU 0] [11:55:55] [INFO] | Active allocs         |    1916    |    2660    |  112613 K  |  112611 K  |
[GPU 0] [11:55:55] [INFO] |       from large pool |     723    |    1124    |   69850 K  |   69849 K  |
[GPU 0] [11:55:55] [INFO] |       from small pool |    1193    |    1625    |   42762 K  |   42761 K  |
[GPU 0] [11:55:55] [INFO] |---------------------------------------------------------------------------|
[GPU 0] [11:55:55] [INFO] | GPU reserved segments |       0    |       0    |       0    |       0    |
[GPU 0] [11:55:55] [INFO] |       from large pool |       0    |       0    |       0    |       0    |
[GPU 0] [11:55:55] [INFO] |       from small pool |       0    |       0    |       0    |       0    |
[GPU 0] [11:55:55] [INFO] |---------------------------------------------------------------------------|
[GPU 0] [11:55:55] [INFO] | Non-releasable allocs |       0    |       0    |       0    |       0    |
[GPU 0] [11:55:55] [INFO] |       from large pool |       0    |       0    |       0    |       0    |
[GPU 0] [11:55:55] [INFO] |       from small pool |       0    |       0    |       0    |       0    |
[GPU 0] [11:55:55] [INFO] |---------------------------------------------------------------------------|
[GPU 0] [11:55:55] [INFO] | Oversize allocations  |       0    |       0    |       0    |       0    |
[GPU 0] [11:55:55] [INFO] |---------------------------------------------------------------------------|
[GPU 0] [11:55:55] [INFO] | Oversize GPU segments |       0    |       0    |       0    |       0    |
[GPU 0] [11:55:55] [INFO] |===========================================================================|
[GPU 0] [11:55:55] [INFO] 
[GPU 0] [11:55:55] [INFO] Step: 1, LR: 1.2227e-06
[GPU 0] [11:55:55] [INFO] Train Loss: CORE: 11.21 CODE-LISP: nan PAPERS-BIOLOGY: nan PAPERS-CYBER: nan PAPERS-NUCLEAR: nan 
[GPU 0] [12:06:52] [INFO] LR Scheduler: Group constant (step 467)
[GPU 0] [12:19:23] [INFO] Step: 1000, LR: 5.6635e-04
[GPU 0] [12:19:23] [INFO] Train Loss: CORE: 3.43 CODE-LISP: 3.92 PAPERS-BIOLOGY: 5.05 PAPERS-CYBER: 5.10 PAPERS-NUCLEAR: 4.56 
[GPU 0] [12:42:54] [INFO] Step: 2000, LR: 5.6635e-04
[GPU 0] [12:42:54] [INFO] Train Loss: CORE: 2.88 CODE-LISP: 1.88 PAPERS-BIOLOGY: 4.18 PAPERS-CYBER: 3.70 PAPERS-NUCLEAR: 4.02 
[GPU 0] [13:06:31] [INFO] Step: 3000, LR: 5.6635e-04
[GPU 0] [13:06:31] [INFO] Train Loss: CORE: 2.77 CODE-LISP: 1.54 PAPERS-BIOLOGY: 3.19 PAPERS-CYBER: 3.41 PAPERS-NUCLEAR: 3.44 
[GPU 0] [13:30:05] [INFO] Step: 4000, LR: 5.6635e-04
[GPU 0] [13:30:05] [INFO] Train Loss: CORE: 2.72 CODE-LISP: 1.33 PAPERS-BIOLOGY: 3.00 PAPERS-CYBER: 3.19 PAPERS-NUCLEAR: 3.26 
[GPU 0] [13:53:41] [INFO] Step: 5000, LR: 5.6635e-04
[GPU 0] [13:53:41] [INFO] Train Loss: CORE: 2.58 CODE-LISP: 1.18 PAPERS-BIOLOGY: 2.82 PAPERS-CYBER: 3.08 PAPERS-NUCLEAR: 3.18 
[GPU 0] [14:17:19] [INFO] Step: 6000, LR: 5.6635e-04
[GPU 0] [14:17:19] [INFO] Train Loss: CORE: 2.66 CODE-LISP: 1.17 PAPERS-BIOLOGY: 2.75 PAPERS-CYBER: 3.00 PAPERS-NUCLEAR: 3.10 
[GPU 0] [14:40:48] [INFO] Step: 7000, LR: 5.6635e-04
[GPU 0] [14:40:48] [INFO] Train Loss: CORE: 2.53 CODE-LISP: 1.07 PAPERS-BIOLOGY: 2.71 PAPERS-CYBER: 2.93 PAPERS-NUCLEAR: 3.09 
[GPU 0] [15:04:21] [INFO] Step: 8000, LR: 5.6635e-04
[GPU 0] [15:04:21] [INFO] Train Loss: CORE: 2.60 CODE-LISP: 1.22 PAPERS-BIOLOGY: 2.73 PAPERS-CYBER: 2.92 PAPERS-NUCLEAR: 3.04 
[GPU 0] [15:27:56] [INFO] Step: 9000, LR: 5.6635e-04
[GPU 0] [15:27:56] [INFO] Train Loss: CORE: 2.59 CODE-LISP: 1.28 PAPERS-BIOLOGY: 2.65 PAPERS-CYBER: 2.89 PAPERS-NUCLEAR: 2.98 
[GPU 0] [15:51:30] [INFO] Step: 10000, LR: 5.6635e-04
[GPU 0] [15:51:30] [INFO] Train Loss: CORE: 2.53 CODE-LISP: 0.96 PAPERS-BIOLOGY: 2.60 PAPERS-CYBER: 2.87 PAPERS-NUCLEAR: 2.95 
[GPU 0] [16:15:06] [INFO] Step: 11000, LR: 5.6635e-04
[GPU 0] [16:15:06] [INFO] Train Loss: CORE: 2.62 CODE-LISP: 0.91 PAPERS-BIOLOGY: 2.61 PAPERS-CYBER: 2.81 PAPERS-NUCLEAR: 2.92 
[GPU 0] [16:38:39] [INFO] Step: 12000, LR: 5.6635e-04
[GPU 0] [16:38:39] [INFO] Train Loss: CORE: 2.51 CODE-LISP: 0.97 PAPERS-BIOLOGY: 2.56 PAPERS-CYBER: 2.81 PAPERS-NUCLEAR: 2.91 
[GPU 0] [17:02:14] [INFO] Step: 13000, LR: 5.6635e-04
[GPU 0] [17:02:14] [INFO] Train Loss: CORE: 2.54 CODE-LISP: 0.95 PAPERS-BIOLOGY: 2.54 PAPERS-CYBER: 2.83 PAPERS-NUCLEAR: 2.84 
[GPU 0] [17:25:46] [INFO] Step: 14000, LR: 5.6635e-04
[GPU 0] [17:25:46] [INFO] Train Loss: CORE: 2.46 CODE-LISP: 1.00 PAPERS-BIOLOGY: 2.53 PAPERS-CYBER: 2.80 PAPERS-NUCLEAR: 2.83 
[GPU 0] [17:49:21] [INFO] Step: 15000, LR: 5.6635e-04
[GPU 0] [17:49:21] [INFO] Train Loss: CORE: 2.51 CODE-LISP: 0.95 PAPERS-BIOLOGY: 2.53 PAPERS-CYBER: 2.79 PAPERS-NUCLEAR: 2.85 
[GPU 0] [18:12:54] [INFO] Step: 16000, LR: 5.6635e-04
[GPU 0] [18:12:54] [INFO] Train Loss: CORE: 2.57 CODE-LISP: 0.88 PAPERS-BIOLOGY: 2.50 PAPERS-CYBER: 2.78 PAPERS-NUCLEAR: 2.86 
[GPU 0] [18:36:28] [INFO] Step: 17000, LR: 5.6635e-04
[GPU 0] [18:36:28] [INFO] Train Loss: CORE: 2.43 CODE-LISP: 1.04 PAPERS-BIOLOGY: 2.51 PAPERS-CYBER: 2.77 PAPERS-NUCLEAR: 2.84 
[GPU 0] [18:59:58] [INFO] Step: 18000, LR: 5.6635e-04
[GPU 0] [18:59:58] [INFO] Train Loss: CORE: 2.44 CODE-LISP: 0.95 PAPERS-BIOLOGY: 2.51 PAPERS-CYBER: 2.76 PAPERS-NUCLEAR: 2.78 
[GPU 0] [19:23:34] [INFO] Step: 19000, LR: 5.6635e-04
[GPU 0] [19:23:34] [INFO] Train Loss: CORE: 2.45 CODE-LISP: 0.79 PAPERS-BIOLOGY: 2.49 PAPERS-CYBER: 2.72 PAPERS-NUCLEAR: 2.78 
[GPU 0] [19:47:07] [INFO] Step: 20000, LR: 5.6635e-04
[GPU 0] [19:47:07] [INFO] Train Loss: CORE: 2.35 CODE-LISP: 0.77 PAPERS-BIOLOGY: 2.47 PAPERS-CYBER: 2.74 PAPERS-NUCLEAR: 2.77 
[GPU 0] [20:10:39] [INFO] Step: 21000, LR: 5.6635e-04
[GPU 0] [20:10:39] [INFO] Train Loss: CORE: 2.32 CODE-LISP: 0.78 PAPERS-BIOLOGY: 2.47 PAPERS-CYBER: 2.74 PAPERS-NUCLEAR: 2.79 
[GPU 0] [20:11:06] [INFO] LR Scheduler: Group decay (step 21019)
[GPU 0] [20:34:14] [INFO] Step: 22000, LR: 3.2852e-04
[GPU 0] [20:34:14] [INFO] Train Loss: CORE: 2.39 CODE-LISP: 0.79 PAPERS-BIOLOGY: 2.45 PAPERS-CYBER: 2.73 PAPERS-NUCLEAR: 2.77 
[GPU 0] [20:57:45] [INFO] Step: 23000, LR: 8.6077e-05
[GPU 0] [20:57:45] [INFO] Train Loss: CORE: 2.33 CODE-LISP: 0.69 PAPERS-BIOLOGY: 2.41 PAPERS-CYBER: 2.67 PAPERS-NUCLEAR: 2.73 
[GPU 0] [21:06:06] [INFO] Step: 23355, LR: 1.0000e-08
[GPU 0] [21:06:06] [INFO] Train Loss: CORE: 2.43 CODE-LISP: 0.70 PAPERS-BIOLOGY: 2.39 PAPERS-CYBER: 2.65 PAPERS-NUCLEAR: 2.73 
[GPU 0] [21:07:53] [INFO] ---- Begin Eval ----
[GPU 0] [21:07:53] [INFO] Data: core | Experts: ['core']
[GPU 0] [21:08:24] [INFO] loss: 1.87495196
[GPU 0] [21:08:24] [INFO] Data: code-lisp | Experts: ['core']
[GPU 0] [21:08:32] [INFO] loss: 1.45671499
[GPU 0] [21:08:32] [INFO] Data: papers-biology | Experts: ['core']
[GPU 0] [21:08:40] [INFO] loss: 2.45362711
[GPU 0] [21:08:40] [INFO] Data: papers-nuclear | Experts: ['core']
[GPU 0] [21:08:48] [INFO] loss: 2.83100843
[GPU 0] [21:08:48] [INFO] Data: papers-cyber | Experts: ['core']
[GPU 0] [21:08:56] [INFO] loss: 2.70076275
[GPU 0] [21:08:56] [INFO] ---- Begin Eval ----
[GPU 0] [21:08:56] [INFO] Data: core | Experts: ['code-lisp', 'core']
[GPU 0] [21:09:23] [INFO] loss: 1.87740886
[GPU 0] [21:09:23] [INFO] Data: code-lisp | Experts: ['code-lisp', 'core']
[GPU 0] [21:09:32] [INFO] loss: 0.82122391
[GPU 0] [21:09:32] [INFO] Data: papers-biology | Experts: ['code-lisp', 'core']
[GPU 0] [21:09:40] [INFO] loss: 2.45505977
[GPU 0] [21:09:40] [INFO] Data: papers-nuclear | Experts: ['code-lisp', 'core']
[GPU 0] [21:09:49] [INFO] loss: 2.83301711
[GPU 0] [21:09:49] [INFO] Data: papers-cyber | Experts: ['code-lisp', 'core']
[GPU 0] [21:09:58] [INFO] loss: 2.70312500
[GPU 0] [21:09:58] [INFO] ---- Begin Eval ----
[GPU 0] [21:09:58] [INFO] Data: core | Experts: ['core', 'papers-biology']
[GPU 0] [21:10:24] [INFO] loss: 1.87658417
[GPU 0] [21:10:24] [INFO] Data: code-lisp | Experts: ['core', 'papers-biology']
[GPU 0] [21:10:32] [INFO] loss: 1.45015824
[GPU 0] [21:10:32] [INFO] Data: papers-biology | Experts: ['core', 'papers-biology']
[GPU 0] [21:10:41] [INFO] loss: 2.36666679
[GPU 0] [21:10:41] [INFO] Data: papers-nuclear | Experts: ['core', 'papers-biology']
[GPU 0] [21:10:50] [INFO] loss: 2.82561398
[GPU 0] [21:10:50] [INFO] Data: papers-cyber | Experts: ['core', 'papers-biology']
[GPU 0] [21:10:58] [INFO] loss: 2.70200896
[GPU 0] [21:10:58] [INFO] ---- Begin Eval ----
[GPU 0] [21:10:58] [INFO] Data: core | Experts: ['core', 'papers-nuclear']
[GPU 0] [21:11:24] [INFO] loss: 1.87961149
[GPU 0] [21:11:24] [INFO] Data: code-lisp | Experts: ['core', 'papers-nuclear']
[GPU 0] [21:11:32] [INFO] loss: 1.45444572
[GPU 0] [21:11:32] [INFO] Data: papers-biology | Experts: ['core', 'papers-nuclear']
[GPU 0] [21:11:41] [INFO] loss: 2.44949770
[GPU 0] [21:11:41] [INFO] Data: papers-nuclear | Experts: ['core', 'papers-nuclear']
[GPU 0] [21:11:49] [INFO] loss: 2.71130991
[GPU 0] [21:11:49] [INFO] Data: papers-cyber | Experts: ['core', 'papers-nuclear']
[GPU 0] [21:11:58] [INFO] loss: 2.69687486
[GPU 0] [21:11:58] [INFO] ---- Begin Eval ----
[GPU 0] [21:11:58] [INFO] Data: core | Experts: ['core', 'papers-cyber']
[GPU 0] [21:12:24] [INFO] loss: 1.87598050
[GPU 0] [21:12:24] [INFO] Data: code-lisp | Experts: ['core', 'papers-cyber']
[GPU 0] [21:12:32] [INFO] loss: 1.45177639
[GPU 0] [21:12:32] [INFO] Data: papers-biology | Experts: ['core', 'papers-cyber']
[GPU 0] [21:12:41] [INFO] loss: 2.45409203
[GPU 0] [21:12:41] [INFO] Data: papers-nuclear | Experts: ['core', 'papers-cyber']
[GPU 0] [21:12:49] [INFO] loss: 2.82486987
[GPU 0] [21:12:49] [INFO] Data: papers-cyber | Experts: ['core', 'papers-cyber']
[GPU 0] [21:12:58] [INFO] loss: 2.63712811
[GPU 0] [21:13:02] [INFO] ROUTED - ADVERSARIAL FT START
[GPU 0] [21:13:03] [INFO] ---- Begin FT | Experts: ['core'] | Data: ['code-lisp'] ----
[GPU 0] [21:13:03] [DEBUG] num_seq: 512, num_rounds: 200, patience: 10
[GPU 0] [21:13:03] [DEBUG] local_x: torch.Size([64, 1024]), local_y: torch.Size([64, 1024]), num_steps: 6, per_gpu: 64, mbs_size: 12
[GPU 0] [21:13:18] [INFO] New best validation loss: 1.6903 @ step 0
[GPU 0] [21:13:32] [INFO] New best validation loss: 1.3637 @ step 1
[GPU 0] [21:13:47] [INFO] New best validation loss: 1.3296 @ step 2
[GPU 0] [21:14:01] [INFO] New best validation loss: 1.2896 @ step 3
[GPU 0] [21:14:15] [INFO] New best validation loss: 1.2484 @ step 4
[GPU 0] [21:14:30] [INFO] New best validation loss: 1.2154 @ step 5
[GPU 0] [21:14:44] [INFO] New best validation loss: 1.1912 @ step 6
[GPU 0] [21:14:58] [INFO] New best validation loss: 1.1714 @ step 7
[GPU 0] [21:15:13] [INFO] New best validation loss: 1.1537 @ step 8
[GPU 0] [21:15:28] [INFO] New best validation loss: 1.1370 @ step 9
[GPU 0] [21:15:42] [INFO] New best validation loss: 1.1216 @ step 10
[GPU 0] [21:15:56] [INFO] New best validation loss: 1.1078 @ step 11
[GPU 0] [21:16:11] [INFO] New best validation loss: 1.0958 @ step 12
[GPU 0] [21:16:26] [INFO] New best validation loss: 1.0850 @ step 13
[GPU 0] [21:16:41] [INFO] New best validation loss: 1.0748 @ step 14
[GPU 0] [21:16:55] [INFO] New best validation loss: 1.0654 @ step 15
[GPU 0] [21:17:10] [INFO] New best validation loss: 1.0568 @ step 16
[GPU 0] [21:17:25] [INFO] New best validation loss: 1.0493 @ step 17
[GPU 0] [21:17:40] [INFO] New best validation loss: 1.0427 @ step 18
[GPU 0] [21:17:54] [INFO] New best validation loss: 1.0366 @ step 19
[GPU 0] [21:18:09] [INFO] New best validation loss: 1.0309 @ step 20
[GPU 0] [21:18:24] [INFO] New best validation loss: 1.0260 @ step 21
[GPU 0] [21:18:39] [INFO] New best validation loss: 1.0218 @ step 22
[GPU 0] [21:18:53] [INFO] New best validation loss: 1.0182 @ step 23
[GPU 0] [21:19:08] [INFO] New best validation loss: 1.0153 @ step 24
[GPU 0] [21:19:22] [INFO] New best validation loss: 1.0133 @ step 25
[GPU 0] [21:19:37] [INFO] New best validation loss: 1.0119 @ step 26
[GPU 0] [21:19:51] [INFO] New best validation loss: 1.0109 @ step 27
[GPU 0] [21:20:05] [INFO] New best validation loss: 1.0102 @ step 28
[GPU 0] [21:20:22] [INFO] New best validation loss: 1.0097 @ step 29
[GPU 0] [21:20:37] [INFO] New best validation loss: 1.0097 @ step 30
[GPU 0] [21:23:17] [INFO] Stop FT @ 42: no val improvement for 10 steps
[GPU 0] [21:23:17] [INFO] Wrote stats.jsonl entries at FT step 30 
[GPU 0] [21:23:19] [INFO] ---- Begin FT | Experts: ['core'] | Data: ['papers-biology'] ----
[GPU 0] [21:23:19] [DEBUG] num_seq: 512, num_rounds: 200, patience: 10
[GPU 0] [21:23:19] [DEBUG] local_x: torch.Size([64, 1024]), local_y: torch.Size([64, 1024]), num_steps: 6, per_gpu: 64, mbs_size: 12
[GPU 0] [21:23:33] [INFO] New best validation loss: 2.5010 @ step 0
[GPU 0] [21:23:48] [INFO] New best validation loss: 2.4448 @ step 1
[GPU 0] [21:24:02] [INFO] New best validation loss: 2.4399 @ step 2
[GPU 0] [21:26:41] [INFO] Stop FT @ 14: no val improvement for 10 steps
[GPU 0] [21:26:41] [INFO] Wrote stats.jsonl entries at FT step 2 
[GPU 0] [21:26:43] [INFO] ---- Begin FT | Experts: ['core'] | Data: ['papers-cyber'] ----
[GPU 0] [21:26:43] [DEBUG] num_seq: 512, num_rounds: 200, patience: 10
[GPU 0] [21:26:43] [DEBUG] local_x: torch.Size([64, 1024]), local_y: torch.Size([64, 1024]), num_steps: 6, per_gpu: 64, mbs_size: 12
[GPU 0] [21:26:57] [INFO] New best validation loss: 2.7547 @ step 0
[GPU 0] [21:27:12] [INFO] New best validation loss: 2.7066 @ step 1
[GPU 0] [21:29:51] [INFO] Stop FT @ 13: no val improvement for 10 steps
[GPU 0] [21:29:51] [INFO] Wrote stats.jsonl entries at FT step 1 
[GPU 0] [21:29:52] [INFO] ---- Begin FT | Experts: ['core'] | Data: ['papers-nuclear'] ----
[GPU 0] [21:29:52] [DEBUG] num_seq: 512, num_rounds: 200, patience: 10
[GPU 0] [21:29:52] [DEBUG] local_x: torch.Size([64, 1024]), local_y: torch.Size([64, 1024]), num_steps: 6, per_gpu: 64, mbs_size: 12
[GPU 0] [21:30:06] [INFO] New best validation loss: 2.8839 @ step 0
[GPU 0] [21:30:22] [INFO] New best validation loss: 2.8087 @ step 1
[GPU 0] [21:30:36] [INFO] New best validation loss: 2.8040 @ step 2
[GPU 0] [21:33:14] [INFO] Stop FT @ 14: no val improvement for 10 steps
[GPU 0] [21:33:14] [INFO] Wrote stats.jsonl entries at FT step 2 
[GPU 0] [21:33:14] [INFO] ROUTED - ADVERSARIAL FT START
[GPU 0] [21:33:15] [INFO] ---- Begin FT | Experts: ['code-lisp', 'core'] | Data: ['papers-biology'] ----
[GPU 0] [21:33:15] [DEBUG] num_seq: 512, num_rounds: 200, patience: 10
[GPU 0] [21:33:16] [DEBUG] local_x: torch.Size([64, 1024]), local_y: torch.Size([64, 1024]), num_steps: 6, per_gpu: 64, mbs_size: 12
[GPU 0] [21:33:30] [INFO] New best validation loss: 2.5116 @ step 0
[GPU 0] [21:33:45] [INFO] New best validation loss: 2.4473 @ step 1
[GPU 0] [21:34:01] [INFO] New best validation loss: 2.4446 @ step 2
[GPU 0] [21:36:47] [INFO] Stop FT @ 14: no val improvement for 10 steps
[GPU 0] [21:36:47] [INFO] Wrote stats.jsonl entries at FT step 2 
[GPU 0] [21:36:48] [INFO] ---- Begin FT | Experts: ['code-lisp', 'core'] | Data: ['papers-cyber'] ----
[GPU 0] [21:36:48] [DEBUG] num_seq: 512, num_rounds: 200, patience: 10
[GPU 0] [21:36:48] [DEBUG] local_x: torch.Size([64, 1024]), local_y: torch.Size([64, 1024]), num_steps: 6, per_gpu: 64, mbs_size: 12
[GPU 0] [21:37:04] [INFO] New best validation loss: 2.7593 @ step 0
[GPU 0] [21:37:19] [INFO] New best validation loss: 2.7129 @ step 1
[GPU 0] [21:37:34] [INFO] New best validation loss: 2.7116 @ step 2
[GPU 0] [21:40:22] [INFO] Stop FT @ 14: no val improvement for 10 steps
[GPU 0] [21:40:22] [INFO] Wrote stats.jsonl entries at FT step 2 
[GPU 0] [21:40:24] [INFO] ---- Begin FT | Experts: ['code-lisp', 'core'] | Data: ['papers-nuclear'] ----
[GPU 0] [21:40:24] [DEBUG] num_seq: 512, num_rounds: 200, patience: 10
[GPU 0] [21:40:24] [DEBUG] local_x: torch.Size([64, 1024]), local_y: torch.Size([64, 1024]), num_steps: 6, per_gpu: 64, mbs_size: 12
[GPU 0] [21:40:39] [INFO] New best validation loss: 2.9003 @ step 0
[GPU 0] [21:40:54] [INFO] New best validation loss: 2.8132 @ step 1
[GPU 0] [21:41:09] [INFO] New best validation loss: 2.8082 @ step 2
[GPU 0] [21:43:57] [INFO] Stop FT @ 14: no val improvement for 10 steps
[GPU 0] [21:43:57] [INFO] Wrote stats.jsonl entries at FT step 2 
[GPU 0] [21:43:57] [INFO] ROUTED - ADVERSARIAL FT START
[GPU 0] [21:43:58] [INFO] ---- Begin FT | Experts: ['core', 'papers-biology'] | Data: ['code-lisp'] ----
[GPU 0] [21:43:58] [DEBUG] num_seq: 512, num_rounds: 200, patience: 10
[GPU 0] [21:43:58] [DEBUG] local_x: torch.Size([64, 1024]), local_y: torch.Size([64, 1024]), num_steps: 6, per_gpu: 64, mbs_size: 12
[GPU 0] [21:44:13] [INFO] New best validation loss: 1.7413 @ step 0
[GPU 0] [21:44:29] [INFO] New best validation loss: 1.3673 @ step 1
[GPU 0] [21:44:44] [INFO] New best validation loss: 1.3365 @ step 2
[GPU 0] [21:44:59] [INFO] New best validation loss: 1.2976 @ step 3
[GPU 0] [21:45:14] [INFO] New best validation loss: 1.2551 @ step 4
[GPU 0] [21:45:30] [INFO] New best validation loss: 1.2210 @ step 5
[GPU 0] [21:45:45] [INFO] New best validation loss: 1.1958 @ step 6
[GPU 0] [21:46:00] [INFO] New best validation loss: 1.1756 @ step 7
[GPU 0] [21:46:15] [INFO] New best validation loss: 1.1577 @ step 8
[GPU 0] [21:46:31] [INFO] New best validation loss: 1.1409 @ step 9
[GPU 0] [21:46:46] [INFO] New best validation loss: 1.1251 @ step 10
[GPU 0] [21:47:01] [INFO] New best validation loss: 1.1108 @ step 11
[GPU 0] [21:47:16] [INFO] New best validation loss: 1.0987 @ step 12
[GPU 0] [21:47:32] [INFO] New best validation loss: 1.0880 @ step 13
[GPU 0] [21:47:48] [INFO] New best validation loss: 1.0777 @ step 14
[GPU 0] [21:48:03] [INFO] New best validation loss: 1.0681 @ step 15
[GPU 0] [21:48:18] [INFO] New best validation loss: 1.0593 @ step 16
[GPU 0] [21:48:34] [INFO] New best validation loss: 1.0516 @ step 17
[GPU 0] [21:48:49] [INFO] New best validation loss: 1.0447 @ step 18
[GPU 0] [21:49:04] [INFO] New best validation loss: 1.0385 @ step 19
[GPU 0] [21:49:20] [INFO] New best validation loss: 1.0328 @ step 20
[GPU 0] [21:49:35] [INFO] New best validation loss: 1.0277 @ step 21
[GPU 0] [21:49:50] [INFO] New best validation loss: 1.0233 @ step 22
[GPU 0] [21:50:06] [INFO] New best validation loss: 1.0195 @ step 23
[GPU 0] [21:50:23] [INFO] New best validation loss: 1.0166 @ step 24
[GPU 0] [21:50:38] [INFO] New best validation loss: 1.0143 @ step 25
[GPU 0] [21:50:53] [INFO] New best validation loss: 1.0126 @ step 26
[GPU 0] [21:51:08] [INFO] New best validation loss: 1.0115 @ step 27
[GPU 0] [21:51:23] [INFO] New best validation loss: 1.0106 @ step 28
[GPU 0] [21:51:38] [INFO] New best validation loss: 1.0100 @ step 29
[GPU 0] [21:51:53] [INFO] New best validation loss: 1.0099 @ step 30
[GPU 0] [21:54:44] [INFO] Stop FT @ 42: no val improvement for 10 steps
[GPU 0] [21:54:44] [INFO] Wrote stats.jsonl entries at FT step 30 
[GPU 0] [21:54:45] [INFO] ---- Begin FT | Experts: ['core', 'papers-biology'] | Data: ['papers-cyber'] ----
[GPU 0] [21:54:45] [DEBUG] num_seq: 512, num_rounds: 200, patience: 10
[GPU 0] [21:54:46] [DEBUG] local_x: torch.Size([64, 1024]), local_y: torch.Size([64, 1024]), num_steps: 6, per_gpu: 64, mbs_size: 12
[GPU 0] [21:55:01] [INFO] New best validation loss: 2.7406 @ step 0
[GPU 0] [21:55:16] [INFO] New best validation loss: 2.7116 @ step 1
[GPU 0] [21:55:31] [INFO] New best validation loss: 2.7048 @ step 2
[GPU 0] [21:58:16] [INFO] Stop FT @ 14: no val improvement for 10 steps
[GPU 0] [21:58:16] [INFO] Wrote stats.jsonl entries at FT step 2 
[GPU 0] [21:58:18] [INFO] ---- Begin FT | Experts: ['core', 'papers-biology'] | Data: ['papers-nuclear'] ----
[GPU 0] [21:58:18] [DEBUG] num_seq: 512, num_rounds: 200, patience: 10
[GPU 0] [21:58:18] [DEBUG] local_x: torch.Size([64, 1024]), local_y: torch.Size([64, 1024]), num_steps: 6, per_gpu: 64, mbs_size: 12
[GPU 0] [21:58:33] [INFO] New best validation loss: 2.8625 @ step 0
[GPU 0] [21:58:48] [INFO] New best validation loss: 2.8040 @ step 1
[GPU 0] [21:59:03] [INFO] New best validation loss: 2.8029 @ step 2
[GPU 0] [22:01:57] [INFO] Stop FT @ 14: no val improvement for 10 steps
[GPU 0] [22:01:57] [INFO] Wrote stats.jsonl entries at FT step 2 
[GPU 0] [22:01:58] [INFO] ROUTED - ADVERSARIAL FT START
[GPU 0] [22:01:59] [INFO] ---- Begin FT | Experts: ['core', 'papers-nuclear'] | Data: ['code-lisp'] ----
[GPU 0] [22:01:59] [DEBUG] num_seq: 512, num_rounds: 200, patience: 10
[GPU 0] [22:01:59] [DEBUG] local_x: torch.Size([64, 1024]), local_y: torch.Size([64, 1024]), num_steps: 6, per_gpu: 64, mbs_size: 12
[GPU 0] [22:02:14] [INFO] New best validation loss: 1.7330 @ step 0
[GPU 0] [22:02:29] [INFO] New best validation loss: 1.3717 @ step 1
[GPU 0] [22:02:44] [INFO] New best validation loss: 1.3384 @ step 2
[GPU 0] [22:02:59] [INFO] New best validation loss: 1.2985 @ step 3
[GPU 0] [22:03:14] [INFO] New best validation loss: 1.2558 @ step 4
[GPU 0] [22:03:29] [INFO] New best validation loss: 1.2221 @ step 5
[GPU 0] [22:03:44] [INFO] New best validation loss: 1.1976 @ step 6
[GPU 0] [22:03:59] [INFO] New best validation loss: 1.1775 @ step 7
[GPU 0] [22:04:13] [INFO] New best validation loss: 1.1596 @ step 8
[GPU 0] [22:04:29] [INFO] New best validation loss: 1.1425 @ step 9
[GPU 0] [22:04:44] [INFO] New best validation loss: 1.1267 @ step 10
[GPU 0] [22:04:58] [INFO] New best validation loss: 1.1125 @ step 11
[GPU 0] [22:05:13] [INFO] New best validation loss: 1.1003 @ step 12
[GPU 0] [22:05:29] [INFO] New best validation loss: 1.0894 @ step 13
[GPU 0] [22:05:43] [INFO] New best validation loss: 1.0792 @ step 14
[GPU 0] [22:05:59] [INFO] New best validation loss: 1.0696 @ step 15
[GPU 0] [22:06:14] [INFO] New best validation loss: 1.0610 @ step 16
[GPU 0] [22:06:29] [INFO] New best validation loss: 1.0533 @ step 17
[GPU 0] [22:06:45] [INFO] New best validation loss: 1.0463 @ step 18
[GPU 0] [22:07:00] [INFO] New best validation loss: 1.0402 @ step 19
[GPU 0] [22:07:15] [INFO] New best validation loss: 1.0344 @ step 20
[GPU 0] [22:07:31] [INFO] New best validation loss: 1.0292 @ step 21
[GPU 0] [22:07:45] [INFO] New best validation loss: 1.0249 @ step 22
[GPU 0] [22:08:01] [INFO] New best validation loss: 1.0212 @ step 23
[GPU 0] [22:08:15] [INFO] New best validation loss: 1.0181 @ step 24
[GPU 0] [22:08:30] [INFO] New best validation loss: 1.0159 @ step 25
[GPU 0] [22:08:46] [INFO] New best validation loss: 1.0141 @ step 26
[GPU 0] [22:09:00] [INFO] New best validation loss: 1.0128 @ step 27
[GPU 0] [22:09:15] [INFO] New best validation loss: 1.0119 @ step 28
[GPU 0] [22:09:31] [INFO] New best validation loss: 1.0112 @ step 29
[GPU 0] [22:09:46] [INFO] New best validation loss: 1.0110 @ step 30
[GPU 0] [22:12:36] [INFO] Stop FT @ 42: no val improvement for 10 steps
[GPU 0] [22:12:36] [INFO] Wrote stats.jsonl entries at FT step 30 
[GPU 0] [22:12:37] [INFO] ---- Begin FT | Experts: ['core', 'papers-nuclear'] | Data: ['papers-biology'] ----
[GPU 0] [22:12:37] [DEBUG] num_seq: 512, num_rounds: 200, patience: 10
[GPU 0] [22:12:37] [DEBUG] local_x: torch.Size([64, 1024]), local_y: torch.Size([64, 1024]), num_steps: 6, per_gpu: 64, mbs_size: 12
[GPU 0] [22:12:52] [INFO] New best validation loss: 2.4999 @ step 0
[GPU 0] [22:13:07] [INFO] New best validation loss: 2.4473 @ step 1
[GPU 0] [22:13:22] [INFO] New best validation loss: 2.4421 @ step 2
[GPU 0] [22:16:05] [INFO] Stop FT @ 14: no val improvement for 10 steps
[GPU 0] [22:16:05] [INFO] Wrote stats.jsonl entries at FT step 2 
[GPU 0] [22:16:06] [INFO] ---- Begin FT | Experts: ['core', 'papers-nuclear'] | Data: ['papers-cyber'] ----
[GPU 0] [22:16:06] [DEBUG] num_seq: 512, num_rounds: 200, patience: 10
[GPU 0] [22:16:06] [DEBUG] local_x: torch.Size([64, 1024]), local_y: torch.Size([64, 1024]), num_steps: 6, per_gpu: 64, mbs_size: 12
[GPU 0] [22:16:21] [INFO] New best validation loss: 2.7545 @ step 0
[GPU 0] [22:16:36] [INFO] New best validation loss: 2.7101 @ step 1
[GPU 0] [22:16:51] [INFO] New best validation loss: 2.7014 @ step 2
[GPU 0] [22:19:36] [INFO] Stop FT @ 14: no val improvement for 10 steps
[GPU 0] [22:19:36] [INFO] Wrote stats.jsonl entries at FT step 2 
[GPU 0] [22:19:36] [INFO] ROUTED - ADVERSARIAL FT START
[GPU 0] [22:19:37] [INFO] ---- Begin FT | Experts: ['core', 'papers-cyber'] | Data: ['code-lisp'] ----
[GPU 0] [22:19:37] [DEBUG] num_seq: 512, num_rounds: 200, patience: 10
[GPU 0] [22:19:38] [DEBUG] local_x: torch.Size([64, 1024]), local_y: torch.Size([64, 1024]), num_steps: 6, per_gpu: 64, mbs_size: 12
[GPU 0] [22:19:53] [INFO] New best validation loss: 1.7188 @ step 0
[GPU 0] [22:20:08] [INFO] New best validation loss: 1.3704 @ step 1
[GPU 0] [22:20:24] [INFO] New best validation loss: 1.3369 @ step 2
[GPU 0] [22:20:39] [INFO] New best validation loss: 1.2961 @ step 3
[GPU 0] [22:20:54] [INFO] New best validation loss: 1.2531 @ step 4
[GPU 0] [22:21:09] [INFO] New best validation loss: 1.2188 @ step 5
[GPU 0] [22:21:24] [INFO] New best validation loss: 1.1938 @ step 6
[GPU 0] [22:21:39] [INFO] New best validation loss: 1.1738 @ step 7
[GPU 0] [22:21:54] [INFO] New best validation loss: 1.1558 @ step 8
[GPU 0] [22:22:09] [INFO] New best validation loss: 1.1391 @ step 9
[GPU 0] [22:22:25] [INFO] New best validation loss: 1.1232 @ step 10
[GPU 0] [22:22:40] [INFO] New best validation loss: 1.1093 @ step 11
[GPU 0] [22:22:56] [INFO] New best validation loss: 1.0972 @ step 12
[GPU 0] [22:23:11] [INFO] New best validation loss: 1.0865 @ step 13
[GPU 0] [22:23:26] [INFO] New best validation loss: 1.0762 @ step 14
[GPU 0] [22:23:41] [INFO] New best validation loss: 1.0668 @ step 15
[GPU 0] [22:23:56] [INFO] New best validation loss: 1.0581 @ step 16
[GPU 0] [22:24:11] [INFO] New best validation loss: 1.0505 @ step 17
[GPU 0] [22:24:26] [INFO] New best validation loss: 1.0438 @ step 18
[GPU 0] [22:24:41] [INFO] New best validation loss: 1.0375 @ step 19
[GPU 0] [22:24:57] [INFO] New best validation loss: 1.0317 @ step 20
[GPU 0] [22:25:12] [INFO] New best validation loss: 1.0269 @ step 21
[GPU 0] [22:25:27] [INFO] New best validation loss: 1.0226 @ step 22
[GPU 0] [22:25:42] [INFO] New best validation loss: 1.0192 @ step 23
[GPU 0] [22:25:57] [INFO] New best validation loss: 1.0163 @ step 24
[GPU 0] [22:26:12] [INFO] New best validation loss: 1.0143 @ step 25
[GPU 0] [22:26:28] [INFO] New best validation loss: 1.0129 @ step 26
[GPU 0] [22:26:43] [INFO] New best validation loss: 1.0118 @ step 27
[GPU 0] [22:26:58] [INFO] New best validation loss: 1.0109 @ step 28
[GPU 0] [22:27:13] [INFO] New best validation loss: 1.0105 @ step 29
[GPU 0] [22:27:29] [INFO] New best validation loss: 1.0104 @ step 30
[GPU 0] [22:30:20] [INFO] Stop FT @ 42: no val improvement for 10 steps
[GPU 0] [22:30:20] [INFO] Wrote stats.jsonl entries at FT step 30 
[GPU 0] [22:30:23] [INFO] ---- Begin FT | Experts: ['core', 'papers-cyber'] | Data: ['papers-biology'] ----
[GPU 0] [22:30:23] [DEBUG] num_seq: 512, num_rounds: 200, patience: 10
[GPU 0] [22:30:23] [DEBUG] local_x: torch.Size([64, 1024]), local_y: torch.Size([64, 1024]), num_steps: 6, per_gpu: 64, mbs_size: 12
[GPU 0] [22:30:37] [INFO] New best validation loss: 2.5010 @ step 0
[GPU 0] [22:30:53] [INFO] New best validation loss: 2.4471 @ step 1
[GPU 0] [22:31:08] [INFO] New best validation loss: 2.4432 @ step 2
[GPU 0] [22:33:57] [INFO] Stop FT @ 14: no val improvement for 10 steps
[GPU 0] [22:33:57] [INFO] Wrote stats.jsonl entries at FT step 2 
[GPU 0] [22:33:58] [INFO] ---- Begin FT | Experts: ['core', 'papers-cyber'] | Data: ['papers-nuclear'] ----
[GPU 0] [22:33:58] [DEBUG] num_seq: 512, num_rounds: 200, patience: 10
[GPU 0] [22:33:58] [DEBUG] local_x: torch.Size([64, 1024]), local_y: torch.Size([64, 1024]), num_steps: 6, per_gpu: 64, mbs_size: 12
[GPU 0] [22:34:13] [INFO] New best validation loss: 2.8735 @ step 0
[GPU 0] [22:34:29] [INFO] New best validation loss: 2.8061 @ step 1
[GPU 0] [22:34:43] [INFO] New best validation loss: 2.8029 @ step 2
[GPU 0] [22:37:31] [INFO] Stop FT @ 14: no val improvement for 10 steps
[GPU 0] [22:37:31] [INFO] Wrote stats.jsonl entries at FT step 2 
[GPU 0] [22:37:36] [INFO] ----------------------------------------
[GPU 0] [22:37:36] [INFO] Finished. See /workspace/gradient-routing/experiments/AGI-1699-New-Dataset-Runs/results/scaling/realistic/grmoe/800M/seed_1/20260422115512415711
