[GPU 0] [09:06:51] [INFO] Git branch: AGI-1696-New-Dataset-Runs_ethan, commit: dd5294e282007801f9a473adb80ef8b8ac122461
[GPU 0] [09:06:51] [INFO] Number of GPUs: 8
[GPU 0] [09:06:52] [INFO] Tokenizer vocabulary: 50257
[GPU 0] [09:06:52] [INFO] Set model vocab size to nearest multiple of 64 of tokenizer size: 50304
[GPU 0] [09:06:55] [INFO] target effective batch size: 212, actual effective batch size: 216, micro batch size: 27, accumulation steps: 1, num gpus: 8
[GPU 0] [09:06:56] [INFO] core total number of tokens: 66749057569
[GPU 0] [09:06:56] [INFO] Baseline model has 199,891,008 parameters
[GPU 0] [09:06:56] [INFO] core: chinchilla optimal tokens: 3,997,820,160, requested proportion: 1.0000, requested number of tokens: 3,997,820,160.0, 
[GPU 0] [09:06:56] [INFO] aux total number of tokens: 4835776549
[GPU 0] [09:06:56] [INFO] Baseline model has 199,891,008 parameters
[GPU 0] [09:06:56] [INFO] aux: chinchilla optimal tokens: 3,997,820,160, requested proportion: 0.0100, requested number of tokens: 39,978,201.6, 
[GPU 0] [09:06:56] [DEBUG] Saved config to /workspace-vast/ethanr/gradient-routing/experiments/AGI-1699-New-Dataset-Runs/results/scaling/realistic/filtering/200M/seed_2/20260516090650575247/config.json
[GPU 0] [09:06:56] [DEBUG] {
    "stages": [
        {
            "name": "filtering",
            "num_checkpoints": -1,
            "lr": 0.0008677257023958782,
            "res_dir": "/workspace-vast/ethanr/gradient-routing/experiments/AGI-1699-New-Dataset-Runs/results/scaling/realistic/filtering/200M/seed_2/20260516090650575247/filtering",
            "acc_mode": "uniform",
            "do_eval": true,
            "do_sample": false,
            "num_train_evals": 0,
            "do_elicit": true,
            "elicit_eval_prc": 0.5,
            "elicit_num_evals": 100,
            "retain_targets": [
                [
                    "core",
                    "papers-biology"
                ]
            ],
            "label_prc": 1.0
        }
    ],
    "model": {
        "arch": "base",
        "tokenizer": "GPT2Tokenizer(name_or_path='EleutherAI/gpt-neo-125M', vocab_size=50257, model_max_length=2048, padding_side='right', truncation_side='right', special_tokens={'bos_token': '<|endoftext|>', 'eos_token': '<|endoftext|>', 'unk_token': '<|endoftext|>'}, added_tokens_decoder={\n\t50256: AddedToken(\"<|endoftext|>\", rstrip=False, lstrip=False, single_word=False, normalized=True, special=True),\n}\n)",
        "ctx_len": 1024,
        "vocab_size": 50304,
        "num_layers": 13,
        "num_heads": 8,
        "num_key_value": 2,
        "attn_bias": true,
        "eos_token_id": 50256,
        "embed_dim": 896,
        "mlp_dim": 3584
    },
    "data": {
        "dirs": [
            "/workspace-vast/ethanr/gradient-routing/experiments/AGI-1699-New-Dataset-Runs/src/data/fineweb",
            "/workspace-vast/ethanr/gradient-routing/experiments/AGI-1699-New-Dataset-Runs/src/data/code",
            "/workspace-vast/ethanr/gradient-routing/experiments/AGI-1699-New-Dataset-Runs/src/data/papers"
        ],
        "core": {
            "labels": [
                "fineweb",
                "code-other",
                "papers-other"
            ],
            "method": "optimal",
            "limit": 1.0,
            "dist": {
                "fineweb": 0.84,
                "code-other": 0.15,
                "papers-other": 0.01
            },
            "num_tok": 3997820160.0
        },
        "aux": {
            "labels": [
                "code-lisp",
                "papers-biology",
                "papers-nuclear",
                "papers-cyber"
            ],
            "method": "optimal",
            "limit": 0.01,
            "dist": {
                "code-lisp": 0.25,
                "papers-biology": 0.25,
                "papers-nuclear": 0.25,
                "papers-cyber": 0.25
            },
            "num_tok": 39978201.6
        }
    },
    "run": {
        "target_effective_batch_size": 212,
        "effective_batch_size": 216,
        "micro_batch_size": 27,
        "accumulation_steps": 1,
        "max_num_test_sequences": 10000,
        "eval_all_labels": false,
        "micro_batch_anchors": [
            [
                400000000.0,
                23
            ],
            [
                5000000000.0,
                2
            ]
        ],
        "epochs": 1,
        "adam_betas": [
            0.9,
            0.95
        ],
        "warmup_prc": 0.02,
        "decay_prc": 0.1,
        "seed": 2,
        "compile": true,
        "is_ddp": true,
        "cleanup_distributed": false,
        "log_level": "DEBUG",
        "num_gpus": 8,
        "process_id": 0,
        "num_base_params": 199891008,
        "device": "cuda",
        "logger": "<Logger training_20260516090650575247 (DEBUG)>",
        "labels": [
            "core",
            "code-lisp",
            "papers-biology",
            "papers-cyber",
            "papers-nuclear"
        ],
        "loaders": {
            "code-lisp": {
                "train": "SingleDataLoader(code-lisp_train_001.bin, len=45)",
                "test": "InterleavedDataLoader(len=45)"
            },
            "code-other": {
                "train": "SingleDataLoader(code-other_train_003.bin, len=2711)",
                "test": "InterleavedDataLoader(len=47)"
            },
            "fineweb": {
                "train": "InterleavedDataLoader(len=15182)",
                "test": "InterleavedDataLoader(len=47)"
            },
            "papers-biology": {
                "train": "SingleDataLoader(papers-biology_train.bin, len=45)",
                "test": "SingleDataLoader(papers-biology_test.bin, len=45)"
            },
            "papers-cyber": {
                "train": "SingleDataLoader(papers-cyber_train.bin, len=45)",
                "test": "SingleDataLoader(papers-cyber_test.bin, len=45)"
            },
            "papers-nuclear": {
                "train": "SingleDataLoader(papers-nuclear_train.bin, len=45)",
                "test": "SingleDataLoader(papers-nuclear_test.bin, len=45)"
            },
            "papers-other": {
                "train": "SingleDataLoader(papers-other_train.bin, len=180)",
                "test": "SingleDataLoader(papers-other_test.bin, len=47)"
            },
            "core": {
                "train": "InterleavedDataLoader(len=18073)",
                "test": "InterleavedDataLoader(len=141)"
            },
            "aux": {
                "train": "InterleavedDataLoader(len=180)",
                "test": "InterleavedDataLoader(len=180)"
            },
            "all": {
                "train": "InterleavedDataLoader(len=18253)",
                "test": "InterleavedDataLoader(len=321)"
            }
        },
        "res_root": "/workspace-vast/ethanr/gradient-routing/experiments/AGI-1699-New-Dataset-Runs/results/scaling/realistic/filtering/200M/seed_2",
        "experiment_id": "20260516090650575247",
        "s3_bucket": "ae-gradient-routing-results",
        "s3_prefix": "scaling/realistic/filtering/200M/seed_2"
    },
    "label_prc": 1.0
}
[GPU 0] [09:06:56] [INFO] Loader code-lisp train: 45, test: 45
[GPU 0] [09:06:56] [INFO] Loader code-other train: 2711, test: 47
[GPU 0] [09:06:56] [INFO] Loader fineweb train: 15182, test: 47
[GPU 0] [09:06:56] [INFO] Loader papers-biology train: 45, test: 45
[GPU 0] [09:06:56] [INFO] Loader papers-cyber train: 45, test: 45
[GPU 0] [09:06:56] [INFO] Loader papers-nuclear train: 45, test: 45
[GPU 0] [09:06:56] [INFO] Loader papers-other train: 180, test: 47
[GPU 0] [09:06:56] [INFO] Loader core train: 18073, test: 141
[GPU 0] [09:06:56] [INFO] Loader aux train: 180, test: 180
[GPU 0] [09:06:56] [INFO] Loader all train: 18253, test: 321
[GPU 0] [09:06:56] [INFO] Stage [filtering] start: {"name": "filtering", "num_checkpoints": -1, "lr": 0.0008677257023958782, "res_dir": "/workspace-vast/ethanr/gradient-routing/experiments/AGI-1699-New-Dataset-Runs/results/scaling/realistic/filtering/200M/seed_2/20260516090650575247/filtering", "acc_mode": "uniform", "do_eval": true, "do_sample": false, "num_train_evals": 0, "do_elicit": true, "elicit_eval_prc": 0.5, "elicit_num_evals": 100, "retain_targets": [["core", "papers-biology"]], "label_prc": 1.0}
[GPU 0] [09:06:56] [INFO] FILTERING START
[GPU 0] [09:06:56] [INFO] Using stage-level retain_targets override (1 targets)
[GPU 0] [09:06:56] [INFO] Filtering: retaining ['core', 'papers-biology'], removing ['code-lisp', 'papers-cyber', 'papers-nuclear']
[GPU 0] [09:07:03] [INFO] Initialized BaseTransformer with 199,891,008 total parameters
[GPU 0] [09:07:03] [INFO] Compiling BaseTransformer with torch.compile...
[GPU 0] [09:07:03] [INFO] torch.compile done
[GPU 0] [09:07:10] [WARNING] restore_partial_state: no checkpoint found at /workspace-vast/ethanr/gradient-routing/experiments/AGI-1699-New-Dataset-Runs/results/scaling/realistic/filtering/200M/seed_2/20260516090650575247/filtering/core_papers-biology
[GPU 0] [09:07:10] [INFO] ---- Begin Train | Train Labels: ['core', 'papers-biology'] ----
[GPU 0] [09:07:10] [DEBUG] acc_mode: uniform, label_prc: 1.0
[GPU 0] [09:07:10] [INFO] Batch [core] count: 18073
[GPU 0] [09:07:10] [INFO] Batch [papers-biology] count: 45
[GPU 0] [09:07:10] [INFO] warmup_steps: 362
[GPU 0] [09:07:10] [INFO] constant_steps: 15944
[GPU 0] [09:07:10] [INFO] decay_steps: 1812
[GPU 0] [09:07:10] [INFO] LR Scheduler: Warmup Start
[GPU 0] [09:08:05] [INFO] Step: 1, LR: 2.41e-06
[GPU 0] [09:08:05] [INFO] Train Loss: CORE: 11.00 CODE-LISP: nan PAPERS-BIOLOGY: nan PAPERS-CYBER: nan PAPERS-NUCLEAR: nan 
[GPU 0] [09:08:55] [INFO] LR Scheduler: Constant Start
[GPU 0] [09:10:12] [INFO] Step: 1000, LR: 8.68e-04
[GPU 0] [09:10:12] [INFO] Train Loss: CORE: 3.67 CODE-LISP: nan PAPERS-BIOLOGY: 5.72 PAPERS-CYBER: nan PAPERS-NUCLEAR: nan 
[GPU 0] [09:12:06] [INFO] Step: 2000, LR: 8.68e-04
[GPU 0] [09:12:06] [INFO] Train Loss: CORE: 3.50 CODE-LISP: nan PAPERS-BIOLOGY: 5.72 PAPERS-CYBER: nan PAPERS-NUCLEAR: nan 
[GPU 0] [09:13:59] [INFO] Step: 3000, LR: 8.68e-04
[GPU 0] [09:13:59] [INFO] Train Loss: CORE: 3.08 CODE-LISP: nan PAPERS-BIOLOGY: 4.85 PAPERS-CYBER: nan PAPERS-NUCLEAR: nan 
[GPU 0] [09:15:52] [INFO] Step: 4000, LR: 8.68e-04
[GPU 0] [09:15:52] [INFO] Train Loss: CORE: 3.45 CODE-LISP: nan PAPERS-BIOLOGY: 4.08 PAPERS-CYBER: nan PAPERS-NUCLEAR: nan 
[GPU 0] [09:17:44] [INFO] Step: 5000, LR: 8.68e-04
[GPU 0] [09:17:44] [INFO] Train Loss: CORE: 3.39 CODE-LISP: nan PAPERS-BIOLOGY: 3.77 PAPERS-CYBER: nan PAPERS-NUCLEAR: nan 
[GPU 0] [09:19:37] [INFO] Step: 6000, LR: 8.68e-04
[GPU 0] [09:19:37] [INFO] Train Loss: CORE: 3.13 CODE-LISP: nan PAPERS-BIOLOGY: 3.55 PAPERS-CYBER: nan PAPERS-NUCLEAR: nan 
[GPU 0] [09:21:29] [INFO] Step: 7000, LR: 8.68e-04
[GPU 0] [09:21:29] [INFO] Train Loss: CORE: 3.08 CODE-LISP: nan PAPERS-BIOLOGY: 3.25 PAPERS-CYBER: nan PAPERS-NUCLEAR: nan 
[GPU 0] [09:23:21] [INFO] Step: 8000, LR: 8.68e-04
[GPU 0] [09:23:21] [INFO] Train Loss: CORE: 3.32 CODE-LISP: nan PAPERS-BIOLOGY: 3.21 PAPERS-CYBER: nan PAPERS-NUCLEAR: nan 
[GPU 0] [09:25:14] [INFO] Step: 9000, LR: 8.68e-04
[GPU 0] [09:25:14] [INFO] Train Loss: CORE: 3.26 CODE-LISP: nan PAPERS-BIOLOGY: 3.15 PAPERS-CYBER: nan PAPERS-NUCLEAR: nan 
[GPU 0] [09:27:06] [INFO] Step: 10000, LR: 8.68e-04
[GPU 0] [09:27:06] [INFO] Train Loss: CORE: 3.20 CODE-LISP: nan PAPERS-BIOLOGY: 3.12 PAPERS-CYBER: nan PAPERS-NUCLEAR: nan 
[GPU 0] [09:28:58] [INFO] Step: 11000, LR: 8.68e-04
[GPU 0] [09:28:58] [INFO] Train Loss: CORE: 3.21 CODE-LISP: nan PAPERS-BIOLOGY: 3.09 PAPERS-CYBER: nan PAPERS-NUCLEAR: nan 
[GPU 0] [09:30:51] [INFO] Step: 12000, LR: 8.68e-04
[GPU 0] [09:30:51] [INFO] Train Loss: CORE: 2.74 CODE-LISP: nan PAPERS-BIOLOGY: 3.04 PAPERS-CYBER: nan PAPERS-NUCLEAR: nan 
[GPU 0] [09:32:43] [INFO] Step: 13000, LR: 8.68e-04
[GPU 0] [09:32:43] [INFO] Train Loss: CORE: 3.05 CODE-LISP: nan PAPERS-BIOLOGY: 3.02 PAPERS-CYBER: nan PAPERS-NUCLEAR: nan 
[GPU 0] [09:34:35] [INFO] Step: 14000, LR: 8.68e-04
[GPU 0] [09:34:35] [INFO] Train Loss: CORE: 2.93 CODE-LISP: nan PAPERS-BIOLOGY: 3.01 PAPERS-CYBER: nan PAPERS-NUCLEAR: nan 
[GPU 0] [09:36:28] [INFO] Step: 15000, LR: 8.68e-04
[GPU 0] [09:36:28] [INFO] Train Loss: CORE: 3.01 CODE-LISP: nan PAPERS-BIOLOGY: 3.01 PAPERS-CYBER: nan PAPERS-NUCLEAR: nan 
[GPU 0] [09:38:20] [INFO] Step: 16000, LR: 8.68e-04
[GPU 0] [09:38:20] [INFO] Train Loss: CORE: 2.73 CODE-LISP: nan PAPERS-BIOLOGY: 3.02 PAPERS-CYBER: nan PAPERS-NUCLEAR: nan 
[GPU 0] [09:38:55] [INFO] LR Scheduler: Decay Start
[GPU 0] [09:40:13] [INFO] Step: 17000, LR: 5.35e-04
[GPU 0] [09:40:13] [INFO] Train Loss: CORE: 2.38 CODE-LISP: nan PAPERS-BIOLOGY: 2.98 PAPERS-CYBER: nan PAPERS-NUCLEAR: nan 
[GPU 0] [09:42:05] [INFO] Step: 18000, LR: 5.65e-05
[GPU 0] [09:42:05] [INFO] Train Loss: CORE: 2.59 CODE-LISP: nan PAPERS-BIOLOGY: 2.96 PAPERS-CYBER: nan PAPERS-NUCLEAR: nan 
[GPU 0] [09:42:18] [INFO] Step: 18118, LR: 1.00e-08
[GPU 0] [09:42:18] [INFO] Train Loss: CORE: 2.09 CODE-LISP: nan PAPERS-BIOLOGY: 2.96 PAPERS-CYBER: nan PAPERS-NUCLEAR: nan 
[GPU 0] [09:42:24] [INFO] ---- Begin Eval ----
[GPU 0] [09:42:24] [INFO] Data: core | Experts: None
[GPU 0] [09:43:02] [INFO] loss: 2.22387862
[GPU 0] [09:43:02] [INFO] Data: code-lisp | Experts: None
[GPU 0] [09:43:03] [INFO] loss: 1.70262587
[GPU 0] [09:43:03] [INFO] Data: papers-biology | Experts: None
[GPU 0] [09:43:05] [INFO] loss: 2.82964420
[GPU 0] [09:43:05] [INFO] Data: papers-nuclear | Experts: None
[GPU 0] [09:43:06] [INFO] loss: 3.24131942
[GPU 0] [09:43:06] [INFO] Data: papers-cyber | Experts: None
[GPU 0] [09:43:08] [INFO] loss: 3.13771701
[GPU 0] [09:43:20] [INFO] Initialized BaseTransformer with 199,891,008 total parameters
[GPU 0] [09:43:20] [INFO] Compiling BaseTransformer with torch.compile...
[GPU 0] [09:43:20] [INFO] torch.compile done
[GPU 0] [09:43:26] [INFO] FILTERING - ADVERSARIAL FT START
[GPU 0] [09:43:32] [INFO] ---- Begin FT | Experts: None | Data: ['code-lisp'] ----
[GPU 0] [09:43:32] [DEBUG] num_seq: 512, num_rounds: 200, patience: 10
[GPU 0] [09:43:32] [DEBUG] local_x: torch.Size([64, 1024]), local_y: torch.Size([64, 1024]), num_steps: 3, per_gpu: 64, mbs_size: 27
[GPU 0] [09:44:10] [INFO] New best validation loss: 1.6383 @ step 0
[GPU 0] [09:44:18] [INFO] New best validation loss: 1.5626 @ step 1
[GPU 0] [09:44:27] [INFO] New best validation loss: 1.5209 @ step 2
[GPU 0] [09:44:35] [INFO] New best validation loss: 1.4896 @ step 3
[GPU 0] [09:44:44] [INFO] New best validation loss: 1.4533 @ step 4
[GPU 0] [09:44:53] [INFO] New best validation loss: 1.4247 @ step 5
[GPU 0] [09:45:05] [INFO] New best validation loss: 1.4062 @ step 6
[GPU 0] [09:45:21] [INFO] New best validation loss: 1.3881 @ step 7
[GPU 0] [09:45:31] [INFO] New best validation loss: 1.3697 @ step 8
[GPU 0] [09:45:42] [INFO] New best validation loss: 1.3544 @ step 9
[GPU 0] [09:45:52] [INFO] New best validation loss: 1.3412 @ step 10
[GPU 0] [09:46:03] [INFO] New best validation loss: 1.3284 @ step 11
[GPU 0] [09:46:12] [INFO] New best validation loss: 1.3155 @ step 12
[GPU 0] [09:46:23] [INFO] New best validation loss: 1.3041 @ step 13
[GPU 0] [09:46:34] [INFO] New best validation loss: 1.2939 @ step 14
[GPU 0] [09:46:44] [INFO] New best validation loss: 1.2848 @ step 15
[GPU 0] [09:46:55] [INFO] New best validation loss: 1.2764 @ step 16
[GPU 0] [09:47:05] [INFO] New best validation loss: 1.2698 @ step 17
[GPU 0] [09:47:16] [INFO] New best validation loss: 1.2635 @ step 18
[GPU 0] [09:47:27] [INFO] New best validation loss: 1.2568 @ step 19
[GPU 0] [09:47:37] [INFO] New best validation loss: 1.2505 @ step 20
[GPU 0] [09:47:48] [INFO] New best validation loss: 1.2441 @ step 21
[GPU 0] [09:47:58] [INFO] New best validation loss: 1.2381 @ step 22
[GPU 0] [09:48:08] [INFO] New best validation loss: 1.2340 @ step 23
[GPU 0] [09:48:19] [INFO] New best validation loss: 1.2304 @ step 24
[GPU 0] [09:48:30] [INFO] New best validation loss: 1.2278 @ step 25
[GPU 0] [09:48:40] [INFO] New best validation loss: 1.2246 @ step 26
[GPU 0] [09:48:50] [INFO] New best validation loss: 1.2213 @ step 27
[GPU 0] [09:49:01] [INFO] New best validation loss: 1.2174 @ step 28
[GPU 0] [09:49:11] [INFO] New best validation loss: 1.2130 @ step 29
[GPU 0] [09:49:22] [INFO] New best validation loss: 1.2100 @ step 30
[GPU 0] [09:49:33] [INFO] New best validation loss: 1.2081 @ step 31
[GPU 0] [09:49:43] [INFO] New best validation loss: 1.2076 @ step 32
[GPU 0] [09:49:54] [INFO] New best validation loss: 1.2069 @ step 33
[GPU 0] [09:50:04] [INFO] New best validation loss: 1.2052 @ step 34
[GPU 0] [09:50:15] [INFO] New best validation loss: 1.2030 @ step 35
[GPU 0] [09:50:25] [INFO] New best validation loss: 1.2016 @ step 36
[GPU 0] [09:50:36] [INFO] New best validation loss: 1.2014 @ step 37
[GPU 0] [09:52:32] [INFO] Stop FT @ 49: no val improvement for 10 steps
[GPU 0] [09:52:32] [INFO] Wrote stats.jsonl entries at FT step 37 
[GPU 0] [09:52:42] [INFO] ---- Begin FT | Experts: None | Data: ['papers-cyber'] ----
[GPU 0] [09:52:42] [DEBUG] num_seq: 512, num_rounds: 200, patience: 10
[GPU 0] [09:52:42] [DEBUG] local_x: torch.Size([64, 1024]), local_y: torch.Size([64, 1024]), num_steps: 3, per_gpu: 64, mbs_size: 27
[GPU 0] [09:52:52] [INFO] New best validation loss: 3.1439 @ step 0
[GPU 0] [09:53:00] [INFO] New best validation loss: 3.1240 @ step 1
[GPU 0] [09:53:08] [INFO] New best validation loss: 3.1213 @ step 2
[GPU 0] [09:53:18] [INFO] New best validation loss: 3.1168 @ step 3
[GPU 0] [09:53:29] [INFO] New best validation loss: 3.1116 @ step 4
[GPU 0] [09:53:39] [INFO] New best validation loss: 3.1092 @ step 5
[GPU 0] [09:55:35] [INFO] Stop FT @ 17: no val improvement for 10 steps
[GPU 0] [09:55:35] [INFO] Wrote stats.jsonl entries at FT step 5 
[GPU 0] [09:55:45] [INFO] ---- Begin FT | Experts: None | Data: ['papers-nuclear'] ----
[GPU 0] [09:55:45] [DEBUG] num_seq: 512, num_rounds: 200, patience: 10
[GPU 0] [09:55:45] [DEBUG] local_x: torch.Size([64, 1024]), local_y: torch.Size([64, 1024]), num_steps: 3, per_gpu: 64, mbs_size: 27
[GPU 0] [09:55:56] [INFO] New best validation loss: 3.2351 @ step 0
[GPU 0] [09:56:04] [INFO] New best validation loss: 3.2119 @ step 1
[GPU 0] [09:56:13] [INFO] New best validation loss: 3.2039 @ step 2
[GPU 0] [09:56:23] [INFO] New best validation loss: 3.1992 @ step 3
[GPU 0] [09:56:34] [INFO] New best validation loss: 3.1954 @ step 4
[GPU 0] [09:56:44] [INFO] New best validation loss: 3.1909 @ step 5
[GPU 0] [09:56:55] [INFO] New best validation loss: 3.1887 @ step 6
[GPU 0] [09:57:05] [INFO] New best validation loss: 3.1882 @ step 7
[GPU 0] [09:59:00] [INFO] Stop FT @ 19: no val improvement for 10 steps
[GPU 0] [09:59:00] [INFO] Wrote stats.jsonl entries at FT step 7 
[GPU 0] [09:59:02] [INFO] ----------------------------------------
[GPU 0] [09:59:02] [INFO] Finished. See /workspace-vast/ethanr/gradient-routing/experiments/AGI-1699-New-Dataset-Runs/results/scaling/realistic/filtering/200M/seed_2/20260516090650575247
