[GPU 0] [06:22:31] [INFO] Number of GPUs: 8
[GPU 0] [06:22:33] [INFO] Tokenizer vocabulary: 50257
[GPU 0] [06:22:33] [INFO] Set model vocab size to nearest multiple of 64 of tokenizer size: 50304
[GPU 0] [06:22:35] [INFO] target effective batch size: 212, actual effective batch size: 216, micro batch size: 27, accumulation steps: 1, num gpus: 8
[GPU 0] [06:22:35] [INFO] core total number of tokens: 66749057569
[GPU 0] [06:22:35] [INFO] Baseline model has 199,891,008 parameters
[GPU 0] [06:22:35] [INFO] core: chinchilla optimal tokens: 3,997,820,160, requested proportion: 1.0000, requested number of tokens: 3,997,820,160.0, 
[GPU 0] [06:22:35] [INFO] aux total number of tokens: 4835776549
[GPU 0] [06:22:35] [INFO] Baseline model has 199,891,008 parameters
[GPU 0] [06:22:35] [INFO] aux: chinchilla optimal tokens: 3,997,820,160, requested proportion: 0.0100, requested number of tokens: 39,978,201.6, 
[GPU 0] [06:22:35] [DEBUG] Saved config to /workspace/gradient-routing/experiments/AGI-1699-New-Dataset-Runs/results/scaling/realistic/grmoe/200M/seed_1/20260422062227384468/config.json
[GPU 0] [06:22:35] [DEBUG] {
    "stages": [
        {
            "name": "routed",
            "num_checkpoints": -1,
            "lr": 0.0008677257023958782,
            "res_dir": "/workspace/gradient-routing/experiments/AGI-1699-New-Dataset-Runs/results/scaling/realistic/grmoe/200M/seed_1/20260422062227384468/routed",
            "do_eval": true,
            "do_sample": false,
            "num_train_evals": 0,
            "do_elicit": true,
            "elicit_eval_prc": 0.5,
            "elicit_num_evals": 100,
            "model": {
                "arch": "moe",
                "tokenizer": "GPT2Tokenizer(name_or_path='EleutherAI/gpt-neo-125M', vocab_size=50257, model_max_length=2048, padding_side='right', truncation_side='right', special_tokens={'bos_token': '<|endoftext|>', 'eos_token': '<|endoftext|>', 'unk_token': '<|endoftext|>'}, added_tokens_decoder={\n\t50256: AddedToken(\"<|endoftext|>\", rstrip=False, lstrip=False, single_word=False, normalized=True, special=True),\n}\n)",
                "ctx_len": 1024,
                "vocab_size": 50304,
                "num_layers": 13,
                "num_heads": 8,
                "num_key_value": 2,
                "attn_bias": true,
                "eos_token_id": 50256,
                "embed_dim": 896,
                "mlp_dim": 3584,
                "core_param_prc": 1.0,
                "aux_param_prc": 0.1
            },
            "eval_arbsub": false,
            "aux_factor": {
                "code-lisp": 4.0,
                "papers-biology": 3.0,
                "papers-nuclear": 3.0,
                "papers-cyber": 3.0
            },
            "robust_prc": 0.2,
            "aux_route_prc": 0.5,
            "equal_compute": true
        }
    ],
    "model": {
        "arch": "base",
        "tokenizer": "GPT2Tokenizer(name_or_path='EleutherAI/gpt-neo-125M', vocab_size=50257, model_max_length=2048, padding_side='right', truncation_side='right', special_tokens={'bos_token': '<|endoftext|>', 'eos_token': '<|endoftext|>', 'unk_token': '<|endoftext|>'}, added_tokens_decoder={\n\t50256: AddedToken(\"<|endoftext|>\", rstrip=False, lstrip=False, single_word=False, normalized=True, special=True),\n}\n)",
        "ctx_len": 1024,
        "vocab_size": 50304,
        "num_layers": 13,
        "num_heads": 8,
        "num_key_value": 2,
        "attn_bias": true,
        "eos_token_id": 50256,
        "embed_dim": 896,
        "mlp_dim": 3584
    },
    "data": {
        "dirs": [
            "/workspace/gradient-routing/experiments/AGI-1699-New-Dataset-Runs/src/data/fineweb",
            "/workspace/gradient-routing/experiments/AGI-1699-New-Dataset-Runs/src/data/code",
            "/workspace/gradient-routing/experiments/AGI-1699-New-Dataset-Runs/src/data/papers"
        ],
        "core": {
            "labels": [
                "fineweb",
                "code-other",
                "papers-other"
            ],
            "method": "optimal",
            "limit": 1.0,
            "dist": {
                "fineweb": 0.84,
                "code-other": 0.15,
                "papers-other": 0.01
            },
            "num_tok": 3997820160.0
        },
        "aux": {
            "labels": [
                "code-lisp",
                "papers-biology",
                "papers-nuclear",
                "papers-cyber"
            ],
            "method": "optimal",
            "limit": 0.01,
            "dist": {
                "code-lisp": 0.25,
                "papers-biology": 0.25,
                "papers-nuclear": 0.25,
                "papers-cyber": 0.25
            },
            "num_tok": 39978201.6
        }
    },
    "run": {
        "target_effective_batch_size": 212,
        "effective_batch_size": 216,
        "micro_batch_size": 27,
        "accumulation_steps": 1,
        "max_num_test_sequences": 10000,
        "eval_all_labels": false,
        "micro_batch_anchors": [
            [
                400000000.0,
                23
            ],
            [
                5000000000.0,
                2
            ]
        ],
        "epochs": 1,
        "adam_betas": [
            0.9,
            0.95
        ],
        "warmup_prc": 0.02,
        "decay_prc": 0.1,
        "seed": 1,
        "compile": true,
        "is_ddp": true,
        "optimize_routed": true,
        "cleanup_distributed": false,
        "log_level": "DEBUG",
        "num_gpus": 8,
        "process_id": 0,
        "num_base_params": 199891008,
        "device": "cuda",
        "logger": "<Logger training_20260422062227384468 (DEBUG)>",
        "labels": [
            "core",
            "code-lisp",
            "papers-biology",
            "papers-cyber",
            "papers-nuclear"
        ],
        "loaders": {
            "code-lisp": {
                "train": "SingleDataLoader(code-lisp_train_001.bin, len=45)",
                "test": "InterleavedDataLoader(len=45)"
            },
            "code-other": {
                "train": "SingleDataLoader(code-other_train_010.bin, len=2711)",
                "test": "SingleDataLoader(code-other_test_010.bin, len=47)"
            },
            "fineweb": {
                "train": "InterleavedDataLoader(len=15182)",
                "test": "InterleavedDataLoader(len=47)"
            },
            "papers-biology": {
                "train": "SingleDataLoader(papers-biology_train.bin, len=45)",
                "test": "SingleDataLoader(papers-biology_test.bin, len=45)"
            },
            "papers-cyber": {
                "train": "SingleDataLoader(papers-cyber_train.bin, len=45)",
                "test": "SingleDataLoader(papers-cyber_test.bin, len=45)"
            },
            "papers-nuclear": {
                "train": "SingleDataLoader(papers-nuclear_train.bin, len=45)",
                "test": "SingleDataLoader(papers-nuclear_test.bin, len=45)"
            },
            "papers-other": {
                "train": "SingleDataLoader(papers-other_train.bin, len=180)",
                "test": "SingleDataLoader(papers-other_test.bin, len=47)"
            },
            "core": {
                "train": "InterleavedDataLoader(len=18073)",
                "test": "InterleavedDataLoader(len=141)"
            },
            "aux": {
                "train": "InterleavedDataLoader(len=180)",
                "test": "InterleavedDataLoader(len=180)"
            },
            "all": {
                "train": "InterleavedDataLoader(len=18253)",
                "test": "InterleavedDataLoader(len=321)"
            }
        },
        "res_root": "/workspace/gradient-routing/experiments/AGI-1699-New-Dataset-Runs/results/scaling/realistic/grmoe/200M/seed_1",
        "experiment_id": "20260422062227384468",
        "s3_bucket": "ae-gradient-routing-results",
        "s3_prefix": "scaling/realistic/grmoe/200M/seed_1"
    }
}
[GPU 0] [06:22:35] [INFO] Loader code-lisp train: 45, test: 45
[GPU 0] [06:22:35] [INFO] Loader code-other train: 2711, test: 47
[GPU 0] [06:22:35] [INFO] Loader fineweb train: 15182, test: 47
[GPU 0] [06:22:35] [INFO] Loader papers-biology train: 45, test: 45
[GPU 0] [06:22:35] [INFO] Loader papers-cyber train: 45, test: 45
[GPU 0] [06:22:35] [INFO] Loader papers-nuclear train: 45, test: 45
[GPU 0] [06:22:35] [INFO] Loader papers-other train: 180, test: 47
[GPU 0] [06:22:35] [INFO] Loader core train: 18073, test: 141
[GPU 0] [06:22:35] [INFO] Loader aux train: 180, test: 180
[GPU 0] [06:22:35] [INFO] Loader all train: 18253, test: 321
[GPU 0] [06:22:35] [INFO] Stage [routed] start: {"name": "routed", "num_checkpoints": -1, "lr": 0.0008677257023958782, "res_dir": "/workspace/gradient-routing/experiments/AGI-1699-New-Dataset-Runs/results/scaling/realistic/grmoe/200M/seed_1/20260422062227384468/routed", "do_eval": true, "do_sample": false, "num_train_evals": 0, "do_elicit": true, "elicit_eval_prc": 0.5, "elicit_num_evals": 100, "model": {"arch": "moe", "tokenizer": "GPT2Tokenizer(name_or_path='EleutherAI/gpt-neo-125M', vocab_size=50257, model_max_length=2048, padding_side='right', truncation_side='right', special_tokens={'bos_token': '<|endoftext|>', 'eos_token': '<|endoftext|>', 'unk_token': '<|endoftext|>'}, added_tokens_decoder={\n\t50256: AddedToken(\"<|endoftext|>\", rstrip=False, lstrip=False, single_word=False, normalized=True, special=True),\n}\n)", "ctx_len": 1024, "vocab_size": 50304, "num_layers": 13, "num_heads": 8, "num_key_value": 2, "attn_bias": true, "eos_token_id": 50256, "embed_dim": 896, "mlp_dim": 3584, "core_param_prc": 1.0, "aux_param_prc": 0.1}, "eval_arbsub": false, "aux_factor": {"code-lisp": 4.0, "papers-biology": 3.0, "papers-nuclear": 3.0, "papers-cyber": 3.0}, "robust_prc": 0.2, "aux_route_prc": 0.5, "equal_compute": true}
[GPU 0] [06:22:35] [INFO] ROUTED START
[GPU 0] [06:22:37] [INFO] Initialized MoETransformer with 235,740,224 total parameters
[GPU 0] [06:22:37] [INFO]   Label 'core' has 83,551,104 parameters
[GPU 0] [06:22:37] [INFO]   Label 'code-lisp' has 8,962,304 parameters
[GPU 0] [06:22:37] [INFO]   Label 'papers-biology' has 8,962,304 parameters
[GPU 0] [06:22:37] [INFO]   Label 'papers-cyber' has 8,962,304 parameters
[GPU 0] [06:22:37] [INFO]   Label 'papers-nuclear' has 8,962,304 parameters
[GPU 0] [06:22:37] [INFO]   Label 'SHARED' has 116,339,904 parameters
[GPU 0] [06:22:37] [INFO] Compiling MoETransformer with torch.compile...
[GPU 0] [06:22:37] [INFO] torch.compile done
[GPU 0] [06:22:37] [WARNING] restore_partial_state: no checkpoint found at /workspace/gradient-routing/experiments/AGI-1699-New-Dataset-Runs/results/scaling/realistic/grmoe/200M/seed_1/20260422062227384468/routed
[GPU 0] [06:22:37] [INFO] ---- Begin Routed Unordered ----
[GPU 0] [06:22:37] [INFO] compute-equal: initial len_base: 14134 & len_ft: 4119
[GPU 0] [06:22:37] [INFO] compute-equal: flop_diff < 0, (-36915730176.0 < 0), must truncate training
[GPU 0] [06:22:37] [INFO] compute-equal: len_base: -92 -> 14042, len_ft: -88 -> 4031
[GPU 0] [06:22:37] [WARNING] utilized_aux > len_all_aux, (573 > 180), must resample aux
[GPU 0] [06:22:38] [INFO] Batch [('core', ('core',), ('core', 'SHARED'))] count: 14042
[GPU 0] [06:22:38] [INFO] Batch [('code-lisp', ('core', 'code-lisp'), ('code-lisp',))] count: 154
[GPU 0] [06:22:38] [INFO] Batch [('code-lisp', ('core', 'code-lisp'), ('core', 'code-lisp', 'SHARED'))] count: 22
[GPU 0] [06:22:38] [INFO] Batch [('core', ('core', 'code-lisp'), ('core', 'code-lisp', 'SHARED'))] count: 1064
[GPU 0] [06:22:38] [INFO] Batch [('core', ('core', 'papers-biology'), ('core', 'papers-biology', 'SHARED'))] count: 798
[GPU 0] [06:22:38] [INFO] Batch [('papers-biology', ('core', 'papers-biology'), ('core', 'papers-biology', 'SHARED'))] count: 22
[GPU 0] [06:22:38] [INFO] Batch [('papers-biology', ('core', 'papers-biology'), ('papers-biology',))] count: 110
[GPU 0] [06:22:38] [INFO] Batch [('core', ('core', 'papers-cyber'), ('core', 'papers-cyber', 'SHARED'))] count: 798
[GPU 0] [06:22:38] [INFO] Batch [('papers-cyber', ('core', 'papers-cyber'), ('core', 'papers-cyber', 'SHARED'))] count: 22
[GPU 0] [06:22:38] [INFO] Batch [('papers-cyber', ('core', 'papers-cyber'), ('papers-cyber',))] count: 110
[GPU 0] [06:22:38] [INFO] Batch [('core', ('core', 'papers-nuclear'), ('core', 'papers-nuclear', 'SHARED'))] count: 798
[GPU 0] [06:22:38] [INFO] Batch [('papers-nuclear', ('core', 'papers-nuclear'), ('core', 'papers-nuclear', 'SHARED'))] count: 22
[GPU 0] [06:22:38] [INFO] Batch [('papers-nuclear', ('core', 'papers-nuclear'), ('papers-nuclear',))] count: 110
[GPU 0] [06:22:38] [INFO] 
len_all: 18253, len_all_aux: 180, len_all_core: 18073,
len_base: 14042, len_ft: 4031,
len_core_for_ft: 3458, len_aux_for_ft: 573,
aux_factor: {'code-lisp': 4.0, 'papers-biology': 3.0, 'papers-nuclear': 3.0, 'papers-cyber': 3.0}, robust_prc: 0.2,
aux_route_prc: 0.5, equal_compute: True
[GPU 0] [06:22:38] [WARNING] len(batches) != expected, (18072 != 18073), 1 length difference
[GPU 0] [06:22:38] [INFO] ---- Begin Routed ----
[GPU 0] [06:22:38] [INFO] LR schedule group 0: steps [0, 18072), warmup=361, constant=15904, decay=1807
[GPU 0] [06:22:38] [INFO] LR Scheduler: Group warmup (step 0)
[GPU 0] [06:22:38] [INFO] CUDA memory before training loop:
[GPU 0] [06:22:38] [INFO] |===========================================================================|
[GPU 0] [06:22:38] [INFO] |                  PyTorch CUDA memory summary, device ID 0                 |
[GPU 0] [06:22:38] [INFO] |---------------------------------------------------------------------------|
[GPU 0] [06:22:38] [INFO] |            CUDA OOMs: 0            |        cudaMalloc retries: 0         |
[GPU 0] [06:22:38] [INFO] |===========================================================================|
[GPU 0] [06:22:38] [INFO] |        Metric         | Cur Usage  | Peak Usage | Tot Alloc  | Tot Freed  |
[GPU 0] [06:22:38] [INFO] |---------------------------------------------------------------------------|
[GPU 0] [06:22:38] [INFO] | Allocated memory      |   1146 MiB |  13962 MiB |    853 TiB |    853 TiB |
[GPU 0] [06:22:38] [INFO] |       from large pool |   1066 MiB |  13838 MiB |    852 TiB |    852 TiB |
[GPU 0] [06:22:38] [INFO] |       from small pool |     79 MiB |    124 MiB |      0 TiB |      0 TiB |
[GPU 0] [06:22:38] [INFO] |---------------------------------------------------------------------------|
[GPU 0] [06:22:38] [INFO] | Active memory         |   1146 MiB |  13962 MiB |    853 TiB |    853 TiB |
[GPU 0] [06:22:38] [INFO] |       from large pool |   1066 MiB |  13838 MiB |    852 TiB |    852 TiB |
[GPU 0] [06:22:38] [INFO] |       from small pool |     79 MiB |    124 MiB |      0 TiB |      0 TiB |
[GPU 0] [06:22:38] [INFO] |---------------------------------------------------------------------------|
[GPU 0] [06:22:38] [INFO] | Requested memory      |   1146 MiB |  13962 MiB |    853 TiB |    853 TiB |
[GPU 0] [06:22:38] [INFO] |       from large pool |   1066 MiB |  13838 MiB |    852 TiB |    852 TiB |
[GPU 0] [06:22:38] [INFO] |       from small pool |     79 MiB |    124 MiB |      0 TiB |      0 TiB |
[GPU 0] [06:22:38] [INFO] |---------------------------------------------------------------------------|
[GPU 0] [06:22:38] [INFO] | GPU reserved memory   |   1222 MiB |  15426 MiB |   8319 GiB |   8318 GiB |
[GPU 0] [06:22:38] [INFO] |       from large pool |   1140 MiB |  15300 MiB |   8287 GiB |   8286 GiB |
[GPU 0] [06:22:38] [INFO] |       from small pool |     82 MiB |    126 MiB |     32 GiB |     32 GiB |
[GPU 0] [06:22:38] [INFO] |---------------------------------------------------------------------------|
[GPU 0] [06:22:38] [INFO] | Non-releasable memory |      0 B   |      0 B   |      0 B   |      0 B   |
[GPU 0] [06:22:38] [INFO] |       from large pool |      0 B   |      0 B   |      0 B   |      0 B   |
[GPU 0] [06:22:38] [INFO] |       from small pool |      0 B   |      0 B   |      0 B   |      0 B   |
[GPU 0] [06:22:38] [INFO] |---------------------------------------------------------------------------|
[GPU 0] [06:22:38] [INFO] | Allocations           |     403    |    1204    |   26757 K  |   26757 K  |
[GPU 0] [06:22:38] [INFO] |       from large pool |      86    |     231    |   15699 K  |   15698 K  |
[GPU 0] [06:22:38] [INFO] |       from small pool |     317    |    1121    |   11058 K  |   11058 K  |
[GPU 0] [06:22:38] [INFO] |---------------------------------------------------------------------------|
[GPU 0] [06:22:38] [INFO] | Active allocs         |     403    |    1204    |   26757 K  |   26757 K  |
[GPU 0] [06:22:38] [INFO] |       from large pool |      86    |     231    |   15699 K  |   15698 K  |
[GPU 0] [06:22:38] [INFO] |       from small pool |     317    |    1121    |   11058 K  |   11058 K  |
[GPU 0] [06:22:38] [INFO] |---------------------------------------------------------------------------|
[GPU 0] [06:22:38] [INFO] | GPU reserved segments |       0    |       0    |       0    |       0    |
[GPU 0] [06:22:38] [INFO] |       from large pool |       0    |       0    |       0    |       0    |
[GPU 0] [06:22:38] [INFO] |       from small pool |       0    |       0    |       0    |       0    |
[GPU 0] [06:22:38] [INFO] |---------------------------------------------------------------------------|
[GPU 0] [06:22:38] [INFO] | Non-releasable allocs |       0    |       0    |       0    |       0    |
[GPU 0] [06:22:38] [INFO] |       from large pool |       0    |       0    |       0    |       0    |
[GPU 0] [06:22:38] [INFO] |       from small pool |       0    |       0    |       0    |       0    |
[GPU 0] [06:22:38] [INFO] |---------------------------------------------------------------------------|
[GPU 0] [06:22:38] [INFO] | Oversize allocations  |       0    |       0    |       0    |       0    |
[GPU 0] [06:22:38] [INFO] |---------------------------------------------------------------------------|
[GPU 0] [06:22:38] [INFO] | Oversize GPU segments |       0    |       0    |       0    |       0    |
[GPU 0] [06:22:38] [INFO] |===========================================================================|
[GPU 0] [06:22:38] [INFO] 
[GPU 0] [06:22:38] [INFO] Batch group start, LR: 1.0000e-08, 18072 batches
[GPU 0] [06:22:56] [INFO] CUDA memory after first training step:
[GPU 0] [06:22:56] [INFO] |===========================================================================|
[GPU 0] [06:22:56] [INFO] |                  PyTorch CUDA memory summary, device ID 0                 |
[GPU 0] [06:22:56] [INFO] |---------------------------------------------------------------------------|
[GPU 0] [06:22:56] [INFO] |            CUDA OOMs: 0            |        cudaMalloc retries: 0         |
[GPU 0] [06:22:56] [INFO] |===========================================================================|
[GPU 0] [06:22:56] [INFO] |        Metric         | Cur Usage  | Peak Usage | Tot Alloc  | Tot Freed  |
[GPU 0] [06:22:56] [INFO] |---------------------------------------------------------------------------|
[GPU 0] [06:22:56] [INFO] | Allocated memory      |   4561 MiB |  32105 MiB |    854 TiB |    854 TiB |
[GPU 0] [06:22:56] [INFO] |       from large pool |   4461 MiB |  32022 MiB |    853 TiB |    853 TiB |
[GPU 0] [06:22:56] [INFO] |       from small pool |    100 MiB |    124 MiB |      0 TiB |      0 TiB |
[GPU 0] [06:22:56] [INFO] |---------------------------------------------------------------------------|
[GPU 0] [06:22:56] [INFO] | Active memory         |   4561 MiB |  32105 MiB |    854 TiB |    854 TiB |
[GPU 0] [06:22:56] [INFO] |       from large pool |   4461 MiB |  32022 MiB |    853 TiB |    853 TiB |
[GPU 0] [06:22:56] [INFO] |       from small pool |    100 MiB |    124 MiB |      0 TiB |      0 TiB |
[GPU 0] [06:22:56] [INFO] |---------------------------------------------------------------------------|
[GPU 0] [06:22:56] [INFO] | Requested memory      |   4561 MiB |  32105 MiB |    854 TiB |    854 TiB |
[GPU 0] [06:22:56] [INFO] |       from large pool |   4461 MiB |  32022 MiB |    853 TiB |    853 TiB |
[GPU 0] [06:22:56] [INFO] |       from small pool |    100 MiB |    124 MiB |      0 TiB |      0 TiB |
[GPU 0] [06:22:56] [INFO] |---------------------------------------------------------------------------|
[GPU 0] [06:22:56] [INFO] | GPU reserved memory   |  32202 MiB |  32202 MiB |   8349 GiB |   8318 GiB |
[GPU 0] [06:22:56] [INFO] |       from large pool |  32100 MiB |  32100 MiB |   8317 GiB |   8286 GiB |
[GPU 0] [06:22:56] [INFO] |       from small pool |    102 MiB |    126 MiB |     32 GiB |     32 GiB |
[GPU 0] [06:22:56] [INFO] |---------------------------------------------------------------------------|
[GPU 0] [06:22:56] [INFO] | Non-releasable memory |      0 B   |      0 B   |      0 B   |      0 B   |
[GPU 0] [06:22:56] [INFO] |       from large pool |      0 B   |      0 B   |      0 B   |      0 B   |
[GPU 0] [06:22:56] [INFO] |       from small pool |      0 B   |      0 B   |      0 B   |      0 B   |
[GPU 0] [06:22:56] [INFO] |---------------------------------------------------------------------------|
[GPU 0] [06:22:56] [INFO] | Allocations           |     888    |    1204    |   26759 K  |   26758 K  |
[GPU 0] [06:22:56] [INFO] |       from large pool |     195    |     236    |   15700 K  |   15699 K  |
[GPU 0] [06:22:56] [INFO] |       from small pool |     693    |    1121    |   11059 K  |   11058 K  |
[GPU 0] [06:22:56] [INFO] |---------------------------------------------------------------------------|
[GPU 0] [06:22:56] [INFO] | Active allocs         |     888    |    1204    |   26759 K  |   26758 K  |
[GPU 0] [06:22:56] [INFO] |       from large pool |     195    |     236    |   15700 K  |   15699 K  |
[GPU 0] [06:22:56] [INFO] |       from small pool |     693    |    1121    |   11059 K  |   11058 K  |
[GPU 0] [06:22:56] [INFO] |---------------------------------------------------------------------------|
[GPU 0] [06:22:56] [INFO] | GPU reserved segments |       0    |       0    |       0    |       0    |
[GPU 0] [06:22:56] [INFO] |       from large pool |       0    |       0    |       0    |       0    |
[GPU 0] [06:22:56] [INFO] |       from small pool |       0    |       0    |       0    |       0    |
[GPU 0] [06:22:56] [INFO] |---------------------------------------------------------------------------|
[GPU 0] [06:22:56] [INFO] | Non-releasable allocs |       0    |       0    |       0    |       0    |
[GPU 0] [06:22:56] [INFO] |       from large pool |       0    |       0    |       0    |       0    |
[GPU 0] [06:22:56] [INFO] |       from small pool |       0    |       0    |       0    |       0    |
[GPU 0] [06:22:56] [INFO] |---------------------------------------------------------------------------|
[GPU 0] [06:22:56] [INFO] | Oversize allocations  |       0    |       0    |       0    |       0    |
[GPU 0] [06:22:56] [INFO] |---------------------------------------------------------------------------|
[GPU 0] [06:22:56] [INFO] | Oversize GPU segments |       0    |       0    |       0    |       0    |
[GPU 0] [06:22:56] [INFO] |===========================================================================|
[GPU 0] [06:22:56] [INFO] 
[GPU 0] [06:22:56] [INFO] Step: 1, LR: 2.4136e-06
[GPU 0] [06:22:56] [INFO] Train Loss: CORE: 11.00 CODE-LISP: nan PAPERS-BIOLOGY: nan PAPERS-CYBER: nan PAPERS-NUCLEAR: nan 
[GPU 0] [06:23:50] [INFO] LR Scheduler: Group constant (step 361)
[GPU 0] [06:25:22] [INFO] Step: 1000, LR: 8.6773e-04
[GPU 0] [06:25:22] [INFO] Train Loss: CORE: 3.82 CODE-LISP: 5.61 PAPERS-BIOLOGY: 5.48 PAPERS-CYBER: 5.97 PAPERS-NUCLEAR: 4.75 
[GPU 0] [06:27:46] [INFO] Step: 2000, LR: 8.6773e-04
[GPU 0] [06:27:46] [INFO] Train Loss: CORE: 3.40 CODE-LISP: 3.60 PAPERS-BIOLOGY: 4.78 PAPERS-CYBER: 4.89 PAPERS-NUCLEAR: 4.28 
[GPU 0] [06:30:12] [INFO] Step: 3000, LR: 8.6773e-04
[GPU 0] [06:30:12] [INFO] Train Loss: CORE: 3.08 CODE-LISP: 3.07 PAPERS-BIOLOGY: 4.21 PAPERS-CYBER: 4.51 PAPERS-NUCLEAR: 3.99 
[GPU 0] [06:32:36] [INFO] Step: 4000, LR: 8.6773e-04
[GPU 0] [06:32:36] [INFO] Train Loss: CORE: 3.27 CODE-LISP: 2.39 PAPERS-BIOLOGY: 4.00 PAPERS-CYBER: 4.29 PAPERS-NUCLEAR: 3.95 
[GPU 0] [06:35:00] [INFO] Step: 5000, LR: 8.6773e-04
[GPU 0] [06:35:00] [INFO] Train Loss: CORE: 3.16 CODE-LISP: 2.28 PAPERS-BIOLOGY: 3.80 PAPERS-CYBER: 4.21 PAPERS-NUCLEAR: 3.85 
[GPU 0] [06:37:24] [INFO] Step: 6000, LR: 8.6773e-04
[GPU 0] [06:37:24] [INFO] Train Loss: CORE: 3.02 CODE-LISP: 2.09 PAPERS-BIOLOGY: 3.70 PAPERS-CYBER: 4.10 PAPERS-NUCLEAR: 3.79 
[GPU 0] [06:39:50] [INFO] Step: 7000, LR: 8.6773e-04
[GPU 0] [06:39:50] [INFO] Train Loss: CORE: 2.96 CODE-LISP: 1.98 PAPERS-BIOLOGY: 3.61 PAPERS-CYBER: 4.02 PAPERS-NUCLEAR: 3.76 
[GPU 0] [06:42:14] [INFO] Step: 8000, LR: 8.6773e-04
[GPU 0] [06:42:14] [INFO] Train Loss: CORE: 3.04 CODE-LISP: 1.89 PAPERS-BIOLOGY: 3.53 PAPERS-CYBER: 3.91 PAPERS-NUCLEAR: 3.72 
[GPU 0] [06:44:38] [INFO] Step: 9000, LR: 8.6773e-04
[GPU 0] [06:44:38] [INFO] Train Loss: CORE: 2.85 CODE-LISP: 1.84 PAPERS-BIOLOGY: 3.48 PAPERS-CYBER: 3.85 PAPERS-NUCLEAR: 3.67 
[GPU 0] [06:47:03] [INFO] Step: 10000, LR: 8.6773e-04
[GPU 0] [06:47:03] [INFO] Train Loss: CORE: 2.93 CODE-LISP: 1.60 PAPERS-BIOLOGY: 3.46 PAPERS-CYBER: 3.79 PAPERS-NUCLEAR: 3.65 
[GPU 0] [06:49:28] [INFO] Step: 11000, LR: 8.6773e-04
[GPU 0] [06:49:28] [INFO] Train Loss: CORE: 2.98 CODE-LISP: 1.48 PAPERS-BIOLOGY: 3.41 PAPERS-CYBER: 3.78 PAPERS-NUCLEAR: 3.63 
[GPU 0] [06:51:52] [INFO] Step: 12000, LR: 8.6773e-04
[GPU 0] [06:51:52] [INFO] Train Loss: CORE: 2.79 CODE-LISP: 1.39 PAPERS-BIOLOGY: 3.38 PAPERS-CYBER: 3.74 PAPERS-NUCLEAR: 3.60 
[GPU 0] [06:54:16] [INFO] Step: 13000, LR: 8.6773e-04
[GPU 0] [06:54:16] [INFO] Train Loss: CORE: 2.61 CODE-LISP: 1.38 PAPERS-BIOLOGY: 3.35 PAPERS-CYBER: 3.71 PAPERS-NUCLEAR: 3.53 
[GPU 0] [06:56:41] [INFO] Step: 14000, LR: 8.6773e-04
[GPU 0] [06:56:41] [INFO] Train Loss: CORE: 2.80 CODE-LISP: 1.28 PAPERS-BIOLOGY: 3.18 PAPERS-CYBER: 3.68 PAPERS-NUCLEAR: 3.50 
[GPU 0] [06:59:05] [INFO] Step: 15000, LR: 8.6773e-04
[GPU 0] [06:59:05] [INFO] Train Loss: CORE: 2.83 CODE-LISP: 1.25 PAPERS-BIOLOGY: 3.11 PAPERS-CYBER: 3.45 PAPERS-NUCLEAR: 3.48 
[GPU 0] [07:01:29] [INFO] Step: 16000, LR: 8.6773e-04
[GPU 0] [07:01:29] [INFO] Train Loss: CORE: 2.95 CODE-LISP: 1.23 PAPERS-BIOLOGY: 3.08 PAPERS-CYBER: 3.41 PAPERS-NUCLEAR: 3.46 
[GPU 0] [07:02:07] [INFO] LR Scheduler: Group decay (step 16265)
[GPU 0] [07:03:53] [INFO] Step: 17000, LR: 5.1478e-04
[GPU 0] [07:03:53] [INFO] Train Loss: CORE: 2.77 CODE-LISP: 1.18 PAPERS-BIOLOGY: 3.06 PAPERS-CYBER: 3.35 PAPERS-NUCLEAR: 3.45 
[GPU 0] [07:06:19] [INFO] Step: 18000, LR: 3.4584e-05
[GPU 0] [07:06:19] [INFO] Train Loss: CORE: 2.69 CODE-LISP: 1.13 PAPERS-BIOLOGY: 3.03 PAPERS-CYBER: 3.30 PAPERS-NUCLEAR: 3.41 
[GPU 0] [07:06:29] [INFO] Step: 18072, LR: 1.0000e-08
[GPU 0] [07:06:29] [INFO] Train Loss: CORE: 2.69 CODE-LISP: 1.12 PAPERS-BIOLOGY: 3.03 PAPERS-CYBER: 3.30 PAPERS-NUCLEAR: 3.41 
[GPU 0] [07:07:00] [INFO] ---- Begin Eval ----
[GPU 0] [07:07:00] [INFO] Data: core | Experts: ['core']
[GPU 0] [07:07:16] [INFO] loss: 2.21283150
[GPU 0] [07:07:16] [INFO] Data: code-lisp | Experts: ['core']
[GPU 0] [07:07:18] [INFO] loss: 1.64435768
[GPU 0] [07:07:18] [INFO] Data: papers-biology | Experts: ['core']
[GPU 0] [07:07:21] [INFO] loss: 2.88871527
[GPU 0] [07:07:21] [INFO] Data: papers-nuclear | Experts: ['core']
[GPU 0] [07:07:24] [INFO] loss: 3.20199680
[GPU 0] [07:07:24] [INFO] Data: papers-cyber | Experts: ['core']
[GPU 0] [07:07:26] [INFO] loss: 3.10368919
[GPU 0] [07:07:26] [INFO] ---- Begin Eval ----
[GPU 0] [07:07:26] [INFO] Data: core | Experts: ['code-lisp', 'core']
[GPU 0] [07:07:36] [INFO] loss: 2.21712255
[GPU 0] [07:07:36] [INFO] Data: code-lisp | Experts: ['code-lisp', 'core']
[GPU 0] [07:07:38] [INFO] loss: 1.12986112
[GPU 0] [07:07:38] [INFO] Data: papers-biology | Experts: ['code-lisp', 'core']
[GPU 0] [07:07:41] [INFO] loss: 2.89118910
[GPU 0] [07:07:41] [INFO] Data: papers-nuclear | Experts: ['code-lisp', 'core']
[GPU 0] [07:07:44] [INFO] loss: 3.20668387
[GPU 0] [07:07:44] [INFO] Data: papers-cyber | Experts: ['code-lisp', 'core']
[GPU 0] [07:07:47] [INFO] loss: 3.10742211
[GPU 0] [07:07:47] [INFO] ---- Begin Eval ----
[GPU 0] [07:07:47] [INFO] Data: core | Experts: ['core', 'papers-biology']
[GPU 0] [07:07:55] [INFO] loss: 2.21544647
[GPU 0] [07:07:55] [INFO] Data: code-lisp | Experts: ['core', 'papers-biology']
[GPU 0] [07:07:58] [INFO] loss: 1.64457464
[GPU 0] [07:07:58] [INFO] Data: papers-biology | Experts: ['core', 'papers-biology']
[GPU 0] [07:08:01] [INFO] loss: 2.81549501
[GPU 0] [07:08:01] [INFO] Data: papers-nuclear | Experts: ['core', 'papers-biology']
[GPU 0] [07:08:03] [INFO] loss: 3.19930553
[GPU 0] [07:08:03] [INFO] Data: papers-cyber | Experts: ['core', 'papers-biology']
[GPU 0] [07:08:06] [INFO] loss: 3.10707498
[GPU 0] [07:08:06] [INFO] ---- Begin Eval ----
[GPU 0] [07:08:06] [INFO] Data: core | Experts: ['core', 'papers-nuclear']
[GPU 0] [07:08:15] [INFO] loss: 2.21623945
[GPU 0] [07:08:15] [INFO] Data: code-lisp | Experts: ['core', 'papers-nuclear']
[GPU 0] [07:08:17] [INFO] loss: 1.64249134
[GPU 0] [07:08:17] [INFO] Data: papers-biology | Experts: ['core', 'papers-nuclear']
[GPU 0] [07:08:20] [INFO] loss: 2.88476562
[GPU 0] [07:08:20] [INFO] Data: papers-nuclear | Experts: ['core', 'papers-nuclear']
[GPU 0] [07:08:23] [INFO] loss: 3.12591147
[GPU 0] [07:08:23] [INFO] Data: papers-cyber | Experts: ['core', 'papers-nuclear']
[GPU 0] [07:08:25] [INFO] loss: 3.10386276
[GPU 0] [07:08:25] [INFO] ---- Begin Eval ----
[GPU 0] [07:08:25] [INFO] Data: core | Experts: ['core', 'papers-cyber']
[GPU 0] [07:08:34] [INFO] loss: 2.21156788
[GPU 0] [07:08:34] [INFO] Data: code-lisp | Experts: ['core', 'papers-cyber']
[GPU 0] [07:08:37] [INFO] loss: 1.64303398
[GPU 0] [07:08:37] [INFO] Data: papers-biology | Experts: ['core', 'papers-cyber']
[GPU 0] [07:08:40] [INFO] loss: 2.88828111
[GPU 0] [07:08:40] [INFO] Data: papers-nuclear | Experts: ['core', 'papers-cyber']
[GPU 0] [07:08:42] [INFO] loss: 3.20130229
[GPU 0] [07:08:42] [INFO] Data: papers-cyber | Experts: ['core', 'papers-cyber']
[GPU 0] [07:08:45] [INFO] loss: 3.05273461
[GPU 0] [07:08:48] [INFO] ROUTED - ADVERSARIAL FT START
[GPU 0] [07:08:49] [INFO] ---- Begin FT | Experts: ['core'] | Data: ['code-lisp'] ----
[GPU 0] [07:08:49] [DEBUG] num_seq: 512, num_rounds: 200, patience: 10
[GPU 0] [07:08:49] [DEBUG] local_x: torch.Size([64, 1024]), local_y: torch.Size([64, 1024]), num_steps: 3, per_gpu: 64, mbs_size: 27
[GPU 0] [07:08:58] [INFO] New best validation loss: 1.5618 @ step 0
[GPU 0] [07:09:06] [INFO] New best validation loss: 1.4989 @ step 1
[GPU 0] [07:09:14] [INFO] New best validation loss: 1.4532 @ step 2
[GPU 0] [07:09:23] [INFO] New best validation loss: 1.4185 @ step 3
[GPU 0] [07:09:31] [INFO] New best validation loss: 1.3900 @ step 4
[GPU 0] [07:09:40] [INFO] New best validation loss: 1.3637 @ step 5
[GPU 0] [07:09:48] [INFO] New best validation loss: 1.3390 @ step 6
[GPU 0] [07:09:56] [INFO] New best validation loss: 1.3171 @ step 7
[GPU 0] [07:10:04] [INFO] New best validation loss: 1.2985 @ step 8
[GPU 0] [07:10:16] [INFO] New best validation loss: 1.2833 @ step 9
[GPU 0] [07:10:24] [INFO] New best validation loss: 1.2708 @ step 10
[GPU 0] [07:10:33] [INFO] New best validation loss: 1.2599 @ step 11
[GPU 0] [07:10:41] [INFO] New best validation loss: 1.2507 @ step 12
[GPU 0] [07:10:50] [INFO] New best validation loss: 1.2419 @ step 13
[GPU 0] [07:10:58] [INFO] New best validation loss: 1.2331 @ step 14
[GPU 0] [07:11:06] [INFO] New best validation loss: 1.2248 @ step 15
[GPU 0] [07:11:14] [INFO] New best validation loss: 1.2171 @ step 16
[GPU 0] [07:11:23] [INFO] New best validation loss: 1.2107 @ step 17
[GPU 0] [07:11:31] [INFO] New best validation loss: 1.2052 @ step 18
[GPU 0] [07:11:39] [INFO] New best validation loss: 1.2010 @ step 19
[GPU 0] [07:11:47] [INFO] New best validation loss: 1.1970 @ step 20
[GPU 0] [07:11:56] [INFO] New best validation loss: 1.1927 @ step 21
[GPU 0] [07:12:04] [INFO] New best validation loss: 1.1890 @ step 22
[GPU 0] [07:12:12] [INFO] New best validation loss: 1.1847 @ step 23
[GPU 0] [07:12:22] [INFO] New best validation loss: 1.1821 @ step 24
[GPU 0] [07:12:30] [INFO] New best validation loss: 1.1797 @ step 25
[GPU 0] [07:12:38] [INFO] New best validation loss: 1.1784 @ step 26
[GPU 0] [07:12:46] [INFO] New best validation loss: 1.1769 @ step 27
[GPU 0] [07:12:54] [INFO] New best validation loss: 1.1757 @ step 28
[GPU 0] [07:13:03] [INFO] New best validation loss: 1.1745 @ step 29
[GPU 0] [07:13:11] [INFO] New best validation loss: 1.1736 @ step 30
[GPU 0] [07:13:20] [INFO] New best validation loss: 1.1731 @ step 31
[GPU 0] [07:13:28] [INFO] New best validation loss: 1.1729 @ step 32
[GPU 0] [07:15:00] [INFO] Stop FT @ 44: no val improvement for 10 steps
[GPU 0] [07:15:00] [INFO] Wrote stats.jsonl entries at FT step 32 
[GPU 0] [07:15:01] [INFO] ---- Begin FT | Experts: ['core'] | Data: ['papers-biology'] ----
[GPU 0] [07:15:01] [DEBUG] num_seq: 512, num_rounds: 200, patience: 10
[GPU 0] [07:15:01] [DEBUG] local_x: torch.Size([64, 1024]), local_y: torch.Size([64, 1024]), num_steps: 3, per_gpu: 64, mbs_size: 27
[GPU 0] [07:15:09] [INFO] New best validation loss: 2.8746 @ step 0
[GPU 0] [07:15:17] [INFO] New best validation loss: 2.8645 @ step 1
[GPU 0] [07:15:25] [INFO] New best validation loss: 2.8541 @ step 2
[GPU 0] [07:15:34] [INFO] New best validation loss: 2.8474 @ step 3
[GPU 0] [07:15:42] [INFO] New best validation loss: 2.8455 @ step 4
[GPU 0] [07:15:50] [INFO] New best validation loss: 2.8440 @ step 5
[GPU 0] [07:15:59] [INFO] New best validation loss: 2.8438 @ step 6
[GPU 0] [07:17:31] [INFO] Stop FT @ 18: no val improvement for 10 steps
[GPU 0] [07:17:31] [INFO] Wrote stats.jsonl entries at FT step 6 
[GPU 0] [07:17:32] [INFO] ---- Begin FT | Experts: ['core'] | Data: ['papers-cyber'] ----
[GPU 0] [07:17:32] [DEBUG] num_seq: 512, num_rounds: 200, patience: 10
[GPU 0] [07:17:32] [DEBUG] local_x: torch.Size([64, 1024]), local_y: torch.Size([64, 1024]), num_steps: 3, per_gpu: 64, mbs_size: 27
[GPU 0] [07:17:40] [INFO] New best validation loss: 3.1102 @ step 0
[GPU 0] [07:17:48] [INFO] New best validation loss: 3.0909 @ step 1
[GPU 0] [07:17:57] [INFO] New best validation loss: 3.0905 @ step 2
[GPU 0] [07:18:05] [INFO] New best validation loss: 3.0871 @ step 3
[GPU 0] [07:18:13] [INFO] New best validation loss: 3.0829 @ step 4
[GPU 0] [07:18:22] [INFO] New best validation loss: 3.0809 @ step 5
[GPU 0] [07:19:55] [INFO] Stop FT @ 17: no val improvement for 10 steps
[GPU 0] [07:19:55] [INFO] Wrote stats.jsonl entries at FT step 5 
[GPU 0] [07:19:55] [INFO] ---- Begin FT | Experts: ['core'] | Data: ['papers-nuclear'] ----
[GPU 0] [07:19:55] [DEBUG] num_seq: 512, num_rounds: 200, patience: 10
[GPU 0] [07:19:55] [DEBUG] local_x: torch.Size([64, 1024]), local_y: torch.Size([64, 1024]), num_steps: 3, per_gpu: 64, mbs_size: 27
[GPU 0] [07:20:06] [INFO] New best validation loss: 3.1935 @ step 0
[GPU 0] [07:20:17] [INFO] New best validation loss: 3.1733 @ step 1
[GPU 0] [07:20:25] [INFO] New best validation loss: 3.1681 @ step 2
[GPU 0] [07:20:34] [INFO] New best validation loss: 3.1646 @ step 3
[GPU 0] [07:20:42] [INFO] New best validation loss: 3.1614 @ step 4
[GPU 0] [07:20:51] [INFO] New best validation loss: 3.1584 @ step 5
[GPU 0] [07:21:00] [INFO] New best validation loss: 3.1578 @ step 6
[GPU 0] [07:22:32] [INFO] Stop FT @ 18: no val improvement for 10 steps
[GPU 0] [07:22:32] [INFO] Wrote stats.jsonl entries at FT step 6 
[GPU 0] [07:22:33] [INFO] ROUTED - ADVERSARIAL FT START
[GPU 0] [07:22:33] [INFO] ---- Begin FT | Experts: ['code-lisp', 'core'] | Data: ['papers-biology'] ----
[GPU 0] [07:22:33] [DEBUG] num_seq: 512, num_rounds: 200, patience: 10
[GPU 0] [07:22:33] [DEBUG] local_x: torch.Size([64, 1024]), local_y: torch.Size([64, 1024]), num_steps: 3, per_gpu: 64, mbs_size: 27
[GPU 0] [07:22:42] [INFO] New best validation loss: 2.8819 @ step 0
[GPU 0] [07:22:51] [INFO] New best validation loss: 2.8668 @ step 1
[GPU 0] [07:23:00] [INFO] New best validation loss: 2.8578 @ step 2
[GPU 0] [07:23:09] [INFO] New best validation loss: 2.8499 @ step 3
[GPU 0] [07:23:18] [INFO] New best validation loss: 2.8470 @ step 4
[GPU 0] [07:23:27] [INFO] New best validation loss: 2.8462 @ step 5
[GPU 0] [07:23:36] [INFO] New best validation loss: 2.8456 @ step 6
[GPU 0] [07:25:11] [INFO] Stop FT @ 18: no val improvement for 10 steps
[GPU 0] [07:25:11] [INFO] Wrote stats.jsonl entries at FT step 6 
[GPU 0] [07:25:12] [INFO] ---- Begin FT | Experts: ['code-lisp', 'core'] | Data: ['papers-cyber'] ----
[GPU 0] [07:25:12] [DEBUG] num_seq: 512, num_rounds: 200, patience: 10
[GPU 0] [07:25:12] [DEBUG] local_x: torch.Size([64, 1024]), local_y: torch.Size([64, 1024]), num_steps: 3, per_gpu: 64, mbs_size: 27
[GPU 0] [07:25:22] [INFO] New best validation loss: 3.1220 @ step 0
[GPU 0] [07:25:30] [INFO] New best validation loss: 3.0935 @ step 1
[GPU 0] [07:25:48] [INFO] New best validation loss: 3.0915 @ step 3
[GPU 0] [07:25:57] [INFO] New best validation loss: 3.0877 @ step 4
[GPU 0] [07:26:06] [INFO] New best validation loss: 3.0847 @ step 5
[GPU 0] [07:26:14] [INFO] New best validation loss: 3.0845 @ step 6
[GPU 0] [07:27:50] [INFO] Stop FT @ 18: no val improvement for 10 steps
[GPU 0] [07:27:50] [INFO] Wrote stats.jsonl entries at FT step 6 
[GPU 0] [07:27:51] [INFO] ---- Begin FT | Experts: ['code-lisp', 'core'] | Data: ['papers-nuclear'] ----
[GPU 0] [07:27:51] [DEBUG] num_seq: 512, num_rounds: 200, patience: 10
[GPU 0] [07:27:51] [DEBUG] local_x: torch.Size([64, 1024]), local_y: torch.Size([64, 1024]), num_steps: 3, per_gpu: 64, mbs_size: 27
[GPU 0] [07:28:00] [INFO] New best validation loss: 3.2006 @ step 0
[GPU 0] [07:28:09] [INFO] New best validation loss: 3.1769 @ step 1
[GPU 0] [07:28:17] [INFO] New best validation loss: 3.1714 @ step 2
[GPU 0] [07:28:26] [INFO] New best validation loss: 3.1680 @ step 3
[GPU 0] [07:28:35] [INFO] New best validation loss: 3.1642 @ step 4
[GPU 0] [07:28:44] [INFO] New best validation loss: 3.1615 @ step 5
[GPU 0] [07:28:52] [INFO] New best validation loss: 3.1599 @ step 6
[GPU 0] [07:30:35] [INFO] Stop FT @ 18: no val improvement for 10 steps
[GPU 0] [07:30:35] [INFO] Wrote stats.jsonl entries at FT step 6 
[GPU 0] [07:30:36] [INFO] ROUTED - ADVERSARIAL FT START
[GPU 0] [07:30:36] [INFO] ---- Begin FT | Experts: ['core', 'papers-biology'] | Data: ['code-lisp'] ----
[GPU 0] [07:30:36] [DEBUG] num_seq: 512, num_rounds: 200, patience: 10
[GPU 0] [07:30:36] [DEBUG] local_x: torch.Size([64, 1024]), local_y: torch.Size([64, 1024]), num_steps: 3, per_gpu: 64, mbs_size: 27
[GPU 0] [07:30:45] [INFO] New best validation loss: 1.5631 @ step 0
[GPU 0] [07:30:54] [INFO] New best validation loss: 1.4992 @ step 1
[GPU 0] [07:31:03] [INFO] New best validation loss: 1.4538 @ step 2
[GPU 0] [07:31:11] [INFO] New best validation loss: 1.4186 @ step 3
[GPU 0] [07:31:20] [INFO] New best validation loss: 1.3893 @ step 4
[GPU 0] [07:31:28] [INFO] New best validation loss: 1.3624 @ step 5
[GPU 0] [07:31:37] [INFO] New best validation loss: 1.3376 @ step 6
[GPU 0] [07:31:45] [INFO] New best validation loss: 1.3156 @ step 7
[GPU 0] [07:31:54] [INFO] New best validation loss: 1.2971 @ step 8
[GPU 0] [07:32:03] [INFO] New best validation loss: 1.2820 @ step 9
[GPU 0] [07:32:11] [INFO] New best validation loss: 1.2694 @ step 10
[GPU 0] [07:32:20] [INFO] New best validation loss: 1.2584 @ step 11
[GPU 0] [07:32:29] [INFO] New best validation loss: 1.2491 @ step 12
[GPU 0] [07:32:37] [INFO] New best validation loss: 1.2404 @ step 13
[GPU 0] [07:32:46] [INFO] New best validation loss: 1.2317 @ step 14
[GPU 0] [07:32:55] [INFO] New best validation loss: 1.2234 @ step 15
[GPU 0] [07:33:04] [INFO] New best validation loss: 1.2159 @ step 16
[GPU 0] [07:33:12] [INFO] New best validation loss: 1.2094 @ step 17
[GPU 0] [07:33:22] [INFO] New best validation loss: 1.2040 @ step 18
[GPU 0] [07:33:32] [INFO] New best validation loss: 1.1997 @ step 19
[GPU 0] [07:33:41] [INFO] New best validation loss: 1.1957 @ step 20
[GPU 0] [07:33:50] [INFO] New best validation loss: 1.1914 @ step 21
[GPU 0] [07:33:58] [INFO] New best validation loss: 1.1874 @ step 22
[GPU 0] [07:34:07] [INFO] New best validation loss: 1.1838 @ step 23
[GPU 0] [07:34:16] [INFO] New best validation loss: 1.1809 @ step 24
[GPU 0] [07:34:25] [INFO] New best validation loss: 1.1789 @ step 25
[GPU 0] [07:34:33] [INFO] New best validation loss: 1.1776 @ step 26
[GPU 0] [07:34:42] [INFO] New best validation loss: 1.1763 @ step 27
[GPU 0] [07:34:51] [INFO] New best validation loss: 1.1751 @ step 28
[GPU 0] [07:35:00] [INFO] New best validation loss: 1.1738 @ step 29
[GPU 0] [07:35:08] [INFO] New best validation loss: 1.1729 @ step 30
[GPU 0] [07:35:17] [INFO] New best validation loss: 1.1725 @ step 31
[GPU 0] [07:35:26] [INFO] New best validation loss: 1.1724 @ step 32
[GPU 0] [07:37:02] [INFO] Stop FT @ 44: no val improvement for 10 steps
[GPU 0] [07:37:02] [INFO] Wrote stats.jsonl entries at FT step 32 
[GPU 0] [07:37:03] [INFO] ---- Begin FT | Experts: ['core', 'papers-biology'] | Data: ['papers-cyber'] ----
[GPU 0] [07:37:03] [DEBUG] num_seq: 512, num_rounds: 200, patience: 10
[GPU 0] [07:37:03] [DEBUG] local_x: torch.Size([64, 1024]), local_y: torch.Size([64, 1024]), num_steps: 3, per_gpu: 64, mbs_size: 27
[GPU 0] [07:37:12] [INFO] New best validation loss: 3.1067 @ step 0
[GPU 0] [07:37:22] [INFO] New best validation loss: 3.0946 @ step 1
[GPU 0] [07:37:30] [INFO] New best validation loss: 3.0879 @ step 2
[GPU 0] [07:37:39] [INFO] New best validation loss: 3.0842 @ step 3
[GPU 0] [07:37:47] [INFO] New best validation loss: 3.0812 @ step 4
[GPU 0] [07:37:56] [INFO] New best validation loss: 3.0803 @ step 5
[GPU 0] [07:39:33] [INFO] Stop FT @ 17: no val improvement for 10 steps
[GPU 0] [07:39:33] [INFO] Wrote stats.jsonl entries at FT step 5 
[GPU 0] [07:39:34] [INFO] ---- Begin FT | Experts: ['core', 'papers-biology'] | Data: ['papers-nuclear'] ----
[GPU 0] [07:39:34] [DEBUG] num_seq: 512, num_rounds: 200, patience: 10
[GPU 0] [07:39:34] [DEBUG] local_x: torch.Size([64, 1024]), local_y: torch.Size([64, 1024]), num_steps: 3, per_gpu: 64, mbs_size: 27
[GPU 0] [07:39:44] [INFO] New best validation loss: 3.1909 @ step 0
[GPU 0] [07:39:53] [INFO] New best validation loss: 3.1720 @ step 1
[GPU 0] [07:40:01] [INFO] New best validation loss: 3.1673 @ step 2
[GPU 0] [07:40:14] [INFO] New best validation loss: 3.1638 @ step 3
[GPU 0] [07:40:23] [INFO] New best validation loss: 3.1598 @ step 4
[GPU 0] [07:40:32] [INFO] New best validation loss: 3.1573 @ step 5
[GPU 0] [07:40:40] [INFO] New best validation loss: 3.1570 @ step 6
[GPU 0] [07:42:15] [INFO] Stop FT @ 18: no val improvement for 10 steps
[GPU 0] [07:42:15] [INFO] Wrote stats.jsonl entries at FT step 6 
[GPU 0] [07:42:16] [INFO] ROUTED - ADVERSARIAL FT START
[GPU 0] [07:42:17] [INFO] ---- Begin FT | Experts: ['core', 'papers-nuclear'] | Data: ['code-lisp'] ----
[GPU 0] [07:42:17] [DEBUG] num_seq: 512, num_rounds: 200, patience: 10
[GPU 0] [07:42:17] [DEBUG] local_x: torch.Size([64, 1024]), local_y: torch.Size([64, 1024]), num_steps: 3, per_gpu: 64, mbs_size: 27
[GPU 0] [07:42:25] [INFO] New best validation loss: 1.5622 @ step 0
[GPU 0] [07:42:35] [INFO] New best validation loss: 1.4974 @ step 1
[GPU 0] [07:42:43] [INFO] New best validation loss: 1.4517 @ step 2
[GPU 0] [07:42:52] [INFO] New best validation loss: 1.4173 @ step 3
[GPU 0] [07:43:01] [INFO] New best validation loss: 1.3886 @ step 4
[GPU 0] [07:43:10] [INFO] New best validation loss: 1.3616 @ step 5
[GPU 0] [07:43:19] [INFO] New best validation loss: 1.3366 @ step 6
[GPU 0] [07:43:27] [INFO] New best validation loss: 1.3144 @ step 7
[GPU 0] [07:43:36] [INFO] New best validation loss: 1.2959 @ step 8
[GPU 0] [07:43:45] [INFO] New best validation loss: 1.2809 @ step 9
[GPU 0] [07:43:53] [INFO] New best validation loss: 1.2684 @ step 10
[GPU 0] [07:44:02] [INFO] New best validation loss: 1.2578 @ step 11
[GPU 0] [07:44:10] [INFO] New best validation loss: 1.2488 @ step 12
[GPU 0] [07:44:20] [INFO] New best validation loss: 1.2398 @ step 13
[GPU 0] [07:44:29] [INFO] New best validation loss: 1.2310 @ step 14
[GPU 0] [07:44:37] [INFO] New best validation loss: 1.2228 @ step 15
[GPU 0] [07:44:46] [INFO] New best validation loss: 1.2153 @ step 16
[GPU 0] [07:44:54] [INFO] New best validation loss: 1.2088 @ step 17
[GPU 0] [07:45:03] [INFO] New best validation loss: 1.2039 @ step 18
[GPU 0] [07:45:12] [INFO] New best validation loss: 1.1995 @ step 19
[GPU 0] [07:45:22] [INFO] New best validation loss: 1.1957 @ step 20
[GPU 0] [07:45:31] [INFO] New best validation loss: 1.1912 @ step 21
[GPU 0] [07:45:39] [INFO] New best validation loss: 1.1872 @ step 22
[GPU 0] [07:45:47] [INFO] New best validation loss: 1.1836 @ step 23
[GPU 0] [07:45:56] [INFO] New best validation loss: 1.1807 @ step 24
[GPU 0] [07:46:04] [INFO] New best validation loss: 1.1788 @ step 25
[GPU 0] [07:46:12] [INFO] New best validation loss: 1.1774 @ step 26
[GPU 0] [07:46:21] [INFO] New best validation loss: 1.1758 @ step 27
[GPU 0] [07:46:30] [INFO] New best validation loss: 1.1746 @ step 28
[GPU 0] [07:46:38] [INFO] New best validation loss: 1.1733 @ step 29
[GPU 0] [07:46:47] [INFO] New best validation loss: 1.1725 @ step 30
[GPU 0] [07:46:56] [INFO] New best validation loss: 1.1720 @ step 31
[GPU 0] [07:48:33] [INFO] Stop FT @ 43: no val improvement for 10 steps
[GPU 0] [07:48:33] [INFO] Wrote stats.jsonl entries at FT step 31 
[GPU 0] [07:48:34] [INFO] ---- Begin FT | Experts: ['core', 'papers-nuclear'] | Data: ['papers-biology'] ----
[GPU 0] [07:48:34] [DEBUG] num_seq: 512, num_rounds: 200, patience: 10
[GPU 0] [07:48:34] [DEBUG] local_x: torch.Size([64, 1024]), local_y: torch.Size([64, 1024]), num_steps: 3, per_gpu: 64, mbs_size: 27
[GPU 0] [07:48:42] [INFO] New best validation loss: 2.8779 @ step 0
[GPU 0] [07:48:51] [INFO] New best validation loss: 2.8659 @ step 1
[GPU 0] [07:48:59] [INFO] New best validation loss: 2.8552 @ step 2
[GPU 0] [07:49:07] [INFO] New best validation loss: 2.8472 @ step 3
[GPU 0] [07:49:16] [INFO] New best validation loss: 2.8458 @ step 4
[GPU 0] [07:49:24] [INFO] New best validation loss: 2.8451 @ step 5
[GPU 0] [07:49:33] [INFO] New best validation loss: 2.8449 @ step 6
[GPU 0] [07:51:14] [INFO] Stop FT @ 18: no val improvement for 10 steps
[GPU 0] [07:51:14] [INFO] Wrote stats.jsonl entries at FT step 6 
[GPU 0] [07:51:15] [INFO] ---- Begin FT | Experts: ['core', 'papers-nuclear'] | Data: ['papers-cyber'] ----
[GPU 0] [07:51:15] [DEBUG] num_seq: 512, num_rounds: 200, patience: 10
[GPU 0] [07:51:15] [DEBUG] local_x: torch.Size([64, 1024]), local_y: torch.Size([64, 1024]), num_steps: 3, per_gpu: 64, mbs_size: 27
[GPU 0] [07:51:25] [INFO] New best validation loss: 3.1079 @ step 0
[GPU 0] [07:51:34] [INFO] New best validation loss: 3.0905 @ step 1
[GPU 0] [07:51:43] [INFO] New best validation loss: 3.0837 @ step 2
[GPU 0] [07:51:52] [INFO] New best validation loss: 3.0803 @ step 3
[GPU 0] [07:52:01] [INFO] New best validation loss: 3.0777 @ step 4
[GPU 0] [07:52:09] [INFO] New best validation loss: 3.0766 @ step 5
[GPU 0] [07:53:44] [INFO] Stop FT @ 17: no val improvement for 10 steps
[GPU 0] [07:53:44] [INFO] Wrote stats.jsonl entries at FT step 5 
[GPU 0] [07:53:45] [INFO] ROUTED - ADVERSARIAL FT START
[GPU 0] [07:53:45] [INFO] ---- Begin FT | Experts: ['core', 'papers-cyber'] | Data: ['code-lisp'] ----
[GPU 0] [07:53:45] [DEBUG] num_seq: 512, num_rounds: 200, patience: 10
[GPU 0] [07:53:45] [DEBUG] local_x: torch.Size([64, 1024]), local_y: torch.Size([64, 1024]), num_steps: 3, per_gpu: 64, mbs_size: 27
[GPU 0] [07:53:54] [INFO] New best validation loss: 1.5606 @ step 0
[GPU 0] [07:54:03] [INFO] New best validation loss: 1.4966 @ step 1
[GPU 0] [07:54:12] [INFO] New best validation loss: 1.4515 @ step 2
[GPU 0] [07:54:22] [INFO] New best validation loss: 1.4167 @ step 3
[GPU 0] [07:54:31] [INFO] New best validation loss: 1.3877 @ step 4
[GPU 0] [07:54:39] [INFO] New best validation loss: 1.3610 @ step 5
[GPU 0] [07:54:48] [INFO] New best validation loss: 1.3354 @ step 6
[GPU 0] [07:54:57] [INFO] New best validation loss: 1.3135 @ step 7
[GPU 0] [07:55:06] [INFO] New best validation loss: 1.2952 @ step 8
[GPU 0] [07:55:15] [INFO] New best validation loss: 1.2806 @ step 9
[GPU 0] [07:55:24] [INFO] New best validation loss: 1.2682 @ step 10
[GPU 0] [07:55:33] [INFO] New best validation loss: 1.2577 @ step 11
[GPU 0] [07:55:41] [INFO] New best validation loss: 1.2484 @ step 12
[GPU 0] [07:55:50] [INFO] New best validation loss: 1.2393 @ step 13
[GPU 0] [07:55:58] [INFO] New best validation loss: 1.2307 @ step 14
[GPU 0] [07:56:07] [INFO] New best validation loss: 1.2223 @ step 15
[GPU 0] [07:56:15] [INFO] New best validation loss: 1.2150 @ step 16
[GPU 0] [07:56:24] [INFO] New best validation loss: 1.2089 @ step 17
[GPU 0] [07:56:33] [INFO] New best validation loss: 1.2037 @ step 18
[GPU 0] [07:56:42] [INFO] New best validation loss: 1.1993 @ step 19
[GPU 0] [07:56:51] [INFO] New best validation loss: 1.1953 @ step 20
[GPU 0] [07:57:00] [INFO] New best validation loss: 1.1908 @ step 21
[GPU 0] [07:57:09] [INFO] New best validation loss: 1.1864 @ step 22
[GPU 0] [07:57:17] [INFO] New best validation loss: 1.1831 @ step 23
[GPU 0] [07:57:25] [INFO] New best validation loss: 1.1804 @ step 24
[GPU 0] [07:57:34] [INFO] New best validation loss: 1.1788 @ step 25
[GPU 0] [07:57:42] [INFO] New best validation loss: 1.1775 @ step 26
[GPU 0] [07:57:51] [INFO] New best validation loss: 1.1761 @ step 27
[GPU 0] [07:58:00] [INFO] New best validation loss: 1.1747 @ step 28
[GPU 0] [07:58:09] [INFO] New best validation loss: 1.1733 @ step 29
[GPU 0] [07:58:17] [INFO] New best validation loss: 1.1727 @ step 30
[GPU 0] [07:58:26] [INFO] New best validation loss: 1.1724 @ step 31
[GPU 0] [07:58:35] [INFO] New best validation loss: 1.1723 @ step 32
[GPU 0] [08:00:15] [INFO] Stop FT @ 44: no val improvement for 10 steps
[GPU 0] [08:00:15] [INFO] Wrote stats.jsonl entries at FT step 32 
[GPU 0] [08:00:16] [INFO] ---- Begin FT | Experts: ['core', 'papers-cyber'] | Data: ['papers-biology'] ----
[GPU 0] [08:00:16] [DEBUG] num_seq: 512, num_rounds: 200, patience: 10
[GPU 0] [08:00:16] [DEBUG] local_x: torch.Size([64, 1024]), local_y: torch.Size([64, 1024]), num_steps: 3, per_gpu: 64, mbs_size: 27
[GPU 0] [08:00:25] [INFO] New best validation loss: 2.8793 @ step 0
[GPU 0] [08:00:34] [INFO] New best validation loss: 2.8670 @ step 1
[GPU 0] [08:00:42] [INFO] New best validation loss: 2.8559 @ step 2
[GPU 0] [08:00:51] [INFO] New best validation loss: 2.8481 @ step 3
[GPU 0] [08:01:00] [INFO] New best validation loss: 2.8461 @ step 4
[GPU 0] [08:01:09] [INFO] New best validation loss: 2.8450 @ step 5
[GPU 0] [08:01:17] [INFO] New best validation loss: 2.8444 @ step 6
[GPU 0] [08:02:54] [INFO] Stop FT @ 18: no val improvement for 10 steps
[GPU 0] [08:02:54] [INFO] Wrote stats.jsonl entries at FT step 6 
[GPU 0] [08:02:55] [INFO] ---- Begin FT | Experts: ['core', 'papers-cyber'] | Data: ['papers-nuclear'] ----
[GPU 0] [08:02:55] [DEBUG] num_seq: 512, num_rounds: 200, patience: 10
[GPU 0] [08:02:55] [DEBUG] local_x: torch.Size([64, 1024]), local_y: torch.Size([64, 1024]), num_steps: 3, per_gpu: 64, mbs_size: 27
[GPU 0] [08:03:04] [INFO] New best validation loss: 3.1961 @ step 0
[GPU 0] [08:03:13] [INFO] New best validation loss: 3.1736 @ step 1
[GPU 0] [08:03:22] [INFO] New best validation loss: 3.1670 @ step 2
[GPU 0] [08:03:32] [INFO] New best validation loss: 3.1634 @ step 3
[GPU 0] [08:03:41] [INFO] New best validation loss: 3.1602 @ step 4
[GPU 0] [08:03:49] [INFO] New best validation loss: 3.1576 @ step 5
[GPU 0] [08:03:58] [INFO] New best validation loss: 3.1568 @ step 6
[GPU 0] [08:05:33] [INFO] Stop FT @ 18: no val improvement for 10 steps
[GPU 0] [08:05:33] [INFO] Wrote stats.jsonl entries at FT step 6 
[GPU 0] [08:05:38] [INFO] ----------------------------------------
[GPU 0] [08:05:38] [INFO] Finished. See /workspace/gradient-routing/experiments/AGI-1699-New-Dataset-Runs/results/scaling/realistic/grmoe/200M/seed_1/20260422062227384468
