[GPU 0] [23:30:00] [INFO] Number of GPUs: 32
[GPU 0] [23:30:01] [INFO] Tokenizer vocabulary: 50257
[GPU 0] [23:30:01] [INFO] Set model vocab size to nearest multiple of 64 of tokenizer size: 50304
[GPU 0] [23:30:33] [INFO] target effective batch size: 2770, actual effective batch size: 2752, micro batch size: 2, accumulation steps: 43, num gpus: 32
[GPU 0] [23:30:33] [INFO] core total number of tokens: 124693822984
[GPU 0] [23:30:33] [INFO] Baseline model has 4,967,743,104 parameters
[GPU 0] [23:30:33] [INFO] core: chinchilla optimal tokens: 99,354,862,080, requested proportion: 1.0000, requested number of tokens: 99,354,862,080.0, 
[GPU 0] [23:30:33] [INFO] aux total number of tokens: 4835776549
[GPU 0] [23:30:33] [INFO] Baseline model has 4,967,743,104 parameters
[GPU 0] [23:30:33] [INFO] aux: chinchilla optimal tokens: 99,354,862,080, requested proportion: 0.0100, requested number of tokens: 993,548,620.8000001, 
[GPU 0] [23:30:33] [DEBUG] Saved config to /workspace/gradient-routing/experiments/AGI-1699-New-Dataset-Runs/results/scaling/realistic/filtering/5B/seed_1/20260421232952917730/config.json
[GPU 0] [23:30:33] [DEBUG] {
    "stages": [
        {
            "name": "filtering",
            "num_checkpoints": 100,
            "lr": 0.00032221152797331777,
            "res_dir": "/workspace/gradient-routing/experiments/AGI-1699-New-Dataset-Runs/results/scaling/realistic/filtering/5B/seed_1/20260421232952917730/filtering",
            "do_eval": true,
            "do_sample": false,
            "num_train_evals": 0,
            "do_elicit": true,
            "elicit_eval_prc": 0.5,
            "elicit_num_evals": 100,
            "retain_targets": [
                [
                    "core",
                    "papers-biology"
                ]
            ]
        }
    ],
    "model": {
        "arch": "base",
        "tokenizer": "GPT2Tokenizer(name_or_path='EleutherAI/gpt-neo-125M', vocab_size=50257, model_max_length=2048, padding_side='right', truncation_side='right', special_tokens={'bos_token': '<|endoftext|>', 'eos_token': '<|endoftext|>', 'unk_token': '<|endoftext|>'}, added_tokens_decoder={\n\t50256: AddedToken(\"<|endoftext|>\", rstrip=False, lstrip=False, single_word=False, normalized=True, special=True),\n}\n)",
        "ctx_len": 1024,
        "vocab_size": 50304,
        "num_layers": 47,
        "num_heads": 8,
        "num_key_value": 2,
        "attn_bias": true,
        "eos_token_id": 50256,
        "embed_dim": 3072,
        "mlp_dim": 12288
    },
    "data": {
        "dirs": [
            "/workspace/gradient-routing/experiments/AGI-1699-New-Dataset-Runs/src/data/fineweb",
            "/workspace/gradient-routing/experiments/AGI-1699-New-Dataset-Runs/src/data/code",
            "/workspace/gradient-routing/experiments/AGI-1699-New-Dataset-Runs/src/data/papers"
        ],
        "core": {
            "labels": [
                "fineweb",
                "code-other",
                "papers-other"
            ],
            "method": "optimal",
            "limit": 1.0,
            "dist": {
                "fineweb": 0.84,
                "code-other": 0.15,
                "papers-other": 0.01
            },
            "num_tok": 99354862080.0
        },
        "aux": {
            "labels": [
                "code-lisp",
                "papers-biology",
                "papers-nuclear",
                "papers-cyber"
            ],
            "method": "optimal",
            "limit": 0.01,
            "dist": {
                "code-lisp": 0.25,
                "papers-biology": 0.25,
                "papers-nuclear": 0.25,
                "papers-cyber": 0.25
            },
            "num_tok": 993548620.8000001
        }
    },
    "run": {
        "target_effective_batch_size": 2770,
        "effective_batch_size": 2752,
        "micro_batch_size": 2,
        "accumulation_steps": 43,
        "max_num_test_sequences": 10000,
        "eval_all_labels": false,
        "micro_batch_anchors": [
            [
                400000000.0,
                23
            ],
            [
                5000000000.0,
                2
            ]
        ],
        "epochs": 1,
        "adam_betas": [
            0.9,
            0.95
        ],
        "warmup_prc": 0.02,
        "decay_prc": 0.1,
        "seed": 1,
        "compile": true,
        "is_ddp": true,
        "optimize_routed": true,
        "cleanup_distributed": true,
        "log_level": "DEBUG",
        "num_gpus": 32,
        "process_id": 0,
        "num_base_params": 4967743104,
        "device": "cuda",
        "logger": "<Logger training_20260421232952917730 (DEBUG)>",
        "labels": [
            "core",
            "code-lisp",
            "papers-biology",
            "papers-cyber",
            "papers-nuclear"
        ],
        "loaders": {
            "code-lisp": {
                "train": "SingleDataLoader(code-lisp_train_001.bin, len=3790)",
                "test": "InterleavedDataLoader(len=172)"
            },
            "code-other": {
                "train": "InterleavedDataLoader(len=227405)",
                "test": "InterleavedDataLoader(len=172)"
            },
            "fineweb": {
                "train": "InterleavedDataLoader(len=1273469)",
                "test": "InterleavedDataLoader(len=172)"
            },
            "papers-biology": {
                "train": "SingleDataLoader(papers-biology_train.bin, len=3790)",
                "test": "SingleDataLoader(papers-biology_test.bin, len=172)"
            },
            "papers-cyber": {
                "train": "SingleDataLoader(papers-cyber_train.bin, len=3790)",
                "test": "SingleDataLoader(papers-cyber_test.bin, len=172)"
            },
            "papers-nuclear": {
                "train": "SingleDataLoader(papers-nuclear_train.bin, len=3790)",
                "test": "SingleDataLoader(papers-nuclear_test.bin, len=172)"
            },
            "papers-other": {
                "train": "SingleDataLoader(papers-other_train.bin, len=15160)",
                "test": "SingleDataLoader(papers-other_test.bin, len=172)"
            },
            "core": {
                "train": "InterleavedDataLoader(len=1516034)",
                "test": "InterleavedDataLoader(len=516)"
            },
            "aux": {
                "train": "InterleavedDataLoader(len=15160)",
                "test": "InterleavedDataLoader(len=688)"
            },
            "all": {
                "train": "InterleavedDataLoader(len=1531194)",
                "test": "InterleavedDataLoader(len=1204)"
            }
        },
        "res_root": "/workspace/gradient-routing/experiments/AGI-1699-New-Dataset-Runs/results/scaling/realistic/filtering/5B/seed_1",
        "experiment_id": "20260421232952917730",
        "s3_bucket": "ae-gradient-routing-results",
        "s3_prefix": "scaling/realistic/filtering/5B/seed_1"
    }
}
[GPU 0] [23:30:33] [INFO] Loader code-lisp train: 3790, test: 172
[GPU 0] [23:30:33] [INFO] Loader code-other train: 227405, test: 172
[GPU 0] [23:30:33] [INFO] Loader fineweb train: 1273469, test: 172
[GPU 0] [23:30:33] [INFO] Loader papers-biology train: 3790, test: 172
[GPU 0] [23:30:33] [INFO] Loader papers-cyber train: 3790, test: 172
[GPU 0] [23:30:33] [INFO] Loader papers-nuclear train: 3790, test: 172
[GPU 0] [23:30:33] [INFO] Loader papers-other train: 15160, test: 172
[GPU 0] [23:30:33] [INFO] Loader core train: 1516034, test: 516
[GPU 0] [23:30:33] [INFO] Loader aux train: 15160, test: 688
[GPU 0] [23:30:33] [INFO] Loader all train: 1531194, test: 1204
[GPU 0] [23:30:33] [INFO] Stage [filtering] start: {"name": "filtering", "num_checkpoints": 100, "lr": 0.00032221152797331777, "res_dir": "/workspace/gradient-routing/experiments/AGI-1699-New-Dataset-Runs/results/scaling/realistic/filtering/5B/seed_1/20260421232952917730/filtering", "do_eval": true, "do_sample": false, "num_train_evals": 0, "do_elicit": true, "elicit_eval_prc": 0.5, "elicit_num_evals": 100, "retain_targets": [["core", "papers-biology"]]}
[GPU 0] [23:30:33] [INFO] FILTERING START
[GPU 0] [23:30:33] [INFO] Using stage-level retain_targets override (1 targets)
[GPU 0] [23:30:33] [INFO] Filtering: retaining ['core', 'papers-biology'], removing ['code-lisp', 'papers-cyber', 'papers-nuclear']
[GPU 0] [23:31:07] [INFO] Initialized BaseTransformer with 4,967,743,104 total parameters
[GPU 0] [23:31:07] [INFO] Compiling BaseTransformer with torch.compile...
[GPU 0] [23:31:08] [INFO] torch.compile done
[GPU 0] [23:31:19] [WARNING] restore_partial_state: no checkpoint found at /workspace/gradient-routing/experiments/AGI-1699-New-Dataset-Runs/results/scaling/realistic/filtering/5B/seed_1/20260421232952917730/filtering/core_papers-biology
[GPU 0] [23:31:19] [INFO] ---- Begin Train | Data Labels: ['core', 'papers-biology'] ----
[GPU 0] [23:31:19] [INFO] Batch [core] count: 35257
[GPU 0] [23:31:19] [INFO] Batch [papers-biology] count: 88
[GPU 0] [23:31:19] [INFO] warmup_steps: 707
[GPU 0] [23:31:19] [INFO] constant_steps: 31104
[GPU 0] [23:31:19] [INFO] decay_steps: 3534
[GPU 0] [23:31:19] [INFO] LR Scheduler: Warmup Start
[GPU 0] [23:33:03] [INFO] Step: 1, LR: 4.66e-07
[GPU 0] [23:33:03] [INFO] Train Loss: CORE: 11.40 CODE-LISP: nan PAPERS-BIOLOGY: nan PAPERS-CYBER: nan PAPERS-NUCLEAR: nan 
[GPU 0] [01:01:23] [INFO] LR Scheduler: Constant Start
[GPU 0] [01:34:44] [INFO] Step: 1000, LR: 3.22e-04
[GPU 0] [01:34:44] [INFO] Train Loss: CORE: 3.84 CODE-LISP: nan PAPERS-BIOLOGY: 5.27 PAPERS-CYBER: nan PAPERS-NUCLEAR: nan 
[GPU 0] [03:41:15] [INFO] Step: 2000, LR: 3.22e-04
[GPU 0] [03:41:15] [INFO] Train Loss: CORE: 2.37 CODE-LISP: nan PAPERS-BIOLOGY: 2.91 PAPERS-CYBER: nan PAPERS-NUCLEAR: nan 
[GPU 0] [05:48:16] [INFO] Step: 3000, LR: 3.22e-04
[GPU 0] [05:48:16] [INFO] Train Loss: CORE: 2.83 CODE-LISP: nan PAPERS-BIOLOGY: 3.32 PAPERS-CYBER: nan PAPERS-NUCLEAR: nan 
[GPU 0] [07:55:01] [INFO] Step: 4000, LR: 3.22e-04
[GPU 0] [07:55:01] [INFO] Train Loss: CORE: 2.24 CODE-LISP: nan PAPERS-BIOLOGY: 2.62 PAPERS-CYBER: nan PAPERS-NUCLEAR: nan 
[GPU 0] [10:02:04] [INFO] Step: 5000, LR: 3.22e-04
[GPU 0] [10:02:04] [INFO] Train Loss: CORE: 2.34 CODE-LISP: nan PAPERS-BIOLOGY: 2.48 PAPERS-CYBER: nan PAPERS-NUCLEAR: nan 
[GPU 0] [12:05:15] [INFO] Step: 6000, LR: 3.22e-04
[GPU 0] [12:05:15] [INFO] Train Loss: CORE: 2.21 CODE-LISP: nan PAPERS-BIOLOGY: 2.42 PAPERS-CYBER: nan PAPERS-NUCLEAR: nan 
[GPU 0] [14:12:46] [INFO] Step: 7000, LR: 3.22e-04
[GPU 0] [14:12:46] [INFO] Train Loss: CORE: 2.48 CODE-LISP: nan PAPERS-BIOLOGY: 2.48 PAPERS-CYBER: nan PAPERS-NUCLEAR: nan 
[GPU 0] [16:20:48] [INFO] Step: 8000, LR: 3.22e-04
[GPU 0] [16:20:48] [INFO] Train Loss: CORE: 2.44 CODE-LISP: nan PAPERS-BIOLOGY: 2.32 PAPERS-CYBER: nan PAPERS-NUCLEAR: nan 
[GPU 0] [18:30:17] [INFO] Step: 9000, LR: 3.22e-04
[GPU 0] [18:30:17] [INFO] Train Loss: CORE: 2.38 CODE-LISP: nan PAPERS-BIOLOGY: 2.32 PAPERS-CYBER: nan PAPERS-NUCLEAR: nan 
[GPU 0] [20:39:21] [INFO] Step: 10000, LR: 3.22e-04
[GPU 0] [20:39:21] [INFO] Train Loss: CORE: 2.14 CODE-LISP: nan PAPERS-BIOLOGY: 2.26 PAPERS-CYBER: nan PAPERS-NUCLEAR: nan 
[GPU 0] [22:48:04] [INFO] Step: 11000, LR: 3.22e-04
[GPU 0] [22:48:04] [INFO] Train Loss: CORE: 2.29 CODE-LISP: nan PAPERS-BIOLOGY: 2.33 PAPERS-CYBER: nan PAPERS-NUCLEAR: nan 
[GPU 0] [00:52:30] [INFO] Step: 12000, LR: 3.22e-04
[GPU 0] [00:52:30] [INFO] Train Loss: CORE: 2.01 CODE-LISP: nan PAPERS-BIOLOGY: 2.21 PAPERS-CYBER: nan PAPERS-NUCLEAR: nan 
[GPU 0] [03:00:47] [INFO] Step: 13000, LR: 3.22e-04
[GPU 0] [03:00:47] [INFO] Train Loss: CORE: 2.29 CODE-LISP: nan PAPERS-BIOLOGY: 2.09 PAPERS-CYBER: nan PAPERS-NUCLEAR: nan 
[GPU 0] [05:10:11] [INFO] Step: 14000, LR: 3.22e-04
[GPU 0] [05:10:11] [INFO] Train Loss: CORE: 2.18 CODE-LISP: nan PAPERS-BIOLOGY: 2.10 PAPERS-CYBER: nan PAPERS-NUCLEAR: nan 
[GPU 0] [07:19:10] [INFO] Step: 15000, LR: 3.22e-04
[GPU 0] [07:19:10] [INFO] Train Loss: CORE: 2.29 CODE-LISP: nan PAPERS-BIOLOGY: 2.09 PAPERS-CYBER: nan PAPERS-NUCLEAR: nan 
[GPU 0] [09:28:04] [INFO] Step: 16000, LR: 3.22e-04
[GPU 0] [09:28:04] [INFO] Train Loss: CORE: 2.06 CODE-LISP: nan PAPERS-BIOLOGY: 2.22 PAPERS-CYBER: nan PAPERS-NUCLEAR: nan 
[GPU 0] [11:36:13] [INFO] Step: 17000, LR: 3.22e-04
[GPU 0] [11:36:13] [INFO] Train Loss: CORE: 1.64 CODE-LISP: nan PAPERS-BIOLOGY: 2.22 PAPERS-CYBER: nan PAPERS-NUCLEAR: nan 
[GPU 0] [13:41:16] [INFO] Step: 18000, LR: 3.22e-04
[GPU 0] [13:41:16] [INFO] Train Loss: CORE: 2.47 CODE-LISP: nan PAPERS-BIOLOGY: 2.22 PAPERS-CYBER: nan PAPERS-NUCLEAR: nan 
[GPU 0] [15:49:57] [INFO] Step: 19000, LR: 3.22e-04
[GPU 0] [15:49:57] [INFO] Train Loss: CORE: 2.51 CODE-LISP: nan PAPERS-BIOLOGY: 2.13 PAPERS-CYBER: nan PAPERS-NUCLEAR: nan 
[GPU 0] [17:58:53] [INFO] Step: 20000, LR: 3.22e-04
[GPU 0] [17:58:53] [INFO] Train Loss: CORE: 2.17 CODE-LISP: nan PAPERS-BIOLOGY: 2.20 PAPERS-CYBER: nan PAPERS-NUCLEAR: nan 
[GPU 0] [20:08:00] [INFO] Step: 21000, LR: 3.22e-04
[GPU 0] [20:08:00] [INFO] Train Loss: CORE: 2.24 CODE-LISP: nan PAPERS-BIOLOGY: 2.20 PAPERS-CYBER: nan PAPERS-NUCLEAR: nan 
[GPU 0] [22:17:25] [INFO] Step: 22000, LR: 3.22e-04
[GPU 0] [22:17:25] [INFO] Train Loss: CORE: 2.55 CODE-LISP: nan PAPERS-BIOLOGY: 2.18 PAPERS-CYBER: nan PAPERS-NUCLEAR: nan 
[GPU 0] [00:29:07] [INFO] Step: 23000, LR: 3.22e-04
[GPU 0] [00:29:07] [INFO] Train Loss: CORE: 2.21 CODE-LISP: nan PAPERS-BIOLOGY: 2.21 PAPERS-CYBER: nan PAPERS-NUCLEAR: nan 
[GPU 0] [02:33:54] [INFO] Step: 24000, LR: 3.22e-04
[GPU 0] [02:33:54] [INFO] Train Loss: CORE: 2.30 CODE-LISP: nan PAPERS-BIOLOGY: 2.21 PAPERS-CYBER: nan PAPERS-NUCLEAR: nan 
[GPU 0] [04:43:21] [INFO] Step: 25000, LR: 3.22e-04
[GPU 0] [04:43:21] [INFO] Train Loss: CORE: 1.73 CODE-LISP: nan PAPERS-BIOLOGY: 2.13 PAPERS-CYBER: nan PAPERS-NUCLEAR: nan 
[GPU 0] [06:52:12] [INFO] Step: 26000, LR: 3.22e-04
[GPU 0] [06:52:12] [INFO] Train Loss: CORE: 2.50 CODE-LISP: nan PAPERS-BIOLOGY: 1.98 PAPERS-CYBER: nan PAPERS-NUCLEAR: nan 
[GPU 0] [09:01:37] [INFO] Step: 27000, LR: 3.22e-04
[GPU 0] [09:01:37] [INFO] Train Loss: CORE: 2.05 CODE-LISP: nan PAPERS-BIOLOGY: 2.14 PAPERS-CYBER: nan PAPERS-NUCLEAR: nan 
[GPU 0] [11:10:49] [INFO] Step: 28000, LR: 3.22e-04
[GPU 0] [11:10:49] [INFO] Train Loss: CORE: 2.31 CODE-LISP: nan PAPERS-BIOLOGY: 2.19 PAPERS-CYBER: nan PAPERS-NUCLEAR: nan 
[GPU 0] [13:20:04] [INFO] Step: 29000, LR: 3.22e-04
[GPU 0] [13:20:04] [INFO] Train Loss: CORE: 2.17 CODE-LISP: nan PAPERS-BIOLOGY: 2.08 PAPERS-CYBER: nan PAPERS-NUCLEAR: nan 
[GPU 0] [15:24:28] [INFO] Step: 30000, LR: 3.22e-04
[GPU 0] [15:24:28] [INFO] Train Loss: CORE: 2.41 CODE-LISP: nan PAPERS-BIOLOGY: 2.03 PAPERS-CYBER: nan PAPERS-NUCLEAR: nan 
[GPU 0] [17:37:05] [INFO] Step: 31000, LR: 3.22e-04
[GPU 0] [17:37:05] [INFO] Train Loss: CORE: 2.20 CODE-LISP: nan PAPERS-BIOLOGY: 2.08 PAPERS-CYBER: nan PAPERS-NUCLEAR: nan 
[GPU 0] [19:25:35] [INFO] LR Scheduler: Decay Start
[GPU 0] [19:47:30] [INFO] Step: 32000, LR: 3.05e-04
[GPU 0] [19:47:30] [INFO] Train Loss: CORE: 1.95 CODE-LISP: nan PAPERS-BIOLOGY: 2.04 PAPERS-CYBER: nan PAPERS-NUCLEAR: nan 
[GPU 0] [21:56:21] [INFO] Step: 33000, LR: 2.14e-04
[GPU 0] [21:56:21] [INFO] Train Loss: CORE: 2.23 CODE-LISP: nan PAPERS-BIOLOGY: 2.02 PAPERS-CYBER: nan PAPERS-NUCLEAR: nan 
[GPU 0] [00:05:43] [INFO] Step: 34000, LR: 1.23e-04
[GPU 0] [00:05:43] [INFO] Train Loss: CORE: 1.94 CODE-LISP: nan PAPERS-BIOLOGY: 1.91 PAPERS-CYBER: nan PAPERS-NUCLEAR: nan 
[GPU 0] [02:15:08] [INFO] Step: 35000, LR: 3.15e-05
[GPU 0] [02:15:08] [INFO] Train Loss: CORE: 2.24 CODE-LISP: nan PAPERS-BIOLOGY: 2.03 PAPERS-CYBER: nan PAPERS-NUCLEAR: nan 
[GPU 0] [02:59:30] [INFO] Step: 35345, LR: 1.00e-08
[GPU 0] [02:59:30] [INFO] Train Loss: CORE: 2.14 CODE-LISP: nan PAPERS-BIOLOGY: 2.07 PAPERS-CYBER: nan PAPERS-NUCLEAR: nan 
[GPU 0] [03:03:52] [INFO] ---- Begin Eval ----
[GPU 0] [03:03:52] [INFO] Data: core | Experts: None
[GPU 0] [03:05:07] [INFO] loss: 1.59235442
[GPU 0] [03:05:07] [INFO] Data: code-lisp | Experts: None
[GPU 0] [03:05:16] [INFO] loss: 1.16507638
[GPU 0] [03:05:16] [INFO] Data: papers-biology | Experts: None
[GPU 0] [03:05:24] [INFO] loss: 2.02914929
[GPU 0] [03:05:24] [INFO] Data: papers-nuclear | Experts: None
[GPU 0] [03:05:33] [INFO] loss: 2.51792884
[GPU 0] [03:05:33] [INFO] Data: papers-cyber | Experts: None
[GPU 0] [03:05:42] [INFO] loss: 2.38063216
[GPU 0] [03:06:24] [INFO] Initialized BaseTransformer with 4,967,743,104 total parameters
[GPU 0] [03:06:24] [INFO] Compiling BaseTransformer with torch.compile...
[GPU 0] [03:06:24] [INFO] torch.compile done
[GPU 0] [03:14:23] [INFO] FILTERING - ADVERSARIAL FT START
[GPU 0] [03:14:29] [INFO] ---- Begin FT | Experts: None | Data: ['code-lisp'] ----
[GPU 0] [03:14:29] [DEBUG] num_seq: 512, num_rounds: 200, patience: 10
[GPU 0] [03:14:29] [DEBUG] local_x: torch.Size([16, 1024]), local_y: torch.Size([16, 1024]), num_steps: 8, per_gpu: 16, mbs_size: 2
[GPU 0] [03:16:17] [INFO] New best validation loss: 1.3528 @ step 0
[GPU 0] [03:16:25] [INFO] New best validation loss: 1.2559 @ step 1
[GPU 0] [03:16:33] [INFO] New best validation loss: 1.1358 @ step 2
[GPU 0] [03:16:42] [INFO] New best validation loss: 1.0762 @ step 3
[GPU 0] [03:16:50] [INFO] New best validation loss: 1.0401 @ step 4
[GPU 0] [03:16:58] [INFO] New best validation loss: 1.0150 @ step 5
[GPU 0] [03:17:07] [INFO] New best validation loss: 0.9971 @ step 6
[GPU 0] [03:17:15] [INFO] New best validation loss: 0.9845 @ step 7
[GPU 0] [03:17:23] [INFO] New best validation loss: 0.9701 @ step 8
[GPU 0] [03:17:32] [INFO] New best validation loss: 0.9573 @ step 9
[GPU 0] [03:17:40] [INFO] New best validation loss: 0.9475 @ step 10
[GPU 0] [03:17:48] [INFO] New best validation loss: 0.9390 @ step 11
[GPU 0] [03:17:57] [INFO] New best validation loss: 0.9317 @ step 12
[GPU 0] [03:18:05] [INFO] New best validation loss: 0.9266 @ step 13
[GPU 0] [03:18:13] [INFO] New best validation loss: 0.9220 @ step 14
[GPU 0] [03:18:22] [INFO] New best validation loss: 0.9168 @ step 15
[GPU 0] [03:18:30] [INFO] New best validation loss: 0.9124 @ step 16
[GPU 0] [03:18:38] [INFO] New best validation loss: 0.9108 @ step 17
[GPU 0] [03:20:10] [INFO] Stop FT @ 29: no val improvement for 10 steps
[GPU 0] [03:20:10] [INFO] Wrote stats.jsonl entries at FT step 17 
[GPU 0] [03:20:18] [INFO] ---- Begin FT | Experts: None | Data: ['papers-cyber'] ----
[GPU 0] [03:20:18] [DEBUG] num_seq: 512, num_rounds: 200, patience: 10
[GPU 0] [03:20:18] [DEBUG] local_x: torch.Size([16, 1024]), local_y: torch.Size([16, 1024]), num_steps: 8, per_gpu: 16, mbs_size: 2
[GPU 0] [03:20:26] [INFO] New best validation loss: 2.5312 @ step 0
[GPU 0] [03:20:34] [INFO] New best validation loss: 2.4334 @ step 1
[GPU 0] [03:22:06] [INFO] Stop FT @ 13: no val improvement for 10 steps
[GPU 0] [03:22:06] [INFO] Wrote stats.jsonl entries at FT step 1 
[GPU 0] [03:22:13] [INFO] ---- Begin FT | Experts: None | Data: ['papers-nuclear'] ----
[GPU 0] [03:22:13] [DEBUG] num_seq: 512, num_rounds: 200, patience: 10
[GPU 0] [03:22:13] [DEBUG] local_x: torch.Size([16, 1024]), local_y: torch.Size([16, 1024]), num_steps: 8, per_gpu: 16, mbs_size: 2
[GPU 0] [03:22:21] [INFO] New best validation loss: 2.7422 @ step 0
[GPU 0] [03:22:29] [INFO] New best validation loss: 2.5745 @ step 1
[GPU 0] [03:22:38] [INFO] New best validation loss: 2.5559 @ step 2
[GPU 0] [03:24:10] [INFO] Stop FT @ 14: no val improvement for 10 steps
[GPU 0] [03:24:10] [INFO] Wrote stats.jsonl entries at FT step 2 
[GPU 0] [03:24:13] [INFO] ----------------------------------------
[GPU 0] [03:24:13] [INFO] Finished. See /workspace/gradient-routing/experiments/AGI-1699-New-Dataset-Runs/results/scaling/realistic/filtering/5B/seed_1/20260421232952917730
