[GPU 0] [00:59:36] [INFO] Git branch: AGI-1696-New-Dataset-Runs_ethan, commit: 4a9f09a860bda1bcbe9032df8354ea8f49da5916
[GPU 0] [00:59:36] [INFO] Number of GPUs: 8
[GPU 0] [00:59:37] [INFO] Tokenizer vocabulary: 50257
[GPU 0] [00:59:37] [INFO] Set model vocab size to nearest multiple of 64 of tokenizer size: 50304
[GPU 0] [00:59:52] [INFO] target effective batch size: 641, actual effective batch size: 672, micro batch size: 12, accumulation steps: 7, num gpus: 8
[GPU 0] [00:59:52] [INFO] core total number of tokens: 66749057569
[GPU 0] [00:59:52] [INFO] Baseline model has 806,509,504 parameters
[GPU 0] [00:59:52] [INFO] core: chinchilla optimal tokens: 16,130,190,080, requested proportion: 1.0000, requested number of tokens: 16,130,190,080.0, 
[GPU 0] [00:59:52] [INFO] aux total number of tokens: 4835776549
[GPU 0] [00:59:52] [INFO] Baseline model has 806,509,504 parameters
[GPU 0] [00:59:52] [INFO] aux: chinchilla optimal tokens: 16,130,190,080, requested proportion: 0.0100, requested number of tokens: 161,301,900.8, 
[GPU 0] [00:59:52] [DEBUG] Saved config to /workspace-vast/ethanr/gradient-routing/experiments/AGI-1699-New-Dataset-Runs/results/scaling/realistic/grmoe/800M/seed_3/20260518005918805731/config.json
[GPU 0] [00:59:52] [DEBUG] {
    "stages": [
        {
            "name": "routed",
            "num_checkpoints": -1,
            "lr": 0.0005663534909876918,
            "res_dir": "/workspace-vast/ethanr/gradient-routing/experiments/AGI-1699-New-Dataset-Runs/results/scaling/realistic/grmoe/800M/seed_3/20260518005918805731/routed",
            "acc_mode": "uniform",
            "do_eval": true,
            "do_sample": false,
            "num_train_evals": 0,
            "do_elicit": true,
            "elicit_eval_prc": 0.5,
            "elicit_num_evals": 100,
            "retain_targets": null,
            "model": {
                "arch": "moe",
                "tokenizer": "GPT2Tokenizer(name_or_path='EleutherAI/gpt-neo-125M', vocab_size=50257, model_max_length=2048, padding_side='right', truncation_side='right', special_tokens={'bos_token': '<|endoftext|>', 'eos_token': '<|endoftext|>', 'unk_token': '<|endoftext|>'}, added_tokens_decoder={\n\t50256: AddedToken(\"<|endoftext|>\", rstrip=False, lstrip=False, single_word=False, normalized=True, special=True),\n}\n)",
                "ctx_len": 1024,
                "vocab_size": 50304,
                "num_layers": 24,
                "num_heads": 8,
                "num_key_value": 2,
                "attn_bias": true,
                "eos_token_id": 50256,
                "embed_dim": 1600,
                "mlp_dim": 6400,
                "core_param_prc": 1.0,
                "aux_param_prc": 0.1
            },
            "eval_arbsub": false,
            "label_prc": 1.0,
            "aux_factor": {
                "code-lisp": 4.0,
                "papers-biology": 3.0,
                "papers-nuclear": 3.0,
                "papers-cyber": 3.0
            },
            "robust_prc": 0.2,
            "aux_route_prc": 0.5,
            "equal_compute": true
        }
    ],
    "model": {
        "arch": "base",
        "tokenizer": "GPT2Tokenizer(name_or_path='EleutherAI/gpt-neo-125M', vocab_size=50257, model_max_length=2048, padding_side='right', truncation_side='right', special_tokens={'bos_token': '<|endoftext|>', 'eos_token': '<|endoftext|>', 'unk_token': '<|endoftext|>'}, added_tokens_decoder={\n\t50256: AddedToken(\"<|endoftext|>\", rstrip=False, lstrip=False, single_word=False, normalized=True, special=True),\n}\n)",
        "ctx_len": 1024,
        "vocab_size": 50304,
        "num_layers": 24,
        "num_heads": 8,
        "num_key_value": 2,
        "attn_bias": true,
        "eos_token_id": 50256,
        "embed_dim": 1600,
        "mlp_dim": 6400
    },
    "data": {
        "dirs": [
            "/workspace-vast/ethanr/gradient-routing/experiments/AGI-1699-New-Dataset-Runs/src/data/fineweb",
            "/workspace-vast/ethanr/gradient-routing/experiments/AGI-1699-New-Dataset-Runs/src/data/code",
            "/workspace-vast/ethanr/gradient-routing/experiments/AGI-1699-New-Dataset-Runs/src/data/papers"
        ],
        "core": {
            "labels": [
                "fineweb",
                "code-other",
                "papers-other"
            ],
            "method": "optimal",
            "limit": 1.0,
            "dist": {
                "fineweb": 0.84,
                "code-other": 0.15,
                "papers-other": 0.01
            },
            "num_tok": 16130190080.0
        },
        "aux": {
            "labels": [
                "code-lisp",
                "papers-biology",
                "papers-nuclear",
                "papers-cyber"
            ],
            "method": "optimal",
            "limit": 0.01,
            "dist": {
                "code-lisp": 0.25,
                "papers-biology": 0.25,
                "papers-nuclear": 0.25,
                "papers-cyber": 0.25
            },
            "num_tok": 161301900.8
        }
    },
    "run": {
        "target_effective_batch_size": 641,
        "effective_batch_size": 672,
        "micro_batch_size": 12,
        "accumulation_steps": 7,
        "max_num_test_sequences": 10000,
        "eval_all_labels": false,
        "micro_batch_anchors": [
            [
                400000000.0,
                23
            ],
            [
                5000000000.0,
                2
            ]
        ],
        "epochs": 1,
        "adam_betas": [
            0.9,
            0.95
        ],
        "warmup_prc": 0.02,
        "decay_prc": 0.1,
        "seed": 3,
        "compile": true,
        "find_unused_parameters": true,
        "is_ddp": true,
        "cleanup_distributed": false,
        "log_level": "DEBUG",
        "num_gpus": 8,
        "process_id": 0,
        "num_base_params": 806509504,
        "device": "cuda",
        "logger": "<Logger training_20260518005918805731 (DEBUG)>",
        "labels": [
            "core",
            "code-lisp",
            "papers-biology",
            "papers-cyber",
            "papers-nuclear"
        ],
        "loaders": {
            "code-lisp": {
                "train": "SingleDataLoader(code-lisp_train_001.bin, len=410)",
                "test": "InterleavedDataLoader(len=105)"
            },
            "code-other": {
                "train": "InterleavedDataLoader(len=24612)",
                "test": "InterleavedDataLoader(len=105)"
            },
            "fineweb": {
                "train": "InterleavedDataLoader(len=137831)",
                "test": "InterleavedDataLoader(len=105)"
            },
            "papers-biology": {
                "train": "SingleDataLoader(papers-biology_train.bin, len=410)",
                "test": "SingleDataLoader(papers-biology_test.bin, len=105)"
            },
            "papers-cyber": {
                "train": "SingleDataLoader(papers-cyber_train.bin, len=410)",
                "test": "SingleDataLoader(papers-cyber_test.bin, len=105)"
            },
            "papers-nuclear": {
                "train": "SingleDataLoader(papers-nuclear_train.bin, len=410)",
                "test": "SingleDataLoader(papers-nuclear_test.bin, len=105)"
            },
            "papers-other": {
                "train": "SingleDataLoader(papers-other_train.bin, len=1640)",
                "test": "SingleDataLoader(papers-other_test.bin, len=105)"
            },
            "core": {
                "train": "InterleavedDataLoader(len=164083)",
                "test": "InterleavedDataLoader(len=315)"
            },
            "aux": {
                "train": "InterleavedDataLoader(len=1640)",
                "test": "InterleavedDataLoader(len=420)"
            },
            "all": {
                "train": "InterleavedDataLoader(len=165723)",
                "test": "InterleavedDataLoader(len=735)"
            }
        },
        "res_root": "/workspace-vast/ethanr/gradient-routing/experiments/AGI-1699-New-Dataset-Runs/results/scaling/realistic/grmoe/800M/seed_3",
        "experiment_id": "20260518005918805731",
        "s3_bucket": "ae-gradient-routing-results",
        "s3_prefix": "scaling/realistic/grmoe/800M/seed_3"
    },
    "label_prc": 1.0
}
[GPU 0] [00:59:52] [INFO] Loader code-lisp train: 410, test: 105
[GPU 0] [00:59:52] [INFO] Loader code-other train: 24612, test: 105
[GPU 0] [00:59:52] [INFO] Loader fineweb train: 137831, test: 105
[GPU 0] [00:59:52] [INFO] Loader papers-biology train: 410, test: 105
[GPU 0] [00:59:52] [INFO] Loader papers-cyber train: 410, test: 105
[GPU 0] [00:59:52] [INFO] Loader papers-nuclear train: 410, test: 105
[GPU 0] [00:59:52] [INFO] Loader papers-other train: 1640, test: 105
[GPU 0] [00:59:52] [INFO] Loader core train: 164083, test: 315
[GPU 0] [00:59:52] [INFO] Loader aux train: 1640, test: 420
[GPU 0] [00:59:52] [INFO] Loader all train: 165723, test: 735
[GPU 0] [00:59:52] [INFO] Stage [routed] start: {"name": "routed", "num_checkpoints": -1, "lr": 0.0005663534909876918, "res_dir": "/workspace-vast/ethanr/gradient-routing/experiments/AGI-1699-New-Dataset-Runs/results/scaling/realistic/grmoe/800M/seed_3/20260518005918805731/routed", "acc_mode": "uniform", "do_eval": true, "do_sample": false, "num_train_evals": 0, "do_elicit": true, "elicit_eval_prc": 0.5, "elicit_num_evals": 100, "retain_targets": null, "model": {"arch": "moe", "tokenizer": "GPT2Tokenizer(name_or_path='EleutherAI/gpt-neo-125M', vocab_size=50257, model_max_length=2048, padding_side='right', truncation_side='right', special_tokens={'bos_token': '<|endoftext|>', 'eos_token': '<|endoftext|>', 'unk_token': '<|endoftext|>'}, added_tokens_decoder={\n\t50256: AddedToken(\"<|endoftext|>\", rstrip=False, lstrip=False, single_word=False, normalized=True, special=True),\n}\n)", "ctx_len": 1024, "vocab_size": 50304, "num_layers": 24, "num_heads": 8, "num_key_value": 2, "attn_bias": true, "eos_token_id": 50256, "embed_dim": 1600, "mlp_dim": 6400, "core_param_prc": 1.0, "aux_param_prc": 0.1}, "eval_arbsub": false, "label_prc": 1.0, "aux_factor": {"code-lisp": 4.0, "papers-biology": 3.0, "papers-nuclear": 3.0, "papers-cyber": 3.0}, "robust_prc": 0.2, "aux_route_prc": 0.5, "equal_compute": true}
[GPU 0] [00:59:52] [INFO] ROUTED START
[GPU 0] [01:00:28] [INFO] Initialized MoETransformer with 1,003,332,544 total parameters
[GPU 0] [01:00:28] [INFO]   Label 'core' has 806,509,504 parameters
[GPU 0] [01:00:28] [INFO]   Label 'code-lisp' has 49,205,760 parameters
[GPU 0] [01:00:28] [INFO]   Label 'papers-biology' has 49,205,760 parameters
[GPU 0] [01:00:28] [INFO]   Label 'papers-cyber' has 49,205,760 parameters
[GPU 0] [01:00:28] [INFO]   Label 'papers-nuclear' has 49,205,760 parameters
[GPU 0] [01:00:28] [INFO] Compiling MoETransformer with torch.compile...
[GPU 0] [01:00:32] [INFO] torch.compile done
[GPU 0] [01:00:33] [WARNING] restore_partial_state: no checkpoint found at /workspace-vast/ethanr/gradient-routing/experiments/AGI-1699-New-Dataset-Runs/results/scaling/realistic/grmoe/800M/seed_3/20260518005918805731/routed
[GPU 0] [01:00:33] [INFO] ---- Begin Routed Unordered (Alt) ----
[GPU 0] [01:00:34] [INFO] initial len_all: 165723, len_all_labeled: 165723, len_all_unlabeled: 0, len_ft: 37409, len_base: 128314, label_prc: 1.0
[GPU 0] [01:00:34] [INFO] compute-equal: -1840738275840.0 <= 0, must truncate training
[GPU 0] [01:00:34] [INFO] compute-equal: len_base: -1743 -> 126571, len_ft: -508 -> 36901, len_all_unlabeled: 0 -> 0
[GPU 0] [01:00:34] [INFO] Batch [('core', ('core',), ('core',))] count: 126571
[GPU 0] [01:00:34] [INFO] Batch [('code-lisp', ('core', 'code-lisp'), ('code-lisp',))] count: 1416
[GPU 0] [01:00:34] [INFO] Batch [('code-lisp', ('core', 'code-lisp'), ('core', 'code-lisp'))] count: 202
[GPU 0] [01:00:34] [INFO] Batch [('core', ('core', 'code-lisp'), ('core', 'code-lisp'))] count: 9736
[GPU 0] [01:00:34] [INFO] Batch [('core', ('core', 'papers-biology'), ('core', 'papers-biology'))] count: 7302
[GPU 0] [01:00:34] [INFO] Batch [('papers-biology', ('core', 'papers-biology'), ('core', 'papers-biology'))] count: 202
[GPU 0] [01:00:34] [INFO] Batch [('papers-biology', ('core', 'papers-biology'), ('papers-biology',))] count: 1011
[GPU 0] [01:00:34] [INFO] Batch [('core', ('core', 'papers-cyber'), ('core', 'papers-cyber'))] count: 7302
[GPU 0] [01:00:34] [INFO] Batch [('papers-cyber', ('core', 'papers-cyber'), ('core', 'papers-cyber'))] count: 202
[GPU 0] [01:00:34] [INFO] Batch [('papers-cyber', ('core', 'papers-cyber'), ('papers-cyber',))] count: 1011
[GPU 0] [01:00:34] [INFO] Batch [('core', ('core', 'papers-nuclear'), ('core', 'papers-nuclear'))] count: 7302
[GPU 0] [01:00:34] [INFO] Batch [('papers-nuclear', ('core', 'papers-nuclear'), ('core', 'papers-nuclear'))] count: 202
[GPU 0] [01:00:34] [INFO] Batch [('papers-nuclear', ('core', 'papers-nuclear'), ('papers-nuclear',))] count: 1011
[GPU 0] [01:00:34] [INFO] Batch group is empty (0 batches)
[GPU 0] [01:00:34] [INFO] 
len_all: 165723, len_all_labeled: 165723, len_all_unlabeled: 0,
len_base: 126571, len_ft: 36901,
len_core_for_ft: 31643, len_aux_for_ft: 5258,
aux_factor: {'code-lisp': 4.0, 'papers-biology': 3.0, 'papers-nuclear': 3.0, 'papers-cyber': 3.0}, robust_prc: 0.2,
aux_route_prc: 0.5, equal_compute: True
[GPU 0] [01:00:34] [INFO] count_by_label: {'core': 158213, 'code-lisp': 1618, 'papers-biology': 1213, 'papers-cyber': 1213, 'papers-nuclear': 1213}
[GPU 0] [01:00:34] [WARNING] len(batches) != expected, (163470 != 163472), 2 length difference
[GPU 0] [01:00:34] [INFO] ---- Begin Routed ----
[GPU 0] [01:00:34] [DEBUG] acc_mode: uniform
[GPU 0] [01:00:34] [INFO] LR schedule group 0: steps [0, 23352), warmup=467, constant=20550, decay=2335
[GPU 0] [01:00:34] [INFO] LR Scheduler: Group warmup (step 0)
[GPU 0] [01:00:34] [INFO] CUDA memory before training loop:
[GPU 0] [01:00:34] [INFO] |===========================================================================|
[GPU 0] [01:00:34] [INFO] |                  PyTorch CUDA memory summary, device ID 0                 |
[GPU 0] [01:00:34] [INFO] |---------------------------------------------------------------------------|
[GPU 0] [01:00:34] [INFO] |            CUDA OOMs: 0            |        cudaMalloc retries: 0         |
[GPU 0] [01:00:34] [INFO] |===========================================================================|
[GPU 0] [01:00:34] [INFO] |        Metric         | Cur Usage  | Peak Usage | Tot Alloc  | Tot Freed  |
[GPU 0] [01:00:34] [INFO] |---------------------------------------------------------------------------|
[GPU 0] [01:00:34] [INFO] | Allocated memory      |   4463 MiB |   4463 MiB |   6979 MiB |   2516 MiB |
[GPU 0] [01:00:34] [INFO] |       from large pool |   4462 MiB |   4462 MiB |   6978 MiB |   2515 MiB |
[GPU 0] [01:00:34] [INFO] |       from small pool |      1 MiB |      1 MiB |      1 MiB |      0 MiB |
[GPU 0] [01:00:34] [INFO] |---------------------------------------------------------------------------|
[GPU 0] [01:00:34] [INFO] | Active memory         |   4463 MiB |   4463 MiB |   6979 MiB |   2516 MiB |
[GPU 0] [01:00:34] [INFO] |       from large pool |   4462 MiB |   4462 MiB |   6978 MiB |   2515 MiB |
[GPU 0] [01:00:34] [INFO] |       from small pool |      1 MiB |      1 MiB |      1 MiB |      0 MiB |
[GPU 0] [01:00:34] [INFO] |---------------------------------------------------------------------------|
[GPU 0] [01:00:34] [INFO] | Requested memory      |   4427 MiB |   4427 MiB |   6941 MiB |   2514 MiB |
[GPU 0] [01:00:34] [INFO] |       from large pool |   4426 MiB |   4426 MiB |   6939 MiB |   2513 MiB |
[GPU 0] [01:00:34] [INFO] |       from small pool |      1 MiB |      1 MiB |      1 MiB |      0 MiB |
[GPU 0] [01:00:34] [INFO] |---------------------------------------------------------------------------|
[GPU 0] [01:00:34] [INFO] | GPU reserved memory   |   4750 MiB |   4750 MiB |   4750 MiB |      0 B   |
[GPU 0] [01:00:34] [INFO] |       from large pool |   4748 MiB |   4748 MiB |   4748 MiB |      0 B   |
[GPU 0] [01:00:34] [INFO] |       from small pool |      2 MiB |      2 MiB |      2 MiB |      0 B   |
[GPU 0] [01:00:34] [INFO] |---------------------------------------------------------------------------|
[GPU 0] [01:00:34] [INFO] | Non-releasable memory | 293428 KiB | 484023 KiB |   1512 MiB |   1225 MiB |
[GPU 0] [01:00:34] [INFO] |       from large pool | 292734 KiB | 483326 KiB |   1507 MiB |   1221 MiB |
[GPU 0] [01:00:34] [INFO] |       from small pool |    694 KiB |   2047 KiB |      4 MiB |      3 MiB |
[GPU 0] [01:00:34] [INFO] |---------------------------------------------------------------------------|
[GPU 0] [01:00:34] [INFO] | Allocations           |     744    |     747    |     784    |      40    |
[GPU 0] [01:00:34] [INFO] |       from large pool |     380    |     380    |     390    |      10    |
[GPU 0] [01:00:34] [INFO] |       from small pool |     364    |     373    |     394    |      30    |
[GPU 0] [01:00:34] [INFO] |---------------------------------------------------------------------------|
[GPU 0] [01:00:34] [INFO] | Active allocs         |     744    |     747    |     784    |      40    |
[GPU 0] [01:00:34] [INFO] |       from large pool |     380    |     380    |     390    |      10    |
[GPU 0] [01:00:34] [INFO] |       from small pool |     364    |     373    |     394    |      30    |
[GPU 0] [01:00:34] [INFO] |---------------------------------------------------------------------------|
[GPU 0] [01:00:34] [INFO] | GPU reserved segments |     149    |     149    |     149    |       0    |
[GPU 0] [01:00:34] [INFO] |       from large pool |     148    |     148    |     148    |       0    |
[GPU 0] [01:00:34] [INFO] |       from small pool |       1    |       1    |       1    |       0    |
[GPU 0] [01:00:34] [INFO] |---------------------------------------------------------------------------|
[GPU 0] [01:00:34] [INFO] | Non-releasable allocs |      86    |      86    |     116    |      30    |
[GPU 0] [01:00:34] [INFO] |       from large pool |      84    |      84    |     102    |      18    |
[GPU 0] [01:00:34] [INFO] |       from small pool |       2    |       2    |      14    |      12    |
[GPU 0] [01:00:34] [INFO] |---------------------------------------------------------------------------|
[GPU 0] [01:00:34] [INFO] | Oversize allocations  |       0    |       0    |       0    |       0    |
[GPU 0] [01:00:34] [INFO] |---------------------------------------------------------------------------|
[GPU 0] [01:00:34] [INFO] | Oversize GPU segments |       0    |       0    |       0    |       0    |
[GPU 0] [01:00:34] [INFO] |===========================================================================|
[GPU 0] [01:00:34] [INFO] 
[GPU 0] [01:00:34] [INFO] Batch group start, LR: 1.0000e-08, batches: 163470, epochs: 1, group_total_steps: 23352
[GPU 0] [01:00:55] [INFO] CUDA memory after first training step:
[GPU 0] [01:00:55] [INFO] |===========================================================================|
[GPU 0] [01:00:55] [INFO] |                  PyTorch CUDA memory summary, device ID 0                 |
[GPU 0] [01:00:55] [INFO] |---------------------------------------------------------------------------|
[GPU 0] [01:00:55] [INFO] |            CUDA OOMs: 0            |        cudaMalloc retries: 0         |
[GPU 0] [01:00:55] [INFO] |===========================================================================|
[GPU 0] [01:00:55] [INFO] |        Metric         | Cur Usage  | Peak Usage | Tot Alloc  | Tot Freed  |
[GPU 0] [01:00:55] [INFO] |---------------------------------------------------------------------------|
[GPU 0] [01:00:55] [INFO] | Allocated memory      |   8786 MiB |  25925 MiB | 306752 MiB | 297966 MiB |
[GPU 0] [01:00:55] [INFO] |       from large pool |   8782 MiB |  25910 MiB | 306146 MiB | 297364 MiB |
[GPU 0] [01:00:55] [INFO] |       from small pool |      4 MiB |     15 MiB |    605 MiB |    601 MiB |
[GPU 0] [01:00:55] [INFO] |---------------------------------------------------------------------------|
[GPU 0] [01:00:55] [INFO] | Active memory         |   8786 MiB |  25925 MiB | 306752 MiB | 297966 MiB |
[GPU 0] [01:00:55] [INFO] |       from large pool |   8782 MiB |  25910 MiB | 306146 MiB | 297364 MiB |
[GPU 0] [01:00:55] [INFO] |       from small pool |      4 MiB |     15 MiB |    605 MiB |    601 MiB |
[GPU 0] [01:00:55] [INFO] |---------------------------------------------------------------------------|
[GPU 0] [01:00:55] [INFO] | Requested memory      |   8748 MiB |  25813 MiB | 305518 MiB | 296770 MiB |
[GPU 0] [01:00:55] [INFO] |       from large pool |   8744 MiB |  25799 MiB | 304913 MiB | 296169 MiB |
[GPU 0] [01:00:55] [INFO] |       from small pool |      3 MiB |     14 MiB |    604 MiB |    600 MiB |
[GPU 0] [01:00:55] [INFO] |---------------------------------------------------------------------------|
[GPU 0] [01:00:55] [INFO] | GPU reserved memory   |  26970 MiB |  26970 MiB |  26970 MiB |      0 B   |
[GPU 0] [01:00:55] [INFO] |       from large pool |  26954 MiB |  26954 MiB |  26954 MiB |      0 B   |
[GPU 0] [01:00:55] [INFO] |       from small pool |     16 MiB |     16 MiB |     16 MiB |      0 B   |
[GPU 0] [01:00:55] [INFO] |---------------------------------------------------------------------------|
[GPU 0] [01:00:55] [INFO] | Non-releasable memory |   2265 MiB |   3549 MiB | 131819 MiB | 129553 MiB |
[GPU 0] [01:00:55] [INFO] |       from large pool |   2259 MiB |   3548 MiB | 131157 MiB | 128897 MiB |
[GPU 0] [01:00:55] [INFO] |       from small pool |      5 MiB |     10 MiB |    662 MiB |    656 MiB |
[GPU 0] [01:00:55] [INFO] |---------------------------------------------------------------------------|
[GPU 0] [01:00:55] [INFO] | Allocations           |    1629    |    1629    |   10725    |    9096    |
[GPU 0] [01:00:55] [INFO] |       from large pool |     627    |     775    |    6282    |    5655    |
[GPU 0] [01:00:55] [INFO] |       from small pool |    1002    |    1002    |    4443    |    3441    |
[GPU 0] [01:00:55] [INFO] |---------------------------------------------------------------------------|
[GPU 0] [01:00:55] [INFO] | Active allocs         |    1629    |    1629    |   10725    |    9096    |
[GPU 0] [01:00:55] [INFO] |       from large pool |     627    |     775    |    6282    |    5655    |
[GPU 0] [01:00:55] [INFO] |       from small pool |    1002    |    1002    |    4443    |    3441    |
[GPU 0] [01:00:55] [INFO] |---------------------------------------------------------------------------|
[GPU 0] [01:00:55] [INFO] | GPU reserved segments |     394    |     394    |     394    |       0    |
[GPU 0] [01:00:55] [INFO] |       from large pool |     386    |     386    |     386    |       0    |
[GPU 0] [01:00:55] [INFO] |       from small pool |       8    |       8    |       8    |       0    |
[GPU 0] [01:00:55] [INFO] |---------------------------------------------------------------------------|
[GPU 0] [01:00:55] [INFO] | Non-releasable allocs |     188    |     188    |    2988    |    2800    |
[GPU 0] [01:00:55] [INFO] |       from large pool |     184    |     184    |    2495    |    2311    |
[GPU 0] [01:00:55] [INFO] |       from small pool |       4    |      17    |     493    |     489    |
[GPU 0] [01:00:55] [INFO] |---------------------------------------------------------------------------|
[GPU 0] [01:00:55] [INFO] | Oversize allocations  |       0    |       0    |       0    |       0    |
[GPU 0] [01:00:55] [INFO] |---------------------------------------------------------------------------|
[GPU 0] [01:00:55] [INFO] | Oversize GPU segments |       0    |       0    |       0    |       0    |
[GPU 0] [01:00:55] [INFO] |===========================================================================|
[GPU 0] [01:00:55] [INFO] 
[GPU 0] [01:00:55] [INFO] Step: 1, LR: 1.2227e-06
[GPU 0] [01:00:55] [INFO] Train Loss: CORE: 11.04 CODE-LISP: nan PAPERS-BIOLOGY: nan PAPERS-CYBER: nan PAPERS-NUCLEAR: nan 
[GPU 0] [01:16:17] [INFO] LR Scheduler: Group constant (step 467)
[GPU 0] [01:33:40] [INFO] Step: 1000, LR: 5.6635e-04
[GPU 0] [01:33:40] [INFO] Train Loss: CORE: 3.17 CODE-LISP: 2.73 PAPERS-BIOLOGY: 5.03 PAPERS-CYBER: 4.93 PAPERS-NUCLEAR: 6.15 
[GPU 0] [02:06:21] [INFO] Step: 2000, LR: 5.6635e-04
[GPU 0] [02:06:21] [INFO] Train Loss: CORE: 2.98 CODE-LISP: 1.94 PAPERS-BIOLOGY: 3.82 PAPERS-CYBER: 4.01 PAPERS-NUCLEAR: 4.56 
[GPU 0] [02:38:59] [INFO] Step: 3000, LR: 5.6635e-04
[GPU 0] [02:38:59] [INFO] Train Loss: CORE: 2.81 CODE-LISP: 1.63 PAPERS-BIOLOGY: 3.02 PAPERS-CYBER: 3.23 PAPERS-NUCLEAR: 3.39 
[GPU 0] [03:11:38] [INFO] Step: 4000, LR: 5.6635e-04
[GPU 0] [03:11:38] [INFO] Train Loss: CORE: 2.64 CODE-LISP: 1.48 PAPERS-BIOLOGY: 2.87 PAPERS-CYBER: 3.15 PAPERS-NUCLEAR: 3.24 
[GPU 0] [03:44:17] [INFO] Step: 5000, LR: 5.6635e-04
[GPU 0] [03:44:17] [INFO] Train Loss: CORE: 2.65 CODE-LISP: 1.30 PAPERS-BIOLOGY: 2.81 PAPERS-CYBER: 3.07 PAPERS-NUCLEAR: 3.19 
[GPU 0] [04:16:55] [INFO] Step: 6000, LR: 5.6635e-04
[GPU 0] [04:16:55] [INFO] Train Loss: CORE: 2.69 CODE-LISP: 1.25 PAPERS-BIOLOGY: 2.72 PAPERS-CYBER: 2.99 PAPERS-NUCLEAR: 3.12 
[GPU 0] [04:49:32] [INFO] Step: 7000, LR: 5.6635e-04
[GPU 0] [04:49:32] [INFO] Train Loss: CORE: 2.56 CODE-LISP: 1.34 PAPERS-BIOLOGY: 2.69 PAPERS-CYBER: 2.93 PAPERS-NUCLEAR: 3.08 
[GPU 0] [05:22:10] [INFO] Step: 8000, LR: 5.6635e-04
[GPU 0] [05:22:10] [INFO] Train Loss: CORE: 2.66 CODE-LISP: 1.30 PAPERS-BIOLOGY: 2.68 PAPERS-CYBER: 2.89 PAPERS-NUCLEAR: 3.02 
[GPU 0] [05:54:51] [INFO] Step: 9000, LR: 5.6635e-04
[GPU 0] [05:54:51] [INFO] Train Loss: CORE: 2.50 CODE-LISP: 1.20 PAPERS-BIOLOGY: 2.66 PAPERS-CYBER: 2.91 PAPERS-NUCLEAR: 3.02 
[GPU 0] [06:27:34] [INFO] Step: 10000, LR: 5.6635e-04
[GPU 0] [06:27:34] [INFO] Train Loss: CORE: 2.59 CODE-LISP: 1.13 PAPERS-BIOLOGY: 2.63 PAPERS-CYBER: 2.88 PAPERS-NUCLEAR: 2.96 
[GPU 0] [07:00:14] [INFO] Step: 11000, LR: 5.6635e-04
[GPU 0] [07:00:14] [INFO] Train Loss: CORE: 2.45 CODE-LISP: 0.95 PAPERS-BIOLOGY: 2.59 PAPERS-CYBER: 2.84 PAPERS-NUCLEAR: 2.92 
[GPU 0] [07:32:57] [INFO] Step: 12000, LR: 5.6635e-04
[GPU 0] [07:32:57] [INFO] Train Loss: CORE: 2.50 CODE-LISP: 1.02 PAPERS-BIOLOGY: 2.57 PAPERS-CYBER: 2.84 PAPERS-NUCLEAR: 2.92 
[GPU 0] [08:05:40] [INFO] Step: 13000, LR: 5.6635e-04
[GPU 0] [08:05:40] [INFO] Train Loss: CORE: 2.44 CODE-LISP: 1.04 PAPERS-BIOLOGY: 2.55 PAPERS-CYBER: 2.84 PAPERS-NUCLEAR: 2.93 
[GPU 0] [08:38:21] [INFO] Step: 14000, LR: 5.6635e-04
[GPU 0] [08:38:21] [INFO] Train Loss: CORE: 2.55 CODE-LISP: 1.00 PAPERS-BIOLOGY: 2.55 PAPERS-CYBER: 2.81 PAPERS-NUCLEAR: 2.90 
[GPU 0] [09:11:00] [INFO] Step: 15000, LR: 5.6635e-04
[GPU 0] [09:11:00] [INFO] Train Loss: CORE: 2.43 CODE-LISP: 0.98 PAPERS-BIOLOGY: 2.53 PAPERS-CYBER: 2.82 PAPERS-NUCLEAR: 2.87 
[GPU 0] [09:43:39] [INFO] Step: 16000, LR: 5.6635e-04
[GPU 0] [09:43:39] [INFO] Train Loss: CORE: 2.41 CODE-LISP: 0.95 PAPERS-BIOLOGY: 2.51 PAPERS-CYBER: 2.82 PAPERS-NUCLEAR: 2.88 
[GPU 0] [10:16:16] [INFO] Step: 17000, LR: 5.6635e-04
[GPU 0] [10:16:16] [INFO] Train Loss: CORE: 2.46 CODE-LISP: 0.87 PAPERS-BIOLOGY: 2.47 PAPERS-CYBER: 2.79 PAPERS-NUCLEAR: 2.87 
[GPU 0] [10:48:55] [INFO] Step: 18000, LR: 5.6635e-04
[GPU 0] [10:48:55] [INFO] Train Loss: CORE: 2.50 CODE-LISP: 0.85 PAPERS-BIOLOGY: 2.45 PAPERS-CYBER: 2.76 PAPERS-NUCLEAR: 2.86 
[GPU 0] [11:21:36] [INFO] Step: 19000, LR: 5.6635e-04
[GPU 0] [11:21:36] [INFO] Train Loss: CORE: 2.49 CODE-LISP: 0.86 PAPERS-BIOLOGY: 2.46 PAPERS-CYBER: 2.76 PAPERS-NUCLEAR: 2.83 
[GPU 0] [11:54:21] [INFO] Step: 20000, LR: 5.6635e-04
[GPU 0] [11:54:21] [INFO] Train Loss: CORE: 2.39 CODE-LISP: 0.92 PAPERS-BIOLOGY: 2.45 PAPERS-CYBER: 2.77 PAPERS-NUCLEAR: 2.80 
[GPU 0] [12:26:56] [INFO] Step: 21000, LR: 5.6635e-04
[GPU 0] [12:26:56] [INFO] Train Loss: CORE: 2.59 CODE-LISP: 0.87 PAPERS-BIOLOGY: 2.44 PAPERS-CYBER: 2.75 PAPERS-NUCLEAR: 2.80 
[GPU 0] [12:27:29] [INFO] LR Scheduler: Group decay (step 21017)
[GPU 0] [12:59:30] [INFO] Step: 22000, LR: 3.2793e-04
[GPU 0] [12:59:30] [INFO] Train Loss: CORE: 2.41 CODE-LISP: 0.78 PAPERS-BIOLOGY: 2.43 PAPERS-CYBER: 2.71 PAPERS-NUCLEAR: 2.79 
[GPU 0] [13:32:09] [INFO] Step: 23000, LR: 8.5386e-05
[GPU 0] [13:32:09] [INFO] Train Loss: CORE: 2.43 CODE-LISP: 0.72 PAPERS-BIOLOGY: 2.39 PAPERS-CYBER: 2.66 PAPERS-NUCLEAR: 2.77 
[GPU 0] [13:43:38] [INFO] Step: 23352, LR: 1.0000e-08
[GPU 0] [13:43:38] [INFO] Train Loss: CORE: 2.46 CODE-LISP: 0.71 PAPERS-BIOLOGY: 2.37 PAPERS-CYBER: 2.66 PAPERS-NUCLEAR: 2.74 
[GPU 0] [13:44:25] [INFO] ---- Begin Eval ----
[GPU 0] [13:44:25] [INFO] Data: core | Experts: ['core']
[GPU 0] [13:44:53] [INFO] loss: 1.88462687
[GPU 0] [13:44:53] [INFO] Data: code-lisp | Experts: ['core']
[GPU 0] [13:45:00] [INFO] loss: 1.62187493
[GPU 0] [13:45:00] [INFO] Data: papers-biology | Experts: ['core']
[GPU 0] [13:45:07] [INFO] loss: 2.44793510
[GPU 0] [13:45:07] [INFO] Data: papers-nuclear | Experts: ['core']
[GPU 0] [13:45:14] [INFO] loss: 2.82702780
[GPU 0] [13:45:14] [INFO] Data: papers-cyber | Experts: ['core']
[GPU 0] [13:45:21] [INFO] loss: 2.71067715
[GPU 0] [13:45:21] [INFO] ---- Begin Eval ----
[GPU 0] [13:45:21] [INFO] Data: core | Experts: ['code-lisp', 'core']
[GPU 0] [13:45:45] [INFO] loss: 1.88759995
[GPU 0] [13:45:45] [INFO] Data: code-lisp | Experts: ['code-lisp', 'core']
[GPU 0] [13:45:52] [INFO] loss: 0.83806503
[GPU 0] [13:45:52] [INFO] Data: papers-biology | Experts: ['code-lisp', 'core']
[GPU 0] [13:45:59] [INFO] loss: 2.44951630
[GPU 0] [13:45:59] [INFO] Data: papers-nuclear | Experts: ['code-lisp', 'core']
[GPU 0] [13:46:06] [INFO] loss: 2.82925963
[GPU 0] [13:46:06] [INFO] Data: papers-cyber | Experts: ['code-lisp', 'core']
[GPU 0] [13:46:13] [INFO] loss: 2.71281624
[GPU 0] [13:46:13] [INFO] ---- Begin Eval ----
[GPU 0] [13:46:13] [INFO] Data: core | Experts: ['core', 'papers-biology']
[GPU 0] [13:46:35] [INFO] loss: 1.88615072
[GPU 0] [13:46:35] [INFO] Data: code-lisp | Experts: ['core', 'papers-biology']
[GPU 0] [13:46:42] [INFO] loss: 1.61003530
[GPU 0] [13:46:42] [INFO] Data: papers-biology | Experts: ['core', 'papers-biology']
[GPU 0] [13:46:49] [INFO] loss: 2.36024952
[GPU 0] [13:46:49] [INFO] Data: papers-nuclear | Experts: ['core', 'papers-biology']
[GPU 0] [13:46:57] [INFO] loss: 2.81986618
[GPU 0] [13:46:57] [INFO] Data: papers-cyber | Experts: ['core', 'papers-biology']
[GPU 0] [13:47:04] [INFO] loss: 2.71171880
[GPU 0] [13:47:04] [INFO] ---- Begin Eval ----
[GPU 0] [13:47:04] [INFO] Data: core | Experts: ['core', 'papers-nuclear']
[GPU 0] [13:47:25] [INFO] loss: 1.88835108
[GPU 0] [13:47:25] [INFO] Data: code-lisp | Experts: ['core', 'papers-nuclear']
[GPU 0] [13:47:33] [INFO] loss: 1.60322273
[GPU 0] [13:47:33] [INFO] Data: papers-biology | Experts: ['core', 'papers-nuclear']
[GPU 0] [13:47:40] [INFO] loss: 2.44574022
[GPU 0] [13:47:40] [INFO] Data: papers-nuclear | Experts: ['core', 'papers-nuclear']
[GPU 0] [13:47:47] [INFO] loss: 2.71811771
[GPU 0] [13:47:47] [INFO] Data: papers-cyber | Experts: ['core', 'papers-nuclear']
[GPU 0] [13:47:54] [INFO] loss: 2.70528269
[GPU 0] [13:47:54] [INFO] ---- Begin Eval ----
[GPU 0] [13:47:54] [INFO] Data: core | Experts: ['core', 'papers-cyber']
[GPU 0] [13:48:16] [INFO] loss: 1.88545310
[GPU 0] [13:48:16] [INFO] Data: code-lisp | Experts: ['core', 'papers-cyber']
[GPU 0] [13:48:23] [INFO] loss: 1.61301160
[GPU 0] [13:48:23] [INFO] Data: papers-biology | Experts: ['core', 'papers-cyber']
[GPU 0] [13:48:30] [INFO] loss: 2.44750738
[GPU 0] [13:48:30] [INFO] Data: papers-nuclear | Experts: ['core', 'papers-cyber']
[GPU 0] [13:48:37] [INFO] loss: 2.81774545
[GPU 0] [13:48:37] [INFO] Data: papers-cyber | Experts: ['core', 'papers-cyber']
[GPU 0] [13:48:44] [INFO] loss: 2.64151788
[GPU 0] [15:30:28] [INFO] Git branch: AGI-1696-New-Dataset-Runs_ethan, commit: 4155db9e33feaabc5b141a5a03d10b08e299ec88
[GPU 0] [15:30:28] [INFO] Number of GPUs: 8
[GPU 0] [15:30:30] [INFO] Tokenizer vocabulary: 50257
[GPU 0] [15:30:30] [INFO] Set model vocab size to nearest multiple of 64 of tokenizer size: 50304
[GPU 0] [15:30:46] [INFO] target effective batch size: 641, actual effective batch size: 672, micro batch size: 12, accumulation steps: 7, num gpus: 8
[GPU 0] [15:30:46] [INFO] core total number of tokens: 66749057569
[GPU 0] [15:30:46] [INFO] Baseline model has 806,509,504 parameters
[GPU 0] [15:30:46] [INFO] core: chinchilla optimal tokens: 16,130,190,080, requested proportion: 1.0000, requested number of tokens: 16,130,190,080.0, 
[GPU 0] [15:30:46] [INFO] aux total number of tokens: 4835776549
[GPU 0] [15:30:46] [INFO] Baseline model has 806,509,504 parameters
[GPU 0] [15:30:46] [INFO] aux: chinchilla optimal tokens: 16,130,190,080, requested proportion: 0.0100, requested number of tokens: 161,301,900.8, 
[GPU 0] [15:30:47] [DEBUG] Saved config to /workspace-vast/ethanr/gradient-routing/experiments/AGI-1699-New-Dataset-Runs/results/scaling/realistic/grmoe/800M/seed_3/20260518005918805731/config.json
[GPU 0] [15:30:47] [DEBUG] {
    "stages": [
        {
            "name": "routed",
            "num_checkpoints": -1,
            "lr": 0.0005663534909876918,
            "res_dir": "/workspace-vast/ethanr/gradient-routing/experiments/AGI-1699-New-Dataset-Runs/results/scaling/realistic/grmoe/800M/seed_3/20260518005918805731/routed",
            "acc_mode": "uniform",
            "do_eval": true,
            "do_sample": false,
            "num_train_evals": 0,
            "do_elicit": true,
            "elicit_eval_prc": 0.5,
            "elicit_num_evals": 100,
            "retain_targets": null,
            "model": {
                "arch": "moe",
                "tokenizer": "GPT2Tokenizer(name_or_path='EleutherAI/gpt-neo-125M', vocab_size=50257, model_max_length=2048, padding_side='right', truncation_side='right', special_tokens={'bos_token': '<|endoftext|>', 'eos_token': '<|endoftext|>', 'unk_token': '<|endoftext|>'}, added_tokens_decoder={\n\t50256: AddedToken(\"<|endoftext|>\", rstrip=False, lstrip=False, single_word=False, normalized=True, special=True),\n}\n)",
                "ctx_len": 1024,
                "vocab_size": 50304,
                "num_layers": 24,
                "num_heads": 8,
                "num_key_value": 2,
                "attn_bias": true,
                "eos_token_id": 50256,
                "embed_dim": 1600,
                "mlp_dim": 6400,
                "core_param_prc": 1.0,
                "aux_param_prc": 0.1
            },
            "eval_arbsub": false,
            "label_prc": 1.0,
            "aux_factor": {
                "code-lisp": 4.0,
                "papers-biology": 3.0,
                "papers-nuclear": 3.0,
                "papers-cyber": 3.0
            },
            "robust_prc": 0.2,
            "aux_route_prc": 0.5,
            "equal_compute": true
        }
    ],
    "model": {
        "arch": "base",
        "tokenizer": "GPT2Tokenizer(name_or_path='EleutherAI/gpt-neo-125M', vocab_size=50257, model_max_length=2048, padding_side='right', truncation_side='right', special_tokens={'bos_token': '<|endoftext|>', 'eos_token': '<|endoftext|>', 'unk_token': '<|endoftext|>'}, added_tokens_decoder={\n\t50256: AddedToken(\"<|endoftext|>\", rstrip=False, lstrip=False, single_word=False, normalized=True, special=True),\n}\n)",
        "ctx_len": 1024,
        "vocab_size": 50304,
        "num_layers": 24,
        "num_heads": 8,
        "num_key_value": 2,
        "attn_bias": true,
        "eos_token_id": 50256,
        "embed_dim": 1600,
        "mlp_dim": 6400
    },
    "data": {
        "dirs": [
            "/workspace-vast/ethanr/gradient-routing/experiments/AGI-1699-New-Dataset-Runs/src/data/fineweb",
            "/workspace-vast/ethanr/gradient-routing/experiments/AGI-1699-New-Dataset-Runs/src/data/code",
            "/workspace-vast/ethanr/gradient-routing/experiments/AGI-1699-New-Dataset-Runs/src/data/papers"
        ],
        "core": {
            "labels": [
                "fineweb",
                "code-other",
                "papers-other"
            ],
            "method": "optimal",
            "limit": 1.0,
            "dist": {
                "fineweb": 0.84,
                "code-other": 0.15,
                "papers-other": 0.01
            },
            "num_tok": 16130190080.0
        },
        "aux": {
            "labels": [
                "code-lisp",
                "papers-biology",
                "papers-nuclear",
                "papers-cyber"
            ],
            "method": "optimal",
            "limit": 0.01,
            "dist": {
                "code-lisp": 0.25,
                "papers-biology": 0.25,
                "papers-nuclear": 0.25,
                "papers-cyber": 0.25
            },
            "num_tok": 161301900.8
        }
    },
    "run": {
        "target_effective_batch_size": 641,
        "effective_batch_size": 672,
        "micro_batch_size": 12,
        "accumulation_steps": 7,
        "max_num_test_sequences": 10000,
        "eval_all_labels": false,
        "micro_batch_anchors": [
            [
                400000000.0,
                23
            ],
            [
                5000000000.0,
                2
            ]
        ],
        "epochs": 1,
        "adam_betas": [
            0.9,
            0.95
        ],
        "warmup_prc": 0.02,
        "decay_prc": 0.1,
        "seed": 3,
        "compile": true,
        "find_unused_parameters": true,
        "is_ddp": true,
        "cleanup_distributed": true,
        "log_level": "DEBUG",
        "num_gpus": 8,
        "process_id": 0,
        "num_base_params": 806509504,
        "device": "cuda",
        "logger": "<Logger training_20260518005918805731 (DEBUG)>",
        "labels": [
            "core",
            "code-lisp",
            "papers-biology",
            "papers-cyber",
            "papers-nuclear"
        ],
        "loaders": {
            "code-lisp": {
                "train": "SingleDataLoader(code-lisp_train_001.bin, len=410)",
                "test": "InterleavedDataLoader(len=105)"
            },
            "code-other": {
                "train": "InterleavedDataLoader(len=24612)",
                "test": "InterleavedDataLoader(len=105)"
            },
            "fineweb": {
                "train": "InterleavedDataLoader(len=137831)",
                "test": "InterleavedDataLoader(len=105)"
            },
            "papers-biology": {
                "train": "SingleDataLoader(papers-biology_train.bin, len=410)",
                "test": "SingleDataLoader(papers-biology_test.bin, len=105)"
            },
            "papers-cyber": {
                "train": "SingleDataLoader(papers-cyber_train.bin, len=410)",
                "test": "SingleDataLoader(papers-cyber_test.bin, len=105)"
            },
            "papers-nuclear": {
                "train": "SingleDataLoader(papers-nuclear_train.bin, len=410)",
                "test": "SingleDataLoader(papers-nuclear_test.bin, len=105)"
            },
            "papers-other": {
                "train": "SingleDataLoader(papers-other_train.bin, len=1640)",
                "test": "SingleDataLoader(papers-other_test.bin, len=105)"
            },
            "core": {
                "train": "InterleavedDataLoader(len=164083)",
                "test": "InterleavedDataLoader(len=315)"
            },
            "aux": {
                "train": "InterleavedDataLoader(len=1640)",
                "test": "InterleavedDataLoader(len=420)"
            },
            "all": {
                "train": "InterleavedDataLoader(len=165723)",
                "test": "InterleavedDataLoader(len=735)"
            }
        },
        "res_root": "/workspace-vast/ethanr/gradient-routing/experiments/AGI-1699-New-Dataset-Runs/results/scaling/realistic/grmoe/800M/seed_3",
        "experiment_id": "20260518005918805731",
        "s3_bucket": "ae-gradient-routing-results",
        "s3_prefix": "scaling/realistic/grmoe/800M/seed_3"
    },
    "label_prc": 1.0
}
[GPU 0] [15:30:47] [INFO] ELICIT-ONLY: experiment_id=20260518005918805731, n_params=8e+08, seed=3
[GPU 0] [15:30:47] [INFO]   expecting checkpoint at: /workspace-vast/ethanr/gradient-routing/experiments/AGI-1699-New-Dataset-Runs/results/scaling/realistic/grmoe/800M/seed_3/20260518005918805731/routed/checkpoint.pth
[GPU 0] [15:31:19] [INFO] Initialized MoETransformer with 1,003,332,544 total parameters
[GPU 0] [15:31:19] [INFO]   Label 'core' has 806,509,504 parameters
[GPU 0] [15:31:19] [INFO]   Label 'code-lisp' has 49,205,760 parameters
[GPU 0] [15:31:19] [INFO]   Label 'papers-biology' has 49,205,760 parameters
[GPU 0] [15:31:19] [INFO]   Label 'papers-cyber' has 49,205,760 parameters
[GPU 0] [15:31:19] [INFO]   Label 'papers-nuclear' has 49,205,760 parameters
[GPU 0] [15:31:19] [INFO] Compiling MoETransformer with torch.compile...
[GPU 0] [15:31:23] [INFO] torch.compile done
[GPU 0] [15:31:46] [INFO] ROUTED - ADVERSARIAL FT START (retained=['core'], removed=['code-lisp', 'papers-biology', 'papers-cyber', 'papers-nuclear'])
[GPU 0] [15:32:10] [INFO] ---- Begin FT | Experts: ['core'] | Data: ['code-lisp'] ----
[GPU 0] [15:32:10] [DEBUG] num_seq: 512, num_rounds: 200, patience: 10
[GPU 0] [15:32:11] [DEBUG] local_x: torch.Size([64, 1024]), local_y: torch.Size([64, 1024]), num_steps: 6, per_gpu: 64, mbs_size: 12
[GPU 0] [15:33:09] [INFO] New best validation loss: 1.7831 @ step 0
[GPU 0] [15:33:18] [INFO] New best validation loss: 1.5524 @ step 1
[GPU 0] [15:33:27] [INFO] New best validation loss: 1.4207 @ step 2
[GPU 0] [15:33:36] [INFO] New best validation loss: 1.3385 @ step 3
[GPU 0] [15:33:45] [INFO] New best validation loss: 1.2920 @ step 4
[GPU 0] [15:33:54] [INFO] New best validation loss: 1.2648 @ step 5
[GPU 0] [15:34:03] [INFO] New best validation loss: 1.2407 @ step 6
[GPU 0] [15:34:12] [INFO] New best validation loss: 1.2153 @ step 7
[GPU 0] [15:34:21] [INFO] New best validation loss: 1.1919 @ step 8
[GPU 0] [15:34:30] [INFO] New best validation loss: 1.1731 @ step 9
[GPU 0] [15:34:39] [INFO] New best validation loss: 1.1579 @ step 10
[GPU 0] [15:34:47] [INFO] New best validation loss: 1.1438 @ step 11
[GPU 0] [15:34:56] [INFO] New best validation loss: 1.1303 @ step 12
[GPU 0] [15:35:05] [INFO] New best validation loss: 1.1181 @ step 13
[GPU 0] [15:35:14] [INFO] New best validation loss: 1.1069 @ step 14
[GPU 0] [15:35:23] [INFO] New best validation loss: 1.0969 @ step 15
[GPU 0] [15:35:32] [INFO] New best validation loss: 1.0875 @ step 16
[GPU 0] [15:35:41] [INFO] New best validation loss: 1.0788 @ step 17
[GPU 0] [15:35:49] [INFO] New best validation loss: 1.0706 @ step 18
[GPU 0] [15:35:58] [INFO] New best validation loss: 1.0637 @ step 19
[GPU 0] [15:36:07] [INFO] New best validation loss: 1.0575 @ step 20
[GPU 0] [15:36:16] [INFO] New best validation loss: 1.0516 @ step 21
[GPU 0] [15:36:25] [INFO] New best validation loss: 1.0463 @ step 22
[GPU 0] [15:36:33] [INFO] New best validation loss: 1.0417 @ step 23
[GPU 0] [15:36:42] [INFO] New best validation loss: 1.0375 @ step 24
[GPU 0] [15:36:51] [INFO] New best validation loss: 1.0339 @ step 25
[GPU 0] [15:37:00] [INFO] New best validation loss: 1.0303 @ step 26
[GPU 0] [15:37:09] [INFO] New best validation loss: 1.0271 @ step 27
[GPU 0] [15:37:18] [INFO] New best validation loss: 1.0248 @ step 28
[GPU 0] [15:37:27] [INFO] New best validation loss: 1.0228 @ step 29
[GPU 0] [15:37:36] [INFO] New best validation loss: 1.0215 @ step 30
[GPU 0] [15:37:45] [INFO] New best validation loss: 1.0212 @ step 31
[GPU 0] [15:39:23] [INFO] Stop FT @ 43: no val improvement for 10 steps
[GPU 0] [15:39:23] [INFO] Wrote stats.jsonl entries at FT step 31 
[GPU 0] [15:39:47] [INFO] ---- Begin FT | Experts: ['core'] | Data: ['papers-biology'] ----
[GPU 0] [15:39:47] [DEBUG] num_seq: 512, num_rounds: 200, patience: 10
[GPU 0] [15:39:48] [DEBUG] local_x: torch.Size([64, 1024]), local_y: torch.Size([64, 1024]), num_steps: 6, per_gpu: 64, mbs_size: 12
[GPU 0] [15:39:56] [INFO] New best validation loss: 2.5239 @ step 0
[GPU 0] [15:40:05] [INFO] New best validation loss: 2.4472 @ step 1
[GPU 0] [15:41:40] [INFO] Stop FT @ 13: no val improvement for 10 steps
[GPU 0] [15:41:40] [INFO] Wrote stats.jsonl entries at FT step 1 
[GPU 0] [15:42:04] [INFO] ---- Begin FT | Experts: ['core'] | Data: ['papers-cyber'] ----
[GPU 0] [15:42:04] [DEBUG] num_seq: 512, num_rounds: 200, patience: 10
[GPU 0] [15:42:04] [DEBUG] local_x: torch.Size([64, 1024]), local_y: torch.Size([64, 1024]), num_steps: 6, per_gpu: 64, mbs_size: 12
[GPU 0] [15:42:13] [INFO] New best validation loss: 2.7550 @ step 0
[GPU 0] [15:42:21] [INFO] New best validation loss: 2.7189 @ step 1
[GPU 0] [15:43:56] [INFO] Stop FT @ 13: no val improvement for 10 steps
[GPU 0] [15:43:56] [INFO] Wrote stats.jsonl entries at FT step 1 
[GPU 0] [15:44:20] [INFO] ---- Begin FT | Experts: ['core'] | Data: ['papers-nuclear'] ----
[GPU 0] [15:44:20] [DEBUG] num_seq: 512, num_rounds: 200, patience: 10
[GPU 0] [15:44:20] [DEBUG] local_x: torch.Size([64, 1024]), local_y: torch.Size([64, 1024]), num_steps: 6, per_gpu: 64, mbs_size: 12
[GPU 0] [15:44:29] [INFO] New best validation loss: 2.9185 @ step 0
[GPU 0] [15:44:37] [INFO] New best validation loss: 2.8177 @ step 1
[GPU 0] [15:44:46] [INFO] New best validation loss: 2.8092 @ step 2
[GPU 0] [15:46:22] [INFO] Stop FT @ 14: no val improvement for 10 steps
[GPU 0] [15:46:22] [INFO] Wrote stats.jsonl entries at FT step 2 
[GPU 0] [15:46:22] [INFO] ROUTED - ADVERSARIAL FT START (retained=['code-lisp', 'core'], removed=['papers-biology', 'papers-cyber', 'papers-nuclear'])
[GPU 0] [15:46:45] [INFO] ---- Begin FT | Experts: ['code-lisp', 'core'] | Data: ['papers-biology'] ----
[GPU 0] [15:46:45] [DEBUG] num_seq: 512, num_rounds: 200, patience: 10
[GPU 0] [15:46:45] [DEBUG] local_x: torch.Size([64, 1024]), local_y: torch.Size([64, 1024]), num_steps: 6, per_gpu: 64, mbs_size: 12
[GPU 0] [15:46:59] [INFO] New best validation loss: 2.5352 @ step 0
[GPU 0] [15:47:09] [INFO] New best validation loss: 2.4519 @ step 1
[GPU 0] [15:48:54] [INFO] Stop FT @ 13: no val improvement for 10 steps
[GPU 0] [15:48:54] [INFO] Wrote stats.jsonl entries at FT step 1 
[GPU 0] [15:49:19] [INFO] ---- Begin FT | Experts: ['code-lisp', 'core'] | Data: ['papers-cyber'] ----
[GPU 0] [15:49:19] [DEBUG] num_seq: 512, num_rounds: 200, patience: 10
[GPU 0] [15:49:19] [DEBUG] local_x: torch.Size([64, 1024]), local_y: torch.Size([64, 1024]), num_steps: 6, per_gpu: 64, mbs_size: 12
[GPU 0] [15:49:28] [INFO] New best validation loss: 2.7757 @ step 0
[GPU 0] [15:49:38] [INFO] New best validation loss: 2.7245 @ step 1
[GPU 0] [15:51:21] [INFO] Stop FT @ 13: no val improvement for 10 steps
[GPU 0] [15:51:21] [INFO] Wrote stats.jsonl entries at FT step 1 
[GPU 0] [15:51:45] [INFO] ---- Begin FT | Experts: ['code-lisp', 'core'] | Data: ['papers-nuclear'] ----
[GPU 0] [15:51:45] [DEBUG] num_seq: 512, num_rounds: 200, patience: 10
[GPU 0] [15:51:45] [DEBUG] local_x: torch.Size([64, 1024]), local_y: torch.Size([64, 1024]), num_steps: 6, per_gpu: 64, mbs_size: 12
[GPU 0] [15:51:54] [INFO] New best validation loss: 2.9407 @ step 0
[GPU 0] [15:52:04] [INFO] New best validation loss: 2.8247 @ step 1
[GPU 0] [15:52:13] [INFO] New best validation loss: 2.8138 @ step 2
[GPU 0] [15:53:59] [INFO] Stop FT @ 14: no val improvement for 10 steps
[GPU 0] [15:54:00] [INFO] Wrote stats.jsonl entries at FT step 2 
[GPU 0] [15:54:00] [INFO] ROUTED - ADVERSARIAL FT START (retained=['core', 'papers-biology'], removed=['code-lisp', 'papers-cyber', 'papers-nuclear'])
[GPU 0] [15:54:23] [INFO] ---- Begin FT | Experts: ['core', 'papers-biology'] | Data: ['code-lisp'] ----
[GPU 0] [15:54:23] [DEBUG] num_seq: 512, num_rounds: 200, patience: 10
[GPU 0] [15:54:24] [DEBUG] local_x: torch.Size([64, 1024]), local_y: torch.Size([64, 1024]), num_steps: 6, per_gpu: 64, mbs_size: 12
[GPU 0] [15:54:33] [INFO] New best validation loss: 1.8119 @ step 0
[GPU 0] [15:54:42] [INFO] New best validation loss: 1.5717 @ step 1
[GPU 0] [15:54:51] [INFO] New best validation loss: 1.4318 @ step 2
[GPU 0] [15:55:01] [INFO] New best validation loss: 1.3446 @ step 3
[GPU 0] [15:55:10] [INFO] New best validation loss: 1.2974 @ step 4
[GPU 0] [15:55:20] [INFO] New best validation loss: 1.2700 @ step 5
[GPU 0] [15:55:29] [INFO] New best validation loss: 1.2452 @ step 6
[GPU 0] [15:55:39] [INFO] New best validation loss: 1.2184 @ step 7
[GPU 0] [15:55:49] [INFO] New best validation loss: 1.1945 @ step 8
[GPU 0] [15:55:59] [INFO] New best validation loss: 1.1757 @ step 9
[GPU 0] [15:56:09] [INFO] New best validation loss: 1.1602 @ step 10
[GPU 0] [15:56:18] [INFO] New best validation loss: 1.1459 @ step 11
[GPU 0] [15:56:28] [INFO] New best validation loss: 1.1322 @ step 12
[GPU 0] [15:56:38] [INFO] New best validation loss: 1.1198 @ step 13
[GPU 0] [15:56:48] [INFO] New best validation loss: 1.1083 @ step 14
[GPU 0] [15:56:58] [INFO] New best validation loss: 1.0984 @ step 15
[GPU 0] [15:57:08] [INFO] New best validation loss: 1.0891 @ step 16
[GPU 0] [15:57:18] [INFO] New best validation loss: 1.0802 @ step 17
[GPU 0] [15:57:27] [INFO] New best validation loss: 1.0720 @ step 18
[GPU 0] [15:57:37] [INFO] New best validation loss: 1.0649 @ step 19
[GPU 0] [15:57:47] [INFO] New best validation loss: 1.0586 @ step 20
[GPU 0] [15:57:57] [INFO] New best validation loss: 1.0527 @ step 21
[GPU 0] [15:58:07] [INFO] New best validation loss: 1.0473 @ step 22
[GPU 0] [15:58:17] [INFO] New best validation loss: 1.0427 @ step 23
[GPU 0] [15:58:27] [INFO] New best validation loss: 1.0386 @ step 24
[GPU 0] [15:58:36] [INFO] New best validation loss: 1.0349 @ step 25
[GPU 0] [15:58:46] [INFO] New best validation loss: 1.0312 @ step 26
[GPU 0] [15:58:56] [INFO] New best validation loss: 1.0282 @ step 27
[GPU 0] [15:59:06] [INFO] New best validation loss: 1.0259 @ step 28
[GPU 0] [15:59:16] [INFO] New best validation loss: 1.0239 @ step 29
[GPU 0] [15:59:26] [INFO] New best validation loss: 1.0227 @ step 30
[GPU 0] [15:59:35] [INFO] New best validation loss: 1.0221 @ step 31
[GPU 0] [16:01:25] [INFO] Stop FT @ 43: no val improvement for 10 steps
[GPU 0] [16:01:25] [INFO] Wrote stats.jsonl entries at FT step 31 
[GPU 0] [16:01:49] [INFO] ---- Begin FT | Experts: ['core', 'papers-biology'] | Data: ['papers-cyber'] ----
[GPU 0] [16:01:49] [DEBUG] num_seq: 512, num_rounds: 200, patience: 10
[GPU 0] [16:01:49] [DEBUG] local_x: torch.Size([64, 1024]), local_y: torch.Size([64, 1024]), num_steps: 6, per_gpu: 64, mbs_size: 12
[GPU 0] [16:01:58] [INFO] New best validation loss: 2.7575 @ step 0
[GPU 0] [16:02:08] [INFO] New best validation loss: 2.7242 @ step 1
[GPU 0] [16:02:17] [INFO] New best validation loss: 2.7197 @ step 2
[GPU 0] [16:04:04] [INFO] Stop FT @ 14: no val improvement for 10 steps
[GPU 0] [16:04:04] [INFO] Wrote stats.jsonl entries at FT step 2 
[GPU 0] [16:04:28] [INFO] ---- Begin FT | Experts: ['core', 'papers-biology'] | Data: ['papers-nuclear'] ----
[GPU 0] [16:04:28] [DEBUG] num_seq: 512, num_rounds: 200, patience: 10
[GPU 0] [16:04:28] [DEBUG] local_x: torch.Size([64, 1024]), local_y: torch.Size([64, 1024]), num_steps: 6, per_gpu: 64, mbs_size: 12
[GPU 0] [16:04:37] [INFO] New best validation loss: 2.8959 @ step 0
[GPU 0] [16:04:46] [INFO] New best validation loss: 2.8094 @ step 1
[GPU 0] [16:04:56] [INFO] New best validation loss: 2.8077 @ step 2
[GPU 0] [16:06:42] [INFO] Stop FT @ 14: no val improvement for 10 steps
[GPU 0] [16:06:42] [INFO] Wrote stats.jsonl entries at FT step 2 
[GPU 0] [16:06:42] [INFO] ROUTED - ADVERSARIAL FT START (retained=['core', 'papers-nuclear'], removed=['code-lisp', 'papers-biology', 'papers-cyber'])
[GPU 0] [16:07:05] [INFO] ---- Begin FT | Experts: ['core', 'papers-nuclear'] | Data: ['code-lisp'] ----
[GPU 0] [16:07:05] [DEBUG] num_seq: 512, num_rounds: 200, patience: 10
[GPU 0] [16:07:05] [DEBUG] local_x: torch.Size([64, 1024]), local_y: torch.Size([64, 1024]), num_steps: 6, per_gpu: 64, mbs_size: 12
[GPU 0] [16:07:14] [INFO] New best validation loss: 1.7992 @ step 0
[GPU 0] [16:07:24] [INFO] New best validation loss: 1.5623 @ step 1
[GPU 0] [16:07:33] [INFO] New best validation loss: 1.4245 @ step 2
[GPU 0] [16:07:42] [INFO] New best validation loss: 1.3398 @ step 3
[GPU 0] [16:07:52] [INFO] New best validation loss: 1.2940 @ step 4
[GPU 0] [16:08:01] [INFO] New best validation loss: 1.2667 @ step 5
[GPU 0] [16:08:11] [INFO] New best validation loss: 1.2415 @ step 6
[GPU 0] [16:08:20] [INFO] New best validation loss: 1.2148 @ step 7
[GPU 0] [16:08:30] [INFO] New best validation loss: 1.1912 @ step 8
[GPU 0] [16:08:40] [INFO] New best validation loss: 1.1727 @ step 9
[GPU 0] [16:08:49] [INFO] New best validation loss: 1.1574 @ step 10
[GPU 0] [16:08:59] [INFO] New best validation loss: 1.1432 @ step 11
[GPU 0] [16:09:09] [INFO] New best validation loss: 1.1296 @ step 12
[GPU 0] [16:09:18] [INFO] New best validation loss: 1.1170 @ step 13
[GPU 0] [16:09:28] [INFO] New best validation loss: 1.1059 @ step 14
[GPU 0] [16:09:38] [INFO] New best validation loss: 1.0958 @ step 15
[GPU 0] [16:09:48] [INFO] New best validation loss: 1.0864 @ step 16
[GPU 0] [16:09:57] [INFO] New best validation loss: 1.0776 @ step 17
[GPU 0] [16:10:07] [INFO] New best validation loss: 1.0697 @ step 18
[GPU 0] [16:10:17] [INFO] New best validation loss: 1.0629 @ step 19
[GPU 0] [16:10:27] [INFO] New best validation loss: 1.0566 @ step 20
[GPU 0] [16:10:36] [INFO] New best validation loss: 1.0508 @ step 21
[GPU 0] [16:10:46] [INFO] New best validation loss: 1.0454 @ step 22
[GPU 0] [16:10:56] [INFO] New best validation loss: 1.0409 @ step 23
[GPU 0] [16:11:05] [INFO] New best validation loss: 1.0368 @ step 24
[GPU 0] [16:11:15] [INFO] New best validation loss: 1.0331 @ step 25
[GPU 0] [16:11:25] [INFO] New best validation loss: 1.0298 @ step 26
[GPU 0] [16:11:35] [INFO] New best validation loss: 1.0269 @ step 27
[GPU 0] [16:11:45] [INFO] New best validation loss: 1.0246 @ step 28
[GPU 0] [16:11:54] [INFO] New best validation loss: 1.0228 @ step 29
[GPU 0] [16:12:04] [INFO] New best validation loss: 1.0217 @ step 30
[GPU 0] [16:12:14] [INFO] New best validation loss: 1.0214 @ step 31
[GPU 0] [16:14:02] [INFO] Stop FT @ 43: no val improvement for 10 steps
[GPU 0] [16:14:02] [INFO] Wrote stats.jsonl entries at FT step 31 
[GPU 0] [16:14:25] [INFO] ---- Begin FT | Experts: ['core', 'papers-nuclear'] | Data: ['papers-biology'] ----
[GPU 0] [16:14:25] [DEBUG] num_seq: 512, num_rounds: 200, patience: 10
[GPU 0] [16:14:25] [DEBUG] local_x: torch.Size([64, 1024]), local_y: torch.Size([64, 1024]), num_steps: 6, per_gpu: 64, mbs_size: 12
[GPU 0] [16:14:34] [INFO] New best validation loss: 2.5006 @ step 0
[GPU 0] [16:14:44] [INFO] New best validation loss: 2.4567 @ step 1
[GPU 0] [16:14:53] [INFO] New best validation loss: 2.4524 @ step 2
[GPU 0] [16:16:42] [INFO] Stop FT @ 14: no val improvement for 10 steps
[GPU 0] [16:16:42] [INFO] Wrote stats.jsonl entries at FT step 2 
[GPU 0] [16:17:06] [INFO] ---- Begin FT | Experts: ['core', 'papers-nuclear'] | Data: ['papers-cyber'] ----
[GPU 0] [16:17:06] [DEBUG] num_seq: 512, num_rounds: 200, patience: 10
[GPU 0] [16:17:06] [DEBUG] local_x: torch.Size([64, 1024]), local_y: torch.Size([64, 1024]), num_steps: 6, per_gpu: 64, mbs_size: 12
[GPU 0] [16:17:15] [INFO] New best validation loss: 2.8031 @ step 0
[GPU 0] [16:17:25] [INFO] New best validation loss: 2.7230 @ step 1
[GPU 0] [16:17:34] [INFO] New best validation loss: 2.7181 @ step 2
[GPU 0] [16:19:21] [INFO] Stop FT @ 14: no val improvement for 10 steps
[GPU 0] [16:19:21] [INFO] Wrote stats.jsonl entries at FT step 2 
[GPU 0] [16:19:22] [INFO] ROUTED - ADVERSARIAL FT START (retained=['core', 'papers-cyber'], removed=['code-lisp', 'papers-biology', 'papers-nuclear'])
[GPU 0] [16:19:45] [INFO] ---- Begin FT | Experts: ['core', 'papers-cyber'] | Data: ['code-lisp'] ----
[GPU 0] [16:19:45] [DEBUG] num_seq: 512, num_rounds: 200, patience: 10
[GPU 0] [16:19:45] [DEBUG] local_x: torch.Size([64, 1024]), local_y: torch.Size([64, 1024]), num_steps: 6, per_gpu: 64, mbs_size: 12
[GPU 0] [16:19:54] [INFO] New best validation loss: 1.8038 @ step 0
[GPU 0] [16:20:04] [INFO] New best validation loss: 1.5668 @ step 1
[GPU 0] [16:20:14] [INFO] New best validation loss: 1.4304 @ step 2
[GPU 0] [16:20:23] [INFO] New best validation loss: 1.3438 @ step 3
[GPU 0] [16:20:33] [INFO] New best validation loss: 1.2957 @ step 4
[GPU 0] [16:20:43] [INFO] New best validation loss: 1.2675 @ step 5
[GPU 0] [16:20:53] [INFO] New best validation loss: 1.2428 @ step 6
[GPU 0] [16:21:02] [INFO] New best validation loss: 1.2162 @ step 7
[GPU 0] [16:21:12] [INFO] New best validation loss: 1.1920 @ step 8
[GPU 0] [16:21:22] [INFO] New best validation loss: 1.1729 @ step 9
[GPU 0] [16:21:32] [INFO] New best validation loss: 1.1574 @ step 10
[GPU 0] [16:21:42] [INFO] New best validation loss: 1.1431 @ step 11
[GPU 0] [16:21:52] [INFO] New best validation loss: 1.1296 @ step 12
[GPU 0] [16:22:01] [INFO] New best validation loss: 1.1169 @ step 13
[GPU 0] [16:22:11] [INFO] New best validation loss: 1.1057 @ step 14
[GPU 0] [16:22:21] [INFO] New best validation loss: 1.0955 @ step 15
[GPU 0] [16:22:31] [INFO] New best validation loss: 1.0861 @ step 16
[GPU 0] [16:22:41] [INFO] New best validation loss: 1.0772 @ step 17
[GPU 0] [16:22:50] [INFO] New best validation loss: 1.0692 @ step 18
[GPU 0] [16:23:01] [INFO] New best validation loss: 1.0623 @ step 19
[GPU 0] [16:23:11] [INFO] New best validation loss: 1.0558 @ step 20
[GPU 0] [16:23:21] [INFO] New best validation loss: 1.0502 @ step 21
[GPU 0] [16:23:30] [INFO] New best validation loss: 1.0450 @ step 22
[GPU 0] [16:23:40] [INFO] New best validation loss: 1.0401 @ step 23
[GPU 0] [16:23:50] [INFO] New best validation loss: 1.0361 @ step 24
[GPU 0] [16:24:00] [INFO] New best validation loss: 1.0324 @ step 25
[GPU 0] [16:24:10] [INFO] New best validation loss: 1.0290 @ step 26
[GPU 0] [16:24:20] [INFO] New best validation loss: 1.0261 @ step 27
[GPU 0] [16:24:30] [INFO] New best validation loss: 1.0238 @ step 28
[GPU 0] [16:24:40] [INFO] New best validation loss: 1.0220 @ step 29
[GPU 0] [16:24:49] [INFO] New best validation loss: 1.0210 @ step 30
[GPU 0] [16:24:59] [INFO] New best validation loss: 1.0207 @ step 31
[GPU 0] [16:26:48] [INFO] Stop FT @ 43: no val improvement for 10 steps
[GPU 0] [16:26:48] [INFO] Wrote stats.jsonl entries at FT step 31 
[GPU 0] [16:27:11] [INFO] ---- Begin FT | Experts: ['core', 'papers-cyber'] | Data: ['papers-biology'] ----
[GPU 0] [16:27:11] [DEBUG] num_seq: 512, num_rounds: 200, patience: 10
[GPU 0] [16:27:11] [DEBUG] local_x: torch.Size([64, 1024]), local_y: torch.Size([64, 1024]), num_steps: 6, per_gpu: 64, mbs_size: 12
[GPU 0] [16:27:20] [INFO] New best validation loss: 2.5002 @ step 0
[GPU 0] [16:27:30] [INFO] New best validation loss: 2.4555 @ step 1
[GPU 0] [16:27:39] [INFO] New best validation loss: 2.4510 @ step 2
[GPU 0] [16:29:26] [INFO] Stop FT @ 14: no val improvement for 10 steps
[GPU 0] [16:29:26] [INFO] Wrote stats.jsonl entries at FT step 2 
[GPU 0] [16:29:50] [INFO] ---- Begin FT | Experts: ['core', 'papers-cyber'] | Data: ['papers-nuclear'] ----
[GPU 0] [16:29:50] [DEBUG] num_seq: 512, num_rounds: 200, patience: 10
[GPU 0] [16:29:50] [DEBUG] local_x: torch.Size([64, 1024]), local_y: torch.Size([64, 1024]), num_steps: 6, per_gpu: 64, mbs_size: 12
[GPU 0] [16:30:00] [INFO] New best validation loss: 2.9186 @ step 0
[GPU 0] [16:30:10] [INFO] New best validation loss: 2.8187 @ step 1
[GPU 0] [16:30:20] [INFO] New best validation loss: 2.8085 @ step 2
[GPU 0] [16:32:07] [INFO] Stop FT @ 14: no val improvement for 10 steps
[GPU 0] [16:32:08] [INFO] Wrote stats.jsonl entries at FT step 2 
[GPU 0] [16:32:09] [INFO] Elicit-only run finished for 20260518005918805731
