[GPU 0] [06:15:21] [INFO] Git branch: AGI-1696-New-Dataset-Runs_ethan, commit: 1ae4a80cce35a14d392aa72af72702fa9d2bd41f
[GPU 0] [06:15:21] [INFO] Number of GPUs: 8
[GPU 0] [06:15:23] [INFO] Tokenizer vocabulary: 50257
[GPU 0] [06:15:23] [INFO] Set model vocab size to nearest multiple of 64 of tokenizer size: 50304
[GPU 0] [06:15:35] [INFO] target effective batch size: 641, actual effective batch size: 672, micro batch size: 12, accumulation steps: 7, num gpus: 8
[GPU 0] [06:15:35] [INFO] core total number of tokens: 66749057569
[GPU 0] [06:15:35] [INFO] Baseline model has 806,509,504 parameters
[GPU 0] [06:15:35] [INFO] core: chinchilla optimal tokens: 16,130,190,080, requested proportion: 1.0000, requested number of tokens: 16,130,190,080.0, 
[GPU 0] [06:15:35] [INFO] aux total number of tokens: 4835776549
[GPU 0] [06:15:35] [INFO] Baseline model has 806,509,504 parameters
[GPU 0] [06:15:35] [INFO] aux: chinchilla optimal tokens: 16,130,190,080, requested proportion: 0.0100, requested number of tokens: 161,301,900.8, 
[GPU 0] [06:15:36] [DEBUG] Saved config to /workspace-vast/ethanr/gradient-routing/experiments/AGI-1699-New-Dataset-Runs/results/scaling/realistic/coreftaux/800M/seed_3/20260519061519484116/config.json
[GPU 0] [06:15:36] [DEBUG] {
    "stages": [
        {
            "name": "coreftaux",
            "num_checkpoints": -1,
            "lr": 0.0005663534909876918,
            "res_dir": "/workspace-vast/ethanr/gradient-routing/experiments/AGI-1699-New-Dataset-Runs/results/scaling/realistic/coreftaux/800M/seed_3/20260519061519484116/coreftaux",
            "acc_mode": "uniform",
            "do_eval": true,
            "do_sample": false,
            "num_train_evals": 0,
            "do_elicit": true,
            "elicit_eval_prc": 0.5,
            "elicit_num_evals": 100,
            "retain_targets": null,
            "aux_factor": 0.3,
            "core_aux_ratio": 4.0,
            "label_prc": 1.0,
            "ft_lr_factor": 0.25
        }
    ],
    "model": {
        "arch": "base",
        "tokenizer": "GPT2Tokenizer(name_or_path='EleutherAI/gpt-neo-125M', vocab_size=50257, model_max_length=2048, padding_side='right', truncation_side='right', special_tokens={'bos_token': '<|endoftext|>', 'eos_token': '<|endoftext|>', 'unk_token': '<|endoftext|>'}, added_tokens_decoder={\n\t50256: AddedToken(\"<|endoftext|>\", rstrip=False, lstrip=False, single_word=False, normalized=True, special=True),\n}\n)",
        "ctx_len": 1024,
        "vocab_size": 50304,
        "num_layers": 24,
        "num_heads": 8,
        "num_key_value": 2,
        "attn_bias": true,
        "eos_token_id": 50256,
        "embed_dim": 1600,
        "mlp_dim": 6400
    },
    "data": {
        "dirs": [
            "/workspace-vast/ethanr/gradient-routing/experiments/AGI-1699-New-Dataset-Runs/src/data/fineweb",
            "/workspace-vast/ethanr/gradient-routing/experiments/AGI-1699-New-Dataset-Runs/src/data/code",
            "/workspace-vast/ethanr/gradient-routing/experiments/AGI-1699-New-Dataset-Runs/src/data/papers"
        ],
        "core": {
            "labels": [
                "fineweb",
                "code-other",
                "papers-other"
            ],
            "method": "optimal",
            "limit": 1.0,
            "dist": {
                "fineweb": 0.84,
                "code-other": 0.15,
                "papers-other": 0.01
            },
            "num_tok": 16130190080.0
        },
        "aux": {
            "labels": [
                "code-lisp",
                "papers-biology",
                "papers-nuclear",
                "papers-cyber"
            ],
            "method": "optimal",
            "limit": 0.01,
            "dist": {
                "code-lisp": 0.25,
                "papers-biology": 0.25,
                "papers-nuclear": 0.25,
                "papers-cyber": 0.25
            },
            "num_tok": 161301900.8
        }
    },
    "run": {
        "target_effective_batch_size": 641,
        "effective_batch_size": 672,
        "micro_batch_size": 12,
        "accumulation_steps": 7,
        "max_num_test_sequences": 10000,
        "eval_all_labels": false,
        "micro_batch_anchors": [
            [
                400000000.0,
                23
            ],
            [
                5000000000.0,
                2
            ]
        ],
        "epochs": 1,
        "adam_betas": [
            0.9,
            0.95
        ],
        "warmup_prc": 0.02,
        "decay_prc": 0.1,
        "seed": 3,
        "compile": true,
        "find_unused_parameters": true,
        "is_ddp": true,
        "cleanup_distributed": false,
        "log_level": "DEBUG",
        "num_gpus": 8,
        "process_id": 0,
        "num_base_params": 806509504,
        "device": "cuda",
        "logger": "<Logger training_20260519061519484116 (DEBUG)>",
        "labels": [
            "core",
            "code-lisp",
            "papers-biology",
            "papers-cyber",
            "papers-nuclear"
        ],
        "loaders": {
            "code-lisp": {
                "train": "SingleDataLoader(code-lisp_train_001.bin, len=410)",
                "test": "InterleavedDataLoader(len=105)"
            },
            "code-other": {
                "train": "InterleavedDataLoader(len=24612)",
                "test": "InterleavedDataLoader(len=105)"
            },
            "fineweb": {
                "train": "InterleavedDataLoader(len=137831)",
                "test": "InterleavedDataLoader(len=105)"
            },
            "papers-biology": {
                "train": "SingleDataLoader(papers-biology_train.bin, len=410)",
                "test": "SingleDataLoader(papers-biology_test.bin, len=105)"
            },
            "papers-cyber": {
                "train": "SingleDataLoader(papers-cyber_train.bin, len=410)",
                "test": "SingleDataLoader(papers-cyber_test.bin, len=105)"
            },
            "papers-nuclear": {
                "train": "SingleDataLoader(papers-nuclear_train.bin, len=410)",
                "test": "SingleDataLoader(papers-nuclear_test.bin, len=105)"
            },
            "papers-other": {
                "train": "SingleDataLoader(papers-other_train.bin, len=1640)",
                "test": "SingleDataLoader(papers-other_test.bin, len=105)"
            },
            "core": {
                "train": "InterleavedDataLoader(len=164083)",
                "test": "InterleavedDataLoader(len=315)"
            },
            "aux": {
                "train": "InterleavedDataLoader(len=1640)",
                "test": "InterleavedDataLoader(len=420)"
            },
            "all": {
                "train": "InterleavedDataLoader(len=165723)",
                "test": "InterleavedDataLoader(len=735)"
            }
        },
        "res_root": "/workspace-vast/ethanr/gradient-routing/experiments/AGI-1699-New-Dataset-Runs/results/scaling/realistic/coreftaux/800M/seed_3",
        "experiment_id": "20260519061519484116",
        "s3_bucket": "ae-gradient-routing-results",
        "s3_prefix": "scaling/realistic/coreftaux/800M/seed_3"
    },
    "label_prc": 1.0
}
[GPU 0] [06:15:36] [INFO] Loader code-lisp train: 410, test: 105
[GPU 0] [06:15:36] [INFO] Loader code-other train: 24612, test: 105
[GPU 0] [06:15:36] [INFO] Loader fineweb train: 137831, test: 105
[GPU 0] [06:15:36] [INFO] Loader papers-biology train: 410, test: 105
[GPU 0] [06:15:36] [INFO] Loader papers-cyber train: 410, test: 105
[GPU 0] [06:15:36] [INFO] Loader papers-nuclear train: 410, test: 105
[GPU 0] [06:15:36] [INFO] Loader papers-other train: 1640, test: 105
[GPU 0] [06:15:36] [INFO] Loader core train: 164083, test: 315
[GPU 0] [06:15:36] [INFO] Loader aux train: 1640, test: 420
[GPU 0] [06:15:36] [INFO] Loader all train: 165723, test: 735
[GPU 0] [06:15:36] [INFO] Stage [coreftaux] start: {"name": "coreftaux", "num_checkpoints": -1, "lr": 0.0005663534909876918, "res_dir": "/workspace-vast/ethanr/gradient-routing/experiments/AGI-1699-New-Dataset-Runs/results/scaling/realistic/coreftaux/800M/seed_3/20260519061519484116/coreftaux", "acc_mode": "uniform", "do_eval": true, "do_sample": false, "num_train_evals": 0, "do_elicit": true, "elicit_eval_prc": 0.5, "elicit_num_evals": 100, "retain_targets": null, "aux_factor": 0.3, "core_aux_ratio": 4.0, "label_prc": 1.0, "ft_lr_factor": 0.25}
[GPU 0] [06:15:36] [INFO] CORE FT AUX - BASE PHASE START
[GPU 0] [06:15:55] [INFO] Initialized BaseTransformer with 806,509,504 total parameters
[GPU 0] [06:15:55] [INFO] Compiling BaseTransformer with torch.compile...
[GPU 0] [06:15:55] [INFO] torch.compile done
[GPU 0] [06:15:55] [WARNING] restore_partial_state: no checkpoint found at /workspace-vast/ethanr/gradient-routing/experiments/AGI-1699-New-Dataset-Runs/results/scaling/realistic/coreftaux/800M/seed_3/20260519061519484116/coreftaux/core
[GPU 0] [06:15:55] [INFO] ---- Begin CoreFTAux | Phase: base | Data Label: core ----
[GPU 0] [06:15:55] [DEBUG] acc_mode: uniform, label_prc: 1.0, lr: 0.0005663534909876918
[GPU 0] [06:15:55] [INFO] 
len_all: 165723, len_all_labeled: 165723, len_all_unlabeled: 0,
len_base: 163263, len_ft: 2460,
len_core_for_ft: 1968, len_aux_for_ft: 492,
aux_factor: {'code-lisp': 0.3, 'papers-biology': 0.3, 'papers-nuclear': 0.3, 'papers-cyber': 0.3}, core_aux_ratio: 4.0,
[GPU 0] [06:15:55] [INFO] Batch [core] count: 163261
[GPU 0] [06:15:55] [INFO] warmup_steps: 466
[GPU 0] [06:15:55] [INFO] constant_steps: 20525
[GPU 0] [06:15:55] [INFO] decay_steps: 2332
[GPU 0] [06:15:55] [INFO] LR Scheduler: Warmup Start
[GPU 0] [06:16:31] [INFO] Step: 1, LR: 1.23e-06
[GPU 0] [06:16:31] [INFO] Train Loss: CORE: 11.11 CODE-LISP: nan PAPERS-BIOLOGY: nan PAPERS-CYBER: nan PAPERS-NUCLEAR: nan 
[GPU 0] [06:32:02] [INFO] LR Scheduler: Constant Start
[GPU 0] [06:49:06] [INFO] Step: 1000, LR: 5.66e-04
[GPU 0] [06:49:06] [INFO] Train Loss: CORE: 3.28 CODE-LISP: nan PAPERS-BIOLOGY: nan PAPERS-CYBER: nan PAPERS-NUCLEAR: nan 
[GPU 0] [07:20:33] [INFO] Step: 2000, LR: 5.66e-04
[GPU 0] [07:20:33] [INFO] Train Loss: CORE: 2.54 CODE-LISP: nan PAPERS-BIOLOGY: nan PAPERS-CYBER: nan PAPERS-NUCLEAR: nan 
[GPU 0] [07:51:55] [INFO] Step: 3000, LR: 5.66e-04
[GPU 0] [07:51:55] [INFO] Train Loss: CORE: 2.77 CODE-LISP: nan PAPERS-BIOLOGY: nan PAPERS-CYBER: nan PAPERS-NUCLEAR: nan 
[GPU 0] [08:23:12] [INFO] Step: 4000, LR: 5.66e-04
[GPU 0] [08:23:12] [INFO] Train Loss: CORE: 3.07 CODE-LISP: nan PAPERS-BIOLOGY: nan PAPERS-CYBER: nan PAPERS-NUCLEAR: nan 
[GPU 0] [08:54:32] [INFO] Step: 5000, LR: 5.66e-04
[GPU 0] [08:54:32] [INFO] Train Loss: CORE: 2.93 CODE-LISP: nan PAPERS-BIOLOGY: nan PAPERS-CYBER: nan PAPERS-NUCLEAR: nan 
[GPU 0] [09:25:48] [INFO] Step: 6000, LR: 5.66e-04
[GPU 0] [09:25:48] [INFO] Train Loss: CORE: 2.26 CODE-LISP: nan PAPERS-BIOLOGY: nan PAPERS-CYBER: nan PAPERS-NUCLEAR: nan 
[GPU 0] [09:57:06] [INFO] Step: 7000, LR: 5.66e-04
[GPU 0] [09:57:06] [INFO] Train Loss: CORE: 2.50 CODE-LISP: nan PAPERS-BIOLOGY: nan PAPERS-CYBER: nan PAPERS-NUCLEAR: nan 
[GPU 0] [10:28:24] [INFO] Step: 8000, LR: 5.66e-04
[GPU 0] [10:28:24] [INFO] Train Loss: CORE: 2.43 CODE-LISP: nan PAPERS-BIOLOGY: nan PAPERS-CYBER: nan PAPERS-NUCLEAR: nan 
[GPU 0] [10:59:40] [INFO] Step: 9000, LR: 5.66e-04
[GPU 0] [10:59:40] [INFO] Train Loss: CORE: 2.70 CODE-LISP: nan PAPERS-BIOLOGY: nan PAPERS-CYBER: nan PAPERS-NUCLEAR: nan 
[GPU 0] [11:30:59] [INFO] Step: 10000, LR: 5.66e-04
[GPU 0] [11:30:59] [INFO] Train Loss: CORE: 2.16 CODE-LISP: nan PAPERS-BIOLOGY: nan PAPERS-CYBER: nan PAPERS-NUCLEAR: nan 
[GPU 0] [12:02:16] [INFO] Step: 11000, LR: 5.66e-04
[GPU 0] [12:02:16] [INFO] Train Loss: CORE: 2.85 CODE-LISP: nan PAPERS-BIOLOGY: nan PAPERS-CYBER: nan PAPERS-NUCLEAR: nan 
[GPU 0] [12:33:34] [INFO] Step: 12000, LR: 5.66e-04
[GPU 0] [12:33:34] [INFO] Train Loss: CORE: 2.58 CODE-LISP: nan PAPERS-BIOLOGY: nan PAPERS-CYBER: nan PAPERS-NUCLEAR: nan 
[GPU 0] [13:04:53] [INFO] Step: 13000, LR: 5.66e-04
[GPU 0] [13:04:53] [INFO] Train Loss: CORE: 2.83 CODE-LISP: nan PAPERS-BIOLOGY: nan PAPERS-CYBER: nan PAPERS-NUCLEAR: nan 
[GPU 0] [13:36:09] [INFO] Step: 14000, LR: 5.66e-04
[GPU 0] [13:36:09] [INFO] Train Loss: CORE: 2.60 CODE-LISP: nan PAPERS-BIOLOGY: nan PAPERS-CYBER: nan PAPERS-NUCLEAR: nan 
[GPU 0] [14:07:28] [INFO] Step: 15000, LR: 5.66e-04
[GPU 0] [14:07:28] [INFO] Train Loss: CORE: 2.38 CODE-LISP: nan PAPERS-BIOLOGY: nan PAPERS-CYBER: nan PAPERS-NUCLEAR: nan 
[GPU 0] [14:38:44] [INFO] Step: 16000, LR: 5.66e-04
[GPU 0] [14:38:44] [INFO] Train Loss: CORE: 2.33 CODE-LISP: nan PAPERS-BIOLOGY: nan PAPERS-CYBER: nan PAPERS-NUCLEAR: nan 
[GPU 0] [15:10:02] [INFO] Step: 17000, LR: 5.66e-04
[GPU 0] [15:10:02] [INFO] Train Loss: CORE: 2.58 CODE-LISP: nan PAPERS-BIOLOGY: nan PAPERS-CYBER: nan PAPERS-NUCLEAR: nan 
[GPU 0] [15:41:21] [INFO] Step: 18000, LR: 5.66e-04
[GPU 0] [15:41:21] [INFO] Train Loss: CORE: 2.36 CODE-LISP: nan PAPERS-BIOLOGY: nan PAPERS-CYBER: nan PAPERS-NUCLEAR: nan 
[GPU 0] [16:12:37] [INFO] Step: 19000, LR: 5.66e-04
[GPU 0] [16:12:37] [INFO] Train Loss: CORE: 2.61 CODE-LISP: nan PAPERS-BIOLOGY: nan PAPERS-CYBER: nan PAPERS-NUCLEAR: nan 
[GPU 0] [16:43:56] [INFO] Step: 20000, LR: 5.66e-04
[GPU 0] [16:43:56] [INFO] Train Loss: CORE: 2.10 CODE-LISP: nan PAPERS-BIOLOGY: nan PAPERS-CYBER: nan PAPERS-NUCLEAR: nan 
[GPU 0] [17:14:58] [INFO] LR Scheduler: Decay Start
[GPU 0] [17:15:14] [INFO] Step: 21000, LR: 5.64e-04
[GPU 0] [17:15:14] [INFO] Train Loss: CORE: 1.66 CODE-LISP: nan PAPERS-BIOLOGY: nan PAPERS-CYBER: nan PAPERS-NUCLEAR: nan 
[GPU 0] [17:46:33] [INFO] Step: 22000, LR: 3.21e-04
[GPU 0] [17:46:33] [INFO] Train Loss: CORE: 2.44 CODE-LISP: nan PAPERS-BIOLOGY: nan PAPERS-CYBER: nan PAPERS-NUCLEAR: nan 
[GPU 0] [18:17:48] [INFO] Step: 23000, LR: 7.85e-05
[GPU 0] [18:17:48] [INFO] Train Loss: CORE: 2.68 CODE-LISP: nan PAPERS-BIOLOGY: nan PAPERS-CYBER: nan PAPERS-NUCLEAR: nan 
[GPU 0] [18:27:56] [INFO] Step: 23323, LR: 1.00e-08
[GPU 0] [18:27:56] [INFO] Train Loss: CORE: 2.47 CODE-LISP: nan PAPERS-BIOLOGY: nan PAPERS-CYBER: nan PAPERS-NUCLEAR: nan 
[GPU 0] [18:28:19] [INFO] ---- Begin Eval ----
[GPU 0] [18:28:19] [INFO] Data: core | Experts: None
[GPU 0] [18:29:28] [INFO] loss: 1.87894034
[GPU 0] [18:29:28] [INFO] Data: code-lisp | Experts: None
[GPU 0] [18:29:35] [INFO] loss: 1.41562951
[GPU 0] [18:29:35] [INFO] Data: papers-biology | Experts: None
[GPU 0] [18:29:41] [INFO] loss: 2.46711302
[GPU 0] [18:29:41] [INFO] Data: papers-nuclear | Experts: None
[GPU 0] [18:29:47] [INFO] loss: 2.84246635
[GPU 0] [18:29:47] [INFO] Data: papers-cyber | Experts: None
[GPU 0] [18:29:53] [INFO] loss: 2.70574760
[GPU 0] [18:29:59] [INFO] CORE FT AUX - BASE PHASE - ADVERSARIAL FT START
[GPU 0] [18:30:12] [INFO] ---- Begin FT | Experts: None | Data: ['code-lisp'] ----
[GPU 0] [18:30:12] [DEBUG] num_seq: 512, num_rounds: 200, patience: 10
[GPU 0] [18:30:12] [DEBUG] local_x: torch.Size([64, 1024]), local_y: torch.Size([64, 1024]), num_steps: 6, per_gpu: 64, mbs_size: 12
[GPU 0] [18:31:01] [INFO] New best validation loss: 1.5346 @ step 0
[GPU 0] [18:31:17] [INFO] New best validation loss: 1.3855 @ step 1
[GPU 0] [18:31:32] [INFO] New best validation loss: 1.2986 @ step 2
[GPU 0] [18:31:49] [INFO] New best validation loss: 1.2522 @ step 3
[GPU 0] [18:32:06] [INFO] New best validation loss: 1.2213 @ step 4
[GPU 0] [18:32:23] [INFO] New best validation loss: 1.1973 @ step 5
[GPU 0] [18:32:40] [INFO] New best validation loss: 1.1771 @ step 6
[GPU 0] [18:32:56] [INFO] New best validation loss: 1.1619 @ step 7
[GPU 0] [18:33:14] [INFO] New best validation loss: 1.1475 @ step 8
[GPU 0] [18:33:31] [INFO] New best validation loss: 1.1336 @ step 9
[GPU 0] [18:33:47] [INFO] New best validation loss: 1.1200 @ step 10
[GPU 0] [18:34:04] [INFO] New best validation loss: 1.1072 @ step 11
[GPU 0] [18:34:21] [INFO] New best validation loss: 1.0975 @ step 12
[GPU 0] [18:34:37] [INFO] New best validation loss: 1.0887 @ step 13
[GPU 0] [18:34:54] [INFO] New best validation loss: 1.0802 @ step 14
[GPU 0] [18:35:10] [INFO] New best validation loss: 1.0729 @ step 15
[GPU 0] [18:35:27] [INFO] New best validation loss: 1.0662 @ step 16
[GPU 0] [18:35:44] [INFO] New best validation loss: 1.0590 @ step 17
[GPU 0] [18:36:01] [INFO] New best validation loss: 1.0525 @ step 18
[GPU 0] [18:36:17] [INFO] New best validation loss: 1.0465 @ step 19
[GPU 0] [18:36:34] [INFO] New best validation loss: 1.0417 @ step 20
[GPU 0] [18:36:50] [INFO] New best validation loss: 1.0385 @ step 21
[GPU 0] [18:37:06] [INFO] New best validation loss: 1.0363 @ step 22
[GPU 0] [18:37:23] [INFO] New best validation loss: 1.0349 @ step 23
[GPU 0] [18:37:39] [INFO] New best validation loss: 1.0339 @ step 24
[GPU 0] [18:37:56] [INFO] New best validation loss: 1.0324 @ step 25
[GPU 0] [18:38:14] [INFO] New best validation loss: 1.0314 @ step 26
[GPU 0] [18:38:31] [INFO] New best validation loss: 1.0311 @ step 27
[GPU 0] [18:41:37] [INFO] Stop FT @ 39: no val improvement for 10 steps
[GPU 0] [18:41:37] [INFO] Wrote stats.jsonl entries at FT step 27 
[GPU 0] [18:41:52] [INFO] ---- Begin FT | Experts: None | Data: ['papers-biology'] ----
[GPU 0] [18:41:52] [DEBUG] num_seq: 512, num_rounds: 200, patience: 10
[GPU 0] [18:41:52] [DEBUG] local_x: torch.Size([64, 1024]), local_y: torch.Size([64, 1024]), num_steps: 6, per_gpu: 64, mbs_size: 12
[GPU 0] [18:42:08] [INFO] New best validation loss: 2.6151 @ step 0
[GPU 0] [18:42:24] [INFO] New best validation loss: 2.4820 @ step 1
[GPU 0] [18:42:40] [INFO] New best validation loss: 2.4812 @ step 2
[GPU 0] [18:43:47] [INFO] New best validation loss: 2.4794 @ step 6
[GPU 0] [18:44:04] [INFO] New best validation loss: 2.4792 @ step 7
[GPU 0] [18:47:14] [INFO] Stop FT @ 19: no val improvement for 10 steps
[GPU 0] [18:47:14] [INFO] Wrote stats.jsonl entries at FT step 7 
[GPU 0] [18:47:30] [INFO] ---- Begin FT | Experts: None | Data: ['papers-cyber'] ----
[GPU 0] [18:47:30] [DEBUG] num_seq: 512, num_rounds: 200, patience: 10
[GPU 0] [18:47:30] [DEBUG] local_x: torch.Size([64, 1024]), local_y: torch.Size([64, 1024]), num_steps: 6, per_gpu: 64, mbs_size: 12
[GPU 0] [18:47:45] [INFO] New best validation loss: 2.7920 @ step 0
[GPU 0] [18:48:01] [INFO] New best validation loss: 2.7241 @ step 1
[GPU 0] [18:51:08] [INFO] Stop FT @ 13: no val improvement for 10 steps
[GPU 0] [18:51:08] [INFO] Wrote stats.jsonl entries at FT step 1 
[GPU 0] [18:51:23] [INFO] ---- Begin FT | Experts: None | Data: ['papers-nuclear'] ----
[GPU 0] [18:51:23] [DEBUG] num_seq: 512, num_rounds: 200, patience: 10
[GPU 0] [18:51:23] [DEBUG] local_x: torch.Size([64, 1024]), local_y: torch.Size([64, 1024]), num_steps: 6, per_gpu: 64, mbs_size: 12
[GPU 0] [18:51:38] [INFO] New best validation loss: 3.0149 @ step 0
[GPU 0] [18:51:54] [INFO] New best validation loss: 2.8564 @ step 1
[GPU 0] [18:52:11] [INFO] New best validation loss: 2.8344 @ step 2
[GPU 0] [18:55:14] [INFO] Stop FT @ 14: no val improvement for 10 steps
[GPU 0] [18:55:14] [INFO] Wrote stats.jsonl entries at FT step 2 
[GPU 0] [18:55:29] [INFO] CORE FT AUX - AUX PHASE: code-lisp
[GPU 0] [18:55:30] [WARNING] restore_partial_state: no checkpoint found at /workspace-vast/ethanr/gradient-routing/experiments/AGI-1699-New-Dataset-Runs/results/scaling/realistic/coreftaux/800M/seed_3/20260519061519484116/coreftaux/core_code-lisp
[GPU 0] [18:55:30] [INFO] ---- Begin CoreFTAux | Phase: ft | Data Label: code-lisp ----
[GPU 0] [18:55:30] [DEBUG] acc_mode: uniform, label_prc: 1.0, lr: 0.00014158837274692295
[GPU 0] [18:55:30] [INFO] 
len_all: 165723, len_all_labeled: 165723, len_all_unlabeled: 0,
len_base: 163263, len_ft: 2460,
len_core_for_ft: 1968, len_aux_for_ft: 492,
aux_factor: {'code-lisp': 0.3, 'papers-biology': 0.3, 'papers-nuclear': 0.3, 'papers-cyber': 0.3}, core_aux_ratio: 4.0,
[GPU 0] [18:55:30] [INFO] Batch [code-lisp] count: 122
[GPU 0] [18:55:30] [INFO] Batch [core] count: 487
[GPU 0] [18:55:30] [INFO] warmup_steps: 2
[GPU 0] [18:55:30] [INFO] constant_steps: 76
[GPU 0] [18:55:30] [INFO] decay_steps: 9
[GPU 0] [18:55:30] [INFO] LR Scheduler: Warmup Start
[GPU 0] [18:55:36] [INFO] Step: 1, LR: 7.08e-05
[GPU 0] [18:55:36] [INFO] Train Loss: CORE: 1.75 CODE-LISP: nan PAPERS-BIOLOGY: nan PAPERS-CYBER: nan PAPERS-NUCLEAR: nan 
[GPU 0] [18:55:38] [INFO] LR Scheduler: Constant Start
[GPU 0] [18:58:05] [INFO] LR Scheduler: Decay Start
[GPU 0] [18:58:22] [INFO] Step: 87, LR: 1.00e-08
[GPU 0] [18:58:22] [INFO] Train Loss: CORE: 2.66 CODE-LISP: 1.12 PAPERS-BIOLOGY: nan PAPERS-CYBER: nan PAPERS-NUCLEAR: nan 
[GPU 0] [18:58:50] [INFO] ---- Begin Eval ----
[GPU 0] [18:58:50] [INFO] Data: core | Experts: None
[GPU 0] [18:59:21] [INFO] loss: 1.88706899
[GPU 0] [18:59:21] [INFO] Data: code-lisp | Experts: None
[GPU 0] [18:59:27] [INFO] loss: 1.11760604
[GPU 0] [18:59:27] [INFO] Data: papers-biology | Experts: None
[GPU 0] [18:59:33] [INFO] loss: 2.47338152
[GPU 0] [18:59:33] [INFO] Data: papers-nuclear | Experts: None
[GPU 0] [18:59:40] [INFO] loss: 2.85078144
[GPU 0] [18:59:40] [INFO] Data: papers-cyber | Experts: None
[GPU 0] [18:59:46] [INFO] loss: 2.71543884
[GPU 0] [18:59:49] [INFO] CORE FT AUX - AUX PHASE: code-lisp - ADVERSARIAL FT START
[GPU 0] [19:00:01] [INFO] ---- Begin FT | Experts: None | Data: ['papers-biology'] ----
[GPU 0] [19:00:01] [DEBUG] num_seq: 512, num_rounds: 200, patience: 10
[GPU 0] [19:00:01] [DEBUG] local_x: torch.Size([64, 1024]), local_y: torch.Size([64, 1024]), num_steps: 6, per_gpu: 64, mbs_size: 12
[GPU 0] [19:00:20] [INFO] New best validation loss: 2.5609 @ step 0
[GPU 0] [19:00:36] [INFO] New best validation loss: 2.4876 @ step 1
[GPU 0] [19:00:52] [INFO] New best validation loss: 2.4824 @ step 2
[GPU 0] [19:01:42] [INFO] New best validation loss: 2.4811 @ step 5
[GPU 0] [19:01:58] [INFO] New best validation loss: 2.4786 @ step 6
[GPU 0] [19:05:05] [INFO] Stop FT @ 18: no val improvement for 10 steps
[GPU 0] [19:05:05] [INFO] Wrote stats.jsonl entries at FT step 6 
[GPU 0] [19:05:20] [INFO] ---- Begin FT | Experts: None | Data: ['papers-cyber'] ----
[GPU 0] [19:05:20] [DEBUG] num_seq: 512, num_rounds: 200, patience: 10
[GPU 0] [19:05:20] [DEBUG] local_x: torch.Size([64, 1024]), local_y: torch.Size([64, 1024]), num_steps: 6, per_gpu: 64, mbs_size: 12
[GPU 0] [19:05:35] [INFO] New best validation loss: 2.8052 @ step 0
[GPU 0] [19:05:51] [INFO] New best validation loss: 2.7296 @ step 1
[GPU 0] [19:08:53] [INFO] Stop FT @ 13: no val improvement for 10 steps
[GPU 0] [19:08:53] [INFO] Wrote stats.jsonl entries at FT step 1 
[GPU 0] [19:09:08] [INFO] ---- Begin FT | Experts: None | Data: ['papers-nuclear'] ----
[GPU 0] [19:09:08] [DEBUG] num_seq: 512, num_rounds: 200, patience: 10
[GPU 0] [19:09:08] [DEBUG] local_x: torch.Size([64, 1024]), local_y: torch.Size([64, 1024]), num_steps: 6, per_gpu: 64, mbs_size: 12
[GPU 0] [19:09:23] [INFO] New best validation loss: 3.0018 @ step 0
[GPU 0] [19:09:39] [INFO] New best validation loss: 2.8541 @ step 1
[GPU 0] [19:09:55] [INFO] New best validation loss: 2.8359 @ step 2
[GPU 0] [19:13:02] [INFO] Stop FT @ 14: no val improvement for 10 steps
[GPU 0] [19:13:02] [INFO] Wrote stats.jsonl entries at FT step 2 
[GPU 0] [19:13:17] [INFO] CORE FT AUX - AUX PHASE: papers-biology
[GPU 0] [19:13:17] [WARNING] restore_partial_state: no checkpoint found at /workspace-vast/ethanr/gradient-routing/experiments/AGI-1699-New-Dataset-Runs/results/scaling/realistic/coreftaux/800M/seed_3/20260519061519484116/coreftaux/core_papers-biology
[GPU 0] [19:13:17] [INFO] ---- Begin CoreFTAux | Phase: ft | Data Label: papers-biology ----
[GPU 0] [19:13:17] [DEBUG] acc_mode: uniform, label_prc: 1.0, lr: 0.00014158837274692295
[GPU 0] [19:13:17] [INFO] 
len_all: 165723, len_all_labeled: 165723, len_all_unlabeled: 0,
len_base: 163263, len_ft: 2460,
len_core_for_ft: 1968, len_aux_for_ft: 492,
aux_factor: {'code-lisp': 0.3, 'papers-biology': 0.3, 'papers-nuclear': 0.3, 'papers-cyber': 0.3}, core_aux_ratio: 4.0,
[GPU 0] [19:13:17] [INFO] Batch [core] count: 487
[GPU 0] [19:13:17] [INFO] Batch [papers-biology] count: 122
[GPU 0] [19:13:17] [INFO] warmup_steps: 2
[GPU 0] [19:13:17] [INFO] constant_steps: 76
[GPU 0] [19:13:17] [INFO] decay_steps: 9
[GPU 0] [19:13:17] [INFO] LR Scheduler: Warmup Start
[GPU 0] [19:13:23] [INFO] Step: 1, LR: 7.08e-05
[GPU 0] [19:13:23] [INFO] Train Loss: CORE: nan CODE-LISP: nan PAPERS-BIOLOGY: 2.48 PAPERS-CYBER: nan PAPERS-NUCLEAR: nan 
[GPU 0] [19:13:25] [INFO] LR Scheduler: Constant Start
[GPU 0] [19:15:52] [INFO] LR Scheduler: Decay Start
[GPU 0] [19:16:09] [INFO] Step: 87, LR: 1.00e-08
[GPU 0] [19:16:09] [INFO] Train Loss: CORE: 2.44 CODE-LISP: nan PAPERS-BIOLOGY: 2.37 PAPERS-CYBER: nan PAPERS-NUCLEAR: nan 
[GPU 0] [19:16:46] [INFO] ---- Begin Eval ----
[GPU 0] [19:16:46] [INFO] Data: core | Experts: None
[GPU 0] [19:17:04] [INFO] loss: 1.88284361
[GPU 0] [19:17:04] [INFO] Data: code-lisp | Experts: None
[GPU 0] [19:17:11] [INFO] loss: 1.41825712
[GPU 0] [19:17:11] [INFO] Data: papers-biology | Experts: None
[GPU 0] [19:17:17] [INFO] loss: 2.39417791
[GPU 0] [19:17:17] [INFO] Data: papers-nuclear | Experts: None
[GPU 0] [19:17:23] [INFO] loss: 2.83521199
[GPU 0] [19:17:23] [INFO] Data: papers-cyber | Experts: None
[GPU 0] [19:17:29] [INFO] loss: 2.71036077
[GPU 0] [19:17:35] [INFO] CORE FT AUX - AUX PHASE: papers-biology - ADVERSARIAL FT START
[GPU 0] [19:17:47] [INFO] ---- Begin FT | Experts: None | Data: ['code-lisp'] ----
[GPU 0] [19:17:47] [DEBUG] num_seq: 512, num_rounds: 200, patience: 10
[GPU 0] [19:17:47] [DEBUG] local_x: torch.Size([64, 1024]), local_y: torch.Size([64, 1024]), num_steps: 6, per_gpu: 64, mbs_size: 12
[GPU 0] [19:18:02] [INFO] New best validation loss: 1.5204 @ step 0
[GPU 0] [19:18:18] [INFO] New best validation loss: 1.3649 @ step 1
[GPU 0] [19:18:35] [INFO] New best validation loss: 1.2965 @ step 2
[GPU 0] [19:18:51] [INFO] New best validation loss: 1.2461 @ step 3
[GPU 0] [19:19:08] [INFO] New best validation loss: 1.2168 @ step 4
[GPU 0] [19:19:25] [INFO] New best validation loss: 1.1890 @ step 5
[GPU 0] [19:19:42] [INFO] New best validation loss: 1.1707 @ step 6
[GPU 0] [19:19:59] [INFO] New best validation loss: 1.1577 @ step 7
[GPU 0] [19:20:17] [INFO] New best validation loss: 1.1433 @ step 8
[GPU 0] [19:20:34] [INFO] New best validation loss: 1.1290 @ step 9
[GPU 0] [19:20:51] [INFO] New best validation loss: 1.1151 @ step 10
[GPU 0] [19:21:08] [INFO] New best validation loss: 1.1020 @ step 11
[GPU 0] [19:21:25] [INFO] New best validation loss: 1.0920 @ step 12
[GPU 0] [19:21:41] [INFO] New best validation loss: 1.0835 @ step 13
[GPU 0] [19:21:58] [INFO] New best validation loss: 1.0751 @ step 14
[GPU 0] [19:22:16] [INFO] New best validation loss: 1.0678 @ step 15
[GPU 0] [19:22:32] [INFO] New best validation loss: 1.0608 @ step 16
[GPU 0] [19:22:49] [INFO] New best validation loss: 1.0536 @ step 17
[GPU 0] [19:23:06] [INFO] New best validation loss: 1.0471 @ step 18
[GPU 0] [19:23:23] [INFO] New best validation loss: 1.0417 @ step 19
[GPU 0] [19:23:40] [INFO] New best validation loss: 1.0381 @ step 20
[GPU 0] [19:23:57] [INFO] New best validation loss: 1.0356 @ step 21
[GPU 0] [19:24:14] [INFO] New best validation loss: 1.0337 @ step 22
[GPU 0] [19:24:31] [INFO] New best validation loss: 1.0318 @ step 23
[GPU 0] [19:24:47] [INFO] New best validation loss: 1.0307 @ step 24
[GPU 0] [19:25:04] [INFO] New best validation loss: 1.0299 @ step 25
[GPU 0] [19:25:21] [INFO] New best validation loss: 1.0298 @ step 26
[GPU 0] [19:28:29] [INFO] Stop FT @ 38: no val improvement for 10 steps
[GPU 0] [19:28:29] [INFO] Wrote stats.jsonl entries at FT step 26 
[GPU 0] [19:28:44] [INFO] ---- Begin FT | Experts: None | Data: ['papers-cyber'] ----
[GPU 0] [19:28:44] [DEBUG] num_seq: 512, num_rounds: 200, patience: 10
[GPU 0] [19:28:44] [DEBUG] local_x: torch.Size([64, 1024]), local_y: torch.Size([64, 1024]), num_steps: 6, per_gpu: 64, mbs_size: 12
[GPU 0] [19:28:59] [INFO] New best validation loss: 2.8308 @ step 0
[GPU 0] [19:29:15] [INFO] New best validation loss: 2.7365 @ step 1
[GPU 0] [19:29:32] [INFO] New best validation loss: 2.7265 @ step 2
[GPU 0] [19:32:45] [INFO] Stop FT @ 14: no val improvement for 10 steps
[GPU 0] [19:32:45] [INFO] Wrote stats.jsonl entries at FT step 2 
[GPU 0] [19:33:01] [INFO] ---- Begin FT | Experts: None | Data: ['papers-nuclear'] ----
[GPU 0] [19:33:01] [DEBUG] num_seq: 512, num_rounds: 200, patience: 10
[GPU 0] [19:33:02] [DEBUG] local_x: torch.Size([64, 1024]), local_y: torch.Size([64, 1024]), num_steps: 6, per_gpu: 64, mbs_size: 12
[GPU 0] [19:33:17] [INFO] New best validation loss: 2.9261 @ step 0
[GPU 0] [19:33:32] [INFO] New best validation loss: 2.8360 @ step 1
[GPU 0] [19:33:49] [INFO] New best validation loss: 2.8275 @ step 2
[GPU 0] [19:36:54] [INFO] Stop FT @ 14: no val improvement for 10 steps
[GPU 0] [19:36:54] [INFO] Wrote stats.jsonl entries at FT step 2 
[GPU 0] [19:37:09] [INFO] CORE FT AUX - AUX PHASE: papers-nuclear
[GPU 0] [19:37:09] [WARNING] restore_partial_state: no checkpoint found at /workspace-vast/ethanr/gradient-routing/experiments/AGI-1699-New-Dataset-Runs/results/scaling/realistic/coreftaux/800M/seed_3/20260519061519484116/coreftaux/core_papers-nuclear
[GPU 0] [19:37:09] [INFO] ---- Begin CoreFTAux | Phase: ft | Data Label: papers-nuclear ----
[GPU 0] [19:37:09] [DEBUG] acc_mode: uniform, label_prc: 1.0, lr: 0.00014158837274692295
[GPU 0] [19:37:09] [INFO] 
len_all: 165723, len_all_labeled: 165723, len_all_unlabeled: 0,
len_base: 163263, len_ft: 2460,
len_core_for_ft: 1968, len_aux_for_ft: 492,
aux_factor: {'code-lisp': 0.3, 'papers-biology': 0.3, 'papers-nuclear': 0.3, 'papers-cyber': 0.3}, core_aux_ratio: 4.0,
[GPU 0] [19:37:09] [INFO] Batch [core] count: 486
[GPU 0] [19:37:09] [INFO] Batch [papers-nuclear] count: 123
[GPU 0] [19:37:09] [INFO] warmup_steps: 2
[GPU 0] [19:37:09] [INFO] constant_steps: 76
[GPU 0] [19:37:09] [INFO] decay_steps: 9
[GPU 0] [19:37:09] [INFO] LR Scheduler: Warmup Start
[GPU 0] [19:37:16] [INFO] Step: 1, LR: 7.08e-05
[GPU 0] [19:37:16] [INFO] Train Loss: CORE: 1.75 CODE-LISP: nan PAPERS-BIOLOGY: nan PAPERS-CYBER: nan PAPERS-NUCLEAR: nan 
[GPU 0] [19:37:18] [INFO] LR Scheduler: Constant Start
[GPU 0] [19:39:44] [INFO] LR Scheduler: Decay Start
[GPU 0] [19:40:01] [INFO] Step: 87, LR: 1.00e-08
[GPU 0] [19:40:01] [INFO] Train Loss: CORE: 2.66 CODE-LISP: nan PAPERS-BIOLOGY: nan PAPERS-CYBER: nan PAPERS-NUCLEAR: 2.74 
[GPU 0] [19:40:24] [INFO] ---- Begin Eval ----
[GPU 0] [19:40:24] [INFO] Data: core | Experts: None
[GPU 0] [19:40:57] [INFO] loss: 1.88446963
[GPU 0] [19:40:57] [INFO] Data: code-lisp | Experts: None
[GPU 0] [19:41:04] [INFO] loss: 1.41925216
[GPU 0] [19:41:04] [INFO] Data: papers-biology | Experts: None
[GPU 0] [19:41:10] [INFO] loss: 2.46341133
[GPU 0] [19:41:10] [INFO] Data: papers-nuclear | Experts: None
[GPU 0] [19:41:16] [INFO] loss: 2.77280545
[GPU 0] [19:41:16] [INFO] Data: papers-cyber | Experts: None
[GPU 0] [19:41:23] [INFO] loss: 2.71112370
[GPU 0] [19:41:28] [INFO] CORE FT AUX - AUX PHASE: papers-nuclear - ADVERSARIAL FT START
[GPU 0] [19:41:40] [INFO] ---- Begin FT | Experts: None | Data: ['code-lisp'] ----
[GPU 0] [19:41:40] [DEBUG] num_seq: 512, num_rounds: 200, patience: 10
[GPU 0] [19:41:40] [DEBUG] local_x: torch.Size([64, 1024]), local_y: torch.Size([64, 1024]), num_steps: 6, per_gpu: 64, mbs_size: 12
[GPU 0] [19:41:55] [INFO] New best validation loss: 1.5639 @ step 0
[GPU 0] [19:42:10] [INFO] New best validation loss: 1.3513 @ step 1
[GPU 0] [19:42:26] [INFO] New best validation loss: 1.2925 @ step 2
[GPU 0] [19:42:42] [INFO] New best validation loss: 1.2498 @ step 3
[GPU 0] [19:42:59] [INFO] New best validation loss: 1.2156 @ step 4
[GPU 0] [19:43:16] [INFO] New best validation loss: 1.1902 @ step 5
[GPU 0] [19:43:33] [INFO] New best validation loss: 1.1722 @ step 6
[GPU 0] [19:43:50] [INFO] New best validation loss: 1.1558 @ step 7
[GPU 0] [19:44:07] [INFO] New best validation loss: 1.1420 @ step 8
[GPU 0] [19:44:24] [INFO] New best validation loss: 1.1280 @ step 9
[GPU 0] [19:44:41] [INFO] New best validation loss: 1.1138 @ step 10
[GPU 0] [19:44:58] [INFO] New best validation loss: 1.1019 @ step 11
[GPU 0] [19:45:18] [INFO] New best validation loss: 1.0912 @ step 12
[GPU 0] [19:45:35] [INFO] New best validation loss: 1.0821 @ step 13
[GPU 0] [19:45:51] [INFO] New best validation loss: 1.0744 @ step 14
[GPU 0] [19:46:08] [INFO] New best validation loss: 1.0670 @ step 15
[GPU 0] [19:46:25] [INFO] New best validation loss: 1.0599 @ step 16
[GPU 0] [19:46:41] [INFO] New best validation loss: 1.0529 @ step 17
[GPU 0] [19:46:58] [INFO] New best validation loss: 1.0462 @ step 18
[GPU 0] [19:47:16] [INFO] New best validation loss: 1.0411 @ step 19
[GPU 0] [19:47:32] [INFO] New best validation loss: 1.0374 @ step 20
[GPU 0] [19:47:49] [INFO] New best validation loss: 1.0348 @ step 21
[GPU 0] [19:48:06] [INFO] New best validation loss: 1.0334 @ step 22
[GPU 0] [19:48:22] [INFO] New best validation loss: 1.0320 @ step 23
[GPU 0] [19:48:39] [INFO] New best validation loss: 1.0308 @ step 24
[GPU 0] [19:48:56] [INFO] New best validation loss: 1.0294 @ step 25
[GPU 0] [19:49:14] [INFO] New best validation loss: 1.0292 @ step 26
[GPU 0] [19:52:22] [INFO] Stop FT @ 38: no val improvement for 10 steps
[GPU 0] [19:52:22] [INFO] Wrote stats.jsonl entries at FT step 26 
[GPU 0] [19:52:38] [INFO] ---- Begin FT | Experts: None | Data: ['papers-biology'] ----
[GPU 0] [19:52:38] [DEBUG] num_seq: 512, num_rounds: 200, patience: 10
[GPU 0] [19:52:38] [DEBUG] local_x: torch.Size([64, 1024]), local_y: torch.Size([64, 1024]), num_steps: 6, per_gpu: 64, mbs_size: 12
[GPU 0] [19:52:53] [INFO] New best validation loss: 2.5406 @ step 0
[GPU 0] [19:53:09] [INFO] New best validation loss: 2.4833 @ step 1
[GPU 0] [19:53:25] [INFO] New best validation loss: 2.4776 @ step 2
[GPU 0] [19:53:42] [INFO] New best validation loss: 2.4754 @ step 3
[GPU 0] [19:53:58] [INFO] New best validation loss: 2.4727 @ step 4
[GPU 0] [19:57:07] [INFO] Stop FT @ 16: no val improvement for 10 steps
[GPU 0] [19:57:07] [INFO] Wrote stats.jsonl entries at FT step 4 
[GPU 0] [19:57:23] [INFO] ---- Begin FT | Experts: None | Data: ['papers-cyber'] ----
[GPU 0] [19:57:23] [DEBUG] num_seq: 512, num_rounds: 200, patience: 10
[GPU 0] [19:57:23] [DEBUG] local_x: torch.Size([64, 1024]), local_y: torch.Size([64, 1024]), num_steps: 6, per_gpu: 64, mbs_size: 12
[GPU 0] [19:57:39] [INFO] New best validation loss: 2.8512 @ step 0
[GPU 0] [19:57:54] [INFO] New best validation loss: 2.7389 @ step 1
[GPU 0] [19:58:10] [INFO] New best validation loss: 2.7214 @ step 2
[GPU 0] [20:01:20] [INFO] Stop FT @ 14: no val improvement for 10 steps
[GPU 0] [20:01:20] [INFO] Wrote stats.jsonl entries at FT step 2 
[GPU 0] [20:01:36] [INFO] CORE FT AUX - AUX PHASE: papers-cyber
[GPU 0] [20:01:36] [WARNING] restore_partial_state: no checkpoint found at /workspace-vast/ethanr/gradient-routing/experiments/AGI-1699-New-Dataset-Runs/results/scaling/realistic/coreftaux/800M/seed_3/20260519061519484116/coreftaux/core_papers-cyber
[GPU 0] [20:01:36] [INFO] ---- Begin CoreFTAux | Phase: ft | Data Label: papers-cyber ----
[GPU 0] [20:01:36] [DEBUG] acc_mode: uniform, label_prc: 1.0, lr: 0.00014158837274692295
[GPU 0] [20:01:36] [INFO] 
len_all: 165723, len_all_labeled: 165723, len_all_unlabeled: 0,
len_base: 163263, len_ft: 2460,
len_core_for_ft: 1968, len_aux_for_ft: 492,
aux_factor: {'code-lisp': 0.3, 'papers-biology': 0.3, 'papers-nuclear': 0.3, 'papers-cyber': 0.3}, core_aux_ratio: 4.0,
[GPU 0] [20:01:36] [INFO] Batch [core] count: 486
[GPU 0] [20:01:36] [INFO] Batch [papers-cyber] count: 123
[GPU 0] [20:01:36] [INFO] warmup_steps: 2
[GPU 0] [20:01:36] [INFO] constant_steps: 76
[GPU 0] [20:01:36] [INFO] decay_steps: 9
[GPU 0] [20:01:36] [INFO] LR Scheduler: Warmup Start
[GPU 0] [20:01:43] [INFO] Step: 1, LR: 7.08e-05
[GPU 0] [20:01:43] [INFO] Train Loss: CORE: nan CODE-LISP: nan PAPERS-BIOLOGY: nan PAPERS-CYBER: 2.65 PAPERS-NUCLEAR: nan 
[GPU 0] [20:01:45] [INFO] LR Scheduler: Constant Start
[GPU 0] [20:04:12] [INFO] LR Scheduler: Decay Start
[GPU 0] [20:04:29] [INFO] Step: 87, LR: 1.00e-08
[GPU 0] [20:04:29] [INFO] Train Loss: CORE: 2.39 CODE-LISP: nan PAPERS-BIOLOGY: nan PAPERS-CYBER: 2.64 PAPERS-NUCLEAR: nan 
[GPU 0] [20:04:47] [INFO] ---- Begin Eval ----
[GPU 0] [20:04:47] [INFO] Data: core | Experts: None
[GPU 0] [20:05:21] [INFO] loss: 1.88056481
[GPU 0] [20:05:21] [INFO] Data: code-lisp | Experts: None
[GPU 0] [20:05:27] [INFO] loss: 1.41622496
[GPU 0] [20:05:27] [INFO] Data: papers-biology | Experts: None
[GPU 0] [20:05:33] [INFO] loss: 2.46543884
[GPU 0] [20:05:33] [INFO] Data: papers-nuclear | Experts: None
[GPU 0] [20:05:40] [INFO] loss: 2.83748150
[GPU 0] [20:05:40] [INFO] Data: papers-cyber | Experts: None
[GPU 0] [20:05:46] [INFO] loss: 2.65915179
[GPU 0] [20:05:52] [INFO] CORE FT AUX - AUX PHASE: papers-cyber - ADVERSARIAL FT START
[GPU 0] [20:06:05] [INFO] ---- Begin FT | Experts: None | Data: ['code-lisp'] ----
[GPU 0] [20:06:05] [DEBUG] num_seq: 512, num_rounds: 200, patience: 10
[GPU 0] [20:06:05] [DEBUG] local_x: torch.Size([64, 1024]), local_y: torch.Size([64, 1024]), num_steps: 6, per_gpu: 64, mbs_size: 12
[GPU 0] [20:06:21] [INFO] New best validation loss: 1.5679 @ step 0
[GPU 0] [20:06:36] [INFO] New best validation loss: 1.3853 @ step 1
[GPU 0] [20:06:52] [INFO] New best validation loss: 1.3088 @ step 2
[GPU 0] [20:07:09] [INFO] New best validation loss: 1.2581 @ step 3
[GPU 0] [20:07:26] [INFO] New best validation loss: 1.2237 @ step 4
[GPU 0] [20:07:43] [INFO] New best validation loss: 1.2022 @ step 5
[GPU 0] [20:07:59] [INFO] New best validation loss: 1.1812 @ step 6
[GPU 0] [20:08:17] [INFO] New best validation loss: 1.1659 @ step 7
[GPU 0] [20:08:34] [INFO] New best validation loss: 1.1524 @ step 8
[GPU 0] [20:08:51] [INFO] New best validation loss: 1.1373 @ step 9
[GPU 0] [20:09:08] [INFO] New best validation loss: 1.1238 @ step 10
[GPU 0] [20:09:25] [INFO] New best validation loss: 1.1118 @ step 11
[GPU 0] [20:09:41] [INFO] New best validation loss: 1.0999 @ step 12
[GPU 0] [20:09:58] [INFO] New best validation loss: 1.0904 @ step 13
[GPU 0] [20:10:16] [INFO] New best validation loss: 1.0826 @ step 14
[GPU 0] [20:10:33] [INFO] New best validation loss: 1.0749 @ step 15
[GPU 0] [20:10:49] [INFO] New best validation loss: 1.0675 @ step 16
[GPU 0] [20:11:06] [INFO] New best validation loss: 1.0614 @ step 17
[GPU 0] [20:11:23] [INFO] New best validation loss: 1.0547 @ step 18
[GPU 0] [20:11:40] [INFO] New best validation loss: 1.0483 @ step 19
[GPU 0] [20:11:57] [INFO] New best validation loss: 1.0433 @ step 20
[GPU 0] [20:12:14] [INFO] New best validation loss: 1.0390 @ step 21
[GPU 0] [20:12:31] [INFO] New best validation loss: 1.0360 @ step 22
[GPU 0] [20:12:48] [INFO] New best validation loss: 1.0343 @ step 23
[GPU 0] [20:13:05] [INFO] New best validation loss: 1.0331 @ step 24
[GPU 0] [20:13:22] [INFO] New best validation loss: 1.0317 @ step 25
[GPU 0] [20:13:39] [INFO] New best validation loss: 1.0309 @ step 26
[GPU 0] [20:13:55] [INFO] New best validation loss: 1.0304 @ step 27
[GPU 0] [20:14:13] [INFO] New best validation loss: 1.0303 @ step 28
[GPU 0] [20:17:24] [INFO] Stop FT @ 40: no val improvement for 10 steps
[GPU 0] [20:17:24] [INFO] Wrote stats.jsonl entries at FT step 28 
[GPU 0] [20:17:39] [INFO] ---- Begin FT | Experts: None | Data: ['papers-biology'] ----
[GPU 0] [20:17:39] [DEBUG] num_seq: 512, num_rounds: 200, patience: 10
[GPU 0] [20:17:39] [DEBUG] local_x: torch.Size([64, 1024]), local_y: torch.Size([64, 1024]), num_steps: 6, per_gpu: 64, mbs_size: 12
[GPU 0] [20:17:55] [INFO] New best validation loss: 2.6081 @ step 0
[GPU 0] [20:18:10] [INFO] New best validation loss: 2.4813 @ step 1
[GPU 0] [20:19:30] [INFO] New best validation loss: 2.4793 @ step 6
[GPU 0] [20:19:47] [INFO] New best validation loss: 2.4789 @ step 7
[GPU 0] [20:22:54] [INFO] Stop FT @ 19: no val improvement for 10 steps
[GPU 0] [20:22:54] [INFO] Wrote stats.jsonl entries at FT step 7 
[GPU 0] [20:23:10] [INFO] ---- Begin FT | Experts: None | Data: ['papers-nuclear'] ----
[GPU 0] [20:23:10] [DEBUG] num_seq: 512, num_rounds: 200, patience: 10
[GPU 0] [20:23:10] [DEBUG] local_x: torch.Size([64, 1024]), local_y: torch.Size([64, 1024]), num_steps: 6, per_gpu: 64, mbs_size: 12
[GPU 0] [20:23:24] [INFO] New best validation loss: 2.9729 @ step 0
[GPU 0] [20:23:40] [INFO] New best validation loss: 2.8456 @ step 1
[GPU 0] [20:23:56] [INFO] New best validation loss: 2.8309 @ step 2
[GPU 0] [20:27:03] [INFO] Stop FT @ 14: no val improvement for 10 steps
[GPU 0] [20:27:03] [INFO] Wrote stats.jsonl entries at FT step 2 
[GPU 0] [20:27:06] [INFO] ----------------------------------------
[GPU 0] [20:27:06] [INFO] Finished. See /workspace-vast/ethanr/gradient-routing/experiments/AGI-1699-New-Dataset-Runs/results/scaling/realistic/coreftaux/800M/seed_3/20260519061519484116
