[GPU 0] [14:10:47] [INFO] Git branch: AGI-1696-New-Dataset-Runs_ethan, commit: 3a55ab725f7c07cbcaf80f1ce6b27d9ae4799e30
[GPU 0] [14:10:47] [INFO] Number of GPUs: 1
[GPU 0] [14:10:47] [INFO] Tokenizer vocabulary: 4096
[GPU 0] [14:10:47] [INFO] Set model vocab size to nearest multiple of 64 of tokenizer size: 4096
[GPU 0] [14:10:48] [INFO] target effective batch size: 128, actual effective batch size: 128, micro batch size: 128, accumulation steps: 1, num gpus: 1
[GPU 0] [14:10:48] [INFO] core total number of tokens: 501664802
[GPU 0] [14:10:48] [INFO] core: 1.0000 x 501664802 = 501664802
[GPU 0] [14:10:48] [INFO] aux total number of tokens: 46188871
[GPU 0] [14:10:48] [INFO] aux: 1.0000 x 46188871 = 46188871
[GPU 0] [14:10:48] [DEBUG] Saved config to /workspace-vast/ethanr/gradient-routing/experiments/AGI-1699-New-Dataset-Runs/results/stories/seed_3/20260616140910000001/config.json
[GPU 0] [14:10:48] [DEBUG] {
    "stages": [
        {
            "name": "baseline",
            "num_checkpoints": -1,
            "lr": 0.005,
            "res_dir": "/workspace-vast/ethanr/gradient-routing/experiments/AGI-1699-New-Dataset-Runs/results/stories/seed_3/20260616140910000001/baseline",
            "acc_mode": "heterogeneous",
            "do_eval": true,
            "do_sample": false,
            "num_train_evals": 0,
            "do_elicit": false,
            "elicit_eval_prc": 0.5,
            "elicit_num_evals": 100,
            "retain_targets": null,
            "label_prc": 1.0
        },
        {
            "name": "maxent",
            "num_checkpoints": -1,
            "lr": 0.0022282602514318954,
            "res_dir": "/workspace-vast/ethanr/gradient-routing/experiments/AGI-1699-New-Dataset-Runs/results/stories/seed_3/20260616140910000001/maxent_01",
            "acc_mode": "heterogeneous",
            "do_eval": true,
            "do_sample": false,
            "num_train_evals": 0,
            "do_elicit": true,
            "elicit_eval_prc": 0.5,
            "elicit_num_evals": 100,
            "retain_targets": [
                [
                    "core"
                ]
            ],
            "alpha_retain": 196.26178132008155,
            "steps": 2000,
            "early_stop_thresh": 2.0
        },
        {
            "name": "maxent",
            "num_checkpoints": -1,
            "lr": 0.0017259728149071729,
            "res_dir": "/workspace-vast/ethanr/gradient-routing/experiments/AGI-1699-New-Dataset-Runs/results/stories/seed_3/20260616140910000001/maxent_02",
            "acc_mode": "heterogeneous",
            "do_eval": true,
            "do_sample": false,
            "num_train_evals": 0,
            "do_elicit": true,
            "elicit_eval_prc": 0.5,
            "elicit_num_evals": 100,
            "retain_targets": [
                [
                    "core",
                    "a-deadline-or-time-limit"
                ]
            ],
            "alpha_retain": 196.35223675681075,
            "steps": 2000,
            "early_stop_thresh": 2.0
        },
        {
            "name": "maxent",
            "num_checkpoints": -1,
            "lr": 0.0016421522640340906,
            "res_dir": "/workspace-vast/ethanr/gradient-routing/experiments/AGI-1699-New-Dataset-Runs/results/stories/seed_3/20260616140910000001/maxent_03",
            "acc_mode": "heterogeneous",
            "do_eval": true,
            "do_sample": false,
            "num_train_evals": 0,
            "do_elicit": true,
            "elicit_eval_prc": 0.5,
            "elicit_num_evals": 100,
            "retain_targets": [
                [
                    "core",
                    "alien-encounters"
                ]
            ],
            "alpha_retain": 294.7055359248314,
            "steps": 2000,
            "early_stop_thresh": 2.0
        },
        {
            "name": "maxent",
            "num_checkpoints": -1,
            "lr": 0.002122331729211636,
            "res_dir": "/workspace-vast/ethanr/gradient-routing/experiments/AGI-1699-New-Dataset-Runs/results/stories/seed_3/20260616140910000001/maxent_04",
            "acc_mode": "heterogeneous",
            "do_eval": true,
            "do_sample": false,
            "num_train_evals": 0,
            "do_elicit": true,
            "elicit_eval_prc": 0.5,
            "elicit_num_evals": 100,
            "retain_targets": [
                [
                    "core",
                    "bygone-eras"
                ]
            ],
            "alpha_retain": 249.89527811532025,
            "steps": 2000,
            "early_stop_thresh": 2.0
        },
        {
            "name": "maxent",
            "num_checkpoints": -1,
            "lr": 0.002122331729211636,
            "res_dir": "/workspace-vast/ethanr/gradient-routing/experiments/AGI-1699-New-Dataset-Runs/results/stories/seed_3/20260616140910000001/maxent_05",
            "acc_mode": "heterogeneous",
            "do_eval": true,
            "do_sample": false,
            "num_train_evals": 0,
            "do_elicit": true,
            "elicit_eval_prc": 0.5,
            "elicit_num_evals": 100,
            "retain_targets": [
                [
                    "core",
                    "cultural-traditions"
                ]
            ],
            "alpha_retain": 249.89527811532025,
            "steps": 2000,
            "early_stop_thresh": 2.0
        }
    ],
    "model": {
        "arch": "base",
        "tokenizer": "TokenizersBackend(name_or_path='SimpleStories/SimpleStories-1.25M', vocab_size=4096, model_max_length=1000000000000000019884624838656, padding_side='right', truncation_side='right', special_tokens={'eos_token': '[EOS]', 'unk_token': '[UNK]'}, added_tokens_decoder={\n\t0: AddedToken(\"[UNK]\", rstrip=False, lstrip=False, single_word=False, normalized=False, special=True),\n\t1: AddedToken(\"[EOS]\", rstrip=False, lstrip=False, single_word=False, normalized=False, special=True),\n}\n)",
        "ctx_len": 256,
        "vocab_size": 4096,
        "num_layers": 8,
        "num_heads": 8,
        "num_key_value": 2,
        "attn_bias": true,
        "eos_token_id": 1,
        "embed_dim": 512,
        "mlp_dim": 2048
    },
    "data": {
        "dirs": [
            "/workspace-vast/ethanr/gradient-routing/experiments/AGI-1699-New-Dataset-Runs/src/data/stories"
        ],
        "core": {
            "labels": [
                "dinosaurs",
                "dream-worlds",
                "enchanted-forests",
                "fairy-tales",
                "fantasy-worlds",
                "gardens",
                "giant-creatures",
                "haunted-places",
                "hidden-treasures",
                "holidays",
                "invisibility",
                "island-adventures",
                "living-objects",
                "lost-cities",
                "lost-civilizations",
                "magical-lands",
                "magical-objects",
                "miniature-worlds",
                "mysterious-maps",
                "mystical-creatures",
                "outer-space",
                "pirates",
                "riddles",
                "robots-and-technology",
                "royal-kingdoms",
                "school-life",
                "seasonal-changes",
                "secret-societies",
                "shape-shifting",
                "sibling-rivalry",
                "snowy-adventures",
                "space-exploration",
                "sports",
                "subterranean-worlds",
                "superheroes",
                "talking-animals",
                "the-arts",
                "the-sky",
                "time-travel",
                "treasure-hunts",
                "undercover-missions",
                "underwater-adventures",
                "unusual-vehicles",
                "virtual-worlds"
            ],
            "method": "total",
            "limit": 1.0,
            "dist": {
                "dinosaurs": 0.022727272727272728,
                "dream-worlds": 0.022727272727272728,
                "enchanted-forests": 0.022727272727272728,
                "fairy-tales": 0.022727272727272728,
                "fantasy-worlds": 0.022727272727272728,
                "gardens": 0.022727272727272728,
                "giant-creatures": 0.022727272727272728,
                "haunted-places": 0.022727272727272728,
                "hidden-treasures": 0.022727272727272728,
                "holidays": 0.022727272727272728,
                "invisibility": 0.022727272727272728,
                "island-adventures": 0.022727272727272728,
                "living-objects": 0.022727272727272728,
                "lost-cities": 0.022727272727272728,
                "lost-civilizations": 0.022727272727272728,
                "magical-lands": 0.022727272727272728,
                "magical-objects": 0.022727272727272728,
                "miniature-worlds": 0.022727272727272728,
                "mysterious-maps": 0.022727272727272728,
                "mystical-creatures": 0.022727272727272728,
                "outer-space": 0.022727272727272728,
                "pirates": 0.022727272727272728,
                "riddles": 0.022727272727272728,
                "robots-and-technology": 0.022727272727272728,
                "royal-kingdoms": 0.022727272727272728,
                "school-life": 0.022727272727272728,
                "seasonal-changes": 0.022727272727272728,
                "secret-societies": 0.022727272727272728,
                "shape-shifting": 0.022727272727272728,
                "sibling-rivalry": 0.022727272727272728,
                "snowy-adventures": 0.022727272727272728,
                "space-exploration": 0.022727272727272728,
                "sports": 0.022727272727272728,
                "subterranean-worlds": 0.022727272727272728,
                "superheroes": 0.022727272727272728,
                "talking-animals": 0.022727272727272728,
                "the-arts": 0.022727272727272728,
                "the-sky": 0.022727272727272728,
                "time-travel": 0.022727272727272728,
                "treasure-hunts": 0.022727272727272728,
                "undercover-missions": 0.022727272727272728,
                "underwater-adventures": 0.022727272727272728,
                "unusual-vehicles": 0.022727272727272728,
                "virtual-worlds": 0.022727272727272728
            },
            "num_tok": 501664802
        },
        "aux": {
            "labels": [
                "a-deadline-or-time-limit",
                "alien-encounters",
                "bygone-eras",
                "cultural-traditions"
            ],
            "method": "total",
            "limit": 1.0,
            "dist": {
                "a-deadline-or-time-limit": 0.25,
                "alien-encounters": 0.25,
                "bygone-eras": 0.25,
                "cultural-traditions": 0.25
            },
            "num_tok": 46188871
        }
    },
    "run": {
        "target_effective_batch_size": 128,
        "effective_batch_size": 128,
        "micro_batch_size": 128,
        "accumulation_steps": 1,
        "max_num_test_sequences": 10000,
        "eval_all_labels": false,
        "micro_batch_anchors": [
            [
                400000000.0,
                23
            ],
            [
                5000000000.0,
                2
            ]
        ],
        "epochs": 1,
        "adam_betas": [
            0.9,
            0.95
        ],
        "warmup_prc": 0.1,
        "decay_prc": 0.1,
        "seed": 3,
        "compile": true,
        "find_unused_parameters": true,
        "is_ddp": true,
        "cleanup_distributed": true,
        "log_level": "DEBUG",
        "num_gpus": 1,
        "process_id": 0,
        "num_base_params": 26257920,
        "device": "cuda",
        "logger": "<Logger training_seed_3 (DEBUG)>",
        "labels": [
            "core",
            "a-deadline-or-time-limit",
            "alien-encounters",
            "bygone-eras",
            "cultural-traditions"
        ],
        "loaders": {
            "a-deadline-or-time-limit": {
                "train": "SingleDataLoader(a-deadline-or-time-limit_train.bin, len=352)",
                "test": "SingleDataLoader(a-deadline-or-time-limit_test.bin, len=40)"
            },
            "alien-encounters": {
                "train": "SingleDataLoader(alien-encounters_train.bin, len=345)",
                "test": "SingleDataLoader(alien-encounters_test.bin, len=38)"
            },
            "bygone-eras": {
                "train": "SingleDataLoader(bygone-eras_train.bin, len=352)",
                "test": "SingleDataLoader(bygone-eras_test.bin, len=39)"
            },
            "cultural-traditions": {
                "train": "SingleDataLoader(cultural-traditions_train.bin, len=352)",
                "test": "SingleDataLoader(cultural-traditions_test.bin, len=38)"
            },
            "dinosaurs": {
                "train": "SingleDataLoader(dinosaurs_train.bin, len=337)",
                "test": "SingleDataLoader(dinosaurs_test.bin, len=38)"
            },
            "dream-worlds": {
                "train": "SingleDataLoader(dream-worlds_train.bin, len=339)",
                "test": "SingleDataLoader(dream-worlds_test.bin, len=37)"
            },
            "enchanted-forests": {
                "train": "SingleDataLoader(enchanted-forests_train.bin, len=347)",
                "test": "SingleDataLoader(enchanted-forests_test.bin, len=38)"
            },
            "fairy-tales": {
                "train": "SingleDataLoader(fairy-tales_train.bin, len=344)",
                "test": "SingleDataLoader(fairy-tales_test.bin, len=37)"
            },
            "fantasy-worlds": {
                "train": "SingleDataLoader(fantasy-worlds_train.bin, len=347)",
                "test": "SingleDataLoader(fantasy-worlds_test.bin, len=39)"
            },
            "gardens": {
                "train": "SingleDataLoader(gardens_train.bin, len=346)",
                "test": "SingleDataLoader(gardens_test.bin, len=37)"
            },
            "giant-creatures": {
                "train": "SingleDataLoader(giant-creatures_train.bin, len=347)",
                "test": "SingleDataLoader(giant-creatures_test.bin, len=37)"
            },
            "haunted-places": {
                "train": "SingleDataLoader(haunted-places_train.bin, len=347)",
                "test": "SingleDataLoader(haunted-places_test.bin, len=41)"
            },
            "hidden-treasures": {
                "train": "SingleDataLoader(hidden-treasures_train.bin, len=347)",
                "test": "SingleDataLoader(hidden-treasures_test.bin, len=39)"
            },
            "holidays": {
                "train": "SingleDataLoader(holidays_train.bin, len=347)",
                "test": "SingleDataLoader(holidays_test.bin, len=38)"
            },
            "invisibility": {
                "train": "SingleDataLoader(invisibility_train.bin, len=345)",
                "test": "SingleDataLoader(invisibility_test.bin, len=37)"
            },
            "island-adventures": {
                "train": "SingleDataLoader(island-adventures_train.bin, len=347)",
                "test": "SingleDataLoader(island-adventures_test.bin, len=39)"
            },
            "living-objects": {
                "train": "SingleDataLoader(living-objects_train.bin, len=336)",
                "test": "SingleDataLoader(living-objects_test.bin, len=38)"
            },
            "lost-cities": {
                "train": "SingleDataLoader(lost-cities_train.bin, len=347)",
                "test": "SingleDataLoader(lost-cities_test.bin, len=40)"
            },
            "lost-civilizations": {
                "train": "SingleDataLoader(lost-civilizations_train.bin, len=347)",
                "test": "SingleDataLoader(lost-civilizations_test.bin, len=41)"
            },
            "magical-lands": {
                "train": "SingleDataLoader(magical-lands_train.bin, len=347)",
                "test": "SingleDataLoader(magical-lands_test.bin, len=38)"
            },
            "magical-objects": {
                "train": "SingleDataLoader(magical-objects_train.bin, len=345)",
                "test": "SingleDataLoader(magical-objects_test.bin, len=37)"
            },
            "miniature-worlds": {
                "train": "SingleDataLoader(miniature-worlds_train.bin, len=335)",
                "test": "SingleDataLoader(miniature-worlds_test.bin, len=37)"
            },
            "mysterious-maps": {
                "train": "SingleDataLoader(mysterious-maps_train.bin, len=339)",
                "test": "SingleDataLoader(mysterious-maps_test.bin, len=38)"
            },
            "mystical-creatures": {
                "train": "SingleDataLoader(mystical-creatures_train.bin, len=347)",
                "test": "SingleDataLoader(mystical-creatures_test.bin, len=38)"
            },
            "outer-space": {
                "train": "SingleDataLoader(outer-space_train.bin, len=343)",
                "test": "SingleDataLoader(outer-space_test.bin, len=38)"
            },
            "pirates": {
                "train": "SingleDataLoader(pirates_train.bin, len=347)",
                "test": "SingleDataLoader(pirates_test.bin, len=39)"
            },
            "riddles": {
                "train": "SingleDataLoader(riddles_train.bin, len=344)",
                "test": "SingleDataLoader(riddles_test.bin, len=38)"
            },
            "robots-and-technology": {
                "train": "SingleDataLoader(robots-and-technology_train.bin, len=347)",
                "test": "SingleDataLoader(robots-and-technology_test.bin, len=39)"
            },
            "royal-kingdoms": {
                "train": "SingleDataLoader(royal-kingdoms_train.bin, len=347)",
                "test": "SingleDataLoader(royal-kingdoms_test.bin, len=40)"
            },
            "school-life": {
                "train": "SingleDataLoader(school-life_train.bin, len=338)",
                "test": "SingleDataLoader(school-life_test.bin, len=38)"
            },
            "seasonal-changes": {
                "train": "SingleDataLoader(seasonal-changes_train.bin, len=342)",
                "test": "SingleDataLoader(seasonal-changes_test.bin, len=38)"
            },
            "secret-societies": {
                "train": "SingleDataLoader(secret-societies_train.bin, len=347)",
                "test": "SingleDataLoader(secret-societies_test.bin, len=38)"
            },
            "shape-shifting": {
                "train": "SingleDataLoader(shape-shifting_train.bin, len=344)",
                "test": "SingleDataLoader(shape-shifting_test.bin, len=38)"
            },
            "sibling-rivalry": {
                "train": "SingleDataLoader(sibling-rivalry_train.bin, len=347)",
                "test": "SingleDataLoader(sibling-rivalry_test.bin, len=39)"
            },
            "snowy-adventures": {
                "train": "SingleDataLoader(snowy-adventures_train.bin, len=347)",
                "test": "SingleDataLoader(snowy-adventures_test.bin, len=39)"
            },
            "space-exploration": {
                "train": "SingleDataLoader(space-exploration_train.bin, len=345)",
                "test": "SingleDataLoader(space-exploration_test.bin, len=38)"
            },
            "sports": {
                "train": "SingleDataLoader(sports_train.bin, len=340)",
                "test": "SingleDataLoader(sports_test.bin, len=37)"
            },
            "subterranean-worlds": {
                "train": "SingleDataLoader(subterranean-worlds_train.bin, len=347)",
                "test": "SingleDataLoader(subterranean-worlds_test.bin, len=37)"
            },
            "superheroes": {
                "train": "SingleDataLoader(superheroes_train.bin, len=345)",
                "test": "SingleDataLoader(superheroes_test.bin, len=38)"
            },
            "talking-animals": {
                "train": "SingleDataLoader(talking-animals_train.bin, len=347)",
                "test": "SingleDataLoader(talking-animals_test.bin, len=37)"
            },
            "the-arts": {
                "train": "SingleDataLoader(the-arts_train.bin, len=345)",
                "test": "SingleDataLoader(the-arts_test.bin, len=38)"
            },
            "the-sky": {
                "train": "SingleDataLoader(the-sky_train.bin, len=342)",
                "test": "SingleDataLoader(the-sky_test.bin, len=38)"
            },
            "time-travel": {
                "train": "SingleDataLoader(time-travel_train.bin, len=347)",
                "test": "SingleDataLoader(time-travel_test.bin, len=37)"
            },
            "treasure-hunts": {
                "train": "SingleDataLoader(treasure-hunts_train.bin, len=330)",
                "test": "SingleDataLoader(treasure-hunts_test.bin, len=35)"
            },
            "undercover-missions": {
                "train": "SingleDataLoader(undercover-missions_train.bin, len=347)",
                "test": "SingleDataLoader(undercover-missions_test.bin, len=40)"
            },
            "underwater-adventures": {
                "train": "SingleDataLoader(underwater-adventures_train.bin, len=339)",
                "test": "SingleDataLoader(underwater-adventures_test.bin, len=38)"
            },
            "unusual-vehicles": {
                "train": "SingleDataLoader(unusual-vehicles_train.bin, len=347)",
                "test": "SingleDataLoader(unusual-vehicles_test.bin, len=39)"
            },
            "virtual-worlds": {
                "train": "SingleDataLoader(virtual-worlds_train.bin, len=346)",
                "test": "SingleDataLoader(virtual-worlds_test.bin, len=37)"
            },
            "core": {
                "train": "InterleavedDataLoader(len=15143)",
                "test": "InterleavedDataLoader(len=1677)"
            },
            "aux": {
                "train": "InterleavedDataLoader(len=1401)",
                "test": "InterleavedDataLoader(len=155)"
            },
            "all": {
                "train": "InterleavedDataLoader(len=16544)",
                "test": "InterleavedDataLoader(len=1832)"
            }
        },
        "res_root": "/workspace-vast/ethanr/gradient-routing/experiments/AGI-1699-New-Dataset-Runs/results/stories_maxent_seed3",
        "experiment_id": "seed_3",
        "s3_bucket": null,
        "s3_prefix": null
    },
    "label_prc": 1.0
}
[GPU 0] [14:10:48] [INFO] Loader a-deadline-or-time-limit train: 352, test: 40
[GPU 0] [14:10:48] [INFO] Loader alien-encounters train: 345, test: 38
[GPU 0] [14:10:48] [INFO] Loader bygone-eras train: 352, test: 39
[GPU 0] [14:10:48] [INFO] Loader cultural-traditions train: 352, test: 38
[GPU 0] [14:10:48] [INFO] Loader dinosaurs train: 337, test: 38
[GPU 0] [14:10:48] [INFO] Loader dream-worlds train: 339, test: 37
[GPU 0] [14:10:48] [INFO] Loader enchanted-forests train: 347, test: 38
[GPU 0] [14:10:48] [INFO] Loader fairy-tales train: 344, test: 37
[GPU 0] [14:10:48] [INFO] Loader fantasy-worlds train: 347, test: 39
[GPU 0] [14:10:48] [INFO] Loader gardens train: 346, test: 37
[GPU 0] [14:10:48] [INFO] Loader giant-creatures train: 347, test: 37
[GPU 0] [14:10:48] [INFO] Loader haunted-places train: 347, test: 41
[GPU 0] [14:10:48] [INFO] Loader hidden-treasures train: 347, test: 39
[GPU 0] [14:10:48] [INFO] Loader holidays train: 347, test: 38
[GPU 0] [14:10:48] [INFO] Loader invisibility train: 345, test: 37
[GPU 0] [14:10:48] [INFO] Loader island-adventures train: 347, test: 39
[GPU 0] [14:10:48] [INFO] Loader living-objects train: 336, test: 38
[GPU 0] [14:10:48] [INFO] Loader lost-cities train: 347, test: 40
[GPU 0] [14:10:48] [INFO] Loader lost-civilizations train: 347, test: 41
[GPU 0] [14:10:48] [INFO] Loader magical-lands train: 347, test: 38
[GPU 0] [14:10:48] [INFO] Loader magical-objects train: 345, test: 37
[GPU 0] [14:10:48] [INFO] Loader miniature-worlds train: 335, test: 37
[GPU 0] [14:10:48] [INFO] Loader mysterious-maps train: 339, test: 38
[GPU 0] [14:10:48] [INFO] Loader mystical-creatures train: 347, test: 38
[GPU 0] [14:10:48] [INFO] Loader outer-space train: 343, test: 38
[GPU 0] [14:10:48] [INFO] Loader pirates train: 347, test: 39
[GPU 0] [14:10:48] [INFO] Loader riddles train: 344, test: 38
[GPU 0] [14:10:48] [INFO] Loader robots-and-technology train: 347, test: 39
[GPU 0] [14:10:48] [INFO] Loader royal-kingdoms train: 347, test: 40
[GPU 0] [14:10:48] [INFO] Loader school-life train: 338, test: 38
[GPU 0] [14:10:48] [INFO] Loader seasonal-changes train: 342, test: 38
[GPU 0] [14:10:48] [INFO] Loader secret-societies train: 347, test: 38
[GPU 0] [14:10:48] [INFO] Loader shape-shifting train: 344, test: 38
[GPU 0] [14:10:48] [INFO] Loader sibling-rivalry train: 347, test: 39
[GPU 0] [14:10:48] [INFO] Loader snowy-adventures train: 347, test: 39
[GPU 0] [14:10:48] [INFO] Loader space-exploration train: 345, test: 38
[GPU 0] [14:10:48] [INFO] Loader sports train: 340, test: 37
[GPU 0] [14:10:48] [INFO] Loader subterranean-worlds train: 347, test: 37
[GPU 0] [14:10:48] [INFO] Loader superheroes train: 345, test: 38
[GPU 0] [14:10:48] [INFO] Loader talking-animals train: 347, test: 37
[GPU 0] [14:10:48] [INFO] Loader the-arts train: 345, test: 38
[GPU 0] [14:10:48] [INFO] Loader the-sky train: 342, test: 38
[GPU 0] [14:10:48] [INFO] Loader time-travel train: 347, test: 37
[GPU 0] [14:10:48] [INFO] Loader treasure-hunts train: 330, test: 35
[GPU 0] [14:10:48] [INFO] Loader undercover-missions train: 347, test: 40
[GPU 0] [14:10:48] [INFO] Loader underwater-adventures train: 339, test: 38
[GPU 0] [14:10:48] [INFO] Loader unusual-vehicles train: 347, test: 39
[GPU 0] [14:10:48] [INFO] Loader virtual-worlds train: 346, test: 37
[GPU 0] [14:10:48] [INFO] Loader core train: 15143, test: 1677
[GPU 0] [14:10:48] [INFO] Loader aux train: 1401, test: 155
[GPU 0] [14:10:48] [INFO] Loader all train: 16544, test: 1832
[GPU 0] [14:10:48] [INFO] Skipping completed stage baseline @ /workspace-vast/ethanr/gradient-routing/experiments/AGI-1699-New-Dataset-Runs/results/stories/seed_3/20260616140910000001/baseline
[GPU 0] [14:10:48] [INFO] Loading baseline model from /workspace-vast/ethanr/gradient-routing/experiments/AGI-1699-New-Dataset-Runs/results/stories/seed_3/20260616140910000001/baseline/checkpoint.pth for downstream stages
[GPU 0] [14:10:49] [INFO] Initialized BaseTransformer with 26,257,920 total parameters
[GPU 0] [14:10:49] [INFO] Compiling BaseTransformer with torch.compile...
[GPU 0] [14:10:55] [INFO] torch.compile done
[GPU 0] [14:10:55] [INFO] Stage [maxent] start: {"name": "maxent", "num_checkpoints": -1, "lr": 0.0022282602514318954, "res_dir": "/workspace-vast/ethanr/gradient-routing/experiments/AGI-1699-New-Dataset-Runs/results/stories/seed_3/20260616140910000001/maxent_01", "acc_mode": "heterogeneous", "do_eval": true, "do_sample": false, "num_train_evals": 0, "do_elicit": true, "elicit_eval_prc": 0.5, "elicit_num_evals": 100, "retain_targets": [["core"]], "alpha_retain": 196.26178132008155, "steps": 2000, "early_stop_thresh": 2.0}
[GPU 0] [14:10:55] [INFO] Using stage-level retain_targets override (1 targets)
[GPU 0] [14:10:55] [INFO] UNLEARNING - maxent START
[GPU 0] [14:10:55] [INFO] Unlearning: retaining ['core'], removing ['a-deadline-or-time-limit', 'alien-encounters', 'bygone-eras', 'cultural-traditions']
[GPU 0] [14:10:55] [INFO] ---- Begin MaxEnt | Data Labels: ['a-deadline-or-time-limit', 'alien-encounters', 'bygone-eras', 'cultural-traditions'] ----
[GPU 0] [14:10:55] [DEBUG] alpha_retain: 196.26178132008155, lr: 0.0022282602514318954, steps: 2000, early_stop_thresh: 2.0
[GPU 0] [14:10:55] [DEBUG] retain_labels: ['dinosaurs', 'dream-worlds', 'enchanted-forests', 'fairy-tales', 'fantasy-worlds', 'gardens', 'giant-creatures', 'haunted-places', 'hidden-treasures', 'holidays', 'invisibility', 'island-adventures', 'living-objects', 'lost-cities', 'lost-civilizations', 'magical-lands', 'magical-objects', 'miniature-worlds', 'mysterious-maps', 'mystical-creatures', 'outer-space', 'pirates', 'riddles', 'robots-and-technology', 'royal-kingdoms', 'school-life', 'seasonal-changes', 'secret-societies', 'shape-shifting', 'sibling-rivalry', 'snowy-adventures', 'space-exploration', 'sports', 'subterranean-worlds', 'superheroes', 'talking-animals', 'the-arts', 'the-sky', 'time-travel', 'treasure-hunts', 'undercover-missions', 'underwater-adventures', 'unusual-vehicles', 'virtual-worlds']
[GPU 0] [14:13:30] [INFO] Finished MaxEnt — Avg KL→U: 6.528, Avg Retain CE: 1.699
[GPU 0] [14:13:30] [INFO] ---- Begin Eval ----
[GPU 0] [14:13:30] [INFO] Data: core | Experts: None
[GPU 0] [14:14:23] [INFO] loss: 1.68866932
[GPU 0] [14:14:23] [INFO] Data: a-deadline-or-time-limit | Experts: None
[GPU 0] [14:14:23] [INFO] loss: 1.87578130
[GPU 0] [14:14:23] [INFO] Data: alien-encounters | Experts: None
[GPU 0] [14:14:24] [INFO] loss: 1.72450662
[GPU 0] [14:14:24] [INFO] Data: bygone-eras | Experts: None
[GPU 0] [14:14:25] [INFO] loss: 1.71414268
[GPU 0] [14:14:25] [INFO] Data: cultural-traditions | Experts: None
[GPU 0] [14:14:25] [INFO] loss: 1.75925159
[GPU 0] [14:14:25] [INFO] Saved unlearned checkpoint: /workspace-vast/ethanr/gradient-routing/experiments/AGI-1699-New-Dataset-Runs/results/stories/seed_3/20260616140910000001/maxent_01/core/checkpoint.pth
[GPU 0] [14:14:26] [INFO] UNLEARNING - maxent - ADVERSARIAL FT START
[GPU 0] [14:14:26] [INFO] ---- Begin FT | Experts: None | Data: ['a-deadline-or-time-limit'] ----
[GPU 0] [14:14:26] [DEBUG] num_seq: 512, num_rounds: 200, patience: 10
[GPU 0] [14:14:26] [DEBUG] local_x: torch.Size([512, 256]), local_y: torch.Size([512, 256]), num_steps: 4, per_gpu: 512, mbs_size: 128
[GPU 0] [14:15:04] [INFO] New best validation loss: 1.8342 @ step 0
[GPU 0] [14:15:05] [INFO] New best validation loss: 1.8133 @ step 1
[GPU 0] [14:15:06] [INFO] New best validation loss: 1.8018 @ step 2
[GPU 0] [14:15:08] [INFO] New best validation loss: 1.7951 @ step 3
[GPU 0] [14:15:10] [INFO] New best validation loss: 1.7898 @ step 4
[GPU 0] [14:15:11] [INFO] New best validation loss: 1.7863 @ step 5
[GPU 0] [14:15:12] [INFO] New best validation loss: 1.7822 @ step 6
[GPU 0] [14:15:12] [INFO] New best validation loss: 1.7799 @ step 7
[GPU 0] [14:15:13] [INFO] New best validation loss: 1.7773 @ step 8
[GPU 0] [14:15:14] [INFO] New best validation loss: 1.7762 @ step 9
[GPU 0] [14:15:14] [INFO] New best validation loss: 1.7736 @ step 10
[GPU 0] [14:15:15] [INFO] New best validation loss: 1.7736 @ step 11
[GPU 0] [14:15:16] [INFO] New best validation loss: 1.7729 @ step 12
[GPU 0] [14:15:16] [INFO] New best validation loss: 1.7727 @ step 13
[GPU 0] [14:15:24] [INFO] Stop FT @ 25: no val improvement for 10 steps
[GPU 0] [14:15:24] [INFO] Wrote stats.jsonl entries at FT step 13 
[GPU 0] [14:15:24] [INFO] ---- Begin FT | Experts: None | Data: ['alien-encounters'] ----
[GPU 0] [14:15:24] [DEBUG] num_seq: 512, num_rounds: 200, patience: 10
[GPU 0] [14:15:24] [DEBUG] local_x: torch.Size([512, 256]), local_y: torch.Size([512, 256]), num_steps: 4, per_gpu: 512, mbs_size: 128
[GPU 0] [14:15:25] [INFO] New best validation loss: 1.6998 @ step 0
[GPU 0] [14:15:25] [INFO] New best validation loss: 1.6861 @ step 1
[GPU 0] [14:15:26] [INFO] New best validation loss: 1.6780 @ step 2
[GPU 0] [14:15:27] [INFO] New best validation loss: 1.6727 @ step 3
[GPU 0] [14:15:27] [INFO] New best validation loss: 1.6692 @ step 4
[GPU 0] [14:15:28] [INFO] New best validation loss: 1.6651 @ step 5
[GPU 0] [14:15:29] [INFO] New best validation loss: 1.6628 @ step 6
[GPU 0] [14:15:29] [INFO] New best validation loss: 1.6608 @ step 7
[GPU 0] [14:15:30] [INFO] New best validation loss: 1.6585 @ step 8
[GPU 0] [14:15:31] [INFO] New best validation loss: 1.6583 @ step 9
[GPU 0] [14:15:32] [INFO] New best validation loss: 1.6571 @ step 10
[GPU 0] [14:15:32] [INFO] New best validation loss: 1.6569 @ step 11
[GPU 0] [14:15:39] [INFO] Stop FT @ 23: no val improvement for 10 steps
[GPU 0] [14:15:39] [INFO] Wrote stats.jsonl entries at FT step 11 
[GPU 0] [14:15:39] [INFO] ---- Begin FT | Experts: None | Data: ['bygone-eras'] ----
[GPU 0] [14:15:39] [DEBUG] num_seq: 512, num_rounds: 200, patience: 10
[GPU 0] [14:15:39] [DEBUG] local_x: torch.Size([512, 256]), local_y: torch.Size([512, 256]), num_steps: 4, per_gpu: 512, mbs_size: 128
[GPU 0] [14:15:40] [INFO] New best validation loss: 1.7099 @ step 0
[GPU 0] [14:15:41] [INFO] New best validation loss: 1.7071 @ step 1
[GPU 0] [14:15:42] [INFO] New best validation loss: 1.7049 @ step 2
[GPU 0] [14:15:42] [INFO] New best validation loss: 1.7045 @ step 3
[GPU 0] [14:15:43] [INFO] New best validation loss: 1.7043 @ step 4
[GPU 0] [14:15:50] [INFO] Stop FT @ 16: no val improvement for 10 steps
[GPU 0] [14:15:50] [INFO] Wrote stats.jsonl entries at FT step 4 
[GPU 0] [14:15:50] [INFO] ---- Begin FT | Experts: None | Data: ['cultural-traditions'] ----
[GPU 0] [14:15:50] [DEBUG] num_seq: 512, num_rounds: 200, patience: 10
[GPU 0] [14:15:50] [DEBUG] local_x: torch.Size([512, 256]), local_y: torch.Size([512, 256]), num_steps: 4, per_gpu: 512, mbs_size: 128
[GPU 0] [14:15:51] [INFO] New best validation loss: 1.7508 @ step 0
[GPU 0] [14:15:52] [INFO] New best validation loss: 1.7457 @ step 1
[GPU 0] [14:15:52] [INFO] New best validation loss: 1.7430 @ step 2
[GPU 0] [14:15:53] [INFO] New best validation loss: 1.7412 @ step 3
[GPU 0] [14:15:54] [INFO] New best validation loss: 1.7395 @ step 4
[GPU 0] [14:15:54] [INFO] New best validation loss: 1.7389 @ step 5
[GPU 0] [14:15:55] [INFO] New best validation loss: 1.7389 @ step 6
[GPU 0] [14:16:02] [INFO] Stop FT @ 18: no val improvement for 10 steps
[GPU 0] [14:16:02] [INFO] Wrote stats.jsonl entries at FT step 6 
[GPU 0] [14:16:03] [INFO] Stage [maxent] start: {"name": "maxent", "num_checkpoints": -1, "lr": 0.0017259728149071729, "res_dir": "/workspace-vast/ethanr/gradient-routing/experiments/AGI-1699-New-Dataset-Runs/results/stories/seed_3/20260616140910000001/maxent_02", "acc_mode": "heterogeneous", "do_eval": true, "do_sample": false, "num_train_evals": 0, "do_elicit": true, "elicit_eval_prc": 0.5, "elicit_num_evals": 100, "retain_targets": [["core", "a-deadline-or-time-limit"]], "alpha_retain": 196.35223675681075, "steps": 2000, "early_stop_thresh": 2.0}
[GPU 0] [14:16:03] [INFO] Using stage-level retain_targets override (1 targets)
[GPU 0] [14:16:03] [INFO] UNLEARNING - maxent START
[GPU 0] [14:16:03] [INFO] Unlearning: retaining ['a-deadline-or-time-limit', 'core'], removing ['alien-encounters', 'bygone-eras', 'cultural-traditions']
[GPU 0] [14:16:03] [INFO] ---- Begin MaxEnt | Data Labels: ['alien-encounters', 'bygone-eras', 'cultural-traditions'] ----
[GPU 0] [14:16:03] [DEBUG] alpha_retain: 196.35223675681075, lr: 0.0017259728149071729, steps: 2000, early_stop_thresh: 2.0
[GPU 0] [14:16:03] [DEBUG] retain_labels: ['a-deadline-or-time-limit', 'dinosaurs', 'dream-worlds', 'enchanted-forests', 'fairy-tales', 'fantasy-worlds', 'gardens', 'giant-creatures', 'haunted-places', 'hidden-treasures', 'holidays', 'invisibility', 'island-adventures', 'living-objects', 'lost-cities', 'lost-civilizations', 'magical-lands', 'magical-objects', 'miniature-worlds', 'mysterious-maps', 'mystical-creatures', 'outer-space', 'pirates', 'riddles', 'robots-and-technology', 'royal-kingdoms', 'school-life', 'seasonal-changes', 'secret-societies', 'shape-shifting', 'sibling-rivalry', 'snowy-adventures', 'space-exploration', 'sports', 'subterranean-worlds', 'superheroes', 'talking-animals', 'the-arts', 'the-sky', 'time-travel', 'treasure-hunts', 'undercover-missions', 'underwater-adventures', 'unusual-vehicles', 'virtual-worlds']
[GPU 0] [14:17:21] [INFO] Finished MaxEnt — Avg KL→U: 6.562, Avg Retain CE: 1.681
[GPU 0] [14:17:21] [INFO] ---- Begin Eval ----
[GPU 0] [14:17:21] [INFO] Data: core | Experts: None
[GPU 0] [14:17:43] [INFO] loss: 1.67357540
[GPU 0] [14:17:43] [INFO] Data: a-deadline-or-time-limit | Experts: None
[GPU 0] [14:17:44] [INFO] loss: 1.77871096
[GPU 0] [14:17:44] [INFO] Data: alien-encounters | Experts: None
[GPU 0] [14:17:44] [INFO] loss: 1.72224510
[GPU 0] [14:17:44] [INFO] Data: bygone-eras | Experts: None
[GPU 0] [14:17:45] [INFO] loss: 1.69811702
[GPU 0] [14:17:45] [INFO] Data: cultural-traditions | Experts: None
[GPU 0] [14:17:45] [INFO] loss: 1.74033713
[GPU 0] [14:17:45] [INFO] Saved unlearned checkpoint: /workspace-vast/ethanr/gradient-routing/experiments/AGI-1699-New-Dataset-Runs/results/stories/seed_3/20260616140910000001/maxent_02/core_a-deadline-or-time-limit/checkpoint.pth
[GPU 0] [14:17:46] [INFO] UNLEARNING - maxent - ADVERSARIAL FT START
[GPU 0] [14:17:46] [INFO] ---- Begin FT | Experts: None | Data: ['alien-encounters'] ----
[GPU 0] [14:17:46] [DEBUG] num_seq: 512, num_rounds: 200, patience: 10
[GPU 0] [14:17:46] [DEBUG] local_x: torch.Size([512, 256]), local_y: torch.Size([512, 256]), num_steps: 4, per_gpu: 512, mbs_size: 128
[GPU 0] [14:17:46] [INFO] New best validation loss: 1.7074 @ step 0
[GPU 0] [14:17:47] [INFO] New best validation loss: 1.6951 @ step 1
[GPU 0] [14:17:48] [INFO] New best validation loss: 1.6867 @ step 2
[GPU 0] [14:17:48] [INFO] New best validation loss: 1.6795 @ step 3
[GPU 0] [14:17:49] [INFO] New best validation loss: 1.6750 @ step 4
[GPU 0] [14:17:50] [INFO] New best validation loss: 1.6698 @ step 5
[GPU 0] [14:17:50] [INFO] New best validation loss: 1.6674 @ step 6
[GPU 0] [14:17:51] [INFO] New best validation loss: 1.6639 @ step 7
[GPU 0] [14:17:52] [INFO] New best validation loss: 1.6616 @ step 8
[GPU 0] [14:17:53] [INFO] New best validation loss: 1.6600 @ step 9
[GPU 0] [14:17:53] [INFO] New best validation loss: 1.6587 @ step 10
[GPU 0] [14:17:54] [INFO] New best validation loss: 1.6569 @ step 11
[GPU 0] [14:17:55] [INFO] New best validation loss: 1.6550 @ step 12
[GPU 0] [14:17:55] [INFO] New best validation loss: 1.6540 @ step 13
[GPU 0] [14:17:56] [INFO] New best validation loss: 1.6530 @ step 14
[GPU 0] [14:17:57] [INFO] New best validation loss: 1.6517 @ step 15
[GPU 0] [14:17:57] [INFO] New best validation loss: 1.6511 @ step 16
[GPU 0] [14:17:58] [INFO] New best validation loss: 1.6505 @ step 17
[GPU 0] [14:17:59] [INFO] New best validation loss: 1.6491 @ step 18
[GPU 0] [14:17:59] [INFO] New best validation loss: 1.6482 @ step 19
[GPU 0] [14:18:01] [INFO] New best validation loss: 1.6470 @ step 20
[GPU 0] [14:18:01] [INFO] New best validation loss: 1.6468 @ step 21
[GPU 0] [14:18:02] [INFO] New best validation loss: 1.6460 @ step 22
[GPU 0] [14:18:03] [INFO] New best validation loss: 1.6458 @ step 23
[GPU 0] [14:18:03] [INFO] New best validation loss: 1.6458 @ step 24
[GPU 0] [14:18:04] [INFO] New best validation loss: 1.6458 @ step 25
[GPU 0] [14:18:05] [INFO] New best validation loss: 1.6454 @ step 26
[GPU 0] [14:18:05] [INFO] New best validation loss: 1.6454 @ step 27
[GPU 0] [14:18:06] [INFO] New best validation loss: 1.6454 @ step 28
[GPU 0] [14:18:07] [INFO] New best validation loss: 1.6454 @ step 29
[GPU 0] [14:18:14] [INFO] Stop FT @ 41: no val improvement for 10 steps
[GPU 0] [14:18:14] [INFO] Wrote stats.jsonl entries at FT step 29 
[GPU 0] [14:18:15] [INFO] ---- Begin FT | Experts: None | Data: ['bygone-eras'] ----
[GPU 0] [14:18:15] [DEBUG] num_seq: 512, num_rounds: 200, patience: 10
[GPU 0] [14:18:15] [DEBUG] local_x: torch.Size([512, 256]), local_y: torch.Size([512, 256]), num_steps: 4, per_gpu: 512, mbs_size: 128
[GPU 0] [14:18:15] [INFO] New best validation loss: 1.6963 @ step 0
[GPU 0] [14:18:16] [INFO] New best validation loss: 1.6941 @ step 1
[GPU 0] [14:18:17] [INFO] New best validation loss: 1.6933 @ step 2
[GPU 0] [14:18:17] [INFO] New best validation loss: 1.6923 @ step 3
[GPU 0] [14:18:18] [INFO] New best validation loss: 1.6921 @ step 4
[GPU 0] [14:18:19] [INFO] New best validation loss: 1.6919 @ step 5
[GPU 0] [14:18:20] [INFO] New best validation loss: 1.6917 @ step 6
[GPU 0] [14:18:20] [INFO] New best validation loss: 1.6917 @ step 7
[GPU 0] [14:18:21] [INFO] New best validation loss: 1.6917 @ step 8
[GPU 0] [14:18:22] [INFO] New best validation loss: 1.6917 @ step 9
[GPU 0] [14:18:22] [INFO] New best validation loss: 1.6917 @ step 10
[GPU 0] [14:18:23] [INFO] New best validation loss: 1.6917 @ step 11
[GPU 0] [14:18:24] [INFO] New best validation loss: 1.6917 @ step 12
[GPU 0] [14:18:25] [INFO] New best validation loss: 1.6917 @ step 13
[GPU 0] [14:18:32] [INFO] Stop FT @ 25: no val improvement for 10 steps
[GPU 0] [14:18:32] [INFO] Wrote stats.jsonl entries at FT step 13 
[GPU 0] [14:18:32] [INFO] ---- Begin FT | Experts: None | Data: ['cultural-traditions'] ----
[GPU 0] [14:18:32] [DEBUG] num_seq: 512, num_rounds: 200, patience: 10
[GPU 0] [14:18:32] [DEBUG] local_x: torch.Size([512, 256]), local_y: torch.Size([512, 256]), num_steps: 4, per_gpu: 512, mbs_size: 128
[GPU 0] [14:18:33] [INFO] New best validation loss: 1.7377 @ step 0
[GPU 0] [14:18:34] [INFO] New best validation loss: 1.7362 @ step 1
[GPU 0] [14:18:35] [INFO] New best validation loss: 1.7342 @ step 2
[GPU 0] [14:18:35] [INFO] New best validation loss: 1.7329 @ step 3
[GPU 0] [14:18:36] [INFO] New best validation loss: 1.7315 @ step 4
[GPU 0] [14:18:37] [INFO] New best validation loss: 1.7305 @ step 5
[GPU 0] [14:18:37] [INFO] New best validation loss: 1.7296 @ step 6
[GPU 0] [14:18:38] [INFO] New best validation loss: 1.7290 @ step 7
[GPU 0] [14:18:39] [INFO] New best validation loss: 1.7288 @ step 8
[GPU 0] [14:18:39] [INFO] New best validation loss: 1.7282 @ step 9
[GPU 0] [14:18:40] [INFO] New best validation loss: 1.7280 @ step 10
[GPU 0] [14:18:41] [INFO] New best validation loss: 1.7278 @ step 11
[GPU 0] [14:18:42] [INFO] New best validation loss: 1.7278 @ step 12
[GPU 0] [14:18:42] [INFO] New best validation loss: 1.7278 @ step 13
[GPU 0] [14:18:43] [INFO] New best validation loss: 1.7278 @ step 14
[GPU 0] [14:18:44] [INFO] New best validation loss: 1.7278 @ step 15
[GPU 0] [14:18:51] [INFO] Stop FT @ 27: no val improvement for 10 steps
[GPU 0] [14:18:51] [INFO] Wrote stats.jsonl entries at FT step 15 
[GPU 0] [14:18:51] [INFO] Stage [maxent] start: {"name": "maxent", "num_checkpoints": -1, "lr": 0.0016421522640340906, "res_dir": "/workspace-vast/ethanr/gradient-routing/experiments/AGI-1699-New-Dataset-Runs/results/stories/seed_3/20260616140910000001/maxent_03", "acc_mode": "heterogeneous", "do_eval": true, "do_sample": false, "num_train_evals": 0, "do_elicit": true, "elicit_eval_prc": 0.5, "elicit_num_evals": 100, "retain_targets": [["core", "alien-encounters"]], "alpha_retain": 294.7055359248314, "steps": 2000, "early_stop_thresh": 2.0}
[GPU 0] [14:18:51] [INFO] Using stage-level retain_targets override (1 targets)
[GPU 0] [14:18:51] [INFO] UNLEARNING - maxent START
[GPU 0] [14:18:51] [INFO] Unlearning: retaining ['alien-encounters', 'core'], removing ['a-deadline-or-time-limit', 'bygone-eras', 'cultural-traditions']
[GPU 0] [14:18:51] [INFO] ---- Begin MaxEnt | Data Labels: ['a-deadline-or-time-limit', 'bygone-eras', 'cultural-traditions'] ----
[GPU 0] [14:18:51] [DEBUG] alpha_retain: 294.7055359248314, lr: 0.0016421522640340906, steps: 2000, early_stop_thresh: 2.0
[GPU 0] [14:18:51] [DEBUG] retain_labels: ['alien-encounters', 'dinosaurs', 'dream-worlds', 'enchanted-forests', 'fairy-tales', 'fantasy-worlds', 'gardens', 'giant-creatures', 'haunted-places', 'hidden-treasures', 'holidays', 'invisibility', 'island-adventures', 'living-objects', 'lost-cities', 'lost-civilizations', 'magical-lands', 'magical-objects', 'miniature-worlds', 'mysterious-maps', 'mystical-creatures', 'outer-space', 'pirates', 'riddles', 'robots-and-technology', 'royal-kingdoms', 'school-life', 'seasonal-changes', 'secret-societies', 'shape-shifting', 'sibling-rivalry', 'snowy-adventures', 'space-exploration', 'sports', 'subterranean-worlds', 'superheroes', 'talking-animals', 'the-arts', 'the-sky', 'time-travel', 'treasure-hunts', 'undercover-missions', 'underwater-adventures', 'unusual-vehicles', 'virtual-worlds']
[GPU 0] [14:20:02] [INFO] Finished MaxEnt — Avg KL→U: 6.555, Avg Retain CE: 1.679
[GPU 0] [14:20:02] [INFO] ---- Begin Eval ----
[GPU 0] [14:20:02] [INFO] Data: core | Experts: None
[GPU 0] [14:20:25] [INFO] loss: 1.67171657
[GPU 0] [14:20:25] [INFO] Data: a-deadline-or-time-limit | Experts: None
[GPU 0] [14:20:26] [INFO] loss: 1.78554690
[GPU 0] [14:20:26] [INFO] Data: alien-encounters | Experts: None
[GPU 0] [14:20:26] [INFO] loss: 1.66591287
[GPU 0] [14:20:26] [INFO] Data: bygone-eras | Experts: None
[GPU 0] [14:20:27] [INFO] loss: 1.69831729
[GPU 0] [14:20:27] [INFO] Data: cultural-traditions | Experts: None
[GPU 0] [14:20:28] [INFO] loss: 1.74074841
[GPU 0] [14:20:28] [INFO] Saved unlearned checkpoint: /workspace-vast/ethanr/gradient-routing/experiments/AGI-1699-New-Dataset-Runs/results/stories/seed_3/20260616140910000001/maxent_03/core_alien-encounters/checkpoint.pth
[GPU 0] [14:20:28] [INFO] UNLEARNING - maxent - ADVERSARIAL FT START
[GPU 0] [14:20:28] [INFO] ---- Begin FT | Experts: None | Data: ['a-deadline-or-time-limit'] ----
[GPU 0] [14:20:28] [DEBUG] num_seq: 512, num_rounds: 200, patience: 10
[GPU 0] [14:20:28] [DEBUG] local_x: torch.Size([512, 256]), local_y: torch.Size([512, 256]), num_steps: 4, per_gpu: 512, mbs_size: 128
[GPU 0] [14:20:29] [INFO] New best validation loss: 1.7814 @ step 0
[GPU 0] [14:20:30] [INFO] New best validation loss: 1.7785 @ step 1
[GPU 0] [14:20:30] [INFO] New best validation loss: 1.7756 @ step 2
[GPU 0] [14:20:31] [INFO] New best validation loss: 1.7725 @ step 3
[GPU 0] [14:20:32] [INFO] New best validation loss: 1.7709 @ step 4
[GPU 0] [14:20:33] [INFO] New best validation loss: 1.7684 @ step 5
[GPU 0] [14:20:33] [INFO] New best validation loss: 1.7670 @ step 6
[GPU 0] [14:20:34] [INFO] New best validation loss: 1.7652 @ step 7
[GPU 0] [14:20:35] [INFO] New best validation loss: 1.7646 @ step 8
[GPU 0] [14:20:35] [INFO] New best validation loss: 1.7631 @ step 9
[GPU 0] [14:20:36] [INFO] New best validation loss: 1.7621 @ step 10
[GPU 0] [14:20:37] [INFO] New best validation loss: 1.7615 @ step 11
[GPU 0] [14:20:38] [INFO] New best validation loss: 1.7604 @ step 12
[GPU 0] [14:20:38] [INFO] New best validation loss: 1.7596 @ step 13
[GPU 0] [14:20:39] [INFO] New best validation loss: 1.7588 @ step 14
[GPU 0] [14:20:40] [INFO] New best validation loss: 1.7584 @ step 15
[GPU 0] [14:20:41] [INFO] New best validation loss: 1.7582 @ step 16
[GPU 0] [14:20:41] [INFO] New best validation loss: 1.7578 @ step 17
[GPU 0] [14:20:42] [INFO] New best validation loss: 1.7578 @ step 18
[GPU 0] [14:20:43] [INFO] New best validation loss: 1.7578 @ step 19
[GPU 0] [14:20:43] [INFO] New best validation loss: 1.7578 @ step 20
[GPU 0] [14:20:44] [INFO] New best validation loss: 1.7578 @ step 21
[GPU 0] [14:20:45] [INFO] New best validation loss: 1.7578 @ step 22
[GPU 0] [14:20:53] [INFO] Stop FT @ 34: no val improvement for 10 steps
[GPU 0] [14:20:53] [INFO] Wrote stats.jsonl entries at FT step 22 
[GPU 0] [14:20:53] [INFO] ---- Begin FT | Experts: None | Data: ['bygone-eras'] ----
[GPU 0] [14:20:53] [DEBUG] num_seq: 512, num_rounds: 200, patience: 10
[GPU 0] [14:20:53] [DEBUG] local_x: torch.Size([512, 256]), local_y: torch.Size([512, 256]), num_steps: 4, per_gpu: 512, mbs_size: 128
[GPU 0] [14:20:54] [INFO] New best validation loss: 1.6965 @ step 0
[GPU 0] [14:20:55] [INFO] New best validation loss: 1.6937 @ step 1
[GPU 0] [14:20:56] [INFO] New best validation loss: 1.6935 @ step 2
[GPU 0] [14:20:56] [INFO] New best validation loss: 1.6923 @ step 3
[GPU 0] [14:20:57] [INFO] New best validation loss: 1.6917 @ step 4
[GPU 0] [14:20:58] [INFO] New best validation loss: 1.6915 @ step 5
[GPU 0] [14:20:58] [INFO] New best validation loss: 1.6911 @ step 6
[GPU 0] [14:20:59] [INFO] New best validation loss: 1.6909 @ step 7
[GPU 0] [14:21:00] [INFO] New best validation loss: 1.6907 @ step 8
[GPU 0] [14:21:01] [INFO] New best validation loss: 1.6903 @ step 9
[GPU 0] [14:21:01] [INFO] New best validation loss: 1.6901 @ step 10
[GPU 0] [14:21:02] [INFO] New best validation loss: 1.6901 @ step 11
[GPU 0] [14:21:03] [INFO] New best validation loss: 1.6901 @ step 12
[GPU 0] [14:21:11] [INFO] Stop FT @ 24: no val improvement for 10 steps
[GPU 0] [14:21:11] [INFO] Wrote stats.jsonl entries at FT step 12 
[GPU 0] [14:21:11] [INFO] ---- Begin FT | Experts: None | Data: ['cultural-traditions'] ----
[GPU 0] [14:21:11] [DEBUG] num_seq: 512, num_rounds: 200, patience: 10
[GPU 0] [14:21:11] [DEBUG] local_x: torch.Size([512, 256]), local_y: torch.Size([512, 256]), num_steps: 4, per_gpu: 512, mbs_size: 128
[GPU 0] [14:21:11] [INFO] New best validation loss: 1.7383 @ step 0
[GPU 0] [14:21:12] [INFO] New best validation loss: 1.7354 @ step 1
[GPU 0] [14:21:13] [INFO] New best validation loss: 1.7336 @ step 2
[GPU 0] [14:21:14] [INFO] New best validation loss: 1.7325 @ step 3
[GPU 0] [14:21:14] [INFO] New best validation loss: 1.7313 @ step 4
[GPU 0] [14:21:15] [INFO] New best validation loss: 1.7307 @ step 5
[GPU 0] [14:21:16] [INFO] New best validation loss: 1.7284 @ step 6
[GPU 0] [14:21:16] [INFO] New best validation loss: 1.7282 @ step 7
[GPU 0] [14:21:17] [INFO] New best validation loss: 1.7280 @ step 8
[GPU 0] [14:21:18] [INFO] New best validation loss: 1.7272 @ step 9
[GPU 0] [14:21:19] [INFO] New best validation loss: 1.7266 @ step 10
[GPU 0] [14:21:19] [INFO] New best validation loss: 1.7264 @ step 11
[GPU 0] [14:21:20] [INFO] New best validation loss: 1.7262 @ step 12
[GPU 0] [14:21:21] [INFO] New best validation loss: 1.7262 @ step 13
[GPU 0] [14:21:22] [INFO] New best validation loss: 1.7262 @ step 14
[GPU 0] [14:21:22] [INFO] New best validation loss: 1.7262 @ step 15
[GPU 0] [14:21:30] [INFO] Stop FT @ 27: no val improvement for 10 steps
[GPU 0] [14:21:30] [INFO] Wrote stats.jsonl entries at FT step 15 
[GPU 0] [14:21:30] [INFO] Stage [maxent] start: {"name": "maxent", "num_checkpoints": -1, "lr": 0.002122331729211636, "res_dir": "/workspace-vast/ethanr/gradient-routing/experiments/AGI-1699-New-Dataset-Runs/results/stories/seed_3/20260616140910000001/maxent_04", "acc_mode": "heterogeneous", "do_eval": true, "do_sample": false, "num_train_evals": 0, "do_elicit": true, "elicit_eval_prc": 0.5, "elicit_num_evals": 100, "retain_targets": [["core", "bygone-eras"]], "alpha_retain": 249.89527811532025, "steps": 2000, "early_stop_thresh": 2.0}
[GPU 0] [14:21:30] [INFO] Using stage-level retain_targets override (1 targets)
[GPU 0] [14:21:30] [INFO] UNLEARNING - maxent START
[GPU 0] [14:21:30] [INFO] Unlearning: retaining ['bygone-eras', 'core'], removing ['a-deadline-or-time-limit', 'alien-encounters', 'cultural-traditions']
[GPU 0] [14:21:30] [INFO] ---- Begin MaxEnt | Data Labels: ['a-deadline-or-time-limit', 'alien-encounters', 'cultural-traditions'] ----
[GPU 0] [14:21:30] [DEBUG] alpha_retain: 249.89527811532025, lr: 0.002122331729211636, steps: 2000, early_stop_thresh: 2.0
[GPU 0] [14:21:30] [DEBUG] retain_labels: ['bygone-eras', 'dinosaurs', 'dream-worlds', 'enchanted-forests', 'fairy-tales', 'fantasy-worlds', 'gardens', 'giant-creatures', 'haunted-places', 'hidden-treasures', 'holidays', 'invisibility', 'island-adventures', 'living-objects', 'lost-cities', 'lost-civilizations', 'magical-lands', 'magical-objects', 'miniature-worlds', 'mysterious-maps', 'mystical-creatures', 'outer-space', 'pirates', 'riddles', 'robots-and-technology', 'royal-kingdoms', 'school-life', 'seasonal-changes', 'secret-societies', 'shape-shifting', 'sibling-rivalry', 'snowy-adventures', 'space-exploration', 'sports', 'subterranean-worlds', 'superheroes', 'talking-animals', 'the-arts', 'the-sky', 'time-travel', 'treasure-hunts', 'undercover-missions', 'underwater-adventures', 'unusual-vehicles', 'virtual-worlds']
[GPU 0] [14:22:38] [INFO] Finished MaxEnt — Avg KL→U: 6.518, Avg Retain CE: 1.691
[GPU 0] [14:22:38] [INFO] ---- Begin Eval ----
[GPU 0] [14:22:38] [INFO] Data: core | Experts: None
[GPU 0] [14:23:01] [INFO] loss: 1.68515670
[GPU 0] [14:23:01] [INFO] Data: a-deadline-or-time-limit | Experts: None
[GPU 0] [14:23:02] [INFO] loss: 1.84980464
[GPU 0] [14:23:02] [INFO] Data: alien-encounters | Experts: None
[GPU 0] [14:23:02] [INFO] loss: 1.70785367
[GPU 0] [14:23:02] [INFO] Data: bygone-eras | Experts: None
[GPU 0] [14:23:03] [INFO] loss: 1.71233976
[GPU 0] [14:23:03] [INFO] Data: cultural-traditions | Experts: None
[GPU 0] [14:23:03] [INFO] loss: 1.75575662
[GPU 0] [14:23:03] [INFO] Saved unlearned checkpoint: /workspace-vast/ethanr/gradient-routing/experiments/AGI-1699-New-Dataset-Runs/results/stories/seed_3/20260616140910000001/maxent_04/core_bygone-eras/checkpoint.pth
[GPU 0] [14:23:04] [INFO] UNLEARNING - maxent - ADVERSARIAL FT START
[GPU 0] [14:23:04] [INFO] ---- Begin FT | Experts: None | Data: ['a-deadline-or-time-limit'] ----
[GPU 0] [14:23:04] [DEBUG] num_seq: 512, num_rounds: 200, patience: 10
[GPU 0] [14:23:04] [DEBUG] local_x: torch.Size([512, 256]), local_y: torch.Size([512, 256]), num_steps: 4, per_gpu: 512, mbs_size: 128
[GPU 0] [14:23:05] [INFO] New best validation loss: 1.8188 @ step 0
[GPU 0] [14:23:05] [INFO] New best validation loss: 1.8035 @ step 1
[GPU 0] [14:23:06] [INFO] New best validation loss: 1.7949 @ step 2
[GPU 0] [14:23:07] [INFO] New best validation loss: 1.7904 @ step 3
[GPU 0] [14:23:08] [INFO] New best validation loss: 1.7852 @ step 4
[GPU 0] [14:23:08] [INFO] New best validation loss: 1.7820 @ step 5
[GPU 0] [14:23:09] [INFO] New best validation loss: 1.7779 @ step 6
[GPU 0] [14:23:10] [INFO] New best validation loss: 1.7764 @ step 7
[GPU 0] [14:23:11] [INFO] New best validation loss: 1.7740 @ step 8
[GPU 0] [14:23:12] [INFO] New best validation loss: 1.7727 @ step 9
[GPU 0] [14:23:12] [INFO] New best validation loss: 1.7711 @ step 10
[GPU 0] [14:23:13] [INFO] New best validation loss: 1.7703 @ step 11
[GPU 0] [14:23:14] [INFO] New best validation loss: 1.7699 @ step 12
[GPU 0] [14:23:22] [INFO] Stop FT @ 24: no val improvement for 10 steps
[GPU 0] [14:23:22] [INFO] Wrote stats.jsonl entries at FT step 12 
[GPU 0] [14:23:22] [INFO] ---- Begin FT | Experts: None | Data: ['alien-encounters'] ----
[GPU 0] [14:23:22] [DEBUG] num_seq: 512, num_rounds: 200, patience: 10
[GPU 0] [14:23:22] [DEBUG] local_x: torch.Size([512, 256]), local_y: torch.Size([512, 256]), num_steps: 4, per_gpu: 512, mbs_size: 128
[GPU 0] [14:23:23] [INFO] New best validation loss: 1.6898 @ step 0
[GPU 0] [14:23:23] [INFO] New best validation loss: 1.6782 @ step 1
[GPU 0] [14:23:24] [INFO] New best validation loss: 1.6719 @ step 2
[GPU 0] [14:23:25] [INFO] New best validation loss: 1.6674 @ step 3
[GPU 0] [14:23:26] [INFO] New best validation loss: 1.6628 @ step 4
[GPU 0] [14:23:26] [INFO] New best validation loss: 1.6602 @ step 5
[GPU 0] [14:23:27] [INFO] New best validation loss: 1.6577 @ step 6
[GPU 0] [14:23:28] [INFO] New best validation loss: 1.6560 @ step 7
[GPU 0] [14:23:28] [INFO] New best validation loss: 1.6542 @ step 8
[GPU 0] [14:23:29] [INFO] New best validation loss: 1.6538 @ step 9
[GPU 0] [14:23:30] [INFO] New best validation loss: 1.6530 @ step 10
[GPU 0] [14:23:30] [INFO] New best validation loss: 1.6528 @ step 11
[GPU 0] [14:23:38] [INFO] Stop FT @ 23: no val improvement for 10 steps
[GPU 0] [14:23:38] [INFO] Wrote stats.jsonl entries at FT step 11 
[GPU 0] [14:23:38] [INFO] ---- Begin FT | Experts: None | Data: ['cultural-traditions'] ----
[GPU 0] [14:23:38] [DEBUG] num_seq: 512, num_rounds: 200, patience: 10
[GPU 0] [14:23:38] [DEBUG] local_x: torch.Size([512, 256]), local_y: torch.Size([512, 256]), num_steps: 4, per_gpu: 512, mbs_size: 128
[GPU 0] [14:23:39] [INFO] New best validation loss: 1.7479 @ step 0
[GPU 0] [14:23:40] [INFO] New best validation loss: 1.7434 @ step 1
[GPU 0] [14:23:40] [INFO] New best validation loss: 1.7399 @ step 2
[GPU 0] [14:23:41] [INFO] New best validation loss: 1.7387 @ step 3
[GPU 0] [14:23:42] [INFO] New best validation loss: 1.7368 @ step 4
[GPU 0] [14:23:42] [INFO] New best validation loss: 1.7364 @ step 5
[GPU 0] [14:23:50] [INFO] Stop FT @ 17: no val improvement for 10 steps
[GPU 0] [14:23:50] [INFO] Wrote stats.jsonl entries at FT step 5 
[GPU 0] [14:23:50] [INFO] Stage [maxent] start: {"name": "maxent", "num_checkpoints": -1, "lr": 0.002122331729211636, "res_dir": "/workspace-vast/ethanr/gradient-routing/experiments/AGI-1699-New-Dataset-Runs/results/stories/seed_3/20260616140910000001/maxent_05", "acc_mode": "heterogeneous", "do_eval": true, "do_sample": false, "num_train_evals": 0, "do_elicit": true, "elicit_eval_prc": 0.5, "elicit_num_evals": 100, "retain_targets": [["core", "cultural-traditions"]], "alpha_retain": 249.89527811532025, "steps": 2000, "early_stop_thresh": 2.0}
[GPU 0] [14:23:50] [INFO] Using stage-level retain_targets override (1 targets)
[GPU 0] [14:23:50] [INFO] UNLEARNING - maxent START
[GPU 0] [14:23:50] [INFO] Unlearning: retaining ['core', 'cultural-traditions'], removing ['a-deadline-or-time-limit', 'alien-encounters', 'bygone-eras']
[GPU 0] [14:23:50] [INFO] ---- Begin MaxEnt | Data Labels: ['a-deadline-or-time-limit', 'alien-encounters', 'bygone-eras'] ----
[GPU 0] [14:23:50] [DEBUG] alpha_retain: 249.89527811532025, lr: 0.002122331729211636, steps: 2000, early_stop_thresh: 2.0
[GPU 0] [14:23:50] [DEBUG] retain_labels: ['cultural-traditions', 'dinosaurs', 'dream-worlds', 'enchanted-forests', 'fairy-tales', 'fantasy-worlds', 'gardens', 'giant-creatures', 'haunted-places', 'hidden-treasures', 'holidays', 'invisibility', 'island-adventures', 'living-objects', 'lost-cities', 'lost-civilizations', 'magical-lands', 'magical-objects', 'miniature-worlds', 'mysterious-maps', 'mystical-creatures', 'outer-space', 'pirates', 'riddles', 'robots-and-technology', 'royal-kingdoms', 'school-life', 'seasonal-changes', 'secret-societies', 'shape-shifting', 'sibling-rivalry', 'snowy-adventures', 'space-exploration', 'sports', 'subterranean-worlds', 'superheroes', 'talking-animals', 'the-arts', 'the-sky', 'time-travel', 'treasure-hunts', 'undercover-missions', 'underwater-adventures', 'unusual-vehicles', 'virtual-worlds']
[GPU 0] [14:24:58] [INFO] Finished MaxEnt — Avg KL→U: 6.546, Avg Retain CE: 1.695
[GPU 0] [14:24:58] [INFO] ---- Begin Eval ----
[GPU 0] [14:24:58] [INFO] Data: core | Experts: None
[GPU 0] [14:25:21] [INFO] loss: 1.68400133
[GPU 0] [14:25:21] [INFO] Data: a-deadline-or-time-limit | Experts: None
[GPU 0] [14:25:21] [INFO] loss: 1.83554685
[GPU 0] [14:25:21] [INFO] Data: alien-encounters | Experts: None
[GPU 0] [14:25:22] [INFO] loss: 1.69490135
[GPU 0] [14:25:22] [INFO] Data: bygone-eras | Experts: None
[GPU 0] [14:25:22] [INFO] loss: 1.70993590
[GPU 0] [14:25:22] [INFO] Data: cultural-traditions | Experts: None
[GPU 0] [14:25:23] [INFO] loss: 1.75226152
[GPU 0] [14:25:23] [INFO] Saved unlearned checkpoint: /workspace-vast/ethanr/gradient-routing/experiments/AGI-1699-New-Dataset-Runs/results/stories/seed_3/20260616140910000001/maxent_05/core_cultural-traditions/checkpoint.pth
[GPU 0] [14:25:23] [INFO] UNLEARNING - maxent - ADVERSARIAL FT START
[GPU 0] [14:25:23] [INFO] ---- Begin FT | Experts: None | Data: ['a-deadline-or-time-limit'] ----
[GPU 0] [14:25:23] [DEBUG] num_seq: 512, num_rounds: 200, patience: 10
[GPU 0] [14:25:23] [DEBUG] local_x: torch.Size([512, 256]), local_y: torch.Size([512, 256]), num_steps: 4, per_gpu: 512, mbs_size: 128
[GPU 0] [14:25:24] [INFO] New best validation loss: 1.8107 @ step 0
[GPU 0] [14:25:25] [INFO] New best validation loss: 1.7986 @ step 1
[GPU 0] [14:25:26] [INFO] New best validation loss: 1.7912 @ step 2
[GPU 0] [14:25:27] [INFO] New best validation loss: 1.7859 @ step 3
[GPU 0] [14:25:27] [INFO] New best validation loss: 1.7812 @ step 4
[GPU 0] [14:25:28] [INFO] New best validation loss: 1.7779 @ step 5
[GPU 0] [14:25:29] [INFO] New best validation loss: 1.7752 @ step 6
[GPU 0] [14:25:30] [INFO] New best validation loss: 1.7729 @ step 7
[GPU 0] [14:25:30] [INFO] New best validation loss: 1.7719 @ step 8
[GPU 0] [14:25:31] [INFO] New best validation loss: 1.7701 @ step 9
[GPU 0] [14:25:32] [INFO] New best validation loss: 1.7697 @ step 10
[GPU 0] [14:25:32] [INFO] New best validation loss: 1.7693 @ step 11
[GPU 0] [14:25:33] [INFO] New best validation loss: 1.7693 @ step 12
[GPU 0] [14:25:41] [INFO] Stop FT @ 24: no val improvement for 10 steps
[GPU 0] [14:25:41] [INFO] Wrote stats.jsonl entries at FT step 12 
[GPU 0] [14:25:41] [INFO] ---- Begin FT | Experts: None | Data: ['alien-encounters'] ----
[GPU 0] [14:25:41] [DEBUG] num_seq: 512, num_rounds: 200, patience: 10
[GPU 0] [14:25:41] [DEBUG] local_x: torch.Size([512, 256]), local_y: torch.Size([512, 256]), num_steps: 4, per_gpu: 512, mbs_size: 128
[GPU 0] [14:25:42] [INFO] New best validation loss: 1.6815 @ step 0
[GPU 0] [14:25:43] [INFO] New best validation loss: 1.6731 @ step 1
[GPU 0] [14:25:44] [INFO] New best validation loss: 1.6671 @ step 2
[GPU 0] [14:25:44] [INFO] New best validation loss: 1.6622 @ step 3
[GPU 0] [14:25:45] [INFO] New best validation loss: 1.6595 @ step 4
[GPU 0] [14:25:46] [INFO] New best validation loss: 1.6565 @ step 5
[GPU 0] [14:25:46] [INFO] New best validation loss: 1.6542 @ step 6
[GPU 0] [14:25:47] [INFO] New best validation loss: 1.6536 @ step 7
[GPU 0] [14:25:48] [INFO] New best validation loss: 1.6532 @ step 8
[GPU 0] [14:25:49] [INFO] New best validation loss: 1.6525 @ step 9
[GPU 0] [14:25:57] [INFO] Stop FT @ 21: no val improvement for 10 steps
[GPU 0] [14:25:57] [INFO] Wrote stats.jsonl entries at FT step 9 
[GPU 0] [14:25:57] [INFO] ---- Begin FT | Experts: None | Data: ['bygone-eras'] ----
[GPU 0] [14:25:57] [DEBUG] num_seq: 512, num_rounds: 200, patience: 10
[GPU 0] [14:25:57] [DEBUG] local_x: torch.Size([512, 256]), local_y: torch.Size([512, 256]), num_steps: 4, per_gpu: 512, mbs_size: 128
[GPU 0] [14:25:57] [INFO] New best validation loss: 1.7055 @ step 0
[GPU 0] [14:25:58] [INFO] New best validation loss: 1.7027 @ step 1
[GPU 0] [14:25:59] [INFO] New best validation loss: 1.7009 @ step 2
[GPU 0] [14:26:00] [INFO] New best validation loss: 1.7009 @ step 3
[GPU 0] [14:26:01] [INFO] New best validation loss: 1.7009 @ step 4
[GPU 0] [14:26:01] [INFO] New best validation loss: 1.7009 @ step 5
[GPU 0] [14:26:09] [INFO] Stop FT @ 17: no val improvement for 10 steps
[GPU 0] [14:26:09] [INFO] Wrote stats.jsonl entries at FT step 5 
[GPU 0] [14:26:09] [INFO] ----------------------------------------
[GPU 0] [14:26:09] [INFO] Finished. See /workspace-vast/ethanr/gradient-routing/experiments/AGI-1699-New-Dataset-Runs/results/stories/seed_3/20260616140910000001
