[GPU 0] [19:08:14] [INFO] Git branch: arxiv-codebase, commit: ee664e93914c1fe7d5f204d3f3b76f8c73aae582
[GPU 0] [19:08:14] [INFO] Number of GPUs: 1
[GPU 0] [19:08:14] [INFO] Tokenizer vocabulary: 4096
[GPU 0] [19:08:14] [INFO] Set model vocab size to nearest multiple of 64 of tokenizer size: 4096
[GPU 0] [19:08:16] [INFO] target effective batch size: 128, actual effective batch size: 128, micro batch size: 128, accumulation steps: 1, num gpus: 1
[GPU 0] [19:08:16] [INFO] core total number of tokens: 501664802
[GPU 0] [19:08:16] [INFO] core: 1.0000 x 501664802 = 501664802
[GPU 0] [19:08:16] [INFO] aux total number of tokens: 46188871
[GPU 0] [19:08:16] [INFO] aux: 1.0000 x 46188871 = 46188871
[GPU 0] [19:08:16] [DEBUG] Saved config to /workspace-vast/ethanr/gradient-routing/experiments/arXiv-Codebase/results/sweep/stories/seed_2/20260630190805790565/config.json
[GPU 0] [19:08:16] [DEBUG] {
    "stages": [
        {
            "name": "routed",
            "num_checkpoints": -1,
            "lr": 0.005,
            "res_dir": "/workspace-vast/ethanr/gradient-routing/experiments/arXiv-Codebase/results/sweep/stories/seed_2/20260630190805790565/routed_01",
            "acc_mode": "heterogeneous",
            "do_eval": true,
            "do_sample": false,
            "num_train_evals": 0,
            "do_elicit": true,
            "elicit_eval_prc": 0.5,
            "elicit_num_evals": 100,
            "retain_targets": null,
            "model": {
                "arch": "moe",
                "tokenizer": "TokenizersBackend(name_or_path='SimpleStories/SimpleStories-1.25M', vocab_size=4096, model_max_length=1000000000000000019884624838656, padding_side='right', truncation_side='right', special_tokens={'eos_token': '[EOS]', 'unk_token': '[UNK]'}, added_tokens_decoder={\n\t0: AddedToken(\"[UNK]\", rstrip=False, lstrip=False, single_word=False, normalized=False, special=True),\n\t1: AddedToken(\"[EOS]\", rstrip=False, lstrip=False, single_word=False, normalized=False, special=True),\n}\n)",
                "ctx_len": 256,
                "vocab_size": 4096,
                "num_layers": 8,
                "num_heads": 8,
                "num_key_value": 2,
                "attn_bias": true,
                "eos_token_id": 1,
                "embed_dim": 512,
                "mlp_dim": 2048,
                "core_param_prc": 1.0,
                "aux_param_prc": 0.1
            },
            "eval_arbsub": false,
            "label_prc": 1.0,
            "aux_factor": 1.0,
            "robust_prc": 0.8,
            "aux_route_prc": 0.3,
            "equal_compute": true
        },
        {
            "name": "routed",
            "num_checkpoints": -1,
            "lr": 0.005,
            "res_dir": "/workspace-vast/ethanr/gradient-routing/experiments/arXiv-Codebase/results/sweep/stories/seed_2/20260630190805790565/routed_02",
            "acc_mode": "heterogeneous",
            "do_eval": true,
            "do_sample": false,
            "num_train_evals": 0,
            "do_elicit": true,
            "elicit_eval_prc": 0.5,
            "elicit_num_evals": 100,
            "retain_targets": null,
            "model": {
                "arch": "moe",
                "tokenizer": "TokenizersBackend(name_or_path='SimpleStories/SimpleStories-1.25M', vocab_size=4096, model_max_length=1000000000000000019884624838656, padding_side='right', truncation_side='right', special_tokens={'eos_token': '[EOS]', 'unk_token': '[UNK]'}, added_tokens_decoder={\n\t0: AddedToken(\"[UNK]\", rstrip=False, lstrip=False, single_word=False, normalized=False, special=True),\n\t1: AddedToken(\"[EOS]\", rstrip=False, lstrip=False, single_word=False, normalized=False, special=True),\n}\n)",
                "ctx_len": 256,
                "vocab_size": 4096,
                "num_layers": 8,
                "num_heads": 8,
                "num_key_value": 2,
                "attn_bias": true,
                "eos_token_id": 1,
                "embed_dim": 512,
                "mlp_dim": 2048,
                "core_param_prc": 1.0,
                "aux_param_prc": 0.1
            },
            "eval_arbsub": false,
            "label_prc": 1.0,
            "aux_factor": 1.0,
            "robust_prc": 0.9,
            "aux_route_prc": 0.3,
            "equal_compute": true
        }
    ],
    "model": {
        "arch": "base",
        "tokenizer": "TokenizersBackend(name_or_path='SimpleStories/SimpleStories-1.25M', vocab_size=4096, model_max_length=1000000000000000019884624838656, padding_side='right', truncation_side='right', special_tokens={'eos_token': '[EOS]', 'unk_token': '[UNK]'}, added_tokens_decoder={\n\t0: AddedToken(\"[UNK]\", rstrip=False, lstrip=False, single_word=False, normalized=False, special=True),\n\t1: AddedToken(\"[EOS]\", rstrip=False, lstrip=False, single_word=False, normalized=False, special=True),\n}\n)",
        "ctx_len": 256,
        "vocab_size": 4096,
        "num_layers": 8,
        "num_heads": 8,
        "num_key_value": 2,
        "attn_bias": true,
        "eos_token_id": 1,
        "embed_dim": 512,
        "mlp_dim": 2048
    },
    "data": {
        "dirs": [
            "/workspace-vast/ethanr/gradient-routing/experiments/arXiv-Codebase/src/data/stories"
        ],
        "core": {
            "labels": [
                "dinosaurs",
                "dream-worlds",
                "enchanted-forests",
                "fairy-tales",
                "fantasy-worlds",
                "gardens",
                "giant-creatures",
                "haunted-places",
                "hidden-treasures",
                "holidays",
                "invisibility",
                "island-adventures",
                "living-objects",
                "lost-cities",
                "lost-civilizations",
                "magical-lands",
                "magical-objects",
                "miniature-worlds",
                "mysterious-maps",
                "mystical-creatures",
                "outer-space",
                "pirates",
                "riddles",
                "robots-and-technology",
                "royal-kingdoms",
                "school-life",
                "seasonal-changes",
                "secret-societies",
                "shape-shifting",
                "sibling-rivalry",
                "snowy-adventures",
                "space-exploration",
                "sports",
                "subterranean-worlds",
                "superheroes",
                "talking-animals",
                "the-arts",
                "the-sky",
                "time-travel",
                "treasure-hunts",
                "undercover-missions",
                "underwater-adventures",
                "unusual-vehicles",
                "virtual-worlds"
            ],
            "method": "total",
            "limit": 1.0,
            "dist": {
                "dinosaurs": 0.022727272727272728,
                "dream-worlds": 0.022727272727272728,
                "enchanted-forests": 0.022727272727272728,
                "fairy-tales": 0.022727272727272728,
                "fantasy-worlds": 0.022727272727272728,
                "gardens": 0.022727272727272728,
                "giant-creatures": 0.022727272727272728,
                "haunted-places": 0.022727272727272728,
                "hidden-treasures": 0.022727272727272728,
                "holidays": 0.022727272727272728,
                "invisibility": 0.022727272727272728,
                "island-adventures": 0.022727272727272728,
                "living-objects": 0.022727272727272728,
                "lost-cities": 0.022727272727272728,
                "lost-civilizations": 0.022727272727272728,
                "magical-lands": 0.022727272727272728,
                "magical-objects": 0.022727272727272728,
                "miniature-worlds": 0.022727272727272728,
                "mysterious-maps": 0.022727272727272728,
                "mystical-creatures": 0.022727272727272728,
                "outer-space": 0.022727272727272728,
                "pirates": 0.022727272727272728,
                "riddles": 0.022727272727272728,
                "robots-and-technology": 0.022727272727272728,
                "royal-kingdoms": 0.022727272727272728,
                "school-life": 0.022727272727272728,
                "seasonal-changes": 0.022727272727272728,
                "secret-societies": 0.022727272727272728,
                "shape-shifting": 0.022727272727272728,
                "sibling-rivalry": 0.022727272727272728,
                "snowy-adventures": 0.022727272727272728,
                "space-exploration": 0.022727272727272728,
                "sports": 0.022727272727272728,
                "subterranean-worlds": 0.022727272727272728,
                "superheroes": 0.022727272727272728,
                "talking-animals": 0.022727272727272728,
                "the-arts": 0.022727272727272728,
                "the-sky": 0.022727272727272728,
                "time-travel": 0.022727272727272728,
                "treasure-hunts": 0.022727272727272728,
                "undercover-missions": 0.022727272727272728,
                "underwater-adventures": 0.022727272727272728,
                "unusual-vehicles": 0.022727272727272728,
                "virtual-worlds": 0.022727272727272728
            },
            "num_tok": 501664802
        },
        "aux": {
            "labels": [
                "a-deadline-or-time-limit",
                "alien-encounters",
                "bygone-eras",
                "cultural-traditions"
            ],
            "method": "total",
            "limit": 1.0,
            "dist": {
                "a-deadline-or-time-limit": 0.25,
                "alien-encounters": 0.25,
                "bygone-eras": 0.25,
                "cultural-traditions": 0.25
            },
            "num_tok": 46188871
        }
    },
    "run": {
        "target_effective_batch_size": 128,
        "effective_batch_size": 128,
        "micro_batch_size": 128,
        "accumulation_steps": 1,
        "max_num_test_sequences": 10000,
        "eval_all_labels": false,
        "micro_batch_anchors": [
            [
                400000000.0,
                23
            ],
            [
                5000000000.0,
                2
            ]
        ],
        "epochs": 1,
        "adam_betas": [
            0.9,
            0.95
        ],
        "warmup_prc": 0.1,
        "decay_prc": 0.1,
        "seed": 2,
        "compile": true,
        "find_unused_parameters": true,
        "is_ddp": false,
        "cleanup_distributed": false,
        "log_level": "DEBUG",
        "num_gpus": 1,
        "process_id": 0,
        "num_base_params": 26257920,
        "device": "cuda",
        "logger": "<Logger training_20260630190805790565 (DEBUG)>",
        "labels": [
            "core",
            "a-deadline-or-time-limit",
            "alien-encounters",
            "bygone-eras",
            "cultural-traditions"
        ],
        "loaders": {
            "a-deadline-or-time-limit": {
                "train": "SingleDataLoader(a-deadline-or-time-limit_train.bin, len=352)",
                "test": "SingleDataLoader(a-deadline-or-time-limit_test.bin, len=40)"
            },
            "alien-encounters": {
                "train": "SingleDataLoader(alien-encounters_train.bin, len=345)",
                "test": "SingleDataLoader(alien-encounters_test.bin, len=38)"
            },
            "bygone-eras": {
                "train": "SingleDataLoader(bygone-eras_train.bin, len=352)",
                "test": "SingleDataLoader(bygone-eras_test.bin, len=39)"
            },
            "cultural-traditions": {
                "train": "SingleDataLoader(cultural-traditions_train.bin, len=352)",
                "test": "SingleDataLoader(cultural-traditions_test.bin, len=38)"
            },
            "dinosaurs": {
                "train": "SingleDataLoader(dinosaurs_train.bin, len=337)",
                "test": "SingleDataLoader(dinosaurs_test.bin, len=38)"
            },
            "dream-worlds": {
                "train": "SingleDataLoader(dream-worlds_train.bin, len=339)",
                "test": "SingleDataLoader(dream-worlds_test.bin, len=37)"
            },
            "enchanted-forests": {
                "train": "SingleDataLoader(enchanted-forests_train.bin, len=347)",
                "test": "SingleDataLoader(enchanted-forests_test.bin, len=38)"
            },
            "fairy-tales": {
                "train": "SingleDataLoader(fairy-tales_train.bin, len=344)",
                "test": "SingleDataLoader(fairy-tales_test.bin, len=37)"
            },
            "fantasy-worlds": {
                "train": "SingleDataLoader(fantasy-worlds_train.bin, len=347)",
                "test": "SingleDataLoader(fantasy-worlds_test.bin, len=39)"
            },
            "gardens": {
                "train": "SingleDataLoader(gardens_train.bin, len=346)",
                "test": "SingleDataLoader(gardens_test.bin, len=37)"
            },
            "giant-creatures": {
                "train": "SingleDataLoader(giant-creatures_train.bin, len=347)",
                "test": "SingleDataLoader(giant-creatures_test.bin, len=37)"
            },
            "haunted-places": {
                "train": "SingleDataLoader(haunted-places_train.bin, len=347)",
                "test": "SingleDataLoader(haunted-places_test.bin, len=41)"
            },
            "hidden-treasures": {
                "train": "SingleDataLoader(hidden-treasures_train.bin, len=347)",
                "test": "SingleDataLoader(hidden-treasures_test.bin, len=39)"
            },
            "holidays": {
                "train": "SingleDataLoader(holidays_train.bin, len=347)",
                "test": "SingleDataLoader(holidays_test.bin, len=38)"
            },
            "invisibility": {
                "train": "SingleDataLoader(invisibility_train.bin, len=345)",
                "test": "SingleDataLoader(invisibility_test.bin, len=37)"
            },
            "island-adventures": {
                "train": "SingleDataLoader(island-adventures_train.bin, len=347)",
                "test": "SingleDataLoader(island-adventures_test.bin, len=39)"
            },
            "living-objects": {
                "train": "SingleDataLoader(living-objects_train.bin, len=336)",
                "test": "SingleDataLoader(living-objects_test.bin, len=38)"
            },
            "lost-cities": {
                "train": "SingleDataLoader(lost-cities_train.bin, len=347)",
                "test": "SingleDataLoader(lost-cities_test.bin, len=40)"
            },
            "lost-civilizations": {
                "train": "SingleDataLoader(lost-civilizations_train.bin, len=347)",
                "test": "SingleDataLoader(lost-civilizations_test.bin, len=41)"
            },
            "magical-lands": {
                "train": "SingleDataLoader(magical-lands_train.bin, len=347)",
                "test": "SingleDataLoader(magical-lands_test.bin, len=38)"
            },
            "magical-objects": {
                "train": "SingleDataLoader(magical-objects_train.bin, len=345)",
                "test": "SingleDataLoader(magical-objects_test.bin, len=37)"
            },
            "miniature-worlds": {
                "train": "SingleDataLoader(miniature-worlds_train.bin, len=335)",
                "test": "SingleDataLoader(miniature-worlds_test.bin, len=37)"
            },
            "mysterious-maps": {
                "train": "SingleDataLoader(mysterious-maps_train.bin, len=339)",
                "test": "SingleDataLoader(mysterious-maps_test.bin, len=38)"
            },
            "mystical-creatures": {
                "train": "SingleDataLoader(mystical-creatures_train.bin, len=347)",
                "test": "SingleDataLoader(mystical-creatures_test.bin, len=38)"
            },
            "outer-space": {
                "train": "SingleDataLoader(outer-space_train.bin, len=343)",
                "test": "SingleDataLoader(outer-space_test.bin, len=38)"
            },
            "pirates": {
                "train": "SingleDataLoader(pirates_train.bin, len=347)",
                "test": "SingleDataLoader(pirates_test.bin, len=39)"
            },
            "riddles": {
                "train": "SingleDataLoader(riddles_train.bin, len=344)",
                "test": "SingleDataLoader(riddles_test.bin, len=38)"
            },
            "robots-and-technology": {
                "train": "SingleDataLoader(robots-and-technology_train.bin, len=347)",
                "test": "SingleDataLoader(robots-and-technology_test.bin, len=39)"
            },
            "royal-kingdoms": {
                "train": "SingleDataLoader(royal-kingdoms_train.bin, len=347)",
                "test": "SingleDataLoader(royal-kingdoms_test.bin, len=40)"
            },
            "school-life": {
                "train": "SingleDataLoader(school-life_train.bin, len=338)",
                "test": "SingleDataLoader(school-life_test.bin, len=38)"
            },
            "seasonal-changes": {
                "train": "SingleDataLoader(seasonal-changes_train.bin, len=342)",
                "test": "SingleDataLoader(seasonal-changes_test.bin, len=38)"
            },
            "secret-societies": {
                "train": "SingleDataLoader(secret-societies_train.bin, len=347)",
                "test": "SingleDataLoader(secret-societies_test.bin, len=38)"
            },
            "shape-shifting": {
                "train": "SingleDataLoader(shape-shifting_train.bin, len=344)",
                "test": "SingleDataLoader(shape-shifting_test.bin, len=38)"
            },
            "sibling-rivalry": {
                "train": "SingleDataLoader(sibling-rivalry_train.bin, len=347)",
                "test": "SingleDataLoader(sibling-rivalry_test.bin, len=39)"
            },
            "snowy-adventures": {
                "train": "SingleDataLoader(snowy-adventures_train.bin, len=347)",
                "test": "SingleDataLoader(snowy-adventures_test.bin, len=39)"
            },
            "space-exploration": {
                "train": "SingleDataLoader(space-exploration_train.bin, len=345)",
                "test": "SingleDataLoader(space-exploration_test.bin, len=38)"
            },
            "sports": {
                "train": "SingleDataLoader(sports_train.bin, len=340)",
                "test": "SingleDataLoader(sports_test.bin, len=37)"
            },
            "subterranean-worlds": {
                "train": "SingleDataLoader(subterranean-worlds_train.bin, len=347)",
                "test": "SingleDataLoader(subterranean-worlds_test.bin, len=37)"
            },
            "superheroes": {
                "train": "SingleDataLoader(superheroes_train.bin, len=345)",
                "test": "SingleDataLoader(superheroes_test.bin, len=38)"
            },
            "talking-animals": {
                "train": "SingleDataLoader(talking-animals_train.bin, len=347)",
                "test": "SingleDataLoader(talking-animals_test.bin, len=37)"
            },
            "the-arts": {
                "train": "SingleDataLoader(the-arts_train.bin, len=345)",
                "test": "SingleDataLoader(the-arts_test.bin, len=38)"
            },
            "the-sky": {
                "train": "SingleDataLoader(the-sky_train.bin, len=342)",
                "test": "SingleDataLoader(the-sky_test.bin, len=38)"
            },
            "time-travel": {
                "train": "SingleDataLoader(time-travel_train.bin, len=347)",
                "test": "SingleDataLoader(time-travel_test.bin, len=37)"
            },
            "treasure-hunts": {
                "train": "SingleDataLoader(treasure-hunts_train.bin, len=330)",
                "test": "SingleDataLoader(treasure-hunts_test.bin, len=35)"
            },
            "undercover-missions": {
                "train": "SingleDataLoader(undercover-missions_train.bin, len=347)",
                "test": "SingleDataLoader(undercover-missions_test.bin, len=40)"
            },
            "underwater-adventures": {
                "train": "SingleDataLoader(underwater-adventures_train.bin, len=339)",
                "test": "SingleDataLoader(underwater-adventures_test.bin, len=38)"
            },
            "unusual-vehicles": {
                "train": "SingleDataLoader(unusual-vehicles_train.bin, len=347)",
                "test": "SingleDataLoader(unusual-vehicles_test.bin, len=39)"
            },
            "virtual-worlds": {
                "train": "SingleDataLoader(virtual-worlds_train.bin, len=346)",
                "test": "SingleDataLoader(virtual-worlds_test.bin, len=37)"
            },
            "core": {
                "train": "InterleavedDataLoader(len=15143)",
                "test": "InterleavedDataLoader(len=1677)"
            },
            "aux": {
                "train": "InterleavedDataLoader(len=1401)",
                "test": "InterleavedDataLoader(len=155)"
            },
            "all": {
                "train": "InterleavedDataLoader(len=16544)",
                "test": "InterleavedDataLoader(len=1832)"
            }
        },
        "res_root": "/workspace-vast/ethanr/gradient-routing/experiments/arXiv-Codebase/results/sweep/stories/seed_2",
        "experiment_id": "20260630190805790565",
        "s3_bucket": "ae-gradient-routing-results",
        "s3_prefix": "sweep/stories/seed_2"
    },
    "label_prc": 1.0
}
[GPU 0] [19:08:16] [INFO] Loader a-deadline-or-time-limit train: 352, test: 40
[GPU 0] [19:08:16] [INFO] Loader alien-encounters train: 345, test: 38
[GPU 0] [19:08:16] [INFO] Loader bygone-eras train: 352, test: 39
[GPU 0] [19:08:16] [INFO] Loader cultural-traditions train: 352, test: 38
[GPU 0] [19:08:16] [INFO] Loader dinosaurs train: 337, test: 38
[GPU 0] [19:08:16] [INFO] Loader dream-worlds train: 339, test: 37
[GPU 0] [19:08:16] [INFO] Loader enchanted-forests train: 347, test: 38
[GPU 0] [19:08:16] [INFO] Loader fairy-tales train: 344, test: 37
[GPU 0] [19:08:16] [INFO] Loader fantasy-worlds train: 347, test: 39
[GPU 0] [19:08:16] [INFO] Loader gardens train: 346, test: 37
[GPU 0] [19:08:16] [INFO] Loader giant-creatures train: 347, test: 37
[GPU 0] [19:08:16] [INFO] Loader haunted-places train: 347, test: 41
[GPU 0] [19:08:16] [INFO] Loader hidden-treasures train: 347, test: 39
[GPU 0] [19:08:16] [INFO] Loader holidays train: 347, test: 38
[GPU 0] [19:08:16] [INFO] Loader invisibility train: 345, test: 37
[GPU 0] [19:08:16] [INFO] Loader island-adventures train: 347, test: 39
[GPU 0] [19:08:16] [INFO] Loader living-objects train: 336, test: 38
[GPU 0] [19:08:16] [INFO] Loader lost-cities train: 347, test: 40
[GPU 0] [19:08:16] [INFO] Loader lost-civilizations train: 347, test: 41
[GPU 0] [19:08:16] [INFO] Loader magical-lands train: 347, test: 38
[GPU 0] [19:08:16] [INFO] Loader magical-objects train: 345, test: 37
[GPU 0] [19:08:16] [INFO] Loader miniature-worlds train: 335, test: 37
[GPU 0] [19:08:16] [INFO] Loader mysterious-maps train: 339, test: 38
[GPU 0] [19:08:16] [INFO] Loader mystical-creatures train: 347, test: 38
[GPU 0] [19:08:16] [INFO] Loader outer-space train: 343, test: 38
[GPU 0] [19:08:16] [INFO] Loader pirates train: 347, test: 39
[GPU 0] [19:08:16] [INFO] Loader riddles train: 344, test: 38
[GPU 0] [19:08:16] [INFO] Loader robots-and-technology train: 347, test: 39
[GPU 0] [19:08:16] [INFO] Loader royal-kingdoms train: 347, test: 40
[GPU 0] [19:08:16] [INFO] Loader school-life train: 338, test: 38
[GPU 0] [19:08:16] [INFO] Loader seasonal-changes train: 342, test: 38
[GPU 0] [19:08:16] [INFO] Loader secret-societies train: 347, test: 38
[GPU 0] [19:08:16] [INFO] Loader shape-shifting train: 344, test: 38
[GPU 0] [19:08:16] [INFO] Loader sibling-rivalry train: 347, test: 39
[GPU 0] [19:08:16] [INFO] Loader snowy-adventures train: 347, test: 39
[GPU 0] [19:08:16] [INFO] Loader space-exploration train: 345, test: 38
[GPU 0] [19:08:16] [INFO] Loader sports train: 340, test: 37
[GPU 0] [19:08:16] [INFO] Loader subterranean-worlds train: 347, test: 37
[GPU 0] [19:08:16] [INFO] Loader superheroes train: 345, test: 38
[GPU 0] [19:08:16] [INFO] Loader talking-animals train: 347, test: 37
[GPU 0] [19:08:16] [INFO] Loader the-arts train: 345, test: 38
[GPU 0] [19:08:16] [INFO] Loader the-sky train: 342, test: 38
[GPU 0] [19:08:16] [INFO] Loader time-travel train: 347, test: 37
[GPU 0] [19:08:16] [INFO] Loader treasure-hunts train: 330, test: 35
[GPU 0] [19:08:16] [INFO] Loader undercover-missions train: 347, test: 40
[GPU 0] [19:08:16] [INFO] Loader underwater-adventures train: 339, test: 38
[GPU 0] [19:08:16] [INFO] Loader unusual-vehicles train: 347, test: 39
[GPU 0] [19:08:16] [INFO] Loader virtual-worlds train: 346, test: 37
[GPU 0] [19:08:16] [INFO] Loader core train: 15143, test: 1677
[GPU 0] [19:08:16] [INFO] Loader aux train: 1401, test: 155
[GPU 0] [19:08:16] [INFO] Loader all train: 16544, test: 1832
[GPU 0] [19:08:16] [INFO] Stage [routed] start: {"name": "routed", "num_checkpoints": -1, "lr": 0.005, "res_dir": "/workspace-vast/ethanr/gradient-routing/experiments/arXiv-Codebase/results/sweep/stories/seed_2/20260630190805790565/routed_01", "acc_mode": "heterogeneous", "do_eval": true, "do_sample": false, "num_train_evals": 0, "do_elicit": true, "elicit_eval_prc": 0.5, "elicit_num_evals": 100, "retain_targets": null, "model": {"arch": "moe", "tokenizer": "TokenizersBackend(name_or_path='SimpleStories/SimpleStories-1.25M', vocab_size=4096, model_max_length=1000000000000000019884624838656, padding_side='right', truncation_side='right', special_tokens={'eos_token': '[EOS]', 'unk_token': '[UNK]'}, added_tokens_decoder={\n\t0: AddedToken(\"[UNK]\", rstrip=False, lstrip=False, single_word=False, normalized=False, special=True),\n\t1: AddedToken(\"[EOS]\", rstrip=False, lstrip=False, single_word=False, normalized=False, special=True),\n}\n)", "ctx_len": 256, "vocab_size": 4096, "num_layers": 8, "num_heads": 8, "num_key_value": 2, "attn_bias": true, "eos_token_id": 1, "embed_dim": 512, "mlp_dim": 2048, "core_param_prc": 1.0, "aux_param_prc": 0.1}, "eval_arbsub": false, "label_prc": 1.0, "aux_factor": 1.0, "robust_prc": 0.8, "aux_route_prc": 0.3, "equal_compute": true}
[GPU 0] [19:08:16] [INFO] ROUTED START
[GPU 0] [19:08:19] [INFO] Initialized MoETransformer with 32,571,904 total parameters
[GPU 0] [19:08:19] [INFO]   Label 'core' has 26,257,920 parameters
[GPU 0] [19:08:19] [INFO]   Label 'a-deadline-or-time-limit' has 1,578,496 parameters
[GPU 0] [19:08:19] [INFO]   Label 'alien-encounters' has 1,578,496 parameters
[GPU 0] [19:08:19] [INFO]   Label 'bygone-eras' has 1,578,496 parameters
[GPU 0] [19:08:19] [INFO]   Label 'cultural-traditions' has 1,578,496 parameters
[GPU 0] [19:08:19] [INFO] Compiling MoETransformer with torch.compile...
[GPU 0] [19:08:25] [INFO] torch.compile done
[GPU 0] [19:08:25] [WARNING] restore_partial_state: no checkpoint found at /workspace-vast/ethanr/gradient-routing/experiments/arXiv-Codebase/results/sweep/stories/seed_2/20260630190805790565/routed_01
[GPU 0] [19:08:25] [INFO] ---- Begin Routed Unordered ----
[GPU 0] [19:08:25] [INFO] initial len_all: 16544, len_all_labeled: 16544, len_all_unlabeled: 0, len_ft: 13515, len_base: 3029, label_prc: 1.0
[GPU 0] [19:08:25] [INFO] compute-equal: -21333373440.0 <= 0, must truncate training
[GPU 0] [19:08:25] [INFO] compute-equal: len_base: -142 -> 2887, len_ft: -633 -> 12882, len_all_unlabeled: 0 -> 0
[GPU 0] [19:08:25] [INFO] Batch [('core', ('core',), ('core',))] count: 2887
[GPU 0] [19:08:25] [INFO] Batch [('a-deadline-or-time-limit', ('core', 'a-deadline-or-time-limit'), ('a-deadline-or-time-limit',))] count: 235
[GPU 0] [19:08:25] [INFO] Batch [('a-deadline-or-time-limit', ('core', 'a-deadline-or-time-limit'), ('core', 'a-deadline-or-time-limit'))] count: 100
[GPU 0] [19:08:25] [INFO] Batch [('core', ('core', 'a-deadline-or-time-limit'), ('core', 'a-deadline-or-time-limit'))] count: 2901
[GPU 0] [19:08:25] [INFO] Batch [('alien-encounters', ('core', 'alien-encounters'), ('alien-encounters',))] count: 230
[GPU 0] [19:08:25] [INFO] Batch [('alien-encounters', ('core', 'alien-encounters'), ('core', 'alien-encounters'))] count: 99
[GPU 0] [19:08:25] [INFO] Batch [('core', ('core', 'alien-encounters'), ('core', 'alien-encounters'))] count: 2843
[GPU 0] [19:08:25] [INFO] Batch [('bygone-eras', ('core', 'bygone-eras'), ('bygone-eras',))] count: 235
[GPU 0] [19:08:25] [INFO] Batch [('bygone-eras', ('core', 'bygone-eras'), ('core', 'bygone-eras'))] count: 100
[GPU 0] [19:08:25] [INFO] Batch [('core', ('core', 'bygone-eras'), ('core', 'bygone-eras'))] count: 2901
[GPU 0] [19:08:25] [INFO] Batch [('core', ('core', 'cultural-traditions'), ('core', 'cultural-traditions'))] count: 2901
[GPU 0] [19:08:25] [INFO] Batch [('cultural-traditions', ('core', 'cultural-traditions'), ('core', 'cultural-traditions'))] count: 100
[GPU 0] [19:08:25] [INFO] Batch [('cultural-traditions', ('core', 'cultural-traditions'), ('cultural-traditions',))] count: 235
[GPU 0] [19:08:25] [INFO] Batch group is empty (0 batches)
[GPU 0] [19:08:25] [INFO] 
len_all: 16544, len_all_labeled: 16544, len_all_unlabeled: 0,
len_base: 2887, len_ft: 12882,
len_core_for_ft: 11547, len_aux_for_ft: 1335,
aux_factor: {'a-deadline-or-time-limit': 1.0, 'alien-encounters': 1.0, 'bygone-eras': 1.0, 'cultural-traditions': 1.0}, robust_prc: 0.8,
aux_route_prc: 0.3, equal_compute: True
[GPU 0] [19:08:25] [INFO] count_by_label: {'core': 14433, 'a-deadline-or-time-limit': 335, 'alien-encounters': 329, 'bygone-eras': 335, 'cultural-traditions': 335}
[GPU 0] [19:08:25] [WARNING] len(batches) != expected, (15767 != 15769), 2 length difference
[GPU 0] [19:08:25] [INFO] Batch [('core', ('core',), ('core',))] count: 2887
[GPU 0] [19:08:25] [INFO] Batch [('a-deadline-or-time-limit', ('core', 'a-deadline-or-time-limit'), ('a-deadline-or-time-limit',))] count: 235
[GPU 0] [19:08:25] [INFO] Batch [('a-deadline-or-time-limit', ('core', 'a-deadline-or-time-limit'), ('core', 'a-deadline-or-time-limit'))] count: 100
[GPU 0] [19:08:25] [INFO] Batch [('core', ('core', 'a-deadline-or-time-limit'), ('core', 'a-deadline-or-time-limit'))] count: 2901
[GPU 0] [19:08:25] [INFO] Batch [('alien-encounters', ('core', 'alien-encounters'), ('alien-encounters',))] count: 230
[GPU 0] [19:08:25] [INFO] Batch [('alien-encounters', ('core', 'alien-encounters'), ('core', 'alien-encounters'))] count: 99
[GPU 0] [19:08:25] [INFO] Batch [('core', ('core', 'alien-encounters'), ('core', 'alien-encounters'))] count: 2843
[GPU 0] [19:08:25] [INFO] Batch [('bygone-eras', ('core', 'bygone-eras'), ('bygone-eras',))] count: 235
[GPU 0] [19:08:25] [INFO] Batch [('bygone-eras', ('core', 'bygone-eras'), ('core', 'bygone-eras'))] count: 100
[GPU 0] [19:08:25] [INFO] Batch [('core', ('core', 'bygone-eras'), ('core', 'bygone-eras'))] count: 2901
[GPU 0] [19:08:25] [INFO] Batch [('core', ('core', 'cultural-traditions'), ('core', 'cultural-traditions'))] count: 2901
[GPU 0] [19:08:25] [INFO] Batch [('cultural-traditions', ('core', 'cultural-traditions'), ('core', 'cultural-traditions'))] count: 100
[GPU 0] [19:08:25] [INFO] Batch [('cultural-traditions', ('core', 'cultural-traditions'), ('cultural-traditions',))] count: 235
[GPU 0] [19:08:25] [INFO] ---- Begin Routed ----
[GPU 0] [19:08:25] [DEBUG] acc_mode: heterogeneous
[GPU 0] [19:08:25] [INFO] num_total_steps: 15767
[GPU 0] [19:08:25] [INFO] LR schedule group 0: steps [0, 15767), warmup=1577, constant=12613, decay=1577
[GPU 0] [19:08:25] [INFO] LR Scheduler: Group warmup (step 0)
[GPU 0] [19:08:25] [INFO] CUDA memory before training loop:
[GPU 0] [19:08:25] [INFO] |===========================================================================|
[GPU 0] [19:08:25] [INFO] |                  PyTorch CUDA memory summary, device ID 0                 |
[GPU 0] [19:08:25] [INFO] |---------------------------------------------------------------------------|
[GPU 0] [19:08:25] [INFO] |            CUDA OOMs: 0            |        cudaMalloc retries: 0         |
[GPU 0] [19:08:25] [INFO] |===========================================================================|
[GPU 0] [19:08:25] [INFO] |        Metric         | Cur Usage  | Peak Usage | Tot Alloc  | Tot Freed  |
[GPU 0] [19:08:25] [INFO] |---------------------------------------------------------------------------|
[GPU 0] [19:08:25] [INFO] | Allocated memory      | 129157 KiB | 129157 KiB | 129157 KiB |      0 B   |
[GPU 0] [19:08:25] [INFO] |       from large pool | 106496 KiB | 106496 KiB | 106496 KiB |      0 B   |
[GPU 0] [19:08:25] [INFO] |       from small pool |  22661 KiB |  22661 KiB |  22661 KiB |      0 B   |
[GPU 0] [19:08:25] [INFO] |---------------------------------------------------------------------------|
[GPU 0] [19:08:25] [INFO] | Active memory         | 129157 KiB | 129157 KiB | 129157 KiB |      0 B   |
[GPU 0] [19:08:25] [INFO] |       from large pool | 106496 KiB | 106496 KiB | 106496 KiB |      0 B   |
[GPU 0] [19:08:25] [INFO] |       from small pool |  22661 KiB |  22661 KiB |  22661 KiB |      0 B   |
[GPU 0] [19:08:25] [INFO] |---------------------------------------------------------------------------|
[GPU 0] [19:08:25] [INFO] | Requested memory      | 129153 KiB | 129153 KiB | 129153 KiB |      0 B   |
[GPU 0] [19:08:25] [INFO] |       from large pool | 106496 KiB | 106496 KiB | 106496 KiB |      0 B   |
[GPU 0] [19:08:25] [INFO] |       from small pool |  22657 KiB |  22657 KiB |  22657 KiB |      0 B   |
[GPU 0] [19:08:25] [INFO] |---------------------------------------------------------------------------|
[GPU 0] [19:08:25] [INFO] | GPU reserved memory   | 147456 KiB | 147456 KiB | 147456 KiB |      0 B   |
[GPU 0] [19:08:25] [INFO] |       from large pool | 122880 KiB | 122880 KiB | 122880 KiB |      0 B   |
[GPU 0] [19:08:25] [INFO] |       from small pool |  24576 KiB |  24576 KiB |  24576 KiB |      0 B   |
[GPU 0] [19:08:25] [INFO] |---------------------------------------------------------------------------|
[GPU 0] [19:08:25] [INFO] | Non-releasable memory |      0 B   |      0 B   |      0 B   |      0 B   |
[GPU 0] [19:08:25] [INFO] |       from large pool |      0 B   |      0 B   |      0 B   |      0 B   |
[GPU 0] [19:08:25] [INFO] |       from small pool |      0 B   |      0 B   |      0 B   |      0 B   |
[GPU 0] [19:08:25] [INFO] |---------------------------------------------------------------------------|
[GPU 0] [19:08:25] [INFO] | Allocations           |     244    |     244    |     244    |       0    |
[GPU 0] [19:08:25] [INFO] |       from large pool |      34    |      34    |      34    |       0    |
[GPU 0] [19:08:25] [INFO] |       from small pool |     210    |     210    |     210    |       0    |
[GPU 0] [19:08:25] [INFO] |---------------------------------------------------------------------------|
[GPU 0] [19:08:25] [INFO] | Active allocs         |     244    |     244    |     244    |       0    |
[GPU 0] [19:08:25] [INFO] |       from large pool |      34    |      34    |      34    |       0    |
[GPU 0] [19:08:25] [INFO] |       from small pool |     210    |     210    |     210    |       0    |
[GPU 0] [19:08:25] [INFO] |---------------------------------------------------------------------------|
[GPU 0] [19:08:25] [INFO] | GPU reserved segments |       0    |       0    |       0    |       0    |
[GPU 0] [19:08:25] [INFO] |       from large pool |       0    |       0    |       0    |       0    |
[GPU 0] [19:08:25] [INFO] |       from small pool |       0    |       0    |       0    |       0    |
[GPU 0] [19:08:25] [INFO] |---------------------------------------------------------------------------|
[GPU 0] [19:08:25] [INFO] | Non-releasable allocs |       0    |       0    |       0    |       0    |
[GPU 0] [19:08:25] [INFO] |       from large pool |       0    |       0    |       0    |       0    |
[GPU 0] [19:08:25] [INFO] |       from small pool |       0    |       0    |       0    |       0    |
[GPU 0] [19:08:25] [INFO] |---------------------------------------------------------------------------|
[GPU 0] [19:08:25] [INFO] | Oversize allocations  |       0    |       0    |       0    |       0    |
[GPU 0] [19:08:25] [INFO] |---------------------------------------------------------------------------|
[GPU 0] [19:08:25] [INFO] | Oversize GPU segments |       0    |       0    |       0    |       0    |
[GPU 0] [19:08:25] [INFO] |===========================================================================|
[GPU 0] [19:08:25] [INFO] 
[GPU 0] [19:08:25] [INFO] Batch group start, LR: 1.0000e-08, batches: 15767, epochs: 1, group_total_steps: 15767
[GPU 0] [19:09:03] [INFO] CUDA memory after first training step:
[GPU 0] [19:09:03] [INFO] |===========================================================================|
[GPU 0] [19:09:03] [INFO] |                  PyTorch CUDA memory summary, device ID 0                 |
[GPU 0] [19:09:03] [INFO] |---------------------------------------------------------------------------|
[GPU 0] [19:09:03] [INFO] |            CUDA OOMs: 0            |        cudaMalloc retries: 0         |
[GPU 0] [19:09:03] [INFO] |===========================================================================|
[GPU 0] [19:09:03] [INFO] |        Metric         | Cur Usage  | Peak Usage | Tot Alloc  | Tot Freed  |
[GPU 0] [19:09:03] [INFO] |---------------------------------------------------------------------------|
[GPU 0] [19:09:03] [INFO] | Allocated memory      | 566924 KiB |   8353 MiB |  88741 MiB |  88188 MiB |
[GPU 0] [19:09:03] [INFO] |       from large pool | 516096 KiB |   8328 MiB |  88650 MiB |  88146 MiB |
[GPU 0] [19:09:03] [INFO] |       from small pool |  50828 KiB |     62 MiB |     91 MiB |     41 MiB |
[GPU 0] [19:09:03] [INFO] |---------------------------------------------------------------------------|
[GPU 0] [19:09:03] [INFO] | Active memory         | 566924 KiB |   8353 MiB |  88741 MiB |  88188 MiB |
[GPU 0] [19:09:03] [INFO] |       from large pool | 516096 KiB |   8328 MiB |  88650 MiB |  88146 MiB |
[GPU 0] [19:09:03] [INFO] |       from small pool |  50828 KiB |     62 MiB |     91 MiB |     41 MiB |
[GPU 0] [19:09:03] [INFO] |---------------------------------------------------------------------------|
[GPU 0] [19:09:03] [INFO] | Requested memory      | 566850 KiB |   8353 MiB |  88741 MiB |  88188 MiB |
[GPU 0] [19:09:03] [INFO] |       from large pool | 516096 KiB |   8328 MiB |  88650 MiB |  88146 MiB |
[GPU 0] [19:09:03] [INFO] |       from small pool |  50754 KiB |     62 MiB |     91 MiB |     41 MiB |
[GPU 0] [19:09:03] [INFO] |---------------------------------------------------------------------------|
[GPU 0] [19:09:03] [INFO] | GPU reserved memory   |   8444 MiB |   8444 MiB |   8444 MiB |      0 B   |
[GPU 0] [19:09:03] [INFO] |       from large pool |   8380 MiB |   8380 MiB |   8380 MiB |      0 B   |
[GPU 0] [19:09:03] [INFO] |       from small pool |     64 MiB |     64 MiB |     64 MiB |      0 B   |
[GPU 0] [19:09:03] [INFO] |---------------------------------------------------------------------------|
[GPU 0] [19:09:03] [INFO] | Non-releasable memory |      0 B   |      0 B   |      0 B   |      0 B   |
[GPU 0] [19:09:03] [INFO] |       from large pool |      0 B   |      0 B   |      0 B   |      0 B   |
[GPU 0] [19:09:03] [INFO] |       from small pool |      0 B   |      0 B   |      0 B   |      0 B   |
[GPU 0] [19:09:03] [INFO] |---------------------------------------------------------------------------|
[GPU 0] [19:09:03] [INFO] | Allocations           |     649    |     781    |    1786    |    1137    |
[GPU 0] [19:09:03] [INFO] |       from large pool |      73    |     147    |     789    |     716    |
[GPU 0] [19:09:03] [INFO] |       from small pool |     576    |     690    |     997    |     421    |
[GPU 0] [19:09:03] [INFO] |---------------------------------------------------------------------------|
[GPU 0] [19:09:03] [INFO] | Active allocs         |     649    |     781    |    1786    |    1137    |
[GPU 0] [19:09:03] [INFO] |       from large pool |      73    |     147    |     789    |     716    |
[GPU 0] [19:09:03] [INFO] |       from small pool |     576    |     690    |     997    |     421    |
[GPU 0] [19:09:03] [INFO] |---------------------------------------------------------------------------|
[GPU 0] [19:09:03] [INFO] | GPU reserved segments |       0    |       0    |       0    |       0    |
[GPU 0] [19:09:03] [INFO] |       from large pool |       0    |       0    |       0    |       0    |
[GPU 0] [19:09:03] [INFO] |       from small pool |       0    |       0    |       0    |       0    |
[GPU 0] [19:09:03] [INFO] |---------------------------------------------------------------------------|
[GPU 0] [19:09:03] [INFO] | Non-releasable allocs |       0    |       0    |       0    |       0    |
[GPU 0] [19:09:03] [INFO] |       from large pool |       0    |       0    |       0    |       0    |
[GPU 0] [19:09:03] [INFO] |       from small pool |       0    |       0    |       0    |       0    |
[GPU 0] [19:09:03] [INFO] |---------------------------------------------------------------------------|
[GPU 0] [19:09:03] [INFO] | Oversize allocations  |       0    |       0    |       0    |       0    |
[GPU 0] [19:09:03] [INFO] |---------------------------------------------------------------------------|
[GPU 0] [19:09:03] [INFO] | Oversize GPU segments |       0    |       0    |       0    |       0    |
[GPU 0] [19:09:03] [INFO] |===========================================================================|
[GPU 0] [19:09:03] [INFO] 
[GPU 0] [19:09:03] [INFO] Step: 1, LR: 3.1806e-06
[GPU 0] [19:09:03] [INFO] Train Loss: CORE: 8.38 A-DEADLINE-OR-TIME-LIMIT: nan ALIEN-ENCOUNTERS: nan BYGONE-ERAS: nan CULTURAL-TRADITIONS: nan 
[GPU 0] [19:10:31] [INFO] Step: 1000, LR: 3.1706e-03
[GPU 0] [19:10:31] [INFO] Train Loss: CORE: 2.60 A-DEADLINE-OR-TIME-LIMIT: 3.28 ALIEN-ENCOUNTERS: 3.11 BYGONE-ERAS: 3.21 CULTURAL-TRADITIONS: 3.65 
[GPU 0] [19:10:55] [INFO] LR Scheduler: Group constant (step 1577)
[GPU 0] [19:11:12] [INFO] Step: 2000, LR: 5.0000e-03
[GPU 0] [19:11:12] [INFO] Train Loss: CORE: 2.29 A-DEADLINE-OR-TIME-LIMIT: 2.90 ALIEN-ENCOUNTERS: 2.76 BYGONE-ERAS: 2.84 CULTURAL-TRADITIONS: 3.02 
[GPU 0] [19:11:52] [INFO] Step: 3000, LR: 5.0000e-03
[GPU 0] [19:11:52] [INFO] Train Loss: CORE: 2.11 A-DEADLINE-OR-TIME-LIMIT: 2.70 ALIEN-ENCOUNTERS: 2.52 BYGONE-ERAS: 2.65 CULTURAL-TRADITIONS: 2.82 
[GPU 0] [19:12:34] [INFO] Step: 4000, LR: 5.0000e-03
[GPU 0] [19:12:34] [INFO] Train Loss: CORE: 2.02 A-DEADLINE-OR-TIME-LIMIT: 2.52 ALIEN-ENCOUNTERS: 2.39 BYGONE-ERAS: 2.52 CULTURAL-TRADITIONS: 2.62 
[GPU 0] [19:13:14] [INFO] Step: 5000, LR: 5.0000e-03
[GPU 0] [19:13:14] [INFO] Train Loss: CORE: 1.98 A-DEADLINE-OR-TIME-LIMIT: 2.29 ALIEN-ENCOUNTERS: 2.22 BYGONE-ERAS: 2.21 CULTURAL-TRADITIONS: 2.37 
[GPU 0] [19:13:56] [INFO] Step: 6000, LR: 5.0000e-03
[GPU 0] [19:13:56] [INFO] Train Loss: CORE: 1.93 A-DEADLINE-OR-TIME-LIMIT: 2.17 ALIEN-ENCOUNTERS: 2.04 BYGONE-ERAS: 2.14 CULTURAL-TRADITIONS: 2.19 
[GPU 0] [19:14:36] [INFO] Step: 7000, LR: 5.0000e-03
[GPU 0] [19:14:36] [INFO] Train Loss: CORE: 1.90 A-DEADLINE-OR-TIME-LIMIT: 2.11 ALIEN-ENCOUNTERS: 1.97 BYGONE-ERAS: 2.04 CULTURAL-TRADITIONS: 2.07 
[GPU 0] [19:15:18] [INFO] Step: 8000, LR: 5.0000e-03
[GPU 0] [19:15:18] [INFO] Train Loss: CORE: 1.88 A-DEADLINE-OR-TIME-LIMIT: 2.07 ALIEN-ENCOUNTERS: 1.94 BYGONE-ERAS: 1.99 CULTURAL-TRADITIONS: 2.01 
[GPU 0] [19:16:00] [INFO] Step: 9000, LR: 5.0000e-03
[GPU 0] [19:16:00] [INFO] Train Loss: CORE: 1.85 A-DEADLINE-OR-TIME-LIMIT: 2.03 ALIEN-ENCOUNTERS: 1.90 BYGONE-ERAS: 1.95 CULTURAL-TRADITIONS: 1.98 
[GPU 0] [19:16:42] [INFO] Step: 10000, LR: 5.0000e-03
[GPU 0] [19:16:42] [INFO] Train Loss: CORE: 1.84 A-DEADLINE-OR-TIME-LIMIT: 2.01 ALIEN-ENCOUNTERS: 1.87 BYGONE-ERAS: 1.91 CULTURAL-TRADITIONS: 1.95 
[GPU 0] [19:17:22] [INFO] Step: 11000, LR: 5.0000e-03
[GPU 0] [19:17:22] [INFO] Train Loss: CORE: 1.82 A-DEADLINE-OR-TIME-LIMIT: 1.98 ALIEN-ENCOUNTERS: 1.85 BYGONE-ERAS: 1.89 CULTURAL-TRADITIONS: 1.93 
[GPU 0] [19:18:03] [INFO] Step: 12000, LR: 5.0000e-03
[GPU 0] [19:18:03] [INFO] Train Loss: CORE: 1.82 A-DEADLINE-OR-TIME-LIMIT: 1.96 ALIEN-ENCOUNTERS: 1.82 BYGONE-ERAS: 1.87 CULTURAL-TRADITIONS: 1.92 
[GPU 0] [19:18:44] [INFO] Step: 13000, LR: 5.0000e-03
[GPU 0] [19:18:44] [INFO] Train Loss: CORE: 1.83 A-DEADLINE-OR-TIME-LIMIT: 1.94 ALIEN-ENCOUNTERS: 1.81 BYGONE-ERAS: 1.86 CULTURAL-TRADITIONS: 1.90 
[GPU 0] [19:19:25] [INFO] Step: 14000, LR: 5.0000e-03
[GPU 0] [19:19:25] [INFO] Train Loss: CORE: 1.80 A-DEADLINE-OR-TIME-LIMIT: 1.93 ALIEN-ENCOUNTERS: 1.79 BYGONE-ERAS: 1.85 CULTURAL-TRADITIONS: 1.88 
[GPU 0] [19:19:33] [INFO] LR Scheduler: Group decay (step 14190)
[GPU 0] [19:20:07] [INFO] Step: 15000, LR: 2.4318e-03
[GPU 0] [19:20:07] [INFO] Train Loss: CORE: 1.73 A-DEADLINE-OR-TIME-LIMIT: 1.91 ALIEN-ENCOUNTERS: 1.77 BYGONE-ERAS: 1.84 CULTURAL-TRADITIONS: 1.87 
[GPU 0] [19:20:39] [INFO] Step: 15767, LR: 1.0000e-08
[GPU 0] [19:20:39] [INFO] Train Loss: CORE: 1.69 A-DEADLINE-OR-TIME-LIMIT: 1.88 ALIEN-ENCOUNTERS: 1.75 BYGONE-ERAS: 1.81 CULTURAL-TRADITIONS: 1.86 
[GPU 0] [19:20:41] [INFO] ---- Begin Eval ----
[GPU 0] [19:20:41] [INFO] Data: core | Experts: ['core']
[GPU 0] [19:21:17] [INFO] loss: 1.68928885
[GPU 0] [19:21:17] [INFO] Data: a-deadline-or-time-limit | Experts: ['core']
[GPU 0] [19:21:17] [INFO] loss: 1.88671875
[GPU 0] [19:21:17] [INFO] Data: alien-encounters | Experts: ['core']
[GPU 0] [19:21:18] [INFO] loss: 1.74979436
[GPU 0] [19:21:18] [INFO] Data: bygone-eras | Experts: ['core']
[GPU 0] [19:21:19] [INFO] loss: 1.71975160
[GPU 0] [19:21:19] [INFO] Data: cultural-traditions | Experts: ['core']
[GPU 0] [19:21:19] [INFO] loss: 1.77343750
[GPU 0] [19:21:19] [INFO] ---- Begin Eval ----
[GPU 0] [19:21:19] [INFO] Data: core | Experts: ['a-deadline-or-time-limit', 'core']
[GPU 0] [19:21:50] [INFO] loss: 1.68968487
[GPU 0] [19:21:50] [INFO] Data: a-deadline-or-time-limit | Experts: ['a-deadline-or-time-limit', 'core']
[GPU 0] [19:21:51] [INFO] loss: 1.77812505
[GPU 0] [19:21:51] [INFO] Data: alien-encounters | Experts: ['a-deadline-or-time-limit', 'core']
[GPU 0] [19:21:51] [INFO] loss: 1.74958885
[GPU 0] [19:21:51] [INFO] Data: bygone-eras | Experts: ['a-deadline-or-time-limit', 'core']
[GPU 0] [19:21:52] [INFO] loss: 1.71854973
[GPU 0] [19:21:52] [INFO] Data: cultural-traditions | Experts: ['a-deadline-or-time-limit', 'core']
[GPU 0] [19:21:53] [INFO] loss: 1.77076483
[GPU 0] [19:21:53] [INFO] ---- Begin Eval ----
[GPU 0] [19:21:53] [INFO] Data: core | Experts: ['alien-encounters', 'core']
[GPU 0] [19:22:22] [INFO] loss: 1.68964291
[GPU 0] [19:22:22] [INFO] Data: a-deadline-or-time-limit | Experts: ['alien-encounters', 'core']
[GPU 0] [19:22:23] [INFO] loss: 1.88378906
[GPU 0] [19:22:23] [INFO] Data: alien-encounters | Experts: ['alien-encounters', 'core']
[GPU 0] [19:22:24] [INFO] loss: 1.66118419
[GPU 0] [19:22:24] [INFO] Data: bygone-eras | Experts: ['alien-encounters', 'core']
[GPU 0] [19:22:25] [INFO] loss: 1.71895027
[GPU 0] [19:22:25] [INFO] Data: cultural-traditions | Experts: ['alien-encounters', 'core']
[GPU 0] [19:22:25] [INFO] loss: 1.77240956
[GPU 0] [19:22:25] [INFO] ---- Begin Eval ----
[GPU 0] [19:22:25] [INFO] Data: core | Experts: ['bygone-eras', 'core']
[GPU 0] [19:22:56] [INFO] loss: 1.68893957
[GPU 0] [19:22:56] [INFO] Data: a-deadline-or-time-limit | Experts: ['bygone-eras', 'core']
[GPU 0] [19:22:56] [INFO] loss: 1.88359380
[GPU 0] [19:22:56] [INFO] Data: alien-encounters | Experts: ['bygone-eras', 'core']
[GPU 0] [19:22:57] [INFO] loss: 1.74917758
[GPU 0] [19:22:57] [INFO] Data: bygone-eras | Experts: ['bygone-eras', 'core']
[GPU 0] [19:22:58] [INFO] loss: 1.71414268
[GPU 0] [19:22:58] [INFO] Data: cultural-traditions | Experts: ['bygone-eras', 'core']
[GPU 0] [19:22:58] [INFO] loss: 1.76973689
[GPU 0] [19:22:58] [INFO] ---- Begin Eval ----
[GPU 0] [19:22:58] [INFO] Data: core | Experts: ['core', 'cultural-traditions']
[GPU 0] [19:23:31] [INFO] loss: 1.68906999
[GPU 0] [19:23:31] [INFO] Data: a-deadline-or-time-limit | Experts: ['core', 'cultural-traditions']
[GPU 0] [19:23:32] [INFO] loss: 1.88125002
[GPU 0] [19:23:32] [INFO] Data: alien-encounters | Experts: ['core', 'cultural-traditions']
[GPU 0] [19:23:32] [INFO] loss: 1.74917758
[GPU 0] [19:23:32] [INFO] Data: bygone-eras | Experts: ['core', 'cultural-traditions']
[GPU 0] [19:23:33] [INFO] loss: 1.71574521
[GPU 0] [19:23:33] [INFO] Data: cultural-traditions | Experts: ['core', 'cultural-traditions']
[GPU 0] [19:23:34] [INFO] loss: 1.75226152
[GPU 0] [19:23:34] [INFO] ROUTED - ADVERSARIAL FT START
[GPU 0] [19:23:34] [INFO] ---- Begin FT | Experts: ['core'] | Data: ['a-deadline-or-time-limit'] ----
[GPU 0] [19:23:34] [DEBUG] num_seq: 512, num_rounds: 200, patience: 10
[GPU 0] [19:23:34] [DEBUG] local_x: torch.Size([512, 256]), local_y: torch.Size([512, 256]), num_steps: 4, per_gpu: 512, mbs_size: 128
[GPU 0] [19:23:36] [INFO] New best validation loss: 1.8529 @ step 0
[GPU 0] [19:23:37] [INFO] New best validation loss: 1.8369 @ step 1
[GPU 0] [19:23:37] [INFO] New best validation loss: 1.8287 @ step 2
[GPU 0] [19:23:38] [INFO] New best validation loss: 1.8258 @ step 3
[GPU 0] [19:23:48] [INFO] Stop FT @ 15: no val improvement for 10 steps
[GPU 0] [19:23:48] [INFO] Wrote stats.jsonl entries at FT step 3 
[GPU 0] [19:23:48] [INFO] ---- Begin FT | Experts: ['core'] | Data: ['alien-encounters'] ----
[GPU 0] [19:23:48] [DEBUG] num_seq: 512, num_rounds: 200, patience: 10
[GPU 0] [19:23:48] [DEBUG] local_x: torch.Size([512, 256]), local_y: torch.Size([512, 256]), num_steps: 4, per_gpu: 512, mbs_size: 128
[GPU 0] [19:23:49] [INFO] New best validation loss: 1.7218 @ step 0
[GPU 0] [19:23:50] [INFO] New best validation loss: 1.7066 @ step 1
[GPU 0] [19:23:51] [INFO] New best validation loss: 1.7005 @ step 2
[GPU 0] [19:23:52] [INFO] New best validation loss: 1.6984 @ step 3
[GPU 0] [19:24:01] [INFO] Stop FT @ 15: no val improvement for 10 steps
[GPU 0] [19:24:01] [INFO] Wrote stats.jsonl entries at FT step 3 
[GPU 0] [19:24:02] [INFO] ---- Begin FT | Experts: ['core'] | Data: ['bygone-eras'] ----
[GPU 0] [19:24:02] [DEBUG] num_seq: 512, num_rounds: 200, patience: 10
[GPU 0] [19:24:02] [DEBUG] local_x: torch.Size([512, 256]), local_y: torch.Size([512, 256]), num_steps: 4, per_gpu: 512, mbs_size: 128
[GPU 0] [19:24:03] [INFO] New best validation loss: 1.7165 @ step 0
[GPU 0] [19:24:13] [INFO] Stop FT @ 12: no val improvement for 10 steps
[GPU 0] [19:24:13] [INFO] Wrote stats.jsonl entries at FT step 0 
[GPU 0] [19:24:13] [INFO] ---- Begin FT | Experts: ['core'] | Data: ['cultural-traditions'] ----
[GPU 0] [19:24:13] [DEBUG] num_seq: 512, num_rounds: 200, patience: 10
[GPU 0] [19:24:13] [DEBUG] local_x: torch.Size([512, 256]), local_y: torch.Size([512, 256]), num_steps: 4, per_gpu: 512, mbs_size: 128
[GPU 0] [19:24:14] [INFO] New best validation loss: 1.7644 @ step 0
[GPU 0] [19:24:15] [INFO] New best validation loss: 1.7630 @ step 1
[GPU 0] [19:24:24] [INFO] Stop FT @ 13: no val improvement for 10 steps
[GPU 0] [19:24:24] [INFO] Wrote stats.jsonl entries at FT step 1 
[GPU 0] [19:24:24] [INFO] ROUTED - ADVERSARIAL FT START
[GPU 0] [19:24:24] [INFO] ---- Begin FT | Experts: ['a-deadline-or-time-limit', 'core'] | Data: ['alien-encounters'] ----
[GPU 0] [19:24:24] [DEBUG] num_seq: 512, num_rounds: 200, patience: 10
[GPU 0] [19:24:24] [DEBUG] local_x: torch.Size([512, 256]), local_y: torch.Size([512, 256]), num_steps: 4, per_gpu: 512, mbs_size: 128
[GPU 0] [19:24:25] [INFO] New best validation loss: 1.7214 @ step 0
[GPU 0] [19:24:26] [INFO] New best validation loss: 1.7066 @ step 1
[GPU 0] [19:24:27] [INFO] New best validation loss: 1.7005 @ step 2
[GPU 0] [19:24:28] [INFO] New best validation loss: 1.6982 @ step 3
[GPU 0] [19:24:39] [INFO] Stop FT @ 15: no val improvement for 10 steps
[GPU 0] [19:24:39] [INFO] Wrote stats.jsonl entries at FT step 3 
[GPU 0] [19:24:39] [INFO] ---- Begin FT | Experts: ['a-deadline-or-time-limit', 'core'] | Data: ['bygone-eras'] ----
[GPU 0] [19:24:39] [DEBUG] num_seq: 512, num_rounds: 200, patience: 10
[GPU 0] [19:24:39] [DEBUG] local_x: torch.Size([512, 256]), local_y: torch.Size([512, 256]), num_steps: 4, per_gpu: 512, mbs_size: 128
[GPU 0] [19:24:40] [INFO] New best validation loss: 1.7155 @ step 0
[GPU 0] [19:24:52] [INFO] Stop FT @ 12: no val improvement for 10 steps
[GPU 0] [19:24:52] [INFO] Wrote stats.jsonl entries at FT step 0 
[GPU 0] [19:24:52] [INFO] ---- Begin FT | Experts: ['a-deadline-or-time-limit', 'core'] | Data: ['cultural-traditions'] ----
[GPU 0] [19:24:52] [DEBUG] num_seq: 512, num_rounds: 200, patience: 10
[GPU 0] [19:24:52] [DEBUG] local_x: torch.Size([512, 256]), local_y: torch.Size([512, 256]), num_steps: 4, per_gpu: 512, mbs_size: 128
[GPU 0] [19:24:53] [INFO] New best validation loss: 1.7634 @ step 0
[GPU 0] [19:24:54] [INFO] New best validation loss: 1.7615 @ step 1
[GPU 0] [19:25:04] [INFO] Stop FT @ 13: no val improvement for 10 steps
[GPU 0] [19:25:04] [INFO] Wrote stats.jsonl entries at FT step 1 
[GPU 0] [19:25:04] [INFO] ROUTED - ADVERSARIAL FT START
[GPU 0] [19:25:04] [INFO] ---- Begin FT | Experts: ['alien-encounters', 'core'] | Data: ['a-deadline-or-time-limit'] ----
[GPU 0] [19:25:04] [DEBUG] num_seq: 512, num_rounds: 200, patience: 10
[GPU 0] [19:25:04] [DEBUG] local_x: torch.Size([512, 256]), local_y: torch.Size([512, 256]), num_steps: 4, per_gpu: 512, mbs_size: 128
[GPU 0] [19:25:05] [INFO] New best validation loss: 1.8506 @ step 0
[GPU 0] [19:25:06] [INFO] New best validation loss: 1.8355 @ step 1
[GPU 0] [19:25:07] [INFO] New best validation loss: 1.8271 @ step 2
[GPU 0] [19:25:08] [INFO] New best validation loss: 1.8248 @ step 3
[GPU 0] [19:25:20] [INFO] Stop FT @ 15: no val improvement for 10 steps
[GPU 0] [19:25:20] [INFO] Wrote stats.jsonl entries at FT step 3 
[GPU 0] [19:25:21] [INFO] ---- Begin FT | Experts: ['alien-encounters', 'core'] | Data: ['bygone-eras'] ----
[GPU 0] [19:25:21] [DEBUG] num_seq: 512, num_rounds: 200, patience: 10
[GPU 0] [19:25:21] [DEBUG] local_x: torch.Size([512, 256]), local_y: torch.Size([512, 256]), num_steps: 4, per_gpu: 512, mbs_size: 128
[GPU 0] [19:25:22] [INFO] New best validation loss: 1.7163 @ step 0
[GPU 0] [19:25:32] [INFO] Stop FT @ 12: no val improvement for 10 steps
[GPU 0] [19:25:32] [INFO] Wrote stats.jsonl entries at FT step 0 
[GPU 0] [19:25:32] [INFO] ---- Begin FT | Experts: ['alien-encounters', 'core'] | Data: ['cultural-traditions'] ----
[GPU 0] [19:25:32] [DEBUG] num_seq: 512, num_rounds: 200, patience: 10
[GPU 0] [19:25:32] [DEBUG] local_x: torch.Size([512, 256]), local_y: torch.Size([512, 256]), num_steps: 4, per_gpu: 512, mbs_size: 128
[GPU 0] [19:25:33] [INFO] New best validation loss: 1.7640 @ step 0
[GPU 0] [19:25:34] [INFO] New best validation loss: 1.7625 @ step 1
[GPU 0] [19:25:45] [INFO] Stop FT @ 13: no val improvement for 10 steps
[GPU 0] [19:25:45] [INFO] Wrote stats.jsonl entries at FT step 1 
[GPU 0] [19:25:45] [INFO] ROUTED - ADVERSARIAL FT START
[GPU 0] [19:25:45] [INFO] ---- Begin FT | Experts: ['bygone-eras', 'core'] | Data: ['a-deadline-or-time-limit'] ----
[GPU 0] [19:25:45] [DEBUG] num_seq: 512, num_rounds: 200, patience: 10
[GPU 0] [19:25:45] [DEBUG] local_x: torch.Size([512, 256]), local_y: torch.Size([512, 256]), num_steps: 4, per_gpu: 512, mbs_size: 128
[GPU 0] [19:25:46] [INFO] New best validation loss: 1.8504 @ step 0
[GPU 0] [19:25:47] [INFO] New best validation loss: 1.8357 @ step 1
[GPU 0] [19:25:48] [INFO] New best validation loss: 1.8271 @ step 2
[GPU 0] [19:25:49] [INFO] New best validation loss: 1.8248 @ step 3
[GPU 0] [19:26:00] [INFO] Stop FT @ 15: no val improvement for 10 steps
[GPU 0] [19:26:00] [INFO] Wrote stats.jsonl entries at FT step 3 
[GPU 0] [19:26:00] [INFO] ---- Begin FT | Experts: ['bygone-eras', 'core'] | Data: ['alien-encounters'] ----
[GPU 0] [19:26:00] [DEBUG] num_seq: 512, num_rounds: 200, patience: 10
[GPU 0] [19:26:00] [DEBUG] local_x: torch.Size([512, 256]), local_y: torch.Size([512, 256]), num_steps: 4, per_gpu: 512, mbs_size: 128
[GPU 0] [19:26:01] [INFO] New best validation loss: 1.7212 @ step 0
[GPU 0] [19:26:02] [INFO] New best validation loss: 1.7060 @ step 1
[GPU 0] [19:26:03] [INFO] New best validation loss: 1.6992 @ step 2
[GPU 0] [19:26:04] [INFO] New best validation loss: 1.6980 @ step 3
[GPU 0] [19:26:16] [INFO] Stop FT @ 15: no val improvement for 10 steps
[GPU 0] [19:26:16] [INFO] Wrote stats.jsonl entries at FT step 3 
[GPU 0] [19:26:17] [INFO] ---- Begin FT | Experts: ['bygone-eras', 'core'] | Data: ['cultural-traditions'] ----
[GPU 0] [19:26:17] [DEBUG] num_seq: 512, num_rounds: 200, patience: 10
[GPU 0] [19:26:17] [DEBUG] local_x: torch.Size([512, 256]), local_y: torch.Size([512, 256]), num_steps: 4, per_gpu: 512, mbs_size: 128
[GPU 0] [19:26:18] [INFO] New best validation loss: 1.7625 @ step 0
[GPU 0] [19:26:19] [INFO] New best validation loss: 1.7611 @ step 1
[GPU 0] [19:26:30] [INFO] Stop FT @ 13: no val improvement for 10 steps
[GPU 0] [19:26:30] [INFO] Wrote stats.jsonl entries at FT step 1 
[GPU 0] [19:26:30] [INFO] ROUTED - ADVERSARIAL FT START
[GPU 0] [19:26:31] [INFO] ---- Begin FT | Experts: ['core', 'cultural-traditions'] | Data: ['a-deadline-or-time-limit'] ----
[GPU 0] [19:26:31] [DEBUG] num_seq: 512, num_rounds: 200, patience: 10
[GPU 0] [19:26:31] [DEBUG] local_x: torch.Size([512, 256]), local_y: torch.Size([512, 256]), num_steps: 4, per_gpu: 512, mbs_size: 128
[GPU 0] [19:26:32] [INFO] New best validation loss: 1.8490 @ step 0
[GPU 0] [19:26:33] [INFO] New best validation loss: 1.8338 @ step 1
[GPU 0] [19:26:34] [INFO] New best validation loss: 1.8256 @ step 2
[GPU 0] [19:26:35] [INFO] New best validation loss: 1.8238 @ step 3
[GPU 0] [19:26:47] [INFO] Stop FT @ 15: no val improvement for 10 steps
[GPU 0] [19:26:47] [INFO] Wrote stats.jsonl entries at FT step 3 
[GPU 0] [19:26:48] [INFO] ---- Begin FT | Experts: ['core', 'cultural-traditions'] | Data: ['alien-encounters'] ----
[GPU 0] [19:26:48] [DEBUG] num_seq: 512, num_rounds: 200, patience: 10
[GPU 0] [19:26:48] [DEBUG] local_x: torch.Size([512, 256]), local_y: torch.Size([512, 256]), num_steps: 4, per_gpu: 512, mbs_size: 128
[GPU 0] [19:26:49] [INFO] New best validation loss: 1.7210 @ step 0
[GPU 0] [19:26:50] [INFO] New best validation loss: 1.7058 @ step 1
[GPU 0] [19:26:51] [INFO] New best validation loss: 1.6998 @ step 2
[GPU 0] [19:26:52] [INFO] New best validation loss: 1.6980 @ step 3
[GPU 0] [19:27:02] [INFO] Stop FT @ 15: no val improvement for 10 steps
[GPU 0] [19:27:02] [INFO] Wrote stats.jsonl entries at FT step 3 
[GPU 0] [19:27:02] [INFO] ---- Begin FT | Experts: ['core', 'cultural-traditions'] | Data: ['bygone-eras'] ----
[GPU 0] [19:27:02] [DEBUG] num_seq: 512, num_rounds: 200, patience: 10
[GPU 0] [19:27:02] [DEBUG] local_x: torch.Size([512, 256]), local_y: torch.Size([512, 256]), num_steps: 4, per_gpu: 512, mbs_size: 128
[GPU 0] [19:27:03] [INFO] New best validation loss: 1.7145 @ step 0
[GPU 0] [19:27:15] [INFO] Stop FT @ 12: no val improvement for 10 steps
[GPU 0] [19:27:15] [INFO] Wrote stats.jsonl entries at FT step 0 
[GPU 0] [19:27:15] [INFO] Stage [routed] start: {"name": "routed", "num_checkpoints": -1, "lr": 0.005, "res_dir": "/workspace-vast/ethanr/gradient-routing/experiments/arXiv-Codebase/results/sweep/stories/seed_2/20260630190805790565/routed_02", "acc_mode": "heterogeneous", "do_eval": true, "do_sample": false, "num_train_evals": 0, "do_elicit": true, "elicit_eval_prc": 0.5, "elicit_num_evals": 100, "retain_targets": null, "model": {"arch": "moe", "tokenizer": "TokenizersBackend(name_or_path='SimpleStories/SimpleStories-1.25M', vocab_size=4096, model_max_length=1000000000000000019884624838656, padding_side='right', truncation_side='right', special_tokens={'eos_token': '[EOS]', 'unk_token': '[UNK]'}, added_tokens_decoder={\n\t0: AddedToken(\"[UNK]\", rstrip=False, lstrip=False, single_word=False, normalized=False, special=True),\n\t1: AddedToken(\"[EOS]\", rstrip=False, lstrip=False, single_word=False, normalized=False, special=True),\n}\n)", "ctx_len": 256, "vocab_size": 4096, "num_layers": 8, "num_heads": 8, "num_key_value": 2, "attn_bias": true, "eos_token_id": 1, "embed_dim": 512, "mlp_dim": 2048, "core_param_prc": 1.0, "aux_param_prc": 0.1}, "eval_arbsub": false, "label_prc": 1.0, "aux_factor": 1.0, "robust_prc": 0.9, "aux_route_prc": 0.3, "equal_compute": true}
[GPU 0] [19:27:15] [INFO] ROUTED START
[GPU 0] [19:27:16] [INFO] Initialized MoETransformer with 32,571,904 total parameters
[GPU 0] [19:27:16] [INFO]   Label 'core' has 26,257,920 parameters
[GPU 0] [19:27:16] [INFO]   Label 'a-deadline-or-time-limit' has 1,578,496 parameters
[GPU 0] [19:27:16] [INFO]   Label 'alien-encounters' has 1,578,496 parameters
[GPU 0] [19:27:16] [INFO]   Label 'bygone-eras' has 1,578,496 parameters
[GPU 0] [19:27:16] [INFO]   Label 'cultural-traditions' has 1,578,496 parameters
[GPU 0] [19:27:16] [INFO] Compiling MoETransformer with torch.compile...
[GPU 0] [19:27:16] [INFO] torch.compile done
[GPU 0] [19:27:16] [WARNING] restore_partial_state: no checkpoint found at /workspace-vast/ethanr/gradient-routing/experiments/arXiv-Codebase/results/sweep/stories/seed_2/20260630190805790565/routed_02
[GPU 0] [19:27:16] [INFO] ---- Begin Routed Unordered ----
[GPU 0] [19:27:16] [INFO] initial len_all: 16544, len_all_labeled: 16544, len_all_unlabeled: 0, len_ft: 15030, len_base: 1514, label_prc: 1.0
[GPU 0] [19:27:16] [INFO] compute-equal: -23724794880.0 <= 0, must truncate training
[GPU 0] [19:27:16] [INFO] compute-equal: len_base: -78 -> 1436, len_ft: -778 -> 14252, len_all_unlabeled: 0 -> 0
[GPU 0] [19:27:16] [INFO] Batch [('core', ('core',), ('core',))] count: 1436
[GPU 0] [19:27:16] [INFO] Batch [('a-deadline-or-time-limit', ('core', 'a-deadline-or-time-limit'), ('a-deadline-or-time-limit',))] count: 234
[GPU 0] [19:27:16] [INFO] Batch [('a-deadline-or-time-limit', ('core', 'a-deadline-or-time-limit'), ('core', 'a-deadline-or-time-limit'))] count: 100
[GPU 0] [19:27:16] [INFO] Batch [('core', ('core', 'a-deadline-or-time-limit'), ('core', 'a-deadline-or-time-limit'))] count: 3247
[GPU 0] [19:27:16] [INFO] Batch [('alien-encounters', ('core', 'alien-encounters'), ('alien-encounters',))] count: 229
[GPU 0] [19:27:16] [INFO] Batch [('alien-encounters', ('core', 'alien-encounters'), ('core', 'alien-encounters'))] count: 98
[GPU 0] [19:27:16] [INFO] Batch [('core', ('core', 'alien-encounters'), ('core', 'alien-encounters'))] count: 3183
[GPU 0] [19:27:16] [INFO] Batch [('bygone-eras', ('core', 'bygone-eras'), ('bygone-eras',))] count: 234
[GPU 0] [19:27:16] [INFO] Batch [('bygone-eras', ('core', 'bygone-eras'), ('core', 'bygone-eras'))] count: 100
[GPU 0] [19:27:16] [INFO] Batch [('core', ('core', 'bygone-eras'), ('core', 'bygone-eras'))] count: 3247
[GPU 0] [19:27:16] [INFO] Batch [('core', ('core', 'cultural-traditions'), ('core', 'cultural-traditions'))] count: 3247
[GPU 0] [19:27:16] [INFO] Batch [('cultural-traditions', ('core', 'cultural-traditions'), ('core', 'cultural-traditions'))] count: 100
[GPU 0] [19:27:16] [INFO] Batch [('cultural-traditions', ('core', 'cultural-traditions'), ('cultural-traditions',))] count: 234
[GPU 0] [19:27:16] [INFO] Batch group is empty (0 batches)
[GPU 0] [19:27:16] [INFO] 
len_all: 16544, len_all_labeled: 16544, len_all_unlabeled: 0,
len_base: 1436, len_ft: 14252,
len_core_for_ft: 12924, len_aux_for_ft: 1328,
aux_factor: {'a-deadline-or-time-limit': 1.0, 'alien-encounters': 1.0, 'bygone-eras': 1.0, 'cultural-traditions': 1.0}, robust_prc: 0.9,
aux_route_prc: 0.3, equal_compute: True
[GPU 0] [19:27:16] [INFO] count_by_label: {'core': 14360, 'a-deadline-or-time-limit': 334, 'alien-encounters': 327, 'bygone-eras': 334, 'cultural-traditions': 334}
[GPU 0] [19:27:16] [WARNING] len(batches) != expected, (15689 != 15688), -1 length difference
[GPU 0] [19:27:16] [INFO] Batch [('core', ('core',), ('core',))] count: 1436
[GPU 0] [19:27:16] [INFO] Batch [('a-deadline-or-time-limit', ('core', 'a-deadline-or-time-limit'), ('a-deadline-or-time-limit',))] count: 234
[GPU 0] [19:27:16] [INFO] Batch [('a-deadline-or-time-limit', ('core', 'a-deadline-or-time-limit'), ('core', 'a-deadline-or-time-limit'))] count: 100
[GPU 0] [19:27:16] [INFO] Batch [('core', ('core', 'a-deadline-or-time-limit'), ('core', 'a-deadline-or-time-limit'))] count: 3247
[GPU 0] [19:27:16] [INFO] Batch [('alien-encounters', ('core', 'alien-encounters'), ('alien-encounters',))] count: 229
[GPU 0] [19:27:16] [INFO] Batch [('alien-encounters', ('core', 'alien-encounters'), ('core', 'alien-encounters'))] count: 98
[GPU 0] [19:27:16] [INFO] Batch [('core', ('core', 'alien-encounters'), ('core', 'alien-encounters'))] count: 3183
[GPU 0] [19:27:16] [INFO] Batch [('bygone-eras', ('core', 'bygone-eras'), ('bygone-eras',))] count: 234
[GPU 0] [19:27:16] [INFO] Batch [('bygone-eras', ('core', 'bygone-eras'), ('core', 'bygone-eras'))] count: 100
[GPU 0] [19:27:16] [INFO] Batch [('core', ('core', 'bygone-eras'), ('core', 'bygone-eras'))] count: 3247
[GPU 0] [19:27:16] [INFO] Batch [('core', ('core', 'cultural-traditions'), ('core', 'cultural-traditions'))] count: 3247
[GPU 0] [19:27:16] [INFO] Batch [('cultural-traditions', ('core', 'cultural-traditions'), ('core', 'cultural-traditions'))] count: 100
[GPU 0] [19:27:16] [INFO] Batch [('cultural-traditions', ('core', 'cultural-traditions'), ('cultural-traditions',))] count: 234
[GPU 0] [19:27:16] [INFO] ---- Begin Routed ----
[GPU 0] [19:27:16] [DEBUG] acc_mode: heterogeneous
[GPU 0] [19:27:16] [INFO] num_total_steps: 15689
[GPU 0] [19:27:16] [INFO] LR schedule group 0: steps [0, 15689), warmup=1569, constant=12551, decay=1569
[GPU 0] [19:27:16] [INFO] LR Scheduler: Group warmup (step 0)
[GPU 0] [19:27:16] [INFO] CUDA memory before training loop:
[GPU 0] [19:27:16] [INFO] |===========================================================================|
[GPU 0] [19:27:16] [INFO] |                  PyTorch CUDA memory summary, device ID 0                 |
[GPU 0] [19:27:16] [INFO] |---------------------------------------------------------------------------|
[GPU 0] [19:27:16] [INFO] |            CUDA OOMs: 0            |        cudaMalloc retries: 0         |
[GPU 0] [19:27:16] [INFO] |===========================================================================|
[GPU 0] [19:27:16] [INFO] |        Metric         | Cur Usage  | Peak Usage | Tot Alloc  | Tot Freed  |
[GPU 0] [19:27:16] [INFO] |---------------------------------------------------------------------------|
[GPU 0] [19:27:16] [INFO] | Allocated memory      | 195717 KiB |   8509 MiB | 435854 GiB | 435854 GiB |
[GPU 0] [19:27:16] [INFO] |       from large pool | 172032 KiB |   8440 MiB | 435172 GiB | 435172 GiB |
[GPU 0] [19:27:16] [INFO] |       from small pool |  23685 KiB |     82 MiB |    682 GiB |    682 GiB |
[GPU 0] [19:27:16] [INFO] |---------------------------------------------------------------------------|
[GPU 0] [19:27:16] [INFO] | Active memory         | 195717 KiB |   8509 MiB | 435854 GiB | 435854 GiB |
[GPU 0] [19:27:16] [INFO] |       from large pool | 172032 KiB |   8440 MiB | 435172 GiB | 435172 GiB |
[GPU 0] [19:27:16] [INFO] |       from small pool |  23685 KiB |     82 MiB |    682 GiB |    682 GiB |
[GPU 0] [19:27:16] [INFO] |---------------------------------------------------------------------------|
[GPU 0] [19:27:16] [INFO] | Requested memory      | 195713 KiB |   8509 MiB | 435853 GiB | 435853 GiB |
[GPU 0] [19:27:16] [INFO] |       from large pool | 172032 KiB |   8440 MiB | 435172 GiB | 435172 GiB |
[GPU 0] [19:27:16] [INFO] |       from small pool |  23681 KiB |     82 MiB |    680 GiB |    680 GiB |
[GPU 0] [19:27:16] [INFO] |---------------------------------------------------------------------------|
[GPU 0] [19:27:16] [INFO] | GPU reserved memory   | 208896 KiB |   8824 MiB |   1735 GiB |   1735 GiB |
[GPU 0] [19:27:16] [INFO] |       from large pool | 184320 KiB |   8740 MiB |   1731 GiB |   1731 GiB |
[GPU 0] [19:27:16] [INFO] |       from small pool |  24576 KiB |     84 MiB |      3 GiB |      3 GiB |
[GPU 0] [19:27:16] [INFO] |---------------------------------------------------------------------------|
[GPU 0] [19:27:16] [INFO] | Non-releasable memory |      0 B   |      0 B   |      0 B   |      0 B   |
[GPU 0] [19:27:16] [INFO] |       from large pool |      0 B   |      0 B   |      0 B   |      0 B   |
[GPU 0] [19:27:16] [INFO] |       from small pool |      0 B   |      0 B   |      0 B   |      0 B   |
[GPU 0] [19:27:16] [INFO] |---------------------------------------------------------------------------|
[GPU 0] [19:27:16] [INFO] | Allocations           |     247    |    1203    |   14531 K  |   14530 K  |
[GPU 0] [19:27:16] [INFO] |       from large pool |      36    |     200    |    8043 K  |    8043 K  |
[GPU 0] [19:27:16] [INFO] |       from small pool |     211    |    1112    |    6487 K  |    6487 K  |
[GPU 0] [19:27:16] [INFO] |---------------------------------------------------------------------------|
[GPU 0] [19:27:16] [INFO] | Active allocs         |     247    |    1203    |   14531 K  |   14530 K  |
[GPU 0] [19:27:16] [INFO] |       from large pool |      36    |     200    |    8043 K  |    8043 K  |
[GPU 0] [19:27:16] [INFO] |       from small pool |     211    |    1112    |    6487 K  |    6487 K  |
[GPU 0] [19:27:16] [INFO] |---------------------------------------------------------------------------|
[GPU 0] [19:27:16] [INFO] | GPU reserved segments |       0    |       0    |       0    |       0    |
[GPU 0] [19:27:16] [INFO] |       from large pool |       0    |       0    |       0    |       0    |
[GPU 0] [19:27:16] [INFO] |       from small pool |       0    |       0    |       0    |       0    |
[GPU 0] [19:27:16] [INFO] |---------------------------------------------------------------------------|
[GPU 0] [19:27:16] [INFO] | Non-releasable allocs |       0    |       0    |       0    |       0    |
[GPU 0] [19:27:16] [INFO] |       from large pool |       0    |       0    |       0    |       0    |
[GPU 0] [19:27:16] [INFO] |       from small pool |       0    |       0    |       0    |       0    |
[GPU 0] [19:27:16] [INFO] |---------------------------------------------------------------------------|
[GPU 0] [19:27:16] [INFO] | Oversize allocations  |       0    |       0    |       0    |       0    |
[GPU 0] [19:27:16] [INFO] |---------------------------------------------------------------------------|
[GPU 0] [19:27:16] [INFO] | Oversize GPU segments |       0    |       0    |       0    |       0    |
[GPU 0] [19:27:16] [INFO] |===========================================================================|
[GPU 0] [19:27:16] [INFO] 
[GPU 0] [19:27:16] [INFO] Batch group start, LR: 1.0000e-08, batches: 15689, epochs: 1, group_total_steps: 15689
[GPU 0] [19:27:16] [INFO] CUDA memory after first training step:
[GPU 0] [19:27:16] [INFO] |===========================================================================|
[GPU 0] [19:27:16] [INFO] |                  PyTorch CUDA memory summary, device ID 0                 |
[GPU 0] [19:27:16] [INFO] |---------------------------------------------------------------------------|
[GPU 0] [19:27:16] [INFO] |            CUDA OOMs: 0            |        cudaMalloc retries: 0         |
[GPU 0] [19:27:16] [INFO] |===========================================================================|
[GPU 0] [19:27:16] [INFO] |        Metric         | Cur Usage  | Peak Usage | Tot Alloc  | Tot Freed  |
[GPU 0] [19:27:16] [INFO] |---------------------------------------------------------------------------|
[GPU 0] [19:27:16] [INFO] | Allocated memory      | 566924 KiB |   8509 MiB | 435872 GiB | 435871 GiB |
[GPU 0] [19:27:16] [INFO] |       from large pool | 516096 KiB |   8440 MiB | 435189 GiB | 435189 GiB |
[GPU 0] [19:27:16] [INFO] |       from small pool |  50828 KiB |     82 MiB |    682 GiB |    682 GiB |
[GPU 0] [19:27:16] [INFO] |---------------------------------------------------------------------------|
[GPU 0] [19:27:16] [INFO] | Active memory         | 566924 KiB |   8509 MiB | 435872 GiB | 435871 GiB |
[GPU 0] [19:27:16] [INFO] |       from large pool | 516096 KiB |   8440 MiB | 435189 GiB | 435189 GiB |
[GPU 0] [19:27:16] [INFO] |       from small pool |  50828 KiB |     82 MiB |    682 GiB |    682 GiB |
[GPU 0] [19:27:16] [INFO] |---------------------------------------------------------------------------|
[GPU 0] [19:27:16] [INFO] | Requested memory      | 566850 KiB |   8509 MiB | 435870 GiB | 435870 GiB |
[GPU 0] [19:27:16] [INFO] |       from large pool | 516096 KiB |   8440 MiB | 435189 GiB | 435189 GiB |
[GPU 0] [19:27:16] [INFO] |       from small pool |  50754 KiB |     82 MiB |    681 GiB |    680 GiB |
[GPU 0] [19:27:16] [INFO] |---------------------------------------------------------------------------|
[GPU 0] [19:27:16] [INFO] | GPU reserved memory   |   8484 MiB |   8824 MiB |   1743 GiB |   1735 GiB |
[GPU 0] [19:27:16] [INFO] |       from large pool |   8420 MiB |   8740 MiB |   1739 GiB |   1731 GiB |
[GPU 0] [19:27:16] [INFO] |       from small pool |     64 MiB |     84 MiB |      3 GiB |      3 GiB |
[GPU 0] [19:27:16] [INFO] |---------------------------------------------------------------------------|
[GPU 0] [19:27:16] [INFO] | Non-releasable memory |      0 B   |      0 B   |      0 B   |      0 B   |
[GPU 0] [19:27:16] [INFO] |       from large pool |      0 B   |      0 B   |      0 B   |      0 B   |
[GPU 0] [19:27:16] [INFO] |       from small pool |      0 B   |      0 B   |      0 B   |      0 B   |
[GPU 0] [19:27:16] [INFO] |---------------------------------------------------------------------------|
[GPU 0] [19:27:16] [INFO] | Allocations           |     649    |    1203    |   14532 K  |   14531 K  |
[GPU 0] [19:27:16] [INFO] |       from large pool |      73    |     200    |    8043 K  |    8043 K  |
[GPU 0] [19:27:16] [INFO] |       from small pool |     576    |    1112    |    6488 K  |    6488 K  |
[GPU 0] [19:27:16] [INFO] |---------------------------------------------------------------------------|
[GPU 0] [19:27:16] [INFO] | Active allocs         |     649    |    1203    |   14532 K  |   14531 K  |
[GPU 0] [19:27:16] [INFO] |       from large pool |      73    |     200    |    8043 K  |    8043 K  |
[GPU 0] [19:27:16] [INFO] |       from small pool |     576    |    1112    |    6488 K  |    6488 K  |
[GPU 0] [19:27:16] [INFO] |---------------------------------------------------------------------------|
[GPU 0] [19:27:16] [INFO] | GPU reserved segments |       0    |       0    |       0    |       0    |
[GPU 0] [19:27:16] [INFO] |       from large pool |       0    |       0    |       0    |       0    |
[GPU 0] [19:27:16] [INFO] |       from small pool |       0    |       0    |       0    |       0    |
[GPU 0] [19:27:16] [INFO] |---------------------------------------------------------------------------|
[GPU 0] [19:27:16] [INFO] | Non-releasable allocs |       0    |       0    |       0    |       0    |
[GPU 0] [19:27:16] [INFO] |       from large pool |       0    |       0    |       0    |       0    |
[GPU 0] [19:27:16] [INFO] |       from small pool |       0    |       0    |       0    |       0    |
[GPU 0] [19:27:16] [INFO] |---------------------------------------------------------------------------|
[GPU 0] [19:27:16] [INFO] | Oversize allocations  |       0    |       0    |       0    |       0    |
[GPU 0] [19:27:16] [INFO] |---------------------------------------------------------------------------|
[GPU 0] [19:27:16] [INFO] | Oversize GPU segments |       0    |       0    |       0    |       0    |
[GPU 0] [19:27:16] [INFO] |===========================================================================|
[GPU 0] [19:27:16] [INFO] 
[GPU 0] [19:27:16] [INFO] Step: 1, LR: 3.1967e-06
[GPU 0] [19:27:16] [INFO] Train Loss: CORE: 8.38 A-DEADLINE-OR-TIME-LIMIT: nan ALIEN-ENCOUNTERS: nan BYGONE-ERAS: nan CULTURAL-TRADITIONS: nan 
[GPU 0] [19:28:00] [INFO] Step: 1000, LR: 3.1867e-03
[GPU 0] [19:28:00] [INFO] Train Loss: CORE: 2.60 A-DEADLINE-OR-TIME-LIMIT: 3.22 ALIEN-ENCOUNTERS: 3.22 BYGONE-ERAS: 3.24 CULTURAL-TRADITIONS: 3.40 
[GPU 0] [19:28:25] [INFO] LR Scheduler: Group constant (step 1569)
[GPU 0] [19:28:43] [INFO] Step: 2000, LR: 5.0000e-03
[GPU 0] [19:28:43] [INFO] Train Loss: CORE: 2.29 A-DEADLINE-OR-TIME-LIMIT: 2.92 ALIEN-ENCOUNTERS: 2.75 BYGONE-ERAS: 2.78 CULTURAL-TRADITIONS: 3.05 
[GPU 0] [19:29:26] [INFO] Step: 3000, LR: 5.0000e-03
[GPU 0] [19:29:26] [INFO] Train Loss: CORE: 2.10 A-DEADLINE-OR-TIME-LIMIT: 2.66 ALIEN-ENCOUNTERS: 2.59 BYGONE-ERAS: 2.62 CULTURAL-TRADITIONS: 2.83 
[GPU 0] [19:30:10] [INFO] Step: 4000, LR: 5.0000e-03
[GPU 0] [19:30:10] [INFO] Train Loss: CORE: 2.01 A-DEADLINE-OR-TIME-LIMIT: 2.56 ALIEN-ENCOUNTERS: 2.41 BYGONE-ERAS: 2.51 CULTURAL-TRADITIONS: 2.66 
[GPU 0] [19:30:52] [INFO] Step: 5000, LR: 5.0000e-03
[GPU 0] [19:30:52] [INFO] Train Loss: CORE: 1.98 A-DEADLINE-OR-TIME-LIMIT: 2.43 ALIEN-ENCOUNTERS: 2.34 BYGONE-ERAS: 2.29 CULTURAL-TRADITIONS: 2.54 
[GPU 0] [19:31:33] [INFO] Step: 6000, LR: 5.0000e-03
[GPU 0] [19:31:33] [INFO] Train Loss: CORE: 1.93 A-DEADLINE-OR-TIME-LIMIT: 2.18 ALIEN-ENCOUNTERS: 2.08 BYGONE-ERAS: 2.11 CULTURAL-TRADITIONS: 2.33 
[GPU 0] [19:32:16] [INFO] Step: 7000, LR: 5.0000e-03
[GPU 0] [19:32:16] [INFO] Train Loss: CORE: 1.89 A-DEADLINE-OR-TIME-LIMIT: 2.10 ALIEN-ENCOUNTERS: 1.99 BYGONE-ERAS: 2.02 CULTURAL-TRADITIONS: 2.11 
[GPU 0] [19:32:58] [INFO] Step: 8000, LR: 5.0000e-03
[GPU 0] [19:32:58] [INFO] Train Loss: CORE: 1.87 A-DEADLINE-OR-TIME-LIMIT: 2.05 ALIEN-ENCOUNTERS: 1.93 BYGONE-ERAS: 1.98 CULTURAL-TRADITIONS: 2.03 
[GPU 0] [19:33:42] [INFO] Step: 9000, LR: 5.0000e-03
[GPU 0] [19:33:42] [INFO] Train Loss: CORE: 1.85 A-DEADLINE-OR-TIME-LIMIT: 2.03 ALIEN-ENCOUNTERS: 1.89 BYGONE-ERAS: 1.94 CULTURAL-TRADITIONS: 1.98 
[GPU 0] [19:34:24] [INFO] Step: 10000, LR: 5.0000e-03
[GPU 0] [19:34:24] [INFO] Train Loss: CORE: 1.85 A-DEADLINE-OR-TIME-LIMIT: 2.00 ALIEN-ENCOUNTERS: 1.86 BYGONE-ERAS: 1.92 CULTURAL-TRADITIONS: 1.95 
[GPU 0] [19:35:05] [INFO] Step: 11000, LR: 5.0000e-03
[GPU 0] [19:35:05] [INFO] Train Loss: CORE: 1.83 A-DEADLINE-OR-TIME-LIMIT: 1.98 ALIEN-ENCOUNTERS: 1.84 BYGONE-ERAS: 1.89 CULTURAL-TRADITIONS: 1.93 
[GPU 0] [19:35:46] [INFO] Step: 12000, LR: 5.0000e-03
[GPU 0] [19:35:46] [INFO] Train Loss: CORE: 1.83 A-DEADLINE-OR-TIME-LIMIT: 1.95 ALIEN-ENCOUNTERS: 1.82 BYGONE-ERAS: 1.88 CULTURAL-TRADITIONS: 1.91 
[GPU 0] [19:36:28] [INFO] Step: 13000, LR: 5.0000e-03
[GPU 0] [19:36:28] [INFO] Train Loss: CORE: 1.84 A-DEADLINE-OR-TIME-LIMIT: 1.94 ALIEN-ENCOUNTERS: 1.81 BYGONE-ERAS: 1.87 CULTURAL-TRADITIONS: 1.90 
[GPU 0] [19:37:09] [INFO] Step: 14000, LR: 5.0000e-03
[GPU 0] [19:37:09] [INFO] Train Loss: CORE: 1.81 A-DEADLINE-OR-TIME-LIMIT: 1.93 ALIEN-ENCOUNTERS: 1.80 BYGONE-ERAS: 1.86 CULTURAL-TRADITIONS: 1.89 
[GPU 0] [19:37:14] [INFO] LR Scheduler: Group decay (step 14120)
[GPU 0] [19:37:49] [INFO] Step: 15000, LR: 2.1957e-03
[GPU 0] [19:37:49] [INFO] Train Loss: CORE: 1.73 A-DEADLINE-OR-TIME-LIMIT: 1.91 ALIEN-ENCOUNTERS: 1.79 BYGONE-ERAS: 1.84 CULTURAL-TRADITIONS: 1.87 
[GPU 0] [19:38:19] [INFO] Step: 15689, LR: 1.0000e-08
[GPU 0] [19:38:19] [INFO] Train Loss: CORE: 1.69 A-DEADLINE-OR-TIME-LIMIT: 1.89 ALIEN-ENCOUNTERS: 1.76 BYGONE-ERAS: 1.81 CULTURAL-TRADITIONS: 1.85 
[GPU 0] [19:38:21] [INFO] ---- Begin Eval ----
[GPU 0] [19:38:21] [INFO] Data: core | Experts: ['core']
[GPU 0] [19:38:49] [INFO] loss: 1.69264781
[GPU 0] [19:38:49] [INFO] Data: a-deadline-or-time-limit | Experts: ['core']
[GPU 0] [19:38:50] [INFO] loss: 1.89921880
[GPU 0] [19:38:50] [INFO] Data: alien-encounters | Experts: ['core']
[GPU 0] [19:38:51] [INFO] loss: 1.74814963
[GPU 0] [19:38:51] [INFO] Data: bygone-eras | Experts: ['core']
[GPU 0] [19:38:51] [INFO] loss: 1.72375798
[GPU 0] [19:38:51] [INFO] Data: cultural-traditions | Experts: ['core']
[GPU 0] [19:38:52] [INFO] loss: 1.77796054
[GPU 0] [19:38:52] [INFO] ---- Begin Eval ----
[GPU 0] [19:38:52] [INFO] Data: core | Experts: ['a-deadline-or-time-limit', 'core']
[GPU 0] [19:39:25] [INFO] loss: 1.69213998
[GPU 0] [19:39:25] [INFO] Data: a-deadline-or-time-limit | Experts: ['a-deadline-or-time-limit', 'core']
[GPU 0] [19:39:26] [INFO] loss: 1.78730464
[GPU 0] [19:39:26] [INFO] Data: alien-encounters | Experts: ['a-deadline-or-time-limit', 'core']
[GPU 0] [19:39:27] [INFO] loss: 1.74403787
[GPU 0] [19:39:27] [INFO] Data: bygone-eras | Experts: ['a-deadline-or-time-limit', 'core']
[GPU 0] [19:39:27] [INFO] loss: 1.72115386
[GPU 0] [19:39:27] [INFO] Data: cultural-traditions | Experts: ['a-deadline-or-time-limit', 'core']
[GPU 0] [19:39:28] [INFO] loss: 1.77240956
[GPU 0] [19:39:28] [INFO] ---- Begin Eval ----
[GPU 0] [19:39:28] [INFO] Data: core | Experts: ['alien-encounters', 'core']
[GPU 0] [19:40:01] [INFO] loss: 1.69223320
[GPU 0] [19:40:01] [INFO] Data: a-deadline-or-time-limit | Experts: ['alien-encounters', 'core']
[GPU 0] [19:40:01] [INFO] loss: 1.89414060
[GPU 0] [19:40:01] [INFO] Data: alien-encounters | Experts: ['alien-encounters', 'core']
[GPU 0] [19:40:02] [INFO] loss: 1.66509044
[GPU 0] [19:40:02] [INFO] Data: bygone-eras | Experts: ['alien-encounters', 'core']
[GPU 0] [19:40:03] [INFO] loss: 1.72235572
[GPU 0] [19:40:03] [INFO] Data: cultural-traditions | Experts: ['alien-encounters', 'core']
[GPU 0] [19:40:04] [INFO] loss: 1.77425992
[GPU 0] [19:40:04] [INFO] ---- Begin Eval ----
[GPU 0] [19:40:04] [INFO] Data: core | Experts: ['bygone-eras', 'core']
[GPU 0] [19:40:34] [INFO] loss: 1.69176733
[GPU 0] [19:40:34] [INFO] Data: a-deadline-or-time-limit | Experts: ['bygone-eras', 'core']
[GPU 0] [19:40:35] [INFO] loss: 1.89238286
[GPU 0] [19:40:35] [INFO] Data: alien-encounters | Experts: ['bygone-eras', 'core']
[GPU 0] [19:40:36] [INFO] loss: 1.74383223
[GPU 0] [19:40:36] [INFO] Data: bygone-eras | Experts: ['bygone-eras', 'core']
[GPU 0] [19:40:37] [INFO] loss: 1.71674681
[GPU 0] [19:40:37] [INFO] Data: cultural-traditions | Experts: ['bygone-eras', 'core']
[GPU 0] [19:40:37] [INFO] loss: 1.77179277
[GPU 0] [19:40:37] [INFO] ---- Begin Eval ----
[GPU 0] [19:40:37] [INFO] Data: core | Experts: ['core', 'cultural-traditions']
[GPU 0] [19:41:08] [INFO] loss: 1.69177663
[GPU 0] [19:41:08] [INFO] Data: a-deadline-or-time-limit | Experts: ['core', 'cultural-traditions']
[GPU 0] [19:41:08] [INFO] loss: 1.89101565
[GPU 0] [19:41:08] [INFO] Data: alien-encounters | Experts: ['core', 'cultural-traditions']
[GPU 0] [19:41:09] [INFO] loss: 1.74486017
[GPU 0] [19:41:09] [INFO] Data: bygone-eras | Experts: ['core', 'cultural-traditions']
[GPU 0] [19:41:10] [INFO] loss: 1.71875000
[GPU 0] [19:41:10] [INFO] Data: cultural-traditions | Experts: ['core', 'cultural-traditions']
[GPU 0] [19:41:11] [INFO] loss: 1.75534534
[GPU 0] [19:41:11] [INFO] ROUTED - ADVERSARIAL FT START
[GPU 0] [19:41:12] [INFO] ---- Begin FT | Experts: ['core'] | Data: ['a-deadline-or-time-limit'] ----
[GPU 0] [19:41:12] [DEBUG] num_seq: 512, num_rounds: 200, patience: 10
[GPU 0] [19:41:13] [DEBUG] local_x: torch.Size([512, 256]), local_y: torch.Size([512, 256]), num_steps: 4, per_gpu: 512, mbs_size: 128
[GPU 0] [19:41:13] [INFO] New best validation loss: 1.8639 @ step 0
[GPU 0] [19:41:14] [INFO] New best validation loss: 1.8459 @ step 1
[GPU 0] [19:41:15] [INFO] New best validation loss: 1.8365 @ step 2
[GPU 0] [19:41:16] [INFO] New best validation loss: 1.8332 @ step 3
[GPU 0] [19:41:26] [INFO] Stop FT @ 15: no val improvement for 10 steps
[GPU 0] [19:41:26] [INFO] Wrote stats.jsonl entries at FT step 3 
[GPU 0] [19:41:27] [INFO] ---- Begin FT | Experts: ['core'] | Data: ['alien-encounters'] ----
[GPU 0] [19:41:27] [DEBUG] num_seq: 512, num_rounds: 200, patience: 10
[GPU 0] [19:41:27] [DEBUG] local_x: torch.Size([512, 256]), local_y: torch.Size([512, 256]), num_steps: 4, per_gpu: 512, mbs_size: 128
[GPU 0] [19:41:28] [INFO] New best validation loss: 1.7216 @ step 0
[GPU 0] [19:41:29] [INFO] New best validation loss: 1.7062 @ step 1
[GPU 0] [19:41:30] [INFO] New best validation loss: 1.6998 @ step 2
[GPU 0] [19:41:31] [INFO] New best validation loss: 1.6984 @ step 3
[GPU 0] [19:41:40] [INFO] Stop FT @ 15: no val improvement for 10 steps
[GPU 0] [19:41:40] [INFO] Wrote stats.jsonl entries at FT step 3 
[GPU 0] [19:41:40] [INFO] ---- Begin FT | Experts: ['core'] | Data: ['bygone-eras'] ----
[GPU 0] [19:41:40] [DEBUG] num_seq: 512, num_rounds: 200, patience: 10
[GPU 0] [19:41:40] [DEBUG] local_x: torch.Size([512, 256]), local_y: torch.Size([512, 256]), num_steps: 4, per_gpu: 512, mbs_size: 128
[GPU 0] [19:41:41] [INFO] New best validation loss: 1.7204 @ step 0
[GPU 0] [19:41:51] [INFO] Stop FT @ 12: no val improvement for 10 steps
[GPU 0] [19:41:51] [INFO] Wrote stats.jsonl entries at FT step 0 
[GPU 0] [19:41:52] [INFO] ---- Begin FT | Experts: ['core'] | Data: ['cultural-traditions'] ----
[GPU 0] [19:41:52] [DEBUG] num_seq: 512, num_rounds: 200, patience: 10
[GPU 0] [19:41:52] [DEBUG] local_x: torch.Size([512, 256]), local_y: torch.Size([512, 256]), num_steps: 4, per_gpu: 512, mbs_size: 128
[GPU 0] [19:41:53] [INFO] New best validation loss: 1.7667 @ step 0
[GPU 0] [19:41:54] [INFO] New best validation loss: 1.7644 @ step 1
[GPU 0] [19:42:03] [INFO] Stop FT @ 13: no val improvement for 10 steps
[GPU 0] [19:42:03] [INFO] Wrote stats.jsonl entries at FT step 1 
[GPU 0] [19:42:03] [INFO] ROUTED - ADVERSARIAL FT START
[GPU 0] [19:42:03] [INFO] ---- Begin FT | Experts: ['a-deadline-or-time-limit', 'core'] | Data: ['alien-encounters'] ----
[GPU 0] [19:42:03] [DEBUG] num_seq: 512, num_rounds: 200, patience: 10
[GPU 0] [19:42:03] [DEBUG] local_x: torch.Size([512, 256]), local_y: torch.Size([512, 256]), num_steps: 4, per_gpu: 512, mbs_size: 128
[GPU 0] [19:42:04] [INFO] New best validation loss: 1.7190 @ step 0
[GPU 0] [19:42:05] [INFO] New best validation loss: 1.7048 @ step 1
[GPU 0] [19:42:06] [INFO] New best validation loss: 1.6984 @ step 2
[GPU 0] [19:42:07] [INFO] New best validation loss: 1.6968 @ step 3
[GPU 0] [19:42:17] [INFO] Stop FT @ 15: no val improvement for 10 steps
[GPU 0] [19:42:17] [INFO] Wrote stats.jsonl entries at FT step 3 
[GPU 0] [19:42:17] [INFO] ---- Begin FT | Experts: ['a-deadline-or-time-limit', 'core'] | Data: ['bygone-eras'] ----
[GPU 0] [19:42:17] [DEBUG] num_seq: 512, num_rounds: 200, patience: 10
[GPU 0] [19:42:17] [DEBUG] local_x: torch.Size([512, 256]), local_y: torch.Size([512, 256]), num_steps: 4, per_gpu: 512, mbs_size: 128
[GPU 0] [19:42:18] [INFO] New best validation loss: 1.7200 @ step 0
[GPU 0] [19:42:28] [INFO] Stop FT @ 12: no val improvement for 10 steps
[GPU 0] [19:42:28] [INFO] Wrote stats.jsonl entries at FT step 0 
[GPU 0] [19:42:29] [INFO] ---- Begin FT | Experts: ['a-deadline-or-time-limit', 'core'] | Data: ['cultural-traditions'] ----
[GPU 0] [19:42:29] [DEBUG] num_seq: 512, num_rounds: 200, patience: 10
[GPU 0] [19:42:29] [DEBUG] local_x: torch.Size([512, 256]), local_y: torch.Size([512, 256]), num_steps: 4, per_gpu: 512, mbs_size: 128
[GPU 0] [19:42:30] [INFO] New best validation loss: 1.7642 @ step 0
[GPU 0] [19:42:30] [INFO] New best validation loss: 1.7627 @ step 1
[GPU 0] [19:42:41] [INFO] Stop FT @ 13: no val improvement for 10 steps
[GPU 0] [19:42:41] [INFO] Wrote stats.jsonl entries at FT step 1 
[GPU 0] [19:42:41] [INFO] ROUTED - ADVERSARIAL FT START
[GPU 0] [19:42:41] [INFO] ---- Begin FT | Experts: ['alien-encounters', 'core'] | Data: ['a-deadline-or-time-limit'] ----
[GPU 0] [19:42:41] [DEBUG] num_seq: 512, num_rounds: 200, patience: 10
[GPU 0] [19:42:41] [DEBUG] local_x: torch.Size([512, 256]), local_y: torch.Size([512, 256]), num_steps: 4, per_gpu: 512, mbs_size: 128
[GPU 0] [19:42:42] [INFO] New best validation loss: 1.8615 @ step 0
[GPU 0] [19:42:43] [INFO] New best validation loss: 1.8447 @ step 1
[GPU 0] [19:42:44] [INFO] New best validation loss: 1.8359 @ step 2
[GPU 0] [19:42:45] [INFO] New best validation loss: 1.8320 @ step 3
[GPU 0] [19:42:56] [INFO] Stop FT @ 15: no val improvement for 10 steps
[GPU 0] [19:42:56] [INFO] Wrote stats.jsonl entries at FT step 3 
[GPU 0] [19:42:57] [INFO] ---- Begin FT | Experts: ['alien-encounters', 'core'] | Data: ['bygone-eras'] ----
[GPU 0] [19:42:57] [DEBUG] num_seq: 512, num_rounds: 200, patience: 10
[GPU 0] [19:42:57] [DEBUG] local_x: torch.Size([512, 256]), local_y: torch.Size([512, 256]), num_steps: 4, per_gpu: 512, mbs_size: 128
[GPU 0] [19:42:58] [INFO] New best validation loss: 1.7204 @ step 0
[GPU 0] [19:43:08] [INFO] Stop FT @ 12: no val improvement for 10 steps
[GPU 0] [19:43:08] [INFO] Wrote stats.jsonl entries at FT step 0 
[GPU 0] [19:43:08] [INFO] ---- Begin FT | Experts: ['alien-encounters', 'core'] | Data: ['cultural-traditions'] ----
[GPU 0] [19:43:08] [DEBUG] num_seq: 512, num_rounds: 200, patience: 10
[GPU 0] [19:43:08] [DEBUG] local_x: torch.Size([512, 256]), local_y: torch.Size([512, 256]), num_steps: 4, per_gpu: 512, mbs_size: 128
[GPU 0] [19:43:09] [INFO] New best validation loss: 1.7652 @ step 0
[GPU 0] [19:43:10] [INFO] New best validation loss: 1.7638 @ step 1
[GPU 0] [19:43:21] [INFO] Stop FT @ 13: no val improvement for 10 steps
[GPU 0] [19:43:21] [INFO] Wrote stats.jsonl entries at FT step 1 
[GPU 0] [19:43:21] [INFO] ROUTED - ADVERSARIAL FT START
[GPU 0] [19:43:21] [INFO] ---- Begin FT | Experts: ['bygone-eras', 'core'] | Data: ['a-deadline-or-time-limit'] ----
[GPU 0] [19:43:21] [DEBUG] num_seq: 512, num_rounds: 200, patience: 10
[GPU 0] [19:43:21] [DEBUG] local_x: torch.Size([512, 256]), local_y: torch.Size([512, 256]), num_steps: 4, per_gpu: 512, mbs_size: 128
[GPU 0] [19:43:22] [INFO] New best validation loss: 1.8598 @ step 0
[GPU 0] [19:43:23] [INFO] New best validation loss: 1.8436 @ step 1
[GPU 0] [19:43:24] [INFO] New best validation loss: 1.8344 @ step 2
[GPU 0] [19:43:25] [INFO] New best validation loss: 1.8311 @ step 3
[GPU 0] [19:43:35] [INFO] Stop FT @ 15: no val improvement for 10 steps
[GPU 0] [19:43:35] [INFO] Wrote stats.jsonl entries at FT step 3 
[GPU 0] [19:43:36] [INFO] ---- Begin FT | Experts: ['bygone-eras', 'core'] | Data: ['alien-encounters'] ----
[GPU 0] [19:43:36] [DEBUG] num_seq: 512, num_rounds: 200, patience: 10
[GPU 0] [19:43:36] [DEBUG] local_x: torch.Size([512, 256]), local_y: torch.Size([512, 256]), num_steps: 4, per_gpu: 512, mbs_size: 128
[GPU 0] [19:43:36] [INFO] New best validation loss: 1.7185 @ step 0
[GPU 0] [19:43:37] [INFO] New best validation loss: 1.7044 @ step 1
[GPU 0] [19:43:38] [INFO] New best validation loss: 1.6976 @ step 2
[GPU 0] [19:43:39] [INFO] New best validation loss: 1.6963 @ step 3
[GPU 0] [19:43:50] [INFO] Stop FT @ 15: no val improvement for 10 steps
[GPU 0] [19:43:50] [INFO] Wrote stats.jsonl entries at FT step 3 
[GPU 0] [19:43:50] [INFO] ---- Begin FT | Experts: ['bygone-eras', 'core'] | Data: ['cultural-traditions'] ----
[GPU 0] [19:43:50] [DEBUG] num_seq: 512, num_rounds: 200, patience: 10
[GPU 0] [19:43:50] [DEBUG] local_x: torch.Size([512, 256]), local_y: torch.Size([512, 256]), num_steps: 4, per_gpu: 512, mbs_size: 128
[GPU 0] [19:43:51] [INFO] New best validation loss: 1.7638 @ step 0
[GPU 0] [19:43:52] [INFO] New best validation loss: 1.7613 @ step 1
[GPU 0] [19:44:02] [INFO] Stop FT @ 13: no val improvement for 10 steps
[GPU 0] [19:44:02] [INFO] Wrote stats.jsonl entries at FT step 1 
[GPU 0] [19:44:02] [INFO] ROUTED - ADVERSARIAL FT START
[GPU 0] [19:44:02] [INFO] ---- Begin FT | Experts: ['core', 'cultural-traditions'] | Data: ['a-deadline-or-time-limit'] ----
[GPU 0] [19:44:02] [DEBUG] num_seq: 512, num_rounds: 200, patience: 10
[GPU 0] [19:44:02] [DEBUG] local_x: torch.Size([512, 256]), local_y: torch.Size([512, 256]), num_steps: 4, per_gpu: 512, mbs_size: 128
[GPU 0] [19:44:03] [INFO] New best validation loss: 1.8586 @ step 0
[GPU 0] [19:44:04] [INFO] New best validation loss: 1.8414 @ step 1
[GPU 0] [19:44:05] [INFO] New best validation loss: 1.8334 @ step 2
[GPU 0] [19:44:06] [INFO] New best validation loss: 1.8297 @ step 3
[GPU 0] [19:44:16] [INFO] Stop FT @ 15: no val improvement for 10 steps
[GPU 0] [19:44:16] [INFO] Wrote stats.jsonl entries at FT step 3 
[GPU 0] [19:44:16] [INFO] ---- Begin FT | Experts: ['core', 'cultural-traditions'] | Data: ['alien-encounters'] ----
[GPU 0] [19:44:16] [DEBUG] num_seq: 512, num_rounds: 200, patience: 10
[GPU 0] [19:44:16] [DEBUG] local_x: torch.Size([512, 256]), local_y: torch.Size([512, 256]), num_steps: 4, per_gpu: 512, mbs_size: 128
[GPU 0] [19:44:17] [INFO] New best validation loss: 1.7190 @ step 0
[GPU 0] [19:44:18] [INFO] New best validation loss: 1.7048 @ step 1
[GPU 0] [19:44:19] [INFO] New best validation loss: 1.6984 @ step 2
[GPU 0] [19:44:20] [INFO] New best validation loss: 1.6970 @ step 3
[GPU 0] [19:44:30] [INFO] Stop FT @ 15: no val improvement for 10 steps
[GPU 0] [19:44:30] [INFO] Wrote stats.jsonl entries at FT step 3 
[GPU 0] [19:44:30] [INFO] ---- Begin FT | Experts: ['core', 'cultural-traditions'] | Data: ['bygone-eras'] ----
[GPU 0] [19:44:30] [DEBUG] num_seq: 512, num_rounds: 200, patience: 10
[GPU 0] [19:44:30] [DEBUG] local_x: torch.Size([512, 256]), local_y: torch.Size([512, 256]), num_steps: 4, per_gpu: 512, mbs_size: 128
[GPU 0] [19:44:31] [INFO] New best validation loss: 1.7181 @ step 0
[GPU 0] [19:44:42] [INFO] Stop FT @ 12: no val improvement for 10 steps
[GPU 0] [19:44:42] [INFO] Wrote stats.jsonl entries at FT step 0 
[GPU 0] [19:44:42] [INFO] ----------------------------------------
[GPU 0] [19:44:42] [INFO] Finished. See /workspace-vast/ethanr/gradient-routing/experiments/arXiv-Codebase/results/sweep/stories/seed_2/20260630190805790565
