[GPU 0] [04:43:52] [INFO] Git branch: AGI-1696-New-Dataset-Runs_ethan, commit: 1ae4a80cce35a14d392aa72af72702fa9d2bd41f
[GPU 0] [04:43:52] [INFO] Number of GPUs: 8
[GPU 0] [04:43:52] [INFO] Tokenizer vocabulary: 50257
[GPU 0] [04:43:52] [INFO] Set model vocab size to nearest multiple of 64 of tokenizer size: 50304
[GPU 0] [04:44:04] [INFO] target effective batch size: 641, actual effective batch size: 672, micro batch size: 12, accumulation steps: 7, num gpus: 8
[GPU 0] [04:44:05] [INFO] core total number of tokens: 66749057569
[GPU 0] [04:44:05] [INFO] Baseline model has 806,509,504 parameters
[GPU 0] [04:44:05] [INFO] core: chinchilla optimal tokens: 16,130,190,080, requested proportion: 1.0000, requested number of tokens: 16,130,190,080.0, 
[GPU 0] [04:44:05] [INFO] aux total number of tokens: 4835776549
[GPU 0] [04:44:05] [INFO] Baseline model has 806,509,504 parameters
[GPU 0] [04:44:05] [INFO] aux: chinchilla optimal tokens: 16,130,190,080, requested proportion: 0.0100, requested number of tokens: 161,301,900.8, 
[GPU 0] [04:44:05] [DEBUG] Saved config to /workspace-vast/ethanr/gradient-routing/experiments/AGI-1699-New-Dataset-Runs/results/scaling/realistic/filtering/800M/seed_2/20260519044350449584/config.json
[GPU 0] [04:44:05] [DEBUG] {
    "stages": [
        {
            "name": "filtering",
            "num_checkpoints": -1,
            "lr": 0.0005663534909876918,
            "res_dir": "/workspace-vast/ethanr/gradient-routing/experiments/AGI-1699-New-Dataset-Runs/results/scaling/realistic/filtering/800M/seed_2/20260519044350449584/filtering",
            "acc_mode": "uniform",
            "do_eval": true,
            "do_sample": false,
            "num_train_evals": 0,
            "do_elicit": true,
            "elicit_eval_prc": 0.5,
            "elicit_num_evals": 100,
            "retain_targets": [
                [
                    "core"
                ]
            ],
            "label_prc": 1.0
        }
    ],
    "model": {
        "arch": "base",
        "tokenizer": "GPT2Tokenizer(name_or_path='EleutherAI/gpt-neo-125M', vocab_size=50257, model_max_length=2048, padding_side='right', truncation_side='right', special_tokens={'bos_token': '<|endoftext|>', 'eos_token': '<|endoftext|>', 'unk_token': '<|endoftext|>'}, added_tokens_decoder={\n\t50256: AddedToken(\"<|endoftext|>\", rstrip=False, lstrip=False, single_word=False, normalized=True, special=True),\n}\n)",
        "ctx_len": 1024,
        "vocab_size": 50304,
        "num_layers": 24,
        "num_heads": 8,
        "num_key_value": 2,
        "attn_bias": true,
        "eos_token_id": 50256,
        "embed_dim": 1600,
        "mlp_dim": 6400
    },
    "data": {
        "dirs": [
            "/workspace-vast/ethanr/gradient-routing/experiments/AGI-1699-New-Dataset-Runs/src/data/fineweb",
            "/workspace-vast/ethanr/gradient-routing/experiments/AGI-1699-New-Dataset-Runs/src/data/code",
            "/workspace-vast/ethanr/gradient-routing/experiments/AGI-1699-New-Dataset-Runs/src/data/papers"
        ],
        "core": {
            "labels": [
                "fineweb",
                "code-other",
                "papers-other"
            ],
            "method": "optimal",
            "limit": 1.0,
            "dist": {
                "fineweb": 0.84,
                "code-other": 0.15,
                "papers-other": 0.01
            },
            "num_tok": 16130190080.0
        },
        "aux": {
            "labels": [
                "code-lisp",
                "papers-biology",
                "papers-nuclear",
                "papers-cyber"
            ],
            "method": "optimal",
            "limit": 0.01,
            "dist": {
                "code-lisp": 0.25,
                "papers-biology": 0.25,
                "papers-nuclear": 0.25,
                "papers-cyber": 0.25
            },
            "num_tok": 161301900.8
        }
    },
    "run": {
        "target_effective_batch_size": 641,
        "effective_batch_size": 672,
        "micro_batch_size": 12,
        "accumulation_steps": 7,
        "max_num_test_sequences": 10000,
        "eval_all_labels": false,
        "micro_batch_anchors": [
            [
                400000000.0,
                23
            ],
            [
                5000000000.0,
                2
            ]
        ],
        "epochs": 1,
        "adam_betas": [
            0.9,
            0.95
        ],
        "warmup_prc": 0.02,
        "decay_prc": 0.1,
        "seed": 2,
        "compile": true,
        "find_unused_parameters": true,
        "is_ddp": true,
        "cleanup_distributed": false,
        "log_level": "DEBUG",
        "num_gpus": 8,
        "process_id": 0,
        "num_base_params": 806509504,
        "device": "cuda",
        "logger": "<Logger training_20260519044350449584 (DEBUG)>",
        "labels": [
            "core",
            "code-lisp",
            "papers-biology",
            "papers-cyber",
            "papers-nuclear"
        ],
        "loaders": {
            "code-lisp": {
                "train": "SingleDataLoader(code-lisp_train_001.bin, len=410)",
                "test": "InterleavedDataLoader(len=105)"
            },
            "code-other": {
                "train": "InterleavedDataLoader(len=24612)",
                "test": "InterleavedDataLoader(len=105)"
            },
            "fineweb": {
                "train": "InterleavedDataLoader(len=137831)",
                "test": "InterleavedDataLoader(len=105)"
            },
            "papers-biology": {
                "train": "SingleDataLoader(papers-biology_train.bin, len=410)",
                "test": "SingleDataLoader(papers-biology_test.bin, len=105)"
            },
            "papers-cyber": {
                "train": "SingleDataLoader(papers-cyber_train.bin, len=410)",
                "test": "SingleDataLoader(papers-cyber_test.bin, len=105)"
            },
            "papers-nuclear": {
                "train": "SingleDataLoader(papers-nuclear_train.bin, len=410)",
                "test": "SingleDataLoader(papers-nuclear_test.bin, len=105)"
            },
            "papers-other": {
                "train": "SingleDataLoader(papers-other_train.bin, len=1640)",
                "test": "SingleDataLoader(papers-other_test.bin, len=105)"
            },
            "core": {
                "train": "InterleavedDataLoader(len=164083)",
                "test": "InterleavedDataLoader(len=315)"
            },
            "aux": {
                "train": "InterleavedDataLoader(len=1640)",
                "test": "InterleavedDataLoader(len=420)"
            },
            "all": {
                "train": "InterleavedDataLoader(len=165723)",
                "test": "InterleavedDataLoader(len=735)"
            }
        },
        "res_root": "/workspace-vast/ethanr/gradient-routing/experiments/AGI-1699-New-Dataset-Runs/results/scaling/realistic/filtering/800M/seed_2",
        "experiment_id": "20260519044350449584",
        "s3_bucket": "ae-gradient-routing-results",
        "s3_prefix": "scaling/realistic/filtering/800M/seed_2"
    },
    "label_prc": 1.0
}
[GPU 0] [04:44:05] [INFO] Loader code-lisp train: 410, test: 105
[GPU 0] [04:44:05] [INFO] Loader code-other train: 24612, test: 105
[GPU 0] [04:44:05] [INFO] Loader fineweb train: 137831, test: 105
[GPU 0] [04:44:05] [INFO] Loader papers-biology train: 410, test: 105
[GPU 0] [04:44:05] [INFO] Loader papers-cyber train: 410, test: 105
[GPU 0] [04:44:05] [INFO] Loader papers-nuclear train: 410, test: 105
[GPU 0] [04:44:05] [INFO] Loader papers-other train: 1640, test: 105
[GPU 0] [04:44:05] [INFO] Loader core train: 164083, test: 315
[GPU 0] [04:44:05] [INFO] Loader aux train: 1640, test: 420
[GPU 0] [04:44:05] [INFO] Loader all train: 165723, test: 735
[GPU 0] [04:44:05] [INFO] Stage [filtering] start: {"name": "filtering", "num_checkpoints": -1, "lr": 0.0005663534909876918, "res_dir": "/workspace-vast/ethanr/gradient-routing/experiments/AGI-1699-New-Dataset-Runs/results/scaling/realistic/filtering/800M/seed_2/20260519044350449584/filtering", "acc_mode": "uniform", "do_eval": true, "do_sample": false, "num_train_evals": 0, "do_elicit": true, "elicit_eval_prc": 0.5, "elicit_num_evals": 100, "retain_targets": [["core"]], "label_prc": 1.0}
[GPU 0] [04:44:05] [INFO] FILTERING START
[GPU 0] [04:44:05] [INFO] Using stage-level retain_targets override (1 targets)
[GPU 0] [04:44:05] [INFO] Filtering: retaining ['core'], removing ['code-lisp', 'papers-biology', 'papers-cyber', 'papers-nuclear']
[GPU 0] [04:44:20] [INFO] Initialized BaseTransformer with 806,509,504 total parameters
[GPU 0] [04:44:20] [INFO] Compiling BaseTransformer with torch.compile...
[GPU 0] [04:44:20] [INFO] torch.compile done
[GPU 0] [04:44:25] [WARNING] restore_partial_state: no checkpoint found at /workspace-vast/ethanr/gradient-routing/experiments/AGI-1699-New-Dataset-Runs/results/scaling/realistic/filtering/800M/seed_2/20260519044350449584/filtering/core
[GPU 0] [04:44:25] [INFO] ---- Begin Train | Train Labels: ['core'] ----
[GPU 0] [04:44:25] [DEBUG] acc_mode: uniform, label_prc: 1.0
[GPU 0] [04:44:25] [INFO] Batch [core] count: 164080
[GPU 0] [04:44:25] [INFO] warmup_steps: 469
[GPU 0] [04:44:25] [INFO] constant_steps: 20627
[GPU 0] [04:44:25] [INFO] decay_steps: 2344
[GPU 0] [04:44:25] [INFO] LR Scheduler: Warmup Start
[GPU 0] [04:45:00] [INFO] Step: 1, LR: 1.22e-06
[GPU 0] [04:45:00] [INFO] Train Loss: CORE: 11.08 CODE-LISP: nan PAPERS-BIOLOGY: nan PAPERS-CYBER: nan PAPERS-NUCLEAR: nan 
[GPU 0] [04:59:37] [INFO] LR Scheduler: Constant Start
[GPU 0] [05:16:10] [INFO] Step: 1000, LR: 5.66e-04
[GPU 0] [05:16:10] [INFO] Train Loss: CORE: 3.33 CODE-LISP: nan PAPERS-BIOLOGY: nan PAPERS-CYBER: nan PAPERS-NUCLEAR: nan 
[GPU 0] [05:47:19] [INFO] Step: 2000, LR: 5.66e-04
[GPU 0] [05:47:19] [INFO] Train Loss: CORE: 2.53 CODE-LISP: nan PAPERS-BIOLOGY: nan PAPERS-CYBER: nan PAPERS-NUCLEAR: nan 
[GPU 0] [06:18:30] [INFO] Step: 3000, LR: 5.66e-04
[GPU 0] [06:18:30] [INFO] Train Loss: CORE: 2.83 CODE-LISP: nan PAPERS-BIOLOGY: nan PAPERS-CYBER: nan PAPERS-NUCLEAR: nan 
[GPU 0] [06:49:40] [INFO] Step: 4000, LR: 5.66e-04
[GPU 0] [06:49:40] [INFO] Train Loss: CORE: 2.81 CODE-LISP: nan PAPERS-BIOLOGY: nan PAPERS-CYBER: nan PAPERS-NUCLEAR: nan 
[GPU 0] [07:20:51] [INFO] Step: 5000, LR: 5.66e-04
[GPU 0] [07:20:51] [INFO] Train Loss: CORE: 2.35 CODE-LISP: nan PAPERS-BIOLOGY: nan PAPERS-CYBER: nan PAPERS-NUCLEAR: nan 
[GPU 0] [07:52:01] [INFO] Step: 6000, LR: 5.66e-04
[GPU 0] [07:52:01] [INFO] Train Loss: CORE: 2.47 CODE-LISP: nan PAPERS-BIOLOGY: nan PAPERS-CYBER: nan PAPERS-NUCLEAR: nan 
[GPU 0] [08:23:10] [INFO] Step: 7000, LR: 5.66e-04
[GPU 0] [08:23:10] [INFO] Train Loss: CORE: 2.69 CODE-LISP: nan PAPERS-BIOLOGY: nan PAPERS-CYBER: nan PAPERS-NUCLEAR: nan 
[GPU 0] [08:54:21] [INFO] Step: 8000, LR: 5.66e-04
[GPU 0] [08:54:21] [INFO] Train Loss: CORE: 2.68 CODE-LISP: nan PAPERS-BIOLOGY: nan PAPERS-CYBER: nan PAPERS-NUCLEAR: nan 
[GPU 0] [09:25:30] [INFO] Step: 9000, LR: 5.66e-04
[GPU 0] [09:25:30] [INFO] Train Loss: CORE: 2.90 CODE-LISP: nan PAPERS-BIOLOGY: nan PAPERS-CYBER: nan PAPERS-NUCLEAR: nan 
[GPU 0] [09:56:42] [INFO] Step: 10000, LR: 5.66e-04
[GPU 0] [09:56:42] [INFO] Train Loss: CORE: 2.45 CODE-LISP: nan PAPERS-BIOLOGY: nan PAPERS-CYBER: nan PAPERS-NUCLEAR: nan 
[GPU 0] [10:27:54] [INFO] Step: 11000, LR: 5.66e-04
[GPU 0] [10:27:54] [INFO] Train Loss: CORE: 2.64 CODE-LISP: nan PAPERS-BIOLOGY: nan PAPERS-CYBER: nan PAPERS-NUCLEAR: nan 
[GPU 0] [10:59:02] [INFO] Step: 12000, LR: 5.66e-04
[GPU 0] [10:59:02] [INFO] Train Loss: CORE: 2.61 CODE-LISP: nan PAPERS-BIOLOGY: nan PAPERS-CYBER: nan PAPERS-NUCLEAR: nan 
[GPU 0] [11:30:14] [INFO] Step: 13000, LR: 5.66e-04
[GPU 0] [11:30:14] [INFO] Train Loss: CORE: 2.16 CODE-LISP: nan PAPERS-BIOLOGY: nan PAPERS-CYBER: nan PAPERS-NUCLEAR: nan 
[GPU 0] [12:01:23] [INFO] Step: 14000, LR: 5.66e-04
[GPU 0] [12:01:23] [INFO] Train Loss: CORE: 1.97 CODE-LISP: nan PAPERS-BIOLOGY: nan PAPERS-CYBER: nan PAPERS-NUCLEAR: nan 
[GPU 0] [12:32:34] [INFO] Step: 15000, LR: 5.66e-04
[GPU 0] [12:32:34] [INFO] Train Loss: CORE: 2.64 CODE-LISP: nan PAPERS-BIOLOGY: nan PAPERS-CYBER: nan PAPERS-NUCLEAR: nan 
[GPU 0] [13:03:46] [INFO] Step: 16000, LR: 5.66e-04
[GPU 0] [13:03:46] [INFO] Train Loss: CORE: 2.83 CODE-LISP: nan PAPERS-BIOLOGY: nan PAPERS-CYBER: nan PAPERS-NUCLEAR: nan 
[GPU 0] [13:34:54] [INFO] Step: 17000, LR: 5.66e-04
[GPU 0] [13:34:54] [INFO] Train Loss: CORE: 2.78 CODE-LISP: nan PAPERS-BIOLOGY: nan PAPERS-CYBER: nan PAPERS-NUCLEAR: nan 
[GPU 0] [14:06:05] [INFO] Step: 18000, LR: 5.66e-04
[GPU 0] [14:06:05] [INFO] Train Loss: CORE: 2.34 CODE-LISP: nan PAPERS-BIOLOGY: nan PAPERS-CYBER: nan PAPERS-NUCLEAR: nan 
[GPU 0] [14:37:16] [INFO] Step: 19000, LR: 5.66e-04
[GPU 0] [14:37:16] [INFO] Train Loss: CORE: 2.42 CODE-LISP: nan PAPERS-BIOLOGY: nan PAPERS-CYBER: nan PAPERS-NUCLEAR: nan 
[GPU 0] [15:08:26] [INFO] Step: 20000, LR: 5.66e-04
[GPU 0] [15:08:26] [INFO] Train Loss: CORE: 2.36 CODE-LISP: nan PAPERS-BIOLOGY: nan PAPERS-CYBER: nan PAPERS-NUCLEAR: nan 
[GPU 0] [15:39:36] [INFO] Step: 21000, LR: 5.66e-04
[GPU 0] [15:39:36] [INFO] Train Loss: CORE: 2.38 CODE-LISP: nan PAPERS-BIOLOGY: nan PAPERS-CYBER: nan PAPERS-NUCLEAR: nan 
[GPU 0] [15:42:36] [INFO] LR Scheduler: Decay Start
[GPU 0] [16:10:47] [INFO] Step: 22000, LR: 3.48e-04
[GPU 0] [16:10:47] [INFO] Train Loss: CORE: 2.09 CODE-LISP: nan PAPERS-BIOLOGY: nan PAPERS-CYBER: nan PAPERS-NUCLEAR: nan 
[GPU 0] [16:41:58] [INFO] Step: 23000, LR: 1.06e-04
[GPU 0] [16:41:58] [INFO] Train Loss: CORE: 2.02 CODE-LISP: nan PAPERS-BIOLOGY: nan PAPERS-CYBER: nan PAPERS-NUCLEAR: nan 
[GPU 0] [16:55:39] [INFO] Step: 23440, LR: 1.00e-08
[GPU 0] [16:55:39] [INFO] Train Loss: CORE: 2.29 CODE-LISP: nan PAPERS-BIOLOGY: nan PAPERS-CYBER: nan PAPERS-NUCLEAR: nan 
[GPU 0] [16:56:14] [INFO] ---- Begin Eval ----
[GPU 0] [16:56:14] [INFO] Data: core | Experts: None
[GPU 0] [16:57:09] [INFO] loss: 1.87847543
[GPU 0] [16:57:09] [INFO] Data: code-lisp | Experts: None
[GPU 0] [16:57:15] [INFO] loss: 1.42188430
[GPU 0] [16:57:15] [INFO] Data: papers-biology | Experts: None
[GPU 0] [16:57:21] [INFO] loss: 2.46878719
[GPU 0] [16:57:21] [INFO] Data: papers-nuclear | Experts: None
[GPU 0] [16:57:27] [INFO] loss: 2.84410334
[GPU 0] [16:57:27] [INFO] Data: papers-cyber | Experts: None
[GPU 0] [16:57:34] [INFO] loss: 2.71175575
[GPU 0] [16:57:53] [INFO] Initialized BaseTransformer with 806,509,504 total parameters
[GPU 0] [16:57:53] [INFO] Compiling BaseTransformer with torch.compile...
[GPU 0] [16:57:53] [INFO] torch.compile done
[GPU 0] [16:58:04] [INFO] FILTERING - ADVERSARIAL FT START
[GPU 0] [16:58:15] [INFO] ---- Begin FT | Experts: None | Data: ['code-lisp'] ----
[GPU 0] [16:58:15] [DEBUG] num_seq: 512, num_rounds: 200, patience: 10
[GPU 0] [16:58:15] [DEBUG] local_x: torch.Size([64, 1024]), local_y: torch.Size([64, 1024]), num_steps: 6, per_gpu: 64, mbs_size: 12
[GPU 0] [16:58:59] [INFO] New best validation loss: 1.6040 @ step 0
[GPU 0] [16:59:14] [INFO] New best validation loss: 1.3405 @ step 1
[GPU 0] [16:59:30] [INFO] New best validation loss: 1.3122 @ step 2
[GPU 0] [16:59:46] [INFO] New best validation loss: 1.2646 @ step 3
[GPU 0] [17:00:02] [INFO] New best validation loss: 1.2283 @ step 4
[GPU 0] [17:00:24] [INFO] New best validation loss: 1.2056 @ step 5
[GPU 0] [17:00:41] [INFO] New best validation loss: 1.1866 @ step 6
[GPU 0] [17:00:58] [INFO] New best validation loss: 1.1733 @ step 7
[GPU 0] [17:01:14] [INFO] New best validation loss: 1.1609 @ step 8
[GPU 0] [17:01:31] [INFO] New best validation loss: 1.1474 @ step 9
[GPU 0] [17:01:48] [INFO] New best validation loss: 1.1351 @ step 10
[GPU 0] [17:02:05] [INFO] New best validation loss: 1.1243 @ step 11
[GPU 0] [17:02:21] [INFO] New best validation loss: 1.1139 @ step 12
[GPU 0] [17:02:39] [INFO] New best validation loss: 1.1044 @ step 13
[GPU 0] [17:02:55] [INFO] New best validation loss: 1.0962 @ step 14
[GPU 0] [17:03:10] [INFO] New best validation loss: 1.0888 @ step 15
[GPU 0] [17:03:27] [INFO] New best validation loss: 1.0821 @ step 16
[GPU 0] [17:03:45] [INFO] New best validation loss: 1.0767 @ step 17
[GPU 0] [17:04:01] [INFO] New best validation loss: 1.0717 @ step 18
[GPU 0] [17:04:17] [INFO] New best validation loss: 1.0670 @ step 19
[GPU 0] [17:04:33] [INFO] New best validation loss: 1.0627 @ step 20
[GPU 0] [17:04:50] [INFO] New best validation loss: 1.0594 @ step 21
[GPU 0] [17:05:06] [INFO] New best validation loss: 1.0570 @ step 22
[GPU 0] [17:05:23] [INFO] New best validation loss: 1.0555 @ step 23
[GPU 0] [17:05:40] [INFO] New best validation loss: 1.0547 @ step 24
[GPU 0] [17:05:57] [INFO] New best validation loss: 1.0543 @ step 25
[GPU 0] [17:06:13] [INFO] New best validation loss: 1.0539 @ step 26
[GPU 0] [17:09:17] [INFO] Stop FT @ 38: no val improvement for 10 steps
[GPU 0] [17:09:17] [INFO] Wrote stats.jsonl entries at FT step 26 
[GPU 0] [17:09:33] [INFO] ---- Begin FT | Experts: None | Data: ['papers-biology'] ----
[GPU 0] [17:09:33] [DEBUG] num_seq: 512, num_rounds: 200, patience: 10
[GPU 0] [17:09:33] [DEBUG] local_x: torch.Size([64, 1024]), local_y: torch.Size([64, 1024]), num_steps: 6, per_gpu: 64, mbs_size: 12
[GPU 0] [17:09:48] [INFO] New best validation loss: 2.5787 @ step 0
[GPU 0] [17:10:03] [INFO] New best validation loss: 2.4794 @ step 1
[GPU 0] [17:11:07] [INFO] New best validation loss: 2.4787 @ step 5
[GPU 0] [17:11:24] [INFO] New best validation loss: 2.4777 @ step 6
[GPU 0] [17:14:28] [INFO] Stop FT @ 18: no val improvement for 10 steps
[GPU 0] [17:14:28] [INFO] Wrote stats.jsonl entries at FT step 6 
[GPU 0] [17:14:43] [INFO] ---- Begin FT | Experts: None | Data: ['papers-cyber'] ----
[GPU 0] [17:14:43] [DEBUG] num_seq: 512, num_rounds: 200, patience: 10
[GPU 0] [17:14:43] [DEBUG] local_x: torch.Size([64, 1024]), local_y: torch.Size([64, 1024]), num_steps: 6, per_gpu: 64, mbs_size: 12
[GPU 0] [17:14:57] [INFO] New best validation loss: 2.8059 @ step 0
[GPU 0] [17:15:15] [INFO] New best validation loss: 2.7271 @ step 1
[GPU 0] [17:18:18] [INFO] Stop FT @ 13: no val improvement for 10 steps
[GPU 0] [17:18:18] [INFO] Wrote stats.jsonl entries at FT step 1 
[GPU 0] [17:18:34] [INFO] ---- Begin FT | Experts: None | Data: ['papers-nuclear'] ----
[GPU 0] [17:18:34] [DEBUG] num_seq: 512, num_rounds: 200, patience: 10
[GPU 0] [17:18:34] [DEBUG] local_x: torch.Size([64, 1024]), local_y: torch.Size([64, 1024]), num_steps: 6, per_gpu: 64, mbs_size: 12
[GPU 0] [17:18:49] [INFO] New best validation loss: 2.9860 @ step 0
[GPU 0] [17:19:04] [INFO] New best validation loss: 2.8519 @ step 1
[GPU 0] [17:19:19] [INFO] New best validation loss: 2.8345 @ step 2
[GPU 0] [17:22:22] [INFO] Stop FT @ 14: no val improvement for 10 steps
[GPU 0] [17:22:22] [INFO] Wrote stats.jsonl entries at FT step 2 
[GPU 0] [17:22:25] [INFO] ----------------------------------------
[GPU 0] [17:22:25] [INFO] Finished. See /workspace-vast/ethanr/gradient-routing/experiments/AGI-1699-New-Dataset-Runs/results/scaling/realistic/filtering/800M/seed_2/20260519044350449584
