[GPU 0] [19:01:05] [INFO] Number of GPUs: 8
[GPU 0] [19:01:07] [INFO] Tokenizer vocabulary: 50257
[GPU 0] [19:01:07] [INFO] Set model vocab size to nearest multiple of 64 of tokenizer size: 50304
[GPU 0] [19:01:10] [INFO] target effective batch size: 368, actual effective batch size: 368, micro batch size: 23, accumulation steps: 2, num gpus: 8
[GPU 0] [19:01:10] [INFO] core total number of tokens: 66749057569
[GPU 0] [19:01:10] [INFO] Baseline model has 402,064,768 parameters
[GPU 0] [19:01:10] [INFO] core: chinchilla optimal tokens: 8,041,295,360, requested proportion: 1.0000, requested number of tokens: 8,041,295,360.0, 
[GPU 0] [19:01:10] [INFO] aux total number of tokens: 4835776549
[GPU 0] [19:01:10] [INFO] Baseline model has 402,064,768 parameters
[GPU 0] [19:01:10] [INFO] aux: chinchilla optimal tokens: 8,041,295,360, requested proportion: 0.0100, requested number of tokens: 80,412,953.60000001, 
[GPU 0] [19:01:10] [DEBUG] Saved config to /workspace/gradient-routing/experiments/AGI-1699-New-Dataset-Runs/results/scaling/realistic/grmoe/400M/seed_3/20260423190101412519/config.json
[GPU 0] [19:01:10] [DEBUG] {
    "stages": [
        {
            "name": "routed",
            "num_checkpoints": -1,
            "lr": 0.0007010274465180751,
            "res_dir": "/workspace/gradient-routing/experiments/AGI-1699-New-Dataset-Runs/results/scaling/realistic/grmoe/400M/seed_3/20260423190101412519/routed",
            "do_eval": true,
            "do_sample": false,
            "num_train_evals": 0,
            "do_elicit": true,
            "elicit_eval_prc": 0.5,
            "elicit_num_evals": 100,
            "model": {
                "arch": "moe",
                "tokenizer": "GPT2Tokenizer(name_or_path='EleutherAI/gpt-neo-125M', vocab_size=50257, model_max_length=2048, padding_side='right', truncation_side='right', special_tokens={'bos_token': '<|endoftext|>', 'eos_token': '<|endoftext|>', 'unk_token': '<|endoftext|>'}, added_tokens_decoder={\n\t50256: AddedToken(\"<|endoftext|>\", rstrip=False, lstrip=False, single_word=False, normalized=True, special=True),\n}\n)",
                "ctx_len": 1024,
                "vocab_size": 50304,
                "num_layers": 18,
                "num_heads": 8,
                "num_key_value": 2,
                "attn_bias": true,
                "eos_token_id": 50256,
                "embed_dim": 1216,
                "mlp_dim": 4864,
                "core_param_prc": 1.0,
                "aux_param_prc": 0.1
            },
            "eval_arbsub": false,
            "aux_factor": {
                "code-lisp": 4.0,
                "papers-biology": 3.0,
                "papers-nuclear": 3.0,
                "papers-cyber": 3.0
            },
            "robust_prc": 0.2,
            "aux_route_prc": 0.5,
            "equal_compute": true
        }
    ],
    "model": {
        "arch": "base",
        "tokenizer": "GPT2Tokenizer(name_or_path='EleutherAI/gpt-neo-125M', vocab_size=50257, model_max_length=2048, padding_side='right', truncation_side='right', special_tokens={'bos_token': '<|endoftext|>', 'eos_token': '<|endoftext|>', 'unk_token': '<|endoftext|>'}, added_tokens_decoder={\n\t50256: AddedToken(\"<|endoftext|>\", rstrip=False, lstrip=False, single_word=False, normalized=True, special=True),\n}\n)",
        "ctx_len": 1024,
        "vocab_size": 50304,
        "num_layers": 18,
        "num_heads": 8,
        "num_key_value": 2,
        "attn_bias": true,
        "eos_token_id": 50256,
        "embed_dim": 1216,
        "mlp_dim": 4864
    },
    "data": {
        "dirs": [
            "/workspace/gradient-routing/experiments/AGI-1699-New-Dataset-Runs/src/data/fineweb",
            "/workspace/gradient-routing/experiments/AGI-1699-New-Dataset-Runs/src/data/code",
            "/workspace/gradient-routing/experiments/AGI-1699-New-Dataset-Runs/src/data/papers"
        ],
        "core": {
            "labels": [
                "fineweb",
                "code-other",
                "papers-other"
            ],
            "method": "optimal",
            "limit": 1.0,
            "dist": {
                "fineweb": 0.84,
                "code-other": 0.15,
                "papers-other": 0.01
            },
            "num_tok": 8041295360.0
        },
        "aux": {
            "labels": [
                "code-lisp",
                "papers-biology",
                "papers-nuclear",
                "papers-cyber"
            ],
            "method": "optimal",
            "limit": 0.01,
            "dist": {
                "code-lisp": 0.25,
                "papers-biology": 0.25,
                "papers-nuclear": 0.25,
                "papers-cyber": 0.25
            },
            "num_tok": 80412953.60000001
        }
    },
    "run": {
        "target_effective_batch_size": 368,
        "effective_batch_size": 368,
        "micro_batch_size": 23,
        "accumulation_steps": 2,
        "max_num_test_sequences": 10000,
        "eval_all_labels": false,
        "micro_batch_anchors": [
            [
                400000000.0,
                23
            ],
            [
                5000000000.0,
                2
            ]
        ],
        "epochs": 1,
        "adam_betas": [
            0.9,
            0.95
        ],
        "warmup_prc": 0.02,
        "decay_prc": 0.1,
        "seed": 3,
        "compile": true,
        "is_ddp": true,
        "optimize_routed": true,
        "cleanup_distributed": false,
        "log_level": "DEBUG",
        "num_gpus": 8,
        "process_id": 0,
        "num_base_params": 402064768,
        "device": "cuda",
        "logger": "<Logger training_20260423190101412519 (DEBUG)>",
        "labels": [
            "core",
            "code-lisp",
            "papers-biology",
            "papers-cyber",
            "papers-nuclear"
        ],
        "loaders": {
            "code-lisp": {
                "train": "SingleDataLoader(code-lisp_train_001.bin, len=106)",
                "test": "InterleavedDataLoader(len=56)"
            },
            "code-other": {
                "train": "InterleavedDataLoader(len=6401)",
                "test": "InterleavedDataLoader(len=56)"
            },
            "fineweb": {
                "train": "InterleavedDataLoader(len=35849)",
                "test": "InterleavedDataLoader(len=56)"
            },
            "papers-biology": {
                "train": "SingleDataLoader(papers-biology_train.bin, len=106)",
                "test": "SingleDataLoader(papers-biology_test.bin, len=56)"
            },
            "papers-cyber": {
                "train": "SingleDataLoader(papers-cyber_train.bin, len=106)",
                "test": "SingleDataLoader(papers-cyber_test.bin, len=56)"
            },
            "papers-nuclear": {
                "train": "SingleDataLoader(papers-nuclear_train.bin, len=106)",
                "test": "SingleDataLoader(papers-nuclear_test.bin, len=56)"
            },
            "papers-other": {
                "train": "SingleDataLoader(papers-other_train.bin, len=426)",
                "test": "SingleDataLoader(papers-other_test.bin, len=56)"
            },
            "core": {
                "train": "InterleavedDataLoader(len=42676)",
                "test": "InterleavedDataLoader(len=168)"
            },
            "aux": {
                "train": "InterleavedDataLoader(len=424)",
                "test": "InterleavedDataLoader(len=224)"
            },
            "all": {
                "train": "InterleavedDataLoader(len=43100)",
                "test": "InterleavedDataLoader(len=392)"
            }
        },
        "res_root": "/workspace/gradient-routing/experiments/AGI-1699-New-Dataset-Runs/results/scaling/realistic/grmoe/400M/seed_3",
        "experiment_id": "20260423190101412519",
        "s3_bucket": "ae-gradient-routing-results",
        "s3_prefix": "scaling/realistic/grmoe/400M/seed_3"
    }
}
[GPU 0] [19:01:10] [INFO] Loader code-lisp train: 106, test: 56
[GPU 0] [19:01:10] [INFO] Loader code-other train: 6401, test: 56
[GPU 0] [19:01:10] [INFO] Loader fineweb train: 35849, test: 56
[GPU 0] [19:01:10] [INFO] Loader papers-biology train: 106, test: 56
[GPU 0] [19:01:10] [INFO] Loader papers-cyber train: 106, test: 56
[GPU 0] [19:01:10] [INFO] Loader papers-nuclear train: 106, test: 56
[GPU 0] [19:01:10] [INFO] Loader papers-other train: 426, test: 56
[GPU 0] [19:01:10] [INFO] Loader core train: 42676, test: 168
[GPU 0] [19:01:10] [INFO] Loader aux train: 424, test: 224
[GPU 0] [19:01:10] [INFO] Loader all train: 43100, test: 392
[GPU 0] [19:01:10] [INFO] Stage [routed] start: {"name": "routed", "num_checkpoints": -1, "lr": 0.0007010274465180751, "res_dir": "/workspace/gradient-routing/experiments/AGI-1699-New-Dataset-Runs/results/scaling/realistic/grmoe/400M/seed_3/20260423190101412519/routed", "do_eval": true, "do_sample": false, "num_train_evals": 0, "do_elicit": true, "elicit_eval_prc": 0.5, "elicit_num_evals": 100, "model": {"arch": "moe", "tokenizer": "GPT2Tokenizer(name_or_path='EleutherAI/gpt-neo-125M', vocab_size=50257, model_max_length=2048, padding_side='right', truncation_side='right', special_tokens={'bos_token': '<|endoftext|>', 'eos_token': '<|endoftext|>', 'unk_token': '<|endoftext|>'}, added_tokens_decoder={\n\t50256: AddedToken(\"<|endoftext|>\", rstrip=False, lstrip=False, single_word=False, normalized=True, special=True),\n}\n)", "ctx_len": 1024, "vocab_size": 50304, "num_layers": 18, "num_heads": 8, "num_key_value": 2, "attn_bias": true, "eos_token_id": 50256, "embed_dim": 1216, "mlp_dim": 4864, "core_param_prc": 1.0, "aux_param_prc": 0.1}, "eval_arbsub": false, "aux_factor": {"code-lisp": 4.0, "papers-biology": 3.0, "papers-nuclear": 3.0, "papers-cyber": 3.0}, "robust_prc": 0.2, "aux_route_prc": 0.5, "equal_compute": true}
[GPU 0] [19:01:10] [INFO] ROUTED START
[GPU 0] [19:01:14] [INFO] Initialized MoETransformer with 491,842,432 total parameters
[GPU 0] [19:01:14] [INFO]   Label 'core' has 213,035,904 parameters
[GPU 0] [19:01:14] [INFO]   Label 'code-lisp' has 22,444,416 parameters
[GPU 0] [19:01:14] [INFO]   Label 'papers-biology' has 22,444,416 parameters
[GPU 0] [19:01:14] [INFO]   Label 'papers-cyber' has 22,444,416 parameters
[GPU 0] [19:01:14] [INFO]   Label 'papers-nuclear' has 22,444,416 parameters
[GPU 0] [19:01:14] [INFO]   Label 'SHARED' has 189,028,864 parameters
[GPU 0] [19:01:14] [INFO] Compiling MoETransformer with torch.compile...
[GPU 0] [19:01:14] [INFO] torch.compile done
[GPU 0] [19:01:15] [WARNING] restore_partial_state: no checkpoint found at /workspace/gradient-routing/experiments/AGI-1699-New-Dataset-Runs/results/scaling/realistic/grmoe/400M/seed_3/20260423190101412519/routed
[GPU 0] [19:01:15] [INFO] ---- Begin Routed Unordered ----
[GPU 0] [19:01:15] [INFO] compute-equal: initial len_base: 33378 & len_ft: 9722
[GPU 0] [19:01:15] [INFO] compute-equal: flop_diff < 0, (-218204612352.0 < 0), must truncate training
[GPU 0] [19:01:15] [INFO] compute-equal: len_base: -271 -> 33107, len_ft: -257 -> 9465
[GPU 0] [19:01:15] [WARNING] utilized_aux > len_all_aux, (1342 > 424), must resample aux
[GPU 0] [19:01:15] [INFO] Batch [('core', ('core',), ('core', 'SHARED'))] count: 16554
[GPU 0] [19:01:15] [INFO] Batch [('code-lisp', ('core', 'code-lisp'), ('code-lisp',))] count: 180
[GPU 0] [19:01:15] [INFO] Batch [('code-lisp', ('core', 'code-lisp'), ('core', 'code-lisp', 'SHARED'))] count: 26
[GPU 0] [19:01:15] [INFO] Batch [('core', ('core', 'code-lisp'), ('core', 'code-lisp', 'SHARED'))] count: 1250
[GPU 0] [19:01:15] [INFO] Batch [('core', ('core', 'papers-biology'), ('core', 'papers-biology', 'SHARED'))] count: 938
[GPU 0] [19:01:15] [INFO] Batch [('papers-biology', ('core', 'papers-biology'), ('core', 'papers-biology', 'SHARED'))] count: 26
[GPU 0] [19:01:15] [INFO] Batch [('papers-biology', ('core', 'papers-biology'), ('papers-biology',))] count: 129
[GPU 0] [19:01:15] [INFO] Batch [('core', ('core', 'papers-cyber'), ('core', 'papers-cyber', 'SHARED'))] count: 938
[GPU 0] [19:01:15] [INFO] Batch [('papers-cyber', ('core', 'papers-cyber'), ('core', 'papers-cyber', 'SHARED'))] count: 26
[GPU 0] [19:01:15] [INFO] Batch [('papers-cyber', ('core', 'papers-cyber'), ('papers-cyber',))] count: 129
[GPU 0] [19:01:15] [INFO] Batch [('core', ('core', 'papers-nuclear'), ('core', 'papers-nuclear', 'SHARED'))] count: 938
[GPU 0] [19:01:15] [INFO] Batch [('papers-nuclear', ('core', 'papers-nuclear'), ('core', 'papers-nuclear', 'SHARED'))] count: 26
[GPU 0] [19:01:15] [INFO] Batch [('papers-nuclear', ('core', 'papers-nuclear'), ('papers-nuclear',))] count: 129
[GPU 0] [19:01:15] [INFO] 
len_all: 43100, len_all_aux: 424, len_all_core: 42676,
len_base: 33107, len_ft: 9465,
len_core_for_ft: 8123, len_aux_for_ft: 1342,
aux_factor: {'code-lisp': 4.0, 'papers-biology': 3.0, 'papers-nuclear': 3.0, 'papers-cyber': 3.0}, robust_prc: 0.2,
aux_route_prc: 0.5, equal_compute: True
[GPU 0] [19:01:15] [WARNING] len(batches) != expected, (21289 != 21286), -3 length difference
[GPU 0] [19:01:15] [INFO] ---- Begin Routed ----
[GPU 0] [19:01:15] [INFO] LR schedule group 0: steps [0, 21289), warmup=426, constant=18734, decay=2129
[GPU 0] [19:01:15] [INFO] LR Scheduler: Group warmup (step 0)
[GPU 0] [19:01:15] [INFO] CUDA memory before training loop:
[GPU 0] [19:01:15] [INFO] |===========================================================================|
[GPU 0] [19:01:15] [INFO] |                  PyTorch CUDA memory summary, device ID 0                 |
[GPU 0] [19:01:15] [INFO] |---------------------------------------------------------------------------|
[GPU 0] [19:01:15] [INFO] |            CUDA OOMs: 0            |        cudaMalloc retries: 0         |
[GPU 0] [19:01:15] [INFO] |===========================================================================|
[GPU 0] [19:01:15] [INFO] |        Metric         | Cur Usage  | Peak Usage | Tot Alloc  | Tot Freed  |
[GPU 0] [19:01:15] [INFO] |---------------------------------------------------------------------------|
[GPU 0] [19:01:15] [INFO] | Allocated memory      |   2283 MiB |  44619 MiB |  38086 TiB |  38086 TiB |
[GPU 0] [19:01:15] [INFO] |       from large pool |   2281 MiB |  44611 MiB |  38054 TiB |  38054 TiB |
[GPU 0] [19:01:15] [INFO] |       from small pool |      1 MiB |    241 MiB |     32 TiB |     32 TiB |
[GPU 0] [19:01:15] [INFO] |---------------------------------------------------------------------------|
[GPU 0] [19:01:15] [INFO] | Active memory         |   2283 MiB |  44619 MiB |  38086 TiB |  38086 TiB |
[GPU 0] [19:01:15] [INFO] |       from large pool |   2281 MiB |  44611 MiB |  38054 TiB |  38054 TiB |
[GPU 0] [19:01:15] [INFO] |       from small pool |      1 MiB |    241 MiB |     32 TiB |     32 TiB |
[GPU 0] [19:01:15] [INFO] |---------------------------------------------------------------------------|
[GPU 0] [19:01:15] [INFO] | Requested memory      |   2283 MiB |  44619 MiB |  38086 TiB |  38086 TiB |
[GPU 0] [19:01:15] [INFO] |       from large pool |   2281 MiB |  44611 MiB |  38054 TiB |  38054 TiB |
[GPU 0] [19:01:15] [INFO] |       from small pool |      1 MiB |    241 MiB |     32 TiB |     32 TiB |
[GPU 0] [19:01:15] [INFO] |---------------------------------------------------------------------------|
[GPU 0] [19:01:15] [INFO] | GPU reserved memory   |   2304 MiB |  46870 MiB | 106375 GiB | 106373 GiB |
[GPU 0] [19:01:15] [INFO] |       from large pool |   2300 MiB |  46860 MiB | 106238 GiB | 106236 GiB |
[GPU 0] [19:01:15] [INFO] |       from small pool |      4 MiB |    242 MiB |    137 GiB |    137 GiB |
[GPU 0] [19:01:15] [INFO] |---------------------------------------------------------------------------|
[GPU 0] [19:01:15] [INFO] | Non-releasable memory |      0 B   |      0 B   |      0 B   |      0 B   |
[GPU 0] [19:01:15] [INFO] |       from large pool |      0 B   |      0 B   |      0 B   |      0 B   |
[GPU 0] [19:01:15] [INFO] |       from small pool |      0 B   |      0 B   |      0 B   |      0 B   |
[GPU 0] [19:01:15] [INFO] |---------------------------------------------------------------------------|
[GPU 0] [19:01:15] [INFO] | Allocations           |     558    |    3538    |     790 M  |     790 M  |
[GPU 0] [19:01:15] [INFO] |       from large pool |     283    |    1499    |     514 M  |     514 M  |
[GPU 0] [19:01:15] [INFO] |       from small pool |     275    |    2159    |     276 M  |     276 M  |
[GPU 0] [19:01:15] [INFO] |---------------------------------------------------------------------------|
[GPU 0] [19:01:15] [INFO] | Active allocs         |     558    |    3538    |     790 M  |     790 M  |
[GPU 0] [19:01:15] [INFO] |       from large pool |     283    |    1499    |     514 M  |     514 M  |
[GPU 0] [19:01:15] [INFO] |       from small pool |     275    |    2159    |     276 M  |     276 M  |
[GPU 0] [19:01:15] [INFO] |---------------------------------------------------------------------------|
[GPU 0] [19:01:15] [INFO] | GPU reserved segments |       0    |       0    |       0    |       0    |
[GPU 0] [19:01:15] [INFO] |       from large pool |       0    |       0    |       0    |       0    |
[GPU 0] [19:01:15] [INFO] |       from small pool |       0    |       0    |       0    |       0    |
[GPU 0] [19:01:15] [INFO] |---------------------------------------------------------------------------|
[GPU 0] [19:01:15] [INFO] | Non-releasable allocs |       0    |       0    |       0    |       0    |
[GPU 0] [19:01:15] [INFO] |       from large pool |       0    |       0    |       0    |       0    |
[GPU 0] [19:01:15] [INFO] |       from small pool |       0    |       0    |       0    |       0    |
[GPU 0] [19:01:15] [INFO] |---------------------------------------------------------------------------|
[GPU 0] [19:01:15] [INFO] | Oversize allocations  |       0    |       0    |       0    |       0    |
[GPU 0] [19:01:15] [INFO] |---------------------------------------------------------------------------|
[GPU 0] [19:01:15] [INFO] | Oversize GPU segments |       0    |       0    |       0    |       0    |
[GPU 0] [19:01:15] [INFO] |===========================================================================|
[GPU 0] [19:01:15] [INFO] 
[GPU 0] [19:01:15] [INFO] Batch group start, LR: 1.0000e-08, 21289 batches
[GPU 0] [19:01:25] [INFO] CUDA memory after first training step:
[GPU 0] [19:01:25] [INFO] |===========================================================================|
[GPU 0] [19:01:25] [INFO] |                  PyTorch CUDA memory summary, device ID 0                 |
[GPU 0] [19:01:25] [INFO] |---------------------------------------------------------------------------|
[GPU 0] [19:01:25] [INFO] |            CUDA OOMs: 0            |        cudaMalloc retries: 0         |
[GPU 0] [19:01:25] [INFO] |===========================================================================|
[GPU 0] [19:01:25] [INFO] |        Metric         | Cur Usage  | Peak Usage | Tot Alloc  | Tot Freed  |
[GPU 0] [19:01:25] [INFO] |---------------------------------------------------------------------------|
[GPU 0] [19:01:25] [INFO] | Allocated memory      |   6077 MiB |  44619 MiB |  38086 TiB |  38086 TiB |
[GPU 0] [19:01:25] [INFO] |       from large pool |   6074 MiB |  44611 MiB |  38054 TiB |  38054 TiB |
[GPU 0] [19:01:25] [INFO] |       from small pool |      3 MiB |    241 MiB |     32 TiB |     32 TiB |
[GPU 0] [19:01:25] [INFO] |---------------------------------------------------------------------------|
[GPU 0] [19:01:25] [INFO] | Active memory         |   6077 MiB |  44619 MiB |  38086 TiB |  38086 TiB |
[GPU 0] [19:01:25] [INFO] |       from large pool |   6074 MiB |  44611 MiB |  38054 TiB |  38054 TiB |
[GPU 0] [19:01:25] [INFO] |       from small pool |      3 MiB |    241 MiB |     32 TiB |     32 TiB |
[GPU 0] [19:01:25] [INFO] |---------------------------------------------------------------------------|
[GPU 0] [19:01:25] [INFO] | Requested memory      |   6076 MiB |  44619 MiB |  38086 TiB |  38086 TiB |
[GPU 0] [19:01:25] [INFO] |       from large pool |   6074 MiB |  44611 MiB |  38054 TiB |  38054 TiB |
[GPU 0] [19:01:25] [INFO] |       from small pool |      2 MiB |    241 MiB |     32 TiB |     32 TiB |
[GPU 0] [19:01:25] [INFO] |---------------------------------------------------------------------------|
[GPU 0] [19:01:25] [INFO] | GPU reserved memory   |  43448 MiB |  46870 MiB | 106415 GiB | 106373 GiB |
[GPU 0] [19:01:25] [INFO] |       from large pool |  43440 MiB |  46860 MiB | 106278 GiB | 106236 GiB |
[GPU 0] [19:01:25] [INFO] |       from small pool |      8 MiB |    242 MiB |    137 GiB |    137 GiB |
[GPU 0] [19:01:25] [INFO] |---------------------------------------------------------------------------|
[GPU 0] [19:01:25] [INFO] | Non-releasable memory |      0 B   |      0 B   |      0 B   |      0 B   |
[GPU 0] [19:01:25] [INFO] |       from large pool |      0 B   |      0 B   |      0 B   |      0 B   |
[GPU 0] [19:01:25] [INFO] |       from small pool |      0 B   |      0 B   |      0 B   |      0 B   |
[GPU 0] [19:01:25] [INFO] |---------------------------------------------------------------------------|
[GPU 0] [19:01:25] [INFO] | Allocations           |    1223    |    3538    |     790 M  |     790 M  |
[GPU 0] [19:01:25] [INFO] |       from large pool |     468    |    1499    |     514 M  |     514 M  |
[GPU 0] [19:01:25] [INFO] |       from small pool |     755    |    2159    |     276 M  |     276 M  |
[GPU 0] [19:01:25] [INFO] |---------------------------------------------------------------------------|
[GPU 0] [19:01:25] [INFO] | Active allocs         |    1223    |    3538    |     790 M  |     790 M  |
[GPU 0] [19:01:25] [INFO] |       from large pool |     468    |    1499    |     514 M  |     514 M  |
[GPU 0] [19:01:25] [INFO] |       from small pool |     755    |    2159    |     276 M  |     276 M  |
[GPU 0] [19:01:25] [INFO] |---------------------------------------------------------------------------|
[GPU 0] [19:01:25] [INFO] | GPU reserved segments |       0    |       0    |       0    |       0    |
[GPU 0] [19:01:25] [INFO] |       from large pool |       0    |       0    |       0    |       0    |
[GPU 0] [19:01:25] [INFO] |       from small pool |       0    |       0    |       0    |       0    |
[GPU 0] [19:01:25] [INFO] |---------------------------------------------------------------------------|
[GPU 0] [19:01:25] [INFO] | Non-releasable allocs |       0    |       0    |       0    |       0    |
[GPU 0] [19:01:25] [INFO] |       from large pool |       0    |       0    |       0    |       0    |
[GPU 0] [19:01:25] [INFO] |       from small pool |       0    |       0    |       0    |       0    |
[GPU 0] [19:01:25] [INFO] |---------------------------------------------------------------------------|
[GPU 0] [19:01:25] [INFO] | Oversize allocations  |       0    |       0    |       0    |       0    |
[GPU 0] [19:01:25] [INFO] |---------------------------------------------------------------------------|
[GPU 0] [19:01:25] [INFO] | Oversize GPU segments |       0    |       0    |       0    |       0    |
[GPU 0] [19:01:25] [INFO] |===========================================================================|
[GPU 0] [19:01:25] [INFO] 
[GPU 0] [19:01:25] [INFO] Step: 1, LR: 1.6556e-06
[GPU 0] [19:01:25] [INFO] Train Loss: CORE: 11.00 CODE-LISP: nan PAPERS-BIOLOGY: nan PAPERS-CYBER: nan PAPERS-NUCLEAR: nan 
[GPU 0] [19:04:26] [INFO] LR Scheduler: Group constant (step 426)
[GPU 0] [19:08:33] [INFO] Step: 1000, LR: 7.0103e-04
[GPU 0] [19:08:33] [INFO] Train Loss: CORE: 3.57 CODE-LISP: 4.43 PAPERS-BIOLOGY: 5.78 PAPERS-CYBER: 5.27 PAPERS-NUCLEAR: 5.67 
[GPU 0] [19:15:36] [INFO] Step: 2000, LR: 7.0103e-04
[GPU 0] [19:15:36] [INFO] Train Loss: CORE: 3.09 CODE-LISP: 3.30 PAPERS-BIOLOGY: 4.73 PAPERS-CYBER: 4.29 PAPERS-NUCLEAR: 4.58 
[GPU 0] [19:22:38] [INFO] Step: 3000, LR: 7.0103e-04
[GPU 0] [19:22:38] [INFO] Train Loss: CORE: 3.04 CODE-LISP: 2.68 PAPERS-BIOLOGY: 4.19 PAPERS-CYBER: 4.09 PAPERS-NUCLEAR: 4.30 
[GPU 0] [19:29:46] [INFO] Step: 4000, LR: 7.0103e-04
[GPU 0] [19:29:46] [INFO] Train Loss: CORE: 2.87 CODE-LISP: 2.41 PAPERS-BIOLOGY: 3.90 PAPERS-CYBER: 3.88 PAPERS-NUCLEAR: 4.01 
[GPU 0] [19:36:48] [INFO] Step: 5000, LR: 7.0103e-04
[GPU 0] [19:36:48] [INFO] Train Loss: CORE: 2.84 CODE-LISP: 1.79 PAPERS-BIOLOGY: 3.82 PAPERS-CYBER: 3.76 PAPERS-NUCLEAR: 3.88 
[GPU 0] [19:43:50] [INFO] Step: 6000, LR: 7.0103e-04
[GPU 0] [19:43:50] [INFO] Train Loss: CORE: 2.80 CODE-LISP: 1.52 PAPERS-BIOLOGY: 3.60 PAPERS-CYBER: 3.62 PAPERS-NUCLEAR: 3.82 
[GPU 0] [19:50:57] [INFO] Step: 7000, LR: 7.0103e-04
[GPU 0] [19:50:57] [INFO] Train Loss: CORE: 2.84 CODE-LISP: 1.39 PAPERS-BIOLOGY: 3.42 PAPERS-CYBER: 3.34 PAPERS-NUCLEAR: 3.70 
[GPU 0] [19:57:59] [INFO] Step: 8000, LR: 7.0103e-04
[GPU 0] [19:57:59] [INFO] Train Loss: CORE: 2.68 CODE-LISP: 1.35 PAPERS-BIOLOGY: 3.11 PAPERS-CYBER: 3.27 PAPERS-NUCLEAR: 3.42 
[GPU 0] [20:05:02] [INFO] Step: 9000, LR: 7.0103e-04
[GPU 0] [20:05:02] [INFO] Train Loss: CORE: 2.66 CODE-LISP: 1.28 PAPERS-BIOLOGY: 2.96 PAPERS-CYBER: 3.18 PAPERS-NUCLEAR: 3.35 
[GPU 0] [20:12:08] [INFO] Step: 10000, LR: 7.0103e-04
[GPU 0] [20:12:08] [INFO] Train Loss: CORE: 2.80 CODE-LISP: 1.28 PAPERS-BIOLOGY: 2.92 PAPERS-CYBER: 3.14 PAPERS-NUCLEAR: 3.29 
[GPU 0] [20:19:10] [INFO] Step: 11000, LR: 7.0103e-04
[GPU 0] [20:19:10] [INFO] Train Loss: CORE: 2.72 CODE-LISP: 1.27 PAPERS-BIOLOGY: 2.89 PAPERS-CYBER: 3.11 PAPERS-NUCLEAR: 3.24 
[GPU 0] [20:26:12] [INFO] Step: 12000, LR: 7.0103e-04
[GPU 0] [20:26:12] [INFO] Train Loss: CORE: 2.70 CODE-LISP: 1.24 PAPERS-BIOLOGY: 2.85 PAPERS-CYBER: 3.07 PAPERS-NUCLEAR: 3.20 
[GPU 0] [20:33:21] [INFO] Step: 13000, LR: 7.0103e-04
[GPU 0] [20:33:21] [INFO] Train Loss: CORE: 2.73 CODE-LISP: 1.24 PAPERS-BIOLOGY: 2.84 PAPERS-CYBER: 3.06 PAPERS-NUCLEAR: 3.16 
[GPU 0] [20:40:23] [INFO] Step: 14000, LR: 7.0103e-04
[GPU 0] [20:40:23] [INFO] Train Loss: CORE: 2.65 CODE-LISP: 1.15 PAPERS-BIOLOGY: 2.80 PAPERS-CYBER: 3.05 PAPERS-NUCLEAR: 3.14 
[GPU 0] [20:47:24] [INFO] Step: 15000, LR: 7.0103e-04
[GPU 0] [20:47:24] [INFO] Train Loss: CORE: 2.69 CODE-LISP: 1.12 PAPERS-BIOLOGY: 2.78 PAPERS-CYBER: 3.04 PAPERS-NUCLEAR: 3.10 
[GPU 0] [20:54:34] [INFO] Step: 16000, LR: 7.0103e-04
[GPU 0] [20:54:34] [INFO] Train Loss: CORE: 2.60 CODE-LISP: 1.05 PAPERS-BIOLOGY: 2.76 PAPERS-CYBER: 3.02 PAPERS-NUCLEAR: 3.08 
[GPU 0] [21:01:35] [INFO] Step: 17000, LR: 7.0103e-04
[GPU 0] [21:01:35] [INFO] Train Loss: CORE: 2.67 CODE-LISP: 1.04 PAPERS-BIOLOGY: 2.74 PAPERS-CYBER: 2.99 PAPERS-NUCLEAR: 3.06 
[GPU 0] [21:08:37] [INFO] Step: 18000, LR: 7.0103e-04
[GPU 0] [21:08:37] [INFO] Train Loss: CORE: 2.56 CODE-LISP: 1.00 PAPERS-BIOLOGY: 2.72 PAPERS-CYBER: 2.99 PAPERS-NUCLEAR: 3.06 
[GPU 0] [21:15:43] [INFO] Step: 19000, LR: 7.0103e-04
[GPU 0] [21:15:43] [INFO] Train Loss: CORE: 2.60 CODE-LISP: 1.00 PAPERS-BIOLOGY: 2.72 PAPERS-CYBER: 2.97 PAPERS-NUCLEAR: 3.05 
[GPU 0] [21:16:51] [INFO] LR Scheduler: Group decay (step 19160)
[GPU 0] [21:22:45] [INFO] Step: 20000, LR: 4.2444e-04
[GPU 0] [21:22:45] [INFO] Train Loss: CORE: 2.60 CODE-LISP: 0.96 PAPERS-BIOLOGY: 2.70 PAPERS-CYBER: 2.95 PAPERS-NUCLEAR: 3.02 
[GPU 0] [21:29:47] [INFO] Step: 21000, LR: 9.5169e-05
[GPU 0] [21:29:47] [INFO] Train Loss: CORE: 2.52 CODE-LISP: 0.93 PAPERS-BIOLOGY: 2.67 PAPERS-CYBER: 2.92 PAPERS-NUCLEAR: 2.98 
[GPU 0] [21:31:53] [INFO] Step: 21289, LR: 1.0000e-08
[GPU 0] [21:31:53] [INFO] Train Loss: CORE: 2.60 CODE-LISP: 0.92 PAPERS-BIOLOGY: 2.66 PAPERS-CYBER: 2.91 PAPERS-NUCLEAR: 2.98 
[GPU 0] [21:32:48] [INFO] ---- Begin Eval ----
[GPU 0] [21:32:48] [INFO] Data: core | Experts: ['core']
[GPU 0] [21:33:07] [INFO] loss: 2.02871847
[GPU 0] [21:33:07] [INFO] Data: code-lisp | Experts: ['core']
[GPU 0] [21:33:11] [INFO] loss: 1.60093474
[GPU 0] [21:33:11] [INFO] Data: papers-biology | Experts: ['core']
[GPU 0] [21:33:16] [INFO] loss: 2.65157652
[GPU 0] [21:33:16] [INFO] Data: papers-nuclear | Experts: ['core']
[GPU 0] [21:33:20] [INFO] loss: 3.00770783
[GPU 0] [21:33:20] [INFO] Data: papers-cyber | Experts: ['core']
[GPU 0] [21:33:25] [INFO] loss: 2.88595152
[GPU 0] [21:33:25] [INFO] ---- Begin Eval ----
[GPU 0] [21:33:25] [INFO] Data: core | Experts: ['code-lisp', 'core']
[GPU 0] [21:33:40] [INFO] loss: 2.03190088
[GPU 0] [21:33:40] [INFO] Data: code-lisp | Experts: ['code-lisp', 'core']
[GPU 0] [21:33:44] [INFO] loss: 0.95635986
[GPU 0] [21:33:44] [INFO] Data: papers-biology | Experts: ['code-lisp', 'core']
[GPU 0] [21:33:49] [INFO] loss: 2.65237856
[GPU 0] [21:33:49] [INFO] Data: papers-nuclear | Experts: ['code-lisp', 'core']
[GPU 0] [21:33:54] [INFO] loss: 3.01109123
[GPU 0] [21:33:54] [INFO] Data: papers-cyber | Experts: ['code-lisp', 'core']
[GPU 0] [21:33:59] [INFO] loss: 2.88943911
[GPU 0] [21:33:59] [INFO] ---- Begin Eval ----
[GPU 0] [21:33:59] [INFO] Data: core | Experts: ['core', 'papers-biology']
[GPU 0] [21:34:13] [INFO] loss: 2.03056836
[GPU 0] [21:34:13] [INFO] Data: code-lisp | Experts: ['core', 'papers-biology']
[GPU 0] [21:34:18] [INFO] loss: 1.59279096
[GPU 0] [21:34:18] [INFO] Data: papers-biology | Experts: ['core', 'papers-biology']
[GPU 0] [21:34:23] [INFO] loss: 2.56679010
[GPU 0] [21:34:23] [INFO] Data: papers-nuclear | Experts: ['core', 'papers-biology']
[GPU 0] [21:34:28] [INFO] loss: 3.00181365
[GPU 0] [21:34:28] [INFO] Data: papers-cyber | Experts: ['core', 'papers-biology']
[GPU 0] [21:34:33] [INFO] loss: 2.88832307
[GPU 0] [21:34:33] [INFO] ---- Begin Eval ----
[GPU 0] [21:34:33] [INFO] Data: core | Experts: ['core', 'papers-nuclear']
[GPU 0] [21:34:47] [INFO] loss: 2.03491497
[GPU 0] [21:34:47] [INFO] Data: code-lisp | Experts: ['core', 'papers-nuclear']
[GPU 0] [21:34:52] [INFO] loss: 1.59486616
[GPU 0] [21:34:52] [INFO] Data: papers-biology | Experts: ['core', 'papers-nuclear']
[GPU 0] [21:34:56] [INFO] loss: 2.64812350
[GPU 0] [21:34:56] [INFO] Data: papers-nuclear | Experts: ['core', 'papers-nuclear']
[GPU 0] [21:35:01] [INFO] loss: 2.90412235
[GPU 0] [21:35:01] [INFO] Data: papers-cyber | Experts: ['core', 'papers-nuclear']
[GPU 0] [21:35:06] [INFO] loss: 2.89128757
[GPU 0] [21:35:06] [INFO] ---- Begin Eval ----
[GPU 0] [21:35:06] [INFO] Data: core | Experts: ['core', 'papers-cyber']
[GPU 0] [21:35:20] [INFO] loss: 2.02889156
[GPU 0] [21:35:20] [INFO] Data: code-lisp | Experts: ['core', 'papers-cyber']
[GPU 0] [21:35:25] [INFO] loss: 1.59643555
[GPU 0] [21:35:25] [INFO] Data: papers-biology | Experts: ['core', 'papers-cyber']
[GPU 0] [21:35:30] [INFO] loss: 2.65042567
[GPU 0] [21:35:30] [INFO] Data: papers-nuclear | Experts: ['core', 'papers-cyber']
[GPU 0] [21:35:35] [INFO] loss: 3.00603342
[GPU 0] [21:35:35] [INFO] Data: papers-cyber | Experts: ['core', 'papers-cyber']
[GPU 0] [21:35:40] [INFO] loss: 2.83325219
[GPU 0] [21:35:45] [INFO] ROUTED - ADVERSARIAL FT START
[GPU 0] [21:35:45] [INFO] ---- Begin FT | Experts: ['core'] | Data: ['code-lisp'] ----
[GPU 0] [21:35:45] [DEBUG] num_seq: 512, num_rounds: 200, patience: 10
[GPU 0] [21:35:45] [DEBUG] local_x: torch.Size([64, 1024]), local_y: torch.Size([64, 1024]), num_steps: 3, per_gpu: 64, mbs_size: 23
[GPU 0] [21:35:58] [INFO] New best validation loss: 1.5047 @ step 0
[GPU 0] [21:36:09] [INFO] New best validation loss: 1.4222 @ step 1
[GPU 0] [21:36:21] [INFO] New best validation loss: 1.3555 @ step 2
[GPU 0] [21:36:33] [INFO] New best validation loss: 1.3177 @ step 3
[GPU 0] [21:36:45] [INFO] New best validation loss: 1.2871 @ step 4
[GPU 0] [21:36:56] [INFO] New best validation loss: 1.2594 @ step 5
[GPU 0] [21:37:08] [INFO] New best validation loss: 1.2369 @ step 6
[GPU 0] [21:37:21] [INFO] New best validation loss: 1.2174 @ step 7
[GPU 0] [21:37:33] [INFO] New best validation loss: 1.2002 @ step 8
[GPU 0] [21:37:45] [INFO] New best validation loss: 1.1856 @ step 9
[GPU 0] [21:37:57] [INFO] New best validation loss: 1.1722 @ step 10
[GPU 0] [21:38:09] [INFO] New best validation loss: 1.1590 @ step 11
[GPU 0] [21:38:23] [INFO] New best validation loss: 1.1465 @ step 12
[GPU 0] [21:38:35] [INFO] New best validation loss: 1.1356 @ step 13
[GPU 0] [21:38:47] [INFO] New best validation loss: 1.1260 @ step 14
[GPU 0] [21:38:59] [INFO] New best validation loss: 1.1167 @ step 15
[GPU 0] [21:39:12] [INFO] New best validation loss: 1.1089 @ step 16
[GPU 0] [21:39:25] [INFO] New best validation loss: 1.1023 @ step 17
[GPU 0] [21:39:36] [INFO] New best validation loss: 1.0962 @ step 18
[GPU 0] [21:39:48] [INFO] New best validation loss: 1.0908 @ step 19
[GPU 0] [21:40:01] [INFO] New best validation loss: 1.0858 @ step 20
[GPU 0] [21:40:18] [INFO] New best validation loss: 1.0809 @ step 21
[GPU 0] [21:40:30] [INFO] New best validation loss: 1.0768 @ step 22
[GPU 0] [21:40:42] [INFO] New best validation loss: 1.0732 @ step 23
[GPU 0] [21:40:55] [INFO] New best validation loss: 1.0705 @ step 24
[GPU 0] [21:41:07] [INFO] New best validation loss: 1.0685 @ step 25
[GPU 0] [21:41:18] [INFO] New best validation loss: 1.0670 @ step 26
[GPU 0] [21:41:30] [INFO] New best validation loss: 1.0659 @ step 27
[GPU 0] [21:41:43] [INFO] New best validation loss: 1.0649 @ step 28
[GPU 0] [21:41:55] [INFO] New best validation loss: 1.0644 @ step 29
[GPU 0] [21:42:07] [INFO] New best validation loss: 1.0643 @ step 30
[GPU 0] [21:44:23] [INFO] Stop FT @ 42: no val improvement for 10 steps
[GPU 0] [21:44:23] [INFO] Wrote stats.jsonl entries at FT step 30 
[GPU 0] [21:44:24] [INFO] ---- Begin FT | Experts: ['core'] | Data: ['papers-biology'] ----
[GPU 0] [21:44:24] [DEBUG] num_seq: 512, num_rounds: 200, patience: 10
[GPU 0] [21:44:24] [DEBUG] local_x: torch.Size([64, 1024]), local_y: torch.Size([64, 1024]), num_steps: 3, per_gpu: 64, mbs_size: 23
[GPU 0] [21:44:36] [INFO] New best validation loss: 2.6522 @ step 0
[GPU 0] [21:44:47] [INFO] New best validation loss: 2.6393 @ step 1
[GPU 0] [21:45:00] [INFO] New best validation loss: 2.6269 @ step 2
[GPU 0] [21:45:13] [INFO] New best validation loss: 2.6243 @ step 3
[GPU 0] [21:47:28] [INFO] Stop FT @ 15: no val improvement for 10 steps
[GPU 0] [21:47:28] [INFO] Wrote stats.jsonl entries at FT step 3 
[GPU 0] [21:47:29] [INFO] ---- Begin FT | Experts: ['core'] | Data: ['papers-cyber'] ----
[GPU 0] [21:47:29] [DEBUG] num_seq: 512, num_rounds: 200, patience: 10
[GPU 0] [21:47:29] [DEBUG] local_x: torch.Size([64, 1024]), local_y: torch.Size([64, 1024]), num_steps: 3, per_gpu: 64, mbs_size: 23
[GPU 0] [21:47:41] [INFO] New best validation loss: 2.9033 @ step 0
[GPU 0] [21:47:53] [INFO] New best validation loss: 2.8845 @ step 1
[GPU 0] [21:48:05] [INFO] New best validation loss: 2.8812 @ step 2
[GPU 0] [21:48:17] [INFO] New best validation loss: 2.8785 @ step 3
[GPU 0] [21:48:29] [INFO] New best validation loss: 2.8778 @ step 4
[GPU 0] [21:50:47] [INFO] Stop FT @ 16: no val improvement for 10 steps
[GPU 0] [21:50:47] [INFO] Wrote stats.jsonl entries at FT step 4 
[GPU 0] [21:50:48] [INFO] ---- Begin FT | Experts: ['core'] | Data: ['papers-nuclear'] ----
[GPU 0] [21:50:48] [DEBUG] num_seq: 512, num_rounds: 200, patience: 10
[GPU 0] [21:50:48] [DEBUG] local_x: torch.Size([64, 1024]), local_y: torch.Size([64, 1024]), num_steps: 3, per_gpu: 64, mbs_size: 23
[GPU 0] [21:51:00] [INFO] New best validation loss: 3.0100 @ step 0
[GPU 0] [21:51:12] [INFO] New best validation loss: 2.9804 @ step 1
[GPU 0] [21:51:24] [INFO] New best validation loss: 2.9734 @ step 2
[GPU 0] [21:51:36] [INFO] New best validation loss: 2.9691 @ step 3
[GPU 0] [21:51:49] [INFO] New best validation loss: 2.9652 @ step 4
[GPU 0] [21:52:01] [INFO] New best validation loss: 2.9639 @ step 5
[GPU 0] [21:54:16] [INFO] Stop FT @ 17: no val improvement for 10 steps
[GPU 0] [21:54:16] [INFO] Wrote stats.jsonl entries at FT step 5 
[GPU 0] [21:54:16] [INFO] ROUTED - ADVERSARIAL FT START
[GPU 0] [21:54:17] [INFO] ---- Begin FT | Experts: ['code-lisp', 'core'] | Data: ['papers-biology'] ----
[GPU 0] [21:54:17] [DEBUG] num_seq: 512, num_rounds: 200, patience: 10
[GPU 0] [21:54:17] [DEBUG] local_x: torch.Size([64, 1024]), local_y: torch.Size([64, 1024]), num_steps: 3, per_gpu: 64, mbs_size: 23
[GPU 0] [21:54:30] [INFO] New best validation loss: 2.6575 @ step 0
[GPU 0] [21:54:43] [INFO] New best validation loss: 2.6419 @ step 1
[GPU 0] [21:54:55] [INFO] New best validation loss: 2.6300 @ step 2
[GPU 0] [21:55:08] [INFO] New best validation loss: 2.6266 @ step 3
[GPU 0] [21:57:30] [INFO] Stop FT @ 15: no val improvement for 10 steps
[GPU 0] [21:57:30] [INFO] Wrote stats.jsonl entries at FT step 3 
[GPU 0] [21:57:31] [INFO] ---- Begin FT | Experts: ['code-lisp', 'core'] | Data: ['papers-cyber'] ----
[GPU 0] [21:57:31] [DEBUG] num_seq: 512, num_rounds: 200, patience: 10
[GPU 0] [21:57:31] [DEBUG] local_x: torch.Size([64, 1024]), local_y: torch.Size([64, 1024]), num_steps: 3, per_gpu: 64, mbs_size: 23
[GPU 0] [21:57:43] [INFO] New best validation loss: 2.9171 @ step 0
[GPU 0] [21:57:57] [INFO] New best validation loss: 2.8885 @ step 1
[GPU 0] [21:58:09] [INFO] New best validation loss: 2.8859 @ step 2
[GPU 0] [21:58:21] [INFO] New best validation loss: 2.8839 @ step 3
[GPU 0] [21:58:33] [INFO] New best validation loss: 2.8826 @ step 4
[GPU 0] [21:58:45] [INFO] New best validation loss: 2.8821 @ step 5
[GPU 0] [22:01:09] [INFO] Stop FT @ 17: no val improvement for 10 steps
[GPU 0] [22:01:09] [INFO] Wrote stats.jsonl entries at FT step 5 
[GPU 0] [22:01:10] [INFO] ---- Begin FT | Experts: ['code-lisp', 'core'] | Data: ['papers-nuclear'] ----
[GPU 0] [22:01:10] [DEBUG] num_seq: 512, num_rounds: 200, patience: 10
[GPU 0] [22:01:10] [DEBUG] local_x: torch.Size([64, 1024]), local_y: torch.Size([64, 1024]), num_steps: 3, per_gpu: 64, mbs_size: 23
[GPU 0] [22:01:22] [INFO] New best validation loss: 3.0189 @ step 0
[GPU 0] [22:01:34] [INFO] New best validation loss: 2.9836 @ step 1
[GPU 0] [22:01:47] [INFO] New best validation loss: 2.9774 @ step 2
[GPU 0] [22:01:59] [INFO] New best validation loss: 2.9731 @ step 3
[GPU 0] [22:02:11] [INFO] New best validation loss: 2.9689 @ step 4
[GPU 0] [22:02:24] [INFO] New best validation loss: 2.9668 @ step 5
[GPU 0] [22:04:44] [INFO] Stop FT @ 17: no val improvement for 10 steps
[GPU 0] [22:04:44] [INFO] Wrote stats.jsonl entries at FT step 5 
[GPU 0] [22:04:44] [INFO] ROUTED - ADVERSARIAL FT START
[GPU 0] [22:04:45] [INFO] ---- Begin FT | Experts: ['core', 'papers-biology'] | Data: ['code-lisp'] ----
[GPU 0] [22:04:45] [DEBUG] num_seq: 512, num_rounds: 200, patience: 10
[GPU 0] [22:04:45] [DEBUG] local_x: torch.Size([64, 1024]), local_y: torch.Size([64, 1024]), num_steps: 3, per_gpu: 64, mbs_size: 23
[GPU 0] [22:04:57] [INFO] New best validation loss: 1.5182 @ step 0
[GPU 0] [22:05:09] [INFO] New best validation loss: 1.4211 @ step 1
[GPU 0] [22:05:23] [INFO] New best validation loss: 1.3533 @ step 2
[GPU 0] [22:05:36] [INFO] New best validation loss: 1.3147 @ step 3
[GPU 0] [22:05:49] [INFO] New best validation loss: 1.2837 @ step 4
[GPU 0] [22:06:01] [INFO] New best validation loss: 1.2553 @ step 5
[GPU 0] [22:06:14] [INFO] New best validation loss: 1.2325 @ step 6
[GPU 0] [22:06:27] [INFO] New best validation loss: 1.2133 @ step 7
[GPU 0] [22:06:41] [INFO] New best validation loss: 1.1963 @ step 8
[GPU 0] [22:06:53] [INFO] New best validation loss: 1.1815 @ step 9
[GPU 0] [22:07:06] [INFO] New best validation loss: 1.1679 @ step 10
[GPU 0] [22:07:19] [INFO] New best validation loss: 1.1545 @ step 11
[GPU 0] [22:07:32] [INFO] New best validation loss: 1.1421 @ step 12
[GPU 0] [22:07:44] [INFO] New best validation loss: 1.1313 @ step 13
[GPU 0] [22:07:57] [INFO] New best validation loss: 1.1215 @ step 14
[GPU 0] [22:08:09] [INFO] New best validation loss: 1.1126 @ step 15
[GPU 0] [22:08:23] [INFO] New best validation loss: 1.1048 @ step 16
[GPU 0] [22:08:36] [INFO] New best validation loss: 1.0983 @ step 17
[GPU 0] [22:08:48] [INFO] New best validation loss: 1.0927 @ step 18
[GPU 0] [22:09:01] [INFO] New best validation loss: 1.0874 @ step 19
[GPU 0] [22:09:14] [INFO] New best validation loss: 1.0822 @ step 20
[GPU 0] [22:09:27] [INFO] New best validation loss: 1.0774 @ step 21
[GPU 0] [22:09:40] [INFO] New best validation loss: 1.0735 @ step 22
[GPU 0] [22:09:53] [INFO] New best validation loss: 1.0704 @ step 23
[GPU 0] [22:10:05] [INFO] New best validation loss: 1.0679 @ step 24
[GPU 0] [22:10:21] [INFO] New best validation loss: 1.0663 @ step 25
[GPU 0] [22:10:33] [INFO] New best validation loss: 1.0654 @ step 26
[GPU 0] [22:10:45] [INFO] New best validation loss: 1.0645 @ step 27
[GPU 0] [22:10:58] [INFO] New best validation loss: 1.0639 @ step 28
[GPU 0] [22:11:11] [INFO] New best validation loss: 1.0634 @ step 29
[GPU 0] [22:13:32] [INFO] Stop FT @ 41: no val improvement for 10 steps
[GPU 0] [22:13:32] [INFO] Wrote stats.jsonl entries at FT step 29 
[GPU 0] [22:13:33] [INFO] ---- Begin FT | Experts: ['core', 'papers-biology'] | Data: ['papers-cyber'] ----
[GPU 0] [22:13:33] [DEBUG] num_seq: 512, num_rounds: 200, patience: 10
[GPU 0] [22:13:33] [DEBUG] local_x: torch.Size([64, 1024]), local_y: torch.Size([64, 1024]), num_steps: 3, per_gpu: 64, mbs_size: 23
[GPU 0] [22:13:46] [INFO] New best validation loss: 2.9031 @ step 0
[GPU 0] [22:13:59] [INFO] New best validation loss: 2.8882 @ step 1
[GPU 0] [22:14:12] [INFO] New best validation loss: 2.8809 @ step 2
[GPU 0] [22:14:25] [INFO] New best validation loss: 2.8782 @ step 3
[GPU 0] [22:14:38] [INFO] New best validation loss: 2.8778 @ step 4
[GPU 0] [22:16:55] [INFO] Stop FT @ 16: no val improvement for 10 steps
[GPU 0] [22:16:55] [INFO] Wrote stats.jsonl entries at FT step 4 
[GPU 0] [22:16:57] [INFO] ---- Begin FT | Experts: ['core', 'papers-biology'] | Data: ['papers-nuclear'] ----
[GPU 0] [22:16:57] [DEBUG] num_seq: 512, num_rounds: 200, patience: 10
[GPU 0] [22:16:57] [DEBUG] local_x: torch.Size([64, 1024]), local_y: torch.Size([64, 1024]), num_steps: 3, per_gpu: 64, mbs_size: 23
[GPU 0] [22:17:08] [INFO] New best validation loss: 3.0062 @ step 0
[GPU 0] [22:17:21] [INFO] New best validation loss: 2.9782 @ step 1
[GPU 0] [22:17:35] [INFO] New best validation loss: 2.9717 @ step 2
[GPU 0] [22:17:47] [INFO] New best validation loss: 2.9676 @ step 3
[GPU 0] [22:18:00] [INFO] New best validation loss: 2.9638 @ step 4
[GPU 0] [22:18:12] [INFO] New best validation loss: 2.9624 @ step 5
[GPU 0] [22:20:37] [INFO] Stop FT @ 17: no val improvement for 10 steps
[GPU 0] [22:20:37] [INFO] Wrote stats.jsonl entries at FT step 5 
[GPU 0] [22:20:37] [INFO] ROUTED - ADVERSARIAL FT START
[GPU 0] [22:20:38] [INFO] ---- Begin FT | Experts: ['core', 'papers-nuclear'] | Data: ['code-lisp'] ----
[GPU 0] [22:20:38] [DEBUG] num_seq: 512, num_rounds: 200, patience: 10
[GPU 0] [22:20:38] [DEBUG] local_x: torch.Size([64, 1024]), local_y: torch.Size([64, 1024]), num_steps: 3, per_gpu: 64, mbs_size: 23
[GPU 0] [22:20:50] [INFO] New best validation loss: 1.5130 @ step 0
[GPU 0] [22:21:03] [INFO] New best validation loss: 1.4257 @ step 1
[GPU 0] [22:21:15] [INFO] New best validation loss: 1.3549 @ step 2
[GPU 0] [22:21:28] [INFO] New best validation loss: 1.3174 @ step 3
[GPU 0] [22:21:41] [INFO] New best validation loss: 1.2871 @ step 4
[GPU 0] [22:21:54] [INFO] New best validation loss: 1.2592 @ step 5
[GPU 0] [22:22:06] [INFO] New best validation loss: 1.2367 @ step 6
[GPU 0] [22:22:18] [INFO] New best validation loss: 1.2176 @ step 7
[GPU 0] [22:22:30] [INFO] New best validation loss: 1.2003 @ step 8
[GPU 0] [22:22:43] [INFO] New best validation loss: 1.1858 @ step 9
[GPU 0] [22:22:56] [INFO] New best validation loss: 1.1719 @ step 10
[GPU 0] [22:23:09] [INFO] New best validation loss: 1.1585 @ step 11
[GPU 0] [22:23:23] [INFO] New best validation loss: 1.1461 @ step 12
[GPU 0] [22:23:35] [INFO] New best validation loss: 1.1349 @ step 13
[GPU 0] [22:23:48] [INFO] New best validation loss: 1.1255 @ step 14
[GPU 0] [22:24:01] [INFO] New best validation loss: 1.1161 @ step 15
[GPU 0] [22:24:13] [INFO] New best validation loss: 1.1082 @ step 16
[GPU 0] [22:24:27] [INFO] New best validation loss: 1.1020 @ step 17
[GPU 0] [22:24:39] [INFO] New best validation loss: 1.0960 @ step 18
[GPU 0] [22:24:52] [INFO] New best validation loss: 1.0905 @ step 19
[GPU 0] [22:25:04] [INFO] New best validation loss: 1.0854 @ step 20
[GPU 0] [22:25:17] [INFO] New best validation loss: 1.0804 @ step 21
[GPU 0] [22:25:29] [INFO] New best validation loss: 1.0763 @ step 22
[GPU 0] [22:25:42] [INFO] New best validation loss: 1.0727 @ step 23
[GPU 0] [22:25:54] [INFO] New best validation loss: 1.0701 @ step 24
[GPU 0] [22:26:07] [INFO] New best validation loss: 1.0682 @ step 25
[GPU 0] [22:26:19] [INFO] New best validation loss: 1.0668 @ step 26
[GPU 0] [22:26:32] [INFO] New best validation loss: 1.0659 @ step 27
[GPU 0] [22:26:45] [INFO] New best validation loss: 1.0651 @ step 28
[GPU 0] [22:26:57] [INFO] New best validation loss: 1.0646 @ step 29
[GPU 0] [22:27:10] [INFO] New best validation loss: 1.0644 @ step 30
[GPU 0] [22:29:30] [INFO] Stop FT @ 42: no val improvement for 10 steps
[GPU 0] [22:29:30] [INFO] Wrote stats.jsonl entries at FT step 30 
[GPU 0] [22:29:31] [INFO] ---- Begin FT | Experts: ['core', 'papers-nuclear'] | Data: ['papers-biology'] ----
[GPU 0] [22:29:31] [DEBUG] num_seq: 512, num_rounds: 200, patience: 10
[GPU 0] [22:29:31] [DEBUG] local_x: torch.Size([64, 1024]), local_y: torch.Size([64, 1024]), num_steps: 3, per_gpu: 64, mbs_size: 23
[GPU 0] [22:29:43] [INFO] New best validation loss: 2.6702 @ step 0
[GPU 0] [22:29:56] [INFO] New best validation loss: 2.6440 @ step 1
[GPU 0] [22:30:12] [INFO] New best validation loss: 2.6342 @ step 2
[GPU 0] [22:30:25] [INFO] New best validation loss: 2.6290 @ step 3
[GPU 0] [22:30:38] [INFO] New best validation loss: 2.6270 @ step 4
[GPU 0] [22:30:50] [INFO] New best validation loss: 2.6264 @ step 5
[GPU 0] [22:33:08] [INFO] Stop FT @ 17: no val improvement for 10 steps
[GPU 0] [22:33:08] [INFO] Wrote stats.jsonl entries at FT step 5 
[GPU 0] [22:33:09] [INFO] ---- Begin FT | Experts: ['core', 'papers-nuclear'] | Data: ['papers-cyber'] ----
[GPU 0] [22:33:09] [DEBUG] num_seq: 512, num_rounds: 200, patience: 10
[GPU 0] [22:33:10] [DEBUG] local_x: torch.Size([64, 1024]), local_y: torch.Size([64, 1024]), num_steps: 3, per_gpu: 64, mbs_size: 23
[GPU 0] [22:33:23] [INFO] New best validation loss: 2.9192 @ step 0
[GPU 0] [22:33:36] [INFO] New best validation loss: 2.8875 @ step 1
[GPU 0] [22:33:48] [INFO] New best validation loss: 2.8792 @ step 2
[GPU 0] [22:34:01] [INFO] New best validation loss: 2.8785 @ step 3
[GPU 0] [22:34:14] [INFO] New best validation loss: 2.8766 @ step 4
[GPU 0] [22:34:27] [INFO] New best validation loss: 2.8762 @ step 5
[GPU 0] [22:36:44] [INFO] Stop FT @ 17: no val improvement for 10 steps
[GPU 0] [22:36:44] [INFO] Wrote stats.jsonl entries at FT step 5 
[GPU 0] [22:36:44] [INFO] ROUTED - ADVERSARIAL FT START
[GPU 0] [22:36:45] [INFO] ---- Begin FT | Experts: ['core', 'papers-cyber'] | Data: ['code-lisp'] ----
[GPU 0] [22:36:45] [DEBUG] num_seq: 512, num_rounds: 200, patience: 10
[GPU 0] [22:36:45] [DEBUG] local_x: torch.Size([64, 1024]), local_y: torch.Size([64, 1024]), num_steps: 3, per_gpu: 64, mbs_size: 23
[GPU 0] [22:36:57] [INFO] New best validation loss: 1.5079 @ step 0
[GPU 0] [22:37:09] [INFO] New best validation loss: 1.4261 @ step 1
[GPU 0] [22:37:21] [INFO] New best validation loss: 1.3566 @ step 2
[GPU 0] [22:37:34] [INFO] New best validation loss: 1.3188 @ step 3
[GPU 0] [22:37:46] [INFO] New best validation loss: 1.2883 @ step 4
[GPU 0] [22:37:58] [INFO] New best validation loss: 1.2604 @ step 5
[GPU 0] [22:38:11] [INFO] New best validation loss: 1.2380 @ step 6
[GPU 0] [22:38:24] [INFO] New best validation loss: 1.2182 @ step 7
[GPU 0] [22:38:37] [INFO] New best validation loss: 1.2010 @ step 8
[GPU 0] [22:38:50] [INFO] New best validation loss: 1.1866 @ step 9
[GPU 0] [22:39:02] [INFO] New best validation loss: 1.1728 @ step 10
[GPU 0] [22:39:14] [INFO] New best validation loss: 1.1593 @ step 11
[GPU 0] [22:39:27] [INFO] New best validation loss: 1.1469 @ step 12
[GPU 0] [22:39:40] [INFO] New best validation loss: 1.1362 @ step 13
[GPU 0] [22:39:53] [INFO] New best validation loss: 1.1267 @ step 14
[GPU 0] [22:40:06] [INFO] New best validation loss: 1.1175 @ step 15
[GPU 0] [22:40:21] [INFO] New best validation loss: 1.1095 @ step 16
[GPU 0] [22:40:34] [INFO] New best validation loss: 1.1029 @ step 17
[GPU 0] [22:40:47] [INFO] New best validation loss: 1.0968 @ step 18
[GPU 0] [22:41:00] [INFO] New best validation loss: 1.0910 @ step 19
[GPU 0] [22:41:13] [INFO] New best validation loss: 1.0860 @ step 20
[GPU 0] [22:41:26] [INFO] New best validation loss: 1.0811 @ step 21
[GPU 0] [22:41:40] [INFO] New best validation loss: 1.0769 @ step 22
[GPU 0] [22:41:52] [INFO] New best validation loss: 1.0737 @ step 23
[GPU 0] [22:42:05] [INFO] New best validation loss: 1.0709 @ step 24
[GPU 0] [22:42:18] [INFO] New best validation loss: 1.0690 @ step 25
[GPU 0] [22:42:31] [INFO] New best validation loss: 1.0675 @ step 26
[GPU 0] [22:42:43] [INFO] New best validation loss: 1.0661 @ step 27
[GPU 0] [22:42:55] [INFO] New best validation loss: 1.0652 @ step 28
[GPU 0] [22:43:08] [INFO] New best validation loss: 1.0646 @ step 29
[GPU 0] [22:43:21] [INFO] New best validation loss: 1.0643 @ step 30
[GPU 0] [22:45:41] [INFO] Stop FT @ 42: no val improvement for 10 steps
[GPU 0] [22:45:41] [INFO] Wrote stats.jsonl entries at FT step 30 
[GPU 0] [22:45:42] [INFO] ---- Begin FT | Experts: ['core', 'papers-cyber'] | Data: ['papers-biology'] ----
[GPU 0] [22:45:42] [DEBUG] num_seq: 512, num_rounds: 200, patience: 10
[GPU 0] [22:45:42] [DEBUG] local_x: torch.Size([64, 1024]), local_y: torch.Size([64, 1024]), num_steps: 3, per_gpu: 64, mbs_size: 23
[GPU 0] [22:45:55] [INFO] New best validation loss: 2.6557 @ step 0
[GPU 0] [22:46:07] [INFO] New best validation loss: 2.6419 @ step 1
[GPU 0] [22:46:19] [INFO] New best validation loss: 2.6280 @ step 2
[GPU 0] [22:46:31] [INFO] New best validation loss: 2.6240 @ step 3
[GPU 0] [22:48:51] [INFO] Stop FT @ 15: no val improvement for 10 steps
[GPU 0] [22:48:51] [INFO] Wrote stats.jsonl entries at FT step 3 
[GPU 0] [22:48:52] [INFO] ---- Begin FT | Experts: ['core', 'papers-cyber'] | Data: ['papers-nuclear'] ----
[GPU 0] [22:48:52] [DEBUG] num_seq: 512, num_rounds: 200, patience: 10
[GPU 0] [22:48:52] [DEBUG] local_x: torch.Size([64, 1024]), local_y: torch.Size([64, 1024]), num_steps: 3, per_gpu: 64, mbs_size: 23
[GPU 0] [22:49:04] [INFO] New best validation loss: 3.0078 @ step 0
[GPU 0] [22:49:16] [INFO] New best validation loss: 2.9809 @ step 1
[GPU 0] [22:49:29] [INFO] New best validation loss: 2.9721 @ step 2
[GPU 0] [22:49:42] [INFO] New best validation loss: 2.9671 @ step 3
[GPU 0] [22:49:54] [INFO] New best validation loss: 2.9640 @ step 4
[GPU 0] [22:50:08] [INFO] New best validation loss: 2.9630 @ step 5
[GPU 0] [22:52:30] [INFO] Stop FT @ 17: no val improvement for 10 steps
[GPU 0] [22:52:30] [INFO] Wrote stats.jsonl entries at FT step 5 
