[GPU 0] [07:25:05] [INFO] Number of GPUs: 8
[GPU 0] [07:25:06] [INFO] Tokenizer vocabulary: 50257
[GPU 0] [07:25:06] [INFO] Set model vocab size to nearest multiple of 64 of tokenizer size: 50304
[GPU 0] [07:25:07] [INFO] target effective batch size: 32, actual effective batch size: 32, micro batch size: 4, accumulation steps: 1, num gpus: 8
[GPU 0] [07:25:07] [INFO] core total number of tokens: 124693822984
[GPU 0] [07:25:07] [INFO] Baseline model has 47,995,776 parameters
[GPU 0] [07:25:07] [INFO] core: chinchilla optimal tokens: 959,915,520, requested proportion: 1.0000, requested number of tokens: 959,915,520.0, 
[GPU 0] [07:25:07] [INFO] aux total number of tokens: 4835776549
[GPU 0] [07:25:07] [INFO] Baseline model has 47,995,776 parameters
[GPU 0] [07:25:07] [INFO] aux: chinchilla optimal tokens: 959,915,520, requested proportion: 0.0100, requested number of tokens: 9,599,155.200000001, 
[GPU 0] [07:25:07] [DEBUG] Saved config to /workspace/gradient-routing/experiments/AGI-1699-New-Dataset-Runs/results/optimize/base/realistic/50M/seed_2/20260421072458572034/config.json
[GPU 0] [07:25:07] [DEBUG] {
    "stages": [
        {
            "name": "baseline",
            "num_checkpoints": -1,
            "lr": 0.0004,
            "res_dir": "/workspace/gradient-routing/experiments/AGI-1699-New-Dataset-Runs/results/optimize/base/realistic/50M/seed_2/20260421072458572034/baseline",
            "do_eval": true,
            "do_sample": false,
            "num_train_evals": 0,
            "do_elicit": false,
            "elicit_eval_prc": 0.5,
            "elicit_num_evals": 100
        }
    ],
    "model": {
        "arch": "base",
        "tokenizer": "GPT2Tokenizer(name_or_path='EleutherAI/gpt-neo-125M', vocab_size=50257, model_max_length=2048, padding_side='right', truncation_side='right', special_tokens={'bos_token': '<|endoftext|>', 'eos_token': '<|endoftext|>', 'unk_token': '<|endoftext|>'}, added_tokens_decoder={\n\t50256: AddedToken(\"<|endoftext|>\", rstrip=False, lstrip=False, single_word=False, normalized=True, special=True),\n}\n)",
        "ctx_len": 1024,
        "vocab_size": 50304,
        "num_layers": 6,
        "num_heads": 8,
        "num_key_value": 2,
        "attn_bias": true,
        "eos_token_id": 50256,
        "embed_dim": 384,
        "mlp_dim": 1536
    },
    "data": {
        "dirs": [
            "/workspace/gradient-routing/experiments/AGI-1699-New-Dataset-Runs/src/data/fineweb",
            "/workspace/gradient-routing/experiments/AGI-1699-New-Dataset-Runs/src/data/code",
            "/workspace/gradient-routing/experiments/AGI-1699-New-Dataset-Runs/src/data/papers"
        ],
        "core": {
            "labels": [
                "fineweb",
                "code-other",
                "papers-other"
            ],
            "method": "optimal",
            "limit": 1.0,
            "dist": {
                "fineweb": 0.84,
                "code-other": 0.15,
                "papers-other": 0.01
            },
            "num_tok": 959915520.0
        },
        "aux": {
            "labels": [
                "code-lisp",
                "papers-biology",
                "papers-nuclear",
                "papers-cyber"
            ],
            "method": "optimal",
            "limit": 0.01,
            "dist": {
                "code-lisp": 0.25,
                "papers-biology": 0.25,
                "papers-nuclear": 0.25,
                "papers-cyber": 0.25
            },
            "num_tok": 9599155.200000001
        }
    },
    "run": {
        "target_effective_batch_size": 32,
        "effective_batch_size": 32,
        "micro_batch_size": 4,
        "accumulation_steps": 1,
        "max_num_test_sequences": 10000,
        "eval_all_labels": false,
        "micro_batch_anchors": [
            [
                400000000.0,
                23
            ],
            [
                5000000000.0,
                2
            ]
        ],
        "epochs": 1,
        "adam_betas": [
            0.9,
            0.95
        ],
        "warmup_prc": 0.02,
        "decay_prc": 0.1,
        "seed": 2,
        "compile": true,
        "is_ddp": true,
        "optimize_routed": true,
        "cleanup_distributed": false,
        "log_level": "DEBUG",
        "num_gpus": 8,
        "process_id": 0,
        "num_base_params": 47995776,
        "device": "cuda",
        "logger": "<Logger training_20260421072458572034 (DEBUG)>",
        "labels": [
            "core",
            "code-lisp",
            "papers-biology",
            "papers-cyber",
            "papers-nuclear"
        ],
        "loaders": {
            "code-lisp": {
                "train": "SingleDataLoader(code-lisp_train_001.bin, len=73)",
                "test": "SingleDataLoader(code-lisp_test_001.bin, len=73)"
            },
            "code-other": {
                "train": "SingleDataLoader(code-other_train_003.bin, len=4394)",
                "test": "InterleavedDataLoader(len=313)"
            },
            "fineweb": {
                "train": "InterleavedDataLoader(len=24607)",
                "test": "InterleavedDataLoader(len=313)"
            },
            "papers-biology": {
                "train": "SingleDataLoader(papers-biology_train.bin, len=73)",
                "test": "SingleDataLoader(papers-biology_test.bin, len=73)"
            },
            "papers-cyber": {
                "train": "SingleDataLoader(papers-cyber_train.bin, len=73)",
                "test": "SingleDataLoader(papers-cyber_test.bin, len=73)"
            },
            "papers-nuclear": {
                "train": "SingleDataLoader(papers-nuclear_train.bin, len=73)",
                "test": "SingleDataLoader(papers-nuclear_test.bin, len=73)"
            },
            "papers-other": {
                "train": "SingleDataLoader(papers-other_train.bin, len=292)",
                "test": "SingleDataLoader(papers-other_test.bin, len=292)"
            },
            "core": {
                "train": "InterleavedDataLoader(len=29293)",
                "test": "InterleavedDataLoader(len=918)"
            },
            "aux": {
                "train": "InterleavedDataLoader(len=292)",
                "test": "InterleavedDataLoader(len=292)"
            },
            "all": {
                "train": "InterleavedDataLoader(len=29585)",
                "test": "InterleavedDataLoader(len=1210)"
            }
        },
        "res_root": "/workspace/gradient-routing/experiments/AGI-1699-New-Dataset-Runs/results/optimize/base/realistic/50M/seed_2",
        "experiment_id": "20260421072458572034",
        "s3_bucket": "ae-gradient-routing-results",
        "s3_prefix": "optimize/base/realistic/50M/seed_2"
    }
}
[GPU 0] [07:25:07] [INFO] Loader code-lisp train: 73, test: 73
[GPU 0] [07:25:07] [INFO] Loader code-other train: 4394, test: 313
[GPU 0] [07:25:07] [INFO] Loader fineweb train: 24607, test: 313
[GPU 0] [07:25:07] [INFO] Loader papers-biology train: 73, test: 73
[GPU 0] [07:25:07] [INFO] Loader papers-cyber train: 73, test: 73
[GPU 0] [07:25:07] [INFO] Loader papers-nuclear train: 73, test: 73
[GPU 0] [07:25:07] [INFO] Loader papers-other train: 292, test: 292
[GPU 0] [07:25:07] [INFO] Loader core train: 29293, test: 918
[GPU 0] [07:25:07] [INFO] Loader aux train: 292, test: 292
[GPU 0] [07:25:07] [INFO] Loader all train: 29585, test: 1210
[GPU 0] [07:25:07] [INFO] Stage [baseline] start: {"name": "baseline", "num_checkpoints": -1, "lr": 0.0004, "res_dir": "/workspace/gradient-routing/experiments/AGI-1699-New-Dataset-Runs/results/optimize/base/realistic/50M/seed_2/20260421072458572034/baseline", "do_eval": true, "do_sample": false, "num_train_evals": 0, "do_elicit": false, "elicit_eval_prc": 0.5, "elicit_num_evals": 100}
[GPU 0] [07:25:07] [INFO] BASELINE START
[GPU 0] [07:25:07] [INFO] Initialized BaseTransformer with 47,995,776 total parameters
[GPU 0] [07:25:07] [INFO] Compiling BaseTransformer with torch.compile...
[GPU 0] [07:25:08] [INFO] torch.compile done
[GPU 0] [07:25:08] [WARNING] restore_partial_state: no checkpoint found at /workspace/gradient-routing/experiments/AGI-1699-New-Dataset-Runs/results/optimize/base/realistic/50M/seed_2/20260421072458572034/baseline
[GPU 0] [07:25:08] [INFO] ---- Begin Train | Data Labels: ['all'] ----
[GPU 0] [07:25:08] [INFO] warmup_steps: 592
[GPU 0] [07:25:08] [INFO] constant_steps: 26035
[GPU 0] [07:25:08] [INFO] decay_steps: 2958
[GPU 0] [07:25:08] [INFO] LR Scheduler: Warmup Start
[GPU 0] [07:25:36] [INFO] Step: 1, LR: 6.86e-07
[GPU 0] [07:25:36] [INFO] Train Loss: CORE: 10.94 CODE-LISP: nan PAPERS-BIOLOGY: nan PAPERS-CYBER: nan PAPERS-NUCLEAR: nan 
[GPU 0] [07:25:42] [INFO] LR Scheduler: Constant Start
[GPU 0] [07:25:47] [INFO] Step: 1000, LR: 4.00e-04
[GPU 0] [07:25:47] [INFO] Train Loss: CORE: 5.50 CODE-LISP: 7.03 PAPERS-BIOLOGY: 7.35 PAPERS-CYBER: nan PAPERS-NUCLEAR: 6.66 
[GPU 0] [07:25:58] [INFO] Step: 2000, LR: 4.00e-04
[GPU 0] [07:25:58] [INFO] Train Loss: CORE: 4.60 CODE-LISP: 6.12 PAPERS-BIOLOGY: 7.12 PAPERS-CYBER: 5.62 PAPERS-NUCLEAR: 6.43 
[GPU 0] [07:26:09] [INFO] Step: 3000, LR: 4.00e-04
[GPU 0] [07:26:09] [INFO] Train Loss: CORE: 4.36 CODE-LISP: 5.59 PAPERS-BIOLOGY: 6.89 PAPERS-CYBER: 5.37 PAPERS-NUCLEAR: 6.43 
[GPU 0] [07:26:20] [INFO] Step: 4000, LR: 4.00e-04
[GPU 0] [07:26:20] [INFO] Train Loss: CORE: 3.97 CODE-LISP: 4.77 PAPERS-BIOLOGY: 6.89 PAPERS-CYBER: 5.19 PAPERS-NUCLEAR: 6.43 
[GPU 0] [07:26:31] [INFO] Step: 5000, LR: 4.00e-04
[GPU 0] [07:26:31] [INFO] Train Loss: CORE: 3.79 CODE-LISP: 3.78 PAPERS-BIOLOGY: 6.61 PAPERS-CYBER: 4.62 PAPERS-NUCLEAR: 5.76 
[GPU 0] [07:26:41] [INFO] Step: 6000, LR: 4.00e-04
[GPU 0] [07:26:41] [INFO] Train Loss: CORE: 3.84 CODE-LISP: 3.18 PAPERS-BIOLOGY: 6.41 PAPERS-CYBER: 4.62 PAPERS-NUCLEAR: 5.20 
[GPU 0] [07:26:52] [INFO] Step: 7000, LR: 4.00e-04
[GPU 0] [07:26:52] [INFO] Train Loss: CORE: 4.38 CODE-LISP: 2.85 PAPERS-BIOLOGY: 4.84 PAPERS-CYBER: 4.55 PAPERS-NUCLEAR: 4.94 
[GPU 0] [07:27:03] [INFO] Step: 8000, LR: 4.00e-04
[GPU 0] [07:27:03] [INFO] Train Loss: CORE: 4.32 CODE-LISP: 2.50 PAPERS-BIOLOGY: 4.17 PAPERS-CYBER: 4.52 PAPERS-NUCLEAR: 4.38 
[GPU 0] [07:27:14] [INFO] Step: 9000, LR: 4.00e-04
[GPU 0] [07:27:14] [INFO] Train Loss: CORE: 3.88 CODE-LISP: 2.51 PAPERS-BIOLOGY: 4.09 PAPERS-CYBER: 4.37 PAPERS-NUCLEAR: 4.22 
[GPU 0] [07:27:25] [INFO] Step: 10000, LR: 4.00e-04
[GPU 0] [07:27:25] [INFO] Train Loss: CORE: 3.91 CODE-LISP: 2.42 PAPERS-BIOLOGY: 4.09 PAPERS-CYBER: 4.38 PAPERS-NUCLEAR: 4.18 
[GPU 0] [07:27:36] [INFO] Step: 11000, LR: 4.00e-04
[GPU 0] [07:27:36] [INFO] Train Loss: CORE: 3.83 CODE-LISP: 2.41 PAPERS-BIOLOGY: 4.09 PAPERS-CYBER: 4.28 PAPERS-NUCLEAR: 4.14 
[GPU 0] [07:27:47] [INFO] Step: 12000, LR: 4.00e-04
[GPU 0] [07:27:47] [INFO] Train Loss: CORE: 3.92 CODE-LISP: 2.33 PAPERS-BIOLOGY: 4.01 PAPERS-CYBER: 4.24 PAPERS-NUCLEAR: 4.14 
[GPU 0] [07:27:58] [INFO] Step: 13000, LR: 4.00e-04
[GPU 0] [07:27:58] [INFO] Train Loss: CORE: 3.47 CODE-LISP: 2.04 PAPERS-BIOLOGY: 3.97 PAPERS-CYBER: 4.23 PAPERS-NUCLEAR: 4.14 
[GPU 0] [07:28:09] [INFO] Step: 14000, LR: 4.00e-04
[GPU 0] [07:28:09] [INFO] Train Loss: CORE: 3.52 CODE-LISP: 1.98 PAPERS-BIOLOGY: 3.96 PAPERS-CYBER: 4.22 PAPERS-NUCLEAR: 4.09 
[GPU 0] [07:28:19] [INFO] Step: 15000, LR: 4.00e-04
[GPU 0] [07:28:19] [INFO] Train Loss: CORE: 4.00 CODE-LISP: 1.96 PAPERS-BIOLOGY: 3.96 PAPERS-CYBER: 4.20 PAPERS-NUCLEAR: 4.02 
[GPU 0] [07:28:30] [INFO] Step: 16000, LR: 4.00e-04
[GPU 0] [07:28:30] [INFO] Train Loss: CORE: 3.77 CODE-LISP: 1.97 PAPERS-BIOLOGY: 4.01 PAPERS-CYBER: 4.21 PAPERS-NUCLEAR: 3.95 
[GPU 0] [07:28:41] [INFO] Step: 17000, LR: 4.00e-04
[GPU 0] [07:28:41] [INFO] Train Loss: CORE: 3.78 CODE-LISP: 2.09 PAPERS-BIOLOGY: 4.01 PAPERS-CYBER: 4.18 PAPERS-NUCLEAR: 3.86 
[GPU 0] [07:28:52] [INFO] Step: 18000, LR: 4.00e-04
[GPU 0] [07:28:52] [INFO] Train Loss: CORE: 4.09 CODE-LISP: 2.08 PAPERS-BIOLOGY: 3.97 PAPERS-CYBER: 4.08 PAPERS-NUCLEAR: 3.97 
[GPU 0] [07:29:03] [INFO] Step: 19000, LR: 4.00e-04
[GPU 0] [07:29:03] [INFO] Train Loss: CORE: 4.06 CODE-LISP: 2.12 PAPERS-BIOLOGY: 3.96 PAPERS-CYBER: 4.06 PAPERS-NUCLEAR: 4.05 
[GPU 0] [07:29:14] [INFO] Step: 20000, LR: 4.00e-04
[GPU 0] [07:29:14] [INFO] Train Loss: CORE: 3.20 CODE-LISP: 2.05 PAPERS-BIOLOGY: 3.89 PAPERS-CYBER: 4.07 PAPERS-NUCLEAR: 4.14 
[GPU 0] [07:29:25] [INFO] Step: 21000, LR: 4.00e-04
[GPU 0] [07:29:25] [INFO] Train Loss: CORE: 3.91 CODE-LISP: 2.05 PAPERS-BIOLOGY: 3.89 PAPERS-CYBER: 3.97 PAPERS-NUCLEAR: 4.03 
[GPU 0] [07:29:36] [INFO] Step: 22000, LR: 4.00e-04
[GPU 0] [07:29:36] [INFO] Train Loss: CORE: 3.57 CODE-LISP: 2.09 PAPERS-BIOLOGY: 3.82 PAPERS-CYBER: 3.97 PAPERS-NUCLEAR: 3.97 
[GPU 0] [07:29:46] [INFO] Step: 23000, LR: 4.00e-04
[GPU 0] [07:29:46] [INFO] Train Loss: CORE: 3.28 CODE-LISP: 1.93 PAPERS-BIOLOGY: 3.82 PAPERS-CYBER: 3.97 PAPERS-NUCLEAR: 3.93 
[GPU 0] [07:29:57] [INFO] Step: 24000, LR: 4.00e-04
[GPU 0] [07:29:57] [INFO] Train Loss: CORE: 3.80 CODE-LISP: 1.92 PAPERS-BIOLOGY: 3.84 PAPERS-CYBER: 3.94 PAPERS-NUCLEAR: 3.87 
[GPU 0] [07:30:08] [INFO] Step: 25000, LR: 4.00e-04
[GPU 0] [07:30:08] [INFO] Train Loss: CORE: 3.73 CODE-LISP: 1.94 PAPERS-BIOLOGY: 3.88 PAPERS-CYBER: 4.00 PAPERS-NUCLEAR: 3.96 
[GPU 0] [07:30:19] [INFO] Step: 26000, LR: 4.00e-04
[GPU 0] [07:30:19] [INFO] Train Loss: CORE: 3.77 CODE-LISP: 1.92 PAPERS-BIOLOGY: 3.92 PAPERS-CYBER: 4.00 PAPERS-NUCLEAR: 3.96 
[GPU 0] [07:30:26] [INFO] LR Scheduler: Decay Start
[GPU 0] [07:30:30] [INFO] Step: 27000, LR: 3.50e-04
[GPU 0] [07:30:30] [INFO] Train Loss: CORE: 3.76 CODE-LISP: 1.80 PAPERS-BIOLOGY: 3.87 PAPERS-CYBER: 4.00 PAPERS-NUCLEAR: 4.03 
[GPU 0] [07:30:41] [INFO] Step: 28000, LR: 2.14e-04
[GPU 0] [07:30:41] [INFO] Train Loss: CORE: 3.68 CODE-LISP: 1.82 PAPERS-BIOLOGY: 3.69 PAPERS-CYBER: 3.95 PAPERS-NUCLEAR: 3.97 
[GPU 0] [07:30:52] [INFO] Step: 29000, LR: 7.91e-05
[GPU 0] [07:30:52] [INFO] Train Loss: CORE: 2.87 CODE-LISP: 1.80 PAPERS-BIOLOGY: 3.65 PAPERS-CYBER: 3.97 PAPERS-NUCLEAR: 3.87 
[GPU 0] [07:30:58] [INFO] Step: 29585, LR: 1.00e-08
[GPU 0] [07:30:58] [INFO] Train Loss: CORE: 3.63 CODE-LISP: 1.80 PAPERS-BIOLOGY: 3.65 PAPERS-CYBER: 3.98 PAPERS-NUCLEAR: 3.85 
[GPU 0] [07:30:58] [INFO] ---- Begin Eval ----
[GPU 0] [07:30:58] [INFO] Data: core | Experts: None
[GPU 0] [07:31:12] [INFO] loss: 2.90542150
[GPU 0] [07:31:12] [INFO] Data: code-lisp | Experts: None
[GPU 0] [07:31:12] [INFO] loss: 1.82565010
[GPU 0] [07:31:12] [INFO] Data: papers-biology | Experts: None
[GPU 0] [07:31:12] [INFO] loss: 3.67364097
[GPU 0] [07:31:12] [INFO] Data: papers-nuclear | Experts: None
[GPU 0] [07:31:12] [INFO] loss: 3.80856705
[GPU 0] [07:31:12] [INFO] Data: papers-cyber | Experts: None
[GPU 0] [07:31:13] [INFO] loss: 3.92350698
[GPU 0] [07:31:18] [INFO] ----------------------------------------
[GPU 0] [07:31:18] [INFO] Finished. See /workspace/gradient-routing/experiments/AGI-1699-New-Dataset-Runs/results/optimize/base/realistic/50M/seed_2/20260421072458572034
