[GPU 0] [06:29:11] [INFO] Number of GPUs: 8
[GPU 0] [06:29:12] [INFO] Tokenizer vocabulary: 50257
[GPU 0] [06:29:12] [INFO] Set model vocab size to nearest multiple of 64 of tokenizer size: 50304
[GPU 0] [06:29:13] [INFO] target effective batch size: 32, actual effective batch size: 32, micro batch size: 4, accumulation steps: 1, num gpus: 8
[GPU 0] [06:29:13] [INFO] core total number of tokens: 66749057569
[GPU 0] [06:29:13] [INFO] Baseline model has 103,201,984 parameters
[GPU 0] [06:29:13] [INFO] core: chinchilla optimal tokens: 2,064,039,680, requested proportion: 1.0000, requested number of tokens: 2,064,039,680.0, 
[GPU 0] [06:29:13] [INFO] aux total number of tokens: 4835776549
[GPU 0] [06:29:13] [INFO] Baseline model has 103,201,984 parameters
[GPU 0] [06:29:13] [INFO] aux: chinchilla optimal tokens: 2,064,039,680, requested proportion: 0.0100, requested number of tokens: 20,640,396.8, 
[GPU 0] [06:29:13] [DEBUG] Saved config to /workspace/gradient-routing/experiments/AGI-1699-New-Dataset-Runs/results/optimize/base/realistic/100M/seed_1/20260421062903218462/config.json
[GPU 0] [06:29:13] [DEBUG] {
    "stages": [
        {
            "name": "baseline",
            "num_checkpoints": -1,
            "lr": 0.0008,
            "res_dir": "/workspace/gradient-routing/experiments/AGI-1699-New-Dataset-Runs/results/optimize/base/realistic/100M/seed_1/20260421062903218462/baseline",
            "do_eval": true,
            "do_sample": false,
            "num_train_evals": 0,
            "do_elicit": false,
            "elicit_eval_prc": 0.5,
            "elicit_num_evals": 100
        }
    ],
    "model": {
        "arch": "base",
        "tokenizer": "GPT2Tokenizer(name_or_path='EleutherAI/gpt-neo-125M', vocab_size=50257, model_max_length=2048, padding_side='right', truncation_side='right', special_tokens={'bos_token': '<|endoftext|>', 'eos_token': '<|endoftext|>', 'unk_token': '<|endoftext|>'}, added_tokens_decoder={\n\t50256: AddedToken(\"<|endoftext|>\", rstrip=False, lstrip=False, single_word=False, normalized=True, special=True),\n}\n)",
        "ctx_len": 1024,
        "vocab_size": 50304,
        "num_layers": 9,
        "num_heads": 8,
        "num_key_value": 2,
        "attn_bias": true,
        "eos_token_id": 50256,
        "embed_dim": 640,
        "mlp_dim": 2560
    },
    "data": {
        "dirs": [
            "/workspace/gradient-routing/experiments/AGI-1699-New-Dataset-Runs/src/data/fineweb",
            "/workspace/gradient-routing/experiments/AGI-1699-New-Dataset-Runs/src/data/code",
            "/workspace/gradient-routing/experiments/AGI-1699-New-Dataset-Runs/src/data/papers"
        ],
        "core": {
            "labels": [
                "fineweb",
                "code-other",
                "papers-other"
            ],
            "method": "optimal",
            "limit": 1.0,
            "dist": {
                "fineweb": 0.84,
                "code-other": 0.15,
                "papers-other": 0.01
            },
            "num_tok": 2064039680.0
        },
        "aux": {
            "labels": [
                "code-lisp",
                "papers-biology",
                "papers-nuclear",
                "papers-cyber"
            ],
            "method": "optimal",
            "limit": 0.01,
            "dist": {
                "code-lisp": 0.25,
                "papers-biology": 0.25,
                "papers-nuclear": 0.25,
                "papers-cyber": 0.25
            },
            "num_tok": 20640396.8
        }
    },
    "run": {
        "target_effective_batch_size": 32,
        "effective_batch_size": 32,
        "micro_batch_size": 4,
        "accumulation_steps": 1,
        "max_num_test_sequences": 10000,
        "eval_all_labels": false,
        "micro_batch_anchors": [
            [
                400000000.0,
                23
            ],
            [
                5000000000.0,
                2
            ]
        ],
        "epochs": 1,
        "adam_betas": [
            0.9,
            0.95
        ],
        "warmup_prc": 0.02,
        "decay_prc": 0.1,
        "seed": 1,
        "compile": true,
        "is_ddp": true,
        "optimize_routed": true,
        "cleanup_distributed": false,
        "log_level": "DEBUG",
        "num_gpus": 8,
        "process_id": 0,
        "num_base_params": 103201984,
        "device": "cuda",
        "logger": "<Logger training_20260421062903218462 (DEBUG)>",
        "labels": [
            "core",
            "code-lisp",
            "papers-biology",
            "papers-cyber",
            "papers-nuclear"
        ],
        "loaders": {
            "code-lisp": {
                "train": "SingleDataLoader(code-lisp_train_001.bin, len=157)",
                "test": "SingleDataLoader(code-lisp_test_001.bin, len=157)"
            },
            "code-other": {
                "train": "SingleDataLoader(code-other_train_010.bin, len=9448)",
                "test": "SingleDataLoader(code-other_test_010.bin, len=313)"
            },
            "fineweb": {
                "train": "InterleavedDataLoader(len=52911)",
                "test": "InterleavedDataLoader(len=313)"
            },
            "papers-biology": {
                "train": "SingleDataLoader(papers-biology_train.bin, len=157)",
                "test": "SingleDataLoader(papers-biology_test.bin, len=157)"
            },
            "papers-cyber": {
                "train": "SingleDataLoader(papers-cyber_train.bin, len=157)",
                "test": "SingleDataLoader(papers-cyber_test.bin, len=157)"
            },
            "papers-nuclear": {
                "train": "SingleDataLoader(papers-nuclear_train.bin, len=157)",
                "test": "SingleDataLoader(papers-nuclear_test.bin, len=157)"
            },
            "papers-other": {
                "train": "SingleDataLoader(papers-other_train.bin, len=629)",
                "test": "SingleDataLoader(papers-other_test.bin, len=313)"
            },
            "core": {
                "train": "InterleavedDataLoader(len=62988)",
                "test": "InterleavedDataLoader(len=939)"
            },
            "aux": {
                "train": "InterleavedDataLoader(len=628)",
                "test": "InterleavedDataLoader(len=628)"
            },
            "all": {
                "train": "InterleavedDataLoader(len=63616)",
                "test": "InterleavedDataLoader(len=1567)"
            }
        },
        "res_root": "/workspace/gradient-routing/experiments/AGI-1699-New-Dataset-Runs/results/optimize/base/realistic/100M/seed_1",
        "experiment_id": "20260421062903218462",
        "s3_bucket": "ae-gradient-routing-results",
        "s3_prefix": "optimize/base/realistic/100M/seed_1"
    }
}
[GPU 0] [06:29:13] [INFO] Loader code-lisp train: 157, test: 157
[GPU 0] [06:29:13] [INFO] Loader code-other train: 9448, test: 313
[GPU 0] [06:29:13] [INFO] Loader fineweb train: 52911, test: 313
[GPU 0] [06:29:13] [INFO] Loader papers-biology train: 157, test: 157
[GPU 0] [06:29:13] [INFO] Loader papers-cyber train: 157, test: 157
[GPU 0] [06:29:13] [INFO] Loader papers-nuclear train: 157, test: 157
[GPU 0] [06:29:13] [INFO] Loader papers-other train: 629, test: 313
[GPU 0] [06:29:13] [INFO] Loader core train: 62988, test: 939
[GPU 0] [06:29:13] [INFO] Loader aux train: 628, test: 628
[GPU 0] [06:29:13] [INFO] Loader all train: 63616, test: 1567
[GPU 0] [06:29:13] [INFO] Stage [baseline] start: {"name": "baseline", "num_checkpoints": -1, "lr": 0.0008, "res_dir": "/workspace/gradient-routing/experiments/AGI-1699-New-Dataset-Runs/results/optimize/base/realistic/100M/seed_1/20260421062903218462/baseline", "do_eval": true, "do_sample": false, "num_train_evals": 0, "do_elicit": false, "elicit_eval_prc": 0.5, "elicit_num_evals": 100}
[GPU 0] [06:29:13] [INFO] BASELINE START
[GPU 0] [06:29:14] [INFO] Initialized BaseTransformer with 103,201,984 total parameters
[GPU 0] [06:29:14] [INFO] Compiling BaseTransformer with torch.compile...
[GPU 0] [06:29:14] [INFO] torch.compile done
[GPU 0] [06:29:14] [WARNING] restore_partial_state: no checkpoint found at /workspace/gradient-routing/experiments/AGI-1699-New-Dataset-Runs/results/optimize/base/realistic/100M/seed_1/20260421062903218462/baseline
[GPU 0] [06:29:14] [INFO] ---- Begin Train | Data Labels: ['all'] ----
[GPU 0] [06:29:14] [INFO] warmup_steps: 1272
[GPU 0] [06:29:14] [INFO] constant_steps: 55982
[GPU 0] [06:29:14] [INFO] decay_steps: 6362
[GPU 0] [06:29:14] [INFO] LR Scheduler: Warmup Start
[GPU 0] [06:29:55] [INFO] Step: 1, LR: 6.39e-07
[GPU 0] [06:29:55] [INFO] Train Loss: CORE: 11.00 CODE-LISP: nan PAPERS-BIOLOGY: nan PAPERS-CYBER: nan PAPERS-NUCLEAR: nan 
[GPU 0] [06:30:13] [INFO] Step: 1000, LR: 6.29e-04
[GPU 0] [06:30:13] [INFO] Train Loss: CORE: 4.48 CODE-LISP: 6.94 PAPERS-BIOLOGY: 6.39 PAPERS-CYBER: 6.56 PAPERS-NUCLEAR: 6.29 
[GPU 0] [06:30:17] [INFO] LR Scheduler: Constant Start
[GPU 0] [06:30:30] [INFO] Step: 2000, LR: 8.00e-04
[GPU 0] [06:30:30] [INFO] Train Loss: CORE: 4.56 CODE-LISP: 5.05 PAPERS-BIOLOGY: 5.53 PAPERS-CYBER: 5.50 PAPERS-NUCLEAR: 5.95 
[GPU 0] [06:30:48] [INFO] Step: 3000, LR: 8.00e-04
[GPU 0] [06:30:48] [INFO] Train Loss: CORE: 4.02 CODE-LISP: 4.00 PAPERS-BIOLOGY: 5.18 PAPERS-CYBER: 5.01 PAPERS-NUCLEAR: 5.68 
[GPU 0] [06:31:05] [INFO] Step: 4000, LR: 8.00e-04
[GPU 0] [06:31:05] [INFO] Train Loss: CORE: 4.22 CODE-LISP: 3.34 PAPERS-BIOLOGY: 4.82 PAPERS-CYBER: 4.82 PAPERS-NUCLEAR: 4.95 
[GPU 0] [06:31:23] [INFO] Step: 5000, LR: 8.00e-04
[GPU 0] [06:31:23] [INFO] Train Loss: CORE: 3.08 CODE-LISP: 2.97 PAPERS-BIOLOGY: 4.22 PAPERS-CYBER: 4.75 PAPERS-NUCLEAR: 4.74 
[GPU 0] [06:31:40] [INFO] Step: 6000, LR: 8.00e-04
[GPU 0] [06:31:40] [INFO] Train Loss: CORE: 2.67 CODE-LISP: 2.72 PAPERS-BIOLOGY: 4.03 PAPERS-CYBER: 4.14 PAPERS-NUCLEAR: 4.58 
[GPU 0] [06:31:58] [INFO] Step: 7000, LR: 8.00e-04
[GPU 0] [06:31:58] [INFO] Train Loss: CORE: 2.63 CODE-LISP: 2.72 PAPERS-BIOLOGY: 4.03 PAPERS-CYBER: 4.08 PAPERS-NUCLEAR: 4.45 
[GPU 0] [06:32:15] [INFO] Step: 8000, LR: 8.00e-04
[GPU 0] [06:32:15] [INFO] Train Loss: CORE: 3.37 CODE-LISP: 2.30 PAPERS-BIOLOGY: 3.95 PAPERS-CYBER: 4.03 PAPERS-NUCLEAR: 4.22 
[GPU 0] [06:32:33] [INFO] Step: 9000, LR: 8.00e-04
[GPU 0] [06:32:33] [INFO] Train Loss: CORE: 3.21 CODE-LISP: 2.24 PAPERS-BIOLOGY: 3.95 PAPERS-CYBER: 3.90 PAPERS-NUCLEAR: 4.23 
[GPU 0] [06:32:50] [INFO] Step: 10000, LR: 8.00e-04
[GPU 0] [06:32:50] [INFO] Train Loss: CORE: 3.16 CODE-LISP: 2.06 PAPERS-BIOLOGY: 3.95 PAPERS-CYBER: 3.92 PAPERS-NUCLEAR: 4.19 
[GPU 0] [06:33:08] [INFO] Step: 11000, LR: 8.00e-04
[GPU 0] [06:33:08] [INFO] Train Loss: CORE: 3.75 CODE-LISP: 2.16 PAPERS-BIOLOGY: 3.87 PAPERS-CYBER: 3.87 PAPERS-NUCLEAR: 4.01 
[GPU 0] [06:33:25] [INFO] Step: 12000, LR: 8.00e-04
[GPU 0] [06:33:25] [INFO] Train Loss: CORE: 3.53 CODE-LISP: 1.95 PAPERS-BIOLOGY: 3.68 PAPERS-CYBER: 3.75 PAPERS-NUCLEAR: 3.98 
[GPU 0] [06:33:43] [INFO] Step: 13000, LR: 8.00e-04
[GPU 0] [06:33:43] [INFO] Train Loss: CORE: 3.60 CODE-LISP: 1.87 PAPERS-BIOLOGY: 3.68 PAPERS-CYBER: 3.78 PAPERS-NUCLEAR: 3.89 
[GPU 0] [06:34:00] [INFO] Step: 14000, LR: 8.00e-04
[GPU 0] [06:34:00] [INFO] Train Loss: CORE: 3.27 CODE-LISP: 1.89 PAPERS-BIOLOGY: 3.56 PAPERS-CYBER: 3.76 PAPERS-NUCLEAR: 3.96 
[GPU 0] [06:34:17] [INFO] Step: 15000, LR: 8.00e-04
[GPU 0] [06:34:17] [INFO] Train Loss: CORE: 3.21 CODE-LISP: 1.67 PAPERS-BIOLOGY: 3.59 PAPERS-CYBER: 3.70 PAPERS-NUCLEAR: 3.97 
[GPU 0] [06:34:35] [INFO] Step: 16000, LR: 8.00e-04
[GPU 0] [06:34:35] [INFO] Train Loss: CORE: 3.44 CODE-LISP: 1.64 PAPERS-BIOLOGY: 3.49 PAPERS-CYBER: 3.75 PAPERS-NUCLEAR: 3.90 
[GPU 0] [06:34:52] [INFO] Step: 17000, LR: 8.00e-04
[GPU 0] [06:34:52] [INFO] Train Loss: CORE: 3.66 CODE-LISP: 1.78 PAPERS-BIOLOGY: 3.42 PAPERS-CYBER: 3.82 PAPERS-NUCLEAR: 3.79 
[GPU 0] [06:35:10] [INFO] Step: 18000, LR: 8.00e-04
[GPU 0] [06:35:10] [INFO] Train Loss: CORE: 3.15 CODE-LISP: 1.82 PAPERS-BIOLOGY: 3.40 PAPERS-CYBER: 3.81 PAPERS-NUCLEAR: 3.75 
[GPU 0] [06:35:27] [INFO] Step: 19000, LR: 8.00e-04
[GPU 0] [06:35:27] [INFO] Train Loss: CORE: 3.51 CODE-LISP: 1.82 PAPERS-BIOLOGY: 3.40 PAPERS-CYBER: 3.80 PAPERS-NUCLEAR: 3.75 
[GPU 0] [06:35:45] [INFO] Step: 20000, LR: 8.00e-04
[GPU 0] [06:35:45] [INFO] Train Loss: CORE: 3.43 CODE-LISP: 1.78 PAPERS-BIOLOGY: 3.47 PAPERS-CYBER: 3.79 PAPERS-NUCLEAR: 3.79 
[GPU 0] [06:36:02] [INFO] Step: 21000, LR: 8.00e-04
[GPU 0] [06:36:02] [INFO] Train Loss: CORE: 2.70 CODE-LISP: 1.84 PAPERS-BIOLOGY: 3.37 PAPERS-CYBER: 3.77 PAPERS-NUCLEAR: 3.80 
[GPU 0] [06:36:20] [INFO] Step: 22000, LR: 8.00e-04
[GPU 0] [06:36:20] [INFO] Train Loss: CORE: 3.14 CODE-LISP: 1.78 PAPERS-BIOLOGY: 3.35 PAPERS-CYBER: 3.67 PAPERS-NUCLEAR: 3.78 
[GPU 0] [06:36:37] [INFO] Step: 23000, LR: 8.00e-04
[GPU 0] [06:36:37] [INFO] Train Loss: CORE: 3.68 CODE-LISP: 1.72 PAPERS-BIOLOGY: 3.46 PAPERS-CYBER: 3.68 PAPERS-NUCLEAR: 3.81 
[GPU 0] [06:36:55] [INFO] Step: 24000, LR: 8.00e-04
[GPU 0] [06:36:55] [INFO] Train Loss: CORE: 3.14 CODE-LISP: 1.68 PAPERS-BIOLOGY: 3.48 PAPERS-CYBER: 3.74 PAPERS-NUCLEAR: 3.79 
[GPU 0] [06:37:12] [INFO] Step: 25000, LR: 8.00e-04
[GPU 0] [06:37:12] [INFO] Train Loss: CORE: 3.60 CODE-LISP: 1.88 PAPERS-BIOLOGY: 3.48 PAPERS-CYBER: 3.73 PAPERS-NUCLEAR: 3.80 
[GPU 0] [06:37:30] [INFO] Step: 26000, LR: 8.00e-04
[GPU 0] [06:37:30] [INFO] Train Loss: CORE: 3.54 CODE-LISP: 1.94 PAPERS-BIOLOGY: 3.48 PAPERS-CYBER: 3.75 PAPERS-NUCLEAR: 3.96 
[GPU 0] [06:37:48] [INFO] Step: 27000, LR: 8.00e-04
[GPU 0] [06:37:48] [INFO] Train Loss: CORE: 3.46 CODE-LISP: 1.81 PAPERS-BIOLOGY: 3.50 PAPERS-CYBER: 3.77 PAPERS-NUCLEAR: 3.95 
[GPU 0] [06:38:05] [INFO] Step: 28000, LR: 8.00e-04
[GPU 0] [06:38:05] [INFO] Train Loss: CORE: 3.40 CODE-LISP: 1.59 PAPERS-BIOLOGY: 3.51 PAPERS-CYBER: 3.70 PAPERS-NUCLEAR: 3.93 
[GPU 0] [06:38:23] [INFO] Step: 29000, LR: 8.00e-04
[GPU 0] [06:38:23] [INFO] Train Loss: CORE: 3.67 CODE-LISP: 1.48 PAPERS-BIOLOGY: 3.54 PAPERS-CYBER: 3.65 PAPERS-NUCLEAR: 3.80 
[GPU 0] [06:38:40] [INFO] Step: 30000, LR: 8.00e-04
[GPU 0] [06:38:40] [INFO] Train Loss: CORE: 3.45 CODE-LISP: 1.41 PAPERS-BIOLOGY: 3.52 PAPERS-CYBER: 3.61 PAPERS-NUCLEAR: 3.71 
[GPU 0] [06:38:58] [INFO] Step: 31000, LR: 8.00e-04
[GPU 0] [06:38:58] [INFO] Train Loss: CORE: 3.14 CODE-LISP: 1.33 PAPERS-BIOLOGY: 3.46 PAPERS-CYBER: 3.65 PAPERS-NUCLEAR: 3.71 
[GPU 0] [06:39:15] [INFO] Step: 32000, LR: 8.00e-04
[GPU 0] [06:39:15] [INFO] Train Loss: CORE: 3.14 CODE-LISP: 1.38 PAPERS-BIOLOGY: 3.33 PAPERS-CYBER: 3.65 PAPERS-NUCLEAR: 3.74 
[GPU 0] [06:39:33] [INFO] Step: 33000, LR: 8.00e-04
[GPU 0] [06:39:33] [INFO] Train Loss: CORE: 3.42 CODE-LISP: 1.37 PAPERS-BIOLOGY: 3.31 PAPERS-CYBER: 3.63 PAPERS-NUCLEAR: 3.77 
[GPU 0] [06:39:50] [INFO] Step: 34000, LR: 8.00e-04
[GPU 0] [06:39:50] [INFO] Train Loss: CORE: 3.12 CODE-LISP: 1.37 PAPERS-BIOLOGY: 3.33 PAPERS-CYBER: 3.63 PAPERS-NUCLEAR: 3.74 
[GPU 0] [06:40:08] [INFO] Step: 35000, LR: 8.00e-04
[GPU 0] [06:40:08] [INFO] Train Loss: CORE: 2.48 CODE-LISP: 1.64 PAPERS-BIOLOGY: 3.35 PAPERS-CYBER: 3.68 PAPERS-NUCLEAR: 3.72 
[GPU 0] [06:40:26] [INFO] Step: 36000, LR: 8.00e-04
[GPU 0] [06:40:26] [INFO] Train Loss: CORE: 3.61 CODE-LISP: 1.69 PAPERS-BIOLOGY: 3.35 PAPERS-CYBER: 3.66 PAPERS-NUCLEAR: 3.64 
[GPU 0] [06:40:43] [INFO] Step: 37000, LR: 8.00e-04
[GPU 0] [06:40:43] [INFO] Train Loss: CORE: 3.27 CODE-LISP: 1.75 PAPERS-BIOLOGY: 3.29 PAPERS-CYBER: 3.62 PAPERS-NUCLEAR: 3.64 
[GPU 0] [06:41:01] [INFO] Step: 38000, LR: 8.00e-04
[GPU 0] [06:41:01] [INFO] Train Loss: CORE: 3.12 CODE-LISP: 1.81 PAPERS-BIOLOGY: 3.45 PAPERS-CYBER: 3.77 PAPERS-NUCLEAR: 3.68 
[GPU 0] [06:41:18] [INFO] Step: 39000, LR: 8.00e-04
[GPU 0] [06:41:18] [INFO] Train Loss: CORE: 3.40 CODE-LISP: 1.83 PAPERS-BIOLOGY: 3.50 PAPERS-CYBER: 3.73 PAPERS-NUCLEAR: 3.75 
[GPU 0] [06:41:36] [INFO] Step: 40000, LR: 8.00e-04
[GPU 0] [06:41:36] [INFO] Train Loss: CORE: 3.29 CODE-LISP: 1.63 PAPERS-BIOLOGY: 3.57 PAPERS-CYBER: 3.70 PAPERS-NUCLEAR: 3.81 
[GPU 0] [06:41:53] [INFO] Step: 41000, LR: 8.00e-04
[GPU 0] [06:41:53] [INFO] Train Loss: CORE: 3.03 CODE-LISP: 1.59 PAPERS-BIOLOGY: 3.55 PAPERS-CYBER: 3.78 PAPERS-NUCLEAR: 3.80 
[GPU 0] [06:42:11] [INFO] Step: 42000, LR: 8.00e-04
[GPU 0] [06:42:11] [INFO] Train Loss: CORE: 3.11 CODE-LISP: 1.52 PAPERS-BIOLOGY: 3.56 PAPERS-CYBER: 3.70 PAPERS-NUCLEAR: 3.83 
[GPU 0] [06:42:28] [INFO] Step: 43000, LR: 8.00e-04
[GPU 0] [06:42:28] [INFO] Train Loss: CORE: 3.06 CODE-LISP: 1.39 PAPERS-BIOLOGY: 3.46 PAPERS-CYBER: 3.65 PAPERS-NUCLEAR: 3.83 
[GPU 0] [06:42:46] [INFO] Step: 44000, LR: 8.00e-04
[GPU 0] [06:42:46] [INFO] Train Loss: CORE: 3.09 CODE-LISP: 1.43 PAPERS-BIOLOGY: 3.37 PAPERS-CYBER: 3.62 PAPERS-NUCLEAR: 3.68 
[GPU 0] [06:43:03] [INFO] Step: 45000, LR: 8.00e-04
[GPU 0] [06:43:03] [INFO] Train Loss: CORE: 3.19 CODE-LISP: 1.30 PAPERS-BIOLOGY: 3.40 PAPERS-CYBER: 3.58 PAPERS-NUCLEAR: 3.69 
[GPU 0] [06:43:21] [INFO] Step: 46000, LR: 8.00e-04
[GPU 0] [06:43:21] [INFO] Train Loss: CORE: 3.62 CODE-LISP: 1.22 PAPERS-BIOLOGY: 3.40 PAPERS-CYBER: 3.50 PAPERS-NUCLEAR: 3.66 
[GPU 0] [06:43:38] [INFO] Step: 47000, LR: 8.00e-04
[GPU 0] [06:43:38] [INFO] Train Loss: CORE: 3.26 CODE-LISP: 1.33 PAPERS-BIOLOGY: 3.33 PAPERS-CYBER: 3.60 PAPERS-NUCLEAR: 3.66 
[GPU 0] [06:43:56] [INFO] Step: 48000, LR: 8.00e-04
[GPU 0] [06:43:56] [INFO] Train Loss: CORE: 3.49 CODE-LISP: 1.31 PAPERS-BIOLOGY: 3.40 PAPERS-CYBER: 3.56 PAPERS-NUCLEAR: 3.69 
[GPU 0] [06:44:13] [INFO] Step: 49000, LR: 8.00e-04
[GPU 0] [06:44:13] [INFO] Train Loss: CORE: 3.66 CODE-LISP: 1.36 PAPERS-BIOLOGY: 3.29 PAPERS-CYBER: 3.59 PAPERS-NUCLEAR: 3.69 
[GPU 0] [06:44:31] [INFO] Step: 50000, LR: 8.00e-04
[GPU 0] [06:44:31] [INFO] Train Loss: CORE: 3.29 CODE-LISP: 1.41 PAPERS-BIOLOGY: 3.26 PAPERS-CYBER: 3.59 PAPERS-NUCLEAR: 3.68 
[GPU 0] [06:44:48] [INFO] Step: 51000, LR: 8.00e-04
[GPU 0] [06:44:48] [INFO] Train Loss: CORE: 3.13 CODE-LISP: 1.56 PAPERS-BIOLOGY: 3.24 PAPERS-CYBER: 3.61 PAPERS-NUCLEAR: 3.81 
[GPU 0] [06:45:06] [INFO] Step: 52000, LR: 8.00e-04
[GPU 0] [06:45:06] [INFO] Train Loss: CORE: 3.35 CODE-LISP: 1.51 PAPERS-BIOLOGY: 3.29 PAPERS-CYBER: 3.60 PAPERS-NUCLEAR: 3.72 
[GPU 0] [06:45:24] [INFO] Step: 53000, LR: 8.00e-04
[GPU 0] [06:45:24] [INFO] Train Loss: CORE: 3.56 CODE-LISP: 1.51 PAPERS-BIOLOGY: 3.29 PAPERS-CYBER: 3.62 PAPERS-NUCLEAR: 3.69 
[GPU 0] [06:45:41] [INFO] Step: 54000, LR: 8.00e-04
[GPU 0] [06:45:41] [INFO] Train Loss: CORE: 2.44 CODE-LISP: 1.45 PAPERS-BIOLOGY: 3.31 PAPERS-CYBER: 3.65 PAPERS-NUCLEAR: 3.64 
[GPU 0] [06:45:59] [INFO] Step: 55000, LR: 8.00e-04
[GPU 0] [06:45:59] [INFO] Train Loss: CORE: 3.11 CODE-LISP: 1.53 PAPERS-BIOLOGY: 3.31 PAPERS-CYBER: 3.61 PAPERS-NUCLEAR: 3.74 
[GPU 0] [06:46:16] [INFO] Step: 56000, LR: 8.00e-04
[GPU 0] [06:46:16] [INFO] Train Loss: CORE: 3.28 CODE-LISP: 1.37 PAPERS-BIOLOGY: 3.29 PAPERS-CYBER: 3.57 PAPERS-NUCLEAR: 3.73 
[GPU 0] [06:46:34] [INFO] Step: 57000, LR: 8.00e-04
[GPU 0] [06:46:34] [INFO] Train Loss: CORE: 3.45 CODE-LISP: 1.35 PAPERS-BIOLOGY: 3.26 PAPERS-CYBER: 3.57 PAPERS-NUCLEAR: 3.75 
[GPU 0] [06:46:38] [INFO] LR Scheduler: Decay Start
[GPU 0] [06:46:51] [INFO] Step: 58000, LR: 7.06e-04
[GPU 0] [06:46:51] [INFO] Train Loss: CORE: 3.29 CODE-LISP: 1.41 PAPERS-BIOLOGY: 3.23 PAPERS-CYBER: 3.56 PAPERS-NUCLEAR: 3.83 
[GPU 0] [06:47:09] [INFO] Step: 59000, LR: 5.80e-04
[GPU 0] [06:47:09] [INFO] Train Loss: CORE: 2.57 CODE-LISP: 1.45 PAPERS-BIOLOGY: 3.28 PAPERS-CYBER: 3.61 PAPERS-NUCLEAR: 3.85 
[GPU 0] [06:47:26] [INFO] Step: 60000, LR: 4.55e-04
[GPU 0] [06:47:26] [INFO] Train Loss: CORE: 3.07 CODE-LISP: 1.39 PAPERS-BIOLOGY: 3.26 PAPERS-CYBER: 3.65 PAPERS-NUCLEAR: 3.80 
[GPU 0] [06:47:44] [INFO] Step: 61000, LR: 3.29e-04
[GPU 0] [06:47:44] [INFO] Train Loss: CORE: 3.54 CODE-LISP: 1.24 PAPERS-BIOLOGY: 3.22 PAPERS-CYBER: 3.61 PAPERS-NUCLEAR: 3.77 
[GPU 0] [06:48:01] [INFO] Step: 62000, LR: 2.03e-04
[GPU 0] [06:48:01] [INFO] Train Loss: CORE: 3.25 CODE-LISP: 1.19 PAPERS-BIOLOGY: 3.22 PAPERS-CYBER: 3.51 PAPERS-NUCLEAR: 3.68 
[GPU 0] [06:48:19] [INFO] Step: 63000, LR: 7.75e-05
[GPU 0] [06:48:19] [INFO] Train Loss: CORE: 3.46 CODE-LISP: 1.20 PAPERS-BIOLOGY: 3.17 PAPERS-CYBER: 3.50 PAPERS-NUCLEAR: 3.54 
[GPU 0] [06:48:30] [INFO] Step: 63616, LR: 1.00e-08
[GPU 0] [06:48:30] [INFO] Train Loss: CORE: 3.25 CODE-LISP: 1.20 PAPERS-BIOLOGY: 3.14 PAPERS-CYBER: 3.44 PAPERS-NUCLEAR: 3.52 
[GPU 0] [06:48:30] [INFO] ---- Begin Eval ----
[GPU 0] [06:48:30] [INFO] Data: core | Experts: None
[GPU 0] [06:48:51] [INFO] loss: 2.49193668
[GPU 0] [06:48:51] [INFO] Data: code-lisp | Experts: None
[GPU 0] [06:48:52] [INFO] loss: 1.35380018
[GPU 0] [06:48:52] [INFO] Data: papers-biology | Experts: None
[GPU 0] [06:48:53] [INFO] loss: 3.18200135
[GPU 0] [06:48:53] [INFO] Data: papers-nuclear | Experts: None
[GPU 0] [06:48:54] [INFO] loss: 3.48196149
[GPU 0] [06:48:54] [INFO] Data: papers-cyber | Experts: None
[GPU 0] [06:48:55] [INFO] loss: 3.43247414
[GPU 0] [06:49:04] [INFO] ----------------------------------------
[GPU 0] [06:49:04] [INFO] Finished. See /workspace/gradient-routing/experiments/AGI-1699-New-Dataset-Runs/results/optimize/base/realistic/100M/seed_1/20260421062903218462
