[GPU 0] [16:50:18] [INFO] Git branch: main, commit: 526ef78cc7f0af66c40096aa0c9769f33f77d260
[GPU 0] [16:50:18] [INFO] Number of processes: 1
[GPU 0] [16:50:18] [INFO] Runtime device: mps, dtype: torch.float32
[GPU 0] [16:50:27] [INFO] Tokenizer vocabulary: 4096
[GPU 0] [16:50:27] [INFO] Set model vocab size to nearest multiple of 64 of tokenizer size: 4096
[GPU 0] [16:50:27] [INFO] target effective batch size: -1, actual effective batch size: 128, micro batch size: 16, accumulation steps: 8, num gpus: 1
[GPU 0] [16:50:27] [INFO] core total number of tokens: 501664802
[GPU 0] [16:50:27] [INFO] core: 9156912 tokens
[GPU 0] [16:50:27] [INFO] aux total number of tokens: 46188871
[GPU 0] [16:50:27] [INFO] aux: 843088 tokens
[GPU 0] [16:50:28] [INFO] Loader a-deadline-or-time-limit train: 51, test: 8
[GPU 0] [16:50:28] [INFO] Loader alien-encounters train: 51, test: 8
[GPU 0] [16:50:28] [INFO] Loader bygone-eras train: 51, test: 8
[GPU 0] [16:50:28] [INFO] Loader cultural-traditions train: 51, test: 8
[GPU 0] [16:50:28] [INFO] Loader dinosaurs train: 50, test: 8
[GPU 0] [16:50:28] [INFO] Loader dream-worlds train: 50, test: 8
[GPU 0] [16:50:28] [INFO] Loader enchanted-forests train: 50, test: 8
[GPU 0] [16:50:28] [INFO] Loader fairy-tales train: 50, test: 8
[GPU 0] [16:50:28] [INFO] Loader fantasy-worlds train: 50, test: 8
[GPU 0] [16:50:28] [INFO] Loader gardens train: 50, test: 8
[GPU 0] [16:50:28] [INFO] Loader giant-creatures train: 50, test: 8
[GPU 0] [16:50:28] [INFO] Loader haunted-places train: 50, test: 8
[GPU 0] [16:50:28] [INFO] Loader hidden-treasures train: 50, test: 8
[GPU 0] [16:50:28] [INFO] Loader holidays train: 50, test: 8
[GPU 0] [16:50:28] [INFO] Loader invisibility train: 50, test: 8
[GPU 0] [16:50:28] [INFO] Loader island-adventures train: 50, test: 8
[GPU 0] [16:50:28] [INFO] Loader living-objects train: 50, test: 8
[GPU 0] [16:50:28] [INFO] Loader lost-cities train: 50, test: 8
[GPU 0] [16:50:28] [INFO] Loader lost-civilizations train: 50, test: 8
[GPU 0] [16:50:28] [INFO] Loader magical-lands train: 50, test: 8
[GPU 0] [16:50:28] [INFO] Loader magical-objects train: 50, test: 8
[GPU 0] [16:50:28] [INFO] Loader miniature-worlds train: 50, test: 8
[GPU 0] [16:50:28] [INFO] Loader mysterious-maps train: 50, test: 8
[GPU 0] [16:50:28] [INFO] Loader mystical-creatures train: 50, test: 8
[GPU 0] [16:50:28] [INFO] Loader outer-space train: 50, test: 8
[GPU 0] [16:50:28] [INFO] Loader pirates train: 50, test: 8
[GPU 0] [16:50:28] [INFO] Loader riddles train: 50, test: 8
[GPU 0] [16:50:28] [INFO] Loader robots-and-technology train: 50, test: 8
[GPU 0] [16:50:28] [INFO] Loader royal-kingdoms train: 50, test: 8
[GPU 0] [16:50:28] [INFO] Loader school-life train: 50, test: 8
[GPU 0] [16:50:28] [INFO] Loader seasonal-changes train: 50, test: 8
[GPU 0] [16:50:28] [INFO] Loader secret-societies train: 50, test: 8
[GPU 0] [16:50:28] [INFO] Loader shape-shifting train: 50, test: 8
[GPU 0] [16:50:28] [INFO] Loader sibling-rivalry train: 50, test: 8
[GPU 0] [16:50:28] [INFO] Loader snowy-adventures train: 50, test: 8
[GPU 0] [16:50:28] [INFO] Loader space-exploration train: 50, test: 8
[GPU 0] [16:50:28] [INFO] Loader sports train: 50, test: 8
[GPU 0] [16:50:28] [INFO] Loader subterranean-worlds train: 50, test: 8
[GPU 0] [16:50:28] [INFO] Loader superheroes train: 50, test: 8
[GPU 0] [16:50:28] [INFO] Loader talking-animals train: 50, test: 8
[GPU 0] [16:50:28] [INFO] Loader the-arts train: 50, test: 8
[GPU 0] [16:50:28] [INFO] Loader the-sky train: 50, test: 8
[GPU 0] [16:50:28] [INFO] Loader time-travel train: 50, test: 8
[GPU 0] [16:50:28] [INFO] Loader treasure-hunts train: 50, test: 8
[GPU 0] [16:50:28] [INFO] Loader undercover-missions train: 50, test: 8
[GPU 0] [16:50:28] [INFO] Loader underwater-adventures train: 50, test: 8
[GPU 0] [16:50:28] [INFO] Loader unusual-vehicles train: 50, test: 8
[GPU 0] [16:50:28] [INFO] Loader virtual-worlds train: 50, test: 8
[GPU 0] [16:50:28] [INFO] Loader core train: 2200, test: 352
[GPU 0] [16:50:28] [INFO] Loader aux train: 204, test: 32
[GPU 0] [16:50:28] [INFO] Loader all train: 2404, test: 384
[GPU 0] [16:50:28] [INFO] Stage [routed] start: {"name": "routed", "num_checkpoints": 2, "lr": 0.005, "res_dir": "/Users/jarrett/dev/gram-quant/modular-pretraining/results/stories_smoke/seed_1/20260718165018541363/routed", "acc_mode": "heterogeneous", "do_eval": true, "do_sample": false, "num_train_evals": 0, "do_elicit": false, "elicit_eval_prc": 0.5, "elicit_num_evals": 100, "retain_targets": [["core", "a-deadline-or-time-limit", "alien-encounters", "bygone-eras", "cultural-traditions"], ["alien-encounters", "bygone-eras", "core", "cultural-traditions"], ["a-deadline-or-time-limit", "bygone-eras", "core", "cultural-traditions"], ["a-deadline-or-time-limit", "alien-encounters", "core", "cultural-traditions"], ["a-deadline-or-time-limit", "alien-encounters", "bygone-eras", "core"]], "model": {"arch": "moe", "tokenizer": "TokenizersBackend(name_or_path='SimpleStories/SimpleStories-1.25M', vocab_size=4096, model_max_length=1000000000000000019884624838656, padding_side='right', truncation_side='right', special_tokens={'eos_token': '[EOS]', 'unk_token': '[UNK]'}, added_tokens_decoder={\n\t0: AddedToken(\"[UNK]\", rstrip=False, lstrip=False, single_word=False, normalized=False, special=True),\n\t1: AddedToken(\"[EOS]\", rstrip=False, lstrip=False, single_word=False, normalized=False, special=True),\n})", "ctx_len": 256, "vocab_size": 4096, "num_layers": 8, "num_heads": 8, "num_key_value": 2, "attn_bias": true, "eos_token_id": 1, "embed_dim": 512, "mlp_dim": 2048, "core_param_prc": 1.0, "aux_param_prc": 0.1}, "eval_arbsub": false, "label_prc": 1.0, "aux_factor": 1.0, "robust_prc": 0.5, "aux_route_prc": 0.3, "equal_compute": true}
[GPU 0] [16:50:28] [INFO] ROUTED START
[GPU 0] [16:50:28] [INFO] Initialized MoETransformer with 32,571,904 total parameters
[GPU 0] [16:50:28] [INFO]   Label 'core' has 26,257,920 parameters
[GPU 0] [16:50:28] [INFO]   Label 'a-deadline-or-time-limit' has 1,578,496 parameters
[GPU 0] [16:50:28] [INFO]   Label 'alien-encounters' has 1,578,496 parameters
[GPU 0] [16:50:28] [INFO]   Label 'bygone-eras' has 1,578,496 parameters
[GPU 0] [16:50:28] [INFO]   Label 'cultural-traditions' has 1,578,496 parameters
[GPU 0] [16:50:28] [INFO] Using stage-level retain_targets override (5 targets)
[GPU 0] [16:50:28] [WARNING] restore_partial_state: no checkpoint found at /Users/jarrett/dev/gram-quant/modular-pretraining/results/stories_smoke/seed_1/20260718165018541363/routed
[GPU 0] [16:50:28] [INFO] ---- Begin Routed Unordered ----
[GPU 0] [16:50:28] [INFO] initial len_all: 2404, len_all_labeled: 2404, len_all_unlabeled: 0, len_ft: 1304, len_base: 1100, label_prc: 1.0
[GPU 0] [16:50:28] [INFO] compute-equal: -2058358784.0 <= 0, must truncate training
[GPU 0] [16:50:28] [INFO] compute-equal: len_base: -35 -> 1065, len_ft: -41 -> 1263, len_all_unlabeled: 0 -> 0
[GPU 0] [16:50:28] [INFO] Batch [('core', ('core',), ('core',))] count: 1065
[GPU 0] [16:50:28] [INFO] Batch [('a-deadline-or-time-limit', ('core', 'a-deadline-or-time-limit'), ('a-deadline-or-time-limit',))] count: 35
[GPU 0] [16:50:28] [INFO] Batch [('a-deadline-or-time-limit', ('core', 'a-deadline-or-time-limit'), ('core', 'a-deadline-or-time-limit'))] count: 15
[GPU 0] [16:50:28] [INFO] Batch [('core', ('core', 'a-deadline-or-time-limit'), ('core', 'a-deadline-or-time-limit'))] count: 266
[GPU 0] [16:50:28] [INFO] Batch [('alien-encounters', ('core', 'alien-encounters'), ('alien-encounters',))] count: 35
[GPU 0] [16:50:28] [INFO] Batch [('alien-encounters', ('core', 'alien-encounters'), ('core', 'alien-encounters'))] count: 15
[GPU 0] [16:50:28] [INFO] Batch [('core', ('core', 'alien-encounters'), ('core', 'alien-encounters'))] count: 266
[GPU 0] [16:50:28] [INFO] Batch [('bygone-eras', ('core', 'bygone-eras'), ('bygone-eras',))] count: 35
[GPU 0] [16:50:28] [INFO] Batch [('bygone-eras', ('core', 'bygone-eras'), ('core', 'bygone-eras'))] count: 15
[GPU 0] [16:50:28] [INFO] Batch [('core', ('core', 'bygone-eras'), ('core', 'bygone-eras'))] count: 266
[GPU 0] [16:50:28] [INFO] Batch [('core', ('core', 'cultural-traditions'), ('core', 'cultural-traditions'))] count: 266
[GPU 0] [16:50:28] [INFO] Batch [('cultural-traditions', ('core', 'cultural-traditions'), ('core', 'cultural-traditions'))] count: 15
[GPU 0] [16:50:28] [INFO] Batch [('cultural-traditions', ('core', 'cultural-traditions'), ('cultural-traditions',))] count: 35
[GPU 0] [16:50:28] [INFO] Batch group is empty (0 batches)
[GPU 0] [16:50:28] [INFO] 
len_all: 2404, len_all_labeled: 2404, len_all_unlabeled: 0,
len_base: 1065, len_ft: 1263,
len_core_for_ft: 1065, len_aux_for_ft: 198,
aux_factor: {'a-deadline-or-time-limit': 1.0, 'alien-encounters': 1.0, 'bygone-eras': 1.0, 'cultural-traditions': 1.0}, robust_prc: 0.5,
aux_route_prc: 0.3, equal_compute: True
[GPU 0] [16:50:28] [INFO] count_by_label: {'core': 2129, 'a-deadline-or-time-limit': 50, 'alien-encounters': 50, 'bygone-eras': 50, 'cultural-traditions': 50}
[GPU 0] [16:50:28] [WARNING] len(batches) != expected, (2329 != 2328), -1 length difference
[GPU 0] [16:50:28] [INFO] Batch [('core', ('core',), ('core',))] count: 1065
[GPU 0] [16:50:28] [INFO] Batch [('a-deadline-or-time-limit', ('core', 'a-deadline-or-time-limit'), ('a-deadline-or-time-limit',))] count: 35
[GPU 0] [16:50:28] [INFO] Batch [('a-deadline-or-time-limit', ('core', 'a-deadline-or-time-limit'), ('core', 'a-deadline-or-time-limit'))] count: 15
[GPU 0] [16:50:28] [INFO] Batch [('core', ('core', 'a-deadline-or-time-limit'), ('core', 'a-deadline-or-time-limit'))] count: 266
[GPU 0] [16:50:28] [INFO] Batch [('alien-encounters', ('core', 'alien-encounters'), ('alien-encounters',))] count: 35
[GPU 0] [16:50:28] [INFO] Batch [('alien-encounters', ('core', 'alien-encounters'), ('core', 'alien-encounters'))] count: 15
[GPU 0] [16:50:28] [INFO] Batch [('core', ('core', 'alien-encounters'), ('core', 'alien-encounters'))] count: 266
[GPU 0] [16:50:28] [INFO] Batch [('bygone-eras', ('core', 'bygone-eras'), ('bygone-eras',))] count: 35
[GPU 0] [16:50:28] [INFO] Batch [('bygone-eras', ('core', 'bygone-eras'), ('core', 'bygone-eras'))] count: 15
[GPU 0] [16:50:28] [INFO] Batch [('core', ('core', 'bygone-eras'), ('core', 'bygone-eras'))] count: 266
[GPU 0] [16:50:28] [INFO] Batch [('core', ('core', 'cultural-traditions'), ('core', 'cultural-traditions'))] count: 266
[GPU 0] [16:50:28] [INFO] Batch [('cultural-traditions', ('core', 'cultural-traditions'), ('core', 'cultural-traditions'))] count: 15
[GPU 0] [16:50:28] [INFO] Batch [('cultural-traditions', ('core', 'cultural-traditions'), ('cultural-traditions',))] count: 35
[GPU 0] [16:50:28] [INFO] ---- Begin Routed ----
[GPU 0] [16:50:28] [INFO] num_total_steps: 291
[GPU 0] [16:50:28] [INFO] LR schedule group 0: steps [0, 291), warmup=29, constant=233, decay=29
[GPU 0] [16:50:28] [INFO] LR Scheduler: Group warmup (step 0)
[GPU 0] [16:50:28] [INFO] Batch group start, LR: 1.0000e-08, batches: 2328, epochs: 1, group_total_steps: 291
[GPU 0] [16:50:29] [INFO] Step: 1, LR: 1.7242e-04
[GPU 0] [16:50:29] [INFO] Train Loss: CORE: 8.42 A-DEADLINE-OR-TIME-LIMIT: nan ALIEN-ENCOUNTERS: nan BYGONE-ERAS: nan CULTURAL-TRADITIONS: nan 
[GPU 0] [16:51:03] [INFO] LR Scheduler: Group constant (step 29)
[GPU 0] [16:56:26] [INFO] LR Scheduler: Group decay (step 262)
[GPU 0] [16:57:11] [INFO] Step: 291, LR: 1.0000e-08
[GPU 0] [16:57:11] [INFO] Train Loss: CORE: 3.82 A-DEADLINE-OR-TIME-LIMIT: 4.60 ALIEN-ENCOUNTERS: 4.43 BYGONE-ERAS: 4.61 CULTURAL-TRADITIONS: 4.71 
[GPU 0] [16:57:12] [INFO] ---- Begin Eval ----
[GPU 0] [16:57:12] [INFO] Data: core | Experts: ['a-deadline-or-time-limit', 'alien-encounters', 'bygone-eras', 'core', 'cultural-traditions']
[GPU 0] [16:57:12] [INFO] loss: 3.79725528
[GPU 0] [16:57:12] [INFO] Data: a-deadline-or-time-limit | Experts: ['a-deadline-or-time-limit', 'alien-encounters', 'bygone-eras', 'core', 'cultural-traditions']
[GPU 0] [16:57:13] [INFO] loss: 3.87796140
[GPU 0] [16:57:13] [INFO] Data: alien-encounters | Experts: ['a-deadline-or-time-limit', 'alien-encounters', 'bygone-eras', 'core', 'cultural-traditions']
[GPU 0] [16:57:13] [INFO] loss: 3.73656297
[GPU 0] [16:57:13] [INFO] Data: bygone-eras | Experts: ['a-deadline-or-time-limit', 'alien-encounters', 'bygone-eras', 'core', 'cultural-traditions']
[GPU 0] [16:57:14] [INFO] loss: 3.88363218
[GPU 0] [16:57:14] [INFO] Data: cultural-traditions | Experts: ['a-deadline-or-time-limit', 'alien-encounters', 'bygone-eras', 'core', 'cultural-traditions']
[GPU 0] [16:57:14] [INFO] loss: 3.87023163
[GPU 0] [16:57:14] [INFO] ---- Begin Eval ----
[GPU 0] [16:57:14] [INFO] Data: core | Experts: ['alien-encounters', 'bygone-eras', 'core', 'cultural-traditions']
[GPU 0] [16:57:15] [INFO] loss: 3.79641724
[GPU 0] [16:57:15] [INFO] Data: a-deadline-or-time-limit | Experts: ['alien-encounters', 'bygone-eras', 'core', 'cultural-traditions']
[GPU 0] [16:57:15] [INFO] loss: 3.88092232
[GPU 0] [16:57:15] [INFO] Data: alien-encounters | Experts: ['alien-encounters', 'bygone-eras', 'core', 'cultural-traditions']
[GPU 0] [16:57:16] [INFO] loss: 3.73563623
[GPU 0] [16:57:16] [INFO] Data: bygone-eras | Experts: ['alien-encounters', 'bygone-eras', 'core', 'cultural-traditions']
[GPU 0] [16:57:17] [INFO] loss: 3.88215876
[GPU 0] [16:57:17] [INFO] Data: cultural-traditions | Experts: ['alien-encounters', 'bygone-eras', 'core', 'cultural-traditions']
[GPU 0] [16:57:17] [INFO] loss: 3.86920094
[GPU 0] [16:57:17] [INFO] ---- Begin Eval ----
[GPU 0] [16:57:17] [INFO] Data: core | Experts: ['a-deadline-or-time-limit', 'bygone-eras', 'core', 'cultural-traditions']
[GPU 0] [16:57:18] [INFO] loss: 3.79519081
[GPU 0] [16:57:18] [INFO] Data: a-deadline-or-time-limit | Experts: ['a-deadline-or-time-limit', 'bygone-eras', 'core', 'cultural-traditions']
[GPU 0] [16:57:18] [INFO] loss: 3.87377596
[GPU 0] [16:57:18] [INFO] Data: alien-encounters | Experts: ['a-deadline-or-time-limit', 'bygone-eras', 'core', 'cultural-traditions']
[GPU 0] [16:57:19] [INFO] loss: 3.76452351
[GPU 0] [16:57:19] [INFO] Data: bygone-eras | Experts: ['a-deadline-or-time-limit', 'bygone-eras', 'core', 'cultural-traditions']
[GPU 0] [16:57:19] [INFO] loss: 3.88156652
[GPU 0] [16:57:19] [INFO] Data: cultural-traditions | Experts: ['a-deadline-or-time-limit', 'bygone-eras', 'core', 'cultural-traditions']
[GPU 0] [16:57:20] [INFO] loss: 3.86669922
[GPU 0] [16:57:20] [INFO] ---- Begin Eval ----
[GPU 0] [16:57:20] [INFO] Data: core | Experts: ['a-deadline-or-time-limit', 'alien-encounters', 'core', 'cultural-traditions']
[GPU 0] [16:57:20] [INFO] loss: 3.79584789
[GPU 0] [16:57:20] [INFO] Data: a-deadline-or-time-limit | Experts: ['a-deadline-or-time-limit', 'alien-encounters', 'core', 'cultural-traditions']
[GPU 0] [16:57:21] [INFO] loss: 3.87920356
[GPU 0] [16:57:21] [INFO] Data: alien-encounters | Experts: ['a-deadline-or-time-limit', 'alien-encounters', 'core', 'cultural-traditions']
[GPU 0] [16:57:21] [INFO] loss: 3.73574543
[GPU 0] [16:57:21] [INFO] Data: bygone-eras | Experts: ['a-deadline-or-time-limit', 'alien-encounters', 'core', 'cultural-traditions']
[GPU 0] [16:57:22] [INFO] loss: 3.88516569
[GPU 0] [16:57:22] [INFO] Data: cultural-traditions | Experts: ['a-deadline-or-time-limit', 'alien-encounters', 'core', 'cultural-traditions']
[GPU 0] [16:57:22] [INFO] loss: 3.87264180
[GPU 0] [16:57:22] [INFO] ---- Begin Eval ----
[GPU 0] [16:57:22] [INFO] Data: core | Experts: ['a-deadline-or-time-limit', 'alien-encounters', 'bygone-eras', 'core']
[GPU 0] [16:57:23] [INFO] loss: 3.79696465
[GPU 0] [16:57:23] [INFO] Data: a-deadline-or-time-limit | Experts: ['a-deadline-or-time-limit', 'alien-encounters', 'bygone-eras', 'core']
[GPU 0] [16:57:23] [INFO] loss: 3.87618113
[GPU 0] [16:57:23] [INFO] Data: alien-encounters | Experts: ['a-deadline-or-time-limit', 'alien-encounters', 'bygone-eras', 'core']
[GPU 0] [16:57:24] [INFO] loss: 3.73552966
[GPU 0] [16:57:24] [INFO] Data: bygone-eras | Experts: ['a-deadline-or-time-limit', 'alien-encounters', 'bygone-eras', 'core']
[GPU 0] [16:57:24] [INFO] loss: 3.88388443
[GPU 0] [16:57:24] [INFO] Data: cultural-traditions | Experts: ['a-deadline-or-time-limit', 'alien-encounters', 'bygone-eras', 'core']
[GPU 0] [16:57:25] [INFO] loss: 3.87236190
[GPU 0] [16:57:25] [INFO] ----------------------------------------
[GPU 0] [16:57:25] [INFO] Finished. See /Users/jarrett/dev/gram-quant/modular-pretraining/results/stories_smoke/seed_1/20260718165018541363
