[GPU 0] [13:46:17] [INFO] Git branch: AGI-1696-New-Dataset-Runs_ethan, commit: 44cb74ae4c8a9cabd98ef6507d51f8f40648cba1
[GPU 0] [13:46:17] [INFO] Number of GPUs: 8
[GPU 0] [13:46:19] [INFO] Tokenizer vocabulary: 50257
[GPU 0] [13:46:19] [INFO] Set model vocab size to nearest multiple of 64 of tokenizer size: 50304
[GPU 0] [13:46:35] [INFO] target effective batch size: 641, actual effective batch size: 672, micro batch size: 12, accumulation steps: 7, num gpus: 8
[GPU 0] [13:46:35] [INFO] core total number of tokens: 66749057569
[GPU 0] [13:46:35] [INFO] Baseline model has 806,509,504 parameters
[GPU 0] [13:46:35] [INFO] core: chinchilla optimal tokens: 16,130,190,080, requested proportion: 1.0000, requested number of tokens: 16,130,190,080.0, 
[GPU 0] [13:46:35] [INFO] aux total number of tokens: 4835776549
[GPU 0] [13:46:35] [INFO] Baseline model has 806,509,504 parameters
[GPU 0] [13:46:35] [INFO] aux: chinchilla optimal tokens: 16,130,190,080, requested proportion: 0.0100, requested number of tokens: 161,301,900.8, 
[GPU 0] [13:46:36] [DEBUG] Saved config to /workspace-vast/ethanr/gradient-routing/experiments/AGI-1699-New-Dataset-Runs/results/scaling/realistic/coreftaux/800M/seed_1/20260517134603632790/config.json
[GPU 0] [13:46:36] [DEBUG] {
    "stages": [
        {
            "name": "coreftaux",
            "num_checkpoints": -1,
            "lr": 0.0005663534909876918,
            "res_dir": "/workspace-vast/ethanr/gradient-routing/experiments/AGI-1699-New-Dataset-Runs/results/scaling/realistic/coreftaux/800M/seed_1/20260517134603632790/coreftaux",
            "acc_mode": "uniform",
            "do_eval": true,
            "do_sample": false,
            "num_train_evals": 0,
            "do_elicit": true,
            "elicit_eval_prc": 0.5,
            "elicit_num_evals": 100,
            "retain_targets": null,
            "aux_factor": 0.3,
            "core_aux_ratio": 4.0,
            "label_prc": 1.0,
            "ft_lr_factor": 0.25
        }
    ],
    "model": {
        "arch": "base",
        "tokenizer": "GPT2Tokenizer(name_or_path='EleutherAI/gpt-neo-125M', vocab_size=50257, model_max_length=2048, padding_side='right', truncation_side='right', special_tokens={'bos_token': '<|endoftext|>', 'eos_token': '<|endoftext|>', 'unk_token': '<|endoftext|>'}, added_tokens_decoder={\n\t50256: AddedToken(\"<|endoftext|>\", rstrip=False, lstrip=False, single_word=False, normalized=True, special=True),\n}\n)",
        "ctx_len": 1024,
        "vocab_size": 50304,
        "num_layers": 24,
        "num_heads": 8,
        "num_key_value": 2,
        "attn_bias": true,
        "eos_token_id": 50256,
        "embed_dim": 1600,
        "mlp_dim": 6400
    },
    "data": {
        "dirs": [
            "/workspace-vast/ethanr/gradient-routing/experiments/AGI-1699-New-Dataset-Runs/src/data/fineweb",
            "/workspace-vast/ethanr/gradient-routing/experiments/AGI-1699-New-Dataset-Runs/src/data/code",
            "/workspace-vast/ethanr/gradient-routing/experiments/AGI-1699-New-Dataset-Runs/src/data/papers"
        ],
        "core": {
            "labels": [
                "fineweb",
                "code-other",
                "papers-other"
            ],
            "method": "optimal",
            "limit": 1.0,
            "dist": {
                "fineweb": 0.84,
                "code-other": 0.15,
                "papers-other": 0.01
            },
            "num_tok": 16130190080.0
        },
        "aux": {
            "labels": [
                "code-lisp",
                "papers-biology",
                "papers-nuclear",
                "papers-cyber"
            ],
            "method": "optimal",
            "limit": 0.01,
            "dist": {
                "code-lisp": 0.25,
                "papers-biology": 0.25,
                "papers-nuclear": 0.25,
                "papers-cyber": 0.25
            },
            "num_tok": 161301900.8
        }
    },
    "run": {
        "target_effective_batch_size": 641,
        "effective_batch_size": 672,
        "micro_batch_size": 12,
        "accumulation_steps": 7,
        "max_num_test_sequences": 10000,
        "eval_all_labels": false,
        "micro_batch_anchors": [
            [
                400000000.0,
                23
            ],
            [
                5000000000.0,
                2
            ]
        ],
        "epochs": 1,
        "adam_betas": [
            0.9,
            0.95
        ],
        "warmup_prc": 0.02,
        "decay_prc": 0.1,
        "seed": 1,
        "compile": true,
        "find_unused_parameters": true,
        "is_ddp": true,
        "cleanup_distributed": false,
        "log_level": "DEBUG",
        "num_gpus": 8,
        "process_id": 0,
        "num_base_params": 806509504,
        "device": "cuda",
        "logger": "<Logger training_20260517134603632790 (DEBUG)>",
        "labels": [
            "core",
            "code-lisp",
            "papers-biology",
            "papers-cyber",
            "papers-nuclear"
        ],
        "loaders": {
            "code-lisp": {
                "train": "SingleDataLoader(code-lisp_train_001.bin, len=410)",
                "test": "InterleavedDataLoader(len=105)"
            },
            "code-other": {
                "train": "InterleavedDataLoader(len=24612)",
                "test": "SingleDataLoader(code-other_test_010.bin, len=105)"
            },
            "fineweb": {
                "train": "InterleavedDataLoader(len=137831)",
                "test": "InterleavedDataLoader(len=105)"
            },
            "papers-biology": {
                "train": "SingleDataLoader(papers-biology_train.bin, len=410)",
                "test": "SingleDataLoader(papers-biology_test.bin, len=105)"
            },
            "papers-cyber": {
                "train": "SingleDataLoader(papers-cyber_train.bin, len=410)",
                "test": "SingleDataLoader(papers-cyber_test.bin, len=105)"
            },
            "papers-nuclear": {
                "train": "SingleDataLoader(papers-nuclear_train.bin, len=410)",
                "test": "SingleDataLoader(papers-nuclear_test.bin, len=105)"
            },
            "papers-other": {
                "train": "SingleDataLoader(papers-other_train.bin, len=1640)",
                "test": "SingleDataLoader(papers-other_test.bin, len=105)"
            },
            "core": {
                "train": "InterleavedDataLoader(len=164083)",
                "test": "InterleavedDataLoader(len=315)"
            },
            "aux": {
                "train": "InterleavedDataLoader(len=1640)",
                "test": "InterleavedDataLoader(len=420)"
            },
            "all": {
                "train": "InterleavedDataLoader(len=165723)",
                "test": "InterleavedDataLoader(len=735)"
            }
        },
        "res_root": "/workspace-vast/ethanr/gradient-routing/experiments/AGI-1699-New-Dataset-Runs/results/scaling/realistic/coreftaux/800M/seed_1",
        "experiment_id": "20260517134603632790",
        "s3_bucket": "ae-gradient-routing-results",
        "s3_prefix": "scaling/realistic/coreftaux/800M/seed_1"
    },
    "label_prc": 1.0
}
[GPU 0] [13:46:36] [INFO] Loader code-lisp train: 410, test: 105
[GPU 0] [13:46:36] [INFO] Loader code-other train: 24612, test: 105
[GPU 0] [13:46:36] [INFO] Loader fineweb train: 137831, test: 105
[GPU 0] [13:46:36] [INFO] Loader papers-biology train: 410, test: 105
[GPU 0] [13:46:36] [INFO] Loader papers-cyber train: 410, test: 105
[GPU 0] [13:46:36] [INFO] Loader papers-nuclear train: 410, test: 105
[GPU 0] [13:46:36] [INFO] Loader papers-other train: 1640, test: 105
[GPU 0] [13:46:36] [INFO] Loader core train: 164083, test: 315
[GPU 0] [13:46:36] [INFO] Loader aux train: 1640, test: 420
[GPU 0] [13:46:36] [INFO] Loader all train: 165723, test: 735
[GPU 0] [13:46:36] [INFO] Stage [coreftaux] start: {"name": "coreftaux", "num_checkpoints": -1, "lr": 0.0005663534909876918, "res_dir": "/workspace-vast/ethanr/gradient-routing/experiments/AGI-1699-New-Dataset-Runs/results/scaling/realistic/coreftaux/800M/seed_1/20260517134603632790/coreftaux", "acc_mode": "uniform", "do_eval": true, "do_sample": false, "num_train_evals": 0, "do_elicit": true, "elicit_eval_prc": 0.5, "elicit_num_evals": 100, "retain_targets": null, "aux_factor": 0.3, "core_aux_ratio": 4.0, "label_prc": 1.0, "ft_lr_factor": 0.25}
[GPU 0] [13:46:36] [INFO] CORE FT AUX - BASE PHASE START
[GPU 0] [13:46:55] [INFO] Initialized BaseTransformer with 806,509,504 total parameters
[GPU 0] [13:46:55] [INFO] Compiling BaseTransformer with torch.compile...
[GPU 0] [13:46:59] [INFO] torch.compile done
[GPU 0] [13:46:59] [WARNING] restore_partial_state: no checkpoint found at /workspace-vast/ethanr/gradient-routing/experiments/AGI-1699-New-Dataset-Runs/results/scaling/realistic/coreftaux/800M/seed_1/20260517134603632790/coreftaux/core
[GPU 0] [13:46:59] [INFO] ---- Begin CoreFTAux | Phase: base | Data Label: core ----
[GPU 0] [13:46:59] [DEBUG] acc_mode: uniform, label_prc: 1.0, lr: 0.0005663534909876918
[GPU 0] [13:47:00] [INFO] 
len_all: 165723, len_all_labeled: 165723, len_all_unlabeled: 0,
len_base: 163263, len_ft: 2460,
len_core_for_ft: 1968, len_aux_for_ft: 492,
aux_factor: {'code-lisp': 0.3, 'papers-biology': 0.3, 'papers-nuclear': 0.3, 'papers-cyber': 0.3}, core_aux_ratio: 4.0,
[GPU 0] [13:47:00] [INFO] Batch [core] count: 163261
[GPU 0] [13:47:00] [INFO] warmup_steps: 466
[GPU 0] [13:47:00] [INFO] constant_steps: 20525
[GPU 0] [13:47:00] [INFO] decay_steps: 2332
[GPU 0] [13:47:00] [INFO] LR Scheduler: Warmup Start
[GPU 0] [13:48:29] [INFO] Step: 1, LR: 1.23e-06
[GPU 0] [13:48:29] [INFO] Train Loss: CORE: 11.21 CODE-LISP: nan PAPERS-BIOLOGY: nan PAPERS-CYBER: nan PAPERS-NUCLEAR: nan 
[GPU 0] [14:04:24] [INFO] LR Scheduler: Constant Start
[GPU 0] [14:21:42] [INFO] Step: 1000, LR: 5.66e-04
[GPU 0] [14:21:42] [INFO] Train Loss: CORE: 2.79 CODE-LISP: nan PAPERS-BIOLOGY: nan PAPERS-CYBER: nan PAPERS-NUCLEAR: nan 
[GPU 0] [14:53:24] [INFO] Step: 2000, LR: 5.66e-04
[GPU 0] [14:53:24] [INFO] Train Loss: CORE: 3.21 CODE-LISP: nan PAPERS-BIOLOGY: nan PAPERS-CYBER: nan PAPERS-NUCLEAR: nan 
[GPU 0] [15:24:58] [INFO] Step: 3000, LR: 5.66e-04
[GPU 0] [15:24:58] [INFO] Train Loss: CORE: 2.42 CODE-LISP: nan PAPERS-BIOLOGY: nan PAPERS-CYBER: nan PAPERS-NUCLEAR: nan 
[GPU 0] [15:56:30] [INFO] Step: 4000, LR: 5.66e-04
[GPU 0] [15:56:30] [INFO] Train Loss: CORE: 3.08 CODE-LISP: nan PAPERS-BIOLOGY: nan PAPERS-CYBER: nan PAPERS-NUCLEAR: nan 
[GPU 0] [16:28:02] [INFO] Step: 5000, LR: 5.66e-04
[GPU 0] [16:28:02] [INFO] Train Loss: CORE: 2.33 CODE-LISP: nan PAPERS-BIOLOGY: nan PAPERS-CYBER: nan PAPERS-NUCLEAR: nan 
[GPU 0] [16:59:34] [INFO] Step: 6000, LR: 5.66e-04
[GPU 0] [16:59:34] [INFO] Train Loss: CORE: 2.69 CODE-LISP: nan PAPERS-BIOLOGY: nan PAPERS-CYBER: nan PAPERS-NUCLEAR: nan 
[GPU 0] [17:31:06] [INFO] Step: 7000, LR: 5.66e-04
[GPU 0] [17:31:06] [INFO] Train Loss: CORE: 2.64 CODE-LISP: nan PAPERS-BIOLOGY: nan PAPERS-CYBER: nan PAPERS-NUCLEAR: nan 
[GPU 0] [18:02:36] [INFO] Step: 8000, LR: 5.66e-04
[GPU 0] [18:02:36] [INFO] Train Loss: CORE: 2.21 CODE-LISP: nan PAPERS-BIOLOGY: nan PAPERS-CYBER: nan PAPERS-NUCLEAR: nan 
[GPU 0] [18:34:07] [INFO] Step: 9000, LR: 5.66e-04
[GPU 0] [18:34:07] [INFO] Train Loss: CORE: 2.41 CODE-LISP: nan PAPERS-BIOLOGY: nan PAPERS-CYBER: nan PAPERS-NUCLEAR: nan 
[GPU 0] [19:05:38] [INFO] Step: 10000, LR: 5.66e-04
[GPU 0] [19:05:38] [INFO] Train Loss: CORE: 2.92 CODE-LISP: nan PAPERS-BIOLOGY: nan PAPERS-CYBER: nan PAPERS-NUCLEAR: nan 
[GPU 0] [19:37:08] [INFO] Step: 11000, LR: 5.66e-04
[GPU 0] [19:37:08] [INFO] Train Loss: CORE: 2.59 CODE-LISP: nan PAPERS-BIOLOGY: nan PAPERS-CYBER: nan PAPERS-NUCLEAR: nan 
[GPU 0] [20:08:39] [INFO] Step: 12000, LR: 5.66e-04
[GPU 0] [20:08:39] [INFO] Train Loss: CORE: 2.40 CODE-LISP: nan PAPERS-BIOLOGY: nan PAPERS-CYBER: nan PAPERS-NUCLEAR: nan 
[GPU 0] [20:40:09] [INFO] Step: 13000, LR: 5.66e-04
[GPU 0] [20:40:09] [INFO] Train Loss: CORE: 2.80 CODE-LISP: nan PAPERS-BIOLOGY: nan PAPERS-CYBER: nan PAPERS-NUCLEAR: nan 
[GPU 0] [21:11:39] [INFO] Step: 14000, LR: 5.66e-04
[GPU 0] [21:11:39] [INFO] Train Loss: CORE: 2.52 CODE-LISP: nan PAPERS-BIOLOGY: nan PAPERS-CYBER: nan PAPERS-NUCLEAR: nan 
[GPU 0] [21:43:10] [INFO] Step: 15000, LR: 5.66e-04
[GPU 0] [21:43:10] [INFO] Train Loss: CORE: 2.39 CODE-LISP: nan PAPERS-BIOLOGY: nan PAPERS-CYBER: nan PAPERS-NUCLEAR: nan 
[GPU 0] [22:14:40] [INFO] Step: 16000, LR: 5.66e-04
[GPU 0] [22:14:40] [INFO] Train Loss: CORE: 2.54 CODE-LISP: nan PAPERS-BIOLOGY: nan PAPERS-CYBER: nan PAPERS-NUCLEAR: nan 
[GPU 0] [22:46:12] [INFO] Step: 17000, LR: 5.66e-04
[GPU 0] [22:46:12] [INFO] Train Loss: CORE: 2.16 CODE-LISP: nan PAPERS-BIOLOGY: nan PAPERS-CYBER: nan PAPERS-NUCLEAR: nan 
[GPU 0] [23:17:43] [INFO] Step: 18000, LR: 5.66e-04
[GPU 0] [23:17:43] [INFO] Train Loss: CORE: 1.91 CODE-LISP: nan PAPERS-BIOLOGY: nan PAPERS-CYBER: nan PAPERS-NUCLEAR: nan 
[GPU 0] [23:49:13] [INFO] Step: 19000, LR: 5.66e-04
[GPU 0] [23:49:13] [INFO] Train Loss: CORE: 2.28 CODE-LISP: nan PAPERS-BIOLOGY: nan PAPERS-CYBER: nan PAPERS-NUCLEAR: nan 
[GPU 0] [00:20:44] [INFO] Step: 20000, LR: 5.66e-04
[GPU 0] [00:20:44] [INFO] Train Loss: CORE: 2.49 CODE-LISP: nan PAPERS-BIOLOGY: nan PAPERS-CYBER: nan PAPERS-NUCLEAR: nan 
[GPU 0] [00:51:57] [INFO] LR Scheduler: Decay Start
[GPU 0] [00:52:14] [INFO] Step: 21000, LR: 5.64e-04
[GPU 0] [00:52:14] [INFO] Train Loss: CORE: 2.29 CODE-LISP: nan PAPERS-BIOLOGY: nan PAPERS-CYBER: nan PAPERS-NUCLEAR: nan 
[GPU 0] [01:23:44] [INFO] Step: 22000, LR: 3.21e-04
[GPU 0] [01:23:44] [INFO] Train Loss: CORE: 2.44 CODE-LISP: nan PAPERS-BIOLOGY: nan PAPERS-CYBER: nan PAPERS-NUCLEAR: nan 
[GPU 0] [01:55:14] [INFO] Step: 23000, LR: 7.85e-05
[GPU 0] [01:55:14] [INFO] Train Loss: CORE: 2.43 CODE-LISP: nan PAPERS-BIOLOGY: nan PAPERS-CYBER: nan PAPERS-NUCLEAR: nan 
[GPU 0] [02:05:26] [INFO] Step: 23323, LR: 1.00e-08
[GPU 0] [02:05:26] [INFO] Train Loss: CORE: 2.04 CODE-LISP: nan PAPERS-BIOLOGY: nan PAPERS-CYBER: nan PAPERS-NUCLEAR: nan 
[GPU 0] [02:05:47] [INFO] ---- Begin Eval ----
[GPU 0] [02:05:47] [INFO] Data: core | Experts: None
[GPU 0] [02:06:57] [INFO] loss: 1.87040854
[GPU 0] [02:06:57] [INFO] Data: code-lisp | Experts: None
[GPU 0] [02:07:04] [INFO] loss: 1.37623239
[GPU 0] [02:07:04] [INFO] Data: papers-biology | Experts: None
[GPU 0] [02:07:10] [INFO] loss: 2.46675968
[GPU 0] [02:07:10] [INFO] Data: papers-nuclear | Experts: None
[GPU 0] [02:07:16] [INFO] loss: 2.84295011
[GPU 0] [02:07:16] [INFO] Data: papers-cyber | Experts: None
[GPU 0] [02:07:23] [INFO] loss: 2.70528269
[GPU 0] [02:07:26] [INFO] CORE FT AUX - BASE PHASE - ADVERSARIAL FT START
[GPU 0] [02:07:38] [INFO] ---- Begin FT | Experts: None | Data: ['code-lisp'] ----
[GPU 0] [02:07:38] [DEBUG] num_seq: 512, num_rounds: 200, patience: 10
[GPU 0] [02:07:39] [DEBUG] local_x: torch.Size([64, 1024]), local_y: torch.Size([64, 1024]), num_steps: 6, per_gpu: 64, mbs_size: 12
[GPU 0] [02:09:11] [INFO] New best validation loss: 1.4494 @ step 0
[GPU 0] [02:09:22] [INFO] New best validation loss: 1.3073 @ step 1
[GPU 0] [02:09:35] [INFO] New best validation loss: 1.2408 @ step 2
[GPU 0] [02:09:47] [INFO] New best validation loss: 1.2035 @ step 3
[GPU 0] [02:09:58] [INFO] New best validation loss: 1.1794 @ step 4
[GPU 0] [02:10:10] [INFO] New best validation loss: 1.1573 @ step 5
[GPU 0] [02:10:22] [INFO] New best validation loss: 1.1395 @ step 6
[GPU 0] [02:10:36] [INFO] New best validation loss: 1.1245 @ step 7
[GPU 0] [02:10:48] [INFO] New best validation loss: 1.1094 @ step 8
[GPU 0] [02:11:05] [INFO] New best validation loss: 1.0959 @ step 9
[GPU 0] [02:11:17] [INFO] New best validation loss: 1.0847 @ step 10
[GPU 0] [02:11:32] [INFO] New best validation loss: 1.0759 @ step 11
[GPU 0] [02:11:48] [INFO] New best validation loss: 1.0681 @ step 12
[GPU 0] [02:12:05] [INFO] New best validation loss: 1.0617 @ step 13
[GPU 0] [02:12:20] [INFO] New best validation loss: 1.0555 @ step 14
[GPU 0] [02:12:36] [INFO] New best validation loss: 1.0487 @ step 15
[GPU 0] [02:12:53] [INFO] New best validation loss: 1.0424 @ step 16
[GPU 0] [02:13:10] [INFO] New best validation loss: 1.0377 @ step 17
[GPU 0] [02:13:26] [INFO] New best validation loss: 1.0348 @ step 18
[GPU 0] [02:13:42] [INFO] New best validation loss: 1.0333 @ step 19
[GPU 0] [02:13:58] [INFO] New best validation loss: 1.0327 @ step 20
[GPU 0] [02:14:14] [INFO] New best validation loss: 1.0320 @ step 21
[GPU 0] [02:14:30] [INFO] New best validation loss: 1.0314 @ step 22
[GPU 0] [02:17:19] [INFO] Stop FT @ 34: no val improvement for 10 steps
[GPU 0] [02:17:19] [INFO] Wrote stats.jsonl entries at FT step 22 
[GPU 0] [02:17:35] [INFO] ---- Begin FT | Experts: None | Data: ['papers-biology'] ----
[GPU 0] [02:17:35] [DEBUG] num_seq: 512, num_rounds: 200, patience: 10
[GPU 0] [02:17:36] [DEBUG] local_x: torch.Size([64, 1024]), local_y: torch.Size([64, 1024]), num_steps: 6, per_gpu: 64, mbs_size: 12
[GPU 0] [02:17:48] [INFO] New best validation loss: 2.5854 @ step 0
[GPU 0] [02:18:00] [INFO] New best validation loss: 2.4797 @ step 1
[GPU 0] [02:18:11] [INFO] New best validation loss: 2.4790 @ step 2
[GPU 0] [02:20:49] [INFO] Stop FT @ 14: no val improvement for 10 steps
[GPU 0] [02:20:49] [INFO] Wrote stats.jsonl entries at FT step 2 
[GPU 0] [02:21:04] [INFO] ---- Begin FT | Experts: None | Data: ['papers-cyber'] ----
[GPU 0] [02:21:04] [DEBUG] num_seq: 512, num_rounds: 200, patience: 10
[GPU 0] [02:21:04] [DEBUG] local_x: torch.Size([64, 1024]), local_y: torch.Size([64, 1024]), num_steps: 6, per_gpu: 64, mbs_size: 12
[GPU 0] [02:21:16] [INFO] New best validation loss: 2.8283 @ step 0
[GPU 0] [02:21:27] [INFO] New best validation loss: 2.7210 @ step 1
[GPU 0] [02:24:09] [INFO] Stop FT @ 13: no val improvement for 10 steps
[GPU 0] [02:24:09] [INFO] Wrote stats.jsonl entries at FT step 1 
[GPU 0] [02:24:24] [INFO] ---- Begin FT | Experts: None | Data: ['papers-nuclear'] ----
[GPU 0] [02:24:24] [DEBUG] num_seq: 512, num_rounds: 200, patience: 10
[GPU 0] [02:24:24] [DEBUG] local_x: torch.Size([64, 1024]), local_y: torch.Size([64, 1024]), num_steps: 6, per_gpu: 64, mbs_size: 12
[GPU 0] [02:24:36] [INFO] New best validation loss: 2.9929 @ step 0
[GPU 0] [02:24:47] [INFO] New best validation loss: 2.8537 @ step 1
[GPU 0] [02:24:58] [INFO] New best validation loss: 2.8333 @ step 2
[GPU 0] [02:27:15] [INFO] Stop FT @ 14: no val improvement for 10 steps
[GPU 0] [02:27:15] [INFO] Wrote stats.jsonl entries at FT step 2 
[GPU 0] [02:27:31] [INFO] CORE FT AUX - AUX PHASE: code-lisp
[GPU 0] [02:27:31] [WARNING] restore_partial_state: no checkpoint found at /workspace-vast/ethanr/gradient-routing/experiments/AGI-1699-New-Dataset-Runs/results/scaling/realistic/coreftaux/800M/seed_1/20260517134603632790/coreftaux/core_code-lisp
[GPU 0] [02:27:31] [INFO] ---- Begin CoreFTAux | Phase: ft | Data Label: code-lisp ----
[GPU 0] [02:27:31] [DEBUG] acc_mode: uniform, label_prc: 1.0, lr: 0.00014158837274692295
[GPU 0] [02:27:31] [INFO] 
len_all: 165723, len_all_labeled: 165723, len_all_unlabeled: 0,
len_base: 163263, len_ft: 2460,
len_core_for_ft: 1968, len_aux_for_ft: 492,
aux_factor: {'code-lisp': 0.3, 'papers-biology': 0.3, 'papers-nuclear': 0.3, 'papers-cyber': 0.3}, core_aux_ratio: 4.0,
[GPU 0] [02:27:31] [INFO] Batch [code-lisp] count: 121
[GPU 0] [02:27:31] [INFO] Batch [core] count: 488
[GPU 0] [02:27:31] [INFO] warmup_steps: 2
[GPU 0] [02:27:31] [INFO] constant_steps: 76
[GPU 0] [02:27:31] [INFO] decay_steps: 9
[GPU 0] [02:27:31] [INFO] LR Scheduler: Warmup Start
[GPU 0] [02:27:35] [INFO] Step: 1, LR: 7.08e-05
[GPU 0] [02:27:35] [INFO] Train Loss: CORE: nan CODE-LISP: 1.31 PAPERS-BIOLOGY: nan PAPERS-CYBER: nan PAPERS-NUCLEAR: nan 
[GPU 0] [02:27:37] [INFO] LR Scheduler: Constant Start
[GPU 0] [02:30:05] [INFO] LR Scheduler: Decay Start
[GPU 0] [02:30:22] [INFO] Step: 87, LR: 1.00e-08
[GPU 0] [02:30:22] [INFO] Train Loss: CORE: 2.11 CODE-LISP: 0.93 PAPERS-BIOLOGY: nan PAPERS-CYBER: nan PAPERS-NUCLEAR: nan 
[GPU 0] [02:30:39] [INFO] ---- Begin Eval ----
[GPU 0] [02:30:39] [INFO] Data: core | Experts: None
[GPU 0] [02:31:01] [INFO] loss: 1.87642455
[GPU 0] [02:31:01] [INFO] Data: code-lisp | Experts: None
[GPU 0] [02:31:09] [INFO] loss: 0.98331940
[GPU 0] [02:31:09] [INFO] Data: papers-biology | Experts: None
[GPU 0] [02:31:15] [INFO] loss: 2.47165203
[GPU 0] [02:31:15] [INFO] Data: papers-nuclear | Experts: None
[GPU 0] [02:31:22] [INFO] loss: 2.84938622
[GPU 0] [02:31:22] [INFO] Data: papers-cyber | Experts: None
[GPU 0] [02:31:28] [INFO] loss: 2.71225834
[GPU 0] [02:31:31] [INFO] CORE FT AUX - AUX PHASE: code-lisp - ADVERSARIAL FT START
[GPU 0] [02:31:43] [INFO] ---- Begin FT | Experts: None | Data: ['papers-biology'] ----
[GPU 0] [02:31:43] [DEBUG] num_seq: 512, num_rounds: 200, patience: 10
[GPU 0] [02:31:43] [DEBUG] local_x: torch.Size([64, 1024]), local_y: torch.Size([64, 1024]), num_steps: 6, per_gpu: 64, mbs_size: 12
[GPU 0] [02:31:55] [INFO] New best validation loss: 2.6477 @ step 0
[GPU 0] [02:32:06] [INFO] New best validation loss: 2.4877 @ step 1
[GPU 0] [02:32:18] [INFO] New best validation loss: 2.4845 @ step 2
[GPU 0] [02:35:01] [INFO] Stop FT @ 14: no val improvement for 10 steps
[GPU 0] [02:35:01] [INFO] Wrote stats.jsonl entries at FT step 2 
[GPU 0] [02:35:14] [INFO] ---- Begin FT | Experts: None | Data: ['papers-cyber'] ----
[GPU 0] [02:35:14] [DEBUG] num_seq: 512, num_rounds: 200, patience: 10
[GPU 0] [02:35:14] [DEBUG] local_x: torch.Size([64, 1024]), local_y: torch.Size([64, 1024]), num_steps: 6, per_gpu: 64, mbs_size: 12
[GPU 0] [02:35:26] [INFO] New best validation loss: 2.8221 @ step 0
[GPU 0] [02:35:37] [INFO] New best validation loss: 2.7236 @ step 1
[GPU 0] [02:38:17] [INFO] Stop FT @ 13: no val improvement for 10 steps
[GPU 0] [02:38:17] [INFO] Wrote stats.jsonl entries at FT step 1 
[GPU 0] [02:38:31] [INFO] ---- Begin FT | Experts: None | Data: ['papers-nuclear'] ----
[GPU 0] [02:38:31] [DEBUG] num_seq: 512, num_rounds: 200, patience: 10
[GPU 0] [02:38:31] [DEBUG] local_x: torch.Size([64, 1024]), local_y: torch.Size([64, 1024]), num_steps: 6, per_gpu: 64, mbs_size: 12
[GPU 0] [02:38:42] [INFO] New best validation loss: 2.9862 @ step 0
[GPU 0] [02:38:54] [INFO] New best validation loss: 2.8527 @ step 1
[GPU 0] [02:39:07] [INFO] New best validation loss: 2.8365 @ step 2
[GPU 0] [02:41:42] [INFO] Stop FT @ 14: no val improvement for 10 steps
[GPU 0] [02:41:42] [INFO] Wrote stats.jsonl entries at FT step 2 
[GPU 0] [02:41:57] [INFO] CORE FT AUX - AUX PHASE: papers-biology
[GPU 0] [02:41:57] [WARNING] restore_partial_state: no checkpoint found at /workspace-vast/ethanr/gradient-routing/experiments/AGI-1699-New-Dataset-Runs/results/scaling/realistic/coreftaux/800M/seed_1/20260517134603632790/coreftaux/core_papers-biology
[GPU 0] [02:41:57] [INFO] ---- Begin CoreFTAux | Phase: ft | Data Label: papers-biology ----
[GPU 0] [02:41:57] [DEBUG] acc_mode: uniform, label_prc: 1.0, lr: 0.00014158837274692295
[GPU 0] [02:41:57] [INFO] 
len_all: 165723, len_all_labeled: 165723, len_all_unlabeled: 0,
len_base: 163263, len_ft: 2460,
len_core_for_ft: 1968, len_aux_for_ft: 492,
aux_factor: {'code-lisp': 0.3, 'papers-biology': 0.3, 'papers-nuclear': 0.3, 'papers-cyber': 0.3}, core_aux_ratio: 4.0,
[GPU 0] [02:41:57] [INFO] Batch [core] count: 488
[GPU 0] [02:41:57] [INFO] Batch [papers-biology] count: 121
[GPU 0] [02:41:57] [INFO] warmup_steps: 2
[GPU 0] [02:41:57] [INFO] constant_steps: 76
[GPU 0] [02:41:57] [INFO] decay_steps: 9
[GPU 0] [02:41:57] [INFO] LR Scheduler: Warmup Start
[GPU 0] [02:42:01] [INFO] Step: 1, LR: 7.08e-05
[GPU 0] [02:42:01] [INFO] Train Loss: CORE: 2.71 CODE-LISP: nan PAPERS-BIOLOGY: nan PAPERS-CYBER: nan PAPERS-NUCLEAR: nan 
[GPU 0] [02:42:03] [INFO] LR Scheduler: Constant Start
[GPU 0] [02:44:30] [INFO] LR Scheduler: Decay Start
[GPU 0] [02:44:47] [INFO] Step: 87, LR: 1.00e-08
[GPU 0] [02:44:47] [INFO] Train Loss: CORE: 2.46 CODE-LISP: nan PAPERS-BIOLOGY: 2.48 PAPERS-CYBER: nan PAPERS-NUCLEAR: nan 
[GPU 0] [02:45:06] [INFO] ---- Begin Eval ----
[GPU 0] [02:45:06] [INFO] Data: core | Experts: None
[GPU 0] [02:45:30] [INFO] loss: 1.87401795
[GPU 0] [02:45:30] [INFO] Data: code-lisp | Experts: None
[GPU 0] [02:45:36] [INFO] loss: 1.38051987
[GPU 0] [02:45:36] [INFO] Data: papers-biology | Experts: None
[GPU 0] [02:45:42] [INFO] loss: 2.40745926
[GPU 0] [02:45:42] [INFO] Data: papers-nuclear | Experts: None
[GPU 0] [02:45:49] [INFO] loss: 2.83603048
[GPU 0] [02:45:49] [INFO] Data: papers-cyber | Experts: None
[GPU 0] [02:45:55] [INFO] loss: 2.70878005
[GPU 0] [02:45:57] [INFO] CORE FT AUX - AUX PHASE: papers-biology - ADVERSARIAL FT START
[GPU 0] [02:46:08] [INFO] ---- Begin FT | Experts: None | Data: ['code-lisp'] ----
[GPU 0] [02:46:08] [DEBUG] num_seq: 512, num_rounds: 200, patience: 10
[GPU 0] [02:46:09] [DEBUG] local_x: torch.Size([64, 1024]), local_y: torch.Size([64, 1024]), num_steps: 6, per_gpu: 64, mbs_size: 12
[GPU 0] [02:46:20] [INFO] New best validation loss: 1.4529 @ step 0
[GPU 0] [02:46:31] [INFO] New best validation loss: 1.3377 @ step 1
[GPU 0] [02:46:42] [INFO] New best validation loss: 1.2580 @ step 2
[GPU 0] [02:46:53] [INFO] New best validation loss: 1.2167 @ step 3
[GPU 0] [02:47:06] [INFO] New best validation loss: 1.1903 @ step 4
[GPU 0] [02:47:18] [INFO] New best validation loss: 1.1687 @ step 5
[GPU 0] [02:47:30] [INFO] New best validation loss: 1.1502 @ step 6
[GPU 0] [02:47:43] [INFO] New best validation loss: 1.1352 @ step 7
[GPU 0] [02:47:59] [INFO] New best validation loss: 1.1217 @ step 8
[GPU 0] [02:48:16] [INFO] New best validation loss: 1.1076 @ step 9
[GPU 0] [02:48:31] [INFO] New best validation loss: 1.0944 @ step 10
[GPU 0] [02:48:47] [INFO] New best validation loss: 1.0846 @ step 11
[GPU 0] [02:49:04] [INFO] New best validation loss: 1.0767 @ step 12
[GPU 0] [02:49:20] [INFO] New best validation loss: 1.0689 @ step 13
[GPU 0] [02:49:36] [INFO] New best validation loss: 1.0621 @ step 14
[GPU 0] [02:49:52] [INFO] New best validation loss: 1.0564 @ step 15
[GPU 0] [02:50:09] [INFO] New best validation loss: 1.0510 @ step 16
[GPU 0] [02:50:25] [INFO] New best validation loss: 1.0457 @ step 17
[GPU 0] [02:50:40] [INFO] New best validation loss: 1.0404 @ step 18
[GPU 0] [02:50:52] [INFO] New best validation loss: 1.0367 @ step 19
[GPU 0] [02:51:09] [INFO] New best validation loss: 1.0345 @ step 20
[GPU 0] [02:51:23] [INFO] New best validation loss: 1.0339 @ step 21
[GPU 0] [02:51:49] [INFO] New best validation loss: 1.0337 @ step 23
[GPU 0] [02:52:05] [INFO] New best validation loss: 1.0332 @ step 24
[GPU 0] [02:54:59] [INFO] Stop FT @ 36: no val improvement for 10 steps
[GPU 0] [02:54:59] [INFO] Wrote stats.jsonl entries at FT step 24 
[GPU 0] [02:55:12] [INFO] ---- Begin FT | Experts: None | Data: ['papers-cyber'] ----
[GPU 0] [02:55:12] [DEBUG] num_seq: 512, num_rounds: 200, patience: 10
[GPU 0] [02:55:12] [DEBUG] local_x: torch.Size([64, 1024]), local_y: torch.Size([64, 1024]), num_steps: 6, per_gpu: 64, mbs_size: 12
[GPU 0] [02:55:24] [INFO] New best validation loss: 2.8263 @ step 0
[GPU 0] [02:55:35] [INFO] New best validation loss: 2.7250 @ step 1
[GPU 0] [02:55:47] [INFO] New best validation loss: 2.7204 @ step 2
[GPU 0] [02:58:19] [INFO] Stop FT @ 14: no val improvement for 10 steps
[GPU 0] [02:58:19] [INFO] Wrote stats.jsonl entries at FT step 2 
[GPU 0] [02:58:33] [INFO] ---- Begin FT | Experts: None | Data: ['papers-nuclear'] ----
[GPU 0] [02:58:33] [DEBUG] num_seq: 512, num_rounds: 200, patience: 10
[GPU 0] [02:58:33] [DEBUG] local_x: torch.Size([64, 1024]), local_y: torch.Size([64, 1024]), num_steps: 6, per_gpu: 64, mbs_size: 12
[GPU 0] [02:58:44] [INFO] New best validation loss: 2.9287 @ step 0
[GPU 0] [02:58:56] [INFO] New best validation loss: 2.8377 @ step 1
[GPU 0] [02:59:07] [INFO] New best validation loss: 2.8267 @ step 2
[GPU 0] [03:01:48] [INFO] Stop FT @ 14: no val improvement for 10 steps
[GPU 0] [03:01:48] [INFO] Wrote stats.jsonl entries at FT step 2 
[GPU 0] [03:02:04] [INFO] CORE FT AUX - AUX PHASE: papers-nuclear
[GPU 0] [03:02:05] [WARNING] restore_partial_state: no checkpoint found at /workspace-vast/ethanr/gradient-routing/experiments/AGI-1699-New-Dataset-Runs/results/scaling/realistic/coreftaux/800M/seed_1/20260517134603632790/coreftaux/core_papers-nuclear
[GPU 0] [03:02:05] [INFO] ---- Begin CoreFTAux | Phase: ft | Data Label: papers-nuclear ----
[GPU 0] [03:02:05] [DEBUG] acc_mode: uniform, label_prc: 1.0, lr: 0.00014158837274692295
[GPU 0] [03:02:05] [INFO] 
len_all: 165723, len_all_labeled: 165723, len_all_unlabeled: 0,
len_base: 163263, len_ft: 2460,
len_core_for_ft: 1968, len_aux_for_ft: 492,
aux_factor: {'code-lisp': 0.3, 'papers-biology': 0.3, 'papers-nuclear': 0.3, 'papers-cyber': 0.3}, core_aux_ratio: 4.0,
[GPU 0] [03:02:05] [INFO] Batch [core] count: 488
[GPU 0] [03:02:05] [INFO] Batch [papers-nuclear] count: 121
[GPU 0] [03:02:05] [INFO] warmup_steps: 2
[GPU 0] [03:02:05] [INFO] constant_steps: 76
[GPU 0] [03:02:05] [INFO] decay_steps: 9
[GPU 0] [03:02:05] [INFO] LR Scheduler: Warmup Start
[GPU 0] [03:02:09] [INFO] Step: 1, LR: 7.08e-05
[GPU 0] [03:02:09] [INFO] Train Loss: CORE: 2.71 CODE-LISP: nan PAPERS-BIOLOGY: nan PAPERS-CYBER: nan PAPERS-NUCLEAR: nan 
[GPU 0] [03:02:11] [INFO] LR Scheduler: Constant Start
[GPU 0] [03:04:38] [INFO] LR Scheduler: Decay Start
[GPU 0] [03:04:55] [INFO] Step: 87, LR: 1.00e-08
[GPU 0] [03:04:55] [INFO] Train Loss: CORE: 2.47 CODE-LISP: nan PAPERS-BIOLOGY: nan PAPERS-CYBER: nan PAPERS-NUCLEAR: 2.72 
[GPU 0] [03:05:13] [INFO] ---- Begin Eval ----
[GPU 0] [03:05:13] [INFO] Data: core | Experts: None
[GPU 0] [03:05:39] [INFO] loss: 1.87460470
[GPU 0] [03:05:39] [INFO] Data: code-lisp | Experts: None
[GPU 0] [03:05:45] [INFO] loss: 1.37773442
[GPU 0] [03:05:45] [INFO] Data: papers-biology | Experts: None
[GPU 0] [03:05:52] [INFO] loss: 2.46129084
[GPU 0] [03:05:52] [INFO] Data: papers-nuclear | Experts: None
[GPU 0] [03:05:58] [INFO] loss: 2.76847100
[GPU 0] [03:05:58] [INFO] Data: papers-cyber | Experts: None
[GPU 0] [03:06:04] [INFO] loss: 2.70848203
[GPU 0] [03:06:07] [INFO] CORE FT AUX - AUX PHASE: papers-nuclear - ADVERSARIAL FT START
[GPU 0] [03:06:18] [INFO] ---- Begin FT | Experts: None | Data: ['code-lisp'] ----
[GPU 0] [03:06:18] [DEBUG] num_seq: 512, num_rounds: 200, patience: 10
[GPU 0] [03:06:18] [DEBUG] local_x: torch.Size([64, 1024]), local_y: torch.Size([64, 1024]), num_steps: 6, per_gpu: 64, mbs_size: 12
[GPU 0] [03:06:30] [INFO] New best validation loss: 1.4671 @ step 0
[GPU 0] [03:06:41] [INFO] New best validation loss: 1.3344 @ step 1
[GPU 0] [03:06:52] [INFO] New best validation loss: 1.2588 @ step 2
[GPU 0] [03:07:04] [INFO] New best validation loss: 1.2186 @ step 3
[GPU 0] [03:07:17] [INFO] New best validation loss: 1.1892 @ step 4
[GPU 0] [03:07:30] [INFO] New best validation loss: 1.1680 @ step 5
[GPU 0] [03:07:45] [INFO] New best validation loss: 1.1528 @ step 6
[GPU 0] [03:08:02] [INFO] New best validation loss: 1.1365 @ step 7
[GPU 0] [03:08:14] [INFO] New best validation loss: 1.1204 @ step 8
[GPU 0] [03:08:29] [INFO] New best validation loss: 1.1066 @ step 9
[GPU 0] [03:08:41] [INFO] New best validation loss: 1.0952 @ step 10
[GPU 0] [03:08:54] [INFO] New best validation loss: 1.0858 @ step 11
[GPU 0] [03:09:07] [INFO] New best validation loss: 1.0775 @ step 12
[GPU 0] [03:09:19] [INFO] New best validation loss: 1.0692 @ step 13
[GPU 0] [03:09:31] [INFO] New best validation loss: 1.0617 @ step 14
[GPU 0] [03:09:47] [INFO] New best validation loss: 1.0554 @ step 15
[GPU 0] [03:09:59] [INFO] New best validation loss: 1.0498 @ step 16
[GPU 0] [03:10:13] [INFO] New best validation loss: 1.0447 @ step 17
[GPU 0] [03:10:28] [INFO] New best validation loss: 1.0403 @ step 18
[GPU 0] [03:10:41] [INFO] New best validation loss: 1.0370 @ step 19
[GPU 0] [03:10:56] [INFO] New best validation loss: 1.0349 @ step 20
[GPU 0] [03:11:12] [INFO] New best validation loss: 1.0333 @ step 21
[GPU 0] [03:11:28] [INFO] New best validation loss: 1.0330 @ step 22
[GPU 0] [03:11:44] [INFO] New best validation loss: 1.0330 @ step 23
[GPU 0] [03:14:19] [INFO] Stop FT @ 35: no val improvement for 10 steps
[GPU 0] [03:14:19] [INFO] Wrote stats.jsonl entries at FT step 23 
[GPU 0] [03:14:32] [INFO] ---- Begin FT | Experts: None | Data: ['papers-biology'] ----
[GPU 0] [03:14:32] [DEBUG] num_seq: 512, num_rounds: 200, patience: 10
[GPU 0] [03:14:32] [DEBUG] local_x: torch.Size([64, 1024]), local_y: torch.Size([64, 1024]), num_steps: 6, per_gpu: 64, mbs_size: 12
[GPU 0] [03:14:44] [INFO] New best validation loss: 2.6549 @ step 0
[GPU 0] [03:14:57] [INFO] New best validation loss: 2.4823 @ step 1
[GPU 0] [03:17:38] [INFO] Stop FT @ 13: no val improvement for 10 steps
[GPU 0] [03:17:38] [INFO] Wrote stats.jsonl entries at FT step 1 
[GPU 0] [03:17:51] [INFO] ---- Begin FT | Experts: None | Data: ['papers-cyber'] ----
[GPU 0] [03:17:51] [DEBUG] num_seq: 512, num_rounds: 200, patience: 10
[GPU 0] [03:17:51] [DEBUG] local_x: torch.Size([64, 1024]), local_y: torch.Size([64, 1024]), num_steps: 6, per_gpu: 64, mbs_size: 12
[GPU 0] [03:18:03] [INFO] New best validation loss: 2.8540 @ step 0
[GPU 0] [03:18:14] [INFO] New best validation loss: 2.7353 @ step 1
[GPU 0] [03:18:26] [INFO] New best validation loss: 2.7207 @ step 2
[GPU 0] [03:21:12] [INFO] Stop FT @ 14: no val improvement for 10 steps
[GPU 0] [03:21:12] [INFO] Wrote stats.jsonl entries at FT step 2 
[GPU 0] [03:21:27] [INFO] CORE FT AUX - AUX PHASE: papers-cyber
[GPU 0] [03:21:28] [WARNING] restore_partial_state: no checkpoint found at /workspace-vast/ethanr/gradient-routing/experiments/AGI-1699-New-Dataset-Runs/results/scaling/realistic/coreftaux/800M/seed_1/20260517134603632790/coreftaux/core_papers-cyber
[GPU 0] [03:21:28] [INFO] ---- Begin CoreFTAux | Phase: ft | Data Label: papers-cyber ----
[GPU 0] [03:21:28] [DEBUG] acc_mode: uniform, label_prc: 1.0, lr: 0.00014158837274692295
[GPU 0] [03:21:28] [INFO] 
len_all: 165723, len_all_labeled: 165723, len_all_unlabeled: 0,
len_base: 163263, len_ft: 2460,
len_core_for_ft: 1968, len_aux_for_ft: 492,
aux_factor: {'code-lisp': 0.3, 'papers-biology': 0.3, 'papers-nuclear': 0.3, 'papers-cyber': 0.3}, core_aux_ratio: 4.0,
[GPU 0] [03:21:28] [INFO] Batch [core] count: 487
[GPU 0] [03:21:28] [INFO] Batch [papers-cyber] count: 122
[GPU 0] [03:21:28] [INFO] warmup_steps: 2
[GPU 0] [03:21:28] [INFO] constant_steps: 76
[GPU 0] [03:21:28] [INFO] decay_steps: 9
[GPU 0] [03:21:28] [INFO] LR Scheduler: Warmup Start
[GPU 0] [03:21:32] [INFO] Step: 1, LR: 7.08e-05
[GPU 0] [03:21:32] [INFO] Train Loss: CORE: 2.71 CODE-LISP: nan PAPERS-BIOLOGY: nan PAPERS-CYBER: nan PAPERS-NUCLEAR: nan 
[GPU 0] [03:21:34] [INFO] LR Scheduler: Constant Start
[GPU 0] [03:24:01] [INFO] LR Scheduler: Decay Start
[GPU 0] [03:24:18] [INFO] Step: 87, LR: 1.00e-08
[GPU 0] [03:24:18] [INFO] Train Loss: CORE: 2.42 CODE-LISP: nan PAPERS-BIOLOGY: nan PAPERS-CYBER: 2.65 PAPERS-NUCLEAR: nan 
[GPU 0] [03:24:35] [INFO] ---- Begin Eval ----
[GPU 0] [03:24:35] [INFO] Data: core | Experts: None
[GPU 0] [03:24:59] [INFO] loss: 1.87276089
[GPU 0] [03:24:59] [INFO] Data: code-lisp | Experts: None
[GPU 0] [03:25:08] [INFO] loss: 1.37836218
[GPU 0] [03:25:08] [INFO] Data: papers-biology | Experts: None
[GPU 0] [03:25:15] [INFO] loss: 2.46601558
[GPU 0] [03:25:15] [INFO] Data: papers-nuclear | Experts: None
[GPU 0] [03:25:21] [INFO] loss: 2.83809519
[GPU 0] [03:25:21] [INFO] Data: papers-cyber | Experts: None
[GPU 0] [03:25:27] [INFO] loss: 2.65172982
[GPU 0] [03:25:31] [INFO] CORE FT AUX - AUX PHASE: papers-cyber - ADVERSARIAL FT START
[GPU 0] [03:25:42] [INFO] ---- Begin FT | Experts: None | Data: ['code-lisp'] ----
[GPU 0] [03:25:42] [DEBUG] num_seq: 512, num_rounds: 200, patience: 10
[GPU 0] [03:25:42] [DEBUG] local_x: torch.Size([64, 1024]), local_y: torch.Size([64, 1024]), num_steps: 6, per_gpu: 64, mbs_size: 12
[GPU 0] [03:25:54] [INFO] New best validation loss: 1.4567 @ step 0
[GPU 0] [03:26:06] [INFO] New best validation loss: 1.3423 @ step 1
[GPU 0] [03:26:17] [INFO] New best validation loss: 1.2565 @ step 2
[GPU 0] [03:26:28] [INFO] New best validation loss: 1.2186 @ step 3
[GPU 0] [03:26:41] [INFO] New best validation loss: 1.1921 @ step 4
[GPU 0] [03:26:53] [INFO] New best validation loss: 1.1701 @ step 5
[GPU 0] [03:27:07] [INFO] New best validation loss: 1.1524 @ step 6
[GPU 0] [03:27:20] [INFO] New best validation loss: 1.1359 @ step 7
[GPU 0] [03:27:34] [INFO] New best validation loss: 1.1210 @ step 8
[GPU 0] [03:27:50] [INFO] New best validation loss: 1.1072 @ step 9
[GPU 0] [03:28:06] [INFO] New best validation loss: 1.0948 @ step 10
[GPU 0] [03:28:20] [INFO] New best validation loss: 1.0853 @ step 11
[GPU 0] [03:28:36] [INFO] New best validation loss: 1.0777 @ step 12
[GPU 0] [03:28:49] [INFO] New best validation loss: 1.0699 @ step 13
[GPU 0] [03:29:05] [INFO] New best validation loss: 1.0621 @ step 14
[GPU 0] [03:29:21] [INFO] New best validation loss: 1.0561 @ step 15
[GPU 0] [03:29:37] [INFO] New best validation loss: 1.0504 @ step 16
[GPU 0] [03:29:52] [INFO] New best validation loss: 1.0451 @ step 17
[GPU 0] [03:30:04] [INFO] New best validation loss: 1.0405 @ step 18
[GPU 0] [03:30:22] [INFO] New best validation loss: 1.0372 @ step 19
[GPU 0] [03:30:38] [INFO] New best validation loss: 1.0349 @ step 20
[GPU 0] [03:30:52] [INFO] New best validation loss: 1.0335 @ step 21
[GPU 0] [03:31:04] [INFO] New best validation loss: 1.0329 @ step 22
[GPU 0] [03:33:22] [INFO] Stop FT @ 34: no val improvement for 10 steps
[GPU 0] [03:33:22] [INFO] Wrote stats.jsonl entries at FT step 22 
[GPU 0] [03:33:36] [INFO] ---- Begin FT | Experts: None | Data: ['papers-biology'] ----
[GPU 0] [03:33:36] [DEBUG] num_seq: 512, num_rounds: 200, patience: 10
[GPU 0] [03:33:36] [DEBUG] local_x: torch.Size([64, 1024]), local_y: torch.Size([64, 1024]), num_steps: 6, per_gpu: 64, mbs_size: 12
[GPU 0] [03:33:48] [INFO] New best validation loss: 2.7707 @ step 0
[GPU 0] [03:33:59] [INFO] New best validation loss: 2.4878 @ step 1
[GPU 0] [03:34:10] [INFO] New best validation loss: 2.4877 @ step 2
[GPU 0] [03:36:42] [INFO] Stop FT @ 14: no val improvement for 10 steps
[GPU 0] [03:36:42] [INFO] Wrote stats.jsonl entries at FT step 2 
[GPU 0] [03:36:57] [INFO] ---- Begin FT | Experts: None | Data: ['papers-nuclear'] ----
[GPU 0] [03:36:57] [DEBUG] num_seq: 512, num_rounds: 200, patience: 10
[GPU 0] [03:36:57] [DEBUG] local_x: torch.Size([64, 1024]), local_y: torch.Size([64, 1024]), num_steps: 6, per_gpu: 64, mbs_size: 12
[GPU 0] [03:37:08] [INFO] New best validation loss: 2.9760 @ step 0
[GPU 0] [03:37:19] [INFO] New best validation loss: 2.8464 @ step 1
[GPU 0] [03:37:30] [INFO] New best validation loss: 2.8331 @ step 2
[GPU 0] [03:40:00] [INFO] Stop FT @ 14: no val improvement for 10 steps
[GPU 0] [03:40:00] [INFO] Wrote stats.jsonl entries at FT step 2 
[GPU 0] [03:40:01] [INFO] ----------------------------------------
[GPU 0] [03:40:01] [INFO] Finished. See /workspace-vast/ethanr/gradient-routing/experiments/AGI-1699-New-Dataset-Runs/results/scaling/realistic/coreftaux/800M/seed_1/20260517134603632790
