[GPU 0] [04:18:31] [INFO] Number of GPUs: 8
[GPU 0] [04:18:33] [INFO] Tokenizer vocabulary: 50257
[GPU 0] [04:18:33] [INFO] Set model vocab size to nearest multiple of 64 of tokenizer size: 50304
[GPU 0] [04:18:35] [INFO] target effective batch size: 212, actual effective batch size: 216, micro batch size: 27, accumulation steps: 1, num gpus: 8
[GPU 0] [04:18:35] [INFO] core total number of tokens: 66749057569
[GPU 0] [04:18:35] [INFO] Baseline model has 199,891,008 parameters
[GPU 0] [04:18:35] [INFO] core: chinchilla optimal tokens: 3,997,820,160, requested proportion: 1.0000, requested number of tokens: 3,997,820,160.0, 
[GPU 0] [04:18:35] [INFO] aux total number of tokens: 4835776549
[GPU 0] [04:18:35] [INFO] Baseline model has 199,891,008 parameters
[GPU 0] [04:18:35] [INFO] aux: chinchilla optimal tokens: 3,997,820,160, requested proportion: 0.0100, requested number of tokens: 39,978,201.6, 
[GPU 0] [04:18:35] [DEBUG] Saved config to /workspace/gradient-routing/experiments/AGI-1699-New-Dataset-Runs/results/scaling/realistic/base/200M/seed_1/20260422041827650291/config.json
[GPU 0] [04:18:35] [DEBUG] {
    "stages": [
        {
            "name": "baseline",
            "num_checkpoints": -1,
            "lr": 0.0008677257023958782,
            "res_dir": "/workspace/gradient-routing/experiments/AGI-1699-New-Dataset-Runs/results/scaling/realistic/base/200M/seed_1/20260422041827650291/baseline",
            "do_eval": true,
            "do_sample": false,
            "num_train_evals": 100,
            "do_elicit": true,
            "elicit_eval_prc": 0.5,
            "elicit_num_evals": 100
        }
    ],
    "model": {
        "arch": "base",
        "tokenizer": "GPT2Tokenizer(name_or_path='EleutherAI/gpt-neo-125M', vocab_size=50257, model_max_length=2048, padding_side='right', truncation_side='right', special_tokens={'bos_token': '<|endoftext|>', 'eos_token': '<|endoftext|>', 'unk_token': '<|endoftext|>'}, added_tokens_decoder={\n\t50256: AddedToken(\"<|endoftext|>\", rstrip=False, lstrip=False, single_word=False, normalized=True, special=True),\n}\n)",
        "ctx_len": 1024,
        "vocab_size": 50304,
        "num_layers": 13,
        "num_heads": 8,
        "num_key_value": 2,
        "attn_bias": true,
        "eos_token_id": 50256,
        "embed_dim": 896,
        "mlp_dim": 3584
    },
    "data": {
        "dirs": [
            "/workspace/gradient-routing/experiments/AGI-1699-New-Dataset-Runs/src/data/fineweb",
            "/workspace/gradient-routing/experiments/AGI-1699-New-Dataset-Runs/src/data/code",
            "/workspace/gradient-routing/experiments/AGI-1699-New-Dataset-Runs/src/data/papers"
        ],
        "core": {
            "labels": [
                "fineweb",
                "code-other",
                "papers-other"
            ],
            "method": "optimal",
            "limit": 1.0,
            "dist": {
                "fineweb": 0.84,
                "code-other": 0.15,
                "papers-other": 0.01
            },
            "num_tok": 3997820160.0
        },
        "aux": {
            "labels": [
                "code-lisp",
                "papers-biology",
                "papers-nuclear",
                "papers-cyber"
            ],
            "method": "optimal",
            "limit": 0.01,
            "dist": {
                "code-lisp": 0.25,
                "papers-biology": 0.25,
                "papers-nuclear": 0.25,
                "papers-cyber": 0.25
            },
            "num_tok": 39978201.6
        }
    },
    "run": {
        "target_effective_batch_size": 212,
        "effective_batch_size": 216,
        "micro_batch_size": 27,
        "accumulation_steps": 1,
        "max_num_test_sequences": 10000,
        "eval_all_labels": false,
        "micro_batch_anchors": [
            [
                400000000.0,
                23
            ],
            [
                5000000000.0,
                2
            ]
        ],
        "epochs": 1,
        "adam_betas": [
            0.9,
            0.95
        ],
        "warmup_prc": 0.02,
        "decay_prc": 0.1,
        "seed": 1,
        "compile": true,
        "is_ddp": true,
        "optimize_routed": true,
        "cleanup_distributed": false,
        "log_level": "DEBUG",
        "num_gpus": 8,
        "process_id": 0,
        "num_base_params": 199891008,
        "device": "cuda",
        "logger": "<Logger training_20260422041827650291 (DEBUG)>",
        "labels": [
            "core",
            "code-lisp",
            "papers-biology",
            "papers-cyber",
            "papers-nuclear"
        ],
        "loaders": {
            "code-lisp": {
                "train": "SingleDataLoader(code-lisp_train_001.bin, len=45)",
                "test": "InterleavedDataLoader(len=45)"
            },
            "code-other": {
                "train": "SingleDataLoader(code-other_train_010.bin, len=2711)",
                "test": "SingleDataLoader(code-other_test_010.bin, len=47)"
            },
            "fineweb": {
                "train": "InterleavedDataLoader(len=15182)",
                "test": "InterleavedDataLoader(len=47)"
            },
            "papers-biology": {
                "train": "SingleDataLoader(papers-biology_train.bin, len=45)",
                "test": "SingleDataLoader(papers-biology_test.bin, len=45)"
            },
            "papers-cyber": {
                "train": "SingleDataLoader(papers-cyber_train.bin, len=45)",
                "test": "SingleDataLoader(papers-cyber_test.bin, len=45)"
            },
            "papers-nuclear": {
                "train": "SingleDataLoader(papers-nuclear_train.bin, len=45)",
                "test": "SingleDataLoader(papers-nuclear_test.bin, len=45)"
            },
            "papers-other": {
                "train": "SingleDataLoader(papers-other_train.bin, len=180)",
                "test": "SingleDataLoader(papers-other_test.bin, len=47)"
            },
            "core": {
                "train": "InterleavedDataLoader(len=18073)",
                "test": "InterleavedDataLoader(len=141)"
            },
            "aux": {
                "train": "InterleavedDataLoader(len=180)",
                "test": "InterleavedDataLoader(len=180)"
            },
            "all": {
                "train": "InterleavedDataLoader(len=18253)",
                "test": "InterleavedDataLoader(len=321)"
            }
        },
        "res_root": "/workspace/gradient-routing/experiments/AGI-1699-New-Dataset-Runs/results/scaling/realistic/base/200M/seed_1",
        "experiment_id": "20260422041827650291",
        "s3_bucket": "ae-gradient-routing-results",
        "s3_prefix": "scaling/realistic/base/200M/seed_1"
    }
}
[GPU 0] [04:18:35] [INFO] Loader code-lisp train: 45, test: 45
[GPU 0] [04:18:35] [INFO] Loader code-other train: 2711, test: 47
[GPU 0] [04:18:35] [INFO] Loader fineweb train: 15182, test: 47
[GPU 0] [04:18:35] [INFO] Loader papers-biology train: 45, test: 45
[GPU 0] [04:18:35] [INFO] Loader papers-cyber train: 45, test: 45
[GPU 0] [04:18:35] [INFO] Loader papers-nuclear train: 45, test: 45
[GPU 0] [04:18:35] [INFO] Loader papers-other train: 180, test: 47
[GPU 0] [04:18:35] [INFO] Loader core train: 18073, test: 141
[GPU 0] [04:18:35] [INFO] Loader aux train: 180, test: 180
[GPU 0] [04:18:35] [INFO] Loader all train: 18253, test: 321
[GPU 0] [04:18:35] [INFO] Stage [baseline] start: {"name": "baseline", "num_checkpoints": -1, "lr": 0.0008677257023958782, "res_dir": "/workspace/gradient-routing/experiments/AGI-1699-New-Dataset-Runs/results/scaling/realistic/base/200M/seed_1/20260422041827650291/baseline", "do_eval": true, "do_sample": false, "num_train_evals": 100, "do_elicit": true, "elicit_eval_prc": 0.5, "elicit_num_evals": 100}
[GPU 0] [04:18:35] [INFO] BASELINE START
[GPU 0] [04:18:37] [INFO] Initialized BaseTransformer with 199,891,008 total parameters
[GPU 0] [04:18:37] [INFO] Compiling BaseTransformer with torch.compile...
[GPU 0] [04:18:37] [INFO] torch.compile done
[GPU 0] [04:18:37] [WARNING] restore_partial_state: no checkpoint found at /workspace/gradient-routing/experiments/AGI-1699-New-Dataset-Runs/results/scaling/realistic/base/200M/seed_1/20260422041827650291/baseline
[GPU 0] [04:18:37] [INFO] ---- Begin Train | Data Labels: ['all'] ----
[GPU 0] [04:18:37] [INFO] Batch [all] count: 18253
[GPU 0] [04:18:37] [INFO] warmup_steps: 365
[GPU 0] [04:18:37] [INFO] constant_steps: 16063
[GPU 0] [04:18:37] [INFO] decay_steps: 1825
[GPU 0] [04:18:37] [INFO] LR Scheduler: Warmup Start
[GPU 0] [04:19:49] [INFO] Step: 1, LR: 2.39e-06
[GPU 0] [04:19:49] [INFO] Train Loss: CORE: 10.94 CODE-LISP: nan PAPERS-BIOLOGY: nan PAPERS-CYBER: nan PAPERS-NUCLEAR: nan 
[GPU 0] [04:19:49] [INFO] Val Loss: CODE-LISP: nan CODE-OTHER: nan FINEWEB: nan PAPERS-BIOLOGY: nan PAPERS-CYBER: nan PAPERS-NUCLEAR: nan PAPERS-OTHER: nan CORE: nan AUX: nan ALL: nan 
[GPU 0] [04:21:22] [INFO] LR Scheduler: Constant Start
[GPU 0] [04:23:38] [INFO] Step: 1000, LR: 8.68e-04
[GPU 0] [04:23:38] [INFO] Train Loss: CORE: 3.11 CODE-LISP: 3.38 PAPERS-BIOLOGY: 4.75 PAPERS-CYBER: 5.44 PAPERS-NUCLEAR: 5.11 
[GPU 0] [04:23:38] [INFO] Val Loss: CODE-LISP: 3.01 CODE-OTHER: nan FINEWEB: nan PAPERS-BIOLOGY: 4.15 PAPERS-CYBER: 4.29 PAPERS-NUCLEAR: 4.33 PAPERS-OTHER: nan CORE: 3.45 AUX: nan ALL: nan 
[GPU 0] [04:26:56] [INFO] Step: 2000, LR: 8.68e-04
[GPU 0] [04:26:56] [INFO] Train Loss: CORE: 3.73 CODE-LISP: 2.54 PAPERS-BIOLOGY: 4.14 PAPERS-CYBER: 4.39 PAPERS-NUCLEAR: 4.65 
[GPU 0] [04:26:56] [INFO] Val Loss: CODE-LISP: 1.95 CODE-OTHER: nan FINEWEB: nan PAPERS-BIOLOGY: 3.57 PAPERS-CYBER: 3.82 PAPERS-NUCLEAR: 3.85 PAPERS-OTHER: nan CORE: 2.74 AUX: nan ALL: nan 
[GPU 0] [04:30:26] [INFO] Step: 3000, LR: 8.68e-04
[GPU 0] [04:30:26] [INFO] Train Loss: CORE: 3.30 CODE-LISP: 2.19 PAPERS-BIOLOGY: 3.96 PAPERS-CYBER: 4.09 PAPERS-NUCLEAR: 4.48 
[GPU 0] [04:30:26] [INFO] Val Loss: CODE-LISP: 1.79 CODE-OTHER: nan FINEWEB: nan PAPERS-BIOLOGY: 3.42 PAPERS-CYBER: 3.59 PAPERS-NUCLEAR: 3.68 PAPERS-OTHER: nan CORE: 2.74 AUX: nan ALL: nan 
[GPU 0] [04:33:44] [INFO] Step: 4000, LR: 8.68e-04
[GPU 0] [04:33:44] [INFO] Train Loss: CORE: 3.45 CODE-LISP: 1.98 PAPERS-BIOLOGY: 3.79 PAPERS-CYBER: 3.97 PAPERS-NUCLEAR: 4.08 
[GPU 0] [04:33:44] [INFO] Val Loss: CODE-LISP: 1.73 CODE-OTHER: nan FINEWEB: nan PAPERS-BIOLOGY: 3.27 PAPERS-CYBER: 3.52 PAPERS-NUCLEAR: 3.59 PAPERS-OTHER: nan CORE: 2.51 AUX: nan ALL: nan 
[GPU 0] [04:37:14] [INFO] Step: 5000, LR: 8.68e-04
[GPU 0] [04:37:14] [INFO] Train Loss: CORE: 2.64 CODE-LISP: 1.91 PAPERS-BIOLOGY: 3.43 PAPERS-CYBER: 3.92 PAPERS-NUCLEAR: 3.87 
[GPU 0] [04:37:14] [INFO] Val Loss: CODE-LISP: 1.66 CODE-OTHER: nan FINEWEB: nan PAPERS-BIOLOGY: 3.20 PAPERS-CYBER: 3.48 PAPERS-NUCLEAR: 3.55 PAPERS-OTHER: nan CORE: 2.45 AUX: nan ALL: nan 
[GPU 0] [04:40:32] [INFO] Step: 6000, LR: 8.68e-04
[GPU 0] [04:40:32] [INFO] Train Loss: CORE: 2.07 CODE-LISP: 1.84 PAPERS-BIOLOGY: 3.30 PAPERS-CYBER: 3.52 PAPERS-NUCLEAR: 3.77 
[GPU 0] [04:40:32] [INFO] Val Loss: CODE-LISP: 1.66 CODE-OTHER: nan FINEWEB: nan PAPERS-BIOLOGY: 3.15 PAPERS-CYBER: 3.40 PAPERS-NUCLEAR: 3.48 PAPERS-OTHER: nan CORE: 2.36 AUX: nan ALL: nan 
[GPU 0] [04:44:02] [INFO] Step: 7000, LR: 8.68e-04
[GPU 0] [04:44:02] [INFO] Train Loss: CORE: 2.06 CODE-LISP: 1.84 PAPERS-BIOLOGY: 3.30 PAPERS-CYBER: 3.45 PAPERS-NUCLEAR: 3.69 
[GPU 0] [04:44:02] [INFO] Val Loss: CODE-LISP: 1.66 CODE-OTHER: nan FINEWEB: nan PAPERS-BIOLOGY: 3.14 PAPERS-CYBER: 3.35 PAPERS-NUCLEAR: 3.46 PAPERS-OTHER: nan CORE: 2.54 AUX: nan ALL: nan 
[GPU 0] [04:47:19] [INFO] Step: 8000, LR: 8.68e-04
[GPU 0] [04:47:19] [INFO] Train Loss: CORE: 2.82 CODE-LISP: 1.70 PAPERS-BIOLOGY: 3.27 PAPERS-CYBER: 3.41 PAPERS-NUCLEAR: 3.56 
[GPU 0] [04:47:19] [INFO] Val Loss: CODE-LISP: 1.63 CODE-OTHER: nan FINEWEB: nan PAPERS-BIOLOGY: 3.11 PAPERS-CYBER: 3.34 PAPERS-NUCLEAR: 3.41 PAPERS-OTHER: nan CORE: 2.45 AUX: nan ALL: nan 
[GPU 0] [04:50:50] [INFO] Step: 9000, LR: 8.68e-04
[GPU 0] [04:50:50] [INFO] Train Loss: CORE: 2.53 CODE-LISP: 1.65 PAPERS-BIOLOGY: 3.27 PAPERS-CYBER: 3.38 PAPERS-NUCLEAR: 3.41 
[GPU 0] [04:50:50] [INFO] Val Loss: CODE-LISP: 1.48 CODE-OTHER: nan FINEWEB: nan PAPERS-BIOLOGY: 3.10 PAPERS-CYBER: 3.31 PAPERS-NUCLEAR: 3.38 PAPERS-OTHER: nan CORE: 2.38 AUX: nan ALL: nan 
[GPU 0] [04:54:07] [INFO] Step: 10000, LR: 8.68e-04
[GPU 0] [04:54:07] [INFO] Train Loss: CORE: 2.52 CODE-LISP: 1.61 PAPERS-BIOLOGY: 3.25 PAPERS-CYBER: 3.33 PAPERS-NUCLEAR: 3.45 
[GPU 0] [04:54:07] [INFO] Val Loss: CODE-LISP: 1.46 CODE-OTHER: nan FINEWEB: nan PAPERS-BIOLOGY: 3.08 PAPERS-CYBER: 3.33 PAPERS-NUCLEAR: 3.43 PAPERS-OTHER: nan CORE: 2.60 AUX: nan ALL: nan 
[GPU 0] [04:57:37] [INFO] Step: 11000, LR: 8.68e-04
[GPU 0] [04:57:37] [INFO] Train Loss: CORE: 3.00 CODE-LISP: 1.58 PAPERS-BIOLOGY: 3.15 PAPERS-CYBER: 3.31 PAPERS-NUCLEAR: 3.43 
[GPU 0] [04:57:37] [INFO] Val Loss: CODE-LISP: 1.47 CODE-OTHER: nan FINEWEB: nan PAPERS-BIOLOGY: 3.04 PAPERS-CYBER: 3.32 PAPERS-NUCLEAR: 3.41 PAPERS-OTHER: nan CORE: 2.61 AUX: nan ALL: nan 
[GPU 0] [05:00:55] [INFO] Step: 12000, LR: 8.68e-04
[GPU 0] [05:00:55] [INFO] Train Loss: CORE: 2.98 CODE-LISP: 1.43 PAPERS-BIOLOGY: 3.09 PAPERS-CYBER: 3.27 PAPERS-NUCLEAR: 3.46 
[GPU 0] [05:00:55] [INFO] Val Loss: CODE-LISP: 1.37 CODE-OTHER: nan FINEWEB: nan PAPERS-BIOLOGY: 3.00 PAPERS-CYBER: 3.23 PAPERS-NUCLEAR: 3.31 PAPERS-OTHER: nan CORE: 2.24 AUX: nan ALL: nan 
[GPU 0] [05:04:25] [INFO] Step: 13000, LR: 8.68e-04
[GPU 0] [05:04:25] [INFO] Train Loss: CORE: 2.98 CODE-LISP: 1.34 PAPERS-BIOLOGY: 3.06 PAPERS-CYBER: 3.24 PAPERS-NUCLEAR: 3.43 
[GPU 0] [05:04:25] [INFO] Val Loss: CODE-LISP: 1.45 CODE-OTHER: nan FINEWEB: nan PAPERS-BIOLOGY: 3.03 PAPERS-CYBER: 3.32 PAPERS-NUCLEAR: 3.38 PAPERS-OTHER: nan CORE: 2.49 AUX: nan ALL: nan 
[GPU 0] [05:07:42] [INFO] Step: 14000, LR: 8.68e-04
[GPU 0] [05:07:42] [INFO] Train Loss: CORE: 2.74 CODE-LISP: 1.28 PAPERS-BIOLOGY: 3.00 PAPERS-CYBER: 3.22 PAPERS-NUCLEAR: 3.38 
[GPU 0] [05:07:42] [INFO] Val Loss: CODE-LISP: 1.47 CODE-OTHER: nan FINEWEB: nan PAPERS-BIOLOGY: 2.96 PAPERS-CYBER: 3.28 PAPERS-NUCLEAR: 3.30 PAPERS-OTHER: nan CORE: 2.27 AUX: nan ALL: nan 
[GPU 0] [05:11:00] [INFO] Step: 15000, LR: 8.68e-04
[GPU 0] [05:11:00] [INFO] Train Loss: CORE: 2.73 CODE-LISP: 1.24 PAPERS-BIOLOGY: 2.97 PAPERS-CYBER: 3.24 PAPERS-NUCLEAR: 3.39 
[GPU 0] [05:11:00] [INFO] Val Loss: CODE-LISP: 1.98 CODE-OTHER: nan FINEWEB: nan PAPERS-BIOLOGY: 2.95 PAPERS-CYBER: 3.21 PAPERS-NUCLEAR: 3.30 PAPERS-OTHER: nan CORE: 2.79 AUX: nan ALL: nan 
[GPU 0] [05:14:30] [INFO] Step: 16000, LR: 8.68e-04
[GPU 0] [05:14:30] [INFO] Train Loss: CORE: 2.94 CODE-LISP: 1.29 PAPERS-BIOLOGY: 2.96 PAPERS-CYBER: 3.20 PAPERS-NUCLEAR: 3.36 
[GPU 0] [05:14:30] [INFO] Val Loss: CODE-LISP: 1.35 CODE-OTHER: nan FINEWEB: nan PAPERS-BIOLOGY: 2.93 PAPERS-CYBER: 3.21 PAPERS-NUCLEAR: 3.32 PAPERS-OTHER: nan CORE: 2.12 AUX: nan ALL: nan 
[GPU 0] [05:15:53] [INFO] LR Scheduler: Decay Start
[GPU 0] [05:17:48] [INFO] Step: 17000, LR: 5.96e-04
[GPU 0] [05:17:48] [INFO] Train Loss: CORE: 3.18 CODE-LISP: 1.32 PAPERS-BIOLOGY: 2.99 PAPERS-CYBER: 3.22 PAPERS-NUCLEAR: 3.27 
[GPU 0] [05:17:48] [INFO] Val Loss: CODE-LISP: 1.49 CODE-OTHER: nan FINEWEB: nan PAPERS-BIOLOGY: 2.91 PAPERS-CYBER: 3.18 PAPERS-NUCLEAR: 3.25 PAPERS-OTHER: nan CORE: 2.19 AUX: nan ALL: nan 
[GPU 0] [05:21:18] [INFO] Step: 18000, LR: 1.20e-04
[GPU 0] [05:21:18] [INFO] Train Loss: CORE: 2.61 CODE-LISP: 1.28 PAPERS-BIOLOGY: 2.95 PAPERS-CYBER: 3.22 PAPERS-NUCLEAR: 3.27 
[GPU 0] [05:21:18] [INFO] Val Loss: CODE-LISP: 1.23 CODE-OTHER: nan FINEWEB: nan PAPERS-BIOLOGY: 2.82 PAPERS-CYBER: 3.09 PAPERS-NUCLEAR: 3.16 PAPERS-OTHER: nan CORE: 2.20 AUX: nan ALL: nan 
[GPU 0] [05:22:04] [INFO] Step: 18253, LR: 1.00e-08
[GPU 0] [05:22:04] [INFO] Train Loss: CORE: 3.12 CODE-LISP: 1.27 PAPERS-BIOLOGY: 2.95 PAPERS-CYBER: 3.22 PAPERS-NUCLEAR: 3.27 
[GPU 0] [05:22:04] [INFO] Val Loss: CODE-LISP: 1.20 CODE-OTHER: nan FINEWEB: nan PAPERS-BIOLOGY: 2.82 PAPERS-CYBER: 3.09 PAPERS-NUCLEAR: 3.16 PAPERS-OTHER: nan CORE: 2.40 AUX: nan ALL: nan 
[GPU 0] [05:22:34] [INFO] ---- Begin Eval ----
[GPU 0] [05:22:34] [INFO] Data: core | Experts: None
[GPU 0] [05:22:42] [INFO] loss: 2.21131849
[GPU 0] [05:22:42] [INFO] Data: code-lisp | Experts: None
[GPU 0] [05:22:44] [INFO] loss: 1.20374346
[GPU 0] [05:22:44] [INFO] Data: papers-biology | Experts: None
[GPU 0] [05:22:47] [INFO] loss: 2.82022595
[GPU 0] [05:22:47] [INFO] Data: papers-nuclear | Experts: None
[GPU 0] [05:22:49] [INFO] loss: 3.16102409
[GPU 0] [05:22:49] [INFO] Data: papers-cyber | Experts: None
[GPU 0] [05:22:52] [INFO] loss: 3.08706570
[GPU 0] [05:22:54] [INFO] BASELINE - ADVERSARIAL FT START
[GPU 0] [05:22:55] [INFO] ---- Begin FT | Experts: None | Data: ['code-lisp'] ----
[GPU 0] [05:22:55] [DEBUG] num_seq: 512, num_rounds: 200, patience: 10
[GPU 0] [05:22:55] [DEBUG] local_x: torch.Size([64, 1024]), local_y: torch.Size([64, 1024]), num_steps: 3, per_gpu: 64, mbs_size: 27
[GPU 0] [05:23:55] [INFO] New best validation loss: 1.1802 @ step 0
[GPU 0] [05:24:03] [INFO] New best validation loss: 1.1651 @ step 1
[GPU 0] [05:24:10] [INFO] New best validation loss: 1.1524 @ step 2
[GPU 0] [05:24:17] [INFO] New best validation loss: 1.1447 @ step 3
[GPU 0] [05:24:25] [INFO] New best validation loss: 1.1396 @ step 4
[GPU 0] [05:24:32] [INFO] New best validation loss: 1.1360 @ step 5
[GPU 0] [05:24:40] [INFO] New best validation loss: 1.1309 @ step 6
[GPU 0] [05:24:47] [INFO] New best validation loss: 1.1263 @ step 7
[GPU 0] [05:24:55] [INFO] New best validation loss: 1.1229 @ step 8
[GPU 0] [05:25:03] [INFO] New best validation loss: 1.1220 @ step 9
[GPU 0] [05:25:10] [INFO] New best validation loss: 1.1216 @ step 10
[GPU 0] [05:25:18] [INFO] New best validation loss: 1.1205 @ step 11
[GPU 0] [05:25:25] [INFO] New best validation loss: 1.1200 @ step 12
[GPU 0] [05:26:50] [INFO] Stop FT @ 24: no val improvement for 10 steps
[GPU 0] [05:26:50] [INFO] Wrote stats.jsonl entries at FT step 12 
[GPU 0] [05:26:51] [INFO] ---- Begin FT | Experts: None | Data: ['papers-biology'] ----
[GPU 0] [05:26:51] [DEBUG] num_seq: 512, num_rounds: 200, patience: 10
[GPU 0] [05:26:51] [DEBUG] local_x: torch.Size([64, 1024]), local_y: torch.Size([64, 1024]), num_steps: 3, per_gpu: 64, mbs_size: 27
[GPU 0] [05:26:59] [INFO] New best validation loss: 2.8353 @ step 0
[GPU 0] [05:27:07] [INFO] New best validation loss: 2.8150 @ step 1
[GPU 0] [05:27:15] [INFO] New best validation loss: 2.8135 @ step 2
[GPU 0] [05:27:23] [INFO] New best validation loss: 2.8065 @ step 3
[GPU 0] [05:27:30] [INFO] New best validation loss: 2.8044 @ step 4
[GPU 0] [05:28:54] [INFO] Stop FT @ 16: no val improvement for 10 steps
[GPU 0] [05:28:54] [INFO] Wrote stats.jsonl entries at FT step 4 
[GPU 0] [05:28:55] [INFO] ---- Begin FT | Experts: None | Data: ['papers-cyber'] ----
[GPU 0] [05:28:55] [DEBUG] num_seq: 512, num_rounds: 200, patience: 10
[GPU 0] [05:28:55] [DEBUG] local_x: torch.Size([64, 1024]), local_y: torch.Size([64, 1024]), num_steps: 3, per_gpu: 64, mbs_size: 27
[GPU 0] [05:29:03] [INFO] New best validation loss: 3.0899 @ step 0
[GPU 0] [05:29:10] [INFO] New best validation loss: 3.0831 @ step 1
[GPU 0] [05:29:18] [INFO] New best validation loss: 3.0769 @ step 2
[GPU 0] [05:29:26] [INFO] New best validation loss: 3.0731 @ step 3
[GPU 0] [05:29:34] [INFO] New best validation loss: 3.0693 @ step 4
[GPU 0] [05:29:42] [INFO] New best validation loss: 3.0686 @ step 5
[GPU 0] [05:31:12] [INFO] Stop FT @ 17: no val improvement for 10 steps
[GPU 0] [05:31:12] [INFO] Wrote stats.jsonl entries at FT step 5 
[GPU 0] [05:31:13] [INFO] ---- Begin FT | Experts: None | Data: ['papers-nuclear'] ----
[GPU 0] [05:31:13] [DEBUG] num_seq: 512, num_rounds: 200, patience: 10
[GPU 0] [05:31:13] [DEBUG] local_x: torch.Size([64, 1024]), local_y: torch.Size([64, 1024]), num_steps: 3, per_gpu: 64, mbs_size: 27
[GPU 0] [05:31:21] [INFO] New best validation loss: 3.1575 @ step 0
[GPU 0] [05:31:29] [INFO] New best validation loss: 3.1416 @ step 1
[GPU 0] [05:31:36] [INFO] New best validation loss: 3.1391 @ step 2
[GPU 0] [05:31:44] [INFO] New best validation loss: 3.1358 @ step 3
[GPU 0] [05:31:51] [INFO] New best validation loss: 3.1324 @ step 4
[GPU 0] [05:31:59] [INFO] New best validation loss: 3.1322 @ step 5
[GPU 0] [05:33:21] [INFO] Stop FT @ 17: no val improvement for 10 steps
[GPU 0] [05:33:21] [INFO] Wrote stats.jsonl entries at FT step 5 
[GPU 0] [05:33:26] [INFO] ----------------------------------------
[GPU 0] [05:33:26] [INFO] Finished. See /workspace/gradient-routing/experiments/AGI-1699-New-Dataset-Runs/results/scaling/realistic/base/200M/seed_1/20260422041827650291
