[GPU 0] [07:08:34] [INFO] Number of GPUs: 8
[GPU 0] [07:08:36] [INFO] Tokenizer vocabulary: 50257
[GPU 0] [07:08:36] [INFO] Set model vocab size to nearest multiple of 64 of tokenizer size: 50304
[GPU 0] [07:08:37] [INFO] target effective batch size: 64, actual effective batch size: 64, micro batch size: 8, accumulation steps: 1, num gpus: 8
[GPU 0] [07:08:37] [INFO] core total number of tokens: 66749057569
[GPU 0] [07:08:37] [INFO] Baseline model has 103,201,984 parameters
[GPU 0] [07:08:37] [INFO] core: chinchilla optimal tokens: 2,064,039,680, requested proportion: 1.0000, requested number of tokens: 2,064,039,680.0, 
[GPU 0] [07:08:37] [INFO] aux total number of tokens: 4835776549
[GPU 0] [07:08:37] [INFO] Baseline model has 103,201,984 parameters
[GPU 0] [07:08:37] [INFO] aux: chinchilla optimal tokens: 2,064,039,680, requested proportion: 0.0100, requested number of tokens: 20,640,396.8, 
[GPU 0] [07:08:37] [DEBUG] Saved config to /workspace/gradient-routing/experiments/AGI-1699-New-Dataset-Runs/results/optimize/base/realistic/100M/seed_3/20260421070827048734/config.json
[GPU 0] [07:08:37] [DEBUG] {
    "stages": [
        {
            "name": "baseline",
            "num_checkpoints": -1,
            "lr": 0.0016,
            "res_dir": "/workspace/gradient-routing/experiments/AGI-1699-New-Dataset-Runs/results/optimize/base/realistic/100M/seed_3/20260421070827048734/baseline",
            "do_eval": true,
            "do_sample": false,
            "num_train_evals": 0,
            "do_elicit": false,
            "elicit_eval_prc": 0.5,
            "elicit_num_evals": 100
        }
    ],
    "model": {
        "arch": "base",
        "tokenizer": "GPT2Tokenizer(name_or_path='EleutherAI/gpt-neo-125M', vocab_size=50257, model_max_length=2048, padding_side='right', truncation_side='right', special_tokens={'bos_token': '<|endoftext|>', 'eos_token': '<|endoftext|>', 'unk_token': '<|endoftext|>'}, added_tokens_decoder={\n\t50256: AddedToken(\"<|endoftext|>\", rstrip=False, lstrip=False, single_word=False, normalized=True, special=True),\n}\n)",
        "ctx_len": 1024,
        "vocab_size": 50304,
        "num_layers": 9,
        "num_heads": 8,
        "num_key_value": 2,
        "attn_bias": true,
        "eos_token_id": 50256,
        "embed_dim": 640,
        "mlp_dim": 2560
    },
    "data": {
        "dirs": [
            "/workspace/gradient-routing/experiments/AGI-1699-New-Dataset-Runs/src/data/fineweb",
            "/workspace/gradient-routing/experiments/AGI-1699-New-Dataset-Runs/src/data/code",
            "/workspace/gradient-routing/experiments/AGI-1699-New-Dataset-Runs/src/data/papers"
        ],
        "core": {
            "labels": [
                "fineweb",
                "code-other",
                "papers-other"
            ],
            "method": "optimal",
            "limit": 1.0,
            "dist": {
                "fineweb": 0.84,
                "code-other": 0.15,
                "papers-other": 0.01
            },
            "num_tok": 2064039680.0
        },
        "aux": {
            "labels": [
                "code-lisp",
                "papers-biology",
                "papers-nuclear",
                "papers-cyber"
            ],
            "method": "optimal",
            "limit": 0.01,
            "dist": {
                "code-lisp": 0.25,
                "papers-biology": 0.25,
                "papers-nuclear": 0.25,
                "papers-cyber": 0.25
            },
            "num_tok": 20640396.8
        }
    },
    "run": {
        "target_effective_batch_size": 64,
        "effective_batch_size": 64,
        "micro_batch_size": 8,
        "accumulation_steps": 1,
        "max_num_test_sequences": 10000,
        "eval_all_labels": false,
        "micro_batch_anchors": [
            [
                400000000.0,
                23
            ],
            [
                5000000000.0,
                2
            ]
        ],
        "epochs": 1,
        "adam_betas": [
            0.9,
            0.95
        ],
        "warmup_prc": 0.02,
        "decay_prc": 0.1,
        "seed": 3,
        "compile": true,
        "is_ddp": true,
        "optimize_routed": true,
        "cleanup_distributed": false,
        "log_level": "DEBUG",
        "num_gpus": 8,
        "process_id": 0,
        "num_base_params": 103201984,
        "device": "cuda",
        "logger": "<Logger training_20260421070827048734 (DEBUG)>",
        "labels": [
            "core",
            "code-lisp",
            "papers-biology",
            "papers-cyber",
            "papers-nuclear"
        ],
        "loaders": {
            "code-lisp": {
                "train": "SingleDataLoader(code-lisp_train_001.bin, len=78)",
                "test": "SingleDataLoader(code-lisp_test_001.bin, len=78)"
            },
            "code-other": {
                "train": "SingleDataLoader(code-other_train_006.bin, len=4724)",
                "test": "InterleavedDataLoader(len=157)"
            },
            "fineweb": {
                "train": "InterleavedDataLoader(len=26455)",
                "test": "InterleavedDataLoader(len=157)"
            },
            "papers-biology": {
                "train": "SingleDataLoader(papers-biology_train.bin, len=78)",
                "test": "SingleDataLoader(papers-biology_test.bin, len=78)"
            },
            "papers-cyber": {
                "train": "SingleDataLoader(papers-cyber_train.bin, len=78)",
                "test": "SingleDataLoader(papers-cyber_test.bin, len=78)"
            },
            "papers-nuclear": {
                "train": "SingleDataLoader(papers-nuclear_train.bin, len=78)",
                "test": "SingleDataLoader(papers-nuclear_test.bin, len=78)"
            },
            "papers-other": {
                "train": "SingleDataLoader(papers-other_train.bin, len=314)",
                "test": "SingleDataLoader(papers-other_test.bin, len=157)"
            },
            "core": {
                "train": "InterleavedDataLoader(len=31493)",
                "test": "InterleavedDataLoader(len=471)"
            },
            "aux": {
                "train": "InterleavedDataLoader(len=312)",
                "test": "InterleavedDataLoader(len=312)"
            },
            "all": {
                "train": "InterleavedDataLoader(len=31805)",
                "test": "InterleavedDataLoader(len=783)"
            }
        },
        "res_root": "/workspace/gradient-routing/experiments/AGI-1699-New-Dataset-Runs/results/optimize/base/realistic/100M/seed_3",
        "experiment_id": "20260421070827048734",
        "s3_bucket": "ae-gradient-routing-results",
        "s3_prefix": "optimize/base/realistic/100M/seed_3"
    }
}
[GPU 0] [07:08:37] [INFO] Loader code-lisp train: 78, test: 78
[GPU 0] [07:08:37] [INFO] Loader code-other train: 4724, test: 157
[GPU 0] [07:08:37] [INFO] Loader fineweb train: 26455, test: 157
[GPU 0] [07:08:37] [INFO] Loader papers-biology train: 78, test: 78
[GPU 0] [07:08:37] [INFO] Loader papers-cyber train: 78, test: 78
[GPU 0] [07:08:37] [INFO] Loader papers-nuclear train: 78, test: 78
[GPU 0] [07:08:37] [INFO] Loader papers-other train: 314, test: 157
[GPU 0] [07:08:37] [INFO] Loader core train: 31493, test: 471
[GPU 0] [07:08:37] [INFO] Loader aux train: 312, test: 312
[GPU 0] [07:08:37] [INFO] Loader all train: 31805, test: 783
[GPU 0] [07:08:37] [INFO] Stage [baseline] start: {"name": "baseline", "num_checkpoints": -1, "lr": 0.0016, "res_dir": "/workspace/gradient-routing/experiments/AGI-1699-New-Dataset-Runs/results/optimize/base/realistic/100M/seed_3/20260421070827048734/baseline", "do_eval": true, "do_sample": false, "num_train_evals": 0, "do_elicit": false, "elicit_eval_prc": 0.5, "elicit_num_evals": 100}
[GPU 0] [07:08:37] [INFO] BASELINE START
[GPU 0] [07:08:38] [INFO] Initialized BaseTransformer with 103,201,984 total parameters
[GPU 0] [07:08:38] [INFO] Compiling BaseTransformer with torch.compile...
[GPU 0] [07:08:38] [INFO] torch.compile done
[GPU 0] [07:08:38] [WARNING] restore_partial_state: no checkpoint found at /workspace/gradient-routing/experiments/AGI-1699-New-Dataset-Runs/results/optimize/base/realistic/100M/seed_3/20260421070827048734/baseline
[GPU 0] [07:08:38] [INFO] ---- Begin Train | Data Labels: ['all'] ----
[GPU 0] [07:08:38] [INFO] warmup_steps: 636
[GPU 0] [07:08:38] [INFO] constant_steps: 27989
[GPU 0] [07:08:38] [INFO] decay_steps: 3180
[GPU 0] [07:08:38] [INFO] LR Scheduler: Warmup Start
[GPU 0] [07:09:03] [INFO] Step: 1, LR: 2.53e-06
[GPU 0] [07:09:03] [INFO] Train Loss: CORE: 11.00 CODE-LISP: nan PAPERS-BIOLOGY: nan PAPERS-CYBER: nan PAPERS-NUCLEAR: nan 
[GPU 0] [07:09:21] [INFO] LR Scheduler: Constant Start
[GPU 0] [07:09:32] [INFO] Step: 1000, LR: 1.60e-03
[GPU 0] [07:09:32] [INFO] Train Loss: CORE: 4.21 CODE-LISP: 5.01 PAPERS-BIOLOGY: nan PAPERS-CYBER: 5.16 PAPERS-NUCLEAR: 6.33 
[GPU 0] [07:10:01] [INFO] Step: 2000, LR: 1.60e-03
[GPU 0] [07:10:01] [INFO] Train Loss: CORE: 3.67 CODE-LISP: 3.66 PAPERS-BIOLOGY: 4.20 PAPERS-CYBER: 4.45 PAPERS-NUCLEAR: 5.30 
[GPU 0] [07:10:29] [INFO] Step: 3000, LR: 1.60e-03
[GPU 0] [07:10:29] [INFO] Train Loss: CORE: 4.03 CODE-LISP: 3.66 PAPERS-BIOLOGY: 4.15 PAPERS-CYBER: 4.25 PAPERS-NUCLEAR: 4.59 
[GPU 0] [07:10:58] [INFO] Step: 4000, LR: 1.60e-03
[GPU 0] [07:10:58] [INFO] Train Loss: CORE: 3.92 CODE-LISP: 3.38 PAPERS-BIOLOGY: 4.04 PAPERS-CYBER: 4.21 PAPERS-NUCLEAR: 4.59 
[GPU 0] [07:11:27] [INFO] Step: 5000, LR: 1.60e-03
[GPU 0] [07:11:27] [INFO] Train Loss: CORE: 3.59 CODE-LISP: 2.81 PAPERS-BIOLOGY: 4.01 PAPERS-CYBER: 4.15 PAPERS-NUCLEAR: 4.30 
[GPU 0] [07:11:56] [INFO] Step: 6000, LR: 1.60e-03
[GPU 0] [07:11:56] [INFO] Train Loss: CORE: 3.56 CODE-LISP: 2.21 PAPERS-BIOLOGY: 3.92 PAPERS-CYBER: 3.93 PAPERS-NUCLEAR: 4.30 
[GPU 0] [07:12:24] [INFO] Step: 7000, LR: 1.60e-03
[GPU 0] [07:12:24] [INFO] Train Loss: CORE: 3.47 CODE-LISP: 1.75 PAPERS-BIOLOGY: 3.59 PAPERS-CYBER: 3.80 PAPERS-NUCLEAR: 4.15 
[GPU 0] [07:12:53] [INFO] Step: 8000, LR: 1.60e-03
[GPU 0] [07:12:53] [INFO] Train Loss: CORE: 3.12 CODE-LISP: 1.65 PAPERS-BIOLOGY: 3.50 PAPERS-CYBER: 3.77 PAPERS-NUCLEAR: 4.07 
[GPU 0] [07:13:22] [INFO] Step: 9000, LR: 1.60e-03
[GPU 0] [07:13:22] [INFO] Train Loss: CORE: 3.13 CODE-LISP: 1.63 PAPERS-BIOLOGY: 3.47 PAPERS-CYBER: 3.77 PAPERS-NUCLEAR: 3.99 
[GPU 0] [07:13:51] [INFO] Step: 10000, LR: 1.60e-03
[GPU 0] [07:13:51] [INFO] Train Loss: CORE: 3.36 CODE-LISP: 1.64 PAPERS-BIOLOGY: 3.47 PAPERS-CYBER: 3.77 PAPERS-NUCLEAR: 3.99 
[GPU 0] [07:14:19] [INFO] Step: 11000, LR: 1.60e-03
[GPU 0] [07:14:19] [INFO] Train Loss: CORE: 3.15 CODE-LISP: 1.49 PAPERS-BIOLOGY: 3.43 PAPERS-CYBER: 3.75 PAPERS-NUCLEAR: 3.79 
[GPU 0] [07:14:48] [INFO] Step: 12000, LR: 1.60e-03
[GPU 0] [07:14:48] [INFO] Train Loss: CORE: 3.65 CODE-LISP: 1.51 PAPERS-BIOLOGY: 3.44 PAPERS-CYBER: 3.67 PAPERS-NUCLEAR: 3.78 
[GPU 0] [07:15:17] [INFO] Step: 13000, LR: 1.60e-03
[GPU 0] [07:15:17] [INFO] Train Loss: CORE: 3.07 CODE-LISP: 1.54 PAPERS-BIOLOGY: 3.39 PAPERS-CYBER: 3.55 PAPERS-NUCLEAR: 3.84 
[GPU 0] [07:15:46] [INFO] Step: 14000, LR: 1.60e-03
[GPU 0] [07:15:46] [INFO] Train Loss: CORE: 2.66 CODE-LISP: 1.61 PAPERS-BIOLOGY: 3.36 PAPERS-CYBER: 3.52 PAPERS-NUCLEAR: 3.84 
[GPU 0] [07:16:15] [INFO] Step: 15000, LR: 1.60e-03
[GPU 0] [07:16:15] [INFO] Train Loss: CORE: 3.65 CODE-LISP: 1.57 PAPERS-BIOLOGY: 3.36 PAPERS-CYBER: 3.54 PAPERS-NUCLEAR: 3.84 
[GPU 0] [07:16:43] [INFO] Step: 16000, LR: 1.60e-03
[GPU 0] [07:16:43] [INFO] Train Loss: CORE: 2.84 CODE-LISP: 1.50 PAPERS-BIOLOGY: 3.38 PAPERS-CYBER: 3.52 PAPERS-NUCLEAR: 3.88 
[GPU 0] [07:17:12] [INFO] Step: 17000, LR: 1.60e-03
[GPU 0] [07:17:12] [INFO] Train Loss: CORE: 3.34 CODE-LISP: 1.57 PAPERS-BIOLOGY: 3.38 PAPERS-CYBER: 3.53 PAPERS-NUCLEAR: 3.87 
[GPU 0] [07:17:41] [INFO] Step: 18000, LR: 1.60e-03
[GPU 0] [07:17:41] [INFO] Train Loss: CORE: 3.06 CODE-LISP: 1.45 PAPERS-BIOLOGY: 3.37 PAPERS-CYBER: 3.52 PAPERS-NUCLEAR: 3.88 
[GPU 0] [07:18:10] [INFO] Step: 19000, LR: 1.60e-03
[GPU 0] [07:18:10] [INFO] Train Loss: CORE: 3.57 CODE-LISP: 1.50 PAPERS-BIOLOGY: 3.36 PAPERS-CYBER: 3.57 PAPERS-NUCLEAR: 3.86 
[GPU 0] [07:18:38] [INFO] Step: 20000, LR: 1.60e-03
[GPU 0] [07:18:38] [INFO] Train Loss: CORE: 3.64 CODE-LISP: 1.55 PAPERS-BIOLOGY: 3.35 PAPERS-CYBER: 3.59 PAPERS-NUCLEAR: 3.80 
[GPU 0] [07:19:07] [INFO] Step: 21000, LR: 1.60e-03
[GPU 0] [07:19:07] [INFO] Train Loss: CORE: 3.63 CODE-LISP: 1.59 PAPERS-BIOLOGY: 3.35 PAPERS-CYBER: 3.59 PAPERS-NUCLEAR: 3.74 
[GPU 0] [07:19:36] [INFO] Step: 22000, LR: 1.60e-03
[GPU 0] [07:19:36] [INFO] Train Loss: CORE: 3.54 CODE-LISP: 1.59 PAPERS-BIOLOGY: 3.35 PAPERS-CYBER: 3.57 PAPERS-NUCLEAR: 3.67 
[GPU 0] [07:20:05] [INFO] Step: 23000, LR: 1.60e-03
[GPU 0] [07:20:05] [INFO] Train Loss: CORE: 3.26 CODE-LISP: 1.62 PAPERS-BIOLOGY: 3.33 PAPERS-CYBER: 3.57 PAPERS-NUCLEAR: 3.62 
[GPU 0] [07:20:34] [INFO] Step: 24000, LR: 1.60e-03
[GPU 0] [07:20:34] [INFO] Train Loss: CORE: 3.52 CODE-LISP: 1.62 PAPERS-BIOLOGY: 3.29 PAPERS-CYBER: 3.55 PAPERS-NUCLEAR: 3.75 
[GPU 0] [07:21:02] [INFO] Step: 25000, LR: 1.60e-03
[GPU 0] [07:21:02] [INFO] Train Loss: CORE: 3.58 CODE-LISP: 1.56 PAPERS-BIOLOGY: 3.29 PAPERS-CYBER: 3.57 PAPERS-NUCLEAR: 3.80 
[GPU 0] [07:21:31] [INFO] Step: 26000, LR: 1.60e-03
[GPU 0] [07:21:31] [INFO] Train Loss: CORE: 3.33 CODE-LISP: 1.41 PAPERS-BIOLOGY: 3.28 PAPERS-CYBER: 3.56 PAPERS-NUCLEAR: 3.83 
[GPU 0] [07:22:00] [INFO] Step: 27000, LR: 1.60e-03
[GPU 0] [07:22:00] [INFO] Train Loss: CORE: 3.04 CODE-LISP: 1.39 PAPERS-BIOLOGY: 3.25 PAPERS-CYBER: 3.56 PAPERS-NUCLEAR: 3.78 
[GPU 0] [07:22:29] [INFO] Step: 28000, LR: 1.60e-03
[GPU 0] [07:22:29] [INFO] Train Loss: CORE: 3.00 CODE-LISP: 1.38 PAPERS-BIOLOGY: 3.29 PAPERS-CYBER: 3.60 PAPERS-NUCLEAR: 3.83 
[GPU 0] [07:22:47] [INFO] LR Scheduler: Decay Start
[GPU 0] [07:22:57] [INFO] Step: 29000, LR: 1.41e-03
[GPU 0] [07:22:57] [INFO] Train Loss: CORE: 3.16 CODE-LISP: 1.40 PAPERS-BIOLOGY: 3.36 PAPERS-CYBER: 3.61 PAPERS-NUCLEAR: 3.75 
[GPU 0] [07:23:26] [INFO] Step: 30000, LR: 9.08e-04
[GPU 0] [07:23:26] [INFO] Train Loss: CORE: 2.44 CODE-LISP: 1.45 PAPERS-BIOLOGY: 3.35 PAPERS-CYBER: 3.61 PAPERS-NUCLEAR: 3.75 
[GPU 0] [07:23:55] [INFO] Step: 31000, LR: 4.05e-04
[GPU 0] [07:23:55] [INFO] Train Loss: CORE: 3.13 CODE-LISP: 1.45 PAPERS-BIOLOGY: 3.35 PAPERS-CYBER: 3.60 PAPERS-NUCLEAR: 3.72 
[GPU 0] [07:24:18] [INFO] Step: 31805, LR: 1.00e-08
[GPU 0] [07:24:18] [INFO] Train Loss: CORE: 2.56 CODE-LISP: 1.38 PAPERS-BIOLOGY: 3.32 PAPERS-CYBER: 3.53 PAPERS-NUCLEAR: 3.68 
[GPU 0] [07:24:19] [INFO] ---- Begin Eval ----
[GPU 0] [07:24:19] [INFO] Data: core | Experts: None
[GPU 0] [07:24:32] [INFO] loss: 2.42606568
[GPU 0] [07:24:32] [INFO] Data: code-lisp | Experts: None
[GPU 0] [07:24:33] [INFO] loss: 1.38412714
[GPU 0] [07:24:33] [INFO] Data: papers-biology | Experts: None
[GPU 0] [07:24:34] [INFO] loss: 3.10311508
[GPU 0] [07:24:34] [INFO] Data: papers-nuclear | Experts: None
[GPU 0] [07:24:34] [INFO] loss: 3.40697598
[GPU 0] [07:24:34] [INFO] Data: papers-cyber | Experts: None
[GPU 0] [07:24:35] [INFO] loss: 3.36621094
[GPU 0] [07:24:45] [INFO] ----------------------------------------
[GPU 0] [07:24:45] [INFO] Finished. See /workspace/gradient-routing/experiments/AGI-1699-New-Dataset-Runs/results/optimize/base/realistic/100M/seed_3/20260421070827048734
