[GPU 0] [01:39:43] [INFO] Number of GPUs: 8
[GPU 0] [01:39:45] [INFO] Tokenizer vocabulary: 50257
[GPU 0] [01:39:45] [INFO] Set model vocab size to nearest multiple of 64 of tokenizer size: 50304
[GPU 0] [01:39:52] [INFO] target effective batch size: 641, actual effective batch size: 672, micro batch size: 12, accumulation steps: 7, num gpus: 8
[GPU 0] [01:39:52] [INFO] core total number of tokens: 66749057569
[GPU 0] [01:39:52] [INFO] Baseline model has 806,509,504 parameters
[GPU 0] [01:39:52] [INFO] core: chinchilla optimal tokens: 16,130,190,080, requested proportion: 1.0000, requested number of tokens: 16,130,190,080.0, 
[GPU 0] [01:39:52] [INFO] aux total number of tokens: 4835776549
[GPU 0] [01:39:52] [INFO] Baseline model has 806,509,504 parameters
[GPU 0] [01:39:52] [INFO] aux: chinchilla optimal tokens: 16,130,190,080, requested proportion: 0.0100, requested number of tokens: 161,301,900.8, 
[GPU 0] [01:39:52] [DEBUG] Saved config to /workspace/gradient-routing/experiments/AGI-1699-New-Dataset-Runs/results/scaling/realistic/filtering/800M/seed_1/20260423013939913311/config.json
[GPU 0] [01:39:52] [DEBUG] {
    "stages": [
        {
            "name": "filtering",
            "num_checkpoints": -1,
            "lr": 0.0005663534909876918,
            "res_dir": "/workspace/gradient-routing/experiments/AGI-1699-New-Dataset-Runs/results/scaling/realistic/filtering/800M/seed_1/20260423013939913311/filtering",
            "do_eval": true,
            "do_sample": false,
            "num_train_evals": 0,
            "do_elicit": true,
            "elicit_eval_prc": 0.5,
            "elicit_num_evals": 100,
            "retain_targets": [
                [
                    "core",
                    "papers-cyber"
                ]
            ]
        }
    ],
    "model": {
        "arch": "base",
        "tokenizer": "GPT2Tokenizer(name_or_path='EleutherAI/gpt-neo-125M', vocab_size=50257, model_max_length=2048, padding_side='right', truncation_side='right', special_tokens={'bos_token': '<|endoftext|>', 'eos_token': '<|endoftext|>', 'unk_token': '<|endoftext|>'}, added_tokens_decoder={\n\t50256: AddedToken(\"<|endoftext|>\", rstrip=False, lstrip=False, single_word=False, normalized=True, special=True),\n}\n)",
        "ctx_len": 1024,
        "vocab_size": 50304,
        "num_layers": 24,
        "num_heads": 8,
        "num_key_value": 2,
        "attn_bias": true,
        "eos_token_id": 50256,
        "embed_dim": 1600,
        "mlp_dim": 6400
    },
    "data": {
        "dirs": [
            "/workspace/gradient-routing/experiments/AGI-1699-New-Dataset-Runs/src/data/fineweb",
            "/workspace/gradient-routing/experiments/AGI-1699-New-Dataset-Runs/src/data/code",
            "/workspace/gradient-routing/experiments/AGI-1699-New-Dataset-Runs/src/data/papers"
        ],
        "core": {
            "labels": [
                "fineweb",
                "code-other",
                "papers-other"
            ],
            "method": "optimal",
            "limit": 1.0,
            "dist": {
                "fineweb": 0.84,
                "code-other": 0.15,
                "papers-other": 0.01
            },
            "num_tok": 16130190080.0
        },
        "aux": {
            "labels": [
                "code-lisp",
                "papers-biology",
                "papers-nuclear",
                "papers-cyber"
            ],
            "method": "optimal",
            "limit": 0.01,
            "dist": {
                "code-lisp": 0.25,
                "papers-biology": 0.25,
                "papers-nuclear": 0.25,
                "papers-cyber": 0.25
            },
            "num_tok": 161301900.8
        }
    },
    "run": {
        "target_effective_batch_size": 641,
        "effective_batch_size": 672,
        "micro_batch_size": 12,
        "accumulation_steps": 7,
        "max_num_test_sequences": 10000,
        "eval_all_labels": false,
        "micro_batch_anchors": [
            [
                400000000.0,
                23
            ],
            [
                5000000000.0,
                2
            ]
        ],
        "epochs": 1,
        "adam_betas": [
            0.9,
            0.95
        ],
        "warmup_prc": 0.02,
        "decay_prc": 0.1,
        "seed": 1,
        "compile": true,
        "is_ddp": true,
        "optimize_routed": true,
        "cleanup_distributed": false,
        "log_level": "DEBUG",
        "num_gpus": 8,
        "process_id": 0,
        "num_base_params": 806509504,
        "device": "cuda",
        "logger": "<Logger training_20260423013939913311 (DEBUG)>",
        "labels": [
            "core",
            "code-lisp",
            "papers-biology",
            "papers-cyber",
            "papers-nuclear"
        ],
        "loaders": {
            "code-lisp": {
                "train": "SingleDataLoader(code-lisp_train_001.bin, len=410)",
                "test": "InterleavedDataLoader(len=105)"
            },
            "code-other": {
                "train": "InterleavedDataLoader(len=24612)",
                "test": "SingleDataLoader(code-other_test_010.bin, len=105)"
            },
            "fineweb": {
                "train": "InterleavedDataLoader(len=137831)",
                "test": "InterleavedDataLoader(len=105)"
            },
            "papers-biology": {
                "train": "SingleDataLoader(papers-biology_train.bin, len=410)",
                "test": "SingleDataLoader(papers-biology_test.bin, len=105)"
            },
            "papers-cyber": {
                "train": "SingleDataLoader(papers-cyber_train.bin, len=410)",
                "test": "SingleDataLoader(papers-cyber_test.bin, len=105)"
            },
            "papers-nuclear": {
                "train": "SingleDataLoader(papers-nuclear_train.bin, len=410)",
                "test": "SingleDataLoader(papers-nuclear_test.bin, len=105)"
            },
            "papers-other": {
                "train": "SingleDataLoader(papers-other_train.bin, len=1640)",
                "test": "SingleDataLoader(papers-other_test.bin, len=105)"
            },
            "core": {
                "train": "InterleavedDataLoader(len=164083)",
                "test": "InterleavedDataLoader(len=315)"
            },
            "aux": {
                "train": "InterleavedDataLoader(len=1640)",
                "test": "InterleavedDataLoader(len=420)"
            },
            "all": {
                "train": "InterleavedDataLoader(len=165723)",
                "test": "InterleavedDataLoader(len=735)"
            }
        },
        "res_root": "/workspace/gradient-routing/experiments/AGI-1699-New-Dataset-Runs/results/scaling/realistic/filtering/800M/seed_1",
        "experiment_id": "20260423013939913311",
        "s3_bucket": "ae-gradient-routing-results",
        "s3_prefix": "scaling/realistic/filtering/800M/seed_1"
    }
}
[GPU 0] [01:39:52] [INFO] Loader code-lisp train: 410, test: 105
[GPU 0] [01:39:52] [INFO] Loader code-other train: 24612, test: 105
[GPU 0] [01:39:52] [INFO] Loader fineweb train: 137831, test: 105
[GPU 0] [01:39:52] [INFO] Loader papers-biology train: 410, test: 105
[GPU 0] [01:39:52] [INFO] Loader papers-cyber train: 410, test: 105
[GPU 0] [01:39:52] [INFO] Loader papers-nuclear train: 410, test: 105
[GPU 0] [01:39:52] [INFO] Loader papers-other train: 1640, test: 105
[GPU 0] [01:39:52] [INFO] Loader core train: 164083, test: 315
[GPU 0] [01:39:52] [INFO] Loader aux train: 1640, test: 420
[GPU 0] [01:39:52] [INFO] Loader all train: 165723, test: 735
[GPU 0] [01:39:52] [INFO] Stage [filtering] start: {"name": "filtering", "num_checkpoints": -1, "lr": 0.0005663534909876918, "res_dir": "/workspace/gradient-routing/experiments/AGI-1699-New-Dataset-Runs/results/scaling/realistic/filtering/800M/seed_1/20260423013939913311/filtering", "do_eval": true, "do_sample": false, "num_train_evals": 0, "do_elicit": true, "elicit_eval_prc": 0.5, "elicit_num_evals": 100, "retain_targets": [["core", "papers-cyber"]]}
[GPU 0] [01:39:52] [INFO] FILTERING START
[GPU 0] [01:39:52] [INFO] Using stage-level retain_targets override (1 targets)
[GPU 0] [01:39:52] [INFO] Filtering: retaining ['core', 'papers-cyber'], removing ['code-lisp', 'papers-biology', 'papers-nuclear']
[GPU 0] [01:39:59] [INFO] Initialized BaseTransformer with 806,509,504 total parameters
[GPU 0] [01:39:59] [INFO] Compiling BaseTransformer with torch.compile...
[GPU 0] [01:39:59] [INFO] torch.compile done
[GPU 0] [01:40:01] [WARNING] restore_partial_state: no checkpoint found at /workspace/gradient-routing/experiments/AGI-1699-New-Dataset-Runs/results/scaling/realistic/filtering/800M/seed_1/20260423013939913311/filtering/core_papers-cyber
[GPU 0] [01:40:01] [INFO] ---- Begin Train | Data Labels: ['core', 'papers-cyber'] ----
[GPU 0] [01:40:01] [INFO] Batch [core] count: 23440
[GPU 0] [01:40:01] [INFO] Batch [papers-cyber] count: 59
[GPU 0] [01:40:01] [INFO] warmup_steps: 470
[GPU 0] [01:40:01] [INFO] constant_steps: 20679
[GPU 0] [01:40:01] [INFO] decay_steps: 2350
[GPU 0] [01:40:01] [INFO] LR Scheduler: Warmup Start
[GPU 0] [01:40:57] [INFO] Step: 1, LR: 1.21e-06
[GPU 0] [01:40:57] [INFO] Train Loss: CORE: 11.21 CODE-LISP: nan PAPERS-BIOLOGY: nan PAPERS-CYBER: nan PAPERS-NUCLEAR: nan 
[GPU 0] [01:51:19] [INFO] LR Scheduler: Constant Start
[GPU 0] [02:02:54] [INFO] Step: 1000, LR: 5.66e-04
[GPU 0] [02:02:54] [INFO] Train Loss: CORE: 3.35 CODE-LISP: nan PAPERS-BIOLOGY: nan PAPERS-CYBER: 4.16 PAPERS-NUCLEAR: nan 
[GPU 0] [02:24:52] [INFO] Step: 2000, LR: 5.66e-04
[GPU 0] [02:24:52] [INFO] Train Loss: CORE: 2.85 CODE-LISP: nan PAPERS-BIOLOGY: nan PAPERS-CYBER: 3.38 PAPERS-NUCLEAR: nan 
[GPU 0] [02:46:51] [INFO] Step: 3000, LR: 5.66e-04
[GPU 0] [02:46:51] [INFO] Train Loss: CORE: 3.08 CODE-LISP: nan PAPERS-BIOLOGY: nan PAPERS-CYBER: 3.13 PAPERS-NUCLEAR: nan 
[GPU 0] [03:08:44] [INFO] Step: 4000, LR: 5.66e-04
[GPU 0] [03:08:44] [INFO] Train Loss: CORE: 2.80 CODE-LISP: nan PAPERS-BIOLOGY: nan PAPERS-CYBER: 3.04 PAPERS-NUCLEAR: nan 
[GPU 0] [03:30:41] [INFO] Step: 5000, LR: 5.66e-04
[GPU 0] [03:30:41] [INFO] Train Loss: CORE: 2.77 CODE-LISP: nan PAPERS-BIOLOGY: nan PAPERS-CYBER: 3.00 PAPERS-NUCLEAR: nan 
[GPU 0] [03:52:39] [INFO] Step: 6000, LR: 5.66e-04
[GPU 0] [03:52:39] [INFO] Train Loss: CORE: 2.04 CODE-LISP: nan PAPERS-BIOLOGY: nan PAPERS-CYBER: 3.02 PAPERS-NUCLEAR: nan 
[GPU 0] [04:14:37] [INFO] Step: 7000, LR: 5.66e-04
[GPU 0] [04:14:37] [INFO] Train Loss: CORE: 2.42 CODE-LISP: nan PAPERS-BIOLOGY: nan PAPERS-CYBER: 2.97 PAPERS-NUCLEAR: nan 
[GPU 0] [04:36:34] [INFO] Step: 8000, LR: 5.66e-04
[GPU 0] [04:36:34] [INFO] Train Loss: CORE: 2.48 CODE-LISP: nan PAPERS-BIOLOGY: nan PAPERS-CYBER: 2.90 PAPERS-NUCLEAR: nan 
[GPU 0] [04:58:27] [INFO] Step: 9000, LR: 5.66e-04
[GPU 0] [04:58:27] [INFO] Train Loss: CORE: 1.97 CODE-LISP: nan PAPERS-BIOLOGY: nan PAPERS-CYBER: 2.87 PAPERS-NUCLEAR: nan 
[GPU 0] [05:20:24] [INFO] Step: 10000, LR: 5.66e-04
[GPU 0] [05:20:24] [INFO] Train Loss: CORE: 2.14 CODE-LISP: nan PAPERS-BIOLOGY: nan PAPERS-CYBER: 2.87 PAPERS-NUCLEAR: nan 
[GPU 0] [05:42:23] [INFO] Step: 11000, LR: 5.66e-04
[GPU 0] [05:42:23] [INFO] Train Loss: CORE: 2.59 CODE-LISP: nan PAPERS-BIOLOGY: nan PAPERS-CYBER: 2.82 PAPERS-NUCLEAR: nan 
[GPU 0] [06:04:22] [INFO] Step: 12000, LR: 5.66e-04
[GPU 0] [06:04:22] [INFO] Train Loss: CORE: 2.23 CODE-LISP: nan PAPERS-BIOLOGY: nan PAPERS-CYBER: 2.82 PAPERS-NUCLEAR: nan 
[GPU 0] [06:26:21] [INFO] Step: 13000, LR: 5.66e-04
[GPU 0] [06:26:21] [INFO] Train Loss: CORE: 2.70 CODE-LISP: nan PAPERS-BIOLOGY: nan PAPERS-CYBER: 2.92 PAPERS-NUCLEAR: nan 
[GPU 0] [06:48:19] [INFO] Step: 14000, LR: 5.66e-04
[GPU 0] [06:48:19] [INFO] Train Loss: CORE: 2.63 CODE-LISP: nan PAPERS-BIOLOGY: nan PAPERS-CYBER: 2.77 PAPERS-NUCLEAR: nan 
[GPU 0] [07:10:12] [INFO] Step: 15000, LR: 5.66e-04
[GPU 0] [07:10:12] [INFO] Train Loss: CORE: 2.38 CODE-LISP: nan PAPERS-BIOLOGY: nan PAPERS-CYBER: 2.76 PAPERS-NUCLEAR: nan 
[GPU 0] [07:32:09] [INFO] Step: 16000, LR: 5.66e-04
[GPU 0] [07:32:09] [INFO] Train Loss: CORE: 2.82 CODE-LISP: nan PAPERS-BIOLOGY: nan PAPERS-CYBER: 2.79 PAPERS-NUCLEAR: nan 
[GPU 0] [07:54:08] [INFO] Step: 17000, LR: 5.66e-04
[GPU 0] [07:54:08] [INFO] Train Loss: CORE: 2.58 CODE-LISP: nan PAPERS-BIOLOGY: nan PAPERS-CYBER: 2.78 PAPERS-NUCLEAR: nan 
[GPU 0] [08:16:08] [INFO] Step: 18000, LR: 5.66e-04
[GPU 0] [08:16:08] [INFO] Train Loss: CORE: 2.30 CODE-LISP: nan PAPERS-BIOLOGY: nan PAPERS-CYBER: 2.76 PAPERS-NUCLEAR: nan 
[GPU 0] [08:38:07] [INFO] Step: 19000, LR: 5.66e-04
[GPU 0] [08:38:07] [INFO] Train Loss: CORE: 2.66 CODE-LISP: nan PAPERS-BIOLOGY: nan PAPERS-CYBER: 2.76 PAPERS-NUCLEAR: nan 
[GPU 0] [09:00:07] [INFO] Step: 20000, LR: 5.66e-04
[GPU 0] [09:00:07] [INFO] Train Loss: CORE: 2.14 CODE-LISP: nan PAPERS-BIOLOGY: nan PAPERS-CYBER: 2.70 PAPERS-NUCLEAR: nan 
[GPU 0] [09:21:58] [INFO] Step: 21000, LR: 5.66e-04
[GPU 0] [09:21:58] [INFO] Train Loss: CORE: 2.25 CODE-LISP: nan PAPERS-BIOLOGY: nan PAPERS-CYBER: 2.64 PAPERS-NUCLEAR: nan 
[GPU 0] [09:25:20] [INFO] LR Scheduler: Decay Start
[GPU 0] [09:43:55] [INFO] Step: 22000, LR: 3.61e-04
[GPU 0] [09:43:55] [INFO] Train Loss: CORE: 2.16 CODE-LISP: nan PAPERS-BIOLOGY: nan PAPERS-CYBER: 2.69 PAPERS-NUCLEAR: nan 
[GPU 0] [10:05:53] [INFO] Step: 23000, LR: 1.20e-04
[GPU 0] [10:05:53] [INFO] Train Loss: CORE: 2.46 CODE-LISP: nan PAPERS-BIOLOGY: nan PAPERS-CYBER: 2.65 PAPERS-NUCLEAR: nan 
[GPU 0] [10:16:56] [INFO] Step: 23499, LR: 1.00e-08
[GPU 0] [10:16:56] [INFO] Train Loss: CORE: 2.46 CODE-LISP: nan PAPERS-BIOLOGY: nan PAPERS-CYBER: 2.55 PAPERS-NUCLEAR: nan 
[GPU 0] [10:18:25] [INFO] ---- Begin Eval ----
[GPU 0] [10:18:25] [INFO] Data: core | Experts: None
[GPU 0] [10:19:14] [INFO] loss: 1.86664200
[GPU 0] [10:19:14] [INFO] Data: code-lisp | Experts: None
[GPU 0] [10:19:22] [INFO] loss: 1.37647879
[GPU 0] [10:19:22] [INFO] Data: papers-biology | Experts: None
[GPU 0] [10:19:29] [INFO] loss: 2.46543908
[GPU 0] [10:19:29] [INFO] Data: papers-nuclear | Experts: None
[GPU 0] [10:19:37] [INFO] loss: 2.83456111
[GPU 0] [10:19:37] [INFO] Data: papers-cyber | Experts: None
[GPU 0] [10:19:45] [INFO] loss: 2.64549851
[GPU 0] [10:19:56] [INFO] Initialized BaseTransformer with 806,509,504 total parameters
[GPU 0] [10:19:56] [INFO] Compiling BaseTransformer with torch.compile...
[GPU 0] [10:19:56] [INFO] torch.compile done
[GPU 0] [10:20:02] [INFO] FILTERING - ADVERSARIAL FT START
[GPU 0] [10:20:02] [INFO] ---- Begin FT | Experts: None | Data: ['code-lisp'] ----
[GPU 0] [10:20:02] [DEBUG] num_seq: 512, num_rounds: 200, patience: 10
[GPU 0] [10:20:02] [DEBUG] local_x: torch.Size([64, 1024]), local_y: torch.Size([64, 1024]), num_steps: 6, per_gpu: 64, mbs_size: 12
[GPU 0] [10:21:10] [INFO] New best validation loss: 1.4465 @ step 0
[GPU 0] [10:21:24] [INFO] New best validation loss: 1.2952 @ step 1
[GPU 0] [10:21:38] [INFO] New best validation loss: 1.2405 @ step 2
[GPU 0] [10:21:52] [INFO] New best validation loss: 1.2032 @ step 3
[GPU 0] [10:22:05] [INFO] New best validation loss: 1.1718 @ step 4
[GPU 0] [10:22:20] [INFO] New best validation loss: 1.1513 @ step 5
[GPU 0] [10:22:34] [INFO] New best validation loss: 1.1352 @ step 6
[GPU 0] [10:22:47] [INFO] New best validation loss: 1.1198 @ step 7
[GPU 0] [10:23:01] [INFO] New best validation loss: 1.1058 @ step 8
[GPU 0] [10:23:16] [INFO] New best validation loss: 1.0933 @ step 9
[GPU 0] [10:23:30] [INFO] New best validation loss: 1.0826 @ step 10
[GPU 0] [10:23:44] [INFO] New best validation loss: 1.0739 @ step 11
[GPU 0] [10:23:57] [INFO] New best validation loss: 1.0659 @ step 12
[GPU 0] [10:24:11] [INFO] New best validation loss: 1.0587 @ step 13
[GPU 0] [10:24:25] [INFO] New best validation loss: 1.0515 @ step 14
[GPU 0] [10:24:39] [INFO] New best validation loss: 1.0453 @ step 15
[GPU 0] [10:24:53] [INFO] New best validation loss: 1.0402 @ step 16
[GPU 0] [10:25:07] [INFO] New best validation loss: 1.0359 @ step 17
[GPU 0] [10:25:20] [INFO] New best validation loss: 1.0329 @ step 18
[GPU 0] [10:25:34] [INFO] New best validation loss: 1.0312 @ step 19
[GPU 0] [10:25:48] [INFO] New best validation loss: 1.0306 @ step 20
[GPU 0] [10:26:02] [INFO] New best validation loss: 1.0300 @ step 21
[GPU 0] [10:28:36] [INFO] Stop FT @ 33: no val improvement for 10 steps
[GPU 0] [10:28:36] [INFO] Wrote stats.jsonl entries at FT step 21 
[GPU 0] [10:28:38] [INFO] ---- Begin FT | Experts: None | Data: ['papers-biology'] ----
[GPU 0] [10:28:38] [DEBUG] num_seq: 512, num_rounds: 200, patience: 10
[GPU 0] [10:28:38] [DEBUG] local_x: torch.Size([64, 1024]), local_y: torch.Size([64, 1024]), num_steps: 6, per_gpu: 64, mbs_size: 12
[GPU 0] [10:28:52] [INFO] New best validation loss: 2.5432 @ step 0
[GPU 0] [10:29:05] [INFO] New best validation loss: 2.4702 @ step 1
[GPU 0] [10:31:45] [INFO] Stop FT @ 13: no val improvement for 10 steps
[GPU 0] [10:31:45] [INFO] Wrote stats.jsonl entries at FT step 1 
[GPU 0] [10:31:46] [INFO] ---- Begin FT | Experts: None | Data: ['papers-nuclear'] ----
[GPU 0] [10:31:46] [DEBUG] num_seq: 512, num_rounds: 200, patience: 10
[GPU 0] [10:31:46] [DEBUG] local_x: torch.Size([64, 1024]), local_y: torch.Size([64, 1024]), num_steps: 6, per_gpu: 64, mbs_size: 12
[GPU 0] [10:31:59] [INFO] New best validation loss: 2.9860 @ step 0
[GPU 0] [10:32:14] [INFO] New best validation loss: 2.8412 @ step 1
[GPU 0] [10:32:28] [INFO] New best validation loss: 2.8248 @ step 2
[GPU 0] [10:35:01] [INFO] Stop FT @ 14: no val improvement for 10 steps
[GPU 0] [10:35:01] [INFO] Wrote stats.jsonl entries at FT step 2 
