[GPU 0] [10:46:02] [INFO] Number of GPUs: 8
[GPU 0] [10:46:03] [INFO] Tokenizer vocabulary: 50257
[GPU 0] [10:46:03] [INFO] Set model vocab size to nearest multiple of 64 of tokenizer size: 50304
[GPU 0] [10:46:06] [INFO] target effective batch size: 128, actual effective batch size: 128, micro batch size: 16, accumulation steps: 1, num gpus: 8
[GPU 0] [10:46:06] [INFO] core total number of tokens: 124693822984
[GPU 0] [10:46:06] [INFO] Baseline model has 402,064,768 parameters
[GPU 0] [10:46:06] [INFO] core: chinchilla optimal tokens: 8,041,295,360, requested proportion: 1.0000, requested number of tokens: 8,041,295,360.0, 
[GPU 0] [10:46:06] [INFO] aux total number of tokens: 4835776549
[GPU 0] [10:46:06] [INFO] Baseline model has 402,064,768 parameters
[GPU 0] [10:46:06] [INFO] aux: chinchilla optimal tokens: 8,041,295,360, requested proportion: 0.0100, requested number of tokens: 80,412,953.60000001, 
[GPU 0] [10:46:06] [DEBUG] Saved config to /workspace/gradient-routing/experiments/AGI-1699-New-Dataset-Runs/results/optimize/base/realistic/400M/seed_2/20260421104554895600/config.json
[GPU 0] [10:46:06] [DEBUG] {
    "stages": [
        {
            "name": "baseline",
            "num_checkpoints": -1,
            "lr": 0.0004,
            "res_dir": "/workspace/gradient-routing/experiments/AGI-1699-New-Dataset-Runs/results/optimize/base/realistic/400M/seed_2/20260421104554895600/baseline",
            "do_eval": true,
            "do_sample": false,
            "num_train_evals": 0,
            "do_elicit": false,
            "elicit_eval_prc": 0.5,
            "elicit_num_evals": 100
        }
    ],
    "model": {
        "arch": "base",
        "tokenizer": "GPT2Tokenizer(name_or_path='EleutherAI/gpt-neo-125M', vocab_size=50257, model_max_length=2048, padding_side='right', truncation_side='right', special_tokens={'bos_token': '<|endoftext|>', 'eos_token': '<|endoftext|>', 'unk_token': '<|endoftext|>'}, added_tokens_decoder={\n\t50256: AddedToken(\"<|endoftext|>\", rstrip=False, lstrip=False, single_word=False, normalized=True, special=True),\n}\n)",
        "ctx_len": 1024,
        "vocab_size": 50304,
        "num_layers": 18,
        "num_heads": 8,
        "num_key_value": 2,
        "attn_bias": true,
        "eos_token_id": 50256,
        "embed_dim": 1216,
        "mlp_dim": 4864
    },
    "data": {
        "dirs": [
            "/workspace/gradient-routing/experiments/AGI-1699-New-Dataset-Runs/src/data/fineweb",
            "/workspace/gradient-routing/experiments/AGI-1699-New-Dataset-Runs/src/data/code",
            "/workspace/gradient-routing/experiments/AGI-1699-New-Dataset-Runs/src/data/papers"
        ],
        "core": {
            "labels": [
                "fineweb",
                "code-other",
                "papers-other"
            ],
            "method": "optimal",
            "limit": 1.0,
            "dist": {
                "fineweb": 0.84,
                "code-other": 0.15,
                "papers-other": 0.01
            },
            "num_tok": 8041295360.0
        },
        "aux": {
            "labels": [
                "code-lisp",
                "papers-biology",
                "papers-nuclear",
                "papers-cyber"
            ],
            "method": "optimal",
            "limit": 0.01,
            "dist": {
                "code-lisp": 0.25,
                "papers-biology": 0.25,
                "papers-nuclear": 0.25,
                "papers-cyber": 0.25
            },
            "num_tok": 80412953.60000001
        }
    },
    "run": {
        "target_effective_batch_size": 128,
        "effective_batch_size": 128,
        "micro_batch_size": 16,
        "accumulation_steps": 1,
        "max_num_test_sequences": 10000,
        "eval_all_labels": false,
        "micro_batch_anchors": [
            [
                400000000.0,
                23
            ],
            [
                5000000000.0,
                2
            ]
        ],
        "epochs": 1,
        "adam_betas": [
            0.9,
            0.95
        ],
        "warmup_prc": 0.02,
        "decay_prc": 0.1,
        "seed": 2,
        "compile": true,
        "is_ddp": true,
        "optimize_routed": true,
        "cleanup_distributed": false,
        "log_level": "DEBUG",
        "num_gpus": 8,
        "process_id": 0,
        "num_base_params": 402064768,
        "device": "cuda",
        "logger": "<Logger training_20260421104554895600 (DEBUG)>",
        "labels": [
            "core",
            "code-lisp",
            "papers-biology",
            "papers-cyber",
            "papers-nuclear"
        ],
        "loaders": {
            "code-lisp": {
                "train": "SingleDataLoader(code-lisp_train_001.bin, len=153)",
                "test": "InterleavedDataLoader(len=79)"
            },
            "code-other": {
                "train": "InterleavedDataLoader(len=9202)",
                "test": "InterleavedDataLoader(len=79)"
            },
            "fineweb": {
                "train": "InterleavedDataLoader(len=51534)",
                "test": "InterleavedDataLoader(len=79)"
            },
            "papers-biology": {
                "train": "SingleDataLoader(papers-biology_train.bin, len=153)",
                "test": "SingleDataLoader(papers-biology_test.bin, len=79)"
            },
            "papers-cyber": {
                "train": "SingleDataLoader(papers-cyber_train.bin, len=153)",
                "test": "SingleDataLoader(papers-cyber_test.bin, len=79)"
            },
            "papers-nuclear": {
                "train": "SingleDataLoader(papers-nuclear_train.bin, len=153)",
                "test": "SingleDataLoader(papers-nuclear_test.bin, len=79)"
            },
            "papers-other": {
                "train": "SingleDataLoader(papers-other_train.bin, len=613)",
                "test": "SingleDataLoader(papers-other_test.bin, len=79)"
            },
            "core": {
                "train": "InterleavedDataLoader(len=61349)",
                "test": "InterleavedDataLoader(len=237)"
            },
            "aux": {
                "train": "InterleavedDataLoader(len=612)",
                "test": "InterleavedDataLoader(len=316)"
            },
            "all": {
                "train": "InterleavedDataLoader(len=61961)",
                "test": "InterleavedDataLoader(len=553)"
            }
        },
        "res_root": "/workspace/gradient-routing/experiments/AGI-1699-New-Dataset-Runs/results/optimize/base/realistic/400M/seed_2",
        "experiment_id": "20260421104554895600",
        "s3_bucket": "ae-gradient-routing-results",
        "s3_prefix": "optimize/base/realistic/400M/seed_2"
    }
}
[GPU 0] [10:46:06] [INFO] Loader code-lisp train: 153, test: 79
[GPU 0] [10:46:06] [INFO] Loader code-other train: 9202, test: 79
[GPU 0] [10:46:06] [INFO] Loader fineweb train: 51534, test: 79
[GPU 0] [10:46:06] [INFO] Loader papers-biology train: 153, test: 79
[GPU 0] [10:46:06] [INFO] Loader papers-cyber train: 153, test: 79
[GPU 0] [10:46:06] [INFO] Loader papers-nuclear train: 153, test: 79
[GPU 0] [10:46:06] [INFO] Loader papers-other train: 613, test: 79
[GPU 0] [10:46:06] [INFO] Loader core train: 61349, test: 237
[GPU 0] [10:46:06] [INFO] Loader aux train: 612, test: 316
[GPU 0] [10:46:06] [INFO] Loader all train: 61961, test: 553
[GPU 0] [10:46:06] [INFO] Stage [baseline] start: {"name": "baseline", "num_checkpoints": -1, "lr": 0.0004, "res_dir": "/workspace/gradient-routing/experiments/AGI-1699-New-Dataset-Runs/results/optimize/base/realistic/400M/seed_2/20260421104554895600/baseline", "do_eval": true, "do_sample": false, "num_train_evals": 0, "do_elicit": false, "elicit_eval_prc": 0.5, "elicit_num_evals": 100}
[GPU 0] [10:46:06] [INFO] BASELINE START
[GPU 0] [10:46:08] [INFO] Initialized BaseTransformer with 402,064,768 total parameters
[GPU 0] [10:46:08] [INFO] Compiling BaseTransformer with torch.compile...
[GPU 0] [10:46:09] [INFO] torch.compile done
[GPU 0] [10:46:09] [WARNING] restore_partial_state: no checkpoint found at /workspace/gradient-routing/experiments/AGI-1699-New-Dataset-Runs/results/optimize/base/realistic/400M/seed_2/20260421104554895600/baseline
[GPU 0] [10:46:09] [INFO] ---- Begin Train | Data Labels: ['all'] ----
[GPU 0] [10:46:09] [INFO] warmup_steps: 1239
[GPU 0] [10:46:09] [INFO] constant_steps: 54526
[GPU 0] [10:46:09] [INFO] decay_steps: 6196
[GPU 0] [10:46:09] [INFO] LR Scheduler: Warmup Start
[GPU 0] [10:46:39] [INFO] Step: 1, LR: 3.33e-07
[GPU 0] [10:46:39] [INFO] Train Loss: CORE: 11.06 CODE-LISP: nan PAPERS-BIOLOGY: nan PAPERS-CYBER: nan PAPERS-NUCLEAR: nan 
[GPU 0] [10:49:06] [INFO] Step: 1000, LR: 3.23e-04
[GPU 0] [10:49:06] [INFO] Train Loss: CORE: 5.00 CODE-LISP: 6.23 PAPERS-BIOLOGY: 6.97 PAPERS-CYBER: nan PAPERS-NUCLEAR: 6.19 
[GPU 0] [10:49:41] [INFO] LR Scheduler: Constant Start
[GPU 0] [10:51:34] [INFO] Step: 2000, LR: 4.00e-04
[GPU 0] [10:51:34] [INFO] Train Loss: CORE: 3.51 CODE-LISP: 5.17 PAPERS-BIOLOGY: 6.67 PAPERS-CYBER: 4.59 PAPERS-NUCLEAR: 5.86 
[GPU 0] [10:54:03] [INFO] Step: 3000, LR: 4.00e-04
[GPU 0] [10:54:03] [INFO] Train Loss: CORE: 3.47 CODE-LISP: 4.24 PAPERS-BIOLOGY: 6.31 PAPERS-CYBER: 4.27 PAPERS-NUCLEAR: 5.86 
[GPU 0] [10:56:31] [INFO] Step: 4000, LR: 4.00e-04
[GPU 0] [10:56:31] [INFO] Train Loss: CORE: 3.07 CODE-LISP: 3.32 PAPERS-BIOLOGY: 6.31 PAPERS-CYBER: 4.12 PAPERS-NUCLEAR: 5.86 
[GPU 0] [10:59:00] [INFO] Step: 5000, LR: 4.00e-04
[GPU 0] [10:59:00] [INFO] Train Loss: CORE: 3.02 CODE-LISP: 2.21 PAPERS-BIOLOGY: 5.98 PAPERS-CYBER: 3.65 PAPERS-NUCLEAR: 5.48 
[GPU 0] [11:01:28] [INFO] Step: 6000, LR: 4.00e-04
[GPU 0] [11:01:28] [INFO] Train Loss: CORE: 2.94 CODE-LISP: 1.91 PAPERS-BIOLOGY: 5.72 PAPERS-CYBER: 3.65 PAPERS-NUCLEAR: 4.65 
[GPU 0] [11:03:56] [INFO] Step: 7000, LR: 4.00e-04
[GPU 0] [11:03:56] [INFO] Train Loss: CORE: 3.33 CODE-LISP: 1.80 PAPERS-BIOLOGY: 3.91 PAPERS-CYBER: 3.62 PAPERS-NUCLEAR: 4.55 
[GPU 0] [11:06:24] [INFO] Step: 8000, LR: 4.00e-04
[GPU 0] [11:06:24] [INFO] Train Loss: CORE: 3.36 CODE-LISP: 1.68 PAPERS-BIOLOGY: 3.20 PAPERS-CYBER: 3.61 PAPERS-NUCLEAR: 3.62 
[GPU 0] [11:08:52] [INFO] Step: 9000, LR: 4.00e-04
[GPU 0] [11:08:52] [INFO] Train Loss: CORE: 3.04 CODE-LISP: 1.63 PAPERS-BIOLOGY: 3.13 PAPERS-CYBER: 3.40 PAPERS-NUCLEAR: 3.44 
[GPU 0] [11:11:20] [INFO] Step: 10000, LR: 4.00e-04
[GPU 0] [11:11:20] [INFO] Train Loss: CORE: 3.03 CODE-LISP: 1.54 PAPERS-BIOLOGY: 3.10 PAPERS-CYBER: 3.40 PAPERS-NUCLEAR: 3.35 
[GPU 0] [11:13:48] [INFO] Step: 11000, LR: 4.00e-04
[GPU 0] [11:13:48] [INFO] Train Loss: CORE: 3.03 CODE-LISP: 1.55 PAPERS-BIOLOGY: 3.10 PAPERS-CYBER: 3.33 PAPERS-NUCLEAR: 3.35 
[GPU 0] [11:16:16] [INFO] Step: 12000, LR: 4.00e-04
[GPU 0] [11:16:16] [INFO] Train Loss: CORE: 3.07 CODE-LISP: 1.56 PAPERS-BIOLOGY: 3.09 PAPERS-CYBER: 3.29 PAPERS-NUCLEAR: 3.34 
[GPU 0] [11:18:43] [INFO] Step: 13000, LR: 4.00e-04
[GPU 0] [11:18:43] [INFO] Train Loss: CORE: 2.74 CODE-LISP: 1.58 PAPERS-BIOLOGY: 3.06 PAPERS-CYBER: 3.28 PAPERS-NUCLEAR: 3.34 
[GPU 0] [11:21:11] [INFO] Step: 14000, LR: 4.00e-04
[GPU 0] [11:21:11] [INFO] Train Loss: CORE: 2.78 CODE-LISP: 1.58 PAPERS-BIOLOGY: 3.02 PAPERS-CYBER: 3.25 PAPERS-NUCLEAR: 3.37 
[GPU 0] [11:23:40] [INFO] Step: 15000, LR: 4.00e-04
[GPU 0] [11:23:40] [INFO] Train Loss: CORE: 2.95 CODE-LISP: 1.57 PAPERS-BIOLOGY: 2.99 PAPERS-CYBER: 3.26 PAPERS-NUCLEAR: 3.37 
[GPU 0] [11:26:07] [INFO] Step: 16000, LR: 4.00e-04
[GPU 0] [11:26:07] [INFO] Train Loss: CORE: 2.97 CODE-LISP: 1.48 PAPERS-BIOLOGY: 2.92 PAPERS-CYBER: 3.25 PAPERS-NUCLEAR: 3.35 
[GPU 0] [11:28:36] [INFO] Step: 17000, LR: 4.00e-04
[GPU 0] [11:28:36] [INFO] Train Loss: CORE: 2.92 CODE-LISP: 1.44 PAPERS-BIOLOGY: 2.89 PAPERS-CYBER: 3.23 PAPERS-NUCLEAR: 3.31 
[GPU 0] [11:31:05] [INFO] Step: 18000, LR: 4.00e-04
[GPU 0] [11:31:05] [INFO] Train Loss: CORE: 3.09 CODE-LISP: 1.35 PAPERS-BIOLOGY: 2.88 PAPERS-CYBER: 3.20 PAPERS-NUCLEAR: 3.27 
[GPU 0] [11:33:32] [INFO] Step: 19000, LR: 4.00e-04
[GPU 0] [11:33:32] [INFO] Train Loss: CORE: 3.19 CODE-LISP: 1.33 PAPERS-BIOLOGY: 2.88 PAPERS-CYBER: 3.19 PAPERS-NUCLEAR: 3.27 
[GPU 0] [11:36:01] [INFO] Step: 20000, LR: 4.00e-04
[GPU 0] [11:36:01] [INFO] Train Loss: CORE: 2.44 CODE-LISP: 1.27 PAPERS-BIOLOGY: 2.85 PAPERS-CYBER: 3.17 PAPERS-NUCLEAR: 3.25 
[GPU 0] [11:38:29] [INFO] Step: 21000, LR: 4.00e-04
[GPU 0] [11:38:29] [INFO] Train Loss: CORE: 2.92 CODE-LISP: 1.17 PAPERS-BIOLOGY: 2.85 PAPERS-CYBER: 3.13 PAPERS-NUCLEAR: 3.27 
[GPU 0] [11:40:57] [INFO] Step: 22000, LR: 4.00e-04
[GPU 0] [11:40:57] [INFO] Train Loss: CORE: 2.61 CODE-LISP: 1.17 PAPERS-BIOLOGY: 2.83 PAPERS-CYBER: 3.13 PAPERS-NUCLEAR: 3.25 
[GPU 0] [11:43:25] [INFO] Step: 23000, LR: 4.00e-04
[GPU 0] [11:43:25] [INFO] Train Loss: CORE: 2.40 CODE-LISP: 1.21 PAPERS-BIOLOGY: 2.84 PAPERS-CYBER: 3.12 PAPERS-NUCLEAR: 3.27 
[GPU 0] [11:45:53] [INFO] Step: 24000, LR: 4.00e-04
[GPU 0] [11:45:53] [INFO] Train Loss: CORE: 2.92 CODE-LISP: 1.23 PAPERS-BIOLOGY: 2.82 PAPERS-CYBER: 3.09 PAPERS-NUCLEAR: 3.30 
[GPU 0] [11:48:20] [INFO] Step: 25000, LR: 4.00e-04
[GPU 0] [11:48:20] [INFO] Train Loss: CORE: 2.91 CODE-LISP: 1.25 PAPERS-BIOLOGY: 2.83 PAPERS-CYBER: 3.10 PAPERS-NUCLEAR: 3.30 
[GPU 0] [11:50:49] [INFO] Step: 26000, LR: 4.00e-04
[GPU 0] [11:50:49] [INFO] Train Loss: CORE: 2.89 CODE-LISP: 1.31 PAPERS-BIOLOGY: 2.86 PAPERS-CYBER: 3.12 PAPERS-NUCLEAR: 3.30 
[GPU 0] [11:53:17] [INFO] Step: 27000, LR: 4.00e-04
[GPU 0] [11:53:17] [INFO] Train Loss: CORE: 2.86 CODE-LISP: 1.27 PAPERS-BIOLOGY: 2.89 PAPERS-CYBER: 3.12 PAPERS-NUCLEAR: 3.30 
[GPU 0] [11:55:45] [INFO] Step: 28000, LR: 4.00e-04
[GPU 0] [11:55:45] [INFO] Train Loss: CORE: 2.85 CODE-LISP: 1.17 PAPERS-BIOLOGY: 2.93 PAPERS-CYBER: 3.12 PAPERS-NUCLEAR: 3.27 
[GPU 0] [11:58:14] [INFO] Step: 29000, LR: 4.00e-04
[GPU 0] [11:58:14] [INFO] Train Loss: CORE: 2.37 CODE-LISP: 1.16 PAPERS-BIOLOGY: 2.84 PAPERS-CYBER: 3.14 PAPERS-NUCLEAR: 3.24 
[GPU 0] [12:00:42] [INFO] Step: 30000, LR: 4.00e-04
[GPU 0] [12:00:42] [INFO] Train Loss: CORE: 3.14 CODE-LISP: 1.15 PAPERS-BIOLOGY: 2.79 PAPERS-CYBER: 3.09 PAPERS-NUCLEAR: 3.21 
[GPU 0] [12:03:10] [INFO] Step: 31000, LR: 4.00e-04
[GPU 0] [12:03:10] [INFO] Train Loss: CORE: 3.02 CODE-LISP: 1.10 PAPERS-BIOLOGY: 2.77 PAPERS-CYBER: 3.07 PAPERS-NUCLEAR: 3.11 
[GPU 0] [12:05:39] [INFO] Step: 32000, LR: 4.00e-04
[GPU 0] [12:05:39] [INFO] Train Loss: CORE: 2.86 CODE-LISP: 1.10 PAPERS-BIOLOGY: 2.73 PAPERS-CYBER: 3.08 PAPERS-NUCLEAR: 3.14 
[GPU 0] [12:08:06] [INFO] Step: 33000, LR: 4.00e-04
[GPU 0] [12:08:06] [INFO] Train Loss: CORE: 2.82 CODE-LISP: 1.08 PAPERS-BIOLOGY: 2.75 PAPERS-CYBER: 3.07 PAPERS-NUCLEAR: 3.16 
[GPU 0] [12:10:34] [INFO] Step: 34000, LR: 4.00e-04
[GPU 0] [12:10:34] [INFO] Train Loss: CORE: 2.82 CODE-LISP: 1.12 PAPERS-BIOLOGY: 2.78 PAPERS-CYBER: 3.08 PAPERS-NUCLEAR: 3.14 
[GPU 0] [12:13:03] [INFO] Step: 35000, LR: 4.00e-04
[GPU 0] [12:13:03] [INFO] Train Loss: CORE: 3.10 CODE-LISP: 1.09 PAPERS-BIOLOGY: 2.78 PAPERS-CYBER: 3.09 PAPERS-NUCLEAR: 3.18 
[GPU 0] [12:15:30] [INFO] Step: 36000, LR: 4.00e-04
[GPU 0] [12:15:30] [INFO] Train Loss: CORE: 3.11 CODE-LISP: 1.06 PAPERS-BIOLOGY: 2.79 PAPERS-CYBER: 3.11 PAPERS-NUCLEAR: 3.23 
[GPU 0] [12:17:58] [INFO] Step: 37000, LR: 4.00e-04
[GPU 0] [12:17:58] [INFO] Train Loss: CORE: 2.78 CODE-LISP: 1.06 PAPERS-BIOLOGY: 2.81 PAPERS-CYBER: 3.11 PAPERS-NUCLEAR: 3.23 
[GPU 0] [12:20:27] [INFO] Step: 38000, LR: 4.00e-04
[GPU 0] [12:20:27] [INFO] Train Loss: CORE: 2.88 CODE-LISP: 0.96 PAPERS-BIOLOGY: 2.78 PAPERS-CYBER: 3.07 PAPERS-NUCLEAR: 3.24 
[GPU 0] [12:22:55] [INFO] Step: 39000, LR: 4.00e-04
[GPU 0] [12:22:55] [INFO] Train Loss: CORE: 2.82 CODE-LISP: 0.94 PAPERS-BIOLOGY: 2.78 PAPERS-CYBER: 3.08 PAPERS-NUCLEAR: 3.21 
[GPU 0] [12:25:22] [INFO] Step: 40000, LR: 4.00e-04
[GPU 0] [12:25:22] [INFO] Train Loss: CORE: 3.00 CODE-LISP: 0.99 PAPERS-BIOLOGY: 2.76 PAPERS-CYBER: 3.10 PAPERS-NUCLEAR: 3.27 
[GPU 0] [12:27:52] [INFO] Step: 41000, LR: 4.00e-04
[GPU 0] [12:27:52] [INFO] Train Loss: CORE: 2.61 CODE-LISP: 1.09 PAPERS-BIOLOGY: 2.74 PAPERS-CYBER: 3.06 PAPERS-NUCLEAR: 3.23 
[GPU 0] [12:30:19] [INFO] Step: 42000, LR: 4.00e-04
[GPU 0] [12:30:19] [INFO] Train Loss: CORE: 3.09 CODE-LISP: 1.09 PAPERS-BIOLOGY: 2.74 PAPERS-CYBER: 3.00 PAPERS-NUCLEAR: 3.26 
[GPU 0] [12:32:46] [INFO] Step: 43000, LR: 4.00e-04
[GPU 0] [12:32:46] [INFO] Train Loss: CORE: 2.57 CODE-LISP: 1.21 PAPERS-BIOLOGY: 2.77 PAPERS-CYBER: 3.01 PAPERS-NUCLEAR: 3.26 
[GPU 0] [12:35:16] [INFO] Step: 44000, LR: 4.00e-04
[GPU 0] [12:35:16] [INFO] Train Loss: CORE: 2.78 CODE-LISP: 1.21 PAPERS-BIOLOGY: 2.83 PAPERS-CYBER: 3.01 PAPERS-NUCLEAR: 3.19 
[GPU 0] [12:37:43] [INFO] Step: 45000, LR: 4.00e-04
[GPU 0] [12:37:43] [INFO] Train Loss: CORE: 2.86 CODE-LISP: 1.23 PAPERS-BIOLOGY: 2.85 PAPERS-CYBER: 3.02 PAPERS-NUCLEAR: 3.14 
[GPU 0] [12:40:11] [INFO] Step: 46000, LR: 4.00e-04
[GPU 0] [12:40:11] [INFO] Train Loss: CORE: 2.80 CODE-LISP: 1.14 PAPERS-BIOLOGY: 2.82 PAPERS-CYBER: 3.02 PAPERS-NUCLEAR: 3.10 
[GPU 0] [12:42:40] [INFO] Step: 47000, LR: 4.00e-04
[GPU 0] [12:42:40] [INFO] Train Loss: CORE: 3.07 CODE-LISP: 1.09 PAPERS-BIOLOGY: 2.77 PAPERS-CYBER: 3.02 PAPERS-NUCLEAR: 3.10 
[GPU 0] [12:45:08] [INFO] Step: 48000, LR: 4.00e-04
[GPU 0] [12:45:08] [INFO] Train Loss: CORE: 2.13 CODE-LISP: 1.06 PAPERS-BIOLOGY: 2.71 PAPERS-CYBER: 3.03 PAPERS-NUCLEAR: 3.10 
[GPU 0] [12:47:36] [INFO] Step: 49000, LR: 4.00e-04
[GPU 0] [12:47:36] [INFO] Train Loss: CORE: 2.88 CODE-LISP: 1.06 PAPERS-BIOLOGY: 2.70 PAPERS-CYBER: 3.04 PAPERS-NUCLEAR: 3.10 
[GPU 0] [12:50:05] [INFO] Step: 50000, LR: 4.00e-04
[GPU 0] [12:50:05] [INFO] Train Loss: CORE: 2.31 CODE-LISP: 1.08 PAPERS-BIOLOGY: 2.69 PAPERS-CYBER: 3.03 PAPERS-NUCLEAR: 3.13 
[GPU 0] [12:52:32] [INFO] Step: 51000, LR: 4.00e-04
[GPU 0] [12:52:32] [INFO] Train Loss: CORE: 2.77 CODE-LISP: 1.10 PAPERS-BIOLOGY: 2.71 PAPERS-CYBER: 3.03 PAPERS-NUCLEAR: 3.15 
[GPU 0] [12:55:00] [INFO] Step: 52000, LR: 4.00e-04
[GPU 0] [12:55:00] [INFO] Train Loss: CORE: 2.36 CODE-LISP: 1.09 PAPERS-BIOLOGY: 2.68 PAPERS-CYBER: 3.04 PAPERS-NUCLEAR: 3.15 
[GPU 0] [12:57:28] [INFO] Step: 53000, LR: 4.00e-04
[GPU 0] [12:57:28] [INFO] Train Loss: CORE: 2.76 CODE-LISP: 1.02 PAPERS-BIOLOGY: 2.67 PAPERS-CYBER: 3.02 PAPERS-NUCLEAR: 3.12 
[GPU 0] [12:59:55] [INFO] Step: 54000, LR: 4.00e-04
[GPU 0] [12:59:55] [INFO] Train Loss: CORE: 2.58 CODE-LISP: 1.09 PAPERS-BIOLOGY: 2.70 PAPERS-CYBER: 3.00 PAPERS-NUCLEAR: 3.06 
[GPU 0] [13:02:23] [INFO] Step: 55000, LR: 4.00e-04
[GPU 0] [13:02:23] [INFO] Train Loss: CORE: 2.35 CODE-LISP: 1.02 PAPERS-BIOLOGY: 2.70 PAPERS-CYBER: 3.00 PAPERS-NUCLEAR: 3.05 
[GPU 0] [13:04:16] [INFO] LR Scheduler: Decay Start
[GPU 0] [13:04:52] [INFO] Step: 56000, LR: 3.85e-04
[GPU 0] [13:04:52] [INFO] Train Loss: CORE: 2.57 CODE-LISP: 1.02 PAPERS-BIOLOGY: 2.72 PAPERS-CYBER: 3.00 PAPERS-NUCLEAR: 3.08 
[GPU 0] [13:07:19] [INFO] Step: 57000, LR: 3.20e-04
[GPU 0] [13:07:19] [INFO] Train Loss: CORE: 2.33 CODE-LISP: 1.02 PAPERS-BIOLOGY: 2.72 PAPERS-CYBER: 2.99 PAPERS-NUCLEAR: 3.07 
[GPU 0] [13:09:46] [INFO] Step: 58000, LR: 2.56e-04
[GPU 0] [13:09:46] [INFO] Train Loss: CORE: 2.74 CODE-LISP: 0.96 PAPERS-BIOLOGY: 2.69 PAPERS-CYBER: 3.00 PAPERS-NUCLEAR: 3.05 
[GPU 0] [13:12:15] [INFO] Step: 59000, LR: 1.91e-04
[GPU 0] [13:12:15] [INFO] Train Loss: CORE: 2.24 CODE-LISP: 0.96 PAPERS-BIOLOGY: 2.69 PAPERS-CYBER: 3.00 PAPERS-NUCLEAR: 2.96 
[GPU 0] [13:14:43] [INFO] Step: 60000, LR: 1.27e-04
[GPU 0] [13:14:43] [INFO] Train Loss: CORE: 2.94 CODE-LISP: 0.91 PAPERS-BIOLOGY: 2.67 PAPERS-CYBER: 2.99 PAPERS-NUCLEAR: 3.02 
[GPU 0] [13:17:11] [INFO] Step: 61000, LR: 6.20e-05
[GPU 0] [13:17:11] [INFO] Train Loss: CORE: 2.42 CODE-LISP: 0.89 PAPERS-BIOLOGY: 2.65 PAPERS-CYBER: 2.95 PAPERS-NUCLEAR: 3.01 
[GPU 0] [13:19:34] [INFO] Step: 61961, LR: 1.00e-08
[GPU 0] [13:19:34] [INFO] Train Loss: CORE: 2.70 CODE-LISP: 0.87 PAPERS-BIOLOGY: 2.59 PAPERS-CYBER: 2.95 PAPERS-NUCLEAR: 3.00 
[GPU 0] [13:19:36] [INFO] ---- Begin Eval ----
[GPU 0] [13:19:36] [INFO] Data: core | Experts: None
[GPU 0] [13:20:03] [INFO] loss: 2.08338881
[GPU 0] [13:20:03] [INFO] Data: code-lisp | Experts: None
[GPU 0] [13:20:07] [INFO] loss: 1.01348650
[GPU 0] [13:20:07] [INFO] Data: papers-biology | Experts: None
[GPU 0] [13:20:11] [INFO] loss: 2.61706376
[GPU 0] [13:20:11] [INFO] Data: papers-nuclear | Experts: None
[GPU 0] [13:20:15] [INFO] loss: 2.96323657
[GPU 0] [13:20:15] [INFO] Data: papers-cyber | Experts: None
[GPU 0] [13:20:20] [INFO] loss: 2.89730024
[GPU 0] [13:20:21] [INFO] ----------------------------------------
[GPU 0] [13:20:21] [INFO] Finished. See /workspace/gradient-routing/experiments/AGI-1699-New-Dataset-Runs/results/optimize/base/realistic/400M/seed_2/20260421104554895600
