[GPU 0] [02:34:19] [INFO] Git branch: AGI-1696-New-Dataset-Runs_ethan, commit: c7e43dfb9cbb8b9279704d7cd41ae9a05befc5dd
[GPU 0] [02:34:19] [INFO] Number of GPUs: 1
[GPU 0] [02:34:19] [INFO] Tokenizer vocabulary: 4096
[GPU 0] [02:34:19] [INFO] Set model vocab size to nearest multiple of 64 of tokenizer size: 4096
[GPU 0] [02:34:20] [INFO] target effective batch size: 128, actual effective batch size: 128, micro batch size: 128, accumulation steps: 1, num gpus: 1
[GPU 0] [02:34:20] [INFO] core total number of tokens: 501664802
[GPU 0] [02:34:20] [INFO] core: 1.0000 x 501664802 = 501664802
[GPU 0] [02:34:20] [INFO] aux total number of tokens: 46188871
[GPU 0] [02:34:20] [INFO] aux: 1.0000 x 46188871 = 46188871
[GPU 0] [02:34:20] [DEBUG] Saved config to /workspace-vast/ethanr/gradient-routing/experiments/AGI-1699-New-Dataset-Runs/results/optimize/maxent_stories/seed_2/core_bygone-eras/bo_trial_029/config.json
[GPU 0] [02:34:20] [DEBUG] {
    "stages": [
        {
            "name": "baseline",
            "num_checkpoints": -1,
            "lr": 0.005,
            "res_dir": "/workspace-vast/ethanr/gradient-routing/experiments/AGI-1699-New-Dataset-Runs/results/optimize/maxent_stories/seed_2/core_bygone-eras/bo_trial_029/baseline",
            "acc_mode": "heterogeneous",
            "do_eval": true,
            "do_sample": false,
            "num_train_evals": 200,
            "do_elicit": false,
            "elicit_eval_prc": 0.5,
            "elicit_num_evals": 100,
            "retain_targets": null,
            "label_prc": 1.0
        },
        {
            "name": "maxent",
            "num_checkpoints": -1,
            "lr": 0.00046706794042406956,
            "res_dir": "/workspace-vast/ethanr/gradient-routing/experiments/AGI-1699-New-Dataset-Runs/results/optimize/maxent_stories/seed_2/core_bygone-eras/bo_trial_029/maxent",
            "acc_mode": "heterogeneous",
            "do_eval": true,
            "do_sample": false,
            "num_train_evals": 0,
            "do_elicit": false,
            "elicit_eval_prc": 0.5,
            "elicit_num_evals": 100,
            "retain_targets": [
                [
                    "core",
                    "bygone-eras"
                ]
            ],
            "alpha_retain": 33.51580371966202,
            "steps": 2000,
            "early_stop_thresh": 2.0
        }
    ],
    "model": {
        "arch": "base",
        "tokenizer": "TokenizersBackend(name_or_path='SimpleStories/SimpleStories-1.25M', vocab_size=4096, model_max_length=1000000000000000019884624838656, padding_side='right', truncation_side='right', special_tokens={'eos_token': '[EOS]', 'unk_token': '[UNK]'}, added_tokens_decoder={\n\t0: AddedToken(\"[UNK]\", rstrip=False, lstrip=False, single_word=False, normalized=False, special=True),\n\t1: AddedToken(\"[EOS]\", rstrip=False, lstrip=False, single_word=False, normalized=False, special=True),\n}\n)",
        "ctx_len": 256,
        "vocab_size": 4096,
        "num_layers": 8,
        "num_heads": 8,
        "num_key_value": 2,
        "attn_bias": true,
        "eos_token_id": 1,
        "embed_dim": 512,
        "mlp_dim": 2048
    },
    "data": {
        "dirs": [
            "/workspace-vast/ethanr/gradient-routing/experiments/AGI-1699-New-Dataset-Runs/src/data/stories"
        ],
        "core": {
            "labels": [
                "dinosaurs",
                "dream-worlds",
                "enchanted-forests",
                "fairy-tales",
                "fantasy-worlds",
                "gardens",
                "giant-creatures",
                "haunted-places",
                "hidden-treasures",
                "holidays",
                "invisibility",
                "island-adventures",
                "living-objects",
                "lost-cities",
                "lost-civilizations",
                "magical-lands",
                "magical-objects",
                "miniature-worlds",
                "mysterious-maps",
                "mystical-creatures",
                "outer-space",
                "pirates",
                "riddles",
                "robots-and-technology",
                "royal-kingdoms",
                "school-life",
                "seasonal-changes",
                "secret-societies",
                "shape-shifting",
                "sibling-rivalry",
                "snowy-adventures",
                "space-exploration",
                "sports",
                "subterranean-worlds",
                "superheroes",
                "talking-animals",
                "the-arts",
                "the-sky",
                "time-travel",
                "treasure-hunts",
                "undercover-missions",
                "underwater-adventures",
                "unusual-vehicles",
                "virtual-worlds"
            ],
            "method": "total",
            "limit": 1.0,
            "dist": {
                "dinosaurs": 0.022727272727272728,
                "dream-worlds": 0.022727272727272728,
                "enchanted-forests": 0.022727272727272728,
                "fairy-tales": 0.022727272727272728,
                "fantasy-worlds": 0.022727272727272728,
                "gardens": 0.022727272727272728,
                "giant-creatures": 0.022727272727272728,
                "haunted-places": 0.022727272727272728,
                "hidden-treasures": 0.022727272727272728,
                "holidays": 0.022727272727272728,
                "invisibility": 0.022727272727272728,
                "island-adventures": 0.022727272727272728,
                "living-objects": 0.022727272727272728,
                "lost-cities": 0.022727272727272728,
                "lost-civilizations": 0.022727272727272728,
                "magical-lands": 0.022727272727272728,
                "magical-objects": 0.022727272727272728,
                "miniature-worlds": 0.022727272727272728,
                "mysterious-maps": 0.022727272727272728,
                "mystical-creatures": 0.022727272727272728,
                "outer-space": 0.022727272727272728,
                "pirates": 0.022727272727272728,
                "riddles": 0.022727272727272728,
                "robots-and-technology": 0.022727272727272728,
                "royal-kingdoms": 0.022727272727272728,
                "school-life": 0.022727272727272728,
                "seasonal-changes": 0.022727272727272728,
                "secret-societies": 0.022727272727272728,
                "shape-shifting": 0.022727272727272728,
                "sibling-rivalry": 0.022727272727272728,
                "snowy-adventures": 0.022727272727272728,
                "space-exploration": 0.022727272727272728,
                "sports": 0.022727272727272728,
                "subterranean-worlds": 0.022727272727272728,
                "superheroes": 0.022727272727272728,
                "talking-animals": 0.022727272727272728,
                "the-arts": 0.022727272727272728,
                "the-sky": 0.022727272727272728,
                "time-travel": 0.022727272727272728,
                "treasure-hunts": 0.022727272727272728,
                "undercover-missions": 0.022727272727272728,
                "underwater-adventures": 0.022727272727272728,
                "unusual-vehicles": 0.022727272727272728,
                "virtual-worlds": 0.022727272727272728
            },
            "num_tok": 501664802
        },
        "aux": {
            "labels": [
                "a-deadline-or-time-limit",
                "alien-encounters",
                "bygone-eras",
                "cultural-traditions"
            ],
            "method": "total",
            "limit": 1.0,
            "dist": {
                "a-deadline-or-time-limit": 0.25,
                "alien-encounters": 0.25,
                "bygone-eras": 0.25,
                "cultural-traditions": 0.25
            },
            "num_tok": 46188871
        }
    },
    "run": {
        "target_effective_batch_size": 128,
        "effective_batch_size": 128,
        "micro_batch_size": 128,
        "accumulation_steps": 1,
        "max_num_test_sequences": 10000,
        "eval_all_labels": false,
        "micro_batch_anchors": [
            [
                400000000.0,
                23
            ],
            [
                5000000000.0,
                2
            ]
        ],
        "epochs": 1,
        "adam_betas": [
            0.9,
            0.95
        ],
        "warmup_prc": 0.1,
        "decay_prc": 0.1,
        "seed": 2,
        "compile": true,
        "find_unused_parameters": true,
        "is_ddp": true,
        "cleanup_distributed": false,
        "log_level": "DEBUG",
        "num_gpus": 1,
        "process_id": 0,
        "num_base_params": 26257920,
        "device": "cuda",
        "logger": "<Logger training_bo_trial_029 (DEBUG)>",
        "labels": [
            "core",
            "a-deadline-or-time-limit",
            "alien-encounters",
            "bygone-eras",
            "cultural-traditions"
        ],
        "loaders": {
            "a-deadline-or-time-limit": {
                "train": "SingleDataLoader(a-deadline-or-time-limit_train.bin, len=352)",
                "test": "SingleDataLoader(a-deadline-or-time-limit_test.bin, len=40)"
            },
            "alien-encounters": {
                "train": "SingleDataLoader(alien-encounters_train.bin, len=345)",
                "test": "SingleDataLoader(alien-encounters_test.bin, len=38)"
            },
            "bygone-eras": {
                "train": "SingleDataLoader(bygone-eras_train.bin, len=352)",
                "test": "SingleDataLoader(bygone-eras_test.bin, len=39)"
            },
            "cultural-traditions": {
                "train": "SingleDataLoader(cultural-traditions_train.bin, len=352)",
                "test": "SingleDataLoader(cultural-traditions_test.bin, len=38)"
            },
            "dinosaurs": {
                "train": "SingleDataLoader(dinosaurs_train.bin, len=337)",
                "test": "SingleDataLoader(dinosaurs_test.bin, len=38)"
            },
            "dream-worlds": {
                "train": "SingleDataLoader(dream-worlds_train.bin, len=339)",
                "test": "SingleDataLoader(dream-worlds_test.bin, len=37)"
            },
            "enchanted-forests": {
                "train": "SingleDataLoader(enchanted-forests_train.bin, len=347)",
                "test": "SingleDataLoader(enchanted-forests_test.bin, len=38)"
            },
            "fairy-tales": {
                "train": "SingleDataLoader(fairy-tales_train.bin, len=344)",
                "test": "SingleDataLoader(fairy-tales_test.bin, len=37)"
            },
            "fantasy-worlds": {
                "train": "SingleDataLoader(fantasy-worlds_train.bin, len=347)",
                "test": "SingleDataLoader(fantasy-worlds_test.bin, len=39)"
            },
            "gardens": {
                "train": "SingleDataLoader(gardens_train.bin, len=346)",
                "test": "SingleDataLoader(gardens_test.bin, len=37)"
            },
            "giant-creatures": {
                "train": "SingleDataLoader(giant-creatures_train.bin, len=347)",
                "test": "SingleDataLoader(giant-creatures_test.bin, len=37)"
            },
            "haunted-places": {
                "train": "SingleDataLoader(haunted-places_train.bin, len=347)",
                "test": "SingleDataLoader(haunted-places_test.bin, len=41)"
            },
            "hidden-treasures": {
                "train": "SingleDataLoader(hidden-treasures_train.bin, len=347)",
                "test": "SingleDataLoader(hidden-treasures_test.bin, len=39)"
            },
            "holidays": {
                "train": "SingleDataLoader(holidays_train.bin, len=347)",
                "test": "SingleDataLoader(holidays_test.bin, len=38)"
            },
            "invisibility": {
                "train": "SingleDataLoader(invisibility_train.bin, len=345)",
                "test": "SingleDataLoader(invisibility_test.bin, len=37)"
            },
            "island-adventures": {
                "train": "SingleDataLoader(island-adventures_train.bin, len=347)",
                "test": "SingleDataLoader(island-adventures_test.bin, len=39)"
            },
            "living-objects": {
                "train": "SingleDataLoader(living-objects_train.bin, len=336)",
                "test": "SingleDataLoader(living-objects_test.bin, len=38)"
            },
            "lost-cities": {
                "train": "SingleDataLoader(lost-cities_train.bin, len=347)",
                "test": "SingleDataLoader(lost-cities_test.bin, len=40)"
            },
            "lost-civilizations": {
                "train": "SingleDataLoader(lost-civilizations_train.bin, len=347)",
                "test": "SingleDataLoader(lost-civilizations_test.bin, len=41)"
            },
            "magical-lands": {
                "train": "SingleDataLoader(magical-lands_train.bin, len=347)",
                "test": "SingleDataLoader(magical-lands_test.bin, len=38)"
            },
            "magical-objects": {
                "train": "SingleDataLoader(magical-objects_train.bin, len=345)",
                "test": "SingleDataLoader(magical-objects_test.bin, len=37)"
            },
            "miniature-worlds": {
                "train": "SingleDataLoader(miniature-worlds_train.bin, len=335)",
                "test": "SingleDataLoader(miniature-worlds_test.bin, len=37)"
            },
            "mysterious-maps": {
                "train": "SingleDataLoader(mysterious-maps_train.bin, len=339)",
                "test": "SingleDataLoader(mysterious-maps_test.bin, len=38)"
            },
            "mystical-creatures": {
                "train": "SingleDataLoader(mystical-creatures_train.bin, len=347)",
                "test": "SingleDataLoader(mystical-creatures_test.bin, len=38)"
            },
            "outer-space": {
                "train": "SingleDataLoader(outer-space_train.bin, len=343)",
                "test": "SingleDataLoader(outer-space_test.bin, len=38)"
            },
            "pirates": {
                "train": "SingleDataLoader(pirates_train.bin, len=347)",
                "test": "SingleDataLoader(pirates_test.bin, len=39)"
            },
            "riddles": {
                "train": "SingleDataLoader(riddles_train.bin, len=344)",
                "test": "SingleDataLoader(riddles_test.bin, len=38)"
            },
            "robots-and-technology": {
                "train": "SingleDataLoader(robots-and-technology_train.bin, len=347)",
                "test": "SingleDataLoader(robots-and-technology_test.bin, len=39)"
            },
            "royal-kingdoms": {
                "train": "SingleDataLoader(royal-kingdoms_train.bin, len=347)",
                "test": "SingleDataLoader(royal-kingdoms_test.bin, len=40)"
            },
            "school-life": {
                "train": "SingleDataLoader(school-life_train.bin, len=338)",
                "test": "SingleDataLoader(school-life_test.bin, len=38)"
            },
            "seasonal-changes": {
                "train": "SingleDataLoader(seasonal-changes_train.bin, len=342)",
                "test": "SingleDataLoader(seasonal-changes_test.bin, len=38)"
            },
            "secret-societies": {
                "train": "SingleDataLoader(secret-societies_train.bin, len=347)",
                "test": "SingleDataLoader(secret-societies_test.bin, len=38)"
            },
            "shape-shifting": {
                "train": "SingleDataLoader(shape-shifting_train.bin, len=344)",
                "test": "SingleDataLoader(shape-shifting_test.bin, len=38)"
            },
            "sibling-rivalry": {
                "train": "SingleDataLoader(sibling-rivalry_train.bin, len=347)",
                "test": "SingleDataLoader(sibling-rivalry_test.bin, len=39)"
            },
            "snowy-adventures": {
                "train": "SingleDataLoader(snowy-adventures_train.bin, len=347)",
                "test": "SingleDataLoader(snowy-adventures_test.bin, len=39)"
            },
            "space-exploration": {
                "train": "SingleDataLoader(space-exploration_train.bin, len=345)",
                "test": "SingleDataLoader(space-exploration_test.bin, len=38)"
            },
            "sports": {
                "train": "SingleDataLoader(sports_train.bin, len=340)",
                "test": "SingleDataLoader(sports_test.bin, len=37)"
            },
            "subterranean-worlds": {
                "train": "SingleDataLoader(subterranean-worlds_train.bin, len=347)",
                "test": "SingleDataLoader(subterranean-worlds_test.bin, len=37)"
            },
            "superheroes": {
                "train": "SingleDataLoader(superheroes_train.bin, len=345)",
                "test": "SingleDataLoader(superheroes_test.bin, len=38)"
            },
            "talking-animals": {
                "train": "SingleDataLoader(talking-animals_train.bin, len=347)",
                "test": "SingleDataLoader(talking-animals_test.bin, len=37)"
            },
            "the-arts": {
                "train": "SingleDataLoader(the-arts_train.bin, len=345)",
                "test": "SingleDataLoader(the-arts_test.bin, len=38)"
            },
            "the-sky": {
                "train": "SingleDataLoader(the-sky_train.bin, len=342)",
                "test": "SingleDataLoader(the-sky_test.bin, len=38)"
            },
            "time-travel": {
                "train": "SingleDataLoader(time-travel_train.bin, len=347)",
                "test": "SingleDataLoader(time-travel_test.bin, len=37)"
            },
            "treasure-hunts": {
                "train": "SingleDataLoader(treasure-hunts_train.bin, len=330)",
                "test": "SingleDataLoader(treasure-hunts_test.bin, len=35)"
            },
            "undercover-missions": {
                "train": "SingleDataLoader(undercover-missions_train.bin, len=347)",
                "test": "SingleDataLoader(undercover-missions_test.bin, len=40)"
            },
            "underwater-adventures": {
                "train": "SingleDataLoader(underwater-adventures_train.bin, len=339)",
                "test": "SingleDataLoader(underwater-adventures_test.bin, len=38)"
            },
            "unusual-vehicles": {
                "train": "SingleDataLoader(unusual-vehicles_train.bin, len=347)",
                "test": "SingleDataLoader(unusual-vehicles_test.bin, len=39)"
            },
            "virtual-worlds": {
                "train": "SingleDataLoader(virtual-worlds_train.bin, len=346)",
                "test": "SingleDataLoader(virtual-worlds_test.bin, len=37)"
            },
            "core": {
                "train": "InterleavedDataLoader(len=15143)",
                "test": "InterleavedDataLoader(len=1677)"
            },
            "aux": {
                "train": "InterleavedDataLoader(len=1401)",
                "test": "InterleavedDataLoader(len=155)"
            },
            "all": {
                "train": "InterleavedDataLoader(len=16544)",
                "test": "InterleavedDataLoader(len=1832)"
            }
        },
        "res_root": "/workspace-vast/ethanr/gradient-routing/experiments/AGI-1699-New-Dataset-Runs/results/optimize/maxent_stories/seed_2/core_bygone-eras",
        "experiment_id": "bo_trial_029",
        "s3_bucket": "ae-gradient-routing-results",
        "s3_prefix": "optimize/maxent_stories/seed_2/core_bygone-eras"
    },
    "label_prc": 1.0
}
[GPU 0] [02:34:20] [INFO] Loader a-deadline-or-time-limit train: 352, test: 40
[GPU 0] [02:34:20] [INFO] Loader alien-encounters train: 345, test: 38
[GPU 0] [02:34:20] [INFO] Loader bygone-eras train: 352, test: 39
[GPU 0] [02:34:20] [INFO] Loader cultural-traditions train: 352, test: 38
[GPU 0] [02:34:20] [INFO] Loader dinosaurs train: 337, test: 38
[GPU 0] [02:34:20] [INFO] Loader dream-worlds train: 339, test: 37
[GPU 0] [02:34:20] [INFO] Loader enchanted-forests train: 347, test: 38
[GPU 0] [02:34:20] [INFO] Loader fairy-tales train: 344, test: 37
[GPU 0] [02:34:20] [INFO] Loader fantasy-worlds train: 347, test: 39
[GPU 0] [02:34:20] [INFO] Loader gardens train: 346, test: 37
[GPU 0] [02:34:20] [INFO] Loader giant-creatures train: 347, test: 37
[GPU 0] [02:34:20] [INFO] Loader haunted-places train: 347, test: 41
[GPU 0] [02:34:20] [INFO] Loader hidden-treasures train: 347, test: 39
[GPU 0] [02:34:20] [INFO] Loader holidays train: 347, test: 38
[GPU 0] [02:34:20] [INFO] Loader invisibility train: 345, test: 37
[GPU 0] [02:34:20] [INFO] Loader island-adventures train: 347, test: 39
[GPU 0] [02:34:20] [INFO] Loader living-objects train: 336, test: 38
[GPU 0] [02:34:20] [INFO] Loader lost-cities train: 347, test: 40
[GPU 0] [02:34:20] [INFO] Loader lost-civilizations train: 347, test: 41
[GPU 0] [02:34:20] [INFO] Loader magical-lands train: 347, test: 38
[GPU 0] [02:34:20] [INFO] Loader magical-objects train: 345, test: 37
[GPU 0] [02:34:20] [INFO] Loader miniature-worlds train: 335, test: 37
[GPU 0] [02:34:20] [INFO] Loader mysterious-maps train: 339, test: 38
[GPU 0] [02:34:20] [INFO] Loader mystical-creatures train: 347, test: 38
[GPU 0] [02:34:20] [INFO] Loader outer-space train: 343, test: 38
[GPU 0] [02:34:20] [INFO] Loader pirates train: 347, test: 39
[GPU 0] [02:34:20] [INFO] Loader riddles train: 344, test: 38
[GPU 0] [02:34:20] [INFO] Loader robots-and-technology train: 347, test: 39
[GPU 0] [02:34:20] [INFO] Loader royal-kingdoms train: 347, test: 40
[GPU 0] [02:34:20] [INFO] Loader school-life train: 338, test: 38
[GPU 0] [02:34:20] [INFO] Loader seasonal-changes train: 342, test: 38
[GPU 0] [02:34:20] [INFO] Loader secret-societies train: 347, test: 38
[GPU 0] [02:34:20] [INFO] Loader shape-shifting train: 344, test: 38
[GPU 0] [02:34:20] [INFO] Loader sibling-rivalry train: 347, test: 39
[GPU 0] [02:34:20] [INFO] Loader snowy-adventures train: 347, test: 39
[GPU 0] [02:34:20] [INFO] Loader space-exploration train: 345, test: 38
[GPU 0] [02:34:20] [INFO] Loader sports train: 340, test: 37
[GPU 0] [02:34:20] [INFO] Loader subterranean-worlds train: 347, test: 37
[GPU 0] [02:34:20] [INFO] Loader superheroes train: 345, test: 38
[GPU 0] [02:34:20] [INFO] Loader talking-animals train: 347, test: 37
[GPU 0] [02:34:20] [INFO] Loader the-arts train: 345, test: 38
[GPU 0] [02:34:20] [INFO] Loader the-sky train: 342, test: 38
[GPU 0] [02:34:20] [INFO] Loader time-travel train: 347, test: 37
[GPU 0] [02:34:20] [INFO] Loader treasure-hunts train: 330, test: 35
[GPU 0] [02:34:20] [INFO] Loader undercover-missions train: 347, test: 40
[GPU 0] [02:34:20] [INFO] Loader underwater-adventures train: 339, test: 38
[GPU 0] [02:34:20] [INFO] Loader unusual-vehicles train: 347, test: 39
[GPU 0] [02:34:20] [INFO] Loader virtual-worlds train: 346, test: 37
[GPU 0] [02:34:20] [INFO] Loader core train: 15143, test: 1677
[GPU 0] [02:34:20] [INFO] Loader aux train: 1401, test: 155
[GPU 0] [02:34:20] [INFO] Loader all train: 16544, test: 1832
[GPU 0] [02:34:20] [INFO] Skipping completed stage baseline @ /workspace-vast/ethanr/gradient-routing/experiments/AGI-1699-New-Dataset-Runs/results/optimize/maxent_stories/seed_2/core_bygone-eras/bo_trial_029/baseline
[GPU 0] [02:34:20] [INFO] Loading baseline model from /workspace-vast/ethanr/gradient-routing/experiments/AGI-1699-New-Dataset-Runs/results/optimize/maxent_stories/seed_2/core_bygone-eras/bo_trial_029/baseline/checkpoint.pth for downstream stages
[GPU 0] [02:34:21] [INFO] Initialized BaseTransformer with 26,257,920 total parameters
[GPU 0] [02:34:21] [INFO] Compiling BaseTransformer with torch.compile...
[GPU 0] [02:34:21] [INFO] torch.compile done
[GPU 0] [02:34:21] [INFO] Stage [maxent] start: {"name": "maxent", "num_checkpoints": -1, "lr": 0.00046706794042406956, "res_dir": "/workspace-vast/ethanr/gradient-routing/experiments/AGI-1699-New-Dataset-Runs/results/optimize/maxent_stories/seed_2/core_bygone-eras/bo_trial_029/maxent", "acc_mode": "heterogeneous", "do_eval": true, "do_sample": false, "num_train_evals": 0, "do_elicit": false, "elicit_eval_prc": 0.5, "elicit_num_evals": 100, "retain_targets": [["core", "bygone-eras"]], "alpha_retain": 33.51580371966202, "steps": 2000, "early_stop_thresh": 2.0}
[GPU 0] [02:34:21] [INFO] Using stage-level retain_targets override (1 targets)
[GPU 0] [02:34:21] [INFO] UNLEARNING - maxent START
[GPU 0] [02:34:21] [INFO] Unlearning: retaining ['bygone-eras', 'core'], removing ['a-deadline-or-time-limit', 'alien-encounters', 'cultural-traditions']
[GPU 0] [02:34:21] [INFO] ---- Begin MaxEnt | Data Labels: ['a-deadline-or-time-limit', 'alien-encounters', 'cultural-traditions'] ----
[GPU 0] [02:34:21] [DEBUG] alpha_retain: 33.51580371966202, lr: 0.00046706794042406956, steps: 2000, early_stop_thresh: 2.0
[GPU 0] [02:34:21] [DEBUG] retain_labels: ['bygone-eras', 'dinosaurs', 'dream-worlds', 'enchanted-forests', 'fairy-tales', 'fantasy-worlds', 'gardens', 'giant-creatures', 'haunted-places', 'hidden-treasures', 'holidays', 'invisibility', 'island-adventures', 'living-objects', 'lost-cities', 'lost-civilizations', 'magical-lands', 'magical-objects', 'miniature-worlds', 'mysterious-maps', 'mystical-creatures', 'outer-space', 'pirates', 'riddles', 'robots-and-technology', 'royal-kingdoms', 'school-life', 'seasonal-changes', 'secret-societies', 'shape-shifting', 'sibling-rivalry', 'snowy-adventures', 'space-exploration', 'sports', 'subterranean-worlds', 'superheroes', 'talking-animals', 'the-arts', 'the-sky', 'time-travel', 'treasure-hunts', 'undercover-missions', 'underwater-adventures', 'unusual-vehicles', 'virtual-worlds']
[GPU 0] [02:36:05] [INFO] Finished MaxEnt — Avg KL→U: 6.426, Avg Retain CE: 1.671
[GPU 0] [02:36:05] [INFO] ---- Begin Eval ----
[GPU 0] [02:36:05] [INFO] Data: core | Experts: None
[GPU 0] [02:36:40] [INFO] loss: 1.67184711
[GPU 0] [02:36:40] [INFO] Data: a-deadline-or-time-limit | Experts: None
[GPU 0] [02:36:41] [INFO] loss: 1.81953120
[GPU 0] [02:36:41] [INFO] Data: alien-encounters | Experts: None
[GPU 0] [02:36:41] [INFO] loss: 1.76356912
[GPU 0] [02:36:41] [INFO] Data: bygone-eras | Experts: None
[GPU 0] [02:36:42] [INFO] loss: 1.69270837
[GPU 0] [02:36:42] [INFO] Data: cultural-traditions | Experts: None
[GPU 0] [02:36:42] [INFO] loss: 1.74074841
[GPU 0] [02:36:45] [INFO] ----------------------------------------
[GPU 0] [02:36:45] [INFO] Finished. See /workspace-vast/ethanr/gradient-routing/experiments/AGI-1699-New-Dataset-Runs/results/optimize/maxent_stories/seed_2/core_bygone-eras/bo_trial_029
