[GPU 0] [03:50:19] [INFO] Number of GPUs: 8
[GPU 0] [03:50:21] [INFO] Tokenizer vocabulary: 50257
[GPU 0] [03:50:21] [INFO] Set model vocab size to nearest multiple of 64 of tokenizer size: 50304
[GPU 0] [03:50:22] [INFO] target effective batch size: 122, actual effective batch size: 128, micro batch size: 16, accumulation steps: 1, num gpus: 8
[GPU 0] [03:50:22] [INFO] core total number of tokens: 66749057569
[GPU 0] [03:50:22] [INFO] Baseline model has 103,201,984 parameters
[GPU 0] [03:50:22] [INFO] core: chinchilla optimal tokens: 2,064,039,680, requested proportion: 1.0000, requested number of tokens: 2,064,039,680.0, 
[GPU 0] [03:50:22] [INFO] aux total number of tokens: 4835776549
[GPU 0] [03:50:22] [INFO] Baseline model has 103,201,984 parameters
[GPU 0] [03:50:22] [INFO] aux: chinchilla optimal tokens: 2,064,039,680, requested proportion: 0.0100, requested number of tokens: 20,640,396.8, 
[GPU 0] [03:50:22] [DEBUG] Saved config to /workspace/gradient-routing/experiments/AGI-1699-New-Dataset-Runs/results/scaling/realistic/base/100M/seed_1/20260422035015806868/config.json
[GPU 0] [03:50:22] [DEBUG] {
    "stages": [
        {
            "name": "baseline",
            "num_checkpoints": -1,
            "lr": 0.0010740633599129793,
            "res_dir": "/workspace/gradient-routing/experiments/AGI-1699-New-Dataset-Runs/results/scaling/realistic/base/100M/seed_1/20260422035015806868/baseline",
            "do_eval": true,
            "do_sample": false,
            "num_train_evals": 100,
            "do_elicit": true,
            "elicit_eval_prc": 0.5,
            "elicit_num_evals": 100
        }
    ],
    "model": {
        "arch": "base",
        "tokenizer": "GPT2Tokenizer(name_or_path='EleutherAI/gpt-neo-125M', vocab_size=50257, model_max_length=2048, padding_side='right', truncation_side='right', special_tokens={'bos_token': '<|endoftext|>', 'eos_token': '<|endoftext|>', 'unk_token': '<|endoftext|>'}, added_tokens_decoder={\n\t50256: AddedToken(\"<|endoftext|>\", rstrip=False, lstrip=False, single_word=False, normalized=True, special=True),\n}\n)",
        "ctx_len": 1024,
        "vocab_size": 50304,
        "num_layers": 9,
        "num_heads": 8,
        "num_key_value": 2,
        "attn_bias": true,
        "eos_token_id": 50256,
        "embed_dim": 640,
        "mlp_dim": 2560
    },
    "data": {
        "dirs": [
            "/workspace/gradient-routing/experiments/AGI-1699-New-Dataset-Runs/src/data/fineweb",
            "/workspace/gradient-routing/experiments/AGI-1699-New-Dataset-Runs/src/data/code",
            "/workspace/gradient-routing/experiments/AGI-1699-New-Dataset-Runs/src/data/papers"
        ],
        "core": {
            "labels": [
                "fineweb",
                "code-other",
                "papers-other"
            ],
            "method": "optimal",
            "limit": 1.0,
            "dist": {
                "fineweb": 0.84,
                "code-other": 0.15,
                "papers-other": 0.01
            },
            "num_tok": 2064039680.0
        },
        "aux": {
            "labels": [
                "code-lisp",
                "papers-biology",
                "papers-nuclear",
                "papers-cyber"
            ],
            "method": "optimal",
            "limit": 0.01,
            "dist": {
                "code-lisp": 0.25,
                "papers-biology": 0.25,
                "papers-nuclear": 0.25,
                "papers-cyber": 0.25
            },
            "num_tok": 20640396.8
        }
    },
    "run": {
        "target_effective_batch_size": 122,
        "effective_batch_size": 128,
        "micro_batch_size": 16,
        "accumulation_steps": 1,
        "max_num_test_sequences": 10000,
        "eval_all_labels": false,
        "micro_batch_anchors": [
            [
                400000000.0,
                23
            ],
            [
                5000000000.0,
                2
            ]
        ],
        "epochs": 1,
        "adam_betas": [
            0.9,
            0.95
        ],
        "warmup_prc": 0.02,
        "decay_prc": 0.1,
        "seed": 1,
        "compile": true,
        "is_ddp": true,
        "optimize_routed": true,
        "cleanup_distributed": false,
        "log_level": "DEBUG",
        "num_gpus": 8,
        "process_id": 0,
        "num_base_params": 103201984,
        "device": "cuda",
        "logger": "<Logger training_20260422035015806868 (DEBUG)>",
        "labels": [
            "core",
            "code-lisp",
            "papers-biology",
            "papers-cyber",
            "papers-nuclear"
        ],
        "loaders": {
            "code-lisp": {
                "train": "SingleDataLoader(code-lisp_train_001.bin, len=39)",
                "test": "SingleDataLoader(code-lisp_test_001.bin, len=39)"
            },
            "code-other": {
                "train": "SingleDataLoader(code-other_train_010.bin, len=2362)",
                "test": "SingleDataLoader(code-other_test_010.bin, len=79)"
            },
            "fineweb": {
                "train": "InterleavedDataLoader(len=13227)",
                "test": "InterleavedDataLoader(len=79)"
            },
            "papers-biology": {
                "train": "SingleDataLoader(papers-biology_train.bin, len=39)",
                "test": "SingleDataLoader(papers-biology_test.bin, len=39)"
            },
            "papers-cyber": {
                "train": "SingleDataLoader(papers-cyber_train.bin, len=39)",
                "test": "SingleDataLoader(papers-cyber_test.bin, len=39)"
            },
            "papers-nuclear": {
                "train": "SingleDataLoader(papers-nuclear_train.bin, len=39)",
                "test": "SingleDataLoader(papers-nuclear_test.bin, len=39)"
            },
            "papers-other": {
                "train": "SingleDataLoader(papers-other_train.bin, len=157)",
                "test": "SingleDataLoader(papers-other_test.bin, len=79)"
            },
            "core": {
                "train": "InterleavedDataLoader(len=15746)",
                "test": "InterleavedDataLoader(len=237)"
            },
            "aux": {
                "train": "InterleavedDataLoader(len=156)",
                "test": "InterleavedDataLoader(len=156)"
            },
            "all": {
                "train": "InterleavedDataLoader(len=15902)",
                "test": "InterleavedDataLoader(len=393)"
            }
        },
        "res_root": "/workspace/gradient-routing/experiments/AGI-1699-New-Dataset-Runs/results/scaling/realistic/base/100M/seed_1",
        "experiment_id": "20260422035015806868",
        "s3_bucket": "ae-gradient-routing-results",
        "s3_prefix": "scaling/realistic/base/100M/seed_1"
    }
}
[GPU 0] [03:50:22] [INFO] Loader code-lisp train: 39, test: 39
[GPU 0] [03:50:22] [INFO] Loader code-other train: 2362, test: 79
[GPU 0] [03:50:22] [INFO] Loader fineweb train: 13227, test: 79
[GPU 0] [03:50:22] [INFO] Loader papers-biology train: 39, test: 39
[GPU 0] [03:50:22] [INFO] Loader papers-cyber train: 39, test: 39
[GPU 0] [03:50:22] [INFO] Loader papers-nuclear train: 39, test: 39
[GPU 0] [03:50:22] [INFO] Loader papers-other train: 157, test: 79
[GPU 0] [03:50:22] [INFO] Loader core train: 15746, test: 237
[GPU 0] [03:50:22] [INFO] Loader aux train: 156, test: 156
[GPU 0] [03:50:22] [INFO] Loader all train: 15902, test: 393
[GPU 0] [03:50:22] [INFO] Stage [baseline] start: {"name": "baseline", "num_checkpoints": -1, "lr": 0.0010740633599129793, "res_dir": "/workspace/gradient-routing/experiments/AGI-1699-New-Dataset-Runs/results/scaling/realistic/base/100M/seed_1/20260422035015806868/baseline", "do_eval": true, "do_sample": false, "num_train_evals": 100, "do_elicit": true, "elicit_eval_prc": 0.5, "elicit_num_evals": 100}
[GPU 0] [03:50:22] [INFO] BASELINE START
[GPU 0] [03:50:23] [INFO] Initialized BaseTransformer with 103,201,984 total parameters
[GPU 0] [03:50:23] [INFO] Compiling BaseTransformer with torch.compile...
[GPU 0] [03:50:23] [INFO] torch.compile done
[GPU 0] [03:50:24] [WARNING] restore_partial_state: no checkpoint found at /workspace/gradient-routing/experiments/AGI-1699-New-Dataset-Runs/results/scaling/realistic/base/100M/seed_1/20260422035015806868/baseline
[GPU 0] [03:50:24] [INFO] ---- Begin Train | Data Labels: ['all'] ----
[GPU 0] [03:50:24] [INFO] Batch [all] count: 15902
[GPU 0] [03:50:24] [INFO] warmup_steps: 318
[GPU 0] [03:50:24] [INFO] constant_steps: 13994
[GPU 0] [03:50:24] [INFO] decay_steps: 1590
[GPU 0] [03:50:24] [INFO] LR Scheduler: Warmup Start
[GPU 0] [03:51:19] [INFO] Step: 1, LR: 3.39e-06
[GPU 0] [03:51:19] [INFO] Train Loss: CORE: 11.00 CODE-LISP: nan PAPERS-BIOLOGY: nan PAPERS-CYBER: nan PAPERS-NUCLEAR: nan 
[GPU 0] [03:51:19] [INFO] Val Loss: CODE-LISP: nan CODE-OTHER: nan FINEWEB: nan PAPERS-BIOLOGY: nan PAPERS-CYBER: nan PAPERS-NUCLEAR: nan PAPERS-OTHER: nan CORE: nan AUX: nan ALL: nan 
[GPU 0] [03:52:00] [INFO] LR Scheduler: Constant Start
[GPU 0] [03:52:56] [INFO] Step: 1000, LR: 1.07e-03
[GPU 0] [03:52:56] [INFO] Train Loss: CORE: 3.34 CODE-LISP: 3.84 PAPERS-BIOLOGY: 4.95 PAPERS-CYBER: 5.62 PAPERS-NUCLEAR: 5.38 
[GPU 0] [03:52:56] [INFO] Val Loss: CODE-LISP: 2.73 CODE-OTHER: nan FINEWEB: nan PAPERS-BIOLOGY: 4.31 PAPERS-CYBER: 4.47 PAPERS-NUCLEAR: 4.39 PAPERS-OTHER: nan CORE: 3.41 AUX: nan ALL: nan 
[GPU 0] [03:54:13] [INFO] Step: 2000, LR: 1.07e-03
[GPU 0] [03:54:13] [INFO] Train Loss: CORE: 3.92 CODE-LISP: 2.61 PAPERS-BIOLOGY: 4.37 PAPERS-CYBER: 4.56 PAPERS-NUCLEAR: 4.92 
[GPU 0] [03:54:13] [INFO] Val Loss: CODE-LISP: 2.08 CODE-OTHER: nan FINEWEB: nan PAPERS-BIOLOGY: 3.84 PAPERS-CYBER: 4.05 PAPERS-NUCLEAR: 4.06 PAPERS-OTHER: nan CORE: 3.17 AUX: nan ALL: nan 
[GPU 0] [03:55:31] [INFO] Step: 3000, LR: 1.07e-03
[GPU 0] [03:55:31] [INFO] Train Loss: CORE: 3.54 CODE-LISP: 2.31 PAPERS-BIOLOGY: 4.17 PAPERS-CYBER: 4.29 PAPERS-NUCLEAR: 4.83 
[GPU 0] [03:55:31] [INFO] Val Loss: CODE-LISP: 1.81 CODE-OTHER: nan FINEWEB: nan PAPERS-BIOLOGY: 3.58 PAPERS-CYBER: 3.81 PAPERS-NUCLEAR: 3.85 PAPERS-OTHER: nan CORE: 3.06 AUX: nan ALL: nan 
[GPU 0] [03:56:52] [INFO] Step: 4000, LR: 1.07e-03
[GPU 0] [03:56:52] [INFO] Train Loss: CORE: 3.74 CODE-LISP: 2.08 PAPERS-BIOLOGY: 3.97 PAPERS-CYBER: 4.17 PAPERS-NUCLEAR: 4.65 
[GPU 0] [03:56:52] [INFO] Val Loss: CODE-LISP: 1.82 CODE-OTHER: nan FINEWEB: nan PAPERS-BIOLOGY: 3.55 PAPERS-CYBER: 3.72 PAPERS-NUCLEAR: 3.79 PAPERS-OTHER: nan CORE: 2.85 AUX: nan ALL: nan 
[GPU 0] [03:58:09] [INFO] Step: 5000, LR: 1.07e-03
[GPU 0] [03:58:09] [INFO] Train Loss: CORE: 2.87 CODE-LISP: 2.00 PAPERS-BIOLOGY: 3.60 PAPERS-CYBER: 4.13 PAPERS-NUCLEAR: 4.19 
[GPU 0] [03:58:09] [INFO] Val Loss: CODE-LISP: 1.82 CODE-OTHER: nan FINEWEB: nan PAPERS-BIOLOGY: 3.46 PAPERS-CYBER: 3.72 PAPERS-NUCLEAR: 3.77 PAPERS-OTHER: nan CORE: 2.78 AUX: nan ALL: nan 
[GPU 0] [03:59:26] [INFO] Step: 6000, LR: 1.07e-03
[GPU 0] [03:59:26] [INFO] Train Loss: CORE: 2.28 CODE-LISP: 1.98 PAPERS-BIOLOGY: 3.46 PAPERS-CYBER: 3.74 PAPERS-NUCLEAR: 4.10 
[GPU 0] [03:59:26] [INFO] Val Loss: CODE-LISP: 1.77 CODE-OTHER: nan FINEWEB: nan PAPERS-BIOLOGY: 3.37 PAPERS-CYBER: 3.65 PAPERS-NUCLEAR: 3.68 PAPERS-OTHER: nan CORE: 2.83 AUX: nan ALL: nan 
[GPU 0] [04:00:47] [INFO] Step: 7000, LR: 1.07e-03
[GPU 0] [04:00:47] [INFO] Train Loss: CORE: 2.24 CODE-LISP: 1.98 PAPERS-BIOLOGY: 3.46 PAPERS-CYBER: 3.70 PAPERS-NUCLEAR: 3.99 
[GPU 0] [04:00:47] [INFO] Val Loss: CODE-LISP: 1.76 CODE-OTHER: nan FINEWEB: nan PAPERS-BIOLOGY: 3.35 PAPERS-CYBER: 3.58 PAPERS-NUCLEAR: 3.64 PAPERS-OTHER: nan CORE: 2.59 AUX: nan ALL: nan 
[GPU 0] [04:02:04] [INFO] Step: 8000, LR: 1.07e-03
[GPU 0] [04:02:04] [INFO] Train Loss: CORE: 3.04 CODE-LISP: 1.85 PAPERS-BIOLOGY: 3.45 PAPERS-CYBER: 3.62 PAPERS-NUCLEAR: 3.82 
[GPU 0] [04:02:04] [INFO] Val Loss: CODE-LISP: 1.94 CODE-OTHER: nan FINEWEB: nan PAPERS-BIOLOGY: 3.32 PAPERS-CYBER: 3.56 PAPERS-NUCLEAR: 3.60 PAPERS-OTHER: nan CORE: 2.57 AUX: nan ALL: nan 
[GPU 0] [04:03:21] [INFO] Step: 9000, LR: 1.07e-03
[GPU 0] [04:03:21] [INFO] Train Loss: CORE: 2.78 CODE-LISP: 1.75 PAPERS-BIOLOGY: 3.45 PAPERS-CYBER: 3.63 PAPERS-NUCLEAR: 3.75 
[GPU 0] [04:03:21] [INFO] Val Loss: CODE-LISP: 1.61 CODE-OTHER: nan FINEWEB: nan PAPERS-BIOLOGY: 3.33 PAPERS-CYBER: 3.59 PAPERS-NUCLEAR: 3.64 PAPERS-OTHER: nan CORE: 2.68 AUX: nan ALL: nan 
[GPU 0] [04:04:38] [INFO] Step: 10000, LR: 1.07e-03
[GPU 0] [04:04:38] [INFO] Train Loss: CORE: 2.79 CODE-LISP: 1.67 PAPERS-BIOLOGY: 3.39 PAPERS-CYBER: 3.60 PAPERS-NUCLEAR: 3.73 
[GPU 0] [04:04:38] [INFO] Val Loss: CODE-LISP: 1.54 CODE-OTHER: nan FINEWEB: nan PAPERS-BIOLOGY: 3.27 PAPERS-CYBER: 3.52 PAPERS-NUCLEAR: 3.57 PAPERS-OTHER: nan CORE: 2.65 AUX: nan ALL: nan 
[GPU 0] [04:05:59] [INFO] Step: 11000, LR: 1.07e-03
[GPU 0] [04:05:59] [INFO] Train Loss: CORE: 3.22 CODE-LISP: 1.61 PAPERS-BIOLOGY: 3.32 PAPERS-CYBER: 3.58 PAPERS-NUCLEAR: 3.69 
[GPU 0] [04:05:59] [INFO] Val Loss: CODE-LISP: 1.59 CODE-OTHER: nan FINEWEB: nan PAPERS-BIOLOGY: 3.23 PAPERS-CYBER: 3.51 PAPERS-NUCLEAR: 3.54 PAPERS-OTHER: nan CORE: 2.49 AUX: nan ALL: nan 
[GPU 0] [04:07:16] [INFO] Step: 12000, LR: 1.07e-03
[GPU 0] [04:07:16] [INFO] Train Loss: CORE: 3.22 CODE-LISP: 1.52 PAPERS-BIOLOGY: 3.30 PAPERS-CYBER: 3.54 PAPERS-NUCLEAR: 3.62 
[GPU 0] [04:07:16] [INFO] Val Loss: CODE-LISP: 1.52 CODE-OTHER: nan FINEWEB: nan PAPERS-BIOLOGY: 3.20 PAPERS-CYBER: 3.46 PAPERS-NUCLEAR: 3.51 PAPERS-OTHER: nan CORE: 2.51 AUX: nan ALL: nan 
[GPU 0] [04:08:33] [INFO] Step: 13000, LR: 1.07e-03
[GPU 0] [04:08:33] [INFO] Train Loss: CORE: 3.30 CODE-LISP: 1.46 PAPERS-BIOLOGY: 3.26 PAPERS-CYBER: 3.52 PAPERS-NUCLEAR: 3.60 
[GPU 0] [04:08:33] [INFO] Val Loss: CODE-LISP: 1.79 CODE-OTHER: nan FINEWEB: nan PAPERS-BIOLOGY: 3.20 PAPERS-CYBER: 3.48 PAPERS-NUCLEAR: 3.52 PAPERS-OTHER: nan CORE: 2.71 AUX: nan ALL: nan 
[GPU 0] [04:09:55] [INFO] Step: 14000, LR: 1.07e-03
[GPU 0] [04:09:55] [INFO] Train Loss: CORE: 2.90 CODE-LISP: 1.35 PAPERS-BIOLOGY: 3.18 PAPERS-CYBER: 3.48 PAPERS-NUCLEAR: 3.64 
[GPU 0] [04:09:55] [INFO] Val Loss: CODE-LISP: 1.54 CODE-OTHER: nan FINEWEB: nan PAPERS-BIOLOGY: 3.15 PAPERS-CYBER: 3.50 PAPERS-NUCLEAR: 3.50 PAPERS-OTHER: nan CORE: 2.50 AUX: nan ALL: nan 
[GPU 0] [04:10:19] [INFO] LR Scheduler: Decay Start
[GPU 0] [04:11:12] [INFO] Step: 15000, LR: 6.09e-04
[GPU 0] [04:11:12] [INFO] Train Loss: CORE: 2.88 CODE-LISP: 1.31 PAPERS-BIOLOGY: 3.13 PAPERS-CYBER: 3.50 PAPERS-NUCLEAR: 3.64 
[GPU 0] [04:11:12] [INFO] Val Loss: CODE-LISP: 1.83 CODE-OTHER: nan FINEWEB: nan PAPERS-BIOLOGY: 3.09 PAPERS-CYBER: 3.39 PAPERS-NUCLEAR: 3.45 PAPERS-OTHER: nan CORE: 2.69 AUX: nan ALL: nan 
[GPU 0] [04:12:24] [INFO] Step: 15902, LR: 1.00e-08
[GPU 0] [04:12:24] [INFO] Train Loss: CORE: 3.05 CODE-LISP: 1.25 PAPERS-BIOLOGY: 3.09 PAPERS-CYBER: 3.48 PAPERS-NUCLEAR: 3.57 
[GPU 0] [04:12:24] [INFO] Val Loss: CODE-LISP: 1.28 CODE-OTHER: nan FINEWEB: nan PAPERS-BIOLOGY: 3.04 PAPERS-CYBER: 3.34 PAPERS-NUCLEAR: 3.39 PAPERS-OTHER: nan CORE: 2.18 AUX: nan ALL: nan 
[GPU 0] [04:12:43] [INFO] ---- Begin Eval ----
[GPU 0] [04:12:43] [INFO] Data: core | Experts: None
[GPU 0] [04:12:48] [INFO] loss: 2.41364408
[GPU 0] [04:12:48] [INFO] Data: code-lisp | Experts: None
[GPU 0] [04:12:49] [INFO] loss: 1.28376651
[GPU 0] [04:12:49] [INFO] Data: papers-biology | Experts: None
[GPU 0] [04:12:50] [INFO] loss: 3.04136610
[GPU 0] [04:12:50] [INFO] Data: papers-nuclear | Experts: None
[GPU 0] [04:12:51] [INFO] loss: 3.38892221
[GPU 0] [04:12:51] [INFO] Data: papers-cyber | Experts: None
[GPU 0] [04:12:52] [INFO] loss: 3.33683896
[GPU 0] [04:12:53] [INFO] BASELINE - ADVERSARIAL FT START
[GPU 0] [04:12:54] [INFO] ---- Begin FT | Experts: None | Data: ['code-lisp'] ----
[GPU 0] [04:12:54] [DEBUG] num_seq: 512, num_rounds: 200, patience: 10
[GPU 0] [04:12:54] [DEBUG] local_x: torch.Size([64, 1024]), local_y: torch.Size([64, 1024]), num_steps: 4, per_gpu: 64, mbs_size: 16
[GPU 0] [04:13:45] [INFO] New best validation loss: 1.2933 @ step 0
[GPU 0] [04:13:48] [INFO] New best validation loss: 1.2438 @ step 1
[GPU 0] [04:13:52] [INFO] New best validation loss: 1.2296 @ step 2
[GPU 0] [04:13:55] [INFO] New best validation loss: 1.2208 @ step 3
[GPU 0] [04:13:58] [INFO] New best validation loss: 1.2141 @ step 4
[GPU 0] [04:14:01] [INFO] New best validation loss: 1.2094 @ step 5
[GPU 0] [04:14:04] [INFO] New best validation loss: 1.2049 @ step 6
[GPU 0] [04:14:07] [INFO] New best validation loss: 1.2001 @ step 7
[GPU 0] [04:14:10] [INFO] New best validation loss: 1.1954 @ step 8
[GPU 0] [04:14:13] [INFO] New best validation loss: 1.1907 @ step 9
[GPU 0] [04:14:16] [INFO] New best validation loss: 1.1862 @ step 10
[GPU 0] [04:14:19] [INFO] New best validation loss: 1.1820 @ step 11
[GPU 0] [04:14:22] [INFO] New best validation loss: 1.1783 @ step 12
[GPU 0] [04:14:24] [INFO] New best validation loss: 1.1754 @ step 13
[GPU 0] [04:14:28] [INFO] New best validation loss: 1.1741 @ step 14
[GPU 0] [04:14:30] [INFO] New best validation loss: 1.1727 @ step 15
[GPU 0] [04:14:33] [INFO] New best validation loss: 1.1717 @ step 16
[GPU 0] [04:14:36] [INFO] New best validation loss: 1.1709 @ step 17
[GPU 0] [04:14:39] [INFO] New best validation loss: 1.1704 @ step 18
[GPU 0] [04:15:12] [INFO] Stop FT @ 30: no val improvement for 10 steps
[GPU 0] [04:15:12] [INFO] Wrote stats.jsonl entries at FT step 18 
[GPU 0] [04:15:13] [INFO] ---- Begin FT | Experts: None | Data: ['papers-biology'] ----
[GPU 0] [04:15:13] [DEBUG] num_seq: 512, num_rounds: 200, patience: 10
[GPU 0] [04:15:13] [DEBUG] local_x: torch.Size([64, 1024]), local_y: torch.Size([64, 1024]), num_steps: 4, per_gpu: 64, mbs_size: 16
[GPU 0] [04:15:16] [INFO] New best validation loss: 3.0858 @ step 0
[GPU 0] [04:15:19] [INFO] New best validation loss: 3.0243 @ step 1
[GPU 0] [04:15:25] [INFO] New best validation loss: 3.0210 @ step 3
[GPU 0] [04:15:28] [INFO] New best validation loss: 3.0132 @ step 4
[GPU 0] [04:15:31] [INFO] New best validation loss: 3.0078 @ step 5
[GPU 0] [04:15:34] [INFO] New best validation loss: 3.0055 @ step 6
[GPU 0] [04:15:37] [INFO] New best validation loss: 3.0051 @ step 7
[GPU 0] [04:15:40] [INFO] New best validation loss: 3.0050 @ step 8
[GPU 0] [04:15:43] [INFO] New best validation loss: 3.0046 @ step 9
[GPU 0] [04:15:46] [INFO] New best validation loss: 3.0042 @ step 10
[GPU 0] [04:15:49] [INFO] New best validation loss: 3.0039 @ step 11
[GPU 0] [04:15:52] [INFO] New best validation loss: 3.0035 @ step 12
[GPU 0] [04:15:55] [INFO] New best validation loss: 3.0034 @ step 13
[GPU 0] [04:16:28] [INFO] Stop FT @ 25: no val improvement for 10 steps
[GPU 0] [04:16:28] [INFO] Wrote stats.jsonl entries at FT step 13 
[GPU 0] [04:16:28] [INFO] ---- Begin FT | Experts: None | Data: ['papers-cyber'] ----
[GPU 0] [04:16:28] [DEBUG] num_seq: 512, num_rounds: 200, patience: 10
[GPU 0] [04:16:28] [DEBUG] local_x: torch.Size([64, 1024]), local_y: torch.Size([64, 1024]), num_steps: 4, per_gpu: 64, mbs_size: 16
[GPU 0] [04:16:31] [INFO] New best validation loss: 3.3517 @ step 0
[GPU 0] [04:16:35] [INFO] New best validation loss: 3.3249 @ step 1
[GPU 0] [04:16:37] [INFO] New best validation loss: 3.3150 @ step 2
[GPU 0] [04:16:40] [INFO] New best validation loss: 3.3071 @ step 3
[GPU 0] [04:16:43] [INFO] New best validation loss: 3.3031 @ step 4
[GPU 0] [04:16:46] [INFO] New best validation loss: 3.2993 @ step 5
[GPU 0] [04:16:49] [INFO] New best validation loss: 3.2964 @ step 6
[GPU 0] [04:16:53] [INFO] New best validation loss: 3.2960 @ step 7
[GPU 0] [04:17:26] [INFO] Stop FT @ 19: no val improvement for 10 steps
[GPU 0] [04:17:26] [INFO] Wrote stats.jsonl entries at FT step 7 
[GPU 0] [04:17:26] [INFO] ---- Begin FT | Experts: None | Data: ['papers-nuclear'] ----
[GPU 0] [04:17:26] [DEBUG] num_seq: 512, num_rounds: 200, patience: 10
[GPU 0] [04:17:26] [DEBUG] local_x: torch.Size([64, 1024]), local_y: torch.Size([64, 1024]), num_steps: 4, per_gpu: 64, mbs_size: 16
[GPU 0] [04:17:30] [INFO] New best validation loss: 3.3881 @ step 0
[GPU 0] [04:17:33] [INFO] New best validation loss: 3.3637 @ step 1
[GPU 0] [04:17:36] [INFO] New best validation loss: 3.3552 @ step 2
[GPU 0] [04:17:39] [INFO] New best validation loss: 3.3487 @ step 3
[GPU 0] [04:17:42] [INFO] New best validation loss: 3.3433 @ step 4
[GPU 0] [04:17:45] [INFO] New best validation loss: 3.3389 @ step 5
[GPU 0] [04:17:47] [INFO] New best validation loss: 3.3353 @ step 6
[GPU 0] [04:17:51] [INFO] New best validation loss: 3.3352 @ step 7
[GPU 0] [04:18:24] [INFO] Stop FT @ 19: no val improvement for 10 steps
[GPU 0] [04:18:24] [INFO] Wrote stats.jsonl entries at FT step 7 
[GPU 0] [04:18:27] [INFO] ----------------------------------------
[GPU 0] [04:18:27] [INFO] Finished. See /workspace/gradient-routing/experiments/AGI-1699-New-Dataset-Runs/results/scaling/realistic/base/100M/seed_1/20260422035015806868
