[GPU 0] [13:48:32] [INFO] Git branch: arxiv-codebase, commit: ee664e93914c1fe7d5f204d3f3b76f8c73aae582
[GPU 0] [13:48:32] [INFO] Number of GPUs: 1
[GPU 0] [13:48:33] [INFO] Tokenizer vocabulary: 4096
[GPU 0] [13:48:33] [INFO] Set model vocab size to nearest multiple of 64 of tokenizer size: 4096
[GPU 0] [13:48:34] [INFO] target effective batch size: 128, actual effective batch size: 128, micro batch size: 128, accumulation steps: 1, num gpus: 1
[GPU 0] [13:48:35] [INFO] core total number of tokens: 501664802
[GPU 0] [13:48:35] [INFO] core: 0.8000 x full-dataset 547,853,673 = 438,282,938 (downsample from 501,664,802 available)
[GPU 0] [13:48:35] [INFO] aux total number of tokens: 46188871
[GPU 0] [13:48:35] [INFO] aux: 0.2000 x full-dataset 547,853,673 = 109,570,735 (upsample from 46,188,871 available)
[GPU 0] [13:48:36] [DEBUG] Saved config to /workspace-vast/ethanr/gradient-routing/experiments/arXiv-Codebase/results/auxnum/v3/num_aux_4/seed_1/20260630134823265706/config.json
[GPU 0] [13:48:36] [DEBUG] {
    "stages": [
        {
            "name": "baseline",
            "num_checkpoints": -1,
            "lr": 0.005,
            "res_dir": "/workspace-vast/ethanr/gradient-routing/experiments/arXiv-Codebase/results/auxnum/v3/num_aux_4/seed_1/20260630134823265706/baseline",
            "acc_mode": "heterogeneous",
            "do_eval": true,
            "do_sample": false,
            "num_train_evals": 200,
            "do_elicit": false,
            "elicit_eval_prc": 0.5,
            "elicit_num_evals": 100,
            "retain_targets": null,
            "label_prc": 1.0
        },
        {
            "name": "routed",
            "num_checkpoints": -1,
            "lr": 0.005,
            "res_dir": "/workspace-vast/ethanr/gradient-routing/experiments/arXiv-Codebase/results/auxnum/v3/num_aux_4/seed_1/20260630134823265706/routed",
            "acc_mode": "heterogeneous",
            "do_eval": true,
            "do_sample": false,
            "num_train_evals": 0,
            "do_elicit": true,
            "elicit_eval_prc": 0.5,
            "elicit_num_evals": 100,
            "retain_targets": null,
            "model": {
                "arch": "moe",
                "tokenizer": "TokenizersBackend(name_or_path='SimpleStories/SimpleStories-1.25M', vocab_size=4096, model_max_length=1000000000000000019884624838656, padding_side='right', truncation_side='right', special_tokens={'eos_token': '[EOS]', 'unk_token': '[UNK]'}, added_tokens_decoder={\n\t0: AddedToken(\"[UNK]\", rstrip=False, lstrip=False, single_word=False, normalized=False, special=True),\n\t1: AddedToken(\"[EOS]\", rstrip=False, lstrip=False, single_word=False, normalized=False, special=True),\n}\n)",
                "ctx_len": 256,
                "vocab_size": 4096,
                "num_layers": 8,
                "num_heads": 8,
                "num_key_value": 2,
                "attn_bias": true,
                "eos_token_id": 1,
                "embed_dim": 512,
                "mlp_dim": 2048,
                "core_param_prc": 1.0,
                "aux_param_prc": 0.1
            },
            "eval_arbsub": false,
            "label_prc": 1.0,
            "aux_factor": 1.0,
            "robust_prc": 0.5,
            "aux_route_prc": 0.2,
            "equal_compute": true
        }
    ],
    "model": {
        "arch": "base",
        "tokenizer": "TokenizersBackend(name_or_path='SimpleStories/SimpleStories-1.25M', vocab_size=4096, model_max_length=1000000000000000019884624838656, padding_side='right', truncation_side='right', special_tokens={'eos_token': '[EOS]', 'unk_token': '[UNK]'}, added_tokens_decoder={\n\t0: AddedToken(\"[UNK]\", rstrip=False, lstrip=False, single_word=False, normalized=False, special=True),\n\t1: AddedToken(\"[EOS]\", rstrip=False, lstrip=False, single_word=False, normalized=False, special=True),\n}\n)",
        "ctx_len": 256,
        "vocab_size": 4096,
        "num_layers": 8,
        "num_heads": 8,
        "num_key_value": 2,
        "attn_bias": true,
        "eos_token_id": 1,
        "embed_dim": 512,
        "mlp_dim": 2048
    },
    "data": {
        "dirs": [
            "/workspace-vast/ethanr/gradient-routing/experiments/arXiv-Codebase/src/data/stories"
        ],
        "core": {
            "labels": [
                "dinosaurs",
                "dream-worlds",
                "enchanted-forests",
                "fairy-tales",
                "fantasy-worlds",
                "gardens",
                "giant-creatures",
                "haunted-places",
                "hidden-treasures",
                "holidays",
                "invisibility",
                "island-adventures",
                "living-objects",
                "lost-cities",
                "lost-civilizations",
                "magical-lands",
                "magical-objects",
                "miniature-worlds",
                "mysterious-maps",
                "mystical-creatures",
                "outer-space",
                "pirates",
                "riddles",
                "robots-and-technology",
                "royal-kingdoms",
                "school-life",
                "seasonal-changes",
                "secret-societies",
                "shape-shifting",
                "sibling-rivalry",
                "snowy-adventures",
                "space-exploration",
                "sports",
                "subterranean-worlds",
                "superheroes",
                "talking-animals",
                "the-arts",
                "the-sky",
                "time-travel",
                "treasure-hunts",
                "undercover-missions",
                "underwater-adventures",
                "unusual-vehicles",
                "virtual-worlds"
            ],
            "method": "dataset",
            "limit": 0.8,
            "dist": {
                "dinosaurs": 0.022727272727272728,
                "dream-worlds": 0.022727272727272728,
                "enchanted-forests": 0.022727272727272728,
                "fairy-tales": 0.022727272727272728,
                "fantasy-worlds": 0.022727272727272728,
                "gardens": 0.022727272727272728,
                "giant-creatures": 0.022727272727272728,
                "haunted-places": 0.022727272727272728,
                "hidden-treasures": 0.022727272727272728,
                "holidays": 0.022727272727272728,
                "invisibility": 0.022727272727272728,
                "island-adventures": 0.022727272727272728,
                "living-objects": 0.022727272727272728,
                "lost-cities": 0.022727272727272728,
                "lost-civilizations": 0.022727272727272728,
                "magical-lands": 0.022727272727272728,
                "magical-objects": 0.022727272727272728,
                "miniature-worlds": 0.022727272727272728,
                "mysterious-maps": 0.022727272727272728,
                "mystical-creatures": 0.022727272727272728,
                "outer-space": 0.022727272727272728,
                "pirates": 0.022727272727272728,
                "riddles": 0.022727272727272728,
                "robots-and-technology": 0.022727272727272728,
                "royal-kingdoms": 0.022727272727272728,
                "school-life": 0.022727272727272728,
                "seasonal-changes": 0.022727272727272728,
                "secret-societies": 0.022727272727272728,
                "shape-shifting": 0.022727272727272728,
                "sibling-rivalry": 0.022727272727272728,
                "snowy-adventures": 0.022727272727272728,
                "space-exploration": 0.022727272727272728,
                "sports": 0.022727272727272728,
                "subterranean-worlds": 0.022727272727272728,
                "superheroes": 0.022727272727272728,
                "talking-animals": 0.022727272727272728,
                "the-arts": 0.022727272727272728,
                "the-sky": 0.022727272727272728,
                "time-travel": 0.022727272727272728,
                "treasure-hunts": 0.022727272727272728,
                "undercover-missions": 0.022727272727272728,
                "underwater-adventures": 0.022727272727272728,
                "unusual-vehicles": 0.022727272727272728,
                "virtual-worlds": 0.022727272727272728
            },
            "num_tok": 438282938
        },
        "aux": {
            "labels": [
                "a-deadline-or-time-limit",
                "alien-encounters",
                "bygone-eras",
                "cultural-traditions"
            ],
            "method": "dataset",
            "limit": 0.2,
            "dist": {
                "a-deadline-or-time-limit": 0.25,
                "alien-encounters": 0.25,
                "bygone-eras": 0.25,
                "cultural-traditions": 0.25
            },
            "num_tok": 109570735
        }
    },
    "run": {
        "target_effective_batch_size": 128,
        "effective_batch_size": 128,
        "micro_batch_size": 128,
        "accumulation_steps": 1,
        "max_num_test_sequences": 10000,
        "eval_all_labels": false,
        "micro_batch_anchors": [
            [
                400000000.0,
                23
            ],
            [
                5000000000.0,
                2
            ]
        ],
        "epochs": 1,
        "adam_betas": [
            0.9,
            0.95
        ],
        "warmup_prc": 0.1,
        "decay_prc": 0.1,
        "seed": 1,
        "compile": true,
        "find_unused_parameters": true,
        "is_ddp": false,
        "cleanup_distributed": false,
        "log_level": "DEBUG",
        "num_gpus": 1,
        "process_id": 0,
        "num_base_params": 26257920,
        "device": "cuda",
        "logger": "<Logger training_20260630134823265706 (DEBUG)>",
        "labels": [
            "core",
            "a-deadline-or-time-limit",
            "alien-encounters",
            "bygone-eras",
            "cultural-traditions"
        ],
        "loaders": {
            "a-deadline-or-time-limit": {
                "train": "InterleavedDataLoader(len=835)",
                "test": "SingleDataLoader(a-deadline-or-time-limit_test.bin, len=40)"
            },
            "alien-encounters": {
                "train": "InterleavedDataLoader(len=835)",
                "test": "SingleDataLoader(alien-encounters_test.bin, len=38)"
            },
            "bygone-eras": {
                "train": "InterleavedDataLoader(len=835)",
                "test": "SingleDataLoader(bygone-eras_test.bin, len=39)"
            },
            "cultural-traditions": {
                "train": "InterleavedDataLoader(len=835)",
                "test": "SingleDataLoader(cultural-traditions_test.bin, len=38)"
            },
            "dinosaurs": {
                "train": "SingleDataLoader(dinosaurs_train.bin, len=303)",
                "test": "SingleDataLoader(dinosaurs_test.bin, len=38)"
            },
            "dream-worlds": {
                "train": "SingleDataLoader(dream-worlds_train.bin, len=303)",
                "test": "SingleDataLoader(dream-worlds_test.bin, len=37)"
            },
            "enchanted-forests": {
                "train": "SingleDataLoader(enchanted-forests_train.bin, len=303)",
                "test": "SingleDataLoader(enchanted-forests_test.bin, len=38)"
            },
            "fairy-tales": {
                "train": "SingleDataLoader(fairy-tales_train.bin, len=303)",
                "test": "SingleDataLoader(fairy-tales_test.bin, len=37)"
            },
            "fantasy-worlds": {
                "train": "SingleDataLoader(fantasy-worlds_train.bin, len=303)",
                "test": "SingleDataLoader(fantasy-worlds_test.bin, len=39)"
            },
            "gardens": {
                "train": "SingleDataLoader(gardens_train.bin, len=303)",
                "test": "SingleDataLoader(gardens_test.bin, len=37)"
            },
            "giant-creatures": {
                "train": "SingleDataLoader(giant-creatures_train.bin, len=303)",
                "test": "SingleDataLoader(giant-creatures_test.bin, len=37)"
            },
            "haunted-places": {
                "train": "SingleDataLoader(haunted-places_train.bin, len=303)",
                "test": "SingleDataLoader(haunted-places_test.bin, len=41)"
            },
            "hidden-treasures": {
                "train": "SingleDataLoader(hidden-treasures_train.bin, len=303)",
                "test": "SingleDataLoader(hidden-treasures_test.bin, len=39)"
            },
            "holidays": {
                "train": "SingleDataLoader(holidays_train.bin, len=303)",
                "test": "SingleDataLoader(holidays_test.bin, len=38)"
            },
            "invisibility": {
                "train": "SingleDataLoader(invisibility_train.bin, len=303)",
                "test": "SingleDataLoader(invisibility_test.bin, len=37)"
            },
            "island-adventures": {
                "train": "SingleDataLoader(island-adventures_train.bin, len=303)",
                "test": "SingleDataLoader(island-adventures_test.bin, len=39)"
            },
            "living-objects": {
                "train": "SingleDataLoader(living-objects_train.bin, len=303)",
                "test": "SingleDataLoader(living-objects_test.bin, len=38)"
            },
            "lost-cities": {
                "train": "SingleDataLoader(lost-cities_train.bin, len=303)",
                "test": "SingleDataLoader(lost-cities_test.bin, len=40)"
            },
            "lost-civilizations": {
                "train": "SingleDataLoader(lost-civilizations_train.bin, len=303)",
                "test": "SingleDataLoader(lost-civilizations_test.bin, len=41)"
            },
            "magical-lands": {
                "train": "SingleDataLoader(magical-lands_train.bin, len=303)",
                "test": "SingleDataLoader(magical-lands_test.bin, len=38)"
            },
            "magical-objects": {
                "train": "SingleDataLoader(magical-objects_train.bin, len=303)",
                "test": "SingleDataLoader(magical-objects_test.bin, len=37)"
            },
            "miniature-worlds": {
                "train": "SingleDataLoader(miniature-worlds_train.bin, len=303)",
                "test": "SingleDataLoader(miniature-worlds_test.bin, len=37)"
            },
            "mysterious-maps": {
                "train": "SingleDataLoader(mysterious-maps_train.bin, len=303)",
                "test": "SingleDataLoader(mysterious-maps_test.bin, len=38)"
            },
            "mystical-creatures": {
                "train": "SingleDataLoader(mystical-creatures_train.bin, len=303)",
                "test": "SingleDataLoader(mystical-creatures_test.bin, len=38)"
            },
            "outer-space": {
                "train": "SingleDataLoader(outer-space_train.bin, len=303)",
                "test": "SingleDataLoader(outer-space_test.bin, len=38)"
            },
            "pirates": {
                "train": "SingleDataLoader(pirates_train.bin, len=303)",
                "test": "SingleDataLoader(pirates_test.bin, len=39)"
            },
            "riddles": {
                "train": "SingleDataLoader(riddles_train.bin, len=303)",
                "test": "SingleDataLoader(riddles_test.bin, len=38)"
            },
            "robots-and-technology": {
                "train": "SingleDataLoader(robots-and-technology_train.bin, len=303)",
                "test": "SingleDataLoader(robots-and-technology_test.bin, len=39)"
            },
            "royal-kingdoms": {
                "train": "SingleDataLoader(royal-kingdoms_train.bin, len=303)",
                "test": "SingleDataLoader(royal-kingdoms_test.bin, len=40)"
            },
            "school-life": {
                "train": "SingleDataLoader(school-life_train.bin, len=303)",
                "test": "SingleDataLoader(school-life_test.bin, len=38)"
            },
            "seasonal-changes": {
                "train": "SingleDataLoader(seasonal-changes_train.bin, len=303)",
                "test": "SingleDataLoader(seasonal-changes_test.bin, len=38)"
            },
            "secret-societies": {
                "train": "SingleDataLoader(secret-societies_train.bin, len=303)",
                "test": "SingleDataLoader(secret-societies_test.bin, len=38)"
            },
            "shape-shifting": {
                "train": "SingleDataLoader(shape-shifting_train.bin, len=303)",
                "test": "SingleDataLoader(shape-shifting_test.bin, len=38)"
            },
            "sibling-rivalry": {
                "train": "SingleDataLoader(sibling-rivalry_train.bin, len=303)",
                "test": "SingleDataLoader(sibling-rivalry_test.bin, len=39)"
            },
            "snowy-adventures": {
                "train": "SingleDataLoader(snowy-adventures_train.bin, len=303)",
                "test": "SingleDataLoader(snowy-adventures_test.bin, len=39)"
            },
            "space-exploration": {
                "train": "SingleDataLoader(space-exploration_train.bin, len=303)",
                "test": "SingleDataLoader(space-exploration_test.bin, len=38)"
            },
            "sports": {
                "train": "SingleDataLoader(sports_train.bin, len=303)",
                "test": "SingleDataLoader(sports_test.bin, len=37)"
            },
            "subterranean-worlds": {
                "train": "SingleDataLoader(subterranean-worlds_train.bin, len=303)",
                "test": "SingleDataLoader(subterranean-worlds_test.bin, len=37)"
            },
            "superheroes": {
                "train": "SingleDataLoader(superheroes_train.bin, len=303)",
                "test": "SingleDataLoader(superheroes_test.bin, len=38)"
            },
            "talking-animals": {
                "train": "SingleDataLoader(talking-animals_train.bin, len=303)",
                "test": "SingleDataLoader(talking-animals_test.bin, len=37)"
            },
            "the-arts": {
                "train": "SingleDataLoader(the-arts_train.bin, len=303)",
                "test": "SingleDataLoader(the-arts_test.bin, len=38)"
            },
            "the-sky": {
                "train": "SingleDataLoader(the-sky_train.bin, len=303)",
                "test": "SingleDataLoader(the-sky_test.bin, len=38)"
            },
            "time-travel": {
                "train": "SingleDataLoader(time-travel_train.bin, len=303)",
                "test": "SingleDataLoader(time-travel_test.bin, len=37)"
            },
            "treasure-hunts": {
                "train": "SingleDataLoader(treasure-hunts_train.bin, len=303)",
                "test": "SingleDataLoader(treasure-hunts_test.bin, len=35)"
            },
            "undercover-missions": {
                "train": "SingleDataLoader(undercover-missions_train.bin, len=303)",
                "test": "SingleDataLoader(undercover-missions_test.bin, len=40)"
            },
            "underwater-adventures": {
                "train": "SingleDataLoader(underwater-adventures_train.bin, len=303)",
                "test": "SingleDataLoader(underwater-adventures_test.bin, len=38)"
            },
            "unusual-vehicles": {
                "train": "SingleDataLoader(unusual-vehicles_train.bin, len=303)",
                "test": "SingleDataLoader(unusual-vehicles_test.bin, len=39)"
            },
            "virtual-worlds": {
                "train": "SingleDataLoader(virtual-worlds_train.bin, len=303)",
                "test": "SingleDataLoader(virtual-worlds_test.bin, len=37)"
            },
            "core": {
                "train": "InterleavedDataLoader(len=13332)",
                "test": "InterleavedDataLoader(len=1677)"
            },
            "aux": {
                "train": "InterleavedDataLoader(len=3340)",
                "test": "InterleavedDataLoader(len=155)"
            },
            "all": {
                "train": "InterleavedDataLoader(len=16672)",
                "test": "InterleavedDataLoader(len=1832)"
            }
        },
        "res_root": "/workspace-vast/ethanr/gradient-routing/experiments/arXiv-Codebase/results/auxnum/v3/num_aux_4/seed_1",
        "experiment_id": "20260630134823265706",
        "s3_bucket": "ae-gradient-routing-results",
        "s3_prefix": "auxnum/v3/num_aux_4/seed_1"
    },
    "label_prc": 1.0
}
[GPU 0] [13:48:36] [INFO] Loader a-deadline-or-time-limit train: 835, test: 40
[GPU 0] [13:48:36] [INFO] Loader alien-encounters train: 835, test: 38
[GPU 0] [13:48:36] [INFO] Loader bygone-eras train: 835, test: 39
[GPU 0] [13:48:36] [INFO] Loader cultural-traditions train: 835, test: 38
[GPU 0] [13:48:36] [INFO] Loader dinosaurs train: 303, test: 38
[GPU 0] [13:48:36] [INFO] Loader dream-worlds train: 303, test: 37
[GPU 0] [13:48:36] [INFO] Loader enchanted-forests train: 303, test: 38
[GPU 0] [13:48:36] [INFO] Loader fairy-tales train: 303, test: 37
[GPU 0] [13:48:36] [INFO] Loader fantasy-worlds train: 303, test: 39
[GPU 0] [13:48:36] [INFO] Loader gardens train: 303, test: 37
[GPU 0] [13:48:36] [INFO] Loader giant-creatures train: 303, test: 37
[GPU 0] [13:48:36] [INFO] Loader haunted-places train: 303, test: 41
[GPU 0] [13:48:36] [INFO] Loader hidden-treasures train: 303, test: 39
[GPU 0] [13:48:36] [INFO] Loader holidays train: 303, test: 38
[GPU 0] [13:48:36] [INFO] Loader invisibility train: 303, test: 37
[GPU 0] [13:48:36] [INFO] Loader island-adventures train: 303, test: 39
[GPU 0] [13:48:36] [INFO] Loader living-objects train: 303, test: 38
[GPU 0] [13:48:36] [INFO] Loader lost-cities train: 303, test: 40
[GPU 0] [13:48:36] [INFO] Loader lost-civilizations train: 303, test: 41
[GPU 0] [13:48:36] [INFO] Loader magical-lands train: 303, test: 38
[GPU 0] [13:48:36] [INFO] Loader magical-objects train: 303, test: 37
[GPU 0] [13:48:36] [INFO] Loader miniature-worlds train: 303, test: 37
[GPU 0] [13:48:36] [INFO] Loader mysterious-maps train: 303, test: 38
[GPU 0] [13:48:36] [INFO] Loader mystical-creatures train: 303, test: 38
[GPU 0] [13:48:36] [INFO] Loader outer-space train: 303, test: 38
[GPU 0] [13:48:36] [INFO] Loader pirates train: 303, test: 39
[GPU 0] [13:48:36] [INFO] Loader riddles train: 303, test: 38
[GPU 0] [13:48:36] [INFO] Loader robots-and-technology train: 303, test: 39
[GPU 0] [13:48:36] [INFO] Loader royal-kingdoms train: 303, test: 40
[GPU 0] [13:48:36] [INFO] Loader school-life train: 303, test: 38
[GPU 0] [13:48:36] [INFO] Loader seasonal-changes train: 303, test: 38
[GPU 0] [13:48:36] [INFO] Loader secret-societies train: 303, test: 38
[GPU 0] [13:48:36] [INFO] Loader shape-shifting train: 303, test: 38
[GPU 0] [13:48:36] [INFO] Loader sibling-rivalry train: 303, test: 39
[GPU 0] [13:48:36] [INFO] Loader snowy-adventures train: 303, test: 39
[GPU 0] [13:48:36] [INFO] Loader space-exploration train: 303, test: 38
[GPU 0] [13:48:36] [INFO] Loader sports train: 303, test: 37
[GPU 0] [13:48:36] [INFO] Loader subterranean-worlds train: 303, test: 37
[GPU 0] [13:48:36] [INFO] Loader superheroes train: 303, test: 38
[GPU 0] [13:48:36] [INFO] Loader talking-animals train: 303, test: 37
[GPU 0] [13:48:36] [INFO] Loader the-arts train: 303, test: 38
[GPU 0] [13:48:36] [INFO] Loader the-sky train: 303, test: 38
[GPU 0] [13:48:36] [INFO] Loader time-travel train: 303, test: 37
[GPU 0] [13:48:36] [INFO] Loader treasure-hunts train: 303, test: 35
[GPU 0] [13:48:36] [INFO] Loader undercover-missions train: 303, test: 40
[GPU 0] [13:48:36] [INFO] Loader underwater-adventures train: 303, test: 38
[GPU 0] [13:48:36] [INFO] Loader unusual-vehicles train: 303, test: 39
[GPU 0] [13:48:36] [INFO] Loader virtual-worlds train: 303, test: 37
[GPU 0] [13:48:36] [INFO] Loader core train: 13332, test: 1677
[GPU 0] [13:48:36] [INFO] Loader aux train: 3340, test: 155
[GPU 0] [13:48:36] [INFO] Loader all train: 16672, test: 1832
[GPU 0] [13:48:36] [INFO] Stage [baseline] start: {"name": "baseline", "num_checkpoints": -1, "lr": 0.005, "res_dir": "/workspace-vast/ethanr/gradient-routing/experiments/arXiv-Codebase/results/auxnum/v3/num_aux_4/seed_1/20260630134823265706/baseline", "acc_mode": "heterogeneous", "do_eval": true, "do_sample": false, "num_train_evals": 200, "do_elicit": false, "elicit_eval_prc": 0.5, "elicit_num_evals": 100, "retain_targets": null, "label_prc": 1.0}
[GPU 0] [13:48:36] [INFO] BASELINE START
[GPU 0] [13:48:37] [INFO] Initialized BaseTransformer with 26,257,920 total parameters
[GPU 0] [13:48:37] [INFO] Compiling BaseTransformer with torch.compile...
[GPU 0] [13:48:46] [INFO] torch.compile done
[GPU 0] [13:48:46] [WARNING] restore_partial_state: no checkpoint found at /workspace-vast/ethanr/gradient-routing/experiments/arXiv-Codebase/results/auxnum/v3/num_aux_4/seed_1/20260630134823265706/baseline
[GPU 0] [13:48:46] [INFO] ---- Begin Train | Train Labels: ['a-deadline-or-time-limit', 'alien-encounters', 'bygone-eras', 'core', 'cultural-traditions'] ----
[GPU 0] [13:48:46] [DEBUG] acc_mode: heterogeneous, label_prc: 1.0
[GPU 0] [13:48:46] [INFO] Batch [a-deadline-or-time-limit] count: 835
[GPU 0] [13:48:46] [INFO] Batch [alien-encounters] count: 835
[GPU 0] [13:48:46] [INFO] Batch [bygone-eras] count: 835
[GPU 0] [13:48:46] [INFO] Batch [core] count: 13332
[GPU 0] [13:48:46] [INFO] Batch [cultural-traditions] count: 835
[GPU 0] [13:48:46] [INFO] num_total_steps: 16672
[GPU 0] [13:48:46] [INFO] warmup_steps: 1667
[GPU 0] [13:48:46] [INFO] constant_steps: 13338
[GPU 0] [13:48:47] [INFO] decay_steps: 1667
[GPU 0] [13:48:47] [INFO] LR Scheduler: Warmup Start
[GPU 0] [13:50:30] [INFO] Step: 1, LR: 3.01e-06
[GPU 0] [13:50:30] [INFO] Train Loss: CORE: 8.44 A-DEADLINE-OR-TIME-LIMIT: nan ALIEN-ENCOUNTERS: nan BYGONE-ERAS: nan CULTURAL-TRADITIONS: nan 
[GPU 0] [13:50:30] [INFO] Val Loss: CORE: nan A-DEADLINE-OR-TIME-LIMIT: nan ALIEN-ENCOUNTERS: nan BYGONE-ERAS: nan CULTURAL-TRADITIONS: nan 
[GPU 0] [13:52:54] [INFO] Step: 1000, LR: 3.00e-03
[GPU 0] [13:52:54] [INFO] Train Loss: CORE: 2.57 A-DEADLINE-OR-TIME-LIMIT: 2.57 ALIEN-ENCOUNTERS: 2.48 BYGONE-ERAS: 2.50 CULTURAL-TRADITIONS: 2.51 
[GPU 0] [13:52:54] [INFO] Val Loss: CORE: 2.53 A-DEADLINE-OR-TIME-LIMIT: 2.59 ALIEN-ENCOUNTERS: 2.44 BYGONE-ERAS: 2.56 CULTURAL-TRADITIONS: 2.58 
[GPU 0] [13:53:37] [INFO] LR Scheduler: Constant Start
[GPU 0] [13:53:59] [INFO] Step: 2000, LR: 5.00e-03
[GPU 0] [13:53:59] [INFO] Train Loss: CORE: 2.26 A-DEADLINE-OR-TIME-LIMIT: 2.28 ALIEN-ENCOUNTERS: 2.18 BYGONE-ERAS: 2.31 CULTURAL-TRADITIONS: 2.26 
[GPU 0] [13:53:59] [INFO] Val Loss: CORE: 2.23 A-DEADLINE-OR-TIME-LIMIT: 2.30 ALIEN-ENCOUNTERS: 2.19 BYGONE-ERAS: 2.25 CULTURAL-TRADITIONS: 2.28 
[GPU 0] [13:55:04] [INFO] Step: 3000, LR: 5.00e-03
[GPU 0] [13:55:04] [INFO] Train Loss: CORE: 2.06 A-DEADLINE-OR-TIME-LIMIT: 2.06 ALIEN-ENCOUNTERS: 1.91 BYGONE-ERAS: 2.03 CULTURAL-TRADITIONS: 2.02 
[GPU 0] [13:55:04] [INFO] Val Loss: CORE: 2.06 A-DEADLINE-OR-TIME-LIMIT: 2.16 ALIEN-ENCOUNTERS: 1.98 BYGONE-ERAS: 2.10 CULTURAL-TRADITIONS: 2.13 
[GPU 0] [13:56:13] [INFO] Step: 4000, LR: 5.00e-03
[GPU 0] [13:56:13] [INFO] Train Loss: CORE: 2.06 A-DEADLINE-OR-TIME-LIMIT: 2.01 ALIEN-ENCOUNTERS: 1.88 BYGONE-ERAS: 1.95 CULTURAL-TRADITIONS: 2.01 
[GPU 0] [13:56:13] [INFO] Val Loss: CORE: 1.99 A-DEADLINE-OR-TIME-LIMIT: 2.04 ALIEN-ENCOUNTERS: 1.93 BYGONE-ERAS: 2.01 CULTURAL-TRADITIONS: 2.04 
[GPU 0] [13:57:23] [INFO] Step: 5000, LR: 5.00e-03
[GPU 0] [13:57:23] [INFO] Train Loss: CORE: 1.98 A-DEADLINE-OR-TIME-LIMIT: 1.90 ALIEN-ENCOUNTERS: 1.82 BYGONE-ERAS: 1.89 CULTURAL-TRADITIONS: 1.91 
[GPU 0] [13:57:23] [INFO] Val Loss: CORE: 1.92 A-DEADLINE-OR-TIME-LIMIT: 2.02 ALIEN-ENCOUNTERS: 1.90 BYGONE-ERAS: 1.95 CULTURAL-TRADITIONS: 1.98 
[GPU 0] [13:58:32] [INFO] Step: 6000, LR: 5.00e-03
[GPU 0] [13:58:32] [INFO] Train Loss: CORE: 1.91 A-DEADLINE-OR-TIME-LIMIT: 1.97 ALIEN-ENCOUNTERS: 1.80 BYGONE-ERAS: 1.91 CULTURAL-TRADITIONS: 1.90 
[GPU 0] [13:58:32] [INFO] Val Loss: CORE: 1.91 A-DEADLINE-OR-TIME-LIMIT: 1.98 ALIEN-ENCOUNTERS: 1.85 BYGONE-ERAS: 1.93 CULTURAL-TRADITIONS: 1.96 
[GPU 0] [13:59:42] [INFO] Step: 7000, LR: 5.00e-03
[GPU 0] [13:59:42] [INFO] Train Loss: CORE: 1.90 A-DEADLINE-OR-TIME-LIMIT: 1.90 ALIEN-ENCOUNTERS: 1.76 BYGONE-ERAS: 1.85 CULTURAL-TRADITIONS: 1.89 
[GPU 0] [13:59:42] [INFO] Val Loss: CORE: 1.88 A-DEADLINE-OR-TIME-LIMIT: 1.95 ALIEN-ENCOUNTERS: 1.82 BYGONE-ERAS: 1.90 CULTURAL-TRADITIONS: 1.93 
[GPU 0] [14:00:46] [INFO] Step: 8000, LR: 5.00e-03
[GPU 0] [14:00:46] [INFO] Train Loss: CORE: 1.85 A-DEADLINE-OR-TIME-LIMIT: 1.86 ALIEN-ENCOUNTERS: 1.71 BYGONE-ERAS: 1.84 CULTURAL-TRADITIONS: 1.82 
[GPU 0] [14:00:46] [INFO] Val Loss: CORE: 1.84 A-DEADLINE-OR-TIME-LIMIT: 1.93 ALIEN-ENCOUNTERS: 1.80 BYGONE-ERAS: 1.88 CULTURAL-TRADITIONS: 1.91 
[GPU 0] [14:01:49] [INFO] Step: 9000, LR: 5.00e-03
[GPU 0] [14:01:49] [INFO] Train Loss: CORE: 1.88 A-DEADLINE-OR-TIME-LIMIT: 1.89 ALIEN-ENCOUNTERS: 1.72 BYGONE-ERAS: 1.81 CULTURAL-TRADITIONS: 1.84 
[GPU 0] [14:01:49] [INFO] Val Loss: CORE: 1.87 A-DEADLINE-OR-TIME-LIMIT: 1.92 ALIEN-ENCOUNTERS: 1.79 BYGONE-ERAS: 1.86 CULTURAL-TRADITIONS: 1.89 
[GPU 0] [14:02:56] [INFO] Step: 10000, LR: 5.00e-03
[GPU 0] [14:02:56] [INFO] Train Loss: CORE: 1.83 A-DEADLINE-OR-TIME-LIMIT: 1.81 ALIEN-ENCOUNTERS: 1.68 BYGONE-ERAS: 1.82 CULTURAL-TRADITIONS: 1.79 
[GPU 0] [14:02:56] [INFO] Val Loss: CORE: 1.84 A-DEADLINE-OR-TIME-LIMIT: 1.89 ALIEN-ENCOUNTERS: 1.77 BYGONE-ERAS: 1.85 CULTURAL-TRADITIONS: 1.87 
[GPU 0] [14:04:04] [INFO] Step: 11000, LR: 5.00e-03
[GPU 0] [14:04:04] [INFO] Train Loss: CORE: 1.80 A-DEADLINE-OR-TIME-LIMIT: 1.84 ALIEN-ENCOUNTERS: 1.72 BYGONE-ERAS: 1.81 CULTURAL-TRADITIONS: 1.81 
[GPU 0] [14:04:04] [INFO] Val Loss: CORE: 1.83 A-DEADLINE-OR-TIME-LIMIT: 1.88 ALIEN-ENCOUNTERS: 1.77 BYGONE-ERAS: 1.84 CULTURAL-TRADITIONS: 1.86 
[GPU 0] [14:05:11] [INFO] Step: 12000, LR: 5.00e-03
[GPU 0] [14:05:11] [INFO] Train Loss: CORE: 1.79 A-DEADLINE-OR-TIME-LIMIT: 1.75 ALIEN-ENCOUNTERS: 1.67 BYGONE-ERAS: 1.73 CULTURAL-TRADITIONS: 1.80 
[GPU 0] [14:05:11] [INFO] Val Loss: CORE: 1.82 A-DEADLINE-OR-TIME-LIMIT: 1.88 ALIEN-ENCOUNTERS: 1.76 BYGONE-ERAS: 1.83 CULTURAL-TRADITIONS: 1.86 
[GPU 0] [14:06:18] [INFO] Step: 13000, LR: 5.00e-03
[GPU 0] [14:06:18] [INFO] Train Loss: CORE: 1.76 A-DEADLINE-OR-TIME-LIMIT: 1.79 ALIEN-ENCOUNTERS: 1.70 BYGONE-ERAS: 1.77 CULTURAL-TRADITIONS: 1.73 
[GPU 0] [14:06:18] [INFO] Val Loss: CORE: 1.80 A-DEADLINE-OR-TIME-LIMIT: 1.87 ALIEN-ENCOUNTERS: 1.75 BYGONE-ERAS: 1.82 CULTURAL-TRADITIONS: 1.84 
[GPU 0] [14:07:24] [INFO] Step: 14000, LR: 5.00e-03
[GPU 0] [14:07:24] [INFO] Train Loss: CORE: 1.80 A-DEADLINE-OR-TIME-LIMIT: 1.82 ALIEN-ENCOUNTERS: 1.65 BYGONE-ERAS: 1.76 CULTURAL-TRADITIONS: 1.72 
[GPU 0] [14:07:24] [INFO] Val Loss: CORE: 1.79 A-DEADLINE-OR-TIME-LIMIT: 1.86 ALIEN-ENCOUNTERS: 1.73 BYGONE-ERAS: 1.81 CULTURAL-TRADITIONS: 1.83 
[GPU 0] [14:08:30] [INFO] Step: 15000, LR: 5.00e-03
[GPU 0] [14:08:30] [INFO] Train Loss: CORE: 1.80 A-DEADLINE-OR-TIME-LIMIT: 1.76 ALIEN-ENCOUNTERS: 1.61 BYGONE-ERAS: 1.71 CULTURAL-TRADITIONS: 1.73 
[GPU 0] [14:08:30] [INFO] Val Loss: CORE: 1.77 A-DEADLINE-OR-TIME-LIMIT: 1.85 ALIEN-ENCOUNTERS: 1.72 BYGONE-ERAS: 1.81 CULTURAL-TRADITIONS: 1.83 
[GPU 0] [14:08:30] [INFO] LR Scheduler: Decay Start
[GPU 0] [14:09:31] [INFO] Step: 16000, LR: 2.02e-03
[GPU 0] [14:09:31] [INFO] Train Loss: CORE: 1.72 A-DEADLINE-OR-TIME-LIMIT: 1.75 ALIEN-ENCOUNTERS: 1.58 BYGONE-ERAS: 1.65 CULTURAL-TRADITIONS: 1.68 
[GPU 0] [14:09:31] [INFO] Val Loss: CORE: 1.73 A-DEADLINE-OR-TIME-LIMIT: 1.78 ALIEN-ENCOUNTERS: 1.65 BYGONE-ERAS: 1.72 CULTURAL-TRADITIONS: 1.75 
[GPU 0] [14:10:15] [INFO] Step: 16672, LR: 1.00e-08
[GPU 0] [14:10:15] [INFO] Train Loss: CORE: 1.63 A-DEADLINE-OR-TIME-LIMIT: 1.73 ALIEN-ENCOUNTERS: 1.59 BYGONE-ERAS: 1.66 CULTURAL-TRADITIONS: 1.70 
[GPU 0] [14:10:15] [INFO] Val Loss: CORE: 1.69 A-DEADLINE-OR-TIME-LIMIT: 1.74 ALIEN-ENCOUNTERS: 1.62 BYGONE-ERAS: 1.69 CULTURAL-TRADITIONS: 1.72 
[GPU 0] [14:10:17] [INFO] ---- Begin Eval ----
[GPU 0] [14:10:17] [INFO] Data: core | Experts: None
[GPU 0] [14:10:40] [INFO] loss: 1.67966425
[GPU 0] [14:10:40] [INFO] Data: a-deadline-or-time-limit | Experts: None
[GPU 0] [14:10:41] [INFO] loss: 1.74003911
[GPU 0] [14:10:41] [INFO] Data: alien-encounters | Experts: None
[GPU 0] [14:10:41] [INFO] loss: 1.62212169
[GPU 0] [14:10:41] [INFO] Data: bygone-eras | Experts: None
[GPU 0] [14:10:42] [INFO] loss: 1.69050479
[GPU 0] [14:10:42] [INFO] Data: cultural-traditions | Experts: None
[GPU 0] [14:10:42] [INFO] loss: 1.71566617
[GPU 0] [14:10:43] [INFO] Stage [routed] start: {"name": "routed", "num_checkpoints": -1, "lr": 0.005, "res_dir": "/workspace-vast/ethanr/gradient-routing/experiments/arXiv-Codebase/results/auxnum/v3/num_aux_4/seed_1/20260630134823265706/routed", "acc_mode": "heterogeneous", "do_eval": true, "do_sample": false, "num_train_evals": 0, "do_elicit": true, "elicit_eval_prc": 0.5, "elicit_num_evals": 100, "retain_targets": null, "model": {"arch": "moe", "tokenizer": "TokenizersBackend(name_or_path='SimpleStories/SimpleStories-1.25M', vocab_size=4096, model_max_length=1000000000000000019884624838656, padding_side='right', truncation_side='right', special_tokens={'eos_token': '[EOS]', 'unk_token': '[UNK]'}, added_tokens_decoder={\n\t0: AddedToken(\"[UNK]\", rstrip=False, lstrip=False, single_word=False, normalized=False, special=True),\n\t1: AddedToken(\"[EOS]\", rstrip=False, lstrip=False, single_word=False, normalized=False, special=True),\n}\n)", "ctx_len": 256, "vocab_size": 4096, "num_layers": 8, "num_heads": 8, "num_key_value": 2, "attn_bias": true, "eos_token_id": 1, "embed_dim": 512, "mlp_dim": 2048, "core_param_prc": 1.0, "aux_param_prc": 0.1}, "eval_arbsub": false, "label_prc": 1.0, "aux_factor": 1.0, "robust_prc": 0.5, "aux_route_prc": 0.2, "equal_compute": true}
[GPU 0] [14:10:43] [INFO] ROUTED START
[GPU 0] [14:10:44] [INFO] Initialized MoETransformer with 32,571,904 total parameters
[GPU 0] [14:10:44] [INFO]   Label 'core' has 26,257,920 parameters
[GPU 0] [14:10:44] [INFO]   Label 'a-deadline-or-time-limit' has 1,578,496 parameters
[GPU 0] [14:10:44] [INFO]   Label 'alien-encounters' has 1,578,496 parameters
[GPU 0] [14:10:44] [INFO]   Label 'bygone-eras' has 1,578,496 parameters
[GPU 0] [14:10:44] [INFO]   Label 'cultural-traditions' has 1,578,496 parameters
[GPU 0] [14:10:44] [INFO] Compiling MoETransformer with torch.compile...
[GPU 0] [14:10:44] [INFO] torch.compile done
[GPU 0] [14:10:44] [WARNING] restore_partial_state: no checkpoint found at /workspace-vast/ethanr/gradient-routing/experiments/arXiv-Codebase/results/auxnum/v3/num_aux_4/seed_1/20260630134823265706/routed
[GPU 0] [14:10:44] [INFO] ---- Begin Routed Unordered ----
[GPU 0] [14:10:44] [INFO] initial len_all: 16672, len_all_labeled: 16672, len_all_unlabeled: 0, len_ft: 10006, len_base: 6666, label_prc: 1.0
[GPU 0] [14:10:44] [INFO] compute-equal: -15794430976.0 <= 0, must truncate training
[GPU 0] [14:10:44] [INFO] compute-equal: len_base: -232 -> 6434, len_ft: -348 -> 9658, len_all_unlabeled: 0 -> 0
[GPU 0] [14:10:44] [INFO] Batch [('core', ('core',), ('core',))] count: 6434
[GPU 0] [14:10:44] [INFO] Batch [('a-deadline-or-time-limit', ('core', 'a-deadline-or-time-limit'), ('a-deadline-or-time-limit',))] count: 645
[GPU 0] [14:10:44] [INFO] Batch [('a-deadline-or-time-limit', ('core', 'a-deadline-or-time-limit'), ('core', 'a-deadline-or-time-limit'))] count: 161
[GPU 0] [14:10:44] [INFO] Batch [('core', ('core', 'a-deadline-or-time-limit'), ('core', 'a-deadline-or-time-limit'))] count: 1608
[GPU 0] [14:10:44] [INFO] Batch [('alien-encounters', ('core', 'alien-encounters'), ('alien-encounters',))] count: 645
[GPU 0] [14:10:44] [INFO] Batch [('alien-encounters', ('core', 'alien-encounters'), ('core', 'alien-encounters'))] count: 161
[GPU 0] [14:10:44] [INFO] Batch [('core', ('core', 'alien-encounters'), ('core', 'alien-encounters'))] count: 1608
[GPU 0] [14:10:44] [INFO] Batch [('bygone-eras', ('core', 'bygone-eras'), ('bygone-eras',))] count: 645
[GPU 0] [14:10:44] [INFO] Batch [('bygone-eras', ('core', 'bygone-eras'), ('core', 'bygone-eras'))] count: 161
[GPU 0] [14:10:44] [INFO] Batch [('core', ('core', 'bygone-eras'), ('core', 'bygone-eras'))] count: 1608
[GPU 0] [14:10:44] [INFO] Batch [('core', ('core', 'cultural-traditions'), ('core', 'cultural-traditions'))] count: 1608
[GPU 0] [14:10:44] [INFO] Batch [('cultural-traditions', ('core', 'cultural-traditions'), ('core', 'cultural-traditions'))] count: 161
[GPU 0] [14:10:44] [INFO] Batch [('cultural-traditions', ('core', 'cultural-traditions'), ('cultural-traditions',))] count: 645
[GPU 0] [14:10:44] [INFO] Batch group is empty (0 batches)
[GPU 0] [14:10:44] [INFO] 
len_all: 16672, len_all_labeled: 16672, len_all_unlabeled: 0,
len_base: 6434, len_ft: 9658,
len_core_for_ft: 6434, len_aux_for_ft: 3224,
aux_factor: {'a-deadline-or-time-limit': 1.0, 'alien-encounters': 1.0, 'bygone-eras': 1.0, 'cultural-traditions': 1.0}, robust_prc: 0.5,
aux_route_prc: 0.2, equal_compute: True
[GPU 0] [14:10:44] [INFO] count_by_label: {'core': 12866, 'a-deadline-or-time-limit': 806, 'alien-encounters': 806, 'bygone-eras': 806, 'cultural-traditions': 806}
[GPU 0] [14:10:44] [WARNING] len(batches) != expected, (16090 != 16092), 2 length difference
[GPU 0] [14:10:44] [INFO] Batch [('core', ('core',), ('core',))] count: 6434
[GPU 0] [14:10:44] [INFO] Batch [('a-deadline-or-time-limit', ('core', 'a-deadline-or-time-limit'), ('a-deadline-or-time-limit',))] count: 645
[GPU 0] [14:10:44] [INFO] Batch [('a-deadline-or-time-limit', ('core', 'a-deadline-or-time-limit'), ('core', 'a-deadline-or-time-limit'))] count: 161
[GPU 0] [14:10:44] [INFO] Batch [('core', ('core', 'a-deadline-or-time-limit'), ('core', 'a-deadline-or-time-limit'))] count: 1608
[GPU 0] [14:10:44] [INFO] Batch [('alien-encounters', ('core', 'alien-encounters'), ('alien-encounters',))] count: 645
[GPU 0] [14:10:44] [INFO] Batch [('alien-encounters', ('core', 'alien-encounters'), ('core', 'alien-encounters'))] count: 161
[GPU 0] [14:10:44] [INFO] Batch [('core', ('core', 'alien-encounters'), ('core', 'alien-encounters'))] count: 1608
[GPU 0] [14:10:44] [INFO] Batch [('bygone-eras', ('core', 'bygone-eras'), ('bygone-eras',))] count: 645
[GPU 0] [14:10:44] [INFO] Batch [('bygone-eras', ('core', 'bygone-eras'), ('core', 'bygone-eras'))] count: 161
[GPU 0] [14:10:44] [INFO] Batch [('core', ('core', 'bygone-eras'), ('core', 'bygone-eras'))] count: 1608
[GPU 0] [14:10:44] [INFO] Batch [('core', ('core', 'cultural-traditions'), ('core', 'cultural-traditions'))] count: 1608
[GPU 0] [14:10:44] [INFO] Batch [('cultural-traditions', ('core', 'cultural-traditions'), ('core', 'cultural-traditions'))] count: 161
[GPU 0] [14:10:44] [INFO] Batch [('cultural-traditions', ('core', 'cultural-traditions'), ('cultural-traditions',))] count: 645
[GPU 0] [14:10:44] [INFO] ---- Begin Routed ----
[GPU 0] [14:10:44] [DEBUG] acc_mode: heterogeneous
[GPU 0] [14:10:44] [INFO] num_total_steps: 16090
[GPU 0] [14:10:44] [INFO] LR schedule group 0: steps [0, 16090), warmup=1609, constant=12872, decay=1609
[GPU 0] [14:10:44] [INFO] LR Scheduler: Group warmup (step 0)
[GPU 0] [14:10:44] [INFO] CUDA memory before training loop:
[GPU 0] [14:10:44] [INFO] |===========================================================================|
[GPU 0] [14:10:44] [INFO] |                  PyTorch CUDA memory summary, device ID 0                 |
[GPU 0] [14:10:44] [INFO] |---------------------------------------------------------------------------|
[GPU 0] [14:10:44] [INFO] |            CUDA OOMs: 0            |        cudaMalloc retries: 0         |
[GPU 0] [14:10:44] [INFO] |===========================================================================|
[GPU 0] [14:10:44] [INFO] |        Metric         | Cur Usage  | Peak Usage | Tot Alloc  | Tot Freed  |
[GPU 0] [14:10:44] [INFO] |---------------------------------------------------------------------------|
[GPU 0] [14:10:44] [INFO] | Allocated memory      | 312538 KiB |   8061 MiB | 319200 GiB | 319200 GiB |
[GPU 0] [14:10:44] [INFO] |       from large pool | 278528 KiB |   8028 MiB | 318943 GiB | 318943 GiB |
[GPU 0] [14:10:44] [INFO] |       from small pool |  34010 KiB |     42 MiB |    256 GiB |    256 GiB |
[GPU 0] [14:10:44] [INFO] |---------------------------------------------------------------------------|
[GPU 0] [14:10:44] [INFO] | Active memory         | 312538 KiB |   8061 MiB | 319200 GiB | 319200 GiB |
[GPU 0] [14:10:44] [INFO] |       from large pool | 278528 KiB |   8028 MiB | 318943 GiB | 318943 GiB |
[GPU 0] [14:10:44] [INFO] |       from small pool |  34010 KiB |     42 MiB |    256 GiB |    256 GiB |
[GPU 0] [14:10:44] [INFO] |---------------------------------------------------------------------------|
[GPU 0] [14:10:44] [INFO] | Requested memory      | 312534 KiB |   8061 MiB | 319199 GiB | 319199 GiB |
[GPU 0] [14:10:44] [INFO] |       from large pool | 278528 KiB |   8028 MiB | 318943 GiB | 318943 GiB |
[GPU 0] [14:10:44] [INFO] |       from small pool |  34006 KiB |     42 MiB |    255 GiB |    255 GiB |
[GPU 0] [14:10:44] [INFO] |---------------------------------------------------------------------------|
[GPU 0] [14:10:44] [INFO] | GPU reserved memory   |   8284 MiB |   8284 MiB |   8284 MiB |      0 B   |
[GPU 0] [14:10:44] [INFO] |       from large pool |   8240 MiB |   8240 MiB |   8240 MiB |      0 B   |
[GPU 0] [14:10:44] [INFO] |       from small pool |     44 MiB |     44 MiB |     44 MiB |      0 B   |
[GPU 0] [14:10:44] [INFO] |---------------------------------------------------------------------------|
[GPU 0] [14:10:44] [INFO] | Non-releasable memory |      0 B   |      0 B   |      0 B   |      0 B   |
[GPU 0] [14:10:44] [INFO] |       from large pool |      0 B   |      0 B   |      0 B   |      0 B   |
[GPU 0] [14:10:44] [INFO] |       from small pool |      0 B   |      0 B   |      0 B   |      0 B   |
[GPU 0] [14:10:44] [INFO] |---------------------------------------------------------------------------|
[GPU 0] [14:10:44] [INFO] | Allocations           |     363    |     625    |   10276 K  |   10276 K  |
[GPU 0] [14:10:44] [INFO] |       from large pool |      70    |     168    |    5724 K  |    5723 K  |
[GPU 0] [14:10:44] [INFO] |       from small pool |     293    |     534    |    4552 K  |    4552 K  |
[GPU 0] [14:10:44] [INFO] |---------------------------------------------------------------------------|
[GPU 0] [14:10:44] [INFO] | Active allocs         |     363    |     625    |   10276 K  |   10276 K  |
[GPU 0] [14:10:44] [INFO] |       from large pool |      70    |     168    |    5724 K  |    5723 K  |
[GPU 0] [14:10:44] [INFO] |       from small pool |     293    |     534    |    4552 K  |    4552 K  |
[GPU 0] [14:10:44] [INFO] |---------------------------------------------------------------------------|
[GPU 0] [14:10:44] [INFO] | GPU reserved segments |       0    |       0    |       0    |       0    |
[GPU 0] [14:10:44] [INFO] |       from large pool |       0    |       0    |       0    |       0    |
[GPU 0] [14:10:44] [INFO] |       from small pool |       0    |       0    |       0    |       0    |
[GPU 0] [14:10:44] [INFO] |---------------------------------------------------------------------------|
[GPU 0] [14:10:44] [INFO] | Non-releasable allocs |       0    |       0    |       0    |       0    |
[GPU 0] [14:10:44] [INFO] |       from large pool |       0    |       0    |       0    |       0    |
[GPU 0] [14:10:44] [INFO] |       from small pool |       0    |       0    |       0    |       0    |
[GPU 0] [14:10:44] [INFO] |---------------------------------------------------------------------------|
[GPU 0] [14:10:44] [INFO] | Oversize allocations  |       0    |       0    |       0    |       0    |
[GPU 0] [14:10:44] [INFO] |---------------------------------------------------------------------------|
[GPU 0] [14:10:44] [INFO] | Oversize GPU segments |       0    |       0    |       0    |       0    |
[GPU 0] [14:10:44] [INFO] |===========================================================================|
[GPU 0] [14:10:44] [INFO] 
[GPU 0] [14:10:44] [INFO] Batch group start, LR: 1.0000e-08, batches: 16090, epochs: 1, group_total_steps: 16090
[GPU 0] [14:11:07] [INFO] CUDA memory after first training step:
[GPU 0] [14:11:07] [INFO] |===========================================================================|
[GPU 0] [14:11:07] [INFO] |                  PyTorch CUDA memory summary, device ID 0                 |
[GPU 0] [14:11:07] [INFO] |---------------------------------------------------------------------------|
[GPU 0] [14:11:07] [INFO] |            CUDA OOMs: 0            |        cudaMalloc retries: 0         |
[GPU 0] [14:11:07] [INFO] |===========================================================================|
[GPU 0] [14:11:07] [INFO] |        Metric         | Cur Usage  | Peak Usage | Tot Alloc  | Tot Freed  |
[GPU 0] [14:11:07] [INFO] |---------------------------------------------------------------------------|
[GPU 0] [14:11:07] [INFO] | Allocated memory      | 683745 KiB |   8499 MiB | 319359 GiB | 319358 GiB |
[GPU 0] [14:11:07] [INFO] |       from large pool | 622592 KiB |   8464 MiB | 319102 GiB | 319102 GiB |
[GPU 0] [14:11:07] [INFO] |       from small pool |  61153 KiB |     72 MiB |    256 GiB |    256 GiB |
[GPU 0] [14:11:07] [INFO] |---------------------------------------------------------------------------|
[GPU 0] [14:11:07] [INFO] | Active memory         | 683745 KiB |   8499 MiB | 319359 GiB | 319358 GiB |
[GPU 0] [14:11:07] [INFO] |       from large pool | 622592 KiB |   8464 MiB | 319102 GiB | 319102 GiB |
[GPU 0] [14:11:07] [INFO] |       from small pool |  61153 KiB |     72 MiB |    256 GiB |    256 GiB |
[GPU 0] [14:11:07] [INFO] |---------------------------------------------------------------------------|
[GPU 0] [14:11:07] [INFO] | Requested memory      | 683671 KiB |   8499 MiB | 319358 GiB | 319357 GiB |
[GPU 0] [14:11:07] [INFO] |       from large pool | 622592 KiB |   8464 MiB | 319102 GiB | 319102 GiB |
[GPU 0] [14:11:07] [INFO] |       from small pool |  61079 KiB |     72 MiB |    255 GiB |    255 GiB |
[GPU 0] [14:11:07] [INFO] |---------------------------------------------------------------------------|
[GPU 0] [14:11:07] [INFO] | GPU reserved memory   |   8834 MiB |   8834 MiB |   8834 MiB |      0 B   |
[GPU 0] [14:11:07] [INFO] |       from large pool |   8760 MiB |   8760 MiB |   8760 MiB |      0 B   |
[GPU 0] [14:11:07] [INFO] |       from small pool |     74 MiB |     74 MiB |     74 MiB |      0 B   |
[GPU 0] [14:11:07] [INFO] |---------------------------------------------------------------------------|
[GPU 0] [14:11:07] [INFO] | Non-releasable memory |      0 B   |      0 B   |      0 B   |      0 B   |
[GPU 0] [14:11:07] [INFO] |       from large pool |      0 B   |      0 B   |      0 B   |      0 B   |
[GPU 0] [14:11:07] [INFO] |       from small pool |      0 B   |      0 B   |      0 B   |      0 B   |
[GPU 0] [14:11:07] [INFO] |---------------------------------------------------------------------------|
[GPU 0] [14:11:07] [INFO] | Allocations           |     765    |     897    |   10279 K  |   10278 K  |
[GPU 0] [14:11:07] [INFO] |       from large pool |     107    |     181    |    5725 K  |    5725 K  |
[GPU 0] [14:11:07] [INFO] |       from small pool |     658    |     772    |    4553 K  |    4552 K  |
[GPU 0] [14:11:07] [INFO] |---------------------------------------------------------------------------|
[GPU 0] [14:11:07] [INFO] | Active allocs         |     765    |     897    |   10279 K  |   10278 K  |
[GPU 0] [14:11:07] [INFO] |       from large pool |     107    |     181    |    5725 K  |    5725 K  |
[GPU 0] [14:11:07] [INFO] |       from small pool |     658    |     772    |    4553 K  |    4552 K  |
[GPU 0] [14:11:07] [INFO] |---------------------------------------------------------------------------|
[GPU 0] [14:11:07] [INFO] | GPU reserved segments |       0    |       0    |       0    |       0    |
[GPU 0] [14:11:07] [INFO] |       from large pool |       0    |       0    |       0    |       0    |
[GPU 0] [14:11:07] [INFO] |       from small pool |       0    |       0    |       0    |       0    |
[GPU 0] [14:11:07] [INFO] |---------------------------------------------------------------------------|
[GPU 0] [14:11:07] [INFO] | Non-releasable allocs |       0    |       0    |       0    |       0    |
[GPU 0] [14:11:07] [INFO] |       from large pool |       0    |       0    |       0    |       0    |
[GPU 0] [14:11:07] [INFO] |       from small pool |       0    |       0    |       0    |       0    |
[GPU 0] [14:11:07] [INFO] |---------------------------------------------------------------------------|
[GPU 0] [14:11:07] [INFO] | Oversize allocations  |       0    |       0    |       0    |       0    |
[GPU 0] [14:11:07] [INFO] |---------------------------------------------------------------------------|
[GPU 0] [14:11:07] [INFO] | Oversize GPU segments |       0    |       0    |       0    |       0    |
[GPU 0] [14:11:07] [INFO] |===========================================================================|
[GPU 0] [14:11:07] [INFO] 
[GPU 0] [14:11:07] [INFO] Step: 1, LR: 3.1175e-06
[GPU 0] [14:11:07] [INFO] Train Loss: CORE: 8.38 A-DEADLINE-OR-TIME-LIMIT: nan ALIEN-ENCOUNTERS: nan BYGONE-ERAS: nan CULTURAL-TRADITIONS: nan 
[GPU 0] [14:12:15] [INFO] Step: 1000, LR: 3.1075e-03
[GPU 0] [14:12:15] [INFO] Train Loss: CORE: 2.65 A-DEADLINE-OR-TIME-LIMIT: 3.75 ALIEN-ENCOUNTERS: 3.35 BYGONE-ERAS: 3.41 CULTURAL-TRADITIONS: 3.72 
[GPU 0] [14:12:40] [INFO] LR Scheduler: Group constant (step 1609)
[GPU 0] [14:12:57] [INFO] Step: 2000, LR: 5.0000e-03
[GPU 0] [14:12:57] [INFO] Train Loss: CORE: 2.33 A-DEADLINE-OR-TIME-LIMIT: 2.81 ALIEN-ENCOUNTERS: 2.85 BYGONE-ERAS: 2.98 CULTURAL-TRADITIONS: 2.95 
[GPU 0] [14:13:40] [INFO] Step: 3000, LR: 5.0000e-03
[GPU 0] [14:13:40] [INFO] Train Loss: CORE: 2.14 A-DEADLINE-OR-TIME-LIMIT: 2.39 ALIEN-ENCOUNTERS: 2.24 BYGONE-ERAS: 2.35 CULTURAL-TRADITIONS: 2.43 
[GPU 0] [14:14:22] [INFO] Step: 4000, LR: 5.0000e-03
[GPU 0] [14:14:22] [INFO] Train Loss: CORE: 2.06 A-DEADLINE-OR-TIME-LIMIT: 2.21 ALIEN-ENCOUNTERS: 2.06 BYGONE-ERAS: 2.15 CULTURAL-TRADITIONS: 2.18 
[GPU 0] [14:15:05] [INFO] Step: 5000, LR: 5.0000e-03
[GPU 0] [14:15:05] [INFO] Train Loss: CORE: 2.00 A-DEADLINE-OR-TIME-LIMIT: 2.11 ALIEN-ENCOUNTERS: 1.97 BYGONE-ERAS: 2.05 CULTURAL-TRADITIONS: 2.09 
[GPU 0] [14:15:47] [INFO] Step: 6000, LR: 5.0000e-03
[GPU 0] [14:15:47] [INFO] Train Loss: CORE: 1.95 A-DEADLINE-OR-TIME-LIMIT: 2.06 ALIEN-ENCOUNTERS: 1.92 BYGONE-ERAS: 2.00 CULTURAL-TRADITIONS: 2.04 
[GPU 0] [14:16:30] [INFO] Step: 7000, LR: 5.0000e-03
[GPU 0] [14:16:30] [INFO] Train Loss: CORE: 1.93 A-DEADLINE-OR-TIME-LIMIT: 2.03 ALIEN-ENCOUNTERS: 1.89 BYGONE-ERAS: 1.97 CULTURAL-TRADITIONS: 1.99 
[GPU 0] [14:17:12] [INFO] Step: 8000, LR: 5.0000e-03
[GPU 0] [14:17:12] [INFO] Train Loss: CORE: 1.90 A-DEADLINE-OR-TIME-LIMIT: 1.98 ALIEN-ENCOUNTERS: 1.85 BYGONE-ERAS: 1.94 CULTURAL-TRADITIONS: 1.96 
[GPU 0] [14:17:53] [INFO] Step: 9000, LR: 5.0000e-03
[GPU 0] [14:17:53] [INFO] Train Loss: CORE: 1.89 A-DEADLINE-OR-TIME-LIMIT: 1.97 ALIEN-ENCOUNTERS: 1.83 BYGONE-ERAS: 1.92 CULTURAL-TRADITIONS: 1.94 
[GPU 0] [14:18:35] [INFO] Step: 10000, LR: 5.0000e-03
[GPU 0] [14:18:35] [INFO] Train Loss: CORE: 1.88 A-DEADLINE-OR-TIME-LIMIT: 1.95 ALIEN-ENCOUNTERS: 1.80 BYGONE-ERAS: 1.90 CULTURAL-TRADITIONS: 1.92 
[GPU 0] [14:19:15] [INFO] Step: 11000, LR: 5.0000e-03
[GPU 0] [14:19:15] [INFO] Train Loss: CORE: 1.87 A-DEADLINE-OR-TIME-LIMIT: 1.92 ALIEN-ENCOUNTERS: 1.78 BYGONE-ERAS: 1.87 CULTURAL-TRADITIONS: 1.90 
[GPU 0] [14:19:57] [INFO] Step: 12000, LR: 5.0000e-03
[GPU 0] [14:19:57] [INFO] Train Loss: CORE: 1.85 A-DEADLINE-OR-TIME-LIMIT: 1.91 ALIEN-ENCOUNTERS: 1.77 BYGONE-ERAS: 1.86 CULTURAL-TRADITIONS: 1.88 
[GPU 0] [14:20:40] [INFO] Step: 13000, LR: 5.0000e-03
[GPU 0] [14:20:40] [INFO] Train Loss: CORE: 1.82 A-DEADLINE-OR-TIME-LIMIT: 1.90 ALIEN-ENCOUNTERS: 1.75 BYGONE-ERAS: 1.85 CULTURAL-TRADITIONS: 1.86 
[GPU 0] [14:21:22] [INFO] Step: 14000, LR: 5.0000e-03
[GPU 0] [14:21:22] [INFO] Train Loss: CORE: 1.82 A-DEADLINE-OR-TIME-LIMIT: 1.87 ALIEN-ENCOUNTERS: 1.74 BYGONE-ERAS: 1.83 CULTURAL-TRADITIONS: 1.85 
[GPU 0] [14:21:43] [INFO] LR Scheduler: Group decay (step 14481)
[GPU 0] [14:22:05] [INFO] Step: 15000, LR: 3.3872e-03
[GPU 0] [14:22:05] [INFO] Train Loss: CORE: 1.78 A-DEADLINE-OR-TIME-LIMIT: 1.86 ALIEN-ENCOUNTERS: 1.73 BYGONE-ERAS: 1.81 CULTURAL-TRADITIONS: 1.85 
[GPU 0] [14:22:48] [INFO] Step: 16000, LR: 2.7969e-04
[GPU 0] [14:22:48] [INFO] Train Loss: CORE: 1.72 A-DEADLINE-OR-TIME-LIMIT: 1.83 ALIEN-ENCOUNTERS: 1.69 BYGONE-ERAS: 1.77 CULTURAL-TRADITIONS: 1.80 
[GPU 0] [14:22:51] [INFO] Step: 16090, LR: 1.0000e-08
[GPU 0] [14:22:51] [INFO] Train Loss: CORE: 1.72 A-DEADLINE-OR-TIME-LIMIT: 1.82 ALIEN-ENCOUNTERS: 1.68 BYGONE-ERAS: 1.77 CULTURAL-TRADITIONS: 1.80 
[GPU 0] [14:22:53] [INFO] ---- Begin Eval ----
[GPU 0] [14:22:53] [INFO] Data: core | Experts: ['core']
[GPU 0] [14:23:32] [INFO] loss: 1.70754600
[GPU 0] [14:23:32] [INFO] Data: a-deadline-or-time-limit | Experts: ['core']
[GPU 0] [14:23:33] [INFO] loss: 1.90742183
[GPU 0] [14:23:33] [INFO] Data: alien-encounters | Experts: ['core']
[GPU 0] [14:23:33] [INFO] loss: 1.77055919
[GPU 0] [14:23:33] [INFO] Data: bygone-eras | Experts: ['core']
[GPU 0] [14:23:34] [INFO] loss: 1.73998392
[GPU 0] [14:23:34] [INFO] Data: cultural-traditions | Experts: ['core']
[GPU 0] [14:23:35] [INFO] loss: 1.79399669
[GPU 0] [14:23:35] [INFO] ---- Begin Eval ----
[GPU 0] [14:23:35] [INFO] Data: core | Experts: ['a-deadline-or-time-limit', 'core']
[GPU 0] [14:24:10] [INFO] loss: 1.71062541
[GPU 0] [14:24:10] [INFO] Data: a-deadline-or-time-limit | Experts: ['a-deadline-or-time-limit', 'core']
[GPU 0] [14:24:11] [INFO] loss: 1.77109373
[GPU 0] [14:24:11] [INFO] Data: alien-encounters | Experts: ['a-deadline-or-time-limit', 'core']
[GPU 0] [14:24:12] [INFO] loss: 1.77220392
[GPU 0] [14:24:12] [INFO] Data: bygone-eras | Experts: ['a-deadline-or-time-limit', 'core']
[GPU 0] [14:24:12] [INFO] loss: 1.74138618
[GPU 0] [14:24:12] [INFO] Data: cultural-traditions | Experts: ['a-deadline-or-time-limit', 'core']
[GPU 0] [14:24:13] [INFO] loss: 1.79111838
[GPU 0] [14:24:13] [INFO] ---- Begin Eval ----
[GPU 0] [14:24:13] [INFO] Data: core | Experts: ['alien-encounters', 'core']
[GPU 0] [14:24:48] [INFO] loss: 1.71093285
[GPU 0] [14:24:48] [INFO] Data: a-deadline-or-time-limit | Experts: ['alien-encounters', 'core']
[GPU 0] [14:24:49] [INFO] loss: 1.90839839
[GPU 0] [14:24:49] [INFO] Data: alien-encounters | Experts: ['alien-encounters', 'core']
[GPU 0] [14:24:49] [INFO] loss: 1.64967108
[GPU 0] [14:24:49] [INFO] Data: bygone-eras | Experts: ['alien-encounters', 'core']
[GPU 0] [14:24:50] [INFO] loss: 1.74358976
[GPU 0] [14:24:50] [INFO] Data: cultural-traditions | Experts: ['alien-encounters', 'core']
[GPU 0] [14:24:51] [INFO] loss: 1.79543591
[GPU 0] [14:24:51] [INFO] ---- Begin Eval ----
[GPU 0] [14:24:51] [INFO] Data: core | Experts: ['bygone-eras', 'core']
[GPU 0] [14:25:25] [INFO] loss: 1.70841718
[GPU 0] [14:25:25] [INFO] Data: a-deadline-or-time-limit | Experts: ['bygone-eras', 'core']
[GPU 0] [14:25:25] [INFO] loss: 1.90410161
[GPU 0] [14:25:25] [INFO] Data: alien-encounters | Experts: ['bygone-eras', 'core']
[GPU 0] [14:25:26] [INFO] loss: 1.77117598
[GPU 0] [14:25:26] [INFO] Data: bygone-eras | Experts: ['bygone-eras', 'core']
[GPU 0] [14:25:27] [INFO] loss: 1.72495997
[GPU 0] [14:25:27] [INFO] Data: cultural-traditions | Experts: ['bygone-eras', 'core']
[GPU 0] [14:25:28] [INFO] loss: 1.78310037
[GPU 0] [14:25:28] [INFO] ---- Begin Eval ----
[GPU 0] [14:25:28] [INFO] Data: core | Experts: ['core', 'cultural-traditions']
[GPU 0] [14:26:02] [INFO] loss: 1.70917189
[GPU 0] [14:26:02] [INFO] Data: a-deadline-or-time-limit | Experts: ['core', 'cultural-traditions']
[GPU 0] [14:26:03] [INFO] loss: 1.90312505
[GPU 0] [14:26:03] [INFO] Data: alien-encounters | Experts: ['core', 'cultural-traditions']
[GPU 0] [14:26:04] [INFO] loss: 1.77158713
[GPU 0] [14:26:04] [INFO] Data: bygone-eras | Experts: ['core', 'cultural-traditions']
[GPU 0] [14:26:04] [INFO] loss: 1.73397434
[GPU 0] [14:26:04] [INFO] Data: cultural-traditions | Experts: ['core', 'cultural-traditions']
[GPU 0] [14:26:05] [INFO] loss: 1.75308383
[GPU 0] [14:26:06] [INFO] ROUTED - ADVERSARIAL FT START
[GPU 0] [14:26:07] [INFO] ---- Begin FT | Experts: ['core'] | Data: ['a-deadline-or-time-limit'] ----
[GPU 0] [14:26:07] [DEBUG] num_seq: 512, num_rounds: 200, patience: 10
[GPU 0] [14:26:07] [DEBUG] local_x: torch.Size([512, 256]), local_y: torch.Size([512, 256]), num_steps: 4, per_gpu: 512, mbs_size: 128
[GPU 0] [14:26:10] [INFO] New best validation loss: 1.8770 @ step 0
[GPU 0] [14:26:11] [INFO] New best validation loss: 1.8639 @ step 1
[GPU 0] [14:26:12] [INFO] New best validation loss: 1.8590 @ step 2
[GPU 0] [14:26:22] [INFO] Stop FT @ 14: no val improvement for 10 steps
[GPU 0] [14:26:22] [INFO] Wrote stats.jsonl entries at FT step 2 
[GPU 0] [14:26:22] [INFO] ---- Begin FT | Experts: ['core'] | Data: ['alien-encounters'] ----
[GPU 0] [14:26:22] [DEBUG] num_seq: 512, num_rounds: 200, patience: 10
[GPU 0] [14:26:22] [DEBUG] local_x: torch.Size([512, 256]), local_y: torch.Size([512, 256]), num_steps: 4, per_gpu: 512, mbs_size: 128
[GPU 0] [14:26:23] [INFO] New best validation loss: 1.7473 @ step 0
[GPU 0] [14:26:24] [INFO] New best validation loss: 1.7381 @ step 1
[GPU 0] [14:26:25] [INFO] New best validation loss: 1.7362 @ step 2
[GPU 0] [14:26:36] [INFO] Stop FT @ 14: no val improvement for 10 steps
[GPU 0] [14:26:36] [INFO] Wrote stats.jsonl entries at FT step 2 
[GPU 0] [14:26:37] [INFO] ---- Begin FT | Experts: ['core'] | Data: ['bygone-eras'] ----
[GPU 0] [14:26:37] [DEBUG] num_seq: 512, num_rounds: 200, patience: 10
[GPU 0] [14:26:37] [DEBUG] local_x: torch.Size([512, 256]), local_y: torch.Size([512, 256]), num_steps: 4, per_gpu: 512, mbs_size: 128
[GPU 0] [14:26:38] [INFO] New best validation loss: 1.7396 @ step 0
[GPU 0] [14:26:48] [INFO] Stop FT @ 12: no val improvement for 10 steps
[GPU 0] [14:26:48] [INFO] Wrote stats.jsonl entries at FT step 0 
[GPU 0] [14:26:49] [INFO] ---- Begin FT | Experts: ['core'] | Data: ['cultural-traditions'] ----
[GPU 0] [14:26:49] [DEBUG] num_seq: 512, num_rounds: 200, patience: 10
[GPU 0] [14:26:49] [DEBUG] local_x: torch.Size([512, 256]), local_y: torch.Size([512, 256]), num_steps: 4, per_gpu: 512, mbs_size: 128
[GPU 0] [14:26:50] [INFO] New best validation loss: 1.7856 @ step 0
[GPU 0] [14:26:51] [INFO] New best validation loss: 1.7843 @ step 1
[GPU 0] [14:27:00] [INFO] Stop FT @ 13: no val improvement for 10 steps
[GPU 0] [14:27:00] [INFO] Wrote stats.jsonl entries at FT step 1 
[GPU 0] [14:27:00] [INFO] ROUTED - ADVERSARIAL FT START
[GPU 0] [14:27:00] [INFO] ---- Begin FT | Experts: ['a-deadline-or-time-limit', 'core'] | Data: ['alien-encounters'] ----
[GPU 0] [14:27:00] [DEBUG] num_seq: 512, num_rounds: 200, patience: 10
[GPU 0] [14:27:00] [DEBUG] local_x: torch.Size([512, 256]), local_y: torch.Size([512, 256]), num_steps: 4, per_gpu: 512, mbs_size: 128
[GPU 0] [14:27:01] [INFO] New best validation loss: 1.7486 @ step 0
[GPU 0] [14:27:02] [INFO] New best validation loss: 1.7391 @ step 1
[GPU 0] [14:27:03] [INFO] New best validation loss: 1.7375 @ step 2
[GPU 0] [14:27:14] [INFO] Stop FT @ 14: no val improvement for 10 steps
[GPU 0] [14:27:14] [INFO] Wrote stats.jsonl entries at FT step 2 
[GPU 0] [14:27:14] [INFO] ---- Begin FT | Experts: ['a-deadline-or-time-limit', 'core'] | Data: ['bygone-eras'] ----
[GPU 0] [14:27:14] [DEBUG] num_seq: 512, num_rounds: 200, patience: 10
[GPU 0] [14:27:14] [DEBUG] local_x: torch.Size([512, 256]), local_y: torch.Size([512, 256]), num_steps: 4, per_gpu: 512, mbs_size: 128
[GPU 0] [14:27:15] [INFO] New best validation loss: 1.7408 @ step 0
[GPU 0] [14:27:26] [INFO] Stop FT @ 12: no val improvement for 10 steps
[GPU 0] [14:27:26] [INFO] Wrote stats.jsonl entries at FT step 0 
[GPU 0] [14:27:26] [INFO] ---- Begin FT | Experts: ['a-deadline-or-time-limit', 'core'] | Data: ['cultural-traditions'] ----
[GPU 0] [14:27:26] [DEBUG] num_seq: 512, num_rounds: 200, patience: 10
[GPU 0] [14:27:26] [DEBUG] local_x: torch.Size([512, 256]), local_y: torch.Size([512, 256]), num_steps: 4, per_gpu: 512, mbs_size: 128
[GPU 0] [14:27:27] [INFO] New best validation loss: 1.7835 @ step 0
[GPU 0] [14:27:28] [INFO] New best validation loss: 1.7827 @ step 1
[GPU 0] [14:27:38] [INFO] Stop FT @ 13: no val improvement for 10 steps
[GPU 0] [14:27:38] [INFO] Wrote stats.jsonl entries at FT step 1 
[GPU 0] [14:27:39] [INFO] ROUTED - ADVERSARIAL FT START
[GPU 0] [14:27:39] [INFO] ---- Begin FT | Experts: ['alien-encounters', 'core'] | Data: ['a-deadline-or-time-limit'] ----
[GPU 0] [14:27:39] [DEBUG] num_seq: 512, num_rounds: 200, patience: 10
[GPU 0] [14:27:39] [DEBUG] local_x: torch.Size([512, 256]), local_y: torch.Size([512, 256]), num_steps: 4, per_gpu: 512, mbs_size: 128
[GPU 0] [14:27:40] [INFO] New best validation loss: 1.8775 @ step 0
[GPU 0] [14:27:41] [INFO] New best validation loss: 1.8643 @ step 1
[GPU 0] [14:27:42] [INFO] New best validation loss: 1.8605 @ step 2
[GPU 0] [14:27:53] [INFO] Stop FT @ 14: no val improvement for 10 steps
[GPU 0] [14:27:53] [INFO] Wrote stats.jsonl entries at FT step 2 
[GPU 0] [14:27:53] [INFO] ---- Begin FT | Experts: ['alien-encounters', 'core'] | Data: ['bygone-eras'] ----
[GPU 0] [14:27:53] [DEBUG] num_seq: 512, num_rounds: 200, patience: 10
[GPU 0] [14:27:53] [DEBUG] local_x: torch.Size([512, 256]), local_y: torch.Size([512, 256]), num_steps: 4, per_gpu: 512, mbs_size: 128
[GPU 0] [14:27:54] [INFO] New best validation loss: 1.7418 @ step 0
[GPU 0] [14:28:05] [INFO] Stop FT @ 12: no val improvement for 10 steps
[GPU 0] [14:28:05] [INFO] Wrote stats.jsonl entries at FT step 0 
[GPU 0] [14:28:05] [INFO] ---- Begin FT | Experts: ['alien-encounters', 'core'] | Data: ['cultural-traditions'] ----
[GPU 0] [14:28:05] [DEBUG] num_seq: 512, num_rounds: 200, patience: 10
[GPU 0] [14:28:05] [DEBUG] local_x: torch.Size([512, 256]), local_y: torch.Size([512, 256]), num_steps: 4, per_gpu: 512, mbs_size: 128
[GPU 0] [14:28:06] [INFO] New best validation loss: 1.7872 @ step 0
[GPU 0] [14:28:07] [INFO] New best validation loss: 1.7860 @ step 1
[GPU 0] [14:28:19] [INFO] Stop FT @ 13: no val improvement for 10 steps
[GPU 0] [14:28:19] [INFO] Wrote stats.jsonl entries at FT step 1 
[GPU 0] [14:28:19] [INFO] ROUTED - ADVERSARIAL FT START
[GPU 0] [14:28:19] [INFO] ---- Begin FT | Experts: ['bygone-eras', 'core'] | Data: ['a-deadline-or-time-limit'] ----
[GPU 0] [14:28:19] [DEBUG] num_seq: 512, num_rounds: 200, patience: 10
[GPU 0] [14:28:19] [DEBUG] local_x: torch.Size([512, 256]), local_y: torch.Size([512, 256]), num_steps: 4, per_gpu: 512, mbs_size: 128
[GPU 0] [14:28:20] [INFO] New best validation loss: 1.8738 @ step 0
[GPU 0] [14:28:22] [INFO] New best validation loss: 1.8611 @ step 1
[GPU 0] [14:28:23] [INFO] New best validation loss: 1.8572 @ step 2
[GPU 0] [14:28:35] [INFO] Stop FT @ 14: no val improvement for 10 steps
[GPU 0] [14:28:35] [INFO] Wrote stats.jsonl entries at FT step 2 
[GPU 0] [14:28:36] [INFO] ---- Begin FT | Experts: ['bygone-eras', 'core'] | Data: ['alien-encounters'] ----
[GPU 0] [14:28:36] [DEBUG] num_seq: 512, num_rounds: 200, patience: 10
[GPU 0] [14:28:36] [DEBUG] local_x: torch.Size([512, 256]), local_y: torch.Size([512, 256]), num_steps: 4, per_gpu: 512, mbs_size: 128
[GPU 0] [14:28:37] [INFO] New best validation loss: 1.7477 @ step 0
[GPU 0] [14:28:38] [INFO] New best validation loss: 1.7387 @ step 1
[GPU 0] [14:28:39] [INFO] New best validation loss: 1.7366 @ step 2
[GPU 0] [14:28:50] [INFO] Stop FT @ 14: no val improvement for 10 steps
[GPU 0] [14:28:50] [INFO] Wrote stats.jsonl entries at FT step 2 
[GPU 0] [14:28:50] [INFO] ---- Begin FT | Experts: ['bygone-eras', 'core'] | Data: ['cultural-traditions'] ----
[GPU 0] [14:28:50] [DEBUG] num_seq: 512, num_rounds: 200, patience: 10
[GPU 0] [14:28:50] [DEBUG] local_x: torch.Size([512, 256]), local_y: torch.Size([512, 256]), num_steps: 4, per_gpu: 512, mbs_size: 128
[GPU 0] [14:28:51] [INFO] New best validation loss: 1.7792 @ step 0
[GPU 0] [14:29:03] [INFO] Stop FT @ 12: no val improvement for 10 steps
[GPU 0] [14:29:03] [INFO] Wrote stats.jsonl entries at FT step 0 
[GPU 0] [14:29:03] [INFO] ROUTED - ADVERSARIAL FT START
[GPU 0] [14:29:03] [INFO] ---- Begin FT | Experts: ['core', 'cultural-traditions'] | Data: ['a-deadline-or-time-limit'] ----
[GPU 0] [14:29:03] [DEBUG] num_seq: 512, num_rounds: 200, patience: 10
[GPU 0] [14:29:04] [DEBUG] local_x: torch.Size([512, 256]), local_y: torch.Size([512, 256]), num_steps: 4, per_gpu: 512, mbs_size: 128
[GPU 0] [14:29:05] [INFO] New best validation loss: 1.8730 @ step 0
[GPU 0] [14:29:06] [INFO] New best validation loss: 1.8600 @ step 1
[GPU 0] [14:29:07] [INFO] New best validation loss: 1.8561 @ step 2
[GPU 0] [14:29:19] [INFO] Stop FT @ 14: no val improvement for 10 steps
[GPU 0] [14:29:19] [INFO] Wrote stats.jsonl entries at FT step 2 
[GPU 0] [14:29:20] [INFO] ---- Begin FT | Experts: ['core', 'cultural-traditions'] | Data: ['alien-encounters'] ----
[GPU 0] [14:29:20] [DEBUG] num_seq: 512, num_rounds: 200, patience: 10
[GPU 0] [14:29:20] [DEBUG] local_x: torch.Size([512, 256]), local_y: torch.Size([512, 256]), num_steps: 4, per_gpu: 512, mbs_size: 128
[GPU 0] [14:29:21] [INFO] New best validation loss: 1.7484 @ step 0
[GPU 0] [14:29:22] [INFO] New best validation loss: 1.7387 @ step 1
[GPU 0] [14:29:23] [INFO] New best validation loss: 1.7366 @ step 2
[GPU 0] [14:29:35] [INFO] Stop FT @ 14: no val improvement for 10 steps
[GPU 0] [14:29:35] [INFO] Wrote stats.jsonl entries at FT step 2 
[GPU 0] [14:29:36] [INFO] ---- Begin FT | Experts: ['core', 'cultural-traditions'] | Data: ['bygone-eras'] ----
[GPU 0] [14:29:36] [DEBUG] num_seq: 512, num_rounds: 200, patience: 10
[GPU 0] [14:29:36] [DEBUG] local_x: torch.Size([512, 256]), local_y: torch.Size([512, 256]), num_steps: 4, per_gpu: 512, mbs_size: 128
[GPU 0] [14:29:37] [INFO] New best validation loss: 1.7354 @ step 0
[GPU 0] [14:29:49] [INFO] Stop FT @ 12: no val improvement for 10 steps
[GPU 0] [14:29:49] [INFO] Wrote stats.jsonl entries at FT step 0 
[GPU 0] [14:29:49] [INFO] ----------------------------------------
[GPU 0] [14:29:49] [INFO] Finished. See /workspace-vast/ethanr/gradient-routing/experiments/arXiv-Codebase/results/auxnum/v3/num_aux_4/seed_1/20260630134823265706
