[GPU 0] [01:21:19] [INFO] Number of GPUs: 8
[GPU 0] [01:21:20] [INFO] Tokenizer vocabulary: 50257
[GPU 0] [01:21:20] [INFO] Set model vocab size to nearest multiple of 64 of tokenizer size: 50304
[GPU 0] [01:21:23] [INFO] target effective batch size: 512, actual effective batch size: 528, micro batch size: 22, accumulation steps: 3, num gpus: 8
[GPU 0] [01:21:23] [INFO] core total number of tokens: 124693822984
[GPU 0] [01:21:23] [INFO] Baseline model has 402,064,768 parameters
[GPU 0] [01:21:23] [INFO] core: chinchilla optimal tokens: 8,041,295,360, requested proportion: 1.0000, requested number of tokens: 8,041,295,360.0, 
[GPU 0] [01:21:23] [INFO] aux total number of tokens: 4835776549
[GPU 0] [01:21:23] [INFO] Baseline model has 402,064,768 parameters
[GPU 0] [01:21:23] [INFO] aux: chinchilla optimal tokens: 8,041,295,360, requested proportion: 0.0100, requested number of tokens: 80,412,953.60000001, 
[GPU 0] [01:21:23] [DEBUG] Saved config to /workspace/gradient-routing/experiments/AGI-1699-New-Dataset-Runs/results/optimize/base/realistic/400M/seed_3/20260421012112518905/config.json
[GPU 0] [01:21:23] [DEBUG] {
    "stages": [
        {
            "name": "baseline",
            "num_checkpoints": -1,
            "lr": 0.0002,
            "res_dir": "/workspace/gradient-routing/experiments/AGI-1699-New-Dataset-Runs/results/optimize/base/realistic/400M/seed_3/20260421012112518905/baseline",
            "do_eval": true,
            "do_sample": false,
            "num_train_evals": 0,
            "do_elicit": false,
            "elicit_eval_prc": 0.5,
            "elicit_num_evals": 100
        }
    ],
    "model": {
        "arch": "base",
        "tokenizer": "GPT2Tokenizer(name_or_path='EleutherAI/gpt-neo-125M', vocab_size=50257, model_max_length=2048, padding_side='right', truncation_side='right', special_tokens={'bos_token': '<|endoftext|>', 'eos_token': '<|endoftext|>', 'unk_token': '<|endoftext|>'}, added_tokens_decoder={\n\t50256: AddedToken(\"<|endoftext|>\", rstrip=False, lstrip=False, single_word=False, normalized=True, special=True),\n}\n)",
        "ctx_len": 1024,
        "vocab_size": 50304,
        "num_layers": 18,
        "num_heads": 8,
        "num_key_value": 2,
        "attn_bias": true,
        "eos_token_id": 50256,
        "embed_dim": 1216,
        "mlp_dim": 4864
    },
    "data": {
        "dirs": [
            "/workspace/gradient-routing/experiments/AGI-1699-New-Dataset-Runs/src/data/fineweb",
            "/workspace/gradient-routing/experiments/AGI-1699-New-Dataset-Runs/src/data/code",
            "/workspace/gradient-routing/experiments/AGI-1699-New-Dataset-Runs/src/data/papers"
        ],
        "core": {
            "labels": [
                "fineweb",
                "code-other",
                "papers-other"
            ],
            "method": "optimal",
            "limit": 1.0,
            "dist": {
                "fineweb": 0.84,
                "code-other": 0.15,
                "papers-other": 0.01
            },
            "num_tok": 8041295360.0
        },
        "aux": {
            "labels": [
                "code-lisp",
                "papers-biology",
                "papers-nuclear",
                "papers-cyber"
            ],
            "method": "optimal",
            "limit": 0.01,
            "dist": {
                "code-lisp": 0.25,
                "papers-biology": 0.25,
                "papers-nuclear": 0.25,
                "papers-cyber": 0.25
            },
            "num_tok": 80412953.60000001
        }
    },
    "run": {
        "target_effective_batch_size": 512,
        "effective_batch_size": 528,
        "micro_batch_size": 22,
        "accumulation_steps": 3,
        "max_num_test_sequences": 10000,
        "eval_all_labels": false,
        "micro_batch_anchors": [
            [
                400000000.0,
                23
            ],
            [
                5000000000.0,
                2
            ]
        ],
        "epochs": 1,
        "adam_betas": [
            0.9,
            0.95
        ],
        "warmup_prc": 0.02,
        "decay_prc": 0.1,
        "seed": 3,
        "compile": true,
        "is_ddp": true,
        "optimize_routed": true,
        "cleanup_distributed": false,
        "log_level": "DEBUG",
        "num_gpus": 8,
        "process_id": 0,
        "num_base_params": 402064768,
        "device": "cuda",
        "logger": "<Logger training_20260421012112518905 (DEBUG)>",
        "labels": [
            "core",
            "code-lisp",
            "papers-biology",
            "papers-cyber",
            "papers-nuclear"
        ],
        "loaders": {
            "code-lisp": {
                "train": "SingleDataLoader(code-lisp_train_001.bin, len=111)",
                "test": "InterleavedDataLoader(len=57)"
            },
            "code-other": {
                "train": "InterleavedDataLoader(len=6692)",
                "test": "InterleavedDataLoader(len=57)"
            },
            "fineweb": {
                "train": "InterleavedDataLoader(len=37479)",
                "test": "InterleavedDataLoader(len=57)"
            },
            "papers-biology": {
                "train": "SingleDataLoader(papers-biology_train.bin, len=111)",
                "test": "SingleDataLoader(papers-biology_test.bin, len=57)"
            },
            "papers-cyber": {
                "train": "SingleDataLoader(papers-cyber_train.bin, len=111)",
                "test": "SingleDataLoader(papers-cyber_test.bin, len=57)"
            },
            "papers-nuclear": {
                "train": "SingleDataLoader(papers-nuclear_train.bin, len=111)",
                "test": "SingleDataLoader(papers-nuclear_test.bin, len=57)"
            },
            "papers-other": {
                "train": "SingleDataLoader(papers-other_train.bin, len=446)",
                "test": "SingleDataLoader(papers-other_test.bin, len=57)"
            },
            "core": {
                "train": "InterleavedDataLoader(len=44617)",
                "test": "InterleavedDataLoader(len=171)"
            },
            "aux": {
                "train": "InterleavedDataLoader(len=444)",
                "test": "InterleavedDataLoader(len=228)"
            },
            "all": {
                "train": "InterleavedDataLoader(len=45061)",
                "test": "InterleavedDataLoader(len=399)"
            }
        },
        "res_root": "/workspace/gradient-routing/experiments/AGI-1699-New-Dataset-Runs/results/optimize/base/realistic/400M/seed_3",
        "experiment_id": "20260421012112518905",
        "s3_bucket": "ae-gradient-routing-results",
        "s3_prefix": "optimize/base/realistic/400M/seed_3"
    }
}
[GPU 0] [01:21:23] [INFO] Loader code-lisp train: 111, test: 57
[GPU 0] [01:21:23] [INFO] Loader code-other train: 6692, test: 57
[GPU 0] [01:21:23] [INFO] Loader fineweb train: 37479, test: 57
[GPU 0] [01:21:23] [INFO] Loader papers-biology train: 111, test: 57
[GPU 0] [01:21:23] [INFO] Loader papers-cyber train: 111, test: 57
[GPU 0] [01:21:23] [INFO] Loader papers-nuclear train: 111, test: 57
[GPU 0] [01:21:23] [INFO] Loader papers-other train: 446, test: 57
[GPU 0] [01:21:23] [INFO] Loader core train: 44617, test: 171
[GPU 0] [01:21:23] [INFO] Loader aux train: 444, test: 228
[GPU 0] [01:21:23] [INFO] Loader all train: 45061, test: 399
[GPU 0] [01:21:23] [INFO] Stage [baseline] start: {"name": "baseline", "num_checkpoints": -1, "lr": 0.0002, "res_dir": "/workspace/gradient-routing/experiments/AGI-1699-New-Dataset-Runs/results/optimize/base/realistic/400M/seed_3/20260421012112518905/baseline", "do_eval": true, "do_sample": false, "num_train_evals": 0, "do_elicit": false, "elicit_eval_prc": 0.5, "elicit_num_evals": 100}
[GPU 0] [01:21:23] [INFO] BASELINE START
[GPU 0] [01:21:26] [INFO] Initialized BaseTransformer with 402,064,768 total parameters
[GPU 0] [01:21:26] [INFO] Compiling BaseTransformer with torch.compile...
[GPU 0] [01:21:26] [INFO] torch.compile done
[GPU 0] [01:21:27] [WARNING] restore_partial_state: no checkpoint found at /workspace/gradient-routing/experiments/AGI-1699-New-Dataset-Runs/results/optimize/base/realistic/400M/seed_3/20260421012112518905/baseline
[GPU 0] [01:21:27] [INFO] ---- Begin Train | Data Labels: ['all'] ----
[GPU 0] [01:21:27] [INFO] warmup_steps: 300
[GPU 0] [01:21:27] [INFO] constant_steps: 13218
[GPU 0] [01:21:27] [INFO] decay_steps: 1502
[GPU 0] [01:21:27] [INFO] LR Scheduler: Warmup Start
[GPU 0] [01:21:58] [INFO] Step: 1, LR: 6.77e-07
[GPU 0] [01:21:58] [INFO] Train Loss: CORE: 11.10 CODE-LISP: nan PAPERS-BIOLOGY: nan PAPERS-CYBER: nan PAPERS-NUCLEAR: nan 
[GPU 0] [01:24:53] [INFO] LR Scheduler: Constant Start
[GPU 0] [01:31:37] [INFO] Step: 1000, LR: 2.00e-04
[GPU 0] [01:31:37] [INFO] Train Loss: CORE: 4.44 CODE-LISP: 5.03 PAPERS-BIOLOGY: 5.19 PAPERS-CYBER: 5.15 PAPERS-NUCLEAR: 5.47 
[GPU 0] [01:41:11] [INFO] Step: 2000, LR: 2.00e-04
[GPU 0] [01:41:11] [INFO] Train Loss: CORE: 3.53 CODE-LISP: 2.67 PAPERS-BIOLOGY: 4.46 PAPERS-CYBER: 4.33 PAPERS-NUCLEAR: 5.00 
[GPU 0] [01:50:46] [INFO] Step: 3000, LR: 2.00e-04
[GPU 0] [01:50:46] [INFO] Train Loss: CORE: 3.04 CODE-LISP: 1.68 PAPERS-BIOLOGY: 3.53 PAPERS-CYBER: 3.76 PAPERS-NUCLEAR: 3.98 
[GPU 0] [02:00:20] [INFO] Step: 4000, LR: 2.00e-04
[GPU 0] [02:00:20] [INFO] Train Loss: CORE: 3.56 CODE-LISP: 1.47 PAPERS-BIOLOGY: 3.33 PAPERS-CYBER: 3.56 PAPERS-NUCLEAR: 3.64 
[GPU 0] [02:09:54] [INFO] Step: 5000, LR: 2.00e-04
[GPU 0] [02:09:54] [INFO] Train Loss: CORE: 3.42 CODE-LISP: 1.44 PAPERS-BIOLOGY: 3.20 PAPERS-CYBER: 3.48 PAPERS-NUCLEAR: 3.60 
[GPU 0] [02:19:28] [INFO] Step: 6000, LR: 2.00e-04
[GPU 0] [02:19:28] [INFO] Train Loss: CORE: 2.89 CODE-LISP: 1.46 PAPERS-BIOLOGY: 3.12 PAPERS-CYBER: 3.36 PAPERS-NUCLEAR: 3.52 
[GPU 0] [02:29:02] [INFO] Step: 7000, LR: 2.00e-04
[GPU 0] [02:29:02] [INFO] Train Loss: CORE: 3.30 CODE-LISP: 1.40 PAPERS-BIOLOGY: 3.07 PAPERS-CYBER: 3.30 PAPERS-NUCLEAR: 3.45 
[GPU 0] [02:38:36] [INFO] Step: 8000, LR: 2.00e-04
[GPU 0] [02:38:36] [INFO] Train Loss: CORE: 3.30 CODE-LISP: 1.34 PAPERS-BIOLOGY: 3.03 PAPERS-CYBER: 3.27 PAPERS-NUCLEAR: 3.46 
[GPU 0] [02:48:10] [INFO] Step: 9000, LR: 2.00e-04
[GPU 0] [02:48:10] [INFO] Train Loss: CORE: 2.80 CODE-LISP: 1.21 PAPERS-BIOLOGY: 3.05 PAPERS-CYBER: 3.28 PAPERS-NUCLEAR: 3.33 
[GPU 0] [02:57:44] [INFO] Step: 10000, LR: 2.00e-04
[GPU 0] [02:57:44] [INFO] Train Loss: CORE: 2.26 CODE-LISP: 1.15 PAPERS-BIOLOGY: 3.02 PAPERS-CYBER: 3.24 PAPERS-NUCLEAR: 3.26 
[GPU 0] [03:07:18] [INFO] Step: 11000, LR: 2.00e-04
[GPU 0] [03:07:18] [INFO] Train Loss: CORE: 2.96 CODE-LISP: 1.10 PAPERS-BIOLOGY: 2.97 PAPERS-CYBER: 3.21 PAPERS-NUCLEAR: 3.33 
[GPU 0] [03:16:52] [INFO] Step: 12000, LR: 2.00e-04
[GPU 0] [03:16:52] [INFO] Train Loss: CORE: 2.93 CODE-LISP: 1.08 PAPERS-BIOLOGY: 2.96 PAPERS-CYBER: 3.17 PAPERS-NUCLEAR: 3.33 
[GPU 0] [03:26:26] [INFO] Step: 13000, LR: 2.00e-04
[GPU 0] [03:26:26] [INFO] Train Loss: CORE: 2.90 CODE-LISP: 1.17 PAPERS-BIOLOGY: 2.92 PAPERS-CYBER: 3.16 PAPERS-NUCLEAR: 3.25 
[GPU 0] [03:31:23] [INFO] LR Scheduler: Decay Start
[GPU 0] [03:36:00] [INFO] Step: 14000, LR: 1.36e-04
[GPU 0] [03:36:00] [INFO] Train Loss: CORE: 3.15 CODE-LISP: 0.97 PAPERS-BIOLOGY: 2.93 PAPERS-CYBER: 3.17 PAPERS-NUCLEAR: 3.22 
[GPU 0] [03:45:33] [INFO] Step: 15000, LR: 2.67e-06
[GPU 0] [03:45:33] [INFO] Train Loss: CORE: 2.59 CODE-LISP: 0.90 PAPERS-BIOLOGY: 2.85 PAPERS-CYBER: 3.13 PAPERS-NUCLEAR: 3.13 
[GPU 0] [03:45:45] [INFO] Step: 15020, LR: 1.00e-08
[GPU 0] [03:45:45] [INFO] Train Loss: CORE: 2.65 CODE-LISP: 0.90 PAPERS-BIOLOGY: 2.84 PAPERS-CYBER: 3.13 PAPERS-NUCLEAR: 3.11 
[GPU 0] [03:45:47] [INFO] ---- Begin Eval ----
[GPU 0] [03:45:47] [INFO] Data: core | Experts: None
[GPU 0] [03:46:12] [INFO] loss: 2.18365502
[GPU 0] [03:46:12] [INFO] Data: code-lisp | Experts: None
[GPU 0] [03:46:16] [INFO] loss: 1.06440175
[GPU 0] [03:46:16] [INFO] Data: papers-biology | Experts: None
[GPU 0] [03:46:21] [INFO] loss: 2.80174088
[GPU 0] [03:46:21] [INFO] Data: papers-nuclear | Experts: None
[GPU 0] [03:46:25] [INFO] loss: 3.13682199
[GPU 0] [03:46:25] [INFO] Data: papers-cyber | Experts: None
[GPU 0] [03:46:29] [INFO] loss: 3.05975890
[GPU 0] [03:46:30] [INFO] ----------------------------------------
[GPU 0] [03:46:30] [INFO] Finished. See /workspace/gradient-routing/experiments/AGI-1699-New-Dataset-Runs/results/optimize/base/realistic/400M/seed_3/20260421012112518905
