[GPU 0] [03:21:04] [INFO] Git branch: AGI-1696-New-Dataset-Runs_ethan, commit: 0ca7e783ca1796c3889b3e88a8289fb938a58837
[GPU 0] [03:21:04] [INFO] Number of GPUs: 8
[GPU 0] [03:21:06] [INFO] Tokenizer vocabulary: 50257
[GPU 0] [03:21:06] [INFO] Set model vocab size to nearest multiple of 64 of tokenizer size: 50304
[GPU 0] [03:21:20] [INFO] target effective batch size: 641, actual effective batch size: 672, micro batch size: 12, accumulation steps: 7, num gpus: 8
[GPU 0] [03:21:20] [INFO] core total number of tokens: 66749057569
[GPU 0] [03:21:20] [INFO] Baseline model has 806,509,504 parameters
[GPU 0] [03:21:20] [INFO] core: chinchilla optimal tokens: 16,130,190,080, requested proportion: 1.0000, requested number of tokens: 16,130,190,080.0, 
[GPU 0] [03:21:20] [INFO] aux total number of tokens: 4835776549
[GPU 0] [03:21:20] [INFO] Baseline model has 806,509,504 parameters
[GPU 0] [03:21:20] [INFO] aux: chinchilla optimal tokens: 16,130,190,080, requested proportion: 0.0100, requested number of tokens: 161,301,900.8, 
[GPU 0] [03:21:21] [DEBUG] Saved config to /workspace-vast/ethanr/gradient-routing/experiments/AGI-1699-New-Dataset-Runs/results/scaling/realistic/filtering/800M/seed_1/20260514032047887159/config.json
[GPU 0] [03:21:21] [DEBUG] {
    "stages": [
        {
            "name": "filtering",
            "num_checkpoints": -1,
            "lr": 0.0005663534909876918,
            "res_dir": "/workspace-vast/ethanr/gradient-routing/experiments/AGI-1699-New-Dataset-Runs/results/scaling/realistic/filtering/800M/seed_1/20260514032047887159/filtering",
            "acc_mode": "uniform",
            "do_eval": true,
            "do_sample": false,
            "num_train_evals": 0,
            "do_elicit": true,
            "elicit_eval_prc": 0.5,
            "elicit_num_evals": 100,
            "retain_targets": [
                [
                    "core"
                ]
            ],
            "label_prc": 1.0
        }
    ],
    "model": {
        "arch": "base",
        "tokenizer": "GPT2Tokenizer(name_or_path='EleutherAI/gpt-neo-125M', vocab_size=50257, model_max_length=2048, padding_side='right', truncation_side='right', special_tokens={'bos_token': '<|endoftext|>', 'eos_token': '<|endoftext|>', 'unk_token': '<|endoftext|>'}, added_tokens_decoder={\n\t50256: AddedToken(\"<|endoftext|>\", rstrip=False, lstrip=False, single_word=False, normalized=True, special=True),\n}\n)",
        "ctx_len": 1024,
        "vocab_size": 50304,
        "num_layers": 24,
        "num_heads": 8,
        "num_key_value": 2,
        "attn_bias": true,
        "eos_token_id": 50256,
        "embed_dim": 1600,
        "mlp_dim": 6400
    },
    "data": {
        "dirs": [
            "/workspace-vast/ethanr/gradient-routing/experiments/AGI-1699-New-Dataset-Runs/src/data/fineweb",
            "/workspace-vast/ethanr/gradient-routing/experiments/AGI-1699-New-Dataset-Runs/src/data/code",
            "/workspace-vast/ethanr/gradient-routing/experiments/AGI-1699-New-Dataset-Runs/src/data/papers"
        ],
        "core": {
            "labels": [
                "fineweb",
                "code-other",
                "papers-other"
            ],
            "method": "optimal",
            "limit": 1.0,
            "dist": {
                "fineweb": 0.84,
                "code-other": 0.15,
                "papers-other": 0.01
            },
            "num_tok": 16130190080.0
        },
        "aux": {
            "labels": [
                "code-lisp",
                "papers-biology",
                "papers-nuclear",
                "papers-cyber"
            ],
            "method": "optimal",
            "limit": 0.01,
            "dist": {
                "code-lisp": 0.25,
                "papers-biology": 0.25,
                "papers-nuclear": 0.25,
                "papers-cyber": 0.25
            },
            "num_tok": 161301900.8
        }
    },
    "run": {
        "target_effective_batch_size": 641,
        "effective_batch_size": 672,
        "micro_batch_size": 12,
        "accumulation_steps": 7,
        "max_num_test_sequences": 10000,
        "eval_all_labels": false,
        "micro_batch_anchors": [
            [
                400000000.0,
                23
            ],
            [
                5000000000.0,
                2
            ]
        ],
        "epochs": 1,
        "adam_betas": [
            0.9,
            0.95
        ],
        "warmup_prc": 0.02,
        "decay_prc": 0.1,
        "seed": 1,
        "compile": true,
        "is_ddp": true,
        "cleanup_distributed": false,
        "log_level": "DEBUG",
        "num_gpus": 8,
        "process_id": 0,
        "num_base_params": 806509504,
        "device": "cuda",
        "logger": "<Logger training_20260514032047887159 (DEBUG)>",
        "labels": [
            "core",
            "code-lisp",
            "papers-biology",
            "papers-cyber",
            "papers-nuclear"
        ],
        "loaders": {
            "code-lisp": {
                "train": "SingleDataLoader(code-lisp_train_001.bin, len=410)",
                "test": "InterleavedDataLoader(len=105)"
            },
            "code-other": {
                "train": "InterleavedDataLoader(len=24612)",
                "test": "SingleDataLoader(code-other_test_010.bin, len=105)"
            },
            "fineweb": {
                "train": "InterleavedDataLoader(len=137831)",
                "test": "InterleavedDataLoader(len=105)"
            },
            "papers-biology": {
                "train": "SingleDataLoader(papers-biology_train.bin, len=410)",
                "test": "SingleDataLoader(papers-biology_test.bin, len=105)"
            },
            "papers-cyber": {
                "train": "SingleDataLoader(papers-cyber_train.bin, len=410)",
                "test": "SingleDataLoader(papers-cyber_test.bin, len=105)"
            },
            "papers-nuclear": {
                "train": "SingleDataLoader(papers-nuclear_train.bin, len=410)",
                "test": "SingleDataLoader(papers-nuclear_test.bin, len=105)"
            },
            "papers-other": {
                "train": "SingleDataLoader(papers-other_train.bin, len=1640)",
                "test": "SingleDataLoader(papers-other_test.bin, len=105)"
            },
            "core": {
                "train": "InterleavedDataLoader(len=164083)",
                "test": "InterleavedDataLoader(len=315)"
            },
            "aux": {
                "train": "InterleavedDataLoader(len=1640)",
                "test": "InterleavedDataLoader(len=420)"
            },
            "all": {
                "train": "InterleavedDataLoader(len=165723)",
                "test": "InterleavedDataLoader(len=735)"
            }
        },
        "res_root": "/workspace-vast/ethanr/gradient-routing/experiments/AGI-1699-New-Dataset-Runs/results/scaling/realistic/filtering/800M/seed_1",
        "experiment_id": "20260514032047887159",
        "s3_bucket": "ae-gradient-routing-results",
        "s3_prefix": "scaling/realistic/filtering/800M/seed_1"
    },
    "label_prc": 1.0
}
[GPU 0] [03:21:21] [INFO] Loader code-lisp train: 410, test: 105
[GPU 0] [03:21:21] [INFO] Loader code-other train: 24612, test: 105
[GPU 0] [03:21:21] [INFO] Loader fineweb train: 137831, test: 105
[GPU 0] [03:21:21] [INFO] Loader papers-biology train: 410, test: 105
[GPU 0] [03:21:21] [INFO] Loader papers-cyber train: 410, test: 105
[GPU 0] [03:21:21] [INFO] Loader papers-nuclear train: 410, test: 105
[GPU 0] [03:21:21] [INFO] Loader papers-other train: 1640, test: 105
[GPU 0] [03:21:21] [INFO] Loader core train: 164083, test: 315
[GPU 0] [03:21:21] [INFO] Loader aux train: 1640, test: 420
[GPU 0] [03:21:21] [INFO] Loader all train: 165723, test: 735
[GPU 0] [03:21:21] [INFO] Stage [filtering] start: {"name": "filtering", "num_checkpoints": -1, "lr": 0.0005663534909876918, "res_dir": "/workspace-vast/ethanr/gradient-routing/experiments/AGI-1699-New-Dataset-Runs/results/scaling/realistic/filtering/800M/seed_1/20260514032047887159/filtering", "acc_mode": "uniform", "do_eval": true, "do_sample": false, "num_train_evals": 0, "do_elicit": true, "elicit_eval_prc": 0.5, "elicit_num_evals": 100, "retain_targets": [["core"]], "label_prc": 1.0}
[GPU 0] [03:21:21] [INFO] FILTERING START
[GPU 0] [03:21:21] [INFO] Using stage-level retain_targets override (1 targets)
[GPU 0] [03:21:21] [INFO] Filtering: retaining ['core'], removing ['code-lisp', 'papers-biology', 'papers-cyber', 'papers-nuclear']
[GPU 0] [03:21:44] [INFO] Initialized BaseTransformer with 806,509,504 total parameters
[GPU 0] [03:21:44] [INFO] Compiling BaseTransformer with torch.compile...
[GPU 0] [03:21:49] [INFO] torch.compile done
[GPU 0] [03:21:49] [WARNING] restore_partial_state: no checkpoint found at /workspace-vast/ethanr/gradient-routing/experiments/AGI-1699-New-Dataset-Runs/results/scaling/realistic/filtering/800M/seed_1/20260514032047887159/filtering/core
[GPU 0] [03:21:49] [INFO] ---- Begin Train | Train Labels: ['core'] ----
[GPU 0] [03:21:49] [DEBUG] acc_mode: uniform, label_prc: 1.0
[GPU 0] [03:21:50] [INFO] Batch [core] count: 164080
[GPU 0] [03:21:50] [INFO] warmup_steps: 469
[GPU 0] [03:21:50] [INFO] constant_steps: 20627
[GPU 0] [03:21:50] [INFO] decay_steps: 2344
[GPU 0] [03:21:50] [INFO] LR Scheduler: Warmup Start
[GPU 0] [03:23:33] [INFO] Step: 1, LR: 1.22e-06
[GPU 0] [03:23:33] [INFO] Train Loss: CORE: 11.21 CODE-LISP: nan PAPERS-BIOLOGY: nan PAPERS-CYBER: nan PAPERS-NUCLEAR: nan 
[GPU 0] [03:39:59] [INFO] LR Scheduler: Constant Start
[GPU 0] [03:57:26] [INFO] Step: 1000, LR: 5.66e-04
[GPU 0] [03:57:26] [INFO] Train Loss: CORE: 2.79 CODE-LISP: nan PAPERS-BIOLOGY: nan PAPERS-CYBER: nan PAPERS-NUCLEAR: nan 
[GPU 0] [04:29:03] [INFO] Step: 2000, LR: 5.66e-04
[GPU 0] [04:29:03] [INFO] Train Loss: CORE: 3.21 CODE-LISP: nan PAPERS-BIOLOGY: nan PAPERS-CYBER: nan PAPERS-NUCLEAR: nan 
[GPU 0] [05:00:23] [INFO] Step: 3000, LR: 5.66e-04
[GPU 0] [05:00:23] [INFO] Train Loss: CORE: 2.42 CODE-LISP: nan PAPERS-BIOLOGY: nan PAPERS-CYBER: nan PAPERS-NUCLEAR: nan 
[GPU 0] [05:31:38] [INFO] Step: 4000, LR: 5.66e-04
[GPU 0] [05:31:38] [INFO] Train Loss: CORE: 3.08 CODE-LISP: nan PAPERS-BIOLOGY: nan PAPERS-CYBER: nan PAPERS-NUCLEAR: nan 
[GPU 0] [06:02:54] [INFO] Step: 5000, LR: 5.66e-04
[GPU 0] [06:02:54] [INFO] Train Loss: CORE: 2.33 CODE-LISP: nan PAPERS-BIOLOGY: nan PAPERS-CYBER: nan PAPERS-NUCLEAR: nan 
[GPU 0] [06:34:10] [INFO] Step: 6000, LR: 5.66e-04
[GPU 0] [06:34:10] [INFO] Train Loss: CORE: 2.69 CODE-LISP: nan PAPERS-BIOLOGY: nan PAPERS-CYBER: nan PAPERS-NUCLEAR: nan 
[GPU 0] [07:05:24] [INFO] Step: 7000, LR: 5.66e-04
[GPU 0] [07:05:24] [INFO] Train Loss: CORE: 2.65 CODE-LISP: nan PAPERS-BIOLOGY: nan PAPERS-CYBER: nan PAPERS-NUCLEAR: nan 
[GPU 0] [07:36:38] [INFO] Step: 8000, LR: 5.66e-04
[GPU 0] [07:36:38] [INFO] Train Loss: CORE: 2.21 CODE-LISP: nan PAPERS-BIOLOGY: nan PAPERS-CYBER: nan PAPERS-NUCLEAR: nan 
[GPU 0] [08:07:51] [INFO] Step: 9000, LR: 5.66e-04
[GPU 0] [08:07:51] [INFO] Train Loss: CORE: 2.41 CODE-LISP: nan PAPERS-BIOLOGY: nan PAPERS-CYBER: nan PAPERS-NUCLEAR: nan 
[GPU 0] [08:39:04] [INFO] Step: 10000, LR: 5.66e-04
[GPU 0] [08:39:04] [INFO] Train Loss: CORE: 2.92 CODE-LISP: nan PAPERS-BIOLOGY: nan PAPERS-CYBER: nan PAPERS-NUCLEAR: nan 
[GPU 0] [09:10:17] [INFO] Step: 11000, LR: 5.66e-04
[GPU 0] [09:10:17] [INFO] Train Loss: CORE: 2.59 CODE-LISP: nan PAPERS-BIOLOGY: nan PAPERS-CYBER: nan PAPERS-NUCLEAR: nan 
[GPU 0] [09:41:30] [INFO] Step: 12000, LR: 5.66e-04
[GPU 0] [09:41:30] [INFO] Train Loss: CORE: 2.40 CODE-LISP: nan PAPERS-BIOLOGY: nan PAPERS-CYBER: nan PAPERS-NUCLEAR: nan 
[GPU 0] [10:12:43] [INFO] Step: 13000, LR: 5.66e-04
[GPU 0] [10:12:43] [INFO] Train Loss: CORE: 2.80 CODE-LISP: nan PAPERS-BIOLOGY: nan PAPERS-CYBER: nan PAPERS-NUCLEAR: nan 
[GPU 0] [10:43:57] [INFO] Step: 14000, LR: 5.66e-04
[GPU 0] [10:43:57] [INFO] Train Loss: CORE: 2.53 CODE-LISP: nan PAPERS-BIOLOGY: nan PAPERS-CYBER: nan PAPERS-NUCLEAR: nan 
[GPU 0] [11:15:10] [INFO] Step: 15000, LR: 5.66e-04
[GPU 0] [11:15:10] [INFO] Train Loss: CORE: 2.39 CODE-LISP: nan PAPERS-BIOLOGY: nan PAPERS-CYBER: nan PAPERS-NUCLEAR: nan 
[GPU 0] [11:46:23] [INFO] Step: 16000, LR: 5.66e-04
[GPU 0] [11:46:23] [INFO] Train Loss: CORE: 2.54 CODE-LISP: nan PAPERS-BIOLOGY: nan PAPERS-CYBER: nan PAPERS-NUCLEAR: nan 
[GPU 0] [12:17:38] [INFO] Step: 17000, LR: 5.66e-04
[GPU 0] [12:17:39] [INFO] Train Loss: CORE: 2.16 CODE-LISP: nan PAPERS-BIOLOGY: nan PAPERS-CYBER: nan PAPERS-NUCLEAR: nan 
[GPU 0] [12:48:52] [INFO] Step: 18000, LR: 5.66e-04
[GPU 0] [12:48:52] [INFO] Train Loss: CORE: 1.92 CODE-LISP: nan PAPERS-BIOLOGY: nan PAPERS-CYBER: nan PAPERS-NUCLEAR: nan 
[GPU 0] [13:20:05] [INFO] Step: 19000, LR: 5.66e-04
[GPU 0] [13:20:05] [INFO] Train Loss: CORE: 2.28 CODE-LISP: nan PAPERS-BIOLOGY: nan PAPERS-CYBER: nan PAPERS-NUCLEAR: nan 
[GPU 0] [13:51:18] [INFO] Step: 20000, LR: 5.66e-04
[GPU 0] [13:51:18] [INFO] Train Loss: CORE: 2.49 CODE-LISP: nan PAPERS-BIOLOGY: nan PAPERS-CYBER: nan PAPERS-NUCLEAR: nan 
[GPU 0] [14:22:31] [INFO] Step: 21000, LR: 5.66e-04
[GPU 0] [14:22:31] [INFO] Train Loss: CORE: 2.30 CODE-LISP: nan PAPERS-BIOLOGY: nan PAPERS-CYBER: nan PAPERS-NUCLEAR: nan 
[GPU 0] [14:25:30] [INFO] LR Scheduler: Decay Start
[GPU 0] [14:53:44] [INFO] Step: 22000, LR: 3.48e-04
[GPU 0] [14:53:44] [INFO] Train Loss: CORE: 2.45 CODE-LISP: nan PAPERS-BIOLOGY: nan PAPERS-CYBER: nan PAPERS-NUCLEAR: nan 
[GPU 0] [15:24:57] [INFO] Step: 23000, LR: 1.06e-04
[GPU 0] [15:24:57] [INFO] Train Loss: CORE: 2.43 CODE-LISP: nan PAPERS-BIOLOGY: nan PAPERS-CYBER: nan PAPERS-NUCLEAR: nan 
[GPU 0] [15:38:42] [INFO] Step: 23440, LR: 1.00e-08
[GPU 0] [15:38:42] [INFO] Train Loss: CORE: 2.46 CODE-LISP: nan PAPERS-BIOLOGY: nan PAPERS-CYBER: nan PAPERS-NUCLEAR: nan 
[GPU 0] [15:39:03] [INFO] ---- Begin Eval ----
[GPU 0] [15:39:03] [INFO] Data: core | Experts: None
[GPU 0] [15:40:13] [INFO] loss: 1.87107670
[GPU 0] [15:40:13] [INFO] Data: code-lisp | Experts: None
[GPU 0] [15:40:19] [INFO] loss: 1.38506794
[GPU 0] [15:40:19] [INFO] Data: papers-biology | Experts: None
[GPU 0] [15:40:25] [INFO] loss: 2.46837807
[GPU 0] [15:40:25] [INFO] Data: papers-nuclear | Experts: None
[GPU 0] [15:40:32] [INFO] loss: 2.84293151
[GPU 0] [15:40:32] [INFO] Data: papers-cyber | Experts: None
[GPU 0] [15:40:38] [INFO] loss: 2.70710564
[GPU 0] [15:41:04] [INFO] Initialized BaseTransformer with 806,509,504 total parameters
[GPU 0] [15:41:04] [INFO] Compiling BaseTransformer with torch.compile...
[GPU 0] [15:41:04] [INFO] torch.compile done
[GPU 0] [15:41:09] [INFO] FILTERING - ADVERSARIAL FT START
[GPU 0] [15:41:21] [INFO] ---- Begin FT | Experts: None | Data: ['code-lisp'] ----
[GPU 0] [15:41:21] [DEBUG] num_seq: 512, num_rounds: 200, patience: 10
[GPU 0] [15:41:21] [DEBUG] local_x: torch.Size([64, 1024]), local_y: torch.Size([64, 1024]), num_steps: 6, per_gpu: 64, mbs_size: 12
[GPU 0] [15:42:51] [INFO] New best validation loss: 1.5934 @ step 0
[GPU 0] [15:43:06] [INFO] New best validation loss: 1.3445 @ step 1
[GPU 0] [15:43:21] [INFO] New best validation loss: 1.2770 @ step 2
[GPU 0] [15:43:37] [INFO] New best validation loss: 1.2361 @ step 3
[GPU 0] [15:43:52] [INFO] New best validation loss: 1.2045 @ step 4
[GPU 0] [15:44:08] [INFO] New best validation loss: 1.1795 @ step 5
[GPU 0] [15:44:24] [INFO] New best validation loss: 1.1592 @ step 6
[GPU 0] [15:44:40] [INFO] New best validation loss: 1.1435 @ step 7
[GPU 0] [15:44:56] [INFO] New best validation loss: 1.1307 @ step 8
[GPU 0] [15:45:16] [INFO] New best validation loss: 1.1181 @ step 9
[GPU 0] [15:45:32] [INFO] New best validation loss: 1.1058 @ step 10
[GPU 0] [15:45:50] [INFO] New best validation loss: 1.0945 @ step 11
[GPU 0] [15:46:06] [INFO] New best validation loss: 1.0844 @ step 12
[GPU 0] [15:46:23] [INFO] New best validation loss: 1.0762 @ step 13
[GPU 0] [15:46:39] [INFO] New best validation loss: 1.0691 @ step 14
[GPU 0] [15:46:55] [INFO] New best validation loss: 1.0633 @ step 15
[GPU 0] [15:47:12] [INFO] New best validation loss: 1.0577 @ step 16
[GPU 0] [15:47:29] [INFO] New best validation loss: 1.0525 @ step 17
[GPU 0] [15:47:45] [INFO] New best validation loss: 1.0474 @ step 18
[GPU 0] [15:48:02] [INFO] New best validation loss: 1.0424 @ step 19
[GPU 0] [15:48:17] [INFO] New best validation loss: 1.0383 @ step 20
[GPU 0] [15:48:34] [INFO] New best validation loss: 1.0359 @ step 21
[GPU 0] [15:48:50] [INFO] New best validation loss: 1.0349 @ step 22
[GPU 0] [15:51:53] [INFO] Stop FT @ 34: no val improvement for 10 steps
[GPU 0] [15:51:53] [INFO] Wrote stats.jsonl entries at FT step 22 
[GPU 0] [15:52:09] [INFO] ---- Begin FT | Experts: None | Data: ['papers-biology'] ----
[GPU 0] [15:52:09] [DEBUG] num_seq: 512, num_rounds: 200, patience: 10
[GPU 0] [15:52:09] [DEBUG] local_x: torch.Size([64, 1024]), local_y: torch.Size([64, 1024]), num_steps: 6, per_gpu: 64, mbs_size: 12
[GPU 0] [15:52:25] [INFO] New best validation loss: 2.5686 @ step 0
[GPU 0] [15:52:40] [INFO] New best validation loss: 2.4744 @ step 1
[GPU 0] [15:55:37] [INFO] Stop FT @ 13: no val improvement for 10 steps
[GPU 0] [15:55:37] [INFO] Wrote stats.jsonl entries at FT step 1 
[GPU 0] [15:55:52] [INFO] ---- Begin FT | Experts: None | Data: ['papers-cyber'] ----
[GPU 0] [15:55:52] [DEBUG] num_seq: 512, num_rounds: 200, patience: 10
[GPU 0] [15:55:52] [DEBUG] local_x: torch.Size([64, 1024]), local_y: torch.Size([64, 1024]), num_steps: 6, per_gpu: 64, mbs_size: 12
[GPU 0] [15:56:07] [INFO] New best validation loss: 2.8471 @ step 0
[GPU 0] [15:56:23] [INFO] New best validation loss: 2.7241 @ step 1
[GPU 0] [15:59:20] [INFO] Stop FT @ 13: no val improvement for 10 steps
[GPU 0] [15:59:20] [INFO] Wrote stats.jsonl entries at FT step 1 
[GPU 0] [15:59:35] [INFO] ---- Begin FT | Experts: None | Data: ['papers-nuclear'] ----
[GPU 0] [15:59:35] [DEBUG] num_seq: 512, num_rounds: 200, patience: 10
[GPU 0] [15:59:36] [DEBUG] local_x: torch.Size([64, 1024]), local_y: torch.Size([64, 1024]), num_steps: 6, per_gpu: 64, mbs_size: 12
[GPU 0] [15:59:51] [INFO] New best validation loss: 2.9858 @ step 0
[GPU 0] [16:00:05] [INFO] New best validation loss: 2.8527 @ step 1
[GPU 0] [16:00:24] [INFO] New best validation loss: 2.8345 @ step 2
[GPU 0] [16:03:23] [INFO] Stop FT @ 14: no val improvement for 10 steps
[GPU 0] [16:03:23] [INFO] Wrote stats.jsonl entries at FT step 2 
[GPU 0] [16:03:26] [INFO] ----------------------------------------
[GPU 0] [16:03:26] [INFO] Finished. See /workspace-vast/ethanr/gradient-routing/experiments/AGI-1699-New-Dataset-Runs/results/scaling/realistic/filtering/800M/seed_1/20260514032047887159
