[GPU 0] [12:19:17] [INFO] Number of GPUs: 8
[GPU 0] [12:19:20] [INFO] Tokenizer vocabulary: 50257
[GPU 0] [12:19:20] [INFO] Set model vocab size to nearest multiple of 64 of tokenizer size: 50304
[GPU 0] [12:19:26] [INFO] target effective batch size: 641, actual effective batch size: 672, micro batch size: 12, accumulation steps: 7, num gpus: 8
[GPU 0] [12:19:26] [INFO] core total number of tokens: 66749057569
[GPU 0] [12:19:26] [INFO] Baseline model has 806,509,504 parameters
[GPU 0] [12:19:26] [INFO] core: chinchilla optimal tokens: 16,130,190,080, requested proportion: 1.0000, requested number of tokens: 16,130,190,080.0, 
[GPU 0] [12:19:26] [INFO] aux total number of tokens: 4835776549
[GPU 0] [12:19:26] [INFO] Baseline model has 806,509,504 parameters
[GPU 0] [12:19:26] [INFO] aux: chinchilla optimal tokens: 16,130,190,080, requested proportion: 0.0100, requested number of tokens: 161,301,900.8, 
[GPU 0] [12:19:26] [DEBUG] Saved config to /workspace/gradient-routing/experiments/AGI-1699-New-Dataset-Runs/results/scaling/realistic/lora/800M/seed_1/20260422121913832756/config.json
[GPU 0] [12:19:26] [DEBUG] {
    "stages": [
        {
            "name": "routed",
            "num_checkpoints": -1,
            "lr": 0.0005663534909876918,
            "res_dir": "/workspace/gradient-routing/experiments/AGI-1699-New-Dataset-Runs/results/scaling/realistic/lora/800M/seed_1/20260422121913832756/routed",
            "do_eval": true,
            "do_sample": false,
            "num_train_evals": 0,
            "do_elicit": true,
            "elicit_eval_prc": 0.5,
            "elicit_num_evals": 100,
            "model": {
                "arch": "lora",
                "tokenizer": "GPT2Tokenizer(name_or_path='EleutherAI/gpt-neo-125M', vocab_size=50257, model_max_length=2048, padding_side='right', truncation_side='right', special_tokens={'bos_token': '<|endoftext|>', 'eos_token': '<|endoftext|>', 'unk_token': '<|endoftext|>'}, added_tokens_decoder={\n\t50256: AddedToken(\"<|endoftext|>\", rstrip=False, lstrip=False, single_word=False, normalized=True, special=True),\n}\n)",
                "ctx_len": 1024,
                "vocab_size": 50304,
                "num_layers": 24,
                "num_heads": 8,
                "num_key_value": 2,
                "attn_bias": true,
                "eos_token_id": 50256,
                "embed_dim": 1600,
                "mlp_dim": 6400,
                "core_param_prc": 1.0,
                "aux_param_prc": 0.1
            },
            "eval_arbsub": false,
            "aux_factor": {
                "code-lisp": 2.0,
                "papers-biology": 1.0,
                "papers-nuclear": 1.0,
                "papers-cyber": 1.0
            },
            "core_aux_ratio": 1.0,
            "equal_compute": true
        }
    ],
    "model": {
        "arch": "base",
        "tokenizer": "GPT2Tokenizer(name_or_path='EleutherAI/gpt-neo-125M', vocab_size=50257, model_max_length=2048, padding_side='right', truncation_side='right', special_tokens={'bos_token': '<|endoftext|>', 'eos_token': '<|endoftext|>', 'unk_token': '<|endoftext|>'}, added_tokens_decoder={\n\t50256: AddedToken(\"<|endoftext|>\", rstrip=False, lstrip=False, single_word=False, normalized=True, special=True),\n}\n)",
        "ctx_len": 1024,
        "vocab_size": 50304,
        "num_layers": 24,
        "num_heads": 8,
        "num_key_value": 2,
        "attn_bias": true,
        "eos_token_id": 50256,
        "embed_dim": 1600,
        "mlp_dim": 6400
    },
    "data": {
        "dirs": [
            "/workspace/gradient-routing/experiments/AGI-1699-New-Dataset-Runs/src/data/fineweb",
            "/workspace/gradient-routing/experiments/AGI-1699-New-Dataset-Runs/src/data/code",
            "/workspace/gradient-routing/experiments/AGI-1699-New-Dataset-Runs/src/data/papers"
        ],
        "core": {
            "labels": [
                "fineweb",
                "code-other",
                "papers-other"
            ],
            "method": "optimal",
            "limit": 1.0,
            "dist": {
                "fineweb": 0.84,
                "code-other": 0.15,
                "papers-other": 0.01
            },
            "num_tok": 16130190080.0
        },
        "aux": {
            "labels": [
                "code-lisp",
                "papers-biology",
                "papers-nuclear",
                "papers-cyber"
            ],
            "method": "optimal",
            "limit": 0.01,
            "dist": {
                "code-lisp": 0.25,
                "papers-biology": 0.25,
                "papers-nuclear": 0.25,
                "papers-cyber": 0.25
            },
            "num_tok": 161301900.8
        }
    },
    "run": {
        "target_effective_batch_size": 641,
        "effective_batch_size": 672,
        "micro_batch_size": 12,
        "accumulation_steps": 7,
        "max_num_test_sequences": 10000,
        "eval_all_labels": false,
        "micro_batch_anchors": [
            [
                400000000.0,
                23
            ],
            [
                5000000000.0,
                2
            ]
        ],
        "epochs": 1,
        "adam_betas": [
            0.9,
            0.95
        ],
        "warmup_prc": 0.02,
        "decay_prc": 0.1,
        "seed": 1,
        "compile": true,
        "is_ddp": true,
        "optimize_routed": true,
        "cleanup_distributed": false,
        "log_level": "DEBUG",
        "num_gpus": 8,
        "process_id": 0,
        "num_base_params": 806509504,
        "device": "cuda",
        "logger": "<Logger training_20260422121913832756 (DEBUG)>",
        "labels": [
            "core",
            "code-lisp",
            "papers-biology",
            "papers-cyber",
            "papers-nuclear"
        ],
        "loaders": {
            "code-lisp": {
                "train": "SingleDataLoader(code-lisp_train_001.bin, len=410)",
                "test": "InterleavedDataLoader(len=105)"
            },
            "code-other": {
                "train": "InterleavedDataLoader(len=24612)",
                "test": "SingleDataLoader(code-other_test_010.bin, len=105)"
            },
            "fineweb": {
                "train": "InterleavedDataLoader(len=137831)",
                "test": "InterleavedDataLoader(len=105)"
            },
            "papers-biology": {
                "train": "SingleDataLoader(papers-biology_train.bin, len=410)",
                "test": "SingleDataLoader(papers-biology_test.bin, len=105)"
            },
            "papers-cyber": {
                "train": "SingleDataLoader(papers-cyber_train.bin, len=410)",
                "test": "SingleDataLoader(papers-cyber_test.bin, len=105)"
            },
            "papers-nuclear": {
                "train": "SingleDataLoader(papers-nuclear_train.bin, len=410)",
                "test": "SingleDataLoader(papers-nuclear_test.bin, len=105)"
            },
            "papers-other": {
                "train": "SingleDataLoader(papers-other_train.bin, len=1640)",
                "test": "SingleDataLoader(papers-other_test.bin, len=105)"
            },
            "core": {
                "train": "InterleavedDataLoader(len=164083)",
                "test": "InterleavedDataLoader(len=315)"
            },
            "aux": {
                "train": "InterleavedDataLoader(len=1640)",
                "test": "InterleavedDataLoader(len=420)"
            },
            "all": {
                "train": "InterleavedDataLoader(len=165723)",
                "test": "InterleavedDataLoader(len=735)"
            }
        },
        "res_root": "/workspace/gradient-routing/experiments/AGI-1699-New-Dataset-Runs/results/scaling/realistic/lora/800M/seed_1",
        "experiment_id": "20260422121913832756",
        "s3_bucket": "ae-gradient-routing-results",
        "s3_prefix": "scaling/realistic/lora/800M/seed_1"
    }
}
[GPU 0] [12:19:26] [INFO] Loader code-lisp train: 410, test: 105
[GPU 0] [12:19:26] [INFO] Loader code-other train: 24612, test: 105
[GPU 0] [12:19:26] [INFO] Loader fineweb train: 137831, test: 105
[GPU 0] [12:19:26] [INFO] Loader papers-biology train: 410, test: 105
[GPU 0] [12:19:26] [INFO] Loader papers-cyber train: 410, test: 105
[GPU 0] [12:19:26] [INFO] Loader papers-nuclear train: 410, test: 105
[GPU 0] [12:19:26] [INFO] Loader papers-other train: 1640, test: 105
[GPU 0] [12:19:26] [INFO] Loader core train: 164083, test: 315
[GPU 0] [12:19:26] [INFO] Loader aux train: 1640, test: 420
[GPU 0] [12:19:26] [INFO] Loader all train: 165723, test: 735
[GPU 0] [12:19:26] [INFO] Stage [routed] start: {"name": "routed", "num_checkpoints": -1, "lr": 0.0005663534909876918, "res_dir": "/workspace/gradient-routing/experiments/AGI-1699-New-Dataset-Runs/results/scaling/realistic/lora/800M/seed_1/20260422121913832756/routed", "do_eval": true, "do_sample": false, "num_train_evals": 0, "do_elicit": true, "elicit_eval_prc": 0.5, "elicit_num_evals": 100, "model": {"arch": "lora", "tokenizer": "GPT2Tokenizer(name_or_path='EleutherAI/gpt-neo-125M', vocab_size=50257, model_max_length=2048, padding_side='right', truncation_side='right', special_tokens={'bos_token': '<|endoftext|>', 'eos_token': '<|endoftext|>', 'unk_token': '<|endoftext|>'}, added_tokens_decoder={\n\t50256: AddedToken(\"<|endoftext|>\", rstrip=False, lstrip=False, single_word=False, normalized=True, special=True),\n}\n)", "ctx_len": 1024, "vocab_size": 50304, "num_layers": 24, "num_heads": 8, "num_key_value": 2, "attn_bias": true, "eos_token_id": 50256, "embed_dim": 1600, "mlp_dim": 6400, "core_param_prc": 1.0, "aux_param_prc": 0.1}, "eval_arbsub": false, "aux_factor": {"code-lisp": 2.0, "papers-biology": 1.0, "papers-nuclear": 1.0, "papers-cyber": 1.0}, "core_aux_ratio": 1.0, "equal_compute": true}
[GPU 0] [12:19:26] [INFO] ROUTED START
[GPU 0] [12:19:34] [INFO] Initialized LoRATransformer with 1,003,117,504 total parameters
[GPU 0] [12:19:34] [INFO]   Label 'core' has 491,712,000 parameters
[GPU 0] [12:19:34] [INFO]   Label 'code-lisp' has 49,152,000 parameters
[GPU 0] [12:19:34] [INFO]   Label 'papers-biology' has 49,152,000 parameters
[GPU 0] [12:19:34] [INFO]   Label 'papers-cyber' has 49,152,000 parameters
[GPU 0] [12:19:34] [INFO]   Label 'papers-nuclear' has 49,152,000 parameters
[GPU 0] [12:19:34] [INFO]   Label 'SHARED' has 314,797,504 parameters
[GPU 0] [12:19:34] [INFO] Compiling LoRATransformer with torch.compile...
[GPU 0] [12:19:34] [INFO] torch.compile done
[GPU 0] [12:19:34] [WARNING] restore_partial_state: no checkpoint found at /workspace/gradient-routing/experiments/AGI-1699-New-Dataset-Runs/results/scaling/realistic/lora/800M/seed_1/20260422121913832756/routed
[GPU 0] [12:19:34] [INFO] ---- Begin Routed Ordered ----
[GPU 0] [12:19:34] [INFO] compute-equal: initial len_base: 161623 & len_ft: 4100
[GPU 0] [12:19:34] [INFO] compute-equal: flop_diff < 0, (-201523200000.0 < 0), must truncate training
[GPU 0] [12:19:34] [INFO] compute-equal: len_base: -125 -> 161498, len_ft: -118 -> 3982
[GPU 0] [12:19:34] [WARNING] utilized_aux > len_all_aux, (1991 > 1640), must resample aux
[GPU 0] [12:19:34] [INFO] 
len_all: 165723, len_all_aux: 1640, len_all_core: 164083,
len_base: 161498, len_ft: 3982,
len_core_for_ft: 1991, len_aux_for_ft: 1991,
aux_factor: {'code-lisp': 2.0, 'papers-biology': 1.0, 'papers-nuclear': 1.0, 'papers-cyber': 1.0}, core_aux_ratio: 1.0,
equal_compute: True
[GPU 0] [12:19:34] [INFO] Batch [('core', ('core',), ('core', 'SHARED'))] count: 23071
[GPU 0] [12:19:34] [INFO] Batch [('code-lisp', ('core', 'code-lisp'), ('code-lisp',))] count: 114
[GPU 0] [12:19:34] [INFO] Batch [('core', ('core', 'code-lisp'), ('code-lisp',))] count: 114
[GPU 0] [12:19:34] [INFO] Batch [('core', ('core', 'papers-biology'), ('papers-biology',))] count: 57
[GPU 0] [12:19:34] [INFO] Batch [('papers-biology', ('core', 'papers-biology'), ('papers-biology',))] count: 57
[GPU 0] [12:19:34] [INFO] Batch [('core', ('core', 'papers-nuclear'), ('papers-nuclear',))] count: 57
[GPU 0] [12:19:34] [INFO] Batch [('papers-nuclear', ('core', 'papers-nuclear'), ('papers-nuclear',))] count: 57
[GPU 0] [12:19:34] [INFO] Batch [('core', ('core', 'papers-cyber'), ('papers-cyber',))] count: 57
[GPU 0] [12:19:34] [INFO] Batch [('papers-cyber', ('core', 'papers-cyber'), ('papers-cyber',))] count: 57
[GPU 0] [12:19:34] [WARNING] len_batches != expected, (23641 != 23640), -1 length difference
[GPU 0] [12:19:34] [INFO] ---- Begin Routed ----
[GPU 0] [12:19:34] [INFO] LR schedule group 0: steps [0, 23071), warmup=461, constant=20303, decay=2307
[GPU 0] [12:19:34] [INFO] LR schedule group 1: steps [23071, 23299), warmup=5, constant=200, decay=23
[GPU 0] [12:19:34] [INFO] LR schedule group 2: steps [23299, 23413), warmup=2, constant=101, decay=11
[GPU 0] [12:19:34] [INFO] LR schedule group 3: steps [23413, 23527), warmup=2, constant=101, decay=11
[GPU 0] [12:19:34] [INFO] LR schedule group 4: steps [23527, 23641), warmup=2, constant=101, decay=11
[GPU 0] [12:19:34] [INFO] LR Scheduler: Group warmup (step 0)
[GPU 0] [12:19:34] [INFO] CUDA memory before training loop:
[GPU 0] [12:19:34] [INFO] |===========================================================================|
[GPU 0] [12:19:34] [INFO] |                  PyTorch CUDA memory summary, device ID 0                 |
[GPU 0] [12:19:34] [INFO] |---------------------------------------------------------------------------|
[GPU 0] [12:19:34] [INFO] |            CUDA OOMs: 0            |        cudaMalloc retries: 0         |
[GPU 0] [12:19:34] [INFO] |===========================================================================|
[GPU 0] [12:19:34] [INFO] |        Metric         | Cur Usage  | Peak Usage | Tot Alloc  | Tot Freed  |
[GPU 0] [12:19:34] [INFO] |---------------------------------------------------------------------------|
[GPU 0] [12:19:34] [INFO] | Allocated memory      |   4491 MiB |  43963 MiB |   7664 TiB |   7664 TiB |
[GPU 0] [12:19:34] [INFO] |       from large pool |   4414 MiB |  43396 MiB |   7661 TiB |   7661 TiB |
[GPU 0] [12:19:34] [INFO] |       from small pool |     76 MiB |    568 MiB |      3 TiB |      3 TiB |
[GPU 0] [12:19:34] [INFO] |---------------------------------------------------------------------------|
[GPU 0] [12:19:34] [INFO] | Active memory         |   4491 MiB |  43963 MiB |   7664 TiB |   7664 TiB |
[GPU 0] [12:19:34] [INFO] |       from large pool |   4414 MiB |  43396 MiB |   7661 TiB |   7661 TiB |
[GPU 0] [12:19:34] [INFO] |       from small pool |     76 MiB |    568 MiB |      3 TiB |      3 TiB |
[GPU 0] [12:19:34] [INFO] |---------------------------------------------------------------------------|
[GPU 0] [12:19:34] [INFO] | Requested memory      |   4491 MiB |  43962 MiB |   7664 TiB |   7664 TiB |
[GPU 0] [12:19:34] [INFO] |       from large pool |   4414 MiB |  43396 MiB |   7661 TiB |   7661 TiB |
[GPU 0] [12:19:34] [INFO] |       from small pool |     76 MiB |    567 MiB |      3 TiB |      3 TiB |
[GPU 0] [12:19:34] [INFO] |---------------------------------------------------------------------------|
[GPU 0] [12:19:34] [INFO] | GPU reserved memory   |   4518 MiB |  45610 MiB |  35105 GiB |  35100 GiB |
[GPU 0] [12:19:34] [INFO] |       from large pool |   4440 MiB |  45040 MiB |  35041 GiB |  35037 GiB |
[GPU 0] [12:19:34] [INFO] |       from small pool |     78 MiB |    570 MiB |     63 GiB |     63 GiB |
[GPU 0] [12:19:34] [INFO] |---------------------------------------------------------------------------|
[GPU 0] [12:19:34] [INFO] | Non-releasable memory |      0 B   |      0 B   |      0 B   |      0 B   |
[GPU 0] [12:19:34] [INFO] |       from large pool |      0 B   |      0 B   |      0 B   |      0 B   |
[GPU 0] [12:19:34] [INFO] |       from small pool |      0 B   |      0 B   |      0 B   |      0 B   |
[GPU 0] [12:19:34] [INFO] |---------------------------------------------------------------------------|
[GPU 0] [12:19:34] [INFO] | Allocations           |     748    |    2660    |  124526 K  |  124525 K  |
[GPU 0] [12:19:34] [INFO] |       from large pool |     382    |     677    |   77533 K  |   77533 K  |
[GPU 0] [12:19:34] [INFO] |       from small pool |     366    |    2006    |   46992 K  |   46992 K  |
[GPU 0] [12:19:34] [INFO] |---------------------------------------------------------------------------|
[GPU 0] [12:19:34] [INFO] | Active allocs         |     748    |    2660    |  124526 K  |  124525 K  |
[GPU 0] [12:19:34] [INFO] |       from large pool |     382    |     677    |   77533 K  |   77533 K  |
[GPU 0] [12:19:34] [INFO] |       from small pool |     366    |    2006    |   46992 K  |   46992 K  |
[GPU 0] [12:19:34] [INFO] |---------------------------------------------------------------------------|
[GPU 0] [12:19:34] [INFO] | GPU reserved segments |       0    |       0    |       0    |       0    |
[GPU 0] [12:19:34] [INFO] |       from large pool |       0    |       0    |       0    |       0    |
[GPU 0] [12:19:34] [INFO] |       from small pool |       0    |       0    |       0    |       0    |
[GPU 0] [12:19:34] [INFO] |---------------------------------------------------------------------------|
[GPU 0] [12:19:34] [INFO] | Non-releasable allocs |       0    |       0    |       0    |       0    |
[GPU 0] [12:19:34] [INFO] |       from large pool |       0    |       0    |       0    |       0    |
[GPU 0] [12:19:34] [INFO] |       from small pool |       0    |       0    |       0    |       0    |
[GPU 0] [12:19:34] [INFO] |---------------------------------------------------------------------------|
[GPU 0] [12:19:34] [INFO] | Oversize allocations  |       0    |       0    |       0    |       0    |
[GPU 0] [12:19:34] [INFO] |---------------------------------------------------------------------------|
[GPU 0] [12:19:34] [INFO] | Oversize GPU segments |       0    |       0    |       0    |       0    |
[GPU 0] [12:19:34] [INFO] |===========================================================================|
[GPU 0] [12:19:34] [INFO] 
[GPU 0] [12:19:34] [INFO] Batch group start, LR: 1.0000e-08, 23071 batches
[GPU 0] [12:19:52] [INFO] CUDA memory after first training step:
[GPU 0] [12:19:52] [INFO] |===========================================================================|
[GPU 0] [12:19:52] [INFO] |                  PyTorch CUDA memory summary, device ID 0                 |
[GPU 0] [12:19:52] [INFO] |---------------------------------------------------------------------------|
[GPU 0] [12:19:52] [INFO] |            CUDA OOMs: 0            |        cudaMalloc retries: 0         |
[GPU 0] [12:19:52] [INFO] |===========================================================================|
[GPU 0] [12:19:52] [INFO] |        Metric         | Cur Usage  | Peak Usage | Tot Alloc  | Tot Freed  |
[GPU 0] [12:19:52] [INFO] |---------------------------------------------------------------------------|
[GPU 0] [12:19:52] [INFO] | Allocated memory      |   8747 MiB |  43963 MiB |   7665 TiB |   7665 TiB |
[GPU 0] [12:19:52] [INFO] |       from large pool |   8668 MiB |  43396 MiB |   7661 TiB |   7661 TiB |
[GPU 0] [12:19:52] [INFO] |       from small pool |     78 MiB |    568 MiB |      3 TiB |      3 TiB |
[GPU 0] [12:19:52] [INFO] |---------------------------------------------------------------------------|
[GPU 0] [12:19:52] [INFO] | Active memory         |   8747 MiB |  43963 MiB |   7665 TiB |   7665 TiB |
[GPU 0] [12:19:52] [INFO] |       from large pool |   8668 MiB |  43396 MiB |   7661 TiB |   7661 TiB |
[GPU 0] [12:19:52] [INFO] |       from small pool |     78 MiB |    568 MiB |      3 TiB |      3 TiB |
[GPU 0] [12:19:52] [INFO] |---------------------------------------------------------------------------|
[GPU 0] [12:19:52] [INFO] | Requested memory      |   8747 MiB |  43962 MiB |   7665 TiB |   7665 TiB |
[GPU 0] [12:19:52] [INFO] |       from large pool |   8668 MiB |  43396 MiB |   7661 TiB |   7661 TiB |
[GPU 0] [12:19:52] [INFO] |       from small pool |     78 MiB |    567 MiB |      3 TiB |      3 TiB |
[GPU 0] [12:19:52] [INFO] |---------------------------------------------------------------------------|
[GPU 0] [12:19:52] [INFO] | GPU reserved memory   |  36362 MiB |  45610 MiB |  35136 GiB |  35100 GiB |
[GPU 0] [12:19:52] [INFO] |       from large pool |  36280 MiB |  45040 MiB |  35072 GiB |  35037 GiB |
[GPU 0] [12:19:52] [INFO] |       from small pool |     82 MiB |    570 MiB |     63 GiB |     63 GiB |
[GPU 0] [12:19:52] [INFO] |---------------------------------------------------------------------------|
[GPU 0] [12:19:52] [INFO] | Non-releasable memory |      0 B   |      0 B   |      0 B   |      0 B   |
[GPU 0] [12:19:52] [INFO] |       from large pool |      0 B   |      0 B   |      0 B   |      0 B   |
[GPU 0] [12:19:52] [INFO] |       from small pool |      0 B   |      0 B   |      0 B   |      0 B   |
[GPU 0] [12:19:52] [INFO] |---------------------------------------------------------------------------|
[GPU 0] [12:19:52] [INFO] | Allocations           |    1629    |    2660    |  124538 K  |  124536 K  |
[GPU 0] [12:19:52] [INFO] |       from large pool |     627    |     775    |   77541 K  |   77540 K  |
[GPU 0] [12:19:52] [INFO] |       from small pool |    1002    |    2006    |   46996 K  |   46995 K  |
[GPU 0] [12:19:52] [INFO] |---------------------------------------------------------------------------|
[GPU 0] [12:19:52] [INFO] | Active allocs         |    1629    |    2660    |  124538 K  |  124536 K  |
[GPU 0] [12:19:52] [INFO] |       from large pool |     627    |     775    |   77541 K  |   77540 K  |
[GPU 0] [12:19:52] [INFO] |       from small pool |    1002    |    2006    |   46996 K  |   46995 K  |
[GPU 0] [12:19:52] [INFO] |---------------------------------------------------------------------------|
[GPU 0] [12:19:52] [INFO] | GPU reserved segments |       0    |       0    |       0    |       0    |
[GPU 0] [12:19:52] [INFO] |       from large pool |       0    |       0    |       0    |       0    |
[GPU 0] [12:19:52] [INFO] |       from small pool |       0    |       0    |       0    |       0    |
[GPU 0] [12:19:52] [INFO] |---------------------------------------------------------------------------|
[GPU 0] [12:19:52] [INFO] | Non-releasable allocs |       0    |       0    |       0    |       0    |
[GPU 0] [12:19:52] [INFO] |       from large pool |       0    |       0    |       0    |       0    |
[GPU 0] [12:19:52] [INFO] |       from small pool |       0    |       0    |       0    |       0    |
[GPU 0] [12:19:52] [INFO] |---------------------------------------------------------------------------|
[GPU 0] [12:19:52] [INFO] | Oversize allocations  |       0    |       0    |       0    |       0    |
[GPU 0] [12:19:52] [INFO] |---------------------------------------------------------------------------|
[GPU 0] [12:19:52] [INFO] | Oversize GPU segments |       0    |       0    |       0    |       0    |
[GPU 0] [12:19:52] [INFO] |===========================================================================|
[GPU 0] [12:19:52] [INFO] 
[GPU 0] [12:19:52] [INFO] Step: 1, LR: 1.2385e-06
[GPU 0] [12:19:52] [INFO] Train Loss: CORE: 11.17 CODE-LISP: nan PAPERS-BIOLOGY: nan PAPERS-CYBER: nan PAPERS-NUCLEAR: nan 
[GPU 0] [12:30:42] [INFO] LR Scheduler: Group constant (step 461)
[GPU 0] [12:43:25] [INFO] Step: 1000, LR: 5.6635e-04
[GPU 0] [12:43:25] [INFO] Train Loss: CORE: 3.20 CODE-LISP: nan PAPERS-BIOLOGY: nan PAPERS-CYBER: nan PAPERS-NUCLEAR: nan 
[GPU 0] [13:07:01] [INFO] Step: 2000, LR: 5.6635e-04
[GPU 0] [13:07:01] [INFO] Train Loss: CORE: 2.92 CODE-LISP: nan PAPERS-BIOLOGY: nan PAPERS-CYBER: nan PAPERS-NUCLEAR: nan 
[GPU 0] [13:30:32] [INFO] Step: 3000, LR: 5.6635e-04
[GPU 0] [13:30:32] [INFO] Train Loss: CORE: 2.71 CODE-LISP: nan PAPERS-BIOLOGY: nan PAPERS-CYBER: nan PAPERS-NUCLEAR: nan 
[GPU 0] [13:54:05] [INFO] Step: 4000, LR: 5.6635e-04
[GPU 0] [13:54:05] [INFO] Train Loss: CORE: 2.65 CODE-LISP: nan PAPERS-BIOLOGY: nan PAPERS-CYBER: nan PAPERS-NUCLEAR: nan 
[GPU 0] [14:17:38] [INFO] Step: 5000, LR: 5.6635e-04
[GPU 0] [14:17:38] [INFO] Train Loss: CORE: 2.63 CODE-LISP: nan PAPERS-BIOLOGY: nan PAPERS-CYBER: nan PAPERS-NUCLEAR: nan 
[GPU 0] [14:41:07] [INFO] Step: 6000, LR: 5.6635e-04
[GPU 0] [14:41:07] [INFO] Train Loss: CORE: 2.71 CODE-LISP: nan PAPERS-BIOLOGY: nan PAPERS-CYBER: nan PAPERS-NUCLEAR: nan 
[GPU 0] [15:04:38] [INFO] Step: 7000, LR: 5.6635e-04
[GPU 0] [15:04:38] [INFO] Train Loss: CORE: 2.52 CODE-LISP: nan PAPERS-BIOLOGY: nan PAPERS-CYBER: nan PAPERS-NUCLEAR: nan 
[GPU 0] [15:28:11] [INFO] Step: 8000, LR: 5.6635e-04
[GPU 0] [15:28:11] [INFO] Train Loss: CORE: 2.51 CODE-LISP: nan PAPERS-BIOLOGY: nan PAPERS-CYBER: nan PAPERS-NUCLEAR: nan 
[GPU 0] [15:51:42] [INFO] Step: 9000, LR: 5.6635e-04
[GPU 0] [15:51:42] [INFO] Train Loss: CORE: 2.48 CODE-LISP: nan PAPERS-BIOLOGY: nan PAPERS-CYBER: nan PAPERS-NUCLEAR: nan 
[GPU 0] [16:15:13] [INFO] Step: 10000, LR: 5.6635e-04
[GPU 0] [16:15:13] [INFO] Train Loss: CORE: 2.60 CODE-LISP: nan PAPERS-BIOLOGY: nan PAPERS-CYBER: nan PAPERS-NUCLEAR: nan 
[GPU 0] [16:38:45] [INFO] Step: 11000, LR: 5.6635e-04
[GPU 0] [16:38:45] [INFO] Train Loss: CORE: 2.52 CODE-LISP: nan PAPERS-BIOLOGY: nan PAPERS-CYBER: nan PAPERS-NUCLEAR: nan 
[GPU 0] [17:02:14] [INFO] Step: 12000, LR: 5.6635e-04
[GPU 0] [17:02:14] [INFO] Train Loss: CORE: 2.50 CODE-LISP: nan PAPERS-BIOLOGY: nan PAPERS-CYBER: nan PAPERS-NUCLEAR: nan 
[GPU 0] [17:25:47] [INFO] Step: 13000, LR: 5.6635e-04
[GPU 0] [17:25:47] [INFO] Train Loss: CORE: 2.59 CODE-LISP: nan PAPERS-BIOLOGY: nan PAPERS-CYBER: nan PAPERS-NUCLEAR: nan 
[GPU 0] [17:49:19] [INFO] Step: 14000, LR: 5.6635e-04
[GPU 0] [17:49:19] [INFO] Train Loss: CORE: 2.44 CODE-LISP: nan PAPERS-BIOLOGY: nan PAPERS-CYBER: nan PAPERS-NUCLEAR: nan 
[GPU 0] [18:12:48] [INFO] Step: 15000, LR: 5.6635e-04
[GPU 0] [18:12:48] [INFO] Train Loss: CORE: 2.48 CODE-LISP: nan PAPERS-BIOLOGY: nan PAPERS-CYBER: nan PAPERS-NUCLEAR: nan 
[GPU 0] [18:36:20] [INFO] Step: 16000, LR: 5.6635e-04
[GPU 0] [18:36:20] [INFO] Train Loss: CORE: 2.53 CODE-LISP: nan PAPERS-BIOLOGY: nan PAPERS-CYBER: nan PAPERS-NUCLEAR: nan 
[GPU 0] [18:59:50] [INFO] Step: 17000, LR: 5.6635e-04
[GPU 0] [18:59:50] [INFO] Train Loss: CORE: 2.48 CODE-LISP: nan PAPERS-BIOLOGY: nan PAPERS-CYBER: nan PAPERS-NUCLEAR: nan 
[GPU 0] [19:23:20] [INFO] Step: 18000, LR: 5.6635e-04
[GPU 0] [19:23:20] [INFO] Train Loss: CORE: 2.30 CODE-LISP: nan PAPERS-BIOLOGY: nan PAPERS-CYBER: nan PAPERS-NUCLEAR: nan 
[GPU 0] [19:46:51] [INFO] Step: 19000, LR: 5.6635e-04
[GPU 0] [19:46:51] [INFO] Train Loss: CORE: 2.41 CODE-LISP: nan PAPERS-BIOLOGY: nan PAPERS-CYBER: nan PAPERS-NUCLEAR: nan 
[GPU 0] [20:10:20] [INFO] Step: 20000, LR: 5.6635e-04
[GPU 0] [20:10:20] [INFO] Train Loss: CORE: 2.45 CODE-LISP: nan PAPERS-BIOLOGY: nan PAPERS-CYBER: nan PAPERS-NUCLEAR: nan 
[GPU 0] [20:28:20] [INFO] LR Scheduler: Group decay (step 20764)
[GPU 0] [20:33:51] [INFO] Step: 21000, LR: 5.0842e-04
[GPU 0] [20:33:51] [INFO] Train Loss: CORE: 2.46 CODE-LISP: nan PAPERS-BIOLOGY: nan PAPERS-CYBER: nan PAPERS-NUCLEAR: nan 
[GPU 0] [20:57:22] [INFO] Step: 22000, LR: 2.6293e-04
[GPU 0] [20:57:22] [INFO] Train Loss: CORE: 2.34 CODE-LISP: nan PAPERS-BIOLOGY: nan PAPERS-CYBER: nan PAPERS-NUCLEAR: nan 
[GPU 0] [21:20:51] [INFO] Step: 23000, LR: 1.7440e-05
[GPU 0] [21:20:51] [INFO] Train Loss: CORE: 2.43 CODE-LISP: nan PAPERS-BIOLOGY: nan PAPERS-CYBER: nan PAPERS-NUCLEAR: nan 
[GPU 0] [21:22:30] [INFO] LR Scheduler: Group warmup (step 23071)
[GPU 0] [21:22:30] [INFO] Batch group start, LR: 1.0000e-08, 228 batches
[GPU 0] [21:22:40] [INFO] LR Scheduler: Group constant (step 23076)
[GPU 0] [21:27:59] [INFO] LR Scheduler: Group decay (step 23276)
[GPU 0] [21:28:35] [INFO] LR Scheduler: Group warmup (step 23299)
[GPU 0] [21:28:35] [INFO] Batch group start, LR: 1.0000e-08, 114 batches
[GPU 0] [21:28:39] [INFO] LR Scheduler: Group constant (step 23301)
[GPU 0] [21:31:23] [INFO] LR Scheduler: Group decay (step 23402)
[GPU 0] [21:31:40] [INFO] LR Scheduler: Group warmup (step 23413)
[GPU 0] [21:31:40] [INFO] Batch group start, LR: 1.0000e-08, 114 batches
[GPU 0] [21:31:43] [INFO] LR Scheduler: Group constant (step 23415)
[GPU 0] [21:34:23] [INFO] LR Scheduler: Group decay (step 23516)
[GPU 0] [21:34:40] [INFO] LR Scheduler: Group warmup (step 23527)
[GPU 0] [21:34:40] [INFO] Batch group start, LR: 1.0000e-08, 114 batches
[GPU 0] [21:34:43] [INFO] LR Scheduler: Group constant (step 23529)
[GPU 0] [21:37:28] [INFO] LR Scheduler: Group decay (step 23630)
[GPU 0] [21:37:45] [INFO] Step: 23641, LR: 1.0000e-08
[GPU 0] [21:37:45] [INFO] Train Loss: CORE: 2.37 CODE-LISP: 0.67 PAPERS-BIOLOGY: 2.37 PAPERS-CYBER: 2.63 PAPERS-NUCLEAR: 2.67 
[GPU 0] [21:39:37] [INFO] ---- Begin Eval ----
[GPU 0] [21:39:37] [INFO] Data: core | Experts: ['core']
[GPU 0] [21:40:08] [INFO] loss: 1.87104249
[GPU 0] [21:40:08] [INFO] Data: code-lisp | Experts: ['core']
[GPU 0] [21:40:16] [INFO] loss: 1.37930155
[GPU 0] [21:40:16] [INFO] Data: papers-biology | Experts: ['core']
[GPU 0] [21:40:25] [INFO] loss: 2.47014475
[GPU 0] [21:40:25] [INFO] Data: papers-nuclear | Experts: ['core']
[GPU 0] [21:40:33] [INFO] loss: 2.84237337
[GPU 0] [21:40:33] [INFO] Data: papers-cyber | Experts: ['core']
[GPU 0] [21:40:42] [INFO] loss: 2.70662212
[GPU 0] [21:40:42] [INFO] ---- Begin Eval ----
[GPU 0] [21:40:42] [INFO] Data: core | Experts: ['code-lisp', 'core']
[GPU 0] [21:41:12] [INFO] loss: 1.88350773
[GPU 0] [21:41:12] [INFO] Data: code-lisp | Experts: ['code-lisp', 'core']
[GPU 0] [21:41:21] [INFO] loss: 0.79921877
[GPU 0] [21:41:21] [INFO] Data: papers-biology | Experts: ['code-lisp', 'core']
[GPU 0] [21:41:31] [INFO] loss: 2.48037577
[GPU 0] [21:41:31] [INFO] Data: papers-nuclear | Experts: ['code-lisp', 'core']
[GPU 0] [21:41:41] [INFO] loss: 2.85522699
[GPU 0] [21:41:41] [INFO] Data: papers-cyber | Experts: ['code-lisp', 'core']
[GPU 0] [21:41:51] [INFO] loss: 2.71995902
[GPU 0] [21:41:51] [INFO] ---- Begin Eval ----
[GPU 0] [21:41:51] [INFO] Data: core | Experts: ['core', 'papers-biology']
[GPU 0] [21:42:20] [INFO] loss: 1.87767947
[GPU 0] [21:42:20] [INFO] Data: code-lisp | Experts: ['core', 'papers-biology']
[GPU 0] [21:42:30] [INFO] loss: 1.38287294
[GPU 0] [21:42:30] [INFO] Data: papers-biology | Experts: ['core', 'papers-biology']
[GPU 0] [21:42:40] [INFO] loss: 2.37181902
[GPU 0] [21:42:40] [INFO] Data: papers-nuclear | Experts: ['core', 'papers-biology']
[GPU 0] [21:42:50] [INFO] loss: 2.83863473
[GPU 0] [21:42:50] [INFO] Data: papers-cyber | Experts: ['core', 'papers-biology']
[GPU 0] [21:42:59] [INFO] loss: 2.71571803
[GPU 0] [21:42:59] [INFO] ---- Begin Eval ----
[GPU 0] [21:42:59] [INFO] Data: core | Experts: ['core', 'papers-nuclear']
[GPU 0] [21:43:28] [INFO] loss: 1.88113451
[GPU 0] [21:43:28] [INFO] Data: code-lisp | Experts: ['core', 'papers-nuclear']
[GPU 0] [21:43:37] [INFO] loss: 1.38404942
[GPU 0] [21:43:37] [INFO] Data: papers-biology | Experts: ['core', 'papers-nuclear']
[GPU 0] [21:43:47] [INFO] loss: 2.46966124
[GPU 0] [21:43:47] [INFO] Data: papers-nuclear | Experts: ['core', 'papers-nuclear']
[GPU 0] [21:43:56] [INFO] loss: 2.71845245
[GPU 0] [21:43:56] [INFO] Data: papers-cyber | Experts: ['core', 'papers-nuclear']
[GPU 0] [21:44:05] [INFO] loss: 2.71711326
[GPU 0] [21:44:05] [INFO] ---- Begin Eval ----
[GPU 0] [21:44:05] [INFO] Data: core | Experts: ['core', 'papers-cyber']
[GPU 0] [21:44:35] [INFO] loss: 1.87373972
[GPU 0] [21:44:35] [INFO] Data: code-lisp | Experts: ['core', 'papers-cyber']
[GPU 0] [21:44:45] [INFO] loss: 1.38294733
[GPU 0] [21:44:45] [INFO] Data: papers-biology | Experts: ['core', 'papers-cyber']
[GPU 0] [21:44:54] [INFO] loss: 2.47111249
[GPU 0] [21:44:54] [INFO] Data: papers-nuclear | Experts: ['core', 'papers-cyber']
[GPU 0] [21:45:04] [INFO] loss: 2.83923006
[GPU 0] [21:45:04] [INFO] Data: papers-cyber | Experts: ['core', 'papers-cyber']
[GPU 0] [21:45:14] [INFO] loss: 2.63906240
[GPU 0] [21:45:18] [INFO] ROUTED - ADVERSARIAL FT START
[GPU 0] [21:45:19] [INFO] ---- Begin FT | Experts: ['core'] | Data: ['code-lisp'] ----
[GPU 0] [21:45:19] [DEBUG] num_seq: 512, num_rounds: 200, patience: 10
[GPU 0] [21:45:19] [DEBUG] local_x: torch.Size([64, 1024]), local_y: torch.Size([64, 1024]), num_steps: 6, per_gpu: 64, mbs_size: 12
[GPU 0] [21:45:35] [INFO] New best validation loss: 1.4396 @ step 0
[GPU 0] [21:45:50] [INFO] New best validation loss: 1.3129 @ step 1
[GPU 0] [21:46:04] [INFO] New best validation loss: 1.2677 @ step 2
[GPU 0] [21:46:19] [INFO] New best validation loss: 1.2166 @ step 3
[GPU 0] [21:46:34] [INFO] New best validation loss: 1.1830 @ step 4
[GPU 0] [21:46:48] [INFO] New best validation loss: 1.1648 @ step 5
[GPU 0] [21:47:03] [INFO] New best validation loss: 1.1461 @ step 6
[GPU 0] [21:47:18] [INFO] New best validation loss: 1.1309 @ step 7
[GPU 0] [21:47:32] [INFO] New best validation loss: 1.1185 @ step 8
[GPU 0] [21:47:47] [INFO] New best validation loss: 1.1054 @ step 9
[GPU 0] [21:48:02] [INFO] New best validation loss: 1.0931 @ step 10
[GPU 0] [21:48:17] [INFO] New best validation loss: 1.0830 @ step 11
[GPU 0] [21:48:32] [INFO] New best validation loss: 1.0757 @ step 12
[GPU 0] [21:48:47] [INFO] New best validation loss: 1.0677 @ step 13
[GPU 0] [21:49:01] [INFO] New best validation loss: 1.0608 @ step 14
[GPU 0] [21:49:16] [INFO] New best validation loss: 1.0550 @ step 15
[GPU 0] [21:49:31] [INFO] New best validation loss: 1.0491 @ step 16
[GPU 0] [21:49:45] [INFO] New best validation loss: 1.0439 @ step 17
[GPU 0] [21:50:00] [INFO] New best validation loss: 1.0392 @ step 18
[GPU 0] [21:50:19] [INFO] New best validation loss: 1.0362 @ step 19
[GPU 0] [21:50:34] [INFO] New best validation loss: 1.0347 @ step 20
[GPU 0] [21:50:49] [INFO] New best validation loss: 1.0346 @ step 21
[GPU 0] [21:51:04] [INFO] New best validation loss: 1.0344 @ step 22
[GPU 0] [21:51:18] [INFO] New best validation loss: 1.0327 @ step 23
[GPU 0] [21:51:33] [INFO] New best validation loss: 1.0310 @ step 24
[GPU 0] [21:51:47] [INFO] New best validation loss: 1.0309 @ step 25
[GPU 0] [21:54:29] [INFO] Stop FT @ 37: no val improvement for 10 steps
[GPU 0] [21:54:29] [INFO] Wrote stats.jsonl entries at FT step 25 
[GPU 0] [21:54:31] [INFO] ---- Begin FT | Experts: ['core'] | Data: ['papers-biology'] ----
[GPU 0] [21:54:31] [DEBUG] num_seq: 512, num_rounds: 200, patience: 10
[GPU 0] [21:54:31] [DEBUG] local_x: torch.Size([64, 1024]), local_y: torch.Size([64, 1024]), num_steps: 6, per_gpu: 64, mbs_size: 12
[GPU 0] [21:54:46] [INFO] New best validation loss: 2.6080 @ step 0
[GPU 0] [21:55:00] [INFO] New best validation loss: 2.4865 @ step 1
[GPU 0] [21:55:15] [INFO] New best validation loss: 2.4810 @ step 2
[GPU 0] [21:57:59] [INFO] Stop FT @ 14: no val improvement for 10 steps
[GPU 0] [21:57:59] [INFO] Wrote stats.jsonl entries at FT step 2 
[GPU 0] [21:58:01] [INFO] ---- Begin FT | Experts: ['core'] | Data: ['papers-cyber'] ----
[GPU 0] [21:58:01] [DEBUG] num_seq: 512, num_rounds: 200, patience: 10
[GPU 0] [21:58:01] [DEBUG] local_x: torch.Size([64, 1024]), local_y: torch.Size([64, 1024]), num_steps: 6, per_gpu: 64, mbs_size: 12
[GPU 0] [21:58:15] [INFO] New best validation loss: 2.8284 @ step 0
[GPU 0] [21:58:30] [INFO] New best validation loss: 2.7224 @ step 1
[GPU 0] [22:01:18] [INFO] Stop FT @ 13: no val improvement for 10 steps
[GPU 0] [22:01:18] [INFO] Wrote stats.jsonl entries at FT step 1 
[GPU 0] [22:01:19] [INFO] ---- Begin FT | Experts: ['core'] | Data: ['papers-nuclear'] ----
[GPU 0] [22:01:19] [DEBUG] num_seq: 512, num_rounds: 200, patience: 10
[GPU 0] [22:01:19] [DEBUG] local_x: torch.Size([64, 1024]), local_y: torch.Size([64, 1024]), num_steps: 6, per_gpu: 64, mbs_size: 12
[GPU 0] [22:01:34] [INFO] New best validation loss: 2.9840 @ step 0
[GPU 0] [22:01:49] [INFO] New best validation loss: 2.8500 @ step 1
[GPU 0] [22:02:04] [INFO] New best validation loss: 2.8324 @ step 2
[GPU 0] [22:04:44] [INFO] Stop FT @ 14: no val improvement for 10 steps
[GPU 0] [22:04:44] [INFO] Wrote stats.jsonl entries at FT step 2 
[GPU 0] [22:04:45] [INFO] ROUTED - ADVERSARIAL FT START
[GPU 0] [22:04:46] [INFO] ---- Begin FT | Experts: ['code-lisp', 'core'] | Data: ['papers-biology'] ----
[GPU 0] [22:04:46] [DEBUG] num_seq: 512, num_rounds: 200, patience: 10
[GPU 0] [22:04:46] [DEBUG] local_x: torch.Size([64, 1024]), local_y: torch.Size([64, 1024]), num_steps: 6, per_gpu: 64, mbs_size: 12
[GPU 0] [22:05:02] [INFO] New best validation loss: 2.6288 @ step 0
[GPU 0] [22:05:18] [INFO] New best validation loss: 2.4949 @ step 1
[GPU 0] [22:05:34] [INFO] New best validation loss: 2.4937 @ step 2
[GPU 0] [22:08:34] [INFO] Stop FT @ 14: no val improvement for 10 steps
[GPU 0] [22:08:34] [INFO] Wrote stats.jsonl entries at FT step 2 
[GPU 0] [22:08:36] [INFO] ---- Begin FT | Experts: ['code-lisp', 'core'] | Data: ['papers-cyber'] ----
[GPU 0] [22:08:36] [DEBUG] num_seq: 512, num_rounds: 200, patience: 10
[GPU 0] [22:08:36] [DEBUG] local_x: torch.Size([64, 1024]), local_y: torch.Size([64, 1024]), num_steps: 6, per_gpu: 64, mbs_size: 12
[GPU 0] [22:08:52] [INFO] New best validation loss: 2.8496 @ step 0
[GPU 0] [22:09:09] [INFO] New best validation loss: 2.7403 @ step 1
[GPU 0] [22:09:25] [INFO] New best validation loss: 2.7376 @ step 2
[GPU 0] [22:12:32] [INFO] Stop FT @ 14: no val improvement for 10 steps
[GPU 0] [22:12:32] [INFO] Wrote stats.jsonl entries at FT step 2 
[GPU 0] [22:12:33] [INFO] ---- Begin FT | Experts: ['code-lisp', 'core'] | Data: ['papers-nuclear'] ----
[GPU 0] [22:12:33] [DEBUG] num_seq: 512, num_rounds: 200, patience: 10
[GPU 0] [22:12:33] [DEBUG] local_x: torch.Size([64, 1024]), local_y: torch.Size([64, 1024]), num_steps: 6, per_gpu: 64, mbs_size: 12
[GPU 0] [22:12:50] [INFO] New best validation loss: 3.0190 @ step 0
[GPU 0] [22:13:06] [INFO] New best validation loss: 2.8617 @ step 1
[GPU 0] [22:13:22] [INFO] New best validation loss: 2.8452 @ step 2
[GPU 0] [22:16:23] [INFO] Stop FT @ 14: no val improvement for 10 steps
[GPU 0] [22:16:23] [INFO] Wrote stats.jsonl entries at FT step 2 
[GPU 0] [22:16:23] [INFO] ROUTED - ADVERSARIAL FT START
[GPU 0] [22:16:24] [INFO] ---- Begin FT | Experts: ['core', 'papers-biology'] | Data: ['code-lisp'] ----
[GPU 0] [22:16:24] [DEBUG] num_seq: 512, num_rounds: 200, patience: 10
[GPU 0] [22:16:24] [DEBUG] local_x: torch.Size([64, 1024]), local_y: torch.Size([64, 1024]), num_steps: 6, per_gpu: 64, mbs_size: 12
[GPU 0] [22:16:41] [INFO] New best validation loss: 1.4680 @ step 0
[GPU 0] [22:16:58] [INFO] New best validation loss: 1.3131 @ step 1
[GPU 0] [22:17:14] [INFO] New best validation loss: 1.2675 @ step 2
[GPU 0] [22:17:30] [INFO] New best validation loss: 1.2171 @ step 3
[GPU 0] [22:17:46] [INFO] New best validation loss: 1.1834 @ step 4
[GPU 0] [22:18:02] [INFO] New best validation loss: 1.1612 @ step 5
[GPU 0] [22:18:18] [INFO] New best validation loss: 1.1434 @ step 6
[GPU 0] [22:18:35] [INFO] New best validation loss: 1.1295 @ step 7
[GPU 0] [22:18:51] [INFO] New best validation loss: 1.1151 @ step 8
[GPU 0] [22:19:07] [INFO] New best validation loss: 1.1006 @ step 9
[GPU 0] [22:19:24] [INFO] New best validation loss: 1.0886 @ step 10
[GPU 0] [22:19:40] [INFO] New best validation loss: 1.0790 @ step 11
[GPU 0] [22:19:57] [INFO] New best validation loss: 1.0705 @ step 12
[GPU 0] [22:20:17] [INFO] New best validation loss: 1.0628 @ step 13
[GPU 0] [22:20:34] [INFO] New best validation loss: 1.0563 @ step 14
[GPU 0] [22:20:50] [INFO] New best validation loss: 1.0510 @ step 15
[GPU 0] [22:21:06] [INFO] New best validation loss: 1.0452 @ step 16
[GPU 0] [22:21:23] [INFO] New best validation loss: 1.0398 @ step 17
[GPU 0] [22:21:39] [INFO] New best validation loss: 1.0358 @ step 18
[GPU 0] [22:21:56] [INFO] New best validation loss: 1.0338 @ step 19
[GPU 0] [22:22:12] [INFO] New best validation loss: 1.0335 @ step 20
[GPU 0] [22:22:29] [INFO] New best validation loss: 1.0334 @ step 21
[GPU 0] [22:22:46] [INFO] New best validation loss: 1.0312 @ step 22
[GPU 0] [22:23:02] [INFO] New best validation loss: 1.0293 @ step 23
[GPU 0] [22:26:02] [INFO] Stop FT @ 35: no val improvement for 10 steps
[GPU 0] [22:26:02] [INFO] Wrote stats.jsonl entries at FT step 23 
[GPU 0] [22:26:03] [INFO] ---- Begin FT | Experts: ['core', 'papers-biology'] | Data: ['papers-cyber'] ----
[GPU 0] [22:26:03] [DEBUG] num_seq: 512, num_rounds: 200, patience: 10
[GPU 0] [22:26:04] [DEBUG] local_x: torch.Size([64, 1024]), local_y: torch.Size([64, 1024]), num_steps: 6, per_gpu: 64, mbs_size: 12
[GPU 0] [22:26:20] [INFO] New best validation loss: 2.8525 @ step 0
[GPU 0] [22:26:36] [INFO] New best validation loss: 2.7364 @ step 1
[GPU 0] [22:26:52] [INFO] New best validation loss: 2.7291 @ step 2
[GPU 0] [22:29:52] [INFO] Stop FT @ 14: no val improvement for 10 steps
[GPU 0] [22:29:52] [INFO] Wrote stats.jsonl entries at FT step 2 
[GPU 0] [22:29:54] [INFO] ---- Begin FT | Experts: ['core', 'papers-biology'] | Data: ['papers-nuclear'] ----
[GPU 0] [22:29:54] [DEBUG] num_seq: 512, num_rounds: 200, patience: 10
[GPU 0] [22:29:54] [DEBUG] local_x: torch.Size([64, 1024]), local_y: torch.Size([64, 1024]), num_steps: 6, per_gpu: 64, mbs_size: 12
[GPU 0] [22:30:11] [INFO] New best validation loss: 2.9209 @ step 0
[GPU 0] [22:30:27] [INFO] New best validation loss: 2.8404 @ step 1
[GPU 0] [22:30:43] [INFO] New best validation loss: 2.8327 @ step 2
[GPU 0] [22:31:17] [INFO] New best validation loss: 2.8315 @ step 4
[GPU 0] [22:34:18] [INFO] Stop FT @ 16: no val improvement for 10 steps
[GPU 0] [22:34:18] [INFO] Wrote stats.jsonl entries at FT step 4 
[GPU 0] [22:34:19] [INFO] ROUTED - ADVERSARIAL FT START
[GPU 0] [22:34:20] [INFO] ---- Begin FT | Experts: ['core', 'papers-nuclear'] | Data: ['code-lisp'] ----
[GPU 0] [22:34:20] [DEBUG] num_seq: 512, num_rounds: 200, patience: 10
[GPU 0] [22:34:20] [DEBUG] local_x: torch.Size([64, 1024]), local_y: torch.Size([64, 1024]), num_steps: 6, per_gpu: 64, mbs_size: 12
[GPU 0] [22:34:35] [INFO] New best validation loss: 1.4446 @ step 0
[GPU 0] [22:34:51] [INFO] New best validation loss: 1.3093 @ step 1
[GPU 0] [22:35:08] [INFO] New best validation loss: 1.2497 @ step 2
[GPU 0] [22:35:24] [INFO] New best validation loss: 1.2097 @ step 3
[GPU 0] [22:35:41] [INFO] New best validation loss: 1.1755 @ step 4
[GPU 0] [22:35:57] [INFO] New best validation loss: 1.1529 @ step 5
[GPU 0] [22:36:13] [INFO] New best validation loss: 1.1366 @ step 6
[GPU 0] [22:36:30] [INFO] New best validation loss: 1.1208 @ step 7
[GPU 0] [22:36:45] [INFO] New best validation loss: 1.1047 @ step 8
[GPU 0] [22:37:01] [INFO] New best validation loss: 1.0920 @ step 9
[GPU 0] [22:37:17] [INFO] New best validation loss: 1.0815 @ step 10
[GPU 0] [22:37:33] [INFO] New best validation loss: 1.0727 @ step 11
[GPU 0] [22:37:50] [INFO] New best validation loss: 1.0644 @ step 12
[GPU 0] [22:38:06] [INFO] New best validation loss: 1.0570 @ step 13
[GPU 0] [22:38:22] [INFO] New best validation loss: 1.0503 @ step 14
[GPU 0] [22:38:38] [INFO] New best validation loss: 1.0437 @ step 15
[GPU 0] [22:38:54] [INFO] New best validation loss: 1.0380 @ step 16
[GPU 0] [22:39:10] [INFO] New best validation loss: 1.0340 @ step 17
[GPU 0] [22:39:26] [INFO] New best validation loss: 1.0321 @ step 18
[GPU 0] [22:39:42] [INFO] New best validation loss: 1.0314 @ step 19
[GPU 0] [22:39:58] [INFO] New best validation loss: 1.0303 @ step 20
[GPU 0] [22:40:19] [INFO] New best validation loss: 1.0291 @ step 21
[GPU 0] [22:40:35] [INFO] New best validation loss: 1.0283 @ step 22
[GPU 0] [22:43:31] [INFO] Stop FT @ 34: no val improvement for 10 steps
[GPU 0] [22:43:31] [INFO] Wrote stats.jsonl entries at FT step 22 
[GPU 0] [22:43:33] [INFO] ---- Begin FT | Experts: ['core', 'papers-nuclear'] | Data: ['papers-biology'] ----
[GPU 0] [22:43:33] [DEBUG] num_seq: 512, num_rounds: 200, patience: 10
[GPU 0] [22:43:33] [DEBUG] local_x: torch.Size([64, 1024]), local_y: torch.Size([64, 1024]), num_steps: 6, per_gpu: 64, mbs_size: 12
[GPU 0] [22:43:49] [INFO] New best validation loss: 2.7464 @ step 0
[GPU 0] [22:44:05] [INFO] New best validation loss: 2.4985 @ step 1
[GPU 0] [22:44:21] [INFO] New best validation loss: 2.4954 @ step 2
[GPU 0] [22:45:25] [INFO] New best validation loss: 2.4941 @ step 6
[GPU 0] [22:45:41] [INFO] New best validation loss: 2.4937 @ step 7
[GPU 0] [22:48:36] [INFO] Stop FT @ 19: no val improvement for 10 steps
[GPU 0] [22:48:36] [INFO] Wrote stats.jsonl entries at FT step 7 
[GPU 0] [22:48:38] [INFO] ---- Begin FT | Experts: ['core', 'papers-nuclear'] | Data: ['papers-cyber'] ----
[GPU 0] [22:48:38] [DEBUG] num_seq: 512, num_rounds: 200, patience: 10
[GPU 0] [22:48:38] [DEBUG] local_x: torch.Size([64, 1024]), local_y: torch.Size([64, 1024]), num_steps: 6, per_gpu: 64, mbs_size: 12
[GPU 0] [22:48:54] [INFO] New best validation loss: 2.8878 @ step 0
[GPU 0] [22:49:10] [INFO] New best validation loss: 2.7477 @ step 1
[GPU 0] [22:49:26] [INFO] New best validation loss: 2.7329 @ step 2
[GPU 0] [22:49:42] [INFO] New best validation loss: 2.7315 @ step 3
[GPU 0] [22:50:19] [INFO] New best validation loss: 2.7314 @ step 5
[GPU 0] [22:53:16] [INFO] Stop FT @ 17: no val improvement for 10 steps
[GPU 0] [22:53:16] [INFO] Wrote stats.jsonl entries at FT step 5 
[GPU 0] [22:53:16] [INFO] ROUTED - ADVERSARIAL FT START
[GPU 0] [22:53:17] [INFO] ---- Begin FT | Experts: ['core', 'papers-cyber'] | Data: ['code-lisp'] ----
[GPU 0] [22:53:17] [DEBUG] num_seq: 512, num_rounds: 200, patience: 10
[GPU 0] [22:53:17] [DEBUG] local_x: torch.Size([64, 1024]), local_y: torch.Size([64, 1024]), num_steps: 6, per_gpu: 64, mbs_size: 12
[GPU 0] [22:53:34] [INFO] New best validation loss: 1.4994 @ step 0
[GPU 0] [22:53:50] [INFO] New best validation loss: 1.3381 @ step 1
[GPU 0] [22:54:06] [INFO] New best validation loss: 1.2896 @ step 2
[GPU 0] [22:54:23] [INFO] New best validation loss: 1.2331 @ step 3
[GPU 0] [22:54:40] [INFO] New best validation loss: 1.1929 @ step 4
[GPU 0] [22:54:57] [INFO] New best validation loss: 1.1750 @ step 5
[GPU 0] [22:55:13] [INFO] New best validation loss: 1.1567 @ step 6
[GPU 0] [22:55:30] [INFO] New best validation loss: 1.1396 @ step 7
[GPU 0] [22:55:46] [INFO] New best validation loss: 1.1261 @ step 8
[GPU 0] [22:56:02] [INFO] New best validation loss: 1.1126 @ step 9
[GPU 0] [22:56:18] [INFO] New best validation loss: 1.0999 @ step 10
[GPU 0] [22:56:35] [INFO] New best validation loss: 1.0889 @ step 11
[GPU 0] [22:56:51] [INFO] New best validation loss: 1.0802 @ step 12
[GPU 0] [22:57:07] [INFO] New best validation loss: 1.0722 @ step 13
[GPU 0] [22:57:23] [INFO] New best validation loss: 1.0645 @ step 14
[GPU 0] [22:57:39] [INFO] New best validation loss: 1.0578 @ step 15
[GPU 0] [22:57:56] [INFO] New best validation loss: 1.0528 @ step 16
[GPU 0] [22:58:12] [INFO] New best validation loss: 1.0479 @ step 17
[GPU 0] [22:58:28] [INFO] New best validation loss: 1.0430 @ step 18
[GPU 0] [22:58:45] [INFO] New best validation loss: 1.0383 @ step 19
[GPU 0] [22:59:01] [INFO] New best validation loss: 1.0355 @ step 20
[GPU 0] [22:59:18] [INFO] New best validation loss: 1.0348 @ step 21
[GPU 0] [22:59:50] [INFO] New best validation loss: 1.0345 @ step 23
[GPU 0] [23:00:06] [INFO] New best validation loss: 1.0323 @ step 24
[GPU 0] [23:00:24] [INFO] New best validation loss: 1.0307 @ step 25
[GPU 0] [23:03:26] [INFO] Stop FT @ 37: no val improvement for 10 steps
[GPU 0] [23:03:26] [INFO] Wrote stats.jsonl entries at FT step 25 
[GPU 0] [23:03:28] [INFO] ---- Begin FT | Experts: ['core', 'papers-cyber'] | Data: ['papers-biology'] ----
[GPU 0] [23:03:28] [DEBUG] num_seq: 512, num_rounds: 200, patience: 10
[GPU 0] [23:03:28] [DEBUG] local_x: torch.Size([64, 1024]), local_y: torch.Size([64, 1024]), num_steps: 6, per_gpu: 64, mbs_size: 12
[GPU 0] [23:03:44] [INFO] New best validation loss: 2.6792 @ step 0
[GPU 0] [23:04:01] [INFO] New best validation loss: 2.4948 @ step 1
[GPU 0] [23:04:17] [INFO] New best validation loss: 2.4933 @ step 2
[GPU 0] [23:05:21] [INFO] New best validation loss: 2.4928 @ step 6
[GPU 0] [23:05:37] [INFO] New best validation loss: 2.4911 @ step 7
[GPU 0] [23:08:36] [INFO] Stop FT @ 19: no val improvement for 10 steps
[GPU 0] [23:08:36] [INFO] Wrote stats.jsonl entries at FT step 7 
[GPU 0] [23:08:38] [INFO] ---- Begin FT | Experts: ['core', 'papers-cyber'] | Data: ['papers-nuclear'] ----
[GPU 0] [23:08:38] [DEBUG] num_seq: 512, num_rounds: 200, patience: 10
[GPU 0] [23:08:38] [DEBUG] local_x: torch.Size([64, 1024]), local_y: torch.Size([64, 1024]), num_steps: 6, per_gpu: 64, mbs_size: 12
[GPU 0] [23:08:54] [INFO] New best validation loss: 2.9738 @ step 0
[GPU 0] [23:09:10] [INFO] New best validation loss: 2.8483 @ step 1
[GPU 0] [23:09:27] [INFO] New best validation loss: 2.8329 @ step 2
[GPU 0] [23:12:30] [INFO] Stop FT @ 14: no val improvement for 10 steps
[GPU 0] [23:12:30] [INFO] Wrote stats.jsonl entries at FT step 2 
[GPU 0] [23:12:35] [INFO] ----------------------------------------
[GPU 0] [23:12:35] [INFO] Finished. See /workspace/gradient-routing/experiments/AGI-1699-New-Dataset-Runs/results/scaling/realistic/lora/800M/seed_1/20260422121913832756
