[GPU 0] [23:02:11] [INFO] Number of GPUs: 8
[GPU 0] [23:02:13] [INFO] Tokenizer vocabulary: 50257
[GPU 0] [23:02:13] [INFO] Set model vocab size to nearest multiple of 64 of tokenizer size: 50304
[GPU 0] [23:02:14] [INFO] target effective batch size: 122, actual effective batch size: 128, micro batch size: 16, accumulation steps: 1, num gpus: 8
[GPU 0] [23:02:14] [INFO] core total number of tokens: 66749057569
[GPU 0] [23:02:14] [INFO] Baseline model has 103,201,984 parameters
[GPU 0] [23:02:14] [INFO] core: chinchilla optimal tokens: 2,064,039,680, requested proportion: 1.0000, requested number of tokens: 2,064,039,680.0, 
[GPU 0] [23:02:14] [INFO] aux total number of tokens: 4835776549
[GPU 0] [23:02:14] [INFO] Baseline model has 103,201,984 parameters
[GPU 0] [23:02:14] [INFO] aux: chinchilla optimal tokens: 2,064,039,680, requested proportion: 0.0100, requested number of tokens: 20,640,396.8, 
[GPU 0] [23:02:14] [DEBUG] Saved config to /workspace/gradient-routing/experiments/AGI-1699-New-Dataset-Runs/results/scaling/realistic/grmoe/100M/seed_2/20260422230207484239/config.json
[GPU 0] [23:02:14] [DEBUG] {
    "stages": [
        {
            "name": "routed",
            "num_checkpoints": -1,
            "lr": 0.0010740633599129793,
            "res_dir": "/workspace/gradient-routing/experiments/AGI-1699-New-Dataset-Runs/results/scaling/realistic/grmoe/100M/seed_2/20260422230207484239/routed",
            "do_eval": true,
            "do_sample": false,
            "num_train_evals": 0,
            "do_elicit": true,
            "elicit_eval_prc": 0.5,
            "elicit_num_evals": 100,
            "model": {
                "arch": "moe",
                "tokenizer": "GPT2Tokenizer(name_or_path='EleutherAI/gpt-neo-125M', vocab_size=50257, model_max_length=2048, padding_side='right', truncation_side='right', special_tokens={'bos_token': '<|endoftext|>', 'eos_token': '<|endoftext|>', 'unk_token': '<|endoftext|>'}, added_tokens_decoder={\n\t50256: AddedToken(\"<|endoftext|>\", rstrip=False, lstrip=False, single_word=False, normalized=True, special=True),\n}\n)",
                "ctx_len": 1024,
                "vocab_size": 50304,
                "num_layers": 9,
                "num_heads": 8,
                "num_key_value": 2,
                "attn_bias": true,
                "eos_token_id": 50256,
                "embed_dim": 640,
                "mlp_dim": 2560,
                "core_param_prc": 1.0,
                "aux_param_prc": 0.1
            },
            "eval_arbsub": false,
            "aux_factor": {
                "code-lisp": 4.0,
                "papers-biology": 3.0,
                "papers-nuclear": 3.0,
                "papers-cyber": 3.0
            },
            "robust_prc": 0.2,
            "aux_route_prc": 0.5,
            "equal_compute": true
        }
    ],
    "model": {
        "arch": "base",
        "tokenizer": "GPT2Tokenizer(name_or_path='EleutherAI/gpt-neo-125M', vocab_size=50257, model_max_length=2048, padding_side='right', truncation_side='right', special_tokens={'bos_token': '<|endoftext|>', 'eos_token': '<|endoftext|>', 'unk_token': '<|endoftext|>'}, added_tokens_decoder={\n\t50256: AddedToken(\"<|endoftext|>\", rstrip=False, lstrip=False, single_word=False, normalized=True, special=True),\n}\n)",
        "ctx_len": 1024,
        "vocab_size": 50304,
        "num_layers": 9,
        "num_heads": 8,
        "num_key_value": 2,
        "attn_bias": true,
        "eos_token_id": 50256,
        "embed_dim": 640,
        "mlp_dim": 2560
    },
    "data": {
        "dirs": [
            "/workspace/gradient-routing/experiments/AGI-1699-New-Dataset-Runs/src/data/fineweb",
            "/workspace/gradient-routing/experiments/AGI-1699-New-Dataset-Runs/src/data/code",
            "/workspace/gradient-routing/experiments/AGI-1699-New-Dataset-Runs/src/data/papers"
        ],
        "core": {
            "labels": [
                "fineweb",
                "code-other",
                "papers-other"
            ],
            "method": "optimal",
            "limit": 1.0,
            "dist": {
                "fineweb": 0.84,
                "code-other": 0.15,
                "papers-other": 0.01
            },
            "num_tok": 2064039680.0
        },
        "aux": {
            "labels": [
                "code-lisp",
                "papers-biology",
                "papers-nuclear",
                "papers-cyber"
            ],
            "method": "optimal",
            "limit": 0.01,
            "dist": {
                "code-lisp": 0.25,
                "papers-biology": 0.25,
                "papers-nuclear": 0.25,
                "papers-cyber": 0.25
            },
            "num_tok": 20640396.8
        }
    },
    "run": {
        "target_effective_batch_size": 122,
        "effective_batch_size": 128,
        "micro_batch_size": 16,
        "accumulation_steps": 1,
        "max_num_test_sequences": 10000,
        "eval_all_labels": false,
        "micro_batch_anchors": [
            [
                400000000.0,
                23
            ],
            [
                5000000000.0,
                2
            ]
        ],
        "epochs": 1,
        "adam_betas": [
            0.9,
            0.95
        ],
        "warmup_prc": 0.02,
        "decay_prc": 0.1,
        "seed": 2,
        "compile": true,
        "is_ddp": true,
        "optimize_routed": true,
        "cleanup_distributed": false,
        "log_level": "DEBUG",
        "num_gpus": 8,
        "process_id": 0,
        "num_base_params": 103201984,
        "device": "cuda",
        "logger": "<Logger training_20260422230207484239 (DEBUG)>",
        "labels": [
            "core",
            "code-lisp",
            "papers-biology",
            "papers-cyber",
            "papers-nuclear"
        ],
        "loaders": {
            "code-lisp": {
                "train": "SingleDataLoader(code-lisp_train_001.bin, len=39)",
                "test": "SingleDataLoader(code-lisp_test_001.bin, len=39)"
            },
            "code-other": {
                "train": "SingleDataLoader(code-other_train_003.bin, len=2362)",
                "test": "InterleavedDataLoader(len=79)"
            },
            "fineweb": {
                "train": "InterleavedDataLoader(len=13227)",
                "test": "InterleavedDataLoader(len=79)"
            },
            "papers-biology": {
                "train": "SingleDataLoader(papers-biology_train.bin, len=39)",
                "test": "SingleDataLoader(papers-biology_test.bin, len=39)"
            },
            "papers-cyber": {
                "train": "SingleDataLoader(papers-cyber_train.bin, len=39)",
                "test": "SingleDataLoader(papers-cyber_test.bin, len=39)"
            },
            "papers-nuclear": {
                "train": "SingleDataLoader(papers-nuclear_train.bin, len=39)",
                "test": "SingleDataLoader(papers-nuclear_test.bin, len=39)"
            },
            "papers-other": {
                "train": "SingleDataLoader(papers-other_train.bin, len=157)",
                "test": "SingleDataLoader(papers-other_test.bin, len=79)"
            },
            "core": {
                "train": "InterleavedDataLoader(len=15746)",
                "test": "InterleavedDataLoader(len=237)"
            },
            "aux": {
                "train": "InterleavedDataLoader(len=156)",
                "test": "InterleavedDataLoader(len=156)"
            },
            "all": {
                "train": "InterleavedDataLoader(len=15902)",
                "test": "InterleavedDataLoader(len=393)"
            }
        },
        "res_root": "/workspace/gradient-routing/experiments/AGI-1699-New-Dataset-Runs/results/scaling/realistic/grmoe/100M/seed_2",
        "experiment_id": "20260422230207484239",
        "s3_bucket": "ae-gradient-routing-results",
        "s3_prefix": "scaling/realistic/grmoe/100M/seed_2"
    }
}
[GPU 0] [23:02:14] [INFO] Loader code-lisp train: 39, test: 39
[GPU 0] [23:02:14] [INFO] Loader code-other train: 2362, test: 79
[GPU 0] [23:02:14] [INFO] Loader fineweb train: 13227, test: 79
[GPU 0] [23:02:14] [INFO] Loader papers-biology train: 39, test: 39
[GPU 0] [23:02:14] [INFO] Loader papers-cyber train: 39, test: 39
[GPU 0] [23:02:14] [INFO] Loader papers-nuclear train: 39, test: 39
[GPU 0] [23:02:14] [INFO] Loader papers-other train: 157, test: 79
[GPU 0] [23:02:14] [INFO] Loader core train: 15746, test: 237
[GPU 0] [23:02:14] [INFO] Loader aux train: 156, test: 156
[GPU 0] [23:02:14] [INFO] Loader all train: 15902, test: 393
[GPU 0] [23:02:14] [INFO] Stage [routed] start: {"name": "routed", "num_checkpoints": -1, "lr": 0.0010740633599129793, "res_dir": "/workspace/gradient-routing/experiments/AGI-1699-New-Dataset-Runs/results/scaling/realistic/grmoe/100M/seed_2/20260422230207484239/routed", "do_eval": true, "do_sample": false, "num_train_evals": 0, "do_elicit": true, "elicit_eval_prc": 0.5, "elicit_num_evals": 100, "model": {"arch": "moe", "tokenizer": "GPT2Tokenizer(name_or_path='EleutherAI/gpt-neo-125M', vocab_size=50257, model_max_length=2048, padding_side='right', truncation_side='right', special_tokens={'bos_token': '<|endoftext|>', 'eos_token': '<|endoftext|>', 'unk_token': '<|endoftext|>'}, added_tokens_decoder={\n\t50256: AddedToken(\"<|endoftext|>\", rstrip=False, lstrip=False, single_word=False, normalized=True, special=True),\n}\n)", "ctx_len": 1024, "vocab_size": 50304, "num_layers": 9, "num_heads": 8, "num_key_value": 2, "attn_bias": true, "eos_token_id": 50256, "embed_dim": 640, "mlp_dim": 2560, "core_param_prc": 1.0, "aux_param_prc": 0.1}, "eval_arbsub": false, "aux_factor": {"code-lisp": 4.0, "papers-biology": 3.0, "papers-nuclear": 3.0, "papers-cyber": 3.0}, "robust_prc": 0.2, "aux_route_prc": 0.5, "equal_compute": true}
[GPU 0] [23:02:14] [INFO] ROUTED START
[GPU 0] [23:02:15] [INFO] Initialized MoETransformer with 115,030,720 total parameters
[GPU 0] [23:02:15] [INFO]   Label 'core' has 29,520,000 parameters
[GPU 0] [23:02:15] [INFO]   Label 'code-lisp' has 2,957,184 parameters
[GPU 0] [23:02:15] [INFO]   Label 'papers-biology' has 2,957,184 parameters
[GPU 0] [23:02:15] [INFO]   Label 'papers-cyber' has 2,957,184 parameters
[GPU 0] [23:02:15] [INFO]   Label 'papers-nuclear' has 2,957,184 parameters
[GPU 0] [23:02:15] [INFO]   Label 'SHARED' has 73,681,984 parameters
[GPU 0] [23:02:15] [INFO] Compiling MoETransformer with torch.compile...
[GPU 0] [23:02:15] [INFO] torch.compile done
[GPU 0] [23:02:15] [WARNING] restore_partial_state: no checkpoint found at /workspace/gradient-routing/experiments/AGI-1699-New-Dataset-Runs/results/scaling/realistic/grmoe/100M/seed_2/20260422230207484239/routed
[GPU 0] [23:02:15] [INFO] ---- Begin Routed Unordered ----
[GPU 0] [23:02:15] [INFO] compute-equal: initial len_base: 12316 & len_ft: 3586
[GPU 0] [23:02:15] [INFO] compute-equal: flop_diff < 0, (-10604461824.0 < 0), must truncate training
[GPU 0] [23:02:15] [INFO] compute-equal: len_base: -51 -> 12265, len_ft: -50 -> 3536
[GPU 0] [23:02:15] [WARNING] utilized_aux > len_all_aux, (500 > 156), must resample aux
[GPU 0] [23:02:15] [INFO] Batch [('core', ('core',), ('core', 'SHARED'))] count: 12265
[GPU 0] [23:02:15] [INFO] Batch [('code-lisp', ('core', 'code-lisp'), ('code-lisp',))] count: 135
[GPU 0] [23:02:15] [INFO] Batch [('code-lisp', ('core', 'code-lisp'), ('core', 'code-lisp', 'SHARED'))] count: 19
[GPU 0] [23:02:15] [INFO] Batch [('core', ('core', 'code-lisp'), ('core', 'code-lisp', 'SHARED'))] count: 934
[GPU 0] [23:02:15] [INFO] Batch [('core', ('core', 'papers-biology'), ('core', 'papers-biology', 'SHARED'))] count: 701
[GPU 0] [23:02:15] [INFO] Batch [('papers-biology', ('core', 'papers-biology'), ('core', 'papers-biology', 'SHARED'))] count: 19
[GPU 0] [23:02:15] [INFO] Batch [('papers-biology', ('core', 'papers-biology'), ('papers-biology',))] count: 96
[GPU 0] [23:02:15] [INFO] Batch [('core', ('core', 'papers-cyber'), ('core', 'papers-cyber', 'SHARED'))] count: 701
[GPU 0] [23:02:15] [INFO] Batch [('papers-cyber', ('core', 'papers-cyber'), ('core', 'papers-cyber', 'SHARED'))] count: 19
[GPU 0] [23:02:15] [INFO] Batch [('papers-cyber', ('core', 'papers-cyber'), ('papers-cyber',))] count: 96
[GPU 0] [23:02:15] [INFO] Batch [('core', ('core', 'papers-nuclear'), ('core', 'papers-nuclear', 'SHARED'))] count: 701
[GPU 0] [23:02:15] [INFO] Batch [('papers-nuclear', ('core', 'papers-nuclear'), ('core', 'papers-nuclear', 'SHARED'))] count: 19
[GPU 0] [23:02:15] [INFO] Batch [('papers-nuclear', ('core', 'papers-nuclear'), ('papers-nuclear',))] count: 96
[GPU 0] [23:02:15] [INFO] 
len_all: 15902, len_all_aux: 156, len_all_core: 15746,
len_base: 12265, len_ft: 3536,
len_core_for_ft: 3036, len_aux_for_ft: 500,
aux_factor: {'code-lisp': 4.0, 'papers-biology': 3.0, 'papers-nuclear': 3.0, 'papers-cyber': 3.0}, robust_prc: 0.2,
aux_route_prc: 0.5, equal_compute: True
[GPU 0] [23:02:15] [INFO] ---- Begin Routed ----
[GPU 0] [23:02:15] [INFO] LR schedule group 0: steps [0, 15801), warmup=316, constant=13905, decay=1580
[GPU 0] [23:02:15] [INFO] LR Scheduler: Group warmup (step 0)
[GPU 0] [23:02:15] [INFO] CUDA memory before training loop:
[GPU 0] [23:02:15] [INFO] |===========================================================================|
[GPU 0] [23:02:15] [INFO] |                  PyTorch CUDA memory summary, device ID 0                 |
[GPU 0] [23:02:15] [INFO] |---------------------------------------------------------------------------|
[GPU 0] [23:02:15] [INFO] |            CUDA OOMs: 0            |        cudaMalloc retries: 0         |
[GPU 0] [23:02:15] [INFO] |===========================================================================|
[GPU 0] [23:02:15] [INFO] |        Metric         | Cur Usage  | Peak Usage | Tot Alloc  | Tot Freed  |
[GPU 0] [23:02:15] [INFO] |---------------------------------------------------------------------------|
[GPU 0] [23:02:15] [INFO] | Allocated memory      | 608085 KiB |  44619 MiB |  18015 TiB |  18015 TiB |
[GPU 0] [23:02:15] [INFO] |       from large pool | 565726 KiB |  44611 MiB |  18000 TiB |  18000 TiB |
[GPU 0] [23:02:15] [INFO] |       from small pool |  42359 KiB |    241 MiB |     15 TiB |     15 TiB |
[GPU 0] [23:02:15] [INFO] |---------------------------------------------------------------------------|
[GPU 0] [23:02:15] [INFO] | Active memory         | 608085 KiB |  44619 MiB |  18015 TiB |  18015 TiB |
[GPU 0] [23:02:15] [INFO] |       from large pool | 565726 KiB |  44611 MiB |  18000 TiB |  18000 TiB |
[GPU 0] [23:02:15] [INFO] |       from small pool |  42359 KiB |    241 MiB |     15 TiB |     15 TiB |
[GPU 0] [23:02:15] [INFO] |---------------------------------------------------------------------------|
[GPU 0] [23:02:15] [INFO] | Requested memory      | 608059 KiB |  44619 MiB |  18015 TiB |  18015 TiB |
[GPU 0] [23:02:15] [INFO] |       from large pool | 565725 KiB |  44611 MiB |  18000 TiB |  18000 TiB |
[GPU 0] [23:02:15] [INFO] |       from small pool |  42334 KiB |    241 MiB |     15 TiB |     15 TiB |
[GPU 0] [23:02:15] [INFO] |---------------------------------------------------------------------------|
[GPU 0] [23:02:15] [INFO] | GPU reserved memory   | 718848 KiB |  46190 MiB |  45906 GiB |  45905 GiB |
[GPU 0] [23:02:15] [INFO] |       from large pool | 675840 KiB |  46180 MiB |  45840 GiB |  45839 GiB |
[GPU 0] [23:02:15] [INFO] |       from small pool |  43008 KiB |    242 MiB |     65 GiB |     65 GiB |
[GPU 0] [23:02:15] [INFO] |---------------------------------------------------------------------------|
[GPU 0] [23:02:15] [INFO] | Non-releasable memory |      0 B   |      0 B   |      0 B   |      0 B   |
[GPU 0] [23:02:15] [INFO] |       from large pool |      0 B   |      0 B   |      0 B   |      0 B   |
[GPU 0] [23:02:15] [INFO] |       from small pool |      0 B   |      0 B   |      0 B   |      0 B   |
[GPU 0] [23:02:15] [INFO] |---------------------------------------------------------------------------|
[GPU 0] [23:02:15] [INFO] | Allocations           |     281    |    3538    |  379887 K  |  379887 K  |
[GPU 0] [23:02:15] [INFO] |       from large pool |      42    |    1499    |  247788 K  |  247788 K  |
[GPU 0] [23:02:15] [INFO] |       from small pool |     239    |    2159    |  132099 K  |  132099 K  |
[GPU 0] [23:02:15] [INFO] |---------------------------------------------------------------------------|
[GPU 0] [23:02:15] [INFO] | Active allocs         |     281    |    3538    |  379887 K  |  379887 K  |
[GPU 0] [23:02:15] [INFO] |       from large pool |      42    |    1499    |  247788 K  |  247788 K  |
[GPU 0] [23:02:15] [INFO] |       from small pool |     239    |    2159    |  132099 K  |  132099 K  |
[GPU 0] [23:02:15] [INFO] |---------------------------------------------------------------------------|
[GPU 0] [23:02:15] [INFO] | GPU reserved segments |       0    |       0    |       0    |       0    |
[GPU 0] [23:02:15] [INFO] |       from large pool |       0    |       0    |       0    |       0    |
[GPU 0] [23:02:15] [INFO] |       from small pool |       0    |       0    |       0    |       0    |
[GPU 0] [23:02:15] [INFO] |---------------------------------------------------------------------------|
[GPU 0] [23:02:15] [INFO] | Non-releasable allocs |       0    |       0    |       0    |       0    |
[GPU 0] [23:02:15] [INFO] |       from large pool |       0    |       0    |       0    |       0    |
[GPU 0] [23:02:15] [INFO] |       from small pool |       0    |       0    |       0    |       0    |
[GPU 0] [23:02:15] [INFO] |---------------------------------------------------------------------------|
[GPU 0] [23:02:15] [INFO] | Oversize allocations  |       0    |       0    |       0    |       0    |
[GPU 0] [23:02:15] [INFO] |---------------------------------------------------------------------------|
[GPU 0] [23:02:15] [INFO] | Oversize GPU segments |       0    |       0    |       0    |       0    |
[GPU 0] [23:02:15] [INFO] |===========================================================================|
[GPU 0] [23:02:15] [INFO] 
[GPU 0] [23:02:15] [INFO] Batch group start, LR: 1.0000e-08, 15801 batches
[GPU 0] [23:02:22] [INFO] CUDA memory after first training step:
[GPU 0] [23:02:22] [INFO] |===========================================================================|
[GPU 0] [23:02:22] [INFO] |                  PyTorch CUDA memory summary, device ID 0                 |
[GPU 0] [23:02:22] [INFO] |---------------------------------------------------------------------------|
[GPU 0] [23:02:22] [INFO] |            CUDA OOMs: 0            |        cudaMalloc retries: 0         |
[GPU 0] [23:02:22] [INFO] |===========================================================================|
[GPU 0] [23:02:22] [INFO] |        Metric         | Cur Usage  | Peak Usage | Tot Alloc  | Tot Freed  |
[GPU 0] [23:02:22] [INFO] |---------------------------------------------------------------------------|
[GPU 0] [23:02:22] [INFO] | Allocated memory      |   2559 MiB |  44619 MiB |  18016 TiB |  18016 TiB |
[GPU 0] [23:02:22] [INFO] |       from large pool |   2482 MiB |  44611 MiB |  18000 TiB |  18000 TiB |
[GPU 0] [23:02:22] [INFO] |       from small pool |     77 MiB |    241 MiB |     15 TiB |     15 TiB |
[GPU 0] [23:02:22] [INFO] |---------------------------------------------------------------------------|
[GPU 0] [23:02:22] [INFO] | Active memory         |   2559 MiB |  44619 MiB |  18016 TiB |  18016 TiB |
[GPU 0] [23:02:22] [INFO] |       from large pool |   2482 MiB |  44611 MiB |  18000 TiB |  18000 TiB |
[GPU 0] [23:02:22] [INFO] |       from small pool |     77 MiB |    241 MiB |     15 TiB |     15 TiB |
[GPU 0] [23:02:22] [INFO] |---------------------------------------------------------------------------|
[GPU 0] [23:02:22] [INFO] | Requested memory      |   2559 MiB |  44619 MiB |  18015 TiB |  18015 TiB |
[GPU 0] [23:02:22] [INFO] |       from large pool |   2482 MiB |  44611 MiB |  18000 TiB |  18000 TiB |
[GPU 0] [23:02:22] [INFO] |       from small pool |     77 MiB |    241 MiB |     15 TiB |     15 TiB |
[GPU 0] [23:02:22] [INFO] |---------------------------------------------------------------------------|
[GPU 0] [23:02:22] [INFO] | GPU reserved memory   |  13478 MiB |  46190 MiB |  45918 GiB |  45905 GiB |
[GPU 0] [23:02:22] [INFO] |       from large pool |  13400 MiB |  46180 MiB |  45852 GiB |  45839 GiB |
[GPU 0] [23:02:22] [INFO] |       from small pool |     78 MiB |    242 MiB |     65 GiB |     65 GiB |
[GPU 0] [23:02:22] [INFO] |---------------------------------------------------------------------------|
[GPU 0] [23:02:22] [INFO] | Non-releasable memory |      0 B   |      0 B   |      0 B   |      0 B   |
[GPU 0] [23:02:22] [INFO] |       from large pool |      0 B   |      0 B   |      0 B   |      0 B   |
[GPU 0] [23:02:22] [INFO] |       from small pool |      0 B   |      0 B   |      0 B   |      0 B   |
[GPU 0] [23:02:22] [INFO] |---------------------------------------------------------------------------|
[GPU 0] [23:02:22] [INFO] | Allocations           |     622    |    3538    |  379888 K  |  379888 K  |
[GPU 0] [23:02:22] [INFO] |       from large pool |      83    |    1499    |  247788 K  |  247788 K  |
[GPU 0] [23:02:22] [INFO] |       from small pool |     539    |    2159    |  132100 K  |  132099 K  |
[GPU 0] [23:02:22] [INFO] |---------------------------------------------------------------------------|
[GPU 0] [23:02:22] [INFO] | Active allocs         |     622    |    3538    |  379888 K  |  379888 K  |
[GPU 0] [23:02:22] [INFO] |       from large pool |      83    |    1499    |  247788 K  |  247788 K  |
[GPU 0] [23:02:22] [INFO] |       from small pool |     539    |    2159    |  132100 K  |  132099 K  |
[GPU 0] [23:02:22] [INFO] |---------------------------------------------------------------------------|
[GPU 0] [23:02:22] [INFO] | GPU reserved segments |       0    |       0    |       0    |       0    |
[GPU 0] [23:02:22] [INFO] |       from large pool |       0    |       0    |       0    |       0    |
[GPU 0] [23:02:22] [INFO] |       from small pool |       0    |       0    |       0    |       0    |
[GPU 0] [23:02:22] [INFO] |---------------------------------------------------------------------------|
[GPU 0] [23:02:22] [INFO] | Non-releasable allocs |       0    |       0    |       0    |       0    |
[GPU 0] [23:02:22] [INFO] |       from large pool |       0    |       0    |       0    |       0    |
[GPU 0] [23:02:22] [INFO] |       from small pool |       0    |       0    |       0    |       0    |
[GPU 0] [23:02:22] [INFO] |---------------------------------------------------------------------------|
[GPU 0] [23:02:22] [INFO] | Oversize allocations  |       0    |       0    |       0    |       0    |
[GPU 0] [23:02:22] [INFO] |---------------------------------------------------------------------------|
[GPU 0] [23:02:22] [INFO] | Oversize GPU segments |       0    |       0    |       0    |       0    |
[GPU 0] [23:02:22] [INFO] |===========================================================================|
[GPU 0] [23:02:22] [INFO] 
[GPU 0] [23:02:22] [INFO] Step: 1, LR: 3.4089e-06
[GPU 0] [23:02:22] [INFO] Train Loss: CORE: 10.94 CODE-LISP: nan PAPERS-BIOLOGY: nan PAPERS-CYBER: nan PAPERS-NUCLEAR: nan 
[GPU 0] [23:02:41] [INFO] LR Scheduler: Group constant (step 316)
[GPU 0] [23:03:25] [INFO] Step: 1000, LR: 1.0741e-03
[GPU 0] [23:03:25] [INFO] Train Loss: CORE: 4.19 CODE-LISP: 5.10 PAPERS-BIOLOGY: 5.21 PAPERS-CYBER: 5.29 PAPERS-NUCLEAR: 5.66 
[GPU 0] [23:04:25] [INFO] Step: 2000, LR: 1.0741e-03
[GPU 0] [23:04:25] [INFO] Train Loss: CORE: 3.41 CODE-LISP: 3.53 PAPERS-BIOLOGY: 4.86 PAPERS-CYBER: 4.76 PAPERS-NUCLEAR: 5.16 
[GPU 0] [23:05:24] [INFO] Step: 3000, LR: 1.0741e-03
[GPU 0] [23:05:24] [INFO] Train Loss: CORE: 3.16 CODE-LISP: 2.82 PAPERS-BIOLOGY: 4.22 PAPERS-CYBER: 4.56 PAPERS-NUCLEAR: 4.79 
[GPU 0] [23:06:23] [INFO] Step: 4000, LR: 1.0741e-03
[GPU 0] [23:06:23] [INFO] Train Loss: CORE: 3.53 CODE-LISP: 2.36 PAPERS-BIOLOGY: 4.00 PAPERS-CYBER: 4.35 PAPERS-NUCLEAR: 4.58 
[GPU 0] [23:07:23] [INFO] Step: 5000, LR: 1.0741e-03
[GPU 0] [23:07:23] [INFO] Train Loss: CORE: 3.32 CODE-LISP: 2.22 PAPERS-BIOLOGY: 3.87 PAPERS-CYBER: 4.15 PAPERS-NUCLEAR: 4.40 
[GPU 0] [23:08:22] [INFO] Step: 6000, LR: 1.0741e-03
[GPU 0] [23:08:22] [INFO] Train Loss: CORE: 3.32 CODE-LISP: 2.12 PAPERS-BIOLOGY: 3.76 PAPERS-CYBER: 4.07 PAPERS-NUCLEAR: 4.32 
[GPU 0] [23:09:22] [INFO] Step: 7000, LR: 1.0741e-03
[GPU 0] [23:09:22] [INFO] Train Loss: CORE: 3.21 CODE-LISP: 2.03 PAPERS-BIOLOGY: 3.69 PAPERS-CYBER: 4.04 PAPERS-NUCLEAR: 4.25 
[GPU 0] [23:10:21] [INFO] Step: 8000, LR: 1.0741e-03
[GPU 0] [23:10:21] [INFO] Train Loss: CORE: 3.17 CODE-LISP: 1.91 PAPERS-BIOLOGY: 3.61 PAPERS-CYBER: 3.99 PAPERS-NUCLEAR: 4.20 
[GPU 0] [23:11:21] [INFO] Step: 9000, LR: 1.0741e-03
[GPU 0] [23:11:21] [INFO] Train Loss: CORE: 3.18 CODE-LISP: 1.82 PAPERS-BIOLOGY: 3.58 PAPERS-CYBER: 3.95 PAPERS-NUCLEAR: 4.16 
[GPU 0] [23:12:21] [INFO] Step: 10000, LR: 1.0741e-03
[GPU 0] [23:12:21] [INFO] Train Loss: CORE: 3.27 CODE-LISP: 1.76 PAPERS-BIOLOGY: 3.56 PAPERS-CYBER: 3.93 PAPERS-NUCLEAR: 4.10 
[GPU 0] [23:13:21] [INFO] Step: 11000, LR: 1.0741e-03
[GPU 0] [23:13:21] [INFO] Train Loss: CORE: 3.10 CODE-LISP: 1.48 PAPERS-BIOLOGY: 3.53 PAPERS-CYBER: 3.86 PAPERS-NUCLEAR: 4.08 
[GPU 0] [23:14:20] [INFO] Step: 12000, LR: 1.0741e-03
[GPU 0] [23:14:20] [INFO] Train Loss: CORE: 3.06 CODE-LISP: 1.42 PAPERS-BIOLOGY: 3.51 PAPERS-CYBER: 3.82 PAPERS-NUCLEAR: 4.03 
[GPU 0] [23:15:20] [INFO] Step: 13000, LR: 1.0741e-03
[GPU 0] [23:15:20] [INFO] Train Loss: CORE: 2.92 CODE-LISP: 1.40 PAPERS-BIOLOGY: 3.48 PAPERS-CYBER: 3.80 PAPERS-NUCLEAR: 3.99 
[GPU 0] [23:16:20] [INFO] Step: 14000, LR: 1.0741e-03
[GPU 0] [23:16:20] [INFO] Train Loss: CORE: 3.02 CODE-LISP: 1.35 PAPERS-BIOLOGY: 3.46 PAPERS-CYBER: 3.78 PAPERS-NUCLEAR: 3.89 
[GPU 0] [23:16:33] [INFO] LR Scheduler: Group decay (step 14221)
[GPU 0] [23:17:19] [INFO] Step: 15000, LR: 5.4451e-04
[GPU 0] [23:17:19] [INFO] Train Loss: CORE: 2.91 CODE-LISP: 1.32 PAPERS-BIOLOGY: 3.36 PAPERS-CYBER: 3.68 PAPERS-NUCLEAR: 3.75 
[GPU 0] [23:18:07] [INFO] Step: 15801, LR: 1.0000e-08
[GPU 0] [23:18:07] [INFO] Train Loss: CORE: 2.96 CODE-LISP: 1.26 PAPERS-BIOLOGY: 3.30 PAPERS-CYBER: 3.57 PAPERS-NUCLEAR: 3.73 
[GPU 0] [23:18:23] [INFO] ---- Begin Eval ----
[GPU 0] [23:18:23] [INFO] Data: core | Experts: ['core']
[GPU 0] [23:18:34] [INFO] loss: 2.43201137
[GPU 0] [23:18:34] [INFO] Data: code-lisp | Experts: ['core']
[GPU 0] [23:18:35] [INFO] loss: 1.73194611
[GPU 0] [23:18:35] [INFO] Data: papers-biology | Experts: ['core']
[GPU 0] [23:18:36] [INFO] loss: 3.12995791
[GPU 0] [23:18:36] [INFO] Data: papers-nuclear | Experts: ['core']
[GPU 0] [23:18:37] [INFO] loss: 3.44997001
[GPU 0] [23:18:37] [INFO] Data: papers-cyber | Experts: ['core']
[GPU 0] [23:18:37] [INFO] loss: 3.38191104
[GPU 0] [23:18:37] [INFO] ---- Begin Eval ----
[GPU 0] [23:18:37] [INFO] Data: core | Experts: ['code-lisp', 'core']
[GPU 0] [23:18:44] [INFO] loss: 2.43689442
[GPU 0] [23:18:44] [INFO] Data: code-lisp | Experts: ['code-lisp', 'core']
[GPU 0] [23:18:45] [INFO] loss: 1.27277398
[GPU 0] [23:18:45] [INFO] Data: papers-biology | Experts: ['code-lisp', 'core']
[GPU 0] [23:18:46] [INFO] loss: 3.13326311
[GPU 0] [23:18:46] [INFO] Data: papers-nuclear | Experts: ['code-lisp', 'core']
[GPU 0] [23:18:47] [INFO] loss: 3.45502806
[GPU 0] [23:18:47] [INFO] Data: papers-cyber | Experts: ['code-lisp', 'core']
[GPU 0] [23:18:48] [INFO] loss: 3.38571715
[GPU 0] [23:18:48] [INFO] ---- Begin Eval ----
[GPU 0] [23:18:48] [INFO] Data: core | Experts: ['core', 'papers-biology']
[GPU 0] [23:18:54] [INFO] loss: 2.43282127
[GPU 0] [23:18:54] [INFO] Data: code-lisp | Experts: ['core', 'papers-biology']
[GPU 0] [23:18:54] [INFO] loss: 1.72894132
[GPU 0] [23:18:54] [INFO] Data: papers-biology | Experts: ['core', 'papers-biology']
[GPU 0] [23:18:55] [INFO] loss: 3.05358577
[GPU 0] [23:18:55] [INFO] Data: papers-nuclear | Experts: ['core', 'papers-biology']
[GPU 0] [23:18:56] [INFO] loss: 3.44205737
[GPU 0] [23:18:56] [INFO] Data: papers-cyber | Experts: ['core', 'papers-biology']
[GPU 0] [23:18:57] [INFO] loss: 3.38030863
[GPU 0] [23:18:57] [INFO] ---- Begin Eval ----
[GPU 0] [23:18:57] [INFO] Data: core | Experts: ['core', 'papers-nuclear']
[GPU 0] [23:19:03] [INFO] loss: 2.43232059
[GPU 0] [23:19:03] [INFO] Data: code-lisp | Experts: ['core', 'papers-nuclear']
[GPU 0] [23:19:04] [INFO] loss: 1.73094440
[GPU 0] [23:19:04] [INFO] Data: papers-biology | Experts: ['core', 'papers-nuclear']
[GPU 0] [23:19:05] [INFO] loss: 3.12394834
[GPU 0] [23:19:05] [INFO] Data: papers-nuclear | Experts: ['core', 'papers-nuclear']
[GPU 0] [23:19:06] [INFO] loss: 3.37565112
[GPU 0] [23:19:06] [INFO] Data: papers-cyber | Experts: ['core', 'papers-nuclear']
[GPU 0] [23:19:07] [INFO] loss: 3.37630200
[GPU 0] [23:19:07] [INFO] ---- Begin Eval ----
[GPU 0] [23:19:07] [INFO] Data: core | Experts: ['core', 'papers-cyber']
[GPU 0] [23:19:13] [INFO] loss: 2.42812181
[GPU 0] [23:19:13] [INFO] Data: code-lisp | Experts: ['core', 'papers-cyber']
[GPU 0] [23:19:14] [INFO] loss: 1.72718847
[GPU 0] [23:19:14] [INFO] Data: papers-biology | Experts: ['core', 'papers-cyber']
[GPU 0] [23:19:15] [INFO] loss: 3.12625217
[GPU 0] [23:19:15] [INFO] Data: papers-nuclear | Experts: ['core', 'papers-cyber']
[GPU 0] [23:19:16] [INFO] loss: 3.44481182
[GPU 0] [23:19:16] [INFO] Data: papers-cyber | Experts: ['core', 'papers-cyber']
[GPU 0] [23:19:17] [INFO] loss: 3.33453536
[GPU 0] [23:19:19] [INFO] ROUTED - ADVERSARIAL FT START
[GPU 0] [23:19:20] [INFO] ---- Begin FT | Experts: ['core'] | Data: ['code-lisp'] ----
[GPU 0] [23:19:20] [DEBUG] num_seq: 512, num_rounds: 200, patience: 10
[GPU 0] [23:19:20] [DEBUG] local_x: torch.Size([64, 1024]), local_y: torch.Size([64, 1024]), num_steps: 4, per_gpu: 64, mbs_size: 16
[GPU 0] [23:19:24] [INFO] New best validation loss: 1.6440 @ step 0
[GPU 0] [23:19:27] [INFO] New best validation loss: 1.5674 @ step 1
[GPU 0] [23:19:30] [INFO] New best validation loss: 1.5311 @ step 2
[GPU 0] [23:19:33] [INFO] New best validation loss: 1.4974 @ step 3
[GPU 0] [23:19:36] [INFO] New best validation loss: 1.4671 @ step 4
[GPU 0] [23:19:39] [INFO] New best validation loss: 1.4443 @ step 5
[GPU 0] [23:19:42] [INFO] New best validation loss: 1.4250 @ step 6
[GPU 0] [23:19:46] [INFO] New best validation loss: 1.4069 @ step 7
[GPU 0] [23:19:49] [INFO] New best validation loss: 1.3905 @ step 8
[GPU 0] [23:19:52] [INFO] New best validation loss: 1.3762 @ step 9
[GPU 0] [23:19:56] [INFO] New best validation loss: 1.3629 @ step 10
[GPU 0] [23:19:59] [INFO] New best validation loss: 1.3511 @ step 11
[GPU 0] [23:20:03] [INFO] New best validation loss: 1.3408 @ step 12
[GPU 0] [23:20:09] [INFO] New best validation loss: 1.3314 @ step 13
[GPU 0] [23:20:13] [INFO] New best validation loss: 1.3230 @ step 14
[GPU 0] [23:20:16] [INFO] New best validation loss: 1.3151 @ step 15
[GPU 0] [23:20:20] [INFO] New best validation loss: 1.3081 @ step 16
[GPU 0] [23:20:23] [INFO] New best validation loss: 1.3013 @ step 17
[GPU 0] [23:20:26] [INFO] New best validation loss: 1.2946 @ step 18
[GPU 0] [23:20:29] [INFO] New best validation loss: 1.2889 @ step 19
[GPU 0] [23:20:33] [INFO] New best validation loss: 1.2838 @ step 20
[GPU 0] [23:20:36] [INFO] New best validation loss: 1.2791 @ step 21
[GPU 0] [23:20:40] [INFO] New best validation loss: 1.2749 @ step 22
[GPU 0] [23:20:43] [INFO] New best validation loss: 1.2707 @ step 23
[GPU 0] [23:20:46] [INFO] New best validation loss: 1.2669 @ step 24
[GPU 0] [23:20:49] [INFO] New best validation loss: 1.2628 @ step 25
[GPU 0] [23:20:53] [INFO] New best validation loss: 1.2588 @ step 26
[GPU 0] [23:20:56] [INFO] New best validation loss: 1.2551 @ step 27
[GPU 0] [23:20:59] [INFO] New best validation loss: 1.2519 @ step 28
[GPU 0] [23:21:03] [INFO] New best validation loss: 1.2487 @ step 29
[GPU 0] [23:21:06] [INFO] New best validation loss: 1.2472 @ step 30
[GPU 0] [23:21:09] [INFO] New best validation loss: 1.2453 @ step 31
[GPU 0] [23:21:12] [INFO] New best validation loss: 1.2433 @ step 32
[GPU 0] [23:21:15] [INFO] New best validation loss: 1.2410 @ step 33
[GPU 0] [23:21:19] [INFO] New best validation loss: 1.2388 @ step 34
[GPU 0] [23:21:22] [INFO] New best validation loss: 1.2370 @ step 35
[GPU 0] [23:21:25] [INFO] New best validation loss: 1.2361 @ step 36
[GPU 0] [23:21:29] [INFO] New best validation loss: 1.2356 @ step 37
[GPU 0] [23:21:32] [INFO] New best validation loss: 1.2348 @ step 38
[GPU 0] [23:21:36] [INFO] New best validation loss: 1.2341 @ step 39
[GPU 0] [23:21:39] [INFO] New best validation loss: 1.2333 @ step 40
[GPU 0] [23:21:42] [INFO] New best validation loss: 1.2327 @ step 41
[GPU 0] [23:22:21] [INFO] Stop FT @ 53: no val improvement for 10 steps
[GPU 0] [23:22:21] [INFO] Wrote stats.jsonl entries at FT step 41 
[GPU 0] [23:22:21] [INFO] ---- Begin FT | Experts: ['core'] | Data: ['papers-biology'] ----
[GPU 0] [23:22:21] [DEBUG] num_seq: 512, num_rounds: 200, patience: 10
[GPU 0] [23:22:21] [DEBUG] local_x: torch.Size([64, 1024]), local_y: torch.Size([64, 1024]), num_steps: 4, per_gpu: 64, mbs_size: 16
[GPU 0] [23:22:25] [INFO] New best validation loss: 3.1404 @ step 0
[GPU 0] [23:22:28] [INFO] New best validation loss: 3.0950 @ step 1
[GPU 0] [23:22:31] [INFO] New best validation loss: 3.0858 @ step 2
[GPU 0] [23:22:35] [INFO] New best validation loss: 3.0779 @ step 3
[GPU 0] [23:22:38] [INFO] New best validation loss: 3.0689 @ step 4
[GPU 0] [23:22:42] [INFO] New best validation loss: 3.0611 @ step 5
[GPU 0] [23:22:45] [INFO] New best validation loss: 3.0572 @ step 6
[GPU 0] [23:22:49] [INFO] New best validation loss: 3.0555 @ step 7
[GPU 0] [23:22:52] [INFO] New best validation loss: 3.0543 @ step 8
[GPU 0] [23:22:55] [INFO] New best validation loss: 3.0523 @ step 9
[GPU 0] [23:22:59] [INFO] New best validation loss: 3.0493 @ step 10
[GPU 0] [23:23:02] [INFO] New best validation loss: 3.0468 @ step 11
[GPU 0] [23:23:06] [INFO] New best validation loss: 3.0446 @ step 12
[GPU 0] [23:23:09] [INFO] New best validation loss: 3.0442 @ step 13
[GPU 0] [23:23:49] [INFO] Stop FT @ 25: no val improvement for 10 steps
[GPU 0] [23:23:49] [INFO] Wrote stats.jsonl entries at FT step 13 
[GPU 0] [23:23:50] [INFO] ---- Begin FT | Experts: ['core'] | Data: ['papers-cyber'] ----
[GPU 0] [23:23:50] [DEBUG] num_seq: 512, num_rounds: 200, patience: 10
[GPU 0] [23:23:50] [DEBUG] local_x: torch.Size([64, 1024]), local_y: torch.Size([64, 1024]), num_steps: 4, per_gpu: 64, mbs_size: 16
[GPU 0] [23:23:53] [INFO] New best validation loss: 3.3806 @ step 0
[GPU 0] [23:23:57] [INFO] New best validation loss: 3.3558 @ step 1
[GPU 0] [23:24:00] [INFO] New best validation loss: 3.3477 @ step 2
[GPU 0] [23:24:04] [INFO] New best validation loss: 3.3396 @ step 3
[GPU 0] [23:24:07] [INFO] New best validation loss: 3.3333 @ step 4
[GPU 0] [23:24:11] [INFO] New best validation loss: 3.3296 @ step 5
[GPU 0] [23:24:14] [INFO] New best validation loss: 3.3264 @ step 6
[GPU 0] [23:24:18] [INFO] New best validation loss: 3.3251 @ step 7
[GPU 0] [23:24:56] [INFO] Stop FT @ 19: no val improvement for 10 steps
[GPU 0] [23:24:56] [INFO] Wrote stats.jsonl entries at FT step 7 
[GPU 0] [23:24:57] [INFO] ---- Begin FT | Experts: ['core'] | Data: ['papers-nuclear'] ----
[GPU 0] [23:24:57] [DEBUG] num_seq: 512, num_rounds: 200, patience: 10
[GPU 0] [23:24:57] [DEBUG] local_x: torch.Size([64, 1024]), local_y: torch.Size([64, 1024]), num_steps: 4, per_gpu: 64, mbs_size: 16
[GPU 0] [23:25:00] [INFO] New best validation loss: 3.4456 @ step 0
[GPU 0] [23:25:04] [INFO] New best validation loss: 3.4111 @ step 1
[GPU 0] [23:25:07] [INFO] New best validation loss: 3.3998 @ step 2
[GPU 0] [23:25:10] [INFO] New best validation loss: 3.3928 @ step 3
[GPU 0] [23:25:13] [INFO] New best validation loss: 3.3850 @ step 4
[GPU 0] [23:25:18] [INFO] New best validation loss: 3.3788 @ step 5
[GPU 0] [23:25:21] [INFO] New best validation loss: 3.3733 @ step 6
[GPU 0] [23:25:25] [INFO] New best validation loss: 3.3690 @ step 7
[GPU 0] [23:25:28] [INFO] New best validation loss: 3.3673 @ step 8
[GPU 0] [23:25:32] [INFO] New best validation loss: 3.3666 @ step 9
[GPU 0] [23:26:09] [INFO] Stop FT @ 21: no val improvement for 10 steps
[GPU 0] [23:26:09] [INFO] Wrote stats.jsonl entries at FT step 9 
[GPU 0] [23:26:10] [INFO] ROUTED - ADVERSARIAL FT START
[GPU 0] [23:26:10] [INFO] ---- Begin FT | Experts: ['code-lisp', 'core'] | Data: ['papers-biology'] ----
[GPU 0] [23:26:10] [DEBUG] num_seq: 512, num_rounds: 200, patience: 10
[GPU 0] [23:26:10] [DEBUG] local_x: torch.Size([64, 1024]), local_y: torch.Size([64, 1024]), num_steps: 4, per_gpu: 64, mbs_size: 16
[GPU 0] [23:26:13] [INFO] New best validation loss: 3.1419 @ step 0
[GPU 0] [23:26:17] [INFO] New best validation loss: 3.0963 @ step 1
[GPU 0] [23:26:21] [INFO] New best validation loss: 3.0880 @ step 2
[GPU 0] [23:26:25] [INFO] New best validation loss: 3.0792 @ step 3
[GPU 0] [23:26:28] [INFO] New best validation loss: 3.0697 @ step 4
[GPU 0] [23:26:32] [INFO] New best validation loss: 3.0628 @ step 5
[GPU 0] [23:26:36] [INFO] New best validation loss: 3.0593 @ step 6
[GPU 0] [23:26:39] [INFO] New best validation loss: 3.0573 @ step 7
[GPU 0] [23:26:43] [INFO] New best validation loss: 3.0556 @ step 8
[GPU 0] [23:26:46] [INFO] New best validation loss: 3.0532 @ step 9
[GPU 0] [23:26:50] [INFO] New best validation loss: 3.0497 @ step 10
[GPU 0] [23:26:54] [INFO] New best validation loss: 3.0473 @ step 11
[GPU 0] [23:26:58] [INFO] New best validation loss: 3.0456 @ step 12
[GPU 0] [23:27:37] [INFO] Stop FT @ 24: no val improvement for 10 steps
[GPU 0] [23:27:37] [INFO] Wrote stats.jsonl entries at FT step 12 
[GPU 0] [23:27:37] [INFO] ---- Begin FT | Experts: ['code-lisp', 'core'] | Data: ['papers-cyber'] ----
[GPU 0] [23:27:37] [DEBUG] num_seq: 512, num_rounds: 200, patience: 10
[GPU 0] [23:27:37] [DEBUG] local_x: torch.Size([64, 1024]), local_y: torch.Size([64, 1024]), num_steps: 4, per_gpu: 64, mbs_size: 16
[GPU 0] [23:27:41] [INFO] New best validation loss: 3.3794 @ step 0
[GPU 0] [23:27:44] [INFO] New best validation loss: 3.3598 @ step 1
[GPU 0] [23:27:48] [INFO] New best validation loss: 3.3471 @ step 2
[GPU 0] [23:27:51] [INFO] New best validation loss: 3.3403 @ step 3
[GPU 0] [23:27:55] [INFO] New best validation loss: 3.3347 @ step 4
[GPU 0] [23:27:59] [INFO] New best validation loss: 3.3309 @ step 5
[GPU 0] [23:28:02] [INFO] New best validation loss: 3.3287 @ step 6
[GPU 0] [23:28:06] [INFO] New best validation loss: 3.3280 @ step 7
[GPU 0] [23:28:09] [INFO] New best validation loss: 3.3276 @ step 8
[GPU 0] [23:28:48] [INFO] Stop FT @ 20: no val improvement for 10 steps
[GPU 0] [23:28:48] [INFO] Wrote stats.jsonl entries at FT step 8 
[GPU 0] [23:28:49] [INFO] ---- Begin FT | Experts: ['code-lisp', 'core'] | Data: ['papers-nuclear'] ----
[GPU 0] [23:28:49] [DEBUG] num_seq: 512, num_rounds: 200, patience: 10
[GPU 0] [23:28:49] [DEBUG] local_x: torch.Size([64, 1024]), local_y: torch.Size([64, 1024]), num_steps: 4, per_gpu: 64, mbs_size: 16
[GPU 0] [23:28:53] [INFO] New best validation loss: 3.4523 @ step 0
[GPU 0] [23:28:56] [INFO] New best validation loss: 3.4153 @ step 1
[GPU 0] [23:28:59] [INFO] New best validation loss: 3.4031 @ step 2
[GPU 0] [23:29:03] [INFO] New best validation loss: 3.3958 @ step 3
[GPU 0] [23:29:06] [INFO] New best validation loss: 3.3880 @ step 4
[GPU 0] [23:29:10] [INFO] New best validation loss: 3.3813 @ step 5
[GPU 0] [23:29:14] [INFO] New best validation loss: 3.3760 @ step 6
[GPU 0] [23:29:18] [INFO] New best validation loss: 3.3714 @ step 7
[GPU 0] [23:29:22] [INFO] New best validation loss: 3.3692 @ step 8
[GPU 0] [23:29:25] [INFO] New best validation loss: 3.3686 @ step 9
[GPU 0] [23:30:08] [INFO] Stop FT @ 21: no val improvement for 10 steps
[GPU 0] [23:30:08] [INFO] Wrote stats.jsonl entries at FT step 9 
[GPU 0] [23:30:09] [INFO] ROUTED - ADVERSARIAL FT START
[GPU 0] [23:30:09] [INFO] ---- Begin FT | Experts: ['core', 'papers-biology'] | Data: ['code-lisp'] ----
[GPU 0] [23:30:09] [DEBUG] num_seq: 512, num_rounds: 200, patience: 10
[GPU 0] [23:30:09] [DEBUG] local_x: torch.Size([64, 1024]), local_y: torch.Size([64, 1024]), num_steps: 4, per_gpu: 64, mbs_size: 16
[GPU 0] [23:30:14] [INFO] New best validation loss: 1.6461 @ step 0
[GPU 0] [23:30:18] [INFO] New best validation loss: 1.5665 @ step 1
[GPU 0] [23:30:21] [INFO] New best validation loss: 1.5309 @ step 2
[GPU 0] [23:30:25] [INFO] New best validation loss: 1.4951 @ step 3
[GPU 0] [23:30:28] [INFO] New best validation loss: 1.4647 @ step 4
[GPU 0] [23:30:32] [INFO] New best validation loss: 1.4425 @ step 5
[GPU 0] [23:30:36] [INFO] New best validation loss: 1.4229 @ step 6
[GPU 0] [23:30:39] [INFO] New best validation loss: 1.4048 @ step 7
[GPU 0] [23:30:43] [INFO] New best validation loss: 1.3885 @ step 8
[GPU 0] [23:30:47] [INFO] New best validation loss: 1.3740 @ step 9
[GPU 0] [23:30:51] [INFO] New best validation loss: 1.3608 @ step 10
[GPU 0] [23:30:54] [INFO] New best validation loss: 1.3490 @ step 11
[GPU 0] [23:30:58] [INFO] New best validation loss: 1.3385 @ step 12
[GPU 0] [23:31:02] [INFO] New best validation loss: 1.3293 @ step 13
[GPU 0] [23:31:05] [INFO] New best validation loss: 1.3210 @ step 14
[GPU 0] [23:31:09] [INFO] New best validation loss: 1.3135 @ step 15
[GPU 0] [23:31:12] [INFO] New best validation loss: 1.3061 @ step 16
[GPU 0] [23:31:16] [INFO] New best validation loss: 1.2991 @ step 17
[GPU 0] [23:31:20] [INFO] New best validation loss: 1.2925 @ step 18
[GPU 0] [23:31:24] [INFO] New best validation loss: 1.2868 @ step 19
[GPU 0] [23:31:28] [INFO] New best validation loss: 1.2819 @ step 20
[GPU 0] [23:31:31] [INFO] New best validation loss: 1.2774 @ step 21
[GPU 0] [23:31:35] [INFO] New best validation loss: 1.2729 @ step 22
[GPU 0] [23:31:39] [INFO] New best validation loss: 1.2688 @ step 23
[GPU 0] [23:31:42] [INFO] New best validation loss: 1.2648 @ step 24
[GPU 0] [23:31:46] [INFO] New best validation loss: 1.2606 @ step 25
[GPU 0] [23:31:50] [INFO] New best validation loss: 1.2566 @ step 26
[GPU 0] [23:31:54] [INFO] New best validation loss: 1.2528 @ step 27
[GPU 0] [23:31:57] [INFO] New best validation loss: 1.2495 @ step 28
[GPU 0] [23:32:01] [INFO] New best validation loss: 1.2473 @ step 29
[GPU 0] [23:32:05] [INFO] New best validation loss: 1.2453 @ step 30
[GPU 0] [23:32:09] [INFO] New best validation loss: 1.2437 @ step 31
[GPU 0] [23:32:12] [INFO] New best validation loss: 1.2419 @ step 32
[GPU 0] [23:32:16] [INFO] New best validation loss: 1.2392 @ step 33
[GPU 0] [23:32:20] [INFO] New best validation loss: 1.2375 @ step 34
[GPU 0] [23:32:24] [INFO] New best validation loss: 1.2358 @ step 35
[GPU 0] [23:32:27] [INFO] New best validation loss: 1.2348 @ step 36
[GPU 0] [23:32:31] [INFO] New best validation loss: 1.2345 @ step 37
[GPU 0] [23:32:35] [INFO] New best validation loss: 1.2340 @ step 38
[GPU 0] [23:32:38] [INFO] New best validation loss: 1.2331 @ step 39
[GPU 0] [23:32:42] [INFO] New best validation loss: 1.2320 @ step 40
[GPU 0] [23:32:46] [INFO] New best validation loss: 1.2317 @ step 41
[GPU 0] [23:33:27] [INFO] Stop FT @ 53: no val improvement for 10 steps
[GPU 0] [23:33:27] [INFO] Wrote stats.jsonl entries at FT step 41 
[GPU 0] [23:33:27] [INFO] ---- Begin FT | Experts: ['core', 'papers-biology'] | Data: ['papers-cyber'] ----
[GPU 0] [23:33:27] [DEBUG] num_seq: 512, num_rounds: 200, patience: 10
[GPU 0] [23:33:27] [DEBUG] local_x: torch.Size([64, 1024]), local_y: torch.Size([64, 1024]), num_steps: 4, per_gpu: 64, mbs_size: 16
[GPU 0] [23:33:31] [INFO] New best validation loss: 3.3838 @ step 0
[GPU 0] [23:33:35] [INFO] New best validation loss: 3.3584 @ step 1
[GPU 0] [23:33:39] [INFO] New best validation loss: 3.3472 @ step 2
[GPU 0] [23:33:42] [INFO] New best validation loss: 3.3385 @ step 3
[GPU 0] [23:33:46] [INFO] New best validation loss: 3.3333 @ step 4
[GPU 0] [23:33:50] [INFO] New best validation loss: 3.3301 @ step 5
[GPU 0] [23:33:54] [INFO] New best validation loss: 3.3269 @ step 6
[GPU 0] [23:33:57] [INFO] New best validation loss: 3.3249 @ step 7
[GPU 0] [23:34:01] [INFO] New best validation loss: 3.3244 @ step 8
[GPU 0] [23:34:41] [INFO] Stop FT @ 20: no val improvement for 10 steps
[GPU 0] [23:34:41] [INFO] Wrote stats.jsonl entries at FT step 8 
[GPU 0] [23:34:42] [INFO] ---- Begin FT | Experts: ['core', 'papers-biology'] | Data: ['papers-nuclear'] ----
[GPU 0] [23:34:42] [DEBUG] num_seq: 512, num_rounds: 200, patience: 10
[GPU 0] [23:34:42] [DEBUG] local_x: torch.Size([64, 1024]), local_y: torch.Size([64, 1024]), num_steps: 4, per_gpu: 64, mbs_size: 16
[GPU 0] [23:34:45] [INFO] New best validation loss: 3.4451 @ step 0
[GPU 0] [23:34:48] [INFO] New best validation loss: 3.4089 @ step 1
[GPU 0] [23:34:52] [INFO] New best validation loss: 3.3983 @ step 2
[GPU 0] [23:34:55] [INFO] New best validation loss: 3.3912 @ step 3
[GPU 0] [23:34:58] [INFO] New best validation loss: 3.3838 @ step 4
[GPU 0] [23:35:02] [INFO] New best validation loss: 3.3772 @ step 5
[GPU 0] [23:35:06] [INFO] New best validation loss: 3.3717 @ step 6
[GPU 0] [23:35:09] [INFO] New best validation loss: 3.3676 @ step 7
[GPU 0] [23:35:13] [INFO] New best validation loss: 3.3655 @ step 8
[GPU 0] [23:35:17] [INFO] New best validation loss: 3.3654 @ step 9
[GPU 0] [23:35:57] [INFO] Stop FT @ 21: no val improvement for 10 steps
[GPU 0] [23:35:57] [INFO] Wrote stats.jsonl entries at FT step 9 
[GPU 0] [23:35:58] [INFO] ROUTED - ADVERSARIAL FT START
[GPU 0] [23:35:58] [INFO] ---- Begin FT | Experts: ['core', 'papers-nuclear'] | Data: ['code-lisp'] ----
[GPU 0] [23:35:58] [DEBUG] num_seq: 512, num_rounds: 200, patience: 10
[GPU 0] [23:35:58] [DEBUG] local_x: torch.Size([64, 1024]), local_y: torch.Size([64, 1024]), num_steps: 4, per_gpu: 64, mbs_size: 16
[GPU 0] [23:36:02] [INFO] New best validation loss: 1.6458 @ step 0
[GPU 0] [23:36:05] [INFO] New best validation loss: 1.5703 @ step 1
[GPU 0] [23:36:09] [INFO] New best validation loss: 1.5329 @ step 2
[GPU 0] [23:36:12] [INFO] New best validation loss: 1.4990 @ step 3
[GPU 0] [23:36:16] [INFO] New best validation loss: 1.4689 @ step 4
[GPU 0] [23:36:19] [INFO] New best validation loss: 1.4461 @ step 5
[GPU 0] [23:36:23] [INFO] New best validation loss: 1.4274 @ step 6
[GPU 0] [23:36:27] [INFO] New best validation loss: 1.4089 @ step 7
[GPU 0] [23:36:30] [INFO] New best validation loss: 1.3923 @ step 8
[GPU 0] [23:36:34] [INFO] New best validation loss: 1.3779 @ step 9
[GPU 0] [23:36:37] [INFO] New best validation loss: 1.3648 @ step 10
[GPU 0] [23:36:41] [INFO] New best validation loss: 1.3528 @ step 11
[GPU 0] [23:36:45] [INFO] New best validation loss: 1.3424 @ step 12
[GPU 0] [23:36:48] [INFO] New best validation loss: 1.3336 @ step 13
[GPU 0] [23:36:52] [INFO] New best validation loss: 1.3251 @ step 14
[GPU 0] [23:36:55] [INFO] New best validation loss: 1.3171 @ step 15
[GPU 0] [23:36:59] [INFO] New best validation loss: 1.3101 @ step 16
[GPU 0] [23:37:02] [INFO] New best validation loss: 1.3033 @ step 17
[GPU 0] [23:37:05] [INFO] New best validation loss: 1.2970 @ step 18
[GPU 0] [23:37:09] [INFO] New best validation loss: 1.2911 @ step 19
[GPU 0] [23:37:12] [INFO] New best validation loss: 1.2858 @ step 20
[GPU 0] [23:37:16] [INFO] New best validation loss: 1.2810 @ step 21
[GPU 0] [23:37:20] [INFO] New best validation loss: 1.2768 @ step 22
[GPU 0] [23:37:24] [INFO] New best validation loss: 1.2723 @ step 23
[GPU 0] [23:37:27] [INFO] New best validation loss: 1.2683 @ step 24
[GPU 0] [23:37:31] [INFO] New best validation loss: 1.2641 @ step 25
[GPU 0] [23:37:35] [INFO] New best validation loss: 1.2602 @ step 26
[GPU 0] [23:37:38] [INFO] New best validation loss: 1.2562 @ step 27
[GPU 0] [23:37:42] [INFO] New best validation loss: 1.2532 @ step 28
[GPU 0] [23:37:46] [INFO] New best validation loss: 1.2504 @ step 29
[GPU 0] [23:37:50] [INFO] New best validation loss: 1.2480 @ step 30
[GPU 0] [23:37:53] [INFO] New best validation loss: 1.2464 @ step 31
[GPU 0] [23:37:57] [INFO] New best validation loss: 1.2447 @ step 32
[GPU 0] [23:38:01] [INFO] New best validation loss: 1.2428 @ step 33
[GPU 0] [23:38:04] [INFO] New best validation loss: 1.2403 @ step 34
[GPU 0] [23:38:08] [INFO] New best validation loss: 1.2383 @ step 35
[GPU 0] [23:38:12] [INFO] New best validation loss: 1.2367 @ step 36
[GPU 0] [23:38:15] [INFO] New best validation loss: 1.2359 @ step 37
[GPU 0] [23:38:19] [INFO] New best validation loss: 1.2356 @ step 38
[GPU 0] [23:38:23] [INFO] New best validation loss: 1.2352 @ step 39
[GPU 0] [23:38:26] [INFO] New best validation loss: 1.2343 @ step 40
[GPU 0] [23:38:30] [INFO] New best validation loss: 1.2333 @ step 41
[GPU 0] [23:38:34] [INFO] New best validation loss: 1.2330 @ step 42
[GPU 0] [23:39:13] [INFO] Stop FT @ 54: no val improvement for 10 steps
[GPU 0] [23:39:13] [INFO] Wrote stats.jsonl entries at FT step 42 
[GPU 0] [23:39:14] [INFO] ---- Begin FT | Experts: ['core', 'papers-nuclear'] | Data: ['papers-biology'] ----
[GPU 0] [23:39:14] [DEBUG] num_seq: 512, num_rounds: 200, patience: 10
[GPU 0] [23:39:14] [DEBUG] local_x: torch.Size([64, 1024]), local_y: torch.Size([64, 1024]), num_steps: 4, per_gpu: 64, mbs_size: 16
[GPU 0] [23:39:18] [INFO] New best validation loss: 3.1624 @ step 0
[GPU 0] [23:39:21] [INFO] New best validation loss: 3.0932 @ step 1
[GPU 0] [23:39:25] [INFO] New best validation loss: 3.0910 @ step 2
[GPU 0] [23:39:28] [INFO] New best validation loss: 3.0857 @ step 3
[GPU 0] [23:39:31] [INFO] New best validation loss: 3.0753 @ step 4
[GPU 0] [23:39:35] [INFO] New best validation loss: 3.0644 @ step 5
[GPU 0] [23:39:38] [INFO] New best validation loss: 3.0581 @ step 6
[GPU 0] [23:39:41] [INFO] New best validation loss: 3.0548 @ step 7
[GPU 0] [23:39:45] [INFO] New best validation loss: 3.0541 @ step 8
[GPU 0] [23:39:48] [INFO] New best validation loss: 3.0534 @ step 9
[GPU 0] [23:39:52] [INFO] New best validation loss: 3.0520 @ step 10
[GPU 0] [23:39:55] [INFO] New best validation loss: 3.0499 @ step 11
[GPU 0] [23:39:58] [INFO] New best validation loss: 3.0472 @ step 12
[GPU 0] [23:40:02] [INFO] New best validation loss: 3.0451 @ step 13
[GPU 0] [23:40:08] [INFO] New best validation loss: 3.0438 @ step 14
[GPU 0] [23:40:47] [INFO] Stop FT @ 26: no val improvement for 10 steps
[GPU 0] [23:40:47] [INFO] Wrote stats.jsonl entries at FT step 14 
[GPU 0] [23:40:48] [INFO] ---- Begin FT | Experts: ['core', 'papers-nuclear'] | Data: ['papers-cyber'] ----
[GPU 0] [23:40:48] [DEBUG] num_seq: 512, num_rounds: 200, patience: 10
[GPU 0] [23:40:48] [DEBUG] local_x: torch.Size([64, 1024]), local_y: torch.Size([64, 1024]), num_steps: 4, per_gpu: 64, mbs_size: 16
[GPU 0] [23:40:51] [INFO] New best validation loss: 3.3899 @ step 0
[GPU 0] [23:40:55] [INFO] New best validation loss: 3.3539 @ step 1
[GPU 0] [23:40:58] [INFO] New best validation loss: 3.3445 @ step 2
[GPU 0] [23:41:01] [INFO] New best validation loss: 3.3386 @ step 3
[GPU 0] [23:41:04] [INFO] New best validation loss: 3.3327 @ step 4
[GPU 0] [23:41:08] [INFO] New best validation loss: 3.3281 @ step 5
[GPU 0] [23:41:11] [INFO] New best validation loss: 3.3240 @ step 6
[GPU 0] [23:41:14] [INFO] New best validation loss: 3.3220 @ step 7
[GPU 0] [23:41:18] [INFO] New best validation loss: 3.3219 @ step 8
[GPU 0] [23:41:57] [INFO] Stop FT @ 20: no val improvement for 10 steps
[GPU 0] [23:41:57] [INFO] Wrote stats.jsonl entries at FT step 8 
[GPU 0] [23:41:58] [INFO] ROUTED - ADVERSARIAL FT START
[GPU 0] [23:41:58] [INFO] ---- Begin FT | Experts: ['core', 'papers-cyber'] | Data: ['code-lisp'] ----
[GPU 0] [23:41:58] [DEBUG] num_seq: 512, num_rounds: 200, patience: 10
[GPU 0] [23:41:58] [DEBUG] local_x: torch.Size([64, 1024]), local_y: torch.Size([64, 1024]), num_steps: 4, per_gpu: 64, mbs_size: 16
[GPU 0] [23:42:02] [INFO] New best validation loss: 1.6415 @ step 0
[GPU 0] [23:42:05] [INFO] New best validation loss: 1.5659 @ step 1
[GPU 0] [23:42:08] [INFO] New best validation loss: 1.5294 @ step 2
[GPU 0] [23:42:11] [INFO] New best validation loss: 1.4945 @ step 3
[GPU 0] [23:42:15] [INFO] New best validation loss: 1.4645 @ step 4
[GPU 0] [23:42:18] [INFO] New best validation loss: 1.4426 @ step 5
[GPU 0] [23:42:22] [INFO] New best validation loss: 1.4232 @ step 6
[GPU 0] [23:42:25] [INFO] New best validation loss: 1.4048 @ step 7
[GPU 0] [23:42:28] [INFO] New best validation loss: 1.3885 @ step 8
[GPU 0] [23:42:32] [INFO] New best validation loss: 1.3740 @ step 9
[GPU 0] [23:42:35] [INFO] New best validation loss: 1.3608 @ step 10
[GPU 0] [23:42:39] [INFO] New best validation loss: 1.3492 @ step 11
[GPU 0] [23:42:42] [INFO] New best validation loss: 1.3389 @ step 12
[GPU 0] [23:42:46] [INFO] New best validation loss: 1.3296 @ step 13
[GPU 0] [23:42:49] [INFO] New best validation loss: 1.3212 @ step 14
[GPU 0] [23:42:53] [INFO] New best validation loss: 1.3133 @ step 15
[GPU 0] [23:42:57] [INFO] New best validation loss: 1.3062 @ step 16
[GPU 0] [23:43:00] [INFO] New best validation loss: 1.2993 @ step 17
[GPU 0] [23:43:04] [INFO] New best validation loss: 1.2930 @ step 18
[GPU 0] [23:43:08] [INFO] New best validation loss: 1.2874 @ step 19
[GPU 0] [23:43:11] [INFO] New best validation loss: 1.2824 @ step 20
[GPU 0] [23:43:15] [INFO] New best validation loss: 1.2775 @ step 21
[GPU 0] [23:43:19] [INFO] New best validation loss: 1.2731 @ step 22
[GPU 0] [23:43:22] [INFO] New best validation loss: 1.2692 @ step 23
[GPU 0] [23:43:26] [INFO] New best validation loss: 1.2651 @ step 24
[GPU 0] [23:43:29] [INFO] New best validation loss: 1.2612 @ step 25
[GPU 0] [23:43:33] [INFO] New best validation loss: 1.2569 @ step 26
[GPU 0] [23:43:36] [INFO] New best validation loss: 1.2534 @ step 27
[GPU 0] [23:43:40] [INFO] New best validation loss: 1.2500 @ step 28
[GPU 0] [23:43:43] [INFO] New best validation loss: 1.2475 @ step 29
[GPU 0] [23:43:47] [INFO] New best validation loss: 1.2458 @ step 30
[GPU 0] [23:43:50] [INFO] New best validation loss: 1.2437 @ step 31
[GPU 0] [23:43:54] [INFO] New best validation loss: 1.2420 @ step 32
[GPU 0] [23:43:57] [INFO] New best validation loss: 1.2395 @ step 33
[GPU 0] [23:44:01] [INFO] New best validation loss: 1.2375 @ step 34
[GPU 0] [23:44:05] [INFO] New best validation loss: 1.2356 @ step 35
[GPU 0] [23:44:08] [INFO] New best validation loss: 1.2348 @ step 36
[GPU 0] [23:44:12] [INFO] New best validation loss: 1.2343 @ step 37
[GPU 0] [23:44:15] [INFO] New best validation loss: 1.2339 @ step 38
[GPU 0] [23:44:19] [INFO] New best validation loss: 1.2330 @ step 39
[GPU 0] [23:44:22] [INFO] New best validation loss: 1.2321 @ step 40
[GPU 0] [23:44:25] [INFO] New best validation loss: 1.2316 @ step 41
[GPU 0] [23:45:04] [INFO] Stop FT @ 53: no val improvement for 10 steps
[GPU 0] [23:45:04] [INFO] Wrote stats.jsonl entries at FT step 41 
[GPU 0] [23:45:05] [INFO] ---- Begin FT | Experts: ['core', 'papers-cyber'] | Data: ['papers-biology'] ----
[GPU 0] [23:45:05] [DEBUG] num_seq: 512, num_rounds: 200, patience: 10
[GPU 0] [23:45:05] [DEBUG] local_x: torch.Size([64, 1024]), local_y: torch.Size([64, 1024]), num_steps: 4, per_gpu: 64, mbs_size: 16
[GPU 0] [23:45:09] [INFO] New best validation loss: 3.1625 @ step 0
[GPU 0] [23:45:12] [INFO] New best validation loss: 3.1000 @ step 1
[GPU 0] [23:45:16] [INFO] New best validation loss: 3.0896 @ step 2
[GPU 0] [23:45:19] [INFO] New best validation loss: 3.0838 @ step 3
[GPU 0] [23:45:23] [INFO] New best validation loss: 3.0757 @ step 4
[GPU 0] [23:45:26] [INFO] New best validation loss: 3.0663 @ step 5
[GPU 0] [23:45:30] [INFO] New best validation loss: 3.0593 @ step 6
[GPU 0] [23:45:33] [INFO] New best validation loss: 3.0550 @ step 7
[GPU 0] [23:45:37] [INFO] New best validation loss: 3.0535 @ step 8
[GPU 0] [23:45:40] [INFO] New best validation loss: 3.0535 @ step 9
[GPU 0] [23:45:44] [INFO] New best validation loss: 3.0527 @ step 10
[GPU 0] [23:45:47] [INFO] New best validation loss: 3.0506 @ step 11
[GPU 0] [23:45:51] [INFO] New best validation loss: 3.0482 @ step 12
[GPU 0] [23:45:55] [INFO] New best validation loss: 3.0456 @ step 13
[GPU 0] [23:45:58] [INFO] New best validation loss: 3.0442 @ step 14
[GPU 0] [23:46:02] [INFO] New best validation loss: 3.0437 @ step 15
[GPU 0] [23:46:43] [INFO] Stop FT @ 27: no val improvement for 10 steps
[GPU 0] [23:46:43] [INFO] Wrote stats.jsonl entries at FT step 15 
[GPU 0] [23:46:44] [INFO] ---- Begin FT | Experts: ['core', 'papers-cyber'] | Data: ['papers-nuclear'] ----
[GPU 0] [23:46:44] [DEBUG] num_seq: 512, num_rounds: 200, patience: 10
[GPU 0] [23:46:44] [DEBUG] local_x: torch.Size([64, 1024]), local_y: torch.Size([64, 1024]), num_steps: 4, per_gpu: 64, mbs_size: 16
[GPU 0] [23:46:47] [INFO] New best validation loss: 3.4478 @ step 0
[GPU 0] [23:46:50] [INFO] New best validation loss: 3.4103 @ step 1
[GPU 0] [23:46:54] [INFO] New best validation loss: 3.3977 @ step 2
[GPU 0] [23:46:58] [INFO] New best validation loss: 3.3904 @ step 3
[GPU 0] [23:47:01] [INFO] New best validation loss: 3.3839 @ step 4
[GPU 0] [23:47:05] [INFO] New best validation loss: 3.3776 @ step 5
[GPU 0] [23:47:09] [INFO] New best validation loss: 3.3723 @ step 6
[GPU 0] [23:47:12] [INFO] New best validation loss: 3.3682 @ step 7
[GPU 0] [23:47:16] [INFO] New best validation loss: 3.3657 @ step 8
[GPU 0] [23:47:19] [INFO] New best validation loss: 3.3652 @ step 9
[GPU 0] [23:47:59] [INFO] Stop FT @ 21: no val improvement for 10 steps
[GPU 0] [23:47:59] [INFO] Wrote stats.jsonl entries at FT step 9 
