[GPU 0] [05:09:15] [INFO] Number of GPUs: 8
[GPU 0] [05:09:20] [INFO] Tokenizer vocabulary: 50257
[GPU 0] [05:09:20] [INFO] Set model vocab size to nearest multiple of 64 of tokenizer size: 50304
[GPU 0] [05:09:38] [INFO] target effective batch size: 1332, actual effective batch size: 1320, micro batch size: 5, accumulation steps: 33, num gpus: 8
[GPU 0] [05:09:38] [INFO] core total number of tokens: 66749057569
[GPU 0] [05:09:38] [INFO] Baseline model has 2,016,181,632 parameters
[GPU 0] [05:09:38] [INFO] core: chinchilla optimal tokens: 40,323,632,640, requested proportion: 1.0000, requested number of tokens: 40,323,632,640.0, 
[GPU 0] [05:09:38] [INFO] aux total number of tokens: 4835776549
[GPU 0] [05:09:38] [INFO] Baseline model has 2,016,181,632 parameters
[GPU 0] [05:09:38] [INFO] aux: chinchilla optimal tokens: 40,323,632,640, requested proportion: 0.0100, requested number of tokens: 403,236,326.40000004, 
[GPU 0] [05:09:38] [DEBUG] Saved config to /workspace/gradient-routing/experiments/AGI-1699-New-Dataset-Runs/results/scaling/realistic/grmoe/2B/seed_1/20260422050904226759/config.json
[GPU 0] [05:09:38] [DEBUG] {
    "stages": [
        {
            "name": "routed",
            "num_checkpoints": 100,
            "lr": 0.0004271833607529287,
            "res_dir": "/workspace/gradient-routing/experiments/AGI-1699-New-Dataset-Runs/results/scaling/realistic/grmoe/2B/seed_1/20260422050904226759/routed",
            "do_eval": true,
            "do_sample": false,
            "num_train_evals": 0,
            "do_elicit": true,
            "elicit_eval_prc": 0.5,
            "elicit_num_evals": 100,
            "model": {
                "arch": "moe",
                "tokenizer": "GPT2Tokenizer(name_or_path='EleutherAI/gpt-neo-125M', vocab_size=50257, model_max_length=2048, padding_side='right', truncation_side='right', special_tokens={'bos_token': '<|endoftext|>', 'eos_token': '<|endoftext|>', 'unk_token': '<|endoftext|>'}, added_tokens_decoder={\n\t50256: AddedToken(\"<|endoftext|>\", rstrip=False, lstrip=False, single_word=False, normalized=True, special=True),\n}\n)",
                "ctx_len": 1024,
                "vocab_size": 50304,
                "num_layers": 32,
                "num_heads": 8,
                "num_key_value": 2,
                "attn_bias": true,
                "eos_token_id": 50256,
                "embed_dim": 2304,
                "mlp_dim": 9216,
                "core_param_prc": 1.0,
                "aux_param_prc": 0.1
            },
            "eval_arbsub": false,
            "aux_factor": {
                "code-lisp": 4.0,
                "papers-biology": 3.0,
                "papers-nuclear": 3.0,
                "papers-cyber": 3.0
            },
            "robust_prc": 0.2,
            "aux_route_prc": 0.5,
            "equal_compute": true
        }
    ],
    "model": {
        "arch": "base",
        "tokenizer": "GPT2Tokenizer(name_or_path='EleutherAI/gpt-neo-125M', vocab_size=50257, model_max_length=2048, padding_side='right', truncation_side='right', special_tokens={'bos_token': '<|endoftext|>', 'eos_token': '<|endoftext|>', 'unk_token': '<|endoftext|>'}, added_tokens_decoder={\n\t50256: AddedToken(\"<|endoftext|>\", rstrip=False, lstrip=False, single_word=False, normalized=True, special=True),\n}\n)",
        "ctx_len": 1024,
        "vocab_size": 50304,
        "num_layers": 32,
        "num_heads": 8,
        "num_key_value": 2,
        "attn_bias": true,
        "eos_token_id": 50256,
        "embed_dim": 2304,
        "mlp_dim": 9216
    },
    "data": {
        "dirs": [
            "/workspace/gradient-routing/experiments/AGI-1699-New-Dataset-Runs/src/data/fineweb",
            "/workspace/gradient-routing/experiments/AGI-1699-New-Dataset-Runs/src/data/code",
            "/workspace/gradient-routing/experiments/AGI-1699-New-Dataset-Runs/src/data/papers"
        ],
        "core": {
            "labels": [
                "fineweb",
                "code-other",
                "papers-other"
            ],
            "method": "optimal",
            "limit": 1.0,
            "dist": {
                "fineweb": 0.84,
                "code-other": 0.15,
                "papers-other": 0.01
            },
            "num_tok": 40323632640.0
        },
        "aux": {
            "labels": [
                "code-lisp",
                "papers-biology",
                "papers-nuclear",
                "papers-cyber"
            ],
            "method": "optimal",
            "limit": 0.01,
            "dist": {
                "code-lisp": 0.25,
                "papers-biology": 0.25,
                "papers-nuclear": 0.25,
                "papers-cyber": 0.25
            },
            "num_tok": 403236326.40000004
        }
    },
    "run": {
        "target_effective_batch_size": 1332,
        "effective_batch_size": 1320,
        "micro_batch_size": 5,
        "accumulation_steps": 33,
        "max_num_test_sequences": 10000,
        "eval_all_labels": false,
        "micro_batch_anchors": [
            [
                400000000.0,
                23
            ],
            [
                5000000000.0,
                2
            ]
        ],
        "epochs": 1,
        "adam_betas": [
            0.9,
            0.95
        ],
        "warmup_prc": 0.02,
        "decay_prc": 0.1,
        "seed": 1,
        "compile": true,
        "is_ddp": true,
        "optimize_routed": true,
        "cleanup_distributed": true,
        "log_level": "DEBUG",
        "num_gpus": 8,
        "process_id": 0,
        "num_base_params": 2016181632,
        "device": "cuda",
        "logger": "<Logger training_20260422050904226759 (DEBUG)>",
        "labels": [
            "core",
            "code-lisp",
            "papers-biology",
            "papers-cyber",
            "papers-nuclear"
        ],
        "loaders": {
            "code-lisp": {
                "train": "SingleDataLoader(code-lisp_train_001.bin, len=2461)",
                "test": "InterleavedDataLoader(len=264)"
            },
            "code-other": {
                "train": "InterleavedDataLoader(len=147669)",
                "test": "InterleavedDataLoader(len=264)"
            },
            "fineweb": {
                "train": "InterleavedDataLoader(len=826949)",
                "test": "InterleavedDataLoader(len=264)"
            },
            "papers-biology": {
                "train": "SingleDataLoader(papers-biology_train.bin, len=2461)",
                "test": "SingleDataLoader(papers-biology_test.bin, len=264)"
            },
            "papers-cyber": {
                "train": "SingleDataLoader(papers-cyber_train.bin, len=2461)",
                "test": "SingleDataLoader(papers-cyber_test.bin, len=264)"
            },
            "papers-nuclear": {
                "train": "SingleDataLoader(papers-nuclear_train.bin, len=2461)",
                "test": "SingleDataLoader(papers-nuclear_test.bin, len=264)"
            },
            "papers-other": {
                "train": "SingleDataLoader(papers-other_train.bin, len=9844)",
                "test": "SingleDataLoader(papers-other_test.bin, len=264)"
            },
            "core": {
                "train": "InterleavedDataLoader(len=984462)",
                "test": "InterleavedDataLoader(len=792)"
            },
            "aux": {
                "train": "InterleavedDataLoader(len=9844)",
                "test": "InterleavedDataLoader(len=1056)"
            },
            "all": {
                "train": "InterleavedDataLoader(len=994306)",
                "test": "InterleavedDataLoader(len=1848)"
            }
        },
        "res_root": "/workspace/gradient-routing/experiments/AGI-1699-New-Dataset-Runs/results/scaling/realistic/grmoe/2B/seed_1",
        "experiment_id": "20260422050904226759",
        "s3_bucket": "ae-gradient-routing-results",
        "s3_prefix": "scaling/realistic/grmoe/2B/seed_1"
    }
}
[GPU 0] [05:09:38] [INFO] Loader code-lisp train: 2461, test: 264
[GPU 0] [05:09:38] [INFO] Loader code-other train: 147669, test: 264
[GPU 0] [05:09:38] [INFO] Loader fineweb train: 826949, test: 264
[GPU 0] [05:09:38] [INFO] Loader papers-biology train: 2461, test: 264
[GPU 0] [05:09:38] [INFO] Loader papers-cyber train: 2461, test: 264
[GPU 0] [05:09:38] [INFO] Loader papers-nuclear train: 2461, test: 264
[GPU 0] [05:09:38] [INFO] Loader papers-other train: 9844, test: 264
[GPU 0] [05:09:38] [INFO] Loader core train: 984462, test: 792
[GPU 0] [05:09:38] [INFO] Loader aux train: 9844, test: 1056
[GPU 0] [05:09:38] [INFO] Loader all train: 994306, test: 1848
[GPU 0] [05:09:38] [INFO] Stage [routed] start: {"name": "routed", "num_checkpoints": 100, "lr": 0.0004271833607529287, "res_dir": "/workspace/gradient-routing/experiments/AGI-1699-New-Dataset-Runs/results/scaling/realistic/grmoe/2B/seed_1/20260422050904226759/routed", "do_eval": true, "do_sample": false, "num_train_evals": 0, "do_elicit": true, "elicit_eval_prc": 0.5, "elicit_num_evals": 100, "model": {"arch": "moe", "tokenizer": "GPT2Tokenizer(name_or_path='EleutherAI/gpt-neo-125M', vocab_size=50257, model_max_length=2048, padding_side='right', truncation_side='right', special_tokens={'bos_token': '<|endoftext|>', 'eos_token': '<|endoftext|>', 'unk_token': '<|endoftext|>'}, added_tokens_decoder={\n\t50256: AddedToken(\"<|endoftext|>\", rstrip=False, lstrip=False, single_word=False, normalized=True, special=True),\n}\n)", "ctx_len": 1024, "vocab_size": 50304, "num_layers": 32, "num_heads": 8, "num_key_value": 2, "attn_bias": true, "eos_token_id": 50256, "embed_dim": 2304, "mlp_dim": 9216, "core_param_prc": 1.0, "aux_param_prc": 0.1}, "eval_arbsub": false, "aux_factor": {"code-lisp": 4.0, "papers-biology": 3.0, "papers-nuclear": 3.0, "papers-cyber": 3.0}, "robust_prc": 0.2, "aux_route_prc": 0.5, "equal_compute": true}
[GPU 0] [05:09:38] [INFO] ROUTED START
[GPU 0] [05:10:02] [INFO] Initialized MoETransformer with 2,545,073,536 total parameters
[GPU 0] [05:10:02] [INFO]   Label 'core' has 1,359,323,136 parameters
[GPU 0] [05:10:02] [INFO]   Label 'code-lisp' has 132,222,976 parameters
[GPU 0] [05:10:02] [INFO]   Label 'papers-biology' has 132,222,976 parameters
[GPU 0] [05:10:02] [INFO]   Label 'papers-cyber' has 132,222,976 parameters
[GPU 0] [05:10:02] [INFO]   Label 'papers-nuclear' has 132,222,976 parameters
[GPU 0] [05:10:02] [INFO]   Label 'SHARED' has 656,858,496 parameters
[GPU 0] [05:10:02] [INFO] Compiling MoETransformer with torch.compile...
[GPU 0] [05:10:04] [INFO] torch.compile done
[GPU 0] [05:10:07] [WARNING] restore_partial_state: no checkpoint found at /workspace/gradient-routing/experiments/AGI-1699-New-Dataset-Runs/results/scaling/realistic/grmoe/2B/seed_1/20260422050904226759/routed
[GPU 0] [05:10:07] [INFO] ---- Begin Routed Unordered ----
[GPU 0] [05:10:07] [INFO] compute-equal: initial len_base: 769850 & len_ft: 224456
[GPU 0] [05:10:07] [INFO] compute-equal: flop_diff < 0, (-29678240301056.0 < 0), must truncate training
[GPU 0] [05:10:07] [INFO] compute-equal: len_base: -7360 -> 762490, len_ft: -6907 -> 217549
[GPU 0] [05:10:07] [WARNING] utilized_aux > len_all_aux, (31009 > 9844), must resample aux
[GPU 0] [05:10:07] [INFO] Batch [('core', ('core',), ('core', 'SHARED'))] count: 23106
[GPU 0] [05:10:07] [INFO] Batch [('code-lisp', ('core', 'code-lisp'), ('code-lisp',))] count: 253
[GPU 0] [05:10:07] [INFO] Batch [('code-lisp', ('core', 'code-lisp'), ('core', 'code-lisp', 'SHARED'))] count: 36
[GPU 0] [05:10:07] [INFO] Batch [('core', ('core', 'code-lisp'), ('core', 'code-lisp', 'SHARED'))] count: 1739
[GPU 0] [05:10:07] [INFO] Batch [('core', ('core', 'papers-biology'), ('core', 'papers-biology', 'SHARED'))] count: 1304
[GPU 0] [05:10:07] [INFO] Batch [('papers-biology', ('core', 'papers-biology'), ('core', 'papers-biology', 'SHARED'))] count: 36
[GPU 0] [05:10:07] [INFO] Batch [('papers-biology', ('core', 'papers-biology'), ('papers-biology',))] count: 181
[GPU 0] [05:10:07] [INFO] Batch [('core', ('core', 'papers-cyber'), ('core', 'papers-cyber', 'SHARED'))] count: 1304
[GPU 0] [05:10:07] [INFO] Batch [('papers-cyber', ('core', 'papers-cyber'), ('core', 'papers-cyber', 'SHARED'))] count: 36
[GPU 0] [05:10:07] [INFO] Batch [('papers-cyber', ('core', 'papers-cyber'), ('papers-cyber',))] count: 181
[GPU 0] [05:10:07] [INFO] Batch [('core', ('core', 'papers-nuclear'), ('core', 'papers-nuclear', 'SHARED'))] count: 1304
[GPU 0] [05:10:07] [INFO] Batch [('papers-nuclear', ('core', 'papers-nuclear'), ('core', 'papers-nuclear', 'SHARED'))] count: 36
[GPU 0] [05:10:07] [INFO] Batch [('papers-nuclear', ('core', 'papers-nuclear'), ('papers-nuclear',))] count: 181
[GPU 0] [05:10:07] [INFO] 
len_all: 994306, len_all_aux: 9844, len_all_core: 984462,
len_base: 762490, len_ft: 217549,
len_core_for_ft: 186540, len_aux_for_ft: 31009,
aux_factor: {'code-lisp': 4.0, 'papers-biology': 3.0, 'papers-nuclear': 3.0, 'papers-cyber': 3.0}, robust_prc: 0.2,
aux_route_prc: 0.5, equal_compute: True
[GPU 0] [05:10:07] [WARNING] len(batches) != expected, (29697 != 29698), 1 length difference
[GPU 0] [05:10:07] [INFO] ---- Begin Routed ----
[GPU 0] [05:10:07] [INFO] LR schedule group 0: steps [0, 29697), warmup=594, constant=26133, decay=2970
[GPU 0] [05:10:07] [INFO] LR Scheduler: Group warmup (step 0)
[GPU 0] [05:10:07] [INFO] CUDA memory before training loop:
[GPU 0] [05:10:07] [INFO] |===========================================================================|
[GPU 0] [05:10:07] [INFO] |                  PyTorch CUDA memory summary, device ID 0                 |
[GPU 0] [05:10:07] [INFO] |---------------------------------------------------------------------------|
[GPU 0] [05:10:07] [INFO] |            CUDA OOMs: 0            |        cudaMalloc retries: 0         |
[GPU 0] [05:10:07] [INFO] |===========================================================================|
[GPU 0] [05:10:07] [INFO] |        Metric         | Cur Usage  | Peak Usage | Tot Alloc  | Tot Freed  |
[GPU 0] [05:10:07] [INFO] |---------------------------------------------------------------------------|
[GPU 0] [05:10:07] [INFO] | Allocated memory      |  10860 MiB |  10860 MiB |  16867 MiB |   6006 MiB |
[GPU 0] [05:10:07] [INFO] |       from large pool |  10858 MiB |  10858 MiB |  16864 MiB |   6006 MiB |
[GPU 0] [05:10:07] [INFO] |       from small pool |      2 MiB |      2 MiB |      2 MiB |      0 MiB |
[GPU 0] [05:10:07] [INFO] |---------------------------------------------------------------------------|
[GPU 0] [05:10:07] [INFO] | Active memory         |  10860 MiB |  10860 MiB |  16867 MiB |   6006 MiB |
[GPU 0] [05:10:07] [INFO] |       from large pool |  10858 MiB |  10858 MiB |  16864 MiB |   6006 MiB |
[GPU 0] [05:10:07] [INFO] |       from small pool |      2 MiB |      2 MiB |      2 MiB |      0 MiB |
[GPU 0] [05:10:07] [INFO] |---------------------------------------------------------------------------|
[GPU 0] [05:10:07] [INFO] | Requested memory      |  10860 MiB |  10860 MiB |  16867 MiB |   6006 MiB |
[GPU 0] [05:10:07] [INFO] |       from large pool |  10858 MiB |  10858 MiB |  16864 MiB |   6006 MiB |
[GPU 0] [05:10:07] [INFO] |       from small pool |      2 MiB |      2 MiB |      2 MiB |      0 MiB |
[GPU 0] [05:10:07] [INFO] |---------------------------------------------------------------------------|
[GPU 0] [05:10:07] [INFO] | GPU reserved memory   |  10864 MiB |  10864 MiB |  10864 MiB |      0 B   |
[GPU 0] [05:10:07] [INFO] |       from large pool |  10860 MiB |  10860 MiB |  10860 MiB |      0 B   |
[GPU 0] [05:10:07] [INFO] |       from small pool |      4 MiB |      4 MiB |      4 MiB |      0 B   |
[GPU 0] [05:10:07] [INFO] |---------------------------------------------------------------------------|
[GPU 0] [05:10:07] [INFO] | Non-releasable memory |      0 B   |      0 B   |      0 B   |      0 B   |
[GPU 0] [05:10:07] [INFO] |       from large pool |      0 B   |      0 B   |      0 B   |      0 B   |
[GPU 0] [05:10:07] [INFO] |       from small pool |      0 B   |      0 B   |      0 B   |      0 B   |
[GPU 0] [05:10:07] [INFO] |---------------------------------------------------------------------------|
[GPU 0] [05:10:07] [INFO] | Allocations           |    1001    |    1004    |    1053    |      52    |
[GPU 0] [05:10:07] [INFO] |       from large pool |     517    |     517    |     539    |      22    |
[GPU 0] [05:10:07] [INFO] |       from small pool |     484    |     493    |     514    |      30    |
[GPU 0] [05:10:07] [INFO] |---------------------------------------------------------------------------|
[GPU 0] [05:10:07] [INFO] | Active allocs         |    1001    |    1004    |    1053    |      52    |
[GPU 0] [05:10:07] [INFO] |       from large pool |     517    |     517    |     539    |      22    |
[GPU 0] [05:10:07] [INFO] |       from small pool |     484    |     493    |     514    |      30    |
[GPU 0] [05:10:07] [INFO] |---------------------------------------------------------------------------|
[GPU 0] [05:10:07] [INFO] | GPU reserved segments |       0    |       0    |       0    |       0    |
[GPU 0] [05:10:07] [INFO] |       from large pool |       0    |       0    |       0    |       0    |
[GPU 0] [05:10:07] [INFO] |       from small pool |       0    |       0    |       0    |       0    |
[GPU 0] [05:10:07] [INFO] |---------------------------------------------------------------------------|
[GPU 0] [05:10:07] [INFO] | Non-releasable allocs |       0    |       0    |       0    |       0    |
[GPU 0] [05:10:07] [INFO] |       from large pool |       0    |       0    |       0    |       0    |
[GPU 0] [05:10:07] [INFO] |       from small pool |       0    |       0    |       0    |       0    |
[GPU 0] [05:10:07] [INFO] |---------------------------------------------------------------------------|
[GPU 0] [05:10:07] [INFO] | Oversize allocations  |       0    |       0    |       0    |       0    |
[GPU 0] [05:10:07] [INFO] |---------------------------------------------------------------------------|
[GPU 0] [05:10:07] [INFO] | Oversize GPU segments |       0    |       0    |       0    |       0    |
[GPU 0] [05:10:07] [INFO] |===========================================================================|
[GPU 0] [05:10:07] [INFO] 
[GPU 0] [05:10:07] [INFO] Batch group start, LR: 1.0000e-08, 29697 batches
[GPU 0] [05:10:37] [INFO] CUDA memory after first training step:
[GPU 0] [05:10:37] [INFO] |===========================================================================|
[GPU 0] [05:10:37] [INFO] |                  PyTorch CUDA memory summary, device ID 0                 |
[GPU 0] [05:10:37] [INFO] |---------------------------------------------------------------------------|
[GPU 0] [05:10:37] [INFO] |            CUDA OOMs: 0            |        cudaMalloc retries: 0         |
[GPU 0] [05:10:37] [INFO] |===========================================================================|
[GPU 0] [05:10:37] [INFO] |        Metric         | Cur Usage  | Peak Usage | Tot Alloc  | Tot Freed  |
[GPU 0] [05:10:37] [INFO] |---------------------------------------------------------------------------|
[GPU 0] [05:10:37] [INFO] | Allocated memory      |  19108 MiB |  35091 MiB |   1671 GiB |   1652 GiB |
[GPU 0] [05:10:37] [INFO] |       from large pool |  19101 MiB |  35085 MiB |   1669 GiB |   1651 GiB |
[GPU 0] [05:10:37] [INFO] |       from small pool |      6 MiB |      6 MiB |      1 GiB |      1 GiB |
[GPU 0] [05:10:37] [INFO] |---------------------------------------------------------------------------|
[GPU 0] [05:10:37] [INFO] | Active memory         |  19108 MiB |  35091 MiB |   1671 GiB |   1652 GiB |
[GPU 0] [05:10:37] [INFO] |       from large pool |  19101 MiB |  35085 MiB |   1669 GiB |   1651 GiB |
[GPU 0] [05:10:37] [INFO] |       from small pool |      6 MiB |      6 MiB |      1 GiB |      1 GiB |
[GPU 0] [05:10:37] [INFO] |---------------------------------------------------------------------------|
[GPU 0] [05:10:37] [INFO] | Requested memory      |  19108 MiB |  35091 MiB |   1671 GiB |   1652 GiB |
[GPU 0] [05:10:37] [INFO] |       from large pool |  19101 MiB |  35085 MiB |   1669 GiB |   1651 GiB |
[GPU 0] [05:10:37] [INFO] |       from small pool |      6 MiB |      6 MiB |      1 GiB |      1 GiB |
[GPU 0] [05:10:37] [INFO] |---------------------------------------------------------------------------|
[GPU 0] [05:10:37] [INFO] | GPU reserved memory   |  35488 MiB |  35488 MiB |  35488 MiB |      0 B   |
[GPU 0] [05:10:37] [INFO] |       from large pool |  35480 MiB |  35480 MiB |  35480 MiB |      0 B   |
[GPU 0] [05:10:37] [INFO] |       from small pool |      8 MiB |      8 MiB |      8 MiB |      0 B   |
[GPU 0] [05:10:37] [INFO] |---------------------------------------------------------------------------|
[GPU 0] [05:10:37] [INFO] | Non-releasable memory |      0 B   |      0 B   |      0 B   |      0 B   |
[GPU 0] [05:10:37] [INFO] |       from large pool |      0 B   |      0 B   |      0 B   |      0 B   |
[GPU 0] [05:10:37] [INFO] |       from small pool |      0 B   |      0 B   |      0 B   |      0 B   |
[GPU 0] [05:10:37] [INFO] |---------------------------------------------------------------------------|
[GPU 0] [05:10:37] [INFO] | Allocations           |    2173    |    2173    |   61615    |   59442    |
[GPU 0] [05:10:37] [INFO] |       from large pool |     844    |    1040    |   41498    |   40654    |
[GPU 0] [05:10:37] [INFO] |       from small pool |    1329    |    1329    |   20117    |   18788    |
[GPU 0] [05:10:37] [INFO] |---------------------------------------------------------------------------|
[GPU 0] [05:10:37] [INFO] | Active allocs         |    2173    |    2173    |   61615    |   59442    |
[GPU 0] [05:10:37] [INFO] |       from large pool |     844    |    1040    |   41498    |   40654    |
[GPU 0] [05:10:37] [INFO] |       from small pool |    1329    |    1329    |   20117    |   18788    |
[GPU 0] [05:10:37] [INFO] |---------------------------------------------------------------------------|
[GPU 0] [05:10:37] [INFO] | GPU reserved segments |       0    |       0    |       0    |       0    |
[GPU 0] [05:10:37] [INFO] |       from large pool |       0    |       0    |       0    |       0    |
[GPU 0] [05:10:37] [INFO] |       from small pool |       0    |       0    |       0    |       0    |
[GPU 0] [05:10:37] [INFO] |---------------------------------------------------------------------------|
[GPU 0] [05:10:37] [INFO] | Non-releasable allocs |       0    |       0    |       0    |       0    |
[GPU 0] [05:10:37] [INFO] |       from large pool |       0    |       0    |       0    |       0    |
[GPU 0] [05:10:37] [INFO] |       from small pool |       0    |       0    |       0    |       0    |
[GPU 0] [05:10:37] [INFO] |---------------------------------------------------------------------------|
[GPU 0] [05:10:37] [INFO] | Oversize allocations  |       0    |       0    |       0    |       0    |
[GPU 0] [05:10:37] [INFO] |---------------------------------------------------------------------------|
[GPU 0] [05:10:37] [INFO] | Oversize GPU segments |       0    |       0    |       0    |       0    |
[GPU 0] [05:10:37] [INFO] |===========================================================================|
[GPU 0] [05:10:37] [INFO] 
[GPU 0] [05:10:37] [INFO] Step: 1, LR: 7.2915e-07
[GPU 0] [05:10:37] [INFO] Train Loss: CORE: 11.37 CODE-LISP: nan PAPERS-BIOLOGY: nan PAPERS-CYBER: nan PAPERS-NUCLEAR: nan 
[GPU 0] [06:18:13] [INFO] LR Scheduler: Group constant (step 594)
[GPU 0] [07:02:57] [INFO] Step: 1000, LR: 4.2718e-04
[GPU 0] [07:02:57] [INFO] Train Loss: CORE: 3.26 CODE-LISP: 2.58 PAPERS-BIOLOGY: 3.90 PAPERS-CYBER: 3.96 PAPERS-NUCLEAR: 3.81 
[GPU 0] [08:56:01] [INFO] Step: 2000, LR: 4.2718e-04
[GPU 0] [08:56:01] [INFO] Train Loss: CORE: 2.79 CODE-LISP: 1.81 PAPERS-BIOLOGY: 2.97 PAPERS-CYBER: 3.19 PAPERS-NUCLEAR: 3.19 
[GPU 0] [10:53:14] [INFO] Step: 3000, LR: 4.2718e-04
[GPU 0] [10:53:14] [INFO] Train Loss: CORE: 2.73 CODE-LISP: 1.31 PAPERS-BIOLOGY: 2.76 PAPERS-CYBER: 3.07 PAPERS-NUCLEAR: 3.07 
[GPU 0] [12:46:08] [INFO] Step: 4000, LR: 4.2718e-04
[GPU 0] [12:46:08] [INFO] Train Loss: CORE: 2.62 CODE-LISP: 1.62 PAPERS-BIOLOGY: 2.72 PAPERS-CYBER: 2.94 PAPERS-NUCLEAR: 3.02 
[GPU 0] [14:38:53] [INFO] Step: 5000, LR: 4.2718e-04
[GPU 0] [14:38:53] [INFO] Train Loss: CORE: 2.40 CODE-LISP: 1.30 PAPERS-BIOLOGY: 2.62 PAPERS-CYBER: 2.85 PAPERS-NUCLEAR: 2.96 
[GPU 0] [16:36:37] [INFO] Step: 6000, LR: 4.2718e-04
[GPU 0] [16:36:37] [INFO] Train Loss: CORE: 2.57 CODE-LISP: 1.41 PAPERS-BIOLOGY: 2.56 PAPERS-CYBER: 2.84 PAPERS-NUCLEAR: 2.92 
[GPU 0] [18:29:37] [INFO] Step: 7000, LR: 4.2718e-04
[GPU 0] [18:29:37] [INFO] Train Loss: CORE: 2.54 CODE-LISP: 0.90 PAPERS-BIOLOGY: 2.50 PAPERS-CYBER: 2.75 PAPERS-NUCLEAR: 2.90 
[GPU 0] [20:27:29] [INFO] Step: 8000, LR: 4.2718e-04
[GPU 0] [20:27:29] [INFO] Train Loss: CORE: 2.41 CODE-LISP: 0.94 PAPERS-BIOLOGY: 2.47 PAPERS-CYBER: 2.72 PAPERS-NUCLEAR: 2.88 
[GPU 0] [22:20:42] [INFO] Step: 9000, LR: 4.2718e-04
[GPU 0] [22:20:42] [INFO] Train Loss: CORE: 2.44 CODE-LISP: 0.86 PAPERS-BIOLOGY: 2.43 PAPERS-CYBER: 2.73 PAPERS-NUCLEAR: 2.72 
[GPU 0] [00:14:01] [INFO] Step: 10000, LR: 4.2718e-04
[GPU 0] [00:14:01] [INFO] Train Loss: CORE: 2.28 CODE-LISP: 0.83 PAPERS-BIOLOGY: 2.44 PAPERS-CYBER: 2.67 PAPERS-NUCLEAR: 2.84 
[GPU 0] [02:11:42] [INFO] Step: 11000, LR: 4.2718e-04
[GPU 0] [02:11:42] [INFO] Train Loss: CORE: 2.36 CODE-LISP: 0.85 PAPERS-BIOLOGY: 2.42 PAPERS-CYBER: 2.66 PAPERS-NUCLEAR: 2.74 
[GPU 0] [04:05:22] [INFO] Step: 12000, LR: 4.2718e-04
[GPU 0] [04:05:22] [INFO] Train Loss: CORE: 2.25 CODE-LISP: 0.87 PAPERS-BIOLOGY: 2.38 PAPERS-CYBER: 2.67 PAPERS-NUCLEAR: 2.72 
[GPU 0] [05:59:26] [INFO] Step: 13000, LR: 4.2718e-04
[GPU 0] [05:59:26] [INFO] Train Loss: CORE: 2.43 CODE-LISP: 0.81 PAPERS-BIOLOGY: 2.39 PAPERS-CYBER: 2.65 PAPERS-NUCLEAR: 2.72 
[GPU 0] [07:57:42] [INFO] Step: 14000, LR: 4.2718e-04
[GPU 0] [07:57:42] [INFO] Train Loss: CORE: 2.25 CODE-LISP: 1.03 PAPERS-BIOLOGY: 2.36 PAPERS-CYBER: 2.65 PAPERS-NUCLEAR: 2.70 
[GPU 0] [09:51:09] [INFO] Step: 15000, LR: 4.2718e-04
[GPU 0] [09:51:09] [INFO] Train Loss: CORE: 2.33 CODE-LISP: 1.07 PAPERS-BIOLOGY: 2.36 PAPERS-CYBER: 2.65 PAPERS-NUCLEAR: 2.71 
[GPU 0] [11:49:18] [INFO] Step: 16000, LR: 4.2718e-04
[GPU 0] [11:49:18] [INFO] Train Loss: CORE: 2.45 CODE-LISP: 0.79 PAPERS-BIOLOGY: 2.30 PAPERS-CYBER: 2.56 PAPERS-NUCLEAR: 2.70 
[GPU 0] [13:43:17] [INFO] Step: 17000, LR: 4.2718e-04
[GPU 0] [13:43:17] [INFO] Train Loss: CORE: 2.27 CODE-LISP: 0.75 PAPERS-BIOLOGY: 2.31 PAPERS-CYBER: 2.59 PAPERS-NUCLEAR: 2.63 
[GPU 0] [15:37:15] [INFO] Step: 18000, LR: 4.2718e-04
[GPU 0] [15:37:15] [INFO] Train Loss: CORE: 2.39 CODE-LISP: 0.73 PAPERS-BIOLOGY: 2.28 PAPERS-CYBER: 2.54 PAPERS-NUCLEAR: 2.65 
[GPU 0] [17:35:15] [INFO] Step: 19000, LR: 4.2718e-04
[GPU 0] [17:35:15] [INFO] Train Loss: CORE: 2.27 CODE-LISP: 0.86 PAPERS-BIOLOGY: 2.29 PAPERS-CYBER: 2.56 PAPERS-NUCLEAR: 2.60 
[GPU 0] [19:29:08] [INFO] Step: 20000, LR: 4.2718e-04
[GPU 0] [19:29:08] [INFO] Train Loss: CORE: 2.31 CODE-LISP: 0.72 PAPERS-BIOLOGY: 2.30 PAPERS-CYBER: 2.57 PAPERS-NUCLEAR: 2.62 
[GPU 0] [21:22:51] [INFO] Step: 21000, LR: 4.2718e-04
[GPU 0] [21:22:51] [INFO] Train Loss: CORE: 2.25 CODE-LISP: 0.73 PAPERS-BIOLOGY: 2.25 PAPERS-CYBER: 2.54 PAPERS-NUCLEAR: 2.66 
[GPU 0] [23:21:30] [INFO] Step: 22000, LR: 4.2718e-04
[GPU 0] [23:21:30] [INFO] Train Loss: CORE: 2.21 CODE-LISP: 0.79 PAPERS-BIOLOGY: 2.28 PAPERS-CYBER: 2.54 PAPERS-NUCLEAR: 2.63 
[GPU 0] [01:15:09] [INFO] Step: 23000, LR: 4.2718e-04
[GPU 0] [01:15:09] [INFO] Train Loss: CORE: 2.40 CODE-LISP: 0.69 PAPERS-BIOLOGY: 2.25 PAPERS-CYBER: 2.54 PAPERS-NUCLEAR: 2.60 
[GPU 0] [03:13:56] [INFO] Step: 24000, LR: 4.2718e-04
[GPU 0] [03:13:56] [INFO] Train Loss: CORE: 2.30 CODE-LISP: 0.89 PAPERS-BIOLOGY: 2.26 PAPERS-CYBER: 2.57 PAPERS-NUCLEAR: 2.61 
[GPU 0] [22:23:26] [INFO] Number of GPUs: 8
[GPU 0] [22:23:28] [INFO] Tokenizer vocabulary: 50257
[GPU 0] [22:23:28] [INFO] Set model vocab size to nearest multiple of 64 of tokenizer size: 50304
[GPU 0] [22:23:44] [INFO] target effective batch size: 1332, actual effective batch size: 1320, micro batch size: 5, accumulation steps: 33, num gpus: 8
[GPU 0] [22:23:44] [INFO] core total number of tokens: 124693822984
[GPU 0] [22:23:44] [INFO] Baseline model has 2,016,181,632 parameters
[GPU 0] [22:23:44] [INFO] core: chinchilla optimal tokens: 40,323,632,640, requested proportion: 1.0000, requested number of tokens: 40,323,632,640.0, 
[GPU 0] [22:23:44] [INFO] aux total number of tokens: 4835776549
[GPU 0] [22:23:44] [INFO] Baseline model has 2,016,181,632 parameters
[GPU 0] [22:23:44] [INFO] aux: chinchilla optimal tokens: 40,323,632,640, requested proportion: 0.0100, requested number of tokens: 403,236,326.40000004, 
[GPU 0] [22:23:44] [DEBUG] Saved config to /home/ubuntu/gradient-routing/experiments/AGI-1699-New-Dataset-Runs/results/scaling/realistic/grmoe/2B/seed_1/20260422050904226759/config.json
[GPU 0] [22:23:44] [DEBUG] {
    "stages": [
        {
            "name": "routed",
            "num_checkpoints": 100,
            "lr": 0.0004271833607529287,
            "res_dir": "/home/ubuntu/gradient-routing/experiments/AGI-1699-New-Dataset-Runs/results/scaling/realistic/grmoe/2B/seed_1/20260422050904226759/routed",
            "do_eval": true,
            "do_sample": false,
            "num_train_evals": 0,
            "do_elicit": true,
            "elicit_eval_prc": 0.5,
            "elicit_num_evals": 100,
            "retain_targets": null,
            "model": {
                "arch": "moe",
                "tokenizer": "GPT2Tokenizer(name_or_path='EleutherAI/gpt-neo-125M', vocab_size=50257, model_max_length=2048, padding_side='right', truncation_side='right', special_tokens={'bos_token': '<|endoftext|>', 'eos_token': '<|endoftext|>', 'unk_token': '<|endoftext|>'}, added_tokens_decoder={\n\t50256: AddedToken(\"<|endoftext|>\", rstrip=False, lstrip=False, single_word=False, normalized=True, special=True),\n}\n)",
                "ctx_len": 1024,
                "vocab_size": 50304,
                "num_layers": 32,
                "num_heads": 8,
                "num_key_value": 2,
                "attn_bias": true,
                "eos_token_id": 50256,
                "embed_dim": 2304,
                "mlp_dim": 9216,
                "core_param_prc": 1.0,
                "aux_param_prc": 0.1
            },
            "eval_arbsub": false,
            "aux_factor": {
                "code-lisp": 4.0,
                "papers-biology": 3.0,
                "papers-nuclear": 3.0,
                "papers-cyber": 3.0
            },
            "robust_prc": 0.2,
            "aux_route_prc": 0.5,
            "equal_compute": true
        }
    ],
    "model": {
        "arch": "base",
        "tokenizer": "GPT2Tokenizer(name_or_path='EleutherAI/gpt-neo-125M', vocab_size=50257, model_max_length=2048, padding_side='right', truncation_side='right', special_tokens={'bos_token': '<|endoftext|>', 'eos_token': '<|endoftext|>', 'unk_token': '<|endoftext|>'}, added_tokens_decoder={\n\t50256: AddedToken(\"<|endoftext|>\", rstrip=False, lstrip=False, single_word=False, normalized=True, special=True),\n}\n)",
        "ctx_len": 1024,
        "vocab_size": 50304,
        "num_layers": 32,
        "num_heads": 8,
        "num_key_value": 2,
        "attn_bias": true,
        "eos_token_id": 50256,
        "embed_dim": 2304,
        "mlp_dim": 9216
    },
    "data": {
        "dirs": [
            "/home/ubuntu/gradient-routing/experiments/AGI-1699-New-Dataset-Runs/src/data/fineweb",
            "/home/ubuntu/gradient-routing/experiments/AGI-1699-New-Dataset-Runs/src/data/code",
            "/home/ubuntu/gradient-routing/experiments/AGI-1699-New-Dataset-Runs/src/data/papers"
        ],
        "core": {
            "labels": [
                "fineweb",
                "code-other",
                "papers-other"
            ],
            "method": "optimal",
            "limit": 1.0,
            "dist": {
                "fineweb": 0.84,
                "code-other": 0.15,
                "papers-other": 0.01
            },
            "num_tok": 40323632640.0
        },
        "aux": {
            "labels": [
                "code-lisp",
                "papers-biology",
                "papers-nuclear",
                "papers-cyber"
            ],
            "method": "optimal",
            "limit": 0.01,
            "dist": {
                "code-lisp": 0.25,
                "papers-biology": 0.25,
                "papers-nuclear": 0.25,
                "papers-cyber": 0.25
            },
            "num_tok": 403236326.40000004
        }
    },
    "run": {
        "target_effective_batch_size": 1332,
        "effective_batch_size": 1320,
        "micro_batch_size": 5,
        "accumulation_steps": 33,
        "max_num_test_sequences": 10000,
        "eval_all_labels": false,
        "micro_batch_anchors": [
            [
                400000000.0,
                23
            ],
            [
                5000000000.0,
                2
            ]
        ],
        "epochs": 1,
        "adam_betas": [
            0.9,
            0.95
        ],
        "warmup_prc": 0.02,
        "decay_prc": 0.1,
        "seed": 1,
        "compile": true,
        "is_ddp": true,
        "optimize_routed": true,
        "cleanup_distributed": true,
        "log_level": "DEBUG",
        "num_gpus": 8,
        "process_id": 0,
        "num_base_params": 2016181632,
        "device": "cuda",
        "logger": "<Logger training_20260422050904226759 (DEBUG)>",
        "labels": [
            "core",
            "code-lisp",
            "papers-biology",
            "papers-cyber",
            "papers-nuclear"
        ],
        "loaders": {
            "code-lisp": {
                "train": "SingleDataLoader(code-lisp_train_001.bin, len=2461)",
                "test": "InterleavedDataLoader(len=264)"
            },
            "code-other": {
                "train": "InterleavedDataLoader(len=147669)",
                "test": "InterleavedDataLoader(len=264)"
            },
            "fineweb": {
                "train": "InterleavedDataLoader(len=826949)",
                "test": "InterleavedDataLoader(len=264)"
            },
            "papers-biology": {
                "train": "SingleDataLoader(papers-biology_train.bin, len=2461)",
                "test": "SingleDataLoader(papers-biology_test.bin, len=264)"
            },
            "papers-cyber": {
                "train": "SingleDataLoader(papers-cyber_train.bin, len=2461)",
                "test": "SingleDataLoader(papers-cyber_test.bin, len=264)"
            },
            "papers-nuclear": {
                "train": "SingleDataLoader(papers-nuclear_train.bin, len=2461)",
                "test": "SingleDataLoader(papers-nuclear_test.bin, len=264)"
            },
            "papers-other": {
                "train": "SingleDataLoader(papers-other_train.bin, len=9844)",
                "test": "SingleDataLoader(papers-other_test.bin, len=264)"
            },
            "core": {
                "train": "InterleavedDataLoader(len=984462)",
                "test": "InterleavedDataLoader(len=792)"
            },
            "aux": {
                "train": "InterleavedDataLoader(len=9844)",
                "test": "InterleavedDataLoader(len=1056)"
            },
            "all": {
                "train": "InterleavedDataLoader(len=994306)",
                "test": "InterleavedDataLoader(len=1848)"
            }
        },
        "res_root": "/home/ubuntu/gradient-routing/experiments/AGI-1699-New-Dataset-Runs/results/scaling/realistic/grmoe/2B/seed_1",
        "experiment_id": "20260422050904226759",
        "s3_bucket": "ae-gradient-routing-results",
        "s3_prefix": "scaling/realistic/grmoe/2B/seed_1"
    }
}
[GPU 0] [22:23:44] [INFO] Loader code-lisp train: 2461, test: 264
[GPU 0] [22:23:44] [INFO] Loader code-other train: 147669, test: 264
[GPU 0] [22:23:44] [INFO] Loader fineweb train: 826949, test: 264
[GPU 0] [22:23:44] [INFO] Loader papers-biology train: 2461, test: 264
[GPU 0] [22:23:44] [INFO] Loader papers-cyber train: 2461, test: 264
[GPU 0] [22:23:44] [INFO] Loader papers-nuclear train: 2461, test: 264
[GPU 0] [22:23:44] [INFO] Loader papers-other train: 9844, test: 264
[GPU 0] [22:23:44] [INFO] Loader core train: 984462, test: 792
[GPU 0] [22:23:44] [INFO] Loader aux train: 9844, test: 1056
[GPU 0] [22:23:44] [INFO] Loader all train: 994306, test: 1848
[GPU 0] [22:23:44] [INFO] Stage [routed] start: {"name": "routed", "num_checkpoints": 100, "lr": 0.0004271833607529287, "res_dir": "/home/ubuntu/gradient-routing/experiments/AGI-1699-New-Dataset-Runs/results/scaling/realistic/grmoe/2B/seed_1/20260422050904226759/routed", "do_eval": true, "do_sample": false, "num_train_evals": 0, "do_elicit": true, "elicit_eval_prc": 0.5, "elicit_num_evals": 100, "retain_targets": null, "model": {"arch": "moe", "tokenizer": "GPT2Tokenizer(name_or_path='EleutherAI/gpt-neo-125M', vocab_size=50257, model_max_length=2048, padding_side='right', truncation_side='right', special_tokens={'bos_token': '<|endoftext|>', 'eos_token': '<|endoftext|>', 'unk_token': '<|endoftext|>'}, added_tokens_decoder={\n\t50256: AddedToken(\"<|endoftext|>\", rstrip=False, lstrip=False, single_word=False, normalized=True, special=True),\n}\n)", "ctx_len": 1024, "vocab_size": 50304, "num_layers": 32, "num_heads": 8, "num_key_value": 2, "attn_bias": true, "eos_token_id": 50256, "embed_dim": 2304, "mlp_dim": 9216, "core_param_prc": 1.0, "aux_param_prc": 0.1}, "eval_arbsub": false, "aux_factor": {"code-lisp": 4.0, "papers-biology": 3.0, "papers-nuclear": 3.0, "papers-cyber": 3.0}, "robust_prc": 0.2, "aux_route_prc": 0.5, "equal_compute": true}
[GPU 0] [22:23:44] [INFO] ROUTED START
[GPU 0] [22:24:05] [INFO] Initialized AltMoETransformer with 2,545,073,536 total parameters
[GPU 0] [22:24:05] [INFO]   Label 'core' has 2,016,181,632 parameters
[GPU 0] [22:24:05] [INFO]   Label 'code-lisp' has 132,222,976 parameters
[GPU 0] [22:24:05] [INFO]   Label 'papers-biology' has 132,222,976 parameters
[GPU 0] [22:24:05] [INFO]   Label 'papers-cyber' has 132,222,976 parameters
[GPU 0] [22:24:05] [INFO]   Label 'papers-nuclear' has 132,222,976 parameters
[GPU 0] [22:24:05] [INFO] Compiling AltMoETransformer with torch.compile...
[GPU 0] [22:24:06] [INFO] torch.compile done
[GPU 0] [22:44:24] [INFO] Number of GPUs: 8
[GPU 0] [22:44:24] [INFO] Tokenizer vocabulary: 50257
[GPU 0] [22:44:24] [INFO] Set model vocab size to nearest multiple of 64 of tokenizer size: 50304
[GPU 0] [22:44:41] [INFO] target effective batch size: 1332, actual effective batch size: 1320, micro batch size: 5, accumulation steps: 33, num gpus: 8
[GPU 0] [22:44:41] [INFO] core total number of tokens: 124693822984
[GPU 0] [22:44:41] [INFO] Baseline model has 2,016,181,632 parameters
[GPU 0] [22:44:41] [INFO] core: chinchilla optimal tokens: 40,323,632,640, requested proportion: 1.0000, requested number of tokens: 40,323,632,640.0, 
[GPU 0] [22:44:41] [INFO] aux total number of tokens: 4835776549
[GPU 0] [22:44:41] [INFO] Baseline model has 2,016,181,632 parameters
[GPU 0] [22:44:41] [INFO] aux: chinchilla optimal tokens: 40,323,632,640, requested proportion: 0.0100, requested number of tokens: 403,236,326.40000004, 
[GPU 0] [22:44:41] [DEBUG] Saved config to /home/ubuntu/gradient-routing/experiments/AGI-1699-New-Dataset-Runs/results/scaling/realistic/grmoe/2B/seed_1/20260422050904226759/config.json
[GPU 0] [22:44:41] [DEBUG] {
    "stages": [
        {
            "name": "routed",
            "num_checkpoints": 100,
            "lr": 0.0004271833607529287,
            "res_dir": "/home/ubuntu/gradient-routing/experiments/AGI-1699-New-Dataset-Runs/results/scaling/realistic/grmoe/2B/seed_1/20260422050904226759/routed",
            "do_eval": true,
            "do_sample": false,
            "num_train_evals": 0,
            "do_elicit": true,
            "elicit_eval_prc": 0.5,
            "elicit_num_evals": 100,
            "retain_targets": null,
            "model": {
                "arch": "moe",
                "tokenizer": "GPT2Tokenizer(name_or_path='EleutherAI/gpt-neo-125M', vocab_size=50257, model_max_length=2048, padding_side='right', truncation_side='right', special_tokens={'bos_token': '<|endoftext|>', 'eos_token': '<|endoftext|>', 'unk_token': '<|endoftext|>'}, added_tokens_decoder={\n\t50256: AddedToken(\"<|endoftext|>\", rstrip=False, lstrip=False, single_word=False, normalized=True, special=True),\n}\n)",
                "ctx_len": 1024,
                "vocab_size": 50304,
                "num_layers": 32,
                "num_heads": 8,
                "num_key_value": 2,
                "attn_bias": true,
                "eos_token_id": 50256,
                "embed_dim": 2304,
                "mlp_dim": 9216,
                "core_param_prc": 1.0,
                "aux_param_prc": 0.1
            },
            "eval_arbsub": false,
            "aux_factor": {
                "code-lisp": 4.0,
                "papers-biology": 3.0,
                "papers-nuclear": 3.0,
                "papers-cyber": 3.0
            },
            "robust_prc": 0.2,
            "aux_route_prc": 0.5,
            "equal_compute": true
        }
    ],
    "model": {
        "arch": "base",
        "tokenizer": "GPT2Tokenizer(name_or_path='EleutherAI/gpt-neo-125M', vocab_size=50257, model_max_length=2048, padding_side='right', truncation_side='right', special_tokens={'bos_token': '<|endoftext|>', 'eos_token': '<|endoftext|>', 'unk_token': '<|endoftext|>'}, added_tokens_decoder={\n\t50256: AddedToken(\"<|endoftext|>\", rstrip=False, lstrip=False, single_word=False, normalized=True, special=True),\n}\n)",
        "ctx_len": 1024,
        "vocab_size": 50304,
        "num_layers": 32,
        "num_heads": 8,
        "num_key_value": 2,
        "attn_bias": true,
        "eos_token_id": 50256,
        "embed_dim": 2304,
        "mlp_dim": 9216
    },
    "data": {
        "dirs": [
            "/home/ubuntu/gradient-routing/experiments/AGI-1699-New-Dataset-Runs/src/data/fineweb",
            "/home/ubuntu/gradient-routing/experiments/AGI-1699-New-Dataset-Runs/src/data/code",
            "/home/ubuntu/gradient-routing/experiments/AGI-1699-New-Dataset-Runs/src/data/papers"
        ],
        "core": {
            "labels": [
                "fineweb",
                "code-other",
                "papers-other"
            ],
            "method": "optimal",
            "limit": 1.0,
            "dist": {
                "fineweb": 0.84,
                "code-other": 0.15,
                "papers-other": 0.01
            },
            "num_tok": 40323632640.0
        },
        "aux": {
            "labels": [
                "code-lisp",
                "papers-biology",
                "papers-nuclear",
                "papers-cyber"
            ],
            "method": "optimal",
            "limit": 0.01,
            "dist": {
                "code-lisp": 0.25,
                "papers-biology": 0.25,
                "papers-nuclear": 0.25,
                "papers-cyber": 0.25
            },
            "num_tok": 403236326.40000004
        }
    },
    "run": {
        "target_effective_batch_size": 1332,
        "effective_batch_size": 1320,
        "micro_batch_size": 5,
        "accumulation_steps": 33,
        "max_num_test_sequences": 10000,
        "eval_all_labels": false,
        "micro_batch_anchors": [
            [
                400000000.0,
                23
            ],
            [
                5000000000.0,
                2
            ]
        ],
        "epochs": 1,
        "adam_betas": [
            0.9,
            0.95
        ],
        "warmup_prc": 0.02,
        "decay_prc": 0.1,
        "seed": 1,
        "compile": true,
        "is_ddp": true,
        "optimize_routed": true,
        "cleanup_distributed": true,
        "log_level": "DEBUG",
        "num_gpus": 8,
        "process_id": 0,
        "num_base_params": 2016181632,
        "device": "cuda",
        "logger": "<Logger training_20260422050904226759 (DEBUG)>",
        "labels": [
            "core",
            "code-lisp",
            "papers-biology",
            "papers-cyber",
            "papers-nuclear"
        ],
        "loaders": {
            "code-lisp": {
                "train": "SingleDataLoader(code-lisp_train_001.bin, len=2461)",
                "test": "InterleavedDataLoader(len=264)"
            },
            "code-other": {
                "train": "InterleavedDataLoader(len=147669)",
                "test": "InterleavedDataLoader(len=264)"
            },
            "fineweb": {
                "train": "InterleavedDataLoader(len=826949)",
                "test": "InterleavedDataLoader(len=264)"
            },
            "papers-biology": {
                "train": "SingleDataLoader(papers-biology_train.bin, len=2461)",
                "test": "SingleDataLoader(papers-biology_test.bin, len=264)"
            },
            "papers-cyber": {
                "train": "SingleDataLoader(papers-cyber_train.bin, len=2461)",
                "test": "SingleDataLoader(papers-cyber_test.bin, len=264)"
            },
            "papers-nuclear": {
                "train": "SingleDataLoader(papers-nuclear_train.bin, len=2461)",
                "test": "SingleDataLoader(papers-nuclear_test.bin, len=264)"
            },
            "papers-other": {
                "train": "SingleDataLoader(papers-other_train.bin, len=9844)",
                "test": "SingleDataLoader(papers-other_test.bin, len=264)"
            },
            "core": {
                "train": "InterleavedDataLoader(len=984462)",
                "test": "InterleavedDataLoader(len=792)"
            },
            "aux": {
                "train": "InterleavedDataLoader(len=9844)",
                "test": "InterleavedDataLoader(len=1056)"
            },
            "all": {
                "train": "InterleavedDataLoader(len=994306)",
                "test": "InterleavedDataLoader(len=1848)"
            }
        },
        "res_root": "/home/ubuntu/gradient-routing/experiments/AGI-1699-New-Dataset-Runs/results/scaling/realistic/grmoe/2B/seed_1",
        "experiment_id": "20260422050904226759",
        "s3_bucket": "ae-gradient-routing-results",
        "s3_prefix": "scaling/realistic/grmoe/2B/seed_1"
    }
}
[GPU 0] [22:44:41] [INFO] Loader code-lisp train: 2461, test: 264
[GPU 0] [22:44:41] [INFO] Loader code-other train: 147669, test: 264
[GPU 0] [22:44:41] [INFO] Loader fineweb train: 826949, test: 264
[GPU 0] [22:44:41] [INFO] Loader papers-biology train: 2461, test: 264
[GPU 0] [22:44:41] [INFO] Loader papers-cyber train: 2461, test: 264
[GPU 0] [22:44:41] [INFO] Loader papers-nuclear train: 2461, test: 264
[GPU 0] [22:44:41] [INFO] Loader papers-other train: 9844, test: 264
[GPU 0] [22:44:41] [INFO] Loader core train: 984462, test: 792
[GPU 0] [22:44:41] [INFO] Loader aux train: 9844, test: 1056
[GPU 0] [22:44:41] [INFO] Loader all train: 994306, test: 1848
[GPU 0] [22:44:41] [INFO] Stage [routed] start: {"name": "routed", "num_checkpoints": 100, "lr": 0.0004271833607529287, "res_dir": "/home/ubuntu/gradient-routing/experiments/AGI-1699-New-Dataset-Runs/results/scaling/realistic/grmoe/2B/seed_1/20260422050904226759/routed", "do_eval": true, "do_sample": false, "num_train_evals": 0, "do_elicit": true, "elicit_eval_prc": 0.5, "elicit_num_evals": 100, "retain_targets": null, "model": {"arch": "moe", "tokenizer": "GPT2Tokenizer(name_or_path='EleutherAI/gpt-neo-125M', vocab_size=50257, model_max_length=2048, padding_side='right', truncation_side='right', special_tokens={'bos_token': '<|endoftext|>', 'eos_token': '<|endoftext|>', 'unk_token': '<|endoftext|>'}, added_tokens_decoder={\n\t50256: AddedToken(\"<|endoftext|>\", rstrip=False, lstrip=False, single_word=False, normalized=True, special=True),\n}\n)", "ctx_len": 1024, "vocab_size": 50304, "num_layers": 32, "num_heads": 8, "num_key_value": 2, "attn_bias": true, "eos_token_id": 50256, "embed_dim": 2304, "mlp_dim": 9216, "core_param_prc": 1.0, "aux_param_prc": 0.1}, "eval_arbsub": false, "aux_factor": {"code-lisp": 4.0, "papers-biology": 3.0, "papers-nuclear": 3.0, "papers-cyber": 3.0}, "robust_prc": 0.2, "aux_route_prc": 0.5, "equal_compute": true}
[GPU 0] [22:44:41] [INFO] ROUTED START
[GPU 0] [22:45:04] [INFO] Initialized MoETransformer with 2,545,073,536 total parameters
[GPU 0] [22:45:04] [INFO]   Label 'core' has 1,359,323,136 parameters
[GPU 0] [22:45:04] [INFO]   Label 'code-lisp' has 132,222,976 parameters
[GPU 0] [22:45:04] [INFO]   Label 'papers-biology' has 132,222,976 parameters
[GPU 0] [22:45:04] [INFO]   Label 'papers-cyber' has 132,222,976 parameters
[GPU 0] [22:45:04] [INFO]   Label 'papers-nuclear' has 132,222,976 parameters
[GPU 0] [22:45:04] [INFO]   Label 'SHARED' has 656,858,496 parameters
[GPU 0] [22:45:04] [INFO] Compiling MoETransformer with torch.compile...
[GPU 0] [22:45:05] [INFO] torch.compile done
[GPU 0] [22:45:22] [INFO] ---- Begin Routed Unordered ----
[GPU 0] [22:45:22] [INFO] compute-equal: initial len_base: 769850 & len_ft: 224456
[GPU 0] [22:45:22] [INFO] compute-equal: flop_diff < 0, (-29678240301056.0 < 0), must truncate training
[GPU 0] [22:45:22] [INFO] compute-equal: len_base: -7360 -> 762490, len_ft: -6907 -> 217549
[GPU 0] [22:45:22] [WARNING] utilized_aux > len_all_aux, (31009 > 9844), must resample aux
[GPU 0] [22:45:22] [INFO] Batch [('core', ('core',), ('core', 'SHARED'))] count: 23106
[GPU 0] [22:45:22] [INFO] Batch [('code-lisp', ('core', 'code-lisp'), ('code-lisp',))] count: 253
[GPU 0] [22:45:22] [INFO] Batch [('code-lisp', ('core', 'code-lisp'), ('core', 'code-lisp', 'SHARED'))] count: 36
[GPU 0] [22:45:22] [INFO] Batch [('core', ('core', 'code-lisp'), ('core', 'code-lisp', 'SHARED'))] count: 1739
[GPU 0] [22:45:22] [INFO] Batch [('core', ('core', 'papers-biology'), ('core', 'papers-biology', 'SHARED'))] count: 1304
[GPU 0] [22:45:22] [INFO] Batch [('papers-biology', ('core', 'papers-biology'), ('core', 'papers-biology', 'SHARED'))] count: 36
[GPU 0] [22:45:22] [INFO] Batch [('papers-biology', ('core', 'papers-biology'), ('papers-biology',))] count: 181
[GPU 0] [22:45:22] [INFO] Batch [('core', ('core', 'papers-cyber'), ('core', 'papers-cyber', 'SHARED'))] count: 1304
[GPU 0] [22:45:22] [INFO] Batch [('papers-cyber', ('core', 'papers-cyber'), ('core', 'papers-cyber', 'SHARED'))] count: 36
[GPU 0] [22:45:22] [INFO] Batch [('papers-cyber', ('core', 'papers-cyber'), ('papers-cyber',))] count: 181
[GPU 0] [22:45:22] [INFO] Batch [('core', ('core', 'papers-nuclear'), ('core', 'papers-nuclear', 'SHARED'))] count: 1304
[GPU 0] [22:45:22] [INFO] Batch [('papers-nuclear', ('core', 'papers-nuclear'), ('core', 'papers-nuclear', 'SHARED'))] count: 36
[GPU 0] [22:45:22] [INFO] Batch [('papers-nuclear', ('core', 'papers-nuclear'), ('papers-nuclear',))] count: 181
[GPU 0] [22:45:22] [INFO] 
len_all: 994306, len_all_aux: 9844, len_all_core: 984462,
len_base: 762490, len_ft: 217549,
len_core_for_ft: 186540, len_aux_for_ft: 31009,
aux_factor: {'code-lisp': 4.0, 'papers-biology': 3.0, 'papers-nuclear': 3.0, 'papers-cyber': 3.0}, robust_prc: 0.2,
aux_route_prc: 0.5, equal_compute: True
[GPU 0] [22:45:22] [WARNING] len(batches) != expected, (29697 != 29698), 1 length difference
[GPU 0] [22:45:22] [INFO] ---- Begin Routed ----
[GPU 0] [22:45:25] [INFO] Restored 800976 train loss entries
[GPU 0] [22:45:25] [INFO] Restored 0 val loss entries
[GPU 0] [22:45:25] [INFO] LR schedule group 0: steps [0, 29697), warmup=594, constant=26133, decay=2970
[GPU 0] [22:45:25] [INFO] LR Scheduler: Group warmup (step 0)
[GPU 0] [22:45:25] [INFO] Restored scheduler to step 24272, LR: 4.2718e-04
[GPU 0] [22:45:25] [INFO] CUDA memory before training loop:
[GPU 0] [22:45:25] [INFO] |===========================================================================|
[GPU 0] [22:45:25] [INFO] |                  PyTorch CUDA memory summary, device ID 0                 |
[GPU 0] [22:45:25] [INFO] |---------------------------------------------------------------------------|
[GPU 0] [22:45:25] [INFO] |            CUDA OOMs: 0            |        cudaMalloc retries: 0         |
[GPU 0] [22:45:25] [INFO] |===========================================================================|
[GPU 0] [22:45:25] [INFO] |        Metric         | Cur Usage  | Peak Usage | Tot Alloc  | Tot Freed  |
[GPU 0] [22:45:25] [INFO] |---------------------------------------------------------------------------|
[GPU 0] [22:45:25] [INFO] | Allocated memory      |  20569 MiB |  20569 MiB |  26576 MiB |   6006 MiB |
[GPU 0] [22:45:25] [INFO] |       from large pool |  20562 MiB |  20562 MiB |  26569 MiB |   6006 MiB |
[GPU 0] [22:45:25] [INFO] |       from small pool |      7 MiB |      7 MiB |      7 MiB |      0 MiB |
[GPU 0] [22:45:25] [INFO] |---------------------------------------------------------------------------|
[GPU 0] [22:45:25] [INFO] | Active memory         |  20569 MiB |  20569 MiB |  26576 MiB |   6006 MiB |
[GPU 0] [22:45:25] [INFO] |       from large pool |  20562 MiB |  20562 MiB |  26569 MiB |   6006 MiB |
[GPU 0] [22:45:25] [INFO] |       from small pool |      7 MiB |      7 MiB |      7 MiB |      0 MiB |
[GPU 0] [22:45:25] [INFO] |---------------------------------------------------------------------------|
[GPU 0] [22:45:25] [INFO] | Requested memory      |  20569 MiB |  20569 MiB |  26575 MiB |   6006 MiB |
[GPU 0] [22:45:25] [INFO] |       from large pool |  20562 MiB |  20562 MiB |  26569 MiB |   6006 MiB |
[GPU 0] [22:45:25] [INFO] |       from small pool |      6 MiB |      6 MiB |      6 MiB |      0 MiB |
[GPU 0] [22:45:25] [INFO] |---------------------------------------------------------------------------|
[GPU 0] [22:45:25] [INFO] | GPU reserved memory   |  20588 MiB |  20588 MiB |  20588 MiB |      0 B   |
[GPU 0] [22:45:25] [INFO] |       from large pool |  20580 MiB |  20580 MiB |  20580 MiB |      0 B   |
[GPU 0] [22:45:25] [INFO] |       from small pool |      8 MiB |      8 MiB |      8 MiB |      0 B   |
[GPU 0] [22:45:25] [INFO] |---------------------------------------------------------------------------|
[GPU 0] [22:45:25] [INFO] | Non-releasable memory |      0 B   |      0 B   |      0 B   |      0 B   |
[GPU 0] [22:45:25] [INFO] |       from large pool |      0 B   |      0 B   |      0 B   |      0 B   |
[GPU 0] [22:45:25] [INFO] |       from small pool |      0 B   |      0 B   |      0 B   |      0 B   |
[GPU 0] [22:45:25] [INFO] |---------------------------------------------------------------------------|
[GPU 0] [22:45:25] [INFO] | Allocations           |    3701    |    3701    |    3755    |      54    |
[GPU 0] [22:45:25] [INFO] |       from large pool |    1353    |    1353    |    1375    |      22    |
[GPU 0] [22:45:25] [INFO] |       from small pool |    2348    |    2348    |    2380    |      32    |
[GPU 0] [22:45:25] [INFO] |---------------------------------------------------------------------------|
[GPU 0] [22:45:25] [INFO] | Active allocs         |    3701    |    3701    |    3755    |      54    |
[GPU 0] [22:45:25] [INFO] |       from large pool |    1353    |    1353    |    1375    |      22    |
[GPU 0] [22:45:25] [INFO] |       from small pool |    2348    |    2348    |    2380    |      32    |
[GPU 0] [22:45:25] [INFO] |---------------------------------------------------------------------------|
[GPU 0] [22:45:25] [INFO] | GPU reserved segments |       0    |       0    |       0    |       0    |
[GPU 0] [22:45:25] [INFO] |       from large pool |       0    |       0    |       0    |       0    |
[GPU 0] [22:45:25] [INFO] |       from small pool |       0    |       0    |       0    |       0    |
[GPU 0] [22:45:25] [INFO] |---------------------------------------------------------------------------|
[GPU 0] [22:45:25] [INFO] | Non-releasable allocs |       0    |       0    |       0    |       0    |
[GPU 0] [22:45:25] [INFO] |       from large pool |       0    |       0    |       0    |       0    |
[GPU 0] [22:45:25] [INFO] |       from small pool |       0    |       0    |       0    |       0    |
[GPU 0] [22:45:25] [INFO] |---------------------------------------------------------------------------|
[GPU 0] [22:45:25] [INFO] | Oversize allocations  |       0    |       0    |       0    |       0    |
[GPU 0] [22:45:25] [INFO] |---------------------------------------------------------------------------|
[GPU 0] [22:45:25] [INFO] | Oversize GPU segments |       0    |       0    |       0    |       0    |
[GPU 0] [22:45:25] [INFO] |===========================================================================|
[GPU 0] [22:45:25] [INFO] 
[GPU 0] [22:45:25] [INFO] Batch group start, LR: 4.2718e-04, 29697 batches
[GPU 0] [22:48:44] [INFO] CUDA memory after first training step:
[GPU 0] [22:48:44] [INFO] |===========================================================================|
[GPU 0] [22:48:44] [INFO] |                  PyTorch CUDA memory summary, device ID 0                 |
[GPU 0] [22:48:44] [INFO] |---------------------------------------------------------------------------|
[GPU 0] [22:48:44] [INFO] |            CUDA OOMs: 0            |        cudaMalloc retries: 0         |
[GPU 0] [22:48:44] [INFO] |===========================================================================|
[GPU 0] [22:48:44] [INFO] |        Metric         | Cur Usage  | Peak Usage | Tot Alloc  | Tot Freed  |
[GPU 0] [22:48:44] [INFO] |---------------------------------------------------------------------------|
[GPU 0] [22:48:44] [INFO] | Allocated memory      |  21126 MiB |  45612 MiB |   3323 GiB |   3303 GiB |
[GPU 0] [22:48:44] [INFO] |       from large pool |  21117 MiB |  45601 MiB |   3289 GiB |   3268 GiB |
[GPU 0] [22:48:44] [INFO] |       from small pool |      8 MiB |     11 MiB |     34 GiB |     34 GiB |
[GPU 0] [22:48:44] [INFO] |---------------------------------------------------------------------------|
[GPU 0] [22:48:44] [INFO] | Active memory         |  21126 MiB |  45612 MiB |   3323 GiB |   3303 GiB |
[GPU 0] [22:48:44] [INFO] |       from large pool |  21117 MiB |  45601 MiB |   3289 GiB |   3268 GiB |
[GPU 0] [22:48:44] [INFO] |       from small pool |      8 MiB |     11 MiB |     34 GiB |     34 GiB |
[GPU 0] [22:48:44] [INFO] |---------------------------------------------------------------------------|
[GPU 0] [22:48:44] [INFO] | Requested memory      |  21125 MiB |  45612 MiB |   3323 GiB |   3302 GiB |
[GPU 0] [22:48:44] [INFO] |       from large pool |  21117 MiB |  45601 MiB |   3289 GiB |   3268 GiB |
[GPU 0] [22:48:44] [INFO] |       from small pool |      7 MiB |     10 MiB |     33 GiB |     33 GiB |
[GPU 0] [22:48:44] [INFO] |---------------------------------------------------------------------------|
[GPU 0] [22:48:44] [INFO] | GPU reserved memory   |  45932 MiB |  45932 MiB |  45932 MiB |      0 B   |
[GPU 0] [22:48:44] [INFO] |       from large pool |  45920 MiB |  45920 MiB |  45920 MiB |      0 B   |
[GPU 0] [22:48:44] [INFO] |       from small pool |     12 MiB |     12 MiB |     12 MiB |      0 B   |
[GPU 0] [22:48:44] [INFO] |---------------------------------------------------------------------------|
[GPU 0] [22:48:44] [INFO] | Non-releasable memory |      0 B   |      0 B   |      0 B   |      0 B   |
[GPU 0] [22:48:44] [INFO] |       from large pool |      0 B   |      0 B   |      0 B   |      0 B   |
[GPU 0] [22:48:44] [INFO] |       from small pool |      0 B   |      0 B   |      0 B   |      0 B   |
[GPU 0] [22:48:44] [INFO] |---------------------------------------------------------------------------|
[GPU 0] [22:48:44] [INFO] | Allocations           |    3709    |    4715    |     934 K  |     931 K  |
[GPU 0] [22:48:44] [INFO] |       from large pool |    1356    |    2004    |      90 K  |      88 K  |
[GPU 0] [22:48:44] [INFO] |       from small pool |    2353    |    2871    |     844 K  |     842 K  |
[GPU 0] [22:48:44] [INFO] |---------------------------------------------------------------------------|
[GPU 0] [22:48:44] [INFO] | Active allocs         |    3709    |    4715    |     934 K  |     931 K  |
[GPU 0] [22:48:44] [INFO] |       from large pool |    1356    |    2004    |      90 K  |      88 K  |
[GPU 0] [22:48:44] [INFO] |       from small pool |    2353    |    2871    |     844 K  |     842 K  |
[GPU 0] [22:48:44] [INFO] |---------------------------------------------------------------------------|
[GPU 0] [22:48:44] [INFO] | GPU reserved segments |       0    |       0    |       0    |       0    |
[GPU 0] [22:48:44] [INFO] |       from large pool |       0    |       0    |       0    |       0    |
[GPU 0] [22:48:44] [INFO] |       from small pool |       0    |       0    |       0    |       0    |
[GPU 0] [22:48:44] [INFO] |---------------------------------------------------------------------------|
[GPU 0] [22:48:44] [INFO] | Non-releasable allocs |       0    |       0    |       0    |       0    |
[GPU 0] [22:48:44] [INFO] |       from large pool |       0    |       0    |       0    |       0    |
[GPU 0] [22:48:44] [INFO] |       from small pool |       0    |       0    |       0    |       0    |
[GPU 0] [22:48:44] [INFO] |---------------------------------------------------------------------------|
[GPU 0] [22:48:44] [INFO] | Oversize allocations  |       0    |       0    |       0    |       0    |
[GPU 0] [22:48:44] [INFO] |---------------------------------------------------------------------------|
[GPU 0] [22:48:44] [INFO] | Oversize GPU segments |       0    |       0    |       0    |       0    |
[GPU 0] [22:48:44] [INFO] |===========================================================================|
[GPU 0] [22:48:44] [INFO] 
[GPU 0] [00:23:58] [INFO] Step: 25000, LR: 4.2718e-04
[GPU 0] [00:23:58] [INFO] Train Loss: CORE: 2.31 CODE-LISP: 0.70 PAPERS-BIOLOGY: 2.24 PAPERS-CYBER: 2.52 PAPERS-NUCLEAR: 2.52 
[GPU 0] [02:36:33] [INFO] Step: 26000, LR: 4.2718e-04
[GPU 0] [02:36:33] [INFO] Train Loss: CORE: 2.11 CODE-LISP: 0.96 PAPERS-BIOLOGY: 2.25 PAPERS-CYBER: 2.52 PAPERS-NUCLEAR: 2.59 
[GPU 0] [04:14:27] [INFO] LR Scheduler: Group decay (step 26727)
[GPU 0] [04:50:48] [INFO] Step: 27000, LR: 3.8792e-04
[GPU 0] [04:50:48] [INFO] Train Loss: CORE: 2.31 CODE-LISP: 0.64 PAPERS-BIOLOGY: 2.24 PAPERS-CYBER: 2.46 PAPERS-NUCLEAR: 2.62 
[GPU 0] [07:03:10] [INFO] Step: 28000, LR: 2.4409e-04
[GPU 0] [07:03:10] [INFO] Train Loss: CORE: 2.20 CODE-LISP: 0.56 PAPERS-BIOLOGY: 2.20 PAPERS-CYBER: 2.50 PAPERS-NUCLEAR: 2.55 
[GPU 0] [09:15:34] [INFO] Step: 29000, LR: 1.0026e-04
[GPU 0] [09:15:34] [INFO] Train Loss: CORE: 2.18 CODE-LISP: 0.61 PAPERS-BIOLOGY: 2.16 PAPERS-CYBER: 2.44 PAPERS-NUCLEAR: 2.52 
[GPU 0] [10:49:01] [INFO] Step: 29697, LR: 1.0000e-08
[GPU 0] [10:49:01] [INFO] Train Loss: CORE: 2.23 CODE-LISP: 0.63 PAPERS-BIOLOGY: 2.16 PAPERS-CYBER: 2.44 PAPERS-NUCLEAR: 2.46 
[GPU 0] [10:50:35] [INFO] ---- Begin Eval ----
[GPU 0] [10:50:35] [INFO] Data: core | Experts: ['core']
[GPU 0] [10:51:55] [INFO] loss: 1.72650826
[GPU 0] [10:51:55] [INFO] Data: code-lisp | Experts: ['core']
[GPU 0] [10:52:16] [INFO] loss: 1.46566677
[GPU 0] [10:52:16] [INFO] Data: papers-biology | Experts: ['core']
[GPU 0] [10:52:37] [INFO] loss: 2.26081252
[GPU 0] [10:52:37] [INFO] Data: papers-nuclear | Experts: ['core']
[GPU 0] [10:52:58] [INFO] loss: 2.65243244
[GPU 0] [10:52:58] [INFO] Data: papers-cyber | Experts: ['core']
[GPU 0] [10:53:19] [INFO] loss: 2.51824021
[GPU 0] [10:53:19] [INFO] ---- Begin Eval ----
[GPU 0] [10:53:19] [INFO] Data: core | Experts: ['code-lisp', 'core']
[GPU 0] [10:54:28] [INFO] loss: 1.72831714
[GPU 0] [10:54:28] [INFO] Data: code-lisp | Experts: ['code-lisp', 'core']
[GPU 0] [10:54:51] [INFO] loss: 0.72690976
[GPU 0] [10:54:51] [INFO] Data: papers-biology | Experts: ['code-lisp', 'core']
[GPU 0] [10:55:14] [INFO] loss: 2.26145244
[GPU 0] [10:55:14] [INFO] Data: papers-nuclear | Experts: ['code-lisp', 'core']
[GPU 0] [10:55:37] [INFO] loss: 2.65291715
[GPU 0] [10:55:37] [INFO] Data: papers-cyber | Experts: ['code-lisp', 'core']
[GPU 0] [10:56:00] [INFO] loss: 2.51926112
[GPU 0] [10:56:00] [INFO] ---- Begin Eval ----
[GPU 0] [10:56:00] [INFO] Data: core | Experts: ['core', 'papers-biology']
[GPU 0] [10:57:11] [INFO] loss: 1.72748780
[GPU 0] [10:57:11] [INFO] Data: code-lisp | Experts: ['core', 'papers-biology']
[GPU 0] [10:57:35] [INFO] loss: 1.45896041
[GPU 0] [10:57:35] [INFO] Data: papers-biology | Experts: ['core', 'papers-biology']
[GPU 0] [10:57:59] [INFO] loss: 2.16724372
[GPU 0] [10:57:59] [INFO] Data: papers-nuclear | Experts: ['core', 'papers-biology']
[GPU 0] [10:58:22] [INFO] loss: 2.64389133
[GPU 0] [10:58:22] [INFO] Data: papers-cyber | Experts: ['core', 'papers-biology']
[GPU 0] [10:58:45] [INFO] loss: 2.51808858
[GPU 0] [10:58:45] [INFO] ---- Begin Eval ----
[GPU 0] [10:58:45] [INFO] Data: core | Experts: ['core', 'papers-nuclear']
[GPU 0] [10:59:54] [INFO] loss: 1.73053014
[GPU 0] [10:59:54] [INFO] Data: code-lisp | Experts: ['core', 'papers-nuclear']
[GPU 0] [11:00:17] [INFO] loss: 1.45816314
[GPU 0] [11:00:17] [INFO] Data: papers-biology | Experts: ['core', 'papers-nuclear']
[GPU 0] [11:00:39] [INFO] loss: 2.25594807
[GPU 0] [11:00:39] [INFO] Data: papers-nuclear | Experts: ['core', 'papers-nuclear']
[GPU 0] [11:01:02] [INFO] loss: 2.51255083
[GPU 0] [11:01:02] [INFO] Data: papers-cyber | Experts: ['core', 'papers-nuclear']
[GPU 0] [11:01:25] [INFO] loss: 2.51347589
[GPU 0] [11:01:25] [INFO] ---- Begin Eval ----
[GPU 0] [11:01:25] [INFO] Data: core | Experts: ['core', 'papers-cyber']
[GPU 0] [11:02:34] [INFO] loss: 1.72810197
[GPU 0] [11:02:34] [INFO] Data: code-lisp | Experts: ['core', 'papers-cyber']
[GPU 0] [11:02:56] [INFO] loss: 1.45540917
[GPU 0] [11:02:56] [INFO] Data: papers-biology | Experts: ['core', 'papers-cyber']
[GPU 0] [11:03:19] [INFO] loss: 2.25892973
[GPU 0] [11:03:19] [INFO] Data: papers-nuclear | Experts: ['core', 'papers-cyber']
[GPU 0] [11:03:42] [INFO] loss: 2.64362860
[GPU 0] [11:03:42] [INFO] Data: papers-cyber | Experts: ['core', 'papers-cyber']
[GPU 0] [11:04:05] [INFO] loss: 2.44532347
[GPU 0] [11:04:08] [INFO] ROUTED - ADVERSARIAL FT START
[GPU 0] [11:04:13] [INFO] ---- Begin FT | Experts: ['core'] | Data: ['code-lisp'] ----
[GPU 0] [11:04:13] [DEBUG] num_seq: 512, num_rounds: 200, patience: 10
[GPU 0] [11:04:13] [DEBUG] local_x: torch.Size([64, 1024]), local_y: torch.Size([64, 1024]), num_steps: 13, per_gpu: 64, mbs_size: 5
[GPU 0] [11:04:44] [INFO] New best validation loss: 1.2706 @ step 0
[GPU 0] [11:04:56] [INFO] New best validation loss: 1.1869 @ step 1
[GPU 0] [11:05:09] [INFO] New best validation loss: 1.1411 @ step 2
[GPU 0] [11:05:22] [INFO] New best validation loss: 1.1016 @ step 3
[GPU 0] [11:05:35] [INFO] New best validation loss: 1.0645 @ step 4
[GPU 0] [11:05:48] [INFO] New best validation loss: 1.0357 @ step 5
[GPU 0] [11:06:01] [INFO] New best validation loss: 1.0128 @ step 6
[GPU 0] [11:06:14] [INFO] New best validation loss: 0.9942 @ step 7
[GPU 0] [11:06:27] [INFO] New best validation loss: 0.9781 @ step 8
[GPU 0] [11:06:40] [INFO] New best validation loss: 0.9628 @ step 9
[GPU 0] [11:06:52] [INFO] New best validation loss: 0.9502 @ step 10
[GPU 0] [11:07:05] [INFO] New best validation loss: 0.9401 @ step 11
[GPU 0] [11:07:18] [INFO] New best validation loss: 0.9310 @ step 12
[GPU 0] [11:07:31] [INFO] New best validation loss: 0.9237 @ step 13
[GPU 0] [11:07:45] [INFO] New best validation loss: 0.9180 @ step 14
[GPU 0] [11:07:58] [INFO] New best validation loss: 0.9131 @ step 15
[GPU 0] [11:08:11] [INFO] New best validation loss: 0.9096 @ step 16
[GPU 0] [11:08:24] [INFO] New best validation loss: 0.9075 @ step 17
[GPU 0] [11:08:38] [INFO] New best validation loss: 0.9060 @ step 18
[GPU 0] [11:08:51] [INFO] New best validation loss: 0.9051 @ step 19
[GPU 0] [11:09:04] [INFO] New best validation loss: 0.9046 @ step 20
[GPU 0] [11:11:27] [INFO] Stop FT @ 32: no val improvement for 10 steps
[GPU 0] [11:11:27] [INFO] Wrote stats.jsonl entries at FT step 20 
[GPU 0] [11:11:35] [INFO] ---- Begin FT | Experts: ['core'] | Data: ['papers-biology'] ----
[GPU 0] [11:11:35] [DEBUG] num_seq: 512, num_rounds: 200, patience: 10
[GPU 0] [11:11:35] [DEBUG] local_x: torch.Size([64, 1024]), local_y: torch.Size([64, 1024]), num_steps: 13, per_gpu: 64, mbs_size: 5
[GPU 0] [11:11:48] [INFO] New best validation loss: 2.2941 @ step 0
[GPU 0] [11:12:00] [INFO] New best validation loss: 2.2649 @ step 1
[GPU 0] [11:14:23] [INFO] Stop FT @ 13: no val improvement for 10 steps
[GPU 0] [11:14:23] [INFO] Wrote stats.jsonl entries at FT step 1 
[GPU 0] [11:14:28] [INFO] ---- Begin FT | Experts: ['core'] | Data: ['papers-cyber'] ----
[GPU 0] [11:14:28] [DEBUG] num_seq: 512, num_rounds: 200, patience: 10
[GPU 0] [11:14:28] [DEBUG] local_x: torch.Size([64, 1024]), local_y: torch.Size([64, 1024]), num_steps: 13, per_gpu: 64, mbs_size: 5
[GPU 0] [11:14:41] [INFO] New best validation loss: 2.5630 @ step 0
[GPU 0] [11:14:53] [INFO] New best validation loss: 2.5371 @ step 1
[GPU 0] [11:15:06] [INFO] New best validation loss: 2.5323 @ step 2
[GPU 0] [11:17:29] [INFO] Stop FT @ 14: no val improvement for 10 steps
[GPU 0] [11:17:29] [INFO] Wrote stats.jsonl entries at FT step 2 
[GPU 0] [11:17:36] [INFO] ---- Begin FT | Experts: ['core'] | Data: ['papers-nuclear'] ----
[GPU 0] [11:17:36] [DEBUG] num_seq: 512, num_rounds: 200, patience: 10
[GPU 0] [11:17:36] [DEBUG] local_x: torch.Size([64, 1024]), local_y: torch.Size([64, 1024]), num_steps: 13, per_gpu: 64, mbs_size: 5
[GPU 0] [11:17:48] [INFO] New best validation loss: 2.6984 @ step 0
[GPU 0] [11:18:01] [INFO] New best validation loss: 2.6392 @ step 1
[GPU 0] [11:18:14] [INFO] New best validation loss: 2.6373 @ step 2
[GPU 0] [11:20:40] [INFO] Stop FT @ 14: no val improvement for 10 steps
[GPU 0] [11:20:40] [INFO] Wrote stats.jsonl entries at FT step 2 
[GPU 0] [11:20:41] [INFO] ROUTED - ADVERSARIAL FT START
[GPU 0] [11:20:45] [INFO] ---- Begin FT | Experts: ['code-lisp', 'core'] | Data: ['papers-biology'] ----
[GPU 0] [11:20:45] [DEBUG] num_seq: 512, num_rounds: 200, patience: 10
[GPU 0] [11:20:45] [DEBUG] local_x: torch.Size([64, 1024]), local_y: torch.Size([64, 1024]), num_steps: 13, per_gpu: 64, mbs_size: 5
[GPU 0] [11:20:59] [INFO] New best validation loss: 2.3008 @ step 0
[GPU 0] [11:21:13] [INFO] New best validation loss: 2.2721 @ step 1
[GPU 0] [11:21:27] [INFO] New best validation loss: 2.2707 @ step 2
[GPU 0] [11:24:01] [INFO] Stop FT @ 14: no val improvement for 10 steps
[GPU 0] [11:24:01] [INFO] Wrote stats.jsonl entries at FT step 2 
[GPU 0] [11:24:06] [INFO] ---- Begin FT | Experts: ['code-lisp', 'core'] | Data: ['papers-cyber'] ----
[GPU 0] [11:24:06] [DEBUG] num_seq: 512, num_rounds: 200, patience: 10
[GPU 0] [11:24:06] [DEBUG] local_x: torch.Size([64, 1024]), local_y: torch.Size([64, 1024]), num_steps: 13, per_gpu: 64, mbs_size: 5
[GPU 0] [11:24:19] [INFO] New best validation loss: 2.5701 @ step 0
[GPU 0] [11:24:33] [INFO] New best validation loss: 2.5455 @ step 1
[GPU 0] [11:24:47] [INFO] New best validation loss: 2.5375 @ step 2
[GPU 0] [11:25:01] [INFO] New best validation loss: 2.5374 @ step 3
[GPU 0] [11:27:34] [INFO] Stop FT @ 15: no val improvement for 10 steps
[GPU 0] [11:27:34] [INFO] Wrote stats.jsonl entries at FT step 3 
[GPU 0] [11:27:39] [INFO] ---- Begin FT | Experts: ['code-lisp', 'core'] | Data: ['papers-nuclear'] ----
[GPU 0] [11:27:39] [DEBUG] num_seq: 512, num_rounds: 200, patience: 10
[GPU 0] [11:27:39] [DEBUG] local_x: torch.Size([64, 1024]), local_y: torch.Size([64, 1024]), num_steps: 13, per_gpu: 64, mbs_size: 5
[GPU 0] [11:27:52] [INFO] New best validation loss: 2.7098 @ step 0
[GPU 0] [11:28:06] [INFO] New best validation loss: 2.6403 @ step 1
[GPU 0] [11:30:42] [INFO] Stop FT @ 13: no val improvement for 10 steps
[GPU 0] [11:30:42] [INFO] Wrote stats.jsonl entries at FT step 1 
[GPU 0] [11:30:43] [INFO] ROUTED - ADVERSARIAL FT START
[GPU 0] [11:30:47] [INFO] ---- Begin FT | Experts: ['core', 'papers-biology'] | Data: ['code-lisp'] ----
[GPU 0] [11:30:47] [DEBUG] num_seq: 512, num_rounds: 200, patience: 10
[GPU 0] [11:30:47] [DEBUG] local_x: torch.Size([64, 1024]), local_y: torch.Size([64, 1024]), num_steps: 13, per_gpu: 64, mbs_size: 5
[GPU 0] [11:31:01] [INFO] New best validation loss: 1.2785 @ step 0
[GPU 0] [11:31:15] [INFO] New best validation loss: 1.1909 @ step 1
[GPU 0] [11:31:29] [INFO] New best validation loss: 1.1455 @ step 2
[GPU 0] [11:31:43] [INFO] New best validation loss: 1.1055 @ step 3
[GPU 0] [11:31:57] [INFO] New best validation loss: 1.0673 @ step 4
[GPU 0] [11:32:11] [INFO] New best validation loss: 1.0381 @ step 5
[GPU 0] [11:32:25] [INFO] New best validation loss: 1.0147 @ step 6
[GPU 0] [11:32:39] [INFO] New best validation loss: 0.9960 @ step 7
[GPU 0] [11:32:53] [INFO] New best validation loss: 0.9802 @ step 8
[GPU 0] [11:33:07] [INFO] New best validation loss: 0.9646 @ step 9
[GPU 0] [11:33:21] [INFO] New best validation loss: 0.9513 @ step 10
[GPU 0] [11:33:35] [INFO] New best validation loss: 0.9409 @ step 11
[GPU 0] [11:33:49] [INFO] New best validation loss: 0.9320 @ step 12
[GPU 0] [11:34:03] [INFO] New best validation loss: 0.9246 @ step 13
[GPU 0] [11:34:17] [INFO] New best validation loss: 0.9187 @ step 14
[GPU 0] [11:34:31] [INFO] New best validation loss: 0.9140 @ step 15
[GPU 0] [11:34:45] [INFO] New best validation loss: 0.9102 @ step 16
[GPU 0] [11:34:59] [INFO] New best validation loss: 0.9081 @ step 17
[GPU 0] [11:35:13] [INFO] New best validation loss: 0.9070 @ step 18
[GPU 0] [11:35:27] [INFO] New best validation loss: 0.9057 @ step 19
[GPU 0] [11:35:41] [INFO] New best validation loss: 0.9046 @ step 20
[GPU 0] [11:38:15] [INFO] Stop FT @ 32: no val improvement for 10 steps
[GPU 0] [11:38:15] [INFO] Wrote stats.jsonl entries at FT step 20 
[GPU 0] [11:38:20] [INFO] ---- Begin FT | Experts: ['core', 'papers-biology'] | Data: ['papers-cyber'] ----
[GPU 0] [11:38:20] [DEBUG] num_seq: 512, num_rounds: 200, patience: 10
[GPU 0] [11:38:20] [DEBUG] local_x: torch.Size([64, 1024]), local_y: torch.Size([64, 1024]), num_steps: 13, per_gpu: 64, mbs_size: 5
[GPU 0] [11:38:34] [INFO] New best validation loss: 2.5555 @ step 0
[GPU 0] [11:38:47] [INFO] New best validation loss: 2.5326 @ step 1
[GPU 0] [11:41:23] [INFO] Stop FT @ 13: no val improvement for 10 steps
[GPU 0] [11:41:23] [INFO] Wrote stats.jsonl entries at FT step 1 
[GPU 0] [11:41:28] [INFO] ---- Begin FT | Experts: ['core', 'papers-biology'] | Data: ['papers-nuclear'] ----
[GPU 0] [11:41:28] [DEBUG] num_seq: 512, num_rounds: 200, patience: 10
[GPU 0] [11:41:28] [DEBUG] local_x: torch.Size([64, 1024]), local_y: torch.Size([64, 1024]), num_steps: 13, per_gpu: 64, mbs_size: 5
[GPU 0] [11:41:41] [INFO] New best validation loss: 2.6741 @ step 0
[GPU 0] [11:41:55] [INFO] New best validation loss: 2.6417 @ step 1
[GPU 0] [11:42:10] [INFO] New best validation loss: 2.6390 @ step 2
[GPU 0] [11:44:44] [INFO] Stop FT @ 14: no val improvement for 10 steps
[GPU 0] [11:44:44] [INFO] Wrote stats.jsonl entries at FT step 2 
[GPU 0] [11:44:45] [INFO] ROUTED - ADVERSARIAL FT START
[GPU 0] [11:44:49] [INFO] ---- Begin FT | Experts: ['core', 'papers-nuclear'] | Data: ['code-lisp'] ----
[GPU 0] [11:44:49] [DEBUG] num_seq: 512, num_rounds: 200, patience: 10
[GPU 0] [11:44:49] [DEBUG] local_x: torch.Size([64, 1024]), local_y: torch.Size([64, 1024]), num_steps: 13, per_gpu: 64, mbs_size: 5
[GPU 0] [11:45:02] [INFO] New best validation loss: 1.2774 @ step 0
[GPU 0] [11:45:16] [INFO] New best validation loss: 1.1906 @ step 1
[GPU 0] [11:45:29] [INFO] New best validation loss: 1.1448 @ step 2
[GPU 0] [11:45:43] [INFO] New best validation loss: 1.1047 @ step 3
[GPU 0] [11:45:57] [INFO] New best validation loss: 1.0666 @ step 4
[GPU 0] [11:46:11] [INFO] New best validation loss: 1.0378 @ step 5
[GPU 0] [11:46:25] [INFO] New best validation loss: 1.0147 @ step 6
[GPU 0] [11:46:38] [INFO] New best validation loss: 0.9962 @ step 7
[GPU 0] [11:46:52] [INFO] New best validation loss: 0.9802 @ step 8
[GPU 0] [11:47:06] [INFO] New best validation loss: 0.9645 @ step 9
[GPU 0] [11:47:20] [INFO] New best validation loss: 0.9515 @ step 10
[GPU 0] [11:47:33] [INFO] New best validation loss: 0.9412 @ step 11
[GPU 0] [11:47:47] [INFO] New best validation loss: 0.9324 @ step 12
[GPU 0] [11:48:01] [INFO] New best validation loss: 0.9245 @ step 13
[GPU 0] [11:48:15] [INFO] New best validation loss: 0.9186 @ step 14
[GPU 0] [11:48:29] [INFO] New best validation loss: 0.9137 @ step 15
[GPU 0] [11:48:43] [INFO] New best validation loss: 0.9104 @ step 16
[GPU 0] [11:48:56] [INFO] New best validation loss: 0.9082 @ step 17
[GPU 0] [11:49:10] [INFO] New best validation loss: 0.9073 @ step 18
[GPU 0] [11:49:24] [INFO] New best validation loss: 0.9059 @ step 19
[GPU 0] [11:49:38] [INFO] New best validation loss: 0.9049 @ step 20
[GPU 0] [11:49:51] [INFO] New best validation loss: 0.9047 @ step 21
[GPU 0] [11:52:26] [INFO] Stop FT @ 33: no val improvement for 10 steps
[GPU 0] [11:52:26] [INFO] Wrote stats.jsonl entries at FT step 21 
[GPU 0] [11:52:31] [INFO] ---- Begin FT | Experts: ['core', 'papers-nuclear'] | Data: ['papers-biology'] ----
[GPU 0] [11:52:31] [DEBUG] num_seq: 512, num_rounds: 200, patience: 10
[GPU 0] [11:52:31] [DEBUG] local_x: torch.Size([64, 1024]), local_y: torch.Size([64, 1024]), num_steps: 13, per_gpu: 64, mbs_size: 5
[GPU 0] [11:52:45] [INFO] New best validation loss: 2.2810 @ step 0
[GPU 0] [11:52:59] [INFO] New best validation loss: 2.2689 @ step 1
[GPU 0] [11:53:13] [INFO] New best validation loss: 2.2651 @ step 2
[GPU 0] [11:55:46] [INFO] Stop FT @ 14: no val improvement for 10 steps
[GPU 0] [11:55:46] [INFO] Wrote stats.jsonl entries at FT step 2 
[GPU 0] [11:55:52] [INFO] ---- Begin FT | Experts: ['core', 'papers-nuclear'] | Data: ['papers-cyber'] ----
[GPU 0] [11:55:52] [DEBUG] num_seq: 512, num_rounds: 200, patience: 10
[GPU 0] [11:55:52] [DEBUG] local_x: torch.Size([64, 1024]), local_y: torch.Size([64, 1024]), num_steps: 13, per_gpu: 64, mbs_size: 5
[GPU 0] [11:56:05] [INFO] New best validation loss: 2.5587 @ step 0
[GPU 0] [11:56:19] [INFO] New best validation loss: 2.5313 @ step 1
[GPU 0] [11:58:51] [INFO] Stop FT @ 13: no val improvement for 10 steps
[GPU 0] [11:58:51] [INFO] Wrote stats.jsonl entries at FT step 1 
[GPU 0] [11:58:52] [INFO] ROUTED - ADVERSARIAL FT START
[GPU 0] [11:58:55] [INFO] ---- Begin FT | Experts: ['core', 'papers-cyber'] | Data: ['code-lisp'] ----
[GPU 0] [11:58:55] [DEBUG] num_seq: 512, num_rounds: 200, patience: 10
[GPU 0] [11:58:55] [DEBUG] local_x: torch.Size([64, 1024]), local_y: torch.Size([64, 1024]), num_steps: 13, per_gpu: 64, mbs_size: 5
[GPU 0] [11:59:09] [INFO] New best validation loss: 1.2743 @ step 0
[GPU 0] [11:59:23] [INFO] New best validation loss: 1.1885 @ step 1
[GPU 0] [11:59:37] [INFO] New best validation loss: 1.1433 @ step 2
[GPU 0] [11:59:50] [INFO] New best validation loss: 1.1034 @ step 3
[GPU 0] [12:00:04] [INFO] New best validation loss: 1.0658 @ step 4
[GPU 0] [12:00:18] [INFO] New best validation loss: 1.0371 @ step 5
[GPU 0] [12:00:32] [INFO] New best validation loss: 1.0141 @ step 6
[GPU 0] [12:00:46] [INFO] New best validation loss: 0.9955 @ step 7
[GPU 0] [12:01:00] [INFO] New best validation loss: 0.9793 @ step 8
[GPU 0] [12:01:14] [INFO] New best validation loss: 0.9637 @ step 9
[GPU 0] [12:01:28] [INFO] New best validation loss: 0.9510 @ step 10
[GPU 0] [12:01:42] [INFO] New best validation loss: 0.9409 @ step 11
[GPU 0] [12:01:56] [INFO] New best validation loss: 0.9321 @ step 12
[GPU 0] [12:02:10] [INFO] New best validation loss: 0.9243 @ step 13
[GPU 0] [12:02:24] [INFO] New best validation loss: 0.9188 @ step 14
[GPU 0] [12:02:38] [INFO] New best validation loss: 0.9142 @ step 15
[GPU 0] [12:02:53] [INFO] New best validation loss: 0.9104 @ step 16
[GPU 0] [12:03:07] [INFO] New best validation loss: 0.9080 @ step 17
[GPU 0] [12:03:21] [INFO] New best validation loss: 0.9065 @ step 18
[GPU 0] [12:03:36] [INFO] New best validation loss: 0.9054 @ step 19
[GPU 0] [12:03:50] [INFO] New best validation loss: 0.9051 @ step 20
[GPU 0] [12:06:25] [INFO] Stop FT @ 32: no val improvement for 10 steps
[GPU 0] [12:06:25] [INFO] Wrote stats.jsonl entries at FT step 20 
[GPU 0] [12:06:29] [INFO] ---- Begin FT | Experts: ['core', 'papers-cyber'] | Data: ['papers-biology'] ----
[GPU 0] [12:06:29] [DEBUG] num_seq: 512, num_rounds: 200, patience: 10
[GPU 0] [12:06:29] [DEBUG] local_x: torch.Size([64, 1024]), local_y: torch.Size([64, 1024]), num_steps: 13, per_gpu: 64, mbs_size: 5
[GPU 0] [12:06:43] [INFO] New best validation loss: 2.2810 @ step 0
[GPU 0] [12:06:57] [INFO] New best validation loss: 2.2694 @ step 1
[GPU 0] [12:07:11] [INFO] New best validation loss: 2.2647 @ step 2
[GPU 0] [12:09:44] [INFO] Stop FT @ 14: no val improvement for 10 steps
[GPU 0] [12:09:44] [INFO] Wrote stats.jsonl entries at FT step 2 
[GPU 0] [12:09:49] [INFO] ---- Begin FT | Experts: ['core', 'papers-cyber'] | Data: ['papers-nuclear'] ----
[GPU 0] [12:09:49] [DEBUG] num_seq: 512, num_rounds: 200, patience: 10
[GPU 0] [12:09:49] [DEBUG] local_x: torch.Size([64, 1024]), local_y: torch.Size([64, 1024]), num_steps: 13, per_gpu: 64, mbs_size: 5
[GPU 0] [12:10:03] [INFO] New best validation loss: 2.6855 @ step 0
[GPU 0] [12:10:16] [INFO] New best validation loss: 2.6378 @ step 1
[GPU 0] [12:10:30] [INFO] New best validation loss: 2.6369 @ step 2
[GPU 0] [12:13:04] [INFO] Stop FT @ 14: no val improvement for 10 steps
[GPU 0] [12:13:04] [INFO] Wrote stats.jsonl entries at FT step 2 
[GPU 0] [04:20:27] [INFO] Number of GPUs: 8
[GPU 0] [04:20:28] [INFO] Tokenizer vocabulary: 50257
[GPU 0] [04:20:28] [INFO] Set model vocab size to nearest multiple of 64 of tokenizer size: 50304
[GPU 0] [04:20:46] [INFO] target effective batch size: 1332, actual effective batch size: 1320, micro batch size: 5, accumulation steps: 33, num gpus: 8
[GPU 0] [04:20:46] [INFO] core total number of tokens: 124693822984
[GPU 0] [04:20:46] [INFO] Baseline model has 2,016,181,632 parameters
[GPU 0] [04:20:46] [INFO] core: chinchilla optimal tokens: 40,323,632,640, requested proportion: 1.0000, requested number of tokens: 40,323,632,640.0, 
[GPU 0] [04:20:46] [INFO] aux total number of tokens: 4835776549
[GPU 0] [04:20:46] [INFO] Baseline model has 2,016,181,632 parameters
[GPU 0] [04:20:46] [INFO] aux: chinchilla optimal tokens: 40,323,632,640, requested proportion: 0.0100, requested number of tokens: 403,236,326.40000004, 
[GPU 0] [04:20:46] [DEBUG] Saved config to /home/ubuntu/gradient-routing/experiments/AGI-1699-New-Dataset-Runs/results/scaling/realistic/grmoe/2B/seed_1/20260422050904226759/config.json
[GPU 0] [04:20:46] [DEBUG] {
    "stages": [
        {
            "name": "routed",
            "num_checkpoints": 100,
            "lr": 0.0004271833607529287,
            "res_dir": "/home/ubuntu/gradient-routing/experiments/AGI-1699-New-Dataset-Runs/results/scaling/realistic/grmoe/2B/seed_1/20260422050904226759/routed",
            "do_eval": true,
            "do_sample": false,
            "num_train_evals": 0,
            "do_elicit": true,
            "elicit_eval_prc": 0.5,
            "elicit_num_evals": 100,
            "retain_targets": null,
            "model": {
                "arch": "moe",
                "tokenizer": "GPT2Tokenizer(name_or_path='EleutherAI/gpt-neo-125M', vocab_size=50257, model_max_length=2048, padding_side='right', truncation_side='right', special_tokens={'bos_token': '<|endoftext|>', 'eos_token': '<|endoftext|>', 'unk_token': '<|endoftext|>'}, added_tokens_decoder={\n\t50256: AddedToken(\"<|endoftext|>\", rstrip=False, lstrip=False, single_word=False, normalized=True, special=True),\n}\n)",
                "ctx_len": 1024,
                "vocab_size": 50304,
                "num_layers": 32,
                "num_heads": 8,
                "num_key_value": 2,
                "attn_bias": true,
                "eos_token_id": 50256,
                "embed_dim": 2304,
                "mlp_dim": 9216,
                "core_param_prc": 1.0,
                "aux_param_prc": 0.1
            },
            "eval_arbsub": false,
            "aux_factor": {
                "code-lisp": 4.0,
                "papers-biology": 3.0,
                "papers-nuclear": 3.0,
                "papers-cyber": 3.0
            },
            "robust_prc": 0.2,
            "aux_route_prc": 0.5,
            "equal_compute": true
        }
    ],
    "model": {
        "arch": "base",
        "tokenizer": "GPT2Tokenizer(name_or_path='EleutherAI/gpt-neo-125M', vocab_size=50257, model_max_length=2048, padding_side='right', truncation_side='right', special_tokens={'bos_token': '<|endoftext|>', 'eos_token': '<|endoftext|>', 'unk_token': '<|endoftext|>'}, added_tokens_decoder={\n\t50256: AddedToken(\"<|endoftext|>\", rstrip=False, lstrip=False, single_word=False, normalized=True, special=True),\n}\n)",
        "ctx_len": 1024,
        "vocab_size": 50304,
        "num_layers": 32,
        "num_heads": 8,
        "num_key_value": 2,
        "attn_bias": true,
        "eos_token_id": 50256,
        "embed_dim": 2304,
        "mlp_dim": 9216
    },
    "data": {
        "dirs": [
            "/home/ubuntu/gradient-routing/experiments/AGI-1699-New-Dataset-Runs/src/data/fineweb",
            "/home/ubuntu/gradient-routing/experiments/AGI-1699-New-Dataset-Runs/src/data/code",
            "/home/ubuntu/gradient-routing/experiments/AGI-1699-New-Dataset-Runs/src/data/papers"
        ],
        "core": {
            "labels": [
                "fineweb",
                "code-other",
                "papers-other"
            ],
            "method": "optimal",
            "limit": 1.0,
            "dist": {
                "fineweb": 0.84,
                "code-other": 0.15,
                "papers-other": 0.01
            },
            "num_tok": 40323632640.0
        },
        "aux": {
            "labels": [
                "code-lisp",
                "papers-biology",
                "papers-nuclear",
                "papers-cyber"
            ],
            "method": "optimal",
            "limit": 0.01,
            "dist": {
                "code-lisp": 0.25,
                "papers-biology": 0.25,
                "papers-nuclear": 0.25,
                "papers-cyber": 0.25
            },
            "num_tok": 403236326.40000004
        }
    },
    "run": {
        "target_effective_batch_size": 1332,
        "effective_batch_size": 1320,
        "micro_batch_size": 5,
        "accumulation_steps": 33,
        "max_num_test_sequences": 10000,
        "eval_all_labels": false,
        "micro_batch_anchors": [
            [
                400000000.0,
                23
            ],
            [
                5000000000.0,
                2
            ]
        ],
        "epochs": 1,
        "adam_betas": [
            0.9,
            0.95
        ],
        "warmup_prc": 0.02,
        "decay_prc": 0.1,
        "seed": 1,
        "compile": true,
        "is_ddp": true,
        "optimize_routed": true,
        "cleanup_distributed": true,
        "log_level": "DEBUG",
        "num_gpus": 8,
        "process_id": 0,
        "num_base_params": 2016181632,
        "device": "cuda",
        "logger": "<Logger training_20260422050904226759 (DEBUG)>",
        "labels": [
            "core",
            "code-lisp",
            "papers-biology",
            "papers-cyber",
            "papers-nuclear"
        ],
        "loaders": {
            "code-lisp": {
                "train": "SingleDataLoader(code-lisp_train_001.bin, len=2461)",
                "test": "InterleavedDataLoader(len=264)"
            },
            "code-other": {
                "train": "InterleavedDataLoader(len=147669)",
                "test": "InterleavedDataLoader(len=264)"
            },
            "fineweb": {
                "train": "InterleavedDataLoader(len=826949)",
                "test": "InterleavedDataLoader(len=264)"
            },
            "papers-biology": {
                "train": "SingleDataLoader(papers-biology_train.bin, len=2461)",
                "test": "SingleDataLoader(papers-biology_test.bin, len=264)"
            },
            "papers-cyber": {
                "train": "SingleDataLoader(papers-cyber_train.bin, len=2461)",
                "test": "SingleDataLoader(papers-cyber_test.bin, len=264)"
            },
            "papers-nuclear": {
                "train": "SingleDataLoader(papers-nuclear_train.bin, len=2461)",
                "test": "SingleDataLoader(papers-nuclear_test.bin, len=264)"
            },
            "papers-other": {
                "train": "SingleDataLoader(papers-other_train.bin, len=9844)",
                "test": "SingleDataLoader(papers-other_test.bin, len=264)"
            },
            "core": {
                "train": "InterleavedDataLoader(len=984462)",
                "test": "InterleavedDataLoader(len=792)"
            },
            "aux": {
                "train": "InterleavedDataLoader(len=9844)",
                "test": "InterleavedDataLoader(len=1056)"
            },
            "all": {
                "train": "InterleavedDataLoader(len=994306)",
                "test": "InterleavedDataLoader(len=1848)"
            }
        },
        "res_root": "/home/ubuntu/gradient-routing/experiments/AGI-1699-New-Dataset-Runs/results/scaling/realistic/grmoe/2B/seed_1",
        "experiment_id": "20260422050904226759",
        "s3_bucket": "ae-gradient-routing-results",
        "s3_prefix": "scaling/realistic/grmoe/2B/seed_1"
    }
}
[GPU 0] [04:20:46] [INFO] Loader code-lisp train: 2461, test: 264
[GPU 0] [04:20:46] [INFO] Loader code-other train: 147669, test: 264
[GPU 0] [04:20:46] [INFO] Loader fineweb train: 826949, test: 264
[GPU 0] [04:20:46] [INFO] Loader papers-biology train: 2461, test: 264
[GPU 0] [04:20:46] [INFO] Loader papers-cyber train: 2461, test: 264
[GPU 0] [04:20:46] [INFO] Loader papers-nuclear train: 2461, test: 264
[GPU 0] [04:20:46] [INFO] Loader papers-other train: 9844, test: 264
[GPU 0] [04:20:46] [INFO] Loader core train: 984462, test: 792
[GPU 0] [04:20:46] [INFO] Loader aux train: 9844, test: 1056
[GPU 0] [04:20:46] [INFO] Loader all train: 994306, test: 1848
[GPU 0] [04:20:46] [INFO] Skipping completed stage routed @ /home/ubuntu/gradient-routing/experiments/AGI-1699-New-Dataset-Runs/results/scaling/realistic/grmoe/2B/seed_1/20260422050904226759/routed
[GPU 0] [17:03:40] [INFO] Number of GPUs: 8
[GPU 0] [17:03:40] [INFO] Tokenizer vocabulary: 50257
[GPU 0] [17:03:40] [INFO] Set model vocab size to nearest multiple of 64 of tokenizer size: 50304
[GPU 0] [17:03:57] [INFO] target effective batch size: 1332, actual effective batch size: 1320, micro batch size: 5, accumulation steps: 33, num gpus: 8
[GPU 0] [17:03:57] [INFO] core total number of tokens: 124693822984
[GPU 0] [17:03:57] [INFO] Baseline model has 2,016,181,632 parameters
[GPU 0] [17:03:57] [INFO] core: chinchilla optimal tokens: 40,323,632,640, requested proportion: 1.0000, requested number of tokens: 40,323,632,640.0, 
[GPU 0] [17:03:57] [INFO] aux total number of tokens: 4835776549
[GPU 0] [17:03:57] [INFO] Baseline model has 2,016,181,632 parameters
[GPU 0] [17:03:57] [INFO] aux: chinchilla optimal tokens: 40,323,632,640, requested proportion: 0.0100, requested number of tokens: 403,236,326.40000004, 
[GPU 0] [17:03:58] [DEBUG] Saved config to /home/ubuntu/gradient-routing/experiments/AGI-1699-New-Dataset-Runs/results/scaling/realistic/grmoe/2B/seed_1/20260422050904226759/config.json
[GPU 0] [17:03:58] [DEBUG] {
    "stages": [
        {
            "name": "routed",
            "num_checkpoints": 100,
            "lr": 0.0004271833607529287,
            "res_dir": "/home/ubuntu/gradient-routing/experiments/AGI-1699-New-Dataset-Runs/results/scaling/realistic/grmoe/2B/seed_1/20260422050904226759/routed",
            "do_eval": true,
            "do_sample": false,
            "num_train_evals": 0,
            "do_elicit": true,
            "elicit_eval_prc": 0.5,
            "elicit_num_evals": 100,
            "retain_targets": null,
            "model": {
                "arch": "moe",
                "tokenizer": "GPT2Tokenizer(name_or_path='EleutherAI/gpt-neo-125M', vocab_size=50257, model_max_length=2048, padding_side='right', truncation_side='right', special_tokens={'bos_token': '<|endoftext|>', 'eos_token': '<|endoftext|>', 'unk_token': '<|endoftext|>'}, added_tokens_decoder={\n\t50256: AddedToken(\"<|endoftext|>\", rstrip=False, lstrip=False, single_word=False, normalized=True, special=True),\n}\n)",
                "ctx_len": 1024,
                "vocab_size": 50304,
                "num_layers": 32,
                "num_heads": 8,
                "num_key_value": 2,
                "attn_bias": true,
                "eos_token_id": 50256,
                "embed_dim": 2304,
                "mlp_dim": 9216,
                "core_param_prc": 1.0,
                "aux_param_prc": 0.1
            },
            "eval_arbsub": false,
            "aux_factor": {
                "code-lisp": 4.0,
                "papers-biology": 3.0,
                "papers-nuclear": 3.0,
                "papers-cyber": 3.0
            },
            "robust_prc": 0.2,
            "aux_route_prc": 0.5,
            "equal_compute": true
        }
    ],
    "model": {
        "arch": "base",
        "tokenizer": "GPT2Tokenizer(name_or_path='EleutherAI/gpt-neo-125M', vocab_size=50257, model_max_length=2048, padding_side='right', truncation_side='right', special_tokens={'bos_token': '<|endoftext|>', 'eos_token': '<|endoftext|>', 'unk_token': '<|endoftext|>'}, added_tokens_decoder={\n\t50256: AddedToken(\"<|endoftext|>\", rstrip=False, lstrip=False, single_word=False, normalized=True, special=True),\n}\n)",
        "ctx_len": 1024,
        "vocab_size": 50304,
        "num_layers": 32,
        "num_heads": 8,
        "num_key_value": 2,
        "attn_bias": true,
        "eos_token_id": 50256,
        "embed_dim": 2304,
        "mlp_dim": 9216
    },
    "data": {
        "dirs": [
            "/home/ubuntu/gradient-routing/experiments/AGI-1699-New-Dataset-Runs/src/data/fineweb",
            "/home/ubuntu/gradient-routing/experiments/AGI-1699-New-Dataset-Runs/src/data/code",
            "/home/ubuntu/gradient-routing/experiments/AGI-1699-New-Dataset-Runs/src/data/papers"
        ],
        "core": {
            "labels": [
                "fineweb",
                "code-other",
                "papers-other"
            ],
            "method": "optimal",
            "limit": 1.0,
            "dist": {
                "fineweb": 0.84,
                "code-other": 0.15,
                "papers-other": 0.01
            },
            "num_tok": 40323632640.0
        },
        "aux": {
            "labels": [
                "code-lisp",
                "papers-biology",
                "papers-nuclear",
                "papers-cyber"
            ],
            "method": "optimal",
            "limit": 0.01,
            "dist": {
                "code-lisp": 0.25,
                "papers-biology": 0.25,
                "papers-nuclear": 0.25,
                "papers-cyber": 0.25
            },
            "num_tok": 403236326.40000004
        }
    },
    "run": {
        "target_effective_batch_size": 1332,
        "effective_batch_size": 1320,
        "micro_batch_size": 5,
        "accumulation_steps": 33,
        "max_num_test_sequences": 10000,
        "eval_all_labels": false,
        "micro_batch_anchors": [
            [
                400000000.0,
                23
            ],
            [
                5000000000.0,
                2
            ]
        ],
        "epochs": 1,
        "adam_betas": [
            0.9,
            0.95
        ],
        "warmup_prc": 0.02,
        "decay_prc": 0.1,
        "seed": 1,
        "compile": true,
        "is_ddp": true,
        "optimize_routed": true,
        "cleanup_distributed": true,
        "log_level": "DEBUG",
        "num_gpus": 8,
        "process_id": 0,
        "num_base_params": 2016181632,
        "device": "cuda",
        "logger": "<Logger training_20260422050904226759 (DEBUG)>",
        "labels": [
            "core",
            "code-lisp",
            "papers-biology",
            "papers-cyber",
            "papers-nuclear"
        ],
        "loaders": {
            "code-lisp": {
                "train": "SingleDataLoader(code-lisp_train_001.bin, len=2461)",
                "test": "InterleavedDataLoader(len=264)"
            },
            "code-other": {
                "train": "InterleavedDataLoader(len=147669)",
                "test": "InterleavedDataLoader(len=264)"
            },
            "fineweb": {
                "train": "InterleavedDataLoader(len=826949)",
                "test": "InterleavedDataLoader(len=264)"
            },
            "papers-biology": {
                "train": "SingleDataLoader(papers-biology_train.bin, len=2461)",
                "test": "SingleDataLoader(papers-biology_test.bin, len=264)"
            },
            "papers-cyber": {
                "train": "SingleDataLoader(papers-cyber_train.bin, len=2461)",
                "test": "SingleDataLoader(papers-cyber_test.bin, len=264)"
            },
            "papers-nuclear": {
                "train": "SingleDataLoader(papers-nuclear_train.bin, len=2461)",
                "test": "SingleDataLoader(papers-nuclear_test.bin, len=264)"
            },
            "papers-other": {
                "train": "SingleDataLoader(papers-other_train.bin, len=9844)",
                "test": "SingleDataLoader(papers-other_test.bin, len=264)"
            },
            "core": {
                "train": "InterleavedDataLoader(len=984462)",
                "test": "InterleavedDataLoader(len=792)"
            },
            "aux": {
                "train": "InterleavedDataLoader(len=9844)",
                "test": "InterleavedDataLoader(len=1056)"
            },
            "all": {
                "train": "InterleavedDataLoader(len=994306)",
                "test": "InterleavedDataLoader(len=1848)"
            }
        },
        "res_root": "/home/ubuntu/gradient-routing/experiments/AGI-1699-New-Dataset-Runs/results/scaling/realistic/grmoe/2B/seed_1",
        "experiment_id": "20260422050904226759",
        "s3_bucket": "ae-gradient-routing-results",
        "s3_prefix": "scaling/realistic/grmoe/2B/seed_1"
    }
}
[GPU 0] [17:03:58] [INFO] Loader code-lisp train: 2461, test: 264
[GPU 0] [17:03:58] [INFO] Loader code-other train: 147669, test: 264
[GPU 0] [17:03:58] [INFO] Loader fineweb train: 826949, test: 264
[GPU 0] [17:03:58] [INFO] Loader papers-biology train: 2461, test: 264
[GPU 0] [17:03:58] [INFO] Loader papers-cyber train: 2461, test: 264
[GPU 0] [17:03:58] [INFO] Loader papers-nuclear train: 2461, test: 264
[GPU 0] [17:03:58] [INFO] Loader papers-other train: 9844, test: 264
[GPU 0] [17:03:58] [INFO] Loader core train: 984462, test: 792
[GPU 0] [17:03:58] [INFO] Loader aux train: 9844, test: 1056
[GPU 0] [17:03:58] [INFO] Loader all train: 994306, test: 1848
[GPU 0] [17:03:58] [INFO] Skipping completed stage routed @ /home/ubuntu/gradient-routing/experiments/AGI-1699-New-Dataset-Runs/results/scaling/realistic/grmoe/2B/seed_1/20260422050904226759/routed
[GPU 0] [17:03:58] [INFO] ----------------------------------------
[GPU 0] [17:03:58] [INFO] Finished. See /home/ubuntu/gradient-routing/experiments/AGI-1699-New-Dataset-Runs/results/scaling/realistic/grmoe/2B/seed_1/20260422050904226759
