[GPU 0] [22:39:23] [INFO] Git branch: AGI-1696-New-Dataset-Runs_ethan, commit: c0b9a76888cc314c96219697ba456f69572cf709
[GPU 0] [22:39:23] [INFO] Number of GPUs: 8
[GPU 0] [22:39:24] [INFO] Tokenizer vocabulary: 50257
[GPU 0] [22:39:24] [INFO] Set model vocab size to nearest multiple of 64 of tokenizer size: 50304
[GPU 0] [22:39:34] [INFO] target effective batch size: 641, actual effective batch size: 672, micro batch size: 12, accumulation steps: 7, num gpus: 8
[GPU 0] [22:39:34] [INFO] core total number of tokens: 66749057569
[GPU 0] [22:39:34] [INFO] Baseline model has 806,509,504 parameters
[GPU 0] [22:39:34] [INFO] core: chinchilla optimal tokens: 16,130,190,080, requested proportion: 1.0000, requested number of tokens: 16,130,190,080.0, 
[GPU 0] [22:39:34] [INFO] aux total number of tokens: 4835776549
[GPU 0] [22:39:34] [INFO] Baseline model has 806,509,504 parameters
[GPU 0] [22:39:34] [INFO] aux: chinchilla optimal tokens: 16,130,190,080, requested proportion: 0.0100, requested number of tokens: 161,301,900.8, 
[GPU 0] [22:39:34] [DEBUG] Saved config to /workspace-vast/ethanr/gradient-routing/experiments/AGI-1699-New-Dataset-Runs/results/arbsub/800M/seed_3/grmoe/config.json
[GPU 0] [22:39:34] [DEBUG] {
    "stages": [
        {
            "name": "routed",
            "num_checkpoints": -1,
            "lr": 0.0005663534909876918,
            "res_dir": "/workspace-vast/ethanr/gradient-routing/experiments/AGI-1699-New-Dataset-Runs/results/arbsub/800M/seed_3/grmoe/routed",
            "acc_mode": "uniform",
            "do_eval": true,
            "do_sample": false,
            "num_train_evals": 0,
            "do_elicit": false,
            "elicit_eval_prc": 0.5,
            "elicit_num_evals": 100,
            "retain_targets": null,
            "model": {
                "arch": "moe",
                "tokenizer": "GPT2Tokenizer(name_or_path='EleutherAI/gpt-neo-125M', vocab_size=50257, model_max_length=2048, padding_side='right', truncation_side='right', special_tokens={'bos_token': '<|endoftext|>', 'eos_token': '<|endoftext|>', 'unk_token': '<|endoftext|>'}, added_tokens_decoder={\n\t50256: AddedToken(\"<|endoftext|>\", rstrip=False, lstrip=False, single_word=False, normalized=True, special=True),\n}\n)",
                "ctx_len": 1024,
                "vocab_size": 50304,
                "num_layers": 24,
                "num_heads": 8,
                "num_key_value": 2,
                "attn_bias": true,
                "eos_token_id": 50256,
                "embed_dim": 1600,
                "mlp_dim": 6400,
                "core_param_prc": 1.0,
                "aux_param_prc": 0.1
            },
            "eval_arbsub": true,
            "label_prc": 1.0,
            "aux_factor": {
                "code-lisp": 4.0,
                "papers-biology": 3.0,
                "papers-nuclear": 3.0,
                "papers-cyber": 3.0
            },
            "robust_prc": 0.2,
            "aux_route_prc": 0.5,
            "equal_compute": true
        }
    ],
    "model": {
        "arch": "base",
        "tokenizer": "GPT2Tokenizer(name_or_path='EleutherAI/gpt-neo-125M', vocab_size=50257, model_max_length=2048, padding_side='right', truncation_side='right', special_tokens={'bos_token': '<|endoftext|>', 'eos_token': '<|endoftext|>', 'unk_token': '<|endoftext|>'}, added_tokens_decoder={\n\t50256: AddedToken(\"<|endoftext|>\", rstrip=False, lstrip=False, single_word=False, normalized=True, special=True),\n}\n)",
        "ctx_len": 1024,
        "vocab_size": 50304,
        "num_layers": 24,
        "num_heads": 8,
        "num_key_value": 2,
        "attn_bias": true,
        "eos_token_id": 50256,
        "embed_dim": 1600,
        "mlp_dim": 6400
    },
    "data": {
        "dirs": [
            "/workspace-vast/ethanr/gradient-routing/experiments/AGI-1699-New-Dataset-Runs/src/data/fineweb",
            "/workspace-vast/ethanr/gradient-routing/experiments/AGI-1699-New-Dataset-Runs/src/data/code",
            "/workspace-vast/ethanr/gradient-routing/experiments/AGI-1699-New-Dataset-Runs/src/data/papers"
        ],
        "core": {
            "labels": [
                "fineweb",
                "code-other",
                "papers-other"
            ],
            "method": "optimal",
            "limit": 1.0,
            "dist": {
                "fineweb": 0.84,
                "code-other": 0.15,
                "papers-other": 0.01
            },
            "num_tok": 16130190080.0
        },
        "aux": {
            "labels": [
                "code-lisp",
                "papers-biology",
                "papers-nuclear",
                "papers-cyber"
            ],
            "method": "optimal",
            "limit": 0.01,
            "dist": {
                "code-lisp": 0.25,
                "papers-biology": 0.25,
                "papers-nuclear": 0.25,
                "papers-cyber": 0.25
            },
            "num_tok": 161301900.8
        }
    },
    "run": {
        "target_effective_batch_size": 641,
        "effective_batch_size": 672,
        "micro_batch_size": 12,
        "accumulation_steps": 7,
        "max_num_test_sequences": 10000,
        "eval_all_labels": false,
        "micro_batch_anchors": [
            [
                400000000.0,
                23
            ],
            [
                5000000000.0,
                2
            ]
        ],
        "epochs": 1,
        "adam_betas": [
            0.9,
            0.95
        ],
        "warmup_prc": 0.02,
        "decay_prc": 0.1,
        "seed": 3,
        "compile": true,
        "find_unused_parameters": true,
        "is_ddp": true,
        "cleanup_distributed": true,
        "log_level": "DEBUG",
        "num_gpus": 8,
        "process_id": 0,
        "num_base_params": 806509504,
        "device": "cuda",
        "logger": "<Logger training_grmoe (DEBUG)>",
        "labels": [
            "core",
            "code-lisp",
            "papers-biology",
            "papers-cyber",
            "papers-nuclear"
        ],
        "loaders": {
            "code-lisp": {
                "train": "SingleDataLoader(code-lisp_train_001.bin, len=410)",
                "test": "InterleavedDataLoader(len=105)"
            },
            "code-other": {
                "train": "InterleavedDataLoader(len=24612)",
                "test": "InterleavedDataLoader(len=105)"
            },
            "fineweb": {
                "train": "InterleavedDataLoader(len=137831)",
                "test": "InterleavedDataLoader(len=105)"
            },
            "papers-biology": {
                "train": "SingleDataLoader(papers-biology_train.bin, len=410)",
                "test": "SingleDataLoader(papers-biology_test.bin, len=105)"
            },
            "papers-cyber": {
                "train": "SingleDataLoader(papers-cyber_train.bin, len=410)",
                "test": "SingleDataLoader(papers-cyber_test.bin, len=105)"
            },
            "papers-nuclear": {
                "train": "SingleDataLoader(papers-nuclear_train.bin, len=410)",
                "test": "SingleDataLoader(papers-nuclear_test.bin, len=105)"
            },
            "papers-other": {
                "train": "SingleDataLoader(papers-other_train.bin, len=1640)",
                "test": "SingleDataLoader(papers-other_test.bin, len=105)"
            },
            "core": {
                "train": "InterleavedDataLoader(len=164083)",
                "test": "InterleavedDataLoader(len=315)"
            },
            "aux": {
                "train": "InterleavedDataLoader(len=1640)",
                "test": "InterleavedDataLoader(len=420)"
            },
            "all": {
                "train": "InterleavedDataLoader(len=165723)",
                "test": "InterleavedDataLoader(len=735)"
            }
        },
        "res_root": "/workspace-vast/ethanr/gradient-routing/experiments/AGI-1699-New-Dataset-Runs/results/arbsub/800M/seed_3",
        "experiment_id": "grmoe",
        "s3_bucket": "ae-gradient-routing-results",
        "s3_prefix": "arbsub/800M/seed_3/grmoe"
    },
    "label_prc": 1.0
}
[GPU 0] [22:39:34] [INFO] === arbsub eval: method=grmoe seed=3 ===
[GPU 0] [22:39:34] [INFO] Source checkpoint: /workspace-vast/ethanr/gradient-routing/experiments/AGI-1699-New-Dataset-Runs/results/scaling/realistic/grmoe/800M/seed_3/20260518005918805731/routed/checkpoint.pth
[GPU 0] [22:39:34] [INFO] Output res_dir: /workspace-vast/ethanr/gradient-routing/experiments/AGI-1699-New-Dataset-Runs/results/arbsub/800M/seed_3/grmoe
[GPU 0] [22:40:09] [INFO] Initialized MoETransformer with 1,003,332,544 total parameters
[GPU 0] [22:40:09] [INFO]   Label 'core' has 806,509,504 parameters
[GPU 0] [22:40:09] [INFO]   Label 'code-lisp' has 49,205,760 parameters
[GPU 0] [22:40:09] [INFO]   Label 'papers-biology' has 49,205,760 parameters
[GPU 0] [22:40:10] [INFO]   Label 'papers-cyber' has 49,205,760 parameters
[GPU 0] [22:40:10] [INFO]   Label 'papers-nuclear' has 49,205,760 parameters
[GPU 0] [22:40:10] [INFO] Compiling MoETransformer with torch.compile...
[GPU 0] [22:40:10] [INFO] torch.compile done
[GPU 0] [22:40:12] [INFO] Running 10 eval passes (arbsub-expanded retain targets)
[GPU 0] [22:40:12] [INFO] ---- Begin Eval ----
[GPU 0] [22:40:12] [INFO] Data: core | Experts: ['core']
[GPU 0] [22:40:37] [INFO] loss: 1.88462687
[GPU 0] [22:40:37] [INFO] Data: code-lisp | Experts: ['core']
[GPU 0] [22:40:44] [INFO] loss: 1.62187493
[GPU 0] [22:40:44] [INFO] Data: papers-biology | Experts: ['core']
[GPU 0] [22:40:51] [INFO] loss: 2.44793510
[GPU 0] [22:40:51] [INFO] Data: papers-nuclear | Experts: ['core']
[GPU 0] [22:40:58] [INFO] loss: 2.82702780
[GPU 0] [22:40:58] [INFO] Data: papers-cyber | Experts: ['core']
[GPU 0] [22:41:05] [INFO] loss: 2.71067715
[GPU 0] [22:41:05] [INFO] ---- Begin Eval ----
[GPU 0] [22:41:05] [INFO] Data: core | Experts: ['code-lisp', 'core']
[GPU 0] [22:41:26] [INFO] loss: 1.88759995
[GPU 0] [22:41:26] [INFO] Data: code-lisp | Experts: ['code-lisp', 'core']
[GPU 0] [22:41:34] [INFO] loss: 0.83806503
[GPU 0] [22:41:34] [INFO] Data: papers-biology | Experts: ['code-lisp', 'core']
[GPU 0] [22:41:41] [INFO] loss: 2.44951630
[GPU 0] [22:41:41] [INFO] Data: papers-nuclear | Experts: ['code-lisp', 'core']
[GPU 0] [22:41:48] [INFO] loss: 2.82925963
[GPU 0] [22:41:48] [INFO] Data: papers-cyber | Experts: ['code-lisp', 'core']
[GPU 0] [22:41:56] [INFO] loss: 2.71281624
[GPU 0] [22:41:56] [INFO] ---- Begin Eval ----
[GPU 0] [22:41:56] [INFO] Data: core | Experts: ['core', 'papers-biology']
[GPU 0] [22:42:17] [INFO] loss: 1.88615072
[GPU 0] [22:42:17] [INFO] Data: code-lisp | Experts: ['core', 'papers-biology']
[GPU 0] [22:42:25] [INFO] loss: 1.61003530
[GPU 0] [22:42:25] [INFO] Data: papers-biology | Experts: ['core', 'papers-biology']
[GPU 0] [22:42:32] [INFO] loss: 2.36024952
[GPU 0] [22:42:32] [INFO] Data: papers-nuclear | Experts: ['core', 'papers-biology']
[GPU 0] [22:42:39] [INFO] loss: 2.81986618
[GPU 0] [22:42:39] [INFO] Data: papers-cyber | Experts: ['core', 'papers-biology']
[GPU 0] [22:42:46] [INFO] loss: 2.71171880
[GPU 0] [22:42:47] [INFO] ---- Begin Eval ----
[GPU 0] [22:42:47] [INFO] Data: core | Experts: ['core', 'papers-nuclear']
[GPU 0] [22:43:08] [INFO] loss: 1.88835108
[GPU 0] [22:43:08] [INFO] Data: code-lisp | Experts: ['core', 'papers-nuclear']
[GPU 0] [22:43:15] [INFO] loss: 1.60322273
[GPU 0] [22:43:15] [INFO] Data: papers-biology | Experts: ['core', 'papers-nuclear']
[GPU 0] [22:43:23] [INFO] loss: 2.44574022
[GPU 0] [22:43:23] [INFO] Data: papers-nuclear | Experts: ['core', 'papers-nuclear']
[GPU 0] [22:43:30] [INFO] loss: 2.71811771
[GPU 0] [22:43:30] [INFO] Data: papers-cyber | Experts: ['core', 'papers-nuclear']
[GPU 0] [22:43:37] [INFO] loss: 2.70528269
[GPU 0] [22:43:37] [INFO] ---- Begin Eval ----
[GPU 0] [22:43:37] [INFO] Data: core | Experts: ['core', 'papers-cyber']
[GPU 0] [22:43:59] [INFO] loss: 1.88545310
[GPU 0] [22:43:59] [INFO] Data: code-lisp | Experts: ['core', 'papers-cyber']
[GPU 0] [22:44:06] [INFO] loss: 1.61301160
[GPU 0] [22:44:06] [INFO] Data: papers-biology | Experts: ['core', 'papers-cyber']
[GPU 0] [22:44:13] [INFO] loss: 2.44750738
[GPU 0] [22:44:13] [INFO] Data: papers-nuclear | Experts: ['core', 'papers-cyber']
[GPU 0] [22:44:21] [INFO] loss: 2.81774545
[GPU 0] [22:44:21] [INFO] Data: papers-cyber | Experts: ['core', 'papers-cyber']
[GPU 0] [22:44:28] [INFO] loss: 2.64151788
[GPU 0] [22:44:28] [INFO] ---- Begin Eval ----
[GPU 0] [22:44:28] [INFO] Data: core | Experts: ['core', 'papers-biology', 'papers-cyber', 'papers-nuclear']
[GPU 0] [22:44:52] [INFO] loss: 1.89331746
[GPU 0] [22:44:52] [INFO] Data: code-lisp | Experts: ['core', 'papers-biology', 'papers-cyber', 'papers-nuclear']
[GPU 0] [22:45:00] [INFO] loss: 1.58629560
[GPU 0] [22:45:00] [INFO] Data: papers-biology | Experts: ['core', 'papers-biology', 'papers-cyber', 'papers-nuclear']
[GPU 0] [22:45:08] [INFO] loss: 2.36648059
[GPU 0] [22:45:08] [INFO] Data: papers-nuclear | Experts: ['core', 'papers-biology', 'papers-cyber', 'papers-nuclear']
[GPU 0] [22:45:17] [INFO] loss: 2.72619057
[GPU 0] [22:45:17] [INFO] Data: papers-cyber | Experts: ['core', 'papers-biology', 'papers-cyber', 'papers-nuclear']
[GPU 0] [22:45:25] [INFO] loss: 2.65288305
[GPU 0] [22:45:25] [INFO] ---- Begin Eval ----
[GPU 0] [22:45:25] [INFO] Data: core | Experts: ['code-lisp', 'core', 'papers-cyber', 'papers-nuclear']
[GPU 0] [22:45:49] [INFO] loss: 1.89312840
[GPU 0] [22:45:49] [INFO] Data: code-lisp | Experts: ['code-lisp', 'core', 'papers-cyber', 'papers-nuclear']
[GPU 0] [22:45:57] [INFO] loss: 0.84057379
[GPU 0] [22:45:57] [INFO] Data: papers-biology | Experts: ['code-lisp', 'core', 'papers-cyber', 'papers-nuclear']
[GPU 0] [22:46:05] [INFO] loss: 2.44921875
[GPU 0] [22:46:05] [INFO] Data: papers-nuclear | Experts: ['code-lisp', 'core', 'papers-cyber', 'papers-nuclear']
[GPU 0] [22:46:13] [INFO] loss: 2.72566986
[GPU 0] [22:46:13] [INFO] Data: papers-cyber | Experts: ['code-lisp', 'core', 'papers-cyber', 'papers-nuclear']
[GPU 0] [22:46:21] [INFO] loss: 2.65187860
[GPU 0] [22:46:22] [INFO] ---- Begin Eval ----
[GPU 0] [22:46:22] [INFO] Data: core | Experts: ['code-lisp', 'core', 'papers-biology', 'papers-cyber']
[GPU 0] [22:46:46] [INFO] loss: 1.89064753
[GPU 0] [22:46:46] [INFO] Data: code-lisp | Experts: ['code-lisp', 'core', 'papers-biology', 'papers-cyber']
[GPU 0] [22:46:54] [INFO] loss: 0.84010649
[GPU 0] [22:46:54] [INFO] Data: papers-biology | Experts: ['code-lisp', 'core', 'papers-biology', 'papers-cyber']
[GPU 0] [22:47:02] [INFO] loss: 2.36439729
[GPU 0] [22:47:02] [INFO] Data: papers-nuclear | Experts: ['code-lisp', 'core', 'papers-biology', 'papers-cyber']
[GPU 0] [22:47:10] [INFO] loss: 2.81759667
[GPU 0] [22:47:10] [INFO] Data: papers-cyber | Experts: ['code-lisp', 'core', 'papers-biology', 'papers-cyber']
[GPU 0] [22:47:18] [INFO] loss: 2.64760041
[GPU 0] [22:47:18] [INFO] ---- Begin Eval ----
[GPU 0] [22:47:18] [INFO] Data: core | Experts: ['code-lisp', 'core', 'papers-biology', 'papers-nuclear']
[GPU 0] [22:47:43] [INFO] loss: 1.89403689
[GPU 0] [22:47:43] [INFO] Data: code-lisp | Experts: ['code-lisp', 'core', 'papers-biology', 'papers-nuclear']
[GPU 0] [22:47:51] [INFO] loss: 0.84023201
[GPU 0] [22:47:51] [INFO] Data: papers-biology | Experts: ['code-lisp', 'core', 'papers-biology', 'papers-nuclear']
[GPU 0] [22:47:59] [INFO] loss: 2.36586666
[GPU 0] [22:47:59] [INFO] Data: papers-nuclear | Experts: ['code-lisp', 'core', 'papers-biology', 'papers-nuclear']
[GPU 0] [22:48:07] [INFO] loss: 2.72354913
[GPU 0] [22:48:07] [INFO] Data: papers-cyber | Experts: ['code-lisp', 'core', 'papers-biology', 'papers-nuclear']
[GPU 0] [22:48:15] [INFO] loss: 2.71164441
[GPU 0] [22:48:15] [INFO] ---- Begin Eval ----
[GPU 0] [22:48:15] [INFO] Data: core | Experts: ['code-lisp', 'core', 'papers-biology', 'papers-cyber', 'papers-nuclear']
[GPU 0] [22:48:40] [INFO] loss: 1.89687502
[GPU 0] [22:48:40] [INFO] Data: code-lisp | Experts: ['code-lisp', 'core', 'papers-biology', 'papers-cyber', 'papers-nuclear']
[GPU 0] [22:48:49] [INFO] loss: 0.84253162
[GPU 0] [22:48:49] [INFO] Data: papers-biology | Experts: ['code-lisp', 'core', 'papers-biology', 'papers-cyber', 'papers-nuclear']
[GPU 0] [22:48:57] [INFO] loss: 2.36964297
[GPU 0] [22:48:57] [INFO] Data: papers-nuclear | Experts: ['code-lisp', 'core', 'papers-biology', 'papers-cyber', 'papers-nuclear']
[GPU 0] [22:49:05] [INFO] loss: 2.72989202
[GPU 0] [22:49:05] [INFO] Data: papers-cyber | Experts: ['code-lisp', 'core', 'papers-biology', 'papers-cyber', 'papers-nuclear']
[GPU 0] [22:49:14] [INFO] loss: 2.65665913
[GPU 0] [22:49:14] [INFO] Finished grmoe/seed_3. See /workspace-vast/ethanr/gradient-routing/experiments/AGI-1699-New-Dataset-Runs/results/arbsub/800M/seed_3/grmoe
