[GPU 0] [08:15:24] [INFO] Git branch: AGI-1696-New-Dataset-Runs_ethan, commit: 3d93c19804af5b8dd754577588f841efef81f670
[GPU 0] [08:15:24] [INFO] Number of GPUs: 8
[GPU 0] [08:15:26] [INFO] Tokenizer vocabulary: 50257
[GPU 0] [08:15:26] [INFO] Set model vocab size to nearest multiple of 64 of tokenizer size: 50304
[GPU 0] [08:15:29] [INFO] target effective batch size: 368, actual effective batch size: 368, micro batch size: 23, accumulation steps: 2, num gpus: 8
[GPU 0] [08:15:29] [INFO] core total number of tokens: 66749057569
[GPU 0] [08:15:29] [INFO] Baseline model has 402,064,768 parameters
[GPU 0] [08:15:29] [INFO] core: chinchilla optimal tokens: 8,041,295,360, requested proportion: 1.0000, requested number of tokens: 8,041,295,360.0, 
[GPU 0] [08:15:29] [INFO] aux total number of tokens: 4835776549
[GPU 0] [08:15:29] [INFO] Baseline model has 402,064,768 parameters
[GPU 0] [08:15:29] [INFO] aux: chinchilla optimal tokens: 8,041,295,360, requested proportion: 0.0100, requested number of tokens: 80,412,953.60000001, 
[GPU 0] [08:15:29] [DEBUG] Saved config to /workspace/gradient-routing/experiments/AGI-1699-New-Dataset-Runs/results/partial/400M/seed_2/20260522081439180540/config.json
[GPU 0] [08:15:29] [DEBUG] {
    "stages": [
        {
            "name": "filtering",
            "num_checkpoints": -1,
            "lr": 0.0007010274465180751,
            "res_dir": "/workspace/gradient-routing/experiments/AGI-1699-New-Dataset-Runs/results/partial/400M/seed_2/20260522081439180540/filtering",
            "acc_mode": "heterogeneous",
            "do_eval": true,
            "do_sample": false,
            "num_train_evals": 0,
            "do_elicit": true,
            "elicit_eval_prc": 0.5,
            "elicit_num_evals": 100,
            "retain_targets": [
                [
                    "core"
                ]
            ],
            "label_prc": 1.0
        },
        {
            "name": "routed",
            "num_checkpoints": -1,
            "lr": 0.0007010274465180751,
            "res_dir": "/workspace/gradient-routing/experiments/AGI-1699-New-Dataset-Runs/results/partial/400M/seed_2/20260522081439180540/routed",
            "acc_mode": "heterogeneous",
            "do_eval": true,
            "do_sample": false,
            "num_train_evals": 0,
            "do_elicit": true,
            "elicit_eval_prc": 0.5,
            "elicit_num_evals": 100,
            "retain_targets": null,
            "model": {
                "arch": "moe",
                "tokenizer": "GPT2Tokenizer(name_or_path='EleutherAI/gpt-neo-125M', vocab_size=50257, model_max_length=2048, padding_side='right', truncation_side='right', special_tokens={'bos_token': '<|endoftext|>', 'eos_token': '<|endoftext|>', 'unk_token': '<|endoftext|>'}, added_tokens_decoder={\n\t50256: AddedToken(\"<|endoftext|>\", rstrip=False, lstrip=False, single_word=False, normalized=True, special=True),\n}\n)",
                "ctx_len": 1024,
                "vocab_size": 50304,
                "num_layers": 18,
                "num_heads": 8,
                "num_key_value": 2,
                "attn_bias": true,
                "eos_token_id": 50256,
                "embed_dim": 1216,
                "mlp_dim": 4864,
                "core_param_prc": 0.95,
                "aux_param_prc": 0.0125
            },
            "eval_arbsub": true,
            "label_prc": 0.5,
            "aux_factor": {
                "code-lisp": 4.0,
                "papers-biology": 3.0,
                "papers-nuclear": 3.0,
                "papers-cyber": 3.0
            },
            "robust_prc": 0.2,
            "aux_route_prc": 0.0,
            "equal_compute": true
        }
    ],
    "model": {
        "arch": "base",
        "tokenizer": "GPT2Tokenizer(name_or_path='EleutherAI/gpt-neo-125M', vocab_size=50257, model_max_length=2048, padding_side='right', truncation_side='right', special_tokens={'bos_token': '<|endoftext|>', 'eos_token': '<|endoftext|>', 'unk_token': '<|endoftext|>'}, added_tokens_decoder={\n\t50256: AddedToken(\"<|endoftext|>\", rstrip=False, lstrip=False, single_word=False, normalized=True, special=True),\n}\n)",
        "ctx_len": 1024,
        "vocab_size": 50304,
        "num_layers": 18,
        "num_heads": 8,
        "num_key_value": 2,
        "attn_bias": true,
        "eos_token_id": 50256,
        "embed_dim": 1216,
        "mlp_dim": 4864
    },
    "data": {
        "dirs": [
            "/workspace/gradient-routing/experiments/AGI-1699-New-Dataset-Runs/src/data/fineweb",
            "/workspace/gradient-routing/experiments/AGI-1699-New-Dataset-Runs/src/data/code",
            "/workspace/gradient-routing/experiments/AGI-1699-New-Dataset-Runs/src/data/papers"
        ],
        "core": {
            "labels": [
                "fineweb",
                "code-other",
                "papers-other"
            ],
            "method": "optimal",
            "limit": 1.0,
            "dist": {
                "fineweb": 0.84,
                "code-other": 0.15,
                "papers-other": 0.01
            },
            "num_tok": 8041295360.0
        },
        "aux": {
            "labels": [
                "code-lisp",
                "papers-biology",
                "papers-nuclear",
                "papers-cyber"
            ],
            "method": "optimal",
            "limit": 0.01,
            "dist": {
                "code-lisp": 0.25,
                "papers-biology": 0.25,
                "papers-nuclear": 0.25,
                "papers-cyber": 0.25
            },
            "num_tok": 80412953.60000001
        }
    },
    "run": {
        "target_effective_batch_size": 368,
        "effective_batch_size": 368,
        "micro_batch_size": 23,
        "accumulation_steps": 2,
        "max_num_test_sequences": 10000,
        "eval_all_labels": false,
        "micro_batch_anchors": [
            [
                400000000.0,
                23
            ],
            [
                5000000000.0,
                2
            ]
        ],
        "epochs": 1,
        "adam_betas": [
            0.9,
            0.95
        ],
        "warmup_prc": 0.02,
        "decay_prc": 0.1,
        "seed": 2,
        "compile": true,
        "find_unused_parameters": true,
        "is_ddp": true,
        "cleanup_distributed": false,
        "log_level": "DEBUG",
        "num_gpus": 8,
        "process_id": 0,
        "num_base_params": 402064768,
        "device": "cuda",
        "logger": "<Logger training_20260522081439180540 (DEBUG)>",
        "labels": [
            "core",
            "code-lisp",
            "papers-biology",
            "papers-cyber",
            "papers-nuclear"
        ],
        "loaders": {
            "code-lisp": {
                "train": "SingleDataLoader(code-lisp_train_001.bin, len=106)",
                "test": "InterleavedDataLoader(len=56)"
            },
            "code-other": {
                "train": "InterleavedDataLoader(len=6401)",
                "test": "InterleavedDataLoader(len=56)"
            },
            "fineweb": {
                "train": "InterleavedDataLoader(len=35849)",
                "test": "InterleavedDataLoader(len=56)"
            },
            "papers-biology": {
                "train": "SingleDataLoader(papers-biology_train.bin, len=106)",
                "test": "SingleDataLoader(papers-biology_test.bin, len=56)"
            },
            "papers-cyber": {
                "train": "SingleDataLoader(papers-cyber_train.bin, len=106)",
                "test": "SingleDataLoader(papers-cyber_test.bin, len=56)"
            },
            "papers-nuclear": {
                "train": "SingleDataLoader(papers-nuclear_train.bin, len=106)",
                "test": "SingleDataLoader(papers-nuclear_test.bin, len=56)"
            },
            "papers-other": {
                "train": "SingleDataLoader(papers-other_train.bin, len=426)",
                "test": "SingleDataLoader(papers-other_test.bin, len=56)"
            },
            "core": {
                "train": "InterleavedDataLoader(len=42676)",
                "test": "InterleavedDataLoader(len=168)"
            },
            "aux": {
                "train": "InterleavedDataLoader(len=424)",
                "test": "InterleavedDataLoader(len=224)"
            },
            "all": {
                "train": "InterleavedDataLoader(len=43100)",
                "test": "InterleavedDataLoader(len=392)"
            }
        },
        "res_root": "/workspace/gradient-routing/experiments/AGI-1699-New-Dataset-Runs/results/partial/400M/seed_2",
        "experiment_id": "20260522081439180540",
        "s3_bucket": "ae-gradient-routing-results",
        "s3_prefix": "partial/400M/seed_2"
    },
    "label_prc": 1.0
}
[GPU 0] [08:15:29] [INFO] Loader code-lisp train: 106, test: 56
[GPU 0] [08:15:29] [INFO] Loader code-other train: 6401, test: 56
[GPU 0] [08:15:29] [INFO] Loader fineweb train: 35849, test: 56
[GPU 0] [08:15:29] [INFO] Loader papers-biology train: 106, test: 56
[GPU 0] [08:15:29] [INFO] Loader papers-cyber train: 106, test: 56
[GPU 0] [08:15:29] [INFO] Loader papers-nuclear train: 106, test: 56
[GPU 0] [08:15:29] [INFO] Loader papers-other train: 426, test: 56
[GPU 0] [08:15:29] [INFO] Loader core train: 42676, test: 168
[GPU 0] [08:15:29] [INFO] Loader aux train: 424, test: 224
[GPU 0] [08:15:29] [INFO] Loader all train: 43100, test: 392
[GPU 0] [08:15:29] [INFO] Stage [filtering] start: {"name": "filtering", "num_checkpoints": -1, "lr": 0.0007010274465180751, "res_dir": "/workspace/gradient-routing/experiments/AGI-1699-New-Dataset-Runs/results/partial/400M/seed_2/20260522081439180540/filtering", "acc_mode": "heterogeneous", "do_eval": true, "do_sample": false, "num_train_evals": 0, "do_elicit": true, "elicit_eval_prc": 0.5, "elicit_num_evals": 100, "retain_targets": [["core"]], "label_prc": 1.0}
[GPU 0] [08:15:29] [INFO] FILTERING START
[GPU 0] [08:15:29] [INFO] Using stage-level retain_targets override (1 targets)
[GPU 0] [08:15:29] [INFO] Filtering: retaining ['core'], removing ['code-lisp', 'papers-biology', 'papers-cyber', 'papers-nuclear']
[GPU 0] [08:15:32] [INFO] Initialized BaseTransformer with 402,064,768 total parameters
[GPU 0] [08:15:32] [INFO] Compiling BaseTransformer with torch.compile...
[GPU 0] [08:15:32] [INFO] torch.compile done
[GPU 0] [08:15:34] [WARNING] restore_partial_state: no checkpoint found at /workspace/gradient-routing/experiments/AGI-1699-New-Dataset-Runs/results/partial/400M/seed_2/20260522081439180540/filtering/core
[GPU 0] [08:15:34] [INFO] ---- Begin Train | Train Labels: ['core'] ----
[GPU 0] [08:15:34] [DEBUG] acc_mode: heterogeneous, label_prc: 1.0
[GPU 0] [08:15:34] [INFO] Batch [core] count: 42676
[GPU 0] [08:15:34] [INFO] num_total_steps: 21338
[GPU 0] [08:15:34] [INFO] warmup_steps: 427
[GPU 0] [08:15:34] [INFO] constant_steps: 18777
[GPU 0] [08:15:34] [INFO] decay_steps: 2134
[GPU 0] [08:15:34] [INFO] LR Scheduler: Warmup Start
[GPU 0] [08:16:05] [INFO] Step: 1, LR: 1.65e-06
[GPU 0] [08:16:05] [INFO] Train Loss: CORE: 11.06 CODE-LISP: nan PAPERS-BIOLOGY: nan PAPERS-CYBER: nan PAPERS-NUCLEAR: nan 
[GPU 0] [08:20:19] [INFO] LR Scheduler: Constant Start
[GPU 0] [08:26:03] [INFO] Step: 1000, LR: 7.01e-04
[GPU 0] [08:26:03] [INFO] Train Loss: CORE: 3.61 CODE-LISP: nan PAPERS-BIOLOGY: nan PAPERS-CYBER: nan PAPERS-NUCLEAR: nan 
[GPU 0] [08:35:59] [INFO] Step: 2000, LR: 7.01e-04
[GPU 0] [08:35:59] [INFO] Train Loss: CORE: 2.97 CODE-LISP: nan PAPERS-BIOLOGY: nan PAPERS-CYBER: nan PAPERS-NUCLEAR: nan 
[GPU 0] [08:45:57] [INFO] Step: 3000, LR: 7.01e-04
[GPU 0] [08:45:57] [INFO] Train Loss: CORE: 2.61 CODE-LISP: nan PAPERS-BIOLOGY: nan PAPERS-CYBER: nan PAPERS-NUCLEAR: nan 
[GPU 0] [08:55:53] [INFO] Step: 4000, LR: 7.01e-04
[GPU 0] [08:55:53] [INFO] Train Loss: CORE: 2.72 CODE-LISP: nan PAPERS-BIOLOGY: nan PAPERS-CYBER: nan PAPERS-NUCLEAR: nan 
[GPU 0] [09:05:51] [INFO] Step: 5000, LR: 7.01e-04
[GPU 0] [09:05:51] [INFO] Train Loss: CORE: 3.22 CODE-LISP: nan PAPERS-BIOLOGY: nan PAPERS-CYBER: nan PAPERS-NUCLEAR: nan 
[GPU 0] [09:15:47] [INFO] Step: 6000, LR: 7.01e-04
[GPU 0] [09:15:47] [INFO] Train Loss: CORE: 2.89 CODE-LISP: nan PAPERS-BIOLOGY: nan PAPERS-CYBER: nan PAPERS-NUCLEAR: nan 
[GPU 0] [09:25:44] [INFO] Step: 7000, LR: 7.01e-04
[GPU 0] [09:25:44] [INFO] Train Loss: CORE: 2.40 CODE-LISP: nan PAPERS-BIOLOGY: nan PAPERS-CYBER: nan PAPERS-NUCLEAR: nan 
[GPU 0] [09:35:41] [INFO] Step: 8000, LR: 7.01e-04
[GPU 0] [09:35:41] [INFO] Train Loss: CORE: 3.13 CODE-LISP: nan PAPERS-BIOLOGY: nan PAPERS-CYBER: nan PAPERS-NUCLEAR: nan 
[GPU 0] [09:45:38] [INFO] Step: 9000, LR: 7.01e-04
[GPU 0] [09:45:38] [INFO] Train Loss: CORE: 3.06 CODE-LISP: nan PAPERS-BIOLOGY: nan PAPERS-CYBER: nan PAPERS-NUCLEAR: nan 
[GPU 0] [09:55:35] [INFO] Step: 10000, LR: 7.01e-04
[GPU 0] [09:55:35] [INFO] Train Loss: CORE: 3.05 CODE-LISP: nan PAPERS-BIOLOGY: nan PAPERS-CYBER: nan PAPERS-NUCLEAR: nan 
[GPU 0] [10:05:31] [INFO] Step: 11000, LR: 7.01e-04
[GPU 0] [10:05:31] [INFO] Train Loss: CORE: 3.02 CODE-LISP: nan PAPERS-BIOLOGY: nan PAPERS-CYBER: nan PAPERS-NUCLEAR: nan 
[GPU 0] [10:15:29] [INFO] Step: 12000, LR: 7.01e-04
[GPU 0] [10:15:29] [INFO] Train Loss: CORE: 2.56 CODE-LISP: nan PAPERS-BIOLOGY: nan PAPERS-CYBER: nan PAPERS-NUCLEAR: nan 
[GPU 0] [10:25:25] [INFO] Step: 13000, LR: 7.01e-04
[GPU 0] [10:25:25] [INFO] Train Loss: CORE: 2.52 CODE-LISP: nan PAPERS-BIOLOGY: nan PAPERS-CYBER: nan PAPERS-NUCLEAR: nan 
[GPU 0] [10:35:24] [INFO] Step: 14000, LR: 7.01e-04
[GPU 0] [10:35:24] [INFO] Train Loss: CORE: 2.77 CODE-LISP: nan PAPERS-BIOLOGY: nan PAPERS-CYBER: nan PAPERS-NUCLEAR: nan 
[GPU 0] [10:45:20] [INFO] Step: 15000, LR: 7.01e-04
[GPU 0] [10:45:20] [INFO] Train Loss: CORE: 3.01 CODE-LISP: nan PAPERS-BIOLOGY: nan PAPERS-CYBER: nan PAPERS-NUCLEAR: nan 
[GPU 0] [10:55:18] [INFO] Step: 16000, LR: 7.01e-04
[GPU 0] [10:55:18] [INFO] Train Loss: CORE: 2.52 CODE-LISP: nan PAPERS-BIOLOGY: nan PAPERS-CYBER: nan PAPERS-NUCLEAR: nan 
[GPU 0] [11:05:15] [INFO] Step: 17000, LR: 7.01e-04
[GPU 0] [11:05:15] [INFO] Train Loss: CORE: 2.70 CODE-LISP: nan PAPERS-BIOLOGY: nan PAPERS-CYBER: nan PAPERS-NUCLEAR: nan 
[GPU 0] [11:15:12] [INFO] Step: 18000, LR: 7.01e-04
[GPU 0] [11:15:12] [INFO] Train Loss: CORE: 2.52 CODE-LISP: nan PAPERS-BIOLOGY: nan PAPERS-CYBER: nan PAPERS-NUCLEAR: nan 
[GPU 0] [11:25:08] [INFO] Step: 19000, LR: 7.01e-04
[GPU 0] [11:25:08] [INFO] Train Loss: CORE: 2.26 CODE-LISP: nan PAPERS-BIOLOGY: nan PAPERS-CYBER: nan PAPERS-NUCLEAR: nan 
[GPU 0] [11:27:10] [INFO] LR Scheduler: Decay Start
[GPU 0] [11:35:07] [INFO] Step: 20000, LR: 4.40e-04
[GPU 0] [11:35:07] [INFO] Train Loss: CORE: 2.70 CODE-LISP: nan PAPERS-BIOLOGY: nan PAPERS-CYBER: nan PAPERS-NUCLEAR: nan 
[GPU 0] [11:45:03] [INFO] Step: 21000, LR: 1.11e-04
[GPU 0] [11:45:03] [INFO] Train Loss: CORE: 2.42 CODE-LISP: nan PAPERS-BIOLOGY: nan PAPERS-CYBER: nan PAPERS-NUCLEAR: nan 
[GPU 0] [11:48:25] [INFO] Step: 21338, LR: 1.00e-08
[GPU 0] [11:48:25] [INFO] Train Loss: CORE: 2.63 CODE-LISP: nan PAPERS-BIOLOGY: nan PAPERS-CYBER: nan PAPERS-NUCLEAR: nan 
[GPU 0] [11:49:10] [INFO] ---- Begin Eval ----
[GPU 0] [11:49:10] [INFO] Data: core | Experts: None
[GPU 0] [11:49:38] [INFO] loss: 2.02673197
[GPU 0] [11:49:38] [INFO] Data: code-lisp | Experts: None
[GPU 0] [11:49:42] [INFO] loss: 1.53536558
[GPU 0] [11:49:42] [INFO] Data: papers-biology | Experts: None
[GPU 0] [11:49:45] [INFO] loss: 2.66580653
[GPU 0] [11:49:45] [INFO] Data: papers-nuclear | Experts: None
[GPU 0] [11:49:49] [INFO] loss: 3.02549529
[GPU 0] [11:49:49] [INFO] Data: papers-cyber | Experts: None
[GPU 0] [11:49:53] [INFO] loss: 2.89822817
[GPU 0] [11:49:58] [INFO] Initialized BaseTransformer with 402,064,768 total parameters
[GPU 0] [11:49:58] [INFO] Compiling BaseTransformer with torch.compile...
[GPU 0] [11:49:58] [INFO] torch.compile done
[GPU 0] [11:50:01] [INFO] FILTERING - ADVERSARIAL FT START
[GPU 0] [11:50:01] [INFO] ---- Begin FT | Experts: None | Data: ['code-lisp'] ----
[GPU 0] [11:50:01] [DEBUG] num_seq: 512, num_rounds: 200, patience: 10
[GPU 0] [11:50:01] [DEBUG] local_x: torch.Size([64, 1024]), local_y: torch.Size([64, 1024]), num_steps: 3, per_gpu: 64, mbs_size: 23
[GPU 0] [11:50:34] [INFO] New best validation loss: 1.5036 @ step 0
[GPU 0] [11:50:39] [INFO] New best validation loss: 1.4102 @ step 1
[GPU 0] [11:50:43] [INFO] New best validation loss: 1.3679 @ step 2
[GPU 0] [11:50:48] [INFO] New best validation loss: 1.3274 @ step 3
[GPU 0] [11:50:53] [INFO] New best validation loss: 1.2941 @ step 4
[GPU 0] [11:50:58] [INFO] New best validation loss: 1.2726 @ step 5
[GPU 0] [11:51:03] [INFO] New best validation loss: 1.2562 @ step 6
[GPU 0] [11:51:08] [INFO] New best validation loss: 1.2393 @ step 7
[GPU 0] [11:51:13] [INFO] New best validation loss: 1.2233 @ step 8
[GPU 0] [11:51:18] [INFO] New best validation loss: 1.2095 @ step 9
[GPU 0] [11:51:23] [INFO] New best validation loss: 1.1960 @ step 10
[GPU 0] [11:51:28] [INFO] New best validation loss: 1.1842 @ step 11
[GPU 0] [11:51:33] [INFO] New best validation loss: 1.1741 @ step 12
[GPU 0] [11:51:38] [INFO] New best validation loss: 1.1647 @ step 13
[GPU 0] [11:51:43] [INFO] New best validation loss: 1.1563 @ step 14
[GPU 0] [11:51:48] [INFO] New best validation loss: 1.1491 @ step 15
[GPU 0] [11:51:53] [INFO] New best validation loss: 1.1431 @ step 16
[GPU 0] [11:51:58] [INFO] New best validation loss: 1.1373 @ step 17
[GPU 0] [11:52:03] [INFO] New best validation loss: 1.1320 @ step 18
[GPU 0] [11:52:08] [INFO] New best validation loss: 1.1274 @ step 19
[GPU 0] [11:52:13] [INFO] New best validation loss: 1.1230 @ step 20
[GPU 0] [11:52:18] [INFO] New best validation loss: 1.1188 @ step 21
[GPU 0] [11:52:23] [INFO] New best validation loss: 1.1157 @ step 22
[GPU 0] [11:52:28] [INFO] New best validation loss: 1.1134 @ step 23
[GPU 0] [11:52:33] [INFO] New best validation loss: 1.1117 @ step 24
[GPU 0] [11:52:38] [INFO] New best validation loss: 1.1104 @ step 25
[GPU 0] [11:52:43] [INFO] New best validation loss: 1.1089 @ step 26
[GPU 0] [11:52:48] [INFO] New best validation loss: 1.1077 @ step 27
[GPU 0] [11:52:53] [INFO] New best validation loss: 1.1070 @ step 28
[GPU 0] [11:53:47] [INFO] Stop FT @ 40: no val improvement for 10 steps
[GPU 0] [11:53:47] [INFO] Wrote stats.jsonl entries at FT step 28 
[GPU 0] [11:53:48] [INFO] ---- Begin FT | Experts: None | Data: ['papers-biology'] ----
[GPU 0] [11:53:48] [DEBUG] num_seq: 512, num_rounds: 200, patience: 10
[GPU 0] [11:53:48] [DEBUG] local_x: torch.Size([64, 1024]), local_y: torch.Size([64, 1024]), num_steps: 3, per_gpu: 64, mbs_size: 23
[GPU 0] [11:53:53] [INFO] New best validation loss: 2.6851 @ step 0
[GPU 0] [11:53:58] [INFO] New best validation loss: 2.6619 @ step 1
[GPU 0] [11:54:03] [INFO] New best validation loss: 2.6563 @ step 2
[GPU 0] [11:54:08] [INFO] New best validation loss: 2.6490 @ step 3
[GPU 0] [11:54:13] [INFO] New best validation loss: 2.6428 @ step 4
[GPU 0] [11:54:18] [INFO] New best validation loss: 2.6416 @ step 5
[GPU 0] [11:55:12] [INFO] Stop FT @ 17: no val improvement for 10 steps
[GPU 0] [11:55:12] [INFO] Wrote stats.jsonl entries at FT step 5 
[GPU 0] [11:55:13] [INFO] ---- Begin FT | Experts: None | Data: ['papers-cyber'] ----
[GPU 0] [11:55:13] [DEBUG] num_seq: 512, num_rounds: 200, patience: 10
[GPU 0] [11:55:13] [DEBUG] local_x: torch.Size([64, 1024]), local_y: torch.Size([64, 1024]), num_steps: 3, per_gpu: 64, mbs_size: 23
[GPU 0] [11:55:18] [INFO] New best validation loss: 2.9253 @ step 0
[GPU 0] [11:55:23] [INFO] New best validation loss: 2.8972 @ step 1
[GPU 0] [11:55:33] [INFO] New best validation loss: 2.8955 @ step 3
[GPU 0] [11:55:38] [INFO] New best validation loss: 2.8926 @ step 4
[GPU 0] [11:55:43] [INFO] New best validation loss: 2.8908 @ step 5
[GPU 0] [11:56:38] [INFO] Stop FT @ 17: no val improvement for 10 steps
[GPU 0] [11:56:38] [INFO] Wrote stats.jsonl entries at FT step 5 
[GPU 0] [11:56:39] [INFO] ---- Begin FT | Experts: None | Data: ['papers-nuclear'] ----
[GPU 0] [11:56:39] [DEBUG] num_seq: 512, num_rounds: 200, patience: 10
[GPU 0] [11:56:39] [DEBUG] local_x: torch.Size([64, 1024]), local_y: torch.Size([64, 1024]), num_steps: 3, per_gpu: 64, mbs_size: 23
[GPU 0] [11:56:44] [INFO] New best validation loss: 3.0554 @ step 0
[GPU 0] [11:56:49] [INFO] New best validation loss: 3.0039 @ step 1
[GPU 0] [11:56:54] [INFO] New best validation loss: 2.9967 @ step 2
[GPU 0] [11:56:59] [INFO] New best validation loss: 2.9950 @ step 3
[GPU 0] [11:57:03] [INFO] New best validation loss: 2.9933 @ step 4
[GPU 0] [11:57:08] [INFO] New best validation loss: 2.9903 @ step 5
[GPU 0] [11:57:13] [INFO] New best validation loss: 2.9873 @ step 6
[GPU 0] [11:57:18] [INFO] New best validation loss: 2.9866 @ step 7
[GPU 0] [11:58:13] [INFO] Stop FT @ 19: no val improvement for 10 steps
[GPU 0] [11:58:13] [INFO] Wrote stats.jsonl entries at FT step 7 
[GPU 0] [11:58:13] [INFO] Stage [routed] start: {"name": "routed", "num_checkpoints": -1, "lr": 0.0007010274465180751, "res_dir": "/workspace/gradient-routing/experiments/AGI-1699-New-Dataset-Runs/results/partial/400M/seed_2/20260522081439180540/routed", "acc_mode": "heterogeneous", "do_eval": true, "do_sample": false, "num_train_evals": 0, "do_elicit": true, "elicit_eval_prc": 0.5, "elicit_num_evals": 100, "retain_targets": null, "model": {"arch": "moe", "tokenizer": "GPT2Tokenizer(name_or_path='EleutherAI/gpt-neo-125M', vocab_size=50257, model_max_length=2048, padding_side='right', truncation_side='right', special_tokens={'bos_token': '<|endoftext|>', 'eos_token': '<|endoftext|>', 'unk_token': '<|endoftext|>'}, added_tokens_decoder={\n\t50256: AddedToken(\"<|endoftext|>\", rstrip=False, lstrip=False, single_word=False, normalized=True, special=True),\n}\n)", "ctx_len": 1024, "vocab_size": 50304, "num_layers": 18, "num_heads": 8, "num_key_value": 2, "attn_bias": true, "eos_token_id": 50256, "embed_dim": 1216, "mlp_dim": 4864, "core_param_prc": 0.95, "aux_param_prc": 0.0125}, "eval_arbsub": true, "label_prc": 0.5, "aux_factor": {"code-lisp": 4.0, "papers-biology": 3.0, "papers-nuclear": 3.0, "papers-cyber": 3.0}, "robust_prc": 0.2, "aux_route_prc": 0.0, "equal_compute": true}
[GPU 0] [11:58:13] [INFO] ROUTED START
[GPU 0] [11:58:17] [INFO] Initialized MoETransformer with 402,152,320 total parameters
[GPU 0] [11:58:17] [INFO]   Label 'core' has 390,853,504 parameters
[GPU 0] [11:58:17] [INFO]   Label 'code-lisp' has 2,824,704 parameters
[GPU 0] [11:58:17] [INFO]   Label 'papers-biology' has 2,824,704 parameters
[GPU 0] [11:58:17] [INFO]   Label 'papers-cyber' has 2,824,704 parameters
[GPU 0] [11:58:17] [INFO]   Label 'papers-nuclear' has 2,824,704 parameters
[GPU 0] [11:58:17] [INFO] Compiling MoETransformer with torch.compile...
[GPU 0] [11:58:17] [INFO] torch.compile done
[GPU 0] [11:58:18] [WARNING] restore_partial_state: no checkpoint found at /workspace/gradient-routing/experiments/AGI-1699-New-Dataset-Runs/results/partial/400M/seed_2/20260522081439180540/routed
[GPU 0] [11:58:18] [INFO] ---- Begin Routed Unordered (Alt) ----
[GPU 0] [11:58:18] [INFO] initial len_all: 43100, len_all_labeled: 21550, len_all_unlabeled: 21550, len_ft: 4861, len_base: 16689, label_prc: 0.5
[GPU 0] [11:58:18] [INFO] compute-equal: 225985107456.0 > 0, must extend training
[GPU 0] [11:58:18] [INFO] compute-equal: len_base: 221 -> 16910, len_ft: 64 -> 4925, len_all_unlabeled: 285 -> 21835
[GPU 0] [11:58:18] [INFO] Batch [('core', ('core',), ('core',))] count: 16910
[GPU 0] [11:58:18] [INFO] Batch [('code-lisp', ('core', 'code-lisp'), ('code-lisp',))] count: 215
[GPU 0] [11:58:18] [INFO] Batch [('core', ('core', 'code-lisp'), ('core', 'code-lisp'))] count: 1301
[GPU 0] [11:58:18] [INFO] Batch [('core', ('core', 'papers-biology'), ('core', 'papers-biology'))] count: 975
[GPU 0] [11:58:18] [INFO] Batch [('papers-biology', ('core', 'papers-biology'), ('papers-biology',))] count: 161
[GPU 0] [11:58:18] [INFO] Batch [('core', ('core', 'papers-cyber'), ('core', 'papers-cyber'))] count: 975
[GPU 0] [11:58:18] [INFO] Batch [('papers-cyber', ('core', 'papers-cyber'), ('papers-cyber',))] count: 161
[GPU 0] [11:58:18] [INFO] Batch [('core', ('core', 'papers-nuclear'), ('core', 'papers-nuclear'))] count: 975
[GPU 0] [11:58:18] [INFO] Batch [('papers-nuclear', ('core', 'papers-nuclear'), ('papers-nuclear',))] count: 161
[GPU 0] [11:58:18] [INFO] Batch [('code-lisp', ('core', 'code-lisp', 'papers-biology', 'papers-cyber', 'papers-nuclear'), ('core', 'code-lisp', 'papers-biology', 'papers-cyber', 'papers-nuclear'))] count: 54
[GPU 0] [11:58:18] [INFO] Batch [('core', ('core', 'code-lisp', 'papers-biology', 'papers-cyber', 'papers-nuclear'), ('core', 'code-lisp', 'papers-biology', 'papers-cyber', 'papers-nuclear'))] count: 21620
[GPU 0] [11:58:18] [INFO] Batch [('papers-biology', ('core', 'code-lisp', 'papers-biology', 'papers-cyber', 'papers-nuclear'), ('core', 'code-lisp', 'papers-biology', 'papers-cyber', 'papers-nuclear'))] count: 54
[GPU 0] [11:58:18] [INFO] Batch [('papers-cyber', ('core', 'code-lisp', 'papers-biology', 'papers-cyber', 'papers-nuclear'), ('core', 'code-lisp', 'papers-biology', 'papers-cyber', 'papers-nuclear'))] count: 54
[GPU 0] [11:58:18] [INFO] Batch [('papers-nuclear', ('core', 'code-lisp', 'papers-biology', 'papers-cyber', 'papers-nuclear'), ('core', 'code-lisp', 'papers-biology', 'papers-cyber', 'papers-nuclear'))] count: 54
[GPU 0] [11:58:18] [INFO] 
len_all: 43100, len_all_labeled: 21550, len_all_unlabeled: 21835,
len_base: 16910, len_ft: 4925,
len_core_for_ft: 4227, len_aux_for_ft: 698,
aux_factor: {'code-lisp': 4.0, 'papers-biology': 3.0, 'papers-nuclear': 3.0, 'papers-cyber': 3.0}, robust_prc: 0.2,
aux_route_prc: 0.0, equal_compute: True
[GPU 0] [11:58:18] [INFO] count_by_label: {'core': 42756, 'code-lisp': 269, 'papers-biology': 215, 'papers-cyber': 215, 'papers-nuclear': 215}
[GPU 0] [11:58:18] [INFO] Batch [('core', ('core',), ('core',))] count: 16910
[GPU 0] [11:58:18] [INFO] Batch [('code-lisp', ('core', 'code-lisp'), ('code-lisp',))] count: 215
[GPU 0] [11:58:18] [INFO] Batch [('core', ('core', 'code-lisp'), ('core', 'code-lisp'))] count: 1301
[GPU 0] [11:58:18] [INFO] Batch [('code-lisp', ('core', 'code-lisp', 'papers-biology', 'papers-cyber', 'papers-nuclear'), ('core', 'code-lisp', 'papers-biology', 'papers-cyber', 'papers-nuclear'))] count: 54
[GPU 0] [11:58:18] [INFO] Batch [('core', ('core', 'code-lisp', 'papers-biology', 'papers-cyber', 'papers-nuclear'), ('core', 'code-lisp', 'papers-biology', 'papers-cyber', 'papers-nuclear'))] count: 21620
[GPU 0] [11:58:18] [INFO] Batch [('papers-biology', ('core', 'code-lisp', 'papers-biology', 'papers-cyber', 'papers-nuclear'), ('core', 'code-lisp', 'papers-biology', 'papers-cyber', 'papers-nuclear'))] count: 54
[GPU 0] [11:58:18] [INFO] Batch [('papers-cyber', ('core', 'code-lisp', 'papers-biology', 'papers-cyber', 'papers-nuclear'), ('core', 'code-lisp', 'papers-biology', 'papers-cyber', 'papers-nuclear'))] count: 54
[GPU 0] [11:58:18] [INFO] Batch [('papers-nuclear', ('core', 'code-lisp', 'papers-biology', 'papers-cyber', 'papers-nuclear'), ('core', 'code-lisp', 'papers-biology', 'papers-cyber', 'papers-nuclear'))] count: 54
[GPU 0] [11:58:18] [INFO] Batch [('core', ('core', 'papers-biology'), ('core', 'papers-biology'))] count: 975
[GPU 0] [11:58:18] [INFO] Batch [('papers-biology', ('core', 'papers-biology'), ('papers-biology',))] count: 161
[GPU 0] [11:58:18] [INFO] Batch [('core', ('core', 'papers-cyber'), ('core', 'papers-cyber'))] count: 975
[GPU 0] [11:58:18] [INFO] Batch [('papers-cyber', ('core', 'papers-cyber'), ('papers-cyber',))] count: 161
[GPU 0] [11:58:18] [INFO] Batch [('core', ('core', 'papers-nuclear'), ('core', 'papers-nuclear'))] count: 975
[GPU 0] [11:58:18] [INFO] Batch [('papers-nuclear', ('core', 'papers-nuclear'), ('papers-nuclear',))] count: 161
[GPU 0] [11:58:18] [INFO] ---- Begin Routed ----
[GPU 0] [11:58:18] [DEBUG] acc_mode: heterogeneous
[GPU 0] [11:58:18] [INFO] num_total_steps: 21835
[GPU 0] [11:58:18] [INFO] LR schedule group 0: steps [0, 21835), warmup=437, constant=19214, decay=2184
[GPU 0] [11:58:18] [INFO] LR Scheduler: Group warmup (step 0)
[GPU 0] [11:58:18] [INFO] CUDA memory before training loop:
[GPU 0] [11:58:18] [INFO] |===========================================================================|
[GPU 0] [11:58:18] [INFO] |                  PyTorch CUDA memory summary, device ID 0                 |
[GPU 0] [11:58:18] [INFO] |---------------------------------------------------------------------------|
[GPU 0] [11:58:18] [INFO] |            CUDA OOMs: 0            |        cudaMalloc retries: 0         |
[GPU 0] [11:58:18] [INFO] |===========================================================================|
[GPU 0] [11:58:18] [INFO] |        Metric         | Cur Usage  | Peak Usage | Tot Alloc  | Tot Freed  |
[GPU 0] [11:58:18] [INFO] |---------------------------------------------------------------------------|
[GPU 0] [11:58:18] [INFO] | Allocated memory      |   1964 MiB |  32481 MiB |   6342 TiB |   6342 TiB |
[GPU 0] [11:58:18] [INFO] |       from large pool |   1941 MiB |  32353 MiB |   6334 TiB |   6334 TiB |
[GPU 0] [11:58:18] [INFO] |       from small pool |     23 MiB |    127 MiB |      7 TiB |      7 TiB |
[GPU 0] [11:58:18] [INFO] |---------------------------------------------------------------------------|
[GPU 0] [11:58:18] [INFO] | Active memory         |   1964 MiB |  32481 MiB |   6342 TiB |   6342 TiB |
[GPU 0] [11:58:18] [INFO] |       from large pool |   1941 MiB |  32353 MiB |   6334 TiB |   6334 TiB |
[GPU 0] [11:58:18] [INFO] |       from small pool |     23 MiB |    127 MiB |      7 TiB |      7 TiB |
[GPU 0] [11:58:18] [INFO] |---------------------------------------------------------------------------|
[GPU 0] [11:58:18] [INFO] | Requested memory      |   1941 MiB |  32386 MiB |   6333 TiB |   6333 TiB |
[GPU 0] [11:58:18] [INFO] |       from large pool |   1918 MiB |  32259 MiB |   6326 TiB |   6326 TiB |
[GPU 0] [11:58:18] [INFO] |       from small pool |     23 MiB |    127 MiB |      7 TiB |      7 TiB |
[GPU 0] [11:58:18] [INFO] |---------------------------------------------------------------------------|
[GPU 0] [11:58:18] [INFO] | GPU reserved memory   |   2246 MiB |  34968 MiB |  16297 GiB |  16295 GiB |
[GPU 0] [11:58:18] [INFO] |       from large pool |   2222 MiB |  34836 MiB |  16283 GiB |  16280 GiB |
[GPU 0] [11:58:18] [INFO] |       from small pool |     24 MiB |    132 MiB |     14 GiB |     14 GiB |
[GPU 0] [11:58:18] [INFO] |---------------------------------------------------------------------------|
[GPU 0] [11:58:18] [INFO] | Non-releasable memory | 288407 KiB |  10044 MiB |   3027 TiB |   3027 TiB |
[GPU 0] [11:58:18] [INFO] |       from large pool | 287477 KiB |  10029 MiB |   3019 TiB |   3019 TiB |
[GPU 0] [11:58:18] [INFO] |       from small pool |    930 KiB |     31 MiB |      8 TiB |      8 TiB |
[GPU 0] [11:58:18] [INFO] |---------------------------------------------------------------------------|
[GPU 0] [11:58:18] [INFO] | Allocations           |     557    |    2830    |  158233 K  |  158233 K  |
[GPU 0] [11:58:18] [INFO] |       from large pool |     138    |     741    |   86908 K  |   86908 K  |
[GPU 0] [11:58:18] [INFO] |       from small pool |     419    |    2278    |   71325 K  |   71324 K  |
[GPU 0] [11:58:18] [INFO] |---------------------------------------------------------------------------|
[GPU 0] [11:58:18] [INFO] | Active allocs         |     557    |    2830    |  158233 K  |  158233 K  |
[GPU 0] [11:58:18] [INFO] |       from large pool |     138    |     741    |   86908 K  |   86908 K  |
[GPU 0] [11:58:18] [INFO] |       from small pool |     419    |    2278    |   71325 K  |   71324 K  |
[GPU 0] [11:58:18] [INFO] |---------------------------------------------------------------------------|
[GPU 0] [11:58:18] [INFO] | GPU reserved segments |      59    |     311    |   96006    |   95947    |
[GPU 0] [11:58:18] [INFO] |       from large pool |      47    |     245    |   88634    |   88587    |
[GPU 0] [11:58:18] [INFO] |       from small pool |      12    |      66    |    7372    |    7360    |
[GPU 0] [11:58:18] [INFO] |---------------------------------------------------------------------------|
[GPU 0] [11:58:18] [INFO] | Non-releasable allocs |      29    |     271    |   73585 K  |   73585 K  |
[GPU 0] [11:58:18] [INFO] |       from large pool |      23    |     183    |   54457 K  |   54457 K  |
[GPU 0] [11:58:18] [INFO] |       from small pool |       6    |     121    |   19128 K  |   19128 K  |
[GPU 0] [11:58:18] [INFO] |---------------------------------------------------------------------------|
[GPU 0] [11:58:18] [INFO] | Oversize allocations  |       0    |       0    |       0    |       0    |
[GPU 0] [11:58:18] [INFO] |---------------------------------------------------------------------------|
[GPU 0] [11:58:18] [INFO] | Oversize GPU segments |       0    |       0    |       0    |       0    |
[GPU 0] [11:58:18] [INFO] |===========================================================================|
[GPU 0] [11:58:18] [INFO] 
[GPU 0] [11:58:18] [INFO] Batch group start, LR: 1.0000e-08, batches: 43670, epochs: 1, group_total_steps: 21835
[GPU 0] [11:58:24] [INFO] CUDA memory after first training step:
[GPU 0] [11:58:24] [INFO] |===========================================================================|
[GPU 0] [11:58:24] [INFO] |                  PyTorch CUDA memory summary, device ID 0                 |
[GPU 0] [11:58:24] [INFO] |---------------------------------------------------------------------------|
[GPU 0] [11:58:24] [INFO] |            CUDA OOMs: 0            |        cudaMalloc retries: 0         |
[GPU 0] [11:58:24] [INFO] |===========================================================================|
[GPU 0] [11:58:24] [INFO] |        Metric         | Cur Usage  | Peak Usage | Tot Alloc  | Tot Freed  |
[GPU 0] [11:58:24] [INFO] |---------------------------------------------------------------------------|
[GPU 0] [11:58:24] [INFO] | Allocated memory      |   5777 MiB |  32481 MiB |   6342 TiB |   6342 TiB |
[GPU 0] [11:58:24] [INFO] |       from large pool |   5709 MiB |  32353 MiB |   6334 TiB |   6334 TiB |
[GPU 0] [11:58:24] [INFO] |       from small pool |     67 MiB |    127 MiB |      7 TiB |      7 TiB |
[GPU 0] [11:58:24] [INFO] |---------------------------------------------------------------------------|
[GPU 0] [11:58:24] [INFO] | Active memory         |   5777 MiB |  32481 MiB |   6342 TiB |   6342 TiB |
[GPU 0] [11:58:24] [INFO] |       from large pool |   5709 MiB |  32353 MiB |   6334 TiB |   6334 TiB |
[GPU 0] [11:58:24] [INFO] |       from small pool |     67 MiB |    127 MiB |      7 TiB |      7 TiB |
[GPU 0] [11:58:24] [INFO] |---------------------------------------------------------------------------|
[GPU 0] [11:58:24] [INFO] | Requested memory      |   5735 MiB |  32386 MiB |   6333 TiB |   6333 TiB |
[GPU 0] [11:58:24] [INFO] |       from large pool |   5667 MiB |  32259 MiB |   6326 TiB |   6326 TiB |
[GPU 0] [11:58:24] [INFO] |       from small pool |     67 MiB |    127 MiB |      7 TiB |      7 TiB |
[GPU 0] [11:58:24] [INFO] |---------------------------------------------------------------------------|
[GPU 0] [11:58:24] [INFO] | GPU reserved memory   |  30402 MiB |  34968 MiB |  16325 GiB |  16295 GiB |
[GPU 0] [11:58:24] [INFO] |       from large pool |  30316 MiB |  34836 MiB |  16310 GiB |  16280 GiB |
[GPU 0] [11:58:24] [INFO] |       from small pool |     86 MiB |    132 MiB |     14 GiB |     14 GiB |
[GPU 0] [11:58:24] [INFO] |---------------------------------------------------------------------------|
[GPU 0] [11:58:24] [INFO] | Non-releasable memory | 355020 KiB |  10044 MiB |   3027 TiB |   3027 TiB |
[GPU 0] [11:58:24] [INFO] |       from large pool | 352664 KiB |  10029 MiB |   3019 TiB |   3019 TiB |
[GPU 0] [11:58:24] [INFO] |       from small pool |   2356 KiB |     31 MiB |      8 TiB |      8 TiB |
[GPU 0] [11:58:24] [INFO] |---------------------------------------------------------------------------|
[GPU 0] [11:58:24] [INFO] | Allocations           |    2087    |    2830    |  158238 K  |  158236 K  |
[GPU 0] [11:58:24] [INFO] |       from large pool |     323    |     741    |   86909 K  |   86909 K  |
[GPU 0] [11:58:24] [INFO] |       from small pool |    1764    |    2278    |   71328 K  |   71326 K  |
[GPU 0] [11:58:24] [INFO] |---------------------------------------------------------------------------|
[GPU 0] [11:58:24] [INFO] | Active allocs         |    2087    |    2830    |  158238 K  |  158236 K  |
[GPU 0] [11:58:24] [INFO] |       from large pool |     323    |     741    |   86909 K  |   86909 K  |
[GPU 0] [11:58:24] [INFO] |       from small pool |    1764    |    2278    |   71328 K  |   71326 K  |
[GPU 0] [11:58:24] [INFO] |---------------------------------------------------------------------------|
[GPU 0] [11:58:24] [INFO] | GPU reserved segments |     286    |     311    |   96233    |   95947    |
[GPU 0] [11:58:24] [INFO] |       from large pool |     243    |     245    |   88830    |   88587    |
[GPU 0] [11:58:24] [INFO] |       from small pool |      43    |      66    |    7403    |    7360    |
[GPU 0] [11:58:24] [INFO] |---------------------------------------------------------------------------|
[GPU 0] [11:58:24] [INFO] | Non-releasable allocs |      45    |     271    |   73586 K  |   73586 K  |
[GPU 0] [11:58:24] [INFO] |       from large pool |      29    |     183    |   54458 K  |   54458 K  |
[GPU 0] [11:58:24] [INFO] |       from small pool |      16    |     121    |   19128 K  |   19128 K  |
[GPU 0] [11:58:24] [INFO] |---------------------------------------------------------------------------|
[GPU 0] [11:58:24] [INFO] | Oversize allocations  |       0    |       0    |       0    |       0    |
[GPU 0] [11:58:24] [INFO] |---------------------------------------------------------------------------|
[GPU 0] [11:58:24] [INFO] | Oversize GPU segments |       0    |       0    |       0    |       0    |
[GPU 0] [11:58:24] [INFO] |===========================================================================|
[GPU 0] [11:58:24] [INFO] 
[GPU 0] [11:58:24] [INFO] Step: 1, LR: 1.6142e-06
[GPU 0] [11:58:24] [INFO] Train Loss: CORE: 11.06 CODE-LISP: nan PAPERS-BIOLOGY: nan PAPERS-CYBER: nan PAPERS-NUCLEAR: nan 
[GPU 0] [12:03:28] [INFO] LR Scheduler: Group constant (step 437)
[GPU 0] [12:09:34] [INFO] Step: 1000, LR: 7.0103e-04
[GPU 0] [12:09:34] [INFO] Train Loss: CORE: 3.22 CODE-LISP: 3.43 PAPERS-BIOLOGY: 5.03 PAPERS-CYBER: 6.62 PAPERS-NUCLEAR: 4.67 
[GPU 0] [12:20:18] [INFO] Step: 2000, LR: 7.0103e-04
[GPU 0] [12:20:18] [INFO] Train Loss: CORE: 3.05 CODE-LISP: 2.44 PAPERS-BIOLOGY: 3.85 PAPERS-CYBER: 4.17 PAPERS-NUCLEAR: 4.09 
[GPU 0] [12:31:06] [INFO] Step: 3000, LR: 7.0103e-04
[GPU 0] [12:31:06] [INFO] Train Loss: CORE: 2.88 CODE-LISP: 2.26 PAPERS-BIOLOGY: 3.52 PAPERS-CYBER: 3.86 PAPERS-NUCLEAR: 3.86 
[GPU 0] [12:41:48] [INFO] Step: 4000, LR: 7.0103e-04
[GPU 0] [12:41:48] [INFO] Train Loss: CORE: 2.83 CODE-LISP: 1.99 PAPERS-BIOLOGY: 3.39 PAPERS-CYBER: 3.71 PAPERS-NUCLEAR: 3.72 
[GPU 0] [12:52:35] [INFO] Step: 5000, LR: 7.0103e-04
[GPU 0] [12:52:35] [INFO] Train Loss: CORE: 2.76 CODE-LISP: 1.82 PAPERS-BIOLOGY: 3.30 PAPERS-CYBER: 3.62 PAPERS-NUCLEAR: 3.62 
[GPU 0] [13:03:17] [INFO] Step: 6000, LR: 7.0103e-04
[GPU 0] [13:03:17] [INFO] Train Loss: CORE: 2.87 CODE-LISP: 1.69 PAPERS-BIOLOGY: 3.24 PAPERS-CYBER: 3.48 PAPERS-NUCLEAR: 3.56 
[GPU 0] [13:14:04] [INFO] Step: 7000, LR: 7.0103e-04
[GPU 0] [13:14:04] [INFO] Train Loss: CORE: 2.74 CODE-LISP: 1.60 PAPERS-BIOLOGY: 3.20 PAPERS-CYBER: 3.44 PAPERS-NUCLEAR: 3.52 
[GPU 0] [13:24:46] [INFO] Step: 8000, LR: 7.0103e-04
[GPU 0] [13:24:46] [INFO] Train Loss: CORE: 2.79 CODE-LISP: 1.54 PAPERS-BIOLOGY: 3.16 PAPERS-CYBER: 3.39 PAPERS-NUCLEAR: 3.47 
[GPU 0] [13:35:32] [INFO] Step: 9000, LR: 7.0103e-04
[GPU 0] [13:35:32] [INFO] Train Loss: CORE: 2.70 CODE-LISP: 1.26 PAPERS-BIOLOGY: 3.13 PAPERS-CYBER: 3.37 PAPERS-NUCLEAR: 3.41 
[GPU 0] [13:46:15] [INFO] Step: 10000, LR: 7.0103e-04
[GPU 0] [13:46:15] [INFO] Train Loss: CORE: 2.75 CODE-LISP: 1.08 PAPERS-BIOLOGY: 3.10 PAPERS-CYBER: 3.32 PAPERS-NUCLEAR: 3.31 
[GPU 0] [13:57:00] [INFO] Step: 11000, LR: 7.0103e-04
[GPU 0] [13:57:00] [INFO] Train Loss: CORE: 2.79 CODE-LISP: 0.97 PAPERS-BIOLOGY: 3.06 PAPERS-CYBER: 3.27 PAPERS-NUCLEAR: 3.24 
[GPU 0] [14:07:45] [INFO] Step: 12000, LR: 7.0103e-04
[GPU 0] [14:07:45] [INFO] Train Loss: CORE: 2.54 CODE-LISP: 0.94 PAPERS-BIOLOGY: 2.99 PAPERS-CYBER: 3.16 PAPERS-NUCLEAR: 3.21 
[GPU 0] [14:18:29] [INFO] Step: 13000, LR: 7.0103e-04
[GPU 0] [14:18:29] [INFO] Train Loss: CORE: 2.68 CODE-LISP: 0.90 PAPERS-BIOLOGY: 2.84 PAPERS-CYBER: 3.11 PAPERS-NUCLEAR: 3.17 
[GPU 0] [14:29:13] [INFO] Step: 14000, LR: 7.0103e-04
[GPU 0] [14:29:13] [INFO] Train Loss: CORE: 2.53 CODE-LISP: 0.87 PAPERS-BIOLOGY: 2.79 PAPERS-CYBER: 3.06 PAPERS-NUCLEAR: 3.16 
[GPU 0] [14:39:58] [INFO] Step: 15000, LR: 7.0103e-04
[GPU 0] [14:39:58] [INFO] Train Loss: CORE: 2.67 CODE-LISP: 0.85 PAPERS-BIOLOGY: 2.76 PAPERS-CYBER: 3.04 PAPERS-NUCLEAR: 3.11 
[GPU 0] [14:50:43] [INFO] Step: 16000, LR: 7.0103e-04
[GPU 0] [14:50:43] [INFO] Train Loss: CORE: 2.56 CODE-LISP: 0.84 PAPERS-BIOLOGY: 2.72 PAPERS-CYBER: 3.00 PAPERS-NUCLEAR: 3.10 
[GPU 0] [15:01:28] [INFO] Step: 17000, LR: 7.0103e-04
[GPU 0] [15:01:28] [INFO] Train Loss: CORE: 2.50 CODE-LISP: 0.83 PAPERS-BIOLOGY: 2.70 PAPERS-CYBER: 2.98 PAPERS-NUCLEAR: 3.09 
[GPU 0] [15:12:12] [INFO] Step: 18000, LR: 7.0103e-04
[GPU 0] [15:12:12] [INFO] Train Loss: CORE: 2.64 CODE-LISP: 0.82 PAPERS-BIOLOGY: 2.70 PAPERS-CYBER: 2.96 PAPERS-NUCLEAR: 3.06 
[GPU 0] [15:22:57] [INFO] Step: 19000, LR: 7.0103e-04
[GPU 0] [15:22:57] [INFO] Train Loss: CORE: 2.59 CODE-LISP: 0.81 PAPERS-BIOLOGY: 2.69 PAPERS-CYBER: 2.95 PAPERS-NUCLEAR: 3.06 
[GPU 0] [15:29:58] [INFO] LR Scheduler: Group decay (step 19651)
[GPU 0] [15:33:42] [INFO] Step: 20000, LR: 5.8901e-04
[GPU 0] [15:33:42] [INFO] Train Loss: CORE: 2.51 CODE-LISP: 0.81 PAPERS-BIOLOGY: 2.69 PAPERS-CYBER: 2.93 PAPERS-NUCLEAR: 3.05 
[GPU 0] [15:44:26] [INFO] Step: 21000, LR: 2.6803e-04
[GPU 0] [15:44:26] [INFO] Train Loss: CORE: 2.51 CODE-LISP: 0.80 PAPERS-BIOLOGY: 2.68 PAPERS-CYBER: 2.92 PAPERS-NUCLEAR: 3.04 
[GPU 0] [15:53:26] [INFO] Step: 21835, LR: 1.0000e-08
[GPU 0] [15:53:26] [INFO] Train Loss: CORE: 2.53 CODE-LISP: 0.78 PAPERS-BIOLOGY: 2.67 PAPERS-CYBER: 2.92 PAPERS-NUCLEAR: 3.02 
[GPU 0] [15:54:06] [INFO] ---- Begin Eval ----
[GPU 0] [15:54:06] [INFO] Data: core | Experts: ['core']
[GPU 0] [15:54:21] [INFO] loss: 2.01565409
[GPU 0] [15:54:21] [INFO] Data: code-lisp | Experts: ['core']
[GPU 0] [15:54:25] [INFO] loss: 1.47548139
[GPU 0] [15:54:25] [INFO] Data: papers-biology | Experts: ['core']
[GPU 0] [15:54:29] [INFO] loss: 2.63595152
[GPU 0] [15:54:29] [INFO] Data: papers-nuclear | Experts: ['core']
[GPU 0] [15:54:33] [INFO] loss: 2.98974609
[GPU 0] [15:54:33] [INFO] Data: papers-cyber | Experts: ['core']
[GPU 0] [15:54:37] [INFO] loss: 2.86952424
[GPU 0] [15:54:37] [INFO] ---- Begin Eval ----
[GPU 0] [15:54:37] [INFO] Data: core | Experts: ['code-lisp', 'core']
[GPU 0] [15:54:49] [INFO] loss: 2.01625276
[GPU 0] [15:54:49] [INFO] Data: code-lisp | Experts: ['code-lisp', 'core']
[GPU 0] [15:54:53] [INFO] loss: 0.92123848
[GPU 0] [15:54:53] [INFO] Data: papers-biology | Experts: ['code-lisp', 'core']
[GPU 0] [15:54:57] [INFO] loss: 2.63888097
[GPU 0] [15:54:57] [INFO] Data: papers-nuclear | Experts: ['code-lisp', 'core']
[GPU 0] [15:55:02] [INFO] loss: 2.99190855
[GPU 0] [15:55:02] [INFO] Data: papers-cyber | Experts: ['code-lisp', 'core']
[GPU 0] [15:55:06] [INFO] loss: 2.87221003
[GPU 0] [15:55:06] [INFO] ---- Begin Eval ----
[GPU 0] [15:55:06] [INFO] Data: core | Experts: ['core', 'papers-biology']
[GPU 0] [15:55:18] [INFO] loss: 2.01556087
[GPU 0] [15:55:18] [INFO] Data: code-lisp | Experts: ['core', 'papers-biology']
[GPU 0] [15:55:22] [INFO] loss: 1.47788799
[GPU 0] [15:55:22] [INFO] Data: papers-biology | Experts: ['core', 'papers-biology']
[GPU 0] [15:55:26] [INFO] loss: 2.56602240
[GPU 0] [15:55:26] [INFO] Data: papers-nuclear | Experts: ['core', 'papers-biology']
[GPU 0] [15:55:31] [INFO] loss: 2.98489809
[GPU 0] [15:55:31] [INFO] Data: papers-cyber | Experts: ['core', 'papers-biology']
[GPU 0] [15:55:35] [INFO] loss: 2.86921048
[GPU 0] [15:55:35] [INFO] ---- Begin Eval ----
[GPU 0] [15:55:35] [INFO] Data: core | Experts: ['core', 'papers-nuclear']
[GPU 0] [15:55:47] [INFO] loss: 2.01506090
[GPU 0] [15:55:47] [INFO] Data: code-lisp | Experts: ['core', 'papers-nuclear']
[GPU 0] [15:55:51] [INFO] loss: 1.47673702
[GPU 0] [15:55:51] [INFO] Data: papers-biology | Experts: ['core', 'papers-nuclear']
[GPU 0] [15:55:55] [INFO] loss: 2.63145208
[GPU 0] [15:55:55] [INFO] Data: papers-nuclear | Experts: ['core', 'papers-nuclear']
[GPU 0] [15:56:00] [INFO] loss: 2.90914464
[GPU 0] [15:56:00] [INFO] Data: papers-cyber | Experts: ['core', 'papers-nuclear']
[GPU 0] [15:56:04] [INFO] loss: 2.86722231
[GPU 0] [15:56:04] [INFO] ---- Begin Eval ----
[GPU 0] [15:56:04] [INFO] Data: core | Experts: ['core', 'papers-cyber']
[GPU 0] [15:56:16] [INFO] loss: 2.01263738
[GPU 0] [15:56:16] [INFO] Data: code-lisp | Experts: ['core', 'papers-cyber']
[GPU 0] [15:56:20] [INFO] loss: 1.47642291
[GPU 0] [15:56:20] [INFO] Data: papers-biology | Experts: ['core', 'papers-cyber']
[GPU 0] [15:56:24] [INFO] loss: 2.63445163
[GPU 0] [15:56:24] [INFO] Data: papers-nuclear | Experts: ['core', 'papers-cyber']
[GPU 0] [15:56:29] [INFO] loss: 2.98800206
[GPU 0] [15:56:29] [INFO] Data: papers-cyber | Experts: ['core', 'papers-cyber']
[GPU 0] [15:56:33] [INFO] loss: 2.82945061
[GPU 0] [15:56:33] [INFO] ---- Begin Eval ----
[GPU 0] [15:56:33] [INFO] Data: core | Experts: ['core', 'papers-biology', 'papers-cyber', 'papers-nuclear']
[GPU 0] [15:56:46] [INFO] loss: 2.01028299
[GPU 0] [15:56:46] [INFO] Data: code-lisp | Experts: ['core', 'papers-biology', 'papers-cyber', 'papers-nuclear']
[GPU 0] [15:56:51] [INFO] loss: 1.47957945
[GPU 0] [15:56:51] [INFO] Data: papers-biology | Experts: ['core', 'papers-biology', 'papers-cyber', 'papers-nuclear']
[GPU 0] [15:56:55] [INFO] loss: 2.56532502
[GPU 0] [15:56:55] [INFO] Data: papers-nuclear | Experts: ['core', 'papers-biology', 'papers-cyber', 'papers-nuclear']
[GPU 0] [15:57:00] [INFO] loss: 2.90795898
[GPU 0] [15:57:00] [INFO] Data: papers-cyber | Experts: ['core', 'papers-biology', 'papers-cyber', 'papers-nuclear']
[GPU 0] [15:57:04] [INFO] loss: 2.82627630
[GPU 0] [15:57:04] [INFO] ---- Begin Eval ----
[GPU 0] [15:57:04] [INFO] Data: core | Experts: ['code-lisp', 'core', 'papers-cyber', 'papers-nuclear']
[GPU 0] [15:57:17] [INFO] loss: 2.01084995
[GPU 0] [15:57:17] [INFO] Data: code-lisp | Experts: ['code-lisp', 'core', 'papers-cyber', 'papers-nuclear']
[GPU 0] [15:57:22] [INFO] loss: 0.92141294
[GPU 0] [15:57:22] [INFO] Data: papers-biology | Experts: ['code-lisp', 'core', 'papers-cyber', 'papers-nuclear']
[GPU 0] [15:57:26] [INFO] loss: 2.63413787
[GPU 0] [15:57:26] [INFO] Data: papers-nuclear | Experts: ['code-lisp', 'core', 'papers-cyber', 'papers-nuclear']
[GPU 0] [15:57:31] [INFO] loss: 2.91064453
[GPU 0] [15:57:31] [INFO] Data: papers-cyber | Experts: ['code-lisp', 'core', 'papers-cyber', 'papers-nuclear']
[GPU 0] [15:57:35] [INFO] loss: 2.82802033
[GPU 0] [15:57:35] [INFO] ---- Begin Eval ----
[GPU 0] [15:57:35] [INFO] Data: core | Experts: ['code-lisp', 'core', 'papers-biology', 'papers-cyber']
[GPU 0] [15:57:49] [INFO] loss: 2.01187277
[GPU 0] [15:57:49] [INFO] Data: code-lisp | Experts: ['code-lisp', 'core', 'papers-biology', 'papers-cyber']
[GPU 0] [15:57:53] [INFO] loss: 0.92216277
[GPU 0] [15:57:53] [INFO] Data: papers-biology | Experts: ['code-lisp', 'core', 'papers-biology', 'papers-cyber']
[GPU 0] [15:57:58] [INFO] loss: 2.56713867
[GPU 0] [15:57:58] [INFO] Data: papers-nuclear | Experts: ['code-lisp', 'core', 'papers-biology', 'papers-cyber']
[GPU 0] [15:58:02] [INFO] loss: 2.98646760
[GPU 0] [15:58:02] [INFO] Data: papers-cyber | Experts: ['code-lisp', 'core', 'papers-biology', 'papers-cyber']
[GPU 0] [15:58:07] [INFO] loss: 2.83081055
[GPU 0] [15:58:07] [INFO] ---- Begin Eval ----
[GPU 0] [15:58:07] [INFO] Data: core | Experts: ['code-lisp', 'core', 'papers-biology', 'papers-nuclear']
[GPU 0] [15:58:20] [INFO] loss: 2.01447105
[GPU 0] [15:58:20] [INFO] Data: code-lisp | Experts: ['code-lisp', 'core', 'papers-biology', 'papers-nuclear']
[GPU 0] [15:58:25] [INFO] loss: 0.92221504
[GPU 0] [15:58:25] [INFO] Data: papers-biology | Experts: ['code-lisp', 'core', 'papers-biology', 'papers-nuclear']
[GPU 0] [15:58:29] [INFO] loss: 2.56637120
[GPU 0] [15:58:29] [INFO] Data: papers-nuclear | Experts: ['code-lisp', 'core', 'papers-biology', 'papers-nuclear']
[GPU 0] [15:58:33] [INFO] loss: 2.90977240
[GPU 0] [15:58:33] [INFO] Data: papers-cyber | Experts: ['code-lisp', 'core', 'papers-biology', 'papers-nuclear']
[GPU 0] [15:58:38] [INFO] loss: 2.86941981
[GPU 0] [15:58:38] [INFO] ---- Begin Eval ----
[GPU 0] [15:58:38] [INFO] Data: core | Experts: ['code-lisp', 'core', 'papers-biology', 'papers-cyber', 'papers-nuclear']
[GPU 0] [15:58:50] [INFO] loss: 2.01003575
[GPU 0] [15:58:50] [INFO] Data: code-lisp | Experts: ['code-lisp', 'core', 'papers-biology', 'papers-cyber', 'papers-nuclear']
[GPU 0] [15:58:55] [INFO] loss: 0.92254645
[GPU 0] [15:58:55] [INFO] Data: papers-biology | Experts: ['code-lisp', 'core', 'papers-biology', 'papers-cyber', 'papers-nuclear']
[GPU 0] [15:58:59] [INFO] loss: 2.56619692
[GPU 0] [15:58:59] [INFO] Data: papers-nuclear | Experts: ['code-lisp', 'core', 'papers-biology', 'papers-cyber', 'papers-nuclear']
[GPU 0] [15:59:03] [INFO] loss: 2.90966821
[GPU 0] [15:59:03] [INFO] Data: papers-cyber | Experts: ['code-lisp', 'core', 'papers-biology', 'papers-cyber', 'papers-nuclear']
[GPU 0] [15:59:07] [INFO] loss: 2.82739258
[GPU 0] [15:59:09] [INFO] ROUTED - ADVERSARIAL FT START
[GPU 0] [15:59:09] [INFO] ---- Begin FT | Experts: ['core'] | Data: ['code-lisp'] ----
[GPU 0] [15:59:09] [DEBUG] num_seq: 512, num_rounds: 200, patience: 10
[GPU 0] [15:59:09] [DEBUG] local_x: torch.Size([64, 1024]), local_y: torch.Size([64, 1024]), num_steps: 3, per_gpu: 64, mbs_size: 23
[GPU 0] [15:59:15] [INFO] New best validation loss: 1.4378 @ step 0
[GPU 0] [15:59:20] [INFO] New best validation loss: 1.3335 @ step 1
[GPU 0] [15:59:26] [INFO] New best validation loss: 1.2938 @ step 2
[GPU 0] [15:59:31] [INFO] New best validation loss: 1.2511 @ step 3
[GPU 0] [15:59:36] [INFO] New best validation loss: 1.2250 @ step 4
[GPU 0] [15:59:42] [INFO] New best validation loss: 1.1983 @ step 5
[GPU 0] [15:59:47] [INFO] New best validation loss: 1.1782 @ step 6
[GPU 0] [15:59:52] [INFO] New best validation loss: 1.1605 @ step 7
[GPU 0] [15:59:58] [INFO] New best validation loss: 1.1432 @ step 8
[GPU 0] [16:00:03] [INFO] New best validation loss: 1.1286 @ step 9
[GPU 0] [16:00:09] [INFO] New best validation loss: 1.1167 @ step 10
[GPU 0] [16:00:15] [INFO] New best validation loss: 1.1060 @ step 11
[GPU 0] [16:00:20] [INFO] New best validation loss: 1.0954 @ step 12
[GPU 0] [16:00:25] [INFO] New best validation loss: 1.0862 @ step 13
[GPU 0] [16:00:31] [INFO] New best validation loss: 1.0783 @ step 14
[GPU 0] [16:00:36] [INFO] New best validation loss: 1.0713 @ step 15
[GPU 0] [16:00:41] [INFO] New best validation loss: 1.0651 @ step 16
[GPU 0] [16:00:46] [INFO] New best validation loss: 1.0606 @ step 17
[GPU 0] [16:00:52] [INFO] New best validation loss: 1.0579 @ step 18
[GPU 0] [16:00:57] [INFO] New best validation loss: 1.0559 @ step 19
[GPU 0] [16:01:02] [INFO] New best validation loss: 1.0534 @ step 20
[GPU 0] [16:01:08] [INFO] New best validation loss: 1.0509 @ step 21
[GPU 0] [16:01:13] [INFO] New best validation loss: 1.0492 @ step 22
[GPU 0] [16:01:18] [INFO] New best validation loss: 1.0487 @ step 23
[GPU 0] [16:02:17] [INFO] Stop FT @ 35: no val improvement for 10 steps
[GPU 0] [16:02:17] [INFO] Wrote stats.jsonl entries at FT step 23 
[GPU 0] [16:02:17] [INFO] ---- Begin FT | Experts: ['core'] | Data: ['papers-biology'] ----
[GPU 0] [16:02:17] [DEBUG] num_seq: 512, num_rounds: 200, patience: 10
[GPU 0] [16:02:17] [DEBUG] local_x: torch.Size([64, 1024]), local_y: torch.Size([64, 1024]), num_steps: 3, per_gpu: 64, mbs_size: 23
[GPU 0] [16:02:23] [INFO] New best validation loss: 2.6630 @ step 0
[GPU 0] [16:02:28] [INFO] New best validation loss: 2.6348 @ step 1
[GPU 0] [16:02:33] [INFO] New best validation loss: 2.6278 @ step 2
[GPU 0] [16:02:39] [INFO] New best validation loss: 2.6198 @ step 3
[GPU 0] [16:02:44] [INFO] New best validation loss: 2.6137 @ step 4
[GPU 0] [16:02:50] [INFO] New best validation loss: 2.6119 @ step 5
[GPU 0] [16:03:48] [INFO] Stop FT @ 17: no val improvement for 10 steps
[GPU 0] [16:03:48] [INFO] Wrote stats.jsonl entries at FT step 5 
[GPU 0] [16:03:49] [INFO] ---- Begin FT | Experts: ['core'] | Data: ['papers-cyber'] ----
[GPU 0] [16:03:49] [DEBUG] num_seq: 512, num_rounds: 200, patience: 10
[GPU 0] [16:03:49] [DEBUG] local_x: torch.Size([64, 1024]), local_y: torch.Size([64, 1024]), num_steps: 3, per_gpu: 64, mbs_size: 23
[GPU 0] [16:03:54] [INFO] New best validation loss: 2.9179 @ step 0
[GPU 0] [16:04:00] [INFO] New best validation loss: 2.8796 @ step 1
[GPU 0] [16:04:05] [INFO] New best validation loss: 2.8725 @ step 2
[GPU 0] [16:04:10] [INFO] New best validation loss: 2.8682 @ step 3
[GPU 0] [16:04:16] [INFO] New best validation loss: 2.8651 @ step 4
[GPU 0] [16:04:21] [INFO] New best validation loss: 2.8640 @ step 5
[GPU 0] [16:05:19] [INFO] Stop FT @ 17: no val improvement for 10 steps
[GPU 0] [16:05:19] [INFO] Wrote stats.jsonl entries at FT step 5 
[GPU 0] [16:05:20] [INFO] ---- Begin FT | Experts: ['core'] | Data: ['papers-nuclear'] ----
[GPU 0] [16:05:20] [DEBUG] num_seq: 512, num_rounds: 200, patience: 10
[GPU 0] [16:05:20] [DEBUG] local_x: torch.Size([64, 1024]), local_y: torch.Size([64, 1024]), num_steps: 3, per_gpu: 64, mbs_size: 23
[GPU 0] [16:05:25] [INFO] New best validation loss: 3.0330 @ step 0
[GPU 0] [16:05:31] [INFO] New best validation loss: 2.9712 @ step 1
[GPU 0] [16:05:36] [INFO] New best validation loss: 2.9676 @ step 2
[GPU 0] [16:05:41] [INFO] New best validation loss: 2.9644 @ step 3
[GPU 0] [16:05:47] [INFO] New best validation loss: 2.9589 @ step 4
[GPU 0] [16:05:52] [INFO] New best validation loss: 2.9528 @ step 5
[GPU 0] [16:05:57] [INFO] New best validation loss: 2.9503 @ step 6
[GPU 0] [16:06:55] [INFO] Stop FT @ 18: no val improvement for 10 steps
[GPU 0] [16:06:55] [INFO] Wrote stats.jsonl entries at FT step 6 
[GPU 0] [16:06:56] [INFO] ROUTED - ADVERSARIAL FT START
[GPU 0] [16:06:56] [INFO] ---- Begin FT | Experts: ['code-lisp', 'core'] | Data: ['papers-biology'] ----
[GPU 0] [16:06:56] [DEBUG] num_seq: 512, num_rounds: 200, patience: 10
[GPU 0] [16:06:56] [DEBUG] local_x: torch.Size([64, 1024]), local_y: torch.Size([64, 1024]), num_steps: 3, per_gpu: 64, mbs_size: 23
[GPU 0] [16:07:02] [INFO] New best validation loss: 2.6608 @ step 0
[GPU 0] [16:07:07] [INFO] New best validation loss: 2.6341 @ step 1
[GPU 0] [16:07:13] [INFO] New best validation loss: 2.6262 @ step 2
[GPU 0] [16:07:19] [INFO] New best validation loss: 2.6181 @ step 3
[GPU 0] [16:07:24] [INFO] New best validation loss: 2.6128 @ step 4
[GPU 0] [16:07:30] [INFO] New best validation loss: 2.6116 @ step 5
[GPU 0] [16:08:31] [INFO] Stop FT @ 17: no val improvement for 10 steps
[GPU 0] [16:08:31] [INFO] Wrote stats.jsonl entries at FT step 5 
[GPU 0] [16:08:32] [INFO] ---- Begin FT | Experts: ['code-lisp', 'core'] | Data: ['papers-cyber'] ----
[GPU 0] [16:08:32] [DEBUG] num_seq: 512, num_rounds: 200, patience: 10
[GPU 0] [16:08:32] [DEBUG] local_x: torch.Size([64, 1024]), local_y: torch.Size([64, 1024]), num_steps: 3, per_gpu: 64, mbs_size: 23
[GPU 0] [16:08:38] [INFO] New best validation loss: 2.9225 @ step 0
[GPU 0] [16:08:44] [INFO] New best validation loss: 2.8807 @ step 1
[GPU 0] [16:08:49] [INFO] New best validation loss: 2.8726 @ step 2
[GPU 0] [16:08:55] [INFO] New best validation loss: 2.8684 @ step 3
[GPU 0] [16:09:00] [INFO] New best validation loss: 2.8653 @ step 4
[GPU 0] [16:09:06] [INFO] New best validation loss: 2.8638 @ step 5
[GPU 0] [16:10:08] [INFO] Stop FT @ 17: no val improvement for 10 steps
[GPU 0] [16:10:08] [INFO] Wrote stats.jsonl entries at FT step 5 
[GPU 0] [16:10:09] [INFO] ---- Begin FT | Experts: ['code-lisp', 'core'] | Data: ['papers-nuclear'] ----
[GPU 0] [16:10:09] [DEBUG] num_seq: 512, num_rounds: 200, patience: 10
[GPU 0] [16:10:09] [DEBUG] local_x: torch.Size([64, 1024]), local_y: torch.Size([64, 1024]), num_steps: 3, per_gpu: 64, mbs_size: 23
[GPU 0] [16:10:14] [INFO] New best validation loss: 3.0333 @ step 0
[GPU 0] [16:10:20] [INFO] New best validation loss: 2.9714 @ step 1
[GPU 0] [16:10:25] [INFO] New best validation loss: 2.9684 @ step 2
[GPU 0] [16:10:31] [INFO] New best validation loss: 2.9644 @ step 3
[GPU 0] [16:10:37] [INFO] New best validation loss: 2.9585 @ step 4
[GPU 0] [16:10:42] [INFO] New best validation loss: 2.9524 @ step 5
[GPU 0] [16:10:48] [INFO] New best validation loss: 2.9500 @ step 6
[GPU 0] [16:11:50] [INFO] Stop FT @ 18: no val improvement for 10 steps
[GPU 0] [16:11:50] [INFO] Wrote stats.jsonl entries at FT step 6 
[GPU 0] [16:11:50] [INFO] ROUTED - ADVERSARIAL FT START
[GPU 0] [16:11:50] [INFO] ---- Begin FT | Experts: ['core', 'papers-biology'] | Data: ['code-lisp'] ----
[GPU 0] [16:11:50] [DEBUG] num_seq: 512, num_rounds: 200, patience: 10
[GPU 0] [16:11:50] [DEBUG] local_x: torch.Size([64, 1024]), local_y: torch.Size([64, 1024]), num_steps: 3, per_gpu: 64, mbs_size: 23
[GPU 0] [16:11:56] [INFO] New best validation loss: 1.4416 @ step 0
[GPU 0] [16:12:02] [INFO] New best validation loss: 1.3364 @ step 1
[GPU 0] [16:12:07] [INFO] New best validation loss: 1.2957 @ step 2
[GPU 0] [16:12:13] [INFO] New best validation loss: 1.2533 @ step 3
[GPU 0] [16:12:19] [INFO] New best validation loss: 1.2270 @ step 4
[GPU 0] [16:12:24] [INFO] New best validation loss: 1.2005 @ step 5
[GPU 0] [16:12:30] [INFO] New best validation loss: 1.1794 @ step 6
[GPU 0] [16:12:36] [INFO] New best validation loss: 1.1620 @ step 7
[GPU 0] [16:12:41] [INFO] New best validation loss: 1.1446 @ step 8
[GPU 0] [16:12:47] [INFO] New best validation loss: 1.1297 @ step 9
[GPU 0] [16:12:53] [INFO] New best validation loss: 1.1178 @ step 10
[GPU 0] [16:12:58] [INFO] New best validation loss: 1.1070 @ step 11
[GPU 0] [16:13:04] [INFO] New best validation loss: 1.0965 @ step 12
[GPU 0] [16:13:09] [INFO] New best validation loss: 1.0870 @ step 13
[GPU 0] [16:13:15] [INFO] New best validation loss: 1.0790 @ step 14
[GPU 0] [16:13:21] [INFO] New best validation loss: 1.0722 @ step 15
[GPU 0] [16:13:26] [INFO] New best validation loss: 1.0660 @ step 16
[GPU 0] [16:13:32] [INFO] New best validation loss: 1.0611 @ step 17
[GPU 0] [16:13:37] [INFO] New best validation loss: 1.0580 @ step 18
[GPU 0] [16:13:43] [INFO] New best validation loss: 1.0560 @ step 19
[GPU 0] [16:13:49] [INFO] New best validation loss: 1.0539 @ step 20
[GPU 0] [16:13:54] [INFO] New best validation loss: 1.0513 @ step 21
[GPU 0] [16:14:00] [INFO] New best validation loss: 1.0494 @ step 22
[GPU 0] [16:14:05] [INFO] New best validation loss: 1.0486 @ step 23
[GPU 0] [16:15:08] [INFO] Stop FT @ 35: no val improvement for 10 steps
[GPU 0] [16:15:08] [INFO] Wrote stats.jsonl entries at FT step 23 
[GPU 0] [16:15:08] [INFO] ---- Begin FT | Experts: ['core', 'papers-biology'] | Data: ['papers-cyber'] ----
[GPU 0] [16:15:08] [DEBUG] num_seq: 512, num_rounds: 200, patience: 10
[GPU 0] [16:15:08] [DEBUG] local_x: torch.Size([64, 1024]), local_y: torch.Size([64, 1024]), num_steps: 3, per_gpu: 64, mbs_size: 23
[GPU 0] [16:15:15] [INFO] New best validation loss: 2.9010 @ step 0
[GPU 0] [16:15:20] [INFO] New best validation loss: 2.8796 @ step 1
[GPU 0] [16:15:26] [INFO] New best validation loss: 2.8703 @ step 2
[GPU 0] [16:15:31] [INFO] New best validation loss: 2.8652 @ step 3
[GPU 0] [16:15:37] [INFO] New best validation loss: 2.8622 @ step 4
[GPU 0] [16:16:39] [INFO] Stop FT @ 16: no val improvement for 10 steps
[GPU 0] [16:16:39] [INFO] Wrote stats.jsonl entries at FT step 4 
[GPU 0] [16:16:39] [INFO] ---- Begin FT | Experts: ['core', 'papers-biology'] | Data: ['papers-nuclear'] ----
[GPU 0] [16:16:39] [DEBUG] num_seq: 512, num_rounds: 200, patience: 10
[GPU 0] [16:16:39] [DEBUG] local_x: torch.Size([64, 1024]), local_y: torch.Size([64, 1024]), num_steps: 3, per_gpu: 64, mbs_size: 23
[GPU 0] [16:16:45] [INFO] New best validation loss: 3.0092 @ step 0
[GPU 0] [16:16:50] [INFO] New best validation loss: 2.9700 @ step 1
[GPU 0] [16:16:56] [INFO] New best validation loss: 2.9639 @ step 2
[GPU 0] [16:17:02] [INFO] New best validation loss: 2.9589 @ step 3
[GPU 0] [16:17:07] [INFO] New best validation loss: 2.9524 @ step 4
[GPU 0] [16:17:13] [INFO] New best validation loss: 2.9484 @ step 5
[GPU 0] [16:17:19] [INFO] New best validation loss: 2.9475 @ step 6
[GPU 0] [16:18:20] [INFO] Stop FT @ 18: no val improvement for 10 steps
[GPU 0] [16:18:20] [INFO] Wrote stats.jsonl entries at FT step 6 
[GPU 0] [16:18:20] [INFO] ROUTED - ADVERSARIAL FT START
[GPU 0] [16:18:21] [INFO] ---- Begin FT | Experts: ['core', 'papers-nuclear'] | Data: ['code-lisp'] ----
[GPU 0] [16:18:21] [DEBUG] num_seq: 512, num_rounds: 200, patience: 10
[GPU 0] [16:18:21] [DEBUG] local_x: torch.Size([64, 1024]), local_y: torch.Size([64, 1024]), num_steps: 3, per_gpu: 64, mbs_size: 23
[GPU 0] [16:18:26] [INFO] New best validation loss: 1.4372 @ step 0
[GPU 0] [16:18:32] [INFO] New best validation loss: 1.3348 @ step 1
[GPU 0] [16:18:38] [INFO] New best validation loss: 1.2944 @ step 2
[GPU 0] [16:18:44] [INFO] New best validation loss: 1.2515 @ step 3
[GPU 0] [16:18:49] [INFO] New best validation loss: 1.2252 @ step 4
[GPU 0] [16:18:55] [INFO] New best validation loss: 1.1986 @ step 5
[GPU 0] [16:19:00] [INFO] New best validation loss: 1.1786 @ step 6
[GPU 0] [16:19:06] [INFO] New best validation loss: 1.1610 @ step 7
[GPU 0] [16:19:12] [INFO] New best validation loss: 1.1433 @ step 8
[GPU 0] [16:19:17] [INFO] New best validation loss: 1.1287 @ step 9
[GPU 0] [16:19:23] [INFO] New best validation loss: 1.1170 @ step 10
[GPU 0] [16:19:28] [INFO] New best validation loss: 1.1059 @ step 11
[GPU 0] [16:19:34] [INFO] New best validation loss: 1.0951 @ step 12
[GPU 0] [16:19:39] [INFO] New best validation loss: 1.0862 @ step 13
[GPU 0] [16:19:45] [INFO] New best validation loss: 1.0782 @ step 14
[GPU 0] [16:19:51] [INFO] New best validation loss: 1.0712 @ step 15
[GPU 0] [16:19:56] [INFO] New best validation loss: 1.0652 @ step 16
[GPU 0] [16:20:02] [INFO] New best validation loss: 1.0605 @ step 17
[GPU 0] [16:20:08] [INFO] New best validation loss: 1.0579 @ step 18
[GPU 0] [16:20:13] [INFO] New best validation loss: 1.0556 @ step 19
[GPU 0] [16:20:19] [INFO] New best validation loss: 1.0531 @ step 20
[GPU 0] [16:20:24] [INFO] New best validation loss: 1.0506 @ step 21
[GPU 0] [16:20:30] [INFO] New best validation loss: 1.0489 @ step 22
[GPU 0] [16:20:36] [INFO] New best validation loss: 1.0485 @ step 23
[GPU 0] [16:21:37] [INFO] Stop FT @ 35: no val improvement for 10 steps
[GPU 0] [16:21:37] [INFO] Wrote stats.jsonl entries at FT step 23 
[GPU 0] [16:21:38] [INFO] ---- Begin FT | Experts: ['core', 'papers-nuclear'] | Data: ['papers-biology'] ----
[GPU 0] [16:21:38] [DEBUG] num_seq: 512, num_rounds: 200, patience: 10
[GPU 0] [16:21:38] [DEBUG] local_x: torch.Size([64, 1024]), local_y: torch.Size([64, 1024]), num_steps: 3, per_gpu: 64, mbs_size: 23
[GPU 0] [16:21:43] [INFO] New best validation loss: 2.6565 @ step 0
[GPU 0] [16:21:49] [INFO] New best validation loss: 2.6451 @ step 1
[GPU 0] [16:21:55] [INFO] New best validation loss: 2.6286 @ step 2
[GPU 0] [16:22:00] [INFO] New best validation loss: 2.6170 @ step 3
[GPU 0] [16:22:06] [INFO] New best validation loss: 2.6146 @ step 4
[GPU 0] [16:22:11] [INFO] New best validation loss: 2.6137 @ step 5
[GPU 0] [16:22:17] [INFO] New best validation loss: 2.6134 @ step 6
[GPU 0] [16:23:18] [INFO] Stop FT @ 18: no val improvement for 10 steps
[GPU 0] [16:23:18] [INFO] Wrote stats.jsonl entries at FT step 6 
[GPU 0] [16:23:19] [INFO] ---- Begin FT | Experts: ['core', 'papers-nuclear'] | Data: ['papers-cyber'] ----
[GPU 0] [16:23:19] [DEBUG] num_seq: 512, num_rounds: 200, patience: 10
[GPU 0] [16:23:19] [DEBUG] local_x: torch.Size([64, 1024]), local_y: torch.Size([64, 1024]), num_steps: 3, per_gpu: 64, mbs_size: 23
[GPU 0] [16:23:25] [INFO] New best validation loss: 2.9148 @ step 0
[GPU 0] [16:23:30] [INFO] New best validation loss: 2.8753 @ step 1
[GPU 0] [16:23:36] [INFO] New best validation loss: 2.8670 @ step 2
[GPU 0] [16:23:41] [INFO] New best validation loss: 2.8636 @ step 3
[GPU 0] [16:23:47] [INFO] New best validation loss: 2.8603 @ step 4
[GPU 0] [16:23:52] [INFO] New best validation loss: 2.8601 @ step 5
[GPU 0] [16:24:54] [INFO] Stop FT @ 17: no val improvement for 10 steps
[GPU 0] [16:24:54] [INFO] Wrote stats.jsonl entries at FT step 5 
[GPU 0] [16:24:54] [INFO] ROUTED - ADVERSARIAL FT START
[GPU 0] [16:24:54] [INFO] ---- Begin FT | Experts: ['core', 'papers-cyber'] | Data: ['code-lisp'] ----
[GPU 0] [16:24:54] [DEBUG] num_seq: 512, num_rounds: 200, patience: 10
[GPU 0] [16:24:54] [DEBUG] local_x: torch.Size([64, 1024]), local_y: torch.Size([64, 1024]), num_steps: 3, per_gpu: 64, mbs_size: 23
[GPU 0] [16:25:00] [INFO] New best validation loss: 1.4354 @ step 0
[GPU 0] [16:25:06] [INFO] New best validation loss: 1.3323 @ step 1
[GPU 0] [16:25:11] [INFO] New best validation loss: 1.2912 @ step 2
[GPU 0] [16:25:17] [INFO] New best validation loss: 1.2498 @ step 3
[GPU 0] [16:25:22] [INFO] New best validation loss: 1.2236 @ step 4
[GPU 0] [16:25:28] [INFO] New best validation loss: 1.1963 @ step 5
[GPU 0] [16:25:33] [INFO] New best validation loss: 1.1769 @ step 6
[GPU 0] [16:25:39] [INFO] New best validation loss: 1.1589 @ step 7
[GPU 0] [16:25:45] [INFO] New best validation loss: 1.1414 @ step 8
[GPU 0] [16:25:50] [INFO] New best validation loss: 1.1269 @ step 9
[GPU 0] [16:25:56] [INFO] New best validation loss: 1.1147 @ step 10
[GPU 0] [16:26:02] [INFO] New best validation loss: 1.1039 @ step 11
[GPU 0] [16:26:07] [INFO] New best validation loss: 1.0936 @ step 12
[GPU 0] [16:26:13] [INFO] New best validation loss: 1.0846 @ step 13
[GPU 0] [16:26:18] [INFO] New best validation loss: 1.0764 @ step 14
[GPU 0] [16:26:24] [INFO] New best validation loss: 1.0693 @ step 15
[GPU 0] [16:26:30] [INFO] New best validation loss: 1.0633 @ step 16
[GPU 0] [16:26:35] [INFO] New best validation loss: 1.0596 @ step 17
[GPU 0] [16:26:41] [INFO] New best validation loss: 1.0572 @ step 18
[GPU 0] [16:26:47] [INFO] New best validation loss: 1.0552 @ step 19
[GPU 0] [16:26:52] [INFO] New best validation loss: 1.0523 @ step 20
[GPU 0] [16:26:58] [INFO] New best validation loss: 1.0496 @ step 21
[GPU 0] [16:27:03] [INFO] New best validation loss: 1.0481 @ step 22
[GPU 0] [16:27:09] [INFO] New best validation loss: 1.0480 @ step 23
[GPU 0] [16:28:10] [INFO] Stop FT @ 35: no val improvement for 10 steps
[GPU 0] [16:28:10] [INFO] Wrote stats.jsonl entries at FT step 23 
[GPU 0] [16:28:11] [INFO] ---- Begin FT | Experts: ['core', 'papers-cyber'] | Data: ['papers-biology'] ----
[GPU 0] [16:28:11] [DEBUG] num_seq: 512, num_rounds: 200, patience: 10
[GPU 0] [16:28:11] [DEBUG] local_x: torch.Size([64, 1024]), local_y: torch.Size([64, 1024]), num_steps: 3, per_gpu: 64, mbs_size: 23
[GPU 0] [16:28:17] [INFO] New best validation loss: 2.6674 @ step 0
[GPU 0] [16:28:22] [INFO] New best validation loss: 2.6398 @ step 1
[GPU 0] [16:28:28] [INFO] New best validation loss: 2.6301 @ step 2
[GPU 0] [16:28:34] [INFO] New best validation loss: 2.6212 @ step 3
[GPU 0] [16:28:39] [INFO] New best validation loss: 2.6153 @ step 4
[GPU 0] [16:28:45] [INFO] New best validation loss: 2.6137 @ step 5
[GPU 0] [16:29:46] [INFO] Stop FT @ 17: no val improvement for 10 steps
[GPU 0] [16:29:46] [INFO] Wrote stats.jsonl entries at FT step 5 
[GPU 0] [16:29:47] [INFO] ---- Begin FT | Experts: ['core', 'papers-cyber'] | Data: ['papers-nuclear'] ----
[GPU 0] [16:29:47] [DEBUG] num_seq: 512, num_rounds: 200, patience: 10
[GPU 0] [16:29:47] [DEBUG] local_x: torch.Size([64, 1024]), local_y: torch.Size([64, 1024]), num_steps: 3, per_gpu: 64, mbs_size: 23
[GPU 0] [16:29:53] [INFO] New best validation loss: 3.0290 @ step 0
[GPU 0] [16:29:58] [INFO] New best validation loss: 2.9708 @ step 1
[GPU 0] [16:30:04] [INFO] New best validation loss: 2.9658 @ step 2
[GPU 0] [16:30:11] [INFO] New best validation loss: 2.9625 @ step 3
[GPU 0] [16:30:16] [INFO] New best validation loss: 2.9569 @ step 4
[GPU 0] [16:30:22] [INFO] New best validation loss: 2.9511 @ step 5
[GPU 0] [16:30:28] [INFO] New best validation loss: 2.9494 @ step 6
[GPU 0] [16:31:29] [INFO] Stop FT @ 18: no val improvement for 10 steps
[GPU 0] [16:31:29] [INFO] Wrote stats.jsonl entries at FT step 6 
[GPU 0] [16:31:30] [INFO] ROUTED - ADVERSARIAL FT START
[GPU 0] [16:31:30] [INFO] ---- Begin FT | Experts: ['core', 'papers-biology', 'papers-cyber', 'papers-nuclear'] | Data: ['code-lisp'] ----
[GPU 0] [16:31:30] [DEBUG] num_seq: 512, num_rounds: 200, patience: 10
[GPU 0] [16:31:30] [DEBUG] local_x: torch.Size([64, 1024]), local_y: torch.Size([64, 1024]), num_steps: 3, per_gpu: 64, mbs_size: 23
[GPU 0] [16:31:37] [INFO] New best validation loss: 1.4391 @ step 0
[GPU 0] [16:31:43] [INFO] New best validation loss: 1.3364 @ step 1
[GPU 0] [16:31:49] [INFO] New best validation loss: 1.2947 @ step 2
[GPU 0] [16:31:55] [INFO] New best validation loss: 1.2525 @ step 3
[GPU 0] [16:32:01] [INFO] New best validation loss: 1.2260 @ step 4
[GPU 0] [16:32:07] [INFO] New best validation loss: 1.1991 @ step 5
[GPU 0] [16:32:13] [INFO] New best validation loss: 1.1787 @ step 6
[GPU 0] [16:32:19] [INFO] New best validation loss: 1.1607 @ step 7
[GPU 0] [16:32:25] [INFO] New best validation loss: 1.1430 @ step 8
[GPU 0] [16:32:32] [INFO] New best validation loss: 1.1283 @ step 9
[GPU 0] [16:32:38] [INFO] New best validation loss: 1.1164 @ step 10
[GPU 0] [16:32:44] [INFO] New best validation loss: 1.1054 @ step 11
[GPU 0] [16:32:50] [INFO] New best validation loss: 1.0945 @ step 12
[GPU 0] [16:32:56] [INFO] New best validation loss: 1.0856 @ step 13
[GPU 0] [16:33:02] [INFO] New best validation loss: 1.0776 @ step 14
[GPU 0] [16:33:08] [INFO] New best validation loss: 1.0705 @ step 15
[GPU 0] [16:33:14] [INFO] New best validation loss: 1.0643 @ step 16
[GPU 0] [16:33:20] [INFO] New best validation loss: 1.0599 @ step 17
[GPU 0] [16:33:26] [INFO] New best validation loss: 1.0573 @ step 18
[GPU 0] [16:33:32] [INFO] New best validation loss: 1.0553 @ step 19
[GPU 0] [16:33:39] [INFO] New best validation loss: 1.0528 @ step 20
[GPU 0] [16:33:45] [INFO] New best validation loss: 1.0500 @ step 21
[GPU 0] [16:33:51] [INFO] New best validation loss: 1.0482 @ step 22
[GPU 0] [16:33:57] [INFO] New best validation loss: 1.0477 @ step 23
[GPU 0] [16:35:03] [INFO] Stop FT @ 35: no val improvement for 10 steps
[GPU 0] [16:35:03] [INFO] Wrote stats.jsonl entries at FT step 23 
[GPU 0] [16:35:03] [INFO] ROUTED - ADVERSARIAL FT START
[GPU 0] [16:35:03] [INFO] ---- Begin FT | Experts: ['code-lisp', 'core', 'papers-cyber', 'papers-nuclear'] | Data: ['papers-biology'] ----
[GPU 0] [16:35:03] [DEBUG] num_seq: 512, num_rounds: 200, patience: 10
[GPU 0] [16:35:03] [DEBUG] local_x: torch.Size([64, 1024]), local_y: torch.Size([64, 1024]), num_steps: 3, per_gpu: 64, mbs_size: 23
[GPU 0] [16:35:09] [INFO] New best validation loss: 2.6672 @ step 0
[GPU 0] [16:35:15] [INFO] New best validation loss: 2.6422 @ step 1
[GPU 0] [16:35:21] [INFO] New best validation loss: 2.6307 @ step 2
[GPU 0] [16:35:27] [INFO] New best validation loss: 2.6189 @ step 3
[GPU 0] [16:35:33] [INFO] New best validation loss: 2.6142 @ step 4
[GPU 0] [16:35:40] [INFO] New best validation loss: 2.6137 @ step 5
[GPU 0] [16:35:46] [INFO] New best validation loss: 2.6136 @ step 6
[GPU 0] [16:36:52] [INFO] Stop FT @ 18: no val improvement for 10 steps
[GPU 0] [16:36:52] [INFO] Wrote stats.jsonl entries at FT step 6 
[GPU 0] [16:36:52] [INFO] ROUTED - ADVERSARIAL FT START
[GPU 0] [16:36:52] [INFO] ---- Begin FT | Experts: ['code-lisp', 'core', 'papers-biology', 'papers-cyber'] | Data: ['papers-nuclear'] ----
[GPU 0] [16:36:52] [DEBUG] num_seq: 512, num_rounds: 200, patience: 10
[GPU 0] [16:36:52] [DEBUG] local_x: torch.Size([64, 1024]), local_y: torch.Size([64, 1024]), num_steps: 3, per_gpu: 64, mbs_size: 23
[GPU 0] [16:36:58] [INFO] New best validation loss: 3.0157 @ step 0
[GPU 0] [16:37:04] [INFO] New best validation loss: 2.9676 @ step 1
[GPU 0] [16:37:10] [INFO] New best validation loss: 2.9630 @ step 2
[GPU 0] [16:37:17] [INFO] New best validation loss: 2.9585 @ step 3
[GPU 0] [16:37:23] [INFO] New best validation loss: 2.9518 @ step 4
[GPU 0] [16:37:29] [INFO] New best validation loss: 2.9477 @ step 5
[GPU 0] [16:37:35] [INFO] New best validation loss: 2.9465 @ step 6
[GPU 0] [16:38:41] [INFO] Stop FT @ 18: no val improvement for 10 steps
[GPU 0] [16:38:41] [INFO] Wrote stats.jsonl entries at FT step 6 
[GPU 0] [16:38:41] [INFO] ROUTED - ADVERSARIAL FT START
[GPU 0] [16:38:42] [INFO] ---- Begin FT | Experts: ['code-lisp', 'core', 'papers-biology', 'papers-nuclear'] | Data: ['papers-cyber'] ----
[GPU 0] [16:38:42] [DEBUG] num_seq: 512, num_rounds: 200, patience: 10
[GPU 0] [16:38:42] [DEBUG] local_x: torch.Size([64, 1024]), local_y: torch.Size([64, 1024]), num_steps: 3, per_gpu: 64, mbs_size: 23
[GPU 0] [16:38:48] [INFO] New best validation loss: 2.9096 @ step 0
[GPU 0] [16:38:53] [INFO] New best validation loss: 2.8753 @ step 1
[GPU 0] [16:39:00] [INFO] New best validation loss: 2.8656 @ step 2
[GPU 0] [16:39:06] [INFO] New best validation loss: 2.8628 @ step 3
[GPU 0] [16:39:11] [INFO] New best validation loss: 2.8591 @ step 4
[GPU 0] [16:39:17] [INFO] New best validation loss: 2.8582 @ step 5
[GPU 0] [16:40:23] [INFO] Stop FT @ 17: no val improvement for 10 steps
[GPU 0] [16:40:23] [INFO] Wrote stats.jsonl entries at FT step 5 
[GPU 0] [16:40:27] [INFO] ----------------------------------------
[GPU 0] [16:40:27] [INFO] Finished. See /workspace/gradient-routing/experiments/AGI-1699-New-Dataset-Runs/results/partial/400M/seed_2/20260522081439180540
