[GPU 0] [23:03:06] [INFO] Git branch: AGI-1696-New-Dataset-Runs_ethan, commit: c0b9a76888cc314c96219697ba456f69572cf709
[GPU 0] [23:03:06] [INFO] Number of GPUs: 8
[GPU 0] [23:03:07] [INFO] Tokenizer vocabulary: 50257
[GPU 0] [23:03:07] [INFO] Set model vocab size to nearest multiple of 64 of tokenizer size: 50304
[GPU 0] [23:03:17] [INFO] target effective batch size: 641, actual effective batch size: 672, micro batch size: 12, accumulation steps: 7, num gpus: 8
[GPU 0] [23:03:17] [INFO] core total number of tokens: 66749057569
[GPU 0] [23:03:17] [INFO] Baseline model has 806,509,504 parameters
[GPU 0] [23:03:17] [INFO] core: chinchilla optimal tokens: 16,130,190,080, requested proportion: 1.0000, requested number of tokens: 16,130,190,080.0, 
[GPU 0] [23:03:17] [INFO] aux total number of tokens: 4835776549
[GPU 0] [23:03:17] [INFO] Baseline model has 806,509,504 parameters
[GPU 0] [23:03:17] [INFO] aux: chinchilla optimal tokens: 16,130,190,080, requested proportion: 0.0100, requested number of tokens: 161,301,900.8, 
[GPU 0] [23:03:17] [DEBUG] Saved config to /workspace-vast/ethanr/gradient-routing/experiments/AGI-1699-New-Dataset-Runs/results/arbsub/800M/seed_2/lora/config.json
[GPU 0] [23:03:17] [DEBUG] {
    "stages": [
        {
            "name": "routed",
            "num_checkpoints": -1,
            "lr": 0.0005663534909876918,
            "res_dir": "/workspace-vast/ethanr/gradient-routing/experiments/AGI-1699-New-Dataset-Runs/results/arbsub/800M/seed_2/lora/routed",
            "acc_mode": "uniform",
            "do_eval": true,
            "do_sample": false,
            "num_train_evals": 0,
            "do_elicit": false,
            "elicit_eval_prc": 0.5,
            "elicit_num_evals": 100,
            "retain_targets": null,
            "model": {
                "arch": "lora",
                "tokenizer": "GPT2Tokenizer(name_or_path='EleutherAI/gpt-neo-125M', vocab_size=50257, model_max_length=2048, padding_side='right', truncation_side='right', special_tokens={'bos_token': '<|endoftext|>', 'eos_token': '<|endoftext|>', 'unk_token': '<|endoftext|>'}, added_tokens_decoder={\n\t50256: AddedToken(\"<|endoftext|>\", rstrip=False, lstrip=False, single_word=False, normalized=True, special=True),\n}\n)",
                "ctx_len": 1024,
                "vocab_size": 50304,
                "num_layers": 24,
                "num_heads": 8,
                "num_key_value": 2,
                "attn_bias": true,
                "eos_token_id": 50256,
                "embed_dim": 1600,
                "mlp_dim": 6400,
                "core_param_prc": 1.0,
                "aux_param_prc": 0.1
            },
            "eval_arbsub": true,
            "label_prc": 1.0,
            "aux_factor": {
                "code-lisp": 2.0,
                "papers-biology": 1.0,
                "papers-nuclear": 1.0,
                "papers-cyber": 1.0
            },
            "core_aux_ratio": 1.0,
            "equal_compute": true
        }
    ],
    "model": {
        "arch": "base",
        "tokenizer": "GPT2Tokenizer(name_or_path='EleutherAI/gpt-neo-125M', vocab_size=50257, model_max_length=2048, padding_side='right', truncation_side='right', special_tokens={'bos_token': '<|endoftext|>', 'eos_token': '<|endoftext|>', 'unk_token': '<|endoftext|>'}, added_tokens_decoder={\n\t50256: AddedToken(\"<|endoftext|>\", rstrip=False, lstrip=False, single_word=False, normalized=True, special=True),\n}\n)",
        "ctx_len": 1024,
        "vocab_size": 50304,
        "num_layers": 24,
        "num_heads": 8,
        "num_key_value": 2,
        "attn_bias": true,
        "eos_token_id": 50256,
        "embed_dim": 1600,
        "mlp_dim": 6400
    },
    "data": {
        "dirs": [
            "/workspace-vast/ethanr/gradient-routing/experiments/AGI-1699-New-Dataset-Runs/src/data/fineweb",
            "/workspace-vast/ethanr/gradient-routing/experiments/AGI-1699-New-Dataset-Runs/src/data/code",
            "/workspace-vast/ethanr/gradient-routing/experiments/AGI-1699-New-Dataset-Runs/src/data/papers"
        ],
        "core": {
            "labels": [
                "fineweb",
                "code-other",
                "papers-other"
            ],
            "method": "optimal",
            "limit": 1.0,
            "dist": {
                "fineweb": 0.84,
                "code-other": 0.15,
                "papers-other": 0.01
            },
            "num_tok": 16130190080.0
        },
        "aux": {
            "labels": [
                "code-lisp",
                "papers-biology",
                "papers-nuclear",
                "papers-cyber"
            ],
            "method": "optimal",
            "limit": 0.01,
            "dist": {
                "code-lisp": 0.25,
                "papers-biology": 0.25,
                "papers-nuclear": 0.25,
                "papers-cyber": 0.25
            },
            "num_tok": 161301900.8
        }
    },
    "run": {
        "target_effective_batch_size": 641,
        "effective_batch_size": 672,
        "micro_batch_size": 12,
        "accumulation_steps": 7,
        "max_num_test_sequences": 10000,
        "eval_all_labels": false,
        "micro_batch_anchors": [
            [
                400000000.0,
                23
            ],
            [
                5000000000.0,
                2
            ]
        ],
        "epochs": 1,
        "adam_betas": [
            0.9,
            0.95
        ],
        "warmup_prc": 0.02,
        "decay_prc": 0.1,
        "seed": 2,
        "compile": true,
        "find_unused_parameters": true,
        "is_ddp": true,
        "cleanup_distributed": false,
        "log_level": "DEBUG",
        "num_gpus": 8,
        "process_id": 0,
        "num_base_params": 806509504,
        "device": "cuda",
        "logger": "<Logger training_lora (DEBUG)>",
        "labels": [
            "core",
            "code-lisp",
            "papers-biology",
            "papers-cyber",
            "papers-nuclear"
        ],
        "loaders": {
            "code-lisp": {
                "train": "SingleDataLoader(code-lisp_train_001.bin, len=410)",
                "test": "InterleavedDataLoader(len=105)"
            },
            "code-other": {
                "train": "InterleavedDataLoader(len=24612)",
                "test": "InterleavedDataLoader(len=105)"
            },
            "fineweb": {
                "train": "InterleavedDataLoader(len=137831)",
                "test": "InterleavedDataLoader(len=105)"
            },
            "papers-biology": {
                "train": "SingleDataLoader(papers-biology_train.bin, len=410)",
                "test": "SingleDataLoader(papers-biology_test.bin, len=105)"
            },
            "papers-cyber": {
                "train": "SingleDataLoader(papers-cyber_train.bin, len=410)",
                "test": "SingleDataLoader(papers-cyber_test.bin, len=105)"
            },
            "papers-nuclear": {
                "train": "SingleDataLoader(papers-nuclear_train.bin, len=410)",
                "test": "SingleDataLoader(papers-nuclear_test.bin, len=105)"
            },
            "papers-other": {
                "train": "SingleDataLoader(papers-other_train.bin, len=1640)",
                "test": "SingleDataLoader(papers-other_test.bin, len=105)"
            },
            "core": {
                "train": "InterleavedDataLoader(len=164083)",
                "test": "InterleavedDataLoader(len=315)"
            },
            "aux": {
                "train": "InterleavedDataLoader(len=1640)",
                "test": "InterleavedDataLoader(len=420)"
            },
            "all": {
                "train": "InterleavedDataLoader(len=165723)",
                "test": "InterleavedDataLoader(len=735)"
            }
        },
        "res_root": "/workspace-vast/ethanr/gradient-routing/experiments/AGI-1699-New-Dataset-Runs/results/arbsub/800M/seed_2",
        "experiment_id": "lora",
        "s3_bucket": "ae-gradient-routing-results",
        "s3_prefix": "arbsub/800M/seed_2/lora"
    },
    "label_prc": 1.0
}
[GPU 0] [23:03:17] [INFO] === arbsub eval: method=lora seed=2 ===
[GPU 0] [23:03:17] [INFO] Source checkpoint: /workspace-vast/ethanr/gradient-routing/experiments/AGI-1699-New-Dataset-Runs/results/scaling/realistic/lora/800M/seed_2/20260423061927004421/routed/checkpoint.pth
[GPU 0] [23:03:17] [INFO] Output res_dir: /workspace-vast/ethanr/gradient-routing/experiments/AGI-1699-New-Dataset-Runs/results/arbsub/800M/seed_2/lora
[GPU 0] [23:04:07] [INFO] Initialized LoRATransformer with 1,003,117,504 total parameters
[GPU 0] [23:04:07] [INFO]   Label 'core' has 806,509,504 parameters
[GPU 0] [23:04:07] [INFO]   Label 'code-lisp' has 49,152,000 parameters
[GPU 0] [23:04:07] [INFO]   Label 'papers-biology' has 49,152,000 parameters
[GPU 0] [23:04:07] [INFO]   Label 'papers-cyber' has 49,152,000 parameters
[GPU 0] [23:04:07] [INFO]   Label 'papers-nuclear' has 49,152,000 parameters
[GPU 0] [23:04:07] [INFO] Compiling LoRATransformer with torch.compile...
[GPU 0] [23:04:07] [INFO] torch.compile done
[GPU 0] [23:04:20] [INFO] Running 10 eval passes (arbsub-expanded retain targets)
[GPU 0] [23:04:20] [INFO] ---- Begin Eval ----
[GPU 0] [23:04:20] [INFO] Data: core | Experts: ['core']
[GPU 0] [23:04:44] [INFO] loss: 1.87852657
[GPU 0] [23:04:44] [INFO] Data: code-lisp | Experts: ['core']
[GPU 0] [23:04:51] [INFO] loss: 1.41462040
[GPU 0] [23:04:51] [INFO] Data: papers-biology | Experts: ['core']
[GPU 0] [23:04:58] [INFO] loss: 2.46949387
[GPU 0] [23:04:58] [INFO] Data: papers-nuclear | Experts: ['core']
[GPU 0] [23:05:05] [INFO] loss: 2.84395456
[GPU 0] [23:05:05] [INFO] Data: papers-cyber | Experts: ['core']
[GPU 0] [23:05:12] [INFO] loss: 2.71266747
[GPU 0] [23:05:12] [INFO] ---- Begin Eval ----
[GPU 0] [23:05:12] [INFO] Data: core | Experts: ['code-lisp', 'core']
[GPU 0] [23:05:36] [INFO] loss: 1.89129603
[GPU 0] [23:05:36] [INFO] Data: code-lisp | Experts: ['code-lisp', 'core']
[GPU 0] [23:05:44] [INFO] loss: 0.81896627
[GPU 0] [23:05:44] [INFO] Data: papers-biology | Experts: ['code-lisp', 'core']
[GPU 0] [23:05:52] [INFO] loss: 2.47966909
[GPU 0] [23:05:52] [INFO] Data: papers-nuclear | Experts: ['code-lisp', 'core']
[GPU 0] [23:06:00] [INFO] loss: 2.85572934
[GPU 0] [23:06:00] [INFO] Data: papers-cyber | Experts: ['code-lisp', 'core']
[GPU 0] [23:06:08] [INFO] loss: 2.72513008
[GPU 0] [23:06:08] [INFO] ---- Begin Eval ----
[GPU 0] [23:06:08] [INFO] Data: core | Experts: ['core', 'papers-biology']
[GPU 0] [23:06:34] [INFO] loss: 1.88599646
[GPU 0] [23:06:34] [INFO] Data: code-lisp | Experts: ['core', 'papers-biology']
[GPU 0] [23:06:41] [INFO] loss: 1.41811287
[GPU 0] [23:06:41] [INFO] Data: papers-biology | Experts: ['core', 'papers-biology']
[GPU 0] [23:06:49] [INFO] loss: 2.37256336
[GPU 0] [23:06:49] [INFO] Data: papers-nuclear | Experts: ['core', 'papers-biology']
[GPU 0] [23:06:57] [INFO] loss: 2.84192705
[GPU 0] [23:06:57] [INFO] Data: papers-cyber | Experts: ['core', 'papers-biology']
[GPU 0] [23:07:05] [INFO] loss: 2.72211695
[GPU 0] [23:07:05] [INFO] ---- Begin Eval ----
[GPU 0] [23:07:05] [INFO] Data: core | Experts: ['core', 'papers-nuclear']
[GPU 0] [23:07:29] [INFO] loss: 1.88993597
[GPU 0] [23:07:29] [INFO] Data: code-lisp | Experts: ['core', 'papers-nuclear']
[GPU 0] [23:07:37] [INFO] loss: 1.41842902
[GPU 0] [23:07:37] [INFO] Data: papers-biology | Experts: ['core', 'papers-nuclear']
[GPU 0] [23:07:45] [INFO] loss: 2.47072172
[GPU 0] [23:07:45] [INFO] Data: papers-nuclear | Experts: ['core', 'papers-nuclear']
[GPU 0] [23:07:53] [INFO] loss: 2.72100091
[GPU 0] [23:07:53] [INFO] Data: papers-cyber | Experts: ['core', 'papers-nuclear']
[GPU 0] [23:08:01] [INFO] loss: 2.72518587
[GPU 0] [23:08:01] [INFO] ---- Begin Eval ----
[GPU 0] [23:08:01] [INFO] Data: core | Experts: ['core', 'papers-cyber']
[GPU 0] [23:08:25] [INFO] loss: 1.88122439
[GPU 0] [23:08:25] [INFO] Data: code-lisp | Experts: ['core', 'papers-cyber']
[GPU 0] [23:08:33] [INFO] loss: 1.41783381
[GPU 0] [23:08:33] [INFO] Data: papers-biology | Experts: ['core', 'papers-cyber']
[GPU 0] [23:08:41] [INFO] loss: 2.47064734
[GPU 0] [23:08:41] [INFO] Data: papers-nuclear | Experts: ['core', 'papers-cyber']
[GPU 0] [23:08:49] [INFO] loss: 2.84049487
[GPU 0] [23:08:49] [INFO] Data: papers-cyber | Experts: ['core', 'papers-cyber']
[GPU 0] [23:08:57] [INFO] loss: 2.64181542
[GPU 0] [23:08:57] [INFO] ---- Begin Eval ----
[GPU 0] [23:08:57] [INFO] Data: core | Experts: ['core', 'papers-biology', 'papers-cyber', 'papers-nuclear']
[GPU 0] [23:09:26] [INFO] loss: 1.91054928
[GPU 0] [23:09:26] [INFO] Data: code-lisp | Experts: ['core', 'papers-biology', 'papers-cyber', 'papers-nuclear']
[GPU 0] [23:09:36] [INFO] loss: 1.43798816
[GPU 0] [23:09:36] [INFO] Data: papers-biology | Experts: ['core', 'papers-biology', 'papers-cyber', 'papers-nuclear']
[GPU 0] [23:09:45] [INFO] loss: 2.40539432
[GPU 0] [23:09:45] [INFO] Data: papers-nuclear | Experts: ['core', 'papers-biology', 'papers-cyber', 'papers-nuclear']
[GPU 0] [23:09:55] [INFO] loss: 2.74970245
[GPU 0] [23:09:55] [INFO] Data: papers-cyber | Experts: ['core', 'papers-biology', 'papers-cyber', 'papers-nuclear']
[GPU 0] [23:10:05] [INFO] loss: 2.68180823
[GPU 0] [23:10:05] [INFO] ---- Begin Eval ----
[GPU 0] [23:10:05] [INFO] Data: core | Experts: ['code-lisp', 'core', 'papers-cyber', 'papers-nuclear']
[GPU 0] [23:10:34] [INFO] loss: 1.91044223
[GPU 0] [23:10:34] [INFO] Data: code-lisp | Experts: ['code-lisp', 'core', 'papers-cyber', 'papers-nuclear']
[GPU 0] [23:10:44] [INFO] loss: 0.83311248
[GPU 0] [23:10:44] [INFO] Data: papers-biology | Experts: ['code-lisp', 'core', 'papers-cyber', 'papers-nuclear']
[GPU 0] [23:10:54] [INFO] loss: 2.49676347
[GPU 0] [23:10:54] [INFO] Data: papers-nuclear | Experts: ['code-lisp', 'core', 'papers-cyber', 'papers-nuclear']
[GPU 0] [23:11:04] [INFO] loss: 2.74667048
[GPU 0] [23:11:04] [INFO] Data: papers-cyber | Experts: ['code-lisp', 'core', 'papers-cyber', 'papers-nuclear']
[GPU 0] [23:11:13] [INFO] loss: 2.67671132
[GPU 0] [23:11:13] [INFO] ---- Begin Eval ----
[GPU 0] [23:11:13] [INFO] Data: core | Experts: ['code-lisp', 'core', 'papers-biology', 'papers-cyber']
[GPU 0] [23:11:43] [INFO] loss: 1.90536880
[GPU 0] [23:11:43] [INFO] Data: code-lisp | Experts: ['code-lisp', 'core', 'papers-biology', 'papers-cyber']
[GPU 0] [23:11:53] [INFO] loss: 0.83060598
[GPU 0] [23:11:53] [INFO] Data: papers-biology | Experts: ['code-lisp', 'core', 'papers-biology', 'papers-cyber']
[GPU 0] [23:12:03] [INFO] loss: 2.39538693
[GPU 0] [23:12:03] [INFO] Data: papers-nuclear | Experts: ['code-lisp', 'core', 'papers-biology', 'papers-cyber']
[GPU 0] [23:12:12] [INFO] loss: 2.85967255
[GPU 0] [23:12:12] [INFO] Data: papers-cyber | Experts: ['code-lisp', 'core', 'papers-biology', 'papers-cyber']
[GPU 0] [23:12:22] [INFO] loss: 2.66964293
[GPU 0] [23:12:22] [INFO] ---- Begin Eval ----
[GPU 0] [23:12:22] [INFO] Data: core | Experts: ['code-lisp', 'core', 'papers-biology', 'papers-nuclear']
[GPU 0] [23:12:52] [INFO] loss: 1.91716588
[GPU 0] [23:12:52] [INFO] Data: code-lisp | Experts: ['code-lisp', 'core', 'papers-biology', 'papers-nuclear']
[GPU 0] [23:13:01] [INFO] loss: 0.83400762
[GPU 0] [23:13:01] [INFO] Data: papers-biology | Experts: ['code-lisp', 'core', 'papers-biology', 'papers-nuclear']
[GPU 0] [23:13:11] [INFO] loss: 2.40351582
[GPU 0] [23:13:11] [INFO] Data: papers-nuclear | Experts: ['code-lisp', 'core', 'papers-biology', 'papers-nuclear']
[GPU 0] [23:13:21] [INFO] loss: 2.74964643
[GPU 0] [23:13:21] [INFO] Data: papers-cyber | Experts: ['code-lisp', 'core', 'papers-biology', 'papers-nuclear']
[GPU 0] [23:13:31] [INFO] loss: 2.75824046
[GPU 0] [23:13:31] [INFO] ---- Begin Eval ----
[GPU 0] [23:13:31] [INFO] Data: core | Experts: ['code-lisp', 'core', 'papers-biology', 'papers-cyber', 'papers-nuclear']
[GPU 0] [23:14:03] [INFO] loss: 1.92624629
[GPU 0] [23:14:03] [INFO] Data: code-lisp | Experts: ['code-lisp', 'core', 'papers-biology', 'papers-cyber', 'papers-nuclear']
[GPU 0] [23:14:14] [INFO] loss: 0.84414768
[GPU 0] [23:14:14] [INFO] Data: papers-biology | Experts: ['code-lisp', 'core', 'papers-biology', 'papers-cyber', 'papers-nuclear']
[GPU 0] [23:14:24] [INFO] loss: 2.42055440
[GPU 0] [23:14:24] [INFO] Data: papers-nuclear | Experts: ['code-lisp', 'core', 'papers-biology', 'papers-cyber', 'papers-nuclear']
[GPU 0] [23:14:35] [INFO] loss: 2.76488066
[GPU 0] [23:14:35] [INFO] Data: papers-cyber | Experts: ['code-lisp', 'core', 'papers-biology', 'papers-cyber', 'papers-nuclear']
[GPU 0] [23:14:46] [INFO] loss: 2.69722867
[GPU 0] [23:14:46] [INFO] Finished lora/seed_2. See /workspace-vast/ethanr/gradient-routing/experiments/AGI-1699-New-Dataset-Runs/results/arbsub/800M/seed_2/lora
