[GPU 0] [15:30:44] [INFO] Git branch: arxiv-codebase, commit: ee664e93914c1fe7d5f204d3f3b76f8c73aae582
[GPU 0] [15:30:44] [INFO] Number of GPUs: 8
[GPU 0] [15:30:45] [INFO] Tokenizer vocabulary: 50257
[GPU 0] [15:30:45] [INFO] Set model vocab size to nearest multiple of 64 of tokenizer size: 50304
[GPU 0] [15:30:57] [INFO] target effective batch size: 641, actual effective batch size: 672, micro batch size: 12, accumulation steps: 7, num gpus: 8
[GPU 0] [15:30:57] [INFO] core total number of tokens: 66749057569
[GPU 0] [15:30:57] [INFO] Baseline model has 806,509,504 parameters
[GPU 0] [15:30:57] [INFO] core: chinchilla optimal tokens: 16,130,190,080, requested proportion: 1.0000, requested number of tokens: 16,130,190,080.0, 
[GPU 0] [15:30:57] [INFO] aux total number of tokens: 4835776549
[GPU 0] [15:30:57] [INFO] Baseline model has 806,509,504 parameters
[GPU 0] [15:30:57] [INFO] aux: chinchilla optimal tokens: 16,130,190,080, requested proportion: 0.0100, requested number of tokens: 161,301,900.8, 
[GPU 0] [15:30:58] [DEBUG] Saved config to /workspace-vast/ethanr/gradient-routing/experiments/arXiv-Codebase/results/partial/800M/seed_1/20260707153033423599/config.json
[GPU 0] [15:30:58] [DEBUG] {
    "stages": [
        {
            "name": "baseline",
            "num_checkpoints": -1,
            "lr": 0.0005663534909876918,
            "res_dir": "/workspace-vast/ethanr/gradient-routing/experiments/arXiv-Codebase/results/partial/800M/seed_1/20260707153033423599/baseline",
            "acc_mode": "heterogeneous",
            "do_eval": true,
            "do_sample": false,
            "num_train_evals": 200,
            "do_elicit": false,
            "elicit_eval_prc": 0.5,
            "elicit_num_evals": 100,
            "retain_targets": null,
            "label_prc": 1.0
        },
        {
            "name": "filtering",
            "num_checkpoints": -1,
            "lr": 0.0005663534909876918,
            "res_dir": "/workspace-vast/ethanr/gradient-routing/experiments/arXiv-Codebase/results/partial/800M/seed_1/20260707153033423599/filtering_01",
            "acc_mode": "heterogeneous",
            "do_eval": true,
            "do_sample": false,
            "num_train_evals": 0,
            "do_elicit": true,
            "elicit_eval_prc": 0.5,
            "elicit_num_evals": 100,
            "retain_targets": [
                [
                    "core"
                ]
            ],
            "label_prc": 1.0
        },
        {
            "name": "filtering",
            "num_checkpoints": -1,
            "lr": 0.0005663534909876918,
            "res_dir": "/workspace-vast/ethanr/gradient-routing/experiments/arXiv-Codebase/results/partial/800M/seed_1/20260707153033423599/filtering_02",
            "acc_mode": "heterogeneous",
            "do_eval": true,
            "do_sample": false,
            "num_train_evals": 0,
            "do_elicit": true,
            "elicit_eval_prc": 0.5,
            "elicit_num_evals": 100,
            "retain_targets": [
                [
                    "core"
                ]
            ],
            "label_prc": 0.5
        },
        {
            "name": "routed",
            "num_checkpoints": -1,
            "lr": 0.0005663534909876918,
            "res_dir": "/workspace-vast/ethanr/gradient-routing/experiments/arXiv-Codebase/results/partial/800M/seed_1/20260707153033423599/routed_01",
            "acc_mode": "heterogeneous",
            "do_eval": true,
            "do_sample": false,
            "num_train_evals": 0,
            "do_elicit": true,
            "elicit_eval_prc": 0.5,
            "elicit_num_evals": 100,
            "retain_targets": null,
            "model": {
                "arch": "lora",
                "tokenizer": "GPT2Tokenizer(name_or_path='EleutherAI/gpt-neo-125M', vocab_size=50257, model_max_length=2048, padding_side='right', truncation_side='right', special_tokens={'bos_token': '<|endoftext|>', 'eos_token': '<|endoftext|>', 'unk_token': '<|endoftext|>'}, added_tokens_decoder={\n\t50256: AddedToken(\"<|endoftext|>\", rstrip=False, lstrip=False, single_word=False, normalized=True, special=True),\n}\n)",
                "ctx_len": 1024,
                "vocab_size": 50304,
                "num_layers": 24,
                "num_heads": 8,
                "num_key_value": 2,
                "attn_bias": true,
                "eos_token_id": 50256,
                "embed_dim": 1600,
                "mlp_dim": 6400,
                "core_param_prc": 1.0,
                "aux_param_prc": 0.1
            },
            "eval_arbsub": false,
            "label_prc": 1.0,
            "aux_factor": 1.0,
            "core_aux_ratio": 1.0,
            "equal_compute": true
        },
        {
            "name": "routed",
            "num_checkpoints": -1,
            "lr": 0.0005663534909876918,
            "res_dir": "/workspace-vast/ethanr/gradient-routing/experiments/arXiv-Codebase/results/partial/800M/seed_1/20260707153033423599/routed_02",
            "acc_mode": "heterogeneous",
            "do_eval": true,
            "do_sample": false,
            "num_train_evals": 0,
            "do_elicit": true,
            "elicit_eval_prc": 0.5,
            "elicit_num_evals": 100,
            "retain_targets": null,
            "model": {
                "arch": "lora",
                "tokenizer": "GPT2Tokenizer(name_or_path='EleutherAI/gpt-neo-125M', vocab_size=50257, model_max_length=2048, padding_side='right', truncation_side='right', special_tokens={'bos_token': '<|endoftext|>', 'eos_token': '<|endoftext|>', 'unk_token': '<|endoftext|>'}, added_tokens_decoder={\n\t50256: AddedToken(\"<|endoftext|>\", rstrip=False, lstrip=False, single_word=False, normalized=True, special=True),\n}\n)",
                "ctx_len": 1024,
                "vocab_size": 50304,
                "num_layers": 24,
                "num_heads": 8,
                "num_key_value": 2,
                "attn_bias": true,
                "eos_token_id": 50256,
                "embed_dim": 1600,
                "mlp_dim": 6400,
                "core_param_prc": 1.0,
                "aux_param_prc": 0.1
            },
            "eval_arbsub": false,
            "label_prc": 0.5,
            "aux_factor": 1.0,
            "core_aux_ratio": 1.0,
            "equal_compute": true
        },
        {
            "name": "routed",
            "num_checkpoints": -1,
            "lr": 0.0005663534909876918,
            "res_dir": "/workspace-vast/ethanr/gradient-routing/experiments/arXiv-Codebase/results/partial/800M/seed_1/20260707153033423599/routed_03",
            "acc_mode": "heterogeneous",
            "do_eval": true,
            "do_sample": false,
            "num_train_evals": 0,
            "do_elicit": true,
            "elicit_eval_prc": 0.5,
            "elicit_num_evals": 100,
            "retain_targets": null,
            "model": {
                "arch": "moe",
                "tokenizer": "GPT2Tokenizer(name_or_path='EleutherAI/gpt-neo-125M', vocab_size=50257, model_max_length=2048, padding_side='right', truncation_side='right', special_tokens={'bos_token': '<|endoftext|>', 'eos_token': '<|endoftext|>', 'unk_token': '<|endoftext|>'}, added_tokens_decoder={\n\t50256: AddedToken(\"<|endoftext|>\", rstrip=False, lstrip=False, single_word=False, normalized=True, special=True),\n}\n)",
                "ctx_len": 1024,
                "vocab_size": 50304,
                "num_layers": 24,
                "num_heads": 8,
                "num_key_value": 2,
                "attn_bias": true,
                "eos_token_id": 50256,
                "embed_dim": 1600,
                "mlp_dim": 6400,
                "core_param_prc": 0.95,
                "aux_param_prc": 0.0125
            },
            "eval_arbsub": false,
            "label_prc": 1.0,
            "aux_factor": 1.0,
            "robust_prc": 0.2,
            "aux_route_prc": 0.0,
            "equal_compute": true
        },
        {
            "name": "routed",
            "num_checkpoints": -1,
            "lr": 0.0005663534909876918,
            "res_dir": "/workspace-vast/ethanr/gradient-routing/experiments/arXiv-Codebase/results/partial/800M/seed_1/20260707153033423599/routed_04",
            "acc_mode": "heterogeneous",
            "do_eval": true,
            "do_sample": false,
            "num_train_evals": 0,
            "do_elicit": true,
            "elicit_eval_prc": 0.5,
            "elicit_num_evals": 100,
            "retain_targets": null,
            "model": {
                "arch": "moe",
                "tokenizer": "GPT2Tokenizer(name_or_path='EleutherAI/gpt-neo-125M', vocab_size=50257, model_max_length=2048, padding_side='right', truncation_side='right', special_tokens={'bos_token': '<|endoftext|>', 'eos_token': '<|endoftext|>', 'unk_token': '<|endoftext|>'}, added_tokens_decoder={\n\t50256: AddedToken(\"<|endoftext|>\", rstrip=False, lstrip=False, single_word=False, normalized=True, special=True),\n}\n)",
                "ctx_len": 1024,
                "vocab_size": 50304,
                "num_layers": 24,
                "num_heads": 8,
                "num_key_value": 2,
                "attn_bias": true,
                "eos_token_id": 50256,
                "embed_dim": 1600,
                "mlp_dim": 6400,
                "core_param_prc": 0.95,
                "aux_param_prc": 0.0125
            },
            "eval_arbsub": false,
            "label_prc": 0.5,
            "aux_factor": 1.0,
            "robust_prc": 0.2,
            "aux_route_prc": 0.0,
            "equal_compute": true
        }
    ],
    "model": {
        "arch": "base",
        "tokenizer": "GPT2Tokenizer(name_or_path='EleutherAI/gpt-neo-125M', vocab_size=50257, model_max_length=2048, padding_side='right', truncation_side='right', special_tokens={'bos_token': '<|endoftext|>', 'eos_token': '<|endoftext|>', 'unk_token': '<|endoftext|>'}, added_tokens_decoder={\n\t50256: AddedToken(\"<|endoftext|>\", rstrip=False, lstrip=False, single_word=False, normalized=True, special=True),\n}\n)",
        "ctx_len": 1024,
        "vocab_size": 50304,
        "num_layers": 24,
        "num_heads": 8,
        "num_key_value": 2,
        "attn_bias": true,
        "eos_token_id": 50256,
        "embed_dim": 1600,
        "mlp_dim": 6400
    },
    "data": {
        "dirs": [
            "/workspace-vast/ethanr/gradient-routing/experiments/arXiv-Codebase/src/data/fineweb",
            "/workspace-vast/ethanr/gradient-routing/experiments/arXiv-Codebase/src/data/code",
            "/workspace-vast/ethanr/gradient-routing/experiments/arXiv-Codebase/src/data/papers"
        ],
        "core": {
            "labels": [
                "fineweb",
                "code-other",
                "papers-other"
            ],
            "method": "optimal",
            "limit": 1.0,
            "dist": {
                "fineweb": 0.84,
                "code-other": 0.15,
                "papers-other": 0.01
            },
            "num_tok": 16130190080.0
        },
        "aux": {
            "labels": [
                "code-lisp",
                "papers-biology",
                "papers-nuclear",
                "papers-cyber"
            ],
            "method": "optimal",
            "limit": 0.01,
            "dist": {
                "code-lisp": 0.25,
                "papers-biology": 0.25,
                "papers-nuclear": 0.25,
                "papers-cyber": 0.25
            },
            "num_tok": 161301900.8
        }
    },
    "run": {
        "target_effective_batch_size": 641,
        "effective_batch_size": 672,
        "micro_batch_size": 12,
        "accumulation_steps": 7,
        "max_num_test_sequences": 10000,
        "eval_all_labels": false,
        "micro_batch_anchors": [
            [
                400000000.0,
                23
            ],
            [
                5000000000.0,
                2
            ]
        ],
        "epochs": 1,
        "adam_betas": [
            0.9,
            0.95
        ],
        "warmup_prc": 0.02,
        "decay_prc": 0.1,
        "seed": 1,
        "compile": true,
        "find_unused_parameters": true,
        "is_ddp": true,
        "cleanup_distributed": false,
        "log_level": "DEBUG",
        "num_gpus": 8,
        "process_id": 0,
        "num_base_params": 806509504,
        "device": "cuda",
        "logger": "<Logger training_20260707153033423599 (DEBUG)>",
        "labels": [
            "core",
            "code-lisp",
            "papers-biology",
            "papers-cyber",
            "papers-nuclear"
        ],
        "loaders": {
            "code-lisp": {
                "train": "SingleDataLoader(code-lisp_train_001.bin, len=410)",
                "test": "InterleavedDataLoader(len=105)"
            },
            "code-other": {
                "train": "InterleavedDataLoader(len=24612)",
                "test": "SingleDataLoader(code-other_test_010.bin, len=105)"
            },
            "fineweb": {
                "train": "InterleavedDataLoader(len=137831)",
                "test": "InterleavedDataLoader(len=105)"
            },
            "papers-biology": {
                "train": "SingleDataLoader(papers-biology_train.bin, len=410)",
                "test": "SingleDataLoader(papers-biology_test.bin, len=105)"
            },
            "papers-cyber": {
                "train": "SingleDataLoader(papers-cyber_train.bin, len=410)",
                "test": "SingleDataLoader(papers-cyber_test.bin, len=105)"
            },
            "papers-nuclear": {
                "train": "SingleDataLoader(papers-nuclear_train.bin, len=410)",
                "test": "SingleDataLoader(papers-nuclear_test.bin, len=105)"
            },
            "papers-other": {
                "train": "SingleDataLoader(papers-other_train.bin, len=1640)",
                "test": "SingleDataLoader(papers-other_test.bin, len=105)"
            },
            "core": {
                "train": "InterleavedDataLoader(len=164083)",
                "test": "InterleavedDataLoader(len=315)"
            },
            "aux": {
                "train": "InterleavedDataLoader(len=1640)",
                "test": "InterleavedDataLoader(len=420)"
            },
            "all": {
                "train": "InterleavedDataLoader(len=165723)",
                "test": "InterleavedDataLoader(len=735)"
            }
        },
        "res_root": "/workspace-vast/ethanr/gradient-routing/experiments/arXiv-Codebase/results/partial/800M/seed_1",
        "experiment_id": "20260707153033423599",
        "s3_bucket": "ae-gradient-routing-results",
        "s3_prefix": "partial/800M/seed_1"
    },
    "label_prc": 1.0
}
[GPU 0] [15:30:58] [INFO] Loader code-lisp train: 410, test: 105
[GPU 0] [15:30:58] [INFO] Loader code-other train: 24612, test: 105
[GPU 0] [15:30:58] [INFO] Loader fineweb train: 137831, test: 105
[GPU 0] [15:30:58] [INFO] Loader papers-biology train: 410, test: 105
[GPU 0] [15:30:58] [INFO] Loader papers-cyber train: 410, test: 105
[GPU 0] [15:30:58] [INFO] Loader papers-nuclear train: 410, test: 105
[GPU 0] [15:30:58] [INFO] Loader papers-other train: 1640, test: 105
[GPU 0] [15:30:58] [INFO] Loader core train: 164083, test: 315
[GPU 0] [15:30:58] [INFO] Loader aux train: 1640, test: 420
[GPU 0] [15:30:58] [INFO] Loader all train: 165723, test: 735
[GPU 0] [15:30:58] [INFO] Stage [baseline] start: {"name": "baseline", "num_checkpoints": -1, "lr": 0.0005663534909876918, "res_dir": "/workspace-vast/ethanr/gradient-routing/experiments/arXiv-Codebase/results/partial/800M/seed_1/20260707153033423599/baseline", "acc_mode": "heterogeneous", "do_eval": true, "do_sample": false, "num_train_evals": 200, "do_elicit": false, "elicit_eval_prc": 0.5, "elicit_num_evals": 100, "retain_targets": null, "label_prc": 1.0}
[GPU 0] [15:30:58] [INFO] BASELINE START
[GPU 0] [15:31:19] [INFO] Initialized BaseTransformer with 806,509,504 total parameters
[GPU 0] [15:31:19] [INFO] Compiling BaseTransformer with torch.compile...
[GPU 0] [15:31:20] [INFO] torch.compile done
[GPU 0] [15:31:23] [WARNING] restore_partial_state: no checkpoint found at /workspace-vast/ethanr/gradient-routing/experiments/arXiv-Codebase/results/partial/800M/seed_1/20260707153033423599/baseline
[GPU 0] [15:31:23] [INFO] ---- Begin Train | Train Labels: ['code-lisp', 'core', 'papers-biology', 'papers-cyber', 'papers-nuclear'] ----
[GPU 0] [15:31:23] [DEBUG] acc_mode: heterogeneous, label_prc: 1.0
[GPU 0] [15:31:23] [INFO] Batch [code-lisp] count: 410
[GPU 0] [15:31:23] [INFO] Batch [core] count: 164078
[GPU 0] [15:31:23] [INFO] Batch [papers-biology] count: 410
[GPU 0] [15:31:23] [INFO] Batch [papers-cyber] count: 410
[GPU 0] [15:31:23] [INFO] Batch [papers-nuclear] count: 410
[GPU 0] [15:31:23] [INFO] num_total_steps: 23674
[GPU 0] [15:31:23] [INFO] warmup_steps: 473
[GPU 0] [15:31:23] [INFO] constant_steps: 20834
[GPU 0] [15:31:23] [INFO] decay_steps: 2367
[GPU 0] [15:31:23] [INFO] LR Scheduler: Warmup Start
[GPU 0] [15:32:33] [INFO] Step: 1, LR: 1.21e-06
[GPU 0] [15:32:33] [INFO] Train Loss: CORE: 11.21 CODE-LISP: nan PAPERS-BIOLOGY: nan PAPERS-CYBER: nan PAPERS-NUCLEAR: nan 
[GPU 0] [15:32:33] [INFO] Val Loss: CORE: nan CODE-LISP: nan PAPERS-BIOLOGY: nan PAPERS-CYBER: nan PAPERS-NUCLEAR: nan 
[GPU 0] [15:48:52] [INFO] LR Scheduler: Constant Start
[GPU 0] [16:01:57] [INFO] Step: 1000, LR: 5.66e-04
[GPU 0] [16:01:57] [INFO] Train Loss: CORE: 3.37 CODE-LISP: 2.25 PAPERS-BIOLOGY: 4.41 PAPERS-CYBER: 4.32 PAPERS-NUCLEAR: 3.60 
[GPU 0] [16:01:57] [INFO] Val Loss: CORE: 2.75 CODE-LISP: 1.51 PAPERS-BIOLOGY: 3.43 PAPERS-CYBER: 3.63 PAPERS-NUCLEAR: 3.66 
[GPU 0] [16:26:08] [INFO] Step: 2000, LR: 5.66e-04
[GPU 0] [16:26:08] [INFO] Train Loss: CORE: 3.01 CODE-LISP: 1.04 PAPERS-BIOLOGY: 3.02 PAPERS-CYBER: 3.29 PAPERS-NUCLEAR: 3.44 
[GPU 0] [16:26:08] [INFO] Val Loss: CORE: 2.17 CODE-LISP: 1.15 PAPERS-BIOLOGY: 2.99 PAPERS-CYBER: 3.24 PAPERS-NUCLEAR: 3.34 
[GPU 0] [16:50:06] [INFO] Step: 3000, LR: 5.66e-04
[GPU 0] [16:50:06] [INFO] Train Loss: CORE: 2.39 CODE-LISP: 0.97 PAPERS-BIOLOGY: 2.87 PAPERS-CYBER: 3.15 PAPERS-NUCLEAR: 3.20 
[GPU 0] [16:50:06] [INFO] Val Loss: CORE: 2.31 CODE-LISP: 1.07 PAPERS-BIOLOGY: 2.84 PAPERS-CYBER: 3.11 PAPERS-NUCLEAR: 3.16 
[GPU 0] [17:13:35] [INFO] Step: 4000, LR: 5.66e-04
[GPU 0] [17:13:35] [INFO] Train Loss: CORE: 2.78 CODE-LISP: 0.99 PAPERS-BIOLOGY: 2.75 PAPERS-CYBER: 3.03 PAPERS-NUCLEAR: 3.03 
[GPU 0] [17:13:35] [INFO] Val Loss: CORE: 2.31 CODE-LISP: 1.00 PAPERS-BIOLOGY: 2.77 PAPERS-CYBER: 3.01 PAPERS-NUCLEAR: 3.08 
[GPU 0] [17:37:18] [INFO] Step: 5000, LR: 5.66e-04
[GPU 0] [17:37:18] [INFO] Train Loss: CORE: 2.53 CODE-LISP: 0.81 PAPERS-BIOLOGY: 2.66 PAPERS-CYBER: 2.95 PAPERS-NUCLEAR: 2.97 
[GPU 0] [17:37:18] [INFO] Val Loss: CORE: 2.15 CODE-LISP: 0.98 PAPERS-BIOLOGY: 2.69 PAPERS-CYBER: 2.95 PAPERS-NUCLEAR: 3.04 
[GPU 0] [18:00:43] [INFO] Step: 6000, LR: 5.66e-04
[GPU 0] [18:00:43] [INFO] Train Loss: CORE: 2.93 CODE-LISP: 0.81 PAPERS-BIOLOGY: 2.71 PAPERS-CYBER: 2.86 PAPERS-NUCLEAR: 2.95 
[GPU 0] [18:00:43] [INFO] Val Loss: CORE: 2.14 CODE-LISP: 0.94 PAPERS-BIOLOGY: 2.65 PAPERS-CYBER: 2.91 PAPERS-NUCLEAR: 2.98 
[GPU 0] [18:24:23] [INFO] Step: 7000, LR: 5.66e-04
[GPU 0] [18:24:23] [INFO] Train Loss: CORE: 2.42 CODE-LISP: 0.74 PAPERS-BIOLOGY: 2.61 PAPERS-CYBER: 2.89 PAPERS-NUCLEAR: 3.05 
[GPU 0] [18:24:23] [INFO] Val Loss: CORE: 2.13 CODE-LISP: 0.94 PAPERS-BIOLOGY: 2.62 PAPERS-CYBER: 2.88 PAPERS-NUCLEAR: 2.95 
[GPU 0] [18:47:46] [INFO] Step: 8000, LR: 5.66e-04
[GPU 0] [18:47:46] [INFO] Train Loss: CORE: 2.51 CODE-LISP: 0.79 PAPERS-BIOLOGY: 2.58 PAPERS-CYBER: 2.87 PAPERS-NUCLEAR: 2.84 
[GPU 0] [18:47:46] [INFO] Val Loss: CORE: 1.90 CODE-LISP: 0.91 PAPERS-BIOLOGY: 2.60 PAPERS-CYBER: 2.85 PAPERS-NUCLEAR: 2.93 
[GPU 0] [19:11:26] [INFO] Step: 9000, LR: 5.66e-04
[GPU 0] [19:11:26] [INFO] Train Loss: CORE: 2.85 CODE-LISP: 0.79 PAPERS-BIOLOGY: 2.59 PAPERS-CYBER: 2.83 PAPERS-NUCLEAR: 2.79 
[GPU 0] [19:11:26] [INFO] Val Loss: CORE: 2.00 CODE-LISP: 0.91 PAPERS-BIOLOGY: 2.57 PAPERS-CYBER: 2.85 PAPERS-NUCLEAR: 2.90 
[GPU 0] [19:34:48] [INFO] Step: 10000, LR: 5.66e-04
[GPU 0] [19:34:48] [INFO] Train Loss: CORE: 2.71 CODE-LISP: 0.83 PAPERS-BIOLOGY: 2.54 PAPERS-CYBER: 2.75 PAPERS-NUCLEAR: 2.97 
[GPU 0] [19:34:48] [INFO] Val Loss: CORE: 1.92 CODE-LISP: 0.89 PAPERS-BIOLOGY: 2.55 PAPERS-CYBER: 2.81 PAPERS-NUCLEAR: 2.89 
[GPU 0] [19:58:28] [INFO] Step: 11000, LR: 5.66e-04
[GPU 0] [19:58:28] [INFO] Train Loss: CORE: 2.83 CODE-LISP: 0.71 PAPERS-BIOLOGY: 2.56 PAPERS-CYBER: 2.83 PAPERS-NUCLEAR: 2.85 
[GPU 0] [19:58:28] [INFO] Val Loss: CORE: 2.08 CODE-LISP: 0.88 PAPERS-BIOLOGY: 2.54 PAPERS-CYBER: 2.79 PAPERS-NUCLEAR: 2.88 
[GPU 0] [20:21:52] [INFO] Step: 12000, LR: 5.66e-04
[GPU 0] [20:21:52] [INFO] Train Loss: CORE: 2.79 CODE-LISP: 0.75 PAPERS-BIOLOGY: 2.48 PAPERS-CYBER: 2.80 PAPERS-NUCLEAR: 2.93 
[GPU 0] [20:21:52] [INFO] Val Loss: CORE: 1.84 CODE-LISP: 0.89 PAPERS-BIOLOGY: 2.53 PAPERS-CYBER: 2.79 PAPERS-NUCLEAR: 2.87 
[GPU 0] [20:45:32] [INFO] Step: 13000, LR: 5.66e-04
[GPU 0] [20:45:32] [INFO] Train Loss: CORE: 2.48 CODE-LISP: 0.74 PAPERS-BIOLOGY: 2.55 PAPERS-CYBER: 2.78 PAPERS-NUCLEAR: 2.82 
[GPU 0] [20:45:32] [INFO] Val Loss: CORE: 2.04 CODE-LISP: 0.87 PAPERS-BIOLOGY: 2.52 PAPERS-CYBER: 2.77 PAPERS-NUCLEAR: 2.86 
[GPU 0] [21:08:53] [INFO] Step: 14000, LR: 5.66e-04
[GPU 0] [21:08:53] [INFO] Train Loss: CORE: 2.15 CODE-LISP: 0.74 PAPERS-BIOLOGY: 2.49 PAPERS-CYBER: 2.73 PAPERS-NUCLEAR: 2.93 
[GPU 0] [21:08:53] [INFO] Val Loss: CORE: 1.99 CODE-LISP: 0.87 PAPERS-BIOLOGY: 2.50 PAPERS-CYBER: 2.77 PAPERS-NUCLEAR: 2.84 
[GPU 0] [21:32:33] [INFO] Step: 15000, LR: 5.66e-04
[GPU 0] [21:32:33] [INFO] Train Loss: CORE: 2.35 CODE-LISP: 0.65 PAPERS-BIOLOGY: 2.49 PAPERS-CYBER: 2.76 PAPERS-NUCLEAR: 2.78 
[GPU 0] [21:32:33] [INFO] Val Loss: CORE: 1.96 CODE-LISP: 0.86 PAPERS-BIOLOGY: 2.49 PAPERS-CYBER: 2.76 PAPERS-NUCLEAR: 2.84 
[GPU 0] [21:55:56] [INFO] Step: 16000, LR: 5.66e-04
[GPU 0] [21:55:56] [INFO] Train Loss: CORE: 2.33 CODE-LISP: 0.70 PAPERS-BIOLOGY: 2.47 PAPERS-CYBER: 2.75 PAPERS-NUCLEAR: 2.82 
[GPU 0] [21:55:56] [INFO] Val Loss: CORE: 1.57 CODE-LISP: 0.85 PAPERS-BIOLOGY: 2.48 PAPERS-CYBER: 2.75 PAPERS-NUCLEAR: 2.82 
[GPU 0] [22:19:37] [INFO] Step: 17000, LR: 5.66e-04
[GPU 0] [22:19:37] [INFO] Train Loss: CORE: 2.07 CODE-LISP: 0.72 PAPERS-BIOLOGY: 2.45 PAPERS-CYBER: 2.76 PAPERS-NUCLEAR: 2.77 
[GPU 0] [22:19:37] [INFO] Val Loss: CORE: 1.99 CODE-LISP: 0.84 PAPERS-BIOLOGY: 2.47 PAPERS-CYBER: 2.74 PAPERS-NUCLEAR: 2.83 
[GPU 0] [22:43:00] [INFO] Step: 18000, LR: 5.66e-04
[GPU 0] [22:43:00] [INFO] Train Loss: CORE: 2.42 CODE-LISP: 0.72 PAPERS-BIOLOGY: 2.43 PAPERS-CYBER: 2.73 PAPERS-NUCLEAR: 2.82 
[GPU 0] [22:43:00] [INFO] Val Loss: CORE: 1.91 CODE-LISP: 0.84 PAPERS-BIOLOGY: 2.47 PAPERS-CYBER: 2.74 PAPERS-NUCLEAR: 2.82 
[GPU 0] [23:06:38] [INFO] Step: 19000, LR: 5.66e-04
[GPU 0] [23:06:38] [INFO] Train Loss: CORE: 2.78 CODE-LISP: 0.70 PAPERS-BIOLOGY: 2.42 PAPERS-CYBER: 2.69 PAPERS-NUCLEAR: 2.69 
[GPU 0] [23:06:38] [INFO] Val Loss: CORE: 1.97 CODE-LISP: 0.86 PAPERS-BIOLOGY: 2.46 PAPERS-CYBER: 2.73 PAPERS-NUCLEAR: 2.81 
[GPU 0] [23:29:58] [INFO] Step: 20000, LR: 5.66e-04
[GPU 0] [23:29:58] [INFO] Train Loss: CORE: 2.34 CODE-LISP: 0.67 PAPERS-BIOLOGY: 2.48 PAPERS-CYBER: 2.61 PAPERS-NUCLEAR: 2.86 
[GPU 0] [23:29:58] [INFO] Val Loss: CORE: 1.95 CODE-LISP: 0.84 PAPERS-BIOLOGY: 2.45 PAPERS-CYBER: 2.72 PAPERS-NUCLEAR: 2.80 
[GPU 0] [23:53:21] [INFO] Step: 21000, LR: 5.66e-04
[GPU 0] [23:53:21] [INFO] Train Loss: CORE: 2.56 CODE-LISP: 0.69 PAPERS-BIOLOGY: 2.48 PAPERS-CYBER: 2.73 PAPERS-NUCLEAR: 2.70 
[GPU 0] [23:53:21] [INFO] Val Loss: CORE: 1.85 CODE-LISP: 0.87 PAPERS-BIOLOGY: 2.45 PAPERS-CYBER: 2.72 PAPERS-NUCLEAR: 2.79 
[GPU 0] [00:00:41] [INFO] LR Scheduler: Decay Start
[GPU 0] [00:17:01] [INFO] Step: 22000, LR: 4.01e-04
[GPU 0] [00:17:01] [INFO] Train Loss: CORE: 2.67 CODE-LISP: 0.68 PAPERS-BIOLOGY: 2.45 PAPERS-CYBER: 2.68 PAPERS-NUCLEAR: 2.73 
[GPU 0] [00:17:01] [INFO] Val Loss: CORE: 1.89 CODE-LISP: 0.83 PAPERS-BIOLOGY: 2.41 PAPERS-CYBER: 2.68 PAPERS-NUCLEAR: 2.76 
[GPU 0] [00:40:23] [INFO] Step: 23000, LR: 1.61e-04
[GPU 0] [00:40:23] [INFO] Train Loss: CORE: 2.48 CODE-LISP: 0.66 PAPERS-BIOLOGY: 2.34 PAPERS-CYBER: 2.69 PAPERS-NUCLEAR: 2.68 
[GPU 0] [00:40:23] [INFO] Val Loss: CORE: 1.85 CODE-LISP: 0.78 PAPERS-BIOLOGY: 2.38 PAPERS-CYBER: 2.64 PAPERS-NUCLEAR: 2.72 
[GPU 0] [00:56:17] [INFO] Step: 23674, LR: 1.00e-08
[GPU 0] [00:56:17] [INFO] Train Loss: CORE: 2.45 CODE-LISP: 0.69 PAPERS-BIOLOGY: 2.33 PAPERS-CYBER: 2.58 PAPERS-NUCLEAR: 2.70 
[GPU 0] [00:56:17] [INFO] Val Loss: CORE: 1.93 CODE-LISP: 0.80 PAPERS-BIOLOGY: 2.36 PAPERS-CYBER: 2.63 PAPERS-NUCLEAR: 2.72 
[GPU 0] [00:56:54] [INFO] ---- Begin Eval ----
[GPU 0] [00:56:54] [INFO] Data: core | Experts: None
[GPU 0] [00:57:27] [INFO] loss: 1.86070657
[GPU 0] [00:57:27] [INFO] Data: code-lisp | Experts: None
[GPU 0] [00:57:34] [INFO] loss: 0.78201729
[GPU 0] [00:57:34] [INFO] Data: papers-biology | Experts: None
[GPU 0] [00:57:42] [INFO] loss: 2.36130977
[GPU 0] [00:57:42] [INFO] Data: papers-nuclear | Experts: None
[GPU 0] [00:57:49] [INFO] loss: 2.70796132
[GPU 0] [00:57:49] [INFO] Data: papers-cyber | Experts: None
[GPU 0] [00:57:56] [INFO] loss: 2.63223577
[GPU 0] [00:57:57] [INFO] Stage [filtering] start: {"name": "filtering", "num_checkpoints": -1, "lr": 0.0005663534909876918, "res_dir": "/workspace-vast/ethanr/gradient-routing/experiments/arXiv-Codebase/results/partial/800M/seed_1/20260707153033423599/filtering_01", "acc_mode": "heterogeneous", "do_eval": true, "do_sample": false, "num_train_evals": 0, "do_elicit": true, "elicit_eval_prc": 0.5, "elicit_num_evals": 100, "retain_targets": [["core"]], "label_prc": 1.0}
[GPU 0] [00:57:57] [INFO] FILTERING START
[GPU 0] [00:57:57] [INFO] Using stage-level retain_targets override (1 targets)
[GPU 0] [00:57:57] [INFO] Filtering: retaining ['core'], removing ['code-lisp', 'papers-biology', 'papers-cyber', 'papers-nuclear']
[GPU 0] [00:58:23] [INFO] Initialized BaseTransformer with 806,509,504 total parameters
[GPU 0] [00:58:23] [INFO] Compiling BaseTransformer with torch.compile...
[GPU 0] [00:58:23] [INFO] torch.compile done
[GPU 0] [00:58:23] [WARNING] restore_partial_state: no checkpoint found at /workspace-vast/ethanr/gradient-routing/experiments/arXiv-Codebase/results/partial/800M/seed_1/20260707153033423599/filtering_01/core
[GPU 0] [00:58:23] [INFO] ---- Begin Train | Train Labels: ['core'] ----
[GPU 0] [00:58:23] [DEBUG] acc_mode: heterogeneous, label_prc: 1.0
[GPU 0] [00:58:23] [INFO] Batch [core] count: 164080
[GPU 0] [00:58:23] [INFO] num_total_steps: 23440
[GPU 0] [00:58:23] [INFO] warmup_steps: 469
[GPU 0] [00:58:23] [INFO] constant_steps: 20627
[GPU 0] [00:58:23] [INFO] decay_steps: 2344
[GPU 0] [00:58:23] [INFO] LR Scheduler: Warmup Start
[GPU 0] [00:58:25] [INFO] Step: 1, LR: 1.22e-06
[GPU 0] [00:58:25] [INFO] Train Loss: CORE: 11.25 CODE-LISP: nan PAPERS-BIOLOGY: nan PAPERS-CYBER: nan PAPERS-NUCLEAR: nan 
[GPU 0] [01:08:18] [INFO] LR Scheduler: Constant Start
[GPU 0] [01:19:30] [INFO] Step: 1000, LR: 5.66e-04
[GPU 0] [01:19:30] [INFO] Train Loss: CORE: 2.80 CODE-LISP: nan PAPERS-BIOLOGY: nan PAPERS-CYBER: nan PAPERS-NUCLEAR: nan 
[GPU 0] [01:40:34] [INFO] Step: 2000, LR: 5.66e-04
[GPU 0] [01:40:34] [INFO] Train Loss: CORE: 3.21 CODE-LISP: nan PAPERS-BIOLOGY: nan PAPERS-CYBER: nan PAPERS-NUCLEAR: nan 
[GPU 0] [02:01:39] [INFO] Step: 3000, LR: 5.66e-04
[GPU 0] [02:01:39] [INFO] Train Loss: CORE: 2.42 CODE-LISP: nan PAPERS-BIOLOGY: nan PAPERS-CYBER: nan PAPERS-NUCLEAR: nan 
[GPU 0] [02:22:43] [INFO] Step: 4000, LR: 5.66e-04
[GPU 0] [02:22:43] [INFO] Train Loss: CORE: 3.08 CODE-LISP: nan PAPERS-BIOLOGY: nan PAPERS-CYBER: nan PAPERS-NUCLEAR: nan 
[GPU 0] [02:43:48] [INFO] Step: 5000, LR: 5.66e-04
[GPU 0] [02:43:48] [INFO] Train Loss: CORE: 2.33 CODE-LISP: nan PAPERS-BIOLOGY: nan PAPERS-CYBER: nan PAPERS-NUCLEAR: nan 
[GPU 0] [03:04:51] [INFO] Step: 6000, LR: 5.66e-04
[GPU 0] [03:04:51] [INFO] Train Loss: CORE: 2.69 CODE-LISP: nan PAPERS-BIOLOGY: nan PAPERS-CYBER: nan PAPERS-NUCLEAR: nan 
[GPU 0] [03:25:54] [INFO] Step: 7000, LR: 5.66e-04
[GPU 0] [03:25:54] [INFO] Train Loss: CORE: 2.65 CODE-LISP: nan PAPERS-BIOLOGY: nan PAPERS-CYBER: nan PAPERS-NUCLEAR: nan 
[GPU 0] [03:46:58] [INFO] Step: 8000, LR: 5.66e-04
[GPU 0] [03:46:58] [INFO] Train Loss: CORE: 2.21 CODE-LISP: nan PAPERS-BIOLOGY: nan PAPERS-CYBER: nan PAPERS-NUCLEAR: nan 
[GPU 0] [04:08:01] [INFO] Step: 9000, LR: 5.66e-04
[GPU 0] [04:08:01] [INFO] Train Loss: CORE: 2.41 CODE-LISP: nan PAPERS-BIOLOGY: nan PAPERS-CYBER: nan PAPERS-NUCLEAR: nan 
[GPU 0] [04:29:04] [INFO] Step: 10000, LR: 5.66e-04
[GPU 0] [04:29:04] [INFO] Train Loss: CORE: 2.92 CODE-LISP: nan PAPERS-BIOLOGY: nan PAPERS-CYBER: nan PAPERS-NUCLEAR: nan 
[GPU 0] [04:50:08] [INFO] Step: 11000, LR: 5.66e-04
[GPU 0] [04:50:08] [INFO] Train Loss: CORE: 2.60 CODE-LISP: nan PAPERS-BIOLOGY: nan PAPERS-CYBER: nan PAPERS-NUCLEAR: nan 
[GPU 0] [05:11:11] [INFO] Step: 12000, LR: 5.66e-04
[GPU 0] [05:11:11] [INFO] Train Loss: CORE: 2.40 CODE-LISP: nan PAPERS-BIOLOGY: nan PAPERS-CYBER: nan PAPERS-NUCLEAR: nan 
[GPU 0] [05:32:14] [INFO] Step: 13000, LR: 5.66e-04
[GPU 0] [05:32:14] [INFO] Train Loss: CORE: 2.80 CODE-LISP: nan PAPERS-BIOLOGY: nan PAPERS-CYBER: nan PAPERS-NUCLEAR: nan 
[GPU 0] [05:53:19] [INFO] Step: 14000, LR: 5.66e-04
[GPU 0] [05:53:19] [INFO] Train Loss: CORE: 2.52 CODE-LISP: nan PAPERS-BIOLOGY: nan PAPERS-CYBER: nan PAPERS-NUCLEAR: nan 
[GPU 0] [06:14:23] [INFO] Step: 15000, LR: 5.66e-04
[GPU 0] [06:14:23] [INFO] Train Loss: CORE: 2.38 CODE-LISP: nan PAPERS-BIOLOGY: nan PAPERS-CYBER: nan PAPERS-NUCLEAR: nan 
[GPU 0] [06:35:25] [INFO] Step: 16000, LR: 5.66e-04
[GPU 0] [06:35:25] [INFO] Train Loss: CORE: 2.54 CODE-LISP: nan PAPERS-BIOLOGY: nan PAPERS-CYBER: nan PAPERS-NUCLEAR: nan 
[GPU 0] [06:56:25] [INFO] Step: 17000, LR: 5.66e-04
[GPU 0] [06:56:25] [INFO] Train Loss: CORE: 2.17 CODE-LISP: nan PAPERS-BIOLOGY: nan PAPERS-CYBER: nan PAPERS-NUCLEAR: nan 
