[GPU 0] [05:18:32] [INFO] Number of GPUs: 8
[GPU 0] [05:18:33] [INFO] Tokenizer vocabulary: 50257
[GPU 0] [05:18:33] [INFO] Set model vocab size to nearest multiple of 64 of tokenizer size: 50304
[GPU 0] [05:18:35] [INFO] target effective batch size: 128, actual effective batch size: 128, micro batch size: 16, accumulation steps: 1, num gpus: 8
[GPU 0] [05:18:35] [INFO] core total number of tokens: 124693822984
[GPU 0] [05:18:35] [INFO] Baseline model has 199,891,008 parameters
[GPU 0] [05:18:35] [INFO] core: chinchilla optimal tokens: 3,997,820,160, requested proportion: 1.0000, requested number of tokens: 3,997,820,160.0, 
[GPU 0] [05:18:35] [INFO] aux total number of tokens: 4835776549
[GPU 0] [05:18:35] [INFO] Baseline model has 199,891,008 parameters
[GPU 0] [05:18:35] [INFO] aux: chinchilla optimal tokens: 3,997,820,160, requested proportion: 0.0100, requested number of tokens: 39,978,201.6, 
[GPU 0] [05:18:35] [DEBUG] Saved config to /workspace/gradient-routing/experiments/AGI-1699-New-Dataset-Runs/results/optimize/base/realistic/200M/seed_2/20260421051824532510/config.json
[GPU 0] [05:18:35] [DEBUG] {
    "stages": [
        {
            "name": "baseline",
            "num_checkpoints": -1,
            "lr": 0.0016,
            "res_dir": "/workspace/gradient-routing/experiments/AGI-1699-New-Dataset-Runs/results/optimize/base/realistic/200M/seed_2/20260421051824532510/baseline",
            "do_eval": true,
            "do_sample": false,
            "num_train_evals": 0,
            "do_elicit": false,
            "elicit_eval_prc": 0.5,
            "elicit_num_evals": 100
        }
    ],
    "model": {
        "arch": "base",
        "tokenizer": "GPT2Tokenizer(name_or_path='EleutherAI/gpt-neo-125M', vocab_size=50257, model_max_length=2048, padding_side='right', truncation_side='right', special_tokens={'bos_token': '<|endoftext|>', 'eos_token': '<|endoftext|>', 'unk_token': '<|endoftext|>'}, added_tokens_decoder={\n\t50256: AddedToken(\"<|endoftext|>\", rstrip=False, lstrip=False, single_word=False, normalized=True, special=True),\n}\n)",
        "ctx_len": 1024,
        "vocab_size": 50304,
        "num_layers": 13,
        "num_heads": 8,
        "num_key_value": 2,
        "attn_bias": true,
        "eos_token_id": 50256,
        "embed_dim": 896,
        "mlp_dim": 3584
    },
    "data": {
        "dirs": [
            "/workspace/gradient-routing/experiments/AGI-1699-New-Dataset-Runs/src/data/fineweb",
            "/workspace/gradient-routing/experiments/AGI-1699-New-Dataset-Runs/src/data/code",
            "/workspace/gradient-routing/experiments/AGI-1699-New-Dataset-Runs/src/data/papers"
        ],
        "core": {
            "labels": [
                "fineweb",
                "code-other",
                "papers-other"
            ],
            "method": "optimal",
            "limit": 1.0,
            "dist": {
                "fineweb": 0.84,
                "code-other": 0.15,
                "papers-other": 0.01
            },
            "num_tok": 3997820160.0
        },
        "aux": {
            "labels": [
                "code-lisp",
                "papers-biology",
                "papers-nuclear",
                "papers-cyber"
            ],
            "method": "optimal",
            "limit": 0.01,
            "dist": {
                "code-lisp": 0.25,
                "papers-biology": 0.25,
                "papers-nuclear": 0.25,
                "papers-cyber": 0.25
            },
            "num_tok": 39978201.6
        }
    },
    "run": {
        "target_effective_batch_size": 128,
        "effective_batch_size": 128,
        "micro_batch_size": 16,
        "accumulation_steps": 1,
        "max_num_test_sequences": 10000,
        "eval_all_labels": false,
        "micro_batch_anchors": [
            [
                400000000.0,
                23
            ],
            [
                5000000000.0,
                2
            ]
        ],
        "epochs": 1,
        "adam_betas": [
            0.9,
            0.95
        ],
        "warmup_prc": 0.02,
        "decay_prc": 0.1,
        "seed": 2,
        "compile": true,
        "is_ddp": true,
        "optimize_routed": true,
        "cleanup_distributed": false,
        "log_level": "DEBUG",
        "num_gpus": 8,
        "process_id": 0,
        "num_base_params": 199891008,
        "device": "cuda",
        "logger": "<Logger training_20260421051824532510 (DEBUG)>",
        "labels": [
            "core",
            "code-lisp",
            "papers-biology",
            "papers-cyber",
            "papers-nuclear"
        ],
        "loaders": {
            "code-lisp": {
                "train": "SingleDataLoader(code-lisp_train_001.bin, len=76)",
                "test": "InterleavedDataLoader(len=76)"
            },
            "code-other": {
                "train": "SingleDataLoader(code-other_train_003.bin, len=4575)",
                "test": "InterleavedDataLoader(len=79)"
            },
            "fineweb": {
                "train": "InterleavedDataLoader(len=25620)",
                "test": "InterleavedDataLoader(len=79)"
            },
            "papers-biology": {
                "train": "SingleDataLoader(papers-biology_train.bin, len=76)",
                "test": "SingleDataLoader(papers-biology_test.bin, len=76)"
            },
            "papers-cyber": {
                "train": "SingleDataLoader(papers-cyber_train.bin, len=76)",
                "test": "SingleDataLoader(papers-cyber_test.bin, len=76)"
            },
            "papers-nuclear": {
                "train": "SingleDataLoader(papers-nuclear_train.bin, len=76)",
                "test": "SingleDataLoader(papers-nuclear_test.bin, len=76)"
            },
            "papers-other": {
                "train": "SingleDataLoader(papers-other_train.bin, len=305)",
                "test": "SingleDataLoader(papers-other_test.bin, len=79)"
            },
            "core": {
                "train": "InterleavedDataLoader(len=30500)",
                "test": "InterleavedDataLoader(len=237)"
            },
            "aux": {
                "train": "InterleavedDataLoader(len=304)",
                "test": "InterleavedDataLoader(len=304)"
            },
            "all": {
                "train": "InterleavedDataLoader(len=30804)",
                "test": "InterleavedDataLoader(len=541)"
            }
        },
        "res_root": "/workspace/gradient-routing/experiments/AGI-1699-New-Dataset-Runs/results/optimize/base/realistic/200M/seed_2",
        "experiment_id": "20260421051824532510",
        "s3_bucket": "ae-gradient-routing-results",
        "s3_prefix": "optimize/base/realistic/200M/seed_2"
    }
}
[GPU 0] [05:18:35] [INFO] Loader code-lisp train: 76, test: 76
[GPU 0] [05:18:35] [INFO] Loader code-other train: 4575, test: 79
[GPU 0] [05:18:35] [INFO] Loader fineweb train: 25620, test: 79
[GPU 0] [05:18:35] [INFO] Loader papers-biology train: 76, test: 76
[GPU 0] [05:18:35] [INFO] Loader papers-cyber train: 76, test: 76
[GPU 0] [05:18:35] [INFO] Loader papers-nuclear train: 76, test: 76
[GPU 0] [05:18:35] [INFO] Loader papers-other train: 305, test: 79
[GPU 0] [05:18:35] [INFO] Loader core train: 30500, test: 237
[GPU 0] [05:18:35] [INFO] Loader aux train: 304, test: 304
[GPU 0] [05:18:35] [INFO] Loader all train: 30804, test: 541
[GPU 0] [05:18:35] [INFO] Stage [baseline] start: {"name": "baseline", "num_checkpoints": -1, "lr": 0.0016, "res_dir": "/workspace/gradient-routing/experiments/AGI-1699-New-Dataset-Runs/results/optimize/base/realistic/200M/seed_2/20260421051824532510/baseline", "do_eval": true, "do_sample": false, "num_train_evals": 0, "do_elicit": false, "elicit_eval_prc": 0.5, "elicit_num_evals": 100}
[GPU 0] [05:18:35] [INFO] BASELINE START
[GPU 0] [05:18:36] [INFO] Initialized BaseTransformer with 199,891,008 total parameters
[GPU 0] [05:18:36] [INFO] Compiling BaseTransformer with torch.compile...
[GPU 0] [05:18:36] [INFO] torch.compile done
[GPU 0] [05:18:37] [WARNING] restore_partial_state: no checkpoint found at /workspace/gradient-routing/experiments/AGI-1699-New-Dataset-Runs/results/optimize/base/realistic/200M/seed_2/20260421051824532510/baseline
[GPU 0] [05:18:37] [INFO] ---- Begin Train | Data Labels: ['all'] ----
[GPU 0] [05:18:37] [INFO] warmup_steps: 616
[GPU 0] [05:18:37] [INFO] constant_steps: 27108
[GPU 0] [05:18:37] [INFO] decay_steps: 3080
[GPU 0] [05:18:37] [INFO] LR Scheduler: Warmup Start
[GPU 0] [05:18:59] [INFO] Step: 1, LR: 2.61e-06
[GPU 0] [05:18:59] [INFO] Train Loss: CORE: 11.00 CODE-LISP: nan PAPERS-BIOLOGY: nan PAPERS-CYBER: nan PAPERS-NUCLEAR: nan 
[GPU 0] [05:19:51] [INFO] LR Scheduler: Constant Start
[GPU 0] [05:20:23] [INFO] Step: 1000, LR: 1.60e-03
[GPU 0] [05:20:23] [INFO] Train Loss: CORE: 4.38 CODE-LISP: 4.73 PAPERS-BIOLOGY: 5.89 PAPERS-CYBER: nan PAPERS-NUCLEAR: 5.50 
[GPU 0] [05:21:47] [INFO] Step: 2000, LR: 1.60e-03
[GPU 0] [05:21:47] [INFO] Train Loss: CORE: 3.37 CODE-LISP: 3.93 PAPERS-BIOLOGY: 5.63 PAPERS-CYBER: 4.16 PAPERS-NUCLEAR: 5.17 
[GPU 0] [05:23:11] [INFO] Step: 3000, LR: 1.60e-03
[GPU 0] [05:23:11] [INFO] Train Loss: CORE: 3.50 CODE-LISP: 3.34 PAPERS-BIOLOGY: 5.37 PAPERS-CYBER: 4.04 PAPERS-NUCLEAR: 5.17 
[GPU 0] [05:24:35] [INFO] Step: 4000, LR: 1.60e-03
[GPU 0] [05:24:35] [INFO] Train Loss: CORE: 3.11 CODE-LISP: 2.74 PAPERS-BIOLOGY: 5.37 PAPERS-CYBER: 3.94 PAPERS-NUCLEAR: 5.17 
[GPU 0] [05:25:59] [INFO] Step: 5000, LR: 1.60e-03
[GPU 0] [05:25:59] [INFO] Train Loss: CORE: 2.98 CODE-LISP: 2.06 PAPERS-BIOLOGY: 5.15 PAPERS-CYBER: 3.65 PAPERS-NUCLEAR: 4.74 
[GPU 0] [05:27:23] [INFO] Step: 6000, LR: 1.60e-03
[GPU 0] [05:27:23] [INFO] Train Loss: CORE: 3.00 CODE-LISP: 2.01 PAPERS-BIOLOGY: 4.98 PAPERS-CYBER: 3.65 PAPERS-NUCLEAR: 4.33 
[GPU 0] [05:28:46] [INFO] Step: 7000, LR: 1.60e-03
[GPU 0] [05:28:46] [INFO] Train Loss: CORE: 3.50 CODE-LISP: 1.94 PAPERS-BIOLOGY: 3.61 PAPERS-CYBER: 3.62 PAPERS-NUCLEAR: 4.10 
[GPU 0] [05:30:10] [INFO] Step: 8000, LR: 1.60e-03
[GPU 0] [05:30:10] [INFO] Train Loss: CORE: 3.40 CODE-LISP: 1.85 PAPERS-BIOLOGY: 3.26 PAPERS-CYBER: 3.62 PAPERS-NUCLEAR: 3.67 
[GPU 0] [05:31:34] [INFO] Step: 9000, LR: 1.60e-03
[GPU 0] [05:31:34] [INFO] Train Loss: CORE: 3.19 CODE-LISP: 1.68 PAPERS-BIOLOGY: 3.20 PAPERS-CYBER: 3.50 PAPERS-NUCLEAR: 3.54 
[GPU 0] [05:32:58] [INFO] Step: 10000, LR: 1.60e-03
[GPU 0] [05:32:58] [INFO] Train Loss: CORE: 3.20 CODE-LISP: 1.54 PAPERS-BIOLOGY: 3.19 PAPERS-CYBER: 3.49 PAPERS-NUCLEAR: 3.49 
[GPU 0] [05:34:22] [INFO] Step: 11000, LR: 1.60e-03
[GPU 0] [05:34:22] [INFO] Train Loss: CORE: 3.17 CODE-LISP: 1.51 PAPERS-BIOLOGY: 3.19 PAPERS-CYBER: 3.48 PAPERS-NUCLEAR: 3.55 
[GPU 0] [05:35:46] [INFO] Step: 12000, LR: 1.60e-03
[GPU 0] [05:35:46] [INFO] Train Loss: CORE: 3.12 CODE-LISP: 1.48 PAPERS-BIOLOGY: 3.20 PAPERS-CYBER: 3.46 PAPERS-NUCLEAR: 3.50 
[GPU 0] [05:37:10] [INFO] Step: 13000, LR: 1.60e-03
[GPU 0] [05:37:10] [INFO] Train Loss: CORE: 2.92 CODE-LISP: 1.42 PAPERS-BIOLOGY: 3.16 PAPERS-CYBER: 3.45 PAPERS-NUCLEAR: 3.50 
[GPU 0] [05:38:34] [INFO] Step: 14000, LR: 1.60e-03
[GPU 0] [05:38:34] [INFO] Train Loss: CORE: 2.86 CODE-LISP: 1.43 PAPERS-BIOLOGY: 3.17 PAPERS-CYBER: 3.45 PAPERS-NUCLEAR: 3.49 
[GPU 0] [05:39:58] [INFO] Step: 15000, LR: 1.60e-03
[GPU 0] [05:39:58] [INFO] Train Loss: CORE: 3.10 CODE-LISP: 1.42 PAPERS-BIOLOGY: 3.15 PAPERS-CYBER: 3.44 PAPERS-NUCLEAR: 3.47 
[GPU 0] [05:41:22] [INFO] Step: 16000, LR: 1.60e-03
[GPU 0] [05:41:22] [INFO] Train Loss: CORE: 3.09 CODE-LISP: 1.46 PAPERS-BIOLOGY: 3.11 PAPERS-CYBER: 3.41 PAPERS-NUCLEAR: 3.47 
[GPU 0] [05:42:45] [INFO] Step: 17000, LR: 1.60e-03
[GPU 0] [05:42:45] [INFO] Train Loss: CORE: 3.10 CODE-LISP: 1.46 PAPERS-BIOLOGY: 3.11 PAPERS-CYBER: 3.40 PAPERS-NUCLEAR: 3.48 
[GPU 0] [05:44:09] [INFO] Step: 18000, LR: 1.60e-03
[GPU 0] [05:44:09] [INFO] Train Loss: CORE: 3.29 CODE-LISP: 1.50 PAPERS-BIOLOGY: 3.08 PAPERS-CYBER: 3.35 PAPERS-NUCLEAR: 3.45 
[GPU 0] [05:45:35] [INFO] Step: 19000, LR: 1.60e-03
[GPU 0] [05:45:35] [INFO] Train Loss: CORE: 3.30 CODE-LISP: 1.45 PAPERS-BIOLOGY: 3.05 PAPERS-CYBER: 3.34 PAPERS-NUCLEAR: 3.44 
[GPU 0] [05:46:59] [INFO] Step: 20000, LR: 1.60e-03
[GPU 0] [05:46:59] [INFO] Train Loss: CORE: 2.52 CODE-LISP: 1.39 PAPERS-BIOLOGY: 3.06 PAPERS-CYBER: 3.31 PAPERS-NUCLEAR: 3.41 
[GPU 0] [05:48:23] [INFO] Step: 21000, LR: 1.60e-03
[GPU 0] [05:48:23] [INFO] Train Loss: CORE: 3.06 CODE-LISP: 1.36 PAPERS-BIOLOGY: 3.06 PAPERS-CYBER: 3.34 PAPERS-NUCLEAR: 3.47 
[GPU 0] [05:49:47] [INFO] Step: 22000, LR: 1.60e-03
[GPU 0] [05:49:47] [INFO] Train Loss: CORE: 2.84 CODE-LISP: 1.31 PAPERS-BIOLOGY: 3.07 PAPERS-CYBER: 3.33 PAPERS-NUCLEAR: 3.47 
[GPU 0] [05:51:11] [INFO] Step: 23000, LR: 1.60e-03
[GPU 0] [05:51:11] [INFO] Train Loss: CORE: 2.49 CODE-LISP: 1.21 PAPERS-BIOLOGY: 3.09 PAPERS-CYBER: 3.31 PAPERS-NUCLEAR: 3.45 
[GPU 0] [05:52:34] [INFO] Step: 24000, LR: 1.60e-03
[GPU 0] [05:52:34] [INFO] Train Loss: CORE: 3.01 CODE-LISP: 1.22 PAPERS-BIOLOGY: 3.09 PAPERS-CYBER: 3.29 PAPERS-NUCLEAR: 3.41 
[GPU 0] [05:53:58] [INFO] Step: 25000, LR: 1.60e-03
[GPU 0] [05:53:58] [INFO] Train Loss: CORE: 3.04 CODE-LISP: 1.26 PAPERS-BIOLOGY: 3.05 PAPERS-CYBER: 3.26 PAPERS-NUCLEAR: 3.40 
[GPU 0] [05:55:22] [INFO] Step: 26000, LR: 1.60e-03
[GPU 0] [05:55:22] [INFO] Train Loss: CORE: 3.09 CODE-LISP: 1.28 PAPERS-BIOLOGY: 3.04 PAPERS-CYBER: 3.25 PAPERS-NUCLEAR: 3.40 
[GPU 0] [05:56:46] [INFO] Step: 27000, LR: 1.60e-03
[GPU 0] [05:56:46] [INFO] Train Loss: CORE: 3.11 CODE-LISP: 1.34 PAPERS-BIOLOGY: 3.01 PAPERS-CYBER: 3.24 PAPERS-NUCLEAR: 3.38 
[GPU 0] [05:57:47] [INFO] LR Scheduler: Decay Start
[GPU 0] [05:58:10] [INFO] Step: 28000, LR: 1.46e-03
[GPU 0] [05:58:10] [INFO] Train Loss: CORE: 3.03 CODE-LISP: 1.32 PAPERS-BIOLOGY: 3.06 PAPERS-CYBER: 3.27 PAPERS-NUCLEAR: 3.42 
[GPU 0] [05:59:34] [INFO] Step: 29000, LR: 9.37e-04
[GPU 0] [05:59:34] [INFO] Train Loss: CORE: 2.45 CODE-LISP: 1.31 PAPERS-BIOLOGY: 2.98 PAPERS-CYBER: 3.29 PAPERS-NUCLEAR: 3.43 
[GPU 0] [06:00:58] [INFO] Step: 30000, LR: 4.18e-04
[GPU 0] [06:00:58] [INFO] Train Loss: CORE: 3.18 CODE-LISP: 1.25 PAPERS-BIOLOGY: 2.92 PAPERS-CYBER: 3.27 PAPERS-NUCLEAR: 3.40 
[GPU 0] [06:02:06] [INFO] Step: 30804, LR: 1.00e-08
[GPU 0] [06:02:06] [INFO] Train Loss: CORE: 2.64 CODE-LISP: 1.20 PAPERS-BIOLOGY: 2.92 PAPERS-CYBER: 3.27 PAPERS-NUCLEAR: 3.37 
[GPU 0] [06:02:07] [INFO] ---- Begin Eval ----
[GPU 0] [06:02:07] [INFO] Data: core | Experts: None
[GPU 0] [06:02:24] [INFO] loss: 2.25689983
[GPU 0] [06:02:24] [INFO] Data: code-lisp | Experts: None
[GPU 0] [06:02:26] [INFO] loss: 1.18228948
[GPU 0] [06:02:26] [INFO] Data: papers-biology | Experts: None
[GPU 0] [06:02:29] [INFO] loss: 2.83701658
[GPU 0] [06:02:29] [INFO] Data: papers-nuclear | Experts: None
[GPU 0] [06:02:31] [INFO] loss: 3.18110108
[GPU 0] [06:02:31] [INFO] Data: papers-cyber | Experts: None
[GPU 0] [06:02:34] [INFO] loss: 3.11186767
[GPU 0] [06:02:35] [INFO] ----------------------------------------
[GPU 0] [06:02:35] [INFO] Finished. See /workspace/gradient-routing/experiments/AGI-1699-New-Dataset-Runs/results/optimize/base/realistic/200M/seed_2/20260421051824532510
