[GPU 0] [23:15:14] [INFO] Git branch: AGI-1696-New-Dataset-Runs_ethan, commit: d373ba53f47a98d51cc1a959e63e01b4d20691e7
[GPU 0] [23:15:14] [INFO] Number of GPUs: 8
[GPU 0] [23:15:15] [INFO] Tokenizer vocabulary: 50257
[GPU 0] [23:15:15] [INFO] Set model vocab size to nearest multiple of 64 of tokenizer size: 50304
[GPU 0] [23:15:29] [INFO] target effective batch size: 641, actual effective batch size: 672, micro batch size: 12, accumulation steps: 7, num gpus: 8
[GPU 0] [23:15:29] [INFO] core total number of tokens: 66749057569
[GPU 0] [23:15:29] [INFO] Baseline model has 806,509,504 parameters
[GPU 0] [23:15:29] [INFO] core: chinchilla optimal tokens: 16,130,190,080, requested proportion: 1.0000, requested number of tokens: 16,130,190,080.0, 
[GPU 0] [23:15:29] [INFO] aux total number of tokens: 4835776549
[GPU 0] [23:15:29] [INFO] Baseline model has 806,509,504 parameters
[GPU 0] [23:15:29] [INFO] aux: chinchilla optimal tokens: 16,130,190,080, requested proportion: 0.0100, requested number of tokens: 161,301,900.8, 
[GPU 0] [23:15:29] [DEBUG] Saved config to /workspace-vast/ethanr/gradient-routing/experiments/AGI-1699-New-Dataset-Runs/results/scaling/realistic/coreftaux/800M/seed_3/20260522231513605728/config.json
[GPU 0] [23:15:29] [DEBUG] {
    "stages": [
        {
            "name": "coreftaux",
            "num_checkpoints": -1,
            "lr": 0.0005663534909876918,
            "res_dir": "/workspace-vast/ethanr/gradient-routing/experiments/AGI-1699-New-Dataset-Runs/results/scaling/realistic/coreftaux/800M/seed_3/20260522231513605728/coreftaux",
            "acc_mode": "uniform",
            "do_eval": true,
            "do_sample": false,
            "num_train_evals": 0,
            "do_elicit": true,
            "elicit_eval_prc": 0.5,
            "elicit_num_evals": 100,
            "retain_targets": null,
            "aux_factor": 0.5,
            "core_aux_ratio": 4.0,
            "label_prc": 1.0,
            "ft_lr_factor": 0.25
        }
    ],
    "model": {
        "arch": "base",
        "tokenizer": "GPT2Tokenizer(name_or_path='EleutherAI/gpt-neo-125M', vocab_size=50257, model_max_length=2048, padding_side='right', truncation_side='right', special_tokens={'bos_token': '<|endoftext|>', 'eos_token': '<|endoftext|>', 'unk_token': '<|endoftext|>'}, added_tokens_decoder={\n\t50256: AddedToken(\"<|endoftext|>\", rstrip=False, lstrip=False, single_word=False, normalized=True, special=True),\n}\n)",
        "ctx_len": 1024,
        "vocab_size": 50304,
        "num_layers": 24,
        "num_heads": 8,
        "num_key_value": 2,
        "attn_bias": true,
        "eos_token_id": 50256,
        "embed_dim": 1600,
        "mlp_dim": 6400
    },
    "data": {
        "dirs": [
            "/workspace-vast/ethanr/gradient-routing/experiments/AGI-1699-New-Dataset-Runs/src/data/fineweb",
            "/workspace-vast/ethanr/gradient-routing/experiments/AGI-1699-New-Dataset-Runs/src/data/code",
            "/workspace-vast/ethanr/gradient-routing/experiments/AGI-1699-New-Dataset-Runs/src/data/papers"
        ],
        "core": {
            "labels": [
                "fineweb",
                "code-other",
                "papers-other"
            ],
            "method": "optimal",
            "limit": 1.0,
            "dist": {
                "fineweb": 0.84,
                "code-other": 0.15,
                "papers-other": 0.01
            },
            "num_tok": 16130190080.0
        },
        "aux": {
            "labels": [
                "code-lisp",
                "papers-biology",
                "papers-nuclear",
                "papers-cyber"
            ],
            "method": "optimal",
            "limit": 0.01,
            "dist": {
                "code-lisp": 0.25,
                "papers-biology": 0.25,
                "papers-nuclear": 0.25,
                "papers-cyber": 0.25
            },
            "num_tok": 161301900.8
        }
    },
    "run": {
        "target_effective_batch_size": 641,
        "effective_batch_size": 672,
        "micro_batch_size": 12,
        "accumulation_steps": 7,
        "max_num_test_sequences": 10000,
        "eval_all_labels": false,
        "micro_batch_anchors": [
            [
                400000000.0,
                23
            ],
            [
                5000000000.0,
                2
            ]
        ],
        "epochs": 1,
        "adam_betas": [
            0.9,
            0.95
        ],
        "warmup_prc": 0.02,
        "decay_prc": 0.1,
        "seed": 3,
        "compile": true,
        "find_unused_parameters": true,
        "is_ddp": true,
        "cleanup_distributed": false,
        "log_level": "DEBUG",
        "num_gpus": 8,
        "process_id": 0,
        "num_base_params": 806509504,
        "device": "cuda",
        "logger": "<Logger training_20260522231513605728 (DEBUG)>",
        "labels": [
            "core",
            "code-lisp",
            "papers-biology",
            "papers-cyber",
            "papers-nuclear"
        ],
        "loaders": {
            "code-lisp": {
                "train": "SingleDataLoader(code-lisp_train_001.bin, len=410)",
                "test": "InterleavedDataLoader(len=105)"
            },
            "code-other": {
                "train": "InterleavedDataLoader(len=24612)",
                "test": "InterleavedDataLoader(len=105)"
            },
            "fineweb": {
                "train": "InterleavedDataLoader(len=137831)",
                "test": "InterleavedDataLoader(len=105)"
            },
            "papers-biology": {
                "train": "SingleDataLoader(papers-biology_train.bin, len=410)",
                "test": "SingleDataLoader(papers-biology_test.bin, len=105)"
            },
            "papers-cyber": {
                "train": "SingleDataLoader(papers-cyber_train.bin, len=410)",
                "test": "SingleDataLoader(papers-cyber_test.bin, len=105)"
            },
            "papers-nuclear": {
                "train": "SingleDataLoader(papers-nuclear_train.bin, len=410)",
                "test": "SingleDataLoader(papers-nuclear_test.bin, len=105)"
            },
            "papers-other": {
                "train": "SingleDataLoader(papers-other_train.bin, len=1640)",
                "test": "SingleDataLoader(papers-other_test.bin, len=105)"
            },
            "core": {
                "train": "InterleavedDataLoader(len=164083)",
                "test": "InterleavedDataLoader(len=315)"
            },
            "aux": {
                "train": "InterleavedDataLoader(len=1640)",
                "test": "InterleavedDataLoader(len=420)"
            },
            "all": {
                "train": "InterleavedDataLoader(len=165723)",
                "test": "InterleavedDataLoader(len=735)"
            }
        },
        "res_root": "/workspace-vast/ethanr/gradient-routing/experiments/AGI-1699-New-Dataset-Runs/results/scaling/realistic/coreftaux/800M/seed_3",
        "experiment_id": "20260522231513605728",
        "s3_bucket": "ae-gradient-routing-results",
        "s3_prefix": "scaling/realistic/coreftaux/800M/seed_3"
    },
    "label_prc": 1.0
}
[GPU 0] [23:15:29] [INFO] Loader code-lisp train: 410, test: 105
[GPU 0] [23:15:29] [INFO] Loader code-other train: 24612, test: 105
[GPU 0] [23:15:29] [INFO] Loader fineweb train: 137831, test: 105
[GPU 0] [23:15:29] [INFO] Loader papers-biology train: 410, test: 105
[GPU 0] [23:15:29] [INFO] Loader papers-cyber train: 410, test: 105
[GPU 0] [23:15:29] [INFO] Loader papers-nuclear train: 410, test: 105
[GPU 0] [23:15:29] [INFO] Loader papers-other train: 1640, test: 105
[GPU 0] [23:15:29] [INFO] Loader core train: 164083, test: 315
[GPU 0] [23:15:29] [INFO] Loader aux train: 1640, test: 420
[GPU 0] [23:15:29] [INFO] Loader all train: 165723, test: 735
[GPU 0] [23:15:29] [INFO] Stage [coreftaux] start: {"name": "coreftaux", "num_checkpoints": -1, "lr": 0.0005663534909876918, "res_dir": "/workspace-vast/ethanr/gradient-routing/experiments/AGI-1699-New-Dataset-Runs/results/scaling/realistic/coreftaux/800M/seed_3/20260522231513605728/coreftaux", "acc_mode": "uniform", "do_eval": true, "do_sample": false, "num_train_evals": 0, "do_elicit": true, "elicit_eval_prc": 0.5, "elicit_num_evals": 100, "retain_targets": null, "aux_factor": 0.5, "core_aux_ratio": 4.0, "label_prc": 1.0, "ft_lr_factor": 0.25}
[GPU 0] [23:15:29] [INFO] CORE FT AUX - BASE PHASE START
[GPU 0] [23:15:49] [INFO] Initialized BaseTransformer with 806,509,504 total parameters
[GPU 0] [23:15:49] [INFO] Compiling BaseTransformer with torch.compile...
[GPU 0] [23:15:49] [INFO] torch.compile done
[GPU 0] [23:15:50] [WARNING] restore_partial_state: no checkpoint found at /workspace-vast/ethanr/gradient-routing/experiments/AGI-1699-New-Dataset-Runs/results/scaling/realistic/coreftaux/800M/seed_3/20260522231513605728/coreftaux/core
[GPU 0] [23:15:50] [INFO] ---- Begin CoreFTAux | Phase: base | Data Label: core ----
[GPU 0] [23:15:50] [DEBUG] acc_mode: uniform, label_prc: 1.0, lr: 0.0005663534909876918
[GPU 0] [23:15:50] [INFO] 
len_all: 165723, len_all_labeled: 165723, len_all_unlabeled: 0,
len_base: 161623, len_ft: 4100,
len_core_for_ft: 3280, len_aux_for_ft: 820,
aux_factor: {'code-lisp': 0.5, 'papers-biology': 0.5, 'papers-nuclear': 0.5, 'papers-cyber': 0.5}, core_aux_ratio: 4.0,
[GPU 0] [23:15:50] [INFO] Batch [core] count: 161623
[GPU 0] [23:15:50] [INFO] num_total_steps: 23089
[GPU 0] [23:15:50] [INFO] warmup_steps: 462
[GPU 0] [23:15:50] [INFO] constant_steps: 20318
[GPU 0] [23:15:50] [INFO] decay_steps: 2309
[GPU 0] [23:15:50] [INFO] LR Scheduler: Warmup Start
[GPU 0] [23:16:29] [INFO] Step: 1, LR: 1.24e-06
[GPU 0] [23:16:29] [INFO] Train Loss: CORE: 11.11 CODE-LISP: nan PAPERS-BIOLOGY: nan PAPERS-CYBER: nan PAPERS-NUCLEAR: nan 
[GPU 0] [23:31:53] [INFO] LR Scheduler: Constant Start
[GPU 0] [23:49:04] [INFO] Step: 1000, LR: 5.66e-04
[GPU 0] [23:49:04] [INFO] Train Loss: CORE: 3.28 CODE-LISP: nan PAPERS-BIOLOGY: nan PAPERS-CYBER: nan PAPERS-NUCLEAR: nan 
[GPU 0] [00:20:50] [INFO] Step: 2000, LR: 5.66e-04
[GPU 0] [00:20:50] [INFO] Train Loss: CORE: 2.54 CODE-LISP: nan PAPERS-BIOLOGY: nan PAPERS-CYBER: nan PAPERS-NUCLEAR: nan 
[GPU 0] [00:52:27] [INFO] Step: 3000, LR: 5.66e-04
[GPU 0] [00:52:27] [INFO] Train Loss: CORE: 2.77 CODE-LISP: nan PAPERS-BIOLOGY: nan PAPERS-CYBER: nan PAPERS-NUCLEAR: nan 
[GPU 0] [01:24:03] [INFO] Step: 4000, LR: 5.66e-04
[GPU 0] [01:24:03] [INFO] Train Loss: CORE: 3.07 CODE-LISP: nan PAPERS-BIOLOGY: nan PAPERS-CYBER: nan PAPERS-NUCLEAR: nan 
[GPU 0] [01:55:45] [INFO] Step: 5000, LR: 5.66e-04
[GPU 0] [01:55:45] [INFO] Train Loss: CORE: 2.94 CODE-LISP: nan PAPERS-BIOLOGY: nan PAPERS-CYBER: nan PAPERS-NUCLEAR: nan 
[GPU 0] [02:27:23] [INFO] Step: 6000, LR: 5.66e-04
[GPU 0] [02:27:23] [INFO] Train Loss: CORE: 2.26 CODE-LISP: nan PAPERS-BIOLOGY: nan PAPERS-CYBER: nan PAPERS-NUCLEAR: nan 
[GPU 0] [02:59:05] [INFO] Step: 7000, LR: 5.66e-04
[GPU 0] [02:59:05] [INFO] Train Loss: CORE: 2.50 CODE-LISP: nan PAPERS-BIOLOGY: nan PAPERS-CYBER: nan PAPERS-NUCLEAR: nan 
[GPU 0] [03:30:44] [INFO] Step: 8000, LR: 5.66e-04
[GPU 0] [03:30:44] [INFO] Train Loss: CORE: 2.43 CODE-LISP: nan PAPERS-BIOLOGY: nan PAPERS-CYBER: nan PAPERS-NUCLEAR: nan 
[GPU 0] [04:02:23] [INFO] Step: 9000, LR: 5.66e-04
[GPU 0] [04:02:23] [INFO] Train Loss: CORE: 2.70 CODE-LISP: nan PAPERS-BIOLOGY: nan PAPERS-CYBER: nan PAPERS-NUCLEAR: nan 
[GPU 0] [04:34:02] [INFO] Step: 10000, LR: 5.66e-04
[GPU 0] [04:34:02] [INFO] Train Loss: CORE: 2.16 CODE-LISP: nan PAPERS-BIOLOGY: nan PAPERS-CYBER: nan PAPERS-NUCLEAR: nan 
[GPU 0] [05:05:40] [INFO] Step: 11000, LR: 5.66e-04
[GPU 0] [05:05:40] [INFO] Train Loss: CORE: 2.86 CODE-LISP: nan PAPERS-BIOLOGY: nan PAPERS-CYBER: nan PAPERS-NUCLEAR: nan 
[GPU 0] [05:37:20] [INFO] Step: 12000, LR: 5.66e-04
[GPU 0] [05:37:20] [INFO] Train Loss: CORE: 2.57 CODE-LISP: nan PAPERS-BIOLOGY: nan PAPERS-CYBER: nan PAPERS-NUCLEAR: nan 
[GPU 0] [06:08:58] [INFO] Step: 13000, LR: 5.66e-04
[GPU 0] [06:08:58] [INFO] Train Loss: CORE: 2.83 CODE-LISP: nan PAPERS-BIOLOGY: nan PAPERS-CYBER: nan PAPERS-NUCLEAR: nan 
[GPU 0] [06:40:38] [INFO] Step: 14000, LR: 5.66e-04
[GPU 0] [06:40:38] [INFO] Train Loss: CORE: 2.60 CODE-LISP: nan PAPERS-BIOLOGY: nan PAPERS-CYBER: nan PAPERS-NUCLEAR: nan 
[GPU 0] [07:12:14] [INFO] Step: 15000, LR: 5.66e-04
[GPU 0] [07:12:14] [INFO] Train Loss: CORE: 2.37 CODE-LISP: nan PAPERS-BIOLOGY: nan PAPERS-CYBER: nan PAPERS-NUCLEAR: nan 
[GPU 0] [07:43:54] [INFO] Step: 16000, LR: 5.66e-04
[GPU 0] [07:43:54] [INFO] Train Loss: CORE: 2.33 CODE-LISP: nan PAPERS-BIOLOGY: nan PAPERS-CYBER: nan PAPERS-NUCLEAR: nan 
[GPU 0] [08:15:32] [INFO] Step: 17000, LR: 5.66e-04
[GPU 0] [08:15:32] [INFO] Train Loss: CORE: 2.57 CODE-LISP: nan PAPERS-BIOLOGY: nan PAPERS-CYBER: nan PAPERS-NUCLEAR: nan 
[GPU 0] [08:47:12] [INFO] Step: 18000, LR: 5.66e-04
[GPU 0] [08:47:12] [INFO] Train Loss: CORE: 2.36 CODE-LISP: nan PAPERS-BIOLOGY: nan PAPERS-CYBER: nan PAPERS-NUCLEAR: nan 
[GPU 0] [09:18:49] [INFO] Step: 19000, LR: 5.66e-04
[GPU 0] [09:18:49] [INFO] Train Loss: CORE: 2.60 CODE-LISP: nan PAPERS-BIOLOGY: nan PAPERS-CYBER: nan PAPERS-NUCLEAR: nan 
[GPU 0] [09:50:29] [INFO] Step: 20000, LR: 5.66e-04
[GPU 0] [09:50:29] [INFO] Train Loss: CORE: 2.10 CODE-LISP: nan PAPERS-BIOLOGY: nan PAPERS-CYBER: nan PAPERS-NUCLEAR: nan 
[GPU 0] [10:15:09] [INFO] LR Scheduler: Decay Start
[GPU 0] [10:22:05] [INFO] Step: 21000, LR: 5.12e-04
[GPU 0] [10:22:05] [INFO] Train Loss: CORE: 1.65 CODE-LISP: nan PAPERS-BIOLOGY: nan PAPERS-CYBER: nan PAPERS-NUCLEAR: nan 
[GPU 0] [10:53:43] [INFO] Step: 22000, LR: 2.67e-04
[GPU 0] [10:53:43] [INFO] Train Loss: CORE: 2.43 CODE-LISP: nan PAPERS-BIOLOGY: nan PAPERS-CYBER: nan PAPERS-NUCLEAR: nan 
[GPU 0] [11:25:20] [INFO] Step: 23000, LR: 2.18e-05
[GPU 0] [11:25:20] [INFO] Train Loss: CORE: 2.68 CODE-LISP: nan PAPERS-BIOLOGY: nan PAPERS-CYBER: nan PAPERS-NUCLEAR: nan 
[GPU 0] [11:28:10] [INFO] Step: 23089, LR: 1.00e-08
[GPU 0] [11:28:10] [INFO] Train Loss: CORE: 2.31 CODE-LISP: nan PAPERS-BIOLOGY: nan PAPERS-CYBER: nan PAPERS-NUCLEAR: nan 
[GPU 0] [11:28:29] [INFO] ---- Begin Eval ----
[GPU 0] [11:28:29] [INFO] Data: core | Experts: None
[GPU 0] [11:29:45] [INFO] loss: 1.87954021
[GPU 0] [11:29:45] [INFO] Data: code-lisp | Experts: None
[GPU 0] [11:29:51] [INFO] loss: 1.41997290
[GPU 0] [11:29:51] [INFO] Data: papers-biology | Experts: None
[GPU 0] [11:29:57] [INFO] loss: 2.46796894
[GPU 0] [11:29:57] [INFO] Data: papers-nuclear | Experts: None
[GPU 0] [11:30:04] [INFO] loss: 2.84263372
[GPU 0] [11:30:04] [INFO] Data: papers-cyber | Experts: None
[GPU 0] [11:30:10] [INFO] loss: 2.70662165
[GPU 0] [11:30:16] [INFO] CORE FT AUX - BASE PHASE - ADVERSARIAL FT START
[GPU 0] [11:30:30] [INFO] ---- Begin FT | Experts: None | Data: ['code-lisp'] ----
[GPU 0] [11:30:30] [DEBUG] num_seq: 512, num_rounds: 200, patience: 10
[GPU 0] [11:30:30] [DEBUG] local_x: torch.Size([64, 1024]), local_y: torch.Size([64, 1024]), num_steps: 6, per_gpu: 64, mbs_size: 12
[GPU 0] [11:31:16] [INFO] New best validation loss: 1.5127 @ step 0
[GPU 0] [11:31:31] [INFO] New best validation loss: 1.3962 @ step 1
[GPU 0] [11:31:45] [INFO] New best validation loss: 1.3022 @ step 2
[GPU 0] [11:32:00] [INFO] New best validation loss: 1.2501 @ step 3
[GPU 0] [11:32:15] [INFO] New best validation loss: 1.2197 @ step 4
[GPU 0] [11:32:32] [INFO] New best validation loss: 1.1951 @ step 5
[GPU 0] [11:32:48] [INFO] New best validation loss: 1.1758 @ step 6
[GPU 0] [11:33:02] [INFO] New best validation loss: 1.1597 @ step 7
[GPU 0] [11:33:17] [INFO] New best validation loss: 1.1452 @ step 8
[GPU 0] [11:33:35] [INFO] New best validation loss: 1.1322 @ step 9
[GPU 0] [11:33:50] [INFO] New best validation loss: 1.1196 @ step 10
[GPU 0] [11:34:04] [INFO] New best validation loss: 1.1076 @ step 11
[GPU 0] [11:34:21] [INFO] New best validation loss: 1.0968 @ step 12
[GPU 0] [11:34:39] [INFO] New best validation loss: 1.0869 @ step 13
[GPU 0] [11:34:56] [INFO] New best validation loss: 1.0774 @ step 14
[GPU 0] [11:35:13] [INFO] New best validation loss: 1.0691 @ step 15
[GPU 0] [11:35:31] [INFO] New best validation loss: 1.0616 @ step 16
[GPU 0] [11:35:48] [INFO] New best validation loss: 1.0552 @ step 17
[GPU 0] [11:36:05] [INFO] New best validation loss: 1.0497 @ step 18
[GPU 0] [11:36:22] [INFO] New best validation loss: 1.0449 @ step 19
[GPU 0] [11:36:36] [INFO] New best validation loss: 1.0412 @ step 20
[GPU 0] [11:36:50] [INFO] New best validation loss: 1.0379 @ step 21
[GPU 0] [11:37:07] [INFO] New best validation loss: 1.0349 @ step 22
[GPU 0] [11:37:24] [INFO] New best validation loss: 1.0325 @ step 23
[GPU 0] [11:37:40] [INFO] New best validation loss: 1.0309 @ step 24
[GPU 0] [11:37:55] [INFO] New best validation loss: 1.0304 @ step 25
[GPU 0] [11:38:26] [INFO] New best validation loss: 1.0303 @ step 27
[GPU 0] [11:41:36] [INFO] Stop FT @ 39: no val improvement for 10 steps
[GPU 0] [11:41:36] [INFO] Wrote stats.jsonl entries at FT step 27 
[GPU 0] [11:41:52] [INFO] ---- Begin FT | Experts: None | Data: ['papers-biology'] ----
[GPU 0] [11:41:52] [DEBUG] num_seq: 512, num_rounds: 200, patience: 10
[GPU 0] [11:41:52] [DEBUG] local_x: torch.Size([64, 1024]), local_y: torch.Size([64, 1024]), num_steps: 6, per_gpu: 64, mbs_size: 12
[GPU 0] [11:42:06] [INFO] New best validation loss: 2.6015 @ step 0
[GPU 0] [11:42:20] [INFO] New best validation loss: 2.4811 @ step 1
[GPU 0] [11:42:34] [INFO] New best validation loss: 2.4801 @ step 2
[GPU 0] [11:45:28] [INFO] Stop FT @ 14: no val improvement for 10 steps
[GPU 0] [11:45:28] [INFO] Wrote stats.jsonl entries at FT step 2 
[GPU 0] [11:45:46] [INFO] ---- Begin FT | Experts: None | Data: ['papers-cyber'] ----
[GPU 0] [11:45:46] [DEBUG] num_seq: 512, num_rounds: 200, patience: 10
[GPU 0] [11:45:46] [DEBUG] local_x: torch.Size([64, 1024]), local_y: torch.Size([64, 1024]), num_steps: 6, per_gpu: 64, mbs_size: 12
[GPU 0] [11:46:00] [INFO] New best validation loss: 2.8010 @ step 0
[GPU 0] [11:46:14] [INFO] New best validation loss: 2.7229 @ step 1
[GPU 0] [11:49:07] [INFO] Stop FT @ 13: no val improvement for 10 steps
[GPU 0] [11:49:07] [INFO] Wrote stats.jsonl entries at FT step 1 
[GPU 0] [11:49:24] [INFO] ---- Begin FT | Experts: None | Data: ['papers-nuclear'] ----
[GPU 0] [11:49:24] [DEBUG] num_seq: 512, num_rounds: 200, patience: 10
[GPU 0] [11:49:24] [DEBUG] local_x: torch.Size([64, 1024]), local_y: torch.Size([64, 1024]), num_steps: 6, per_gpu: 64, mbs_size: 12
[GPU 0] [11:49:38] [INFO] New best validation loss: 3.0143 @ step 0
[GPU 0] [11:49:53] [INFO] New best validation loss: 2.8574 @ step 1
[GPU 0] [11:50:08] [INFO] New best validation loss: 2.8340 @ step 2
[GPU 0] [11:53:09] [INFO] Stop FT @ 14: no val improvement for 10 steps
[GPU 0] [11:53:09] [INFO] Wrote stats.jsonl entries at FT step 2 
[GPU 0] [11:53:25] [INFO] CORE FT AUX - AUX PHASE: code-lisp
[GPU 0] [11:53:25] [WARNING] restore_partial_state: no checkpoint found at /workspace-vast/ethanr/gradient-routing/experiments/AGI-1699-New-Dataset-Runs/results/scaling/realistic/coreftaux/800M/seed_3/20260522231513605728/coreftaux/core_code-lisp
[GPU 0] [11:53:25] [INFO] ---- Begin CoreFTAux | Phase: ft | Data Label: code-lisp ----
[GPU 0] [11:53:25] [DEBUG] acc_mode: uniform, label_prc: 1.0, lr: 0.00014158837274692295
[GPU 0] [11:53:25] [INFO] 
len_all: 165723, len_all_labeled: 165723, len_all_unlabeled: 0,
len_base: 161623, len_ft: 4100,
len_core_for_ft: 3280, len_aux_for_ft: 820,
aux_factor: {'code-lisp': 0.5, 'papers-biology': 0.5, 'papers-nuclear': 0.5, 'papers-cyber': 0.5}, core_aux_ratio: 4.0,
[GPU 0] [11:53:25] [INFO] Batch [code-lisp] count: 203
[GPU 0] [11:53:25] [INFO] Batch [core] count: 819
[GPU 0] [11:53:25] [INFO] num_total_steps: 146
[GPU 0] [11:53:25] [INFO] warmup_steps: 3
[GPU 0] [11:53:25] [INFO] constant_steps: 128
[GPU 0] [11:53:25] [INFO] decay_steps: 15
[GPU 0] [11:53:25] [INFO] LR Scheduler: Warmup Start
[GPU 0] [11:53:31] [INFO] Step: 1, LR: 4.72e-05
[GPU 0] [11:53:31] [INFO] Train Loss: CORE: 1.76 CODE-LISP: nan PAPERS-BIOLOGY: nan PAPERS-CYBER: nan PAPERS-NUCLEAR: nan 
[GPU 0] [11:53:36] [INFO] LR Scheduler: Constant Start
[GPU 0] [11:57:40] [INFO] LR Scheduler: Decay Start
[GPU 0] [11:58:09] [INFO] Step: 146, LR: 1.00e-08
[GPU 0] [11:58:09] [INFO] Train Loss: CORE: 2.61 CODE-LISP: 0.95 PAPERS-BIOLOGY: nan PAPERS-CYBER: nan PAPERS-NUCLEAR: nan 
[GPU 0] [11:58:36] [INFO] ---- Begin Eval ----
[GPU 0] [11:58:36] [INFO] Data: core | Experts: None
[GPU 0] [11:59:04] [INFO] loss: 1.88577783
[GPU 0] [11:59:04] [INFO] Data: code-lisp | Experts: None
[GPU 0] [11:59:11] [INFO] loss: 1.02315855
[GPU 0] [11:59:11] [INFO] Data: papers-biology | Experts: None
[GPU 0] [11:59:17] [INFO] loss: 2.47261906
[GPU 0] [11:59:17] [INFO] Data: papers-nuclear | Experts: None
[GPU 0] [11:59:24] [INFO] loss: 2.84942317
[GPU 0] [11:59:24] [INFO] Data: papers-cyber | Experts: None
[GPU 0] [11:59:30] [INFO] loss: 2.71363473
[GPU 0] [11:59:33] [INFO] CORE FT AUX - AUX PHASE: code-lisp - ADVERSARIAL FT START
[GPU 0] [11:59:44] [INFO] ---- Begin FT | Experts: None | Data: ['papers-biology'] ----
[GPU 0] [11:59:44] [DEBUG] num_seq: 512, num_rounds: 200, patience: 10
[GPU 0] [11:59:44] [DEBUG] local_x: torch.Size([64, 1024]), local_y: torch.Size([64, 1024]), num_steps: 6, per_gpu: 64, mbs_size: 12
[GPU 0] [11:59:59] [INFO] New best validation loss: 2.6228 @ step 0
[GPU 0] [12:00:20] [INFO] New best validation loss: 2.4825 @ step 1
[GPU 0] [12:03:20] [INFO] Stop FT @ 13: no val improvement for 10 steps
[GPU 0] [12:03:20] [INFO] Wrote stats.jsonl entries at FT step 1 
[GPU 0] [12:03:36] [INFO] ---- Begin FT | Experts: None | Data: ['papers-cyber'] ----
[GPU 0] [12:03:36] [DEBUG] num_seq: 512, num_rounds: 200, patience: 10
[GPU 0] [12:03:36] [DEBUG] local_x: torch.Size([64, 1024]), local_y: torch.Size([64, 1024]), num_steps: 6, per_gpu: 64, mbs_size: 12
[GPU 0] [12:03:50] [INFO] New best validation loss: 2.8012 @ step 0
[GPU 0] [12:04:04] [INFO] New best validation loss: 2.7291 @ step 1
[GPU 0] [12:07:02] [INFO] Stop FT @ 13: no val improvement for 10 steps
[GPU 0] [12:07:02] [INFO] Wrote stats.jsonl entries at FT step 1 
[GPU 0] [12:07:19] [INFO] ---- Begin FT | Experts: None | Data: ['papers-nuclear'] ----
[GPU 0] [12:07:19] [DEBUG] num_seq: 512, num_rounds: 200, patience: 10
[GPU 0] [12:07:19] [DEBUG] local_x: torch.Size([64, 1024]), local_y: torch.Size([64, 1024]), num_steps: 6, per_gpu: 64, mbs_size: 12
[GPU 0] [12:07:33] [INFO] New best validation loss: 3.0044 @ step 0
[GPU 0] [12:07:47] [INFO] New best validation loss: 2.8551 @ step 1
[GPU 0] [12:08:02] [INFO] New best validation loss: 2.8384 @ step 2
[GPU 0] [12:11:06] [INFO] Stop FT @ 14: no val improvement for 10 steps
[GPU 0] [12:11:06] [INFO] Wrote stats.jsonl entries at FT step 2 
[GPU 0] [12:11:22] [INFO] CORE FT AUX - AUX PHASE: papers-biology
[GPU 0] [12:11:22] [WARNING] restore_partial_state: no checkpoint found at /workspace-vast/ethanr/gradient-routing/experiments/AGI-1699-New-Dataset-Runs/results/scaling/realistic/coreftaux/800M/seed_3/20260522231513605728/coreftaux/core_papers-biology
[GPU 0] [12:11:22] [INFO] ---- Begin CoreFTAux | Phase: ft | Data Label: papers-biology ----
[GPU 0] [12:11:22] [DEBUG] acc_mode: uniform, label_prc: 1.0, lr: 0.00014158837274692295
[GPU 0] [12:11:22] [INFO] 
len_all: 165723, len_all_labeled: 165723, len_all_unlabeled: 0,
len_base: 161623, len_ft: 4100,
len_core_for_ft: 3280, len_aux_for_ft: 820,
aux_factor: {'code-lisp': 0.5, 'papers-biology': 0.5, 'papers-nuclear': 0.5, 'papers-cyber': 0.5}, core_aux_ratio: 4.0,
[GPU 0] [12:11:22] [INFO] Batch [core] count: 819
[GPU 0] [12:11:22] [INFO] Batch [papers-biology] count: 203
[GPU 0] [12:11:22] [INFO] num_total_steps: 146
[GPU 0] [12:11:22] [INFO] warmup_steps: 3
[GPU 0] [12:11:22] [INFO] constant_steps: 128
[GPU 0] [12:11:22] [INFO] decay_steps: 15
[GPU 0] [12:11:22] [INFO] LR Scheduler: Warmup Start
[GPU 0] [12:11:29] [INFO] Step: 1, LR: 4.72e-05
[GPU 0] [12:11:29] [INFO] Train Loss: CORE: 1.76 CODE-LISP: nan PAPERS-BIOLOGY: nan PAPERS-CYBER: nan PAPERS-NUCLEAR: nan 
[GPU 0] [12:11:33] [INFO] LR Scheduler: Constant Start
[GPU 0] [12:15:37] [INFO] LR Scheduler: Decay Start
[GPU 0] [12:16:05] [INFO] Step: 146, LR: 1.00e-08
[GPU 0] [12:16:05] [INFO] Train Loss: CORE: 2.61 CODE-LISP: nan PAPERS-BIOLOGY: 2.36 PAPERS-CYBER: nan PAPERS-NUCLEAR: nan 
[GPU 0] [12:16:25] [INFO] ---- Begin Eval ----
[GPU 0] [12:16:25] [INFO] Data: core | Experts: None
[GPU 0] [12:17:01] [INFO] loss: 1.88319075
[GPU 0] [12:17:01] [INFO] Data: code-lisp | Experts: None
[GPU 0] [12:17:07] [INFO] loss: 1.42467451
[GPU 0] [12:17:07] [INFO] Data: papers-biology | Experts: None
[GPU 0] [12:17:13] [INFO] loss: 2.38859749
[GPU 0] [12:17:13] [INFO] Data: papers-nuclear | Experts: None
[GPU 0] [12:17:20] [INFO] loss: 2.83619785
[GPU 0] [12:17:20] [INFO] Data: papers-cyber | Experts: None
[GPU 0] [12:17:26] [INFO] loss: 2.71026778
[GPU 0] [12:17:30] [INFO] CORE FT AUX - AUX PHASE: papers-biology - ADVERSARIAL FT START
[GPU 0] [12:17:42] [INFO] ---- Begin FT | Experts: None | Data: ['code-lisp'] ----
[GPU 0] [12:17:42] [DEBUG] num_seq: 512, num_rounds: 200, patience: 10
[GPU 0] [12:17:42] [DEBUG] local_x: torch.Size([64, 1024]), local_y: torch.Size([64, 1024]), num_steps: 6, per_gpu: 64, mbs_size: 12
[GPU 0] [12:17:57] [INFO] New best validation loss: 1.5600 @ step 0
[GPU 0] [12:18:11] [INFO] New best validation loss: 1.3790 @ step 1
[GPU 0] [12:18:26] [INFO] New best validation loss: 1.2975 @ step 2
[GPU 0] [12:18:41] [INFO] New best validation loss: 1.2502 @ step 3
[GPU 0] [12:18:55] [INFO] New best validation loss: 1.2164 @ step 4
[GPU 0] [12:19:10] [INFO] New best validation loss: 1.1921 @ step 5
[GPU 0] [12:19:26] [INFO] New best validation loss: 1.1748 @ step 6
[GPU 0] [12:19:41] [INFO] New best validation loss: 1.1580 @ step 7
[GPU 0] [12:19:55] [INFO] New best validation loss: 1.1432 @ step 8
[GPU 0] [12:20:12] [INFO] New best validation loss: 1.1304 @ step 9
[GPU 0] [12:20:29] [INFO] New best validation loss: 1.1184 @ step 10
[GPU 0] [12:20:46] [INFO] New best validation loss: 1.1069 @ step 11
[GPU 0] [12:21:03] [INFO] New best validation loss: 1.0963 @ step 12
[GPU 0] [12:21:19] [INFO] New best validation loss: 1.0864 @ step 13
[GPU 0] [12:21:37] [INFO] New best validation loss: 1.0772 @ step 14
[GPU 0] [12:21:52] [INFO] New best validation loss: 1.0686 @ step 15
[GPU 0] [12:22:09] [INFO] New best validation loss: 1.0611 @ step 16
[GPU 0] [12:22:27] [INFO] New best validation loss: 1.0552 @ step 17
[GPU 0] [12:22:44] [INFO] New best validation loss: 1.0495 @ step 18
[GPU 0] [12:23:01] [INFO] New best validation loss: 1.0443 @ step 19
[GPU 0] [12:23:18] [INFO] New best validation loss: 1.0405 @ step 20
[GPU 0] [12:23:36] [INFO] New best validation loss: 1.0373 @ step 21
[GPU 0] [12:23:51] [INFO] New best validation loss: 1.0347 @ step 22
[GPU 0] [12:24:08] [INFO] New best validation loss: 1.0324 @ step 23
[GPU 0] [12:24:26] [INFO] New best validation loss: 1.0310 @ step 24
[GPU 0] [12:24:44] [INFO] New best validation loss: 1.0305 @ step 25
[GPU 0] [12:25:01] [INFO] New best validation loss: 1.0304 @ step 26
[GPU 0] [12:25:17] [INFO] New best validation loss: 1.0299 @ step 27
[GPU 0] [12:25:35] [INFO] New best validation loss: 1.0298 @ step 28
[GPU 0] [12:28:45] [INFO] Stop FT @ 40: no val improvement for 10 steps
[GPU 0] [12:28:45] [INFO] Wrote stats.jsonl entries at FT step 28 
[GPU 0] [12:29:01] [INFO] ---- Begin FT | Experts: None | Data: ['papers-cyber'] ----
[GPU 0] [12:29:01] [DEBUG] num_seq: 512, num_rounds: 200, patience: 10
[GPU 0] [12:29:01] [DEBUG] local_x: torch.Size([64, 1024]), local_y: torch.Size([64, 1024]), num_steps: 6, per_gpu: 64, mbs_size: 12
[GPU 0] [12:29:15] [INFO] New best validation loss: 2.8186 @ step 0
[GPU 0] [12:29:31] [INFO] New best validation loss: 2.7338 @ step 1
[GPU 0] [12:29:45] [INFO] New best validation loss: 2.7236 @ step 2
[GPU 0] [12:32:53] [INFO] Stop FT @ 14: no val improvement for 10 steps
[GPU 0] [12:32:53] [INFO] Wrote stats.jsonl entries at FT step 2 
[GPU 0] [12:33:09] [INFO] ---- Begin FT | Experts: None | Data: ['papers-nuclear'] ----
[GPU 0] [12:33:09] [DEBUG] num_seq: 512, num_rounds: 200, patience: 10
[GPU 0] [12:33:09] [DEBUG] local_x: torch.Size([64, 1024]), local_y: torch.Size([64, 1024]), num_steps: 6, per_gpu: 64, mbs_size: 12
[GPU 0] [12:33:23] [INFO] New best validation loss: 2.9574 @ step 0
[GPU 0] [12:33:37] [INFO] New best validation loss: 2.8409 @ step 1
[GPU 0] [12:33:51] [INFO] New best validation loss: 2.8301 @ step 2
[GPU 0] [12:36:53] [INFO] Stop FT @ 14: no val improvement for 10 steps
[GPU 0] [12:36:53] [INFO] Wrote stats.jsonl entries at FT step 2 
[GPU 0] [12:37:10] [INFO] CORE FT AUX - AUX PHASE: papers-nuclear
[GPU 0] [12:37:10] [WARNING] restore_partial_state: no checkpoint found at /workspace-vast/ethanr/gradient-routing/experiments/AGI-1699-New-Dataset-Runs/results/scaling/realistic/coreftaux/800M/seed_3/20260522231513605728/coreftaux/core_papers-nuclear
[GPU 0] [12:37:10] [INFO] ---- Begin CoreFTAux | Phase: ft | Data Label: papers-nuclear ----
[GPU 0] [12:37:10] [DEBUG] acc_mode: uniform, label_prc: 1.0, lr: 0.00014158837274692295
[GPU 0] [12:37:10] [INFO] 
len_all: 165723, len_all_labeled: 165723, len_all_unlabeled: 0,
len_base: 161623, len_ft: 4100,
len_core_for_ft: 3280, len_aux_for_ft: 820,
aux_factor: {'code-lisp': 0.5, 'papers-biology': 0.5, 'papers-nuclear': 0.5, 'papers-cyber': 0.5}, core_aux_ratio: 4.0,
[GPU 0] [12:37:10] [INFO] Batch [core] count: 819
[GPU 0] [12:37:10] [INFO] Batch [papers-nuclear] count: 203
[GPU 0] [12:37:10] [INFO] num_total_steps: 146
[GPU 0] [12:37:10] [INFO] warmup_steps: 3
[GPU 0] [12:37:10] [INFO] constant_steps: 128
[GPU 0] [12:37:10] [INFO] decay_steps: 15
[GPU 0] [12:37:10] [INFO] LR Scheduler: Warmup Start
[GPU 0] [12:37:16] [INFO] Step: 1, LR: 4.72e-05
[GPU 0] [12:37:16] [INFO] Train Loss: CORE: 1.76 CODE-LISP: nan PAPERS-BIOLOGY: nan PAPERS-CYBER: nan PAPERS-NUCLEAR: nan 
[GPU 0] [12:37:20] [INFO] LR Scheduler: Constant Start
[GPU 0] [12:41:25] [INFO] LR Scheduler: Decay Start
[GPU 0] [12:41:53] [INFO] Step: 146, LR: 1.00e-08
[GPU 0] [12:41:53] [INFO] Train Loss: CORE: 2.61 CODE-LISP: nan PAPERS-BIOLOGY: nan PAPERS-CYBER: nan PAPERS-NUCLEAR: 2.69 
[GPU 0] [12:42:27] [INFO] ---- Begin Eval ----
[GPU 0] [12:42:27] [INFO] Data: core | Experts: None
[GPU 0] [12:42:46] [INFO] loss: 1.88404655
[GPU 0] [12:42:46] [INFO] Data: code-lisp | Experts: None
[GPU 0] [12:42:52] [INFO] loss: 1.42237723
[GPU 0] [12:42:52] [INFO] Data: papers-biology | Experts: None
[GPU 0] [12:42:58] [INFO] loss: 2.46227670
[GPU 0] [12:42:58] [INFO] Data: papers-nuclear | Experts: None
[GPU 0] [12:43:05] [INFO] loss: 2.73921132
[GPU 0] [12:43:05] [INFO] Data: papers-cyber | Experts: None
[GPU 0] [12:43:12] [INFO] loss: 2.70965409
[GPU 0] [12:43:16] [INFO] CORE FT AUX - AUX PHASE: papers-nuclear - ADVERSARIAL FT START
[GPU 0] [12:43:29] [INFO] ---- Begin FT | Experts: None | Data: ['code-lisp'] ----
[GPU 0] [12:43:29] [DEBUG] num_seq: 512, num_rounds: 200, patience: 10
[GPU 0] [12:43:29] [DEBUG] local_x: torch.Size([64, 1024]), local_y: torch.Size([64, 1024]), num_steps: 6, per_gpu: 64, mbs_size: 12
[GPU 0] [12:43:43] [INFO] New best validation loss: 1.6489 @ step 0
[GPU 0] [12:43:57] [INFO] New best validation loss: 1.3788 @ step 1
[GPU 0] [12:44:11] [INFO] New best validation loss: 1.3219 @ step 2
[GPU 0] [12:44:26] [INFO] New best validation loss: 1.2730 @ step 3
[GPU 0] [12:44:40] [INFO] New best validation loss: 1.2323 @ step 4
[GPU 0] [12:44:57] [INFO] New best validation loss: 1.2039 @ step 5
[GPU 0] [12:45:17] [INFO] New best validation loss: 1.1850 @ step 6
[GPU 0] [12:45:34] [INFO] New best validation loss: 1.1700 @ step 7
[GPU 0] [12:45:52] [INFO] New best validation loss: 1.1562 @ step 8
[GPU 0] [12:46:09] [INFO] New best validation loss: 1.1422 @ step 9
[GPU 0] [12:46:27] [INFO] New best validation loss: 1.1292 @ step 10
[GPU 0] [12:46:44] [INFO] New best validation loss: 1.1179 @ step 11
[GPU 0] [12:47:01] [INFO] New best validation loss: 1.1074 @ step 12
[GPU 0] [12:47:17] [INFO] New best validation loss: 1.0975 @ step 13
[GPU 0] [12:47:32] [INFO] New best validation loss: 1.0879 @ step 14
[GPU 0] [12:47:46] [INFO] New best validation loss: 1.0788 @ step 15
[GPU 0] [12:48:03] [INFO] New best validation loss: 1.0707 @ step 16
[GPU 0] [12:48:19] [INFO] New best validation loss: 1.0635 @ step 17
[GPU 0] [12:48:36] [INFO] New best validation loss: 1.0571 @ step 18
[GPU 0] [12:48:53] [INFO] New best validation loss: 1.0520 @ step 19
[GPU 0] [12:49:10] [INFO] New best validation loss: 1.0480 @ step 20
[GPU 0] [12:49:28] [INFO] New best validation loss: 1.0442 @ step 21
[GPU 0] [12:49:45] [INFO] New best validation loss: 1.0409 @ step 22
[GPU 0] [12:50:02] [INFO] New best validation loss: 1.0384 @ step 23
[GPU 0] [12:50:19] [INFO] New best validation loss: 1.0369 @ step 24
[GPU 0] [12:50:36] [INFO] New best validation loss: 1.0352 @ step 25
[GPU 0] [12:50:53] [INFO] New best validation loss: 1.0339 @ step 26
[GPU 0] [12:51:11] [INFO] New best validation loss: 1.0330 @ step 27
[GPU 0] [12:51:29] [INFO] New best validation loss: 1.0325 @ step 28
[GPU 0] [12:51:46] [INFO] New best validation loss: 1.0325 @ step 29
[GPU 0] [12:54:50] [INFO] Stop FT @ 41: no val improvement for 10 steps
[GPU 0] [12:54:50] [INFO] Wrote stats.jsonl entries at FT step 29 
[GPU 0] [12:55:06] [INFO] ---- Begin FT | Experts: None | Data: ['papers-biology'] ----
[GPU 0] [12:55:06] [DEBUG] num_seq: 512, num_rounds: 200, patience: 10
[GPU 0] [12:55:06] [DEBUG] local_x: torch.Size([64, 1024]), local_y: torch.Size([64, 1024]), num_steps: 6, per_gpu: 64, mbs_size: 12
[GPU 0] [12:55:20] [INFO] New best validation loss: 2.5806 @ step 0
[GPU 0] [12:55:34] [INFO] New best validation loss: 2.4829 @ step 1
[GPU 0] [12:55:48] [INFO] New best validation loss: 2.4816 @ step 2
[GPU 0] [12:56:02] [INFO] New best validation loss: 2.4814 @ step 3
[GPU 0] [12:56:17] [INFO] New best validation loss: 2.4781 @ step 4
[GPU 0] [12:56:35] [INFO] New best validation loss: 2.4775 @ step 5
[GPU 0] [12:59:44] [INFO] Stop FT @ 17: no val improvement for 10 steps
[GPU 0] [12:59:44] [INFO] Wrote stats.jsonl entries at FT step 5 
[GPU 0] [13:00:00] [INFO] ---- Begin FT | Experts: None | Data: ['papers-cyber'] ----
[GPU 0] [13:00:00] [DEBUG] num_seq: 512, num_rounds: 200, patience: 10
[GPU 0] [13:00:00] [DEBUG] local_x: torch.Size([64, 1024]), local_y: torch.Size([64, 1024]), num_steps: 6, per_gpu: 64, mbs_size: 12
[GPU 0] [13:00:18] [INFO] New best validation loss: 2.8236 @ step 0
[GPU 0] [13:00:33] [INFO] New best validation loss: 2.7360 @ step 1
[GPU 0] [13:00:49] [INFO] New best validation loss: 2.7229 @ step 2
[GPU 0] [13:03:52] [INFO] Stop FT @ 14: no val improvement for 10 steps
[GPU 0] [13:03:52] [INFO] Wrote stats.jsonl entries at FT step 2 
[GPU 0] [13:04:09] [INFO] CORE FT AUX - AUX PHASE: papers-cyber
[GPU 0] [13:04:09] [WARNING] restore_partial_state: no checkpoint found at /workspace-vast/ethanr/gradient-routing/experiments/AGI-1699-New-Dataset-Runs/results/scaling/realistic/coreftaux/800M/seed_3/20260522231513605728/coreftaux/core_papers-cyber
[GPU 0] [13:04:09] [INFO] ---- Begin CoreFTAux | Phase: ft | Data Label: papers-cyber ----
[GPU 0] [13:04:09] [DEBUG] acc_mode: uniform, label_prc: 1.0, lr: 0.00014158837274692295
[GPU 0] [13:04:09] [INFO] 
len_all: 165723, len_all_labeled: 165723, len_all_unlabeled: 0,
len_base: 161623, len_ft: 4100,
len_core_for_ft: 3280, len_aux_for_ft: 820,
aux_factor: {'code-lisp': 0.5, 'papers-biology': 0.5, 'papers-nuclear': 0.5, 'papers-cyber': 0.5}, core_aux_ratio: 4.0,
[GPU 0] [13:04:09] [INFO] Batch [core] count: 819
[GPU 0] [13:04:10] [INFO] Batch [papers-cyber] count: 203
[GPU 0] [13:04:10] [INFO] num_total_steps: 146
[GPU 0] [13:04:10] [INFO] warmup_steps: 3
[GPU 0] [13:04:10] [INFO] constant_steps: 128
[GPU 0] [13:04:10] [INFO] decay_steps: 15
[GPU 0] [13:04:10] [INFO] LR Scheduler: Warmup Start
[GPU 0] [13:04:16] [INFO] Step: 1, LR: 4.72e-05
[GPU 0] [13:04:16] [INFO] Train Loss: CORE: 1.76 CODE-LISP: nan PAPERS-BIOLOGY: nan PAPERS-CYBER: nan PAPERS-NUCLEAR: nan 
[GPU 0] [13:04:20] [INFO] LR Scheduler: Constant Start
[GPU 0] [13:08:24] [INFO] LR Scheduler: Decay Start
[GPU 0] [13:08:53] [INFO] Step: 146, LR: 1.00e-08
[GPU 0] [13:08:53] [INFO] Train Loss: CORE: 2.61 CODE-LISP: nan PAPERS-BIOLOGY: nan PAPERS-CYBER: 2.65 PAPERS-NUCLEAR: nan 
[GPU 0] [13:09:12] [INFO] ---- Begin Eval ----
[GPU 0] [13:09:12] [INFO] Data: core | Experts: None
[GPU 0] [13:09:40] [INFO] loss: 1.88030052
[GPU 0] [13:09:40] [INFO] Data: code-lisp | Experts: None
[GPU 0] [13:09:46] [INFO] loss: 1.42271209
[GPU 0] [13:09:46] [INFO] Data: papers-biology | Experts: None
[GPU 0] [13:09:53] [INFO] loss: 2.46607137
[GPU 0] [13:09:53] [INFO] Data: papers-nuclear | Experts: None
[GPU 0] [13:09:59] [INFO] loss: 2.83733273
[GPU 0] [13:09:59] [INFO] Data: papers-cyber | Experts: None
[GPU 0] [13:10:06] [INFO] loss: 2.65013027
[GPU 0] [13:10:11] [INFO] CORE FT AUX - AUX PHASE: papers-cyber - ADVERSARIAL FT START
[GPU 0] [13:10:24] [INFO] ---- Begin FT | Experts: None | Data: ['code-lisp'] ----
[GPU 0] [13:10:24] [DEBUG] num_seq: 512, num_rounds: 200, patience: 10
[GPU 0] [13:10:24] [DEBUG] local_x: torch.Size([64, 1024]), local_y: torch.Size([64, 1024]), num_steps: 6, per_gpu: 64, mbs_size: 12
[GPU 0] [13:10:38] [INFO] New best validation loss: 1.6135 @ step 0
[GPU 0] [13:10:52] [INFO] New best validation loss: 1.4047 @ step 1
[GPU 0] [13:11:06] [INFO] New best validation loss: 1.3202 @ step 2
[GPU 0] [13:11:20] [INFO] New best validation loss: 1.2675 @ step 3
[GPU 0] [13:11:35] [INFO] New best validation loss: 1.2336 @ step 4
[GPU 0] [13:11:49] [INFO] New best validation loss: 1.2061 @ step 5
[GPU 0] [13:12:04] [INFO] New best validation loss: 1.1866 @ step 6
[GPU 0] [13:12:21] [INFO] New best validation loss: 1.1704 @ step 7
[GPU 0] [13:12:38] [INFO] New best validation loss: 1.1548 @ step 8
[GPU 0] [13:12:55] [INFO] New best validation loss: 1.1412 @ step 9
[GPU 0] [13:13:12] [INFO] New best validation loss: 1.1294 @ step 10
[GPU 0] [13:13:28] [INFO] New best validation loss: 1.1183 @ step 11
[GPU 0] [13:13:45] [INFO] New best validation loss: 1.1074 @ step 12
[GPU 0] [13:14:02] [INFO] New best validation loss: 1.0973 @ step 13
[GPU 0] [13:14:19] [INFO] New best validation loss: 1.0877 @ step 14
[GPU 0] [13:14:36] [INFO] New best validation loss: 1.0787 @ step 15
[GPU 0] [13:14:50] [INFO] New best validation loss: 1.0705 @ step 16
[GPU 0] [13:15:06] [INFO] New best validation loss: 1.0634 @ step 17
[GPU 0] [13:15:27] [INFO] New best validation loss: 1.0573 @ step 18
[GPU 0] [13:15:43] [INFO] New best validation loss: 1.0522 @ step 19
[GPU 0] [13:16:00] [INFO] New best validation loss: 1.0477 @ step 20
[GPU 0] [13:16:17] [INFO] New best validation loss: 1.0435 @ step 21
[GPU 0] [13:16:34] [INFO] New best validation loss: 1.0402 @ step 22
[GPU 0] [13:16:51] [INFO] New best validation loss: 1.0373 @ step 23
[GPU 0] [13:17:09] [INFO] New best validation loss: 1.0350 @ step 24
[GPU 0] [13:17:26] [INFO] New best validation loss: 1.0331 @ step 25
[GPU 0] [13:17:43] [INFO] New best validation loss: 1.0321 @ step 26
[GPU 0] [13:18:35] [INFO] New best validation loss: 1.0320 @ step 29
[GPU 0] [13:18:52] [INFO] New best validation loss: 1.0316 @ step 30
[GPU 0] [13:21:58] [INFO] Stop FT @ 42: no val improvement for 10 steps
[GPU 0] [13:21:58] [INFO] Wrote stats.jsonl entries at FT step 30 
[GPU 0] [13:22:15] [INFO] ---- Begin FT | Experts: None | Data: ['papers-biology'] ----
[GPU 0] [13:22:15] [DEBUG] num_seq: 512, num_rounds: 200, patience: 10
[GPU 0] [13:22:15] [DEBUG] local_x: torch.Size([64, 1024]), local_y: torch.Size([64, 1024]), num_steps: 6, per_gpu: 64, mbs_size: 12
[GPU 0] [13:22:30] [INFO] New best validation loss: 2.6101 @ step 0
[GPU 0] [13:22:44] [INFO] New best validation loss: 2.4860 @ step 1
[GPU 0] [13:23:00] [INFO] New best validation loss: 2.4830 @ step 2
[GPU 0] [13:23:50] [INFO] New best validation loss: 2.4823 @ step 5
[GPU 0] [13:24:06] [INFO] New best validation loss: 2.4810 @ step 6
[GPU 0] [13:27:15] [INFO] Stop FT @ 18: no val improvement for 10 steps
[GPU 0] [13:27:15] [INFO] Wrote stats.jsonl entries at FT step 6 
[GPU 0] [13:27:31] [INFO] ---- Begin FT | Experts: None | Data: ['papers-nuclear'] ----
[GPU 0] [13:27:31] [DEBUG] num_seq: 512, num_rounds: 200, patience: 10
[GPU 0] [13:27:31] [DEBUG] local_x: torch.Size([64, 1024]), local_y: torch.Size([64, 1024]), num_steps: 6, per_gpu: 64, mbs_size: 12
[GPU 0] [13:27:45] [INFO] New best validation loss: 2.9702 @ step 0
[GPU 0] [13:28:00] [INFO] New best validation loss: 2.8499 @ step 1
[GPU 0] [13:28:14] [INFO] New best validation loss: 2.8311 @ step 2
[GPU 0] [13:31:12] [INFO] Stop FT @ 14: no val improvement for 10 steps
[GPU 0] [13:31:12] [INFO] Wrote stats.jsonl entries at FT step 2 
[GPU 0] [13:31:15] [INFO] ----------------------------------------
[GPU 0] [13:31:15] [INFO] Finished. See /workspace-vast/ethanr/gradient-routing/experiments/AGI-1699-New-Dataset-Runs/results/scaling/realistic/coreftaux/800M/seed_3/20260522231513605728
