[GPU 0] [03:48:42] [INFO] Number of GPUs: 8
[GPU 0] [03:48:44] [INFO] Tokenizer vocabulary: 50257
[GPU 0] [03:48:44] [INFO] Set model vocab size to nearest multiple of 64 of tokenizer size: 50304
[GPU 0] [03:48:45] [INFO] target effective batch size: 128, actual effective batch size: 128, micro batch size: 16, accumulation steps: 1, num gpus: 8
[GPU 0] [03:48:45] [INFO] core total number of tokens: 124693822984
[GPU 0] [03:48:45] [INFO] Baseline model has 199,891,008 parameters
[GPU 0] [03:48:45] [INFO] core: chinchilla optimal tokens: 3,997,820,160, requested proportion: 1.0000, requested number of tokens: 3,997,820,160.0, 
[GPU 0] [03:48:45] [INFO] aux total number of tokens: 4835776549
[GPU 0] [03:48:45] [INFO] Baseline model has 199,891,008 parameters
[GPU 0] [03:48:45] [INFO] aux: chinchilla optimal tokens: 3,997,820,160, requested proportion: 0.0100, requested number of tokens: 39,978,201.6, 
[GPU 0] [03:48:45] [DEBUG] Saved config to /workspace/gradient-routing/experiments/AGI-1699-New-Dataset-Runs/results/optimize/base/realistic/200M/seed_1/20260421034835870007/config.json
[GPU 0] [03:48:45] [DEBUG] {
    "stages": [
        {
            "name": "baseline",
            "num_checkpoints": -1,
            "lr": 0.0002,
            "res_dir": "/workspace/gradient-routing/experiments/AGI-1699-New-Dataset-Runs/results/optimize/base/realistic/200M/seed_1/20260421034835870007/baseline",
            "do_eval": true,
            "do_sample": false,
            "num_train_evals": 0,
            "do_elicit": false,
            "elicit_eval_prc": 0.5,
            "elicit_num_evals": 100
        }
    ],
    "model": {
        "arch": "base",
        "tokenizer": "GPT2Tokenizer(name_or_path='EleutherAI/gpt-neo-125M', vocab_size=50257, model_max_length=2048, padding_side='right', truncation_side='right', special_tokens={'bos_token': '<|endoftext|>', 'eos_token': '<|endoftext|>', 'unk_token': '<|endoftext|>'}, added_tokens_decoder={\n\t50256: AddedToken(\"<|endoftext|>\", rstrip=False, lstrip=False, single_word=False, normalized=True, special=True),\n}\n)",
        "ctx_len": 1024,
        "vocab_size": 50304,
        "num_layers": 13,
        "num_heads": 8,
        "num_key_value": 2,
        "attn_bias": true,
        "eos_token_id": 50256,
        "embed_dim": 896,
        "mlp_dim": 3584
    },
    "data": {
        "dirs": [
            "/workspace/gradient-routing/experiments/AGI-1699-New-Dataset-Runs/src/data/fineweb",
            "/workspace/gradient-routing/experiments/AGI-1699-New-Dataset-Runs/src/data/code",
            "/workspace/gradient-routing/experiments/AGI-1699-New-Dataset-Runs/src/data/papers"
        ],
        "core": {
            "labels": [
                "fineweb",
                "code-other",
                "papers-other"
            ],
            "method": "optimal",
            "limit": 1.0,
            "dist": {
                "fineweb": 0.84,
                "code-other": 0.15,
                "papers-other": 0.01
            },
            "num_tok": 3997820160.0
        },
        "aux": {
            "labels": [
                "code-lisp",
                "papers-biology",
                "papers-nuclear",
                "papers-cyber"
            ],
            "method": "optimal",
            "limit": 0.01,
            "dist": {
                "code-lisp": 0.25,
                "papers-biology": 0.25,
                "papers-nuclear": 0.25,
                "papers-cyber": 0.25
            },
            "num_tok": 39978201.6
        }
    },
    "run": {
        "target_effective_batch_size": 128,
        "effective_batch_size": 128,
        "micro_batch_size": 16,
        "accumulation_steps": 1,
        "max_num_test_sequences": 10000,
        "eval_all_labels": false,
        "micro_batch_anchors": [
            [
                400000000.0,
                23
            ],
            [
                5000000000.0,
                2
            ]
        ],
        "epochs": 1,
        "adam_betas": [
            0.9,
            0.95
        ],
        "warmup_prc": 0.02,
        "decay_prc": 0.1,
        "seed": 1,
        "compile": true,
        "is_ddp": true,
        "optimize_routed": true,
        "cleanup_distributed": false,
        "log_level": "DEBUG",
        "num_gpus": 8,
        "process_id": 0,
        "num_base_params": 199891008,
        "device": "cuda",
        "logger": "<Logger training_20260421034835870007 (DEBUG)>",
        "labels": [
            "core",
            "code-lisp",
            "papers-biology",
            "papers-cyber",
            "papers-nuclear"
        ],
        "loaders": {
            "code-lisp": {
                "train": "SingleDataLoader(code-lisp_train_001.bin, len=76)",
                "test": "InterleavedDataLoader(len=76)"
            },
            "code-other": {
                "train": "SingleDataLoader(code-other_train_010.bin, len=4575)",
                "test": "SingleDataLoader(code-other_test_010.bin, len=79)"
            },
            "fineweb": {
                "train": "InterleavedDataLoader(len=25620)",
                "test": "InterleavedDataLoader(len=79)"
            },
            "papers-biology": {
                "train": "SingleDataLoader(papers-biology_train.bin, len=76)",
                "test": "SingleDataLoader(papers-biology_test.bin, len=76)"
            },
            "papers-cyber": {
                "train": "SingleDataLoader(papers-cyber_train.bin, len=76)",
                "test": "SingleDataLoader(papers-cyber_test.bin, len=76)"
            },
            "papers-nuclear": {
                "train": "SingleDataLoader(papers-nuclear_train.bin, len=76)",
                "test": "SingleDataLoader(papers-nuclear_test.bin, len=76)"
            },
            "papers-other": {
                "train": "SingleDataLoader(papers-other_train.bin, len=305)",
                "test": "SingleDataLoader(papers-other_test.bin, len=79)"
            },
            "core": {
                "train": "InterleavedDataLoader(len=30500)",
                "test": "InterleavedDataLoader(len=237)"
            },
            "aux": {
                "train": "InterleavedDataLoader(len=304)",
                "test": "InterleavedDataLoader(len=304)"
            },
            "all": {
                "train": "InterleavedDataLoader(len=30804)",
                "test": "InterleavedDataLoader(len=541)"
            }
        },
        "res_root": "/workspace/gradient-routing/experiments/AGI-1699-New-Dataset-Runs/results/optimize/base/realistic/200M/seed_1",
        "experiment_id": "20260421034835870007",
        "s3_bucket": "ae-gradient-routing-results",
        "s3_prefix": "optimize/base/realistic/200M/seed_1"
    }
}
[GPU 0] [03:48:45] [INFO] Loader code-lisp train: 76, test: 76
[GPU 0] [03:48:45] [INFO] Loader code-other train: 4575, test: 79
[GPU 0] [03:48:45] [INFO] Loader fineweb train: 25620, test: 79
[GPU 0] [03:48:45] [INFO] Loader papers-biology train: 76, test: 76
[GPU 0] [03:48:45] [INFO] Loader papers-cyber train: 76, test: 76
[GPU 0] [03:48:45] [INFO] Loader papers-nuclear train: 76, test: 76
[GPU 0] [03:48:45] [INFO] Loader papers-other train: 305, test: 79
[GPU 0] [03:48:45] [INFO] Loader core train: 30500, test: 237
[GPU 0] [03:48:45] [INFO] Loader aux train: 304, test: 304
[GPU 0] [03:48:45] [INFO] Loader all train: 30804, test: 541
[GPU 0] [03:48:45] [INFO] Stage [baseline] start: {"name": "baseline", "num_checkpoints": -1, "lr": 0.0002, "res_dir": "/workspace/gradient-routing/experiments/AGI-1699-New-Dataset-Runs/results/optimize/base/realistic/200M/seed_1/20260421034835870007/baseline", "do_eval": true, "do_sample": false, "num_train_evals": 0, "do_elicit": false, "elicit_eval_prc": 0.5, "elicit_num_evals": 100}
[GPU 0] [03:48:45] [INFO] BASELINE START
[GPU 0] [03:48:46] [INFO] Initialized BaseTransformer with 199,891,008 total parameters
[GPU 0] [03:48:46] [INFO] Compiling BaseTransformer with torch.compile...
[GPU 0] [03:48:47] [INFO] torch.compile done
[GPU 0] [03:48:47] [WARNING] restore_partial_state: no checkpoint found at /workspace/gradient-routing/experiments/AGI-1699-New-Dataset-Runs/results/optimize/base/realistic/200M/seed_1/20260421034835870007/baseline
[GPU 0] [03:48:47] [INFO] ---- Begin Train | Data Labels: ['all'] ----
[GPU 0] [03:48:47] [INFO] warmup_steps: 616
[GPU 0] [03:48:47] [INFO] constant_steps: 27108
[GPU 0] [03:48:47] [INFO] decay_steps: 3080
[GPU 0] [03:48:47] [INFO] LR Scheduler: Warmup Start
[GPU 0] [03:49:35] [INFO] Step: 1, LR: 3.35e-07
[GPU 0] [03:49:35] [INFO] Train Loss: CORE: 10.94 CODE-LISP: nan PAPERS-BIOLOGY: nan PAPERS-CYBER: nan PAPERS-NUCLEAR: nan 
[GPU 0] [03:50:26] [INFO] LR Scheduler: Constant Start
[GPU 0] [03:50:58] [INFO] Step: 1000, LR: 2.00e-04
[GPU 0] [03:50:58] [INFO] Train Loss: CORE: 4.22 CODE-LISP: 5.78 PAPERS-BIOLOGY: 6.36 PAPERS-CYBER: 6.78 PAPERS-NUCLEAR: 6.48 
[GPU 0] [03:52:22] [INFO] Step: 2000, LR: 2.00e-04
[GPU 0] [03:52:22] [INFO] Train Loss: CORE: 4.51 CODE-LISP: 4.34 PAPERS-BIOLOGY: 5.36 PAPERS-CYBER: 5.37 PAPERS-NUCLEAR: 5.86 
[GPU 0] [03:53:46] [INFO] Step: 3000, LR: 2.00e-04
[GPU 0] [03:53:46] [INFO] Train Loss: CORE: 3.93 CODE-LISP: 3.63 PAPERS-BIOLOGY: 5.05 PAPERS-CYBER: 4.93 PAPERS-NUCLEAR: 5.52 
[GPU 0] [03:55:09] [INFO] Step: 4000, LR: 2.00e-04
[GPU 0] [03:55:09] [INFO] Train Loss: CORE: 3.99 CODE-LISP: 3.12 PAPERS-BIOLOGY: 4.74 PAPERS-CYBER: 4.75 PAPERS-NUCLEAR: 4.94 
[GPU 0] [03:56:33] [INFO] Step: 5000, LR: 2.00e-04
[GPU 0] [03:56:33] [INFO] Train Loss: CORE: 3.10 CODE-LISP: 2.85 PAPERS-BIOLOGY: 4.14 PAPERS-CYBER: 4.67 PAPERS-NUCLEAR: 4.59 
[GPU 0] [03:57:57] [INFO] Step: 6000, LR: 2.00e-04
[GPU 0] [03:57:57] [INFO] Train Loss: CORE: 2.50 CODE-LISP: 2.67 PAPERS-BIOLOGY: 3.99 PAPERS-CYBER: 3.98 PAPERS-NUCLEAR: 4.38 
[GPU 0] [03:59:21] [INFO] Step: 7000, LR: 2.00e-04
[GPU 0] [03:59:21] [INFO] Train Loss: CORE: 2.40 CODE-LISP: 2.67 PAPERS-BIOLOGY: 3.99 PAPERS-CYBER: 3.88 PAPERS-NUCLEAR: 4.28 
[GPU 0] [04:00:45] [INFO] Step: 8000, LR: 2.00e-04
[GPU 0] [04:00:45] [INFO] Train Loss: CORE: 3.21 CODE-LISP: 2.25 PAPERS-BIOLOGY: 3.90 PAPERS-CYBER: 3.81 PAPERS-NUCLEAR: 4.05 
[GPU 0] [04:02:08] [INFO] Step: 9000, LR: 2.00e-04
[GPU 0] [04:02:08] [INFO] Train Loss: CORE: 2.87 CODE-LISP: 2.03 PAPERS-BIOLOGY: 3.90 PAPERS-CYBER: 3.81 PAPERS-NUCLEAR: 3.86 
[GPU 0] [04:03:32] [INFO] Step: 10000, LR: 2.00e-04
[GPU 0] [04:03:32] [INFO] Train Loss: CORE: 2.82 CODE-LISP: 1.90 PAPERS-BIOLOGY: 3.85 PAPERS-CYBER: 3.73 PAPERS-NUCLEAR: 3.73 
[GPU 0] [04:04:56] [INFO] Step: 11000, LR: 2.00e-04
[GPU 0] [04:04:56] [INFO] Train Loss: CORE: 3.31 CODE-LISP: 1.84 PAPERS-BIOLOGY: 3.68 PAPERS-CYBER: 3.69 PAPERS-NUCLEAR: 3.63 
[GPU 0] [04:06:20] [INFO] Step: 12000, LR: 2.00e-04
[GPU 0] [04:06:20] [INFO] Train Loss: CORE: 3.30 CODE-LISP: 1.79 PAPERS-BIOLOGY: 3.46 PAPERS-CYBER: 3.68 PAPERS-NUCLEAR: 3.65 
[GPU 0] [04:07:44] [INFO] Step: 13000, LR: 2.00e-04
[GPU 0] [04:07:44] [INFO] Train Loss: CORE: 3.33 CODE-LISP: 1.75 PAPERS-BIOLOGY: 3.42 PAPERS-CYBER: 3.67 PAPERS-NUCLEAR: 3.62 
[GPU 0] [04:09:07] [INFO] Step: 14000, LR: 2.00e-04
[GPU 0] [04:09:07] [INFO] Train Loss: CORE: 3.02 CODE-LISP: 1.80 PAPERS-BIOLOGY: 3.38 PAPERS-CYBER: 3.69 PAPERS-NUCLEAR: 3.62 
[GPU 0] [04:10:31] [INFO] Step: 15000, LR: 2.00e-04
[GPU 0] [04:10:31] [INFO] Train Loss: CORE: 3.00 CODE-LISP: 1.72 PAPERS-BIOLOGY: 3.38 PAPERS-CYBER: 3.60 PAPERS-NUCLEAR: 3.65 
[GPU 0] [04:11:55] [INFO] Step: 16000, LR: 2.00e-04
[GPU 0] [04:11:55] [INFO] Train Loss: CORE: 3.21 CODE-LISP: 1.74 PAPERS-BIOLOGY: 3.30 PAPERS-CYBER: 3.49 PAPERS-NUCLEAR: 3.65 
[GPU 0] [04:13:19] [INFO] Step: 17000, LR: 2.00e-04
[GPU 0] [04:13:19] [INFO] Train Loss: CORE: 3.51 CODE-LISP: 1.68 PAPERS-BIOLOGY: 3.29 PAPERS-CYBER: 3.47 PAPERS-NUCLEAR: 3.69 
[GPU 0] [04:14:42] [INFO] Step: 18000, LR: 2.00e-04
[GPU 0] [04:14:42] [INFO] Train Loss: CORE: 2.99 CODE-LISP: 1.62 PAPERS-BIOLOGY: 3.29 PAPERS-CYBER: 3.47 PAPERS-NUCLEAR: 3.67 
[GPU 0] [04:16:06] [INFO] Step: 19000, LR: 2.00e-04
[GPU 0] [04:16:06] [INFO] Train Loss: CORE: 3.25 CODE-LISP: 1.62 PAPERS-BIOLOGY: 3.30 PAPERS-CYBER: 3.46 PAPERS-NUCLEAR: 3.67 
[GPU 0] [04:17:30] [INFO] Step: 20000, LR: 2.00e-04
[GPU 0] [04:17:30] [INFO] Train Loss: CORE: 3.19 CODE-LISP: 1.62 PAPERS-BIOLOGY: 3.26 PAPERS-CYBER: 3.48 PAPERS-NUCLEAR: 3.55 
[GPU 0] [04:18:54] [INFO] Step: 21000, LR: 2.00e-04
[GPU 0] [04:18:54] [INFO] Train Loss: CORE: 2.39 CODE-LISP: 1.53 PAPERS-BIOLOGY: 3.25 PAPERS-CYBER: 3.48 PAPERS-NUCLEAR: 3.55 
[GPU 0] [04:20:17] [INFO] Step: 22000, LR: 2.00e-04
[GPU 0] [04:20:17] [INFO] Train Loss: CORE: 2.93 CODE-LISP: 1.46 PAPERS-BIOLOGY: 3.21 PAPERS-CYBER: 3.46 PAPERS-NUCLEAR: 3.54 
[GPU 0] [04:21:41] [INFO] Step: 23000, LR: 2.00e-04
[GPU 0] [04:21:41] [INFO] Train Loss: CORE: 3.49 CODE-LISP: 1.47 PAPERS-BIOLOGY: 3.25 PAPERS-CYBER: 3.44 PAPERS-NUCLEAR: 3.52 
[GPU 0] [04:23:05] [INFO] Step: 24000, LR: 2.00e-04
[GPU 0] [04:23:05] [INFO] Train Loss: CORE: 2.90 CODE-LISP: 1.38 PAPERS-BIOLOGY: 3.25 PAPERS-CYBER: 3.47 PAPERS-NUCLEAR: 3.54 
[GPU 0] [04:24:29] [INFO] Step: 25000, LR: 2.00e-04
[GPU 0] [04:24:29] [INFO] Train Loss: CORE: 3.43 CODE-LISP: 1.34 PAPERS-BIOLOGY: 3.25 PAPERS-CYBER: 3.45 PAPERS-NUCLEAR: 3.51 
[GPU 0] [04:25:52] [INFO] Step: 26000, LR: 2.00e-04
[GPU 0] [04:25:52] [INFO] Train Loss: CORE: 3.23 CODE-LISP: 1.30 PAPERS-BIOLOGY: 3.25 PAPERS-CYBER: 3.45 PAPERS-NUCLEAR: 3.50 
[GPU 0] [04:27:16] [INFO] Step: 27000, LR: 2.00e-04
[GPU 0] [04:27:16] [INFO] Train Loss: CORE: 3.19 CODE-LISP: 1.33 PAPERS-BIOLOGY: 3.23 PAPERS-CYBER: 3.46 PAPERS-NUCLEAR: 3.48 
[GPU 0] [04:28:17] [INFO] LR Scheduler: Decay Start
[GPU 0] [04:28:40] [INFO] Step: 28000, LR: 1.82e-04
[GPU 0] [04:28:40] [INFO] Train Loss: CORE: 3.12 CODE-LISP: 1.36 PAPERS-BIOLOGY: 3.24 PAPERS-CYBER: 3.39 PAPERS-NUCLEAR: 3.48 
[GPU 0] [04:30:04] [INFO] Step: 29000, LR: 1.17e-04
[GPU 0] [04:30:04] [INFO] Train Loss: CORE: 3.33 CODE-LISP: 1.37 PAPERS-BIOLOGY: 3.24 PAPERS-CYBER: 3.39 PAPERS-NUCLEAR: 3.46 
[GPU 0] [04:31:28] [INFO] Step: 30000, LR: 5.22e-05
[GPU 0] [04:31:28] [INFO] Train Loss: CORE: 3.08 CODE-LISP: 1.30 PAPERS-BIOLOGY: 3.22 PAPERS-CYBER: 3.39 PAPERS-NUCLEAR: 3.43 
[GPU 0] [04:32:35] [INFO] Step: 30804, LR: 1.00e-08
[GPU 0] [04:32:35] [INFO] Train Loss: CORE: 3.09 CODE-LISP: 1.27 PAPERS-BIOLOGY: 3.20 PAPERS-CYBER: 3.39 PAPERS-NUCLEAR: 3.43 
[GPU 0] [04:32:36] [INFO] ---- Begin Eval ----
[GPU 0] [04:32:36] [INFO] Data: core | Experts: None
[GPU 0] [04:33:05] [INFO] loss: 2.39865589
[GPU 0] [04:33:05] [INFO] Data: code-lisp | Experts: None
[GPU 0] [04:33:07] [INFO] loss: 1.33130527
[GPU 0] [04:33:07] [INFO] Data: papers-biology | Experts: None
[GPU 0] [04:33:10] [INFO] loss: 3.09243917
[GPU 0] [04:33:10] [INFO] Data: papers-nuclear | Experts: None
[GPU 0] [04:33:12] [INFO] loss: 3.38139915
[GPU 0] [04:33:12] [INFO] Data: papers-cyber | Experts: None
[GPU 0] [04:33:15] [INFO] loss: 3.31627750
[GPU 0] [04:33:16] [INFO] ----------------------------------------
[GPU 0] [04:33:16] [INFO] Finished. See /workspace/gradient-routing/experiments/AGI-1699-New-Dataset-Runs/results/optimize/base/realistic/200M/seed_1/20260421034835870007
