[GPU 0] [02:19:09] [INFO] Git branch: AGI-1696-New-Dataset-Runs_ethan, commit: c7e43dfb9cbb8b9279704d7cd41ae9a05befc5dd
[GPU 0] [02:19:09] [INFO] Number of GPUs: 1
[GPU 0] [02:19:09] [INFO] Tokenizer vocabulary: 4096
[GPU 0] [02:19:09] [INFO] Set model vocab size to nearest multiple of 64 of tokenizer size: 4096
[GPU 0] [02:19:11] [INFO] target effective batch size: 128, actual effective batch size: 128, micro batch size: 128, accumulation steps: 1, num gpus: 1
[GPU 0] [02:19:11] [INFO] core total number of tokens: 501664802
[GPU 0] [02:19:11] [INFO] core: 1.0000 x 501664802 = 501664802
[GPU 0] [02:19:11] [INFO] aux total number of tokens: 46188871
[GPU 0] [02:19:11] [INFO] aux: 1.0000 x 46188871 = 46188871
[GPU 0] [02:19:11] [DEBUG] Saved config to /workspace-vast/ethanr/gradient-routing/experiments/AGI-1699-New-Dataset-Runs/results/stories/seed_1/20260616021801000000/config.json
[GPU 0] [02:19:11] [DEBUG] {
    "stages": [
        {
            "name": "baseline",
            "num_checkpoints": -1,
            "lr": 0.005,
            "res_dir": "/workspace-vast/ethanr/gradient-routing/experiments/AGI-1699-New-Dataset-Runs/results/stories/seed_1/20260616021801000000/baseline",
            "acc_mode": "heterogeneous",
            "do_eval": true,
            "do_sample": false,
            "num_train_evals": 0,
            "do_elicit": false,
            "elicit_eval_prc": 0.5,
            "elicit_num_evals": 100,
            "retain_targets": null,
            "label_prc": 1.0
        },
        {
            "name": "maxent",
            "num_checkpoints": -1,
            "lr": 0.0022189862020924062,
            "res_dir": "/workspace-vast/ethanr/gradient-routing/experiments/AGI-1699-New-Dataset-Runs/results/stories/seed_1/20260616021801000000/maxent_01",
            "acc_mode": "heterogeneous",
            "do_eval": true,
            "do_sample": false,
            "num_train_evals": 0,
            "do_elicit": true,
            "elicit_eval_prc": 0.5,
            "elicit_num_evals": 100,
            "retain_targets": [
                [
                    "core"
                ]
            ],
            "alpha_retain": 263.60915197741275,
            "steps": 2000,
            "early_stop_thresh": 2.0
        },
        {
            "name": "maxent",
            "num_checkpoints": -1,
            "lr": 0.001886587216056274,
            "res_dir": "/workspace-vast/ethanr/gradient-routing/experiments/AGI-1699-New-Dataset-Runs/results/stories/seed_1/20260616021801000000/maxent_02",
            "acc_mode": "heterogeneous",
            "do_eval": true,
            "do_sample": false,
            "num_train_evals": 0,
            "do_elicit": true,
            "elicit_eval_prc": 0.5,
            "elicit_num_evals": 100,
            "retain_targets": [
                [
                    "core",
                    "a-deadline-or-time-limit"
                ]
            ],
            "alpha_retain": 188.86604633599768,
            "steps": 2000,
            "early_stop_thresh": 2.0
        },
        {
            "name": "maxent",
            "num_checkpoints": -1,
            "lr": 0.0005018947832375017,
            "res_dir": "/workspace-vast/ethanr/gradient-routing/experiments/AGI-1699-New-Dataset-Runs/results/stories/seed_1/20260616021801000000/maxent_03",
            "acc_mode": "heterogeneous",
            "do_eval": true,
            "do_sample": false,
            "num_train_evals": 0,
            "do_elicit": true,
            "elicit_eval_prc": 0.5,
            "elicit_num_evals": 100,
            "retain_targets": [
                [
                    "core",
                    "alien-encounters"
                ]
            ],
            "alpha_retain": 32.23988545679535,
            "steps": 2000,
            "early_stop_thresh": 2.0
        },
        {
            "name": "maxent",
            "num_checkpoints": -1,
            "lr": 0.0021630926947772745,
            "res_dir": "/workspace-vast/ethanr/gradient-routing/experiments/AGI-1699-New-Dataset-Runs/results/stories/seed_1/20260616021801000000/maxent_04",
            "acc_mode": "heterogeneous",
            "do_eval": true,
            "do_sample": false,
            "num_train_evals": 0,
            "do_elicit": true,
            "elicit_eval_prc": 0.5,
            "elicit_num_evals": 100,
            "retain_targets": [
                [
                    "core",
                    "bygone-eras"
                ]
            ],
            "alpha_retain": 237.1747754716141,
            "steps": 2000,
            "early_stop_thresh": 2.0
        },
        {
            "name": "maxent",
            "num_checkpoints": -1,
            "lr": 0.0024190950069816505,
            "res_dir": "/workspace-vast/ethanr/gradient-routing/experiments/AGI-1699-New-Dataset-Runs/results/stories/seed_1/20260616021801000000/maxent_05",
            "acc_mode": "heterogeneous",
            "do_eval": true,
            "do_sample": false,
            "num_train_evals": 0,
            "do_elicit": true,
            "elicit_eval_prc": 0.5,
            "elicit_num_evals": 100,
            "retain_targets": [
                [
                    "core",
                    "cultural-traditions"
                ]
            ],
            "alpha_retain": 224.83974810649372,
            "steps": 2000,
            "early_stop_thresh": 2.0
        }
    ],
    "model": {
        "arch": "base",
        "tokenizer": "TokenizersBackend(name_or_path='SimpleStories/SimpleStories-1.25M', vocab_size=4096, model_max_length=1000000000000000019884624838656, padding_side='right', truncation_side='right', special_tokens={'eos_token': '[EOS]', 'unk_token': '[UNK]'}, added_tokens_decoder={\n\t0: AddedToken(\"[UNK]\", rstrip=False, lstrip=False, single_word=False, normalized=False, special=True),\n\t1: AddedToken(\"[EOS]\", rstrip=False, lstrip=False, single_word=False, normalized=False, special=True),\n}\n)",
        "ctx_len": 256,
        "vocab_size": 4096,
        "num_layers": 8,
        "num_heads": 8,
        "num_key_value": 2,
        "attn_bias": true,
        "eos_token_id": 1,
        "embed_dim": 512,
        "mlp_dim": 2048
    },
    "data": {
        "dirs": [
            "/workspace-vast/ethanr/gradient-routing/experiments/AGI-1699-New-Dataset-Runs/src/data/stories"
        ],
        "core": {
            "labels": [
                "dinosaurs",
                "dream-worlds",
                "enchanted-forests",
                "fairy-tales",
                "fantasy-worlds",
                "gardens",
                "giant-creatures",
                "haunted-places",
                "hidden-treasures",
                "holidays",
                "invisibility",
                "island-adventures",
                "living-objects",
                "lost-cities",
                "lost-civilizations",
                "magical-lands",
                "magical-objects",
                "miniature-worlds",
                "mysterious-maps",
                "mystical-creatures",
                "outer-space",
                "pirates",
                "riddles",
                "robots-and-technology",
                "royal-kingdoms",
                "school-life",
                "seasonal-changes",
                "secret-societies",
                "shape-shifting",
                "sibling-rivalry",
                "snowy-adventures",
                "space-exploration",
                "sports",
                "subterranean-worlds",
                "superheroes",
                "talking-animals",
                "the-arts",
                "the-sky",
                "time-travel",
                "treasure-hunts",
                "undercover-missions",
                "underwater-adventures",
                "unusual-vehicles",
                "virtual-worlds"
            ],
            "method": "total",
            "limit": 1.0,
            "dist": {
                "dinosaurs": 0.022727272727272728,
                "dream-worlds": 0.022727272727272728,
                "enchanted-forests": 0.022727272727272728,
                "fairy-tales": 0.022727272727272728,
                "fantasy-worlds": 0.022727272727272728,
                "gardens": 0.022727272727272728,
                "giant-creatures": 0.022727272727272728,
                "haunted-places": 0.022727272727272728,
                "hidden-treasures": 0.022727272727272728,
                "holidays": 0.022727272727272728,
                "invisibility": 0.022727272727272728,
                "island-adventures": 0.022727272727272728,
                "living-objects": 0.022727272727272728,
                "lost-cities": 0.022727272727272728,
                "lost-civilizations": 0.022727272727272728,
                "magical-lands": 0.022727272727272728,
                "magical-objects": 0.022727272727272728,
                "miniature-worlds": 0.022727272727272728,
                "mysterious-maps": 0.022727272727272728,
                "mystical-creatures": 0.022727272727272728,
                "outer-space": 0.022727272727272728,
                "pirates": 0.022727272727272728,
                "riddles": 0.022727272727272728,
                "robots-and-technology": 0.022727272727272728,
                "royal-kingdoms": 0.022727272727272728,
                "school-life": 0.022727272727272728,
                "seasonal-changes": 0.022727272727272728,
                "secret-societies": 0.022727272727272728,
                "shape-shifting": 0.022727272727272728,
                "sibling-rivalry": 0.022727272727272728,
                "snowy-adventures": 0.022727272727272728,
                "space-exploration": 0.022727272727272728,
                "sports": 0.022727272727272728,
                "subterranean-worlds": 0.022727272727272728,
                "superheroes": 0.022727272727272728,
                "talking-animals": 0.022727272727272728,
                "the-arts": 0.022727272727272728,
                "the-sky": 0.022727272727272728,
                "time-travel": 0.022727272727272728,
                "treasure-hunts": 0.022727272727272728,
                "undercover-missions": 0.022727272727272728,
                "underwater-adventures": 0.022727272727272728,
                "unusual-vehicles": 0.022727272727272728,
                "virtual-worlds": 0.022727272727272728
            },
            "num_tok": 501664802
        },
        "aux": {
            "labels": [
                "a-deadline-or-time-limit",
                "alien-encounters",
                "bygone-eras",
                "cultural-traditions"
            ],
            "method": "total",
            "limit": 1.0,
            "dist": {
                "a-deadline-or-time-limit": 0.25,
                "alien-encounters": 0.25,
                "bygone-eras": 0.25,
                "cultural-traditions": 0.25
            },
            "num_tok": 46188871
        }
    },
    "run": {
        "target_effective_batch_size": 128,
        "effective_batch_size": 128,
        "micro_batch_size": 128,
        "accumulation_steps": 1,
        "max_num_test_sequences": 10000,
        "eval_all_labels": false,
        "micro_batch_anchors": [
            [
                400000000.0,
                23
            ],
            [
                5000000000.0,
                2
            ]
        ],
        "epochs": 1,
        "adam_betas": [
            0.9,
            0.95
        ],
        "warmup_prc": 0.1,
        "decay_prc": 0.1,
        "seed": 1,
        "compile": true,
        "find_unused_parameters": true,
        "is_ddp": true,
        "cleanup_distributed": true,
        "log_level": "DEBUG",
        "num_gpus": 1,
        "process_id": 0,
        "num_base_params": 26257920,
        "device": "cuda",
        "logger": "<Logger training_seed_1 (DEBUG)>",
        "labels": [
            "core",
            "a-deadline-or-time-limit",
            "alien-encounters",
            "bygone-eras",
            "cultural-traditions"
        ],
        "loaders": {
            "a-deadline-or-time-limit": {
                "train": "SingleDataLoader(a-deadline-or-time-limit_train.bin, len=352)",
                "test": "SingleDataLoader(a-deadline-or-time-limit_test.bin, len=40)"
            },
            "alien-encounters": {
                "train": "SingleDataLoader(alien-encounters_train.bin, len=345)",
                "test": "SingleDataLoader(alien-encounters_test.bin, len=38)"
            },
            "bygone-eras": {
                "train": "SingleDataLoader(bygone-eras_train.bin, len=352)",
                "test": "SingleDataLoader(bygone-eras_test.bin, len=39)"
            },
            "cultural-traditions": {
                "train": "SingleDataLoader(cultural-traditions_train.bin, len=352)",
                "test": "SingleDataLoader(cultural-traditions_test.bin, len=38)"
            },
            "dinosaurs": {
                "train": "SingleDataLoader(dinosaurs_train.bin, len=337)",
                "test": "SingleDataLoader(dinosaurs_test.bin, len=38)"
            },
            "dream-worlds": {
                "train": "SingleDataLoader(dream-worlds_train.bin, len=339)",
                "test": "SingleDataLoader(dream-worlds_test.bin, len=37)"
            },
            "enchanted-forests": {
                "train": "SingleDataLoader(enchanted-forests_train.bin, len=347)",
                "test": "SingleDataLoader(enchanted-forests_test.bin, len=38)"
            },
            "fairy-tales": {
                "train": "SingleDataLoader(fairy-tales_train.bin, len=344)",
                "test": "SingleDataLoader(fairy-tales_test.bin, len=37)"
            },
            "fantasy-worlds": {
                "train": "SingleDataLoader(fantasy-worlds_train.bin, len=347)",
                "test": "SingleDataLoader(fantasy-worlds_test.bin, len=39)"
            },
            "gardens": {
                "train": "SingleDataLoader(gardens_train.bin, len=346)",
                "test": "SingleDataLoader(gardens_test.bin, len=37)"
            },
            "giant-creatures": {
                "train": "SingleDataLoader(giant-creatures_train.bin, len=347)",
                "test": "SingleDataLoader(giant-creatures_test.bin, len=37)"
            },
            "haunted-places": {
                "train": "SingleDataLoader(haunted-places_train.bin, len=347)",
                "test": "SingleDataLoader(haunted-places_test.bin, len=41)"
            },
            "hidden-treasures": {
                "train": "SingleDataLoader(hidden-treasures_train.bin, len=347)",
                "test": "SingleDataLoader(hidden-treasures_test.bin, len=39)"
            },
            "holidays": {
                "train": "SingleDataLoader(holidays_train.bin, len=347)",
                "test": "SingleDataLoader(holidays_test.bin, len=38)"
            },
            "invisibility": {
                "train": "SingleDataLoader(invisibility_train.bin, len=345)",
                "test": "SingleDataLoader(invisibility_test.bin, len=37)"
            },
            "island-adventures": {
                "train": "SingleDataLoader(island-adventures_train.bin, len=347)",
                "test": "SingleDataLoader(island-adventures_test.bin, len=39)"
            },
            "living-objects": {
                "train": "SingleDataLoader(living-objects_train.bin, len=336)",
                "test": "SingleDataLoader(living-objects_test.bin, len=38)"
            },
            "lost-cities": {
                "train": "SingleDataLoader(lost-cities_train.bin, len=347)",
                "test": "SingleDataLoader(lost-cities_test.bin, len=40)"
            },
            "lost-civilizations": {
                "train": "SingleDataLoader(lost-civilizations_train.bin, len=347)",
                "test": "SingleDataLoader(lost-civilizations_test.bin, len=41)"
            },
            "magical-lands": {
                "train": "SingleDataLoader(magical-lands_train.bin, len=347)",
                "test": "SingleDataLoader(magical-lands_test.bin, len=38)"
            },
            "magical-objects": {
                "train": "SingleDataLoader(magical-objects_train.bin, len=345)",
                "test": "SingleDataLoader(magical-objects_test.bin, len=37)"
            },
            "miniature-worlds": {
                "train": "SingleDataLoader(miniature-worlds_train.bin, len=335)",
                "test": "SingleDataLoader(miniature-worlds_test.bin, len=37)"
            },
            "mysterious-maps": {
                "train": "SingleDataLoader(mysterious-maps_train.bin, len=339)",
                "test": "SingleDataLoader(mysterious-maps_test.bin, len=38)"
            },
            "mystical-creatures": {
                "train": "SingleDataLoader(mystical-creatures_train.bin, len=347)",
                "test": "SingleDataLoader(mystical-creatures_test.bin, len=38)"
            },
            "outer-space": {
                "train": "SingleDataLoader(outer-space_train.bin, len=343)",
                "test": "SingleDataLoader(outer-space_test.bin, len=38)"
            },
            "pirates": {
                "train": "SingleDataLoader(pirates_train.bin, len=347)",
                "test": "SingleDataLoader(pirates_test.bin, len=39)"
            },
            "riddles": {
                "train": "SingleDataLoader(riddles_train.bin, len=344)",
                "test": "SingleDataLoader(riddles_test.bin, len=38)"
            },
            "robots-and-technology": {
                "train": "SingleDataLoader(robots-and-technology_train.bin, len=347)",
                "test": "SingleDataLoader(robots-and-technology_test.bin, len=39)"
            },
            "royal-kingdoms": {
                "train": "SingleDataLoader(royal-kingdoms_train.bin, len=347)",
                "test": "SingleDataLoader(royal-kingdoms_test.bin, len=40)"
            },
            "school-life": {
                "train": "SingleDataLoader(school-life_train.bin, len=338)",
                "test": "SingleDataLoader(school-life_test.bin, len=38)"
            },
            "seasonal-changes": {
                "train": "SingleDataLoader(seasonal-changes_train.bin, len=342)",
                "test": "SingleDataLoader(seasonal-changes_test.bin, len=38)"
            },
            "secret-societies": {
                "train": "SingleDataLoader(secret-societies_train.bin, len=347)",
                "test": "SingleDataLoader(secret-societies_test.bin, len=38)"
            },
            "shape-shifting": {
                "train": "SingleDataLoader(shape-shifting_train.bin, len=344)",
                "test": "SingleDataLoader(shape-shifting_test.bin, len=38)"
            },
            "sibling-rivalry": {
                "train": "SingleDataLoader(sibling-rivalry_train.bin, len=347)",
                "test": "SingleDataLoader(sibling-rivalry_test.bin, len=39)"
            },
            "snowy-adventures": {
                "train": "SingleDataLoader(snowy-adventures_train.bin, len=347)",
                "test": "SingleDataLoader(snowy-adventures_test.bin, len=39)"
            },
            "space-exploration": {
                "train": "SingleDataLoader(space-exploration_train.bin, len=345)",
                "test": "SingleDataLoader(space-exploration_test.bin, len=38)"
            },
            "sports": {
                "train": "SingleDataLoader(sports_train.bin, len=340)",
                "test": "SingleDataLoader(sports_test.bin, len=37)"
            },
            "subterranean-worlds": {
                "train": "SingleDataLoader(subterranean-worlds_train.bin, len=347)",
                "test": "SingleDataLoader(subterranean-worlds_test.bin, len=37)"
            },
            "superheroes": {
                "train": "SingleDataLoader(superheroes_train.bin, len=345)",
                "test": "SingleDataLoader(superheroes_test.bin, len=38)"
            },
            "talking-animals": {
                "train": "SingleDataLoader(talking-animals_train.bin, len=347)",
                "test": "SingleDataLoader(talking-animals_test.bin, len=37)"
            },
            "the-arts": {
                "train": "SingleDataLoader(the-arts_train.bin, len=345)",
                "test": "SingleDataLoader(the-arts_test.bin, len=38)"
            },
            "the-sky": {
                "train": "SingleDataLoader(the-sky_train.bin, len=342)",
                "test": "SingleDataLoader(the-sky_test.bin, len=38)"
            },
            "time-travel": {
                "train": "SingleDataLoader(time-travel_train.bin, len=347)",
                "test": "SingleDataLoader(time-travel_test.bin, len=37)"
            },
            "treasure-hunts": {
                "train": "SingleDataLoader(treasure-hunts_train.bin, len=330)",
                "test": "SingleDataLoader(treasure-hunts_test.bin, len=35)"
            },
            "undercover-missions": {
                "train": "SingleDataLoader(undercover-missions_train.bin, len=347)",
                "test": "SingleDataLoader(undercover-missions_test.bin, len=40)"
            },
            "underwater-adventures": {
                "train": "SingleDataLoader(underwater-adventures_train.bin, len=339)",
                "test": "SingleDataLoader(underwater-adventures_test.bin, len=38)"
            },
            "unusual-vehicles": {
                "train": "SingleDataLoader(unusual-vehicles_train.bin, len=347)",
                "test": "SingleDataLoader(unusual-vehicles_test.bin, len=39)"
            },
            "virtual-worlds": {
                "train": "SingleDataLoader(virtual-worlds_train.bin, len=346)",
                "test": "SingleDataLoader(virtual-worlds_test.bin, len=37)"
            },
            "core": {
                "train": "InterleavedDataLoader(len=15143)",
                "test": "InterleavedDataLoader(len=1677)"
            },
            "aux": {
                "train": "InterleavedDataLoader(len=1401)",
                "test": "InterleavedDataLoader(len=155)"
            },
            "all": {
                "train": "InterleavedDataLoader(len=16544)",
                "test": "InterleavedDataLoader(len=1832)"
            }
        },
        "res_root": "/workspace-vast/ethanr/gradient-routing/experiments/AGI-1699-New-Dataset-Runs/results/stories_maxent_seed1",
        "experiment_id": "seed_1",
        "s3_bucket": null,
        "s3_prefix": null
    },
    "label_prc": 1.0
}
[GPU 0] [02:19:11] [INFO] Loader a-deadline-or-time-limit train: 352, test: 40
[GPU 0] [02:19:11] [INFO] Loader alien-encounters train: 345, test: 38
[GPU 0] [02:19:11] [INFO] Loader bygone-eras train: 352, test: 39
[GPU 0] [02:19:11] [INFO] Loader cultural-traditions train: 352, test: 38
[GPU 0] [02:19:11] [INFO] Loader dinosaurs train: 337, test: 38
[GPU 0] [02:19:11] [INFO] Loader dream-worlds train: 339, test: 37
[GPU 0] [02:19:11] [INFO] Loader enchanted-forests train: 347, test: 38
[GPU 0] [02:19:11] [INFO] Loader fairy-tales train: 344, test: 37
[GPU 0] [02:19:11] [INFO] Loader fantasy-worlds train: 347, test: 39
[GPU 0] [02:19:11] [INFO] Loader gardens train: 346, test: 37
[GPU 0] [02:19:11] [INFO] Loader giant-creatures train: 347, test: 37
[GPU 0] [02:19:11] [INFO] Loader haunted-places train: 347, test: 41
[GPU 0] [02:19:11] [INFO] Loader hidden-treasures train: 347, test: 39
[GPU 0] [02:19:11] [INFO] Loader holidays train: 347, test: 38
[GPU 0] [02:19:11] [INFO] Loader invisibility train: 345, test: 37
[GPU 0] [02:19:11] [INFO] Loader island-adventures train: 347, test: 39
[GPU 0] [02:19:11] [INFO] Loader living-objects train: 336, test: 38
[GPU 0] [02:19:11] [INFO] Loader lost-cities train: 347, test: 40
[GPU 0] [02:19:11] [INFO] Loader lost-civilizations train: 347, test: 41
[GPU 0] [02:19:11] [INFO] Loader magical-lands train: 347, test: 38
[GPU 0] [02:19:11] [INFO] Loader magical-objects train: 345, test: 37
[GPU 0] [02:19:11] [INFO] Loader miniature-worlds train: 335, test: 37
[GPU 0] [02:19:11] [INFO] Loader mysterious-maps train: 339, test: 38
[GPU 0] [02:19:11] [INFO] Loader mystical-creatures train: 347, test: 38
[GPU 0] [02:19:11] [INFO] Loader outer-space train: 343, test: 38
[GPU 0] [02:19:11] [INFO] Loader pirates train: 347, test: 39
[GPU 0] [02:19:11] [INFO] Loader riddles train: 344, test: 38
[GPU 0] [02:19:11] [INFO] Loader robots-and-technology train: 347, test: 39
[GPU 0] [02:19:11] [INFO] Loader royal-kingdoms train: 347, test: 40
[GPU 0] [02:19:11] [INFO] Loader school-life train: 338, test: 38
[GPU 0] [02:19:11] [INFO] Loader seasonal-changes train: 342, test: 38
[GPU 0] [02:19:11] [INFO] Loader secret-societies train: 347, test: 38
[GPU 0] [02:19:11] [INFO] Loader shape-shifting train: 344, test: 38
[GPU 0] [02:19:11] [INFO] Loader sibling-rivalry train: 347, test: 39
[GPU 0] [02:19:11] [INFO] Loader snowy-adventures train: 347, test: 39
[GPU 0] [02:19:11] [INFO] Loader space-exploration train: 345, test: 38
[GPU 0] [02:19:11] [INFO] Loader sports train: 340, test: 37
[GPU 0] [02:19:11] [INFO] Loader subterranean-worlds train: 347, test: 37
[GPU 0] [02:19:11] [INFO] Loader superheroes train: 345, test: 38
[GPU 0] [02:19:11] [INFO] Loader talking-animals train: 347, test: 37
[GPU 0] [02:19:11] [INFO] Loader the-arts train: 345, test: 38
[GPU 0] [02:19:11] [INFO] Loader the-sky train: 342, test: 38
[GPU 0] [02:19:11] [INFO] Loader time-travel train: 347, test: 37
[GPU 0] [02:19:11] [INFO] Loader treasure-hunts train: 330, test: 35
[GPU 0] [02:19:11] [INFO] Loader undercover-missions train: 347, test: 40
[GPU 0] [02:19:11] [INFO] Loader underwater-adventures train: 339, test: 38
[GPU 0] [02:19:11] [INFO] Loader unusual-vehicles train: 347, test: 39
[GPU 0] [02:19:11] [INFO] Loader virtual-worlds train: 346, test: 37
[GPU 0] [02:19:11] [INFO] Loader core train: 15143, test: 1677
[GPU 0] [02:19:11] [INFO] Loader aux train: 1401, test: 155
[GPU 0] [02:19:11] [INFO] Loader all train: 16544, test: 1832
[GPU 0] [02:19:11] [INFO] Skipping completed stage baseline @ /workspace-vast/ethanr/gradient-routing/experiments/AGI-1699-New-Dataset-Runs/results/stories/seed_1/20260616021801000000/baseline
[GPU 0] [02:19:11] [INFO] Loading baseline model from /workspace-vast/ethanr/gradient-routing/experiments/AGI-1699-New-Dataset-Runs/results/stories/seed_1/20260616021801000000/baseline/checkpoint.pth for downstream stages
[GPU 0] [02:19:12] [INFO] Initialized BaseTransformer with 26,257,920 total parameters
[GPU 0] [02:19:12] [INFO] Compiling BaseTransformer with torch.compile...
[GPU 0] [02:19:18] [INFO] torch.compile done
[GPU 0] [02:19:18] [INFO] Stage [maxent] start: {"name": "maxent", "num_checkpoints": -1, "lr": 0.0022189862020924062, "res_dir": "/workspace-vast/ethanr/gradient-routing/experiments/AGI-1699-New-Dataset-Runs/results/stories/seed_1/20260616021801000000/maxent_01", "acc_mode": "heterogeneous", "do_eval": true, "do_sample": false, "num_train_evals": 0, "do_elicit": true, "elicit_eval_prc": 0.5, "elicit_num_evals": 100, "retain_targets": [["core"]], "alpha_retain": 263.60915197741275, "steps": 2000, "early_stop_thresh": 2.0}
[GPU 0] [02:19:18] [INFO] Using stage-level retain_targets override (1 targets)
[GPU 0] [02:19:18] [INFO] UNLEARNING - maxent START
[GPU 0] [02:19:18] [INFO] Unlearning: retaining ['core'], removing ['a-deadline-or-time-limit', 'alien-encounters', 'bygone-eras', 'cultural-traditions']
[GPU 0] [02:19:18] [INFO] ---- Begin MaxEnt | Data Labels: ['a-deadline-or-time-limit', 'alien-encounters', 'bygone-eras', 'cultural-traditions'] ----
[GPU 0] [02:19:18] [DEBUG] alpha_retain: 263.60915197741275, lr: 0.0022189862020924062, steps: 2000, early_stop_thresh: 2.0
[GPU 0] [02:19:18] [DEBUG] retain_labels: ['dinosaurs', 'dream-worlds', 'enchanted-forests', 'fairy-tales', 'fantasy-worlds', 'gardens', 'giant-creatures', 'haunted-places', 'hidden-treasures', 'holidays', 'invisibility', 'island-adventures', 'living-objects', 'lost-cities', 'lost-civilizations', 'magical-lands', 'magical-objects', 'miniature-worlds', 'mysterious-maps', 'mystical-creatures', 'outer-space', 'pirates', 'riddles', 'robots-and-technology', 'royal-kingdoms', 'school-life', 'seasonal-changes', 'secret-societies', 'shape-shifting', 'sibling-rivalry', 'snowy-adventures', 'space-exploration', 'sports', 'subterranean-worlds', 'superheroes', 'talking-animals', 'the-arts', 'the-sky', 'time-travel', 'treasure-hunts', 'undercover-missions', 'underwater-adventures', 'unusual-vehicles', 'virtual-worlds']
[GPU 0] [02:22:25] [INFO] Finished MaxEnt — Avg KL→U: 6.550, Avg Retain CE: 1.701
[GPU 0] [02:22:25] [INFO] ---- Begin Eval ----
[GPU 0] [02:22:25] [INFO] Data: core | Experts: None
[GPU 0] [02:23:18] [INFO] loss: 1.69645858
[GPU 0] [02:23:18] [INFO] Data: a-deadline-or-time-limit | Experts: None
[GPU 0] [02:23:18] [INFO] loss: 1.80898440
[GPU 0] [02:23:18] [INFO] Data: alien-encounters | Experts: None
[GPU 0] [02:23:19] [INFO] loss: 1.70785367
[GPU 0] [02:23:19] [INFO] Data: bygone-eras | Experts: None
[GPU 0] [02:23:19] [INFO] loss: 1.72335732
[GPU 0] [02:23:19] [INFO] Data: cultural-traditions | Experts: None
[GPU 0] [02:23:20] [INFO] loss: 1.76295233
[GPU 0] [02:23:20] [INFO] Saved unlearned checkpoint: /workspace-vast/ethanr/gradient-routing/experiments/AGI-1699-New-Dataset-Runs/results/stories/seed_1/20260616021801000000/maxent_01/core/checkpoint.pth
[GPU 0] [02:23:21] [INFO] UNLEARNING - maxent - ADVERSARIAL FT START
[GPU 0] [02:23:21] [INFO] ---- Begin FT | Experts: None | Data: ['a-deadline-or-time-limit'] ----
[GPU 0] [02:23:21] [DEBUG] num_seq: 512, num_rounds: 200, patience: 10
[GPU 0] [02:23:21] [DEBUG] local_x: torch.Size([512, 256]), local_y: torch.Size([512, 256]), num_steps: 4, per_gpu: 512, mbs_size: 128
[GPU 0] [02:24:11] [INFO] New best validation loss: 1.7982 @ step 0
[GPU 0] [02:24:12] [INFO] New best validation loss: 1.7906 @ step 1
[GPU 0] [02:24:13] [INFO] New best validation loss: 1.7852 @ step 2
[GPU 0] [02:24:13] [INFO] New best validation loss: 1.7812 @ step 3
[GPU 0] [02:24:14] [INFO] New best validation loss: 1.7775 @ step 4
[GPU 0] [02:24:15] [INFO] New best validation loss: 1.7768 @ step 5
[GPU 0] [02:24:16] [INFO] New best validation loss: 1.7754 @ step 6
[GPU 0] [02:24:17] [INFO] New best validation loss: 1.7740 @ step 7
[GPU 0] [02:24:18] [INFO] New best validation loss: 1.7738 @ step 8
[GPU 0] [02:24:26] [INFO] Stop FT @ 20: no val improvement for 10 steps
[GPU 0] [02:24:26] [INFO] Wrote stats.jsonl entries at FT step 8 
[GPU 0] [02:24:26] [INFO] ---- Begin FT | Experts: None | Data: ['alien-encounters'] ----
[GPU 0] [02:24:26] [DEBUG] num_seq: 512, num_rounds: 200, patience: 10
[GPU 0] [02:24:26] [DEBUG] local_x: torch.Size([512, 256]), local_y: torch.Size([512, 256]), num_steps: 4, per_gpu: 512, mbs_size: 128
[GPU 0] [02:24:27] [INFO] New best validation loss: 1.6933 @ step 0
[GPU 0] [02:24:28] [INFO] New best validation loss: 1.6850 @ step 1
[GPU 0] [02:24:29] [INFO] New best validation loss: 1.6785 @ step 2
[GPU 0] [02:24:30] [INFO] New best validation loss: 1.6745 @ step 3
[GPU 0] [02:24:31] [INFO] New best validation loss: 1.6704 @ step 4
[GPU 0] [02:24:31] [INFO] New best validation loss: 1.6684 @ step 5
[GPU 0] [02:24:32] [INFO] New best validation loss: 1.6659 @ step 6
[GPU 0] [02:24:33] [INFO] New best validation loss: 1.6641 @ step 7
[GPU 0] [02:24:34] [INFO] New best validation loss: 1.6632 @ step 8
[GPU 0] [02:24:34] [INFO] New best validation loss: 1.6626 @ step 9
[GPU 0] [02:24:35] [INFO] New best validation loss: 1.6624 @ step 10
[GPU 0] [02:24:43] [INFO] Stop FT @ 22: no val improvement for 10 steps
[GPU 0] [02:24:43] [INFO] Wrote stats.jsonl entries at FT step 10 
[GPU 0] [02:24:44] [INFO] ---- Begin FT | Experts: None | Data: ['bygone-eras'] ----
[GPU 0] [02:24:44] [DEBUG] num_seq: 512, num_rounds: 200, patience: 10
[GPU 0] [02:24:44] [DEBUG] local_x: torch.Size([512, 256]), local_y: torch.Size([512, 256]), num_steps: 4, per_gpu: 512, mbs_size: 128
[GPU 0] [02:24:45] [INFO] New best validation loss: 1.7169 @ step 0
[GPU 0] [02:24:46] [INFO] New best validation loss: 1.7131 @ step 1
[GPU 0] [02:24:46] [INFO] New best validation loss: 1.7117 @ step 2
[GPU 0] [02:24:47] [INFO] New best validation loss: 1.7107 @ step 3
[GPU 0] [02:24:48] [INFO] New best validation loss: 1.7103 @ step 4
[GPU 0] [02:24:48] [INFO] New best validation loss: 1.7103 @ step 5
[GPU 0] [02:24:56] [INFO] Stop FT @ 17: no val improvement for 10 steps
[GPU 0] [02:24:56] [INFO] Wrote stats.jsonl entries at FT step 5 
[GPU 0] [02:24:57] [INFO] ---- Begin FT | Experts: None | Data: ['cultural-traditions'] ----
[GPU 0] [02:24:57] [DEBUG] num_seq: 512, num_rounds: 200, patience: 10
[GPU 0] [02:24:57] [DEBUG] local_x: torch.Size([512, 256]), local_y: torch.Size([512, 256]), num_steps: 4, per_gpu: 512, mbs_size: 128
[GPU 0] [02:24:58] [INFO] New best validation loss: 1.7547 @ step 0
[GPU 0] [02:24:58] [INFO] New best validation loss: 1.7512 @ step 1
[GPU 0] [02:24:59] [INFO] New best validation loss: 1.7475 @ step 2
[GPU 0] [02:25:00] [INFO] New best validation loss: 1.7463 @ step 3
[GPU 0] [02:25:01] [INFO] New best validation loss: 1.7444 @ step 4
[GPU 0] [02:25:01] [INFO] New best validation loss: 1.7442 @ step 5
[GPU 0] [02:25:02] [INFO] New best validation loss: 1.7442 @ step 6
[GPU 0] [02:25:10] [INFO] Stop FT @ 18: no val improvement for 10 steps
[GPU 0] [02:25:10] [INFO] Wrote stats.jsonl entries at FT step 6 
[GPU 0] [02:25:10] [INFO] Stage [maxent] start: {"name": "maxent", "num_checkpoints": -1, "lr": 0.001886587216056274, "res_dir": "/workspace-vast/ethanr/gradient-routing/experiments/AGI-1699-New-Dataset-Runs/results/stories/seed_1/20260616021801000000/maxent_02", "acc_mode": "heterogeneous", "do_eval": true, "do_sample": false, "num_train_evals": 0, "do_elicit": true, "elicit_eval_prc": 0.5, "elicit_num_evals": 100, "retain_targets": [["core", "a-deadline-or-time-limit"]], "alpha_retain": 188.86604633599768, "steps": 2000, "early_stop_thresh": 2.0}
[GPU 0] [02:25:10] [INFO] Using stage-level retain_targets override (1 targets)
[GPU 0] [02:25:10] [INFO] UNLEARNING - maxent START
[GPU 0] [02:25:10] [INFO] Unlearning: retaining ['a-deadline-or-time-limit', 'core'], removing ['alien-encounters', 'bygone-eras', 'cultural-traditions']
[GPU 0] [02:25:10] [INFO] ---- Begin MaxEnt | Data Labels: ['alien-encounters', 'bygone-eras', 'cultural-traditions'] ----
[GPU 0] [02:25:10] [DEBUG] alpha_retain: 188.86604633599768, lr: 0.001886587216056274, steps: 2000, early_stop_thresh: 2.0
[GPU 0] [02:25:10] [DEBUG] retain_labels: ['a-deadline-or-time-limit', 'dinosaurs', 'dream-worlds', 'enchanted-forests', 'fairy-tales', 'fantasy-worlds', 'gardens', 'giant-creatures', 'haunted-places', 'hidden-treasures', 'holidays', 'invisibility', 'island-adventures', 'living-objects', 'lost-cities', 'lost-civilizations', 'magical-lands', 'magical-objects', 'miniature-worlds', 'mysterious-maps', 'mystical-creatures', 'outer-space', 'pirates', 'riddles', 'robots-and-technology', 'royal-kingdoms', 'school-life', 'seasonal-changes', 'secret-societies', 'shape-shifting', 'sibling-rivalry', 'snowy-adventures', 'space-exploration', 'sports', 'subterranean-worlds', 'superheroes', 'talking-animals', 'the-arts', 'the-sky', 'time-travel', 'treasure-hunts', 'undercover-missions', 'underwater-adventures', 'unusual-vehicles', 'virtual-worlds']
[GPU 0] [02:26:22] [INFO] Finished MaxEnt — Avg KL→U: 6.551, Avg Retain CE: 1.693
[GPU 0] [02:26:22] [INFO] ---- Begin Eval ----
[GPU 0] [02:26:22] [INFO] Data: core | Experts: None
[GPU 0] [02:26:45] [INFO] loss: 1.68400609
[GPU 0] [02:26:45] [INFO] Data: a-deadline-or-time-limit | Experts: None
[GPU 0] [02:26:45] [INFO] loss: 1.78925776
[GPU 0] [02:26:45] [INFO] Data: alien-encounters | Experts: None
[GPU 0] [02:26:46] [INFO] loss: 1.71134865
[GPU 0] [02:26:46] [INFO] Data: bygone-eras | Experts: None
[GPU 0] [02:26:46] [INFO] loss: 1.70913458
[GPU 0] [02:26:46] [INFO] Data: cultural-traditions | Experts: None
[GPU 0] [02:26:47] [INFO] loss: 1.75226152
[GPU 0] [02:26:47] [INFO] Saved unlearned checkpoint: /workspace-vast/ethanr/gradient-routing/experiments/AGI-1699-New-Dataset-Runs/results/stories/seed_1/20260616021801000000/maxent_02/core_a-deadline-or-time-limit/checkpoint.pth
[GPU 0] [02:26:48] [INFO] UNLEARNING - maxent - ADVERSARIAL FT START
[GPU 0] [02:26:48] [INFO] ---- Begin FT | Experts: None | Data: ['alien-encounters'] ----
[GPU 0] [02:26:48] [DEBUG] num_seq: 512, num_rounds: 200, patience: 10
[GPU 0] [02:26:48] [DEBUG] local_x: torch.Size([512, 256]), local_y: torch.Size([512, 256]), num_steps: 4, per_gpu: 512, mbs_size: 128
[GPU 0] [02:26:49] [INFO] New best validation loss: 1.7013 @ step 0
[GPU 0] [02:26:50] [INFO] New best validation loss: 1.6933 @ step 1
[GPU 0] [02:26:51] [INFO] New best validation loss: 1.6861 @ step 2
[GPU 0] [02:26:52] [INFO] New best validation loss: 1.6819 @ step 3
[GPU 0] [02:26:52] [INFO] New best validation loss: 1.6774 @ step 4
[GPU 0] [02:26:53] [INFO] New best validation loss: 1.6756 @ step 5
[GPU 0] [02:26:54] [INFO] New best validation loss: 1.6717 @ step 6
[GPU 0] [02:26:54] [INFO] New best validation loss: 1.6692 @ step 7
[GPU 0] [02:26:55] [INFO] New best validation loss: 1.6682 @ step 8
[GPU 0] [02:26:56] [INFO] New best validation loss: 1.6674 @ step 9
[GPU 0] [02:26:57] [INFO] New best validation loss: 1.6645 @ step 10
[GPU 0] [02:26:57] [INFO] New best validation loss: 1.6624 @ step 11
[GPU 0] [02:26:58] [INFO] New best validation loss: 1.6614 @ step 12
[GPU 0] [02:26:59] [INFO] New best validation loss: 1.6606 @ step 13
[GPU 0] [02:26:59] [INFO] New best validation loss: 1.6597 @ step 14
[GPU 0] [02:27:00] [INFO] New best validation loss: 1.6585 @ step 15
[GPU 0] [02:27:01] [INFO] New best validation loss: 1.6569 @ step 16
[GPU 0] [02:27:01] [INFO] New best validation loss: 1.6558 @ step 17
[GPU 0] [02:27:02] [INFO] New best validation loss: 1.6554 @ step 18
[GPU 0] [02:27:03] [INFO] New best validation loss: 1.6552 @ step 19
[GPU 0] [02:27:03] [INFO] New best validation loss: 1.6546 @ step 20
[GPU 0] [02:27:04] [INFO] New best validation loss: 1.6544 @ step 21
[GPU 0] [02:27:12] [INFO] Stop FT @ 33: no val improvement for 10 steps
[GPU 0] [02:27:12] [INFO] Wrote stats.jsonl entries at FT step 21 
[GPU 0] [02:27:12] [INFO] ---- Begin FT | Experts: None | Data: ['bygone-eras'] ----
[GPU 0] [02:27:12] [DEBUG] num_seq: 512, num_rounds: 200, patience: 10
[GPU 0] [02:27:12] [DEBUG] local_x: torch.Size([512, 256]), local_y: torch.Size([512, 256]), num_steps: 4, per_gpu: 512, mbs_size: 128
[GPU 0] [02:27:13] [INFO] New best validation loss: 1.7071 @ step 0
[GPU 0] [02:27:13] [INFO] New best validation loss: 1.7059 @ step 1
[GPU 0] [02:27:14] [INFO] New best validation loss: 1.7047 @ step 2
[GPU 0] [02:27:15] [INFO] New best validation loss: 1.7043 @ step 3
[GPU 0] [02:27:15] [INFO] New best validation loss: 1.7039 @ step 4
[GPU 0] [02:27:16] [INFO] New best validation loss: 1.7031 @ step 5
[GPU 0] [02:27:17] [INFO] New best validation loss: 1.7025 @ step 6
[GPU 0] [02:27:18] [INFO] New best validation loss: 1.7023 @ step 7
[GPU 0] [02:27:18] [INFO] New best validation loss: 1.7021 @ step 8
[GPU 0] [02:27:19] [INFO] New best validation loss: 1.7021 @ step 9
[GPU 0] [02:27:20] [INFO] New best validation loss: 1.7019 @ step 10
[GPU 0] [02:27:20] [INFO] New best validation loss: 1.7019 @ step 11
[GPU 0] [02:27:28] [INFO] Stop FT @ 23: no val improvement for 10 steps
[GPU 0] [02:27:28] [INFO] Wrote stats.jsonl entries at FT step 11 
[GPU 0] [02:27:28] [INFO] ---- Begin FT | Experts: None | Data: ['cultural-traditions'] ----
[GPU 0] [02:27:28] [DEBUG] num_seq: 512, num_rounds: 200, patience: 10
[GPU 0] [02:27:28] [DEBUG] local_x: torch.Size([512, 256]), local_y: torch.Size([512, 256]), num_steps: 4, per_gpu: 512, mbs_size: 128
[GPU 0] [02:27:29] [INFO] New best validation loss: 1.7500 @ step 0
[GPU 0] [02:27:30] [INFO] New best validation loss: 1.7467 @ step 1
[GPU 0] [02:27:30] [INFO] New best validation loss: 1.7449 @ step 2
[GPU 0] [02:27:31] [INFO] New best validation loss: 1.7436 @ step 3
[GPU 0] [02:27:32] [INFO] New best validation loss: 1.7428 @ step 4
[GPU 0] [02:27:33] [INFO] New best validation loss: 1.7418 @ step 5
[GPU 0] [02:27:33] [INFO] New best validation loss: 1.7410 @ step 6
[GPU 0] [02:27:34] [INFO] New best validation loss: 1.7401 @ step 7
[GPU 0] [02:27:35] [INFO] New best validation loss: 1.7391 @ step 8
[GPU 0] [02:27:35] [INFO] New best validation loss: 1.7385 @ step 9
[GPU 0] [02:27:36] [INFO] New best validation loss: 1.7381 @ step 10
[GPU 0] [02:27:37] [INFO] New best validation loss: 1.7377 @ step 11
[GPU 0] [02:27:37] [INFO] New best validation loss: 1.7375 @ step 12
[GPU 0] [02:27:45] [INFO] Stop FT @ 24: no val improvement for 10 steps
[GPU 0] [02:27:45] [INFO] Wrote stats.jsonl entries at FT step 12 
[GPU 0] [02:27:45] [INFO] Stage [maxent] start: {"name": "maxent", "num_checkpoints": -1, "lr": 0.0005018947832375017, "res_dir": "/workspace-vast/ethanr/gradient-routing/experiments/AGI-1699-New-Dataset-Runs/results/stories/seed_1/20260616021801000000/maxent_03", "acc_mode": "heterogeneous", "do_eval": true, "do_sample": false, "num_train_evals": 0, "do_elicit": true, "elicit_eval_prc": 0.5, "elicit_num_evals": 100, "retain_targets": [["core", "alien-encounters"]], "alpha_retain": 32.23988545679535, "steps": 2000, "early_stop_thresh": 2.0}
[GPU 0] [02:27:45] [INFO] Using stage-level retain_targets override (1 targets)
[GPU 0] [02:27:45] [INFO] UNLEARNING - maxent START
[GPU 0] [02:27:45] [INFO] Unlearning: retaining ['alien-encounters', 'core'], removing ['a-deadline-or-time-limit', 'bygone-eras', 'cultural-traditions']
[GPU 0] [02:27:45] [INFO] ---- Begin MaxEnt | Data Labels: ['a-deadline-or-time-limit', 'bygone-eras', 'cultural-traditions'] ----
[GPU 0] [02:27:45] [DEBUG] alpha_retain: 32.23988545679535, lr: 0.0005018947832375017, steps: 2000, early_stop_thresh: 2.0
[GPU 0] [02:27:45] [DEBUG] retain_labels: ['alien-encounters', 'dinosaurs', 'dream-worlds', 'enchanted-forests', 'fairy-tales', 'fantasy-worlds', 'gardens', 'giant-creatures', 'haunted-places', 'hidden-treasures', 'holidays', 'invisibility', 'island-adventures', 'living-objects', 'lost-cities', 'lost-civilizations', 'magical-lands', 'magical-objects', 'miniature-worlds', 'mysterious-maps', 'mystical-creatures', 'outer-space', 'pirates', 'riddles', 'robots-and-technology', 'royal-kingdoms', 'school-life', 'seasonal-changes', 'secret-societies', 'shape-shifting', 'sibling-rivalry', 'snowy-adventures', 'space-exploration', 'sports', 'subterranean-worlds', 'superheroes', 'talking-animals', 'the-arts', 'the-sky', 'time-travel', 'treasure-hunts', 'undercover-missions', 'underwater-adventures', 'unusual-vehicles', 'virtual-worlds']
[GPU 0] [02:29:01] [INFO] Finished MaxEnt — Avg KL→U: 6.402, Avg Retain CE: 1.674
[GPU 0] [02:29:01] [INFO] ---- Begin Eval ----
[GPU 0] [02:29:01] [INFO] Data: core | Experts: None
[GPU 0] [02:29:24] [INFO] loss: 1.67310488
[GPU 0] [02:29:24] [INFO] Data: a-deadline-or-time-limit | Experts: None
[GPU 0] [02:29:25] [INFO] loss: 1.88808596
[GPU 0] [02:29:25] [INFO] Data: alien-encounters | Experts: None
[GPU 0] [02:29:25] [INFO] loss: 1.65666115
[GPU 0] [02:29:25] [INFO] Data: bygone-eras | Experts: None
[GPU 0] [02:29:26] [INFO] loss: 1.69911861
[GPU 0] [02:29:26] [INFO] Data: cultural-traditions | Experts: None
[GPU 0] [02:29:27] [INFO] loss: 1.75041115
[GPU 0] [02:29:27] [INFO] Saved unlearned checkpoint: /workspace-vast/ethanr/gradient-routing/experiments/AGI-1699-New-Dataset-Runs/results/stories/seed_1/20260616021801000000/maxent_03/core_alien-encounters/checkpoint.pth
[GPU 0] [02:29:27] [INFO] UNLEARNING - maxent - ADVERSARIAL FT START
[GPU 0] [02:29:28] [INFO] ---- Begin FT | Experts: None | Data: ['a-deadline-or-time-limit'] ----
[GPU 0] [02:29:28] [DEBUG] num_seq: 512, num_rounds: 200, patience: 10
[GPU 0] [02:29:28] [DEBUG] local_x: torch.Size([512, 256]), local_y: torch.Size([512, 256]), num_steps: 4, per_gpu: 512, mbs_size: 128
[GPU 0] [02:29:29] [INFO] New best validation loss: 1.8830 @ step 0
[GPU 0] [02:29:30] [INFO] New best validation loss: 1.8787 @ step 1
[GPU 0] [02:29:30] [INFO] New best validation loss: 1.8742 @ step 2
[GPU 0] [02:29:31] [INFO] New best validation loss: 1.8699 @ step 3
[GPU 0] [02:29:32] [INFO] New best validation loss: 1.8666 @ step 4
[GPU 0] [02:29:33] [INFO] New best validation loss: 1.8621 @ step 5
[GPU 0] [02:29:33] [INFO] New best validation loss: 1.8592 @ step 6
[GPU 0] [02:29:34] [INFO] New best validation loss: 1.8555 @ step 7
[GPU 0] [02:29:35] [INFO] New best validation loss: 1.8533 @ step 8
[GPU 0] [02:29:36] [INFO] New best validation loss: 1.8516 @ step 9
[GPU 0] [02:29:36] [INFO] New best validation loss: 1.8496 @ step 10
[GPU 0] [02:29:37] [INFO] New best validation loss: 1.8471 @ step 11
[GPU 0] [02:29:38] [INFO] New best validation loss: 1.8453 @ step 12
[GPU 0] [02:29:39] [INFO] New best validation loss: 1.8438 @ step 13
[GPU 0] [02:29:39] [INFO] New best validation loss: 1.8428 @ step 14
[GPU 0] [02:29:40] [INFO] New best validation loss: 1.8418 @ step 15
[GPU 0] [02:29:41] [INFO] New best validation loss: 1.8395 @ step 16
[GPU 0] [02:29:42] [INFO] New best validation loss: 1.8383 @ step 17
[GPU 0] [02:29:42] [INFO] New best validation loss: 1.8369 @ step 18
[GPU 0] [02:29:43] [INFO] New best validation loss: 1.8355 @ step 19
[GPU 0] [02:29:44] [INFO] New best validation loss: 1.8346 @ step 20
[GPU 0] [02:29:45] [INFO] New best validation loss: 1.8338 @ step 21
[GPU 0] [02:29:45] [INFO] New best validation loss: 1.8318 @ step 22
[GPU 0] [02:29:46] [INFO] New best validation loss: 1.8309 @ step 23
[GPU 0] [02:29:47] [INFO] New best validation loss: 1.8299 @ step 24
[GPU 0] [02:29:47] [INFO] New best validation loss: 1.8283 @ step 25
[GPU 0] [02:29:48] [INFO] New best validation loss: 1.8268 @ step 26
[GPU 0] [02:29:49] [INFO] New best validation loss: 1.8266 @ step 27
[GPU 0] [02:29:50] [INFO] New best validation loss: 1.8256 @ step 28
[GPU 0] [02:29:50] [INFO] New best validation loss: 1.8244 @ step 29
[GPU 0] [02:29:51] [INFO] New best validation loss: 1.8234 @ step 30
[GPU 0] [02:29:52] [INFO] New best validation loss: 1.8221 @ step 31
[GPU 0] [02:29:53] [INFO] New best validation loss: 1.8211 @ step 32
[GPU 0] [02:29:53] [INFO] New best validation loss: 1.8197 @ step 33
[GPU 0] [02:29:54] [INFO] New best validation loss: 1.8188 @ step 34
[GPU 0] [02:29:55] [INFO] New best validation loss: 1.8186 @ step 35
[GPU 0] [02:29:55] [INFO] New best validation loss: 1.8176 @ step 36
[GPU 0] [02:29:56] [INFO] New best validation loss: 1.8164 @ step 37
[GPU 0] [02:29:57] [INFO] New best validation loss: 1.8158 @ step 38
[GPU 0] [02:29:58] [INFO] New best validation loss: 1.8152 @ step 39
[GPU 0] [02:29:58] [INFO] New best validation loss: 1.8137 @ step 40
[GPU 0] [02:29:59] [INFO] New best validation loss: 1.8129 @ step 41
[GPU 0] [02:30:00] [INFO] New best validation loss: 1.8119 @ step 42
[GPU 0] [02:30:01] [INFO] New best validation loss: 1.8111 @ step 43
[GPU 0] [02:30:01] [INFO] New best validation loss: 1.8105 @ step 44
[GPU 0] [02:30:03] [INFO] New best validation loss: 1.8098 @ step 45
[GPU 0] [02:30:05] [INFO] New best validation loss: 1.8088 @ step 46
[GPU 0] [02:30:07] [INFO] New best validation loss: 1.8082 @ step 47
[GPU 0] [02:30:08] [INFO] New best validation loss: 1.8074 @ step 48
[GPU 0] [02:30:10] [INFO] New best validation loss: 1.8066 @ step 49
[GPU 0] [02:30:11] [INFO] New best validation loss: 1.8059 @ step 50
[GPU 0] [02:30:12] [INFO] New best validation loss: 1.8051 @ step 51
[GPU 0] [02:30:13] [INFO] New best validation loss: 1.8045 @ step 52
[GPU 0] [02:30:13] [INFO] New best validation loss: 1.8037 @ step 53
[GPU 0] [02:30:14] [INFO] New best validation loss: 1.8027 @ step 54
[GPU 0] [02:30:15] [INFO] New best validation loss: 1.8025 @ step 55
[GPU 0] [02:30:15] [INFO] New best validation loss: 1.8021 @ step 56
[GPU 0] [02:30:16] [INFO] New best validation loss: 1.8012 @ step 57
[GPU 0] [02:30:17] [INFO] New best validation loss: 1.8008 @ step 58
[GPU 0] [02:30:18] [INFO] New best validation loss: 1.7998 @ step 59
[GPU 0] [02:30:18] [INFO] New best validation loss: 1.7994 @ step 60
[GPU 0] [02:30:19] [INFO] New best validation loss: 1.7986 @ step 61
[GPU 0] [02:30:20] [INFO] New best validation loss: 1.7982 @ step 62
[GPU 0] [02:30:20] [INFO] New best validation loss: 1.7979 @ step 63
[GPU 0] [02:30:21] [INFO] New best validation loss: 1.7971 @ step 64
[GPU 0] [02:30:22] [INFO] New best validation loss: 1.7961 @ step 65
[GPU 0] [02:30:23] [INFO] New best validation loss: 1.7955 @ step 66
[GPU 0] [02:30:23] [INFO] New best validation loss: 1.7951 @ step 67
[GPU 0] [02:30:24] [INFO] New best validation loss: 1.7951 @ step 68
[GPU 0] [02:30:25] [INFO] New best validation loss: 1.7943 @ step 69
[GPU 0] [02:30:26] [INFO] New best validation loss: 1.7939 @ step 70
[GPU 0] [02:30:26] [INFO] New best validation loss: 1.7934 @ step 71
[GPU 0] [02:30:27] [INFO] New best validation loss: 1.7930 @ step 72
[GPU 0] [02:30:28] [INFO] New best validation loss: 1.7926 @ step 73
[GPU 0] [02:30:28] [INFO] New best validation loss: 1.7920 @ step 74
[GPU 0] [02:30:29] [INFO] New best validation loss: 1.7912 @ step 75
[GPU 0] [02:30:30] [INFO] New best validation loss: 1.7906 @ step 76
[GPU 0] [02:30:31] [INFO] New best validation loss: 1.7904 @ step 77
[GPU 0] [02:30:31] [INFO] New best validation loss: 1.7902 @ step 78
[GPU 0] [02:30:32] [INFO] New best validation loss: 1.7898 @ step 79
[GPU 0] [02:30:33] [INFO] New best validation loss: 1.7893 @ step 80
[GPU 0] [02:30:33] [INFO] New best validation loss: 1.7889 @ step 81
[GPU 0] [02:30:34] [INFO] New best validation loss: 1.7881 @ step 82
[GPU 0] [02:30:35] [INFO] New best validation loss: 1.7875 @ step 83
[GPU 0] [02:30:36] [INFO] New best validation loss: 1.7875 @ step 84
[GPU 0] [02:30:36] [INFO] New best validation loss: 1.7871 @ step 85
[GPU 0] [02:30:37] [INFO] New best validation loss: 1.7869 @ step 86
[GPU 0] [02:30:38] [INFO] New best validation loss: 1.7867 @ step 87
[GPU 0] [02:30:38] [INFO] New best validation loss: 1.7859 @ step 88
[GPU 0] [02:30:39] [INFO] New best validation loss: 1.7854 @ step 89
[GPU 0] [02:30:40] [INFO] New best validation loss: 1.7854 @ step 90
[GPU 0] [02:30:41] [INFO] New best validation loss: 1.7854 @ step 91
[GPU 0] [02:30:42] [INFO] New best validation loss: 1.7850 @ step 92
[GPU 0] [02:30:42] [INFO] New best validation loss: 1.7844 @ step 93
[GPU 0] [02:30:43] [INFO] New best validation loss: 1.7842 @ step 94
[GPU 0] [02:30:44] [INFO] New best validation loss: 1.7838 @ step 95
[GPU 0] [02:30:44] [INFO] New best validation loss: 1.7834 @ step 96
[GPU 0] [02:30:45] [INFO] New best validation loss: 1.7826 @ step 97
[GPU 0] [02:30:46] [INFO] New best validation loss: 1.7826 @ step 98
[GPU 0] [02:30:47] [INFO] New best validation loss: 1.7822 @ step 99
[GPU 0] [02:30:47] [INFO] New best validation loss: 1.7820 @ step 100
[GPU 0] [02:30:48] [INFO] New best validation loss: 1.7816 @ step 101
[GPU 0] [02:30:49] [INFO] New best validation loss: 1.7814 @ step 102
[GPU 0] [02:30:50] [INFO] New best validation loss: 1.7812 @ step 103
[GPU 0] [02:30:50] [INFO] New best validation loss: 1.7809 @ step 104
[GPU 0] [02:30:51] [INFO] New best validation loss: 1.7807 @ step 105
[GPU 0] [02:30:52] [INFO] New best validation loss: 1.7807 @ step 106
[GPU 0] [02:30:53] [INFO] New best validation loss: 1.7801 @ step 107
[GPU 0] [02:30:53] [INFO] New best validation loss: 1.7797 @ step 108
[GPU 0] [02:30:54] [INFO] New best validation loss: 1.7795 @ step 109
[GPU 0] [02:30:55] [INFO] New best validation loss: 1.7793 @ step 110
[GPU 0] [02:30:55] [INFO] New best validation loss: 1.7789 @ step 111
[GPU 0] [02:30:56] [INFO] New best validation loss: 1.7785 @ step 112
[GPU 0] [02:30:57] [INFO] New best validation loss: 1.7783 @ step 113
[GPU 0] [02:30:58] [INFO] New best validation loss: 1.7783 @ step 114
[GPU 0] [02:30:58] [INFO] New best validation loss: 1.7781 @ step 115
[GPU 0] [02:30:59] [INFO] New best validation loss: 1.7779 @ step 116
[GPU 0] [02:31:00] [INFO] New best validation loss: 1.7779 @ step 117
[GPU 0] [02:31:00] [INFO] New best validation loss: 1.7775 @ step 118
[GPU 0] [02:31:01] [INFO] New best validation loss: 1.7775 @ step 119
[GPU 0] [02:31:02] [INFO] New best validation loss: 1.7773 @ step 120
[GPU 0] [02:31:03] [INFO] New best validation loss: 1.7773 @ step 121
[GPU 0] [02:31:03] [INFO] New best validation loss: 1.7773 @ step 122
[GPU 0] [02:31:04] [INFO] New best validation loss: 1.7770 @ step 123
[GPU 0] [02:31:05] [INFO] New best validation loss: 1.7762 @ step 124
[GPU 0] [02:31:06] [INFO] New best validation loss: 1.7762 @ step 125
[GPU 0] [02:31:06] [INFO] New best validation loss: 1.7760 @ step 126
[GPU 0] [02:31:07] [INFO] New best validation loss: 1.7758 @ step 127
[GPU 0] [02:31:08] [INFO] New best validation loss: 1.7750 @ step 128
[GPU 0] [02:31:08] [INFO] New best validation loss: 1.7748 @ step 129
[GPU 0] [02:31:09] [INFO] New best validation loss: 1.7746 @ step 130
[GPU 0] [02:31:10] [INFO] New best validation loss: 1.7742 @ step 131
[GPU 0] [02:31:11] [INFO] New best validation loss: 1.7742 @ step 132
[GPU 0] [02:31:11] [INFO] New best validation loss: 1.7742 @ step 133
[GPU 0] [02:31:12] [INFO] New best validation loss: 1.7738 @ step 134
[GPU 0] [02:31:13] [INFO] New best validation loss: 1.7738 @ step 135
[GPU 0] [02:31:13] [INFO] New best validation loss: 1.7736 @ step 136
[GPU 0] [02:31:14] [INFO] New best validation loss: 1.7736 @ step 137
[GPU 0] [02:31:15] [INFO] New best validation loss: 1.7736 @ step 138
[GPU 0] [02:31:16] [INFO] New best validation loss: 1.7734 @ step 139
[GPU 0] [02:31:16] [INFO] New best validation loss: 1.7734 @ step 140
[GPU 0] [02:31:17] [INFO] New best validation loss: 1.7734 @ step 141
[GPU 0] [02:31:18] [INFO] New best validation loss: 1.7734 @ step 142
[GPU 0] [02:31:19] [INFO] New best validation loss: 1.7732 @ step 143
[GPU 0] [02:31:19] [INFO] New best validation loss: 1.7732 @ step 144
[GPU 0] [02:31:20] [INFO] New best validation loss: 1.7730 @ step 145
[GPU 0] [02:31:21] [INFO] New best validation loss: 1.7729 @ step 146
[GPU 0] [02:31:21] [INFO] New best validation loss: 1.7727 @ step 147
[GPU 0] [02:31:22] [INFO] New best validation loss: 1.7727 @ step 148
[GPU 0] [02:31:23] [INFO] New best validation loss: 1.7719 @ step 149
[GPU 0] [02:31:24] [INFO] New best validation loss: 1.7717 @ step 150
[GPU 0] [02:31:24] [INFO] New best validation loss: 1.7715 @ step 151
[GPU 0] [02:31:25] [INFO] New best validation loss: 1.7713 @ step 152
[GPU 0] [02:31:26] [INFO] New best validation loss: 1.7713 @ step 153
[GPU 0] [02:31:26] [INFO] New best validation loss: 1.7711 @ step 154
[GPU 0] [02:31:27] [INFO] New best validation loss: 1.7711 @ step 155
[GPU 0] [02:31:28] [INFO] New best validation loss: 1.7711 @ step 156
[GPU 0] [02:31:29] [INFO] New best validation loss: 1.7709 @ step 157
[GPU 0] [02:31:29] [INFO] New best validation loss: 1.7709 @ step 158
[GPU 0] [02:31:30] [INFO] New best validation loss: 1.7707 @ step 159
[GPU 0] [02:31:31] [INFO] New best validation loss: 1.7707 @ step 160
[GPU 0] [02:31:32] [INFO] New best validation loss: 1.7707 @ step 161
[GPU 0] [02:31:32] [INFO] New best validation loss: 1.7707 @ step 162
[GPU 0] [02:31:33] [INFO] New best validation loss: 1.7705 @ step 163
[GPU 0] [02:31:34] [INFO] New best validation loss: 1.7701 @ step 164
[GPU 0] [02:31:34] [INFO] New best validation loss: 1.7701 @ step 165
[GPU 0] [02:31:35] [INFO] New best validation loss: 1.7701 @ step 166
[GPU 0] [02:31:36] [INFO] New best validation loss: 1.7701 @ step 167
[GPU 0] [02:31:37] [INFO] New best validation loss: 1.7699 @ step 168
[GPU 0] [02:31:37] [INFO] New best validation loss: 1.7699 @ step 169
[GPU 0] [02:31:38] [INFO] New best validation loss: 1.7697 @ step 170
[GPU 0] [02:31:39] [INFO] New best validation loss: 1.7697 @ step 171
[GPU 0] [02:31:39] [INFO] New best validation loss: 1.7697 @ step 172
[GPU 0] [02:31:40] [INFO] New best validation loss: 1.7697 @ step 173
[GPU 0] [02:31:41] [INFO] New best validation loss: 1.7697 @ step 174
[GPU 0] [02:31:42] [INFO] New best validation loss: 1.7695 @ step 175
[GPU 0] [02:31:42] [INFO] New best validation loss: 1.7693 @ step 176
[GPU 0] [02:31:43] [INFO] New best validation loss: 1.7693 @ step 177
[GPU 0] [02:31:44] [INFO] New best validation loss: 1.7693 @ step 178
[GPU 0] [02:31:44] [INFO] New best validation loss: 1.7691 @ step 179
[GPU 0] [02:31:45] [INFO] New best validation loss: 1.7689 @ step 180
[GPU 0] [02:31:46] [INFO] New best validation loss: 1.7687 @ step 181
[GPU 0] [02:31:47] [INFO] New best validation loss: 1.7686 @ step 182
[GPU 0] [02:31:47] [INFO] New best validation loss: 1.7686 @ step 183
[GPU 0] [02:31:48] [INFO] New best validation loss: 1.7686 @ step 184
[GPU 0] [02:31:49] [INFO] New best validation loss: 1.7686 @ step 185
[GPU 0] [02:31:50] [INFO] New best validation loss: 1.7686 @ step 186
[GPU 0] [02:31:50] [INFO] New best validation loss: 1.7682 @ step 187
[GPU 0] [02:31:52] [INFO] New best validation loss: 1.7682 @ step 189
[GPU 0] [02:31:52] [INFO] New best validation loss: 1.7682 @ step 190
[GPU 0] [02:31:53] [INFO] New best validation loss: 1.7682 @ step 191
[GPU 0] [02:31:54] [INFO] New best validation loss: 1.7678 @ step 192
[GPU 0] [02:31:55] [INFO] New best validation loss: 1.7678 @ step 194
[GPU 0] [02:31:56] [INFO] New best validation loss: 1.7676 @ step 195
[GPU 0] [02:31:58] [INFO] New best validation loss: 1.7676 @ step 197
[GPU 0] [02:31:58] [INFO] New best validation loss: 1.7676 @ step 198
[GPU 0] [02:31:59] [INFO] New best validation loss: 1.7676 @ step 199
[GPU 0] [02:31:59] [INFO] Wrote stats.jsonl entries at FT step 199 
[GPU 0] [02:31:59] [INFO] ---- Begin FT | Experts: None | Data: ['bygone-eras'] ----
[GPU 0] [02:31:59] [DEBUG] num_seq: 512, num_rounds: 200, patience: 10
[GPU 0] [02:31:59] [DEBUG] local_x: torch.Size([512, 256]), local_y: torch.Size([512, 256]), num_steps: 4, per_gpu: 512, mbs_size: 128
[GPU 0] [02:32:00] [INFO] New best validation loss: 1.6991 @ step 0
[GPU 0] [02:32:01] [INFO] New best validation loss: 1.6989 @ step 1
[GPU 0] [02:32:01] [INFO] New best validation loss: 1.6985 @ step 2
[GPU 0] [02:32:02] [INFO] New best validation loss: 1.6981 @ step 3
[GPU 0] [02:32:03] [INFO] New best validation loss: 1.6977 @ step 4
[GPU 0] [02:32:03] [INFO] New best validation loss: 1.6977 @ step 5
[GPU 0] [02:32:04] [INFO] New best validation loss: 1.6973 @ step 6
[GPU 0] [02:32:05] [INFO] New best validation loss: 1.6971 @ step 7
[GPU 0] [02:32:06] [INFO] New best validation loss: 1.6967 @ step 8
[GPU 0] [02:32:06] [INFO] New best validation loss: 1.6965 @ step 9
[GPU 0] [02:32:07] [INFO] New best validation loss: 1.6961 @ step 10
[GPU 0] [02:32:08] [INFO] New best validation loss: 1.6959 @ step 11
[GPU 0] [02:32:08] [INFO] New best validation loss: 1.6959 @ step 12
[GPU 0] [02:32:09] [INFO] New best validation loss: 1.6955 @ step 13
[GPU 0] [02:32:10] [INFO] New best validation loss: 1.6955 @ step 14
[GPU 0] [02:32:11] [INFO] New best validation loss: 1.6953 @ step 15
[GPU 0] [02:32:12] [INFO] New best validation loss: 1.6953 @ step 17
[GPU 0] [02:32:13] [INFO] New best validation loss: 1.6951 @ step 18
[GPU 0] [02:32:13] [INFO] New best validation loss: 1.6951 @ step 19
[GPU 0] [02:32:14] [INFO] New best validation loss: 1.6945 @ step 20
[GPU 0] [02:32:15] [INFO] New best validation loss: 1.6943 @ step 21
[GPU 0] [02:32:16] [INFO] New best validation loss: 1.6943 @ step 23
[GPU 0] [02:32:17] [INFO] New best validation loss: 1.6943 @ step 24
[GPU 0] [02:32:18] [INFO] New best validation loss: 1.6941 @ step 25
[GPU 0] [02:32:18] [INFO] New best validation loss: 1.6939 @ step 26
[GPU 0] [02:32:20] [INFO] New best validation loss: 1.6937 @ step 28
[GPU 0] [02:32:21] [INFO] New best validation loss: 1.6937 @ step 29
[GPU 0] [02:32:22] [INFO] New best validation loss: 1.6935 @ step 31
[GPU 0] [02:32:23] [INFO] New best validation loss: 1.6935 @ step 32
[GPU 0] [02:32:23] [INFO] New best validation loss: 1.6935 @ step 33
[GPU 0] [02:32:24] [INFO] New best validation loss: 1.6933 @ step 34
[GPU 0] [02:32:25] [INFO] New best validation loss: 1.6933 @ step 35
[GPU 0] [02:32:26] [INFO] New best validation loss: 1.6931 @ step 36
[GPU 0] [02:32:26] [INFO] New best validation loss: 1.6931 @ step 37
[GPU 0] [02:32:27] [INFO] New best validation loss: 1.6931 @ step 38
[GPU 0] [02:32:28] [INFO] New best validation loss: 1.6929 @ step 39
[GPU 0] [02:32:29] [INFO] New best validation loss: 1.6927 @ step 40
[GPU 0] [02:32:29] [INFO] New best validation loss: 1.6927 @ step 41
[GPU 0] [02:32:31] [INFO] New best validation loss: 1.6927 @ step 43
[GPU 0] [02:32:32] [INFO] New best validation loss: 1.6927 @ step 44
[GPU 0] [02:32:32] [INFO] New best validation loss: 1.6927 @ step 45
[GPU 0] [02:32:33] [INFO] New best validation loss: 1.6927 @ step 46
[GPU 0] [02:32:34] [INFO] New best validation loss: 1.6927 @ step 47
[GPU 0] [02:32:34] [INFO] New best validation loss: 1.6927 @ step 48
[GPU 0] [02:32:35] [INFO] New best validation loss: 1.6925 @ step 49
[GPU 0] [02:32:36] [INFO] New best validation loss: 1.6925 @ step 50
[GPU 0] [02:32:38] [INFO] New best validation loss: 1.6925 @ step 53
[GPU 0] [02:32:39] [INFO] New best validation loss: 1.6925 @ step 54
[GPU 0] [02:32:39] [INFO] New best validation loss: 1.6925 @ step 55
[GPU 0] [02:32:40] [INFO] New best validation loss: 1.6925 @ step 56
[GPU 0] [02:32:41] [INFO] New best validation loss: 1.6925 @ step 57
[GPU 0] [02:32:42] [INFO] New best validation loss: 1.6925 @ step 58
[GPU 0] [02:32:42] [INFO] New best validation loss: 1.6925 @ step 59
[GPU 0] [02:32:43] [INFO] New best validation loss: 1.6925 @ step 60
[GPU 0] [02:32:44] [INFO] New best validation loss: 1.6925 @ step 61
[GPU 0] [02:32:44] [INFO] New best validation loss: 1.6925 @ step 62
[GPU 0] [02:32:45] [INFO] New best validation loss: 1.6925 @ step 63
[GPU 0] [02:32:46] [INFO] New best validation loss: 1.6925 @ step 64
[GPU 0] [02:32:46] [INFO] New best validation loss: 1.6925 @ step 65
[GPU 0] [02:32:47] [INFO] New best validation loss: 1.6925 @ step 66
[GPU 0] [02:32:48] [INFO] New best validation loss: 1.6925 @ step 67
[GPU 0] [02:32:49] [INFO] New best validation loss: 1.6925 @ step 68
[GPU 0] [02:32:50] [INFO] New best validation loss: 1.6925 @ step 69
[GPU 0] [02:32:50] [INFO] New best validation loss: 1.6925 @ step 70
[GPU 0] [02:32:51] [INFO] New best validation loss: 1.6925 @ step 71
[GPU 0] [02:32:52] [INFO] New best validation loss: 1.6925 @ step 72
[GPU 0] [02:32:52] [INFO] New best validation loss: 1.6925 @ step 73
[GPU 0] [02:32:53] [INFO] New best validation loss: 1.6925 @ step 74
[GPU 0] [02:32:54] [INFO] New best validation loss: 1.6925 @ step 75
[GPU 0] [02:32:55] [INFO] New best validation loss: 1.6925 @ step 76
[GPU 0] [02:32:55] [INFO] New best validation loss: 1.6925 @ step 77
[GPU 0] [02:32:59] [INFO] New best validation loss: 1.6925 @ step 82
[GPU 0] [02:32:59] [INFO] New best validation loss: 1.6925 @ step 83
[GPU 0] [02:33:07] [INFO] Stop FT @ 95: no val improvement for 10 steps
[GPU 0] [02:33:07] [INFO] Wrote stats.jsonl entries at FT step 83 
[GPU 0] [02:33:07] [INFO] ---- Begin FT | Experts: None | Data: ['cultural-traditions'] ----
[GPU 0] [02:33:07] [DEBUG] num_seq: 512, num_rounds: 200, patience: 10
[GPU 0] [02:33:07] [DEBUG] local_x: torch.Size([512, 256]), local_y: torch.Size([512, 256]), num_steps: 4, per_gpu: 512, mbs_size: 128
[GPU 0] [02:33:08] [INFO] New best validation loss: 1.7488 @ step 0
[GPU 0] [02:33:09] [INFO] New best validation loss: 1.7479 @ step 1
[GPU 0] [02:33:09] [INFO] New best validation loss: 1.7469 @ step 2
[GPU 0] [02:33:10] [INFO] New best validation loss: 1.7463 @ step 3
[GPU 0] [02:33:11] [INFO] New best validation loss: 1.7447 @ step 4
[GPU 0] [02:33:11] [INFO] New best validation loss: 1.7442 @ step 5
[GPU 0] [02:33:12] [INFO] New best validation loss: 1.7440 @ step 6
[GPU 0] [02:33:13] [INFO] New best validation loss: 1.7434 @ step 7
[GPU 0] [02:33:14] [INFO] New best validation loss: 1.7426 @ step 8
[GPU 0] [02:33:14] [INFO] New best validation loss: 1.7416 @ step 9
[GPU 0] [02:33:15] [INFO] New best validation loss: 1.7414 @ step 10
[GPU 0] [02:33:16] [INFO] New best validation loss: 1.7410 @ step 11
[GPU 0] [02:33:17] [INFO] New best validation loss: 1.7410 @ step 12
[GPU 0] [02:33:18] [INFO] New best validation loss: 1.7407 @ step 13
[GPU 0] [02:33:18] [INFO] New best validation loss: 1.7399 @ step 14
[GPU 0] [02:33:19] [INFO] New best validation loss: 1.7397 @ step 15
[GPU 0] [02:33:20] [INFO] New best validation loss: 1.7395 @ step 16
[GPU 0] [02:33:20] [INFO] New best validation loss: 1.7391 @ step 17
[GPU 0] [02:33:21] [INFO] New best validation loss: 1.7387 @ step 18
[GPU 0] [02:33:22] [INFO] New best validation loss: 1.7387 @ step 19
[GPU 0] [02:33:23] [INFO] New best validation loss: 1.7387 @ step 20
[GPU 0] [02:33:23] [INFO] New best validation loss: 1.7387 @ step 21
[GPU 0] [02:33:24] [INFO] New best validation loss: 1.7387 @ step 22
[GPU 0] [02:33:25] [INFO] New best validation loss: 1.7383 @ step 23
[GPU 0] [02:33:25] [INFO] New best validation loss: 1.7375 @ step 24
[GPU 0] [02:33:26] [INFO] New best validation loss: 1.7370 @ step 25
[GPU 0] [02:33:27] [INFO] New best validation loss: 1.7370 @ step 26
[GPU 0] [02:33:28] [INFO] New best validation loss: 1.7370 @ step 27
[GPU 0] [02:33:28] [INFO] New best validation loss: 1.7370 @ step 28
[GPU 0] [02:33:29] [INFO] New best validation loss: 1.7370 @ step 29
[GPU 0] [02:33:30] [INFO] New best validation loss: 1.7368 @ step 30
[GPU 0] [02:33:31] [INFO] New best validation loss: 1.7364 @ step 31
[GPU 0] [02:33:31] [INFO] New best validation loss: 1.7364 @ step 32
[GPU 0] [02:33:32] [INFO] New best validation loss: 1.7360 @ step 33
[GPU 0] [02:33:33] [INFO] New best validation loss: 1.7356 @ step 34
[GPU 0] [02:33:33] [INFO] New best validation loss: 1.7356 @ step 35
[GPU 0] [02:33:34] [INFO] New best validation loss: 1.7356 @ step 36
[GPU 0] [02:33:35] [INFO] New best validation loss: 1.7354 @ step 37
[GPU 0] [02:33:35] [INFO] New best validation loss: 1.7352 @ step 38
[GPU 0] [02:33:36] [INFO] New best validation loss: 1.7348 @ step 39
[GPU 0] [02:33:37] [INFO] New best validation loss: 1.7348 @ step 40
[GPU 0] [02:33:37] [INFO] New best validation loss: 1.7344 @ step 41
[GPU 0] [02:33:38] [INFO] New best validation loss: 1.7340 @ step 42
[GPU 0] [02:33:39] [INFO] New best validation loss: 1.7338 @ step 43
[GPU 0] [02:33:40] [INFO] New best validation loss: 1.7333 @ step 44
[GPU 0] [02:33:40] [INFO] New best validation loss: 1.7333 @ step 45
[GPU 0] [02:33:41] [INFO] New best validation loss: 1.7331 @ step 46
[GPU 0] [02:33:42] [INFO] New best validation loss: 1.7331 @ step 47
[GPU 0] [02:33:42] [INFO] New best validation loss: 1.7331 @ step 48
[GPU 0] [02:33:43] [INFO] New best validation loss: 1.7331 @ step 49
[GPU 0] [02:33:44] [INFO] New best validation loss: 1.7331 @ step 50
[GPU 0] [02:33:44] [INFO] New best validation loss: 1.7331 @ step 51
[GPU 0] [02:33:45] [INFO] New best validation loss: 1.7329 @ step 52
[GPU 0] [02:33:46] [INFO] New best validation loss: 1.7329 @ step 53
[GPU 0] [02:33:47] [INFO] New best validation loss: 1.7329 @ step 54
[GPU 0] [02:33:48] [INFO] New best validation loss: 1.7329 @ step 55
[GPU 0] [02:33:48] [INFO] New best validation loss: 1.7325 @ step 56
[GPU 0] [02:33:49] [INFO] New best validation loss: 1.7325 @ step 57
[GPU 0] [02:33:50] [INFO] New best validation loss: 1.7325 @ step 58
[GPU 0] [02:33:50] [INFO] New best validation loss: 1.7325 @ step 59
[GPU 0] [02:33:51] [INFO] New best validation loss: 1.7325 @ step 60
[GPU 0] [02:33:52] [INFO] New best validation loss: 1.7323 @ step 61
[GPU 0] [02:33:52] [INFO] New best validation loss: 1.7323 @ step 62
[GPU 0] [02:33:53] [INFO] New best validation loss: 1.7321 @ step 63
[GPU 0] [02:33:54] [INFO] New best validation loss: 1.7321 @ step 64
[GPU 0] [02:33:54] [INFO] New best validation loss: 1.7321 @ step 65
[GPU 0] [02:33:55] [INFO] New best validation loss: 1.7319 @ step 66
[GPU 0] [02:33:56] [INFO] New best validation loss: 1.7319 @ step 68
[GPU 0] [02:33:57] [INFO] New best validation loss: 1.7319 @ step 69
[GPU 0] [02:33:57] [INFO] New best validation loss: 1.7319 @ step 70
[GPU 0] [02:33:58] [INFO] New best validation loss: 1.7319 @ step 71
[GPU 0] [02:33:59] [INFO] New best validation loss: 1.7317 @ step 72
[GPU 0] [02:33:59] [INFO] New best validation loss: 1.7317 @ step 73
[GPU 0] [02:34:00] [INFO] New best validation loss: 1.7317 @ step 74
[GPU 0] [02:34:01] [INFO] New best validation loss: 1.7317 @ step 75
[GPU 0] [02:34:01] [INFO] New best validation loss: 1.7317 @ step 76
[GPU 0] [02:34:02] [INFO] New best validation loss: 1.7317 @ step 77
[GPU 0] [02:34:03] [INFO] New best validation loss: 1.7315 @ step 78
[GPU 0] [02:34:04] [INFO] New best validation loss: 1.7311 @ step 80
[GPU 0] [02:34:05] [INFO] New best validation loss: 1.7311 @ step 81
[GPU 0] [02:34:06] [INFO] New best validation loss: 1.7311 @ step 82
[GPU 0] [02:34:07] [INFO] New best validation loss: 1.7311 @ step 83
[GPU 0] [02:34:08] [INFO] New best validation loss: 1.7311 @ step 84
[GPU 0] [02:34:08] [INFO] New best validation loss: 1.7311 @ step 85
[GPU 0] [02:34:09] [INFO] New best validation loss: 1.7311 @ step 86
[GPU 0] [02:34:10] [INFO] New best validation loss: 1.7311 @ step 87
[GPU 0] [02:34:10] [INFO] New best validation loss: 1.7311 @ step 88
[GPU 0] [02:34:11] [INFO] New best validation loss: 1.7311 @ step 89
[GPU 0] [02:34:11] [INFO] New best validation loss: 1.7309 @ step 90
[GPU 0] [02:34:12] [INFO] New best validation loss: 1.7309 @ step 91
[GPU 0] [02:34:13] [INFO] New best validation loss: 1.7309 @ step 92
[GPU 0] [02:34:13] [INFO] New best validation loss: 1.7309 @ step 93
[GPU 0] [02:34:14] [INFO] New best validation loss: 1.7307 @ step 94
[GPU 0] [02:34:17] [INFO] New best validation loss: 1.7307 @ step 98
[GPU 0] [02:34:18] [INFO] New best validation loss: 1.7307 @ step 100
[GPU 0] [02:34:19] [INFO] New best validation loss: 1.7307 @ step 101
[GPU 0] [02:34:19] [INFO] New best validation loss: 1.7307 @ step 102
[GPU 0] [02:34:20] [INFO] New best validation loss: 1.7307 @ step 103
[GPU 0] [02:34:21] [INFO] New best validation loss: 1.7307 @ step 104
[GPU 0] [02:34:21] [INFO] New best validation loss: 1.7307 @ step 105
[GPU 0] [02:34:22] [INFO] New best validation loss: 1.7307 @ step 106
[GPU 0] [02:34:23] [INFO] New best validation loss: 1.7307 @ step 107
[GPU 0] [02:34:24] [INFO] New best validation loss: 1.7307 @ step 108
[GPU 0] [02:34:24] [INFO] New best validation loss: 1.7307 @ step 109
[GPU 0] [02:34:25] [INFO] New best validation loss: 1.7307 @ step 110
[GPU 0] [02:34:26] [INFO] New best validation loss: 1.7307 @ step 111
[GPU 0] [02:34:26] [INFO] New best validation loss: 1.7307 @ step 112
[GPU 0] [02:34:27] [INFO] New best validation loss: 1.7307 @ step 113
[GPU 0] [02:34:28] [INFO] New best validation loss: 1.7307 @ step 114
[GPU 0] [02:34:28] [INFO] New best validation loss: 1.7307 @ step 115
[GPU 0] [02:34:29] [INFO] New best validation loss: 1.7307 @ step 116
[GPU 0] [02:34:30] [INFO] New best validation loss: 1.7307 @ step 117
[GPU 0] [02:34:31] [INFO] New best validation loss: 1.7307 @ step 119
[GPU 0] [02:34:39] [INFO] Stop FT @ 131: no val improvement for 10 steps
[GPU 0] [02:34:39] [INFO] Wrote stats.jsonl entries at FT step 119 
[GPU 0] [02:34:39] [INFO] Stage [maxent] start: {"name": "maxent", "num_checkpoints": -1, "lr": 0.0021630926947772745, "res_dir": "/workspace-vast/ethanr/gradient-routing/experiments/AGI-1699-New-Dataset-Runs/results/stories/seed_1/20260616021801000000/maxent_04", "acc_mode": "heterogeneous", "do_eval": true, "do_sample": false, "num_train_evals": 0, "do_elicit": true, "elicit_eval_prc": 0.5, "elicit_num_evals": 100, "retain_targets": [["core", "bygone-eras"]], "alpha_retain": 237.1747754716141, "steps": 2000, "early_stop_thresh": 2.0}
[GPU 0] [02:34:39] [INFO] Using stage-level retain_targets override (1 targets)
[GPU 0] [02:34:39] [INFO] UNLEARNING - maxent START
[GPU 0] [02:34:39] [INFO] Unlearning: retaining ['bygone-eras', 'core'], removing ['a-deadline-or-time-limit', 'alien-encounters', 'cultural-traditions']
[GPU 0] [02:34:39] [INFO] ---- Begin MaxEnt | Data Labels: ['a-deadline-or-time-limit', 'alien-encounters', 'cultural-traditions'] ----
[GPU 0] [02:34:39] [DEBUG] alpha_retain: 237.1747754716141, lr: 0.0021630926947772745, steps: 2000, early_stop_thresh: 2.0
[GPU 0] [02:34:39] [DEBUG] retain_labels: ['bygone-eras', 'dinosaurs', 'dream-worlds', 'enchanted-forests', 'fairy-tales', 'fantasy-worlds', 'gardens', 'giant-creatures', 'haunted-places', 'hidden-treasures', 'holidays', 'invisibility', 'island-adventures', 'living-objects', 'lost-cities', 'lost-civilizations', 'magical-lands', 'magical-objects', 'miniature-worlds', 'mysterious-maps', 'mystical-creatures', 'outer-space', 'pirates', 'riddles', 'robots-and-technology', 'royal-kingdoms', 'school-life', 'seasonal-changes', 'secret-societies', 'shape-shifting', 'sibling-rivalry', 'snowy-adventures', 'space-exploration', 'sports', 'subterranean-worlds', 'superheroes', 'talking-animals', 'the-arts', 'the-sky', 'time-travel', 'treasure-hunts', 'undercover-missions', 'underwater-adventures', 'unusual-vehicles', 'virtual-worlds']
[GPU 0] [02:35:45] [INFO] Finished MaxEnt — Avg KL→U: 6.516, Avg Retain CE: 1.699
[GPU 0] [02:35:45] [INFO] ---- Begin Eval ----
[GPU 0] [02:35:45] [INFO] Data: core | Experts: None
[GPU 0] [02:36:08] [INFO] loss: 1.69389164
[GPU 0] [02:36:08] [INFO] Data: a-deadline-or-time-limit | Experts: None
[GPU 0] [02:36:09] [INFO] loss: 1.81621099
[GPU 0] [02:36:09] [INFO] Data: alien-encounters | Experts: None
[GPU 0] [02:36:09] [INFO] loss: 1.72327304
[GPU 0] [02:36:09] [INFO] Data: bygone-eras | Experts: None
[GPU 0] [02:36:10] [INFO] loss: 1.72135413
[GPU 0] [02:36:10] [INFO] Data: cultural-traditions | Experts: None
[GPU 0] [02:36:10] [INFO] loss: 1.76521385
[GPU 0] [02:36:10] [INFO] Saved unlearned checkpoint: /workspace-vast/ethanr/gradient-routing/experiments/AGI-1699-New-Dataset-Runs/results/stories/seed_1/20260616021801000000/maxent_04/core_bygone-eras/checkpoint.pth
[GPU 0] [02:36:11] [INFO] UNLEARNING - maxent - ADVERSARIAL FT START
[GPU 0] [02:36:11] [INFO] ---- Begin FT | Experts: None | Data: ['a-deadline-or-time-limit'] ----
[GPU 0] [02:36:11] [DEBUG] num_seq: 512, num_rounds: 200, patience: 10
[GPU 0] [02:36:11] [DEBUG] local_x: torch.Size([512, 256]), local_y: torch.Size([512, 256]), num_steps: 4, per_gpu: 512, mbs_size: 128
[GPU 0] [02:36:12] [INFO] New best validation loss: 1.8037 @ step 0
[GPU 0] [02:36:13] [INFO] New best validation loss: 1.7953 @ step 1
[GPU 0] [02:36:14] [INFO] New best validation loss: 1.7885 @ step 2
[GPU 0] [02:36:15] [INFO] New best validation loss: 1.7840 @ step 3
[GPU 0] [02:36:17] [INFO] New best validation loss: 1.7807 @ step 4
[GPU 0] [02:36:17] [INFO] New best validation loss: 1.7787 @ step 5
[GPU 0] [02:36:18] [INFO] New best validation loss: 1.7768 @ step 6
[GPU 0] [02:36:19] [INFO] New best validation loss: 1.7754 @ step 7
[GPU 0] [02:36:19] [INFO] New best validation loss: 1.7750 @ step 8
[GPU 0] [02:36:20] [INFO] New best validation loss: 1.7750 @ step 9
[GPU 0] [02:36:28] [INFO] Stop FT @ 21: no val improvement for 10 steps
[GPU 0] [02:36:28] [INFO] Wrote stats.jsonl entries at FT step 9 
[GPU 0] [02:36:28] [INFO] ---- Begin FT | Experts: None | Data: ['alien-encounters'] ----
[GPU 0] [02:36:28] [DEBUG] num_seq: 512, num_rounds: 200, patience: 10
[GPU 0] [02:36:28] [DEBUG] local_x: torch.Size([512, 256]), local_y: torch.Size([512, 256]), num_steps: 4, per_gpu: 512, mbs_size: 128
[GPU 0] [02:36:29] [INFO] New best validation loss: 1.7019 @ step 0
[GPU 0] [02:36:30] [INFO] New best validation loss: 1.6910 @ step 1
[GPU 0] [02:36:30] [INFO] New best validation loss: 1.6836 @ step 2
[GPU 0] [02:36:31] [INFO] New best validation loss: 1.6778 @ step 3
[GPU 0] [02:36:32] [INFO] New best validation loss: 1.6750 @ step 4
[GPU 0] [02:36:32] [INFO] New best validation loss: 1.6713 @ step 5
[GPU 0] [02:36:33] [INFO] New best validation loss: 1.6688 @ step 6
[GPU 0] [02:36:34] [INFO] New best validation loss: 1.6678 @ step 7
[GPU 0] [02:36:34] [INFO] New best validation loss: 1.6651 @ step 8
[GPU 0] [02:36:35] [INFO] New best validation loss: 1.6639 @ step 9
[GPU 0] [02:36:36] [INFO] New best validation loss: 1.6637 @ step 10
[GPU 0] [02:36:37] [INFO] New best validation loss: 1.6634 @ step 11
[GPU 0] [02:36:37] [INFO] New best validation loss: 1.6634 @ step 12
[GPU 0] [02:36:45] [INFO] Stop FT @ 24: no val improvement for 10 steps
[GPU 0] [02:36:45] [INFO] Wrote stats.jsonl entries at FT step 12 
[GPU 0] [02:36:45] [INFO] ---- Begin FT | Experts: None | Data: ['cultural-traditions'] ----
[GPU 0] [02:36:45] [DEBUG] num_seq: 512, num_rounds: 200, patience: 10
[GPU 0] [02:36:45] [DEBUG] local_x: torch.Size([512, 256]), local_y: torch.Size([512, 256]), num_steps: 4, per_gpu: 512, mbs_size: 128
[GPU 0] [02:36:46] [INFO] New best validation loss: 1.7578 @ step 0
[GPU 0] [02:36:47] [INFO] New best validation loss: 1.7527 @ step 1
[GPU 0] [02:36:47] [INFO] New best validation loss: 1.7502 @ step 2
[GPU 0] [02:36:48] [INFO] New best validation loss: 1.7488 @ step 3
[GPU 0] [02:36:49] [INFO] New best validation loss: 1.7467 @ step 4
[GPU 0] [02:36:49] [INFO] New best validation loss: 1.7461 @ step 5
[GPU 0] [02:36:50] [INFO] New best validation loss: 1.7461 @ step 6
[GPU 0] [02:36:58] [INFO] Stop FT @ 18: no val improvement for 10 steps
[GPU 0] [02:36:58] [INFO] Wrote stats.jsonl entries at FT step 6 
[GPU 0] [02:36:58] [INFO] Stage [maxent] start: {"name": "maxent", "num_checkpoints": -1, "lr": 0.0024190950069816505, "res_dir": "/workspace-vast/ethanr/gradient-routing/experiments/AGI-1699-New-Dataset-Runs/results/stories/seed_1/20260616021801000000/maxent_05", "acc_mode": "heterogeneous", "do_eval": true, "do_sample": false, "num_train_evals": 0, "do_elicit": true, "elicit_eval_prc": 0.5, "elicit_num_evals": 100, "retain_targets": [["core", "cultural-traditions"]], "alpha_retain": 224.83974810649372, "steps": 2000, "early_stop_thresh": 2.0}
[GPU 0] [02:36:58] [INFO] Using stage-level retain_targets override (1 targets)
[GPU 0] [02:36:58] [INFO] UNLEARNING - maxent START
[GPU 0] [02:36:58] [INFO] Unlearning: retaining ['core', 'cultural-traditions'], removing ['a-deadline-or-time-limit', 'alien-encounters', 'bygone-eras']
[GPU 0] [02:36:58] [INFO] ---- Begin MaxEnt | Data Labels: ['a-deadline-or-time-limit', 'alien-encounters', 'bygone-eras'] ----
[GPU 0] [02:36:58] [DEBUG] alpha_retain: 224.83974810649372, lr: 0.0024190950069816505, steps: 2000, early_stop_thresh: 2.0
[GPU 0] [02:36:58] [DEBUG] retain_labels: ['cultural-traditions', 'dinosaurs', 'dream-worlds', 'enchanted-forests', 'fairy-tales', 'fantasy-worlds', 'gardens', 'giant-creatures', 'haunted-places', 'hidden-treasures', 'holidays', 'invisibility', 'island-adventures', 'living-objects', 'lost-cities', 'lost-civilizations', 'magical-lands', 'magical-objects', 'miniature-worlds', 'mysterious-maps', 'mystical-creatures', 'outer-space', 'pirates', 'riddles', 'robots-and-technology', 'royal-kingdoms', 'school-life', 'seasonal-changes', 'secret-societies', 'shape-shifting', 'sibling-rivalry', 'snowy-adventures', 'space-exploration', 'sports', 'subterranean-worlds', 'superheroes', 'talking-animals', 'the-arts', 'the-sky', 'time-travel', 'treasure-hunts', 'undercover-missions', 'underwater-adventures', 'unusual-vehicles', 'virtual-worlds']
[GPU 0] [02:38:07] [INFO] Finished MaxEnt — Avg KL→U: 6.513, Avg Retain CE: 1.710
[GPU 0] [02:38:07] [INFO] ---- Begin Eval ----
[GPU 0] [02:38:07] [INFO] Data: core | Experts: None
[GPU 0] [02:38:30] [INFO] loss: 1.70188117
[GPU 0] [02:38:30] [INFO] Data: a-deadline-or-time-limit | Experts: None
[GPU 0] [02:38:30] [INFO] loss: 1.90761721
[GPU 0] [02:38:30] [INFO] Data: alien-encounters | Experts: None
[GPU 0] [02:38:31] [INFO] loss: 1.73910367
[GPU 0] [02:38:31] [INFO] Data: bygone-eras | Experts: None
[GPU 0] [02:38:31] [INFO] loss: 1.72896636
[GPU 0] [02:38:31] [INFO] Data: cultural-traditions | Experts: None
[GPU 0] [02:38:32] [INFO] loss: 1.77097034
[GPU 0] [02:38:32] [INFO] Saved unlearned checkpoint: /workspace-vast/ethanr/gradient-routing/experiments/AGI-1699-New-Dataset-Runs/results/stories/seed_1/20260616021801000000/maxent_05/core_cultural-traditions/checkpoint.pth
[GPU 0] [02:38:33] [INFO] UNLEARNING - maxent - ADVERSARIAL FT START
[GPU 0] [02:38:33] [INFO] ---- Begin FT | Experts: None | Data: ['a-deadline-or-time-limit'] ----
[GPU 0] [02:38:33] [DEBUG] num_seq: 512, num_rounds: 200, patience: 10
[GPU 0] [02:38:33] [DEBUG] local_x: torch.Size([512, 256]), local_y: torch.Size([512, 256]), num_steps: 4, per_gpu: 512, mbs_size: 128
[GPU 0] [02:38:33] [INFO] New best validation loss: 1.8561 @ step 0
[GPU 0] [02:38:34] [INFO] New best validation loss: 1.8285 @ step 1
[GPU 0] [02:38:35] [INFO] New best validation loss: 1.8143 @ step 2
[GPU 0] [02:38:36] [INFO] New best validation loss: 1.8064 @ step 3
[GPU 0] [02:38:36] [INFO] New best validation loss: 1.8021 @ step 4
[GPU 0] [02:38:37] [INFO] New best validation loss: 1.7971 @ step 5
[GPU 0] [02:38:38] [INFO] New best validation loss: 1.7945 @ step 6
[GPU 0] [02:38:38] [INFO] New best validation loss: 1.7906 @ step 7
[GPU 0] [02:38:39] [INFO] New best validation loss: 1.7881 @ step 8
[GPU 0] [02:38:40] [INFO] New best validation loss: 1.7865 @ step 9
[GPU 0] [02:38:41] [INFO] New best validation loss: 1.7854 @ step 10
[GPU 0] [02:38:42] [INFO] New best validation loss: 1.7834 @ step 11
[GPU 0] [02:38:42] [INFO] New best validation loss: 1.7822 @ step 12
[GPU 0] [02:38:43] [INFO] New best validation loss: 1.7818 @ step 13
[GPU 0] [02:38:44] [INFO] New best validation loss: 1.7818 @ step 14
[GPU 0] [02:38:52] [INFO] Stop FT @ 26: no val improvement for 10 steps
[GPU 0] [02:38:52] [INFO] Wrote stats.jsonl entries at FT step 14 
[GPU 0] [02:38:52] [INFO] ---- Begin FT | Experts: None | Data: ['alien-encounters'] ----
[GPU 0] [02:38:52] [DEBUG] num_seq: 512, num_rounds: 200, patience: 10
[GPU 0] [02:38:52] [DEBUG] local_x: torch.Size([512, 256]), local_y: torch.Size([512, 256]), num_steps: 4, per_gpu: 512, mbs_size: 128
[GPU 0] [02:38:52] [INFO] New best validation loss: 1.7124 @ step 0
[GPU 0] [02:38:53] [INFO] New best validation loss: 1.6984 @ step 1
[GPU 0] [02:38:54] [INFO] New best validation loss: 1.6894 @ step 2
[GPU 0] [02:38:55] [INFO] New best validation loss: 1.6846 @ step 3
[GPU 0] [02:38:55] [INFO] New best validation loss: 1.6791 @ step 4
[GPU 0] [02:38:56] [INFO] New best validation loss: 1.6774 @ step 5
[GPU 0] [02:38:57] [INFO] New best validation loss: 1.6735 @ step 6
[GPU 0] [02:38:57] [INFO] New best validation loss: 1.6711 @ step 7
[GPU 0] [02:38:58] [INFO] New best validation loss: 1.6702 @ step 8
[GPU 0] [02:38:59] [INFO] New best validation loss: 1.6690 @ step 9
[GPU 0] [02:38:59] [INFO] New best validation loss: 1.6676 @ step 10
[GPU 0] [02:39:00] [INFO] New best validation loss: 1.6674 @ step 11
[GPU 0] [02:39:01] [INFO] New best validation loss: 1.6671 @ step 12
[GPU 0] [02:39:01] [INFO] New best validation loss: 1.6671 @ step 13
[GPU 0] [02:39:09] [INFO] Stop FT @ 25: no val improvement for 10 steps
[GPU 0] [02:39:09] [INFO] Wrote stats.jsonl entries at FT step 13 
[GPU 0] [02:39:09] [INFO] ---- Begin FT | Experts: None | Data: ['bygone-eras'] ----
[GPU 0] [02:39:09] [DEBUG] num_seq: 512, num_rounds: 200, patience: 10
[GPU 0] [02:39:09] [DEBUG] local_x: torch.Size([512, 256]), local_y: torch.Size([512, 256]), num_steps: 4, per_gpu: 512, mbs_size: 128
[GPU 0] [02:39:10] [INFO] New best validation loss: 1.7224 @ step 0
[GPU 0] [02:39:11] [INFO] New best validation loss: 1.7202 @ step 1
[GPU 0] [02:39:11] [INFO] New best validation loss: 1.7175 @ step 2
[GPU 0] [02:39:12] [INFO] New best validation loss: 1.7165 @ step 3
[GPU 0] [02:39:13] [INFO] New best validation loss: 1.7165 @ step 4
[GPU 0] [02:39:13] [INFO] New best validation loss: 1.7163 @ step 5
[GPU 0] [02:39:21] [INFO] Stop FT @ 17: no val improvement for 10 steps
[GPU 0] [02:39:21] [INFO] Wrote stats.jsonl entries at FT step 5 
[GPU 0] [02:39:21] [INFO] ----------------------------------------
[GPU 0] [02:39:21] [INFO] Finished. See /workspace-vast/ethanr/gradient-routing/experiments/AGI-1699-New-Dataset-Runs/results/stories/seed_1/20260616021801000000
