[GPU 0] [06:35:05] [INFO] Number of GPUs: 8
[GPU 0] [06:35:06] [INFO] Tokenizer vocabulary: 50257
[GPU 0] [06:35:06] [INFO] Set model vocab size to nearest multiple of 64 of tokenizer size: 50304
[GPU 0] [06:35:07] [INFO] target effective batch size: 64, actual effective batch size: 64, micro batch size: 8, accumulation steps: 1, num gpus: 8
[GPU 0] [06:35:07] [INFO] core total number of tokens: 66749057569
[GPU 0] [06:35:07] [INFO] Baseline model has 103,201,984 parameters
[GPU 0] [06:35:07] [INFO] core: chinchilla optimal tokens: 2,064,039,680, requested proportion: 1.0000, requested number of tokens: 2,064,039,680.0, 
[GPU 0] [06:35:07] [INFO] aux total number of tokens: 4835776549
[GPU 0] [06:35:07] [INFO] Baseline model has 103,201,984 parameters
[GPU 0] [06:35:07] [INFO] aux: chinchilla optimal tokens: 2,064,039,680, requested proportion: 0.0100, requested number of tokens: 20,640,396.8, 
[GPU 0] [06:35:07] [DEBUG] Saved config to /workspace/gradient-routing/experiments/AGI-1699-New-Dataset-Runs/results/optimize/base/realistic/100M/seed_1/20260421063457077832/config.json
[GPU 0] [06:35:07] [DEBUG] {
    "stages": [
        {
            "name": "baseline",
            "num_checkpoints": -1,
            "lr": 0.0016,
            "res_dir": "/workspace/gradient-routing/experiments/AGI-1699-New-Dataset-Runs/results/optimize/base/realistic/100M/seed_1/20260421063457077832/baseline",
            "do_eval": true,
            "do_sample": false,
            "num_train_evals": 0,
            "do_elicit": false,
            "elicit_eval_prc": 0.5,
            "elicit_num_evals": 100
        }
    ],
    "model": {
        "arch": "base",
        "tokenizer": "GPT2Tokenizer(name_or_path='EleutherAI/gpt-neo-125M', vocab_size=50257, model_max_length=2048, padding_side='right', truncation_side='right', special_tokens={'bos_token': '<|endoftext|>', 'eos_token': '<|endoftext|>', 'unk_token': '<|endoftext|>'}, added_tokens_decoder={\n\t50256: AddedToken(\"<|endoftext|>\", rstrip=False, lstrip=False, single_word=False, normalized=True, special=True),\n}\n)",
        "ctx_len": 1024,
        "vocab_size": 50304,
        "num_layers": 9,
        "num_heads": 8,
        "num_key_value": 2,
        "attn_bias": true,
        "eos_token_id": 50256,
        "embed_dim": 640,
        "mlp_dim": 2560
    },
    "data": {
        "dirs": [
            "/workspace/gradient-routing/experiments/AGI-1699-New-Dataset-Runs/src/data/fineweb",
            "/workspace/gradient-routing/experiments/AGI-1699-New-Dataset-Runs/src/data/code",
            "/workspace/gradient-routing/experiments/AGI-1699-New-Dataset-Runs/src/data/papers"
        ],
        "core": {
            "labels": [
                "fineweb",
                "code-other",
                "papers-other"
            ],
            "method": "optimal",
            "limit": 1.0,
            "dist": {
                "fineweb": 0.84,
                "code-other": 0.15,
                "papers-other": 0.01
            },
            "num_tok": 2064039680.0
        },
        "aux": {
            "labels": [
                "code-lisp",
                "papers-biology",
                "papers-nuclear",
                "papers-cyber"
            ],
            "method": "optimal",
            "limit": 0.01,
            "dist": {
                "code-lisp": 0.25,
                "papers-biology": 0.25,
                "papers-nuclear": 0.25,
                "papers-cyber": 0.25
            },
            "num_tok": 20640396.8
        }
    },
    "run": {
        "target_effective_batch_size": 64,
        "effective_batch_size": 64,
        "micro_batch_size": 8,
        "accumulation_steps": 1,
        "max_num_test_sequences": 10000,
        "eval_all_labels": false,
        "micro_batch_anchors": [
            [
                400000000.0,
                23
            ],
            [
                5000000000.0,
                2
            ]
        ],
        "epochs": 1,
        "adam_betas": [
            0.9,
            0.95
        ],
        "warmup_prc": 0.02,
        "decay_prc": 0.1,
        "seed": 1,
        "compile": true,
        "is_ddp": true,
        "optimize_routed": true,
        "cleanup_distributed": false,
        "log_level": "DEBUG",
        "num_gpus": 8,
        "process_id": 0,
        "num_base_params": 103201984,
        "device": "cuda",
        "logger": "<Logger training_20260421063457077832 (DEBUG)>",
        "labels": [
            "core",
            "code-lisp",
            "papers-biology",
            "papers-cyber",
            "papers-nuclear"
        ],
        "loaders": {
            "code-lisp": {
                "train": "SingleDataLoader(code-lisp_train_001.bin, len=78)",
                "test": "SingleDataLoader(code-lisp_test_001.bin, len=78)"
            },
            "code-other": {
                "train": "SingleDataLoader(code-other_train_010.bin, len=4724)",
                "test": "SingleDataLoader(code-other_test_010.bin, len=157)"
            },
            "fineweb": {
                "train": "InterleavedDataLoader(len=26455)",
                "test": "InterleavedDataLoader(len=157)"
            },
            "papers-biology": {
                "train": "SingleDataLoader(papers-biology_train.bin, len=78)",
                "test": "SingleDataLoader(papers-biology_test.bin, len=78)"
            },
            "papers-cyber": {
                "train": "SingleDataLoader(papers-cyber_train.bin, len=78)",
                "test": "SingleDataLoader(papers-cyber_test.bin, len=78)"
            },
            "papers-nuclear": {
                "train": "SingleDataLoader(papers-nuclear_train.bin, len=78)",
                "test": "SingleDataLoader(papers-nuclear_test.bin, len=78)"
            },
            "papers-other": {
                "train": "SingleDataLoader(papers-other_train.bin, len=314)",
                "test": "SingleDataLoader(papers-other_test.bin, len=157)"
            },
            "core": {
                "train": "InterleavedDataLoader(len=31493)",
                "test": "InterleavedDataLoader(len=471)"
            },
            "aux": {
                "train": "InterleavedDataLoader(len=312)",
                "test": "InterleavedDataLoader(len=312)"
            },
            "all": {
                "train": "InterleavedDataLoader(len=31805)",
                "test": "InterleavedDataLoader(len=783)"
            }
        },
        "res_root": "/workspace/gradient-routing/experiments/AGI-1699-New-Dataset-Runs/results/optimize/base/realistic/100M/seed_1",
        "experiment_id": "20260421063457077832",
        "s3_bucket": "ae-gradient-routing-results",
        "s3_prefix": "optimize/base/realistic/100M/seed_1"
    }
}
[GPU 0] [06:35:07] [INFO] Loader code-lisp train: 78, test: 78
[GPU 0] [06:35:07] [INFO] Loader code-other train: 4724, test: 157
[GPU 0] [06:35:07] [INFO] Loader fineweb train: 26455, test: 157
[GPU 0] [06:35:07] [INFO] Loader papers-biology train: 78, test: 78
[GPU 0] [06:35:07] [INFO] Loader papers-cyber train: 78, test: 78
[GPU 0] [06:35:07] [INFO] Loader papers-nuclear train: 78, test: 78
[GPU 0] [06:35:07] [INFO] Loader papers-other train: 314, test: 157
[GPU 0] [06:35:07] [INFO] Loader core train: 31493, test: 471
[GPU 0] [06:35:07] [INFO] Loader aux train: 312, test: 312
[GPU 0] [06:35:07] [INFO] Loader all train: 31805, test: 783
[GPU 0] [06:35:07] [INFO] Stage [baseline] start: {"name": "baseline", "num_checkpoints": -1, "lr": 0.0016, "res_dir": "/workspace/gradient-routing/experiments/AGI-1699-New-Dataset-Runs/results/optimize/base/realistic/100M/seed_1/20260421063457077832/baseline", "do_eval": true, "do_sample": false, "num_train_evals": 0, "do_elicit": false, "elicit_eval_prc": 0.5, "elicit_num_evals": 100}
[GPU 0] [06:35:07] [INFO] BASELINE START
[GPU 0] [06:35:08] [INFO] Initialized BaseTransformer with 103,201,984 total parameters
[GPU 0] [06:35:08] [INFO] Compiling BaseTransformer with torch.compile...
[GPU 0] [06:35:08] [INFO] torch.compile done
[GPU 0] [06:35:08] [WARNING] restore_partial_state: no checkpoint found at /workspace/gradient-routing/experiments/AGI-1699-New-Dataset-Runs/results/optimize/base/realistic/100M/seed_1/20260421063457077832/baseline
[GPU 0] [06:35:08] [INFO] ---- Begin Train | Data Labels: ['all'] ----
[GPU 0] [06:35:08] [INFO] warmup_steps: 636
[GPU 0] [06:35:08] [INFO] constant_steps: 27989
[GPU 0] [06:35:08] [INFO] decay_steps: 3180
[GPU 0] [06:35:08] [INFO] LR Scheduler: Warmup Start
[GPU 0] [06:35:49] [INFO] Step: 1, LR: 2.53e-06
[GPU 0] [06:35:49] [INFO] Train Loss: CORE: 11.00 CODE-LISP: nan PAPERS-BIOLOGY: nan PAPERS-CYBER: nan PAPERS-NUCLEAR: nan 
[GPU 0] [06:36:08] [INFO] LR Scheduler: Constant Start
[GPU 0] [06:36:18] [INFO] Step: 1000, LR: 1.60e-03
[GPU 0] [06:36:18] [INFO] Train Loss: CORE: 3.67 CODE-LISP: 5.59 PAPERS-BIOLOGY: 5.45 PAPERS-CYBER: 5.88 PAPERS-NUCLEAR: 5.79 
[GPU 0] [06:36:47] [INFO] Step: 2000, LR: 1.60e-03
[GPU 0] [06:36:47] [INFO] Train Loss: CORE: 4.23 CODE-LISP: 3.11 PAPERS-BIOLOGY: 4.70 PAPERS-CYBER: 4.82 PAPERS-NUCLEAR: 5.22 
[GPU 0] [06:37:16] [INFO] Step: 3000, LR: 1.60e-03
[GPU 0] [06:37:16] [INFO] Train Loss: CORE: 3.70 CODE-LISP: 2.68 PAPERS-BIOLOGY: 4.46 PAPERS-CYBER: 4.55 PAPERS-NUCLEAR: 5.05 
[GPU 0] [06:37:44] [INFO] Step: 4000, LR: 1.60e-03
[GPU 0] [06:37:44] [INFO] Train Loss: CORE: 3.95 CODE-LISP: 2.23 PAPERS-BIOLOGY: 4.30 PAPERS-CYBER: 4.42 PAPERS-NUCLEAR: 4.67 
[GPU 0] [06:38:13] [INFO] Step: 5000, LR: 1.60e-03
[GPU 0] [06:38:13] [INFO] Train Loss: CORE: 2.97 CODE-LISP: 2.20 PAPERS-BIOLOGY: 3.82 PAPERS-CYBER: 4.37 PAPERS-NUCLEAR: 4.42 
[GPU 0] [06:38:42] [INFO] Step: 6000, LR: 1.60e-03
[GPU 0] [06:38:42] [INFO] Train Loss: CORE: 2.37 CODE-LISP: 2.07 PAPERS-BIOLOGY: 3.74 PAPERS-CYBER: 3.93 PAPERS-NUCLEAR: 4.27 
[GPU 0] [06:39:11] [INFO] Step: 7000, LR: 1.60e-03
[GPU 0] [06:39:11] [INFO] Train Loss: CORE: 2.40 CODE-LISP: 2.07 PAPERS-BIOLOGY: 3.74 PAPERS-CYBER: 3.78 PAPERS-NUCLEAR: 4.26 
[GPU 0] [06:39:39] [INFO] Step: 8000, LR: 1.60e-03
[GPU 0] [06:39:39] [INFO] Train Loss: CORE: 3.24 CODE-LISP: 2.03 PAPERS-BIOLOGY: 3.70 PAPERS-CYBER: 3.76 PAPERS-NUCLEAR: 4.12 
[GPU 0] [06:40:08] [INFO] Step: 9000, LR: 1.60e-03
[GPU 0] [06:40:08] [INFO] Train Loss: CORE: 2.90 CODE-LISP: 1.91 PAPERS-BIOLOGY: 3.70 PAPERS-CYBER: 3.76 PAPERS-NUCLEAR: 3.96 
[GPU 0] [06:40:37] [INFO] Step: 10000, LR: 1.60e-03
[GPU 0] [06:40:37] [INFO] Train Loss: CORE: 2.90 CODE-LISP: 1.75 PAPERS-BIOLOGY: 3.67 PAPERS-CYBER: 3.77 PAPERS-NUCLEAR: 3.83 
[GPU 0] [06:41:06] [INFO] Step: 11000, LR: 1.60e-03
[GPU 0] [06:41:06] [INFO] Train Loss: CORE: 3.38 CODE-LISP: 1.75 PAPERS-BIOLOGY: 3.53 PAPERS-CYBER: 3.73 PAPERS-NUCLEAR: 3.76 
[GPU 0] [06:41:34] [INFO] Step: 12000, LR: 1.60e-03
[GPU 0] [06:41:34] [INFO] Train Loss: CORE: 3.33 CODE-LISP: 1.73 PAPERS-BIOLOGY: 3.43 PAPERS-CYBER: 3.73 PAPERS-NUCLEAR: 3.75 
[GPU 0] [06:42:03] [INFO] Step: 13000, LR: 1.60e-03
[GPU 0] [06:42:03] [INFO] Train Loss: CORE: 3.44 CODE-LISP: 1.81 PAPERS-BIOLOGY: 3.44 PAPERS-CYBER: 3.69 PAPERS-NUCLEAR: 3.79 
[GPU 0] [06:42:32] [INFO] Step: 14000, LR: 1.60e-03
[GPU 0] [06:42:32] [INFO] Train Loss: CORE: 3.09 CODE-LISP: 1.71 PAPERS-BIOLOGY: 3.36 PAPERS-CYBER: 3.70 PAPERS-NUCLEAR: 3.85 
[GPU 0] [06:43:01] [INFO] Step: 15000, LR: 1.60e-03
[GPU 0] [06:43:01] [INFO] Train Loss: CORE: 3.05 CODE-LISP: 1.70 PAPERS-BIOLOGY: 3.34 PAPERS-CYBER: 3.64 PAPERS-NUCLEAR: 3.86 
[GPU 0] [06:43:29] [INFO] Step: 16000, LR: 1.60e-03
[GPU 0] [06:43:29] [INFO] Train Loss: CORE: 3.46 CODE-LISP: 1.58 PAPERS-BIOLOGY: 3.39 PAPERS-CYBER: 3.60 PAPERS-NUCLEAR: 3.87 
[GPU 0] [06:43:58] [INFO] Step: 17000, LR: 1.60e-03
[GPU 0] [06:43:58] [INFO] Train Loss: CORE: 3.53 CODE-LISP: 1.58 PAPERS-BIOLOGY: 3.35 PAPERS-CYBER: 3.64 PAPERS-NUCLEAR: 3.75 
[GPU 0] [06:44:27] [INFO] Step: 18000, LR: 1.60e-03
[GPU 0] [06:44:27] [INFO] Train Loss: CORE: 3.07 CODE-LISP: 1.66 PAPERS-BIOLOGY: 3.32 PAPERS-CYBER: 3.63 PAPERS-NUCLEAR: 3.64 
[GPU 0] [06:44:56] [INFO] Step: 19000, LR: 1.60e-03
[GPU 0] [06:44:56] [INFO] Train Loss: CORE: 3.27 CODE-LISP: 1.66 PAPERS-BIOLOGY: 3.28 PAPERS-CYBER: 3.64 PAPERS-NUCLEAR: 3.64 
[GPU 0] [06:45:24] [INFO] Step: 20000, LR: 1.60e-03
[GPU 0] [06:45:24] [INFO] Train Loss: CORE: 3.30 CODE-LISP: 1.74 PAPERS-BIOLOGY: 3.39 PAPERS-CYBER: 3.63 PAPERS-NUCLEAR: 3.66 
[GPU 0] [06:45:53] [INFO] Step: 21000, LR: 1.60e-03
[GPU 0] [06:45:53] [INFO] Train Loss: CORE: 2.53 CODE-LISP: 1.66 PAPERS-BIOLOGY: 3.42 PAPERS-CYBER: 3.61 PAPERS-NUCLEAR: 3.68 
[GPU 0] [06:46:22] [INFO] Step: 22000, LR: 1.60e-03
[GPU 0] [06:46:22] [INFO] Train Loss: CORE: 3.00 CODE-LISP: 1.58 PAPERS-BIOLOGY: 3.29 PAPERS-CYBER: 3.59 PAPERS-NUCLEAR: 3.73 
[GPU 0] [06:46:51] [INFO] Step: 23000, LR: 1.60e-03
[GPU 0] [06:46:51] [INFO] Train Loss: CORE: 3.53 CODE-LISP: 1.52 PAPERS-BIOLOGY: 3.25 PAPERS-CYBER: 3.56 PAPERS-NUCLEAR: 3.70 
[GPU 0] [06:47:19] [INFO] Step: 24000, LR: 1.60e-03
[GPU 0] [06:47:19] [INFO] Train Loss: CORE: 2.98 CODE-LISP: 1.36 PAPERS-BIOLOGY: 3.29 PAPERS-CYBER: 3.55 PAPERS-NUCLEAR: 3.73 
[GPU 0] [06:47:48] [INFO] Step: 25000, LR: 1.60e-03
[GPU 0] [06:47:48] [INFO] Train Loss: CORE: 3.46 CODE-LISP: 1.39 PAPERS-BIOLOGY: 3.22 PAPERS-CYBER: 3.55 PAPERS-NUCLEAR: 3.65 
[GPU 0] [06:48:17] [INFO] Step: 26000, LR: 1.60e-03
[GPU 0] [06:48:17] [INFO] Train Loss: CORE: 3.29 CODE-LISP: 1.36 PAPERS-BIOLOGY: 3.22 PAPERS-CYBER: 3.55 PAPERS-NUCLEAR: 3.65 
[GPU 0] [06:48:46] [INFO] Step: 27000, LR: 1.60e-03
[GPU 0] [06:48:46] [INFO] Train Loss: CORE: 3.23 CODE-LISP: 1.30 PAPERS-BIOLOGY: 3.22 PAPERS-CYBER: 3.56 PAPERS-NUCLEAR: 3.69 
[GPU 0] [06:49:14] [INFO] Step: 28000, LR: 1.60e-03
[GPU 0] [06:49:14] [INFO] Train Loss: CORE: 3.29 CODE-LISP: 1.25 PAPERS-BIOLOGY: 3.22 PAPERS-CYBER: 3.58 PAPERS-NUCLEAR: 3.69 
[GPU 0] [06:49:32] [INFO] LR Scheduler: Decay Start
[GPU 0] [06:49:43] [INFO] Step: 29000, LR: 1.41e-03
[GPU 0] [06:49:43] [INFO] Train Loss: CORE: 3.57 CODE-LISP: 1.26 PAPERS-BIOLOGY: 3.22 PAPERS-CYBER: 3.59 PAPERS-NUCLEAR: 3.69 
[GPU 0] [06:50:12] [INFO] Step: 30000, LR: 9.08e-04
[GPU 0] [06:50:12] [INFO] Train Loss: CORE: 3.23 CODE-LISP: 1.26 PAPERS-BIOLOGY: 3.21 PAPERS-CYBER: 3.56 PAPERS-NUCLEAR: 3.70 
[GPU 0] [06:50:41] [INFO] Step: 31000, LR: 4.05e-04
[GPU 0] [06:50:41] [INFO] Train Loss: CORE: 2.90 CODE-LISP: 1.30 PAPERS-BIOLOGY: 3.17 PAPERS-CYBER: 3.55 PAPERS-NUCLEAR: 3.70 
[GPU 0] [06:51:04] [INFO] Step: 31805, LR: 1.00e-08
[GPU 0] [06:51:04] [INFO] Train Loss: CORE: 3.38 CODE-LISP: 1.29 PAPERS-BIOLOGY: 3.15 PAPERS-CYBER: 3.55 PAPERS-NUCLEAR: 3.68 
[GPU 0] [06:51:05] [INFO] ---- Begin Eval ----
[GPU 0] [06:51:05] [INFO] Data: core | Experts: None
[GPU 0] [06:51:26] [INFO] loss: 2.43594265
[GPU 0] [06:51:26] [INFO] Data: code-lisp | Experts: None
[GPU 0] [06:51:27] [INFO] loss: 1.30286586
[GPU 0] [06:51:27] [INFO] Data: papers-biology | Experts: None
[GPU 0] [06:51:28] [INFO] loss: 3.10484266
[GPU 0] [06:51:28] [INFO] Data: papers-nuclear | Experts: None
[GPU 0] [06:51:28] [INFO] loss: 3.41791868
[GPU 0] [06:51:28] [INFO] Data: papers-cyber | Experts: None
[GPU 0] [06:51:29] [INFO] loss: 3.36746287
[GPU 0] [06:51:31] [INFO] ----------------------------------------
[GPU 0] [06:51:31] [INFO] Finished. See /workspace/gradient-routing/experiments/AGI-1699-New-Dataset-Runs/results/optimize/base/realistic/100M/seed_1/20260421063457077832
