[GPU 0] [02:19:07] [INFO] Git branch: AGI-1696-New-Dataset-Runs_ethan, commit: dd5294e282007801f9a473adb80ef8b8ac122461
[GPU 0] [02:19:07] [INFO] Number of GPUs: 8
[GPU 0] [02:19:08] [INFO] Tokenizer vocabulary: 50257
[GPU 0] [02:19:08] [INFO] Set model vocab size to nearest multiple of 64 of tokenizer size: 50304
[GPU 0] [02:19:19] [INFO] target effective batch size: 641, actual effective batch size: 672, micro batch size: 12, accumulation steps: 7, num gpus: 8
[GPU 0] [02:19:19] [INFO] core total number of tokens: 66749057569
[GPU 0] [02:19:19] [INFO] Baseline model has 806,509,504 parameters
[GPU 0] [02:19:19] [INFO] core: chinchilla optimal tokens: 16,130,190,080, requested proportion: 1.0000, requested number of tokens: 16,130,190,080.0, 
[GPU 0] [02:19:19] [INFO] aux total number of tokens: 4835776549
[GPU 0] [02:19:19] [INFO] Baseline model has 806,509,504 parameters
[GPU 0] [02:19:19] [INFO] aux: chinchilla optimal tokens: 16,130,190,080, requested proportion: 0.0100, requested number of tokens: 161,301,900.8, 
[GPU 0] [02:19:20] [DEBUG] Saved config to /workspace-vast/ethanr/gradient-routing/experiments/AGI-1699-New-Dataset-Runs/results/scaling/realistic/filtering/800M/seed_2/20260517021904378904/config.json
[GPU 0] [02:19:20] [DEBUG] {
    "stages": [
        {
            "name": "filtering",
            "num_checkpoints": -1,
            "lr": 0.0005663534909876918,
            "res_dir": "/workspace-vast/ethanr/gradient-routing/experiments/AGI-1699-New-Dataset-Runs/results/scaling/realistic/filtering/800M/seed_2/20260517021904378904/filtering",
            "acc_mode": "uniform",
            "do_eval": true,
            "do_sample": false,
            "num_train_evals": 0,
            "do_elicit": true,
            "elicit_eval_prc": 0.5,
            "elicit_num_evals": 100,
            "retain_targets": [
                [
                    "core",
                    "code-lisp"
                ]
            ],
            "label_prc": 1.0
        }
    ],
    "model": {
        "arch": "base",
        "tokenizer": "GPT2Tokenizer(name_or_path='EleutherAI/gpt-neo-125M', vocab_size=50257, model_max_length=2048, padding_side='right', truncation_side='right', special_tokens={'bos_token': '<|endoftext|>', 'eos_token': '<|endoftext|>', 'unk_token': '<|endoftext|>'}, added_tokens_decoder={\n\t50256: AddedToken(\"<|endoftext|>\", rstrip=False, lstrip=False, single_word=False, normalized=True, special=True),\n}\n)",
        "ctx_len": 1024,
        "vocab_size": 50304,
        "num_layers": 24,
        "num_heads": 8,
        "num_key_value": 2,
        "attn_bias": true,
        "eos_token_id": 50256,
        "embed_dim": 1600,
        "mlp_dim": 6400
    },
    "data": {
        "dirs": [
            "/workspace-vast/ethanr/gradient-routing/experiments/AGI-1699-New-Dataset-Runs/src/data/fineweb",
            "/workspace-vast/ethanr/gradient-routing/experiments/AGI-1699-New-Dataset-Runs/src/data/code",
            "/workspace-vast/ethanr/gradient-routing/experiments/AGI-1699-New-Dataset-Runs/src/data/papers"
        ],
        "core": {
            "labels": [
                "fineweb",
                "code-other",
                "papers-other"
            ],
            "method": "optimal",
            "limit": 1.0,
            "dist": {
                "fineweb": 0.84,
                "code-other": 0.15,
                "papers-other": 0.01
            },
            "num_tok": 16130190080.0
        },
        "aux": {
            "labels": [
                "code-lisp",
                "papers-biology",
                "papers-nuclear",
                "papers-cyber"
            ],
            "method": "optimal",
            "limit": 0.01,
            "dist": {
                "code-lisp": 0.25,
                "papers-biology": 0.25,
                "papers-nuclear": 0.25,
                "papers-cyber": 0.25
            },
            "num_tok": 161301900.8
        }
    },
    "run": {
        "target_effective_batch_size": 641,
        "effective_batch_size": 672,
        "micro_batch_size": 12,
        "accumulation_steps": 7,
        "max_num_test_sequences": 10000,
        "eval_all_labels": false,
        "micro_batch_anchors": [
            [
                400000000.0,
                23
            ],
            [
                5000000000.0,
                2
            ]
        ],
        "epochs": 1,
        "adam_betas": [
            0.9,
            0.95
        ],
        "warmup_prc": 0.02,
        "decay_prc": 0.1,
        "seed": 2,
        "compile": true,
        "is_ddp": true,
        "cleanup_distributed": false,
        "log_level": "DEBUG",
        "num_gpus": 8,
        "process_id": 0,
        "num_base_params": 806509504,
        "device": "cuda",
        "logger": "<Logger training_20260517021904378904 (DEBUG)>",
        "labels": [
            "core",
            "code-lisp",
            "papers-biology",
            "papers-cyber",
            "papers-nuclear"
        ],
        "loaders": {
            "code-lisp": {
                "train": "SingleDataLoader(code-lisp_train_001.bin, len=410)",
                "test": "InterleavedDataLoader(len=105)"
            },
            "code-other": {
                "train": "InterleavedDataLoader(len=24612)",
                "test": "InterleavedDataLoader(len=105)"
            },
            "fineweb": {
                "train": "InterleavedDataLoader(len=137831)",
                "test": "InterleavedDataLoader(len=105)"
            },
            "papers-biology": {
                "train": "SingleDataLoader(papers-biology_train.bin, len=410)",
                "test": "SingleDataLoader(papers-biology_test.bin, len=105)"
            },
            "papers-cyber": {
                "train": "SingleDataLoader(papers-cyber_train.bin, len=410)",
                "test": "SingleDataLoader(papers-cyber_test.bin, len=105)"
            },
            "papers-nuclear": {
                "train": "SingleDataLoader(papers-nuclear_train.bin, len=410)",
                "test": "SingleDataLoader(papers-nuclear_test.bin, len=105)"
            },
            "papers-other": {
                "train": "SingleDataLoader(papers-other_train.bin, len=1640)",
                "test": "SingleDataLoader(papers-other_test.bin, len=105)"
            },
            "core": {
                "train": "InterleavedDataLoader(len=164083)",
                "test": "InterleavedDataLoader(len=315)"
            },
            "aux": {
                "train": "InterleavedDataLoader(len=1640)",
                "test": "InterleavedDataLoader(len=420)"
            },
            "all": {
                "train": "InterleavedDataLoader(len=165723)",
                "test": "InterleavedDataLoader(len=735)"
            }
        },
        "res_root": "/workspace-vast/ethanr/gradient-routing/experiments/AGI-1699-New-Dataset-Runs/results/scaling/realistic/filtering/800M/seed_2",
        "experiment_id": "20260517021904378904",
        "s3_bucket": "ae-gradient-routing-results",
        "s3_prefix": "scaling/realistic/filtering/800M/seed_2"
    },
    "label_prc": 1.0
}
[GPU 0] [02:19:20] [INFO] Loader code-lisp train: 410, test: 105
[GPU 0] [02:19:20] [INFO] Loader code-other train: 24612, test: 105
[GPU 0] [02:19:20] [INFO] Loader fineweb train: 137831, test: 105
[GPU 0] [02:19:20] [INFO] Loader papers-biology train: 410, test: 105
[GPU 0] [02:19:20] [INFO] Loader papers-cyber train: 410, test: 105
[GPU 0] [02:19:20] [INFO] Loader papers-nuclear train: 410, test: 105
[GPU 0] [02:19:20] [INFO] Loader papers-other train: 1640, test: 105
[GPU 0] [02:19:20] [INFO] Loader core train: 164083, test: 315
[GPU 0] [02:19:20] [INFO] Loader aux train: 1640, test: 420
[GPU 0] [02:19:20] [INFO] Loader all train: 165723, test: 735
[GPU 0] [02:19:20] [INFO] Stage [filtering] start: {"name": "filtering", "num_checkpoints": -1, "lr": 0.0005663534909876918, "res_dir": "/workspace-vast/ethanr/gradient-routing/experiments/AGI-1699-New-Dataset-Runs/results/scaling/realistic/filtering/800M/seed_2/20260517021904378904/filtering", "acc_mode": "uniform", "do_eval": true, "do_sample": false, "num_train_evals": 0, "do_elicit": true, "elicit_eval_prc": 0.5, "elicit_num_evals": 100, "retain_targets": [["core", "code-lisp"]], "label_prc": 1.0}
[GPU 0] [02:19:20] [INFO] FILTERING START
[GPU 0] [02:19:20] [INFO] Using stage-level retain_targets override (1 targets)
[GPU 0] [02:19:20] [INFO] Filtering: retaining ['core', 'code-lisp'], removing ['papers-biology', 'papers-cyber', 'papers-nuclear']
[GPU 0] [02:19:33] [INFO] Initialized BaseTransformer with 806,509,504 total parameters
[GPU 0] [02:19:33] [INFO] Compiling BaseTransformer with torch.compile...
[GPU 0] [02:19:33] [INFO] torch.compile done
[GPU 0] [02:19:41] [WARNING] restore_partial_state: no checkpoint found at /workspace-vast/ethanr/gradient-routing/experiments/AGI-1699-New-Dataset-Runs/results/scaling/realistic/filtering/800M/seed_2/20260517021904378904/filtering/core_code-lisp
[GPU 0] [02:19:41] [INFO] ---- Begin Train | Train Labels: ['core', 'code-lisp'] ----
[GPU 0] [02:19:41] [DEBUG] acc_mode: uniform, label_prc: 1.0
[GPU 0] [02:19:41] [INFO] Batch [code-lisp] count: 406
[GPU 0] [02:19:41] [INFO] Batch [core] count: 164080
[GPU 0] [02:19:41] [INFO] warmup_steps: 470
[GPU 0] [02:19:41] [INFO] constant_steps: 20678
[GPU 0] [02:19:41] [INFO] decay_steps: 2350
[GPU 0] [02:19:41] [INFO] LR Scheduler: Warmup Start
[GPU 0] [02:20:19] [INFO] Step: 1, LR: 1.21e-06
[GPU 0] [02:20:19] [INFO] Train Loss: CORE: 11.08 CODE-LISP: nan PAPERS-BIOLOGY: nan PAPERS-CYBER: nan PAPERS-NUCLEAR: nan 
[GPU 0] [02:34:59] [INFO] LR Scheduler: Constant Start
[GPU 0] [02:51:37] [INFO] Step: 1000, LR: 5.66e-04
[GPU 0] [02:51:37] [INFO] Train Loss: CORE: 2.91 CODE-LISP: 2.09 PAPERS-BIOLOGY: nan PAPERS-CYBER: nan PAPERS-NUCLEAR: nan 
[GPU 0] [03:22:48] [INFO] Step: 2000, LR: 5.66e-04
[GPU 0] [03:22:48] [INFO] Train Loss: CORE: 3.25 CODE-LISP: 1.92 PAPERS-BIOLOGY: nan PAPERS-CYBER: nan PAPERS-NUCLEAR: nan 
[GPU 0] [03:54:05] [INFO] Step: 3000, LR: 5.66e-04
[GPU 0] [03:54:05] [INFO] Train Loss: CORE: 2.44 CODE-LISP: 1.81 PAPERS-BIOLOGY: nan PAPERS-CYBER: nan PAPERS-NUCLEAR: nan 
[GPU 0] [04:25:21] [INFO] Step: 4000, LR: 5.66e-04
[GPU 0] [04:25:21] [INFO] Train Loss: CORE: 2.61 CODE-LISP: 1.55 PAPERS-BIOLOGY: nan PAPERS-CYBER: nan PAPERS-NUCLEAR: nan 
[GPU 0] [04:56:37] [INFO] Step: 5000, LR: 5.66e-04
[GPU 0] [04:56:37] [INFO] Train Loss: CORE: 2.78 CODE-LISP: 1.68 PAPERS-BIOLOGY: nan PAPERS-CYBER: nan PAPERS-NUCLEAR: nan 
[GPU 0] [05:27:49] [INFO] Step: 6000, LR: 5.66e-04
[GPU 0] [05:27:49] [INFO] Train Loss: CORE: 2.32 CODE-LISP: 1.40 PAPERS-BIOLOGY: nan PAPERS-CYBER: nan PAPERS-NUCLEAR: nan 
[GPU 0] [05:59:04] [INFO] Step: 7000, LR: 5.66e-04
[GPU 0] [05:59:04] [INFO] Train Loss: CORE: 2.89 CODE-LISP: 1.19 PAPERS-BIOLOGY: nan PAPERS-CYBER: nan PAPERS-NUCLEAR: nan 
[GPU 0] [06:30:20] [INFO] Step: 8000, LR: 5.66e-04
[GPU 0] [06:30:20] [INFO] Train Loss: CORE: 2.64 CODE-LISP: 1.27 PAPERS-BIOLOGY: nan PAPERS-CYBER: nan PAPERS-NUCLEAR: nan 
[GPU 0] [07:01:35] [INFO] Step: 9000, LR: 5.66e-04
[GPU 0] [07:01:35] [INFO] Train Loss: CORE: 2.47 CODE-LISP: 1.43 PAPERS-BIOLOGY: nan PAPERS-CYBER: nan PAPERS-NUCLEAR: nan 
[GPU 0] [07:32:51] [INFO] Step: 10000, LR: 5.66e-04
[GPU 0] [07:32:51] [INFO] Train Loss: CORE: 2.65 CODE-LISP: 1.22 PAPERS-BIOLOGY: nan PAPERS-CYBER: nan PAPERS-NUCLEAR: nan 
[GPU 0] [08:04:01] [INFO] Step: 11000, LR: 5.66e-04
[GPU 0] [08:04:01] [INFO] Train Loss: CORE: 2.60 CODE-LISP: 1.20 PAPERS-BIOLOGY: nan PAPERS-CYBER: nan PAPERS-NUCLEAR: nan 
[GPU 0] [08:35:16] [INFO] Step: 12000, LR: 5.66e-04
[GPU 0] [08:35:16] [INFO] Train Loss: CORE: 2.46 CODE-LISP: 1.34 PAPERS-BIOLOGY: nan PAPERS-CYBER: nan PAPERS-NUCLEAR: nan 
[GPU 0] [09:06:32] [INFO] Step: 13000, LR: 5.66e-04
[GPU 0] [09:06:32] [INFO] Train Loss: CORE: 2.40 CODE-LISP: 1.13 PAPERS-BIOLOGY: nan PAPERS-CYBER: nan PAPERS-NUCLEAR: nan 
[GPU 0] [09:37:47] [INFO] Step: 14000, LR: 5.66e-04
[GPU 0] [09:37:47] [INFO] Train Loss: CORE: 2.37 CODE-LISP: 1.21 PAPERS-BIOLOGY: nan PAPERS-CYBER: nan PAPERS-NUCLEAR: nan 
[GPU 0] [10:09:02] [INFO] Step: 15000, LR: 5.66e-04
[GPU 0] [10:09:02] [INFO] Train Loss: CORE: 1.96 CODE-LISP: 1.34 PAPERS-BIOLOGY: nan PAPERS-CYBER: nan PAPERS-NUCLEAR: nan 
[GPU 0] [10:40:13] [INFO] Step: 16000, LR: 5.66e-04
[GPU 0] [10:40:13] [INFO] Train Loss: CORE: 2.07 CODE-LISP: 1.09 PAPERS-BIOLOGY: nan PAPERS-CYBER: nan PAPERS-NUCLEAR: nan 
[GPU 0] [11:11:28] [INFO] Step: 17000, LR: 5.66e-04
[GPU 0] [11:11:28] [INFO] Train Loss: CORE: 2.32 CODE-LISP: 1.37 PAPERS-BIOLOGY: nan PAPERS-CYBER: nan PAPERS-NUCLEAR: nan 
[GPU 0] [11:42:43] [INFO] Step: 18000, LR: 5.66e-04
[GPU 0] [11:42:43] [INFO] Train Loss: CORE: 2.16 CODE-LISP: 1.18 PAPERS-BIOLOGY: nan PAPERS-CYBER: nan PAPERS-NUCLEAR: nan 
[GPU 0] [12:13:59] [INFO] Step: 19000, LR: 5.66e-04
[GPU 0] [12:13:59] [INFO] Train Loss: CORE: 2.37 CODE-LISP: 1.18 PAPERS-BIOLOGY: nan PAPERS-CYBER: nan PAPERS-NUCLEAR: nan 
[GPU 0] [12:45:14] [INFO] Step: 20000, LR: 5.66e-04
[GPU 0] [12:45:14] [INFO] Train Loss: CORE: 2.75 CODE-LISP: 0.91 PAPERS-BIOLOGY: nan PAPERS-CYBER: nan PAPERS-NUCLEAR: nan 
[GPU 0] [13:16:27] [INFO] Step: 21000, LR: 5.66e-04
[GPU 0] [13:16:27] [INFO] Train Loss: CORE: 2.35 CODE-LISP: 1.12 PAPERS-BIOLOGY: nan PAPERS-CYBER: nan PAPERS-NUCLEAR: nan 
[GPU 0] [13:21:06] [INFO] LR Scheduler: Decay Start
[GPU 0] [13:47:39] [INFO] Step: 22000, LR: 3.61e-04
[GPU 0] [13:47:39] [INFO] Train Loss: CORE: 2.73 CODE-LISP: 1.12 PAPERS-BIOLOGY: nan PAPERS-CYBER: nan PAPERS-NUCLEAR: nan 
[GPU 0] [14:18:54] [INFO] Step: 23000, LR: 1.20e-04
[GPU 0] [14:18:54] [INFO] Train Loss: CORE: 2.28 CODE-LISP: 1.04 PAPERS-BIOLOGY: nan PAPERS-CYBER: nan PAPERS-NUCLEAR: nan 
[GPU 0] [14:34:30] [INFO] Step: 23498, LR: 1.00e-08
[GPU 0] [14:34:30] [INFO] Train Loss: CORE: 2.66 CODE-LISP: 0.95 PAPERS-BIOLOGY: nan PAPERS-CYBER: nan PAPERS-NUCLEAR: nan 
[GPU 0] [14:34:49] [INFO] ---- Begin Eval ----
[GPU 0] [14:34:49] [INFO] Data: core | Experts: None
[GPU 0] [14:35:57] [INFO] loss: 1.88178706
[GPU 0] [14:35:57] [INFO] Data: code-lisp | Experts: None
[GPU 0] [14:36:03] [INFO] loss: 0.95825434
[GPU 0] [14:36:03] [INFO] Data: papers-biology | Experts: None
[GPU 0] [14:36:09] [INFO] loss: 2.47155881
[GPU 0] [14:36:09] [INFO] Data: papers-nuclear | Experts: None
[GPU 0] [14:36:15] [INFO] loss: 2.84921885
[GPU 0] [14:36:15] [INFO] Data: papers-cyber | Experts: None
[GPU 0] [14:36:22] [INFO] loss: 2.71594119
[GPU 0] [14:36:38] [INFO] Initialized BaseTransformer with 806,509,504 total parameters
[GPU 0] [14:36:38] [INFO] Compiling BaseTransformer with torch.compile...
[GPU 0] [14:36:38] [INFO] torch.compile done
[GPU 0] [14:36:54] [INFO] FILTERING - ADVERSARIAL FT START
[GPU 0] [14:37:04] [INFO] ---- Begin FT | Experts: None | Data: ['papers-biology'] ----
[GPU 0] [14:37:04] [DEBUG] num_seq: 512, num_rounds: 200, patience: 10
[GPU 0] [14:37:05] [DEBUG] local_x: torch.Size([64, 1024]), local_y: torch.Size([64, 1024]), num_steps: 6, per_gpu: 64, mbs_size: 12
[GPU 0] [14:37:48] [INFO] New best validation loss: 2.5753 @ step 0
[GPU 0] [14:38:03] [INFO] New best validation loss: 2.4838 @ step 1
[GPU 0] [14:38:17] [INFO] New best validation loss: 2.4825 @ step 2
[GPU 0] [14:39:04] [INFO] New best validation loss: 2.4808 @ step 5
[GPU 0] [14:39:20] [INFO] New best validation loss: 2.4796 @ step 6
[GPU 0] [14:42:28] [INFO] Stop FT @ 18: no val improvement for 10 steps
[GPU 0] [14:42:28] [INFO] Wrote stats.jsonl entries at FT step 6 
[GPU 0] [14:42:44] [INFO] ---- Begin FT | Experts: None | Data: ['papers-cyber'] ----
[GPU 0] [14:42:44] [DEBUG] num_seq: 512, num_rounds: 200, patience: 10
[GPU 0] [14:42:44] [DEBUG] local_x: torch.Size([64, 1024]), local_y: torch.Size([64, 1024]), num_steps: 6, per_gpu: 64, mbs_size: 12
[GPU 0] [14:42:59] [INFO] New best validation loss: 2.8055 @ step 0
[GPU 0] [14:43:13] [INFO] New best validation loss: 2.7280 @ step 1
[GPU 0] [14:46:19] [INFO] Stop FT @ 13: no val improvement for 10 steps
[GPU 0] [14:46:19] [INFO] Wrote stats.jsonl entries at FT step 1 
[GPU 0] [14:46:34] [INFO] ---- Begin FT | Experts: None | Data: ['papers-nuclear'] ----
[GPU 0] [14:46:34] [DEBUG] num_seq: 512, num_rounds: 200, patience: 10
[GPU 0] [14:46:34] [DEBUG] local_x: torch.Size([64, 1024]), local_y: torch.Size([64, 1024]), num_steps: 6, per_gpu: 64, mbs_size: 12
[GPU 0] [14:46:48] [INFO] New best validation loss: 2.9865 @ step 0
[GPU 0] [14:47:02] [INFO] New best validation loss: 2.8581 @ step 1
[GPU 0] [14:47:16] [INFO] New best validation loss: 2.8408 @ step 2
[GPU 0] [14:50:23] [INFO] Stop FT @ 14: no val improvement for 10 steps
[GPU 0] [14:50:23] [INFO] Wrote stats.jsonl entries at FT step 2 
[GPU 0] [14:50:26] [INFO] ----------------------------------------
[GPU 0] [14:50:26] [INFO] Finished. See /workspace-vast/ethanr/gradient-routing/experiments/AGI-1699-New-Dataset-Runs/results/scaling/realistic/filtering/800M/seed_2/20260517021904378904
