[GPU 0] [05:09:30] [INFO] Number of GPUs: 8
[GPU 0] [05:09:35] [INFO] Tokenizer vocabulary: 50257
[GPU 0] [05:09:35] [INFO] Set model vocab size to nearest multiple of 64 of tokenizer size: 50304
[GPU 0] [05:09:36] [INFO] target effective batch size: 70, actual effective batch size: 72, micro batch size: 9, accumulation steps: 1, num gpus: 8
[GPU 0] [05:09:36] [INFO] core total number of tokens: 66749057569
[GPU 0] [05:09:36] [INFO] Baseline model has 47,995,776 parameters
[GPU 0] [05:09:36] [INFO] core: chinchilla optimal tokens: 959,915,520, requested proportion: 1.0000, requested number of tokens: 959,915,520.0, 
[GPU 0] [05:09:36] [INFO] aux total number of tokens: 4835776549
[GPU 0] [05:09:36] [INFO] Baseline model has 47,995,776 parameters
[GPU 0] [05:09:36] [INFO] aux: chinchilla optimal tokens: 959,915,520, requested proportion: 0.0100, requested number of tokens: 9,599,155.200000001, 
[GPU 0] [05:09:36] [DEBUG] Saved config to /workspace/gradient-routing/experiments/AGI-1699-New-Dataset-Runs/results/scaling/realistic/lora/50M/seed_1/20260422050919142319/config.json
[GPU 0] [05:09:36] [DEBUG] {
    "stages": [
        {
            "name": "routed",
            "num_checkpoints": -1,
            "lr": 0.0013294663255016177,
            "res_dir": "/workspace/gradient-routing/experiments/AGI-1699-New-Dataset-Runs/results/scaling/realistic/lora/50M/seed_1/20260422050919142319/routed",
            "do_eval": true,
            "do_sample": false,
            "num_train_evals": 0,
            "do_elicit": true,
            "elicit_eval_prc": 0.5,
            "elicit_num_evals": 100,
            "model": {
                "arch": "lora",
                "tokenizer": "GPT2Tokenizer(name_or_path='EleutherAI/gpt-neo-125M', vocab_size=50257, model_max_length=2048, padding_side='right', truncation_side='right', special_tokens={'bos_token': '<|endoftext|>', 'eos_token': '<|endoftext|>', 'unk_token': '<|endoftext|>'}, added_tokens_decoder={\n\t50256: AddedToken(\"<|endoftext|>\", rstrip=False, lstrip=False, single_word=False, normalized=True, special=True),\n}\n)",
                "ctx_len": 1024,
                "vocab_size": 50304,
                "num_layers": 6,
                "num_heads": 8,
                "num_key_value": 2,
                "attn_bias": true,
                "eos_token_id": 50256,
                "embed_dim": 384,
                "mlp_dim": 1536,
                "core_param_prc": 1.0,
                "aux_param_prc": 0.1
            },
            "eval_arbsub": false,
            "aux_factor": {
                "code-lisp": 2.0,
                "papers-biology": 1.0,
                "papers-nuclear": 1.0,
                "papers-cyber": 1.0
            },
            "core_aux_ratio": 1.0,
            "equal_compute": true
        }
    ],
    "model": {
        "arch": "base",
        "tokenizer": "GPT2Tokenizer(name_or_path='EleutherAI/gpt-neo-125M', vocab_size=50257, model_max_length=2048, padding_side='right', truncation_side='right', special_tokens={'bos_token': '<|endoftext|>', 'eos_token': '<|endoftext|>', 'unk_token': '<|endoftext|>'}, added_tokens_decoder={\n\t50256: AddedToken(\"<|endoftext|>\", rstrip=False, lstrip=False, single_word=False, normalized=True, special=True),\n}\n)",
        "ctx_len": 1024,
        "vocab_size": 50304,
        "num_layers": 6,
        "num_heads": 8,
        "num_key_value": 2,
        "attn_bias": true,
        "eos_token_id": 50256,
        "embed_dim": 384,
        "mlp_dim": 1536
    },
    "data": {
        "dirs": [
            "/workspace/gradient-routing/experiments/AGI-1699-New-Dataset-Runs/src/data/fineweb",
            "/workspace/gradient-routing/experiments/AGI-1699-New-Dataset-Runs/src/data/code",
            "/workspace/gradient-routing/experiments/AGI-1699-New-Dataset-Runs/src/data/papers"
        ],
        "core": {
            "labels": [
                "fineweb",
                "code-other",
                "papers-other"
            ],
            "method": "optimal",
            "limit": 1.0,
            "dist": {
                "fineweb": 0.84,
                "code-other": 0.15,
                "papers-other": 0.01
            },
            "num_tok": 959915520.0
        },
        "aux": {
            "labels": [
                "code-lisp",
                "papers-biology",
                "papers-nuclear",
                "papers-cyber"
            ],
            "method": "optimal",
            "limit": 0.01,
            "dist": {
                "code-lisp": 0.25,
                "papers-biology": 0.25,
                "papers-nuclear": 0.25,
                "papers-cyber": 0.25
            },
            "num_tok": 9599155.200000001
        }
    },
    "run": {
        "target_effective_batch_size": 70,
        "effective_batch_size": 72,
        "micro_batch_size": 9,
        "accumulation_steps": 1,
        "max_num_test_sequences": 10000,
        "eval_all_labels": false,
        "micro_batch_anchors": [
            [
                400000000.0,
                23
            ],
            [
                5000000000.0,
                2
            ]
        ],
        "epochs": 1,
        "adam_betas": [
            0.9,
            0.95
        ],
        "warmup_prc": 0.02,
        "decay_prc": 0.1,
        "seed": 1,
        "compile": true,
        "is_ddp": true,
        "optimize_routed": true,
        "cleanup_distributed": false,
        "log_level": "DEBUG",
        "num_gpus": 8,
        "process_id": 0,
        "num_base_params": 47995776,
        "device": "cuda",
        "logger": "<Logger training_20260422050919142319 (DEBUG)>",
        "labels": [
            "core",
            "code-lisp",
            "papers-biology",
            "papers-cyber",
            "papers-nuclear"
        ],
        "loaders": {
            "code-lisp": {
                "train": "SingleDataLoader(code-lisp_train_001.bin, len=32)",
                "test": "SingleDataLoader(code-lisp_test_001.bin, len=32)"
            },
            "code-other": {
                "train": "SingleDataLoader(code-other_train_010.bin, len=1952)",
                "test": "SingleDataLoader(code-other_test_010.bin, len=139)"
            },
            "fineweb": {
                "train": "InterleavedDataLoader(len=10936)",
                "test": "InterleavedDataLoader(len=139)"
            },
            "papers-biology": {
                "train": "SingleDataLoader(papers-biology_train.bin, len=32)",
                "test": "SingleDataLoader(papers-biology_test.bin, len=32)"
            },
            "papers-cyber": {
                "train": "SingleDataLoader(papers-cyber_train.bin, len=32)",
                "test": "SingleDataLoader(papers-cyber_test.bin, len=32)"
            },
            "papers-nuclear": {
                "train": "SingleDataLoader(papers-nuclear_train.bin, len=32)",
                "test": "SingleDataLoader(papers-nuclear_test.bin, len=32)"
            },
            "papers-other": {
                "train": "SingleDataLoader(papers-other_train.bin, len=130)",
                "test": "SingleDataLoader(papers-other_test.bin, len=130)"
            },
            "core": {
                "train": "InterleavedDataLoader(len=13018)",
                "test": "InterleavedDataLoader(len=408)"
            },
            "aux": {
                "train": "InterleavedDataLoader(len=128)",
                "test": "InterleavedDataLoader(len=128)"
            },
            "all": {
                "train": "InterleavedDataLoader(len=13146)",
                "test": "InterleavedDataLoader(len=536)"
            }
        },
        "res_root": "/workspace/gradient-routing/experiments/AGI-1699-New-Dataset-Runs/results/scaling/realistic/lora/50M/seed_1",
        "experiment_id": "20260422050919142319",
        "s3_bucket": "ae-gradient-routing-results",
        "s3_prefix": "scaling/realistic/lora/50M/seed_1"
    }
}
[GPU 0] [05:09:36] [INFO] Loader code-lisp train: 32, test: 32
[GPU 0] [05:09:36] [INFO] Loader code-other train: 1952, test: 139
[GPU 0] [05:09:36] [INFO] Loader fineweb train: 10936, test: 139
[GPU 0] [05:09:36] [INFO] Loader papers-biology train: 32, test: 32
[GPU 0] [05:09:36] [INFO] Loader papers-cyber train: 32, test: 32
[GPU 0] [05:09:36] [INFO] Loader papers-nuclear train: 32, test: 32
[GPU 0] [05:09:36] [INFO] Loader papers-other train: 130, test: 130
[GPU 0] [05:09:36] [INFO] Loader core train: 13018, test: 408
[GPU 0] [05:09:36] [INFO] Loader aux train: 128, test: 128
[GPU 0] [05:09:36] [INFO] Loader all train: 13146, test: 536
[GPU 0] [05:09:36] [INFO] Stage [routed] start: {"name": "routed", "num_checkpoints": -1, "lr": 0.0013294663255016177, "res_dir": "/workspace/gradient-routing/experiments/AGI-1699-New-Dataset-Runs/results/scaling/realistic/lora/50M/seed_1/20260422050919142319/routed", "do_eval": true, "do_sample": false, "num_train_evals": 0, "do_elicit": true, "elicit_eval_prc": 0.5, "elicit_num_evals": 100, "model": {"arch": "lora", "tokenizer": "GPT2Tokenizer(name_or_path='EleutherAI/gpt-neo-125M', vocab_size=50257, model_max_length=2048, padding_side='right', truncation_side='right', special_tokens={'bos_token': '<|endoftext|>', 'eos_token': '<|endoftext|>', 'unk_token': '<|endoftext|>'}, added_tokens_decoder={\n\t50256: AddedToken(\"<|endoftext|>\", rstrip=False, lstrip=False, single_word=False, normalized=True, special=True),\n}\n)", "ctx_len": 1024, "vocab_size": 50304, "num_layers": 6, "num_heads": 8, "num_key_value": 2, "attn_bias": true, "eos_token_id": 50256, "embed_dim": 384, "mlp_dim": 1536, "core_param_prc": 1.0, "aux_param_prc": 0.1}, "eval_arbsub": false, "aux_factor": {"code-lisp": 2.0, "papers-biology": 1.0, "papers-nuclear": 1.0, "papers-cyber": 1.0}, "core_aux_ratio": 1.0, "equal_compute": true}
[GPU 0] [05:09:36] [INFO] ROUTED START
[GPU 0] [05:09:36] [INFO] Initialized LoRATransformer with 50,391,936 total parameters
[GPU 0] [05:09:36] [INFO]   Label 'core' has 7,089,408 parameters
[GPU 0] [05:09:36] [INFO]   Label 'code-lisp' has 599,040 parameters
[GPU 0] [05:09:36] [INFO]   Label 'papers-biology' has 599,040 parameters
[GPU 0] [05:09:36] [INFO]   Label 'papers-cyber' has 599,040 parameters
[GPU 0] [05:09:36] [INFO]   Label 'papers-nuclear' has 599,040 parameters
[GPU 0] [05:09:36] [INFO]   Label 'SHARED' has 40,906,368 parameters
[GPU 0] [05:09:36] [INFO] Compiling LoRATransformer with torch.compile...
[GPU 0] [05:09:38] [INFO] torch.compile done
[GPU 0] [05:09:38] [WARNING] restore_partial_state: no checkpoint found at /workspace/gradient-routing/experiments/AGI-1699-New-Dataset-Runs/results/scaling/realistic/lora/50M/seed_1/20260422050919142319/routed
[GPU 0] [05:09:38] [INFO] ---- Begin Routed Ordered ----
[GPU 0] [05:09:38] [INFO] compute-equal: initial len_base: 12826 & len_ft: 320
[GPU 0] [05:09:38] [INFO] compute-equal: flop_diff < 0, (-191692800.0 < 0), must truncate training
[GPU 0] [05:09:38] [INFO] compute-equal: len_base: -2 -> 12824, len_ft: -2 -> 318
[GPU 0] [05:09:38] [WARNING] utilized_aux > len_all_aux, (159 > 128), must resample aux
[GPU 0] [05:09:38] [INFO] 
len_all: 13146, len_all_aux: 128, len_all_core: 13018,
len_base: 12824, len_ft: 318,
len_core_for_ft: 159, len_aux_for_ft: 159,
aux_factor: {'code-lisp': 2.0, 'papers-biology': 1.0, 'papers-nuclear': 1.0, 'papers-cyber': 1.0}, core_aux_ratio: 1.0,
equal_compute: True
[GPU 0] [05:09:38] [INFO] Batch [('core', ('core',), ('core', 'SHARED'))] count: 12824
[GPU 0] [05:09:38] [INFO] Batch [('code-lisp', ('core', 'code-lisp'), ('code-lisp',))] count: 64
[GPU 0] [05:09:38] [INFO] Batch [('core', ('core', 'code-lisp'), ('code-lisp',))] count: 64
[GPU 0] [05:09:38] [INFO] Batch [('core', ('core', 'papers-biology'), ('papers-biology',))] count: 32
[GPU 0] [05:09:38] [INFO] Batch [('papers-biology', ('core', 'papers-biology'), ('papers-biology',))] count: 32
[GPU 0] [05:09:38] [INFO] Batch [('core', ('core', 'papers-nuclear'), ('papers-nuclear',))] count: 32
[GPU 0] [05:09:38] [INFO] Batch [('papers-nuclear', ('core', 'papers-nuclear'), ('papers-nuclear',))] count: 32
[GPU 0] [05:09:38] [INFO] Batch [('core', ('core', 'papers-cyber'), ('papers-cyber',))] count: 32
[GPU 0] [05:09:38] [INFO] Batch [('papers-cyber', ('core', 'papers-cyber'), ('papers-cyber',))] count: 32
[GPU 0] [05:09:38] [WARNING] len_batches != expected, (13144 != 13142), -2 length difference
[GPU 0] [05:09:38] [INFO] ---- Begin Routed ----
[GPU 0] [05:09:38] [INFO] LR schedule group 0: steps [0, 12824), warmup=256, constant=11286, decay=1282
[GPU 0] [05:09:38] [INFO] LR schedule group 1: steps [12824, 12952), warmup=3, constant=112, decay=13
[GPU 0] [05:09:38] [INFO] LR schedule group 2: steps [12952, 13016), warmup=1, constant=57, decay=6
[GPU 0] [05:09:38] [INFO] LR schedule group 3: steps [13016, 13080), warmup=1, constant=57, decay=6
[GPU 0] [05:09:38] [INFO] LR schedule group 4: steps [13080, 13144), warmup=1, constant=57, decay=6
[GPU 0] [05:09:38] [INFO] LR Scheduler: Group warmup (step 0)
[GPU 0] [05:09:38] [INFO] CUDA memory before training loop:
[GPU 0] [05:09:38] [INFO] |===========================================================================|
[GPU 0] [05:09:38] [INFO] |                  PyTorch CUDA memory summary, device ID 0                 |
[GPU 0] [05:09:38] [INFO] |---------------------------------------------------------------------------|
[GPU 0] [05:09:38] [INFO] |            CUDA OOMs: 0            |        cudaMalloc retries: 0         |
[GPU 0] [05:09:38] [INFO] |===========================================================================|
[GPU 0] [05:09:38] [INFO] |        Metric         | Cur Usage  | Peak Usage | Tot Alloc  | Tot Freed  |
[GPU 0] [05:09:38] [INFO] |---------------------------------------------------------------------------|
[GPU 0] [05:09:38] [INFO] | Allocated memory      | 233718 KiB | 270581 KiB | 369054 KiB | 135336 KiB |
[GPU 0] [05:09:38] [INFO] |       from large pool | 224566 KiB | 261430 KiB | 359852 KiB | 135286 KiB |
[GPU 0] [05:09:38] [INFO] |       from small pool |   9152 KiB |   9178 KiB |   9202 KiB |     50 KiB |
[GPU 0] [05:09:38] [INFO] |---------------------------------------------------------------------------|
[GPU 0] [05:09:38] [INFO] | Active memory         | 233718 KiB | 270581 KiB | 369054 KiB | 135336 KiB |
[GPU 0] [05:09:38] [INFO] |       from large pool | 224566 KiB | 261430 KiB | 359852 KiB | 135286 KiB |
[GPU 0] [05:09:38] [INFO] |       from small pool |   9152 KiB |   9178 KiB |   9202 KiB |     50 KiB |
[GPU 0] [05:09:38] [INFO] |---------------------------------------------------------------------------|
[GPU 0] [05:09:38] [INFO] | Requested memory      | 233708 KiB | 270571 KiB | 369024 KiB | 135316 KiB |
[GPU 0] [05:09:38] [INFO] |       from large pool | 224565 KiB | 261429 KiB | 359851 KiB | 135285 KiB |
[GPU 0] [05:09:38] [INFO] |       from small pool |   9142 KiB |   9167 KiB |   9173 KiB |     30 KiB |
[GPU 0] [05:09:38] [INFO] |---------------------------------------------------------------------------|
[GPU 0] [05:09:38] [INFO] | GPU reserved memory   | 276480 KiB | 276480 KiB | 276480 KiB |      0 B   |
[GPU 0] [05:09:38] [INFO] |       from large pool | 266240 KiB | 266240 KiB | 266240 KiB |      0 B   |
[GPU 0] [05:09:38] [INFO] |       from small pool |  10240 KiB |  10240 KiB |  10240 KiB |      0 B   |
[GPU 0] [05:09:38] [INFO] |---------------------------------------------------------------------------|
[GPU 0] [05:09:38] [INFO] | Non-releasable memory |      0 B   |      0 B   |      0 B   |      0 B   |
[GPU 0] [05:09:38] [INFO] |       from large pool |      0 B   |      0 B   |      0 B   |      0 B   |
[GPU 0] [05:09:38] [INFO] |       from small pool |      0 B   |      0 B   |      0 B   |      0 B   |
[GPU 0] [05:09:38] [INFO] |---------------------------------------------------------------------------|
[GPU 0] [05:09:38] [INFO] | Allocations           |     187    |     195    |     230    |      43    |
[GPU 0] [05:09:38] [INFO] |       from large pool |      27    |      27    |      28    |       1    |
[GPU 0] [05:09:38] [INFO] |       from small pool |     160    |     169    |     202    |      42    |
[GPU 0] [05:09:38] [INFO] |---------------------------------------------------------------------------|
[GPU 0] [05:09:38] [INFO] | Active allocs         |     187    |     195    |     230    |      43    |
[GPU 0] [05:09:38] [INFO] |       from large pool |      27    |      27    |      28    |       1    |
[GPU 0] [05:09:38] [INFO] |       from small pool |     160    |     169    |     202    |      42    |
[GPU 0] [05:09:38] [INFO] |---------------------------------------------------------------------------|
[GPU 0] [05:09:38] [INFO] | GPU reserved segments |       0    |       0    |       0    |       0    |
[GPU 0] [05:09:38] [INFO] |       from large pool |       0    |       0    |       0    |       0    |
[GPU 0] [05:09:38] [INFO] |       from small pool |       0    |       0    |       0    |       0    |
[GPU 0] [05:09:38] [INFO] |---------------------------------------------------------------------------|
[GPU 0] [05:09:38] [INFO] | Non-releasable allocs |       0    |       0    |       0    |       0    |
[GPU 0] [05:09:38] [INFO] |       from large pool |       0    |       0    |       0    |       0    |
[GPU 0] [05:09:38] [INFO] |       from small pool |       0    |       0    |       0    |       0    |
[GPU 0] [05:09:38] [INFO] |---------------------------------------------------------------------------|
[GPU 0] [05:09:38] [INFO] | Oversize allocations  |       0    |       0    |       0    |       0    |
[GPU 0] [05:09:38] [INFO] |---------------------------------------------------------------------------|
[GPU 0] [05:09:38] [INFO] | Oversize GPU segments |       0    |       0    |       0    |       0    |
[GPU 0] [05:09:38] [INFO] |===========================================================================|
[GPU 0] [05:09:38] [INFO] 
[GPU 0] [05:09:38] [INFO] Batch group start, LR: 1.0000e-08, 12824 batches
[GPU 0] [05:10:01] [INFO] CUDA memory after first training step:
[GPU 0] [05:10:01] [INFO] |===========================================================================|
[GPU 0] [05:10:01] [INFO] |                  PyTorch CUDA memory summary, device ID 0                 |
[GPU 0] [05:10:01] [INFO] |---------------------------------------------------------------------------|
[GPU 0] [05:10:01] [INFO] |            CUDA OOMs: 0            |        cudaMalloc retries: 0         |
[GPU 0] [05:10:01] [INFO] |===========================================================================|
[GPU 0] [05:10:01] [INFO] |        Metric         | Cur Usage  | Peak Usage | Tot Alloc  | Tot Freed  |
[GPU 0] [05:10:01] [INFO] |---------------------------------------------------------------------------|
[GPU 0] [05:10:01] [INFO] | Allocated memory      |   1360 MiB |   5475 MiB | 126005 MiB | 124644 MiB |
[GPU 0] [05:10:01] [INFO] |       from large pool |   1341 MiB |   5465 MiB | 125979 MiB | 124637 MiB |
[GPU 0] [05:10:01] [INFO] |       from small pool |     18 MiB |     18 MiB |     26 MiB |      7 MiB |
[GPU 0] [05:10:01] [INFO] |---------------------------------------------------------------------------|
[GPU 0] [05:10:01] [INFO] | Active memory         |   1360 MiB |   5475 MiB | 126005 MiB | 124644 MiB |
[GPU 0] [05:10:01] [INFO] |       from large pool |   1341 MiB |   5465 MiB | 125979 MiB | 124637 MiB |
[GPU 0] [05:10:01] [INFO] |       from small pool |     18 MiB |     18 MiB |     26 MiB |      7 MiB |
[GPU 0] [05:10:01] [INFO] |---------------------------------------------------------------------------|
[GPU 0] [05:10:01] [INFO] | Requested memory      |   1360 MiB |   5475 MiB | 126005 MiB | 124644 MiB |
[GPU 0] [05:10:01] [INFO] |       from large pool |   1341 MiB |   5465 MiB | 125979 MiB | 124637 MiB |
[GPU 0] [05:10:01] [INFO] |       from small pool |     18 MiB |     18 MiB |     26 MiB |      7 MiB |
[GPU 0] [05:10:01] [INFO] |---------------------------------------------------------------------------|
[GPU 0] [05:10:01] [INFO] | GPU reserved memory   |   5500 MiB |   5500 MiB |   5500 MiB |      0 B   |
[GPU 0] [05:10:01] [INFO] |       from large pool |   5480 MiB |   5480 MiB |   5480 MiB |      0 B   |
[GPU 0] [05:10:01] [INFO] |       from small pool |     20 MiB |     20 MiB |     20 MiB |      0 B   |
[GPU 0] [05:10:01] [INFO] |---------------------------------------------------------------------------|
[GPU 0] [05:10:01] [INFO] | Non-releasable memory |      0 B   |      0 B   |      0 B   |      0 B   |
[GPU 0] [05:10:01] [INFO] |       from large pool |      0 B   |      0 B   |      0 B   |      0 B   |
[GPU 0] [05:10:01] [INFO] |       from small pool |      0 B   |      0 B   |      0 B   |      0 B   |
[GPU 0] [05:10:01] [INFO] |---------------------------------------------------------------------------|
[GPU 0] [05:10:01] [INFO] | Allocations           |     423    |     423    |    1419    |     996    |
[GPU 0] [05:10:01] [INFO] |       from large pool |      58    |     102    |     729    |     671    |
[GPU 0] [05:10:01] [INFO] |       from small pool |     365    |     365    |     690    |     325    |
[GPU 0] [05:10:01] [INFO] |---------------------------------------------------------------------------|
[GPU 0] [05:10:01] [INFO] | Active allocs         |     423    |     423    |    1419    |     996    |
[GPU 0] [05:10:01] [INFO] |       from large pool |      58    |     102    |     729    |     671    |
[GPU 0] [05:10:01] [INFO] |       from small pool |     365    |     365    |     690    |     325    |
[GPU 0] [05:10:01] [INFO] |---------------------------------------------------------------------------|
[GPU 0] [05:10:01] [INFO] | GPU reserved segments |       0    |       0    |       0    |       0    |
[GPU 0] [05:10:01] [INFO] |       from large pool |       0    |       0    |       0    |       0    |
[GPU 0] [05:10:01] [INFO] |       from small pool |       0    |       0    |       0    |       0    |
[GPU 0] [05:10:01] [INFO] |---------------------------------------------------------------------------|
[GPU 0] [05:10:01] [INFO] | Non-releasable allocs |       0    |       0    |       0    |       0    |
[GPU 0] [05:10:01] [INFO] |       from large pool |       0    |       0    |       0    |       0    |
[GPU 0] [05:10:01] [INFO] |       from small pool |       0    |       0    |       0    |       0    |
[GPU 0] [05:10:01] [INFO] |---------------------------------------------------------------------------|
[GPU 0] [05:10:01] [INFO] | Oversize allocations  |       0    |       0    |       0    |       0    |
[GPU 0] [05:10:01] [INFO] |---------------------------------------------------------------------------|
[GPU 0] [05:10:01] [INFO] | Oversize GPU segments |       0    |       0    |       0    |       0    |
[GPU 0] [05:10:01] [INFO] |===========================================================================|
[GPU 0] [05:10:01] [INFO] 
[GPU 0] [05:10:01] [INFO] Step: 1, LR: 5.2032e-06
[GPU 0] [05:10:01] [INFO] Train Loss: CORE: 10.94 CODE-LISP: nan PAPERS-BIOLOGY: nan PAPERS-CYBER: nan PAPERS-NUCLEAR: nan 
[GPU 0] [05:10:11] [INFO] LR Scheduler: Group constant (step 256)
[GPU 0] [05:10:37] [INFO] Step: 1000, LR: 1.3295e-03
[GPU 0] [05:10:37] [INFO] Train Loss: CORE: 4.59 CODE-LISP: nan PAPERS-BIOLOGY: nan PAPERS-CYBER: nan PAPERS-NUCLEAR: nan 
[GPU 0] [05:11:12] [INFO] Step: 2000, LR: 1.3295e-03
[GPU 0] [05:11:12] [INFO] Train Loss: CORE: 4.07 CODE-LISP: nan PAPERS-BIOLOGY: nan PAPERS-CYBER: nan PAPERS-NUCLEAR: nan 
[GPU 0] [05:11:47] [INFO] Step: 3000, LR: 1.3295e-03
[GPU 0] [05:11:47] [INFO] Train Loss: CORE: 3.77 CODE-LISP: nan PAPERS-BIOLOGY: nan PAPERS-CYBER: nan PAPERS-NUCLEAR: nan 
[GPU 0] [05:12:23] [INFO] Step: 4000, LR: 1.3295e-03
[GPU 0] [05:12:23] [INFO] Train Loss: CORE: 3.54 CODE-LISP: nan PAPERS-BIOLOGY: nan PAPERS-CYBER: nan PAPERS-NUCLEAR: nan 
[GPU 0] [05:12:59] [INFO] Step: 5000, LR: 1.3295e-03
[GPU 0] [05:12:59] [INFO] Train Loss: CORE: 3.61 CODE-LISP: nan PAPERS-BIOLOGY: nan PAPERS-CYBER: nan PAPERS-NUCLEAR: nan 
[GPU 0] [05:13:34] [INFO] Step: 6000, LR: 1.3295e-03
[GPU 0] [05:13:34] [INFO] Train Loss: CORE: 3.43 CODE-LISP: nan PAPERS-BIOLOGY: nan PAPERS-CYBER: nan PAPERS-NUCLEAR: nan 
[GPU 0] [05:14:10] [INFO] Step: 7000, LR: 1.3295e-03
[GPU 0] [05:14:10] [INFO] Train Loss: CORE: 3.46 CODE-LISP: nan PAPERS-BIOLOGY: nan PAPERS-CYBER: nan PAPERS-NUCLEAR: nan 
[GPU 0] [05:14:45] [INFO] Step: 8000, LR: 1.3295e-03
[GPU 0] [05:14:45] [INFO] Train Loss: CORE: 3.53 CODE-LISP: nan PAPERS-BIOLOGY: nan PAPERS-CYBER: nan PAPERS-NUCLEAR: nan 
[GPU 0] [05:15:21] [INFO] Step: 9000, LR: 1.3295e-03
[GPU 0] [05:15:21] [INFO] Train Loss: CORE: 3.49 CODE-LISP: nan PAPERS-BIOLOGY: nan PAPERS-CYBER: nan PAPERS-NUCLEAR: nan 
[GPU 0] [05:15:56] [INFO] Step: 10000, LR: 1.3295e-03
[GPU 0] [05:15:56] [INFO] Train Loss: CORE: 3.35 CODE-LISP: nan PAPERS-BIOLOGY: nan PAPERS-CYBER: nan PAPERS-NUCLEAR: nan 
[GPU 0] [05:16:32] [INFO] Step: 11000, LR: 1.3295e-03
[GPU 0] [05:16:32] [INFO] Train Loss: CORE: 3.41 CODE-LISP: nan PAPERS-BIOLOGY: nan PAPERS-CYBER: nan PAPERS-NUCLEAR: nan 
[GPU 0] [05:16:51] [INFO] LR Scheduler: Group decay (step 11542)
[GPU 0] [05:17:07] [INFO] Step: 12000, LR: 8.5451e-04
[GPU 0] [05:17:07] [INFO] Train Loss: CORE: 3.41 CODE-LISP: nan PAPERS-BIOLOGY: nan PAPERS-CYBER: nan PAPERS-NUCLEAR: nan 
[GPU 0] [05:17:37] [INFO] LR Scheduler: Group warmup (step 12824)
[GPU 0] [05:17:37] [INFO] Batch group start, LR: 1.0000e-08, 128 batches
[GPU 0] [05:17:39] [INFO] LR Scheduler: Group constant (step 12827)
[GPU 0] [05:17:43] [INFO] LR Scheduler: Group decay (step 12939)
[GPU 0] [05:17:44] [INFO] LR Scheduler: Group warmup (step 12952)
[GPU 0] [05:17:44] [INFO] Batch group start, LR: 1.0000e-08, 64 batches
[GPU 0] [05:17:44] [INFO] LR Scheduler: Group constant (step 12953)
[GPU 0] [05:17:46] [INFO] Step: 13000, LR: 1.3295e-03
[GPU 0] [05:17:46] [INFO] Train Loss: CORE: 3.53 CODE-LISP: 1.51 PAPERS-BIOLOGY: 3.46 PAPERS-CYBER: nan PAPERS-NUCLEAR: nan 
[GPU 0] [05:17:46] [INFO] LR Scheduler: Group decay (step 13010)
[GPU 0] [05:17:46] [INFO] LR Scheduler: Group warmup (step 13016)
[GPU 0] [05:17:46] [INFO] Batch group start, LR: 1.0000e-08, 64 batches
[GPU 0] [05:17:46] [INFO] LR Scheduler: Group constant (step 13017)
[GPU 0] [05:17:48] [INFO] LR Scheduler: Group decay (step 13074)
[GPU 0] [05:17:49] [INFO] LR Scheduler: Group warmup (step 13080)
[GPU 0] [05:17:49] [INFO] Batch group start, LR: 1.0000e-08, 64 batches
[GPU 0] [05:17:49] [INFO] LR Scheduler: Group constant (step 13081)
[GPU 0] [05:17:51] [INFO] LR Scheduler: Group decay (step 13138)
[GPU 0] [05:17:51] [INFO] Step: 13144, LR: 1.0000e-08
[GPU 0] [05:17:51] [INFO] Train Loss: CORE: 3.60 CODE-LISP: 1.51 PAPERS-BIOLOGY: 3.45 PAPERS-CYBER: 3.72 PAPERS-NUCLEAR: 3.73 
[GPU 0] [05:18:01] [INFO] ---- Begin Eval ----
[GPU 0] [05:18:01] [INFO] Data: core | Experts: ['core']
[GPU 0] [05:18:15] [INFO] loss: 2.70086408
[GPU 0] [05:18:15] [INFO] Data: code-lisp | Experts: ['core']
[GPU 0] [05:18:16] [INFO] loss: 1.93154907
[GPU 0] [05:18:16] [INFO] Data: papers-biology | Experts: ['core']
[GPU 0] [05:18:16] [INFO] loss: 3.49542236
[GPU 0] [05:18:16] [INFO] Data: papers-nuclear | Experts: ['core']
[GPU 0] [05:18:16] [INFO] loss: 3.66741943
[GPU 0] [05:18:16] [INFO] Data: papers-cyber | Experts: ['core']
[GPU 0] [05:18:17] [INFO] loss: 3.73754883
[GPU 0] [05:18:17] [INFO] ---- Begin Eval ----
[GPU 0] [05:18:17] [INFO] Data: core | Experts: ['code-lisp', 'core']
[GPU 0] [05:18:22] [INFO] loss: 2.74037695
[GPU 0] [05:18:22] [INFO] Data: code-lisp | Experts: ['code-lisp', 'core']
[GPU 0] [05:18:23] [INFO] loss: 1.55392456
[GPU 0] [05:18:23] [INFO] Data: papers-biology | Experts: ['code-lisp', 'core']
[GPU 0] [05:18:23] [INFO] loss: 3.53161621
[GPU 0] [05:18:23] [INFO] Data: papers-nuclear | Experts: ['code-lisp', 'core']
[GPU 0] [05:18:24] [INFO] loss: 3.70617676
[GPU 0] [05:18:24] [INFO] Data: papers-cyber | Experts: ['code-lisp', 'core']
[GPU 0] [05:18:24] [INFO] loss: 3.77069092
[GPU 0] [05:18:24] [INFO] ---- Begin Eval ----
[GPU 0] [05:18:24] [INFO] Data: core | Experts: ['core', 'papers-biology']
[GPU 0] [05:18:29] [INFO] loss: 2.70501351
[GPU 0] [05:18:29] [INFO] Data: code-lisp | Experts: ['core', 'papers-biology']
[GPU 0] [05:18:30] [INFO] loss: 1.93740845
[GPU 0] [05:18:30] [INFO] Data: papers-biology | Experts: ['core', 'papers-biology']
[GPU 0] [05:18:30] [INFO] loss: 3.43090820
[GPU 0] [05:18:30] [INFO] Data: papers-nuclear | Experts: ['core', 'papers-biology']
[GPU 0] [05:18:30] [INFO] loss: 3.66406250
[GPU 0] [05:18:30] [INFO] Data: papers-cyber | Experts: ['core', 'papers-biology']
[GPU 0] [05:18:31] [INFO] loss: 3.73852539
[GPU 0] [05:18:31] [INFO] ---- Begin Eval ----
[GPU 0] [05:18:31] [INFO] Data: core | Experts: ['core', 'papers-nuclear']
[GPU 0] [05:18:36] [INFO] loss: 2.70655251
[GPU 0] [05:18:36] [INFO] Data: code-lisp | Experts: ['core', 'papers-nuclear']
[GPU 0] [05:18:36] [INFO] loss: 1.93795776
[GPU 0] [05:18:36] [INFO] Data: papers-biology | Experts: ['core', 'papers-nuclear']
[GPU 0] [05:18:37] [INFO] loss: 3.49499512
[GPU 0] [05:18:37] [INFO] Data: papers-nuclear | Experts: ['core', 'papers-nuclear']
[GPU 0] [05:18:37] [INFO] loss: 3.62219238
[GPU 0] [05:18:37] [INFO] Data: papers-cyber | Experts: ['core', 'papers-nuclear']
[GPU 0] [05:18:37] [INFO] loss: 3.73614502
[GPU 0] [05:18:37] [INFO] ---- Begin Eval ----
[GPU 0] [05:18:37] [INFO] Data: core | Experts: ['core', 'papers-cyber']
[GPU 0] [05:18:42] [INFO] loss: 2.69838452
[GPU 0] [05:18:42] [INFO] Data: code-lisp | Experts: ['core', 'papers-cyber']
[GPU 0] [05:18:43] [INFO] loss: 1.93597412
[GPU 0] [05:18:43] [INFO] Data: papers-biology | Experts: ['core', 'papers-cyber']
[GPU 0] [05:18:43] [INFO] loss: 3.49285889
[GPU 0] [05:18:43] [INFO] Data: papers-nuclear | Experts: ['core', 'papers-cyber']
[GPU 0] [05:18:44] [INFO] loss: 3.66223145
[GPU 0] [05:18:44] [INFO] Data: papers-cyber | Experts: ['core', 'papers-cyber']
[GPU 0] [05:18:44] [INFO] loss: 3.69683838
[GPU 0] [05:18:45] [INFO] ROUTED - ADVERSARIAL FT START
[GPU 0] [05:18:45] [INFO] ---- Begin FT | Experts: ['core'] | Data: ['code-lisp'] ----
[GPU 0] [05:18:45] [DEBUG] num_seq: 512, num_rounds: 200, patience: 10
[GPU 0] [05:18:45] [DEBUG] local_x: torch.Size([64, 1024]), local_y: torch.Size([64, 1024]), num_steps: 8, per_gpu: 64, mbs_size: 9
[GPU 0] [05:19:10] [INFO] New best validation loss: 1.8346 @ step 0
[GPU 0] [05:19:11] [INFO] New best validation loss: 1.7669 @ step 1
[GPU 0] [05:19:13] [INFO] New best validation loss: 1.7370 @ step 2
[GPU 0] [05:19:14] [INFO] New best validation loss: 1.7050 @ step 3
[GPU 0] [05:19:16] [INFO] New best validation loss: 1.6740 @ step 4
[GPU 0] [05:19:17] [INFO] New best validation loss: 1.6525 @ step 5
[GPU 0] [05:19:19] [INFO] New best validation loss: 1.6336 @ step 6
[GPU 0] [05:19:20] [INFO] New best validation loss: 1.6162 @ step 7
[GPU 0] [05:19:22] [INFO] New best validation loss: 1.6021 @ step 8
[GPU 0] [05:19:23] [INFO] New best validation loss: 1.5894 @ step 9
[GPU 0] [05:19:25] [INFO] New best validation loss: 1.5766 @ step 10
[GPU 0] [05:19:27] [INFO] New best validation loss: 1.5645 @ step 11
[GPU 0] [05:19:28] [INFO] New best validation loss: 1.5532 @ step 12
[GPU 0] [05:19:30] [INFO] New best validation loss: 1.5435 @ step 13
[GPU 0] [05:19:31] [INFO] New best validation loss: 1.5349 @ step 14
[GPU 0] [05:19:33] [INFO] New best validation loss: 1.5281 @ step 15
[GPU 0] [05:19:35] [INFO] New best validation loss: 1.5216 @ step 16
[GPU 0] [05:19:36] [INFO] New best validation loss: 1.5155 @ step 17
[GPU 0] [05:19:38] [INFO] New best validation loss: 1.5097 @ step 18
[GPU 0] [05:19:39] [INFO] New best validation loss: 1.5035 @ step 19
[GPU 0] [05:19:41] [INFO] New best validation loss: 1.4973 @ step 20
[GPU 0] [05:19:42] [INFO] New best validation loss: 1.4912 @ step 21
[GPU 0] [05:19:44] [INFO] New best validation loss: 1.4859 @ step 22
[GPU 0] [05:19:46] [INFO] New best validation loss: 1.4810 @ step 23
[GPU 0] [05:19:48] [INFO] New best validation loss: 1.4767 @ step 24
[GPU 0] [05:19:49] [INFO] New best validation loss: 1.4736 @ step 25
[GPU 0] [05:19:51] [INFO] New best validation loss: 1.4704 @ step 26
[GPU 0] [05:19:52] [INFO] New best validation loss: 1.4666 @ step 27
[GPU 0] [05:19:54] [INFO] New best validation loss: 1.4629 @ step 28
[GPU 0] [05:19:56] [INFO] New best validation loss: 1.4586 @ step 29
[GPU 0] [05:19:57] [INFO] New best validation loss: 1.4547 @ step 30
[GPU 0] [05:19:59] [INFO] New best validation loss: 1.4516 @ step 31
[GPU 0] [05:20:00] [INFO] New best validation loss: 1.4489 @ step 32
[GPU 0] [05:20:03] [INFO] New best validation loss: 1.4474 @ step 33
[GPU 0] [05:20:05] [INFO] New best validation loss: 1.4454 @ step 34
[GPU 0] [05:20:08] [INFO] New best validation loss: 1.4435 @ step 35
[GPU 0] [05:20:10] [INFO] New best validation loss: 1.4405 @ step 36
[GPU 0] [05:20:12] [INFO] New best validation loss: 1.4375 @ step 37
[GPU 0] [05:20:13] [INFO] New best validation loss: 1.4348 @ step 38
[GPU 0] [05:20:15] [INFO] New best validation loss: 1.4328 @ step 39
[GPU 0] [05:20:17] [INFO] New best validation loss: 1.4315 @ step 40
[GPU 0] [05:20:18] [INFO] New best validation loss: 1.4308 @ step 41
[GPU 0] [05:20:20] [INFO] New best validation loss: 1.4301 @ step 42
[GPU 0] [05:20:21] [INFO] New best validation loss: 1.4289 @ step 43
[GPU 0] [05:20:23] [INFO] New best validation loss: 1.4274 @ step 44
[GPU 0] [05:20:25] [INFO] New best validation loss: 1.4261 @ step 45
[GPU 0] [05:20:26] [INFO] New best validation loss: 1.4249 @ step 46
[GPU 0] [05:20:28] [INFO] New best validation loss: 1.4243 @ step 47
[GPU 0] [05:20:29] [INFO] New best validation loss: 1.4233 @ step 48
[GPU 0] [05:20:31] [INFO] New best validation loss: 1.4227 @ step 49
[GPU 0] [05:20:33] [INFO] New best validation loss: 1.4219 @ step 50
[GPU 0] [05:20:34] [INFO] New best validation loss: 1.4211 @ step 51
[GPU 0] [05:20:36] [INFO] New best validation loss: 1.4205 @ step 52
[GPU 0] [05:20:37] [INFO] New best validation loss: 1.4201 @ step 53
[GPU 0] [05:20:42] [INFO] New best validation loss: 1.4200 @ step 56
[GPU 0] [05:20:43] [INFO] New best validation loss: 1.4197 @ step 57
[GPU 0] [05:21:00] [INFO] Stop FT @ 69: no val improvement for 10 steps
[GPU 0] [05:21:00] [INFO] Wrote stats.jsonl entries at FT step 57 
[GPU 0] [05:21:01] [INFO] ---- Begin FT | Experts: ['core'] | Data: ['papers-biology'] ----
[GPU 0] [05:21:01] [DEBUG] num_seq: 512, num_rounds: 200, patience: 10
[GPU 0] [05:21:01] [DEBUG] local_x: torch.Size([64, 1024]), local_y: torch.Size([64, 1024]), num_steps: 8, per_gpu: 64, mbs_size: 9
[GPU 0] [05:21:03] [INFO] New best validation loss: 3.4814 @ step 0
[GPU 0] [05:21:04] [INFO] New best validation loss: 3.4556 @ step 1
[GPU 0] [05:21:06] [INFO] New best validation loss: 3.4409 @ step 2
[GPU 0] [05:21:07] [INFO] New best validation loss: 3.4280 @ step 3
[GPU 0] [05:21:09] [INFO] New best validation loss: 3.4182 @ step 4
[GPU 0] [05:21:10] [INFO] New best validation loss: 3.4102 @ step 5
[GPU 0] [05:21:12] [INFO] New best validation loss: 3.4049 @ step 6
[GPU 0] [05:21:13] [INFO] New best validation loss: 3.4006 @ step 7
[GPU 0] [05:21:15] [INFO] New best validation loss: 3.3947 @ step 8
[GPU 0] [05:21:16] [INFO] New best validation loss: 3.3880 @ step 9
[GPU 0] [05:21:18] [INFO] New best validation loss: 3.3834 @ step 10
[GPU 0] [05:21:20] [INFO] New best validation loss: 3.3804 @ step 11
[GPU 0] [05:21:21] [INFO] New best validation loss: 3.3789 @ step 12
[GPU 0] [05:21:23] [INFO] New best validation loss: 3.3776 @ step 13
[GPU 0] [05:21:24] [INFO] New best validation loss: 3.3769 @ step 14
[GPU 0] [05:21:26] [INFO] New best validation loss: 3.3763 @ step 15
[GPU 0] [05:21:27] [INFO] New best validation loss: 3.3746 @ step 16
[GPU 0] [05:21:29] [INFO] New best validation loss: 3.3731 @ step 17
[GPU 0] [05:21:31] [INFO] New best validation loss: 3.3725 @ step 18
[GPU 0] [05:21:32] [INFO] New best validation loss: 3.3720 @ step 19
[GPU 0] [05:21:50] [INFO] Stop FT @ 31: no val improvement for 10 steps
[GPU 0] [05:21:50] [INFO] Wrote stats.jsonl entries at FT step 19 
[GPU 0] [05:21:50] [INFO] ---- Begin FT | Experts: ['core'] | Data: ['papers-cyber'] ----
[GPU 0] [05:21:50] [DEBUG] num_seq: 512, num_rounds: 200, patience: 10
[GPU 0] [05:21:50] [DEBUG] local_x: torch.Size([64, 1024]), local_y: torch.Size([64, 1024]), num_steps: 8, per_gpu: 64, mbs_size: 9
[GPU 0] [05:21:52] [INFO] New best validation loss: 3.7386 @ step 0
[GPU 0] [05:21:53] [INFO] New best validation loss: 3.7138 @ step 1
[GPU 0] [05:21:55] [INFO] New best validation loss: 3.7034 @ step 2
[GPU 0] [05:21:57] [INFO] New best validation loss: 3.6932 @ step 3
[GPU 0] [05:21:58] [INFO] New best validation loss: 3.6859 @ step 4
[GPU 0] [05:22:00] [INFO] New best validation loss: 3.6786 @ step 5
[GPU 0] [05:22:01] [INFO] New best validation loss: 3.6745 @ step 6
[GPU 0] [05:22:03] [INFO] New best validation loss: 3.6708 @ step 7
[GPU 0] [05:22:04] [INFO] New best validation loss: 3.6688 @ step 8
[GPU 0] [05:22:06] [INFO] New best validation loss: 3.6674 @ step 9
[GPU 0] [05:22:08] [INFO] New best validation loss: 3.6659 @ step 10
[GPU 0] [05:22:09] [INFO] New best validation loss: 3.6639 @ step 11
[GPU 0] [05:22:11] [INFO] New best validation loss: 3.6620 @ step 12
[GPU 0] [05:22:12] [INFO] New best validation loss: 3.6611 @ step 13
[GPU 0] [05:22:14] [INFO] New best validation loss: 3.6608 @ step 14
[GPU 0] [05:22:31] [INFO] Stop FT @ 26: no val improvement for 10 steps
[GPU 0] [05:22:31] [INFO] Wrote stats.jsonl entries at FT step 14 
[GPU 0] [05:22:31] [INFO] ---- Begin FT | Experts: ['core'] | Data: ['papers-nuclear'] ----
[GPU 0] [05:22:31] [DEBUG] num_seq: 512, num_rounds: 200, patience: 10
[GPU 0] [05:22:31] [DEBUG] local_x: torch.Size([64, 1024]), local_y: torch.Size([64, 1024]), num_steps: 8, per_gpu: 64, mbs_size: 9
[GPU 0] [05:22:33] [INFO] New best validation loss: 3.6564 @ step 0
[GPU 0] [05:22:35] [INFO] New best validation loss: 3.6348 @ step 1
[GPU 0] [05:22:36] [INFO] New best validation loss: 3.6240 @ step 2
[GPU 0] [05:22:38] [INFO] New best validation loss: 3.6162 @ step 3
[GPU 0] [05:22:39] [INFO] New best validation loss: 3.6093 @ step 4
[GPU 0] [05:22:41] [INFO] New best validation loss: 3.6021 @ step 5
[GPU 0] [05:22:42] [INFO] New best validation loss: 3.5964 @ step 6
[GPU 0] [05:22:44] [INFO] New best validation loss: 3.5931 @ step 7
[GPU 0] [05:22:45] [INFO] New best validation loss: 3.5899 @ step 8
[GPU 0] [05:22:47] [INFO] New best validation loss: 3.5875 @ step 9
[GPU 0] [05:22:48] [INFO] New best validation loss: 3.5858 @ step 10
[GPU 0] [05:22:50] [INFO] New best validation loss: 3.5848 @ step 11
[GPU 0] [05:22:51] [INFO] New best validation loss: 3.5837 @ step 12
[GPU 0] [05:22:53] [INFO] New best validation loss: 3.5823 @ step 13
[GPU 0] [05:22:54] [INFO] New best validation loss: 3.5823 @ step 14
[GPU 0] [05:22:56] [INFO] New best validation loss: 3.5822 @ step 15
[GPU 0] [05:23:12] [INFO] Stop FT @ 27: no val improvement for 10 steps
[GPU 0] [05:23:12] [INFO] Wrote stats.jsonl entries at FT step 15 
[GPU 0] [05:23:13] [INFO] ROUTED - ADVERSARIAL FT START
[GPU 0] [05:23:13] [INFO] ---- Begin FT | Experts: ['code-lisp', 'core'] | Data: ['papers-biology'] ----
[GPU 0] [05:23:13] [DEBUG] num_seq: 512, num_rounds: 200, patience: 10
[GPU 0] [05:23:13] [DEBUG] local_x: torch.Size([64, 1024]), local_y: torch.Size([64, 1024]), num_steps: 8, per_gpu: 64, mbs_size: 9
[GPU 0] [05:23:16] [INFO] New best validation loss: 3.5117 @ step 0
[GPU 0] [05:23:18] [INFO] New best validation loss: 3.4790 @ step 1
[GPU 0] [05:23:19] [INFO] New best validation loss: 3.4645 @ step 2
[GPU 0] [05:23:21] [INFO] New best validation loss: 3.4489 @ step 3
[GPU 0] [05:23:23] [INFO] New best validation loss: 3.4355 @ step 4
[GPU 0] [05:23:24] [INFO] New best validation loss: 3.4265 @ step 5
[GPU 0] [05:23:26] [INFO] New best validation loss: 3.4197 @ step 6
[GPU 0] [05:23:28] [INFO] New best validation loss: 3.4133 @ step 7
[GPU 0] [05:23:29] [INFO] New best validation loss: 3.4068 @ step 8
[GPU 0] [05:23:31] [INFO] New best validation loss: 3.4020 @ step 9
[GPU 0] [05:23:33] [INFO] New best validation loss: 3.3974 @ step 10
[GPU 0] [05:23:34] [INFO] New best validation loss: 3.3941 @ step 11
[GPU 0] [05:23:36] [INFO] New best validation loss: 3.3904 @ step 12
[GPU 0] [05:23:38] [INFO] New best validation loss: 3.3875 @ step 13
[GPU 0] [05:23:39] [INFO] New best validation loss: 3.3860 @ step 14
[GPU 0] [05:23:41] [INFO] New best validation loss: 3.3846 @ step 15
[GPU 0] [05:23:43] [INFO] New best validation loss: 3.3825 @ step 16
[GPU 0] [05:23:44] [INFO] New best validation loss: 3.3814 @ step 17
[GPU 0] [05:23:46] [INFO] New best validation loss: 3.3807 @ step 18
[GPU 0] [05:24:04] [INFO] Stop FT @ 30: no val improvement for 10 steps
[GPU 0] [05:24:04] [INFO] Wrote stats.jsonl entries at FT step 18 
[GPU 0] [05:24:04] [INFO] ---- Begin FT | Experts: ['code-lisp', 'core'] | Data: ['papers-cyber'] ----
[GPU 0] [05:24:04] [DEBUG] num_seq: 512, num_rounds: 200, patience: 10
[GPU 0] [05:24:04] [DEBUG] local_x: torch.Size([64, 1024]), local_y: torch.Size([64, 1024]), num_steps: 8, per_gpu: 64, mbs_size: 9
[GPU 0] [05:24:06] [INFO] New best validation loss: 3.7613 @ step 0
[GPU 0] [05:24:07] [INFO] New best validation loss: 3.7366 @ step 1
[GPU 0] [05:24:09] [INFO] New best validation loss: 3.7202 @ step 2
[GPU 0] [05:24:11] [INFO] New best validation loss: 3.7096 @ step 3
[GPU 0] [05:24:13] [INFO] New best validation loss: 3.7018 @ step 4
[GPU 0] [05:24:14] [INFO] New best validation loss: 3.6944 @ step 5
[GPU 0] [05:24:16] [INFO] New best validation loss: 3.6884 @ step 6
[GPU 0] [05:24:18] [INFO] New best validation loss: 3.6841 @ step 7
[GPU 0] [05:24:19] [INFO] New best validation loss: 3.6814 @ step 8
[GPU 0] [05:24:21] [INFO] New best validation loss: 3.6794 @ step 9
[GPU 0] [05:24:22] [INFO] New best validation loss: 3.6776 @ step 10
[GPU 0] [05:24:24] [INFO] New best validation loss: 3.6748 @ step 11
[GPU 0] [05:24:26] [INFO] New best validation loss: 3.6722 @ step 12
[GPU 0] [05:24:28] [INFO] New best validation loss: 3.6715 @ step 13
[GPU 0] [05:24:29] [INFO] New best validation loss: 3.6711 @ step 14
[GPU 0] [05:24:48] [INFO] Stop FT @ 26: no val improvement for 10 steps
[GPU 0] [05:24:48] [INFO] Wrote stats.jsonl entries at FT step 14 
[GPU 0] [05:24:48] [INFO] ---- Begin FT | Experts: ['code-lisp', 'core'] | Data: ['papers-nuclear'] ----
[GPU 0] [05:24:48] [DEBUG] num_seq: 512, num_rounds: 200, patience: 10
[GPU 0] [05:24:49] [DEBUG] local_x: torch.Size([64, 1024]), local_y: torch.Size([64, 1024]), num_steps: 8, per_gpu: 64, mbs_size: 9
[GPU 0] [05:24:50] [INFO] New best validation loss: 3.6863 @ step 0
[GPU 0] [05:24:52] [INFO] New best validation loss: 3.6608 @ step 1
[GPU 0] [05:24:53] [INFO] New best validation loss: 3.6465 @ step 2
[GPU 0] [05:24:55] [INFO] New best validation loss: 3.6383 @ step 3
[GPU 0] [05:24:57] [INFO] New best validation loss: 3.6289 @ step 4
[GPU 0] [05:24:59] [INFO] New best validation loss: 3.6196 @ step 5
[GPU 0] [05:25:00] [INFO] New best validation loss: 3.6129 @ step 6
[GPU 0] [05:25:02] [INFO] New best validation loss: 3.6081 @ step 7
[GPU 0] [05:25:04] [INFO] New best validation loss: 3.6044 @ step 8
[GPU 0] [05:25:05] [INFO] New best validation loss: 3.6015 @ step 9
[GPU 0] [05:25:07] [INFO] New best validation loss: 3.5997 @ step 10
[GPU 0] [05:25:09] [INFO] New best validation loss: 3.5981 @ step 11
[GPU 0] [05:25:10] [INFO] New best validation loss: 3.5966 @ step 12
[GPU 0] [05:25:12] [INFO] New best validation loss: 3.5953 @ step 13
[GPU 0] [05:25:14] [INFO] New best validation loss: 3.5939 @ step 14
[GPU 0] [05:25:16] [INFO] New best validation loss: 3.5934 @ step 15
[GPU 0] [05:25:34] [INFO] Stop FT @ 27: no val improvement for 10 steps
[GPU 0] [05:25:34] [INFO] Wrote stats.jsonl entries at FT step 15 
[GPU 0] [05:25:34] [INFO] ROUTED - ADVERSARIAL FT START
[GPU 0] [05:25:34] [INFO] ---- Begin FT | Experts: ['core', 'papers-biology'] | Data: ['code-lisp'] ----
[GPU 0] [05:25:34] [DEBUG] num_seq: 512, num_rounds: 200, patience: 10
[GPU 0] [05:25:34] [DEBUG] local_x: torch.Size([64, 1024]), local_y: torch.Size([64, 1024]), num_steps: 8, per_gpu: 64, mbs_size: 9
[GPU 0] [05:25:36] [INFO] New best validation loss: 1.8479 @ step 0
[GPU 0] [05:25:37] [INFO] New best validation loss: 1.7682 @ step 1
[GPU 0] [05:25:39] [INFO] New best validation loss: 1.7426 @ step 2
[GPU 0] [05:25:41] [INFO] New best validation loss: 1.7141 @ step 3
[GPU 0] [05:25:43] [INFO] New best validation loss: 1.6816 @ step 4
[GPU 0] [05:25:44] [INFO] New best validation loss: 1.6574 @ step 5
[GPU 0] [05:25:46] [INFO] New best validation loss: 1.6389 @ step 6
[GPU 0] [05:25:48] [INFO] New best validation loss: 1.6205 @ step 7
[GPU 0] [05:25:49] [INFO] New best validation loss: 1.6046 @ step 8
[GPU 0] [05:25:51] [INFO] New best validation loss: 1.5925 @ step 9
[GPU 0] [05:25:53] [INFO] New best validation loss: 1.5810 @ step 10
[GPU 0] [05:25:54] [INFO] New best validation loss: 1.5683 @ step 11
[GPU 0] [05:25:56] [INFO] New best validation loss: 1.5565 @ step 12
[GPU 0] [05:25:58] [INFO] New best validation loss: 1.5464 @ step 13
[GPU 0] [05:25:59] [INFO] New best validation loss: 1.5376 @ step 14
[GPU 0] [05:26:01] [INFO] New best validation loss: 1.5299 @ step 15
[GPU 0] [05:26:02] [INFO] New best validation loss: 1.5232 @ step 16
[GPU 0] [05:26:04] [INFO] New best validation loss: 1.5171 @ step 17
[GPU 0] [05:26:05] [INFO] New best validation loss: 1.5114 @ step 18
[GPU 0] [05:26:07] [INFO] New best validation loss: 1.5057 @ step 19
[GPU 0] [05:26:09] [INFO] New best validation loss: 1.4999 @ step 20
[GPU 0] [05:26:10] [INFO] New best validation loss: 1.4935 @ step 21
[GPU 0] [05:26:12] [INFO] New best validation loss: 1.4877 @ step 22
[GPU 0] [05:26:14] [INFO] New best validation loss: 1.4828 @ step 23
[GPU 0] [05:26:15] [INFO] New best validation loss: 1.4785 @ step 24
[GPU 0] [05:26:17] [INFO] New best validation loss: 1.4751 @ step 25
[GPU 0] [05:26:19] [INFO] New best validation loss: 1.4719 @ step 26
[GPU 0] [05:26:20] [INFO] New best validation loss: 1.4690 @ step 27
[GPU 0] [05:26:22] [INFO] New best validation loss: 1.4657 @ step 28
[GPU 0] [05:26:24] [INFO] New best validation loss: 1.4616 @ step 29
[GPU 0] [05:26:25] [INFO] New best validation loss: 1.4578 @ step 30
[GPU 0] [05:26:27] [INFO] New best validation loss: 1.4541 @ step 31
[GPU 0] [05:26:29] [INFO] New best validation loss: 1.4517 @ step 32
[GPU 0] [05:26:30] [INFO] New best validation loss: 1.4496 @ step 33
[GPU 0] [05:26:32] [INFO] New best validation loss: 1.4484 @ step 34
[GPU 0] [05:26:34] [INFO] New best validation loss: 1.4469 @ step 35
[GPU 0] [05:26:35] [INFO] New best validation loss: 1.4449 @ step 36
[GPU 0] [05:26:37] [INFO] New best validation loss: 1.4420 @ step 37
[GPU 0] [05:26:39] [INFO] New best validation loss: 1.4394 @ step 38
[GPU 0] [05:26:40] [INFO] New best validation loss: 1.4369 @ step 39
[GPU 0] [05:26:42] [INFO] New best validation loss: 1.4346 @ step 40
[GPU 0] [05:26:44] [INFO] New best validation loss: 1.4333 @ step 41
[GPU 0] [05:26:46] [INFO] New best validation loss: 1.4324 @ step 42
[GPU 0] [05:26:48] [INFO] New best validation loss: 1.4323 @ step 43
[GPU 0] [05:26:49] [INFO] New best validation loss: 1.4316 @ step 44
[GPU 0] [05:26:51] [INFO] New best validation loss: 1.4303 @ step 45
[GPU 0] [05:26:53] [INFO] New best validation loss: 1.4290 @ step 46
[GPU 0] [05:26:54] [INFO] New best validation loss: 1.4277 @ step 47
[GPU 0] [05:26:56] [INFO] New best validation loss: 1.4266 @ step 48
[GPU 0] [05:26:58] [INFO] New best validation loss: 1.4259 @ step 49
[GPU 0] [05:26:59] [INFO] New best validation loss: 1.4255 @ step 50
[GPU 0] [05:27:01] [INFO] New best validation loss: 1.4251 @ step 51
[GPU 0] [05:27:03] [INFO] New best validation loss: 1.4244 @ step 52
[GPU 0] [05:27:04] [INFO] New best validation loss: 1.4232 @ step 53
[GPU 0] [05:27:06] [INFO] New best validation loss: 1.4226 @ step 54
[GPU 0] [05:27:25] [INFO] Stop FT @ 66: no val improvement for 10 steps
[GPU 0] [05:27:25] [INFO] Wrote stats.jsonl entries at FT step 54 
[GPU 0] [05:27:25] [INFO] ---- Begin FT | Experts: ['core', 'papers-biology'] | Data: ['papers-cyber'] ----
[GPU 0] [05:27:25] [DEBUG] num_seq: 512, num_rounds: 200, patience: 10
[GPU 0] [05:27:25] [DEBUG] local_x: torch.Size([64, 1024]), local_y: torch.Size([64, 1024]), num_steps: 8, per_gpu: 64, mbs_size: 9
[GPU 0] [05:27:27] [INFO] New best validation loss: 3.7467 @ step 0
[GPU 0] [05:27:28] [INFO] New best validation loss: 3.7165 @ step 1
[GPU 0] [05:27:30] [INFO] New best validation loss: 3.7039 @ step 2
[GPU 0] [05:27:32] [INFO] New best validation loss: 3.6942 @ step 3
[GPU 0] [05:27:34] [INFO] New best validation loss: 3.6877 @ step 4
[GPU 0] [05:27:35] [INFO] New best validation loss: 3.6804 @ step 5
[GPU 0] [05:27:37] [INFO] New best validation loss: 3.6747 @ step 6
[GPU 0] [05:27:39] [INFO] New best validation loss: 3.6705 @ step 7
[GPU 0] [05:27:40] [INFO] New best validation loss: 3.6677 @ step 8
[GPU 0] [05:27:42] [INFO] New best validation loss: 3.6667 @ step 9
[GPU 0] [05:27:44] [INFO] New best validation loss: 3.6661 @ step 10
[GPU 0] [05:27:46] [INFO] New best validation loss: 3.6647 @ step 11
[GPU 0] [05:27:48] [INFO] New best validation loss: 3.6627 @ step 12
[GPU 0] [05:27:49] [INFO] New best validation loss: 3.6605 @ step 13
[GPU 0] [05:27:51] [INFO] New best validation loss: 3.6602 @ step 14
[GPU 0] [05:27:53] [INFO] New best validation loss: 3.6599 @ step 15
[GPU 0] [05:28:10] [INFO] Stop FT @ 27: no val improvement for 10 steps
[GPU 0] [05:28:10] [INFO] Wrote stats.jsonl entries at FT step 15 
[GPU 0] [05:28:11] [INFO] ---- Begin FT | Experts: ['core', 'papers-biology'] | Data: ['papers-nuclear'] ----
[GPU 0] [05:28:11] [DEBUG] num_seq: 512, num_rounds: 200, patience: 10
[GPU 0] [05:28:11] [DEBUG] local_x: torch.Size([64, 1024]), local_y: torch.Size([64, 1024]), num_steps: 8, per_gpu: 64, mbs_size: 9
[GPU 0] [05:28:13] [INFO] New best validation loss: 3.6543 @ step 0
[GPU 0] [05:28:14] [INFO] New best validation loss: 3.6339 @ step 1
[GPU 0] [05:28:16] [INFO] New best validation loss: 3.6219 @ step 2
[GPU 0] [05:28:17] [INFO] New best validation loss: 3.6156 @ step 3
[GPU 0] [05:28:19] [INFO] New best validation loss: 3.6077 @ step 4
[GPU 0] [05:28:20] [INFO] New best validation loss: 3.5997 @ step 5
[GPU 0] [05:28:22] [INFO] New best validation loss: 3.5948 @ step 6
[GPU 0] [05:28:23] [INFO] New best validation loss: 3.5916 @ step 7
[GPU 0] [05:28:25] [INFO] New best validation loss: 3.5888 @ step 8
[GPU 0] [05:28:27] [INFO] New best validation loss: 3.5868 @ step 9
[GPU 0] [05:28:28] [INFO] New best validation loss: 3.5849 @ step 10
[GPU 0] [05:28:30] [INFO] New best validation loss: 3.5840 @ step 11
[GPU 0] [05:28:31] [INFO] New best validation loss: 3.5830 @ step 12
[GPU 0] [05:28:33] [INFO] New best validation loss: 3.5826 @ step 13
[GPU 0] [05:28:35] [INFO] New best validation loss: 3.5824 @ step 14
[GPU 0] [05:28:36] [INFO] New best validation loss: 3.5824 @ step 15
[GPU 0] [05:28:55] [INFO] Stop FT @ 27: no val improvement for 10 steps
[GPU 0] [05:28:55] [INFO] Wrote stats.jsonl entries at FT step 15 
[GPU 0] [05:28:55] [INFO] ROUTED - ADVERSARIAL FT START
[GPU 0] [05:28:55] [INFO] ---- Begin FT | Experts: ['core', 'papers-nuclear'] | Data: ['code-lisp'] ----
[GPU 0] [05:28:55] [DEBUG] num_seq: 512, num_rounds: 200, patience: 10
[GPU 0] [05:28:55] [DEBUG] local_x: torch.Size([64, 1024]), local_y: torch.Size([64, 1024]), num_steps: 8, per_gpu: 64, mbs_size: 9
[GPU 0] [05:28:57] [INFO] New best validation loss: 1.8379 @ step 0
[GPU 0] [05:28:59] [INFO] New best validation loss: 1.7688 @ step 1
[GPU 0] [05:29:01] [INFO] New best validation loss: 1.7374 @ step 2
[GPU 0] [05:29:02] [INFO] New best validation loss: 1.7055 @ step 3
[GPU 0] [05:29:04] [INFO] New best validation loss: 1.6739 @ step 4
[GPU 0] [05:29:06] [INFO] New best validation loss: 1.6513 @ step 5
[GPU 0] [05:29:07] [INFO] New best validation loss: 1.6328 @ step 6
[GPU 0] [05:29:09] [INFO] New best validation loss: 1.6159 @ step 7
[GPU 0] [05:29:11] [INFO] New best validation loss: 1.6023 @ step 8
[GPU 0] [05:29:12] [INFO] New best validation loss: 1.5898 @ step 9
[GPU 0] [05:29:14] [INFO] New best validation loss: 1.5766 @ step 10
[GPU 0] [05:29:16] [INFO] New best validation loss: 1.5642 @ step 11
[GPU 0] [05:29:18] [INFO] New best validation loss: 1.5529 @ step 12
[GPU 0] [05:29:19] [INFO] New best validation loss: 1.5433 @ step 13
[GPU 0] [05:29:21] [INFO] New best validation loss: 1.5346 @ step 14
[GPU 0] [05:29:23] [INFO] New best validation loss: 1.5278 @ step 15
[GPU 0] [05:29:24] [INFO] New best validation loss: 1.5210 @ step 16
[GPU 0] [05:29:26] [INFO] New best validation loss: 1.5147 @ step 17
[GPU 0] [05:29:28] [INFO] New best validation loss: 1.5096 @ step 18
[GPU 0] [05:29:29] [INFO] New best validation loss: 1.5032 @ step 19
[GPU 0] [05:29:31] [INFO] New best validation loss: 1.4970 @ step 20
[GPU 0] [05:29:33] [INFO] New best validation loss: 1.4912 @ step 21
[GPU 0] [05:29:35] [INFO] New best validation loss: 1.4861 @ step 22
[GPU 0] [05:29:36] [INFO] New best validation loss: 1.4816 @ step 23
[GPU 0] [05:29:38] [INFO] New best validation loss: 1.4776 @ step 24
[GPU 0] [05:29:39] [INFO] New best validation loss: 1.4746 @ step 25
[GPU 0] [05:29:41] [INFO] New best validation loss: 1.4712 @ step 26
[GPU 0] [05:29:43] [INFO] New best validation loss: 1.4678 @ step 27
[GPU 0] [05:29:44] [INFO] New best validation loss: 1.4639 @ step 28
[GPU 0] [05:29:46] [INFO] New best validation loss: 1.4593 @ step 29
[GPU 0] [05:29:48] [INFO] New best validation loss: 1.4558 @ step 30
[GPU 0] [05:29:49] [INFO] New best validation loss: 1.4525 @ step 31
[GPU 0] [05:29:51] [INFO] New best validation loss: 1.4500 @ step 32
[GPU 0] [05:29:53] [INFO] New best validation loss: 1.4479 @ step 33
[GPU 0] [05:29:54] [INFO] New best validation loss: 1.4463 @ step 34
[GPU 0] [05:29:56] [INFO] New best validation loss: 1.4440 @ step 35
[GPU 0] [05:29:58] [INFO] New best validation loss: 1.4408 @ step 36
[GPU 0] [05:29:59] [INFO] New best validation loss: 1.4383 @ step 37
[GPU 0] [05:30:01] [INFO] New best validation loss: 1.4352 @ step 38
[GPU 0] [05:30:03] [INFO] New best validation loss: 1.4334 @ step 39
[GPU 0] [05:30:06] [INFO] New best validation loss: 1.4324 @ step 40
[GPU 0] [05:30:08] [INFO] New best validation loss: 1.4314 @ step 41
[GPU 0] [05:30:10] [INFO] New best validation loss: 1.4302 @ step 42
[GPU 0] [05:30:12] [INFO] New best validation loss: 1.4290 @ step 43
[GPU 0] [05:30:13] [INFO] New best validation loss: 1.4279 @ step 44
[GPU 0] [05:30:15] [INFO] New best validation loss: 1.4266 @ step 45
[GPU 0] [05:30:17] [INFO] New best validation loss: 1.4256 @ step 46
[GPU 0] [05:30:18] [INFO] New best validation loss: 1.4249 @ step 47
[GPU 0] [05:30:20] [INFO] New best validation loss: 1.4244 @ step 48
[GPU 0] [05:30:21] [INFO] New best validation loss: 1.4237 @ step 49
[GPU 0] [05:30:23] [INFO] New best validation loss: 1.4225 @ step 50
[GPU 0] [05:30:24] [INFO] New best validation loss: 1.4216 @ step 51
[GPU 0] [05:30:26] [INFO] New best validation loss: 1.4216 @ step 52
[GPU 0] [05:30:28] [INFO] New best validation loss: 1.4214 @ step 53
[GPU 0] [05:30:33] [INFO] New best validation loss: 1.4214 @ step 56
[GPU 0] [05:30:35] [INFO] New best validation loss: 1.4211 @ step 57
[GPU 0] [05:30:53] [INFO] Stop FT @ 69: no val improvement for 10 steps
[GPU 0] [05:30:53] [INFO] Wrote stats.jsonl entries at FT step 57 
[GPU 0] [05:30:53] [INFO] ---- Begin FT | Experts: ['core', 'papers-nuclear'] | Data: ['papers-biology'] ----
[GPU 0] [05:30:53] [DEBUG] num_seq: 512, num_rounds: 200, patience: 10
[GPU 0] [05:30:54] [DEBUG] local_x: torch.Size([64, 1024]), local_y: torch.Size([64, 1024]), num_steps: 8, per_gpu: 64, mbs_size: 9
[GPU 0] [05:30:55] [INFO] New best validation loss: 3.4998 @ step 0
[GPU 0] [05:30:57] [INFO] New best validation loss: 3.4639 @ step 1
[GPU 0] [05:30:58] [INFO] New best validation loss: 3.4435 @ step 2
[GPU 0] [05:31:00] [INFO] New best validation loss: 3.4333 @ step 3
[GPU 0] [05:31:02] [INFO] New best validation loss: 3.4228 @ step 4
[GPU 0] [05:31:04] [INFO] New best validation loss: 3.4130 @ step 5
[GPU 0] [05:31:05] [INFO] New best validation loss: 3.4053 @ step 6
[GPU 0] [05:31:07] [INFO] New best validation loss: 3.4016 @ step 7
[GPU 0] [05:31:09] [INFO] New best validation loss: 3.3985 @ step 8
[GPU 0] [05:31:10] [INFO] New best validation loss: 3.3947 @ step 9
[GPU 0] [05:31:12] [INFO] New best validation loss: 3.3892 @ step 10
[GPU 0] [05:31:14] [INFO] New best validation loss: 3.3840 @ step 11
[GPU 0] [05:31:15] [INFO] New best validation loss: 3.3796 @ step 12
[GPU 0] [05:31:17] [INFO] New best validation loss: 3.3763 @ step 13
[GPU 0] [05:31:18] [INFO] New best validation loss: 3.3748 @ step 14
[GPU 0] [05:31:20] [INFO] New best validation loss: 3.3735 @ step 15
[GPU 0] [05:31:22] [INFO] New best validation loss: 3.3730 @ step 16
[GPU 0] [05:31:24] [INFO] New best validation loss: 3.3721 @ step 17
[GPU 0] [05:31:25] [INFO] New best validation loss: 3.3718 @ step 18
[GPU 0] [05:31:27] [INFO] New best validation loss: 3.3715 @ step 19
[GPU 0] [05:31:45] [INFO] Stop FT @ 31: no val improvement for 10 steps
[GPU 0] [05:31:45] [INFO] Wrote stats.jsonl entries at FT step 19 
[GPU 0] [05:31:46] [INFO] ---- Begin FT | Experts: ['core', 'papers-nuclear'] | Data: ['papers-cyber'] ----
[GPU 0] [05:31:46] [DEBUG] num_seq: 512, num_rounds: 200, patience: 10
[GPU 0] [05:31:46] [DEBUG] local_x: torch.Size([64, 1024]), local_y: torch.Size([64, 1024]), num_steps: 8, per_gpu: 64, mbs_size: 9
[GPU 0] [05:31:48] [INFO] New best validation loss: 3.7490 @ step 0
[GPU 0] [05:31:49] [INFO] New best validation loss: 3.7117 @ step 1
[GPU 0] [05:31:51] [INFO] New best validation loss: 3.7031 @ step 2
[GPU 0] [05:31:53] [INFO] New best validation loss: 3.6930 @ step 3
[GPU 0] [05:31:54] [INFO] New best validation loss: 3.6840 @ step 4
[GPU 0] [05:31:56] [INFO] New best validation loss: 3.6774 @ step 5
[GPU 0] [05:31:58] [INFO] New best validation loss: 3.6716 @ step 6
[GPU 0] [05:31:59] [INFO] New best validation loss: 3.6687 @ step 7
[GPU 0] [05:32:01] [INFO] New best validation loss: 3.6652 @ step 8
[GPU 0] [05:32:03] [INFO] New best validation loss: 3.6633 @ step 9
[GPU 0] [05:32:04] [INFO] New best validation loss: 3.6613 @ step 10
[GPU 0] [05:32:06] [INFO] New best validation loss: 3.6602 @ step 11
[GPU 0] [05:32:08] [INFO] New best validation loss: 3.6574 @ step 12
[GPU 0] [05:32:09] [INFO] New best validation loss: 3.6556 @ step 13
[GPU 0] [05:32:11] [INFO] New best validation loss: 3.6554 @ step 14
[GPU 0] [05:32:29] [INFO] Stop FT @ 26: no val improvement for 10 steps
[GPU 0] [05:32:29] [INFO] Wrote stats.jsonl entries at FT step 14 
[GPU 0] [05:32:29] [INFO] ROUTED - ADVERSARIAL FT START
[GPU 0] [05:32:29] [INFO] ---- Begin FT | Experts: ['core', 'papers-cyber'] | Data: ['code-lisp'] ----
[GPU 0] [05:32:29] [DEBUG] num_seq: 512, num_rounds: 200, patience: 10
[GPU 0] [05:32:29] [DEBUG] local_x: torch.Size([64, 1024]), local_y: torch.Size([64, 1024]), num_steps: 8, per_gpu: 64, mbs_size: 9
[GPU 0] [05:32:31] [INFO] New best validation loss: 1.8346 @ step 0
[GPU 0] [05:32:32] [INFO] New best validation loss: 1.7675 @ step 1
[GPU 0] [05:32:34] [INFO] New best validation loss: 1.7370 @ step 2
[GPU 0] [05:32:36] [INFO] New best validation loss: 1.7029 @ step 3
[GPU 0] [05:32:37] [INFO] New best validation loss: 1.6719 @ step 4
[GPU 0] [05:32:39] [INFO] New best validation loss: 1.6512 @ step 5
[GPU 0] [05:32:41] [INFO] New best validation loss: 1.6320 @ step 6
[GPU 0] [05:32:42] [INFO] New best validation loss: 1.6144 @ step 7
[GPU 0] [05:32:44] [INFO] New best validation loss: 1.6010 @ step 8
[GPU 0] [05:32:46] [INFO] New best validation loss: 1.5878 @ step 9
[GPU 0] [05:32:48] [INFO] New best validation loss: 1.5745 @ step 10
[GPU 0] [05:32:49] [INFO] New best validation loss: 1.5623 @ step 11
[GPU 0] [05:32:51] [INFO] New best validation loss: 1.5512 @ step 12
[GPU 0] [05:32:53] [INFO] New best validation loss: 1.5414 @ step 13
[GPU 0] [05:32:54] [INFO] New best validation loss: 1.5335 @ step 14
[GPU 0] [05:32:56] [INFO] New best validation loss: 1.5268 @ step 15
[GPU 0] [05:32:58] [INFO] New best validation loss: 1.5202 @ step 16
[GPU 0] [05:32:59] [INFO] New best validation loss: 1.5141 @ step 17
[GPU 0] [05:33:01] [INFO] New best validation loss: 1.5079 @ step 18
[GPU 0] [05:33:03] [INFO] New best validation loss: 1.5014 @ step 19
[GPU 0] [05:33:04] [INFO] New best validation loss: 1.4951 @ step 20
[GPU 0] [05:33:06] [INFO] New best validation loss: 1.4891 @ step 21
[GPU 0] [05:33:08] [INFO] New best validation loss: 1.4838 @ step 22
[GPU 0] [05:33:09] [INFO] New best validation loss: 1.4796 @ step 23
[GPU 0] [05:33:11] [INFO] New best validation loss: 1.4756 @ step 24
[GPU 0] [05:33:13] [INFO] New best validation loss: 1.4727 @ step 25
[GPU 0] [05:33:14] [INFO] New best validation loss: 1.4688 @ step 26
[GPU 0] [05:33:16] [INFO] New best validation loss: 1.4648 @ step 27
[GPU 0] [05:33:18] [INFO] New best validation loss: 1.4609 @ step 28
[GPU 0] [05:33:19] [INFO] New best validation loss: 1.4568 @ step 29
[GPU 0] [05:33:21] [INFO] New best validation loss: 1.4531 @ step 30
[GPU 0] [05:33:23] [INFO] New best validation loss: 1.4502 @ step 31
[GPU 0] [05:33:24] [INFO] New best validation loss: 1.4484 @ step 32
[GPU 0] [05:33:26] [INFO] New best validation loss: 1.4468 @ step 33
[GPU 0] [05:33:27] [INFO] New best validation loss: 1.4447 @ step 34
[GPU 0] [05:33:29] [INFO] New best validation loss: 1.4423 @ step 35
[GPU 0] [05:33:31] [INFO] New best validation loss: 1.4391 @ step 36
[GPU 0] [05:33:33] [INFO] New best validation loss: 1.4362 @ step 37
[GPU 0] [05:33:34] [INFO] New best validation loss: 1.4344 @ step 38
[GPU 0] [05:33:36] [INFO] New best validation loss: 1.4328 @ step 39
[GPU 0] [05:33:37] [INFO] New best validation loss: 1.4318 @ step 40
[GPU 0] [05:33:39] [INFO] New best validation loss: 1.4309 @ step 41
[GPU 0] [05:33:41] [INFO] New best validation loss: 1.4296 @ step 42
[GPU 0] [05:33:43] [INFO] New best validation loss: 1.4282 @ step 43
[GPU 0] [05:33:44] [INFO] New best validation loss: 1.4269 @ step 44
[GPU 0] [05:33:46] [INFO] New best validation loss: 1.4260 @ step 45
[GPU 0] [05:33:48] [INFO] New best validation loss: 1.4248 @ step 46
[GPU 0] [05:33:50] [INFO] New best validation loss: 1.4241 @ step 47
[GPU 0] [05:33:51] [INFO] New best validation loss: 1.4238 @ step 48
[GPU 0] [05:33:53] [INFO] New best validation loss: 1.4230 @ step 49
[GPU 0] [05:33:55] [INFO] New best validation loss: 1.4222 @ step 50
[GPU 0] [05:33:57] [INFO] New best validation loss: 1.4211 @ step 51
[GPU 0] [05:33:58] [INFO] New best validation loss: 1.4205 @ step 52
[GPU 0] [05:34:00] [INFO] New best validation loss: 1.4204 @ step 53
[GPU 0] [05:34:18] [INFO] Stop FT @ 65: no val improvement for 10 steps
[GPU 0] [05:34:18] [INFO] Wrote stats.jsonl entries at FT step 53 
[GPU 0] [05:34:19] [INFO] ---- Begin FT | Experts: ['core', 'papers-cyber'] | Data: ['papers-biology'] ----
[GPU 0] [05:34:19] [DEBUG] num_seq: 512, num_rounds: 200, patience: 10
[GPU 0] [05:34:19] [DEBUG] local_x: torch.Size([64, 1024]), local_y: torch.Size([64, 1024]), num_steps: 8, per_gpu: 64, mbs_size: 9
[GPU 0] [05:34:20] [INFO] New best validation loss: 3.4994 @ step 0
[GPU 0] [05:34:22] [INFO] New best validation loss: 3.4572 @ step 1
[GPU 0] [05:34:24] [INFO] New best validation loss: 3.4465 @ step 2
[GPU 0] [05:34:25] [INFO] New best validation loss: 3.4357 @ step 3
[GPU 0] [05:34:27] [INFO] New best validation loss: 3.4226 @ step 4
[GPU 0] [05:34:29] [INFO] New best validation loss: 3.4122 @ step 5
[GPU 0] [05:34:30] [INFO] New best validation loss: 3.4054 @ step 6
[GPU 0] [05:34:32] [INFO] New best validation loss: 3.4012 @ step 7
[GPU 0] [05:34:34] [INFO] New best validation loss: 3.3975 @ step 8
[GPU 0] [05:34:35] [INFO] New best validation loss: 3.3928 @ step 9
[GPU 0] [05:34:37] [INFO] New best validation loss: 3.3875 @ step 10
[GPU 0] [05:34:38] [INFO] New best validation loss: 3.3829 @ step 11
[GPU 0] [05:34:40] [INFO] New best validation loss: 3.3791 @ step 12
[GPU 0] [05:34:42] [INFO] New best validation loss: 3.3761 @ step 13
[GPU 0] [05:34:43] [INFO] New best validation loss: 3.3745 @ step 14
[GPU 0] [05:34:45] [INFO] New best validation loss: 3.3736 @ step 15
[GPU 0] [05:34:47] [INFO] New best validation loss: 3.3730 @ step 16
[GPU 0] [05:34:49] [INFO] New best validation loss: 3.3726 @ step 17
[GPU 0] [05:34:50] [INFO] New best validation loss: 3.3719 @ step 18
[GPU 0] [05:34:52] [INFO] New best validation loss: 3.3719 @ step 19
[GPU 0] [05:34:54] [INFO] New best validation loss: 3.3714 @ step 20
[GPU 0] [05:34:55] [INFO] New best validation loss: 3.3712 @ step 21
[GPU 0] [05:34:57] [INFO] New best validation loss: 3.3710 @ step 22
[GPU 0] [05:35:16] [INFO] Stop FT @ 34: no val improvement for 10 steps
[GPU 0] [05:35:16] [INFO] Wrote stats.jsonl entries at FT step 22 
[GPU 0] [05:35:16] [INFO] ---- Begin FT | Experts: ['core', 'papers-cyber'] | Data: ['papers-nuclear'] ----
[GPU 0] [05:35:16] [DEBUG] num_seq: 512, num_rounds: 200, patience: 10
[GPU 0] [05:35:16] [DEBUG] local_x: torch.Size([64, 1024]), local_y: torch.Size([64, 1024]), num_steps: 8, per_gpu: 64, mbs_size: 9
[GPU 0] [05:35:18] [INFO] New best validation loss: 3.6557 @ step 0
[GPU 0] [05:35:19] [INFO] New best validation loss: 3.6324 @ step 1
[GPU 0] [05:35:21] [INFO] New best validation loss: 3.6212 @ step 2
[GPU 0] [05:35:23] [INFO] New best validation loss: 3.6147 @ step 3
[GPU 0] [05:35:24] [INFO] New best validation loss: 3.6075 @ step 4
[GPU 0] [05:35:26] [INFO] New best validation loss: 3.6005 @ step 5
[GPU 0] [05:35:28] [INFO] New best validation loss: 3.5953 @ step 6
[GPU 0] [05:35:30] [INFO] New best validation loss: 3.5909 @ step 7
[GPU 0] [05:35:31] [INFO] New best validation loss: 3.5880 @ step 8
[GPU 0] [05:35:33] [INFO] New best validation loss: 3.5862 @ step 9
[GPU 0] [05:35:34] [INFO] New best validation loss: 3.5853 @ step 10
[GPU 0] [05:35:36] [INFO] New best validation loss: 3.5840 @ step 11
[GPU 0] [05:35:38] [INFO] New best validation loss: 3.5826 @ step 12
[GPU 0] [05:35:40] [INFO] New best validation loss: 3.5816 @ step 13
[GPU 0] [05:35:41] [INFO] New best validation loss: 3.5812 @ step 14
[GPU 0] [05:35:59] [INFO] Stop FT @ 26: no val improvement for 10 steps
[GPU 0] [05:35:59] [INFO] Wrote stats.jsonl entries at FT step 14 
[GPU 0] [05:36:03] [INFO] ----------------------------------------
[GPU 0] [05:36:03] [INFO] Finished. See /workspace/gradient-routing/experiments/AGI-1699-New-Dataset-Runs/results/scaling/realistic/lora/50M/seed_1/20260422050919142319
