[GPU 0] [05:16:58] [INFO] Number of GPUs: 8
[GPU 0] [05:16:59] [INFO] Tokenizer vocabulary: 50257
[GPU 0] [05:16:59] [INFO] Set model vocab size to nearest multiple of 64 of tokenizer size: 50304
[GPU 0] [05:17:01] [INFO] target effective batch size: 128, actual effective batch size: 128, micro batch size: 16, accumulation steps: 1, num gpus: 8
[GPU 0] [05:17:01] [INFO] core total number of tokens: 124693822984
[GPU 0] [05:17:01] [INFO] Baseline model has 199,891,008 parameters
[GPU 0] [05:17:01] [INFO] core: chinchilla optimal tokens: 3,997,820,160, requested proportion: 1.0000, requested number of tokens: 3,997,820,160.0, 
[GPU 0] [05:17:01] [INFO] aux total number of tokens: 4835776549
[GPU 0] [05:17:01] [INFO] Baseline model has 199,891,008 parameters
[GPU 0] [05:17:01] [INFO] aux: chinchilla optimal tokens: 3,997,820,160, requested proportion: 0.0100, requested number of tokens: 39,978,201.6, 
[GPU 0] [05:17:01] [DEBUG] Saved config to /workspace/gradient-routing/experiments/AGI-1699-New-Dataset-Runs/results/optimize/base/realistic/200M/seed_2/20260421051651640118/config.json
[GPU 0] [05:17:01] [DEBUG] {
    "stages": [
        {
            "name": "baseline",
            "num_checkpoints": -1,
            "lr": 0.0008,
            "res_dir": "/workspace/gradient-routing/experiments/AGI-1699-New-Dataset-Runs/results/optimize/base/realistic/200M/seed_2/20260421051651640118/baseline",
            "do_eval": true,
            "do_sample": false,
            "num_train_evals": 0,
            "do_elicit": false,
            "elicit_eval_prc": 0.5,
            "elicit_num_evals": 100
        }
    ],
    "model": {
        "arch": "base",
        "tokenizer": "GPT2Tokenizer(name_or_path='EleutherAI/gpt-neo-125M', vocab_size=50257, model_max_length=2048, padding_side='right', truncation_side='right', special_tokens={'bos_token': '<|endoftext|>', 'eos_token': '<|endoftext|>', 'unk_token': '<|endoftext|>'}, added_tokens_decoder={\n\t50256: AddedToken(\"<|endoftext|>\", rstrip=False, lstrip=False, single_word=False, normalized=True, special=True),\n}\n)",
        "ctx_len": 1024,
        "vocab_size": 50304,
        "num_layers": 13,
        "num_heads": 8,
        "num_key_value": 2,
        "attn_bias": true,
        "eos_token_id": 50256,
        "embed_dim": 896,
        "mlp_dim": 3584
    },
    "data": {
        "dirs": [
            "/workspace/gradient-routing/experiments/AGI-1699-New-Dataset-Runs/src/data/fineweb",
            "/workspace/gradient-routing/experiments/AGI-1699-New-Dataset-Runs/src/data/code",
            "/workspace/gradient-routing/experiments/AGI-1699-New-Dataset-Runs/src/data/papers"
        ],
        "core": {
            "labels": [
                "fineweb",
                "code-other",
                "papers-other"
            ],
            "method": "optimal",
            "limit": 1.0,
            "dist": {
                "fineweb": 0.84,
                "code-other": 0.15,
                "papers-other": 0.01
            },
            "num_tok": 3997820160.0
        },
        "aux": {
            "labels": [
                "code-lisp",
                "papers-biology",
                "papers-nuclear",
                "papers-cyber"
            ],
            "method": "optimal",
            "limit": 0.01,
            "dist": {
                "code-lisp": 0.25,
                "papers-biology": 0.25,
                "papers-nuclear": 0.25,
                "papers-cyber": 0.25
            },
            "num_tok": 39978201.6
        }
    },
    "run": {
        "target_effective_batch_size": 128,
        "effective_batch_size": 128,
        "micro_batch_size": 16,
        "accumulation_steps": 1,
        "max_num_test_sequences": 10000,
        "eval_all_labels": false,
        "micro_batch_anchors": [
            [
                400000000.0,
                23
            ],
            [
                5000000000.0,
                2
            ]
        ],
        "epochs": 1,
        "adam_betas": [
            0.9,
            0.95
        ],
        "warmup_prc": 0.02,
        "decay_prc": 0.1,
        "seed": 2,
        "compile": true,
        "is_ddp": true,
        "optimize_routed": true,
        "cleanup_distributed": false,
        "log_level": "DEBUG",
        "num_gpus": 8,
        "process_id": 0,
        "num_base_params": 199891008,
        "device": "cuda",
        "logger": "<Logger training_20260421051651640118 (DEBUG)>",
        "labels": [
            "core",
            "code-lisp",
            "papers-biology",
            "papers-cyber",
            "papers-nuclear"
        ],
        "loaders": {
            "code-lisp": {
                "train": "SingleDataLoader(code-lisp_train_001.bin, len=76)",
                "test": "InterleavedDataLoader(len=76)"
            },
            "code-other": {
                "train": "SingleDataLoader(code-other_train_003.bin, len=4575)",
                "test": "InterleavedDataLoader(len=79)"
            },
            "fineweb": {
                "train": "InterleavedDataLoader(len=25620)",
                "test": "InterleavedDataLoader(len=79)"
            },
            "papers-biology": {
                "train": "SingleDataLoader(papers-biology_train.bin, len=76)",
                "test": "SingleDataLoader(papers-biology_test.bin, len=76)"
            },
            "papers-cyber": {
                "train": "SingleDataLoader(papers-cyber_train.bin, len=76)",
                "test": "SingleDataLoader(papers-cyber_test.bin, len=76)"
            },
            "papers-nuclear": {
                "train": "SingleDataLoader(papers-nuclear_train.bin, len=76)",
                "test": "SingleDataLoader(papers-nuclear_test.bin, len=76)"
            },
            "papers-other": {
                "train": "SingleDataLoader(papers-other_train.bin, len=305)",
                "test": "SingleDataLoader(papers-other_test.bin, len=79)"
            },
            "core": {
                "train": "InterleavedDataLoader(len=30500)",
                "test": "InterleavedDataLoader(len=237)"
            },
            "aux": {
                "train": "InterleavedDataLoader(len=304)",
                "test": "InterleavedDataLoader(len=304)"
            },
            "all": {
                "train": "InterleavedDataLoader(len=30804)",
                "test": "InterleavedDataLoader(len=541)"
            }
        },
        "res_root": "/workspace/gradient-routing/experiments/AGI-1699-New-Dataset-Runs/results/optimize/base/realistic/200M/seed_2",
        "experiment_id": "20260421051651640118",
        "s3_bucket": "ae-gradient-routing-results",
        "s3_prefix": "optimize/base/realistic/200M/seed_2"
    }
}
[GPU 0] [05:17:01] [INFO] Loader code-lisp train: 76, test: 76
[GPU 0] [05:17:01] [INFO] Loader code-other train: 4575, test: 79
[GPU 0] [05:17:01] [INFO] Loader fineweb train: 25620, test: 79
[GPU 0] [05:17:01] [INFO] Loader papers-biology train: 76, test: 76
[GPU 0] [05:17:01] [INFO] Loader papers-cyber train: 76, test: 76
[GPU 0] [05:17:01] [INFO] Loader papers-nuclear train: 76, test: 76
[GPU 0] [05:17:01] [INFO] Loader papers-other train: 305, test: 79
[GPU 0] [05:17:01] [INFO] Loader core train: 30500, test: 237
[GPU 0] [05:17:01] [INFO] Loader aux train: 304, test: 304
[GPU 0] [05:17:01] [INFO] Loader all train: 30804, test: 541
[GPU 0] [05:17:01] [INFO] Stage [baseline] start: {"name": "baseline", "num_checkpoints": -1, "lr": 0.0008, "res_dir": "/workspace/gradient-routing/experiments/AGI-1699-New-Dataset-Runs/results/optimize/base/realistic/200M/seed_2/20260421051651640118/baseline", "do_eval": true, "do_sample": false, "num_train_evals": 0, "do_elicit": false, "elicit_eval_prc": 0.5, "elicit_num_evals": 100}
[GPU 0] [05:17:01] [INFO] BASELINE START
[GPU 0] [05:17:02] [INFO] Initialized BaseTransformer with 199,891,008 total parameters
[GPU 0] [05:17:02] [INFO] Compiling BaseTransformer with torch.compile...
[GPU 0] [05:17:03] [INFO] torch.compile done
[GPU 0] [05:17:03] [WARNING] restore_partial_state: no checkpoint found at /workspace/gradient-routing/experiments/AGI-1699-New-Dataset-Runs/results/optimize/base/realistic/200M/seed_2/20260421051651640118/baseline
[GPU 0] [05:17:03] [INFO] ---- Begin Train | Data Labels: ['all'] ----
[GPU 0] [05:17:03] [INFO] warmup_steps: 616
[GPU 0] [05:17:03] [INFO] constant_steps: 27108
[GPU 0] [05:17:03] [INFO] decay_steps: 3080
[GPU 0] [05:17:03] [INFO] LR Scheduler: Warmup Start
[GPU 0] [05:17:26] [INFO] Step: 1, LR: 1.31e-06
[GPU 0] [05:17:26] [INFO] Train Loss: CORE: 11.00 CODE-LISP: nan PAPERS-BIOLOGY: nan PAPERS-CYBER: nan PAPERS-NUCLEAR: nan 
[GPU 0] [05:18:17] [INFO] LR Scheduler: Constant Start
[GPU 0] [05:18:49] [INFO] Step: 1000, LR: 8.00e-04
[GPU 0] [05:18:49] [INFO] Train Loss: CORE: 4.45 CODE-LISP: 4.93 PAPERS-BIOLOGY: 6.10 PAPERS-CYBER: nan PAPERS-NUCLEAR: 5.68 
[GPU 0] [05:20:13] [INFO] Step: 2000, LR: 8.00e-04
[GPU 0] [05:20:13] [INFO] Train Loss: CORE: 3.41 CODE-LISP: 4.08 PAPERS-BIOLOGY: 5.83 PAPERS-CYBER: 4.20 PAPERS-NUCLEAR: 5.30 
[GPU 0] [05:21:37] [INFO] Step: 3000, LR: 8.00e-04
[GPU 0] [05:21:37] [INFO] Train Loss: CORE: 3.48 CODE-LISP: 3.48 PAPERS-BIOLOGY: 5.54 PAPERS-CYBER: 4.05 PAPERS-NUCLEAR: 5.30 
[GPU 0] [05:23:01] [INFO] Step: 4000, LR: 8.00e-04
[GPU 0] [05:23:01] [INFO] Train Loss: CORE: 3.08 CODE-LISP: 2.83 PAPERS-BIOLOGY: 5.54 PAPERS-CYBER: 3.93 PAPERS-NUCLEAR: 5.30 
[GPU 0] [05:24:25] [INFO] Step: 5000, LR: 8.00e-04
[GPU 0] [05:24:25] [INFO] Train Loss: CORE: 2.96 CODE-LISP: 2.09 PAPERS-BIOLOGY: 5.31 PAPERS-CYBER: 3.62 PAPERS-NUCLEAR: 4.81 
[GPU 0] [05:25:48] [INFO] Step: 6000, LR: 8.00e-04
[GPU 0] [05:25:48] [INFO] Train Loss: CORE: 2.98 CODE-LISP: 1.96 PAPERS-BIOLOGY: 5.11 PAPERS-CYBER: 3.62 PAPERS-NUCLEAR: 4.36 
[GPU 0] [05:27:12] [INFO] Step: 7000, LR: 8.00e-04
[GPU 0] [05:27:12] [INFO] Train Loss: CORE: 3.46 CODE-LISP: 1.89 PAPERS-BIOLOGY: 3.63 PAPERS-CYBER: 3.60 PAPERS-NUCLEAR: 4.10 
[GPU 0] [05:28:36] [INFO] Step: 8000, LR: 8.00e-04
[GPU 0] [05:28:36] [INFO] Train Loss: CORE: 3.36 CODE-LISP: 1.82 PAPERS-BIOLOGY: 3.22 PAPERS-CYBER: 3.59 PAPERS-NUCLEAR: 3.63 
[GPU 0] [05:30:00] [INFO] Step: 9000, LR: 8.00e-04
[GPU 0] [05:30:00] [INFO] Train Loss: CORE: 3.16 CODE-LISP: 1.63 PAPERS-BIOLOGY: 3.16 PAPERS-CYBER: 3.48 PAPERS-NUCLEAR: 3.51 
[GPU 0] [05:31:24] [INFO] Step: 10000, LR: 8.00e-04
[GPU 0] [05:31:24] [INFO] Train Loss: CORE: 3.16 CODE-LISP: 1.49 PAPERS-BIOLOGY: 3.15 PAPERS-CYBER: 3.46 PAPERS-NUCLEAR: 3.46 
[GPU 0] [05:32:48] [INFO] Step: 11000, LR: 8.00e-04
[GPU 0] [05:32:48] [INFO] Train Loss: CORE: 3.13 CODE-LISP: 1.47 PAPERS-BIOLOGY: 3.15 PAPERS-CYBER: 3.44 PAPERS-NUCLEAR: 3.51 
[GPU 0] [05:34:12] [INFO] Step: 12000, LR: 8.00e-04
[GPU 0] [05:34:12] [INFO] Train Loss: CORE: 3.09 CODE-LISP: 1.42 PAPERS-BIOLOGY: 3.15 PAPERS-CYBER: 3.42 PAPERS-NUCLEAR: 3.47 
[GPU 0] [05:35:35] [INFO] Step: 13000, LR: 8.00e-04
[GPU 0] [05:35:35] [INFO] Train Loss: CORE: 2.89 CODE-LISP: 1.39 PAPERS-BIOLOGY: 3.11 PAPERS-CYBER: 3.42 PAPERS-NUCLEAR: 3.47 
[GPU 0] [05:36:59] [INFO] Step: 14000, LR: 8.00e-04
[GPU 0] [05:36:59] [INFO] Train Loss: CORE: 2.82 CODE-LISP: 1.40 PAPERS-BIOLOGY: 3.12 PAPERS-CYBER: 3.41 PAPERS-NUCLEAR: 3.45 
[GPU 0] [05:38:23] [INFO] Step: 15000, LR: 8.00e-04
[GPU 0] [05:38:23] [INFO] Train Loss: CORE: 3.06 CODE-LISP: 1.37 PAPERS-BIOLOGY: 3.10 PAPERS-CYBER: 3.40 PAPERS-NUCLEAR: 3.44 
[GPU 0] [05:39:47] [INFO] Step: 16000, LR: 8.00e-04
[GPU 0] [05:39:47] [INFO] Train Loss: CORE: 3.05 CODE-LISP: 1.36 PAPERS-BIOLOGY: 3.06 PAPERS-CYBER: 3.37 PAPERS-NUCLEAR: 3.45 
[GPU 0] [05:41:11] [INFO] Step: 17000, LR: 8.00e-04
[GPU 0] [05:41:11] [INFO] Train Loss: CORE: 3.06 CODE-LISP: 1.36 PAPERS-BIOLOGY: 3.07 PAPERS-CYBER: 3.36 PAPERS-NUCLEAR: 3.45 
[GPU 0] [05:42:35] [INFO] Step: 18000, LR: 8.00e-04
[GPU 0] [05:42:35] [INFO] Train Loss: CORE: 3.25 CODE-LISP: 1.40 PAPERS-BIOLOGY: 3.04 PAPERS-CYBER: 3.30 PAPERS-NUCLEAR: 3.42 
[GPU 0] [05:44:00] [INFO] Step: 19000, LR: 8.00e-04
[GPU 0] [05:44:00] [INFO] Train Loss: CORE: 3.25 CODE-LISP: 1.35 PAPERS-BIOLOGY: 3.01 PAPERS-CYBER: 3.29 PAPERS-NUCLEAR: 3.40 
[GPU 0] [05:45:25] [INFO] Step: 20000, LR: 8.00e-04
[GPU 0] [05:45:25] [INFO] Train Loss: CORE: 2.49 CODE-LISP: 1.34 PAPERS-BIOLOGY: 3.01 PAPERS-CYBER: 3.26 PAPERS-NUCLEAR: 3.38 
[GPU 0] [05:46:49] [INFO] Step: 21000, LR: 8.00e-04
[GPU 0] [05:46:49] [INFO] Train Loss: CORE: 3.01 CODE-LISP: 1.31 PAPERS-BIOLOGY: 3.01 PAPERS-CYBER: 3.30 PAPERS-NUCLEAR: 3.43 
[GPU 0] [05:48:13] [INFO] Step: 22000, LR: 8.00e-04
[GPU 0] [05:48:13] [INFO] Train Loss: CORE: 2.80 CODE-LISP: 1.27 PAPERS-BIOLOGY: 3.02 PAPERS-CYBER: 3.28 PAPERS-NUCLEAR: 3.43 
[GPU 0] [05:49:36] [INFO] Step: 23000, LR: 8.00e-04
[GPU 0] [05:49:36] [INFO] Train Loss: CORE: 2.45 CODE-LISP: 1.16 PAPERS-BIOLOGY: 3.04 PAPERS-CYBER: 3.26 PAPERS-NUCLEAR: 3.41 
[GPU 0] [05:51:01] [INFO] Step: 24000, LR: 8.00e-04
[GPU 0] [05:51:01] [INFO] Train Loss: CORE: 2.98 CODE-LISP: 1.17 PAPERS-BIOLOGY: 3.03 PAPERS-CYBER: 3.25 PAPERS-NUCLEAR: 3.36 
[GPU 0] [05:52:25] [INFO] Step: 25000, LR: 8.00e-04
[GPU 0] [05:52:25] [INFO] Train Loss: CORE: 3.00 CODE-LISP: 1.22 PAPERS-BIOLOGY: 3.00 PAPERS-CYBER: 3.22 PAPERS-NUCLEAR: 3.34 
[GPU 0] [05:53:48] [INFO] Step: 26000, LR: 8.00e-04
[GPU 0] [05:53:48] [INFO] Train Loss: CORE: 3.05 CODE-LISP: 1.24 PAPERS-BIOLOGY: 2.99 PAPERS-CYBER: 3.20 PAPERS-NUCLEAR: 3.34 
[GPU 0] [05:55:12] [INFO] Step: 27000, LR: 8.00e-04
[GPU 0] [05:55:12] [INFO] Train Loss: CORE: 3.07 CODE-LISP: 1.31 PAPERS-BIOLOGY: 2.96 PAPERS-CYBER: 3.20 PAPERS-NUCLEAR: 3.33 
[GPU 0] [05:56:13] [INFO] LR Scheduler: Decay Start
[GPU 0] [05:56:36] [INFO] Step: 28000, LR: 7.28e-04
[GPU 0] [05:56:36] [INFO] Train Loss: CORE: 2.99 CODE-LISP: 1.32 PAPERS-BIOLOGY: 3.00 PAPERS-CYBER: 3.23 PAPERS-NUCLEAR: 3.38 
[GPU 0] [05:58:00] [INFO] Step: 29000, LR: 4.69e-04
[GPU 0] [05:58:00] [INFO] Train Loss: CORE: 2.42 CODE-LISP: 1.31 PAPERS-BIOLOGY: 2.93 PAPERS-CYBER: 3.25 PAPERS-NUCLEAR: 3.39 
[GPU 0] [05:59:24] [INFO] Step: 30000, LR: 2.09e-04
[GPU 0] [05:59:24] [INFO] Train Loss: CORE: 3.15 CODE-LISP: 1.26 PAPERS-BIOLOGY: 2.89 PAPERS-CYBER: 3.23 PAPERS-NUCLEAR: 3.36 
[GPU 0] [06:00:31] [INFO] Step: 30804, LR: 1.00e-08
[GPU 0] [06:00:31] [INFO] Train Loss: CORE: 2.63 CODE-LISP: 1.22 PAPERS-BIOLOGY: 2.89 PAPERS-CYBER: 3.23 PAPERS-NUCLEAR: 3.33 
[GPU 0] [06:00:32] [INFO] ---- Begin Eval ----
[GPU 0] [06:00:32] [INFO] Data: core | Experts: None
[GPU 0] [06:00:49] [INFO] loss: 2.24083400
[GPU 0] [06:00:49] [INFO] Data: code-lisp | Experts: None
[GPU 0] [06:00:52] [INFO] loss: 1.17218339
[GPU 0] [06:00:52] [INFO] Data: papers-biology | Experts: None
[GPU 0] [06:00:54] [INFO] loss: 2.81571221
[GPU 0] [06:00:54] [INFO] Data: papers-nuclear | Experts: None
[GPU 0] [06:00:57] [INFO] loss: 3.15864015
[GPU 0] [06:00:57] [INFO] Data: papers-cyber | Experts: None
[GPU 0] [06:00:59] [INFO] loss: 3.09056306
[GPU 0] [06:01:11] [INFO] ----------------------------------------
[GPU 0] [06:01:11] [INFO] Finished. See /workspace/gradient-routing/experiments/AGI-1699-New-Dataset-Runs/results/optimize/base/realistic/200M/seed_2/20260421051651640118
