[GPU 0] [16:05:40] [INFO] Git branch: AGI-1696-New-Dataset-Runs_ethan, commit: 4155db9e33feaabc5b141a5a03d10b08e299ec88
[GPU 0] [16:05:40] [INFO] Number of GPUs: 8
[GPU 0] [16:05:41] [INFO] Tokenizer vocabulary: 50257
[GPU 0] [16:05:41] [INFO] Set model vocab size to nearest multiple of 64 of tokenizer size: 50304
[GPU 0] [16:05:59] [INFO] target effective batch size: 641, actual effective batch size: 672, micro batch size: 12, accumulation steps: 7, num gpus: 8
[GPU 0] [16:05:59] [INFO] core total number of tokens: 66749057569
[GPU 0] [16:05:59] [INFO] Baseline model has 806,509,504 parameters
[GPU 0] [16:05:59] [INFO] core: chinchilla optimal tokens: 16,130,190,080, requested proportion: 1.0000, requested number of tokens: 16,130,190,080.0, 
[GPU 0] [16:05:59] [INFO] aux total number of tokens: 4835776549
[GPU 0] [16:05:59] [INFO] Baseline model has 806,509,504 parameters
[GPU 0] [16:05:59] [INFO] aux: chinchilla optimal tokens: 16,130,190,080, requested proportion: 0.0100, requested number of tokens: 161,301,900.8, 
[GPU 0] [16:05:59] [DEBUG] Saved config to /workspace-vast/ethanr/gradient-routing/experiments/AGI-1699-New-Dataset-Runs/results/scaling/realistic/coreftaux/800M/seed_2/20260518160524921725/config.json
[GPU 0] [16:05:59] [DEBUG] {
    "stages": [
        {
            "name": "coreftaux",
            "num_checkpoints": -1,
            "lr": 0.0005663534909876918,
            "res_dir": "/workspace-vast/ethanr/gradient-routing/experiments/AGI-1699-New-Dataset-Runs/results/scaling/realistic/coreftaux/800M/seed_2/20260518160524921725/coreftaux",
            "acc_mode": "uniform",
            "do_eval": true,
            "do_sample": false,
            "num_train_evals": 0,
            "do_elicit": true,
            "elicit_eval_prc": 0.5,
            "elicit_num_evals": 100,
            "retain_targets": null,
            "aux_factor": 0.3,
            "core_aux_ratio": 4.0,
            "label_prc": 1.0,
            "ft_lr_factor": 0.25
        }
    ],
    "model": {
        "arch": "base",
        "tokenizer": "GPT2Tokenizer(name_or_path='EleutherAI/gpt-neo-125M', vocab_size=50257, model_max_length=2048, padding_side='right', truncation_side='right', special_tokens={'bos_token': '<|endoftext|>', 'eos_token': '<|endoftext|>', 'unk_token': '<|endoftext|>'}, added_tokens_decoder={\n\t50256: AddedToken(\"<|endoftext|>\", rstrip=False, lstrip=False, single_word=False, normalized=True, special=True),\n}\n)",
        "ctx_len": 1024,
        "vocab_size": 50304,
        "num_layers": 24,
        "num_heads": 8,
        "num_key_value": 2,
        "attn_bias": true,
        "eos_token_id": 50256,
        "embed_dim": 1600,
        "mlp_dim": 6400
    },
    "data": {
        "dirs": [
            "/workspace-vast/ethanr/gradient-routing/experiments/AGI-1699-New-Dataset-Runs/src/data/fineweb",
            "/workspace-vast/ethanr/gradient-routing/experiments/AGI-1699-New-Dataset-Runs/src/data/code",
            "/workspace-vast/ethanr/gradient-routing/experiments/AGI-1699-New-Dataset-Runs/src/data/papers"
        ],
        "core": {
            "labels": [
                "fineweb",
                "code-other",
                "papers-other"
            ],
            "method": "optimal",
            "limit": 1.0,
            "dist": {
                "fineweb": 0.84,
                "code-other": 0.15,
                "papers-other": 0.01
            },
            "num_tok": 16130190080.0
        },
        "aux": {
            "labels": [
                "code-lisp",
                "papers-biology",
                "papers-nuclear",
                "papers-cyber"
            ],
            "method": "optimal",
            "limit": 0.01,
            "dist": {
                "code-lisp": 0.25,
                "papers-biology": 0.25,
                "papers-nuclear": 0.25,
                "papers-cyber": 0.25
            },
            "num_tok": 161301900.8
        }
    },
    "run": {
        "target_effective_batch_size": 641,
        "effective_batch_size": 672,
        "micro_batch_size": 12,
        "accumulation_steps": 7,
        "max_num_test_sequences": 10000,
        "eval_all_labels": false,
        "micro_batch_anchors": [
            [
                400000000.0,
                23
            ],
            [
                5000000000.0,
                2
            ]
        ],
        "epochs": 1,
        "adam_betas": [
            0.9,
            0.95
        ],
        "warmup_prc": 0.02,
        "decay_prc": 0.1,
        "seed": 2,
        "compile": true,
        "find_unused_parameters": true,
        "is_ddp": true,
        "cleanup_distributed": false,
        "log_level": "DEBUG",
        "num_gpus": 8,
        "process_id": 0,
        "num_base_params": 806509504,
        "device": "cuda",
        "logger": "<Logger training_20260518160524921725 (DEBUG)>",
        "labels": [
            "core",
            "code-lisp",
            "papers-biology",
            "papers-cyber",
            "papers-nuclear"
        ],
        "loaders": {
            "code-lisp": {
                "train": "SingleDataLoader(code-lisp_train_001.bin, len=410)",
                "test": "InterleavedDataLoader(len=105)"
            },
            "code-other": {
                "train": "InterleavedDataLoader(len=24612)",
                "test": "InterleavedDataLoader(len=105)"
            },
            "fineweb": {
                "train": "InterleavedDataLoader(len=137831)",
                "test": "InterleavedDataLoader(len=105)"
            },
            "papers-biology": {
                "train": "SingleDataLoader(papers-biology_train.bin, len=410)",
                "test": "SingleDataLoader(papers-biology_test.bin, len=105)"
            },
            "papers-cyber": {
                "train": "SingleDataLoader(papers-cyber_train.bin, len=410)",
                "test": "SingleDataLoader(papers-cyber_test.bin, len=105)"
            },
            "papers-nuclear": {
                "train": "SingleDataLoader(papers-nuclear_train.bin, len=410)",
                "test": "SingleDataLoader(papers-nuclear_test.bin, len=105)"
            },
            "papers-other": {
                "train": "SingleDataLoader(papers-other_train.bin, len=1640)",
                "test": "SingleDataLoader(papers-other_test.bin, len=105)"
            },
            "core": {
                "train": "InterleavedDataLoader(len=164083)",
                "test": "InterleavedDataLoader(len=315)"
            },
            "aux": {
                "train": "InterleavedDataLoader(len=1640)",
                "test": "InterleavedDataLoader(len=420)"
            },
            "all": {
                "train": "InterleavedDataLoader(len=165723)",
                "test": "InterleavedDataLoader(len=735)"
            }
        },
        "res_root": "/workspace-vast/ethanr/gradient-routing/experiments/AGI-1699-New-Dataset-Runs/results/scaling/realistic/coreftaux/800M/seed_2",
        "experiment_id": "20260518160524921725",
        "s3_bucket": "ae-gradient-routing-results",
        "s3_prefix": "scaling/realistic/coreftaux/800M/seed_2"
    },
    "label_prc": 1.0
}
[GPU 0] [16:05:59] [INFO] Loader code-lisp train: 410, test: 105
[GPU 0] [16:05:59] [INFO] Loader code-other train: 24612, test: 105
[GPU 0] [16:05:59] [INFO] Loader fineweb train: 137831, test: 105
[GPU 0] [16:05:59] [INFO] Loader papers-biology train: 410, test: 105
[GPU 0] [16:05:59] [INFO] Loader papers-cyber train: 410, test: 105
[GPU 0] [16:05:59] [INFO] Loader papers-nuclear train: 410, test: 105
[GPU 0] [16:05:59] [INFO] Loader papers-other train: 1640, test: 105
[GPU 0] [16:05:59] [INFO] Loader core train: 164083, test: 315
[GPU 0] [16:05:59] [INFO] Loader aux train: 1640, test: 420
[GPU 0] [16:05:59] [INFO] Loader all train: 165723, test: 735
[GPU 0] [16:05:59] [INFO] Stage [coreftaux] start: {"name": "coreftaux", "num_checkpoints": -1, "lr": 0.0005663534909876918, "res_dir": "/workspace-vast/ethanr/gradient-routing/experiments/AGI-1699-New-Dataset-Runs/results/scaling/realistic/coreftaux/800M/seed_2/20260518160524921725/coreftaux", "acc_mode": "uniform", "do_eval": true, "do_sample": false, "num_train_evals": 0, "do_elicit": true, "elicit_eval_prc": 0.5, "elicit_num_evals": 100, "retain_targets": null, "aux_factor": 0.3, "core_aux_ratio": 4.0, "label_prc": 1.0, "ft_lr_factor": 0.25}
[GPU 0] [16:05:59] [INFO] CORE FT AUX - BASE PHASE START
[GPU 0] [16:06:17] [INFO] Initialized BaseTransformer with 806,509,504 total parameters
[GPU 0] [16:06:17] [INFO] Compiling BaseTransformer with torch.compile...
[GPU 0] [16:06:21] [INFO] torch.compile done
[GPU 0] [16:06:21] [WARNING] restore_partial_state: no checkpoint found at /workspace-vast/ethanr/gradient-routing/experiments/AGI-1699-New-Dataset-Runs/results/scaling/realistic/coreftaux/800M/seed_2/20260518160524921725/coreftaux/core
[GPU 0] [16:06:21] [INFO] ---- Begin CoreFTAux | Phase: base | Data Label: core ----
[GPU 0] [16:06:21] [DEBUG] acc_mode: uniform, label_prc: 1.0, lr: 0.0005663534909876918
[GPU 0] [16:06:21] [INFO] 
len_all: 165723, len_all_labeled: 165723, len_all_unlabeled: 0,
len_base: 163263, len_ft: 2460,
len_core_for_ft: 1968, len_aux_for_ft: 492,
aux_factor: {'code-lisp': 0.3, 'papers-biology': 0.3, 'papers-nuclear': 0.3, 'papers-cyber': 0.3}, core_aux_ratio: 4.0,
[GPU 0] [16:06:22] [INFO] Batch [core] count: 163261
[GPU 0] [16:06:22] [INFO] warmup_steps: 466
[GPU 0] [16:06:22] [INFO] constant_steps: 20525
[GPU 0] [16:06:22] [INFO] decay_steps: 2332
[GPU 0] [16:06:22] [INFO] LR Scheduler: Warmup Start
[GPU 0] [16:07:53] [INFO] Step: 1, LR: 1.23e-06
[GPU 0] [16:07:53] [INFO] Train Loss: CORE: 11.08 CODE-LISP: nan PAPERS-BIOLOGY: nan PAPERS-CYBER: nan PAPERS-NUCLEAR: nan 
[GPU 0] [16:23:50] [INFO] LR Scheduler: Constant Start
[GPU 0] [16:41:04] [INFO] Step: 1000, LR: 5.66e-04
[GPU 0] [16:41:04] [INFO] Train Loss: CORE: 3.32 CODE-LISP: nan PAPERS-BIOLOGY: nan PAPERS-CYBER: nan PAPERS-NUCLEAR: nan 
[GPU 0] [17:12:38] [INFO] Step: 2000, LR: 5.66e-04
[GPU 0] [17:12:38] [INFO] Train Loss: CORE: 2.53 CODE-LISP: nan PAPERS-BIOLOGY: nan PAPERS-CYBER: nan PAPERS-NUCLEAR: nan 
[GPU 0] [17:44:01] [INFO] Step: 3000, LR: 5.66e-04
[GPU 0] [17:44:01] [INFO] Train Loss: CORE: 2.84 CODE-LISP: nan PAPERS-BIOLOGY: nan PAPERS-CYBER: nan PAPERS-NUCLEAR: nan 
[GPU 0] [18:15:21] [INFO] Step: 4000, LR: 5.66e-04
[GPU 0] [18:15:21] [INFO] Train Loss: CORE: 2.81 CODE-LISP: nan PAPERS-BIOLOGY: nan PAPERS-CYBER: nan PAPERS-NUCLEAR: nan 
[GPU 0] [18:46:42] [INFO] Step: 5000, LR: 5.66e-04
[GPU 0] [18:46:42] [INFO] Train Loss: CORE: 2.35 CODE-LISP: nan PAPERS-BIOLOGY: nan PAPERS-CYBER: nan PAPERS-NUCLEAR: nan 
[GPU 0] [19:18:02] [INFO] Step: 6000, LR: 5.66e-04
[GPU 0] [19:18:02] [INFO] Train Loss: CORE: 2.47 CODE-LISP: nan PAPERS-BIOLOGY: nan PAPERS-CYBER: nan PAPERS-NUCLEAR: nan 
[GPU 0] [19:49:21] [INFO] Step: 7000, LR: 5.66e-04
[GPU 0] [19:49:21] [INFO] Train Loss: CORE: 2.69 CODE-LISP: nan PAPERS-BIOLOGY: nan PAPERS-CYBER: nan PAPERS-NUCLEAR: nan 
[GPU 0] [20:20:39] [INFO] Step: 8000, LR: 5.66e-04
[GPU 0] [20:20:39] [INFO] Train Loss: CORE: 2.68 CODE-LISP: nan PAPERS-BIOLOGY: nan PAPERS-CYBER: nan PAPERS-NUCLEAR: nan 
[GPU 0] [20:51:58] [INFO] Step: 9000, LR: 5.66e-04
[GPU 0] [20:51:58] [INFO] Train Loss: CORE: 2.90 CODE-LISP: nan PAPERS-BIOLOGY: nan PAPERS-CYBER: nan PAPERS-NUCLEAR: nan 
[GPU 0] [21:23:16] [INFO] Step: 10000, LR: 5.66e-04
[GPU 0] [21:23:16] [INFO] Train Loss: CORE: 2.45 CODE-LISP: nan PAPERS-BIOLOGY: nan PAPERS-CYBER: nan PAPERS-NUCLEAR: nan 
[GPU 0] [21:54:34] [INFO] Step: 11000, LR: 5.66e-04
[GPU 0] [21:54:34] [INFO] Train Loss: CORE: 2.64 CODE-LISP: nan PAPERS-BIOLOGY: nan PAPERS-CYBER: nan PAPERS-NUCLEAR: nan 
[GPU 0] [22:25:51] [INFO] Step: 12000, LR: 5.66e-04
[GPU 0] [22:25:51] [INFO] Train Loss: CORE: 2.61 CODE-LISP: nan PAPERS-BIOLOGY: nan PAPERS-CYBER: nan PAPERS-NUCLEAR: nan 
[GPU 0] [22:57:09] [INFO] Step: 13000, LR: 5.66e-04
[GPU 0] [22:57:09] [INFO] Train Loss: CORE: 2.16 CODE-LISP: nan PAPERS-BIOLOGY: nan PAPERS-CYBER: nan PAPERS-NUCLEAR: nan 
[GPU 0] [23:28:28] [INFO] Step: 14000, LR: 5.66e-04
[GPU 0] [23:28:28] [INFO] Train Loss: CORE: 1.97 CODE-LISP: nan PAPERS-BIOLOGY: nan PAPERS-CYBER: nan PAPERS-NUCLEAR: nan 
[GPU 0] [23:59:47] [INFO] Step: 15000, LR: 5.66e-04
[GPU 0] [23:59:47] [INFO] Train Loss: CORE: 2.64 CODE-LISP: nan PAPERS-BIOLOGY: nan PAPERS-CYBER: nan PAPERS-NUCLEAR: nan 
[GPU 0] [00:31:06] [INFO] Step: 16000, LR: 5.66e-04
[GPU 0] [00:31:06] [INFO] Train Loss: CORE: 2.83 CODE-LISP: nan PAPERS-BIOLOGY: nan PAPERS-CYBER: nan PAPERS-NUCLEAR: nan 
[GPU 0] [01:02:26] [INFO] Step: 17000, LR: 5.66e-04
[GPU 0] [01:02:26] [INFO] Train Loss: CORE: 2.78 CODE-LISP: nan PAPERS-BIOLOGY: nan PAPERS-CYBER: nan PAPERS-NUCLEAR: nan 
[GPU 0] [01:33:45] [INFO] Step: 18000, LR: 5.66e-04
[GPU 0] [01:33:45] [INFO] Train Loss: CORE: 2.34 CODE-LISP: nan PAPERS-BIOLOGY: nan PAPERS-CYBER: nan PAPERS-NUCLEAR: nan 
[GPU 0] [02:05:04] [INFO] Step: 19000, LR: 5.66e-04
[GPU 0] [02:05:04] [INFO] Train Loss: CORE: 2.43 CODE-LISP: nan PAPERS-BIOLOGY: nan PAPERS-CYBER: nan PAPERS-NUCLEAR: nan 
[GPU 0] [02:36:23] [INFO] Step: 20000, LR: 5.66e-04
[GPU 0] [02:36:23] [INFO] Train Loss: CORE: 2.36 CODE-LISP: nan PAPERS-BIOLOGY: nan PAPERS-CYBER: nan PAPERS-NUCLEAR: nan 
[GPU 0] [03:07:24] [INFO] LR Scheduler: Decay Start
[GPU 0] [03:07:41] [INFO] Step: 21000, LR: 5.64e-04
[GPU 0] [03:07:41] [INFO] Train Loss: CORE: 2.38 CODE-LISP: nan PAPERS-BIOLOGY: nan PAPERS-CYBER: nan PAPERS-NUCLEAR: nan 
[GPU 0] [03:39:00] [INFO] Step: 22000, LR: 3.21e-04
[GPU 0] [03:39:00] [INFO] Train Loss: CORE: 2.09 CODE-LISP: nan PAPERS-BIOLOGY: nan PAPERS-CYBER: nan PAPERS-NUCLEAR: nan 
[GPU 0] [04:10:18] [INFO] Step: 23000, LR: 7.85e-05
[GPU 0] [04:10:18] [INFO] Train Loss: CORE: 2.02 CODE-LISP: nan PAPERS-BIOLOGY: nan PAPERS-CYBER: nan PAPERS-NUCLEAR: nan 
[GPU 0] [04:20:26] [INFO] Step: 23323, LR: 1.00e-08
[GPU 0] [04:20:26] [INFO] Train Loss: CORE: 2.20 CODE-LISP: nan PAPERS-BIOLOGY: nan PAPERS-CYBER: nan PAPERS-NUCLEAR: nan 
[GPU 0] [04:21:00] [INFO] ---- Begin Eval ----
[GPU 0] [04:21:00] [INFO] Data: core | Experts: None
[GPU 0] [04:22:04] [INFO] loss: 1.87863266
[GPU 0] [04:22:04] [INFO] Data: code-lisp | Experts: None
[GPU 0] [04:22:10] [INFO] loss: 1.41891730
[GPU 0] [04:22:10] [INFO] Data: papers-biology | Experts: None
[GPU 0] [04:22:17] [INFO] loss: 2.46878719
[GPU 0] [04:22:17] [INFO] Data: papers-nuclear | Experts: None
[GPU 0] [04:22:23] [INFO] loss: 2.84462428
[GPU 0] [04:22:23] [INFO] Data: papers-cyber | Experts: None
[GPU 0] [04:22:29] [INFO] loss: 2.71214676
[GPU 0] [04:22:34] [INFO] CORE FT AUX - BASE PHASE - ADVERSARIAL FT START
[GPU 0] [04:22:47] [INFO] ---- Begin FT | Experts: None | Data: ['code-lisp'] ----
[GPU 0] [04:22:47] [DEBUG] num_seq: 512, num_rounds: 200, patience: 10
[GPU 0] [04:22:47] [DEBUG] local_x: torch.Size([64, 1024]), local_y: torch.Size([64, 1024]), num_steps: 6, per_gpu: 64, mbs_size: 12
[GPU 0] [04:24:21] [INFO] New best validation loss: 1.6020 @ step 0
[GPU 0] [04:24:37] [INFO] New best validation loss: 1.3394 @ step 1
[GPU 0] [04:24:54] [INFO] New best validation loss: 1.2921 @ step 2
[GPU 0] [04:25:10] [INFO] New best validation loss: 1.2472 @ step 3
[GPU 0] [04:25:26] [INFO] New best validation loss: 1.2129 @ step 4
[GPU 0] [04:25:42] [INFO] New best validation loss: 1.1911 @ step 5
[GPU 0] [04:25:59] [INFO] New best validation loss: 1.1751 @ step 6
[GPU 0] [04:26:16] [INFO] New best validation loss: 1.1618 @ step 7
[GPU 0] [04:26:33] [INFO] New best validation loss: 1.1492 @ step 8
[GPU 0] [04:26:51] [INFO] New best validation loss: 1.1358 @ step 9
[GPU 0] [04:27:08] [INFO] New best validation loss: 1.1232 @ step 10
[GPU 0] [04:27:24] [INFO] New best validation loss: 1.1116 @ step 11
[GPU 0] [04:27:41] [INFO] New best validation loss: 1.1014 @ step 12
[GPU 0] [04:27:58] [INFO] New best validation loss: 1.0923 @ step 13
[GPU 0] [04:28:14] [INFO] New best validation loss: 1.0844 @ step 14
[GPU 0] [04:28:31] [INFO] New best validation loss: 1.0775 @ step 15
[GPU 0] [04:28:49] [INFO] New best validation loss: 1.0712 @ step 16
[GPU 0] [04:29:05] [INFO] New best validation loss: 1.0657 @ step 17
[GPU 0] [04:29:22] [INFO] New best validation loss: 1.0603 @ step 18
[GPU 0] [04:29:39] [INFO] New best validation loss: 1.0562 @ step 19
[GPU 0] [04:29:56] [INFO] New best validation loss: 1.0528 @ step 20
[GPU 0] [04:30:15] [INFO] New best validation loss: 1.0505 @ step 21
[GPU 0] [04:30:34] [INFO] New best validation loss: 1.0490 @ step 22
[GPU 0] [04:30:51] [INFO] New best validation loss: 1.0478 @ step 23
[GPU 0] [04:31:08] [INFO] New best validation loss: 1.0471 @ step 24
[GPU 0] [04:34:12] [INFO] Stop FT @ 36: no val improvement for 10 steps
[GPU 0] [04:34:12] [INFO] Wrote stats.jsonl entries at FT step 24 
[GPU 0] [04:34:29] [INFO] ---- Begin FT | Experts: None | Data: ['papers-biology'] ----
[GPU 0] [04:34:29] [DEBUG] num_seq: 512, num_rounds: 200, patience: 10
[GPU 0] [04:34:30] [DEBUG] local_x: torch.Size([64, 1024]), local_y: torch.Size([64, 1024]), num_steps: 6, per_gpu: 64, mbs_size: 12
[GPU 0] [04:34:45] [INFO] New best validation loss: 2.5830 @ step 0
[GPU 0] [04:35:01] [INFO] New best validation loss: 2.4839 @ step 1
[GPU 0] [04:36:09] [INFO] New best validation loss: 2.4809 @ step 5
[GPU 0] [04:36:26] [INFO] New best validation loss: 2.4786 @ step 6
[GPU 0] [04:39:31] [INFO] Stop FT @ 18: no val improvement for 10 steps
[GPU 0] [04:39:31] [INFO] Wrote stats.jsonl entries at FT step 6 
[GPU 0] [04:39:47] [INFO] ---- Begin FT | Experts: None | Data: ['papers-cyber'] ----
[GPU 0] [04:39:47] [DEBUG] num_seq: 512, num_rounds: 200, patience: 10
[GPU 0] [04:39:47] [DEBUG] local_x: torch.Size([64, 1024]), local_y: torch.Size([64, 1024]), num_steps: 6, per_gpu: 64, mbs_size: 12
[GPU 0] [04:40:03] [INFO] New best validation loss: 2.8117 @ step 0
[GPU 0] [04:40:18] [INFO] New best validation loss: 2.7258 @ step 1
[GPU 0] [04:43:22] [INFO] Stop FT @ 13: no val improvement for 10 steps
[GPU 0] [04:43:22] [INFO] Wrote stats.jsonl entries at FT step 1 
[GPU 0] [04:43:37] [INFO] ---- Begin FT | Experts: None | Data: ['papers-nuclear'] ----
[GPU 0] [04:43:37] [DEBUG] num_seq: 512, num_rounds: 200, patience: 10
[GPU 0] [04:43:37] [DEBUG] local_x: torch.Size([64, 1024]), local_y: torch.Size([64, 1024]), num_steps: 6, per_gpu: 64, mbs_size: 12
[GPU 0] [04:43:53] [INFO] New best validation loss: 3.0002 @ step 0
[GPU 0] [04:44:09] [INFO] New best validation loss: 2.8568 @ step 1
[GPU 0] [04:44:25] [INFO] New best validation loss: 2.8364 @ step 2
[GPU 0] [04:47:35] [INFO] Stop FT @ 14: no val improvement for 10 steps
[GPU 0] [04:47:35] [INFO] Wrote stats.jsonl entries at FT step 2 
[GPU 0] [04:47:51] [INFO] CORE FT AUX - AUX PHASE: code-lisp
[GPU 0] [04:47:51] [WARNING] restore_partial_state: no checkpoint found at /workspace-vast/ethanr/gradient-routing/experiments/AGI-1699-New-Dataset-Runs/results/scaling/realistic/coreftaux/800M/seed_2/20260518160524921725/coreftaux/core_code-lisp
[GPU 0] [04:47:51] [INFO] ---- Begin CoreFTAux | Phase: ft | Data Label: code-lisp ----
[GPU 0] [04:47:51] [DEBUG] acc_mode: uniform, label_prc: 1.0, lr: 0.00014158837274692295
[GPU 0] [04:47:51] [INFO] 
len_all: 165723, len_all_labeled: 165723, len_all_unlabeled: 0,
len_base: 163263, len_ft: 2460,
len_core_for_ft: 1968, len_aux_for_ft: 492,
aux_factor: {'code-lisp': 0.3, 'papers-biology': 0.3, 'papers-nuclear': 0.3, 'papers-cyber': 0.3}, core_aux_ratio: 4.0,
[GPU 0] [04:47:51] [INFO] Batch [code-lisp] count: 123
[GPU 0] [04:47:51] [INFO] Batch [core] count: 486
[GPU 0] [04:47:51] [INFO] warmup_steps: 2
[GPU 0] [04:47:51] [INFO] constant_steps: 76
[GPU 0] [04:47:51] [INFO] decay_steps: 9
[GPU 0] [04:47:51] [INFO] LR Scheduler: Warmup Start
[GPU 0] [04:47:58] [INFO] Step: 1, LR: 7.08e-05
[GPU 0] [04:47:58] [INFO] Train Loss: CORE: 2.37 CODE-LISP: nan PAPERS-BIOLOGY: nan PAPERS-CYBER: nan PAPERS-NUCLEAR: nan 
[GPU 0] [04:48:00] [INFO] LR Scheduler: Constant Start
[GPU 0] [04:50:26] [INFO] LR Scheduler: Decay Start
[GPU 0] [04:50:43] [INFO] Step: 87, LR: 1.00e-08
[GPU 0] [04:50:43] [INFO] Train Loss: CORE: 2.47 CODE-LISP: 0.99 PAPERS-BIOLOGY: nan PAPERS-CYBER: nan PAPERS-NUCLEAR: nan 
[GPU 0] [04:51:07] [INFO] ---- Begin Eval ----
[GPU 0] [04:51:07] [INFO] Data: core | Experts: None
[GPU 0] [04:51:42] [INFO] loss: 1.88708615
[GPU 0] [04:51:42] [INFO] Data: code-lisp | Experts: None
[GPU 0] [04:51:49] [INFO] loss: 1.04295945
[GPU 0] [04:51:49] [INFO] Data: papers-biology | Experts: None
[GPU 0] [04:51:55] [INFO] loss: 2.47557640
[GPU 0] [04:51:55] [INFO] Data: papers-nuclear | Experts: None
[GPU 0] [04:52:01] [INFO] loss: 2.85342264
[GPU 0] [04:52:01] [INFO] Data: papers-cyber | Experts: None
[GPU 0] [04:52:08] [INFO] loss: 2.72204256
[GPU 0] [04:52:14] [INFO] CORE FT AUX - AUX PHASE: code-lisp - ADVERSARIAL FT START
[GPU 0] [04:52:27] [INFO] ---- Begin FT | Experts: None | Data: ['papers-biology'] ----
[GPU 0] [04:52:27] [DEBUG] num_seq: 512, num_rounds: 200, patience: 10
[GPU 0] [04:52:27] [DEBUG] local_x: torch.Size([64, 1024]), local_y: torch.Size([64, 1024]), num_steps: 6, per_gpu: 64, mbs_size: 12
[GPU 0] [04:52:42] [INFO] New best validation loss: 2.5529 @ step 0
[GPU 0] [04:52:58] [INFO] New best validation loss: 2.4840 @ step 1
[GPU 0] [04:53:14] [INFO] New best validation loss: 2.4825 @ step 2
[GPU 0] [04:53:47] [INFO] New best validation loss: 2.4815 @ step 4
[GPU 0] [04:54:04] [INFO] New best validation loss: 2.4797 @ step 5
[GPU 0] [04:57:08] [INFO] Stop FT @ 17: no val improvement for 10 steps
[GPU 0] [04:57:08] [INFO] Wrote stats.jsonl entries at FT step 5 
[GPU 0] [04:57:23] [INFO] ---- Begin FT | Experts: None | Data: ['papers-cyber'] ----
[GPU 0] [04:57:23] [DEBUG] num_seq: 512, num_rounds: 200, patience: 10
[GPU 0] [04:57:23] [DEBUG] local_x: torch.Size([64, 1024]), local_y: torch.Size([64, 1024]), num_steps: 6, per_gpu: 64, mbs_size: 12
[GPU 0] [04:57:38] [INFO] New best validation loss: 2.8173 @ step 0
[GPU 0] [04:57:54] [INFO] New best validation loss: 2.7346 @ step 1
[GPU 0] [04:58:10] [INFO] New best validation loss: 2.7341 @ step 2
[GPU 0] [05:01:19] [INFO] Stop FT @ 14: no val improvement for 10 steps
[GPU 0] [05:01:19] [INFO] Wrote stats.jsonl entries at FT step 2 
[GPU 0] [05:01:34] [INFO] ---- Begin FT | Experts: None | Data: ['papers-nuclear'] ----
[GPU 0] [05:01:34] [DEBUG] num_seq: 512, num_rounds: 200, patience: 10
[GPU 0] [05:01:34] [DEBUG] local_x: torch.Size([64, 1024]), local_y: torch.Size([64, 1024]), num_steps: 6, per_gpu: 64, mbs_size: 12
[GPU 0] [05:01:49] [INFO] New best validation loss: 2.9902 @ step 0
[GPU 0] [05:02:05] [INFO] New best validation loss: 2.8537 @ step 1
[GPU 0] [05:02:21] [INFO] New best validation loss: 2.8398 @ step 2
[GPU 0] [05:05:26] [INFO] Stop FT @ 14: no val improvement for 10 steps
[GPU 0] [05:05:26] [INFO] Wrote stats.jsonl entries at FT step 2 
[GPU 0] [05:05:41] [INFO] CORE FT AUX - AUX PHASE: papers-biology
[GPU 0] [05:05:41] [WARNING] restore_partial_state: no checkpoint found at /workspace-vast/ethanr/gradient-routing/experiments/AGI-1699-New-Dataset-Runs/results/scaling/realistic/coreftaux/800M/seed_2/20260518160524921725/coreftaux/core_papers-biology
[GPU 0] [05:05:41] [INFO] ---- Begin CoreFTAux | Phase: ft | Data Label: papers-biology ----
[GPU 0] [05:05:41] [DEBUG] acc_mode: uniform, label_prc: 1.0, lr: 0.00014158837274692295
[GPU 0] [05:05:41] [INFO] 
len_all: 165723, len_all_labeled: 165723, len_all_unlabeled: 0,
len_base: 163263, len_ft: 2460,
len_core_for_ft: 1968, len_aux_for_ft: 492,
aux_factor: {'code-lisp': 0.3, 'papers-biology': 0.3, 'papers-nuclear': 0.3, 'papers-cyber': 0.3}, core_aux_ratio: 4.0,
[GPU 0] [05:05:42] [INFO] Batch [core] count: 487
[GPU 0] [05:05:42] [INFO] Batch [papers-biology] count: 122
[GPU 0] [05:05:42] [INFO] warmup_steps: 2
[GPU 0] [05:05:42] [INFO] constant_steps: 76
[GPU 0] [05:05:42] [INFO] decay_steps: 9
[GPU 0] [05:05:42] [INFO] LR Scheduler: Warmup Start
[GPU 0] [05:05:48] [INFO] Step: 1, LR: 7.08e-05
[GPU 0] [05:05:48] [INFO] Train Loss: CORE: 2.37 CODE-LISP: nan PAPERS-BIOLOGY: nan PAPERS-CYBER: nan PAPERS-NUCLEAR: nan 
[GPU 0] [05:05:50] [INFO] LR Scheduler: Constant Start
[GPU 0] [05:08:17] [INFO] LR Scheduler: Decay Start
[GPU 0] [05:08:34] [INFO] Step: 87, LR: 1.00e-08
[GPU 0] [05:08:34] [INFO] Train Loss: CORE: 2.09 CODE-LISP: nan PAPERS-BIOLOGY: 2.36 PAPERS-CYBER: nan PAPERS-NUCLEAR: nan 
[GPU 0] [05:09:07] [INFO] ---- Begin Eval ----
[GPU 0] [05:09:07] [INFO] Data: core | Experts: None
[GPU 0] [05:09:28] [INFO] loss: 1.88248301
[GPU 0] [05:09:28] [INFO] Data: code-lisp | Experts: None
[GPU 0] [05:09:35] [INFO] loss: 1.42175877
[GPU 0] [05:09:35] [INFO] Data: papers-biology | Experts: None
[GPU 0] [05:09:41] [INFO] loss: 2.40703106
[GPU 0] [05:09:41] [INFO] Data: papers-nuclear | Experts: None
[GPU 0] [05:09:47] [INFO] loss: 2.83772326
[GPU 0] [05:09:47] [INFO] Data: papers-cyber | Experts: None
[GPU 0] [05:09:53] [INFO] loss: 2.71668506
[GPU 0] [05:09:57] [INFO] CORE FT AUX - AUX PHASE: papers-biology - ADVERSARIAL FT START
[GPU 0] [05:10:07] [INFO] ---- Begin FT | Experts: None | Data: ['code-lisp'] ----
[GPU 0] [05:10:07] [DEBUG] num_seq: 512, num_rounds: 200, patience: 10
[GPU 0] [05:10:07] [DEBUG] local_x: torch.Size([64, 1024]), local_y: torch.Size([64, 1024]), num_steps: 6, per_gpu: 64, mbs_size: 12
[GPU 0] [05:10:22] [INFO] New best validation loss: 1.5954 @ step 0
[GPU 0] [05:10:38] [INFO] New best validation loss: 1.3357 @ step 1
[GPU 0] [05:10:54] [INFO] New best validation loss: 1.2918 @ step 2
[GPU 0] [05:11:10] [INFO] New best validation loss: 1.2483 @ step 3
[GPU 0] [05:11:26] [INFO] New best validation loss: 1.2133 @ step 4
[GPU 0] [05:11:43] [INFO] New best validation loss: 1.1907 @ step 5
[GPU 0] [05:12:00] [INFO] New best validation loss: 1.1755 @ step 6
[GPU 0] [05:12:18] [INFO] New best validation loss: 1.1624 @ step 7
[GPU 0] [05:12:34] [INFO] New best validation loss: 1.1497 @ step 8
[GPU 0] [05:12:51] [INFO] New best validation loss: 1.1366 @ step 9
[GPU 0] [05:13:07] [INFO] New best validation loss: 1.1240 @ step 10
[GPU 0] [05:13:24] [INFO] New best validation loss: 1.1126 @ step 11
[GPU 0] [05:13:41] [INFO] New best validation loss: 1.1023 @ step 12
[GPU 0] [05:13:58] [INFO] New best validation loss: 1.0933 @ step 13
[GPU 0] [05:14:15] [INFO] New best validation loss: 1.0852 @ step 14
[GPU 0] [05:14:32] [INFO] New best validation loss: 1.0781 @ step 15
[GPU 0] [05:14:48] [INFO] New best validation loss: 1.0717 @ step 16
[GPU 0] [05:15:05] [INFO] New best validation loss: 1.0662 @ step 17
[GPU 0] [05:15:27] [INFO] New best validation loss: 1.0613 @ step 18
[GPU 0] [05:15:44] [INFO] New best validation loss: 1.0570 @ step 19
[GPU 0] [05:16:00] [INFO] New best validation loss: 1.0536 @ step 20
[GPU 0] [05:16:18] [INFO] New best validation loss: 1.0510 @ step 21
[GPU 0] [05:16:35] [INFO] New best validation loss: 1.0493 @ step 22
[GPU 0] [05:16:52] [INFO] New best validation loss: 1.0481 @ step 23
[GPU 0] [05:17:08] [INFO] New best validation loss: 1.0474 @ step 24
[GPU 0] [05:17:25] [INFO] New best validation loss: 1.0468 @ step 25
[GPU 0] [05:20:31] [INFO] Stop FT @ 37: no val improvement for 10 steps
[GPU 0] [05:20:31] [INFO] Wrote stats.jsonl entries at FT step 25 
[GPU 0] [05:20:46] [INFO] ---- Begin FT | Experts: None | Data: ['papers-cyber'] ----
[GPU 0] [05:20:46] [DEBUG] num_seq: 512, num_rounds: 200, patience: 10
[GPU 0] [05:20:46] [DEBUG] local_x: torch.Size([64, 1024]), local_y: torch.Size([64, 1024]), num_steps: 6, per_gpu: 64, mbs_size: 12
[GPU 0] [05:21:02] [INFO] New best validation loss: 2.8263 @ step 0
[GPU 0] [05:21:18] [INFO] New best validation loss: 2.7348 @ step 1
[GPU 0] [05:21:34] [INFO] New best validation loss: 2.7248 @ step 2
[GPU 0] [05:24:37] [INFO] Stop FT @ 14: no val improvement for 10 steps
[GPU 0] [05:24:37] [INFO] Wrote stats.jsonl entries at FT step 2 
[GPU 0] [05:24:52] [INFO] ---- Begin FT | Experts: None | Data: ['papers-nuclear'] ----
[GPU 0] [05:24:52] [DEBUG] num_seq: 512, num_rounds: 200, patience: 10
[GPU 0] [05:24:52] [DEBUG] local_x: torch.Size([64, 1024]), local_y: torch.Size([64, 1024]), num_steps: 6, per_gpu: 64, mbs_size: 12
[GPU 0] [05:25:07] [INFO] New best validation loss: 2.9271 @ step 0
[GPU 0] [05:25:23] [INFO] New best validation loss: 2.8388 @ step 1
[GPU 0] [05:25:39] [INFO] New best validation loss: 2.8269 @ step 2
[GPU 0] [05:28:45] [INFO] Stop FT @ 14: no val improvement for 10 steps
[GPU 0] [05:28:45] [INFO] Wrote stats.jsonl entries at FT step 2 
[GPU 0] [05:29:00] [INFO] CORE FT AUX - AUX PHASE: papers-nuclear
[GPU 0] [05:29:00] [WARNING] restore_partial_state: no checkpoint found at /workspace-vast/ethanr/gradient-routing/experiments/AGI-1699-New-Dataset-Runs/results/scaling/realistic/coreftaux/800M/seed_2/20260518160524921725/coreftaux/core_papers-nuclear
[GPU 0] [05:29:00] [INFO] ---- Begin CoreFTAux | Phase: ft | Data Label: papers-nuclear ----
[GPU 0] [05:29:00] [DEBUG] acc_mode: uniform, label_prc: 1.0, lr: 0.00014158837274692295
[GPU 0] [05:29:01] [INFO] 
len_all: 165723, len_all_labeled: 165723, len_all_unlabeled: 0,
len_base: 163263, len_ft: 2460,
len_core_for_ft: 1968, len_aux_for_ft: 492,
aux_factor: {'code-lisp': 0.3, 'papers-biology': 0.3, 'papers-nuclear': 0.3, 'papers-cyber': 0.3}, core_aux_ratio: 4.0,
[GPU 0] [05:29:01] [INFO] Batch [core] count: 489
[GPU 0] [05:29:01] [INFO] Batch [papers-nuclear] count: 120
[GPU 0] [05:29:01] [INFO] warmup_steps: 2
[GPU 0] [05:29:01] [INFO] constant_steps: 76
[GPU 0] [05:29:01] [INFO] decay_steps: 9
[GPU 0] [05:29:01] [INFO] LR Scheduler: Warmup Start
[GPU 0] [05:29:07] [INFO] Step: 1, LR: 7.08e-05
[GPU 0] [05:29:07] [INFO] Train Loss: CORE: 2.37 CODE-LISP: nan PAPERS-BIOLOGY: nan PAPERS-CYBER: nan PAPERS-NUCLEAR: nan 
[GPU 0] [05:29:09] [INFO] LR Scheduler: Constant Start
[GPU 0] [05:31:35] [INFO] LR Scheduler: Decay Start
[GPU 0] [05:31:52] [INFO] Step: 87, LR: 1.00e-08
[GPU 0] [05:31:52] [INFO] Train Loss: CORE: 1.81 CODE-LISP: nan PAPERS-BIOLOGY: nan PAPERS-CYBER: nan PAPERS-NUCLEAR: 2.74 
[GPU 0] [05:32:15] [INFO] ---- Begin Eval ----
[GPU 0] [05:32:15] [INFO] Data: core | Experts: None
[GPU 0] [05:32:50] [INFO] loss: 1.88305974
[GPU 0] [05:32:50] [INFO] Data: code-lisp | Experts: None
[GPU 0] [05:32:56] [INFO] loss: 1.41746652
[GPU 0] [05:32:56] [INFO] Data: papers-biology | Experts: None
[GPU 0] [05:33:03] [INFO] loss: 2.46238852
[GPU 0] [05:33:03] [INFO] Data: papers-nuclear | Experts: None
[GPU 0] [05:33:09] [INFO] loss: 2.76638770
[GPU 0] [05:33:09] [INFO] Data: papers-cyber | Experts: None
[GPU 0] [05:33:15] [INFO] loss: 2.71564364
[GPU 0] [05:33:18] [INFO] CORE FT AUX - AUX PHASE: papers-nuclear - ADVERSARIAL FT START
[GPU 0] [05:33:29] [INFO] ---- Begin FT | Experts: None | Data: ['code-lisp'] ----
[GPU 0] [05:33:29] [DEBUG] num_seq: 512, num_rounds: 200, patience: 10
[GPU 0] [05:33:29] [DEBUG] local_x: torch.Size([64, 1024]), local_y: torch.Size([64, 1024]), num_steps: 6, per_gpu: 64, mbs_size: 12
[GPU 0] [05:33:45] [INFO] New best validation loss: 1.5978 @ step 0
[GPU 0] [05:34:00] [INFO] New best validation loss: 1.3506 @ step 1
[GPU 0] [05:34:17] [INFO] New best validation loss: 1.2968 @ step 2
[GPU 0] [05:34:34] [INFO] New best validation loss: 1.2555 @ step 3
[GPU 0] [05:34:51] [INFO] New best validation loss: 1.2178 @ step 4
[GPU 0] [05:35:08] [INFO] New best validation loss: 1.1956 @ step 5
[GPU 0] [05:35:25] [INFO] New best validation loss: 1.1808 @ step 6
[GPU 0] [05:35:42] [INFO] New best validation loss: 1.1669 @ step 7
[GPU 0] [05:35:58] [INFO] New best validation loss: 1.1544 @ step 8
[GPU 0] [05:36:16] [INFO] New best validation loss: 1.1433 @ step 9
[GPU 0] [05:36:33] [INFO] New best validation loss: 1.1307 @ step 10
[GPU 0] [05:36:50] [INFO] New best validation loss: 1.1180 @ step 11
[GPU 0] [05:37:07] [INFO] New best validation loss: 1.1074 @ step 12
[GPU 0] [05:37:23] [INFO] New best validation loss: 1.0985 @ step 13
[GPU 0] [05:37:39] [INFO] New best validation loss: 1.0901 @ step 14
[GPU 0] [05:37:56] [INFO] New best validation loss: 1.0831 @ step 15
[GPU 0] [05:38:13] [INFO] New best validation loss: 1.0771 @ step 16
[GPU 0] [05:38:30] [INFO] New best validation loss: 1.0715 @ step 17
[GPU 0] [05:38:47] [INFO] New best validation loss: 1.0662 @ step 18
[GPU 0] [05:39:04] [INFO] New best validation loss: 1.0610 @ step 19
[GPU 0] [05:39:20] [INFO] New best validation loss: 1.0567 @ step 20
[GPU 0] [05:39:37] [INFO] New best validation loss: 1.0535 @ step 21
[GPU 0] [05:39:54] [INFO] New best validation loss: 1.0510 @ step 22
[GPU 0] [05:40:12] [INFO] New best validation loss: 1.0496 @ step 23
[GPU 0] [05:40:29] [INFO] New best validation loss: 1.0491 @ step 24
[GPU 0] [05:40:46] [INFO] New best validation loss: 1.0486 @ step 25
[GPU 0] [05:41:02] [INFO] New best validation loss: 1.0480 @ step 26
[GPU 0] [05:44:06] [INFO] Stop FT @ 38: no val improvement for 10 steps
[GPU 0] [05:44:06] [INFO] Wrote stats.jsonl entries at FT step 26 
[GPU 0] [05:44:21] [INFO] ---- Begin FT | Experts: None | Data: ['papers-biology'] ----
[GPU 0] [05:44:21] [DEBUG] num_seq: 512, num_rounds: 200, patience: 10
[GPU 0] [05:44:21] [DEBUG] local_x: torch.Size([64, 1024]), local_y: torch.Size([64, 1024]), num_steps: 6, per_gpu: 64, mbs_size: 12
[GPU 0] [05:44:37] [INFO] New best validation loss: 2.6562 @ step 0
[GPU 0] [05:44:52] [INFO] New best validation loss: 2.4809 @ step 1
[GPU 0] [05:48:00] [INFO] Stop FT @ 13: no val improvement for 10 steps
[GPU 0] [05:48:00] [INFO] Wrote stats.jsonl entries at FT step 1 
[GPU 0] [05:48:15] [INFO] ---- Begin FT | Experts: None | Data: ['papers-cyber'] ----
[GPU 0] [05:48:15] [DEBUG] num_seq: 512, num_rounds: 200, patience: 10
[GPU 0] [05:48:15] [DEBUG] local_x: torch.Size([64, 1024]), local_y: torch.Size([64, 1024]), num_steps: 6, per_gpu: 64, mbs_size: 12
[GPU 0] [05:48:30] [INFO] New best validation loss: 2.8774 @ step 0
[GPU 0] [05:48:46] [INFO] New best validation loss: 2.7503 @ step 1
[GPU 0] [05:49:02] [INFO] New best validation loss: 2.7266 @ step 2
[GPU 0] [05:52:07] [INFO] Stop FT @ 14: no val improvement for 10 steps
[GPU 0] [05:52:07] [INFO] Wrote stats.jsonl entries at FT step 2 
[GPU 0] [05:52:22] [INFO] CORE FT AUX - AUX PHASE: papers-cyber
[GPU 0] [05:52:23] [WARNING] restore_partial_state: no checkpoint found at /workspace-vast/ethanr/gradient-routing/experiments/AGI-1699-New-Dataset-Runs/results/scaling/realistic/coreftaux/800M/seed_2/20260518160524921725/coreftaux/core_papers-cyber
[GPU 0] [05:52:23] [INFO] ---- Begin CoreFTAux | Phase: ft | Data Label: papers-cyber ----
[GPU 0] [05:52:23] [DEBUG] acc_mode: uniform, label_prc: 1.0, lr: 0.00014158837274692295
[GPU 0] [05:52:23] [INFO] 
len_all: 165723, len_all_labeled: 165723, len_all_unlabeled: 0,
len_base: 163263, len_ft: 2460,
len_core_for_ft: 1968, len_aux_for_ft: 492,
aux_factor: {'code-lisp': 0.3, 'papers-biology': 0.3, 'papers-nuclear': 0.3, 'papers-cyber': 0.3}, core_aux_ratio: 4.0,
[GPU 0] [05:52:23] [INFO] Batch [core] count: 488
[GPU 0] [05:52:23] [INFO] Batch [papers-cyber] count: 121
[GPU 0] [05:52:23] [INFO] warmup_steps: 2
[GPU 0] [05:52:23] [INFO] constant_steps: 76
[GPU 0] [05:52:23] [INFO] decay_steps: 9
[GPU 0] [05:52:23] [INFO] LR Scheduler: Warmup Start
[GPU 0] [05:52:29] [INFO] Step: 1, LR: 7.08e-05
[GPU 0] [05:52:29] [INFO] Train Loss: CORE: 2.37 CODE-LISP: nan PAPERS-BIOLOGY: nan PAPERS-CYBER: nan PAPERS-NUCLEAR: nan 
[GPU 0] [05:52:32] [INFO] LR Scheduler: Constant Start
[GPU 0] [05:54:58] [INFO] LR Scheduler: Decay Start
[GPU 0] [05:55:15] [INFO] Step: 87, LR: 1.00e-08
[GPU 0] [05:55:15] [INFO] Train Loss: CORE: 2.51 CODE-LISP: nan PAPERS-BIOLOGY: nan PAPERS-CYBER: 2.67 PAPERS-NUCLEAR: nan 
[GPU 0] [05:55:44] [INFO] ---- Begin Eval ----
[GPU 0] [05:55:44] [INFO] Data: core | Experts: None
[GPU 0] [05:56:09] [INFO] loss: 1.87999976
[GPU 0] [05:56:09] [INFO] Data: code-lisp | Experts: None
[GPU 0] [05:56:15] [INFO] loss: 1.41989398
[GPU 0] [05:56:15] [INFO] Data: papers-biology | Experts: None
[GPU 0] [05:56:21] [INFO] loss: 2.46741080
[GPU 0] [05:56:21] [INFO] Data: papers-nuclear | Experts: None
[GPU 0] [05:56:28] [INFO] loss: 2.83937883
[GPU 0] [05:56:28] [INFO] Data: papers-cyber | Experts: None
[GPU 0] [05:56:34] [INFO] loss: 2.66091895
[GPU 0] [05:56:37] [INFO] CORE FT AUX - AUX PHASE: papers-cyber - ADVERSARIAL FT START
[GPU 0] [05:56:48] [INFO] ---- Begin FT | Experts: None | Data: ['code-lisp'] ----
[GPU 0] [05:56:48] [DEBUG] num_seq: 512, num_rounds: 200, patience: 10
[GPU 0] [05:56:48] [DEBUG] local_x: torch.Size([64, 1024]), local_y: torch.Size([64, 1024]), num_steps: 6, per_gpu: 64, mbs_size: 12
[GPU 0] [05:57:04] [INFO] New best validation loss: 1.5889 @ step 0
[GPU 0] [05:57:19] [INFO] New best validation loss: 1.3376 @ step 1
[GPU 0] [05:57:35] [INFO] New best validation loss: 1.2928 @ step 2
[GPU 0] [05:57:51] [INFO] New best validation loss: 1.2463 @ step 3
[GPU 0] [05:58:08] [INFO] New best validation loss: 1.2125 @ step 4
[GPU 0] [05:58:25] [INFO] New best validation loss: 1.1918 @ step 5
[GPU 0] [05:58:41] [INFO] New best validation loss: 1.1759 @ step 6
[GPU 0] [05:58:58] [INFO] New best validation loss: 1.1617 @ step 7
[GPU 0] [05:59:15] [INFO] New best validation loss: 1.1491 @ step 8
[GPU 0] [05:59:32] [INFO] New best validation loss: 1.1361 @ step 9
[GPU 0] [05:59:48] [INFO] New best validation loss: 1.1236 @ step 10
[GPU 0] [06:00:05] [INFO] New best validation loss: 1.1118 @ step 11
[GPU 0] [06:00:27] [INFO] New best validation loss: 1.1017 @ step 12
[GPU 0] [06:00:44] [INFO] New best validation loss: 1.0927 @ step 13
[GPU 0] [06:01:01] [INFO] New best validation loss: 1.0849 @ step 14
[GPU 0] [06:01:18] [INFO] New best validation loss: 1.0779 @ step 15
[GPU 0] [06:01:35] [INFO] New best validation loss: 1.0716 @ step 16
[GPU 0] [06:01:51] [INFO] New best validation loss: 1.0661 @ step 17
[GPU 0] [06:02:08] [INFO] New best validation loss: 1.0608 @ step 18
[GPU 0] [06:02:25] [INFO] New best validation loss: 1.0564 @ step 19
[GPU 0] [06:02:42] [INFO] New best validation loss: 1.0529 @ step 20
[GPU 0] [06:02:58] [INFO] New best validation loss: 1.0504 @ step 21
[GPU 0] [06:03:16] [INFO] New best validation loss: 1.0489 @ step 22
[GPU 0] [06:03:32] [INFO] New best validation loss: 1.0476 @ step 23
[GPU 0] [06:03:49] [INFO] New best validation loss: 1.0467 @ step 24
[GPU 0] [06:04:06] [INFO] New best validation loss: 1.0461 @ step 25
[GPU 0] [06:07:11] [INFO] Stop FT @ 37: no val improvement for 10 steps
[GPU 0] [06:07:11] [INFO] Wrote stats.jsonl entries at FT step 25 
[GPU 0] [06:07:27] [INFO] ---- Begin FT | Experts: None | Data: ['papers-biology'] ----
[GPU 0] [06:07:27] [DEBUG] num_seq: 512, num_rounds: 200, patience: 10
[GPU 0] [06:07:27] [DEBUG] local_x: torch.Size([64, 1024]), local_y: torch.Size([64, 1024]), num_steps: 6, per_gpu: 64, mbs_size: 12
[GPU 0] [06:07:42] [INFO] New best validation loss: 2.6538 @ step 0
[GPU 0] [06:07:57] [INFO] New best validation loss: 2.4764 @ step 1
[GPU 0] [06:11:04] [INFO] Stop FT @ 13: no val improvement for 10 steps
[GPU 0] [06:11:04] [INFO] Wrote stats.jsonl entries at FT step 1 
[GPU 0] [06:11:19] [INFO] ---- Begin FT | Experts: None | Data: ['papers-nuclear'] ----
[GPU 0] [06:11:19] [DEBUG] num_seq: 512, num_rounds: 200, patience: 10
[GPU 0] [06:11:19] [DEBUG] local_x: torch.Size([64, 1024]), local_y: torch.Size([64, 1024]), num_steps: 6, per_gpu: 64, mbs_size: 12
[GPU 0] [06:11:34] [INFO] New best validation loss: 2.9712 @ step 0
[GPU 0] [06:11:50] [INFO] New best validation loss: 2.8452 @ step 1
[GPU 0] [06:12:06] [INFO] New best validation loss: 2.8347 @ step 2
[GPU 0] [06:15:12] [INFO] Stop FT @ 14: no val improvement for 10 steps
[GPU 0] [06:15:12] [INFO] Wrote stats.jsonl entries at FT step 2 
[GPU 0] [06:15:17] [INFO] ----------------------------------------
[GPU 0] [06:15:17] [INFO] Finished. See /workspace-vast/ethanr/gradient-routing/experiments/AGI-1699-New-Dataset-Runs/results/scaling/realistic/coreftaux/800M/seed_2/20260518160524921725
