[GPU 0] [07:35:04] [INFO] Number of GPUs: 8
[GPU 0] [07:35:05] [INFO] Tokenizer vocabulary: 50257
[GPU 0] [07:35:05] [INFO] Set model vocab size to nearest multiple of 64 of tokenizer size: 50304
[GPU 0] [07:35:06] [INFO] target effective batch size: 64, actual effective batch size: 64, micro batch size: 8, accumulation steps: 1, num gpus: 8
[GPU 0] [07:35:06] [INFO] core total number of tokens: 66749057569
[GPU 0] [07:35:06] [INFO] Baseline model has 47,995,776 parameters
[GPU 0] [07:35:06] [INFO] core: chinchilla optimal tokens: 959,915,520, requested proportion: 1.0000, requested number of tokens: 959,915,520.0, 
[GPU 0] [07:35:06] [INFO] aux total number of tokens: 4835776549
[GPU 0] [07:35:06] [INFO] Baseline model has 47,995,776 parameters
[GPU 0] [07:35:06] [INFO] aux: chinchilla optimal tokens: 959,915,520, requested proportion: 0.0100, requested number of tokens: 9,599,155.200000001, 
[GPU 0] [07:35:06] [DEBUG] Saved config to /workspace/gradient-routing/experiments/AGI-1699-New-Dataset-Runs/results/optimize/base/realistic/50M/seed_3/20260421073456339550/config.json
[GPU 0] [07:35:06] [DEBUG] {
    "stages": [
        {
            "name": "baseline",
            "num_checkpoints": -1,
            "lr": 0.0016,
            "res_dir": "/workspace/gradient-routing/experiments/AGI-1699-New-Dataset-Runs/results/optimize/base/realistic/50M/seed_3/20260421073456339550/baseline",
            "do_eval": true,
            "do_sample": false,
            "num_train_evals": 0,
            "do_elicit": false,
            "elicit_eval_prc": 0.5,
            "elicit_num_evals": 100
        }
    ],
    "model": {
        "arch": "base",
        "tokenizer": "GPT2Tokenizer(name_or_path='EleutherAI/gpt-neo-125M', vocab_size=50257, model_max_length=2048, padding_side='right', truncation_side='right', special_tokens={'bos_token': '<|endoftext|>', 'eos_token': '<|endoftext|>', 'unk_token': '<|endoftext|>'}, added_tokens_decoder={\n\t50256: AddedToken(\"<|endoftext|>\", rstrip=False, lstrip=False, single_word=False, normalized=True, special=True),\n}\n)",
        "ctx_len": 1024,
        "vocab_size": 50304,
        "num_layers": 6,
        "num_heads": 8,
        "num_key_value": 2,
        "attn_bias": true,
        "eos_token_id": 50256,
        "embed_dim": 384,
        "mlp_dim": 1536
    },
    "data": {
        "dirs": [
            "/workspace/gradient-routing/experiments/AGI-1699-New-Dataset-Runs/src/data/fineweb",
            "/workspace/gradient-routing/experiments/AGI-1699-New-Dataset-Runs/src/data/code",
            "/workspace/gradient-routing/experiments/AGI-1699-New-Dataset-Runs/src/data/papers"
        ],
        "core": {
            "labels": [
                "fineweb",
                "code-other",
                "papers-other"
            ],
            "method": "optimal",
            "limit": 1.0,
            "dist": {
                "fineweb": 0.84,
                "code-other": 0.15,
                "papers-other": 0.01
            },
            "num_tok": 959915520.0
        },
        "aux": {
            "labels": [
                "code-lisp",
                "papers-biology",
                "papers-nuclear",
                "papers-cyber"
            ],
            "method": "optimal",
            "limit": 0.01,
            "dist": {
                "code-lisp": 0.25,
                "papers-biology": 0.25,
                "papers-nuclear": 0.25,
                "papers-cyber": 0.25
            },
            "num_tok": 9599155.200000001
        }
    },
    "run": {
        "target_effective_batch_size": 64,
        "effective_batch_size": 64,
        "micro_batch_size": 8,
        "accumulation_steps": 1,
        "max_num_test_sequences": 10000,
        "eval_all_labels": false,
        "micro_batch_anchors": [
            [
                400000000.0,
                23
            ],
            [
                5000000000.0,
                2
            ]
        ],
        "epochs": 1,
        "adam_betas": [
            0.9,
            0.95
        ],
        "warmup_prc": 0.02,
        "decay_prc": 0.1,
        "seed": 3,
        "compile": true,
        "is_ddp": true,
        "optimize_routed": true,
        "cleanup_distributed": false,
        "log_level": "DEBUG",
        "num_gpus": 8,
        "process_id": 0,
        "num_base_params": 47995776,
        "device": "cuda",
        "logger": "<Logger training_20260421073456339550 (DEBUG)>",
        "labels": [
            "core",
            "code-lisp",
            "papers-biology",
            "papers-cyber",
            "papers-nuclear"
        ],
        "loaders": {
            "code-lisp": {
                "train": "SingleDataLoader(code-lisp_train_001.bin, len=36)",
                "test": "SingleDataLoader(code-lisp_test_001.bin, len=36)"
            },
            "code-other": {
                "train": "SingleDataLoader(code-other_train_006.bin, len=2197)",
                "test": "InterleavedDataLoader(len=157)"
            },
            "fineweb": {
                "train": "InterleavedDataLoader(len=12303)",
                "test": "InterleavedDataLoader(len=157)"
            },
            "papers-biology": {
                "train": "SingleDataLoader(papers-biology_train.bin, len=36)",
                "test": "SingleDataLoader(papers-biology_test.bin, len=36)"
            },
            "papers-cyber": {
                "train": "SingleDataLoader(papers-cyber_train.bin, len=36)",
                "test": "SingleDataLoader(papers-cyber_test.bin, len=36)"
            },
            "papers-nuclear": {
                "train": "SingleDataLoader(papers-nuclear_train.bin, len=36)",
                "test": "SingleDataLoader(papers-nuclear_test.bin, len=36)"
            },
            "papers-other": {
                "train": "SingleDataLoader(papers-other_train.bin, len=146)",
                "test": "SingleDataLoader(papers-other_test.bin, len=146)"
            },
            "core": {
                "train": "InterleavedDataLoader(len=14646)",
                "test": "InterleavedDataLoader(len=460)"
            },
            "aux": {
                "train": "InterleavedDataLoader(len=144)",
                "test": "InterleavedDataLoader(len=144)"
            },
            "all": {
                "train": "InterleavedDataLoader(len=14790)",
                "test": "InterleavedDataLoader(len=604)"
            }
        },
        "res_root": "/workspace/gradient-routing/experiments/AGI-1699-New-Dataset-Runs/results/optimize/base/realistic/50M/seed_3",
        "experiment_id": "20260421073456339550",
        "s3_bucket": "ae-gradient-routing-results",
        "s3_prefix": "optimize/base/realistic/50M/seed_3"
    }
}
[GPU 0] [07:35:06] [INFO] Loader code-lisp train: 36, test: 36
[GPU 0] [07:35:06] [INFO] Loader code-other train: 2197, test: 157
[GPU 0] [07:35:06] [INFO] Loader fineweb train: 12303, test: 157
[GPU 0] [07:35:06] [INFO] Loader papers-biology train: 36, test: 36
[GPU 0] [07:35:06] [INFO] Loader papers-cyber train: 36, test: 36
[GPU 0] [07:35:06] [INFO] Loader papers-nuclear train: 36, test: 36
[GPU 0] [07:35:06] [INFO] Loader papers-other train: 146, test: 146
[GPU 0] [07:35:06] [INFO] Loader core train: 14646, test: 460
[GPU 0] [07:35:06] [INFO] Loader aux train: 144, test: 144
[GPU 0] [07:35:06] [INFO] Loader all train: 14790, test: 604
[GPU 0] [07:35:06] [INFO] Stage [baseline] start: {"name": "baseline", "num_checkpoints": -1, "lr": 0.0016, "res_dir": "/workspace/gradient-routing/experiments/AGI-1699-New-Dataset-Runs/results/optimize/base/realistic/50M/seed_3/20260421073456339550/baseline", "do_eval": true, "do_sample": false, "num_train_evals": 0, "do_elicit": false, "elicit_eval_prc": 0.5, "elicit_num_evals": 100}
[GPU 0] [07:35:06] [INFO] BASELINE START
[GPU 0] [07:35:06] [INFO] Initialized BaseTransformer with 47,995,776 total parameters
[GPU 0] [07:35:06] [INFO] Compiling BaseTransformer with torch.compile...
[GPU 0] [07:35:07] [INFO] torch.compile done
[GPU 0] [07:35:07] [WARNING] restore_partial_state: no checkpoint found at /workspace/gradient-routing/experiments/AGI-1699-New-Dataset-Runs/results/optimize/base/realistic/50M/seed_3/20260421073456339550/baseline
[GPU 0] [07:35:07] [INFO] ---- Begin Train | Data Labels: ['all'] ----
[GPU 0] [07:35:07] [INFO] warmup_steps: 296
[GPU 0] [07:35:07] [INFO] constant_steps: 13015
[GPU 0] [07:35:07] [INFO] decay_steps: 1479
[GPU 0] [07:35:07] [INFO] LR Scheduler: Warmup Start
[GPU 0] [07:35:25] [INFO] Step: 1, LR: 5.42e-06
[GPU 0] [07:35:25] [INFO] Train Loss: CORE: 10.94 CODE-LISP: nan PAPERS-BIOLOGY: nan PAPERS-CYBER: nan PAPERS-NUCLEAR: nan 
[GPU 0] [07:35:30] [INFO] LR Scheduler: Constant Start
[GPU 0] [07:35:43] [INFO] Step: 1000, LR: 1.60e-03
[GPU 0] [07:35:43] [INFO] Train Loss: CORE: 4.45 CODE-LISP: 5.35 PAPERS-BIOLOGY: nan PAPERS-CYBER: 5.06 PAPERS-NUCLEAR: 6.32 
[GPU 0] [07:36:01] [INFO] Step: 2000, LR: 1.60e-03
[GPU 0] [07:36:01] [INFO] Train Loss: CORE: 3.84 CODE-LISP: 3.78 PAPERS-BIOLOGY: 4.38 PAPERS-CYBER: 4.73 PAPERS-NUCLEAR: 5.33 
[GPU 0] [07:36:19] [INFO] Step: 3000, LR: 1.60e-03
[GPU 0] [07:36:19] [INFO] Train Loss: CORE: 4.20 CODE-LISP: 3.78 PAPERS-BIOLOGY: 4.21 PAPERS-CYBER: 4.61 PAPERS-NUCLEAR: 4.63 
[GPU 0] [07:36:37] [INFO] Step: 4000, LR: 1.60e-03
[GPU 0] [07:36:37] [INFO] Train Loss: CORE: 4.09 CODE-LISP: 3.49 PAPERS-BIOLOGY: 4.12 PAPERS-CYBER: 4.58 PAPERS-NUCLEAR: 4.63 
[GPU 0] [07:36:55] [INFO] Step: 5000, LR: 1.60e-03
[GPU 0] [07:36:55] [INFO] Train Loss: CORE: 3.74 CODE-LISP: 2.97 PAPERS-BIOLOGY: 4.07 PAPERS-CYBER: 4.48 PAPERS-NUCLEAR: 4.49 
[GPU 0] [07:37:13] [INFO] Step: 6000, LR: 1.60e-03
[GPU 0] [07:37:13] [INFO] Train Loss: CORE: 3.72 CODE-LISP: 2.27 PAPERS-BIOLOGY: 3.94 PAPERS-CYBER: 4.14 PAPERS-NUCLEAR: 4.49 
[GPU 0] [07:37:31] [INFO] Step: 7000, LR: 1.60e-03
[GPU 0] [07:37:31] [INFO] Train Loss: CORE: 3.69 CODE-LISP: 1.85 PAPERS-BIOLOGY: 3.68 PAPERS-CYBER: 3.97 PAPERS-NUCLEAR: 4.23 
[GPU 0] [07:37:48] [INFO] Step: 8000, LR: 1.60e-03
[GPU 0] [07:37:48] [INFO] Train Loss: CORE: 3.35 CODE-LISP: 1.74 PAPERS-BIOLOGY: 3.67 PAPERS-CYBER: 3.98 PAPERS-NUCLEAR: 4.14 
[GPU 0] [07:38:06] [INFO] Step: 9000, LR: 1.60e-03
[GPU 0] [07:38:06] [INFO] Train Loss: CORE: 3.35 CODE-LISP: 1.74 PAPERS-BIOLOGY: 3.64 PAPERS-CYBER: 3.98 PAPERS-NUCLEAR: 4.04 
[GPU 0] [07:38:24] [INFO] Step: 10000, LR: 1.60e-03
[GPU 0] [07:38:24] [INFO] Train Loss: CORE: 3.54 CODE-LISP: 1.68 PAPERS-BIOLOGY: 3.64 PAPERS-CYBER: 3.96 PAPERS-NUCLEAR: 4.01 
[GPU 0] [07:38:42] [INFO] Step: 11000, LR: 1.60e-03
[GPU 0] [07:38:42] [INFO] Train Loss: CORE: 3.87 CODE-LISP: 1.73 PAPERS-BIOLOGY: 3.60 PAPERS-CYBER: 4.01 PAPERS-NUCLEAR: 3.85 
[GPU 0] [07:39:00] [INFO] Step: 12000, LR: 1.60e-03
[GPU 0] [07:39:00] [INFO] Train Loss: CORE: 3.87 CODE-LISP: 1.69 PAPERS-BIOLOGY: 3.56 PAPERS-CYBER: 3.93 PAPERS-NUCLEAR: 3.84 
[GPU 0] [07:39:17] [INFO] Step: 13000, LR: 1.60e-03
[GPU 0] [07:39:17] [INFO] Train Loss: CORE: 3.28 CODE-LISP: 1.64 PAPERS-BIOLOGY: 3.52 PAPERS-CYBER: 3.90 PAPERS-NUCLEAR: 3.85 
[GPU 0] [07:39:23] [INFO] LR Scheduler: Decay Start
[GPU 0] [07:39:35] [INFO] Step: 14000, LR: 8.55e-04
[GPU 0] [07:39:35] [INFO] Train Loss: CORE: 2.71 CODE-LISP: 1.60 PAPERS-BIOLOGY: 3.54 PAPERS-CYBER: 3.88 PAPERS-NUCLEAR: 3.83 
[GPU 0] [07:39:49] [INFO] Step: 14790, LR: 1.00e-08
[GPU 0] [07:39:49] [INFO] Train Loss: CORE: 3.43 CODE-LISP: 1.51 PAPERS-BIOLOGY: 3.54 PAPERS-CYBER: 3.78 PAPERS-NUCLEAR: 3.79 
[GPU 0] [07:39:50] [INFO] ---- Begin Eval ----
[GPU 0] [07:39:50] [INFO] Data: core | Experts: None
[GPU 0] [07:39:58] [INFO] loss: 2.68426800
[GPU 0] [07:39:58] [INFO] Data: code-lisp | Experts: None
[GPU 0] [07:39:58] [INFO] loss: 1.57113981
[GPU 0] [07:39:58] [INFO] Data: papers-biology | Experts: None
[GPU 0] [07:39:59] [INFO] loss: 3.44731998
[GPU 0] [07:39:59] [INFO] Data: papers-nuclear | Experts: None
[GPU 0] [07:39:59] [INFO] loss: 3.62733316
[GPU 0] [07:39:59] [INFO] Data: papers-cyber | Experts: None
[GPU 0] [07:39:59] [INFO] loss: 3.70524096
[GPU 0] [07:40:07] [INFO] ----------------------------------------
[GPU 0] [07:40:07] [INFO] Finished. See /workspace/gradient-routing/experiments/AGI-1699-New-Dataset-Runs/results/optimize/base/realistic/50M/seed_3/20260421073456339550
