[GPU 0] [05:10:04] [INFO] Number of GPUs: 8
[GPU 0] [05:10:05] [INFO] Tokenizer vocabulary: 50257
[GPU 0] [05:10:05] [INFO] Set model vocab size to nearest multiple of 64 of tokenizer size: 50304
[GPU 0] [05:10:07] [INFO] target effective batch size: 64, actual effective batch size: 64, micro batch size: 8, accumulation steps: 1, num gpus: 8
[GPU 0] [05:10:07] [INFO] core total number of tokens: 124693822984
[GPU 0] [05:10:07] [INFO] Baseline model has 199,891,008 parameters
[GPU 0] [05:10:07] [INFO] core: chinchilla optimal tokens: 3,997,820,160, requested proportion: 1.0000, requested number of tokens: 3,997,820,160.0, 
[GPU 0] [05:10:07] [INFO] aux total number of tokens: 4835776549
[GPU 0] [05:10:07] [INFO] Baseline model has 199,891,008 parameters
[GPU 0] [05:10:07] [INFO] aux: chinchilla optimal tokens: 3,997,820,160, requested proportion: 0.0100, requested number of tokens: 39,978,201.6, 
[GPU 0] [05:10:07] [DEBUG] Saved config to /workspace/gradient-routing/experiments/AGI-1699-New-Dataset-Runs/results/optimize/base/realistic/200M/seed_2/20260421050957474870/config.json
[GPU 0] [05:10:07] [DEBUG] {
    "stages": [
        {
            "name": "baseline",
            "num_checkpoints": -1,
            "lr": 0.0008,
            "res_dir": "/workspace/gradient-routing/experiments/AGI-1699-New-Dataset-Runs/results/optimize/base/realistic/200M/seed_2/20260421050957474870/baseline",
            "do_eval": true,
            "do_sample": false,
            "num_train_evals": 0,
            "do_elicit": false,
            "elicit_eval_prc": 0.5,
            "elicit_num_evals": 100
        }
    ],
    "model": {
        "arch": "base",
        "tokenizer": "GPT2Tokenizer(name_or_path='EleutherAI/gpt-neo-125M', vocab_size=50257, model_max_length=2048, padding_side='right', truncation_side='right', special_tokens={'bos_token': '<|endoftext|>', 'eos_token': '<|endoftext|>', 'unk_token': '<|endoftext|>'}, added_tokens_decoder={\n\t50256: AddedToken(\"<|endoftext|>\", rstrip=False, lstrip=False, single_word=False, normalized=True, special=True),\n}\n)",
        "ctx_len": 1024,
        "vocab_size": 50304,
        "num_layers": 13,
        "num_heads": 8,
        "num_key_value": 2,
        "attn_bias": true,
        "eos_token_id": 50256,
        "embed_dim": 896,
        "mlp_dim": 3584
    },
    "data": {
        "dirs": [
            "/workspace/gradient-routing/experiments/AGI-1699-New-Dataset-Runs/src/data/fineweb",
            "/workspace/gradient-routing/experiments/AGI-1699-New-Dataset-Runs/src/data/code",
            "/workspace/gradient-routing/experiments/AGI-1699-New-Dataset-Runs/src/data/papers"
        ],
        "core": {
            "labels": [
                "fineweb",
                "code-other",
                "papers-other"
            ],
            "method": "optimal",
            "limit": 1.0,
            "dist": {
                "fineweb": 0.84,
                "code-other": 0.15,
                "papers-other": 0.01
            },
            "num_tok": 3997820160.0
        },
        "aux": {
            "labels": [
                "code-lisp",
                "papers-biology",
                "papers-nuclear",
                "papers-cyber"
            ],
            "method": "optimal",
            "limit": 0.01,
            "dist": {
                "code-lisp": 0.25,
                "papers-biology": 0.25,
                "papers-nuclear": 0.25,
                "papers-cyber": 0.25
            },
            "num_tok": 39978201.6
        }
    },
    "run": {
        "target_effective_batch_size": 64,
        "effective_batch_size": 64,
        "micro_batch_size": 8,
        "accumulation_steps": 1,
        "max_num_test_sequences": 10000,
        "eval_all_labels": false,
        "micro_batch_anchors": [
            [
                400000000.0,
                23
            ],
            [
                5000000000.0,
                2
            ]
        ],
        "epochs": 1,
        "adam_betas": [
            0.9,
            0.95
        ],
        "warmup_prc": 0.02,
        "decay_prc": 0.1,
        "seed": 2,
        "compile": true,
        "is_ddp": true,
        "optimize_routed": true,
        "cleanup_distributed": false,
        "log_level": "DEBUG",
        "num_gpus": 8,
        "process_id": 0,
        "num_base_params": 199891008,
        "device": "cuda",
        "logger": "<Logger training_20260421050957474870 (DEBUG)>",
        "labels": [
            "core",
            "code-lisp",
            "papers-biology",
            "papers-cyber",
            "papers-nuclear"
        ],
        "loaders": {
            "code-lisp": {
                "train": "SingleDataLoader(code-lisp_train_001.bin, len=152)",
                "test": "InterleavedDataLoader(len=152)"
            },
            "code-other": {
                "train": "SingleDataLoader(code-other_train_003.bin, len=9150)",
                "test": "InterleavedDataLoader(len=157)"
            },
            "fineweb": {
                "train": "InterleavedDataLoader(len=51241)",
                "test": "InterleavedDataLoader(len=157)"
            },
            "papers-biology": {
                "train": "SingleDataLoader(papers-biology_train.bin, len=152)",
                "test": "SingleDataLoader(papers-biology_test.bin, len=152)"
            },
            "papers-cyber": {
                "train": "SingleDataLoader(papers-cyber_train.bin, len=152)",
                "test": "SingleDataLoader(papers-cyber_test.bin, len=152)"
            },
            "papers-nuclear": {
                "train": "SingleDataLoader(papers-nuclear_train.bin, len=152)",
                "test": "SingleDataLoader(papers-nuclear_test.bin, len=152)"
            },
            "papers-other": {
                "train": "SingleDataLoader(papers-other_train.bin, len=610)",
                "test": "SingleDataLoader(papers-other_test.bin, len=157)"
            },
            "core": {
                "train": "InterleavedDataLoader(len=61001)",
                "test": "InterleavedDataLoader(len=471)"
            },
            "aux": {
                "train": "InterleavedDataLoader(len=608)",
                "test": "InterleavedDataLoader(len=608)"
            },
            "all": {
                "train": "InterleavedDataLoader(len=61609)",
                "test": "InterleavedDataLoader(len=1079)"
            }
        },
        "res_root": "/workspace/gradient-routing/experiments/AGI-1699-New-Dataset-Runs/results/optimize/base/realistic/200M/seed_2",
        "experiment_id": "20260421050957474870",
        "s3_bucket": "ae-gradient-routing-results",
        "s3_prefix": "optimize/base/realistic/200M/seed_2"
    }
}
[GPU 0] [05:10:07] [INFO] Loader code-lisp train: 152, test: 152
[GPU 0] [05:10:07] [INFO] Loader code-other train: 9150, test: 157
[GPU 0] [05:10:07] [INFO] Loader fineweb train: 51241, test: 157
[GPU 0] [05:10:07] [INFO] Loader papers-biology train: 152, test: 152
[GPU 0] [05:10:07] [INFO] Loader papers-cyber train: 152, test: 152
[GPU 0] [05:10:07] [INFO] Loader papers-nuclear train: 152, test: 152
[GPU 0] [05:10:07] [INFO] Loader papers-other train: 610, test: 157
[GPU 0] [05:10:07] [INFO] Loader core train: 61001, test: 471
[GPU 0] [05:10:07] [INFO] Loader aux train: 608, test: 608
[GPU 0] [05:10:07] [INFO] Loader all train: 61609, test: 1079
[GPU 0] [05:10:07] [INFO] Stage [baseline] start: {"name": "baseline", "num_checkpoints": -1, "lr": 0.0008, "res_dir": "/workspace/gradient-routing/experiments/AGI-1699-New-Dataset-Runs/results/optimize/base/realistic/200M/seed_2/20260421050957474870/baseline", "do_eval": true, "do_sample": false, "num_train_evals": 0, "do_elicit": false, "elicit_eval_prc": 0.5, "elicit_num_evals": 100}
[GPU 0] [05:10:07] [INFO] BASELINE START
[GPU 0] [05:10:08] [INFO] Initialized BaseTransformer with 199,891,008 total parameters
[GPU 0] [05:10:08] [INFO] Compiling BaseTransformer with torch.compile...
[GPU 0] [05:10:09] [INFO] torch.compile done
[GPU 0] [05:10:09] [WARNING] restore_partial_state: no checkpoint found at /workspace/gradient-routing/experiments/AGI-1699-New-Dataset-Runs/results/optimize/base/realistic/200M/seed_2/20260421050957474870/baseline
[GPU 0] [05:10:09] [INFO] ---- Begin Train | Data Labels: ['all'] ----
[GPU 0] [05:10:09] [INFO] warmup_steps: 1232
[GPU 0] [05:10:09] [INFO] constant_steps: 54216
[GPU 0] [05:10:09] [INFO] decay_steps: 6161
[GPU 0] [05:10:09] [INFO] LR Scheduler: Warmup Start
[GPU 0] [05:10:31] [INFO] Step: 1, LR: 6.59e-07
[GPU 0] [05:10:31] [INFO] Train Loss: CORE: 11.00 CODE-LISP: nan PAPERS-BIOLOGY: nan PAPERS-CYBER: nan PAPERS-NUCLEAR: nan 
[GPU 0] [05:11:18] [INFO] Step: 1000, LR: 6.49e-04
[GPU 0] [05:11:18] [INFO] Train Loss: CORE: 4.97 CODE-LISP: 5.91 PAPERS-BIOLOGY: 6.74 PAPERS-CYBER: nan PAPERS-NUCLEAR: 5.93 
[GPU 0] [05:11:29] [INFO] LR Scheduler: Constant Start
[GPU 0] [05:12:05] [INFO] Step: 2000, LR: 8.00e-04
[GPU 0] [05:12:05] [INFO] Train Loss: CORE: 3.61 CODE-LISP: 4.97 PAPERS-BIOLOGY: 6.46 PAPERS-CYBER: 4.61 PAPERS-NUCLEAR: 5.75 
[GPU 0] [05:12:52] [INFO] Step: 3000, LR: 8.00e-04
[GPU 0] [05:12:52] [INFO] Train Loss: CORE: 3.62 CODE-LISP: 4.16 PAPERS-BIOLOGY: 6.12 PAPERS-CYBER: 4.31 PAPERS-NUCLEAR: 5.75 
[GPU 0] [05:13:38] [INFO] Step: 4000, LR: 8.00e-04
[GPU 0] [05:13:38] [INFO] Train Loss: CORE: 3.26 CODE-LISP: 3.32 PAPERS-BIOLOGY: 6.12 PAPERS-CYBER: 4.21 PAPERS-NUCLEAR: 5.75 
[GPU 0] [05:14:25] [INFO] Step: 5000, LR: 8.00e-04
[GPU 0] [05:14:25] [INFO] Train Loss: CORE: 3.13 CODE-LISP: 2.41 PAPERS-BIOLOGY: 5.82 PAPERS-CYBER: 3.80 PAPERS-NUCLEAR: 5.43 
[GPU 0] [05:15:12] [INFO] Step: 6000, LR: 8.00e-04
[GPU 0] [05:15:12] [INFO] Train Loss: CORE: 3.17 CODE-LISP: 2.12 PAPERS-BIOLOGY: 5.59 PAPERS-CYBER: 3.80 PAPERS-NUCLEAR: 4.70 
[GPU 0] [05:15:59] [INFO] Step: 7000, LR: 8.00e-04
[GPU 0] [05:15:59] [INFO] Train Loss: CORE: 3.63 CODE-LISP: 2.00 PAPERS-BIOLOGY: 4.03 PAPERS-CYBER: 3.76 PAPERS-NUCLEAR: 4.63 
[GPU 0] [05:16:46] [INFO] Step: 8000, LR: 8.00e-04
[GPU 0] [05:16:46] [INFO] Train Loss: CORE: 3.62 CODE-LISP: 1.88 PAPERS-BIOLOGY: 3.44 PAPERS-CYBER: 3.78 PAPERS-NUCLEAR: 3.87 
[GPU 0] [05:17:32] [INFO] Step: 9000, LR: 8.00e-04
[GPU 0] [05:17:32] [INFO] Train Loss: CORE: 3.29 CODE-LISP: 1.73 PAPERS-BIOLOGY: 3.38 PAPERS-CYBER: 3.58 PAPERS-NUCLEAR: 3.68 
[GPU 0] [05:18:19] [INFO] Step: 10000, LR: 8.00e-04
[GPU 0] [05:18:19] [INFO] Train Loss: CORE: 3.23 CODE-LISP: 1.76 PAPERS-BIOLOGY: 3.28 PAPERS-CYBER: 3.57 PAPERS-NUCLEAR: 3.64 
[GPU 0] [05:19:06] [INFO] Step: 11000, LR: 8.00e-04
[GPU 0] [05:19:06] [INFO] Train Loss: CORE: 3.17 CODE-LISP: 1.82 PAPERS-BIOLOGY: 3.28 PAPERS-CYBER: 3.53 PAPERS-NUCLEAR: 3.62 
[GPU 0] [05:19:53] [INFO] Step: 12000, LR: 8.00e-04
[GPU 0] [05:19:53] [INFO] Train Loss: CORE: 3.23 CODE-LISP: 1.74 PAPERS-BIOLOGY: 3.28 PAPERS-CYBER: 3.53 PAPERS-NUCLEAR: 3.59 
[GPU 0] [05:20:40] [INFO] Step: 13000, LR: 8.00e-04
[GPU 0] [05:20:40] [INFO] Train Loss: CORE: 2.93 CODE-LISP: 1.71 PAPERS-BIOLOGY: 3.25 PAPERS-CYBER: 3.47 PAPERS-NUCLEAR: 3.59 
[GPU 0] [05:21:26] [INFO] Step: 14000, LR: 8.00e-04
[GPU 0] [05:21:26] [INFO] Train Loss: CORE: 2.96 CODE-LISP: 1.64 PAPERS-BIOLOGY: 3.21 PAPERS-CYBER: 3.47 PAPERS-NUCLEAR: 3.60 
[GPU 0] [05:22:13] [INFO] Step: 15000, LR: 8.00e-04
[GPU 0] [05:22:13] [INFO] Train Loss: CORE: 3.21 CODE-LISP: 1.53 PAPERS-BIOLOGY: 3.23 PAPERS-CYBER: 3.49 PAPERS-NUCLEAR: 3.62 
[GPU 0] [05:23:00] [INFO] Step: 16000, LR: 8.00e-04
[GPU 0] [05:23:00] [INFO] Train Loss: CORE: 3.12 CODE-LISP: 1.53 PAPERS-BIOLOGY: 3.21 PAPERS-CYBER: 3.43 PAPERS-NUCLEAR: 3.58 
[GPU 0] [05:23:47] [INFO] Step: 17000, LR: 8.00e-04
[GPU 0] [05:23:47] [INFO] Train Loss: CORE: 3.16 CODE-LISP: 1.51 PAPERS-BIOLOGY: 3.18 PAPERS-CYBER: 3.45 PAPERS-NUCLEAR: 3.47 
[GPU 0] [05:24:34] [INFO] Step: 18000, LR: 8.00e-04
[GPU 0] [05:24:34] [INFO] Train Loss: CORE: 3.36 CODE-LISP: 1.41 PAPERS-BIOLOGY: 3.16 PAPERS-CYBER: 3.47 PAPERS-NUCLEAR: 3.50 
[GPU 0] [05:25:21] [INFO] Step: 19000, LR: 8.00e-04
[GPU 0] [05:25:21] [INFO] Train Loss: CORE: 3.33 CODE-LISP: 1.37 PAPERS-BIOLOGY: 3.15 PAPERS-CYBER: 3.44 PAPERS-NUCLEAR: 3.51 
[GPU 0] [05:26:08] [INFO] Step: 20000, LR: 8.00e-04
[GPU 0] [05:26:08] [INFO] Train Loss: CORE: 2.67 CODE-LISP: 1.27 PAPERS-BIOLOGY: 3.17 PAPERS-CYBER: 3.39 PAPERS-NUCLEAR: 3.51 
[GPU 0] [05:26:55] [INFO] Step: 21000, LR: 8.00e-04
[GPU 0] [05:26:55] [INFO] Train Loss: CORE: 3.14 CODE-LISP: 1.30 PAPERS-BIOLOGY: 3.17 PAPERS-CYBER: 3.42 PAPERS-NUCLEAR: 3.52 
[GPU 0] [05:27:42] [INFO] Step: 22000, LR: 8.00e-04
[GPU 0] [05:27:42] [INFO] Train Loss: CORE: 2.84 CODE-LISP: 1.32 PAPERS-BIOLOGY: 3.19 PAPERS-CYBER: 3.41 PAPERS-NUCLEAR: 3.45 
[GPU 0] [05:28:29] [INFO] Step: 23000, LR: 8.00e-04
[GPU 0] [05:28:29] [INFO] Train Loss: CORE: 2.59 CODE-LISP: 1.33 PAPERS-BIOLOGY: 3.18 PAPERS-CYBER: 3.40 PAPERS-NUCLEAR: 3.46 
[GPU 0] [05:29:16] [INFO] Step: 24000, LR: 8.00e-04
[GPU 0] [05:29:16] [INFO] Train Loss: CORE: 3.07 CODE-LISP: 1.32 PAPERS-BIOLOGY: 3.15 PAPERS-CYBER: 3.41 PAPERS-NUCLEAR: 3.54 
[GPU 0] [05:30:03] [INFO] Step: 25000, LR: 8.00e-04
[GPU 0] [05:30:03] [INFO] Train Loss: CORE: 3.16 CODE-LISP: 1.27 PAPERS-BIOLOGY: 3.14 PAPERS-CYBER: 3.44 PAPERS-NUCLEAR: 3.49 
[GPU 0] [05:30:50] [INFO] Step: 26000, LR: 8.00e-04
[GPU 0] [05:30:50] [INFO] Train Loss: CORE: 3.04 CODE-LISP: 1.31 PAPERS-BIOLOGY: 3.13 PAPERS-CYBER: 3.48 PAPERS-NUCLEAR: 3.49 
[GPU 0] [05:31:36] [INFO] Step: 27000, LR: 8.00e-04
[GPU 0] [05:31:36] [INFO] Train Loss: CORE: 3.18 CODE-LISP: 1.31 PAPERS-BIOLOGY: 3.11 PAPERS-CYBER: 3.47 PAPERS-NUCLEAR: 3.49 
[GPU 0] [05:32:23] [INFO] Step: 28000, LR: 8.00e-04
[GPU 0] [05:32:23] [INFO] Train Loss: CORE: 3.16 CODE-LISP: 1.25 PAPERS-BIOLOGY: 3.15 PAPERS-CYBER: 3.41 PAPERS-NUCLEAR: 3.44 
[GPU 0] [05:33:10] [INFO] Step: 29000, LR: 8.00e-04
[GPU 0] [05:33:10] [INFO] Train Loss: CORE: 2.73 CODE-LISP: 1.23 PAPERS-BIOLOGY: 3.19 PAPERS-CYBER: 3.38 PAPERS-NUCLEAR: 3.41 
[GPU 0] [05:33:57] [INFO] Step: 30000, LR: 8.00e-04
[GPU 0] [05:33:57] [INFO] Train Loss: CORE: 3.32 CODE-LISP: 1.28 PAPERS-BIOLOGY: 3.15 PAPERS-CYBER: 3.35 PAPERS-NUCLEAR: 3.49 
[GPU 0] [05:34:44] [INFO] Step: 31000, LR: 8.00e-04
[GPU 0] [05:34:44] [INFO] Train Loss: CORE: 3.37 CODE-LISP: 1.29 PAPERS-BIOLOGY: 3.11 PAPERS-CYBER: 3.36 PAPERS-NUCLEAR: 3.53 
[GPU 0] [05:35:31] [INFO] Step: 32000, LR: 8.00e-04
[GPU 0] [05:35:31] [INFO] Train Loss: CORE: 3.06 CODE-LISP: 1.29 PAPERS-BIOLOGY: 3.03 PAPERS-CYBER: 3.39 PAPERS-NUCLEAR: 3.51 
[GPU 0] [05:36:18] [INFO] Step: 33000, LR: 8.00e-04
[GPU 0] [05:36:18] [INFO] Train Loss: CORE: 3.06 CODE-LISP: 1.26 PAPERS-BIOLOGY: 3.03 PAPERS-CYBER: 3.36 PAPERS-NUCLEAR: 3.45 
[GPU 0] [05:37:06] [INFO] Step: 34000, LR: 8.00e-04
[GPU 0] [05:37:06] [INFO] Train Loss: CORE: 3.12 CODE-LISP: 1.31 PAPERS-BIOLOGY: 3.04 PAPERS-CYBER: 3.36 PAPERS-NUCLEAR: 3.46 
[GPU 0] [05:37:52] [INFO] Step: 35000, LR: 8.00e-04
[GPU 0] [05:37:52] [INFO] Train Loss: CORE: 3.33 CODE-LISP: 1.32 PAPERS-BIOLOGY: 3.06 PAPERS-CYBER: 3.38 PAPERS-NUCLEAR: 3.37 
[GPU 0] [05:38:39] [INFO] Step: 36000, LR: 8.00e-04
[GPU 0] [05:38:39] [INFO] Train Loss: CORE: 3.38 CODE-LISP: 1.42 PAPERS-BIOLOGY: 3.01 PAPERS-CYBER: 3.36 PAPERS-NUCLEAR: 3.37 
[GPU 0] [05:39:26] [INFO] Step: 37000, LR: 8.00e-04
[GPU 0] [05:39:26] [INFO] Train Loss: CORE: 3.05 CODE-LISP: 1.42 PAPERS-BIOLOGY: 3.00 PAPERS-CYBER: 3.36 PAPERS-NUCLEAR: 3.39 
[GPU 0] [05:40:13] [INFO] Step: 38000, LR: 8.00e-04
[GPU 0] [05:40:13] [INFO] Train Loss: CORE: 3.06 CODE-LISP: 1.37 PAPERS-BIOLOGY: 3.02 PAPERS-CYBER: 3.27 PAPERS-NUCLEAR: 3.46 
[GPU 0] [05:41:00] [INFO] Step: 39000, LR: 8.00e-04
[GPU 0] [05:41:00] [INFO] Train Loss: CORE: 3.04 CODE-LISP: 1.32 PAPERS-BIOLOGY: 3.07 PAPERS-CYBER: 3.32 PAPERS-NUCLEAR: 3.47 
[GPU 0] [05:41:46] [INFO] Step: 40000, LR: 8.00e-04
[GPU 0] [05:41:46] [INFO] Train Loss: CORE: 3.22 CODE-LISP: 1.27 PAPERS-BIOLOGY: 3.07 PAPERS-CYBER: 3.35 PAPERS-NUCLEAR: 3.48 
[GPU 0] [05:42:33] [INFO] Step: 41000, LR: 8.00e-04
[GPU 0] [05:42:33] [INFO] Train Loss: CORE: 2.80 CODE-LISP: 1.24 PAPERS-BIOLOGY: 3.10 PAPERS-CYBER: 3.32 PAPERS-NUCLEAR: 3.47 
[GPU 0] [05:43:20] [INFO] Step: 42000, LR: 8.00e-04
[GPU 0] [05:43:20] [INFO] Train Loss: CORE: 3.28 CODE-LISP: 1.24 PAPERS-BIOLOGY: 3.10 PAPERS-CYBER: 3.33 PAPERS-NUCLEAR: 3.45 
[GPU 0] [05:44:07] [INFO] Step: 43000, LR: 8.00e-04
[GPU 0] [05:44:07] [INFO] Train Loss: CORE: 2.82 CODE-LISP: 1.15 PAPERS-BIOLOGY: 3.09 PAPERS-CYBER: 3.34 PAPERS-NUCLEAR: 3.45 
[GPU 0] [05:44:54] [INFO] Step: 44000, LR: 8.00e-04
[GPU 0] [05:44:54] [INFO] Train Loss: CORE: 3.07 CODE-LISP: 1.05 PAPERS-BIOLOGY: 3.15 PAPERS-CYBER: 3.33 PAPERS-NUCLEAR: 3.45 
[GPU 0] [05:45:40] [INFO] Step: 45000, LR: 8.00e-04
[GPU 0] [05:45:40] [INFO] Train Loss: CORE: 3.01 CODE-LISP: 1.08 PAPERS-BIOLOGY: 3.11 PAPERS-CYBER: 3.35 PAPERS-NUCLEAR: 3.37 
[GPU 0] [05:46:27] [INFO] Step: 46000, LR: 8.00e-04
[GPU 0] [05:46:27] [INFO] Train Loss: CORE: 3.08 CODE-LISP: 1.10 PAPERS-BIOLOGY: 3.06 PAPERS-CYBER: 3.31 PAPERS-NUCLEAR: 3.29 
[GPU 0] [05:47:14] [INFO] Step: 47000, LR: 8.00e-04
[GPU 0] [05:47:14] [INFO] Train Loss: CORE: 3.29 CODE-LISP: 1.09 PAPERS-BIOLOGY: 3.00 PAPERS-CYBER: 3.31 PAPERS-NUCLEAR: 3.29 
[GPU 0] [05:48:01] [INFO] Step: 48000, LR: 8.00e-04
[GPU 0] [05:48:01] [INFO] Train Loss: CORE: 2.31 CODE-LISP: 1.12 PAPERS-BIOLOGY: 2.98 PAPERS-CYBER: 3.31 PAPERS-NUCLEAR: 3.29 
[GPU 0] [05:48:48] [INFO] Step: 49000, LR: 8.00e-04
[GPU 0] [05:48:48] [INFO] Train Loss: CORE: 3.04 CODE-LISP: 1.13 PAPERS-BIOLOGY: 3.02 PAPERS-CYBER: 3.27 PAPERS-NUCLEAR: 3.29 
[GPU 0] [05:49:35] [INFO] Step: 50000, LR: 8.00e-04
[GPU 0] [05:49:35] [INFO] Train Loss: CORE: 2.50 CODE-LISP: 1.17 PAPERS-BIOLOGY: 3.06 PAPERS-CYBER: 3.20 PAPERS-NUCLEAR: 3.39 
[GPU 0] [05:50:21] [INFO] Step: 51000, LR: 8.00e-04
[GPU 0] [05:50:21] [INFO] Train Loss: CORE: 2.98 CODE-LISP: 1.29 PAPERS-BIOLOGY: 3.03 PAPERS-CYBER: 3.23 PAPERS-NUCLEAR: 3.41 
[GPU 0] [05:51:08] [INFO] Step: 52000, LR: 8.00e-04
[GPU 0] [05:51:08] [INFO] Train Loss: CORE: 2.63 CODE-LISP: 1.33 PAPERS-BIOLOGY: 3.02 PAPERS-CYBER: 3.20 PAPERS-NUCLEAR: 3.41 
[GPU 0] [05:51:55] [INFO] Step: 53000, LR: 8.00e-04
[GPU 0] [05:51:55] [INFO] Train Loss: CORE: 3.01 CODE-LISP: 1.31 PAPERS-BIOLOGY: 3.07 PAPERS-CYBER: 3.24 PAPERS-NUCLEAR: 3.44 
[GPU 0] [05:52:42] [INFO] Step: 54000, LR: 8.00e-04
[GPU 0] [05:52:42] [INFO] Train Loss: CORE: 2.80 CODE-LISP: 1.19 PAPERS-BIOLOGY: 3.06 PAPERS-CYBER: 3.23 PAPERS-NUCLEAR: 3.38 
[GPU 0] [05:53:29] [INFO] Step: 55000, LR: 8.00e-04
[GPU 0] [05:53:29] [INFO] Train Loss: CORE: 2.53 CODE-LISP: 1.19 PAPERS-BIOLOGY: 3.10 PAPERS-CYBER: 3.23 PAPERS-NUCLEAR: 3.44 
[GPU 0] [05:53:50] [INFO] LR Scheduler: Decay Start
[GPU 0] [05:54:15] [INFO] Step: 56000, LR: 7.28e-04
[GPU 0] [05:54:15] [INFO] Train Loss: CORE: 2.70 CODE-LISP: 1.19 PAPERS-BIOLOGY: 3.09 PAPERS-CYBER: 3.28 PAPERS-NUCLEAR: 3.48 
[GPU 0] [05:55:02] [INFO] Step: 57000, LR: 5.98e-04
[GPU 0] [05:55:02] [INFO] Train Loss: CORE: 2.50 CODE-LISP: 1.19 PAPERS-BIOLOGY: 3.09 PAPERS-CYBER: 3.30 PAPERS-NUCLEAR: 3.48 
[GPU 0] [05:55:49] [INFO] Step: 58000, LR: 4.69e-04
[GPU 0] [05:55:49] [INFO] Train Loss: CORE: 2.92 CODE-LISP: 1.20 PAPERS-BIOLOGY: 2.95 PAPERS-CYBER: 3.31 PAPERS-NUCLEAR: 3.50 
[GPU 0] [05:56:36] [INFO] Step: 59000, LR: 3.39e-04
[GPU 0] [05:56:36] [INFO] Train Loss: CORE: 2.42 CODE-LISP: 1.20 PAPERS-BIOLOGY: 2.95 PAPERS-CYBER: 3.31 PAPERS-NUCLEAR: 3.41 
[GPU 0] [05:57:23] [INFO] Step: 60000, LR: 2.09e-04
[GPU 0] [05:57:23] [INFO] Train Loss: CORE: 3.15 CODE-LISP: 1.20 PAPERS-BIOLOGY: 2.91 PAPERS-CYBER: 3.30 PAPERS-NUCLEAR: 3.31 
[GPU 0] [05:58:10] [INFO] Step: 61000, LR: 7.91e-05
[GPU 0] [05:58:10] [INFO] Train Loss: CORE: 2.70 CODE-LISP: 1.10 PAPERS-BIOLOGY: 2.90 PAPERS-CYBER: 3.26 PAPERS-NUCLEAR: 3.25 
[GPU 0] [05:58:38] [INFO] Step: 61609, LR: 1.00e-08
[GPU 0] [05:58:38] [INFO] Train Loss: CORE: 2.68 CODE-LISP: 1.10 PAPERS-BIOLOGY: 2.85 PAPERS-CYBER: 3.21 PAPERS-NUCLEAR: 3.23 
[GPU 0] [05:58:39] [INFO] ---- Begin Eval ----
[GPU 0] [05:58:39] [INFO] Data: core | Experts: None
[GPU 0] [05:58:56] [INFO] loss: 2.26877236
[GPU 0] [05:58:56] [INFO] Data: code-lisp | Experts: None
[GPU 0] [05:58:59] [INFO] loss: 1.17517400
[GPU 0] [05:58:59] [INFO] Data: papers-biology | Experts: None
[GPU 0] [05:59:01] [INFO] loss: 2.87264848
[GPU 0] [05:59:01] [INFO] Data: papers-nuclear | Experts: None
[GPU 0] [05:59:04] [INFO] loss: 3.19423318
[GPU 0] [05:59:04] [INFO] Data: papers-cyber | Experts: None
[GPU 0] [05:59:07] [INFO] loss: 3.12861085
[GPU 0] [05:59:08] [INFO] ----------------------------------------
[GPU 0] [05:59:08] [INFO] Finished. See /workspace/gradient-routing/experiments/AGI-1699-New-Dataset-Runs/results/optimize/base/realistic/200M/seed_2/20260421050957474870
