[GPU 0] [03:33:50] [INFO] Git branch: AGI-1696-New-Dataset-Runs_ethan, commit: 3033e250c1b1f202adfcd4bedea9eb8048bb0afc
[GPU 0] [03:33:50] [INFO] Number of GPUs: 8
[GPU 0] [03:33:51] [INFO] Tokenizer vocabulary: 50257
[GPU 0] [03:33:51] [INFO] Set model vocab size to nearest multiple of 64 of tokenizer size: 50304
[GPU 0] [03:34:00] [INFO] target effective batch size: 368, actual effective batch size: 368, micro batch size: 23, accumulation steps: 2, num gpus: 8
[GPU 0] [03:34:00] [INFO] core total number of tokens: 66749057569
[GPU 0] [03:34:00] [INFO] Baseline model has 402,064,768 parameters
[GPU 0] [03:34:00] [INFO] core: chinchilla optimal tokens: 8,041,295,360, requested proportion: 1.0000, requested number of tokens: 8,041,295,360.0, 
[GPU 0] [03:34:00] [INFO] aux total number of tokens: 4835776549
[GPU 0] [03:34:00] [INFO] Baseline model has 402,064,768 parameters
[GPU 0] [03:34:00] [INFO] aux: chinchilla optimal tokens: 8,041,295,360, requested proportion: 0.0100, requested number of tokens: 80,412,953.60000001, 
[GPU 0] [03:34:00] [DEBUG] Saved config to /workspace-vast/ethanr/gradient-routing/experiments/AGI-1699-New-Dataset-Runs/results/scaling/realistic/base/400M/seed_2/20260520033349079222/config.json
[GPU 0] [03:34:00] [DEBUG] {
    "stages": [
        {
            "name": "baseline",
            "num_checkpoints": -1,
            "lr": 0.0007010274465180751,
            "res_dir": "/workspace-vast/ethanr/gradient-routing/experiments/AGI-1699-New-Dataset-Runs/results/scaling/realistic/base/400M/seed_2/20260520033349079222/baseline",
            "acc_mode": "heterogeneous",
            "do_eval": true,
            "do_sample": false,
            "num_train_evals": 100,
            "do_elicit": true,
            "elicit_eval_prc": 0.5,
            "elicit_num_evals": 100,
            "retain_targets": null,
            "label_prc": 1.0
        }
    ],
    "model": {
        "arch": "base",
        "tokenizer": "GPT2Tokenizer(name_or_path='EleutherAI/gpt-neo-125M', vocab_size=50257, model_max_length=2048, padding_side='right', truncation_side='right', special_tokens={'bos_token': '<|endoftext|>', 'eos_token': '<|endoftext|>', 'unk_token': '<|endoftext|>'}, added_tokens_decoder={\n\t50256: AddedToken(\"<|endoftext|>\", rstrip=False, lstrip=False, single_word=False, normalized=True, special=True),\n}\n)",
        "ctx_len": 1024,
        "vocab_size": 50304,
        "num_layers": 18,
        "num_heads": 8,
        "num_key_value": 2,
        "attn_bias": true,
        "eos_token_id": 50256,
        "embed_dim": 1216,
        "mlp_dim": 4864
    },
    "data": {
        "dirs": [
            "/workspace-vast/ethanr/gradient-routing/experiments/AGI-1699-New-Dataset-Runs/src/data/fineweb",
            "/workspace-vast/ethanr/gradient-routing/experiments/AGI-1699-New-Dataset-Runs/src/data/code",
            "/workspace-vast/ethanr/gradient-routing/experiments/AGI-1699-New-Dataset-Runs/src/data/papers"
        ],
        "core": {
            "labels": [
                "fineweb",
                "code-other",
                "papers-other"
            ],
            "method": "optimal",
            "limit": 1.0,
            "dist": {
                "fineweb": 0.84,
                "code-other": 0.15,
                "papers-other": 0.01
            },
            "num_tok": 8041295360.0
        },
        "aux": {
            "labels": [
                "code-lisp",
                "papers-biology",
                "papers-nuclear",
                "papers-cyber"
            ],
            "method": "optimal",
            "limit": 0.01,
            "dist": {
                "code-lisp": 0.25,
                "papers-biology": 0.25,
                "papers-nuclear": 0.25,
                "papers-cyber": 0.25
            },
            "num_tok": 80412953.60000001
        }
    },
    "run": {
        "target_effective_batch_size": 368,
        "effective_batch_size": 368,
        "micro_batch_size": 23,
        "accumulation_steps": 2,
        "max_num_test_sequences": 10000,
        "eval_all_labels": false,
        "micro_batch_anchors": [
            [
                400000000.0,
                23
            ],
            [
                5000000000.0,
                2
            ]
        ],
        "epochs": 1,
        "adam_betas": [
            0.9,
            0.95
        ],
        "warmup_prc": 0.02,
        "decay_prc": 0.1,
        "seed": 2,
        "compile": true,
        "find_unused_parameters": false,
        "is_ddp": true,
        "cleanup_distributed": false,
        "log_level": "DEBUG",
        "num_gpus": 8,
        "process_id": 0,
        "num_base_params": 402064768,
        "device": "cuda",
        "logger": "<Logger training_20260520033349079222 (DEBUG)>",
        "labels": [
            "core",
            "code-lisp",
            "papers-biology",
            "papers-cyber",
            "papers-nuclear"
        ],
        "loaders": {
            "code-lisp": {
                "train": "SingleDataLoader(code-lisp_train_001.bin, len=106)",
                "test": "InterleavedDataLoader(len=56)"
            },
            "code-other": {
                "train": "InterleavedDataLoader(len=6401)",
                "test": "InterleavedDataLoader(len=56)"
            },
            "fineweb": {
                "train": "InterleavedDataLoader(len=35849)",
                "test": "InterleavedDataLoader(len=56)"
            },
            "papers-biology": {
                "train": "SingleDataLoader(papers-biology_train.bin, len=106)",
                "test": "SingleDataLoader(papers-biology_test.bin, len=56)"
            },
            "papers-cyber": {
                "train": "SingleDataLoader(papers-cyber_train.bin, len=106)",
                "test": "SingleDataLoader(papers-cyber_test.bin, len=56)"
            },
            "papers-nuclear": {
                "train": "SingleDataLoader(papers-nuclear_train.bin, len=106)",
                "test": "SingleDataLoader(papers-nuclear_test.bin, len=56)"
            },
            "papers-other": {
                "train": "SingleDataLoader(papers-other_train.bin, len=426)",
                "test": "SingleDataLoader(papers-other_test.bin, len=56)"
            },
            "core": {
                "train": "InterleavedDataLoader(len=42676)",
                "test": "InterleavedDataLoader(len=168)"
            },
            "aux": {
                "train": "InterleavedDataLoader(len=424)",
                "test": "InterleavedDataLoader(len=224)"
            },
            "all": {
                "train": "InterleavedDataLoader(len=43100)",
                "test": "InterleavedDataLoader(len=392)"
            }
        },
        "res_root": "/workspace-vast/ethanr/gradient-routing/experiments/AGI-1699-New-Dataset-Runs/results/scaling/realistic/base/400M/seed_2",
        "experiment_id": "20260520033349079222",
        "s3_bucket": "ae-gradient-routing-results",
        "s3_prefix": "scaling/realistic/base/400M/seed_2"
    },
    "label_prc": 1.0
}
[GPU 0] [03:34:00] [INFO] Loader code-lisp train: 106, test: 56
[GPU 0] [03:34:00] [INFO] Loader code-other train: 6401, test: 56
[GPU 0] [03:34:00] [INFO] Loader fineweb train: 35849, test: 56
[GPU 0] [03:34:00] [INFO] Loader papers-biology train: 106, test: 56
[GPU 0] [03:34:00] [INFO] Loader papers-cyber train: 106, test: 56
[GPU 0] [03:34:00] [INFO] Loader papers-nuclear train: 106, test: 56
[GPU 0] [03:34:00] [INFO] Loader papers-other train: 426, test: 56
[GPU 0] [03:34:00] [INFO] Loader core train: 42676, test: 168
[GPU 0] [03:34:00] [INFO] Loader aux train: 424, test: 224
[GPU 0] [03:34:00] [INFO] Loader all train: 43100, test: 392
[GPU 0] [03:34:00] [INFO] Stage [baseline] start: {"name": "baseline", "num_checkpoints": -1, "lr": 0.0007010274465180751, "res_dir": "/workspace-vast/ethanr/gradient-routing/experiments/AGI-1699-New-Dataset-Runs/results/scaling/realistic/base/400M/seed_2/20260520033349079222/baseline", "acc_mode": "heterogeneous", "do_eval": true, "do_sample": false, "num_train_evals": 100, "do_elicit": true, "elicit_eval_prc": 0.5, "elicit_num_evals": 100, "retain_targets": null, "label_prc": 1.0}
[GPU 0] [03:34:00] [INFO] BASELINE START
[GPU 0] [03:34:13] [INFO] Initialized BaseTransformer with 402,064,768 total parameters
[GPU 0] [03:34:13] [INFO] Compiling BaseTransformer with torch.compile...
[GPU 0] [03:34:13] [INFO] torch.compile done
[GPU 0] [03:34:13] [WARNING] restore_partial_state: no checkpoint found at /workspace-vast/ethanr/gradient-routing/experiments/AGI-1699-New-Dataset-Runs/results/scaling/realistic/base/400M/seed_2/20260520033349079222/baseline
[GPU 0] [03:34:13] [INFO] ---- Begin Train | Train Labels: ['code-lisp', 'core', 'papers-biology', 'papers-cyber', 'papers-nuclear'] ----
[GPU 0] [03:34:13] [DEBUG] acc_mode: heterogeneous, label_prc: 1.0
[GPU 0] [03:34:13] [INFO] Batch [code-lisp] count: 106
[GPU 0] [03:34:13] [INFO] Batch [core] count: 42676
[GPU 0] [03:34:13] [INFO] Batch [papers-biology] count: 106
[GPU 0] [03:34:13] [INFO] Batch [papers-cyber] count: 106
[GPU 0] [03:34:13] [INFO] Batch [papers-nuclear] count: 106
[GPU 0] [03:34:13] [INFO] num_total_steps: 21550
[GPU 0] [03:34:13] [INFO] warmup_steps: 431
[GPU 0] [03:34:13] [INFO] constant_steps: 18964
[GPU 0] [03:34:13] [INFO] decay_steps: 2155
[GPU 0] [03:34:13] [INFO] LR Scheduler: Warmup Start
[GPU 0] [03:35:04] [INFO] Step: 1, LR: 1.64e-06
[GPU 0] [03:35:04] [INFO] Train Loss: CORE: 11.06 CODE-LISP: nan PAPERS-BIOLOGY: nan PAPERS-CYBER: nan PAPERS-NUCLEAR: nan 
[GPU 0] [03:35:04] [INFO] Val Loss: CORE: nan CODE-LISP: nan PAPERS-BIOLOGY: nan PAPERS-CYBER: nan PAPERS-NUCLEAR: nan 
[GPU 0] [03:39:49] [INFO] LR Scheduler: Constant Start
[GPU 0] [03:45:52] [INFO] Step: 1000, LR: 7.01e-04
[GPU 0] [03:45:52] [INFO] Train Loss: CORE: 2.93 CODE-LISP: 3.31 PAPERS-BIOLOGY: 4.32 PAPERS-CYBER: 3.98 PAPERS-NUCLEAR: 5.57 
[GPU 0] [03:45:52] [INFO] Val Loss: CORE: 2.86 CODE-LISP: 1.75 PAPERS-BIOLOGY: 3.67 PAPERS-CYBER: 3.83 PAPERS-NUCLEAR: 3.89 
[GPU 0] [03:56:31] [INFO] Step: 2000, LR: 7.01e-04
[GPU 0] [03:56:31] [INFO] Train Loss: CORE: 2.91 CODE-LISP: 1.96 PAPERS-BIOLOGY: 3.89 PAPERS-CYBER: 3.72 PAPERS-NUCLEAR: 4.30 
[GPU 0] [03:56:31] [INFO] Val Loss: CORE: 2.71 CODE-LISP: 1.57 PAPERS-BIOLOGY: 3.21 PAPERS-CYBER: 3.41 PAPERS-NUCLEAR: 3.47 
[GPU 0] [04:06:50] [INFO] Step: 3000, LR: 7.01e-04
[GPU 0] [04:06:50] [INFO] Train Loss: CORE: 3.03 CODE-LISP: 1.34 PAPERS-BIOLOGY: 3.59 PAPERS-CYBER: 3.57 PAPERS-NUCLEAR: 3.38 
[GPU 0] [04:06:50] [INFO] Val Loss: CORE: 2.37 CODE-LISP: 1.32 PAPERS-BIOLOGY: 3.08 PAPERS-CYBER: 3.29 PAPERS-NUCLEAR: 3.34 
[GPU 0] [04:17:26] [INFO] Step: 4000, LR: 7.01e-04
[GPU 0] [04:17:26] [INFO] Train Loss: CORE: 2.95 CODE-LISP: 1.15 PAPERS-BIOLOGY: 3.23 PAPERS-CYBER: 3.23 PAPERS-NUCLEAR: 3.36 
[GPU 0] [04:17:26] [INFO] Val Loss: CORE: 2.39 CODE-LISP: 1.20 PAPERS-BIOLOGY: 2.96 PAPERS-CYBER: 3.20 PAPERS-NUCLEAR: 3.29 
[GPU 0] [04:28:02] [INFO] Step: 5000, LR: 7.01e-04
[GPU 0] [04:28:02] [INFO] Train Loss: CORE: 3.20 CODE-LISP: 1.21 PAPERS-BIOLOGY: 2.93 PAPERS-CYBER: 3.19 PAPERS-NUCLEAR: 3.27 
[GPU 0] [04:28:02] [INFO] Val Loss: CORE: 2.53 CODE-LISP: 1.14 PAPERS-BIOLOGY: 2.90 PAPERS-CYBER: 3.13 PAPERS-NUCLEAR: 3.22 
[GPU 0] [04:38:21] [INFO] Step: 6000, LR: 7.01e-04
[GPU 0] [04:38:21] [INFO] Train Loss: CORE: 2.86 CODE-LISP: 1.03 PAPERS-BIOLOGY: 2.91 PAPERS-CYBER: 3.12 PAPERS-NUCLEAR: 3.27 
[GPU 0] [04:38:21] [INFO] Val Loss: CORE: 2.25 CODE-LISP: 1.16 PAPERS-BIOLOGY: 2.87 PAPERS-CYBER: 3.11 PAPERS-NUCLEAR: 3.17 
[GPU 0] [04:48:58] [INFO] Step: 7000, LR: 7.01e-04
[GPU 0] [04:48:58] [INFO] Train Loss: CORE: 2.88 CODE-LISP: 0.94 PAPERS-BIOLOGY: 2.83 PAPERS-CYBER: 3.08 PAPERS-NUCLEAR: 3.25 
[GPU 0] [04:48:58] [INFO] Val Loss: CORE: 2.17 CODE-LISP: 1.11 PAPERS-BIOLOGY: 2.83 PAPERS-CYBER: 3.06 PAPERS-NUCLEAR: 3.13 
[GPU 0] [04:59:33] [INFO] Step: 8000, LR: 7.01e-04
[GPU 0] [04:59:33] [INFO] Train Loss: CORE: 2.59 CODE-LISP: 0.93 PAPERS-BIOLOGY: 2.73 PAPERS-CYBER: 3.08 PAPERS-NUCLEAR: 3.19 
[GPU 0] [04:59:33] [INFO] Val Loss: CORE: 2.13 CODE-LISP: 1.06 PAPERS-BIOLOGY: 2.79 PAPERS-CYBER: 3.03 PAPERS-NUCLEAR: 3.12 
[GPU 0] [05:09:53] [INFO] Step: 9000, LR: 7.01e-04
[GPU 0] [05:09:53] [INFO] Train Loss: CORE: 2.37 CODE-LISP: 0.95 PAPERS-BIOLOGY: 2.80 PAPERS-CYBER: 3.08 PAPERS-NUCLEAR: 3.16 
[GPU 0] [05:09:53] [INFO] Val Loss: CORE: 2.14 CODE-LISP: 1.06 PAPERS-BIOLOGY: 2.77 PAPERS-CYBER: 3.05 PAPERS-NUCLEAR: 3.12 
[GPU 0] [05:20:30] [INFO] Step: 10000, LR: 7.01e-04
[GPU 0] [05:20:30] [INFO] Train Loss: CORE: 2.59 CODE-LISP: 0.91 PAPERS-BIOLOGY: 2.82 PAPERS-CYBER: 3.03 PAPERS-NUCLEAR: 3.11 
[GPU 0] [05:20:30] [INFO] Val Loss: CORE: 2.10 CODE-LISP: 1.16 PAPERS-BIOLOGY: 2.75 PAPERS-CYBER: 3.02 PAPERS-NUCLEAR: 3.08 
[GPU 0] [05:30:48] [INFO] Step: 11000, LR: 7.01e-04
[GPU 0] [05:30:48] [INFO] Train Loss: CORE: 1.85 CODE-LISP: 0.86 PAPERS-BIOLOGY: 2.82 PAPERS-CYBER: 3.02 PAPERS-NUCLEAR: 3.08 
[GPU 0] [05:30:48] [INFO] Val Loss: CORE: 2.26 CODE-LISP: 1.05 PAPERS-BIOLOGY: 2.74 PAPERS-CYBER: 3.00 PAPERS-NUCLEAR: 3.06 
[GPU 0] [05:41:26] [INFO] Step: 12000, LR: 7.01e-04
[GPU 0] [05:41:26] [INFO] Train Loss: CORE: 2.79 CODE-LISP: 0.84 PAPERS-BIOLOGY: 2.70 PAPERS-CYBER: 2.97 PAPERS-NUCLEAR: 3.11 
[GPU 0] [05:41:26] [INFO] Val Loss: CORE: 2.30 CODE-LISP: 1.06 PAPERS-BIOLOGY: 2.71 PAPERS-CYBER: 2.98 PAPERS-NUCLEAR: 3.06 
[GPU 0] [05:52:01] [INFO] Step: 13000, LR: 7.01e-04
[GPU 0] [05:52:01] [INFO] Train Loss: CORE: 2.98 CODE-LISP: 0.85 PAPERS-BIOLOGY: 2.67 PAPERS-CYBER: 2.99 PAPERS-NUCLEAR: 3.09 
[GPU 0] [05:52:01] [INFO] Val Loss: CORE: 2.10 CODE-LISP: 1.04 PAPERS-BIOLOGY: 2.71 PAPERS-CYBER: 2.97 PAPERS-NUCLEAR: 3.05 
[GPU 0] [06:02:21] [INFO] Step: 14000, LR: 7.01e-04
[GPU 0] [06:02:21] [INFO] Train Loss: CORE: 2.52 CODE-LISP: 0.76 PAPERS-BIOLOGY: 2.71 PAPERS-CYBER: 2.96 PAPERS-NUCLEAR: 3.15 
[GPU 0] [06:02:21] [INFO] Val Loss: CORE: 2.25 CODE-LISP: 1.06 PAPERS-BIOLOGY: 2.70 PAPERS-CYBER: 2.96 PAPERS-NUCLEAR: 3.04 
[GPU 0] [06:12:58] [INFO] Step: 15000, LR: 7.01e-04
[GPU 0] [06:12:58] [INFO] Train Loss: CORE: 2.98 CODE-LISP: 0.81 PAPERS-BIOLOGY: 2.68 PAPERS-CYBER: 2.93 PAPERS-NUCLEAR: 3.11 
[GPU 0] [06:12:58] [INFO] Val Loss: CORE: 2.05 CODE-LISP: 1.04 PAPERS-BIOLOGY: 2.69 PAPERS-CYBER: 2.94 PAPERS-NUCLEAR: 3.02 
[GPU 0] [06:23:32] [INFO] Step: 16000, LR: 7.01e-04
[GPU 0] [06:23:32] [INFO] Train Loss: CORE: 2.27 CODE-LISP: 0.91 PAPERS-BIOLOGY: 2.67 PAPERS-CYBER: 2.91 PAPERS-NUCLEAR: 3.11 
[GPU 0] [06:23:32] [INFO] Val Loss: CORE: 2.24 CODE-LISP: 1.04 PAPERS-BIOLOGY: 2.70 PAPERS-CYBER: 2.94 PAPERS-NUCLEAR: 3.03 
[GPU 0] [06:33:54] [INFO] Step: 17000, LR: 7.01e-04
[GPU 0] [06:33:54] [INFO] Train Loss: CORE: 2.04 CODE-LISP: 0.95 PAPERS-BIOLOGY: 2.69 PAPERS-CYBER: 2.92 PAPERS-NUCLEAR: 3.02 
[GPU 0] [06:33:54] [INFO] Val Loss: CORE: 2.14 CODE-LISP: 1.02 PAPERS-BIOLOGY: 2.68 PAPERS-CYBER: 2.93 PAPERS-NUCLEAR: 3.01 
[GPU 0] [06:44:29] [INFO] Step: 18000, LR: 7.01e-04
[GPU 0] [06:44:29] [INFO] Train Loss: CORE: 2.52 CODE-LISP: 0.85 PAPERS-BIOLOGY: 2.66 PAPERS-CYBER: 2.93 PAPERS-NUCLEAR: 3.03 
[GPU 0] [06:44:29] [INFO] Val Loss: CORE: 2.11 CODE-LISP: 0.98 PAPERS-BIOLOGY: 2.68 PAPERS-CYBER: 2.92 PAPERS-NUCLEAR: 3.00 
[GPU 0] [06:54:49] [INFO] Step: 19000, LR: 7.01e-04
[GPU 0] [06:54:49] [INFO] Train Loss: CORE: 2.49 CODE-LISP: 0.83 PAPERS-BIOLOGY: 2.62 PAPERS-CYBER: 2.92 PAPERS-NUCLEAR: 2.98 
[GPU 0] [06:54:49] [INFO] Val Loss: CORE: 2.11 CODE-LISP: 1.01 PAPERS-BIOLOGY: 2.67 PAPERS-CYBER: 2.94 PAPERS-NUCLEAR: 3.01 
[GPU 0] [06:59:02] [INFO] LR Scheduler: Decay Start
[GPU 0] [07:05:25] [INFO] Step: 20000, LR: 5.04e-04
[GPU 0] [07:05:25] [INFO] Train Loss: CORE: 2.93 CODE-LISP: 0.78 PAPERS-BIOLOGY: 2.60 PAPERS-CYBER: 2.89 PAPERS-NUCLEAR: 2.94 
[GPU 0] [07:05:25] [INFO] Val Loss: CORE: 1.97 CODE-LISP: 0.97 PAPERS-BIOLOGY: 2.62 PAPERS-CYBER: 2.88 PAPERS-NUCLEAR: 2.96 
[GPU 0] [07:16:00] [INFO] Step: 21000, LR: 1.79e-04
[GPU 0] [07:16:00] [INFO] Train Loss: CORE: 2.46 CODE-LISP: 0.72 PAPERS-BIOLOGY: 2.59 PAPERS-CYBER: 2.87 PAPERS-NUCLEAR: 2.91 
[GPU 0] [07:16:00] [INFO] Val Loss: CORE: 2.03 CODE-LISP: 0.93 PAPERS-BIOLOGY: 2.56 PAPERS-CYBER: 2.83 PAPERS-NUCLEAR: 2.91 
[GPU 0] [07:21:38] [INFO] Step: 21550, LR: 1.00e-08
[GPU 0] [07:21:38] [INFO] Train Loss: CORE: 2.63 CODE-LISP: 0.69 PAPERS-BIOLOGY: 2.54 PAPERS-CYBER: 2.86 PAPERS-NUCLEAR: 2.90 
[GPU 0] [07:21:38] [INFO] Val Loss: CORE: 2.15 CODE-LISP: 0.93 PAPERS-BIOLOGY: 2.55 PAPERS-CYBER: 2.82 PAPERS-NUCLEAR: 2.90 
[GPU 0] [07:21:47] [INFO] ---- Begin Eval ----
[GPU 0] [07:21:47] [INFO] Data: core | Experts: None
[GPU 0] [07:21:58] [INFO] loss: 2.00819063
[GPU 0] [07:21:58] [INFO] Data: code-lisp | Experts: None
[GPU 0] [07:22:02] [INFO] loss: 0.93039370
[GPU 0] [07:22:02] [INFO] Data: papers-biology | Experts: None
[GPU 0] [07:22:05] [INFO] loss: 2.55308318
[GPU 0] [07:22:05] [INFO] Data: papers-nuclear | Experts: None
[GPU 0] [07:22:09] [INFO] loss: 2.90028596
[GPU 0] [07:22:09] [INFO] Data: papers-cyber | Experts: None
[GPU 0] [07:22:13] [INFO] loss: 2.81863832
[GPU 0] [07:22:17] [INFO] BASELINE - ADVERSARIAL FT START
[GPU 0] [07:22:26] [INFO] ---- Begin FT | Experts: None | Data: ['code-lisp'] ----
[GPU 0] [07:22:26] [DEBUG] num_seq: 512, num_rounds: 200, patience: 10
[GPU 0] [07:22:26] [DEBUG] local_x: torch.Size([64, 1024]), local_y: torch.Size([64, 1024]), num_steps: 3, per_gpu: 64, mbs_size: 23
[GPU 0] [07:23:18] [INFO] New best validation loss: 1.0092 @ step 0
[GPU 0] [07:23:28] [INFO] New best validation loss: 0.9712 @ step 1
[GPU 0] [07:23:40] [INFO] New best validation loss: 0.9538 @ step 2
[GPU 0] [07:23:54] [INFO] New best validation loss: 0.9502 @ step 3
[GPU 0] [07:26:32] [INFO] Stop FT @ 15: no val improvement for 10 steps
[GPU 0] [07:26:32] [INFO] Wrote stats.jsonl entries at FT step 3 
[GPU 0] [07:26:44] [INFO] ---- Begin FT | Experts: None | Data: ['papers-biology'] ----
[GPU 0] [07:26:44] [DEBUG] num_seq: 512, num_rounds: 200, patience: 10
[GPU 0] [07:26:44] [DEBUG] local_x: torch.Size([64, 1024]), local_y: torch.Size([64, 1024]), num_steps: 3, per_gpu: 64, mbs_size: 23
[GPU 0] [07:26:56] [INFO] New best validation loss: 2.6286 @ step 0
[GPU 0] [07:27:07] [INFO] New best validation loss: 2.5940 @ step 1
[GPU 0] [07:27:19] [INFO] New best validation loss: 2.5903 @ step 2
[GPU 0] [07:27:31] [INFO] New best validation loss: 2.5769 @ step 3
[GPU 0] [07:27:46] [INFO] New best validation loss: 2.5702 @ step 4
[GPU 0] [07:30:29] [INFO] Stop FT @ 16: no val improvement for 10 steps
[GPU 0] [07:30:29] [INFO] Wrote stats.jsonl entries at FT step 4 
[GPU 0] [07:30:41] [INFO] ---- Begin FT | Experts: None | Data: ['papers-cyber'] ----
[GPU 0] [07:30:41] [DEBUG] num_seq: 512, num_rounds: 200, patience: 10
[GPU 0] [07:30:41] [DEBUG] local_x: torch.Size([64, 1024]), local_y: torch.Size([64, 1024]), num_steps: 3, per_gpu: 64, mbs_size: 23
[GPU 0] [07:30:55] [INFO] New best validation loss: 2.8557 @ step 0
[GPU 0] [07:31:06] [INFO] New best validation loss: 2.8544 @ step 1
[GPU 0] [07:31:19] [INFO] New best validation loss: 2.8413 @ step 2
[GPU 0] [07:31:34] [INFO] New best validation loss: 2.8322 @ step 3
[GPU 0] [07:31:49] [INFO] New best validation loss: 2.8290 @ step 4
[GPU 0] [07:34:25] [INFO] Stop FT @ 16: no val improvement for 10 steps
[GPU 0] [07:34:25] [INFO] Wrote stats.jsonl entries at FT step 4 
[GPU 0] [07:34:36] [INFO] ---- Begin FT | Experts: None | Data: ['papers-nuclear'] ----
[GPU 0] [07:34:36] [DEBUG] num_seq: 512, num_rounds: 200, patience: 10
[GPU 0] [07:34:36] [DEBUG] local_x: torch.Size([64, 1024]), local_y: torch.Size([64, 1024]), num_steps: 3, per_gpu: 64, mbs_size: 23
[GPU 0] [07:34:49] [INFO] New best validation loss: 2.9539 @ step 0
[GPU 0] [07:35:01] [INFO] New best validation loss: 2.9167 @ step 1
[GPU 0] [07:35:12] [INFO] New best validation loss: 2.9132 @ step 2
[GPU 0] [07:35:24] [INFO] New best validation loss: 2.9094 @ step 3
[GPU 0] [07:35:38] [INFO] New best validation loss: 2.9044 @ step 4
[GPU 0] [07:35:53] [INFO] New best validation loss: 2.9009 @ step 5
[GPU 0] [07:38:36] [INFO] Stop FT @ 17: no val improvement for 10 steps
[GPU 0] [07:38:36] [INFO] Wrote stats.jsonl entries at FT step 5 
[GPU 0] [07:38:37] [INFO] ----------------------------------------
[GPU 0] [07:38:37] [INFO] Finished. See /workspace-vast/ethanr/gradient-routing/experiments/AGI-1699-New-Dataset-Runs/results/scaling/realistic/base/400M/seed_2/20260520033349079222
