[GPU 0] [08:00:29] [INFO] Git branch: AGI-1696-New-Dataset-Runs_ethan, commit: 13fa9a4e868fb8d88e799f20a2ad180a3ab58912
[GPU 0] [08:00:29] [INFO] Number of GPUs: 32
[GPU 0] [08:00:30] [INFO] Tokenizer vocabulary: 50257
[GPU 0] [08:00:31] [INFO] Set model vocab size to nearest multiple of 64 of tokenizer size: 50304
[GPU 0] [08:00:32] [INFO] target effective batch size: -1, actual effective batch size: 384, micro batch size: 2, accumulation steps: 6, num gpus: 32
[GPU 0] [08:00:32] [INFO] core total number of tokens: 124693822984
[GPU 0] [08:00:32] [INFO] Baseline model has 199,891,008 parameters
[GPU 0] [08:00:32] [INFO] core: chinchilla optimal tokens: 3,997,820,160, requested proportion: 1.0000, requested number of tokens: 3,997,820,160.0, 
[GPU 0] [08:00:32] [INFO] aux total number of tokens: 4835776549
[GPU 0] [08:00:32] [INFO] Baseline model has 199,891,008 parameters
[GPU 0] [08:00:32] [INFO] aux: chinchilla optimal tokens: 3,997,820,160, requested proportion: 0.0100, requested number of tokens: 39,978,201.6, 
[GPU 0] [08:00:32] [DEBUG] Saved config to /workspace/gradient-routing/experiments/AGI-1699-New-Dataset-Runs/results/scaling/realistic/grmoe/200M/seed_5/acc_mode_uniform_factor_1.0/config.json
[GPU 0] [08:00:32] [DEBUG] {
    "stages": [
        {
            "name": "routed",
            "num_checkpoints": -1,
            "lr": 0.0008677257023958782,
            "res_dir": "/workspace/gradient-routing/experiments/AGI-1699-New-Dataset-Runs/results/scaling/realistic/grmoe/200M/seed_5/acc_mode_uniform_factor_1.0/routed",
            "acc_mode": "uniform",
            "do_eval": true,
            "do_sample": false,
            "num_train_evals": 0,
            "do_elicit": true,
            "elicit_eval_prc": 0.5,
            "elicit_num_evals": 100,
            "retain_targets": null,
            "model": {
                "arch": "moe",
                "tokenizer": "GPT2Tokenizer(name_or_path='EleutherAI/gpt-neo-125M', vocab_size=50257, model_max_length=2048, padding_side='right', truncation_side='right', special_tokens={'bos_token': '<|endoftext|>', 'eos_token': '<|endoftext|>', 'unk_token': '<|endoftext|>'}, added_tokens_decoder={\n\t50256: AddedToken(\"<|endoftext|>\", rstrip=False, lstrip=False, single_word=False, normalized=True, special=True),\n}\n)",
                "ctx_len": 1024,
                "vocab_size": 50304,
                "num_layers": 13,
                "num_heads": 8,
                "num_key_value": 2,
                "attn_bias": true,
                "eos_token_id": 50256,
                "embed_dim": 896,
                "mlp_dim": 3584,
                "core_param_prc": 1.0,
                "aux_param_prc": 0.1
            },
            "eval_arbsub": false,
            "label_prc": 1.0,
            "aux_factor": 1.0,
            "robust_prc": 0.2,
            "aux_route_prc": 0.5,
            "equal_compute": true
        }
    ],
    "model": {
        "arch": "base",
        "tokenizer": "GPT2Tokenizer(name_or_path='EleutherAI/gpt-neo-125M', vocab_size=50257, model_max_length=2048, padding_side='right', truncation_side='right', special_tokens={'bos_token': '<|endoftext|>', 'eos_token': '<|endoftext|>', 'unk_token': '<|endoftext|>'}, added_tokens_decoder={\n\t50256: AddedToken(\"<|endoftext|>\", rstrip=False, lstrip=False, single_word=False, normalized=True, special=True),\n}\n)",
        "ctx_len": 1024,
        "vocab_size": 50304,
        "num_layers": 13,
        "num_heads": 8,
        "num_key_value": 2,
        "attn_bias": true,
        "eos_token_id": 50256,
        "embed_dim": 896,
        "mlp_dim": 3584
    },
    "data": {
        "dirs": [
            "/workspace/gradient-routing/experiments/AGI-1699-New-Dataset-Runs/src/data/fineweb",
            "/workspace/gradient-routing/experiments/AGI-1699-New-Dataset-Runs/src/data/code",
            "/workspace/gradient-routing/experiments/AGI-1699-New-Dataset-Runs/src/data/papers"
        ],
        "core": {
            "labels": [
                "fineweb",
                "code-other",
                "papers-other"
            ],
            "method": "optimal",
            "limit": 1.0,
            "dist": {
                "fineweb": 0.84,
                "code-other": 0.15,
                "papers-other": 0.01
            },
            "num_tok": 3997820160.0
        },
        "aux": {
            "labels": [
                "code-lisp",
                "papers-biology",
                "papers-nuclear",
                "papers-cyber"
            ],
            "method": "optimal",
            "limit": 0.01,
            "dist": {
                "code-lisp": 0.25,
                "papers-biology": 0.25,
                "papers-nuclear": 0.25,
                "papers-cyber": 0.25
            },
            "num_tok": 39978201.6
        }
    },
    "run": {
        "target_effective_batch_size": -1,
        "effective_batch_size": 384,
        "micro_batch_size": 2,
        "accumulation_steps": 6,
        "max_num_test_sequences": 10000,
        "eval_all_labels": false,
        "micro_batch_anchors": [
            [
                400000000.0,
                23
            ],
            [
                5000000000.0,
                2
            ]
        ],
        "epochs": 1,
        "adam_betas": [
            0.9,
            0.95
        ],
        "warmup_prc": 0.02,
        "decay_prc": 0.1,
        "seed": 5,
        "compile": true,
        "find_unused_parameters": true,
        "is_ddp": true,
        "cleanup_distributed": false,
        "log_level": "DEBUG",
        "num_gpus": 32,
        "process_id": 0,
        "num_base_params": 199891008,
        "device": "cuda",
        "logger": "<Logger training_acc_mode_uniform_factor_1.0 (DEBUG)>",
        "labels": [
            "core",
            "code-lisp",
            "papers-biology",
            "papers-cyber",
            "papers-nuclear"
        ],
        "loaders": {
            "code-lisp": {
                "train": "SingleDataLoader(code-lisp_train_000.bin, len=152)",
                "test": "InterleavedDataLoader(len=152)"
            },
            "code-other": {
                "train": "SingleDataLoader(code-other_train_002.bin, len=9150)",
                "test": "InterleavedDataLoader(len=162)"
            },
            "fineweb": {
                "train": "InterleavedDataLoader(len=51241)",
                "test": "InterleavedDataLoader(len=162)"
            },
            "papers-biology": {
                "train": "SingleDataLoader(papers-biology_train.bin, len=152)",
                "test": "SingleDataLoader(papers-biology_test.bin, len=152)"
            },
            "papers-cyber": {
                "train": "SingleDataLoader(papers-cyber_train.bin, len=152)",
                "test": "SingleDataLoader(papers-cyber_test.bin, len=152)"
            },
            "papers-nuclear": {
                "train": "SingleDataLoader(papers-nuclear_train.bin, len=152)",
                "test": "SingleDataLoader(papers-nuclear_test.bin, len=152)"
            },
            "papers-other": {
                "train": "SingleDataLoader(papers-other_train.bin, len=610)",
                "test": "SingleDataLoader(papers-other_test.bin, len=162)"
            },
            "core": {
                "train": "InterleavedDataLoader(len=61001)",
                "test": "InterleavedDataLoader(len=486)"
            },
            "aux": {
                "train": "InterleavedDataLoader(len=608)",
                "test": "InterleavedDataLoader(len=608)"
            },
            "all": {
                "train": "InterleavedDataLoader(len=61609)",
                "test": "InterleavedDataLoader(len=1094)"
            }
        },
        "res_root": "/workspace/gradient-routing/experiments/AGI-1699-New-Dataset-Runs/results/scaling/realistic/grmoe/200M/seed_5",
        "experiment_id": "acc_mode_uniform_factor_1.0",
        "s3_bucket": "ae-gradient-routing-results",
        "s3_prefix": "scaling/realistic/grmoe/200M/seed_5"
    },
    "label_prc": 1.0
}
[GPU 0] [08:00:32] [INFO] Loader code-lisp train: 152, test: 152
[GPU 0] [08:00:32] [INFO] Loader code-other train: 9150, test: 162
[GPU 0] [08:00:32] [INFO] Loader fineweb train: 51241, test: 162
[GPU 0] [08:00:32] [INFO] Loader papers-biology train: 152, test: 152
[GPU 0] [08:00:32] [INFO] Loader papers-cyber train: 152, test: 152
[GPU 0] [08:00:32] [INFO] Loader papers-nuclear train: 152, test: 152
[GPU 0] [08:00:32] [INFO] Loader papers-other train: 610, test: 162
[GPU 0] [08:00:32] [INFO] Loader core train: 61001, test: 486
[GPU 0] [08:00:32] [INFO] Loader aux train: 608, test: 608
[GPU 0] [08:00:32] [INFO] Loader all train: 61609, test: 1094
[GPU 0] [08:00:32] [INFO] Stage [routed] start: {"name": "routed", "num_checkpoints": -1, "lr": 0.0008677257023958782, "res_dir": "/workspace/gradient-routing/experiments/AGI-1699-New-Dataset-Runs/results/scaling/realistic/grmoe/200M/seed_5/acc_mode_uniform_factor_1.0/routed", "acc_mode": "uniform", "do_eval": true, "do_sample": false, "num_train_evals": 0, "do_elicit": true, "elicit_eval_prc": 0.5, "elicit_num_evals": 100, "retain_targets": null, "model": {"arch": "moe", "tokenizer": "GPT2Tokenizer(name_or_path='EleutherAI/gpt-neo-125M', vocab_size=50257, model_max_length=2048, padding_side='right', truncation_side='right', special_tokens={'bos_token': '<|endoftext|>', 'eos_token': '<|endoftext|>', 'unk_token': '<|endoftext|>'}, added_tokens_decoder={\n\t50256: AddedToken(\"<|endoftext|>\", rstrip=False, lstrip=False, single_word=False, normalized=True, special=True),\n}\n)", "ctx_len": 1024, "vocab_size": 50304, "num_layers": 13, "num_heads": 8, "num_key_value": 2, "attn_bias": true, "eos_token_id": 50256, "embed_dim": 896, "mlp_dim": 3584, "core_param_prc": 1.0, "aux_param_prc": 0.1}, "eval_arbsub": false, "label_prc": 1.0, "aux_factor": 1.0, "robust_prc": 0.2, "aux_route_prc": 0.5, "equal_compute": true}
[GPU 0] [08:00:32] [INFO] ROUTED START
[GPU 0] [08:00:34] [INFO] Initialized MoETransformer with 235,740,224 total parameters
[GPU 0] [08:00:34] [INFO]   Label 'core' has 199,891,008 parameters
[GPU 0] [08:00:34] [INFO]   Label 'code-lisp' has 8,962,304 parameters
[GPU 0] [08:00:34] [INFO]   Label 'papers-biology' has 8,962,304 parameters
[GPU 0] [08:00:34] [INFO]   Label 'papers-cyber' has 8,962,304 parameters
[GPU 0] [08:00:34] [INFO]   Label 'papers-nuclear' has 8,962,304 parameters
[GPU 0] [08:00:34] [INFO] Compiling MoETransformer with torch.compile...
[GPU 0] [08:00:35] [INFO] torch.compile done
[GPU 0] [08:00:42] [WARNING] restore_partial_state: no checkpoint found at /workspace/gradient-routing/experiments/AGI-1699-New-Dataset-Runs/results/scaling/realistic/grmoe/200M/seed_5/acc_mode_uniform_factor_1.0/routed
[GPU 0] [08:00:42] [INFO] ---- Begin Routed Unordered (Alt) ----
[GPU 0] [08:00:42] [INFO] initial len_all: 61609, len_all_labeled: 61609, len_all_unlabeled: 0, len_ft: 12808, len_base: 48801, label_prc: 1.0
[GPU 0] [08:00:42] [INFO] compute-equal: -114789189632.0 <= 0, must truncate training
[GPU 0] [08:00:42] [INFO] compute-equal: len_base: -451 -> 48350, len_ft: -118 -> 12690, len_all_unlabeled: 0 -> 0
[GPU 0] [08:00:42] [INFO] Batch [('core', ('core',), ('core',))] count: 48350
[GPU 0] [08:00:42] [INFO] Batch [('code-lisp', ('core', 'code-lisp'), ('code-lisp',))] count: 75
[GPU 0] [08:00:42] [INFO] Batch [('code-lisp', ('core', 'code-lisp'), ('core', 'code-lisp'))] count: 75
[GPU 0] [08:00:42] [INFO] Batch [('core', ('core', 'code-lisp'), ('core', 'code-lisp'))] count: 3022
[GPU 0] [08:00:42] [INFO] Batch [('core', ('core', 'papers-biology'), ('core', 'papers-biology'))] count: 3022
[GPU 0] [08:00:42] [INFO] Batch [('papers-biology', ('core', 'papers-biology'), ('core', 'papers-biology'))] count: 75
[GPU 0] [08:00:42] [INFO] Batch [('papers-biology', ('core', 'papers-biology'), ('papers-biology',))] count: 75
[GPU 0] [08:00:42] [INFO] Batch [('core', ('core', 'papers-cyber'), ('core', 'papers-cyber'))] count: 3022
[GPU 0] [08:00:42] [INFO] Batch [('papers-cyber', ('core', 'papers-cyber'), ('core', 'papers-cyber'))] count: 75
[GPU 0] [08:00:42] [INFO] Batch [('papers-cyber', ('core', 'papers-cyber'), ('papers-cyber',))] count: 75
[GPU 0] [08:00:42] [INFO] Batch [('core', ('core', 'papers-nuclear'), ('core', 'papers-nuclear'))] count: 3022
[GPU 0] [08:00:42] [INFO] Batch [('papers-nuclear', ('core', 'papers-nuclear'), ('core', 'papers-nuclear'))] count: 75
[GPU 0] [08:00:42] [INFO] Batch [('papers-nuclear', ('core', 'papers-nuclear'), ('papers-nuclear',))] count: 75
[GPU 0] [08:00:42] [INFO] Batch group is empty (0 batches)
[GPU 0] [08:00:42] [INFO] 
len_all: 61609, len_all_labeled: 61609, len_all_unlabeled: 0,
len_base: 48350, len_ft: 12690,
len_core_for_ft: 12088, len_aux_for_ft: 602,
aux_factor: {'code-lisp': 1.0, 'papers-biology': 1.0, 'papers-nuclear': 1.0, 'papers-cyber': 1.0}, robust_prc: 0.2,
aux_route_prc: 0.5, equal_compute: True
[GPU 0] [08:00:42] [INFO] count_by_label: {'core': 60438, 'code-lisp': 150, 'papers-biology': 150, 'papers-cyber': 150, 'papers-nuclear': 150}
[GPU 0] [08:00:42] [WARNING] len(batches) != expected, (61038 != 61040), 2 length difference
[GPU 0] [08:00:42] [INFO] Batch [('core', ('core',), ('core',))] count: 48350
[GPU 0] [08:00:42] [INFO] Batch [('code-lisp', ('core', 'code-lisp'), ('code-lisp',))] count: 75
[GPU 0] [08:00:42] [INFO] Batch [('code-lisp', ('core', 'code-lisp'), ('core', 'code-lisp'))] count: 75
[GPU 0] [08:00:42] [INFO] Batch [('core', ('core', 'code-lisp'), ('core', 'code-lisp'))] count: 3022
[GPU 0] [08:00:42] [INFO] Batch [('core', ('core', 'papers-biology'), ('core', 'papers-biology'))] count: 3022
[GPU 0] [08:00:42] [INFO] Batch [('papers-biology', ('core', 'papers-biology'), ('core', 'papers-biology'))] count: 75
[GPU 0] [08:00:42] [INFO] Batch [('papers-biology', ('core', 'papers-biology'), ('papers-biology',))] count: 75
[GPU 0] [08:00:42] [INFO] Batch [('core', ('core', 'papers-cyber'), ('core', 'papers-cyber'))] count: 3022
[GPU 0] [08:00:42] [INFO] Batch [('papers-cyber', ('core', 'papers-cyber'), ('core', 'papers-cyber'))] count: 75
[GPU 0] [08:00:42] [INFO] Batch [('papers-cyber', ('core', 'papers-cyber'), ('papers-cyber',))] count: 75
[GPU 0] [08:00:42] [INFO] Batch [('core', ('core', 'papers-nuclear'), ('core', 'papers-nuclear'))] count: 3022
[GPU 0] [08:00:42] [INFO] Batch [('papers-nuclear', ('core', 'papers-nuclear'), ('core', 'papers-nuclear'))] count: 75
[GPU 0] [08:00:42] [INFO] Batch [('papers-nuclear', ('core', 'papers-nuclear'), ('papers-nuclear',))] count: 75
[GPU 0] [08:00:42] [INFO] ---- Begin Routed ----
[GPU 0] [08:00:42] [DEBUG] acc_mode: uniform
[GPU 0] [08:00:42] [INFO] num_total_steps: 10170
[GPU 0] [08:00:42] [INFO] LR schedule group 0: steps [0, 10170), warmup=203, constant=8950, decay=1017
[GPU 0] [08:00:42] [INFO] LR Scheduler: Group warmup (step 0)
[GPU 0] [08:00:42] [INFO] CUDA memory before training loop:
[GPU 0] [08:00:42] [INFO] |===========================================================================|
[GPU 0] [08:00:42] [INFO] |                  PyTorch CUDA memory summary, device ID 0                 |
[GPU 0] [08:00:42] [INFO] |---------------------------------------------------------------------------|
[GPU 0] [08:00:42] [INFO] |            CUDA OOMs: 0            |        cudaMalloc retries: 0         |
[GPU 0] [08:00:42] [INFO] |===========================================================================|
[GPU 0] [08:00:42] [INFO] |        Metric         | Cur Usage  | Peak Usage | Tot Alloc  | Tot Freed  |
[GPU 0] [08:00:42] [INFO] |---------------------------------------------------------------------------|
[GPU 0] [08:00:42] [INFO] | Allocated memory      |   1081 MiB |   1137 MiB |   1713 MiB | 647074 KiB |
[GPU 0] [08:00:42] [INFO] |       from large pool |   1002 MiB |   1058 MiB |   1634 MiB | 646798 KiB |
[GPU 0] [08:00:42] [INFO] |       from small pool |     78 MiB |     78 MiB |     78 MiB |    275 KiB |
[GPU 0] [08:00:42] [INFO] |---------------------------------------------------------------------------|
[GPU 0] [08:00:42] [INFO] | Active memory         |   1081 MiB |   1137 MiB |   1713 MiB | 647074 KiB |
[GPU 0] [08:00:42] [INFO] |       from large pool |   1002 MiB |   1058 MiB |   1634 MiB | 646798 KiB |
[GPU 0] [08:00:42] [INFO] |       from small pool |     78 MiB |     78 MiB |     78 MiB |    275 KiB |
[GPU 0] [08:00:42] [INFO] |---------------------------------------------------------------------------|
[GPU 0] [08:00:42] [INFO] | Requested memory      |   1081 MiB |   1137 MiB |   1713 MiB | 647046 KiB |
[GPU 0] [08:00:42] [INFO] |       from large pool |   1002 MiB |   1058 MiB |   1634 MiB | 646798 KiB |
[GPU 0] [08:00:42] [INFO] |       from small pool |     78 MiB |     78 MiB |     78 MiB |    248 KiB |
[GPU 0] [08:00:42] [INFO] |---------------------------------------------------------------------------|
[GPU 0] [08:00:42] [INFO] | GPU reserved memory   |   1140 MiB |   1140 MiB |   1140 MiB |      0 B   |
[GPU 0] [08:00:42] [INFO] |       from large pool |   1060 MiB |   1060 MiB |   1060 MiB |      0 B   |
[GPU 0] [08:00:42] [INFO] |       from small pool |     80 MiB |     80 MiB |     80 MiB |      0 B   |
[GPU 0] [08:00:42] [INFO] |---------------------------------------------------------------------------|
[GPU 0] [08:00:42] [INFO] | Non-releasable memory |      0 B   |      0 B   |      0 B   |      0 B   |
[GPU 0] [08:00:42] [INFO] |       from large pool |      0 B   |      0 B   |      0 B   |      0 B   |
[GPU 0] [08:00:42] [INFO] |       from small pool |      0 B   |      0 B   |      0 B   |      0 B   |
[GPU 0] [08:00:42] [INFO] |---------------------------------------------------------------------------|
[GPU 0] [08:00:42] [INFO] | Allocations           |     400    |     429    |     460    |      60    |
[GPU 0] [08:00:42] [INFO] |       from large pool |      84    |      84    |      87    |       3    |
[GPU 0] [08:00:42] [INFO] |       from small pool |     316    |     349    |     373    |      57    |
[GPU 0] [08:00:42] [INFO] |---------------------------------------------------------------------------|
[GPU 0] [08:00:42] [INFO] | Active allocs         |     400    |     429    |     460    |      60    |
[GPU 0] [08:00:42] [INFO] |       from large pool |      84    |      84    |      87    |       3    |
[GPU 0] [08:00:42] [INFO] |       from small pool |     316    |     349    |     373    |      57    |
[GPU 0] [08:00:42] [INFO] |---------------------------------------------------------------------------|
[GPU 0] [08:00:42] [INFO] | GPU reserved segments |       0    |       0    |       0    |       0    |
[GPU 0] [08:00:42] [INFO] |       from large pool |       0    |       0    |       0    |       0    |
[GPU 0] [08:00:42] [INFO] |       from small pool |       0    |       0    |       0    |       0    |
[GPU 0] [08:00:42] [INFO] |---------------------------------------------------------------------------|
[GPU 0] [08:00:42] [INFO] | Non-releasable allocs |       0    |       0    |       0    |       0    |
[GPU 0] [08:00:42] [INFO] |       from large pool |       0    |       0    |       0    |       0    |
[GPU 0] [08:00:42] [INFO] |       from small pool |       0    |       0    |       0    |       0    |
[GPU 0] [08:00:42] [INFO] |---------------------------------------------------------------------------|
[GPU 0] [08:00:42] [INFO] | Oversize allocations  |       0    |       0    |       0    |       0    |
[GPU 0] [08:00:42] [INFO] |---------------------------------------------------------------------------|
[GPU 0] [08:00:42] [INFO] | Oversize GPU segments |       0    |       0    |       0    |       0    |
[GPU 0] [08:00:42] [INFO] |===========================================================================|
[GPU 0] [08:00:42] [INFO] 
[GPU 0] [08:00:42] [INFO] Batch group start, LR: 1.0000e-08, batches: 61020, epochs: 1, group_total_steps: 10170
[GPU 0] [08:00:49] [INFO] CUDA memory after first training step:
[GPU 0] [08:00:49] [INFO] |===========================================================================|
[GPU 0] [08:00:49] [INFO] |                  PyTorch CUDA memory summary, device ID 0                 |
[GPU 0] [08:00:49] [INFO] |---------------------------------------------------------------------------|
[GPU 0] [08:00:49] [INFO] |            CUDA OOMs: 0            |        cudaMalloc retries: 0         |
[GPU 0] [08:00:49] [INFO] |===========================================================================|
[GPU 0] [08:00:49] [INFO] |        Metric         | Cur Usage  | Peak Usage | Tot Alloc  | Tot Freed  |
[GPU 0] [08:00:49] [INFO] |---------------------------------------------------------------------------|
[GPU 0] [08:00:49] [INFO] | Allocated memory      |   2139 MiB |   3158 MiB |  22917 MiB |  20777 MiB |
[GPU 0] [08:00:49] [INFO] |       from large pool |   2005 MiB |   3050 MiB |  22568 MiB |  20562 MiB |
[GPU 0] [08:00:49] [INFO] |       from small pool |    134 MiB |    134 MiB |    349 MiB |    214 MiB |
[GPU 0] [08:00:49] [INFO] |---------------------------------------------------------------------------|
[GPU 0] [08:00:49] [INFO] | Active memory         |   2139 MiB |   3158 MiB |  22917 MiB |  20777 MiB |
[GPU 0] [08:00:49] [INFO] |       from large pool |   2005 MiB |   3050 MiB |  22568 MiB |  20562 MiB |
[GPU 0] [08:00:49] [INFO] |       from small pool |    134 MiB |    134 MiB |    349 MiB |    214 MiB |
[GPU 0] [08:00:49] [INFO] |---------------------------------------------------------------------------|
[GPU 0] [08:00:49] [INFO] | Requested memory      |   2139 MiB |   3158 MiB |  22916 MiB |  20777 MiB |
[GPU 0] [08:00:49] [INFO] |       from large pool |   2005 MiB |   3050 MiB |  22568 MiB |  20562 MiB |
[GPU 0] [08:00:49] [INFO] |       from small pool |    134 MiB |    134 MiB |    348 MiB |    214 MiB |
[GPU 0] [08:00:49] [INFO] |---------------------------------------------------------------------------|
[GPU 0] [08:00:49] [INFO] | GPU reserved memory   |   3216 MiB |   3216 MiB |   3216 MiB |      0 B   |
[GPU 0] [08:00:49] [INFO] |       from large pool |   3080 MiB |   3080 MiB |   3080 MiB |      0 B   |
[GPU 0] [08:00:49] [INFO] |       from small pool |    136 MiB |    136 MiB |    136 MiB |      0 B   |
[GPU 0] [08:00:49] [INFO] |---------------------------------------------------------------------------|
[GPU 0] [08:00:49] [INFO] | Non-releasable memory |      0 B   |      0 B   |      0 B   |      0 B   |
[GPU 0] [08:00:49] [INFO] |       from large pool |      0 B   |      0 B   |      0 B   |      0 B   |
[GPU 0] [08:00:49] [INFO] |       from small pool |      0 B   |      0 B   |      0 B   |      0 B   |
[GPU 0] [08:00:49] [INFO] |---------------------------------------------------------------------------|
[GPU 0] [08:00:49] [INFO] | Allocations           |    1045    |    1045    |    6309    |    5264    |
[GPU 0] [08:00:49] [INFO] |       from large pool |     195    |     316    |    3162    |    2967    |
[GPU 0] [08:00:49] [INFO] |       from small pool |     850    |     850    |    3147    |    2297    |
[GPU 0] [08:00:49] [INFO] |---------------------------------------------------------------------------|
[GPU 0] [08:00:49] [INFO] | Active allocs         |    1045    |    1045    |    6309    |    5264    |
[GPU 0] [08:00:49] [INFO] |       from large pool |     195    |     316    |    3162    |    2967    |
[GPU 0] [08:00:49] [INFO] |       from small pool |     850    |     850    |    3147    |    2297    |
[GPU 0] [08:00:49] [INFO] |---------------------------------------------------------------------------|
[GPU 0] [08:00:49] [INFO] | GPU reserved segments |       0    |       0    |       0    |       0    |
[GPU 0] [08:00:49] [INFO] |       from large pool |       0    |       0    |       0    |       0    |
[GPU 0] [08:00:49] [INFO] |       from small pool |       0    |       0    |       0    |       0    |
[GPU 0] [08:00:49] [INFO] |---------------------------------------------------------------------------|
[GPU 0] [08:00:49] [INFO] | Non-releasable allocs |       0    |       0    |       0    |       0    |
[GPU 0] [08:00:49] [INFO] |       from large pool |       0    |       0    |       0    |       0    |
[GPU 0] [08:00:49] [INFO] |       from small pool |       0    |       0    |       0    |       0    |
[GPU 0] [08:00:49] [INFO] |---------------------------------------------------------------------------|
[GPU 0] [08:00:49] [INFO] | Oversize allocations  |       0    |       0    |       0    |       0    |
[GPU 0] [08:00:49] [INFO] |---------------------------------------------------------------------------|
[GPU 0] [08:00:49] [INFO] | Oversize GPU segments |       0    |       0    |       0    |       0    |
[GPU 0] [08:00:49] [INFO] |===========================================================================|
[GPU 0] [08:00:49] [INFO] 
[GPU 0] [08:00:49] [INFO] Step: 1, LR: 4.2845e-06
[GPU 0] [08:00:49] [INFO] Train Loss: CORE: 10.93 CODE-LISP: nan PAPERS-BIOLOGY: nan PAPERS-CYBER: nan PAPERS-NUCLEAR: nan 
[GPU 0] [08:01:33] [INFO] LR Scheduler: Group constant (step 203)
[GPU 0] [08:03:55] [INFO] Step: 1000, LR: 8.6773e-04
[GPU 0] [08:03:55] [INFO] Train Loss: CORE: 3.46 CODE-LISP: 5.01 PAPERS-BIOLOGY: 5.86 PAPERS-CYBER: 5.20 PAPERS-NUCLEAR: 5.44 
[GPU 0] [08:06:55] [INFO] Step: 2000, LR: 8.6773e-04
[GPU 0] [08:06:55] [INFO] Train Loss: CORE: 2.98 CODE-LISP: 2.51 PAPERS-BIOLOGY: 5.86 PAPERS-CYBER: 4.06 PAPERS-NUCLEAR: 4.95 
[GPU 0] [08:09:55] [INFO] Step: 3000, LR: 8.6773e-04
[GPU 0] [08:09:55] [INFO] Train Loss: CORE: 3.00 CODE-LISP: 2.37 PAPERS-BIOLOGY: 4.99 PAPERS-CYBER: 3.83 PAPERS-NUCLEAR: 4.57 
[GPU 0] [08:12:53] [INFO] Step: 4000, LR: 8.6773e-04
[GPU 0] [08:12:53] [INFO] Train Loss: CORE: 2.97 CODE-LISP: 2.23 PAPERS-BIOLOGY: 4.39 PAPERS-CYBER: 3.66 PAPERS-NUCLEAR: 4.57 
[GPU 0] [08:15:55] [INFO] Step: 5000, LR: 8.6773e-04
[GPU 0] [08:15:55] [INFO] Train Loss: CORE: 2.76 CODE-LISP: 2.16 PAPERS-BIOLOGY: 4.04 PAPERS-CYBER: 3.61 PAPERS-NUCLEAR: 4.38 
[GPU 0] [08:18:58] [INFO] Step: 6000, LR: 8.6773e-04
[GPU 0] [08:18:58] [INFO] Train Loss: CORE: 2.85 CODE-LISP: 1.98 PAPERS-BIOLOGY: 3.96 PAPERS-CYBER: 3.55 PAPERS-NUCLEAR: 3.91 
[GPU 0] [08:22:02] [INFO] Step: 7000, LR: 8.6773e-04
[GPU 0] [08:22:02] [INFO] Train Loss: CORE: 2.87 CODE-LISP: 1.98 PAPERS-BIOLOGY: 3.84 PAPERS-CYBER: 3.52 PAPERS-NUCLEAR: 3.91 
[GPU 0] [08:25:16] [INFO] Step: 8000, LR: 8.6773e-04
[GPU 0] [08:25:16] [INFO] Train Loss: CORE: 2.87 CODE-LISP: 1.68 PAPERS-BIOLOGY: 3.11 PAPERS-CYBER: 3.46 PAPERS-NUCLEAR: 3.91 
[GPU 0] [08:28:22] [INFO] Step: 9000, LR: 8.6773e-04
[GPU 0] [08:28:22] [INFO] Train Loss: CORE: 2.81 CODE-LISP: 1.65 PAPERS-BIOLOGY: 3.03 PAPERS-CYBER: 3.30 PAPERS-NUCLEAR: 3.64 
[GPU 0] [08:28:52] [INFO] LR Scheduler: Group decay (step 9153)
[GPU 0] [08:31:29] [INFO] Step: 10000, LR: 1.4506e-04
[GPU 0] [08:31:29] [INFO] Train Loss: CORE: 2.74 CODE-LISP: 1.57 PAPERS-BIOLOGY: 3.03 PAPERS-CYBER: 3.25 PAPERS-NUCLEAR: 3.56 
[GPU 0] [08:31:58] [INFO] Step: 10170, LR: 1.0000e-08
[GPU 0] [08:31:58] [INFO] Train Loss: CORE: 2.88 CODE-LISP: 1.57 PAPERS-BIOLOGY: 3.01 PAPERS-CYBER: 3.23 PAPERS-NUCLEAR: 3.56 
[GPU 0] [08:32:16] [INFO] ---- Begin Eval ----
[GPU 0] [08:32:16] [INFO] Data: core | Experts: ['core']
[GPU 0] [08:32:25] [INFO] loss: 2.22017145
[GPU 0] [08:32:25] [INFO] Data: code-lisp | Experts: ['core']
[GPU 0] [08:32:27] [INFO] loss: 1.19330621
[GPU 0] [08:32:27] [INFO] Data: papers-biology | Experts: ['core']
[GPU 0] [08:32:28] [INFO] loss: 2.85172153
[GPU 0] [08:32:28] [INFO] Data: papers-nuclear | Experts: ['core']
[GPU 0] [08:32:30] [INFO] loss: 3.20344448
[GPU 0] [08:32:30] [INFO] Data: papers-cyber | Experts: ['core']
[GPU 0] [08:32:31] [INFO] loss: 3.08548927
[GPU 0] [08:32:31] [INFO] ---- Begin Eval ----
[GPU 0] [08:32:31] [INFO] Data: core | Experts: ['code-lisp', 'core']
[GPU 0] [08:32:37] [INFO] loss: 2.22166586
[GPU 0] [08:32:37] [INFO] Data: code-lisp | Experts: ['code-lisp', 'core']
[GPU 0] [08:32:39] [INFO] loss: 1.15744615
[GPU 0] [08:32:39] [INFO] Data: papers-biology | Experts: ['code-lisp', 'core']
[GPU 0] [08:32:41] [INFO] loss: 2.85357666
[GPU 0] [08:32:41] [INFO] Data: papers-nuclear | Experts: ['code-lisp', 'core']
[GPU 0] [08:32:42] [INFO] loss: 3.20555687
[GPU 0] [08:32:42] [INFO] Data: papers-cyber | Experts: ['code-lisp', 'core']
[GPU 0] [08:32:44] [INFO] loss: 3.08731556
[GPU 0] [08:32:44] [INFO] ---- Begin Eval ----
[GPU 0] [08:32:44] [INFO] Data: core | Experts: ['core', 'papers-biology']
[GPU 0] [08:32:50] [INFO] loss: 2.22118306
[GPU 0] [08:32:50] [INFO] Data: code-lisp | Experts: ['core', 'papers-biology']
[GPU 0] [08:32:51] [INFO] loss: 1.19474506
[GPU 0] [08:32:51] [INFO] Data: papers-biology | Experts: ['core', 'papers-biology']
[GPU 0] [08:32:53] [INFO] loss: 2.83608866
[GPU 0] [08:32:53] [INFO] Data: papers-nuclear | Experts: ['core', 'papers-biology']
[GPU 0] [08:32:55] [INFO] loss: 3.20358920
[GPU 0] [08:32:55] [INFO] Data: papers-cyber | Experts: ['core', 'papers-biology']
[GPU 0] [08:32:57] [INFO] loss: 3.08721447
[GPU 0] [08:32:57] [INFO] ---- Begin Eval ----
[GPU 0] [08:32:57] [INFO] Data: core | Experts: ['core', 'papers-nuclear']
[GPU 0] [08:33:02] [INFO] loss: 2.22150421
[GPU 0] [08:33:02] [INFO] Data: code-lisp | Experts: ['core', 'papers-nuclear']
[GPU 0] [08:33:04] [INFO] loss: 1.19369352
[GPU 0] [08:33:04] [INFO] Data: papers-biology | Experts: ['core', 'papers-nuclear']
[GPU 0] [08:33:06] [INFO] loss: 2.85041237
[GPU 0] [08:33:06] [INFO] Data: papers-nuclear | Experts: ['core', 'papers-nuclear']
[GPU 0] [08:33:08] [INFO] loss: 3.18474865
[GPU 0] [08:33:08] [INFO] Data: papers-cyber | Experts: ['core', 'papers-nuclear']
[GPU 0] [08:33:09] [INFO] loss: 3.08536577
[GPU 0] [08:33:09] [INFO] ---- Begin Eval ----
[GPU 0] [08:33:09] [INFO] Data: core | Experts: ['core', 'papers-cyber']
[GPU 0] [08:33:15] [INFO] loss: 2.22040558
[GPU 0] [08:33:15] [INFO] Data: code-lisp | Experts: ['core', 'papers-cyber']
[GPU 0] [08:33:17] [INFO] loss: 1.19493222
[GPU 0] [08:33:17] [INFO] Data: papers-biology | Experts: ['core', 'papers-cyber']
[GPU 0] [08:33:19] [INFO] loss: 2.85278964
[GPU 0] [08:33:19] [INFO] Data: papers-nuclear | Experts: ['core', 'papers-cyber']
[GPU 0] [08:33:20] [INFO] loss: 3.20359397
[GPU 0] [08:33:20] [INFO] Data: papers-cyber | Experts: ['core', 'papers-cyber']
[GPU 0] [08:33:22] [INFO] loss: 3.07498503
[GPU 0] [08:33:23] [INFO] ROUTED - ADVERSARIAL FT START
[GPU 0] [08:33:29] [INFO] ---- Begin FT | Experts: ['core'] | Data: ['code-lisp'] ----
[GPU 0] [08:33:29] [DEBUG] num_seq: 512, num_rounds: 200, patience: 10
[GPU 0] [08:33:29] [DEBUG] local_x: torch.Size([16, 1024]), local_y: torch.Size([16, 1024]), num_steps: 8, per_gpu: 16, mbs_size: 2
[GPU 0] [08:33:41] [INFO] New best validation loss: 1.1914 @ step 0
[GPU 0] [08:33:42] [INFO] New best validation loss: 1.1760 @ step 1
[GPU 0] [08:33:44] [INFO] New best validation loss: 1.1520 @ step 2
[GPU 0] [08:33:45] [INFO] New best validation loss: 1.1330 @ step 3
[GPU 0] [08:33:47] [INFO] New best validation loss: 1.1162 @ step 4
[GPU 0] [08:33:48] [INFO] New best validation loss: 1.1050 @ step 5
[GPU 0] [08:33:50] [INFO] New best validation loss: 1.0971 @ step 6
[GPU 0] [08:33:51] [INFO] New best validation loss: 1.0901 @ step 7
[GPU 0] [08:33:52] [INFO] New best validation loss: 1.0843 @ step 8
[GPU 0] [08:33:54] [INFO] New best validation loss: 1.0799 @ step 9
[GPU 0] [08:33:55] [INFO] New best validation loss: 1.0755 @ step 10
[GPU 0] [08:33:57] [INFO] New best validation loss: 1.0705 @ step 11
[GPU 0] [08:33:58] [INFO] New best validation loss: 1.0658 @ step 12
[GPU 0] [08:33:59] [INFO] New best validation loss: 1.0627 @ step 13
[GPU 0] [08:34:01] [INFO] New best validation loss: 1.0609 @ step 14
[GPU 0] [08:34:02] [INFO] New best validation loss: 1.0592 @ step 15
[GPU 0] [08:34:04] [INFO] New best validation loss: 1.0577 @ step 16
[GPU 0] [08:34:05] [INFO] New best validation loss: 1.0567 @ step 17
[GPU 0] [08:34:07] [INFO] New best validation loss: 1.0566 @ step 18
[GPU 0] [08:34:22] [INFO] Stop FT @ 30: no val improvement for 10 steps
[GPU 0] [08:34:22] [INFO] Wrote stats.jsonl entries at FT step 18 
[GPU 0] [08:34:28] [INFO] ---- Begin FT | Experts: ['core'] | Data: ['papers-biology'] ----
[GPU 0] [08:34:28] [DEBUG] num_seq: 512, num_rounds: 200, patience: 10
[GPU 0] [08:34:28] [DEBUG] local_x: torch.Size([16, 1024]), local_y: torch.Size([16, 1024]), num_steps: 8, per_gpu: 16, mbs_size: 2
[GPU 0] [08:34:29] [INFO] New best validation loss: 2.8895 @ step 0
[GPU 0] [08:34:31] [INFO] New best validation loss: 2.8690 @ step 1
[GPU 0] [08:34:32] [INFO] New best validation loss: 2.8500 @ step 2
[GPU 0] [08:34:34] [INFO] New best validation loss: 2.8392 @ step 3
[GPU 0] [08:34:35] [INFO] New best validation loss: 2.8331 @ step 4
[GPU 0] [08:34:36] [INFO] New best validation loss: 2.8296 @ step 5
[GPU 0] [08:34:38] [INFO] New best validation loss: 2.8281 @ step 6
[GPU 0] [08:34:54] [INFO] Stop FT @ 18: no val improvement for 10 steps
[GPU 0] [08:34:54] [INFO] Wrote stats.jsonl entries at FT step 6 
[GPU 0] [08:34:57] [INFO] ---- Begin FT | Experts: ['core'] | Data: ['papers-cyber'] ----
[GPU 0] [08:34:57] [DEBUG] num_seq: 512, num_rounds: 200, patience: 10
[GPU 0] [08:34:57] [DEBUG] local_x: torch.Size([16, 1024]), local_y: torch.Size([16, 1024]), num_steps: 8, per_gpu: 16, mbs_size: 2
[GPU 0] [08:34:59] [INFO] New best validation loss: 3.1138 @ step 0
[GPU 0] [08:35:00] [INFO] New best validation loss: 3.0985 @ step 1
[GPU 0] [08:35:02] [INFO] New best validation loss: 3.0902 @ step 2
[GPU 0] [08:35:03] [INFO] New best validation loss: 3.0814 @ step 3
[GPU 0] [08:35:05] [INFO] New best validation loss: 3.0764 @ step 4
[GPU 0] [08:35:21] [INFO] Stop FT @ 16: no val improvement for 10 steps
[GPU 0] [08:35:21] [INFO] Wrote stats.jsonl entries at FT step 4 
[GPU 0] [08:35:25] [INFO] ---- Begin FT | Experts: ['core'] | Data: ['papers-nuclear'] ----
[GPU 0] [08:35:25] [DEBUG] num_seq: 512, num_rounds: 200, patience: 10
[GPU 0] [08:35:25] [DEBUG] local_x: torch.Size([16, 1024]), local_y: torch.Size([16, 1024]), num_steps: 8, per_gpu: 16, mbs_size: 2
[GPU 0] [08:35:27] [INFO] New best validation loss: 3.2296 @ step 0
[GPU 0] [08:35:28] [INFO] New best validation loss: 3.1812 @ step 1
[GPU 0] [08:35:30] [INFO] New best validation loss: 3.1791 @ step 2
[GPU 0] [08:35:31] [INFO] New best validation loss: 3.1731 @ step 3
[GPU 0] [08:35:33] [INFO] New best validation loss: 3.1654 @ step 4
[GPU 0] [08:35:34] [INFO] New best validation loss: 3.1601 @ step 5
[GPU 0] [08:35:36] [INFO] New best validation loss: 3.1601 @ step 6
[GPU 0] [08:35:52] [INFO] Stop FT @ 18: no val improvement for 10 steps
[GPU 0] [08:35:52] [INFO] Wrote stats.jsonl entries at FT step 6 
[GPU 0] [08:35:52] [INFO] ROUTED - ADVERSARIAL FT START
[GPU 0] [08:35:57] [INFO] ---- Begin FT | Experts: ['code-lisp', 'core'] | Data: ['papers-biology'] ----
[GPU 0] [08:35:57] [DEBUG] num_seq: 512, num_rounds: 200, patience: 10
[GPU 0] [08:35:57] [DEBUG] local_x: torch.Size([16, 1024]), local_y: torch.Size([16, 1024]), num_steps: 8, per_gpu: 16, mbs_size: 2
[GPU 0] [08:35:59] [INFO] New best validation loss: 2.8988 @ step 0
[GPU 0] [08:36:01] [INFO] New best validation loss: 2.8686 @ step 1
[GPU 0] [08:36:03] [INFO] New best validation loss: 2.8531 @ step 2
[GPU 0] [08:36:04] [INFO] New best validation loss: 2.8431 @ step 3
[GPU 0] [08:36:06] [INFO] New best validation loss: 2.8339 @ step 4
[GPU 0] [08:36:08] [INFO] New best validation loss: 2.8288 @ step 5
[GPU 0] [08:36:10] [INFO] New best validation loss: 2.8276 @ step 6
[GPU 0] [08:36:29] [INFO] Stop FT @ 18: no val improvement for 10 steps
[GPU 0] [08:36:29] [INFO] Wrote stats.jsonl entries at FT step 6 
[GPU 0] [08:36:34] [INFO] ---- Begin FT | Experts: ['code-lisp', 'core'] | Data: ['papers-cyber'] ----
[GPU 0] [08:36:34] [DEBUG] num_seq: 512, num_rounds: 200, patience: 10
[GPU 0] [08:36:34] [DEBUG] local_x: torch.Size([16, 1024]), local_y: torch.Size([16, 1024]), num_steps: 8, per_gpu: 16, mbs_size: 2
[GPU 0] [08:36:35] [INFO] New best validation loss: 3.1269 @ step 0
[GPU 0] [08:36:37] [INFO] New best validation loss: 3.1060 @ step 1
[GPU 0] [08:36:39] [INFO] New best validation loss: 3.0958 @ step 2
[GPU 0] [08:36:41] [INFO] New best validation loss: 3.0883 @ step 3
[GPU 0] [08:36:42] [INFO] New best validation loss: 3.0812 @ step 4
[GPU 0] [08:36:44] [INFO] New best validation loss: 3.0794 @ step 5
[GPU 0] [08:37:03] [INFO] Stop FT @ 17: no val improvement for 10 steps
[GPU 0] [08:37:03] [INFO] Wrote stats.jsonl entries at FT step 5 
[GPU 0] [08:37:07] [INFO] ---- Begin FT | Experts: ['code-lisp', 'core'] | Data: ['papers-nuclear'] ----
[GPU 0] [08:37:07] [DEBUG] num_seq: 512, num_rounds: 200, patience: 10
[GPU 0] [08:37:07] [DEBUG] local_x: torch.Size([16, 1024]), local_y: torch.Size([16, 1024]), num_steps: 8, per_gpu: 16, mbs_size: 2
[GPU 0] [08:37:09] [INFO] New best validation loss: 3.2376 @ step 0
[GPU 0] [08:37:11] [INFO] New best validation loss: 3.1842 @ step 1
[GPU 0] [08:37:12] [INFO] New best validation loss: 3.1820 @ step 2
[GPU 0] [08:37:14] [INFO] New best validation loss: 3.1761 @ step 3
[GPU 0] [08:37:16] [INFO] New best validation loss: 3.1679 @ step 4
[GPU 0] [08:37:17] [INFO] New best validation loss: 3.1622 @ step 5
[GPU 0] [08:37:19] [INFO] New best validation loss: 3.1613 @ step 6
[GPU 0] [08:37:38] [INFO] Stop FT @ 18: no val improvement for 10 steps
[GPU 0] [08:37:38] [INFO] Wrote stats.jsonl entries at FT step 6 
[GPU 0] [08:37:38] [INFO] ROUTED - ADVERSARIAL FT START
[GPU 0] [08:37:43] [INFO] ---- Begin FT | Experts: ['core', 'papers-biology'] | Data: ['code-lisp'] ----
[GPU 0] [08:37:43] [DEBUG] num_seq: 512, num_rounds: 200, patience: 10
[GPU 0] [08:37:43] [DEBUG] local_x: torch.Size([16, 1024]), local_y: torch.Size([16, 1024]), num_steps: 8, per_gpu: 16, mbs_size: 2
[GPU 0] [08:37:45] [INFO] New best validation loss: 1.2054 @ step 0
[GPU 0] [08:37:46] [INFO] New best validation loss: 1.1789 @ step 1
[GPU 0] [08:37:48] [INFO] New best validation loss: 1.1567 @ step 2
[GPU 0] [08:37:50] [INFO] New best validation loss: 1.1393 @ step 3
[GPU 0] [08:37:52] [INFO] New best validation loss: 1.1214 @ step 4
[GPU 0] [08:37:55] [INFO] New best validation loss: 1.1077 @ step 5
[GPU 0] [08:37:57] [INFO] New best validation loss: 1.0990 @ step 6
[GPU 0] [08:37:59] [INFO] New best validation loss: 1.0928 @ step 7
[GPU 0] [08:38:00] [INFO] New best validation loss: 1.0876 @ step 8
[GPU 0] [08:38:02] [INFO] New best validation loss: 1.0827 @ step 9
[GPU 0] [08:38:04] [INFO] New best validation loss: 1.0771 @ step 10
[GPU 0] [08:38:05] [INFO] New best validation loss: 1.0719 @ step 11
[GPU 0] [08:38:07] [INFO] New best validation loss: 1.0675 @ step 12
[GPU 0] [08:38:09] [INFO] New best validation loss: 1.0646 @ step 13
[GPU 0] [08:38:11] [INFO] New best validation loss: 1.0618 @ step 14
[GPU 0] [08:38:12] [INFO] New best validation loss: 1.0592 @ step 15
[GPU 0] [08:38:14] [INFO] New best validation loss: 1.0576 @ step 16
[GPU 0] [08:38:16] [INFO] New best validation loss: 1.0573 @ step 17
[GPU 0] [08:38:19] [INFO] New best validation loss: 1.0570 @ step 19
[GPU 0] [08:38:38] [INFO] Stop FT @ 31: no val improvement for 10 steps
[GPU 0] [08:38:38] [INFO] Wrote stats.jsonl entries at FT step 19 
[GPU 0] [08:38:42] [INFO] ---- Begin FT | Experts: ['core', 'papers-biology'] | Data: ['papers-cyber'] ----
[GPU 0] [08:38:42] [DEBUG] num_seq: 512, num_rounds: 200, patience: 10
[GPU 0] [08:38:42] [DEBUG] local_x: torch.Size([16, 1024]), local_y: torch.Size([16, 1024]), num_steps: 8, per_gpu: 16, mbs_size: 2
[GPU 0] [08:38:44] [INFO] New best validation loss: 3.1299 @ step 0
[GPU 0] [08:38:46] [INFO] New best validation loss: 3.1005 @ step 1
[GPU 0] [08:38:47] [INFO] New best validation loss: 3.0924 @ step 2
[GPU 0] [08:38:49] [INFO] New best validation loss: 3.0835 @ step 3
[GPU 0] [08:38:51] [INFO] New best validation loss: 3.0757 @ step 4
[GPU 0] [08:39:10] [INFO] Stop FT @ 16: no val improvement for 10 steps
[GPU 0] [08:39:10] [INFO] Wrote stats.jsonl entries at FT step 4 
[GPU 0] [08:39:15] [INFO] ---- Begin FT | Experts: ['core', 'papers-biology'] | Data: ['papers-nuclear'] ----
[GPU 0] [08:39:15] [DEBUG] num_seq: 512, num_rounds: 200, patience: 10
[GPU 0] [08:39:15] [DEBUG] local_x: torch.Size([16, 1024]), local_y: torch.Size([16, 1024]), num_steps: 8, per_gpu: 16, mbs_size: 2
[GPU 0] [08:39:17] [INFO] New best validation loss: 3.2302 @ step 0
[GPU 0] [08:39:18] [INFO] New best validation loss: 3.1847 @ step 1
[GPU 0] [08:39:20] [INFO] New best validation loss: 3.1808 @ step 2
[GPU 0] [08:39:22] [INFO] New best validation loss: 3.1739 @ step 3
[GPU 0] [08:39:24] [INFO] New best validation loss: 3.1657 @ step 4
[GPU 0] [08:39:25] [INFO] New best validation loss: 3.1607 @ step 5
[GPU 0] [08:39:44] [INFO] Stop FT @ 17: no val improvement for 10 steps
[GPU 0] [08:39:44] [INFO] Wrote stats.jsonl entries at FT step 5 
[GPU 0] [08:39:44] [INFO] ROUTED - ADVERSARIAL FT START
[GPU 0] [08:39:50] [INFO] ---- Begin FT | Experts: ['core', 'papers-nuclear'] | Data: ['code-lisp'] ----
[GPU 0] [08:39:50] [DEBUG] num_seq: 512, num_rounds: 200, patience: 10
[GPU 0] [08:39:50] [DEBUG] local_x: torch.Size([16, 1024]), local_y: torch.Size([16, 1024]), num_steps: 8, per_gpu: 16, mbs_size: 2
[GPU 0] [08:39:52] [INFO] New best validation loss: 1.1913 @ step 0
[GPU 0] [08:39:53] [INFO] New best validation loss: 1.1742 @ step 1
[GPU 0] [08:39:55] [INFO] New best validation loss: 1.1503 @ step 2
[GPU 0] [08:39:57] [INFO] New best validation loss: 1.1303 @ step 3
[GPU 0] [08:39:59] [INFO] New best validation loss: 1.1131 @ step 4
[GPU 0] [08:40:00] [INFO] New best validation loss: 1.1023 @ step 5
[GPU 0] [08:40:02] [INFO] New best validation loss: 1.0949 @ step 6
[GPU 0] [08:40:04] [INFO] New best validation loss: 1.0884 @ step 7
[GPU 0] [08:40:05] [INFO] New best validation loss: 1.0827 @ step 8
[GPU 0] [08:40:07] [INFO] New best validation loss: 1.0780 @ step 9
[GPU 0] [08:40:09] [INFO] New best validation loss: 1.0729 @ step 10
[GPU 0] [08:40:11] [INFO] New best validation loss: 1.0680 @ step 11
[GPU 0] [08:40:12] [INFO] New best validation loss: 1.0641 @ step 12
[GPU 0] [08:40:14] [INFO] New best validation loss: 1.0616 @ step 13
[GPU 0] [08:40:16] [INFO] New best validation loss: 1.0593 @ step 14
[GPU 0] [08:40:18] [INFO] New best validation loss: 1.0574 @ step 15
[GPU 0] [08:40:19] [INFO] New best validation loss: 1.0566 @ step 16
[GPU 0] [08:40:21] [INFO] New best validation loss: 1.0566 @ step 17
[GPU 0] [08:40:23] [INFO] New best validation loss: 1.0563 @ step 18
[GPU 0] [08:40:42] [INFO] Stop FT @ 30: no val improvement for 10 steps
[GPU 0] [08:40:42] [INFO] Wrote stats.jsonl entries at FT step 18 
[GPU 0] [08:40:48] [INFO] ---- Begin FT | Experts: ['core', 'papers-nuclear'] | Data: ['papers-biology'] ----
[GPU 0] [08:40:48] [DEBUG] num_seq: 512, num_rounds: 200, patience: 10
[GPU 0] [08:40:48] [DEBUG] local_x: torch.Size([16, 1024]), local_y: torch.Size([16, 1024]), num_steps: 8, per_gpu: 16, mbs_size: 2
[GPU 0] [08:40:50] [INFO] New best validation loss: 2.9418 @ step 0
[GPU 0] [08:40:51] [INFO] New best validation loss: 2.8651 @ step 1
[GPU 0] [08:40:53] [INFO] New best validation loss: 2.8617 @ step 2
[GPU 0] [08:40:55] [INFO] New best validation loss: 2.8494 @ step 3
[GPU 0] [08:40:56] [INFO] New best validation loss: 2.8387 @ step 4
[GPU 0] [08:40:58] [INFO] New best validation loss: 2.8332 @ step 5
[GPU 0] [08:41:00] [INFO] New best validation loss: 2.8313 @ step 6
[GPU 0] [08:41:19] [INFO] Stop FT @ 18: no val improvement for 10 steps
[GPU 0] [08:41:19] [INFO] Wrote stats.jsonl entries at FT step 6 
[GPU 0] [08:41:25] [INFO] ---- Begin FT | Experts: ['core', 'papers-nuclear'] | Data: ['papers-cyber'] ----
[GPU 0] [08:41:25] [DEBUG] num_seq: 512, num_rounds: 200, patience: 10
[GPU 0] [08:41:25] [DEBUG] local_x: torch.Size([16, 1024]), local_y: torch.Size([16, 1024]), num_steps: 8, per_gpu: 16, mbs_size: 2
[GPU 0] [08:41:26] [INFO] New best validation loss: 3.1366 @ step 0
[GPU 0] [08:41:28] [INFO] New best validation loss: 3.0888 @ step 1
[GPU 0] [08:41:30] [INFO] New best validation loss: 3.0865 @ step 2
[GPU 0] [08:41:32] [INFO] New best validation loss: 3.0814 @ step 3
[GPU 0] [08:41:33] [INFO] New best validation loss: 3.0750 @ step 4
[GPU 0] [08:41:35] [INFO] New best validation loss: 3.0738 @ step 5
[GPU 0] [08:41:54] [INFO] Stop FT @ 17: no val improvement for 10 steps
[GPU 0] [08:41:54] [INFO] Wrote stats.jsonl entries at FT step 5 
[GPU 0] [08:41:54] [INFO] ROUTED - ADVERSARIAL FT START
[GPU 0] [08:41:59] [INFO] ---- Begin FT | Experts: ['core', 'papers-cyber'] | Data: ['code-lisp'] ----
[GPU 0] [08:41:59] [DEBUG] num_seq: 512, num_rounds: 200, patience: 10
[GPU 0] [08:41:59] [DEBUG] local_x: torch.Size([16, 1024]), local_y: torch.Size([16, 1024]), num_steps: 8, per_gpu: 16, mbs_size: 2
[GPU 0] [08:42:01] [INFO] New best validation loss: 1.2019 @ step 0
[GPU 0] [08:42:03] [INFO] New best validation loss: 1.1825 @ step 1
[GPU 0] [08:42:05] [INFO] New best validation loss: 1.1590 @ step 2
[GPU 0] [08:42:06] [INFO] New best validation loss: 1.1392 @ step 3
[GPU 0] [08:42:08] [INFO] New best validation loss: 1.1209 @ step 4
[GPU 0] [08:42:10] [INFO] New best validation loss: 1.1091 @ step 5
[GPU 0] [08:42:12] [INFO] New best validation loss: 1.1007 @ step 6
[GPU 0] [08:42:13] [INFO] New best validation loss: 1.0929 @ step 7
[GPU 0] [08:42:15] [INFO] New best validation loss: 1.0867 @ step 8
[GPU 0] [08:42:17] [INFO] New best validation loss: 1.0818 @ step 9
[GPU 0] [08:42:18] [INFO] New best validation loss: 1.0770 @ step 10
[GPU 0] [08:42:20] [INFO] New best validation loss: 1.0718 @ step 11
[GPU 0] [08:42:22] [INFO] New best validation loss: 1.0677 @ step 12
[GPU 0] [08:42:24] [INFO] New best validation loss: 1.0649 @ step 13
[GPU 0] [08:42:25] [INFO] New best validation loss: 1.0626 @ step 14
[GPU 0] [08:42:27] [INFO] New best validation loss: 1.0601 @ step 15
[GPU 0] [08:42:29] [INFO] New best validation loss: 1.0584 @ step 16
[GPU 0] [08:42:30] [INFO] New best validation loss: 1.0577 @ step 17
[GPU 0] [08:42:32] [INFO] New best validation loss: 1.0575 @ step 18
[GPU 0] [08:42:34] [INFO] New best validation loss: 1.0573 @ step 19
[GPU 0] [08:42:53] [INFO] Stop FT @ 31: no val improvement for 10 steps
[GPU 0] [08:42:53] [INFO] Wrote stats.jsonl entries at FT step 19 
[GPU 0] [08:42:57] [INFO] ---- Begin FT | Experts: ['core', 'papers-cyber'] | Data: ['papers-biology'] ----
[GPU 0] [08:42:57] [DEBUG] num_seq: 512, num_rounds: 200, patience: 10
[GPU 0] [08:42:57] [DEBUG] local_x: torch.Size([16, 1024]), local_y: torch.Size([16, 1024]), num_steps: 8, per_gpu: 16, mbs_size: 2
[GPU 0] [08:42:59] [INFO] New best validation loss: 2.9113 @ step 0
[GPU 0] [08:43:03] [INFO] New best validation loss: 2.8752 @ step 1
[GPU 0] [08:43:05] [INFO] New best validation loss: 2.8561 @ step 2
[GPU 0] [08:43:06] [INFO] New best validation loss: 2.8448 @ step 3
[GPU 0] [08:43:08] [INFO] New best validation loss: 2.8373 @ step 4
[GPU 0] [08:43:10] [INFO] New best validation loss: 2.8331 @ step 5
[GPU 0] [08:43:12] [INFO] New best validation loss: 2.8312 @ step 6
[GPU 0] [08:43:30] [INFO] Stop FT @ 18: no val improvement for 10 steps
[GPU 0] [08:43:30] [INFO] Wrote stats.jsonl entries at FT step 6 
[GPU 0] [08:43:35] [INFO] ---- Begin FT | Experts: ['core', 'papers-cyber'] | Data: ['papers-nuclear'] ----
[GPU 0] [08:43:35] [DEBUG] num_seq: 512, num_rounds: 200, patience: 10
[GPU 0] [08:43:35] [DEBUG] local_x: torch.Size([16, 1024]), local_y: torch.Size([16, 1024]), num_steps: 8, per_gpu: 16, mbs_size: 2
[GPU 0] [08:43:37] [INFO] New best validation loss: 3.2331 @ step 0
[GPU 0] [08:43:39] [INFO] New best validation loss: 3.1856 @ step 1
[GPU 0] [08:43:40] [INFO] New best validation loss: 3.1810 @ step 2
[GPU 0] [08:43:42] [INFO] New best validation loss: 3.1742 @ step 3
[GPU 0] [08:43:44] [INFO] New best validation loss: 3.1663 @ step 4
[GPU 0] [08:43:45] [INFO] New best validation loss: 3.1606 @ step 5
[GPU 0] [08:43:47] [INFO] New best validation loss: 3.1601 @ step 6
[GPU 0] [08:44:06] [INFO] Stop FT @ 18: no val improvement for 10 steps
[GPU 0] [08:44:06] [INFO] Wrote stats.jsonl entries at FT step 6 
[GPU 0] [08:44:08] [INFO] ----------------------------------------
[GPU 0] [08:44:08] [INFO] Finished. See /workspace/gradient-routing/experiments/AGI-1699-New-Dataset-Runs/results/scaling/realistic/grmoe/200M/seed_5/acc_mode_uniform_factor_1.0
