[GPU 0] [07:00:35] [INFO] Git branch: main, commit: cae9c93a4982c96b9778295aaab20f7a9eaed693
[GPU 0] [07:00:35] [INFO] Number of processes: 1
[GPU 0] [07:00:35] [INFO] Runtime device: mps, dtype: torch.float32
[GPU 0] [07:02:35] [INFO] Tokenizer vocabulary: 4096
[GPU 0] [07:02:35] [INFO] Set model vocab size to nearest multiple of 64 of tokenizer size: 4096
[GPU 0] [07:02:35] [INFO] target effective batch size: -1, actual effective batch size: 128, micro batch size: 16, accumulation steps: 8, num gpus: 1
[GPU 0] [07:02:35] [INFO] core total number of tokens: 501664802
[GPU 0] [07:02:35] [INFO] core: 1.0000 x 501664802 = 501664802
[GPU 0] [07:02:35] [INFO] aux total number of tokens: 46188871
[GPU 0] [07:02:35] [INFO] aux: 1.0000 x 46188871 = 46188871
[GPU 0] [07:02:35] [INFO] Loader a-deadline-or-time-limit train: 2819, test: 321
[GPU 0] [07:02:35] [INFO] Loader alien-encounters train: 2767, test: 306
[GPU 0] [07:02:35] [INFO] Loader bygone-eras train: 2819, test: 315
[GPU 0] [07:02:35] [INFO] Loader cultural-traditions train: 2819, test: 311
[GPU 0] [07:02:35] [INFO] Loader dinosaurs train: 2701, test: 306
[GPU 0] [07:02:35] [INFO] Loader dream-worlds train: 2713, test: 303
[GPU 0] [07:02:35] [INFO] Loader enchanted-forests train: 2783, test: 308
[GPU 0] [07:02:35] [INFO] Loader fairy-tales train: 2754, test: 299
[GPU 0] [07:02:35] [INFO] Loader fantasy-worlds train: 2783, test: 318
[GPU 0] [07:02:35] [INFO] Loader gardens train: 2770, test: 297
[GPU 0] [07:02:35] [INFO] Loader giant-creatures train: 2783, test: 299
[GPU 0] [07:02:35] [INFO] Loader haunted-places train: 2783, test: 329
[GPU 0] [07:02:35] [INFO] Loader hidden-treasures train: 2781, test: 312
[GPU 0] [07:02:35] [INFO] Loader holidays train: 2780, test: 311
[GPU 0] [07:02:35] [INFO] Loader invisibility train: 2767, test: 302
[GPU 0] [07:02:35] [INFO] Loader island-adventures train: 2783, test: 312
[GPU 0] [07:02:35] [INFO] Loader living-objects train: 2695, test: 305
[GPU 0] [07:02:35] [INFO] Loader lost-cities train: 2783, test: 324
[GPU 0] [07:02:35] [INFO] Loader lost-civilizations train: 2783, test: 328
[GPU 0] [07:02:35] [INFO] Loader magical-lands train: 2783, test: 310
[GPU 0] [07:02:35] [INFO] Loader magical-objects train: 2761, test: 298
[GPU 0] [07:02:35] [INFO] Loader miniature-worlds train: 2685, test: 296
[GPU 0] [07:02:35] [INFO] Loader mysterious-maps train: 2714, test: 307
[GPU 0] [07:02:35] [INFO] Loader mystical-creatures train: 2783, test: 306
[GPU 0] [07:02:35] [INFO] Loader outer-space train: 2748, test: 310
[GPU 0] [07:02:35] [INFO] Loader pirates train: 2783, test: 314
[GPU 0] [07:02:35] [INFO] Loader riddles train: 2754, test: 306
[GPU 0] [07:02:35] [INFO] Loader robots-and-technology train: 2783, test: 313
[GPU 0] [07:02:35] [INFO] Loader royal-kingdoms train: 2783, test: 323
[GPU 0] [07:02:35] [INFO] Loader school-life train: 2705, test: 306
[GPU 0] [07:02:35] [INFO] Loader seasonal-changes train: 2739, test: 305
[GPU 0] [07:02:35] [INFO] Loader secret-societies train: 2783, test: 310
[GPU 0] [07:02:35] [INFO] Loader shape-shifting train: 2755, test: 310
[GPU 0] [07:02:35] [INFO] Loader sibling-rivalry train: 2783, test: 319
[GPU 0] [07:02:35] [INFO] Loader snowy-adventures train: 2783, test: 313
[GPU 0] [07:02:35] [INFO] Loader space-exploration train: 2765, test: 305
[GPU 0] [07:02:35] [INFO] Loader sports train: 2720, test: 299
[GPU 0] [07:02:35] [INFO] Loader subterranean-worlds train: 2776, test: 297
[GPU 0] [07:02:35] [INFO] Loader superheroes train: 2762, test: 308
[GPU 0] [07:02:35] [INFO] Loader talking-animals train: 2783, test: 303
[GPU 0] [07:02:35] [INFO] Loader the-arts train: 2760, test: 307
[GPU 0] [07:02:35] [INFO] Loader the-sky train: 2742, test: 307
[GPU 0] [07:02:35] [INFO] Loader time-travel train: 2783, test: 303
[GPU 0] [07:02:35] [INFO] Loader treasure-hunts train: 2640, test: 287
[GPU 0] [07:02:35] [INFO] Loader undercover-missions train: 2783, test: 321
[GPU 0] [07:02:35] [INFO] Loader underwater-adventures train: 2716, test: 308
[GPU 0] [07:02:35] [INFO] Loader unusual-vehicles train: 2783, test: 313
[GPU 0] [07:02:35] [INFO] Loader virtual-worlds train: 2771, test: 302
[GPU 0] [07:02:35] [INFO] Loader core train: 121351, test: 13559
[GPU 0] [07:02:35] [INFO] Loader aux train: 11224, test: 1253
[GPU 0] [07:02:35] [INFO] Loader all train: 132575, test: 14812
[GPU 0] [07:02:35] [INFO] Stage [filtering] start: {"name": "filtering", "num_checkpoints": 2, "lr": 0.005, "res_dir": "/Users/jarrett/dev/gram-quant/modular-pretraining/results/stories_phase2/seed_1/20260719070035561998/filtering", "acc_mode": "heterogeneous", "do_eval": true, "do_sample": false, "num_train_evals": 0, "do_elicit": false, "elicit_eval_prc": 0.5, "elicit_num_evals": 100, "retain_targets": [["core", "alien-encounters", "bygone-eras", "cultural-traditions"]], "label_prc": 1.0}
[GPU 0] [07:02:35] [INFO] FILTERING START
[GPU 0] [07:02:35] [INFO] Using stage-level retain_targets override (1 targets)
[GPU 0] [07:02:35] [INFO] Filtering: retaining ['core', 'alien-encounters', 'bygone-eras', 'cultural-traditions'], removing ['a-deadline-or-time-limit']
[GPU 0] [07:02:36] [INFO] Initialized BaseTransformer with 26,257,920 total parameters
[GPU 0] [07:02:36] [WARNING] restore_partial_state: no checkpoint found at /Users/jarrett/dev/gram-quant/modular-pretraining/results/stories_phase2/seed_1/20260719070035561998/filtering/core_alien-encounters_bygone-eras_cultural-traditions
[GPU 0] [07:02:36] [INFO] ---- Begin Train | Train Labels: ['core', 'alien-encounters', 'bygone-eras', 'cultural-traditions'] ----
[GPU 0] [07:02:36] [INFO] Batch [alien-encounters] count: 2767
[GPU 0] [07:02:36] [INFO] Batch [bygone-eras] count: 2819
[GPU 0] [07:02:36] [INFO] Batch [core] count: 121347
[GPU 0] [07:02:36] [INFO] Batch [cultural-traditions] count: 2819
[GPU 0] [07:02:36] [INFO] num_total_steps: 16219
[GPU 0] [07:02:36] [INFO] warmup_steps: 1622
[GPU 0] [07:02:36] [INFO] constant_steps: 12975
[GPU 0] [07:02:36] [INFO] decay_steps: 1622
[GPU 0] [07:02:36] [INFO] LR Scheduler: Warmup Start
[GPU 0] [07:02:37] [INFO] Step: 1, LR: 3.09e-06
[GPU 0] [07:02:37] [INFO] Train Loss: CORE: 8.40 A-DEADLINE-OR-TIME-LIMIT: nan ALIEN-ENCOUNTERS: nan BYGONE-ERAS: nan CULTURAL-TRADITIONS: nan 
[GPU 0] [07:22:21] [INFO] Step: 1000, LR: 3.08e-03
[GPU 0] [07:22:21] [INFO] Train Loss: CORE: 2.43 A-DEADLINE-OR-TIME-LIMIT: nan ALIEN-ENCOUNTERS: 2.35 BYGONE-ERAS: 2.42 CULTURAL-TRADITIONS: 2.43 
[GPU 0] [07:34:47] [INFO] LR Scheduler: Constant Start
[GPU 0] [07:42:14] [INFO] Step: 2000, LR: 5.00e-03
[GPU 0] [07:42:14] [INFO] Train Loss: CORE: 2.12 A-DEADLINE-OR-TIME-LIMIT: nan ALIEN-ENCOUNTERS: 2.07 BYGONE-ERAS: 2.19 CULTURAL-TRADITIONS: 2.20 
[GPU 0] [08:01:47] [INFO] Step: 3000, LR: 5.00e-03
[GPU 0] [08:01:47] [INFO] Train Loss: CORE: 2.04 A-DEADLINE-OR-TIME-LIMIT: nan ALIEN-ENCOUNTERS: 1.94 BYGONE-ERAS: 2.03 CULTURAL-TRADITIONS: 2.06 
[GPU 0] [08:21:31] [INFO] Step: 4000, LR: 5.00e-03
[GPU 0] [08:21:31] [INFO] Train Loss: CORE: 1.96 A-DEADLINE-OR-TIME-LIMIT: nan ALIEN-ENCOUNTERS: 1.86 BYGONE-ERAS: 1.96 CULTURAL-TRADITIONS: 2.00 
[GPU 0] [08:42:16] [INFO] Step: 5000, LR: 5.00e-03
[GPU 0] [08:42:16] [INFO] Train Loss: CORE: 1.87 A-DEADLINE-OR-TIME-LIMIT: nan ALIEN-ENCOUNTERS: 1.83 BYGONE-ERAS: 1.85 CULTURAL-TRADITIONS: 1.94 
[GPU 0] [09:03:16] [INFO] Step: 6000, LR: 5.00e-03
[GPU 0] [09:03:16] [INFO] Train Loss: CORE: 1.81 A-DEADLINE-OR-TIME-LIMIT: nan ALIEN-ENCOUNTERS: 1.79 BYGONE-ERAS: 1.84 CULTURAL-TRADITIONS: 1.90 
[GPU 0] [09:24:11] [INFO] Step: 7000, LR: 5.00e-03
[GPU 0] [09:24:11] [INFO] Train Loss: CORE: 1.81 A-DEADLINE-OR-TIME-LIMIT: nan ALIEN-ENCOUNTERS: 1.78 BYGONE-ERAS: 1.84 CULTURAL-TRADITIONS: 1.87 
[GPU 0] [09:45:56] [INFO] Step: 8000, LR: 5.00e-03
[GPU 0] [09:45:56] [INFO] Train Loss: CORE: 1.74 A-DEADLINE-OR-TIME-LIMIT: nan ALIEN-ENCOUNTERS: 1.78 BYGONE-ERAS: 1.81 CULTURAL-TRADITIONS: 1.84 
[GPU 0] [10:07:56] [INFO] Step: 9000, LR: 5.00e-03
[GPU 0] [10:07:56] [INFO] Train Loss: CORE: 1.79 A-DEADLINE-OR-TIME-LIMIT: nan ALIEN-ENCOUNTERS: 1.75 BYGONE-ERAS: 1.82 CULTURAL-TRADITIONS: 1.85 
[GPU 0] [10:29:54] [INFO] Step: 10000, LR: 5.00e-03
[GPU 0] [10:29:54] [INFO] Train Loss: CORE: 1.77 A-DEADLINE-OR-TIME-LIMIT: nan ALIEN-ENCOUNTERS: 1.77 BYGONE-ERAS: 1.78 CULTURAL-TRADITIONS: 1.84 
[GPU 0] [10:50:37] [INFO] Step: 11000, LR: 5.00e-03
[GPU 0] [10:50:37] [INFO] Train Loss: CORE: 1.77 A-DEADLINE-OR-TIME-LIMIT: nan ALIEN-ENCOUNTERS: 1.75 BYGONE-ERAS: 1.77 CULTURAL-TRADITIONS: 1.82 
[GPU 0] [11:11:15] [INFO] Step: 12000, LR: 5.00e-03
[GPU 0] [11:11:15] [INFO] Train Loss: CORE: 1.73 A-DEADLINE-OR-TIME-LIMIT: nan ALIEN-ENCOUNTERS: 1.72 BYGONE-ERAS: 1.78 CULTURAL-TRADITIONS: 1.79 
[GPU 0] [11:32:06] [INFO] Step: 13000, LR: 5.00e-03
[GPU 0] [11:32:06] [INFO] Train Loss: CORE: 1.78 A-DEADLINE-OR-TIME-LIMIT: nan ALIEN-ENCOUNTERS: 1.74 BYGONE-ERAS: 1.79 CULTURAL-TRADITIONS: 1.81 
[GPU 0] [11:52:52] [INFO] Step: 14000, LR: 5.00e-03
[GPU 0] [11:52:52] [INFO] Train Loss: CORE: 1.80 A-DEADLINE-OR-TIME-LIMIT: nan ALIEN-ENCOUNTERS: 1.69 BYGONE-ERAS: 1.75 CULTURAL-TRADITIONS: 1.79 
[GPU 0] [12:05:10] [INFO] LR Scheduler: Decay Start
[GPU 0] [12:13:23] [INFO] Step: 15000, LR: 3.76e-03
[GPU 0] [12:13:23] [INFO] Train Loss: CORE: 1.73 A-DEADLINE-OR-TIME-LIMIT: nan ALIEN-ENCOUNTERS: 1.69 BYGONE-ERAS: 1.73 CULTURAL-TRADITIONS: 1.78 
[GPU 0] [12:33:23] [INFO] Step: 16000, LR: 6.75e-04
[GPU 0] [12:33:23] [INFO] Train Loss: CORE: 1.68 A-DEADLINE-OR-TIME-LIMIT: nan ALIEN-ENCOUNTERS: 1.60 BYGONE-ERAS: 1.68 CULTURAL-TRADITIONS: 1.69 
[GPU 0] [12:37:43] [INFO] Step: 16219, LR: 1.00e-08
[GPU 0] [12:37:43] [INFO] Train Loss: CORE: 1.66 A-DEADLINE-OR-TIME-LIMIT: nan ALIEN-ENCOUNTERS: 1.60 BYGONE-ERAS: 1.63 CULTURAL-TRADITIONS: 1.71 
[GPU 0] [12:37:43] [INFO] ---- Begin Eval ----
[GPU 0] [12:37:43] [INFO] Data: core | Experts: None
[GPU 0] [12:46:08] [INFO] loss: 1.63246596
[GPU 0] [12:46:08] [INFO] Data: a-deadline-or-time-limit | Experts: None
[GPU 0] [12:46:20] [INFO] loss: 1.81338286
[GPU 0] [12:46:20] [INFO] Data: alien-encounters | Experts: None
[GPU 0] [12:46:32] [INFO] loss: 1.60726237
[GPU 0] [12:46:32] [INFO] Data: bygone-eras | Experts: None
[GPU 0] [12:46:44] [INFO] loss: 1.65447843
[GPU 0] [12:46:44] [INFO] Data: cultural-traditions | Experts: None
[GPU 0] [12:46:56] [INFO] loss: 1.69228470
[GPU 0] [12:46:56] [INFO] ----------------------------------------
[GPU 0] [12:46:56] [INFO] Finished. See /Users/jarrett/dev/gram-quant/modular-pretraining/results/stories_phase2/seed_1/20260719070035561998
