[GPU 0] [03:37:05] [INFO] Number of GPUs: 8
[GPU 0] [03:37:10] [INFO] Tokenizer vocabulary: 50257
[GPU 0] [03:37:10] [INFO] Set model vocab size to nearest multiple of 64 of tokenizer size: 50304
[GPU 0] [03:37:10] [INFO] target effective batch size: 70, actual effective batch size: 72, micro batch size: 9, accumulation steps: 1, num gpus: 8
[GPU 0] [03:37:10] [INFO] core total number of tokens: 66749057569
[GPU 0] [03:37:10] [INFO] Baseline model has 47,995,776 parameters
[GPU 0] [03:37:10] [INFO] core: chinchilla optimal tokens: 959,915,520, requested proportion: 1.0000, requested number of tokens: 959,915,520.0, 
[GPU 0] [03:37:10] [INFO] aux total number of tokens: 4835776549
[GPU 0] [03:37:10] [INFO] Baseline model has 47,995,776 parameters
[GPU 0] [03:37:10] [INFO] aux: chinchilla optimal tokens: 959,915,520, requested proportion: 0.0100, requested number of tokens: 9,599,155.200000001, 
[GPU 0] [03:37:10] [DEBUG] Saved config to /workspace/gradient-routing/experiments/AGI-1699-New-Dataset-Runs/results/scaling/realistic/filtering/50M/seed_1/20260422033654367339/config.json
[GPU 0] [03:37:10] [DEBUG] {
    "stages": [
        {
            "name": "filtering",
            "num_checkpoints": -1,
            "lr": 0.0013294663255016177,
            "res_dir": "/workspace/gradient-routing/experiments/AGI-1699-New-Dataset-Runs/results/scaling/realistic/filtering/50M/seed_1/20260422033654367339/filtering",
            "do_eval": true,
            "do_sample": false,
            "num_train_evals": 0,
            "do_elicit": true,
            "elicit_eval_prc": 0.5,
            "elicit_num_evals": 100,
            "retain_targets": [
                [
                    "core",
                    "papers-biology"
                ]
            ]
        }
    ],
    "model": {
        "arch": "base",
        "tokenizer": "GPT2Tokenizer(name_or_path='EleutherAI/gpt-neo-125M', vocab_size=50257, model_max_length=2048, padding_side='right', truncation_side='right', special_tokens={'bos_token': '<|endoftext|>', 'eos_token': '<|endoftext|>', 'unk_token': '<|endoftext|>'}, added_tokens_decoder={\n\t50256: AddedToken(\"<|endoftext|>\", rstrip=False, lstrip=False, single_word=False, normalized=True, special=True),\n}\n)",
        "ctx_len": 1024,
        "vocab_size": 50304,
        "num_layers": 6,
        "num_heads": 8,
        "num_key_value": 2,
        "attn_bias": true,
        "eos_token_id": 50256,
        "embed_dim": 384,
        "mlp_dim": 1536
    },
    "data": {
        "dirs": [
            "/workspace/gradient-routing/experiments/AGI-1699-New-Dataset-Runs/src/data/fineweb",
            "/workspace/gradient-routing/experiments/AGI-1699-New-Dataset-Runs/src/data/code",
            "/workspace/gradient-routing/experiments/AGI-1699-New-Dataset-Runs/src/data/papers"
        ],
        "core": {
            "labels": [
                "fineweb",
                "code-other",
                "papers-other"
            ],
            "method": "optimal",
            "limit": 1.0,
            "dist": {
                "fineweb": 0.84,
                "code-other": 0.15,
                "papers-other": 0.01
            },
            "num_tok": 959915520.0
        },
        "aux": {
            "labels": [
                "code-lisp",
                "papers-biology",
                "papers-nuclear",
                "papers-cyber"
            ],
            "method": "optimal",
            "limit": 0.01,
            "dist": {
                "code-lisp": 0.25,
                "papers-biology": 0.25,
                "papers-nuclear": 0.25,
                "papers-cyber": 0.25
            },
            "num_tok": 9599155.200000001
        }
    },
    "run": {
        "target_effective_batch_size": 70,
        "effective_batch_size": 72,
        "micro_batch_size": 9,
        "accumulation_steps": 1,
        "max_num_test_sequences": 10000,
        "eval_all_labels": false,
        "micro_batch_anchors": [
            [
                400000000.0,
                23
            ],
            [
                5000000000.0,
                2
            ]
        ],
        "epochs": 1,
        "adam_betas": [
            0.9,
            0.95
        ],
        "warmup_prc": 0.02,
        "decay_prc": 0.1,
        "seed": 1,
        "compile": true,
        "is_ddp": true,
        "optimize_routed": true,
        "cleanup_distributed": false,
        "log_level": "DEBUG",
        "num_gpus": 8,
        "process_id": 0,
        "num_base_params": 47995776,
        "device": "cuda",
        "logger": "<Logger training_20260422033654367339 (DEBUG)>",
        "labels": [
            "core",
            "code-lisp",
            "papers-biology",
            "papers-cyber",
            "papers-nuclear"
        ],
        "loaders": {
            "code-lisp": {
                "train": "SingleDataLoader(code-lisp_train_001.bin, len=32)",
                "test": "SingleDataLoader(code-lisp_test_001.bin, len=32)"
            },
            "code-other": {
                "train": "SingleDataLoader(code-other_train_010.bin, len=1952)",
                "test": "SingleDataLoader(code-other_test_010.bin, len=139)"
            },
            "fineweb": {
                "train": "InterleavedDataLoader(len=10936)",
                "test": "InterleavedDataLoader(len=139)"
            },
            "papers-biology": {
                "train": "SingleDataLoader(papers-biology_train.bin, len=32)",
                "test": "SingleDataLoader(papers-biology_test.bin, len=32)"
            },
            "papers-cyber": {
                "train": "SingleDataLoader(papers-cyber_train.bin, len=32)",
                "test": "SingleDataLoader(papers-cyber_test.bin, len=32)"
            },
            "papers-nuclear": {
                "train": "SingleDataLoader(papers-nuclear_train.bin, len=32)",
                "test": "SingleDataLoader(papers-nuclear_test.bin, len=32)"
            },
            "papers-other": {
                "train": "SingleDataLoader(papers-other_train.bin, len=130)",
                "test": "SingleDataLoader(papers-other_test.bin, len=130)"
            },
            "core": {
                "train": "InterleavedDataLoader(len=13018)",
                "test": "InterleavedDataLoader(len=408)"
            },
            "aux": {
                "train": "InterleavedDataLoader(len=128)",
                "test": "InterleavedDataLoader(len=128)"
            },
            "all": {
                "train": "InterleavedDataLoader(len=13146)",
                "test": "InterleavedDataLoader(len=536)"
            }
        },
        "res_root": "/workspace/gradient-routing/experiments/AGI-1699-New-Dataset-Runs/results/scaling/realistic/filtering/50M/seed_1",
        "experiment_id": "20260422033654367339",
        "s3_bucket": "ae-gradient-routing-results",
        "s3_prefix": "scaling/realistic/filtering/50M/seed_1"
    }
}
[GPU 0] [03:37:10] [INFO] Loader code-lisp train: 32, test: 32
[GPU 0] [03:37:10] [INFO] Loader code-other train: 1952, test: 139
[GPU 0] [03:37:10] [INFO] Loader fineweb train: 10936, test: 139
[GPU 0] [03:37:10] [INFO] Loader papers-biology train: 32, test: 32
[GPU 0] [03:37:10] [INFO] Loader papers-cyber train: 32, test: 32
[GPU 0] [03:37:10] [INFO] Loader papers-nuclear train: 32, test: 32
[GPU 0] [03:37:10] [INFO] Loader papers-other train: 130, test: 130
[GPU 0] [03:37:10] [INFO] Loader core train: 13018, test: 408
[GPU 0] [03:37:10] [INFO] Loader aux train: 128, test: 128
[GPU 0] [03:37:10] [INFO] Loader all train: 13146, test: 536
[GPU 0] [03:37:10] [INFO] Stage [filtering] start: {"name": "filtering", "num_checkpoints": -1, "lr": 0.0013294663255016177, "res_dir": "/workspace/gradient-routing/experiments/AGI-1699-New-Dataset-Runs/results/scaling/realistic/filtering/50M/seed_1/20260422033654367339/filtering", "do_eval": true, "do_sample": false, "num_train_evals": 0, "do_elicit": true, "elicit_eval_prc": 0.5, "elicit_num_evals": 100, "retain_targets": [["core", "papers-biology"]]}
[GPU 0] [03:37:10] [INFO] FILTERING START
[GPU 0] [03:37:10] [INFO] Using stage-level retain_targets override (1 targets)
[GPU 0] [03:37:10] [INFO] Filtering: retaining ['core', 'papers-biology'], removing ['code-lisp', 'papers-cyber', 'papers-nuclear']
[GPU 0] [03:37:11] [INFO] Initialized BaseTransformer with 47,995,776 total parameters
[GPU 0] [03:37:11] [INFO] Compiling BaseTransformer with torch.compile...
[GPU 0] [03:37:13] [INFO] torch.compile done
[GPU 0] [03:37:13] [WARNING] restore_partial_state: no checkpoint found at /workspace/gradient-routing/experiments/AGI-1699-New-Dataset-Runs/results/scaling/realistic/filtering/50M/seed_1/20260422033654367339/filtering/core_papers-biology
[GPU 0] [03:37:13] [INFO] ---- Begin Train | Data Labels: ['core', 'papers-biology'] ----
[GPU 0] [03:37:13] [INFO] Batch [core] count: 13018
[GPU 0] [03:37:13] [INFO] Batch [papers-biology] count: 32
[GPU 0] [03:37:13] [INFO] warmup_steps: 261
[GPU 0] [03:37:13] [INFO] constant_steps: 11484
[GPU 0] [03:37:13] [INFO] decay_steps: 1305
[GPU 0] [03:37:13] [INFO] LR Scheduler: Warmup Start
[GPU 0] [03:37:55] [INFO] Step: 1, LR: 5.10e-06
[GPU 0] [03:37:55] [INFO] Train Loss: CORE: 10.88 CODE-LISP: nan PAPERS-BIOLOGY: nan PAPERS-CYBER: nan PAPERS-NUCLEAR: nan 
[GPU 0] [03:38:02] [INFO] LR Scheduler: Constant Start
[GPU 0] [03:38:24] [INFO] Step: 1000, LR: 1.33e-03
[GPU 0] [03:38:24] [INFO] Train Loss: CORE: 4.80 CODE-LISP: nan PAPERS-BIOLOGY: 5.83 PAPERS-CYBER: nan PAPERS-NUCLEAR: nan 
[GPU 0] [03:38:53] [INFO] Step: 2000, LR: 1.33e-03
[GPU 0] [03:38:53] [INFO] Train Loss: CORE: 4.31 CODE-LISP: nan PAPERS-BIOLOGY: 5.42 PAPERS-CYBER: nan PAPERS-NUCLEAR: nan 
[GPU 0] [03:39:21] [INFO] Step: 3000, LR: 1.33e-03
[GPU 0] [03:39:21] [INFO] Train Loss: CORE: 3.77 CODE-LISP: nan PAPERS-BIOLOGY: 5.21 PAPERS-CYBER: nan PAPERS-NUCLEAR: nan 
[GPU 0] [03:39:51] [INFO] Step: 4000, LR: 1.33e-03
[GPU 0] [03:39:51] [INFO] Train Loss: CORE: 3.72 CODE-LISP: nan PAPERS-BIOLOGY: 4.84 PAPERS-CYBER: nan PAPERS-NUCLEAR: nan 
[GPU 0] [03:40:20] [INFO] Step: 5000, LR: 1.33e-03
[GPU 0] [03:40:20] [INFO] Train Loss: CORE: 3.32 CODE-LISP: nan PAPERS-BIOLOGY: 4.52 PAPERS-CYBER: nan PAPERS-NUCLEAR: nan 
[GPU 0] [03:40:49] [INFO] Step: 6000, LR: 1.33e-03
[GPU 0] [03:40:49] [INFO] Train Loss: CORE: 3.40 CODE-LISP: nan PAPERS-BIOLOGY: 4.13 PAPERS-CYBER: nan PAPERS-NUCLEAR: nan 
[GPU 0] [03:41:18] [INFO] Step: 7000, LR: 1.33e-03
[GPU 0] [03:41:18] [INFO] Train Loss: CORE: 3.38 CODE-LISP: nan PAPERS-BIOLOGY: 3.73 PAPERS-CYBER: nan PAPERS-NUCLEAR: nan 
[GPU 0] [03:41:47] [INFO] Step: 8000, LR: 1.33e-03
[GPU 0] [03:41:47] [INFO] Train Loss: CORE: 3.56 CODE-LISP: nan PAPERS-BIOLOGY: 3.59 PAPERS-CYBER: nan PAPERS-NUCLEAR: nan 
[GPU 0] [03:42:16] [INFO] Step: 9000, LR: 1.33e-03
[GPU 0] [03:42:16] [INFO] Train Loss: CORE: 3.52 CODE-LISP: nan PAPERS-BIOLOGY: 3.59 PAPERS-CYBER: nan PAPERS-NUCLEAR: nan 
[GPU 0] [03:42:45] [INFO] Step: 10000, LR: 1.33e-03
[GPU 0] [03:42:45] [INFO] Train Loss: CORE: 3.64 CODE-LISP: nan PAPERS-BIOLOGY: 3.60 PAPERS-CYBER: nan PAPERS-NUCLEAR: nan 
[GPU 0] [03:43:14] [INFO] Step: 11000, LR: 1.33e-03
[GPU 0] [03:43:14] [INFO] Train Loss: CORE: 2.95 CODE-LISP: nan PAPERS-BIOLOGY: 3.60 PAPERS-CYBER: nan PAPERS-NUCLEAR: nan 
[GPU 0] [03:43:36] [INFO] LR Scheduler: Decay Start
[GPU 0] [03:43:44] [INFO] Step: 12000, LR: 1.07e-03
[GPU 0] [03:43:44] [INFO] Train Loss: CORE: 3.21 CODE-LISP: nan PAPERS-BIOLOGY: 3.56 PAPERS-CYBER: nan PAPERS-NUCLEAR: nan 
[GPU 0] [03:44:13] [INFO] Step: 13000, LR: 5.09e-05
[GPU 0] [03:44:13] [INFO] Train Loss: CORE: 3.38 CODE-LISP: nan PAPERS-BIOLOGY: 3.51 PAPERS-CYBER: nan PAPERS-NUCLEAR: nan 
[GPU 0] [03:44:14] [INFO] Step: 13050, LR: 1.00e-08
[GPU 0] [03:44:14] [INFO] Train Loss: CORE: 3.43 CODE-LISP: nan PAPERS-BIOLOGY: 3.51 PAPERS-CYBER: nan PAPERS-NUCLEAR: nan 
[GPU 0] [03:44:23] [INFO] ---- Begin Eval ----
[GPU 0] [03:44:23] [INFO] Data: core | Experts: None
[GPU 0] [03:44:42] [INFO] loss: 2.69169235
[GPU 0] [03:44:42] [INFO] Data: code-lisp | Experts: None
[GPU 0] [03:44:43] [INFO] loss: 1.91537476
[GPU 0] [03:44:43] [INFO] Data: papers-biology | Experts: None
[GPU 0] [03:44:43] [INFO] loss: 3.41931152
[GPU 0] [03:44:43] [INFO] Data: papers-nuclear | Experts: None
[GPU 0] [03:44:43] [INFO] loss: 3.65667725
[GPU 0] [03:44:43] [INFO] Data: papers-cyber | Experts: None
[GPU 0] [03:44:43] [INFO] loss: 3.71832275
[GPU 0] [03:44:45] [INFO] Initialized BaseTransformer with 47,995,776 total parameters
[GPU 0] [03:44:45] [INFO] Compiling BaseTransformer with torch.compile...
[GPU 0] [03:44:45] [INFO] torch.compile done
[GPU 0] [03:44:46] [INFO] FILTERING - ADVERSARIAL FT START
[GPU 0] [03:44:46] [INFO] ---- Begin FT | Experts: None | Data: ['code-lisp'] ----
[GPU 0] [03:44:46] [DEBUG] num_seq: 512, num_rounds: 200, patience: 10
[GPU 0] [03:44:46] [DEBUG] local_x: torch.Size([64, 1024]), local_y: torch.Size([64, 1024]), num_steps: 8, per_gpu: 64, mbs_size: 9
[GPU 0] [03:45:50] [INFO] New best validation loss: 1.8231 @ step 0
[GPU 0] [03:45:52] [INFO] New best validation loss: 1.7559 @ step 1
[GPU 0] [03:45:53] [INFO] New best validation loss: 1.7211 @ step 2
[GPU 0] [03:45:54] [INFO] New best validation loss: 1.6884 @ step 3
[GPU 0] [03:45:56] [INFO] New best validation loss: 1.6635 @ step 4
[GPU 0] [03:45:57] [INFO] New best validation loss: 1.6418 @ step 5
[GPU 0] [03:45:58] [INFO] New best validation loss: 1.6238 @ step 6
[GPU 0] [03:46:00] [INFO] New best validation loss: 1.6065 @ step 7
[GPU 0] [03:46:01] [INFO] New best validation loss: 1.5906 @ step 8
[GPU 0] [03:46:03] [INFO] New best validation loss: 1.5752 @ step 9
[GPU 0] [03:46:04] [INFO] New best validation loss: 1.5606 @ step 10
[GPU 0] [03:46:05] [INFO] New best validation loss: 1.5476 @ step 11
[GPU 0] [03:46:07] [INFO] New best validation loss: 1.5362 @ step 12
[GPU 0] [03:46:09] [INFO] New best validation loss: 1.5259 @ step 13
[GPU 0] [03:46:10] [INFO] New best validation loss: 1.5169 @ step 14
[GPU 0] [03:46:11] [INFO] New best validation loss: 1.5085 @ step 15
[GPU 0] [03:46:13] [INFO] New best validation loss: 1.5007 @ step 16
[GPU 0] [03:46:14] [INFO] New best validation loss: 1.4933 @ step 17
[GPU 0] [03:46:16] [INFO] New best validation loss: 1.4867 @ step 18
[GPU 0] [03:46:17] [INFO] New best validation loss: 1.4801 @ step 19
[GPU 0] [03:46:18] [INFO] New best validation loss: 1.4746 @ step 20
[GPU 0] [03:46:20] [INFO] New best validation loss: 1.4691 @ step 21
[GPU 0] [03:46:21] [INFO] New best validation loss: 1.4642 @ step 22
[GPU 0] [03:46:23] [INFO] New best validation loss: 1.4594 @ step 23
[GPU 0] [03:46:24] [INFO] New best validation loss: 1.4548 @ step 24
[GPU 0] [03:46:25] [INFO] New best validation loss: 1.4500 @ step 25
[GPU 0] [03:46:27] [INFO] New best validation loss: 1.4459 @ step 26
[GPU 0] [03:46:28] [INFO] New best validation loss: 1.4419 @ step 27
[GPU 0] [03:46:30] [INFO] New best validation loss: 1.4386 @ step 28
[GPU 0] [03:46:31] [INFO] New best validation loss: 1.4354 @ step 29
[GPU 0] [03:46:32] [INFO] New best validation loss: 1.4325 @ step 30
[GPU 0] [03:46:34] [INFO] New best validation loss: 1.4291 @ step 31
[GPU 0] [03:46:35] [INFO] New best validation loss: 1.4266 @ step 32
[GPU 0] [03:46:37] [INFO] New best validation loss: 1.4237 @ step 33
[GPU 0] [03:46:38] [INFO] New best validation loss: 1.4212 @ step 34
[GPU 0] [03:46:39] [INFO] New best validation loss: 1.4184 @ step 35
[GPU 0] [03:46:41] [INFO] New best validation loss: 1.4157 @ step 36
[GPU 0] [03:46:42] [INFO] New best validation loss: 1.4137 @ step 37
[GPU 0] [03:46:44] [INFO] New best validation loss: 1.4117 @ step 38
[GPU 0] [03:46:45] [INFO] New best validation loss: 1.4095 @ step 39
[GPU 0] [03:46:46] [INFO] New best validation loss: 1.4079 @ step 40
[GPU 0] [03:46:48] [INFO] New best validation loss: 1.4057 @ step 41
[GPU 0] [03:46:49] [INFO] New best validation loss: 1.4042 @ step 42
[GPU 0] [03:46:51] [INFO] New best validation loss: 1.4030 @ step 43
[GPU 0] [03:46:52] [INFO] New best validation loss: 1.4019 @ step 44
[GPU 0] [03:46:54] [INFO] New best validation loss: 1.4012 @ step 45
[GPU 0] [03:46:55] [INFO] New best validation loss: 1.3999 @ step 46
[GPU 0] [03:46:56] [INFO] New best validation loss: 1.3989 @ step 47
[GPU 0] [03:46:58] [INFO] New best validation loss: 1.3979 @ step 48
[GPU 0] [03:46:59] [INFO] New best validation loss: 1.3968 @ step 49
[GPU 0] [03:47:01] [INFO] New best validation loss: 1.3959 @ step 50
[GPU 0] [03:47:02] [INFO] New best validation loss: 1.3956 @ step 51
[GPU 0] [03:47:03] [INFO] New best validation loss: 1.3954 @ step 52
[GPU 0] [03:47:05] [INFO] New best validation loss: 1.3949 @ step 53
[GPU 0] [03:47:06] [INFO] New best validation loss: 1.3946 @ step 54
[GPU 0] [03:47:07] [INFO] New best validation loss: 1.3944 @ step 55
[GPU 0] [03:47:09] [INFO] New best validation loss: 1.3943 @ step 56
[GPU 0] [03:47:24] [INFO] Stop FT @ 68: no val improvement for 10 steps
[GPU 0] [03:47:24] [INFO] Wrote stats.jsonl entries at FT step 56 
[GPU 0] [03:47:25] [INFO] ---- Begin FT | Experts: None | Data: ['papers-cyber'] ----
[GPU 0] [03:47:25] [DEBUG] num_seq: 512, num_rounds: 200, patience: 10
[GPU 0] [03:47:25] [DEBUG] local_x: torch.Size([64, 1024]), local_y: torch.Size([64, 1024]), num_steps: 8, per_gpu: 64, mbs_size: 9
[GPU 0] [03:47:26] [INFO] New best validation loss: 3.7170 @ step 0
[GPU 0] [03:47:28] [INFO] New best validation loss: 3.6978 @ step 1
[GPU 0] [03:47:29] [INFO] New best validation loss: 3.6846 @ step 2
[GPU 0] [03:47:30] [INFO] New best validation loss: 3.6740 @ step 3
[GPU 0] [03:47:32] [INFO] New best validation loss: 3.6684 @ step 4
[GPU 0] [03:47:33] [INFO] New best validation loss: 3.6633 @ step 5
[GPU 0] [03:47:34] [INFO] New best validation loss: 3.6583 @ step 6
[GPU 0] [03:47:36] [INFO] New best validation loss: 3.6554 @ step 7
[GPU 0] [03:47:37] [INFO] New best validation loss: 3.6539 @ step 8
[GPU 0] [03:47:38] [INFO] New best validation loss: 3.6518 @ step 9
[GPU 0] [03:47:40] [INFO] New best validation loss: 3.6494 @ step 10
[GPU 0] [03:47:41] [INFO] New best validation loss: 3.6478 @ step 11
[GPU 0] [03:47:42] [INFO] New best validation loss: 3.6459 @ step 12
[GPU 0] [03:47:44] [INFO] New best validation loss: 3.6456 @ step 13
[GPU 0] [03:47:45] [INFO] New best validation loss: 3.6456 @ step 14
[GPU 0] [03:48:01] [INFO] Stop FT @ 26: no val improvement for 10 steps
[GPU 0] [03:48:01] [INFO] Wrote stats.jsonl entries at FT step 14 
[GPU 0] [03:48:01] [INFO] ---- Begin FT | Experts: None | Data: ['papers-nuclear'] ----
[GPU 0] [03:48:01] [DEBUG] num_seq: 512, num_rounds: 200, patience: 10
[GPU 0] [03:48:01] [DEBUG] local_x: torch.Size([64, 1024]), local_y: torch.Size([64, 1024]), num_steps: 8, per_gpu: 64, mbs_size: 9
[GPU 0] [03:48:03] [INFO] New best validation loss: 3.6478 @ step 0
[GPU 0] [03:48:04] [INFO] New best validation loss: 3.6231 @ step 1
[GPU 0] [03:48:05] [INFO] New best validation loss: 3.6125 @ step 2
[GPU 0] [03:48:07] [INFO] New best validation loss: 3.6047 @ step 3
[GPU 0] [03:48:08] [INFO] New best validation loss: 3.5964 @ step 4
[GPU 0] [03:48:10] [INFO] New best validation loss: 3.5897 @ step 5
[GPU 0] [03:48:11] [INFO] New best validation loss: 3.5852 @ step 6
[GPU 0] [03:48:13] [INFO] New best validation loss: 3.5818 @ step 7
[GPU 0] [03:48:14] [INFO] New best validation loss: 3.5806 @ step 8
[GPU 0] [03:48:15] [INFO] New best validation loss: 3.5794 @ step 9
[GPU 0] [03:48:17] [INFO] New best validation loss: 3.5772 @ step 10
[GPU 0] [03:48:18] [INFO] New best validation loss: 3.5754 @ step 11
[GPU 0] [03:48:20] [INFO] New best validation loss: 3.5732 @ step 12
[GPU 0] [03:48:21] [INFO] New best validation loss: 3.5717 @ step 13
[GPU 0] [03:48:37] [INFO] Stop FT @ 25: no val improvement for 10 steps
[GPU 0] [03:48:37] [INFO] Wrote stats.jsonl entries at FT step 13 
