[GPU 0] [04:03:20] [INFO] Number of GPUs: 8
[GPU 0] [04:03:22] [INFO] Tokenizer vocabulary: 50257
[GPU 0] [04:03:22] [INFO] Set model vocab size to nearest multiple of 64 of tokenizer size: 50304
[GPU 0] [04:03:23] [INFO] target effective batch size: 256, actual effective batch size: 264, micro batch size: 33, accumulation steps: 1, num gpus: 8
[GPU 0] [04:03:23] [INFO] core total number of tokens: 66749057569
[GPU 0] [04:03:23] [INFO] Baseline model has 199,891,008 parameters
[GPU 0] [04:03:23] [INFO] core: chinchilla optimal tokens: 3,997,820,160, requested proportion: 1.0000, requested number of tokens: 3,997,820,160.0, 
[GPU 0] [04:03:23] [INFO] aux total number of tokens: 4835776549
[GPU 0] [04:03:23] [INFO] Baseline model has 199,891,008 parameters
[GPU 0] [04:03:23] [INFO] aux: chinchilla optimal tokens: 3,997,820,160, requested proportion: 0.0100, requested number of tokens: 39,978,201.6, 
[GPU 0] [04:03:23] [DEBUG] Saved config to /workspace/gradient-routing/experiments/AGI-1699-New-Dataset-Runs/results/optimize/base/realistic/200M/seed_1/20260421040312998654/config.json
[GPU 0] [04:03:23] [DEBUG] {
    "stages": [
        {
            "name": "baseline",
            "num_checkpoints": -1,
            "lr": 0.0004,
            "res_dir": "/workspace/gradient-routing/experiments/AGI-1699-New-Dataset-Runs/results/optimize/base/realistic/200M/seed_1/20260421040312998654/baseline",
            "do_eval": true,
            "do_sample": false,
            "num_train_evals": 0,
            "do_elicit": false,
            "elicit_eval_prc": 0.5,
            "elicit_num_evals": 100
        }
    ],
    "model": {
        "arch": "base",
        "tokenizer": "GPT2Tokenizer(name_or_path='EleutherAI/gpt-neo-125M', vocab_size=50257, model_max_length=2048, padding_side='right', truncation_side='right', special_tokens={'bos_token': '<|endoftext|>', 'eos_token': '<|endoftext|>', 'unk_token': '<|endoftext|>'}, added_tokens_decoder={\n\t50256: AddedToken(\"<|endoftext|>\", rstrip=False, lstrip=False, single_word=False, normalized=True, special=True),\n}\n)",
        "ctx_len": 1024,
        "vocab_size": 50304,
        "num_layers": 13,
        "num_heads": 8,
        "num_key_value": 2,
        "attn_bias": true,
        "eos_token_id": 50256,
        "embed_dim": 896,
        "mlp_dim": 3584
    },
    "data": {
        "dirs": [
            "/workspace/gradient-routing/experiments/AGI-1699-New-Dataset-Runs/src/data/fineweb",
            "/workspace/gradient-routing/experiments/AGI-1699-New-Dataset-Runs/src/data/code",
            "/workspace/gradient-routing/experiments/AGI-1699-New-Dataset-Runs/src/data/papers"
        ],
        "core": {
            "labels": [
                "fineweb",
                "code-other",
                "papers-other"
            ],
            "method": "optimal",
            "limit": 1.0,
            "dist": {
                "fineweb": 0.84,
                "code-other": 0.15,
                "papers-other": 0.01
            },
            "num_tok": 3997820160.0
        },
        "aux": {
            "labels": [
                "code-lisp",
                "papers-biology",
                "papers-nuclear",
                "papers-cyber"
            ],
            "method": "optimal",
            "limit": 0.01,
            "dist": {
                "code-lisp": 0.25,
                "papers-biology": 0.25,
                "papers-nuclear": 0.25,
                "papers-cyber": 0.25
            },
            "num_tok": 39978201.6
        }
    },
    "run": {
        "target_effective_batch_size": 256,
        "effective_batch_size": 264,
        "micro_batch_size": 33,
        "accumulation_steps": 1,
        "max_num_test_sequences": 10000,
        "eval_all_labels": false,
        "micro_batch_anchors": [
            [
                400000000.0,
                23
            ],
            [
                5000000000.0,
                2
            ]
        ],
        "epochs": 1,
        "adam_betas": [
            0.9,
            0.95
        ],
        "warmup_prc": 0.02,
        "decay_prc": 0.1,
        "seed": 1,
        "compile": true,
        "is_ddp": true,
        "optimize_routed": true,
        "cleanup_distributed": false,
        "log_level": "DEBUG",
        "num_gpus": 8,
        "process_id": 0,
        "num_base_params": 199891008,
        "device": "cuda",
        "logger": "<Logger training_20260421040312998654 (DEBUG)>",
        "labels": [
            "core",
            "code-lisp",
            "papers-biology",
            "papers-cyber",
            "papers-nuclear"
        ],
        "loaders": {
            "code-lisp": {
                "train": "SingleDataLoader(code-lisp_train_001.bin, len=36)",
                "test": "InterleavedDataLoader(len=36)"
            },
            "code-other": {
                "train": "SingleDataLoader(code-other_train_010.bin, len=2218)",
                "test": "SingleDataLoader(code-other_test_010.bin, len=38)"
            },
            "fineweb": {
                "train": "InterleavedDataLoader(len=12422)",
                "test": "InterleavedDataLoader(len=38)"
            },
            "papers-biology": {
                "train": "SingleDataLoader(papers-biology_train.bin, len=36)",
                "test": "SingleDataLoader(papers-biology_test.bin, len=36)"
            },
            "papers-cyber": {
                "train": "SingleDataLoader(papers-cyber_train.bin, len=36)",
                "test": "SingleDataLoader(papers-cyber_test.bin, len=36)"
            },
            "papers-nuclear": {
                "train": "SingleDataLoader(papers-nuclear_train.bin, len=36)",
                "test": "SingleDataLoader(papers-nuclear_test.bin, len=36)"
            },
            "papers-other": {
                "train": "SingleDataLoader(papers-other_train.bin, len=147)",
                "test": "SingleDataLoader(papers-other_test.bin, len=38)"
            },
            "core": {
                "train": "InterleavedDataLoader(len=14787)",
                "test": "InterleavedDataLoader(len=114)"
            },
            "aux": {
                "train": "InterleavedDataLoader(len=144)",
                "test": "InterleavedDataLoader(len=144)"
            },
            "all": {
                "train": "InterleavedDataLoader(len=14931)",
                "test": "InterleavedDataLoader(len=258)"
            }
        },
        "res_root": "/workspace/gradient-routing/experiments/AGI-1699-New-Dataset-Runs/results/optimize/base/realistic/200M/seed_1",
        "experiment_id": "20260421040312998654",
        "s3_bucket": "ae-gradient-routing-results",
        "s3_prefix": "optimize/base/realistic/200M/seed_1"
    }
}
[GPU 0] [04:03:23] [INFO] Loader code-lisp train: 36, test: 36
[GPU 0] [04:03:23] [INFO] Loader code-other train: 2218, test: 38
[GPU 0] [04:03:23] [INFO] Loader fineweb train: 12422, test: 38
[GPU 0] [04:03:23] [INFO] Loader papers-biology train: 36, test: 36
[GPU 0] [04:03:23] [INFO] Loader papers-cyber train: 36, test: 36
[GPU 0] [04:03:23] [INFO] Loader papers-nuclear train: 36, test: 36
[GPU 0] [04:03:23] [INFO] Loader papers-other train: 147, test: 38
[GPU 0] [04:03:23] [INFO] Loader core train: 14787, test: 114
[GPU 0] [04:03:23] [INFO] Loader aux train: 144, test: 144
[GPU 0] [04:03:23] [INFO] Loader all train: 14931, test: 258
[GPU 0] [04:03:23] [INFO] Stage [baseline] start: {"name": "baseline", "num_checkpoints": -1, "lr": 0.0004, "res_dir": "/workspace/gradient-routing/experiments/AGI-1699-New-Dataset-Runs/results/optimize/base/realistic/200M/seed_1/20260421040312998654/baseline", "do_eval": true, "do_sample": false, "num_train_evals": 0, "do_elicit": false, "elicit_eval_prc": 0.5, "elicit_num_evals": 100}
[GPU 0] [04:03:23] [INFO] BASELINE START
[GPU 0] [04:03:25] [INFO] Initialized BaseTransformer with 199,891,008 total parameters
[GPU 0] [04:03:25] [INFO] Compiling BaseTransformer with torch.compile...
[GPU 0] [04:03:26] [INFO] torch.compile done
[GPU 0] [04:03:26] [WARNING] restore_partial_state: no checkpoint found at /workspace/gradient-routing/experiments/AGI-1699-New-Dataset-Runs/results/optimize/base/realistic/200M/seed_1/20260421040312998654/baseline
[GPU 0] [04:03:26] [INFO] ---- Begin Train | Data Labels: ['all'] ----
[GPU 0] [04:03:26] [INFO] warmup_steps: 299
[GPU 0] [04:03:26] [INFO] constant_steps: 13139
[GPU 0] [04:03:26] [INFO] decay_steps: 1493
[GPU 0] [04:03:26] [INFO] LR Scheduler: Warmup Start
[GPU 0] [04:03:51] [INFO] Step: 1, LR: 1.35e-06
[GPU 0] [04:03:51] [INFO] Train Loss: CORE: 10.94 CODE-LISP: nan PAPERS-BIOLOGY: nan PAPERS-CYBER: nan PAPERS-NUCLEAR: nan 
[GPU 0] [04:04:40] [INFO] LR Scheduler: Constant Start
[GPU 0] [04:06:34] [INFO] Step: 1000, LR: 4.00e-04
[GPU 0] [04:06:34] [INFO] Train Loss: CORE: 3.24 CODE-LISP: 4.12 PAPERS-BIOLOGY: 5.11 PAPERS-CYBER: 5.56 PAPERS-NUCLEAR: 5.37 
[GPU 0] [04:09:18] [INFO] Step: 2000, LR: 4.00e-04
[GPU 0] [04:09:18] [INFO] Train Loss: CORE: 3.86 CODE-LISP: 2.83 PAPERS-BIOLOGY: 4.39 PAPERS-CYBER: 4.52 PAPERS-NUCLEAR: 4.85 
[GPU 0] [04:12:01] [INFO] Step: 3000, LR: 4.00e-04
[GPU 0] [04:12:01] [INFO] Train Loss: CORE: 3.34 CODE-LISP: 2.42 PAPERS-BIOLOGY: 4.18 PAPERS-CYBER: 4.19 PAPERS-NUCLEAR: 4.75 
[GPU 0] [04:14:45] [INFO] Step: 4000, LR: 4.00e-04
[GPU 0] [04:14:45] [INFO] Train Loss: CORE: 3.54 CODE-LISP: 2.13 PAPERS-BIOLOGY: 3.95 PAPERS-CYBER: 4.08 PAPERS-NUCLEAR: 4.53 
[GPU 0] [04:17:28] [INFO] Step: 5000, LR: 4.00e-04
[GPU 0] [04:17:28] [INFO] Train Loss: CORE: 2.67 CODE-LISP: 2.05 PAPERS-BIOLOGY: 3.51 PAPERS-CYBER: 4.02 PAPERS-NUCLEAR: 4.03 
[GPU 0] [04:20:12] [INFO] Step: 6000, LR: 4.00e-04
[GPU 0] [04:20:12] [INFO] Train Loss: CORE: 2.13 CODE-LISP: 1.96 PAPERS-BIOLOGY: 3.39 PAPERS-CYBER: 3.58 PAPERS-NUCLEAR: 3.89 
[GPU 0] [04:22:55] [INFO] Step: 7000, LR: 4.00e-04
[GPU 0] [04:22:55] [INFO] Train Loss: CORE: 2.09 CODE-LISP: 1.96 PAPERS-BIOLOGY: 3.39 PAPERS-CYBER: 3.51 PAPERS-NUCLEAR: 3.79 
[GPU 0] [04:25:39] [INFO] Step: 8000, LR: 4.00e-04
[GPU 0] [04:25:39] [INFO] Train Loss: CORE: 2.85 CODE-LISP: 1.85 PAPERS-BIOLOGY: 3.35 PAPERS-CYBER: 3.41 PAPERS-NUCLEAR: 3.57 
[GPU 0] [04:28:22] [INFO] Step: 9000, LR: 4.00e-04
[GPU 0] [04:28:22] [INFO] Train Loss: CORE: 2.58 CODE-LISP: 1.75 PAPERS-BIOLOGY: 3.35 PAPERS-CYBER: 3.40 PAPERS-NUCLEAR: 3.50 
[GPU 0] [04:31:06] [INFO] Step: 10000, LR: 4.00e-04
[GPU 0] [04:31:06] [INFO] Train Loss: CORE: 2.57 CODE-LISP: 1.63 PAPERS-BIOLOGY: 3.25 PAPERS-CYBER: 3.33 PAPERS-NUCLEAR: 3.49 
[GPU 0] [04:33:49] [INFO] Step: 11000, LR: 4.00e-04
[GPU 0] [04:33:49] [INFO] Train Loss: CORE: 3.03 CODE-LISP: 1.60 PAPERS-BIOLOGY: 3.16 PAPERS-CYBER: 3.31 PAPERS-NUCLEAR: 3.48 
[GPU 0] [04:36:33] [INFO] Step: 12000, LR: 4.00e-04
[GPU 0] [04:36:33] [INFO] Train Loss: CORE: 3.06 CODE-LISP: 1.46 PAPERS-BIOLOGY: 3.06 PAPERS-CYBER: 3.30 PAPERS-NUCLEAR: 3.45 
[GPU 0] [04:39:16] [INFO] Step: 13000, LR: 4.00e-04
[GPU 0] [04:39:16] [INFO] Train Loss: CORE: 3.03 CODE-LISP: 1.37 PAPERS-BIOLOGY: 3.06 PAPERS-CYBER: 3.30 PAPERS-NUCLEAR: 3.40 
[GPU 0] [04:40:28] [INFO] LR Scheduler: Decay Start
[GPU 0] [04:42:00] [INFO] Step: 14000, LR: 2.49e-04
[GPU 0] [04:42:00] [INFO] Train Loss: CORE: 2.73 CODE-LISP: 1.35 PAPERS-BIOLOGY: 3.00 PAPERS-CYBER: 3.28 PAPERS-NUCLEAR: 3.38 
[GPU 0] [04:44:32] [INFO] Step: 14931, LR: 1.00e-08
[GPU 0] [04:44:32] [INFO] Train Loss: CORE: 2.65 CODE-LISP: 1.29 PAPERS-BIOLOGY: 3.00 PAPERS-CYBER: 3.24 PAPERS-NUCLEAR: 3.38 
[GPU 0] [04:44:33] [INFO] ---- Begin Eval ----
[GPU 0] [04:44:33] [INFO] Data: core | Experts: None
[GPU 0] [04:44:52] [INFO] loss: 2.25493002
[GPU 0] [04:44:52] [INFO] Data: code-lisp | Experts: None
[GPU 0] [04:44:54] [INFO] loss: 1.29531527
[GPU 0] [04:44:54] [INFO] Data: papers-biology | Experts: None
[GPU 0] [04:44:57] [INFO] loss: 2.87136507
[GPU 0] [04:44:57] [INFO] Data: papers-nuclear | Experts: None
[GPU 0] [04:44:59] [INFO] loss: 3.21761060
[GPU 0] [04:44:59] [INFO] Data: papers-cyber | Experts: None
[GPU 0] [04:45:01] [INFO] loss: 3.14794922
[GPU 0] [04:45:03] [INFO] ----------------------------------------
[GPU 0] [04:45:03] [INFO] Finished. See /workspace/gradient-routing/experiments/AGI-1699-New-Dataset-Runs/results/optimize/base/realistic/200M/seed_1/20260421040312998654
