[GPU 0] [09:59:04] [INFO] Git branch: AGI-1696-New-Dataset-Runs_ethan, commit: dd5294e282007801f9a473adb80ef8b8ac122461
[GPU 0] [09:59:04] [INFO] Number of GPUs: 8
[GPU 0] [09:59:05] [INFO] Tokenizer vocabulary: 50257
[GPU 0] [09:59:05] [INFO] Set model vocab size to nearest multiple of 64 of tokenizer size: 50304
[GPU 0] [09:59:13] [INFO] target effective batch size: 368, actual effective batch size: 368, micro batch size: 23, accumulation steps: 2, num gpus: 8
[GPU 0] [09:59:13] [INFO] core total number of tokens: 66749057569
[GPU 0] [09:59:13] [INFO] Baseline model has 402,064,768 parameters
[GPU 0] [09:59:13] [INFO] core: chinchilla optimal tokens: 8,041,295,360, requested proportion: 1.0000, requested number of tokens: 8,041,295,360.0, 
[GPU 0] [09:59:13] [INFO] aux total number of tokens: 4835776549
[GPU 0] [09:59:13] [INFO] Baseline model has 402,064,768 parameters
[GPU 0] [09:59:13] [INFO] aux: chinchilla optimal tokens: 8,041,295,360, requested proportion: 0.0100, requested number of tokens: 80,412,953.60000001, 
[GPU 0] [09:59:13] [DEBUG] Saved config to /workspace-vast/ethanr/gradient-routing/experiments/AGI-1699-New-Dataset-Runs/results/scaling/realistic/filtering/400M/seed_2/20260516095903052008/config.json
[GPU 0] [09:59:13] [DEBUG] {
    "stages": [
        {
            "name": "filtering",
            "num_checkpoints": -1,
            "lr": 0.0007010274465180751,
            "res_dir": "/workspace-vast/ethanr/gradient-routing/experiments/AGI-1699-New-Dataset-Runs/results/scaling/realistic/filtering/400M/seed_2/20260516095903052008/filtering",
            "acc_mode": "uniform",
            "do_eval": true,
            "do_sample": false,
            "num_train_evals": 0,
            "do_elicit": true,
            "elicit_eval_prc": 0.5,
            "elicit_num_evals": 100,
            "retain_targets": [
                [
                    "core",
                    "papers-biology"
                ]
            ],
            "label_prc": 1.0
        }
    ],
    "model": {
        "arch": "base",
        "tokenizer": "GPT2Tokenizer(name_or_path='EleutherAI/gpt-neo-125M', vocab_size=50257, model_max_length=2048, padding_side='right', truncation_side='right', special_tokens={'bos_token': '<|endoftext|>', 'eos_token': '<|endoftext|>', 'unk_token': '<|endoftext|>'}, added_tokens_decoder={\n\t50256: AddedToken(\"<|endoftext|>\", rstrip=False, lstrip=False, single_word=False, normalized=True, special=True),\n}\n)",
        "ctx_len": 1024,
        "vocab_size": 50304,
        "num_layers": 18,
        "num_heads": 8,
        "num_key_value": 2,
        "attn_bias": true,
        "eos_token_id": 50256,
        "embed_dim": 1216,
        "mlp_dim": 4864
    },
    "data": {
        "dirs": [
            "/workspace-vast/ethanr/gradient-routing/experiments/AGI-1699-New-Dataset-Runs/src/data/fineweb",
            "/workspace-vast/ethanr/gradient-routing/experiments/AGI-1699-New-Dataset-Runs/src/data/code",
            "/workspace-vast/ethanr/gradient-routing/experiments/AGI-1699-New-Dataset-Runs/src/data/papers"
        ],
        "core": {
            "labels": [
                "fineweb",
                "code-other",
                "papers-other"
            ],
            "method": "optimal",
            "limit": 1.0,
            "dist": {
                "fineweb": 0.84,
                "code-other": 0.15,
                "papers-other": 0.01
            },
            "num_tok": 8041295360.0
        },
        "aux": {
            "labels": [
                "code-lisp",
                "papers-biology",
                "papers-nuclear",
                "papers-cyber"
            ],
            "method": "optimal",
            "limit": 0.01,
            "dist": {
                "code-lisp": 0.25,
                "papers-biology": 0.25,
                "papers-nuclear": 0.25,
                "papers-cyber": 0.25
            },
            "num_tok": 80412953.60000001
        }
    },
    "run": {
        "target_effective_batch_size": 368,
        "effective_batch_size": 368,
        "micro_batch_size": 23,
        "accumulation_steps": 2,
        "max_num_test_sequences": 10000,
        "eval_all_labels": false,
        "micro_batch_anchors": [
            [
                400000000.0,
                23
            ],
            [
                5000000000.0,
                2
            ]
        ],
        "epochs": 1,
        "adam_betas": [
            0.9,
            0.95
        ],
        "warmup_prc": 0.02,
        "decay_prc": 0.1,
        "seed": 2,
        "compile": true,
        "is_ddp": true,
        "cleanup_distributed": false,
        "log_level": "DEBUG",
        "num_gpus": 8,
        "process_id": 0,
        "num_base_params": 402064768,
        "device": "cuda",
        "logger": "<Logger training_20260516095903052008 (DEBUG)>",
        "labels": [
            "core",
            "code-lisp",
            "papers-biology",
            "papers-cyber",
            "papers-nuclear"
        ],
        "loaders": {
            "code-lisp": {
                "train": "SingleDataLoader(code-lisp_train_001.bin, len=106)",
                "test": "InterleavedDataLoader(len=56)"
            },
            "code-other": {
                "train": "InterleavedDataLoader(len=6401)",
                "test": "InterleavedDataLoader(len=56)"
            },
            "fineweb": {
                "train": "InterleavedDataLoader(len=35849)",
                "test": "InterleavedDataLoader(len=56)"
            },
            "papers-biology": {
                "train": "SingleDataLoader(papers-biology_train.bin, len=106)",
                "test": "SingleDataLoader(papers-biology_test.bin, len=56)"
            },
            "papers-cyber": {
                "train": "SingleDataLoader(papers-cyber_train.bin, len=106)",
                "test": "SingleDataLoader(papers-cyber_test.bin, len=56)"
            },
            "papers-nuclear": {
                "train": "SingleDataLoader(papers-nuclear_train.bin, len=106)",
                "test": "SingleDataLoader(papers-nuclear_test.bin, len=56)"
            },
            "papers-other": {
                "train": "SingleDataLoader(papers-other_train.bin, len=426)",
                "test": "SingleDataLoader(papers-other_test.bin, len=56)"
            },
            "core": {
                "train": "InterleavedDataLoader(len=42676)",
                "test": "InterleavedDataLoader(len=168)"
            },
            "aux": {
                "train": "InterleavedDataLoader(len=424)",
                "test": "InterleavedDataLoader(len=224)"
            },
            "all": {
                "train": "InterleavedDataLoader(len=43100)",
                "test": "InterleavedDataLoader(len=392)"
            }
        },
        "res_root": "/workspace-vast/ethanr/gradient-routing/experiments/AGI-1699-New-Dataset-Runs/results/scaling/realistic/filtering/400M/seed_2",
        "experiment_id": "20260516095903052008",
        "s3_bucket": "ae-gradient-routing-results",
        "s3_prefix": "scaling/realistic/filtering/400M/seed_2"
    },
    "label_prc": 1.0
}
[GPU 0] [09:59:13] [INFO] Loader code-lisp train: 106, test: 56
[GPU 0] [09:59:13] [INFO] Loader code-other train: 6401, test: 56
[GPU 0] [09:59:13] [INFO] Loader fineweb train: 35849, test: 56
[GPU 0] [09:59:13] [INFO] Loader papers-biology train: 106, test: 56
[GPU 0] [09:59:13] [INFO] Loader papers-cyber train: 106, test: 56
[GPU 0] [09:59:13] [INFO] Loader papers-nuclear train: 106, test: 56
[GPU 0] [09:59:13] [INFO] Loader papers-other train: 426, test: 56
[GPU 0] [09:59:13] [INFO] Loader core train: 42676, test: 168
[GPU 0] [09:59:13] [INFO] Loader aux train: 424, test: 224
[GPU 0] [09:59:13] [INFO] Loader all train: 43100, test: 392
[GPU 0] [09:59:13] [INFO] Stage [filtering] start: {"name": "filtering", "num_checkpoints": -1, "lr": 0.0007010274465180751, "res_dir": "/workspace-vast/ethanr/gradient-routing/experiments/AGI-1699-New-Dataset-Runs/results/scaling/realistic/filtering/400M/seed_2/20260516095903052008/filtering", "acc_mode": "uniform", "do_eval": true, "do_sample": false, "num_train_evals": 0, "do_elicit": true, "elicit_eval_prc": 0.5, "elicit_num_evals": 100, "retain_targets": [["core", "papers-biology"]], "label_prc": 1.0}
[GPU 0] [09:59:13] [INFO] FILTERING START
[GPU 0] [09:59:13] [INFO] Using stage-level retain_targets override (1 targets)
[GPU 0] [09:59:13] [INFO] Filtering: retaining ['core', 'papers-biology'], removing ['code-lisp', 'papers-cyber', 'papers-nuclear']
[GPU 0] [09:59:23] [INFO] Initialized BaseTransformer with 402,064,768 total parameters
[GPU 0] [09:59:23] [INFO] Compiling BaseTransformer with torch.compile...
[GPU 0] [09:59:23] [INFO] torch.compile done
[GPU 0] [09:59:29] [WARNING] restore_partial_state: no checkpoint found at /workspace-vast/ethanr/gradient-routing/experiments/AGI-1699-New-Dataset-Runs/results/scaling/realistic/filtering/400M/seed_2/20260516095903052008/filtering/core_papers-biology
[GPU 0] [09:59:29] [INFO] ---- Begin Train | Train Labels: ['core', 'papers-biology'] ----
[GPU 0] [09:59:29] [DEBUG] acc_mode: uniform, label_prc: 1.0
[GPU 0] [09:59:29] [INFO] Batch [core] count: 42676
[GPU 0] [09:59:29] [INFO] Batch [papers-biology] count: 106
[GPU 0] [09:59:29] [INFO] warmup_steps: 428
[GPU 0] [09:59:29] [INFO] constant_steps: 18824
[GPU 0] [09:59:29] [INFO] decay_steps: 2139
[GPU 0] [09:59:29] [INFO] LR Scheduler: Warmup Start
[GPU 0] [10:00:23] [INFO] Step: 1, LR: 1.65e-06
[GPU 0] [10:00:23] [INFO] Train Loss: CORE: 11.06 CODE-LISP: nan PAPERS-BIOLOGY: nan PAPERS-CYBER: nan PAPERS-NUCLEAR: nan 
[GPU 0] [10:04:39] [INFO] LR Scheduler: Constant Start
[GPU 0] [10:10:04] [INFO] Step: 1000, LR: 7.01e-04
[GPU 0] [10:10:04] [INFO] Train Loss: CORE: 3.33 CODE-LISP: nan PAPERS-BIOLOGY: 5.47 PAPERS-CYBER: nan PAPERS-NUCLEAR: nan 
[GPU 0] [10:19:21] [INFO] Step: 2000, LR: 7.01e-04
[GPU 0] [10:19:21] [INFO] Train Loss: CORE: 3.20 CODE-LISP: nan PAPERS-BIOLOGY: 3.58 PAPERS-CYBER: nan PAPERS-NUCLEAR: nan 
[GPU 0] [10:28:39] [INFO] Step: 3000, LR: 7.01e-04
[GPU 0] [10:28:39] [INFO] Train Loss: CORE: 2.84 CODE-LISP: nan PAPERS-BIOLOGY: 3.45 PAPERS-CYBER: nan PAPERS-NUCLEAR: nan 
[GPU 0] [10:37:54] [INFO] Step: 4000, LR: 7.01e-04
[GPU 0] [10:37:54] [INFO] Train Loss: CORE: 3.26 CODE-LISP: nan PAPERS-BIOLOGY: 3.24 PAPERS-CYBER: nan PAPERS-NUCLEAR: nan 
[GPU 0] [10:47:07] [INFO] Step: 5000, LR: 7.01e-04
[GPU 0] [10:47:07] [INFO] Train Loss: CORE: 2.93 CODE-LISP: nan PAPERS-BIOLOGY: 3.15 PAPERS-CYBER: nan PAPERS-NUCLEAR: nan 
[GPU 0] [10:56:20] [INFO] Step: 6000, LR: 7.01e-04
[GPU 0] [10:56:20] [INFO] Train Loss: CORE: 2.41 CODE-LISP: nan PAPERS-BIOLOGY: 2.96 PAPERS-CYBER: nan PAPERS-NUCLEAR: nan 
[GPU 0] [11:05:38] [INFO] Step: 7000, LR: 7.01e-04
[GPU 0] [11:05:38] [INFO] Train Loss: CORE: 2.91 CODE-LISP: nan PAPERS-BIOLOGY: 2.90 PAPERS-CYBER: nan PAPERS-NUCLEAR: nan 
[GPU 0] [11:14:51] [INFO] Step: 8000, LR: 7.01e-04
[GPU 0] [11:14:51] [INFO] Train Loss: CORE: 2.84 CODE-LISP: nan PAPERS-BIOLOGY: 2.87 PAPERS-CYBER: nan PAPERS-NUCLEAR: nan 
[GPU 0] [11:24:04] [INFO] Step: 9000, LR: 7.01e-04
[GPU 0] [11:24:04] [INFO] Train Loss: CORE: 2.40 CODE-LISP: nan PAPERS-BIOLOGY: 2.76 PAPERS-CYBER: nan PAPERS-NUCLEAR: nan 
[GPU 0] [11:33:16] [INFO] Step: 10000, LR: 7.01e-04
[GPU 0] [11:33:16] [INFO] Train Loss: CORE: 2.36 CODE-LISP: nan PAPERS-BIOLOGY: 2.76 PAPERS-CYBER: nan PAPERS-NUCLEAR: nan 
[GPU 0] [11:42:36] [INFO] Step: 11000, LR: 7.01e-04
[GPU 0] [11:42:36] [INFO] Train Loss: CORE: 2.35 CODE-LISP: nan PAPERS-BIOLOGY: 2.78 PAPERS-CYBER: nan PAPERS-NUCLEAR: nan 
[GPU 0] [11:51:48] [INFO] Step: 12000, LR: 7.01e-04
[GPU 0] [11:51:48] [INFO] Train Loss: CORE: 2.79 CODE-LISP: nan PAPERS-BIOLOGY: 2.79 PAPERS-CYBER: nan PAPERS-NUCLEAR: nan 
[GPU 0] [12:01:01] [INFO] Step: 13000, LR: 7.01e-04
[GPU 0] [12:01:01] [INFO] Train Loss: CORE: 2.26 CODE-LISP: nan PAPERS-BIOLOGY: 2.79 PAPERS-CYBER: nan PAPERS-NUCLEAR: nan 
[GPU 0] [12:10:16] [INFO] Step: 14000, LR: 7.01e-04
[GPU 0] [12:10:16] [INFO] Train Loss: CORE: 2.58 CODE-LISP: nan PAPERS-BIOLOGY: 2.75 PAPERS-CYBER: nan PAPERS-NUCLEAR: nan 
[GPU 0] [12:19:32] [INFO] Step: 15000, LR: 7.01e-04
[GPU 0] [12:19:32] [INFO] Train Loss: CORE: 2.75 CODE-LISP: nan PAPERS-BIOLOGY: 2.76 PAPERS-CYBER: nan PAPERS-NUCLEAR: nan 
[GPU 0] [12:28:45] [INFO] Step: 16000, LR: 7.01e-04
[GPU 0] [12:28:45] [INFO] Train Loss: CORE: 2.98 CODE-LISP: nan PAPERS-BIOLOGY: 2.65 PAPERS-CYBER: nan PAPERS-NUCLEAR: nan 
[GPU 0] [12:37:57] [INFO] Step: 17000, LR: 7.01e-04
[GPU 0] [12:37:57] [INFO] Train Loss: CORE: 2.69 CODE-LISP: nan PAPERS-BIOLOGY: 2.64 PAPERS-CYBER: nan PAPERS-NUCLEAR: nan 
[GPU 0] [12:47:15] [INFO] Step: 18000, LR: 7.01e-04
[GPU 0] [12:47:15] [INFO] Train Loss: CORE: 2.77 CODE-LISP: nan PAPERS-BIOLOGY: 2.75 PAPERS-CYBER: nan PAPERS-NUCLEAR: nan 
[GPU 0] [12:56:28] [INFO] Step: 19000, LR: 7.01e-04
[GPU 0] [12:56:28] [INFO] Train Loss: CORE: 2.49 CODE-LISP: nan PAPERS-BIOLOGY: 2.76 PAPERS-CYBER: nan PAPERS-NUCLEAR: nan 
[GPU 0] [12:58:47] [INFO] LR Scheduler: Decay Start
[GPU 0] [13:05:40] [INFO] Step: 20000, LR: 4.56e-04
[GPU 0] [13:05:40] [INFO] Train Loss: CORE: 2.95 CODE-LISP: nan PAPERS-BIOLOGY: 2.73 PAPERS-CYBER: nan PAPERS-NUCLEAR: nan 
[GPU 0] [13:14:52] [INFO] Step: 21000, LR: 1.28e-04
[GPU 0] [13:14:52] [INFO] Train Loss: CORE: 2.64 CODE-LISP: nan PAPERS-BIOLOGY: 2.73 PAPERS-CYBER: nan PAPERS-NUCLEAR: nan 
[GPU 0] [13:18:32] [INFO] Step: 21391, LR: 1.00e-08
[GPU 0] [13:18:32] [INFO] Train Loss: CORE: 2.64 CODE-LISP: nan PAPERS-BIOLOGY: 2.63 PAPERS-CYBER: nan PAPERS-NUCLEAR: nan 
[GPU 0] [13:18:44] [INFO] ---- Begin Eval ----
[GPU 0] [13:18:44] [INFO] Data: core | Experts: None
[GPU 0] [13:19:45] [INFO] loss: 2.02632070
[GPU 0] [13:19:45] [INFO] Data: code-lisp | Experts: None
[GPU 0] [13:19:49] [INFO] loss: 1.52629733
[GPU 0] [13:19:49] [INFO] Data: papers-biology | Experts: None
[GPU 0] [13:19:53] [INFO] loss: 2.59162235
[GPU 0] [13:19:53] [INFO] Data: papers-nuclear | Experts: None
[GPU 0] [13:19:56] [INFO] loss: 3.02092624
[GPU 0] [13:19:56] [INFO] Data: papers-cyber | Experts: None
[GPU 0] [13:20:00] [INFO] loss: 2.89669371
[GPU 0] [13:20:15] [INFO] Initialized BaseTransformer with 402,064,768 total parameters
[GPU 0] [13:20:15] [INFO] Compiling BaseTransformer with torch.compile...
[GPU 0] [13:20:15] [INFO] torch.compile done
[GPU 0] [13:20:23] [INFO] FILTERING - ADVERSARIAL FT START
[GPU 0] [13:20:32] [INFO] ---- Begin FT | Experts: None | Data: ['code-lisp'] ----
[GPU 0] [13:20:32] [DEBUG] num_seq: 512, num_rounds: 200, patience: 10
[GPU 0] [13:20:32] [DEBUG] local_x: torch.Size([64, 1024]), local_y: torch.Size([64, 1024]), num_steps: 3, per_gpu: 64, mbs_size: 23
[GPU 0] [13:21:28] [INFO] New best validation loss: 1.5334 @ step 0
[GPU 0] [13:21:40] [INFO] New best validation loss: 1.4279 @ step 1
[GPU 0] [13:21:55] [INFO] New best validation loss: 1.3778 @ step 2
[GPU 0] [13:22:10] [INFO] New best validation loss: 1.3387 @ step 3
[GPU 0] [13:22:25] [INFO] New best validation loss: 1.3051 @ step 4
[GPU 0] [13:22:41] [INFO] New best validation loss: 1.2790 @ step 5
[GPU 0] [13:22:57] [INFO] New best validation loss: 1.2604 @ step 6
[GPU 0] [13:23:12] [INFO] New best validation loss: 1.2462 @ step 7
[GPU 0] [13:23:28] [INFO] New best validation loss: 1.2318 @ step 8
[GPU 0] [13:23:43] [INFO] New best validation loss: 1.2167 @ step 9
[GPU 0] [13:23:59] [INFO] New best validation loss: 1.2032 @ step 10
[GPU 0] [13:24:15] [INFO] New best validation loss: 1.1923 @ step 11
[GPU 0] [13:24:31] [INFO] New best validation loss: 1.1828 @ step 12
[GPU 0] [13:24:46] [INFO] New best validation loss: 1.1736 @ step 13
[GPU 0] [13:25:02] [INFO] New best validation loss: 1.1651 @ step 14
[GPU 0] [13:25:17] [INFO] New best validation loss: 1.1565 @ step 15
[GPU 0] [13:25:33] [INFO] New best validation loss: 1.1487 @ step 16
[GPU 0] [13:25:49] [INFO] New best validation loss: 1.1418 @ step 17
[GPU 0] [13:26:04] [INFO] New best validation loss: 1.1358 @ step 18
[GPU 0] [13:26:20] [INFO] New best validation loss: 1.1309 @ step 19
[GPU 0] [13:26:37] [INFO] New best validation loss: 1.1262 @ step 20
[GPU 0] [13:26:52] [INFO] New best validation loss: 1.1227 @ step 21
[GPU 0] [13:27:07] [INFO] New best validation loss: 1.1195 @ step 22
[GPU 0] [13:27:23] [INFO] New best validation loss: 1.1172 @ step 23
[GPU 0] [13:27:39] [INFO] New best validation loss: 1.1148 @ step 24
[GPU 0] [13:27:55] [INFO] New best validation loss: 1.1118 @ step 25
[GPU 0] [13:28:10] [INFO] New best validation loss: 1.1092 @ step 26
[GPU 0] [13:28:26] [INFO] New best validation loss: 1.1076 @ step 27
[GPU 0] [13:28:41] [INFO] New best validation loss: 1.1071 @ step 28
[GPU 0] [13:31:38] [INFO] Stop FT @ 40: no val improvement for 10 steps
[GPU 0] [13:31:38] [INFO] Wrote stats.jsonl entries at FT step 28 
[GPU 0] [13:31:52] [INFO] ---- Begin FT | Experts: None | Data: ['papers-cyber'] ----
[GPU 0] [13:31:52] [DEBUG] num_seq: 512, num_rounds: 200, patience: 10
[GPU 0] [13:31:52] [DEBUG] local_x: torch.Size([64, 1024]), local_y: torch.Size([64, 1024]), num_steps: 3, per_gpu: 64, mbs_size: 23
[GPU 0] [13:32:05] [INFO] New best validation loss: 2.9274 @ step 0
[GPU 0] [13:32:17] [INFO] New best validation loss: 2.8963 @ step 1
[GPU 0] [13:32:49] [INFO] New best validation loss: 2.8936 @ step 3
[GPU 0] [13:33:04] [INFO] New best validation loss: 2.8922 @ step 4
[GPU 0] [13:33:20] [INFO] New best validation loss: 2.8919 @ step 5
[GPU 0] [13:36:13] [INFO] Stop FT @ 17: no val improvement for 10 steps
[GPU 0] [13:36:13] [INFO] Wrote stats.jsonl entries at FT step 5 
[GPU 0] [13:36:25] [INFO] ---- Begin FT | Experts: None | Data: ['papers-nuclear'] ----
[GPU 0] [13:36:25] [DEBUG] num_seq: 512, num_rounds: 200, patience: 10
[GPU 0] [13:36:25] [DEBUG] local_x: torch.Size([64, 1024]), local_y: torch.Size([64, 1024]), num_steps: 3, per_gpu: 64, mbs_size: 23
[GPU 0] [13:36:39] [INFO] New best validation loss: 3.0475 @ step 0
[GPU 0] [13:36:51] [INFO] New best validation loss: 2.9985 @ step 1
[GPU 0] [13:37:05] [INFO] New best validation loss: 2.9922 @ step 2
[GPU 0] [13:37:35] [INFO] New best validation loss: 2.9901 @ step 4
[GPU 0] [13:37:50] [INFO] New best validation loss: 2.9862 @ step 5
[GPU 0] [13:38:06] [INFO] New best validation loss: 2.9842 @ step 6
[GPU 0] [13:40:59] [INFO] Stop FT @ 18: no val improvement for 10 steps
[GPU 0] [13:40:59] [INFO] Wrote stats.jsonl entries at FT step 6 
[GPU 0] [13:41:01] [INFO] ----------------------------------------
[GPU 0] [13:41:01] [INFO] Finished. See /workspace-vast/ethanr/gradient-routing/experiments/AGI-1699-New-Dataset-Runs/results/scaling/realistic/filtering/400M/seed_2/20260516095903052008
