[GPU 0] [08:45:23] [INFO] Git branch: AGI-1696-New-Dataset-Runs_ethan, commit: dd5294e282007801f9a473adb80ef8b8ac122461
[GPU 0] [08:45:23] [INFO] Number of GPUs: 8
[GPU 0] [08:45:24] [INFO] Tokenizer vocabulary: 50257
[GPU 0] [08:45:24] [INFO] Set model vocab size to nearest multiple of 64 of tokenizer size: 50304
[GPU 0] [08:45:27] [INFO] target effective batch size: 122, actual effective batch size: 128, micro batch size: 16, accumulation steps: 1, num gpus: 8
[GPU 0] [08:45:27] [INFO] core total number of tokens: 66749057569
[GPU 0] [08:45:27] [INFO] Baseline model has 103,201,984 parameters
[GPU 0] [08:45:27] [INFO] core: chinchilla optimal tokens: 2,064,039,680, requested proportion: 1.0000, requested number of tokens: 2,064,039,680.0, 
[GPU 0] [08:45:27] [INFO] aux total number of tokens: 4835776549
[GPU 0] [08:45:27] [INFO] Baseline model has 103,201,984 parameters
[GPU 0] [08:45:27] [INFO] aux: chinchilla optimal tokens: 2,064,039,680, requested proportion: 0.0100, requested number of tokens: 20,640,396.8, 
[GPU 0] [08:45:27] [DEBUG] Saved config to /workspace-vast/ethanr/gradient-routing/experiments/AGI-1699-New-Dataset-Runs/results/scaling/realistic/filtering/100M/seed_2/20260516084519865741/config.json
[GPU 0] [08:45:27] [DEBUG] {
    "stages": [
        {
            "name": "filtering",
            "num_checkpoints": -1,
            "lr": 0.0010740633599129793,
            "res_dir": "/workspace-vast/ethanr/gradient-routing/experiments/AGI-1699-New-Dataset-Runs/results/scaling/realistic/filtering/100M/seed_2/20260516084519865741/filtering",
            "acc_mode": "uniform",
            "do_eval": true,
            "do_sample": false,
            "num_train_evals": 0,
            "do_elicit": true,
            "elicit_eval_prc": 0.5,
            "elicit_num_evals": 100,
            "retain_targets": [
                [
                    "core",
                    "papers-biology"
                ]
            ],
            "label_prc": 1.0
        }
    ],
    "model": {
        "arch": "base",
        "tokenizer": "GPT2Tokenizer(name_or_path='EleutherAI/gpt-neo-125M', vocab_size=50257, model_max_length=2048, padding_side='right', truncation_side='right', special_tokens={'bos_token': '<|endoftext|>', 'eos_token': '<|endoftext|>', 'unk_token': '<|endoftext|>'}, added_tokens_decoder={\n\t50256: AddedToken(\"<|endoftext|>\", rstrip=False, lstrip=False, single_word=False, normalized=True, special=True),\n}\n)",
        "ctx_len": 1024,
        "vocab_size": 50304,
        "num_layers": 9,
        "num_heads": 8,
        "num_key_value": 2,
        "attn_bias": true,
        "eos_token_id": 50256,
        "embed_dim": 640,
        "mlp_dim": 2560
    },
    "data": {
        "dirs": [
            "/workspace-vast/ethanr/gradient-routing/experiments/AGI-1699-New-Dataset-Runs/src/data/fineweb",
            "/workspace-vast/ethanr/gradient-routing/experiments/AGI-1699-New-Dataset-Runs/src/data/code",
            "/workspace-vast/ethanr/gradient-routing/experiments/AGI-1699-New-Dataset-Runs/src/data/papers"
        ],
        "core": {
            "labels": [
                "fineweb",
                "code-other",
                "papers-other"
            ],
            "method": "optimal",
            "limit": 1.0,
            "dist": {
                "fineweb": 0.84,
                "code-other": 0.15,
                "papers-other": 0.01
            },
            "num_tok": 2064039680.0
        },
        "aux": {
            "labels": [
                "code-lisp",
                "papers-biology",
                "papers-nuclear",
                "papers-cyber"
            ],
            "method": "optimal",
            "limit": 0.01,
            "dist": {
                "code-lisp": 0.25,
                "papers-biology": 0.25,
                "papers-nuclear": 0.25,
                "papers-cyber": 0.25
            },
            "num_tok": 20640396.8
        }
    },
    "run": {
        "target_effective_batch_size": 122,
        "effective_batch_size": 128,
        "micro_batch_size": 16,
        "accumulation_steps": 1,
        "max_num_test_sequences": 10000,
        "eval_all_labels": false,
        "micro_batch_anchors": [
            [
                400000000.0,
                23
            ],
            [
                5000000000.0,
                2
            ]
        ],
        "epochs": 1,
        "adam_betas": [
            0.9,
            0.95
        ],
        "warmup_prc": 0.02,
        "decay_prc": 0.1,
        "seed": 2,
        "compile": true,
        "is_ddp": true,
        "cleanup_distributed": false,
        "log_level": "DEBUG",
        "num_gpus": 8,
        "process_id": 0,
        "num_base_params": 103201984,
        "device": "cuda",
        "logger": "<Logger training_20260516084519865741 (DEBUG)>",
        "labels": [
            "core",
            "code-lisp",
            "papers-biology",
            "papers-cyber",
            "papers-nuclear"
        ],
        "loaders": {
            "code-lisp": {
                "train": "SingleDataLoader(code-lisp_train_001.bin, len=39)",
                "test": "SingleDataLoader(code-lisp_test_001.bin, len=39)"
            },
            "code-other": {
                "train": "SingleDataLoader(code-other_train_003.bin, len=2362)",
                "test": "InterleavedDataLoader(len=79)"
            },
            "fineweb": {
                "train": "InterleavedDataLoader(len=13227)",
                "test": "InterleavedDataLoader(len=79)"
            },
            "papers-biology": {
                "train": "SingleDataLoader(papers-biology_train.bin, len=39)",
                "test": "SingleDataLoader(papers-biology_test.bin, len=39)"
            },
            "papers-cyber": {
                "train": "SingleDataLoader(papers-cyber_train.bin, len=39)",
                "test": "SingleDataLoader(papers-cyber_test.bin, len=39)"
            },
            "papers-nuclear": {
                "train": "SingleDataLoader(papers-nuclear_train.bin, len=39)",
                "test": "SingleDataLoader(papers-nuclear_test.bin, len=39)"
            },
            "papers-other": {
                "train": "SingleDataLoader(papers-other_train.bin, len=157)",
                "test": "SingleDataLoader(papers-other_test.bin, len=79)"
            },
            "core": {
                "train": "InterleavedDataLoader(len=15746)",
                "test": "InterleavedDataLoader(len=237)"
            },
            "aux": {
                "train": "InterleavedDataLoader(len=156)",
                "test": "InterleavedDataLoader(len=156)"
            },
            "all": {
                "train": "InterleavedDataLoader(len=15902)",
                "test": "InterleavedDataLoader(len=393)"
            }
        },
        "res_root": "/workspace-vast/ethanr/gradient-routing/experiments/AGI-1699-New-Dataset-Runs/results/scaling/realistic/filtering/100M/seed_2",
        "experiment_id": "20260516084519865741",
        "s3_bucket": "ae-gradient-routing-results",
        "s3_prefix": "scaling/realistic/filtering/100M/seed_2"
    },
    "label_prc": 1.0
}
[GPU 0] [08:45:27] [INFO] Loader code-lisp train: 39, test: 39
[GPU 0] [08:45:27] [INFO] Loader code-other train: 2362, test: 79
[GPU 0] [08:45:27] [INFO] Loader fineweb train: 13227, test: 79
[GPU 0] [08:45:27] [INFO] Loader papers-biology train: 39, test: 39
[GPU 0] [08:45:27] [INFO] Loader papers-cyber train: 39, test: 39
[GPU 0] [08:45:27] [INFO] Loader papers-nuclear train: 39, test: 39
[GPU 0] [08:45:27] [INFO] Loader papers-other train: 157, test: 79
[GPU 0] [08:45:27] [INFO] Loader core train: 15746, test: 237
[GPU 0] [08:45:27] [INFO] Loader aux train: 156, test: 156
[GPU 0] [08:45:27] [INFO] Loader all train: 15902, test: 393
[GPU 0] [08:45:27] [INFO] Stage [filtering] start: {"name": "filtering", "num_checkpoints": -1, "lr": 0.0010740633599129793, "res_dir": "/workspace-vast/ethanr/gradient-routing/experiments/AGI-1699-New-Dataset-Runs/results/scaling/realistic/filtering/100M/seed_2/20260516084519865741/filtering", "acc_mode": "uniform", "do_eval": true, "do_sample": false, "num_train_evals": 0, "do_elicit": true, "elicit_eval_prc": 0.5, "elicit_num_evals": 100, "retain_targets": [["core", "papers-biology"]], "label_prc": 1.0}
[GPU 0] [08:45:27] [INFO] FILTERING START
[GPU 0] [08:45:27] [INFO] Using stage-level retain_targets override (1 targets)
[GPU 0] [08:45:27] [INFO] Filtering: retaining ['core', 'papers-biology'], removing ['code-lisp', 'papers-cyber', 'papers-nuclear']
[GPU 0] [08:45:35] [INFO] Initialized BaseTransformer with 103,201,984 total parameters
[GPU 0] [08:45:35] [INFO] Compiling BaseTransformer with torch.compile...
[GPU 0] [08:45:35] [INFO] torch.compile done
[GPU 0] [08:45:35] [WARNING] restore_partial_state: no checkpoint found at /workspace-vast/ethanr/gradient-routing/experiments/AGI-1699-New-Dataset-Runs/results/scaling/realistic/filtering/100M/seed_2/20260516084519865741/filtering/core_papers-biology
[GPU 0] [08:45:35] [INFO] ---- Begin Train | Train Labels: ['core', 'papers-biology'] ----
[GPU 0] [08:45:35] [DEBUG] acc_mode: uniform, label_prc: 1.0
[GPU 0] [08:45:35] [INFO] Batch [core] count: 15746
[GPU 0] [08:45:35] [INFO] Batch [papers-biology] count: 39
[GPU 0] [08:45:35] [INFO] warmup_steps: 316
[GPU 0] [08:45:35] [INFO] constant_steps: 13891
[GPU 0] [08:45:35] [INFO] decay_steps: 1578
[GPU 0] [08:45:35] [INFO] LR Scheduler: Warmup Start
[GPU 0] [08:46:17] [INFO] Step: 1, LR: 3.41e-06
[GPU 0] [08:46:17] [INFO] Train Loss: CORE: 10.94 CODE-LISP: nan PAPERS-BIOLOGY: nan PAPERS-CYBER: nan PAPERS-NUCLEAR: nan 
[GPU 0] [08:46:34] [INFO] LR Scheduler: Constant Start
[GPU 0] [08:47:05] [INFO] Step: 1000, LR: 1.07e-03
[GPU 0] [08:47:05] [INFO] Train Loss: CORE: 3.91 CODE-LISP: nan PAPERS-BIOLOGY: 6.43 PAPERS-CYBER: nan PAPERS-NUCLEAR: nan 
[GPU 0] [08:47:48] [INFO] Step: 2000, LR: 1.07e-03
[GPU 0] [08:47:48] [INFO] Train Loss: CORE: 3.74 CODE-LISP: nan PAPERS-BIOLOGY: 5.84 PAPERS-CYBER: nan PAPERS-NUCLEAR: nan 
[GPU 0] [08:48:30] [INFO] Step: 3000, LR: 1.07e-03
[GPU 0] [08:48:30] [INFO] Train Loss: CORE: 3.54 CODE-LISP: nan PAPERS-BIOLOGY: 5.42 PAPERS-CYBER: nan PAPERS-NUCLEAR: nan 
[GPU 0] [08:49:11] [INFO] Step: 4000, LR: 1.07e-03
[GPU 0] [08:49:11] [INFO] Train Loss: CORE: 3.70 CODE-LISP: nan PAPERS-BIOLOGY: 4.87 PAPERS-CYBER: nan PAPERS-NUCLEAR: nan 
[GPU 0] [08:49:52] [INFO] Step: 5000, LR: 1.07e-03
[GPU 0] [08:49:52] [INFO] Train Loss: CORE: 3.60 CODE-LISP: nan PAPERS-BIOLOGY: 3.56 PAPERS-CYBER: nan PAPERS-NUCLEAR: nan 
[GPU 0] [08:50:34] [INFO] Step: 6000, LR: 1.07e-03
[GPU 0] [08:50:34] [INFO] Train Loss: CORE: 3.34 CODE-LISP: nan PAPERS-BIOLOGY: 3.56 PAPERS-CYBER: nan PAPERS-NUCLEAR: nan 
[GPU 0] [08:51:15] [INFO] Step: 7000, LR: 1.07e-03
[GPU 0] [08:51:15] [INFO] Train Loss: CORE: 3.02 CODE-LISP: nan PAPERS-BIOLOGY: 3.53 PAPERS-CYBER: nan PAPERS-NUCLEAR: nan 
[GPU 0] [08:51:56] [INFO] Step: 8000, LR: 1.07e-03
[GPU 0] [08:51:56] [INFO] Train Loss: CORE: 3.48 CODE-LISP: nan PAPERS-BIOLOGY: 3.40 PAPERS-CYBER: nan PAPERS-NUCLEAR: nan 
[GPU 0] [08:52:37] [INFO] Step: 9000, LR: 1.07e-03
[GPU 0] [08:52:37] [INFO] Train Loss: CORE: 3.49 CODE-LISP: nan PAPERS-BIOLOGY: 3.27 PAPERS-CYBER: nan PAPERS-NUCLEAR: nan 
[GPU 0] [08:53:18] [INFO] Step: 10000, LR: 1.07e-03
[GPU 0] [08:53:18] [INFO] Train Loss: CORE: 3.49 CODE-LISP: nan PAPERS-BIOLOGY: 3.27 PAPERS-CYBER: nan PAPERS-NUCLEAR: nan 
[GPU 0] [08:53:59] [INFO] Step: 11000, LR: 1.07e-03
[GPU 0] [08:53:59] [INFO] Train Loss: CORE: 3.46 CODE-LISP: nan PAPERS-BIOLOGY: 3.26 PAPERS-CYBER: nan PAPERS-NUCLEAR: nan 
[GPU 0] [08:54:40] [INFO] Step: 12000, LR: 1.07e-03
[GPU 0] [08:54:40] [INFO] Train Loss: CORE: 2.93 CODE-LISP: nan PAPERS-BIOLOGY: 3.26 PAPERS-CYBER: nan PAPERS-NUCLEAR: nan 
[GPU 0] [08:55:21] [INFO] Step: 13000, LR: 1.07e-03
[GPU 0] [08:55:21] [INFO] Train Loss: CORE: 3.19 CODE-LISP: nan PAPERS-BIOLOGY: 3.26 PAPERS-CYBER: nan PAPERS-NUCLEAR: nan 
[GPU 0] [08:56:02] [INFO] Step: 14000, LR: 1.07e-03
[GPU 0] [08:56:02] [INFO] Train Loss: CORE: 3.22 CODE-LISP: nan PAPERS-BIOLOGY: 3.24 PAPERS-CYBER: nan PAPERS-NUCLEAR: nan 
[GPU 0] [08:56:10] [INFO] LR Scheduler: Decay Start
[GPU 0] [08:56:43] [INFO] Step: 15000, LR: 5.34e-04
[GPU 0] [08:56:43] [INFO] Train Loss: CORE: 3.13 CODE-LISP: nan PAPERS-BIOLOGY: 3.19 PAPERS-CYBER: nan PAPERS-NUCLEAR: nan 
[GPU 0] [08:57:16] [INFO] Step: 15785, LR: 1.00e-08
[GPU 0] [08:57:16] [INFO] Train Loss: CORE: 3.29 CODE-LISP: nan PAPERS-BIOLOGY: 3.19 PAPERS-CYBER: nan PAPERS-NUCLEAR: nan 
[GPU 0] [08:57:21] [INFO] ---- Begin Eval ----
[GPU 0] [08:57:21] [INFO] Data: core | Experts: None
[GPU 0] [08:57:49] [INFO] loss: 2.42354178
[GPU 0] [08:57:49] [INFO] Data: code-lisp | Experts: None
[GPU 0] [08:57:50] [INFO] loss: 1.79346955
[GPU 0] [08:57:50] [INFO] Data: papers-biology | Experts: None
[GPU 0] [08:57:50] [INFO] loss: 3.06250000
[GPU 0] [08:57:50] [INFO] Data: papers-nuclear | Experts: None
[GPU 0] [08:57:51] [INFO] loss: 3.44581342
[GPU 0] [08:57:51] [INFO] Data: papers-cyber | Experts: None
[GPU 0] [08:57:51] [INFO] loss: 3.37830520
[GPU 0] [08:58:01] [INFO] Initialized BaseTransformer with 103,201,984 total parameters
[GPU 0] [08:58:01] [INFO] Compiling BaseTransformer with torch.compile...
[GPU 0] [08:58:01] [INFO] torch.compile done
[GPU 0] [08:58:02] [INFO] FILTERING - ADVERSARIAL FT START
[GPU 0] [08:58:07] [INFO] ---- Begin FT | Experts: None | Data: ['code-lisp'] ----
[GPU 0] [08:58:07] [DEBUG] num_seq: 512, num_rounds: 200, patience: 10
[GPU 0] [08:58:07] [DEBUG] local_x: torch.Size([64, 1024]), local_y: torch.Size([64, 1024]), num_steps: 4, per_gpu: 64, mbs_size: 16
[GPU 0] [08:58:45] [INFO] New best validation loss: 1.7110 @ step 0
[GPU 0] [08:58:48] [INFO] New best validation loss: 1.6452 @ step 1
[GPU 0] [08:58:51] [INFO] New best validation loss: 1.6102 @ step 2
[GPU 0] [08:58:54] [INFO] New best validation loss: 1.5780 @ step 3
[GPU 0] [08:58:57] [INFO] New best validation loss: 1.5485 @ step 4
[GPU 0] [08:59:01] [INFO] New best validation loss: 1.5224 @ step 5
[GPU 0] [08:59:05] [INFO] New best validation loss: 1.4997 @ step 6
[GPU 0] [08:59:08] [INFO] New best validation loss: 1.4792 @ step 7
[GPU 0] [08:59:12] [INFO] New best validation loss: 1.4624 @ step 8
[GPU 0] [08:59:17] [INFO] New best validation loss: 1.4472 @ step 9
[GPU 0] [08:59:21] [INFO] New best validation loss: 1.4342 @ step 10
[GPU 0] [08:59:25] [INFO] New best validation loss: 1.4214 @ step 11
[GPU 0] [08:59:29] [INFO] New best validation loss: 1.4102 @ step 12
[GPU 0] [08:59:33] [INFO] New best validation loss: 1.3995 @ step 13
[GPU 0] [08:59:38] [INFO] New best validation loss: 1.3885 @ step 14
[GPU 0] [08:59:42] [INFO] New best validation loss: 1.3789 @ step 15
[GPU 0] [08:59:46] [INFO] New best validation loss: 1.3698 @ step 16
[GPU 0] [08:59:51] [INFO] New best validation loss: 1.3616 @ step 17
[GPU 0] [08:59:55] [INFO] New best validation loss: 1.3534 @ step 18
[GPU 0] [08:59:59] [INFO] New best validation loss: 1.3461 @ step 19
[GPU 0] [09:00:05] [INFO] New best validation loss: 1.3395 @ step 20
[GPU 0] [09:00:11] [INFO] New best validation loss: 1.3333 @ step 21
[GPU 0] [09:00:18] [INFO] New best validation loss: 1.3276 @ step 22
[GPU 0] [09:00:24] [INFO] New best validation loss: 1.3223 @ step 23
[GPU 0] [09:00:29] [INFO] New best validation loss: 1.3171 @ step 24
[GPU 0] [09:00:33] [INFO] New best validation loss: 1.3127 @ step 25
[GPU 0] [09:00:38] [INFO] New best validation loss: 1.3080 @ step 26
[GPU 0] [09:00:42] [INFO] New best validation loss: 1.3036 @ step 27
[GPU 0] [09:00:47] [INFO] New best validation loss: 1.2992 @ step 28
[GPU 0] [09:00:51] [INFO] New best validation loss: 1.2948 @ step 29
[GPU 0] [09:00:56] [INFO] New best validation loss: 1.2910 @ step 30
[GPU 0] [09:01:00] [INFO] New best validation loss: 1.2872 @ step 31
[GPU 0] [09:01:04] [INFO] New best validation loss: 1.2840 @ step 32
[GPU 0] [09:01:09] [INFO] New best validation loss: 1.2807 @ step 33
[GPU 0] [09:01:13] [INFO] New best validation loss: 1.2778 @ step 34
[GPU 0] [09:01:18] [INFO] New best validation loss: 1.2752 @ step 35
[GPU 0] [09:01:22] [INFO] New best validation loss: 1.2724 @ step 36
[GPU 0] [09:01:27] [INFO] New best validation loss: 1.2698 @ step 37
[GPU 0] [09:01:31] [INFO] New best validation loss: 1.2677 @ step 38
[GPU 0] [09:01:36] [INFO] New best validation loss: 1.2663 @ step 39
[GPU 0] [09:01:40] [INFO] New best validation loss: 1.2647 @ step 40
[GPU 0] [09:01:45] [INFO] New best validation loss: 1.2635 @ step 41
[GPU 0] [09:01:48] [INFO] New best validation loss: 1.2621 @ step 42
[GPU 0] [09:01:51] [INFO] New best validation loss: 1.2611 @ step 43
[GPU 0] [09:01:56] [INFO] New best validation loss: 1.2596 @ step 44
[GPU 0] [09:02:00] [INFO] New best validation loss: 1.2582 @ step 45
[GPU 0] [09:02:04] [INFO] New best validation loss: 1.2573 @ step 46
[GPU 0] [09:02:09] [INFO] New best validation loss: 1.2567 @ step 47
[GPU 0] [09:02:13] [INFO] New best validation loss: 1.2560 @ step 48
[GPU 0] [09:02:18] [INFO] New best validation loss: 1.2556 @ step 49
[GPU 0] [09:02:22] [INFO] New best validation loss: 1.2552 @ step 50
[GPU 0] [09:02:27] [INFO] New best validation loss: 1.2548 @ step 51
[GPU 0] [09:02:31] [INFO] New best validation loss: 1.2547 @ step 52
[GPU 0] [09:03:19] [INFO] Stop FT @ 64: no val improvement for 10 steps
[GPU 0] [09:03:19] [INFO] Wrote stats.jsonl entries at FT step 52 
[GPU 0] [09:03:27] [INFO] ---- Begin FT | Experts: None | Data: ['papers-cyber'] ----
[GPU 0] [09:03:27] [DEBUG] num_seq: 512, num_rounds: 200, patience: 10
[GPU 0] [09:03:27] [DEBUG] local_x: torch.Size([64, 1024]), local_y: torch.Size([64, 1024]), num_steps: 4, per_gpu: 64, mbs_size: 16
[GPU 0] [09:03:31] [INFO] New best validation loss: 3.3962 @ step 0
[GPU 0] [09:03:35] [INFO] New best validation loss: 3.3529 @ step 1
[GPU 0] [09:03:39] [INFO] New best validation loss: 3.3511 @ step 2
[GPU 0] [09:03:44] [INFO] New best validation loss: 3.3462 @ step 3
[GPU 0] [09:03:48] [INFO] New best validation loss: 3.3385 @ step 4
[GPU 0] [09:03:52] [INFO] New best validation loss: 3.3319 @ step 5
[GPU 0] [09:03:57] [INFO] New best validation loss: 3.3265 @ step 6
[GPU 0] [09:04:01] [INFO] New best validation loss: 3.3238 @ step 7
[GPU 0] [09:04:06] [INFO] New best validation loss: 3.3219 @ step 8
[GPU 0] [09:04:10] [INFO] New best validation loss: 3.3216 @ step 9
[GPU 0] [09:04:59] [INFO] Stop FT @ 21: no val improvement for 10 steps
[GPU 0] [09:04:59] [INFO] Wrote stats.jsonl entries at FT step 9 
[GPU 0] [09:05:06] [INFO] ---- Begin FT | Experts: None | Data: ['papers-nuclear'] ----
[GPU 0] [09:05:06] [DEBUG] num_seq: 512, num_rounds: 200, patience: 10
[GPU 0] [09:05:06] [DEBUG] local_x: torch.Size([64, 1024]), local_y: torch.Size([64, 1024]), num_steps: 4, per_gpu: 64, mbs_size: 16
[GPU 0] [09:05:12] [INFO] New best validation loss: 3.4507 @ step 0
[GPU 0] [09:05:16] [INFO] New best validation loss: 3.4122 @ step 1
[GPU 0] [09:05:20] [INFO] New best validation loss: 3.3995 @ step 2
[GPU 0] [09:05:24] [INFO] New best validation loss: 3.3948 @ step 3
[GPU 0] [09:05:29] [INFO] New best validation loss: 3.3882 @ step 4
[GPU 0] [09:05:33] [INFO] New best validation loss: 3.3814 @ step 5
[GPU 0] [09:05:37] [INFO] New best validation loss: 3.3743 @ step 6
[GPU 0] [09:05:42] [INFO] New best validation loss: 3.3695 @ step 7
[GPU 0] [09:05:46] [INFO] New best validation loss: 3.3665 @ step 8
[GPU 0] [09:05:51] [INFO] New best validation loss: 3.3650 @ step 9
[GPU 0] [09:05:55] [INFO] New best validation loss: 3.3645 @ step 10
[GPU 0] [09:05:59] [INFO] New best validation loss: 3.3645 @ step 11
[GPU 0] [09:06:48] [INFO] Stop FT @ 23: no val improvement for 10 steps
[GPU 0] [09:06:48] [INFO] Wrote stats.jsonl entries at FT step 11 
[GPU 0] [09:06:50] [INFO] ----------------------------------------
[GPU 0] [09:06:50] [INFO] Finished. See /workspace-vast/ethanr/gradient-routing/experiments/AGI-1699-New-Dataset-Runs/results/scaling/realistic/filtering/100M/seed_2/20260516084519865741
