[GPU 0] [05:33:30] [INFO] Number of GPUs: 8
[GPU 0] [05:33:32] [INFO] Tokenizer vocabulary: 50257
[GPU 0] [05:33:32] [INFO] Set model vocab size to nearest multiple of 64 of tokenizer size: 50304
[GPU 0] [05:33:35] [INFO] target effective batch size: 368, actual effective batch size: 368, micro batch size: 23, accumulation steps: 2, num gpus: 8
[GPU 0] [05:33:35] [INFO] core total number of tokens: 66749057569
[GPU 0] [05:33:35] [INFO] Baseline model has 402,064,768 parameters
[GPU 0] [05:33:35] [INFO] core: chinchilla optimal tokens: 8,041,295,360, requested proportion: 1.0000, requested number of tokens: 8,041,295,360.0, 
[GPU 0] [05:33:35] [INFO] aux total number of tokens: 4835776549
[GPU 0] [05:33:35] [INFO] Baseline model has 402,064,768 parameters
[GPU 0] [05:33:35] [INFO] aux: chinchilla optimal tokens: 8,041,295,360, requested proportion: 0.0100, requested number of tokens: 80,412,953.60000001, 
[GPU 0] [05:33:35] [DEBUG] Saved config to /workspace/gradient-routing/experiments/AGI-1699-New-Dataset-Runs/results/scaling/realistic/base/400M/seed_1/20260422053326285778/config.json
[GPU 0] [05:33:35] [DEBUG] {
    "stages": [
        {
            "name": "baseline",
            "num_checkpoints": -1,
            "lr": 0.0007010274465180751,
            "res_dir": "/workspace/gradient-routing/experiments/AGI-1699-New-Dataset-Runs/results/scaling/realistic/base/400M/seed_1/20260422053326285778/baseline",
            "do_eval": true,
            "do_sample": false,
            "num_train_evals": 100,
            "do_elicit": true,
            "elicit_eval_prc": 0.5,
            "elicit_num_evals": 100
        }
    ],
    "model": {
        "arch": "base",
        "tokenizer": "GPT2Tokenizer(name_or_path='EleutherAI/gpt-neo-125M', vocab_size=50257, model_max_length=2048, padding_side='right', truncation_side='right', special_tokens={'bos_token': '<|endoftext|>', 'eos_token': '<|endoftext|>', 'unk_token': '<|endoftext|>'}, added_tokens_decoder={\n\t50256: AddedToken(\"<|endoftext|>\", rstrip=False, lstrip=False, single_word=False, normalized=True, special=True),\n}\n)",
        "ctx_len": 1024,
        "vocab_size": 50304,
        "num_layers": 18,
        "num_heads": 8,
        "num_key_value": 2,
        "attn_bias": true,
        "eos_token_id": 50256,
        "embed_dim": 1216,
        "mlp_dim": 4864
    },
    "data": {
        "dirs": [
            "/workspace/gradient-routing/experiments/AGI-1699-New-Dataset-Runs/src/data/fineweb",
            "/workspace/gradient-routing/experiments/AGI-1699-New-Dataset-Runs/src/data/code",
            "/workspace/gradient-routing/experiments/AGI-1699-New-Dataset-Runs/src/data/papers"
        ],
        "core": {
            "labels": [
                "fineweb",
                "code-other",
                "papers-other"
            ],
            "method": "optimal",
            "limit": 1.0,
            "dist": {
                "fineweb": 0.84,
                "code-other": 0.15,
                "papers-other": 0.01
            },
            "num_tok": 8041295360.0
        },
        "aux": {
            "labels": [
                "code-lisp",
                "papers-biology",
                "papers-nuclear",
                "papers-cyber"
            ],
            "method": "optimal",
            "limit": 0.01,
            "dist": {
                "code-lisp": 0.25,
                "papers-biology": 0.25,
                "papers-nuclear": 0.25,
                "papers-cyber": 0.25
            },
            "num_tok": 80412953.60000001
        }
    },
    "run": {
        "target_effective_batch_size": 368,
        "effective_batch_size": 368,
        "micro_batch_size": 23,
        "accumulation_steps": 2,
        "max_num_test_sequences": 10000,
        "eval_all_labels": false,
        "micro_batch_anchors": [
            [
                400000000.0,
                23
            ],
            [
                5000000000.0,
                2
            ]
        ],
        "epochs": 1,
        "adam_betas": [
            0.9,
            0.95
        ],
        "warmup_prc": 0.02,
        "decay_prc": 0.1,
        "seed": 1,
        "compile": true,
        "is_ddp": true,
        "optimize_routed": true,
        "cleanup_distributed": false,
        "log_level": "DEBUG",
        "num_gpus": 8,
        "process_id": 0,
        "num_base_params": 402064768,
        "device": "cuda",
        "logger": "<Logger training_20260422053326285778 (DEBUG)>",
        "labels": [
            "core",
            "code-lisp",
            "papers-biology",
            "papers-cyber",
            "papers-nuclear"
        ],
        "loaders": {
            "code-lisp": {
                "train": "SingleDataLoader(code-lisp_train_001.bin, len=106)",
                "test": "InterleavedDataLoader(len=56)"
            },
            "code-other": {
                "train": "InterleavedDataLoader(len=6401)",
                "test": "SingleDataLoader(code-other_test_010.bin, len=56)"
            },
            "fineweb": {
                "train": "InterleavedDataLoader(len=35849)",
                "test": "InterleavedDataLoader(len=56)"
            },
            "papers-biology": {
                "train": "SingleDataLoader(papers-biology_train.bin, len=106)",
                "test": "SingleDataLoader(papers-biology_test.bin, len=56)"
            },
            "papers-cyber": {
                "train": "SingleDataLoader(papers-cyber_train.bin, len=106)",
                "test": "SingleDataLoader(papers-cyber_test.bin, len=56)"
            },
            "papers-nuclear": {
                "train": "SingleDataLoader(papers-nuclear_train.bin, len=106)",
                "test": "SingleDataLoader(papers-nuclear_test.bin, len=56)"
            },
            "papers-other": {
                "train": "SingleDataLoader(papers-other_train.bin, len=426)",
                "test": "SingleDataLoader(papers-other_test.bin, len=56)"
            },
            "core": {
                "train": "InterleavedDataLoader(len=42676)",
                "test": "InterleavedDataLoader(len=168)"
            },
            "aux": {
                "train": "InterleavedDataLoader(len=424)",
                "test": "InterleavedDataLoader(len=224)"
            },
            "all": {
                "train": "InterleavedDataLoader(len=43100)",
                "test": "InterleavedDataLoader(len=392)"
            }
        },
        "res_root": "/workspace/gradient-routing/experiments/AGI-1699-New-Dataset-Runs/results/scaling/realistic/base/400M/seed_1",
        "experiment_id": "20260422053326285778",
        "s3_bucket": "ae-gradient-routing-results",
        "s3_prefix": "scaling/realistic/base/400M/seed_1"
    }
}
[GPU 0] [05:33:35] [INFO] Loader code-lisp train: 106, test: 56
[GPU 0] [05:33:35] [INFO] Loader code-other train: 6401, test: 56
[GPU 0] [05:33:35] [INFO] Loader fineweb train: 35849, test: 56
[GPU 0] [05:33:35] [INFO] Loader papers-biology train: 106, test: 56
[GPU 0] [05:33:35] [INFO] Loader papers-cyber train: 106, test: 56
[GPU 0] [05:33:35] [INFO] Loader papers-nuclear train: 106, test: 56
[GPU 0] [05:33:35] [INFO] Loader papers-other train: 426, test: 56
[GPU 0] [05:33:35] [INFO] Loader core train: 42676, test: 168
[GPU 0] [05:33:35] [INFO] Loader aux train: 424, test: 224
[GPU 0] [05:33:35] [INFO] Loader all train: 43100, test: 392
[GPU 0] [05:33:35] [INFO] Stage [baseline] start: {"name": "baseline", "num_checkpoints": -1, "lr": 0.0007010274465180751, "res_dir": "/workspace/gradient-routing/experiments/AGI-1699-New-Dataset-Runs/results/scaling/realistic/base/400M/seed_1/20260422053326285778/baseline", "do_eval": true, "do_sample": false, "num_train_evals": 100, "do_elicit": true, "elicit_eval_prc": 0.5, "elicit_num_evals": 100}
[GPU 0] [05:33:35] [INFO] BASELINE START
[GPU 0] [05:33:39] [INFO] Initialized BaseTransformer with 402,064,768 total parameters
[GPU 0] [05:33:39] [INFO] Compiling BaseTransformer with torch.compile...
[GPU 0] [05:33:39] [INFO] torch.compile done
[GPU 0] [05:33:40] [WARNING] restore_partial_state: no checkpoint found at /workspace/gradient-routing/experiments/AGI-1699-New-Dataset-Runs/results/scaling/realistic/base/400M/seed_1/20260422053326285778/baseline
[GPU 0] [05:33:40] [INFO] ---- Begin Train | Data Labels: ['all'] ----
[GPU 0] [05:33:40] [INFO] Batch [all] count: 21550
[GPU 0] [05:33:40] [INFO] warmup_steps: 431
[GPU 0] [05:33:40] [INFO] constant_steps: 18964
[GPU 0] [05:33:40] [INFO] decay_steps: 2155
[GPU 0] [05:33:40] [INFO] LR Scheduler: Warmup Start
[GPU 0] [05:35:01] [INFO] Step: 1, LR: 1.64e-06
[GPU 0] [05:35:01] [INFO] Train Loss: CORE: 11.06 CODE-LISP: nan PAPERS-BIOLOGY: nan PAPERS-CYBER: nan PAPERS-NUCLEAR: nan 
[GPU 0] [05:35:01] [INFO] Val Loss: CODE-LISP: nan CODE-OTHER: nan FINEWEB: nan PAPERS-BIOLOGY: nan PAPERS-CYBER: nan PAPERS-NUCLEAR: nan PAPERS-OTHER: nan CORE: nan AUX: nan ALL: nan 
[GPU 0] [05:38:51] [INFO] LR Scheduler: Constant Start
[GPU 0] [05:43:36] [INFO] Step: 1000, LR: 7.01e-04
[GPU 0] [05:43:36] [INFO] Train Loss: CORE: 3.88 CODE-LISP: 3.30 PAPERS-BIOLOGY: 4.79 PAPERS-CYBER: 4.74 PAPERS-NUCLEAR: 5.44 
[GPU 0] [05:43:36] [INFO] Val Loss: CODE-LISP: 2.55 CODE-OTHER: nan FINEWEB: nan PAPERS-BIOLOGY: 3.88 PAPERS-CYBER: 4.04 PAPERS-NUCLEAR: 4.11 PAPERS-OTHER: nan CORE: 3.09 AUX: nan ALL: nan 
[GPU 0] [05:51:52] [INFO] Step: 2000, LR: 7.01e-04
[GPU 0] [05:51:52] [INFO] Train Loss: CORE: 3.48 CODE-LISP: 2.29 PAPERS-BIOLOGY: 4.15 PAPERS-CYBER: 4.17 PAPERS-NUCLEAR: 4.58 
[GPU 0] [05:51:52] [INFO] Val Loss: CODE-LISP: 1.74 CODE-OTHER: nan FINEWEB: nan PAPERS-BIOLOGY: 3.31 PAPERS-CYBER: 3.57 PAPERS-NUCLEAR: 3.65 PAPERS-OTHER: nan CORE: 2.56 AUX: nan ALL: nan 
[GPU 0] [05:59:48] [INFO] Step: 3000, LR: 7.01e-04
[GPU 0] [05:59:48] [INFO] Train Loss: CORE: 2.12 CODE-LISP: 2.04 PAPERS-BIOLOGY: 3.32 PAPERS-CYBER: 3.51 PAPERS-NUCLEAR: 3.95 
[GPU 0] [05:59:48] [INFO] Val Loss: CODE-LISP: 1.59 CODE-OTHER: nan FINEWEB: nan PAPERS-BIOLOGY: 3.12 PAPERS-CYBER: 3.37 PAPERS-NUCLEAR: 3.48 PAPERS-OTHER: nan CORE: 2.66 AUX: nan ALL: nan 
[GPU 0] [06:08:08] [INFO] Step: 4000, LR: 7.01e-04
[GPU 0] [06:08:08] [INFO] Train Loss: CORE: 2.76 CODE-LISP: 1.85 PAPERS-BIOLOGY: 3.24 PAPERS-CYBER: 3.32 PAPERS-NUCLEAR: 3.60 
[GPU 0] [06:08:08] [INFO] Val Loss: CODE-LISP: 1.56 CODE-OTHER: nan FINEWEB: nan PAPERS-BIOLOGY: 3.05 PAPERS-CYBER: 3.28 PAPERS-NUCLEAR: 3.40 PAPERS-OTHER: nan CORE: 2.41 AUX: nan ALL: nan 
[GPU 0] [06:16:23] [INFO] Step: 5000, LR: 7.01e-04
[GPU 0] [06:16:23] [INFO] Train Loss: CORE: 2.47 CODE-LISP: 1.60 PAPERS-BIOLOGY: 3.15 PAPERS-CYBER: 3.28 PAPERS-NUCLEAR: 3.34 
[GPU 0] [06:16:23] [INFO] Val Loss: CODE-LISP: 1.73 CODE-OTHER: nan FINEWEB: nan PAPERS-BIOLOGY: 3.01 PAPERS-CYBER: 3.26 PAPERS-NUCLEAR: 3.35 PAPERS-OTHER: nan CORE: 2.24 AUX: nan ALL: nan 
[GPU 0] [06:24:21] [INFO] Step: 6000, LR: 7.01e-04
[GPU 0] [06:24:21] [INFO] Train Loss: CORE: 2.88 CODE-LISP: 1.44 PAPERS-BIOLOGY: 2.94 PAPERS-CYBER: 3.24 PAPERS-NUCLEAR: 3.36 
[GPU 0] [06:24:21] [INFO] Val Loss: CODE-LISP: 1.43 CODE-OTHER: nan FINEWEB: nan PAPERS-BIOLOGY: 2.97 PAPERS-CYBER: 3.16 PAPERS-NUCLEAR: 3.23 PAPERS-OTHER: nan CORE: 2.14 AUX: nan ALL: nan 
[GPU 0] [06:32:38] [INFO] Step: 7000, LR: 7.01e-04
[GPU 0] [06:32:38] [INFO] Train Loss: CORE: 2.64 CODE-LISP: 1.40 PAPERS-BIOLOGY: 2.89 PAPERS-CYBER: 3.18 PAPERS-NUCLEAR: 3.30 
[GPU 0] [06:32:38] [INFO] Val Loss: CODE-LISP: 1.57 CODE-OTHER: nan FINEWEB: nan PAPERS-BIOLOGY: 2.87 PAPERS-CYBER: 3.14 PAPERS-NUCLEAR: 3.18 PAPERS-OTHER: nan CORE: 2.06 AUX: nan ALL: nan 
[GPU 0] [06:40:52] [INFO] Step: 8000, LR: 7.01e-04
[GPU 0] [06:40:52] [INFO] Train Loss: CORE: 2.83 CODE-LISP: 1.27 PAPERS-BIOLOGY: 2.84 PAPERS-CYBER: 3.09 PAPERS-NUCLEAR: 3.29 
[GPU 0] [06:40:52] [INFO] Val Loss: CODE-LISP: 1.31 CODE-OTHER: nan FINEWEB: nan PAPERS-BIOLOGY: 2.82 PAPERS-CYBER: 3.10 PAPERS-NUCLEAR: 3.21 PAPERS-OTHER: nan CORE: 2.11 AUX: nan ALL: nan 
[GPU 0] [06:48:53] [INFO] Step: 9000, LR: 7.01e-04
[GPU 0] [06:48:53] [INFO] Train Loss: CORE: 2.61 CODE-LISP: 1.14 PAPERS-BIOLOGY: 2.79 PAPERS-CYBER: 3.10 PAPERS-NUCLEAR: 3.21 
[GPU 0] [06:48:53] [INFO] Val Loss: CODE-LISP: 1.25 CODE-OTHER: nan FINEWEB: nan PAPERS-BIOLOGY: 2.80 PAPERS-CYBER: 3.09 PAPERS-NUCLEAR: 3.17 PAPERS-OTHER: nan CORE: 2.16 AUX: nan ALL: nan 
[GPU 0] [06:57:08] [INFO] Step: 10000, LR: 7.01e-04
[GPU 0] [06:57:08] [INFO] Train Loss: CORE: 2.83 CODE-LISP: 1.14 PAPERS-BIOLOGY: 2.78 PAPERS-CYBER: 3.14 PAPERS-NUCLEAR: 3.20 
[GPU 0] [06:57:08] [INFO] Val Loss: CODE-LISP: 1.35 CODE-OTHER: nan FINEWEB: nan PAPERS-BIOLOGY: 2.83 PAPERS-CYBER: 3.06 PAPERS-NUCLEAR: 3.13 PAPERS-OTHER: nan CORE: 2.13 AUX: nan ALL: nan 
[GPU 0] [07:05:03] [INFO] Step: 11000, LR: 7.01e-04
[GPU 0] [07:05:03] [INFO] Train Loss: CORE: 2.56 CODE-LISP: 1.16 PAPERS-BIOLOGY: 2.77 PAPERS-CYBER: 3.08 PAPERS-NUCLEAR: 3.16 
[GPU 0] [07:05:03] [INFO] Val Loss: CODE-LISP: 1.24 CODE-OTHER: nan FINEWEB: nan PAPERS-BIOLOGY: 2.74 PAPERS-CYBER: 3.01 PAPERS-NUCLEAR: 3.10 PAPERS-OTHER: nan CORE: 2.15 AUX: nan ALL: nan 
[GPU 0] [07:13:23] [INFO] Step: 12000, LR: 7.01e-04
[GPU 0] [07:13:23] [INFO] Train Loss: CORE: 2.53 CODE-LISP: 1.14 PAPERS-BIOLOGY: 2.79 PAPERS-CYBER: 3.03 PAPERS-NUCLEAR: 3.10 
[GPU 0] [07:13:23] [INFO] Val Loss: CODE-LISP: 1.31 CODE-OTHER: nan FINEWEB: nan PAPERS-BIOLOGY: 2.74 PAPERS-CYBER: 3.03 PAPERS-NUCLEAR: 3.10 PAPERS-OTHER: nan CORE: 2.21 AUX: nan ALL: nan 
[GPU 0] [07:21:38] [INFO] Step: 13000, LR: 7.01e-04
[GPU 0] [07:21:38] [INFO] Train Loss: CORE: 2.82 CODE-LISP: 1.05 PAPERS-BIOLOGY: 2.76 PAPERS-CYBER: 3.01 PAPERS-NUCLEAR: 3.07 
[GPU 0] [07:21:38] [INFO] Val Loss: CODE-LISP: 1.50 CODE-OTHER: nan FINEWEB: nan PAPERS-BIOLOGY: 2.74 PAPERS-CYBER: 3.02 PAPERS-NUCLEAR: 3.08 PAPERS-OTHER: nan CORE: 2.13 AUX: nan ALL: nan 
[GPU 0] [07:29:33] [INFO] Step: 14000, LR: 7.01e-04
[GPU 0] [07:29:33] [INFO] Train Loss: CORE: 2.79 CODE-LISP: 0.97 PAPERS-BIOLOGY: 2.75 PAPERS-CYBER: 3.01 PAPERS-NUCLEAR: 3.09 
[GPU 0] [07:29:33] [INFO] Val Loss: CODE-LISP: 1.11 CODE-OTHER: nan FINEWEB: nan PAPERS-BIOLOGY: 2.72 PAPERS-CYBER: 2.99 PAPERS-NUCLEAR: 3.07 PAPERS-OTHER: nan CORE: 2.05 AUX: nan ALL: nan 
[GPU 0] [07:37:53] [INFO] Step: 15000, LR: 7.01e-04
[GPU 0] [07:37:53] [INFO] Train Loss: CORE: 2.79 CODE-LISP: 0.99 PAPERS-BIOLOGY: 2.72 PAPERS-CYBER: 2.97 PAPERS-NUCLEAR: 3.04 
[GPU 0] [07:37:53] [INFO] Val Loss: CODE-LISP: 1.22 CODE-OTHER: nan FINEWEB: nan PAPERS-BIOLOGY: 2.74 PAPERS-CYBER: 2.99 PAPERS-NUCLEAR: 3.07 PAPERS-OTHER: nan CORE: 2.26 AUX: nan ALL: nan 
[GPU 0] [07:46:08] [INFO] Step: 16000, LR: 7.01e-04
[GPU 0] [07:46:08] [INFO] Train Loss: CORE: 2.49 CODE-LISP: 1.01 PAPERS-BIOLOGY: 2.70 PAPERS-CYBER: 2.95 PAPERS-NUCLEAR: 3.07 
[GPU 0] [07:46:08] [INFO] Val Loss: CODE-LISP: 1.13 CODE-OTHER: nan FINEWEB: nan PAPERS-BIOLOGY: 2.70 PAPERS-CYBER: 2.98 PAPERS-NUCLEAR: 3.08 PAPERS-OTHER: nan CORE: 2.11 AUX: nan ALL: nan 
[GPU 0] [07:54:03] [INFO] Step: 17000, LR: 7.01e-04
[GPU 0] [07:54:03] [INFO] Train Loss: CORE: 2.55 CODE-LISP: 0.96 PAPERS-BIOLOGY: 2.68 PAPERS-CYBER: 2.95 PAPERS-NUCLEAR: 3.06 
[GPU 0] [07:54:03] [INFO] Val Loss: CODE-LISP: 1.13 CODE-OTHER: nan FINEWEB: nan PAPERS-BIOLOGY: 2.73 PAPERS-CYBER: 2.97 PAPERS-NUCLEAR: 3.07 PAPERS-OTHER: nan CORE: 2.02 AUX: nan ALL: nan 
[GPU 0] [08:02:23] [INFO] Step: 18000, LR: 7.01e-04
[GPU 0] [08:02:23] [INFO] Train Loss: CORE: 2.97 CODE-LISP: 0.94 PAPERS-BIOLOGY: 2.67 PAPERS-CYBER: 2.97 PAPERS-NUCLEAR: 3.07 
[GPU 0] [08:02:23] [INFO] Val Loss: CODE-LISP: 1.14 CODE-OTHER: nan FINEWEB: nan PAPERS-BIOLOGY: 2.70 PAPERS-CYBER: 2.99 PAPERS-NUCLEAR: 3.04 PAPERS-OTHER: nan CORE: 2.24 AUX: nan ALL: nan 
[GPU 0] [08:10:18] [INFO] Step: 19000, LR: 7.01e-04
[GPU 0] [08:10:18] [INFO] Train Loss: CORE: 2.51 CODE-LISP: 0.94 PAPERS-BIOLOGY: 2.68 PAPERS-CYBER: 2.93 PAPERS-NUCLEAR: 3.10 
[GPU 0] [08:10:18] [INFO] Val Loss: CODE-LISP: 1.11 CODE-OTHER: nan FINEWEB: nan PAPERS-BIOLOGY: 2.72 PAPERS-CYBER: 2.99 PAPERS-NUCLEAR: 3.10 PAPERS-OTHER: nan CORE: 2.14 AUX: nan ALL: nan 
[GPU 0] [08:13:34] [INFO] LR Scheduler: Decay Start
[GPU 0] [08:18:32] [INFO] Step: 20000, LR: 5.04e-04
[GPU 0] [08:18:32] [INFO] Train Loss: CORE: 2.66 CODE-LISP: 0.96 PAPERS-BIOLOGY: 2.68 PAPERS-CYBER: 2.92 PAPERS-NUCLEAR: 3.01 
[GPU 0] [08:18:32] [INFO] Val Loss: CODE-LISP: 1.14 CODE-OTHER: nan FINEWEB: nan PAPERS-BIOLOGY: 2.65 PAPERS-CYBER: 2.92 PAPERS-NUCLEAR: 3.00 PAPERS-OTHER: nan CORE: 2.10 AUX: nan ALL: nan 
[GPU 0] [08:26:52] [INFO] Step: 21000, LR: 1.79e-04
[GPU 0] [08:26:52] [INFO] Train Loss: CORE: 2.40 CODE-LISP: 0.92 PAPERS-BIOLOGY: 2.69 PAPERS-CYBER: 2.89 PAPERS-NUCLEAR: 3.01 
[GPU 0] [08:26:52] [INFO] Val Loss: CODE-LISP: 0.96 CODE-OTHER: nan FINEWEB: nan PAPERS-BIOLOGY: 2.58 PAPERS-CYBER: 2.85 PAPERS-NUCLEAR: 2.94 PAPERS-OTHER: nan CORE: 1.94 AUX: nan ALL: nan 
[GPU 0] [08:31:10] [INFO] Step: 21550, LR: 1.00e-08
[GPU 0] [08:31:10] [INFO] Train Loss: CORE: 2.61 CODE-LISP: 0.89 PAPERS-BIOLOGY: 2.63 PAPERS-CYBER: 2.85 PAPERS-NUCLEAR: 2.98 
[GPU 0] [08:31:10] [INFO] Val Loss: CODE-LISP: 0.97 CODE-OTHER: nan FINEWEB: nan PAPERS-BIOLOGY: 2.57 PAPERS-CYBER: 2.84 PAPERS-NUCLEAR: 2.93 PAPERS-OTHER: nan CORE: 1.98 AUX: nan ALL: nan 
[GPU 0] [08:32:02] [INFO] ---- Begin Eval ----
[GPU 0] [08:32:02] [INFO] Data: core | Experts: None
[GPU 0] [08:32:15] [INFO] loss: 2.01550603
[GPU 0] [08:32:15] [INFO] Data: code-lisp | Experts: None
[GPU 0] [08:32:19] [INFO] loss: 0.96594673
[GPU 0] [08:32:19] [INFO] Data: papers-biology | Experts: None
[GPU 0] [08:32:24] [INFO] loss: 2.57543945
[GPU 0] [08:32:24] [INFO] Data: papers-nuclear | Experts: None
[GPU 0] [08:32:28] [INFO] loss: 2.92776918
[GPU 0] [08:32:28] [INFO] Data: papers-cyber | Experts: None
[GPU 0] [08:32:32] [INFO] loss: 2.83956456
[GPU 0] [08:32:36] [INFO] BASELINE - ADVERSARIAL FT START
[GPU 0] [08:32:36] [INFO] ---- Begin FT | Experts: None | Data: ['code-lisp'] ----
[GPU 0] [08:32:36] [DEBUG] num_seq: 512, num_rounds: 200, patience: 10
[GPU 0] [08:32:36] [DEBUG] local_x: torch.Size([64, 1024]), local_y: torch.Size([64, 1024]), num_steps: 3, per_gpu: 64, mbs_size: 23
[GPU 0] [08:33:39] [INFO] New best validation loss: 0.9757 @ step 0
[GPU 0] [08:33:50] [INFO] New best validation loss: 0.9648 @ step 1
[GPU 0] [08:34:01] [INFO] New best validation loss: 0.9596 @ step 2
[GPU 0] [08:36:02] [INFO] Stop FT @ 14: no val improvement for 10 steps
[GPU 0] [08:36:02] [INFO] Wrote stats.jsonl entries at FT step 2 
[GPU 0] [08:36:03] [INFO] ---- Begin FT | Experts: None | Data: ['papers-biology'] ----
[GPU 0] [08:36:03] [DEBUG] num_seq: 512, num_rounds: 200, patience: 10
[GPU 0] [08:36:03] [DEBUG] local_x: torch.Size([64, 1024]), local_y: torch.Size([64, 1024]), num_steps: 3, per_gpu: 64, mbs_size: 23
[GPU 0] [08:36:15] [INFO] New best validation loss: 2.6120 @ step 0
[GPU 0] [08:36:25] [INFO] New best validation loss: 2.5905 @ step 1
[GPU 0] [08:36:36] [INFO] New best validation loss: 2.5866 @ step 2
[GPU 0] [08:36:47] [INFO] New best validation loss: 2.5800 @ step 3
[GPU 0] [08:36:59] [INFO] New best validation loss: 2.5791 @ step 4
[GPU 0] [08:39:00] [INFO] Stop FT @ 16: no val improvement for 10 steps
[GPU 0] [08:39:00] [INFO] Wrote stats.jsonl entries at FT step 4 
[GPU 0] [08:39:01] [INFO] ---- Begin FT | Experts: None | Data: ['papers-cyber'] ----
[GPU 0] [08:39:01] [DEBUG] num_seq: 512, num_rounds: 200, patience: 10
[GPU 0] [08:39:01] [DEBUG] local_x: torch.Size([64, 1024]), local_y: torch.Size([64, 1024]), num_steps: 3, per_gpu: 64, mbs_size: 23
[GPU 0] [08:39:12] [INFO] New best validation loss: 2.8610 @ step 0
[GPU 0] [08:39:23] [INFO] New best validation loss: 2.8522 @ step 1
[GPU 0] [08:39:34] [INFO] New best validation loss: 2.8480 @ step 2
[GPU 0] [08:39:45] [INFO] New best validation loss: 2.8437 @ step 3
[GPU 0] [08:39:57] [INFO] New best validation loss: 2.8424 @ step 4
[GPU 0] [08:42:04] [INFO] Stop FT @ 16: no val improvement for 10 steps
[GPU 0] [08:42:04] [INFO] Wrote stats.jsonl entries at FT step 4 
[GPU 0] [08:42:05] [INFO] ---- Begin FT | Experts: None | Data: ['papers-nuclear'] ----
[GPU 0] [08:42:05] [DEBUG] num_seq: 512, num_rounds: 200, patience: 10
[GPU 0] [08:42:05] [DEBUG] local_x: torch.Size([64, 1024]), local_y: torch.Size([64, 1024]), num_steps: 3, per_gpu: 64, mbs_size: 23
[GPU 0] [08:42:16] [INFO] New best validation loss: 2.9408 @ step 0
[GPU 0] [08:42:27] [INFO] New best validation loss: 2.9224 @ step 1
[GPU 0] [08:42:38] [INFO] New best validation loss: 2.9210 @ step 2
[GPU 0] [08:42:49] [INFO] New best validation loss: 2.9193 @ step 3
[GPU 0] [08:43:01] [INFO] New best validation loss: 2.9184 @ step 4
[GPU 0] [08:45:03] [INFO] Stop FT @ 16: no val improvement for 10 steps
[GPU 0] [08:45:03] [INFO] Wrote stats.jsonl entries at FT step 4 
[GPU 0] [08:45:08] [INFO] ----------------------------------------
[GPU 0] [08:45:08] [INFO] Finished. See /workspace/gradient-routing/experiments/AGI-1699-New-Dataset-Runs/results/scaling/realistic/base/400M/seed_1/20260422053326285778
