[GPU 0] [23:48:07] [INFO] Number of GPUs: 8
[GPU 0] [23:48:10] [INFO] Tokenizer vocabulary: 50257
[GPU 0] [23:48:10] [INFO] Set model vocab size to nearest multiple of 64 of tokenizer size: 50304
[GPU 0] [23:48:12] [INFO] target effective batch size: 212, actual effective batch size: 216, micro batch size: 27, accumulation steps: 1, num gpus: 8
[GPU 0] [23:48:12] [INFO] core total number of tokens: 66749057569
[GPU 0] [23:48:12] [INFO] Baseline model has 199,891,008 parameters
[GPU 0] [23:48:12] [INFO] core: chinchilla optimal tokens: 3,997,820,160, requested proportion: 1.0000, requested number of tokens: 3,997,820,160.0, 
[GPU 0] [23:48:12] [INFO] aux total number of tokens: 4835776549
[GPU 0] [23:48:12] [INFO] Baseline model has 199,891,008 parameters
[GPU 0] [23:48:12] [INFO] aux: chinchilla optimal tokens: 3,997,820,160, requested proportion: 0.0100, requested number of tokens: 39,978,201.6, 
[GPU 0] [23:48:12] [DEBUG] Saved config to /workspace/gradient-routing/experiments/AGI-1699-New-Dataset-Runs/results/scaling/realistic/grmoe/200M/seed_2/20260422234803888384/config.json
[GPU 0] [23:48:12] [DEBUG] {
    "stages": [
        {
            "name": "routed",
            "num_checkpoints": -1,
            "lr": 0.0008677257023958782,
            "res_dir": "/workspace/gradient-routing/experiments/AGI-1699-New-Dataset-Runs/results/scaling/realistic/grmoe/200M/seed_2/20260422234803888384/routed",
            "do_eval": true,
            "do_sample": false,
            "num_train_evals": 0,
            "do_elicit": true,
            "elicit_eval_prc": 0.5,
            "elicit_num_evals": 100,
            "model": {
                "arch": "moe",
                "tokenizer": "GPT2Tokenizer(name_or_path='EleutherAI/gpt-neo-125M', vocab_size=50257, model_max_length=2048, padding_side='right', truncation_side='right', special_tokens={'bos_token': '<|endoftext|>', 'eos_token': '<|endoftext|>', 'unk_token': '<|endoftext|>'}, added_tokens_decoder={\n\t50256: AddedToken(\"<|endoftext|>\", rstrip=False, lstrip=False, single_word=False, normalized=True, special=True),\n}\n)",
                "ctx_len": 1024,
                "vocab_size": 50304,
                "num_layers": 13,
                "num_heads": 8,
                "num_key_value": 2,
                "attn_bias": true,
                "eos_token_id": 50256,
                "embed_dim": 896,
                "mlp_dim": 3584,
                "core_param_prc": 1.0,
                "aux_param_prc": 0.1
            },
            "eval_arbsub": false,
            "aux_factor": {
                "code-lisp": 4.0,
                "papers-biology": 3.0,
                "papers-nuclear": 3.0,
                "papers-cyber": 3.0
            },
            "robust_prc": 0.2,
            "aux_route_prc": 0.5,
            "equal_compute": true
        }
    ],
    "model": {
        "arch": "base",
        "tokenizer": "GPT2Tokenizer(name_or_path='EleutherAI/gpt-neo-125M', vocab_size=50257, model_max_length=2048, padding_side='right', truncation_side='right', special_tokens={'bos_token': '<|endoftext|>', 'eos_token': '<|endoftext|>', 'unk_token': '<|endoftext|>'}, added_tokens_decoder={\n\t50256: AddedToken(\"<|endoftext|>\", rstrip=False, lstrip=False, single_word=False, normalized=True, special=True),\n}\n)",
        "ctx_len": 1024,
        "vocab_size": 50304,
        "num_layers": 13,
        "num_heads": 8,
        "num_key_value": 2,
        "attn_bias": true,
        "eos_token_id": 50256,
        "embed_dim": 896,
        "mlp_dim": 3584
    },
    "data": {
        "dirs": [
            "/workspace/gradient-routing/experiments/AGI-1699-New-Dataset-Runs/src/data/fineweb",
            "/workspace/gradient-routing/experiments/AGI-1699-New-Dataset-Runs/src/data/code",
            "/workspace/gradient-routing/experiments/AGI-1699-New-Dataset-Runs/src/data/papers"
        ],
        "core": {
            "labels": [
                "fineweb",
                "code-other",
                "papers-other"
            ],
            "method": "optimal",
            "limit": 1.0,
            "dist": {
                "fineweb": 0.84,
                "code-other": 0.15,
                "papers-other": 0.01
            },
            "num_tok": 3997820160.0
        },
        "aux": {
            "labels": [
                "code-lisp",
                "papers-biology",
                "papers-nuclear",
                "papers-cyber"
            ],
            "method": "optimal",
            "limit": 0.01,
            "dist": {
                "code-lisp": 0.25,
                "papers-biology": 0.25,
                "papers-nuclear": 0.25,
                "papers-cyber": 0.25
            },
            "num_tok": 39978201.6
        }
    },
    "run": {
        "target_effective_batch_size": 212,
        "effective_batch_size": 216,
        "micro_batch_size": 27,
        "accumulation_steps": 1,
        "max_num_test_sequences": 10000,
        "eval_all_labels": false,
        "micro_batch_anchors": [
            [
                400000000.0,
                23
            ],
            [
                5000000000.0,
                2
            ]
        ],
        "epochs": 1,
        "adam_betas": [
            0.9,
            0.95
        ],
        "warmup_prc": 0.02,
        "decay_prc": 0.1,
        "seed": 2,
        "compile": true,
        "is_ddp": true,
        "optimize_routed": true,
        "cleanup_distributed": false,
        "log_level": "DEBUG",
        "num_gpus": 8,
        "process_id": 0,
        "num_base_params": 199891008,
        "device": "cuda",
        "logger": "<Logger training_20260422234803888384 (DEBUG)>",
        "labels": [
            "core",
            "code-lisp",
            "papers-biology",
            "papers-cyber",
            "papers-nuclear"
        ],
        "loaders": {
            "code-lisp": {
                "train": "SingleDataLoader(code-lisp_train_001.bin, len=45)",
                "test": "InterleavedDataLoader(len=45)"
            },
            "code-other": {
                "train": "SingleDataLoader(code-other_train_003.bin, len=2711)",
                "test": "InterleavedDataLoader(len=47)"
            },
            "fineweb": {
                "train": "InterleavedDataLoader(len=15182)",
                "test": "InterleavedDataLoader(len=47)"
            },
            "papers-biology": {
                "train": "SingleDataLoader(papers-biology_train.bin, len=45)",
                "test": "SingleDataLoader(papers-biology_test.bin, len=45)"
            },
            "papers-cyber": {
                "train": "SingleDataLoader(papers-cyber_train.bin, len=45)",
                "test": "SingleDataLoader(papers-cyber_test.bin, len=45)"
            },
            "papers-nuclear": {
                "train": "SingleDataLoader(papers-nuclear_train.bin, len=45)",
                "test": "SingleDataLoader(papers-nuclear_test.bin, len=45)"
            },
            "papers-other": {
                "train": "SingleDataLoader(papers-other_train.bin, len=180)",
                "test": "SingleDataLoader(papers-other_test.bin, len=47)"
            },
            "core": {
                "train": "InterleavedDataLoader(len=18073)",
                "test": "InterleavedDataLoader(len=141)"
            },
            "aux": {
                "train": "InterleavedDataLoader(len=180)",
                "test": "InterleavedDataLoader(len=180)"
            },
            "all": {
                "train": "InterleavedDataLoader(len=18253)",
                "test": "InterleavedDataLoader(len=321)"
            }
        },
        "res_root": "/workspace/gradient-routing/experiments/AGI-1699-New-Dataset-Runs/results/scaling/realistic/grmoe/200M/seed_2",
        "experiment_id": "20260422234803888384",
        "s3_bucket": "ae-gradient-routing-results",
        "s3_prefix": "scaling/realistic/grmoe/200M/seed_2"
    }
}
[GPU 0] [23:48:12] [INFO] Loader code-lisp train: 45, test: 45
[GPU 0] [23:48:12] [INFO] Loader code-other train: 2711, test: 47
[GPU 0] [23:48:12] [INFO] Loader fineweb train: 15182, test: 47
[GPU 0] [23:48:12] [INFO] Loader papers-biology train: 45, test: 45
[GPU 0] [23:48:12] [INFO] Loader papers-cyber train: 45, test: 45
[GPU 0] [23:48:12] [INFO] Loader papers-nuclear train: 45, test: 45
[GPU 0] [23:48:12] [INFO] Loader papers-other train: 180, test: 47
[GPU 0] [23:48:12] [INFO] Loader core train: 18073, test: 141
[GPU 0] [23:48:12] [INFO] Loader aux train: 180, test: 180
[GPU 0] [23:48:12] [INFO] Loader all train: 18253, test: 321
[GPU 0] [23:48:12] [INFO] Stage [routed] start: {"name": "routed", "num_checkpoints": -1, "lr": 0.0008677257023958782, "res_dir": "/workspace/gradient-routing/experiments/AGI-1699-New-Dataset-Runs/results/scaling/realistic/grmoe/200M/seed_2/20260422234803888384/routed", "do_eval": true, "do_sample": false, "num_train_evals": 0, "do_elicit": true, "elicit_eval_prc": 0.5, "elicit_num_evals": 100, "model": {"arch": "moe", "tokenizer": "GPT2Tokenizer(name_or_path='EleutherAI/gpt-neo-125M', vocab_size=50257, model_max_length=2048, padding_side='right', truncation_side='right', special_tokens={'bos_token': '<|endoftext|>', 'eos_token': '<|endoftext|>', 'unk_token': '<|endoftext|>'}, added_tokens_decoder={\n\t50256: AddedToken(\"<|endoftext|>\", rstrip=False, lstrip=False, single_word=False, normalized=True, special=True),\n}\n)", "ctx_len": 1024, "vocab_size": 50304, "num_layers": 13, "num_heads": 8, "num_key_value": 2, "attn_bias": true, "eos_token_id": 50256, "embed_dim": 896, "mlp_dim": 3584, "core_param_prc": 1.0, "aux_param_prc": 0.1}, "eval_arbsub": false, "aux_factor": {"code-lisp": 4.0, "papers-biology": 3.0, "papers-nuclear": 3.0, "papers-cyber": 3.0}, "robust_prc": 0.2, "aux_route_prc": 0.5, "equal_compute": true}
[GPU 0] [23:48:12] [INFO] ROUTED START
[GPU 0] [23:48:13] [INFO] Initialized MoETransformer with 235,740,224 total parameters
[GPU 0] [23:48:13] [INFO]   Label 'core' has 83,551,104 parameters
[GPU 0] [23:48:13] [INFO]   Label 'code-lisp' has 8,962,304 parameters
[GPU 0] [23:48:13] [INFO]   Label 'papers-biology' has 8,962,304 parameters
[GPU 0] [23:48:13] [INFO]   Label 'papers-cyber' has 8,962,304 parameters
[GPU 0] [23:48:13] [INFO]   Label 'papers-nuclear' has 8,962,304 parameters
[GPU 0] [23:48:13] [INFO]   Label 'SHARED' has 116,339,904 parameters
[GPU 0] [23:48:13] [INFO] Compiling MoETransformer with torch.compile...
[GPU 0] [23:48:13] [INFO] torch.compile done
[GPU 0] [23:48:14] [WARNING] restore_partial_state: no checkpoint found at /workspace/gradient-routing/experiments/AGI-1699-New-Dataset-Runs/results/scaling/realistic/grmoe/200M/seed_2/20260422234803888384/routed
[GPU 0] [23:48:14] [INFO] ---- Begin Routed Unordered ----
[GPU 0] [23:48:14] [INFO] compute-equal: initial len_base: 14134 & len_ft: 4119
[GPU 0] [23:48:14] [INFO] compute-equal: flop_diff < 0, (-36915730176.0 < 0), must truncate training
[GPU 0] [23:48:14] [INFO] compute-equal: len_base: -92 -> 14042, len_ft: -88 -> 4031
[GPU 0] [23:48:14] [WARNING] utilized_aux > len_all_aux, (573 > 180), must resample aux
[GPU 0] [23:48:14] [INFO] Batch [('core', ('core',), ('core', 'SHARED'))] count: 14042
[GPU 0] [23:48:14] [INFO] Batch [('code-lisp', ('core', 'code-lisp'), ('code-lisp',))] count: 154
[GPU 0] [23:48:14] [INFO] Batch [('code-lisp', ('core', 'code-lisp'), ('core', 'code-lisp', 'SHARED'))] count: 22
[GPU 0] [23:48:14] [INFO] Batch [('core', ('core', 'code-lisp'), ('core', 'code-lisp', 'SHARED'))] count: 1064
[GPU 0] [23:48:14] [INFO] Batch [('core', ('core', 'papers-biology'), ('core', 'papers-biology', 'SHARED'))] count: 798
[GPU 0] [23:48:14] [INFO] Batch [('papers-biology', ('core', 'papers-biology'), ('core', 'papers-biology', 'SHARED'))] count: 22
[GPU 0] [23:48:14] [INFO] Batch [('papers-biology', ('core', 'papers-biology'), ('papers-biology',))] count: 110
[GPU 0] [23:48:14] [INFO] Batch [('core', ('core', 'papers-cyber'), ('core', 'papers-cyber', 'SHARED'))] count: 798
[GPU 0] [23:48:14] [INFO] Batch [('papers-cyber', ('core', 'papers-cyber'), ('core', 'papers-cyber', 'SHARED'))] count: 22
[GPU 0] [23:48:14] [INFO] Batch [('papers-cyber', ('core', 'papers-cyber'), ('papers-cyber',))] count: 110
[GPU 0] [23:48:14] [INFO] Batch [('core', ('core', 'papers-nuclear'), ('core', 'papers-nuclear', 'SHARED'))] count: 798
[GPU 0] [23:48:14] [INFO] Batch [('papers-nuclear', ('core', 'papers-nuclear'), ('core', 'papers-nuclear', 'SHARED'))] count: 22
[GPU 0] [23:48:14] [INFO] Batch [('papers-nuclear', ('core', 'papers-nuclear'), ('papers-nuclear',))] count: 110
[GPU 0] [23:48:14] [INFO] 
len_all: 18253, len_all_aux: 180, len_all_core: 18073,
len_base: 14042, len_ft: 4031,
len_core_for_ft: 3458, len_aux_for_ft: 573,
aux_factor: {'code-lisp': 4.0, 'papers-biology': 3.0, 'papers-nuclear': 3.0, 'papers-cyber': 3.0}, robust_prc: 0.2,
aux_route_prc: 0.5, equal_compute: True
[GPU 0] [23:48:14] [WARNING] len(batches) != expected, (18072 != 18073), 1 length difference
[GPU 0] [23:48:14] [INFO] ---- Begin Routed ----
[GPU 0] [23:48:14] [INFO] LR schedule group 0: steps [0, 18072), warmup=361, constant=15904, decay=1807
[GPU 0] [23:48:14] [INFO] LR Scheduler: Group warmup (step 0)
[GPU 0] [23:48:14] [INFO] CUDA memory before training loop:
[GPU 0] [23:48:14] [INFO] |===========================================================================|
[GPU 0] [23:48:14] [INFO] |                  PyTorch CUDA memory summary, device ID 0                 |
[GPU 0] [23:48:14] [INFO] |---------------------------------------------------------------------------|
[GPU 0] [23:48:14] [INFO] |            CUDA OOMs: 0            |        cudaMalloc retries: 0         |
[GPU 0] [23:48:14] [INFO] |===========================================================================|
[GPU 0] [23:48:14] [INFO] |        Metric         | Cur Usage  | Peak Usage | Tot Alloc  | Tot Freed  |
[GPU 0] [23:48:14] [INFO] |---------------------------------------------------------------------------|
[GPU 0] [23:48:14] [INFO] | Allocated memory      |   1146 MiB |  44619 MiB |  18632 TiB |  18632 TiB |
[GPU 0] [23:48:14] [INFO] |       from large pool |   1066 MiB |  44611 MiB |  18616 TiB |  18616 TiB |
[GPU 0] [23:48:14] [INFO] |       from small pool |     79 MiB |    241 MiB |     16 TiB |     16 TiB |
[GPU 0] [23:48:14] [INFO] |---------------------------------------------------------------------------|
[GPU 0] [23:48:14] [INFO] | Active memory         |   1146 MiB |  44619 MiB |  18632 TiB |  18632 TiB |
[GPU 0] [23:48:14] [INFO] |       from large pool |   1066 MiB |  44611 MiB |  18616 TiB |  18616 TiB |
[GPU 0] [23:48:14] [INFO] |       from small pool |     79 MiB |    241 MiB |     16 TiB |     16 TiB |
[GPU 0] [23:48:14] [INFO] |---------------------------------------------------------------------------|
[GPU 0] [23:48:14] [INFO] | Requested memory      |   1146 MiB |  44619 MiB |  18632 TiB |  18632 TiB |
[GPU 0] [23:48:14] [INFO] |       from large pool |   1066 MiB |  44611 MiB |  18616 TiB |  18616 TiB |
[GPU 0] [23:48:14] [INFO] |       from small pool |     79 MiB |    241 MiB |     16 TiB |     16 TiB |
[GPU 0] [23:48:14] [INFO] |---------------------------------------------------------------------------|
[GPU 0] [23:48:14] [INFO] | GPU reserved memory   |   1222 MiB |  46190 MiB |  51399 GiB |  51398 GiB |
[GPU 0] [23:48:14] [INFO] |       from large pool |   1140 MiB |  46180 MiB |  51321 GiB |  51320 GiB |
[GPU 0] [23:48:14] [INFO] |       from small pool |     82 MiB |    242 MiB |     78 GiB |     78 GiB |
[GPU 0] [23:48:14] [INFO] |---------------------------------------------------------------------------|
[GPU 0] [23:48:14] [INFO] | Non-releasable memory |      0 B   |      0 B   |      0 B   |      0 B   |
[GPU 0] [23:48:14] [INFO] |       from large pool |      0 B   |      0 B   |      0 B   |      0 B   |
[GPU 0] [23:48:14] [INFO] |       from small pool |      0 B   |      0 B   |      0 B   |      0 B   |
[GPU 0] [23:48:14] [INFO] |---------------------------------------------------------------------------|
[GPU 0] [23:48:14] [INFO] | Allocations           |     403    |    3538    |  396129 K  |  396128 K  |
[GPU 0] [23:48:14] [INFO] |       from large pool |      86    |    1499    |  257306 K  |  257306 K  |
[GPU 0] [23:48:14] [INFO] |       from small pool |     317    |    2159    |  138822 K  |  138821 K  |
[GPU 0] [23:48:14] [INFO] |---------------------------------------------------------------------------|
[GPU 0] [23:48:14] [INFO] | Active allocs         |     403    |    3538    |  396129 K  |  396128 K  |
[GPU 0] [23:48:14] [INFO] |       from large pool |      86    |    1499    |  257306 K  |  257306 K  |
[GPU 0] [23:48:14] [INFO] |       from small pool |     317    |    2159    |  138822 K  |  138821 K  |
[GPU 0] [23:48:14] [INFO] |---------------------------------------------------------------------------|
[GPU 0] [23:48:14] [INFO] | GPU reserved segments |       0    |       0    |       0    |       0    |
[GPU 0] [23:48:14] [INFO] |       from large pool |       0    |       0    |       0    |       0    |
[GPU 0] [23:48:14] [INFO] |       from small pool |       0    |       0    |       0    |       0    |
[GPU 0] [23:48:14] [INFO] |---------------------------------------------------------------------------|
[GPU 0] [23:48:14] [INFO] | Non-releasable allocs |       0    |       0    |       0    |       0    |
[GPU 0] [23:48:14] [INFO] |       from large pool |       0    |       0    |       0    |       0    |
[GPU 0] [23:48:14] [INFO] |       from small pool |       0    |       0    |       0    |       0    |
[GPU 0] [23:48:14] [INFO] |---------------------------------------------------------------------------|
[GPU 0] [23:48:14] [INFO] | Oversize allocations  |       0    |       0    |       0    |       0    |
[GPU 0] [23:48:14] [INFO] |---------------------------------------------------------------------------|
[GPU 0] [23:48:14] [INFO] | Oversize GPU segments |       0    |       0    |       0    |       0    |
[GPU 0] [23:48:14] [INFO] |===========================================================================|
[GPU 0] [23:48:14] [INFO] 
[GPU 0] [23:48:14] [INFO] Batch group start, LR: 1.0000e-08, 18072 batches
[GPU 0] [23:48:22] [INFO] CUDA memory after first training step:
[GPU 0] [23:48:22] [INFO] |===========================================================================|
[GPU 0] [23:48:22] [INFO] |                  PyTorch CUDA memory summary, device ID 0                 |
[GPU 0] [23:48:22] [INFO] |---------------------------------------------------------------------------|
[GPU 0] [23:48:22] [INFO] |            CUDA OOMs: 0            |        cudaMalloc retries: 0         |
[GPU 0] [23:48:22] [INFO] |===========================================================================|
[GPU 0] [23:48:22] [INFO] |        Metric         | Cur Usage  | Peak Usage | Tot Alloc  | Tot Freed  |
[GPU 0] [23:48:22] [INFO] |---------------------------------------------------------------------------|
[GPU 0] [23:48:22] [INFO] | Allocated memory      |   4561 MiB |  44619 MiB |  18632 TiB |  18632 TiB |
[GPU 0] [23:48:22] [INFO] |       from large pool |   4461 MiB |  44611 MiB |  18616 TiB |  18616 TiB |
[GPU 0] [23:48:22] [INFO] |       from small pool |    100 MiB |    241 MiB |     16 TiB |     16 TiB |
[GPU 0] [23:48:22] [INFO] |---------------------------------------------------------------------------|
[GPU 0] [23:48:22] [INFO] | Active memory         |   4561 MiB |  44619 MiB |  18632 TiB |  18632 TiB |
[GPU 0] [23:48:22] [INFO] |       from large pool |   4461 MiB |  44611 MiB |  18616 TiB |  18616 TiB |
[GPU 0] [23:48:22] [INFO] |       from small pool |    100 MiB |    241 MiB |     16 TiB |     16 TiB |
[GPU 0] [23:48:22] [INFO] |---------------------------------------------------------------------------|
[GPU 0] [23:48:22] [INFO] | Requested memory      |   4561 MiB |  44619 MiB |  18632 TiB |  18632 TiB |
[GPU 0] [23:48:22] [INFO] |       from large pool |   4461 MiB |  44611 MiB |  18616 TiB |  18616 TiB |
[GPU 0] [23:48:22] [INFO] |       from small pool |    100 MiB |    241 MiB |     16 TiB |     16 TiB |
[GPU 0] [23:48:22] [INFO] |---------------------------------------------------------------------------|
[GPU 0] [23:48:22] [INFO] | GPU reserved memory   |  32202 MiB |  46190 MiB |  51429 GiB |  51398 GiB |
[GPU 0] [23:48:22] [INFO] |       from large pool |  32100 MiB |  46180 MiB |  51351 GiB |  51320 GiB |
[GPU 0] [23:48:22] [INFO] |       from small pool |    102 MiB |    242 MiB |     78 GiB |     78 GiB |
[GPU 0] [23:48:22] [INFO] |---------------------------------------------------------------------------|
[GPU 0] [23:48:22] [INFO] | Non-releasable memory |      0 B   |      0 B   |      0 B   |      0 B   |
[GPU 0] [23:48:22] [INFO] |       from large pool |      0 B   |      0 B   |      0 B   |      0 B   |
[GPU 0] [23:48:22] [INFO] |       from small pool |      0 B   |      0 B   |      0 B   |      0 B   |
[GPU 0] [23:48:22] [INFO] |---------------------------------------------------------------------------|
[GPU 0] [23:48:22] [INFO] | Allocations           |     888    |    3538    |  396130 K  |  396129 K  |
[GPU 0] [23:48:22] [INFO] |       from large pool |     195    |    1499    |  257307 K  |  257307 K  |
[GPU 0] [23:48:22] [INFO] |       from small pool |     693    |    2159    |  138823 K  |  138822 K  |
[GPU 0] [23:48:22] [INFO] |---------------------------------------------------------------------------|
[GPU 0] [23:48:22] [INFO] | Active allocs         |     888    |    3538    |  396130 K  |  396129 K  |
[GPU 0] [23:48:22] [INFO] |       from large pool |     195    |    1499    |  257307 K  |  257307 K  |
[GPU 0] [23:48:22] [INFO] |       from small pool |     693    |    2159    |  138823 K  |  138822 K  |
[GPU 0] [23:48:22] [INFO] |---------------------------------------------------------------------------|
[GPU 0] [23:48:22] [INFO] | GPU reserved segments |       0    |       0    |       0    |       0    |
[GPU 0] [23:48:22] [INFO] |       from large pool |       0    |       0    |       0    |       0    |
[GPU 0] [23:48:22] [INFO] |       from small pool |       0    |       0    |       0    |       0    |
[GPU 0] [23:48:22] [INFO] |---------------------------------------------------------------------------|
[GPU 0] [23:48:22] [INFO] | Non-releasable allocs |       0    |       0    |       0    |       0    |
[GPU 0] [23:48:22] [INFO] |       from large pool |       0    |       0    |       0    |       0    |
[GPU 0] [23:48:22] [INFO] |       from small pool |       0    |       0    |       0    |       0    |
[GPU 0] [23:48:22] [INFO] |---------------------------------------------------------------------------|
[GPU 0] [23:48:22] [INFO] | Oversize allocations  |       0    |       0    |       0    |       0    |
[GPU 0] [23:48:22] [INFO] |---------------------------------------------------------------------------|
[GPU 0] [23:48:22] [INFO] | Oversize GPU segments |       0    |       0    |       0    |       0    |
[GPU 0] [23:48:22] [INFO] |===========================================================================|
[GPU 0] [23:48:22] [INFO] 
[GPU 0] [23:48:22] [INFO] Step: 1, LR: 2.4136e-06
[GPU 0] [23:48:22] [INFO] Train Loss: CORE: 11.00 CODE-LISP: nan PAPERS-BIOLOGY: nan PAPERS-CYBER: nan PAPERS-NUCLEAR: nan 
[GPU 0] [23:49:19] [INFO] LR Scheduler: Group constant (step 361)
[GPU 0] [23:50:52] [INFO] Step: 1000, LR: 8.6773e-04
[GPU 0] [23:50:52] [INFO] Train Loss: CORE: 3.98 CODE-LISP: 4.53 PAPERS-BIOLOGY: 5.34 PAPERS-CYBER: 6.12 PAPERS-NUCLEAR: 5.52 
[GPU 0] [23:53:17] [INFO] Step: 2000, LR: 8.6773e-04
[GPU 0] [23:53:17] [INFO] Train Loss: CORE: 3.31 CODE-LISP: 3.11 PAPERS-BIOLOGY: 4.59 PAPERS-CYBER: 5.12 PAPERS-NUCLEAR: 5.03 
[GPU 0] [23:55:41] [INFO] Step: 3000, LR: 8.6773e-04
[GPU 0] [23:55:41] [INFO] Train Loss: CORE: 3.05 CODE-LISP: 2.66 PAPERS-BIOLOGY: 4.20 PAPERS-CYBER: 4.76 PAPERS-NUCLEAR: 4.61 
[GPU 0] [23:58:05] [INFO] Step: 4000, LR: 8.6773e-04
[GPU 0] [23:58:05] [INFO] Train Loss: CORE: 3.23 CODE-LISP: 2.54 PAPERS-BIOLOGY: 4.03 PAPERS-CYBER: 4.60 PAPERS-NUCLEAR: 4.41 
[GPU 0] [00:00:29] [INFO] Step: 5000, LR: 8.6773e-04
[GPU 0] [00:00:29] [INFO] Train Loss: CORE: 3.15 CODE-LISP: 2.34 PAPERS-BIOLOGY: 3.94 PAPERS-CYBER: 4.51 PAPERS-NUCLEAR: 4.26 
[GPU 0] [00:02:54] [INFO] Step: 6000, LR: 8.6773e-04
[GPU 0] [00:02:54] [INFO] Train Loss: CORE: 3.10 CODE-LISP: 2.16 PAPERS-BIOLOGY: 3.77 PAPERS-CYBER: 4.33 PAPERS-NUCLEAR: 4.20 
[GPU 0] [00:05:22] [INFO] Step: 7000, LR: 8.6773e-04
[GPU 0] [00:05:22] [INFO] Train Loss: CORE: 3.00 CODE-LISP: 2.04 PAPERS-BIOLOGY: 3.76 PAPERS-CYBER: 4.22 PAPERS-NUCLEAR: 4.08 
[GPU 0] [00:07:46] [INFO] Step: 8000, LR: 8.6773e-04
[GPU 0] [00:07:46] [INFO] Train Loss: CORE: 2.98 CODE-LISP: 1.96 PAPERS-BIOLOGY: 3.69 PAPERS-CYBER: 4.15 PAPERS-NUCLEAR: 4.00 
[GPU 0] [00:10:10] [INFO] Step: 9000, LR: 8.6773e-04
[GPU 0] [00:10:10] [INFO] Train Loss: CORE: 2.99 CODE-LISP: 1.92 PAPERS-BIOLOGY: 3.63 PAPERS-CYBER: 4.08 PAPERS-NUCLEAR: 3.96 
[GPU 0] [00:12:34] [INFO] Step: 10000, LR: 8.6773e-04
[GPU 0] [00:12:34] [INFO] Train Loss: CORE: 3.08 CODE-LISP: 1.83 PAPERS-BIOLOGY: 3.57 PAPERS-CYBER: 4.00 PAPERS-NUCLEAR: 3.88 
[GPU 0] [00:14:57] [INFO] Step: 11000, LR: 8.6773e-04
[GPU 0] [00:14:57] [INFO] Train Loss: CORE: 2.97 CODE-LISP: 1.53 PAPERS-BIOLOGY: 3.50 PAPERS-CYBER: 3.95 PAPERS-NUCLEAR: 3.85 
[GPU 0] [00:17:22] [INFO] Step: 12000, LR: 8.6773e-04
[GPU 0] [00:17:22] [INFO] Train Loss: CORE: 2.87 CODE-LISP: 1.47 PAPERS-BIOLOGY: 3.45 PAPERS-CYBER: 3.90 PAPERS-NUCLEAR: 3.79 
[GPU 0] [00:19:50] [INFO] Step: 13000, LR: 8.6773e-04
[GPU 0] [00:19:50] [INFO] Train Loss: CORE: 2.77 CODE-LISP: 1.37 PAPERS-BIOLOGY: 3.40 PAPERS-CYBER: 3.86 PAPERS-NUCLEAR: 3.69 
[GPU 0] [00:22:14] [INFO] Step: 14000, LR: 8.6773e-04
[GPU 0] [00:22:14] [INFO] Train Loss: CORE: 2.81 CODE-LISP: 1.31 PAPERS-BIOLOGY: 3.29 PAPERS-CYBER: 3.81 PAPERS-NUCLEAR: 3.61 
[GPU 0] [00:24:38] [INFO] Step: 15000, LR: 8.6773e-04
[GPU 0] [00:24:38] [INFO] Train Loss: CORE: 2.81 CODE-LISP: 1.27 PAPERS-BIOLOGY: 3.15 PAPERS-CYBER: 3.73 PAPERS-NUCLEAR: 3.50 
[GPU 0] [00:27:02] [INFO] Step: 16000, LR: 8.6773e-04
[GPU 0] [00:27:02] [INFO] Train Loss: CORE: 2.97 CODE-LISP: 1.24 PAPERS-BIOLOGY: 3.09 PAPERS-CYBER: 3.55 PAPERS-NUCLEAR: 3.49 
[GPU 0] [00:27:40] [INFO] LR Scheduler: Group decay (step 16265)
[GPU 0] [00:29:26] [INFO] Step: 17000, LR: 5.1478e-04
[GPU 0] [00:29:26] [INFO] Train Loss: CORE: 2.74 CODE-LISP: 1.20 PAPERS-BIOLOGY: 3.05 PAPERS-CYBER: 3.38 PAPERS-NUCLEAR: 3.44 
[GPU 0] [00:31:51] [INFO] Step: 18000, LR: 3.4584e-05
[GPU 0] [00:31:51] [INFO] Train Loss: CORE: 2.77 CODE-LISP: 1.18 PAPERS-BIOLOGY: 3.01 PAPERS-CYBER: 3.29 PAPERS-NUCLEAR: 3.40 
[GPU 0] [00:32:01] [INFO] Step: 18072, LR: 1.0000e-08
[GPU 0] [00:32:01] [INFO] Train Loss: CORE: 2.85 CODE-LISP: 1.17 PAPERS-BIOLOGY: 3.01 PAPERS-CYBER: 3.28 PAPERS-NUCLEAR: 3.40 
[GPU 0] [00:32:30] [INFO] ---- Begin Eval ----
[GPU 0] [00:32:30] [INFO] Data: core | Experts: ['core']
[GPU 0] [00:32:43] [INFO] loss: 2.22778821
[GPU 0] [00:32:43] [INFO] Data: code-lisp | Experts: ['core']
[GPU 0] [00:32:46] [INFO] loss: 1.68105459
[GPU 0] [00:32:46] [INFO] Data: papers-biology | Experts: ['core']
[GPU 0] [00:32:49] [INFO] loss: 2.89691830
[GPU 0] [00:32:49] [INFO] Data: papers-nuclear | Experts: ['core']
[GPU 0] [00:32:51] [INFO] loss: 3.23854160
[GPU 0] [00:32:51] [INFO] Data: papers-cyber | Experts: ['core']
[GPU 0] [00:32:54] [INFO] loss: 3.13285589
[GPU 0] [00:32:54] [INFO] ---- Begin Eval ----
[GPU 0] [00:32:54] [INFO] Data: core | Experts: ['code-lisp', 'core']
[GPU 0] [00:33:03] [INFO] loss: 2.23059344
[GPU 0] [00:33:03] [INFO] Data: code-lisp | Experts: ['code-lisp', 'core']
[GPU 0] [00:33:05] [INFO] loss: 1.11860895
[GPU 0] [00:33:05] [INFO] Data: papers-biology | Experts: ['code-lisp', 'core']
[GPU 0] [00:33:08] [INFO] loss: 2.89756966
[GPU 0] [00:33:08] [INFO] Data: papers-nuclear | Experts: ['code-lisp', 'core']
[GPU 0] [00:33:11] [INFO] loss: 3.24006057
[GPU 0] [00:33:11] [INFO] Data: papers-cyber | Experts: ['code-lisp', 'core']
[GPU 0] [00:33:13] [INFO] loss: 3.13515615
[GPU 0] [00:33:14] [INFO] ---- Begin Eval ----
[GPU 0] [00:33:14] [INFO] Data: core | Experts: ['core', 'papers-biology']
[GPU 0] [00:33:22] [INFO] loss: 2.23015690
[GPU 0] [00:33:22] [INFO] Data: code-lisp | Experts: ['core', 'papers-biology']
[GPU 0] [00:33:25] [INFO] loss: 1.67782116
[GPU 0] [00:33:25] [INFO] Data: papers-biology | Experts: ['core', 'papers-biology']
[GPU 0] [00:33:28] [INFO] loss: 2.82131076
[GPU 0] [00:33:28] [INFO] Data: papers-nuclear | Experts: ['core', 'papers-biology']
[GPU 0] [00:33:30] [INFO] loss: 3.23537302
[GPU 0] [00:33:30] [INFO] Data: papers-cyber | Experts: ['core', 'papers-biology']
[GPU 0] [00:33:33] [INFO] loss: 3.13450503
[GPU 0] [00:33:33] [INFO] ---- Begin Eval ----
[GPU 0] [00:33:33] [INFO] Data: core | Experts: ['core', 'papers-nuclear']
[GPU 0] [00:33:42] [INFO] loss: 2.23250127
[GPU 0] [00:33:42] [INFO] Data: code-lisp | Experts: ['core', 'papers-nuclear']
[GPU 0] [00:33:44] [INFO] loss: 1.67641056
[GPU 0] [00:33:44] [INFO] Data: papers-biology | Experts: ['core', 'papers-nuclear']
[GPU 0] [00:33:47] [INFO] loss: 2.89292526
[GPU 0] [00:33:47] [INFO] Data: papers-nuclear | Experts: ['core', 'papers-nuclear']
[GPU 0] [00:33:50] [INFO] loss: 3.15221357
[GPU 0] [00:33:50] [INFO] Data: papers-cyber | Experts: ['core', 'papers-nuclear']
[GPU 0] [00:33:52] [INFO] loss: 3.13164067
[GPU 0] [00:33:52] [INFO] ---- Begin Eval ----
[GPU 0] [00:33:52] [INFO] Data: core | Experts: ['core', 'papers-cyber']
[GPU 0] [00:34:01] [INFO] loss: 2.22677374
[GPU 0] [00:34:01] [INFO] Data: code-lisp | Experts: ['core', 'papers-cyber']
[GPU 0] [00:34:04] [INFO] loss: 1.67758250
[GPU 0] [00:34:04] [INFO] Data: papers-biology | Experts: ['core', 'papers-cyber']
[GPU 0] [00:34:06] [INFO] loss: 2.89526939
[GPU 0] [00:34:06] [INFO] Data: papers-nuclear | Experts: ['core', 'papers-cyber']
[GPU 0] [00:34:09] [INFO] loss: 3.23689270
[GPU 0] [00:34:09] [INFO] Data: papers-cyber | Experts: ['core', 'papers-cyber']
[GPU 0] [00:34:12] [INFO] loss: 3.08220506
[GPU 0] [00:34:16] [INFO] ROUTED - ADVERSARIAL FT START
[GPU 0] [00:34:17] [INFO] ---- Begin FT | Experts: ['core'] | Data: ['code-lisp'] ----
[GPU 0] [00:34:17] [DEBUG] num_seq: 512, num_rounds: 200, patience: 10
[GPU 0] [00:34:17] [DEBUG] local_x: torch.Size([64, 1024]), local_y: torch.Size([64, 1024]), num_steps: 3, per_gpu: 64, mbs_size: 27
[GPU 0] [00:34:26] [INFO] New best validation loss: 1.5801 @ step 0
[GPU 0] [00:34:35] [INFO] New best validation loss: 1.5187 @ step 1
[GPU 0] [00:34:43] [INFO] New best validation loss: 1.4672 @ step 2
[GPU 0] [00:34:52] [INFO] New best validation loss: 1.4320 @ step 3
[GPU 0] [00:35:00] [INFO] New best validation loss: 1.3971 @ step 4
[GPU 0] [00:35:08] [INFO] New best validation loss: 1.3706 @ step 5
[GPU 0] [00:35:17] [INFO] New best validation loss: 1.3485 @ step 6
[GPU 0] [00:35:25] [INFO] New best validation loss: 1.3286 @ step 7
[GPU 0] [00:35:34] [INFO] New best validation loss: 1.3123 @ step 8
[GPU 0] [00:35:42] [INFO] New best validation loss: 1.2975 @ step 9
[GPU 0] [00:35:50] [INFO] New best validation loss: 1.2840 @ step 10
[GPU 0] [00:35:59] [INFO] New best validation loss: 1.2714 @ step 11
[GPU 0] [00:36:07] [INFO] New best validation loss: 1.2595 @ step 12
[GPU 0] [00:36:17] [INFO] New best validation loss: 1.2484 @ step 13
[GPU 0] [00:36:25] [INFO] New best validation loss: 1.2389 @ step 14
[GPU 0] [00:36:34] [INFO] New best validation loss: 1.2303 @ step 15
[GPU 0] [00:36:43] [INFO] New best validation loss: 1.2228 @ step 16
[GPU 0] [00:36:52] [INFO] New best validation loss: 1.2165 @ step 17
[GPU 0] [00:37:00] [INFO] New best validation loss: 1.2101 @ step 18
[GPU 0] [00:37:08] [INFO] New best validation loss: 1.2040 @ step 19
[GPU 0] [00:37:16] [INFO] New best validation loss: 1.1984 @ step 20
[GPU 0] [00:37:24] [INFO] New best validation loss: 1.1944 @ step 21
[GPU 0] [00:37:32] [INFO] New best validation loss: 1.1908 @ step 22
[GPU 0] [00:37:41] [INFO] New best validation loss: 1.1881 @ step 23
[GPU 0] [00:37:50] [INFO] New best validation loss: 1.1853 @ step 24
[GPU 0] [00:37:58] [INFO] New best validation loss: 1.1828 @ step 25
[GPU 0] [00:38:07] [INFO] New best validation loss: 1.1803 @ step 26
[GPU 0] [00:38:15] [INFO] New best validation loss: 1.1788 @ step 27
[GPU 0] [00:38:24] [INFO] New best validation loss: 1.1777 @ step 28
[GPU 0] [00:38:32] [INFO] New best validation loss: 1.1768 @ step 29
[GPU 0] [00:38:40] [INFO] New best validation loss: 1.1758 @ step 30
[GPU 0] [00:38:49] [INFO] New best validation loss: 1.1748 @ step 31
[GPU 0] [00:38:58] [INFO] New best validation loss: 1.1746 @ step 32
[GPU 0] [00:40:33] [INFO] Stop FT @ 44: no val improvement for 10 steps
[GPU 0] [00:40:33] [INFO] Wrote stats.jsonl entries at FT step 32 
[GPU 0] [00:40:34] [INFO] ---- Begin FT | Experts: ['core'] | Data: ['papers-biology'] ----
[GPU 0] [00:40:34] [DEBUG] num_seq: 512, num_rounds: 200, patience: 10
[GPU 0] [00:40:34] [DEBUG] local_x: torch.Size([64, 1024]), local_y: torch.Size([64, 1024]), num_steps: 3, per_gpu: 64, mbs_size: 27
[GPU 0] [00:40:41] [INFO] New best validation loss: 2.8886 @ step 0
[GPU 0] [00:40:50] [INFO] New best validation loss: 2.8755 @ step 1
[GPU 0] [00:40:59] [INFO] New best validation loss: 2.8632 @ step 2
[GPU 0] [00:41:07] [INFO] New best validation loss: 2.8572 @ step 3
[GPU 0] [00:41:14] [INFO] New best validation loss: 2.8559 @ step 4
[GPU 0] [00:41:22] [INFO] New best validation loss: 2.8559 @ step 5
[GPU 0] [00:42:54] [INFO] Stop FT @ 17: no val improvement for 10 steps
[GPU 0] [00:42:54] [INFO] Wrote stats.jsonl entries at FT step 5 
[GPU 0] [00:42:55] [INFO] ---- Begin FT | Experts: ['core'] | Data: ['papers-cyber'] ----
[GPU 0] [00:42:55] [DEBUG] num_seq: 512, num_rounds: 200, patience: 10
[GPU 0] [00:42:55] [DEBUG] local_x: torch.Size([64, 1024]), local_y: torch.Size([64, 1024]), num_steps: 3, per_gpu: 64, mbs_size: 27
[GPU 0] [00:43:04] [INFO] New best validation loss: 3.1330 @ step 0
[GPU 0] [00:43:12] [INFO] New best validation loss: 3.1200 @ step 1
[GPU 0] [00:43:20] [INFO] New best validation loss: 3.1150 @ step 2
[GPU 0] [00:43:28] [INFO] New best validation loss: 3.1094 @ step 3
[GPU 0] [00:43:37] [INFO] New best validation loss: 3.1061 @ step 4
[GPU 0] [00:43:45] [INFO] New best validation loss: 3.1050 @ step 5
[GPU 0] [00:45:15] [INFO] Stop FT @ 17: no val improvement for 10 steps
[GPU 0] [00:45:15] [INFO] Wrote stats.jsonl entries at FT step 5 
[GPU 0] [00:45:17] [INFO] ---- Begin FT | Experts: ['core'] | Data: ['papers-nuclear'] ----
[GPU 0] [00:45:17] [DEBUG] num_seq: 512, num_rounds: 200, patience: 10
[GPU 0] [00:45:17] [DEBUG] local_x: torch.Size([64, 1024]), local_y: torch.Size([64, 1024]), num_steps: 3, per_gpu: 64, mbs_size: 27
[GPU 0] [00:45:26] [INFO] New best validation loss: 3.2260 @ step 0
[GPU 0] [00:45:34] [INFO] New best validation loss: 3.2040 @ step 1
[GPU 0] [00:45:42] [INFO] New best validation loss: 3.1961 @ step 2
[GPU 0] [00:45:50] [INFO] New best validation loss: 3.1921 @ step 3
[GPU 0] [00:45:58] [INFO] New best validation loss: 3.1880 @ step 4
[GPU 0] [00:46:07] [INFO] New best validation loss: 3.1852 @ step 5
[GPU 0] [00:46:15] [INFO] New best validation loss: 3.1833 @ step 6
[GPU 0] [00:47:47] [INFO] Stop FT @ 18: no val improvement for 10 steps
[GPU 0] [00:47:47] [INFO] Wrote stats.jsonl entries at FT step 6 
[GPU 0] [00:47:47] [INFO] ROUTED - ADVERSARIAL FT START
[GPU 0] [00:47:48] [INFO] ---- Begin FT | Experts: ['code-lisp', 'core'] | Data: ['papers-biology'] ----
[GPU 0] [00:47:48] [DEBUG] num_seq: 512, num_rounds: 200, patience: 10
[GPU 0] [00:47:48] [DEBUG] local_x: torch.Size([64, 1024]), local_y: torch.Size([64, 1024]), num_steps: 3, per_gpu: 64, mbs_size: 27
[GPU 0] [00:47:56] [INFO] New best validation loss: 2.8918 @ step 0
[GPU 0] [00:48:05] [INFO] New best validation loss: 2.8796 @ step 1
[GPU 0] [00:48:14] [INFO] New best validation loss: 2.8661 @ step 2
[GPU 0] [00:48:23] [INFO] New best validation loss: 2.8589 @ step 3
[GPU 0] [00:48:33] [INFO] New best validation loss: 2.8570 @ step 4
[GPU 0] [00:48:41] [INFO] New best validation loss: 2.8561 @ step 5
[GPU 0] [00:50:22] [INFO] Stop FT @ 17: no val improvement for 10 steps
[GPU 0] [00:50:22] [INFO] Wrote stats.jsonl entries at FT step 5 
[GPU 0] [00:50:23] [INFO] ---- Begin FT | Experts: ['code-lisp', 'core'] | Data: ['papers-cyber'] ----
[GPU 0] [00:50:23] [DEBUG] num_seq: 512, num_rounds: 200, patience: 10
[GPU 0] [00:50:23] [DEBUG] local_x: torch.Size([64, 1024]), local_y: torch.Size([64, 1024]), num_steps: 3, per_gpu: 64, mbs_size: 27
[GPU 0] [00:50:32] [INFO] New best validation loss: 3.1431 @ step 0
[GPU 0] [00:50:41] [INFO] New best validation loss: 3.1230 @ step 1
[GPU 0] [00:50:49] [INFO] New best validation loss: 3.1198 @ step 2
[GPU 0] [00:50:58] [INFO] New best validation loss: 3.1138 @ step 3
[GPU 0] [00:51:06] [INFO] New best validation loss: 3.1095 @ step 4
[GPU 0] [00:51:15] [INFO] New best validation loss: 3.1072 @ step 5
[GPU 0] [00:51:24] [INFO] New best validation loss: 3.1072 @ step 6
[GPU 0] [00:53:00] [INFO] Stop FT @ 18: no val improvement for 10 steps
[GPU 0] [00:53:00] [INFO] Wrote stats.jsonl entries at FT step 6 
[GPU 0] [00:53:01] [INFO] ---- Begin FT | Experts: ['code-lisp', 'core'] | Data: ['papers-nuclear'] ----
[GPU 0] [00:53:01] [DEBUG] num_seq: 512, num_rounds: 200, patience: 10
[GPU 0] [00:53:01] [DEBUG] local_x: torch.Size([64, 1024]), local_y: torch.Size([64, 1024]), num_steps: 3, per_gpu: 64, mbs_size: 27
[GPU 0] [00:53:10] [INFO] New best validation loss: 3.2309 @ step 0
[GPU 0] [00:53:18] [INFO] New best validation loss: 3.2061 @ step 1
[GPU 0] [00:53:27] [INFO] New best validation loss: 3.1988 @ step 2
[GPU 0] [00:53:36] [INFO] New best validation loss: 3.1944 @ step 3
[GPU 0] [00:53:45] [INFO] New best validation loss: 3.1901 @ step 4
[GPU 0] [00:53:54] [INFO] New best validation loss: 3.1862 @ step 5
[GPU 0] [00:54:02] [INFO] New best validation loss: 3.1847 @ step 6
[GPU 0] [00:55:42] [INFO] Stop FT @ 18: no val improvement for 10 steps
[GPU 0] [00:55:42] [INFO] Wrote stats.jsonl entries at FT step 6 
[GPU 0] [00:55:42] [INFO] ROUTED - ADVERSARIAL FT START
[GPU 0] [00:55:43] [INFO] ---- Begin FT | Experts: ['core', 'papers-biology'] | Data: ['code-lisp'] ----
[GPU 0] [00:55:43] [DEBUG] num_seq: 512, num_rounds: 200, patience: 10
[GPU 0] [00:55:43] [DEBUG] local_x: torch.Size([64, 1024]), local_y: torch.Size([64, 1024]), num_steps: 3, per_gpu: 64, mbs_size: 27
[GPU 0] [00:55:51] [INFO] New best validation loss: 1.5801 @ step 0
[GPU 0] [00:55:59] [INFO] New best validation loss: 1.5169 @ step 1
[GPU 0] [00:56:08] [INFO] New best validation loss: 1.4655 @ step 2
[GPU 0] [00:56:17] [INFO] New best validation loss: 1.4303 @ step 3
[GPU 0] [00:56:25] [INFO] New best validation loss: 1.3943 @ step 4
[GPU 0] [00:56:35] [INFO] New best validation loss: 1.3681 @ step 5
[GPU 0] [00:56:43] [INFO] New best validation loss: 1.3464 @ step 6
[GPU 0] [00:56:52] [INFO] New best validation loss: 1.3265 @ step 7
[GPU 0] [00:57:01] [INFO] New best validation loss: 1.3102 @ step 8
[GPU 0] [00:57:10] [INFO] New best validation loss: 1.2952 @ step 9
[GPU 0] [00:57:20] [INFO] New best validation loss: 1.2814 @ step 10
[GPU 0] [00:57:29] [INFO] New best validation loss: 1.2688 @ step 11
[GPU 0] [00:57:37] [INFO] New best validation loss: 1.2571 @ step 12
[GPU 0] [00:57:46] [INFO] New best validation loss: 1.2465 @ step 13
[GPU 0] [00:57:55] [INFO] New best validation loss: 1.2368 @ step 14
[GPU 0] [00:58:03] [INFO] New best validation loss: 1.2281 @ step 15
[GPU 0] [00:58:12] [INFO] New best validation loss: 1.2206 @ step 16
[GPU 0] [00:58:22] [INFO] New best validation loss: 1.2141 @ step 17
[GPU 0] [00:58:30] [INFO] New best validation loss: 1.2084 @ step 18
[GPU 0] [00:58:39] [INFO] New best validation loss: 1.2027 @ step 19
[GPU 0] [00:58:48] [INFO] New best validation loss: 1.1973 @ step 20
[GPU 0] [00:58:57] [INFO] New best validation loss: 1.1927 @ step 21
[GPU 0] [00:59:06] [INFO] New best validation loss: 1.1894 @ step 22
[GPU 0] [00:59:14] [INFO] New best validation loss: 1.1867 @ step 23
[GPU 0] [00:59:23] [INFO] New best validation loss: 1.1842 @ step 24
[GPU 0] [00:59:32] [INFO] New best validation loss: 1.1820 @ step 25
[GPU 0] [00:59:41] [INFO] New best validation loss: 1.1794 @ step 26
[GPU 0] [00:59:49] [INFO] New best validation loss: 1.1777 @ step 27
[GPU 0] [00:59:58] [INFO] New best validation loss: 1.1765 @ step 28
[GPU 0] [01:00:10] [INFO] New best validation loss: 1.1756 @ step 29
[GPU 0] [01:00:19] [INFO] New best validation loss: 1.1749 @ step 30
[GPU 0] [01:00:28] [INFO] New best validation loss: 1.1741 @ step 31
[GPU 0] [01:00:37] [INFO] New best validation loss: 1.1737 @ step 32
[GPU 0] [01:02:14] [INFO] Stop FT @ 44: no val improvement for 10 steps
[GPU 0] [01:02:14] [INFO] Wrote stats.jsonl entries at FT step 32 
[GPU 0] [01:02:15] [INFO] ---- Begin FT | Experts: ['core', 'papers-biology'] | Data: ['papers-cyber'] ----
[GPU 0] [01:02:15] [DEBUG] num_seq: 512, num_rounds: 200, patience: 10
[GPU 0] [01:02:15] [DEBUG] local_x: torch.Size([64, 1024]), local_y: torch.Size([64, 1024]), num_steps: 3, per_gpu: 64, mbs_size: 27
[GPU 0] [01:02:25] [INFO] New best validation loss: 3.1332 @ step 0
[GPU 0] [01:02:33] [INFO] New best validation loss: 3.1207 @ step 1
[GPU 0] [01:02:42] [INFO] New best validation loss: 3.1140 @ step 2
[GPU 0] [01:02:50] [INFO] New best validation loss: 3.1084 @ step 3
[GPU 0] [01:02:59] [INFO] New best validation loss: 3.1051 @ step 4
[GPU 0] [01:03:07] [INFO] New best validation loss: 3.1036 @ step 5
[GPU 0] [01:04:43] [INFO] Stop FT @ 17: no val improvement for 10 steps
[GPU 0] [01:04:43] [INFO] Wrote stats.jsonl entries at FT step 5 
[GPU 0] [01:04:44] [INFO] ---- Begin FT | Experts: ['core', 'papers-biology'] | Data: ['papers-nuclear'] ----
[GPU 0] [01:04:44] [DEBUG] num_seq: 512, num_rounds: 200, patience: 10
[GPU 0] [01:04:44] [DEBUG] local_x: torch.Size([64, 1024]), local_y: torch.Size([64, 1024]), num_steps: 3, per_gpu: 64, mbs_size: 27
[GPU 0] [01:04:53] [INFO] New best validation loss: 3.2240 @ step 0
[GPU 0] [01:05:02] [INFO] New best validation loss: 3.2009 @ step 1
[GPU 0] [01:05:10] [INFO] New best validation loss: 3.1942 @ step 2
[GPU 0] [01:05:19] [INFO] New best validation loss: 3.1908 @ step 3
[GPU 0] [01:05:28] [INFO] New best validation loss: 3.1864 @ step 4
[GPU 0] [01:05:37] [INFO] New best validation loss: 3.1828 @ step 5
[GPU 0] [01:05:45] [INFO] New best validation loss: 3.1818 @ step 6
[GPU 0] [01:07:22] [INFO] Stop FT @ 18: no val improvement for 10 steps
[GPU 0] [01:07:22] [INFO] Wrote stats.jsonl entries at FT step 6 
[GPU 0] [01:07:22] [INFO] ROUTED - ADVERSARIAL FT START
[GPU 0] [01:07:23] [INFO] ---- Begin FT | Experts: ['core', 'papers-nuclear'] | Data: ['code-lisp'] ----
[GPU 0] [01:07:23] [DEBUG] num_seq: 512, num_rounds: 200, patience: 10
[GPU 0] [01:07:23] [DEBUG] local_x: torch.Size([64, 1024]), local_y: torch.Size([64, 1024]), num_steps: 3, per_gpu: 64, mbs_size: 27
[GPU 0] [01:07:31] [INFO] New best validation loss: 1.5778 @ step 0
[GPU 0] [01:07:39] [INFO] New best validation loss: 1.5149 @ step 1
[GPU 0] [01:07:48] [INFO] New best validation loss: 1.4647 @ step 2
[GPU 0] [01:07:56] [INFO] New best validation loss: 1.4283 @ step 3
[GPU 0] [01:08:05] [INFO] New best validation loss: 1.3928 @ step 4
[GPU 0] [01:08:13] [INFO] New best validation loss: 1.3671 @ step 5
[GPU 0] [01:08:23] [INFO] New best validation loss: 1.3445 @ step 6
[GPU 0] [01:08:32] [INFO] New best validation loss: 1.3252 @ step 7
[GPU 0] [01:08:41] [INFO] New best validation loss: 1.3090 @ step 8
[GPU 0] [01:08:50] [INFO] New best validation loss: 1.2937 @ step 9
[GPU 0] [01:08:59] [INFO] New best validation loss: 1.2798 @ step 10
[GPU 0] [01:09:07] [INFO] New best validation loss: 1.2675 @ step 11
[GPU 0] [01:09:16] [INFO] New best validation loss: 1.2555 @ step 12
[GPU 0] [01:09:24] [INFO] New best validation loss: 1.2449 @ step 13
[GPU 0] [01:09:33] [INFO] New best validation loss: 1.2356 @ step 14
[GPU 0] [01:09:42] [INFO] New best validation loss: 1.2271 @ step 15
[GPU 0] [01:09:50] [INFO] New best validation loss: 1.2196 @ step 16
[GPU 0] [01:09:59] [INFO] New best validation loss: 1.2134 @ step 17
[GPU 0] [01:10:11] [INFO] New best validation loss: 1.2071 @ step 18
[GPU 0] [01:10:21] [INFO] New best validation loss: 1.2010 @ step 19
[GPU 0] [01:10:30] [INFO] New best validation loss: 1.1961 @ step 20
[GPU 0] [01:10:38] [INFO] New best validation loss: 1.1917 @ step 21
[GPU 0] [01:10:47] [INFO] New best validation loss: 1.1887 @ step 22
[GPU 0] [01:10:55] [INFO] New best validation loss: 1.1860 @ step 23
[GPU 0] [01:11:04] [INFO] New best validation loss: 1.1831 @ step 24
[GPU 0] [01:11:13] [INFO] New best validation loss: 1.1807 @ step 25
[GPU 0] [01:11:22] [INFO] New best validation loss: 1.1785 @ step 26
[GPU 0] [01:11:30] [INFO] New best validation loss: 1.1771 @ step 27
[GPU 0] [01:11:39] [INFO] New best validation loss: 1.1764 @ step 28
[GPU 0] [01:11:47] [INFO] New best validation loss: 1.1753 @ step 29
[GPU 0] [01:11:55] [INFO] New best validation loss: 1.1743 @ step 30
[GPU 0] [01:12:04] [INFO] New best validation loss: 1.1734 @ step 31
[GPU 0] [01:12:13] [INFO] New best validation loss: 1.1732 @ step 32
[GPU 0] [01:13:51] [INFO] Stop FT @ 44: no val improvement for 10 steps
[GPU 0] [01:13:51] [INFO] Wrote stats.jsonl entries at FT step 32 
[GPU 0] [01:13:52] [INFO] ---- Begin FT | Experts: ['core', 'papers-nuclear'] | Data: ['papers-biology'] ----
[GPU 0] [01:13:52] [DEBUG] num_seq: 512, num_rounds: 200, patience: 10
[GPU 0] [01:13:52] [DEBUG] local_x: torch.Size([64, 1024]), local_y: torch.Size([64, 1024]), num_steps: 3, per_gpu: 64, mbs_size: 27
[GPU 0] [01:14:00] [INFO] New best validation loss: 2.8946 @ step 0
[GPU 0] [01:14:08] [INFO] New best validation loss: 2.8775 @ step 1
[GPU 0] [01:14:16] [INFO] New best validation loss: 2.8659 @ step 2
[GPU 0] [01:14:24] [INFO] New best validation loss: 2.8586 @ step 3
[GPU 0] [01:14:33] [INFO] New best validation loss: 2.8562 @ step 4
[GPU 0] [01:14:42] [INFO] New best validation loss: 2.8550 @ step 5
[GPU 0] [01:16:15] [INFO] Stop FT @ 17: no val improvement for 10 steps
[GPU 0] [01:16:15] [INFO] Wrote stats.jsonl entries at FT step 5 
[GPU 0] [01:16:16] [INFO] ---- Begin FT | Experts: ['core', 'papers-nuclear'] | Data: ['papers-cyber'] ----
[GPU 0] [01:16:16] [DEBUG] num_seq: 512, num_rounds: 200, patience: 10
[GPU 0] [01:16:16] [DEBUG] local_x: torch.Size([64, 1024]), local_y: torch.Size([64, 1024]), num_steps: 3, per_gpu: 64, mbs_size: 27
[GPU 0] [01:16:25] [INFO] New best validation loss: 3.1359 @ step 0
[GPU 0] [01:16:33] [INFO] New best validation loss: 3.1154 @ step 1
[GPU 0] [01:16:42] [INFO] New best validation loss: 3.1082 @ step 2
[GPU 0] [01:16:52] [INFO] New best validation loss: 3.1038 @ step 3
[GPU 0] [01:17:00] [INFO] New best validation loss: 3.1003 @ step 4
[GPU 0] [01:17:09] [INFO] New best validation loss: 3.0993 @ step 5
[GPU 0] [01:18:43] [INFO] Stop FT @ 17: no val improvement for 10 steps
[GPU 0] [01:18:43] [INFO] Wrote stats.jsonl entries at FT step 5 
[GPU 0] [01:18:44] [INFO] ROUTED - ADVERSARIAL FT START
[GPU 0] [01:18:44] [INFO] ---- Begin FT | Experts: ['core', 'papers-cyber'] | Data: ['code-lisp'] ----
[GPU 0] [01:18:44] [DEBUG] num_seq: 512, num_rounds: 200, patience: 10
[GPU 0] [01:18:44] [DEBUG] local_x: torch.Size([64, 1024]), local_y: torch.Size([64, 1024]), num_steps: 3, per_gpu: 64, mbs_size: 27
[GPU 0] [01:18:54] [INFO] New best validation loss: 1.5797 @ step 0
[GPU 0] [01:19:03] [INFO] New best validation loss: 1.5181 @ step 1
[GPU 0] [01:19:11] [INFO] New best validation loss: 1.4654 @ step 2
[GPU 0] [01:19:20] [INFO] New best validation loss: 1.4306 @ step 3
[GPU 0] [01:19:29] [INFO] New best validation loss: 1.3947 @ step 4
[GPU 0] [01:19:37] [INFO] New best validation loss: 1.3682 @ step 5
[GPU 0] [01:19:46] [INFO] New best validation loss: 1.3467 @ step 6
[GPU 0] [01:19:54] [INFO] New best validation loss: 1.3264 @ step 7
[GPU 0] [01:20:03] [INFO] New best validation loss: 1.3101 @ step 8
[GPU 0] [01:20:16] [INFO] New best validation loss: 1.2954 @ step 9
[GPU 0] [01:20:25] [INFO] New best validation loss: 1.2814 @ step 10
[GPU 0] [01:20:33] [INFO] New best validation loss: 1.2693 @ step 11
[GPU 0] [01:20:42] [INFO] New best validation loss: 1.2576 @ step 12
[GPU 0] [01:20:52] [INFO] New best validation loss: 1.2466 @ step 13
[GPU 0] [01:21:00] [INFO] New best validation loss: 1.2370 @ step 14
[GPU 0] [01:21:09] [INFO] New best validation loss: 1.2285 @ step 15
[GPU 0] [01:21:17] [INFO] New best validation loss: 1.2210 @ step 16
[GPU 0] [01:21:26] [INFO] New best validation loss: 1.2149 @ step 17
[GPU 0] [01:21:35] [INFO] New best validation loss: 1.2088 @ step 18
[GPU 0] [01:21:44] [INFO] New best validation loss: 1.2027 @ step 19
[GPU 0] [01:21:53] [INFO] New best validation loss: 1.1974 @ step 20
[GPU 0] [01:22:02] [INFO] New best validation loss: 1.1926 @ step 21
[GPU 0] [01:22:11] [INFO] New best validation loss: 1.1894 @ step 22
[GPU 0] [01:22:20] [INFO] New best validation loss: 1.1868 @ step 23
[GPU 0] [01:22:29] [INFO] New best validation loss: 1.1842 @ step 24
[GPU 0] [01:22:37] [INFO] New best validation loss: 1.1818 @ step 25
[GPU 0] [01:22:46] [INFO] New best validation loss: 1.1794 @ step 26
[GPU 0] [01:22:55] [INFO] New best validation loss: 1.1778 @ step 27
[GPU 0] [01:23:04] [INFO] New best validation loss: 1.1768 @ step 28
[GPU 0] [01:23:13] [INFO] New best validation loss: 1.1759 @ step 29
[GPU 0] [01:23:22] [INFO] New best validation loss: 1.1750 @ step 30
[GPU 0] [01:23:32] [INFO] New best validation loss: 1.1741 @ step 31
[GPU 0] [01:23:41] [INFO] New best validation loss: 1.1738 @ step 32
[GPU 0] [01:25:16] [INFO] Stop FT @ 44: no val improvement for 10 steps
[GPU 0] [01:25:16] [INFO] Wrote stats.jsonl entries at FT step 32 
[GPU 0] [01:25:17] [INFO] ---- Begin FT | Experts: ['core', 'papers-cyber'] | Data: ['papers-biology'] ----
[GPU 0] [01:25:17] [DEBUG] num_seq: 512, num_rounds: 200, patience: 10
[GPU 0] [01:25:17] [DEBUG] local_x: torch.Size([64, 1024]), local_y: torch.Size([64, 1024]), num_steps: 3, per_gpu: 64, mbs_size: 27
[GPU 0] [01:25:26] [INFO] New best validation loss: 2.8921 @ step 0
[GPU 0] [01:25:35] [INFO] New best validation loss: 2.8770 @ step 1
[GPU 0] [01:25:43] [INFO] New best validation loss: 2.8652 @ step 2
[GPU 0] [01:25:52] [INFO] New best validation loss: 2.8577 @ step 3
[GPU 0] [01:26:01] [INFO] New best validation loss: 2.8555 @ step 4
[GPU 0] [01:26:10] [INFO] New best validation loss: 2.8546 @ step 5
[GPU 0] [01:27:44] [INFO] Stop FT @ 17: no val improvement for 10 steps
[GPU 0] [01:27:44] [INFO] Wrote stats.jsonl entries at FT step 5 
[GPU 0] [01:27:45] [INFO] ---- Begin FT | Experts: ['core', 'papers-cyber'] | Data: ['papers-nuclear'] ----
[GPU 0] [01:27:45] [DEBUG] num_seq: 512, num_rounds: 200, patience: 10
[GPU 0] [01:27:45] [DEBUG] local_x: torch.Size([64, 1024]), local_y: torch.Size([64, 1024]), num_steps: 3, per_gpu: 64, mbs_size: 27
[GPU 0] [01:27:54] [INFO] New best validation loss: 3.2284 @ step 0
[GPU 0] [01:28:03] [INFO] New best validation loss: 3.2028 @ step 1
[GPU 0] [01:28:12] [INFO] New best validation loss: 3.1947 @ step 2
[GPU 0] [01:28:22] [INFO] New best validation loss: 3.1911 @ step 3
[GPU 0] [01:28:31] [INFO] New best validation loss: 3.1868 @ step 4
[GPU 0] [01:28:40] [INFO] New best validation loss: 3.1837 @ step 5
[GPU 0] [01:28:49] [INFO] New best validation loss: 3.1820 @ step 6
[GPU 0] [01:30:30] [INFO] Stop FT @ 18: no val improvement for 10 steps
[GPU 0] [01:30:30] [INFO] Wrote stats.jsonl entries at FT step 6 
