[GPU 0] [09:12:45] [INFO] Git branch: AGI-1696-New-Dataset-Runs_ethan, commit: 3033e250c1b1f202adfcd4bedea9eb8048bb0afc
[GPU 0] [09:12:45] [INFO] Number of GPUs: 8
[GPU 0] [09:12:45] [INFO] Tokenizer vocabulary: 50257
[GPU 0] [09:12:45] [INFO] Set model vocab size to nearest multiple of 64 of tokenizer size: 50304
[GPU 0] [09:12:55] [INFO] target effective batch size: 368, actual effective batch size: 368, micro batch size: 23, accumulation steps: 2, num gpus: 8
[GPU 0] [09:12:55] [INFO] core total number of tokens: 66749057569
[GPU 0] [09:12:55] [INFO] Baseline model has 402,064,768 parameters
[GPU 0] [09:12:55] [INFO] core: chinchilla optimal tokens: 8,041,295,360, requested proportion: 1.0000, requested number of tokens: 8,041,295,360.0, 
[GPU 0] [09:12:55] [INFO] aux total number of tokens: 4835776549
[GPU 0] [09:12:55] [INFO] Baseline model has 402,064,768 parameters
[GPU 0] [09:12:55] [INFO] aux: chinchilla optimal tokens: 8,041,295,360, requested proportion: 0.0100, requested number of tokens: 80,412,953.60000001, 
[GPU 0] [09:12:55] [DEBUG] Saved config to /workspace-vast/ethanr/gradient-routing/experiments/AGI-1699-New-Dataset-Runs/results/scaling/realistic/base/400M/seed_3/20260520091243846034/config.json
[GPU 0] [09:12:55] [DEBUG] {
    "stages": [
        {
            "name": "baseline",
            "num_checkpoints": -1,
            "lr": 0.0007010274465180751,
            "res_dir": "/workspace-vast/ethanr/gradient-routing/experiments/AGI-1699-New-Dataset-Runs/results/scaling/realistic/base/400M/seed_3/20260520091243846034/baseline",
            "acc_mode": "heterogeneous",
            "do_eval": true,
            "do_sample": false,
            "num_train_evals": 100,
            "do_elicit": true,
            "elicit_eval_prc": 0.5,
            "elicit_num_evals": 100,
            "retain_targets": null,
            "label_prc": 1.0
        }
    ],
    "model": {
        "arch": "base",
        "tokenizer": "GPT2Tokenizer(name_or_path='EleutherAI/gpt-neo-125M', vocab_size=50257, model_max_length=2048, padding_side='right', truncation_side='right', special_tokens={'bos_token': '<|endoftext|>', 'eos_token': '<|endoftext|>', 'unk_token': '<|endoftext|>'}, added_tokens_decoder={\n\t50256: AddedToken(\"<|endoftext|>\", rstrip=False, lstrip=False, single_word=False, normalized=True, special=True),\n}\n)",
        "ctx_len": 1024,
        "vocab_size": 50304,
        "num_layers": 18,
        "num_heads": 8,
        "num_key_value": 2,
        "attn_bias": true,
        "eos_token_id": 50256,
        "embed_dim": 1216,
        "mlp_dim": 4864
    },
    "data": {
        "dirs": [
            "/workspace-vast/ethanr/gradient-routing/experiments/AGI-1699-New-Dataset-Runs/src/data/fineweb",
            "/workspace-vast/ethanr/gradient-routing/experiments/AGI-1699-New-Dataset-Runs/src/data/code",
            "/workspace-vast/ethanr/gradient-routing/experiments/AGI-1699-New-Dataset-Runs/src/data/papers"
        ],
        "core": {
            "labels": [
                "fineweb",
                "code-other",
                "papers-other"
            ],
            "method": "optimal",
            "limit": 1.0,
            "dist": {
                "fineweb": 0.84,
                "code-other": 0.15,
                "papers-other": 0.01
            },
            "num_tok": 8041295360.0
        },
        "aux": {
            "labels": [
                "code-lisp",
                "papers-biology",
                "papers-nuclear",
                "papers-cyber"
            ],
            "method": "optimal",
            "limit": 0.01,
            "dist": {
                "code-lisp": 0.25,
                "papers-biology": 0.25,
                "papers-nuclear": 0.25,
                "papers-cyber": 0.25
            },
            "num_tok": 80412953.60000001
        }
    },
    "run": {
        "target_effective_batch_size": 368,
        "effective_batch_size": 368,
        "micro_batch_size": 23,
        "accumulation_steps": 2,
        "max_num_test_sequences": 10000,
        "eval_all_labels": false,
        "micro_batch_anchors": [
            [
                400000000.0,
                23
            ],
            [
                5000000000.0,
                2
            ]
        ],
        "epochs": 1,
        "adam_betas": [
            0.9,
            0.95
        ],
        "warmup_prc": 0.02,
        "decay_prc": 0.1,
        "seed": 3,
        "compile": true,
        "find_unused_parameters": false,
        "is_ddp": true,
        "cleanup_distributed": false,
        "log_level": "DEBUG",
        "num_gpus": 8,
        "process_id": 0,
        "num_base_params": 402064768,
        "device": "cuda",
        "logger": "<Logger training_20260520091243846034 (DEBUG)>",
        "labels": [
            "core",
            "code-lisp",
            "papers-biology",
            "papers-cyber",
            "papers-nuclear"
        ],
        "loaders": {
            "code-lisp": {
                "train": "SingleDataLoader(code-lisp_train_001.bin, len=106)",
                "test": "InterleavedDataLoader(len=56)"
            },
            "code-other": {
                "train": "InterleavedDataLoader(len=6401)",
                "test": "InterleavedDataLoader(len=56)"
            },
            "fineweb": {
                "train": "InterleavedDataLoader(len=35849)",
                "test": "InterleavedDataLoader(len=56)"
            },
            "papers-biology": {
                "train": "SingleDataLoader(papers-biology_train.bin, len=106)",
                "test": "SingleDataLoader(papers-biology_test.bin, len=56)"
            },
            "papers-cyber": {
                "train": "SingleDataLoader(papers-cyber_train.bin, len=106)",
                "test": "SingleDataLoader(papers-cyber_test.bin, len=56)"
            },
            "papers-nuclear": {
                "train": "SingleDataLoader(papers-nuclear_train.bin, len=106)",
                "test": "SingleDataLoader(papers-nuclear_test.bin, len=56)"
            },
            "papers-other": {
                "train": "SingleDataLoader(papers-other_train.bin, len=426)",
                "test": "SingleDataLoader(papers-other_test.bin, len=56)"
            },
            "core": {
                "train": "InterleavedDataLoader(len=42676)",
                "test": "InterleavedDataLoader(len=168)"
            },
            "aux": {
                "train": "InterleavedDataLoader(len=424)",
                "test": "InterleavedDataLoader(len=224)"
            },
            "all": {
                "train": "InterleavedDataLoader(len=43100)",
                "test": "InterleavedDataLoader(len=392)"
            }
        },
        "res_root": "/workspace-vast/ethanr/gradient-routing/experiments/AGI-1699-New-Dataset-Runs/results/scaling/realistic/base/400M/seed_3",
        "experiment_id": "20260520091243846034",
        "s3_bucket": "ae-gradient-routing-results",
        "s3_prefix": "scaling/realistic/base/400M/seed_3"
    },
    "label_prc": 1.0
}
[GPU 0] [09:12:55] [INFO] Loader code-lisp train: 106, test: 56
[GPU 0] [09:12:55] [INFO] Loader code-other train: 6401, test: 56
[GPU 0] [09:12:55] [INFO] Loader fineweb train: 35849, test: 56
[GPU 0] [09:12:55] [INFO] Loader papers-biology train: 106, test: 56
[GPU 0] [09:12:55] [INFO] Loader papers-cyber train: 106, test: 56
[GPU 0] [09:12:55] [INFO] Loader papers-nuclear train: 106, test: 56
[GPU 0] [09:12:55] [INFO] Loader papers-other train: 426, test: 56
[GPU 0] [09:12:55] [INFO] Loader core train: 42676, test: 168
[GPU 0] [09:12:55] [INFO] Loader aux train: 424, test: 224
[GPU 0] [09:12:55] [INFO] Loader all train: 43100, test: 392
[GPU 0] [09:12:55] [INFO] Stage [baseline] start: {"name": "baseline", "num_checkpoints": -1, "lr": 0.0007010274465180751, "res_dir": "/workspace-vast/ethanr/gradient-routing/experiments/AGI-1699-New-Dataset-Runs/results/scaling/realistic/base/400M/seed_3/20260520091243846034/baseline", "acc_mode": "heterogeneous", "do_eval": true, "do_sample": false, "num_train_evals": 100, "do_elicit": true, "elicit_eval_prc": 0.5, "elicit_num_evals": 100, "retain_targets": null, "label_prc": 1.0}
[GPU 0] [09:12:55] [INFO] BASELINE START
[GPU 0] [09:13:09] [INFO] Initialized BaseTransformer with 402,064,768 total parameters
[GPU 0] [09:13:09] [INFO] Compiling BaseTransformer with torch.compile...
[GPU 0] [09:13:09] [INFO] torch.compile done
[GPU 0] [09:13:09] [WARNING] restore_partial_state: no checkpoint found at /workspace-vast/ethanr/gradient-routing/experiments/AGI-1699-New-Dataset-Runs/results/scaling/realistic/base/400M/seed_3/20260520091243846034/baseline
[GPU 0] [09:13:09] [INFO] ---- Begin Train | Train Labels: ['code-lisp', 'core', 'papers-biology', 'papers-cyber', 'papers-nuclear'] ----
[GPU 0] [09:13:09] [DEBUG] acc_mode: heterogeneous, label_prc: 1.0
[GPU 0] [09:13:09] [INFO] Batch [code-lisp] count: 106
[GPU 0] [09:13:09] [INFO] Batch [core] count: 42676
[GPU 0] [09:13:09] [INFO] Batch [papers-biology] count: 106
[GPU 0] [09:13:09] [INFO] Batch [papers-cyber] count: 106
[GPU 0] [09:13:09] [INFO] Batch [papers-nuclear] count: 106
[GPU 0] [09:13:09] [INFO] num_total_steps: 21550
[GPU 0] [09:13:09] [INFO] warmup_steps: 431
[GPU 0] [09:13:09] [INFO] constant_steps: 18964
[GPU 0] [09:13:09] [INFO] decay_steps: 2155
[GPU 0] [09:13:09] [INFO] LR Scheduler: Warmup Start
[GPU 0] [09:13:37] [INFO] Step: 1, LR: 1.64e-06
[GPU 0] [09:13:37] [INFO] Train Loss: CORE: 11.00 CODE-LISP: nan PAPERS-BIOLOGY: nan PAPERS-CYBER: nan PAPERS-NUCLEAR: nan 
[GPU 0] [09:13:37] [INFO] Val Loss: CORE: nan CODE-LISP: nan PAPERS-BIOLOGY: nan PAPERS-CYBER: nan PAPERS-NUCLEAR: nan 
[GPU 0] [09:18:32] [INFO] LR Scheduler: Constant Start
[GPU 0] [09:24:46] [INFO] Step: 1000, LR: 7.01e-04
[GPU 0] [09:24:46] [INFO] Train Loss: CORE: 3.25 CODE-LISP: 3.04 PAPERS-BIOLOGY: 4.40 PAPERS-CYBER: 3.87 PAPERS-NUCLEAR: 5.56 
[GPU 0] [09:24:46] [INFO] Val Loss: CORE: 2.91 CODE-LISP: 1.72 PAPERS-BIOLOGY: 3.68 PAPERS-CYBER: 3.86 PAPERS-NUCLEAR: 3.88 
[GPU 0] [09:35:23] [INFO] Step: 2000, LR: 7.01e-04
[GPU 0] [09:35:23] [INFO] Train Loss: CORE: 3.10 CODE-LISP: 1.94 PAPERS-BIOLOGY: 3.91 PAPERS-CYBER: 3.71 PAPERS-NUCLEAR: 4.35 
[GPU 0] [09:35:23] [INFO] Val Loss: CORE: 2.59 CODE-LISP: 1.43 PAPERS-BIOLOGY: 3.21 PAPERS-CYBER: 3.43 PAPERS-NUCLEAR: 3.49 
[GPU 0] [09:45:42] [INFO] Step: 3000, LR: 7.01e-04
[GPU 0] [09:45:42] [INFO] Train Loss: CORE: 2.84 CODE-LISP: 1.40 PAPERS-BIOLOGY: 3.61 PAPERS-CYBER: 3.50 PAPERS-NUCLEAR: 3.40 
[GPU 0] [09:45:42] [INFO] Val Loss: CORE: 2.50 CODE-LISP: 1.36 PAPERS-BIOLOGY: 3.08 PAPERS-CYBER: 3.28 PAPERS-NUCLEAR: 3.35 
[GPU 0] [09:56:17] [INFO] Step: 4000, LR: 7.01e-04
[GPU 0] [09:56:17] [INFO] Train Loss: CORE: 3.20 CODE-LISP: 1.11 PAPERS-BIOLOGY: 3.23 PAPERS-CYBER: 3.19 PAPERS-NUCLEAR: 3.38 
[GPU 0] [09:56:17] [INFO] Val Loss: CORE: 2.21 CODE-LISP: 1.26 PAPERS-BIOLOGY: 2.97 PAPERS-CYBER: 3.20 PAPERS-NUCLEAR: 3.29 
[GPU 0] [10:06:54] [INFO] Step: 5000, LR: 7.01e-04
[GPU 0] [10:06:54] [INFO] Train Loss: CORE: 2.67 CODE-LISP: 1.05 PAPERS-BIOLOGY: 2.90 PAPERS-CYBER: 3.17 PAPERS-NUCLEAR: 3.33 
[GPU 0] [10:06:54] [INFO] Val Loss: CORE: 2.20 CODE-LISP: 1.17 PAPERS-BIOLOGY: 2.90 PAPERS-CYBER: 3.14 PAPERS-NUCLEAR: 3.24 
[GPU 0] [10:17:13] [INFO] Step: 6000, LR: 7.01e-04
[GPU 0] [10:17:13] [INFO] Train Loss: CORE: 2.89 CODE-LISP: 0.94 PAPERS-BIOLOGY: 2.91 PAPERS-CYBER: 3.13 PAPERS-NUCLEAR: 3.20 
[GPU 0] [10:17:13] [INFO] Val Loss: CORE: 2.04 CODE-LISP: 1.17 PAPERS-BIOLOGY: 2.86 PAPERS-CYBER: 3.10 PAPERS-NUCLEAR: 3.17 
[GPU 0] [10:27:47] [INFO] Step: 7000, LR: 7.01e-04
[GPU 0] [10:27:47] [INFO] Train Loss: CORE: 2.68 CODE-LISP: 0.98 PAPERS-BIOLOGY: 2.89 PAPERS-CYBER: 3.08 PAPERS-NUCLEAR: 3.19 
[GPU 0] [10:27:47] [INFO] Val Loss: CORE: 2.39 CODE-LISP: 1.14 PAPERS-BIOLOGY: 2.82 PAPERS-CYBER: 3.07 PAPERS-NUCLEAR: 3.14 
[GPU 0] [10:38:25] [INFO] Step: 8000, LR: 7.01e-04
[GPU 0] [10:38:25] [INFO] Train Loss: CORE: 2.88 CODE-LISP: 0.91 PAPERS-BIOLOGY: 2.79 PAPERS-CYBER: 3.06 PAPERS-NUCLEAR: 3.20 
[GPU 0] [10:38:25] [INFO] Val Loss: CORE: 1.95 CODE-LISP: 1.06 PAPERS-BIOLOGY: 2.80 PAPERS-CYBER: 3.04 PAPERS-NUCLEAR: 3.12 
[GPU 0] [10:48:44] [INFO] Step: 9000, LR: 7.01e-04
[GPU 0] [10:48:44] [INFO] Train Loss: CORE: 2.62 CODE-LISP: 0.91 PAPERS-BIOLOGY: 2.74 PAPERS-CYBER: 3.05 PAPERS-NUCLEAR: 3.22 
[GPU 0] [10:48:44] [INFO] Val Loss: CORE: 2.38 CODE-LISP: 1.06 PAPERS-BIOLOGY: 2.78 PAPERS-CYBER: 3.03 PAPERS-NUCLEAR: 3.12 
[GPU 0] [10:59:18] [INFO] Step: 10000, LR: 7.01e-04
[GPU 0] [10:59:18] [INFO] Train Loss: CORE: 3.02 CODE-LISP: 0.86 PAPERS-BIOLOGY: 2.73 PAPERS-CYBER: 3.06 PAPERS-NUCLEAR: 3.17 
[GPU 0] [10:59:18] [INFO] Val Loss: CORE: 2.13 CODE-LISP: 1.09 PAPERS-BIOLOGY: 2.76 PAPERS-CYBER: 3.02 PAPERS-NUCLEAR: 3.07 
[GPU 0] [11:09:36] [INFO] Step: 11000, LR: 7.01e-04
[GPU 0] [11:09:36] [INFO] Train Loss: CORE: 2.79 CODE-LISP: 0.80 PAPERS-BIOLOGY: 2.73 PAPERS-CYBER: 3.06 PAPERS-NUCLEAR: 3.08 
[GPU 0] [11:09:36] [INFO] Val Loss: CORE: 2.27 CODE-LISP: 1.08 PAPERS-BIOLOGY: 2.74 PAPERS-CYBER: 3.02 PAPERS-NUCLEAR: 3.09 
[GPU 0] [11:20:15] [INFO] Step: 12000, LR: 7.01e-04
[GPU 0] [11:20:15] [INFO] Train Loss: CORE: 2.30 CODE-LISP: 0.85 PAPERS-BIOLOGY: 2.68 PAPERS-CYBER: 2.96 PAPERS-NUCLEAR: 3.00 
[GPU 0] [11:20:15] [INFO] Val Loss: CORE: 2.21 CODE-LISP: 1.05 PAPERS-BIOLOGY: 2.71 PAPERS-CYBER: 2.98 PAPERS-NUCLEAR: 3.05 
[GPU 0] [11:30:49] [INFO] Step: 13000, LR: 7.01e-04
[GPU 0] [11:30:49] [INFO] Train Loss: CORE: 2.94 CODE-LISP: 0.84 PAPERS-BIOLOGY: 2.64 PAPERS-CYBER: 2.95 PAPERS-NUCLEAR: 2.99 
[GPU 0] [11:30:49] [INFO] Val Loss: CORE: 2.28 CODE-LISP: 1.06 PAPERS-BIOLOGY: 2.70 PAPERS-CYBER: 2.96 PAPERS-NUCLEAR: 3.04 
[GPU 0] [11:41:08] [INFO] Step: 14000, LR: 7.01e-04
[GPU 0] [11:41:08] [INFO] Train Loss: CORE: 2.53 CODE-LISP: 0.82 PAPERS-BIOLOGY: 2.70 PAPERS-CYBER: 2.97 PAPERS-NUCLEAR: 3.01 
[GPU 0] [11:41:08] [INFO] Val Loss: CORE: 2.02 CODE-LISP: 1.05 PAPERS-BIOLOGY: 2.70 PAPERS-CYBER: 2.96 PAPERS-NUCLEAR: 3.05 
[GPU 0] [11:51:46] [INFO] Step: 15000, LR: 7.01e-04
[GPU 0] [11:51:46] [INFO] Train Loss: CORE: 3.02 CODE-LISP: 0.80 PAPERS-BIOLOGY: 2.71 PAPERS-CYBER: 2.94 PAPERS-NUCLEAR: 3.06 
[GPU 0] [11:51:46] [INFO] Val Loss: CORE: 2.14 CODE-LISP: 1.02 PAPERS-BIOLOGY: 2.69 PAPERS-CYBER: 2.95 PAPERS-NUCLEAR: 3.01 
[GPU 0] [12:02:20] [INFO] Step: 16000, LR: 7.01e-04
[GPU 0] [12:02:20] [INFO] Train Loss: CORE: 2.97 CODE-LISP: 0.82 PAPERS-BIOLOGY: 2.71 PAPERS-CYBER: 2.95 PAPERS-NUCLEAR: 3.07 
[GPU 0] [12:02:20] [INFO] Val Loss: CORE: 2.07 CODE-LISP: 1.04 PAPERS-BIOLOGY: 2.69 PAPERS-CYBER: 2.93 PAPERS-NUCLEAR: 3.02 
[GPU 0] [12:12:39] [INFO] Step: 17000, LR: 7.01e-04
[GPU 0] [12:12:39] [INFO] Train Loss: CORE: 2.49 CODE-LISP: 0.81 PAPERS-BIOLOGY: 2.69 PAPERS-CYBER: 2.92 PAPERS-NUCLEAR: 3.09 
[GPU 0] [12:12:39] [INFO] Val Loss: CORE: 2.17 CODE-LISP: 1.05 PAPERS-BIOLOGY: 2.68 PAPERS-CYBER: 2.93 PAPERS-NUCLEAR: 3.02 
[GPU 0] [12:23:17] [INFO] Step: 18000, LR: 7.01e-04
[GPU 0] [12:23:17] [INFO] Train Loss: CORE: 2.69 CODE-LISP: 0.88 PAPERS-BIOLOGY: 2.70 PAPERS-CYBER: 2.94 PAPERS-NUCLEAR: 3.07 
[GPU 0] [12:23:17] [INFO] Val Loss: CORE: 1.99 CODE-LISP: 0.99 PAPERS-BIOLOGY: 2.67 PAPERS-CYBER: 2.92 PAPERS-NUCLEAR: 3.01 
[GPU 0] [12:33:35] [INFO] Step: 19000, LR: 7.01e-04
[GPU 0] [12:33:35] [INFO] Train Loss: CORE: 2.44 CODE-LISP: 0.79 PAPERS-BIOLOGY: 2.69 PAPERS-CYBER: 2.90 PAPERS-NUCLEAR: 3.00 
[GPU 0] [12:33:35] [INFO] Val Loss: CORE: 2.08 CODE-LISP: 1.00 PAPERS-BIOLOGY: 2.66 PAPERS-CYBER: 2.92 PAPERS-NUCLEAR: 2.99 
[GPU 0] [12:37:46] [INFO] LR Scheduler: Decay Start
[GPU 0] [12:44:10] [INFO] Step: 20000, LR: 5.04e-04
[GPU 0] [12:44:10] [INFO] Train Loss: CORE: 2.38 CODE-LISP: 0.76 PAPERS-BIOLOGY: 2.67 PAPERS-CYBER: 2.91 PAPERS-NUCLEAR: 2.94 
[GPU 0] [12:44:10] [INFO] Val Loss: CORE: 2.18 CODE-LISP: 0.98 PAPERS-BIOLOGY: 2.62 PAPERS-CYBER: 2.88 PAPERS-NUCLEAR: 2.96 
[GPU 0] [12:54:44] [INFO] Step: 21000, LR: 1.79e-04
[GPU 0] [12:54:44] [INFO] Train Loss: CORE: 2.61 CODE-LISP: 0.72 PAPERS-BIOLOGY: 2.62 PAPERS-CYBER: 2.91 PAPERS-NUCLEAR: 2.91 
[GPU 0] [12:54:44] [INFO] Val Loss: CORE: 2.04 CODE-LISP: 0.94 PAPERS-BIOLOGY: 2.56 PAPERS-CYBER: 2.82 PAPERS-NUCLEAR: 2.91 
[GPU 0] [13:00:26] [INFO] Step: 21550, LR: 1.00e-08
[GPU 0] [13:00:26] [INFO] Train Loss: CORE: 2.63 CODE-LISP: 0.71 PAPERS-BIOLOGY: 2.59 PAPERS-CYBER: 2.91 PAPERS-NUCLEAR: 2.86 
[GPU 0] [13:00:26] [INFO] Val Loss: CORE: 2.09 CODE-LISP: 0.93 PAPERS-BIOLOGY: 2.55 PAPERS-CYBER: 2.82 PAPERS-NUCLEAR: 2.90 
[GPU 0] [13:00:35] [INFO] ---- Begin Eval ----
[GPU 0] [13:00:35] [INFO] Data: core | Experts: None
[GPU 0] [13:00:46] [INFO] loss: 2.00598884
[GPU 0] [13:00:46] [INFO] Data: code-lisp | Experts: None
[GPU 0] [13:00:49] [INFO] loss: 0.92936492
[GPU 0] [13:00:49] [INFO] Data: papers-biology | Experts: None
[GPU 0] [13:00:53] [INFO] loss: 2.55297852
[GPU 0] [13:00:53] [INFO] Data: papers-nuclear | Experts: None
[GPU 0] [13:00:57] [INFO] loss: 2.89892554
[GPU 0] [13:00:57] [INFO] Data: papers-cyber | Experts: None
[GPU 0] [13:01:00] [INFO] loss: 2.81713843
[GPU 0] [13:01:05] [INFO] BASELINE - ADVERSARIAL FT START
[GPU 0] [13:01:13] [INFO] ---- Begin FT | Experts: None | Data: ['code-lisp'] ----
[GPU 0] [13:01:13] [DEBUG] num_seq: 512, num_rounds: 200, patience: 10
[GPU 0] [13:01:13] [DEBUG] local_x: torch.Size([64, 1024]), local_y: torch.Size([64, 1024]), num_steps: 3, per_gpu: 64, mbs_size: 23
[GPU 0] [13:01:57] [INFO] New best validation loss: 0.9582 @ step 0
[GPU 0] [13:02:20] [INFO] New best validation loss: 0.9462 @ step 2
[GPU 0] [13:02:34] [INFO] New best validation loss: 0.9399 @ step 3
[GPU 0] [13:02:48] [INFO] New best validation loss: 0.9376 @ step 4
[GPU 0] [13:05:29] [INFO] Stop FT @ 16: no val improvement for 10 steps
[GPU 0] [13:05:29] [INFO] Wrote stats.jsonl entries at FT step 4 
[GPU 0] [13:05:42] [INFO] ---- Begin FT | Experts: None | Data: ['papers-biology'] ----
[GPU 0] [13:05:42] [DEBUG] num_seq: 512, num_rounds: 200, patience: 10
[GPU 0] [13:05:42] [DEBUG] local_x: torch.Size([64, 1024]), local_y: torch.Size([64, 1024]), num_steps: 3, per_gpu: 64, mbs_size: 23
[GPU 0] [13:05:56] [INFO] New best validation loss: 2.6354 @ step 0
[GPU 0] [13:06:09] [INFO] New best validation loss: 2.5888 @ step 1
[GPU 0] [13:06:24] [INFO] New best validation loss: 2.5871 @ step 2
[GPU 0] [13:06:39] [INFO] New best validation loss: 2.5748 @ step 3
[GPU 0] [13:06:54] [INFO] New best validation loss: 2.5683 @ step 4
[GPU 0] [13:09:38] [INFO] Stop FT @ 16: no val improvement for 10 steps
[GPU 0] [13:09:38] [INFO] Wrote stats.jsonl entries at FT step 4 
[GPU 0] [13:09:51] [INFO] ---- Begin FT | Experts: None | Data: ['papers-cyber'] ----
[GPU 0] [13:09:51] [DEBUG] num_seq: 512, num_rounds: 200, patience: 10
[GPU 0] [13:09:51] [DEBUG] local_x: torch.Size([64, 1024]), local_y: torch.Size([64, 1024]), num_steps: 3, per_gpu: 64, mbs_size: 23
[GPU 0] [13:10:04] [INFO] New best validation loss: 2.8626 @ step 0
[GPU 0] [13:10:16] [INFO] New best validation loss: 2.8516 @ step 1
[GPU 0] [13:10:29] [INFO] New best validation loss: 2.8414 @ step 2
[GPU 0] [13:10:44] [INFO] New best validation loss: 2.8335 @ step 3
[GPU 0] [13:10:59] [INFO] New best validation loss: 2.8284 @ step 4
[GPU 0] [13:11:14] [INFO] New best validation loss: 2.8274 @ step 5
[GPU 0] [13:13:58] [INFO] Stop FT @ 17: no val improvement for 10 steps
[GPU 0] [13:13:58] [INFO] Wrote stats.jsonl entries at FT step 5 
[GPU 0] [13:14:10] [INFO] ---- Begin FT | Experts: None | Data: ['papers-nuclear'] ----
[GPU 0] [13:14:10] [DEBUG] num_seq: 512, num_rounds: 200, patience: 10
[GPU 0] [13:14:10] [DEBUG] local_x: torch.Size([64, 1024]), local_y: torch.Size([64, 1024]), num_steps: 3, per_gpu: 64, mbs_size: 23
[GPU 0] [13:14:22] [INFO] New best validation loss: 2.9574 @ step 0
[GPU 0] [13:14:35] [INFO] New best validation loss: 2.9129 @ step 1
[GPU 0] [13:14:51] [INFO] New best validation loss: 2.9086 @ step 2
[GPU 0] [13:15:05] [INFO] New best validation loss: 2.9063 @ step 3
[GPU 0] [13:15:25] [INFO] New best validation loss: 2.9018 @ step 4
[GPU 0] [13:15:40] [INFO] New best validation loss: 2.8981 @ step 5
[GPU 0] [13:18:24] [INFO] Stop FT @ 17: no val improvement for 10 steps
[GPU 0] [13:18:24] [INFO] Wrote stats.jsonl entries at FT step 5 
[GPU 0] [13:18:26] [INFO] ----------------------------------------
[GPU 0] [13:18:26] [INFO] Finished. See /workspace-vast/ethanr/gradient-routing/experiments/AGI-1699-New-Dataset-Runs/results/scaling/realistic/base/400M/seed_3/20260520091243846034
