[GPU 0] [09:01:28] [INFO] Git branch: AGI-1696-New-Dataset-Runs_ethan, commit: c38197ab0ccbcb2b742d427549da1903403fd84a
[GPU 0] [09:01:28] [INFO] Number of GPUs: 8
[GPU 0] [09:01:29] [INFO] Tokenizer vocabulary: 50257
[GPU 0] [09:01:29] [INFO] Set model vocab size to nearest multiple of 64 of tokenizer size: 50304
[GPU 0] [09:01:44] [INFO] target effective batch size: 641, actual effective batch size: 672, micro batch size: 12, accumulation steps: 7, num gpus: 8
[GPU 0] [09:01:44] [INFO] core total number of tokens: 66749057569
[GPU 0] [09:01:44] [INFO] Baseline model has 806,509,504 parameters
[GPU 0] [09:01:44] [INFO] core: chinchilla optimal tokens: 16,130,190,080, requested proportion: 1.0000, requested number of tokens: 16,130,190,080.0, 
[GPU 0] [09:01:44] [INFO] aux total number of tokens: 4835776549
[GPU 0] [09:01:44] [INFO] Baseline model has 806,509,504 parameters
[GPU 0] [09:01:44] [INFO] aux: chinchilla optimal tokens: 16,130,190,080, requested proportion: 0.0100, requested number of tokens: 161,301,900.8, 
[GPU 0] [09:01:44] [DEBUG] Saved config to /workspace-vast/ethanr/gradient-routing/experiments/AGI-1699-New-Dataset-Runs/results/scaling/realistic/coreftaux/800M/seed_2/20260522090125562754/config.json
[GPU 0] [09:01:44] [DEBUG] {
    "stages": [
        {
            "name": "coreftaux",
            "num_checkpoints": -1,
            "lr": 0.0005663534909876918,
            "res_dir": "/workspace-vast/ethanr/gradient-routing/experiments/AGI-1699-New-Dataset-Runs/results/scaling/realistic/coreftaux/800M/seed_2/20260522090125562754/coreftaux",
            "acc_mode": "uniform",
            "do_eval": true,
            "do_sample": false,
            "num_train_evals": 0,
            "do_elicit": true,
            "elicit_eval_prc": 0.5,
            "elicit_num_evals": 100,
            "retain_targets": null,
            "aux_factor": 0.5,
            "core_aux_ratio": 4.0,
            "label_prc": 1.0,
            "ft_lr_factor": 0.25
        }
    ],
    "model": {
        "arch": "base",
        "tokenizer": "GPT2Tokenizer(name_or_path='EleutherAI/gpt-neo-125M', vocab_size=50257, model_max_length=2048, padding_side='right', truncation_side='right', special_tokens={'bos_token': '<|endoftext|>', 'eos_token': '<|endoftext|>', 'unk_token': '<|endoftext|>'}, added_tokens_decoder={\n\t50256: AddedToken(\"<|endoftext|>\", rstrip=False, lstrip=False, single_word=False, normalized=True, special=True),\n}\n)",
        "ctx_len": 1024,
        "vocab_size": 50304,
        "num_layers": 24,
        "num_heads": 8,
        "num_key_value": 2,
        "attn_bias": true,
        "eos_token_id": 50256,
        "embed_dim": 1600,
        "mlp_dim": 6400
    },
    "data": {
        "dirs": [
            "/workspace-vast/ethanr/gradient-routing/experiments/AGI-1699-New-Dataset-Runs/src/data/fineweb",
            "/workspace-vast/ethanr/gradient-routing/experiments/AGI-1699-New-Dataset-Runs/src/data/code",
            "/workspace-vast/ethanr/gradient-routing/experiments/AGI-1699-New-Dataset-Runs/src/data/papers"
        ],
        "core": {
            "labels": [
                "fineweb",
                "code-other",
                "papers-other"
            ],
            "method": "optimal",
            "limit": 1.0,
            "dist": {
                "fineweb": 0.84,
                "code-other": 0.15,
                "papers-other": 0.01
            },
            "num_tok": 16130190080.0
        },
        "aux": {
            "labels": [
                "code-lisp",
                "papers-biology",
                "papers-nuclear",
                "papers-cyber"
            ],
            "method": "optimal",
            "limit": 0.01,
            "dist": {
                "code-lisp": 0.25,
                "papers-biology": 0.25,
                "papers-nuclear": 0.25,
                "papers-cyber": 0.25
            },
            "num_tok": 161301900.8
        }
    },
    "run": {
        "target_effective_batch_size": 641,
        "effective_batch_size": 672,
        "micro_batch_size": 12,
        "accumulation_steps": 7,
        "max_num_test_sequences": 10000,
        "eval_all_labels": false,
        "micro_batch_anchors": [
            [
                400000000.0,
                23
            ],
            [
                5000000000.0,
                2
            ]
        ],
        "epochs": 1,
        "adam_betas": [
            0.9,
            0.95
        ],
        "warmup_prc": 0.02,
        "decay_prc": 0.1,
        "seed": 2,
        "compile": true,
        "find_unused_parameters": true,
        "is_ddp": true,
        "cleanup_distributed": false,
        "log_level": "DEBUG",
        "num_gpus": 8,
        "process_id": 0,
        "num_base_params": 806509504,
        "device": "cuda",
        "logger": "<Logger training_20260522090125562754 (DEBUG)>",
        "labels": [
            "core",
            "code-lisp",
            "papers-biology",
            "papers-cyber",
            "papers-nuclear"
        ],
        "loaders": {
            "code-lisp": {
                "train": "SingleDataLoader(code-lisp_train_001.bin, len=410)",
                "test": "InterleavedDataLoader(len=105)"
            },
            "code-other": {
                "train": "InterleavedDataLoader(len=24612)",
                "test": "InterleavedDataLoader(len=105)"
            },
            "fineweb": {
                "train": "InterleavedDataLoader(len=137831)",
                "test": "InterleavedDataLoader(len=105)"
            },
            "papers-biology": {
                "train": "SingleDataLoader(papers-biology_train.bin, len=410)",
                "test": "SingleDataLoader(papers-biology_test.bin, len=105)"
            },
            "papers-cyber": {
                "train": "SingleDataLoader(papers-cyber_train.bin, len=410)",
                "test": "SingleDataLoader(papers-cyber_test.bin, len=105)"
            },
            "papers-nuclear": {
                "train": "SingleDataLoader(papers-nuclear_train.bin, len=410)",
                "test": "SingleDataLoader(papers-nuclear_test.bin, len=105)"
            },
            "papers-other": {
                "train": "SingleDataLoader(papers-other_train.bin, len=1640)",
                "test": "SingleDataLoader(papers-other_test.bin, len=105)"
            },
            "core": {
                "train": "InterleavedDataLoader(len=164083)",
                "test": "InterleavedDataLoader(len=315)"
            },
            "aux": {
                "train": "InterleavedDataLoader(len=1640)",
                "test": "InterleavedDataLoader(len=420)"
            },
            "all": {
                "train": "InterleavedDataLoader(len=165723)",
                "test": "InterleavedDataLoader(len=735)"
            }
        },
        "res_root": "/workspace-vast/ethanr/gradient-routing/experiments/AGI-1699-New-Dataset-Runs/results/scaling/realistic/coreftaux/800M/seed_2",
        "experiment_id": "20260522090125562754",
        "s3_bucket": "ae-gradient-routing-results",
        "s3_prefix": "scaling/realistic/coreftaux/800M/seed_2"
    },
    "label_prc": 1.0
}
[GPU 0] [09:01:44] [INFO] Loader code-lisp train: 410, test: 105
[GPU 0] [09:01:44] [INFO] Loader code-other train: 24612, test: 105
[GPU 0] [09:01:44] [INFO] Loader fineweb train: 137831, test: 105
[GPU 0] [09:01:44] [INFO] Loader papers-biology train: 410, test: 105
[GPU 0] [09:01:44] [INFO] Loader papers-cyber train: 410, test: 105
[GPU 0] [09:01:44] [INFO] Loader papers-nuclear train: 410, test: 105
[GPU 0] [09:01:44] [INFO] Loader papers-other train: 1640, test: 105
[GPU 0] [09:01:44] [INFO] Loader core train: 164083, test: 315
[GPU 0] [09:01:44] [INFO] Loader aux train: 1640, test: 420
[GPU 0] [09:01:44] [INFO] Loader all train: 165723, test: 735
[GPU 0] [09:01:44] [INFO] Stage [coreftaux] start: {"name": "coreftaux", "num_checkpoints": -1, "lr": 0.0005663534909876918, "res_dir": "/workspace-vast/ethanr/gradient-routing/experiments/AGI-1699-New-Dataset-Runs/results/scaling/realistic/coreftaux/800M/seed_2/20260522090125562754/coreftaux", "acc_mode": "uniform", "do_eval": true, "do_sample": false, "num_train_evals": 0, "do_elicit": true, "elicit_eval_prc": 0.5, "elicit_num_evals": 100, "retain_targets": null, "aux_factor": 0.5, "core_aux_ratio": 4.0, "label_prc": 1.0, "ft_lr_factor": 0.25}
[GPU 0] [09:01:44] [INFO] CORE FT AUX - BASE PHASE START
[GPU 0] [09:02:02] [INFO] Initialized BaseTransformer with 806,509,504 total parameters
[GPU 0] [09:02:02] [INFO] Compiling BaseTransformer with torch.compile...
[GPU 0] [09:02:02] [INFO] torch.compile done
[GPU 0] [09:02:03] [WARNING] restore_partial_state: no checkpoint found at /workspace-vast/ethanr/gradient-routing/experiments/AGI-1699-New-Dataset-Runs/results/scaling/realistic/coreftaux/800M/seed_2/20260522090125562754/coreftaux/core
[GPU 0] [09:02:03] [INFO] ---- Begin CoreFTAux | Phase: base | Data Label: core ----
[GPU 0] [09:02:03] [DEBUG] acc_mode: uniform, label_prc: 1.0, lr: 0.0005663534909876918
[GPU 0] [09:02:03] [INFO] 
len_all: 165723, len_all_labeled: 165723, len_all_unlabeled: 0,
len_base: 161623, len_ft: 4100,
len_core_for_ft: 3280, len_aux_for_ft: 820,
aux_factor: {'code-lisp': 0.5, 'papers-biology': 0.5, 'papers-nuclear': 0.5, 'papers-cyber': 0.5}, core_aux_ratio: 4.0,
[GPU 0] [09:02:03] [INFO] Batch [core] count: 161623
[GPU 0] [09:02:03] [INFO] num_total_steps: 23089
[GPU 0] [09:02:03] [INFO] warmup_steps: 462
[GPU 0] [09:02:03] [INFO] constant_steps: 20318
[GPU 0] [09:02:03] [INFO] decay_steps: 2309
[GPU 0] [09:02:03] [INFO] LR Scheduler: Warmup Start
[GPU 0] [09:02:39] [INFO] Step: 1, LR: 1.24e-06
[GPU 0] [09:02:39] [INFO] Train Loss: CORE: 11.08 CODE-LISP: nan PAPERS-BIOLOGY: nan PAPERS-CYBER: nan PAPERS-NUCLEAR: nan 
[GPU 0] [09:18:17] [INFO] LR Scheduler: Constant Start
[GPU 0] [09:35:45] [INFO] Step: 1000, LR: 5.66e-04
[GPU 0] [09:35:45] [INFO] Train Loss: CORE: 3.32 CODE-LISP: nan PAPERS-BIOLOGY: nan PAPERS-CYBER: nan PAPERS-NUCLEAR: nan 
[GPU 0] [10:07:31] [INFO] Step: 2000, LR: 5.66e-04
[GPU 0] [10:07:31] [INFO] Train Loss: CORE: 2.53 CODE-LISP: nan PAPERS-BIOLOGY: nan PAPERS-CYBER: nan PAPERS-NUCLEAR: nan 
[GPU 0] [10:39:07] [INFO] Step: 3000, LR: 5.66e-04
[GPU 0] [10:39:07] [INFO] Train Loss: CORE: 2.84 CODE-LISP: nan PAPERS-BIOLOGY: nan PAPERS-CYBER: nan PAPERS-NUCLEAR: nan 
[GPU 0] [11:10:47] [INFO] Step: 4000, LR: 5.66e-04
[GPU 0] [11:10:47] [INFO] Train Loss: CORE: 2.81 CODE-LISP: nan PAPERS-BIOLOGY: nan PAPERS-CYBER: nan PAPERS-NUCLEAR: nan 
[GPU 0] [11:42:27] [INFO] Step: 5000, LR: 5.66e-04
[GPU 0] [11:42:27] [INFO] Train Loss: CORE: 2.35 CODE-LISP: nan PAPERS-BIOLOGY: nan PAPERS-CYBER: nan PAPERS-NUCLEAR: nan 
[GPU 0] [12:14:02] [INFO] Step: 6000, LR: 5.66e-04
[GPU 0] [12:14:02] [INFO] Train Loss: CORE: 2.47 CODE-LISP: nan PAPERS-BIOLOGY: nan PAPERS-CYBER: nan PAPERS-NUCLEAR: nan 
[GPU 0] [12:45:42] [INFO] Step: 7000, LR: 5.66e-04
[GPU 0] [12:45:42] [INFO] Train Loss: CORE: 2.69 CODE-LISP: nan PAPERS-BIOLOGY: nan PAPERS-CYBER: nan PAPERS-NUCLEAR: nan 
[GPU 0] [13:17:22] [INFO] Step: 8000, LR: 5.66e-04
[GPU 0] [13:17:22] [INFO] Train Loss: CORE: 2.69 CODE-LISP: nan PAPERS-BIOLOGY: nan PAPERS-CYBER: nan PAPERS-NUCLEAR: nan 
[GPU 0] [13:49:00] [INFO] Step: 9000, LR: 5.66e-04
[GPU 0] [13:49:00] [INFO] Train Loss: CORE: 2.90 CODE-LISP: nan PAPERS-BIOLOGY: nan PAPERS-CYBER: nan PAPERS-NUCLEAR: nan 
[GPU 0] [14:20:39] [INFO] Step: 10000, LR: 5.66e-04
[GPU 0] [14:20:39] [INFO] Train Loss: CORE: 2.46 CODE-LISP: nan PAPERS-BIOLOGY: nan PAPERS-CYBER: nan PAPERS-NUCLEAR: nan 
[GPU 0] [14:52:19] [INFO] Step: 11000, LR: 5.66e-04
[GPU 0] [14:52:19] [INFO] Train Loss: CORE: 2.64 CODE-LISP: nan PAPERS-BIOLOGY: nan PAPERS-CYBER: nan PAPERS-NUCLEAR: nan 
[GPU 0] [15:23:59] [INFO] Step: 12000, LR: 5.66e-04
[GPU 0] [15:23:59] [INFO] Train Loss: CORE: 2.61 CODE-LISP: nan PAPERS-BIOLOGY: nan PAPERS-CYBER: nan PAPERS-NUCLEAR: nan 
[GPU 0] [15:55:34] [INFO] Step: 13000, LR: 5.66e-04
[GPU 0] [15:55:34] [INFO] Train Loss: CORE: 2.16 CODE-LISP: nan PAPERS-BIOLOGY: nan PAPERS-CYBER: nan PAPERS-NUCLEAR: nan 
[GPU 0] [16:27:13] [INFO] Step: 14000, LR: 5.66e-04
[GPU 0] [16:27:13] [INFO] Train Loss: CORE: 1.96 CODE-LISP: nan PAPERS-BIOLOGY: nan PAPERS-CYBER: nan PAPERS-NUCLEAR: nan 
[GPU 0] [16:58:52] [INFO] Step: 15000, LR: 5.66e-04
[GPU 0] [16:58:52] [INFO] Train Loss: CORE: 2.63 CODE-LISP: nan PAPERS-BIOLOGY: nan PAPERS-CYBER: nan PAPERS-NUCLEAR: nan 
[GPU 0] [17:30:31] [INFO] Step: 16000, LR: 5.66e-04
[GPU 0] [17:30:31] [INFO] Train Loss: CORE: 2.83 CODE-LISP: nan PAPERS-BIOLOGY: nan PAPERS-CYBER: nan PAPERS-NUCLEAR: nan 
[GPU 0] [18:02:07] [INFO] Step: 17000, LR: 5.66e-04
[GPU 0] [18:02:07] [INFO] Train Loss: CORE: 2.78 CODE-LISP: nan PAPERS-BIOLOGY: nan PAPERS-CYBER: nan PAPERS-NUCLEAR: nan 
[GPU 0] [18:33:47] [INFO] Step: 18000, LR: 5.66e-04
[GPU 0] [18:33:47] [INFO] Train Loss: CORE: 2.35 CODE-LISP: nan PAPERS-BIOLOGY: nan PAPERS-CYBER: nan PAPERS-NUCLEAR: nan 
[GPU 0] [19:05:26] [INFO] Step: 19000, LR: 5.66e-04
[GPU 0] [19:05:26] [INFO] Train Loss: CORE: 2.43 CODE-LISP: nan PAPERS-BIOLOGY: nan PAPERS-CYBER: nan PAPERS-NUCLEAR: nan 
[GPU 0] [19:37:05] [INFO] Step: 20000, LR: 5.66e-04
[GPU 0] [19:37:05] [INFO] Train Loss: CORE: 2.36 CODE-LISP: nan PAPERS-BIOLOGY: nan PAPERS-CYBER: nan PAPERS-NUCLEAR: nan 
[GPU 0] [20:01:43] [INFO] LR Scheduler: Decay Start
[GPU 0] [20:08:42] [INFO] Step: 21000, LR: 5.12e-04
[GPU 0] [20:08:42] [INFO] Train Loss: CORE: 2.37 CODE-LISP: nan PAPERS-BIOLOGY: nan PAPERS-CYBER: nan PAPERS-NUCLEAR: nan 
[GPU 0] [20:40:19] [INFO] Step: 22000, LR: 2.67e-04
[GPU 0] [20:40:19] [INFO] Train Loss: CORE: 2.09 CODE-LISP: nan PAPERS-BIOLOGY: nan PAPERS-CYBER: nan PAPERS-NUCLEAR: nan 
[GPU 0] [21:11:57] [INFO] Step: 23000, LR: 2.18e-05
[GPU 0] [21:11:57] [INFO] Train Loss: CORE: 2.02 CODE-LISP: nan PAPERS-BIOLOGY: nan PAPERS-CYBER: nan PAPERS-NUCLEAR: nan 
[GPU 0] [21:14:45] [INFO] Step: 23089, LR: 1.00e-08
[GPU 0] [21:14:45] [INFO] Train Loss: CORE: 2.64 CODE-LISP: nan PAPERS-BIOLOGY: nan PAPERS-CYBER: nan PAPERS-NUCLEAR: nan 
[GPU 0] [21:15:20] [INFO] ---- Begin Eval ----
[GPU 0] [21:15:20] [INFO] Data: core | Experts: None
[GPU 0] [21:16:16] [INFO] loss: 1.88030446
[GPU 0] [21:16:16] [INFO] Data: code-lisp | Experts: None
[GPU 0] [21:16:22] [INFO] loss: 1.42157733
[GPU 0] [21:16:22] [INFO] Data: papers-biology | Experts: None
[GPU 0] [21:16:29] [INFO] loss: 2.47040558
[GPU 0] [21:16:29] [INFO] Data: papers-nuclear | Experts: None
[GPU 0] [21:16:35] [INFO] loss: 2.84588909
[GPU 0] [21:16:35] [INFO] Data: papers-cyber | Experts: None
[GPU 0] [21:16:42] [INFO] loss: 2.71415544
[GPU 0] [21:16:47] [INFO] CORE FT AUX - BASE PHASE - ADVERSARIAL FT START
[GPU 0] [21:17:00] [INFO] ---- Begin FT | Experts: None | Data: ['code-lisp'] ----
[GPU 0] [21:17:00] [DEBUG] num_seq: 512, num_rounds: 200, patience: 10
[GPU 0] [21:17:00] [DEBUG] local_x: torch.Size([64, 1024]), local_y: torch.Size([64, 1024]), num_steps: 6, per_gpu: 64, mbs_size: 12
[GPU 0] [21:17:43] [INFO] New best validation loss: 1.6016 @ step 0
[GPU 0] [21:17:57] [INFO] New best validation loss: 1.3360 @ step 1
[GPU 0] [21:18:11] [INFO] New best validation loss: 1.2936 @ step 2
[GPU 0] [21:18:27] [INFO] New best validation loss: 1.2452 @ step 3
[GPU 0] [21:18:44] [INFO] New best validation loss: 1.2175 @ step 4
[GPU 0] [21:19:01] [INFO] New best validation loss: 1.1951 @ step 5
[GPU 0] [21:19:17] [INFO] New best validation loss: 1.1775 @ step 6
[GPU 0] [21:19:34] [INFO] New best validation loss: 1.1631 @ step 7
[GPU 0] [21:19:51] [INFO] New best validation loss: 1.1493 @ step 8
[GPU 0] [21:20:08] [INFO] New best validation loss: 1.1369 @ step 9
[GPU 0] [21:20:25] [INFO] New best validation loss: 1.1254 @ step 10
[GPU 0] [21:20:43] [INFO] New best validation loss: 1.1144 @ step 11
[GPU 0] [21:20:59] [INFO] New best validation loss: 1.1033 @ step 12
[GPU 0] [21:21:16] [INFO] New best validation loss: 1.0933 @ step 13
[GPU 0] [21:21:33] [INFO] New best validation loss: 1.0857 @ step 14
[GPU 0] [21:21:50] [INFO] New best validation loss: 1.0792 @ step 15
[GPU 0] [21:22:07] [INFO] New best validation loss: 1.0732 @ step 16
[GPU 0] [21:22:24] [INFO] New best validation loss: 1.0676 @ step 17
[GPU 0] [21:22:41] [INFO] New best validation loss: 1.0632 @ step 18
[GPU 0] [21:22:58] [INFO] New best validation loss: 1.0597 @ step 19
[GPU 0] [21:23:15] [INFO] New best validation loss: 1.0571 @ step 20
[GPU 0] [21:23:32] [INFO] New best validation loss: 1.0553 @ step 21
[GPU 0] [21:23:49] [INFO] New best validation loss: 1.0541 @ step 22
[GPU 0] [21:24:06] [INFO] New best validation loss: 1.0533 @ step 23
[GPU 0] [21:24:23] [INFO] New best validation loss: 1.0526 @ step 24
[GPU 0] [21:24:40] [INFO] New best validation loss: 1.0524 @ step 25
[GPU 0] [21:27:46] [INFO] Stop FT @ 37: no val improvement for 10 steps
[GPU 0] [21:27:46] [INFO] Wrote stats.jsonl entries at FT step 25 
[GPU 0] [21:28:03] [INFO] ---- Begin FT | Experts: None | Data: ['papers-biology'] ----
[GPU 0] [21:28:03] [DEBUG] num_seq: 512, num_rounds: 200, patience: 10
[GPU 0] [21:28:03] [DEBUG] local_x: torch.Size([64, 1024]), local_y: torch.Size([64, 1024]), num_steps: 6, per_gpu: 64, mbs_size: 12
[GPU 0] [21:28:17] [INFO] New best validation loss: 2.5846 @ step 0
[GPU 0] [21:28:31] [INFO] New best validation loss: 2.4813 @ step 1
[GPU 0] [21:29:44] [INFO] New best validation loss: 2.4790 @ step 6
[GPU 0] [21:32:58] [INFO] Stop FT @ 18: no val improvement for 10 steps
[GPU 0] [21:32:58] [INFO] Wrote stats.jsonl entries at FT step 6 
[GPU 0] [21:33:16] [INFO] ---- Begin FT | Experts: None | Data: ['papers-cyber'] ----
[GPU 0] [21:33:16] [DEBUG] num_seq: 512, num_rounds: 200, patience: 10
[GPU 0] [21:33:16] [DEBUG] local_x: torch.Size([64, 1024]), local_y: torch.Size([64, 1024]), num_steps: 6, per_gpu: 64, mbs_size: 12
[GPU 0] [21:33:30] [INFO] New best validation loss: 2.8004 @ step 0
[GPU 0] [21:33:44] [INFO] New best validation loss: 2.7283 @ step 1
[GPU 0] [21:36:37] [INFO] Stop FT @ 13: no val improvement for 10 steps
[GPU 0] [21:36:37] [INFO] Wrote stats.jsonl entries at FT step 1 
[GPU 0] [21:36:53] [INFO] ---- Begin FT | Experts: None | Data: ['papers-nuclear'] ----
[GPU 0] [21:36:53] [DEBUG] num_seq: 512, num_rounds: 200, patience: 10
[GPU 0] [21:36:53] [DEBUG] local_x: torch.Size([64, 1024]), local_y: torch.Size([64, 1024]), num_steps: 6, per_gpu: 64, mbs_size: 12
[GPU 0] [21:37:08] [INFO] New best validation loss: 2.9834 @ step 0
[GPU 0] [21:37:22] [INFO] New best validation loss: 2.8517 @ step 1
[GPU 0] [21:37:37] [INFO] New best validation loss: 2.8375 @ step 2
[GPU 0] [21:40:31] [INFO] Stop FT @ 14: no val improvement for 10 steps
[GPU 0] [21:40:31] [INFO] Wrote stats.jsonl entries at FT step 2 
[GPU 0] [21:40:48] [INFO] CORE FT AUX - AUX PHASE: code-lisp
[GPU 0] [21:40:48] [WARNING] restore_partial_state: no checkpoint found at /workspace-vast/ethanr/gradient-routing/experiments/AGI-1699-New-Dataset-Runs/results/scaling/realistic/coreftaux/800M/seed_2/20260522090125562754/coreftaux/core_code-lisp
[GPU 0] [21:40:48] [INFO] ---- Begin CoreFTAux | Phase: ft | Data Label: code-lisp ----
[GPU 0] [21:40:48] [DEBUG] acc_mode: uniform, label_prc: 1.0, lr: 0.00014158837274692295
[GPU 0] [21:40:48] [INFO] 
len_all: 165723, len_all_labeled: 165723, len_all_unlabeled: 0,
len_base: 161623, len_ft: 4100,
len_core_for_ft: 3280, len_aux_for_ft: 820,
aux_factor: {'code-lisp': 0.5, 'papers-biology': 0.5, 'papers-nuclear': 0.5, 'papers-cyber': 0.5}, core_aux_ratio: 4.0,
[GPU 0] [21:40:48] [INFO] Batch [code-lisp] count: 203
[GPU 0] [21:40:48] [INFO] Batch [core] count: 819
[GPU 0] [21:40:48] [INFO] num_total_steps: 146
[GPU 0] [21:40:48] [INFO] warmup_steps: 3
[GPU 0] [21:40:48] [INFO] constant_steps: 128
[GPU 0] [21:40:48] [INFO] decay_steps: 15
[GPU 0] [21:40:48] [INFO] LR Scheduler: Warmup Start
[GPU 0] [21:40:53] [INFO] Step: 1, LR: 4.72e-05
[GPU 0] [21:40:53] [INFO] Train Loss: CORE: 2.37 CODE-LISP: nan PAPERS-BIOLOGY: nan PAPERS-CYBER: nan PAPERS-NUCLEAR: nan 
[GPU 0] [21:40:58] [INFO] LR Scheduler: Constant Start
[GPU 0] [21:45:02] [INFO] LR Scheduler: Decay Start
[GPU 0] [21:45:30] [INFO] Step: 146, LR: 1.00e-08
[GPU 0] [21:45:30] [INFO] Train Loss: CORE: 2.70 CODE-LISP: 0.89 PAPERS-BIOLOGY: nan PAPERS-CYBER: nan PAPERS-NUCLEAR: nan 
[GPU 0] [21:46:04] [INFO] ---- Begin Eval ----
[GPU 0] [21:46:04] [INFO] Data: core | Experts: None
[GPU 0] [21:46:23] [INFO] loss: 1.88570261
[GPU 0] [21:46:23] [INFO] Data: code-lisp | Experts: None
[GPU 0] [21:46:29] [INFO] loss: 0.98336589
[GPU 0] [21:46:29] [INFO] Data: papers-biology | Experts: None
[GPU 0] [21:46:36] [INFO] loss: 2.47552061
[GPU 0] [21:46:36] [INFO] Data: papers-nuclear | Experts: None
[GPU 0] [21:46:42] [INFO] loss: 2.85245514
[GPU 0] [21:46:42] [INFO] Data: papers-cyber | Experts: None
[GPU 0] [21:46:49] [INFO] loss: 2.71999645
[GPU 0] [21:46:52] [INFO] CORE FT AUX - AUX PHASE: code-lisp - ADVERSARIAL FT START
[GPU 0] [21:47:05] [INFO] ---- Begin FT | Experts: None | Data: ['papers-biology'] ----
[GPU 0] [21:47:05] [DEBUG] num_seq: 512, num_rounds: 200, patience: 10
[GPU 0] [21:47:05] [DEBUG] local_x: torch.Size([64, 1024]), local_y: torch.Size([64, 1024]), num_steps: 6, per_gpu: 64, mbs_size: 12
[GPU 0] [21:47:20] [INFO] New best validation loss: 2.6258 @ step 0
[GPU 0] [21:47:33] [INFO] New best validation loss: 2.4814 @ step 1
[GPU 0] [21:50:25] [INFO] Stop FT @ 13: no val improvement for 10 steps
[GPU 0] [21:50:25] [INFO] Wrote stats.jsonl entries at FT step 1 
[GPU 0] [21:50:43] [INFO] ---- Begin FT | Experts: None | Data: ['papers-cyber'] ----
[GPU 0] [21:50:43] [DEBUG] num_seq: 512, num_rounds: 200, patience: 10
[GPU 0] [21:50:43] [DEBUG] local_x: torch.Size([64, 1024]), local_y: torch.Size([64, 1024]), num_steps: 6, per_gpu: 64, mbs_size: 12
[GPU 0] [21:50:56] [INFO] New best validation loss: 2.7950 @ step 0
[GPU 0] [21:51:10] [INFO] New best validation loss: 2.7349 @ step 1
[GPU 0] [21:51:25] [INFO] New best validation loss: 2.7349 @ step 2
[GPU 0] [21:54:30] [INFO] Stop FT @ 14: no val improvement for 10 steps
[GPU 0] [21:54:30] [INFO] Wrote stats.jsonl entries at FT step 2 
[GPU 0] [21:54:47] [INFO] ---- Begin FT | Experts: None | Data: ['papers-nuclear'] ----
[GPU 0] [21:54:47] [DEBUG] num_seq: 512, num_rounds: 200, patience: 10
[GPU 0] [21:54:47] [DEBUG] local_x: torch.Size([64, 1024]), local_y: torch.Size([64, 1024]), num_steps: 6, per_gpu: 64, mbs_size: 12
[GPU 0] [21:55:01] [INFO] New best validation loss: 2.9912 @ step 0
[GPU 0] [21:55:15] [INFO] New best validation loss: 2.8613 @ step 1
[GPU 0] [21:55:30] [INFO] New best validation loss: 2.8418 @ step 2
[GPU 0] [21:58:27] [INFO] Stop FT @ 14: no val improvement for 10 steps
[GPU 0] [21:58:27] [INFO] Wrote stats.jsonl entries at FT step 2 
[GPU 0] [21:58:44] [INFO] CORE FT AUX - AUX PHASE: papers-biology
[GPU 0] [21:58:44] [WARNING] restore_partial_state: no checkpoint found at /workspace-vast/ethanr/gradient-routing/experiments/AGI-1699-New-Dataset-Runs/results/scaling/realistic/coreftaux/800M/seed_2/20260522090125562754/coreftaux/core_papers-biology
[GPU 0] [21:58:44] [INFO] ---- Begin CoreFTAux | Phase: ft | Data Label: papers-biology ----
[GPU 0] [21:58:44] [DEBUG] acc_mode: uniform, label_prc: 1.0, lr: 0.00014158837274692295
[GPU 0] [21:58:44] [INFO] 
len_all: 165723, len_all_labeled: 165723, len_all_unlabeled: 0,
len_base: 161623, len_ft: 4100,
len_core_for_ft: 3280, len_aux_for_ft: 820,
aux_factor: {'code-lisp': 0.5, 'papers-biology': 0.5, 'papers-nuclear': 0.5, 'papers-cyber': 0.5}, core_aux_ratio: 4.0,
[GPU 0] [21:58:44] [INFO] Batch [core] count: 819
[GPU 0] [21:58:44] [INFO] Batch [papers-biology] count: 203
[GPU 0] [21:58:44] [INFO] num_total_steps: 146
[GPU 0] [21:58:44] [INFO] warmup_steps: 3
[GPU 0] [21:58:44] [INFO] constant_steps: 128
[GPU 0] [21:58:44] [INFO] decay_steps: 15
[GPU 0] [21:58:44] [INFO] LR Scheduler: Warmup Start
[GPU 0] [21:58:50] [INFO] Step: 1, LR: 4.72e-05
[GPU 0] [21:58:50] [INFO] Train Loss: CORE: 2.37 CODE-LISP: nan PAPERS-BIOLOGY: nan PAPERS-CYBER: nan PAPERS-NUCLEAR: nan 
[GPU 0] [21:58:54] [INFO] LR Scheduler: Constant Start
[GPU 0] [22:02:59] [INFO] LR Scheduler: Decay Start
[GPU 0] [22:03:27] [INFO] Step: 146, LR: 1.00e-08
[GPU 0] [22:03:27] [INFO] Train Loss: CORE: 2.70 CODE-LISP: nan PAPERS-BIOLOGY: 2.48 PAPERS-CYBER: nan PAPERS-NUCLEAR: nan 
[GPU 0] [22:03:57] [INFO] ---- Begin Eval ----
[GPU 0] [22:03:57] [INFO] Data: core | Experts: None
[GPU 0] [22:04:23] [INFO] loss: 1.88258231
[GPU 0] [22:04:23] [INFO] Data: code-lisp | Experts: None
[GPU 0] [22:04:30] [INFO] loss: 1.42309332
[GPU 0] [22:04:30] [INFO] Data: papers-biology | Experts: None
[GPU 0] [22:04:36] [INFO] loss: 2.39095974
[GPU 0] [22:04:36] [INFO] Data: papers-nuclear | Experts: None
[GPU 0] [22:04:42] [INFO] loss: 2.83867168
[GPU 0] [22:04:42] [INFO] Data: papers-cyber | Experts: None
[GPU 0] [22:04:49] [INFO] loss: 2.71538305
[GPU 0] [22:04:52] [INFO] CORE FT AUX - AUX PHASE: papers-biology - ADVERSARIAL FT START
[GPU 0] [22:05:04] [INFO] ---- Begin FT | Experts: None | Data: ['code-lisp'] ----
[GPU 0] [22:05:04] [DEBUG] num_seq: 512, num_rounds: 200, patience: 10
[GPU 0] [22:05:04] [DEBUG] local_x: torch.Size([64, 1024]), local_y: torch.Size([64, 1024]), num_steps: 6, per_gpu: 64, mbs_size: 12
[GPU 0] [22:05:19] [INFO] New best validation loss: 1.6092 @ step 0
[GPU 0] [22:05:33] [INFO] New best validation loss: 1.3311 @ step 1
[GPU 0] [22:05:47] [INFO] New best validation loss: 1.2928 @ step 2
[GPU 0] [22:06:02] [INFO] New best validation loss: 1.2438 @ step 3
[GPU 0] [22:06:18] [INFO] New best validation loss: 1.2158 @ step 4
[GPU 0] [22:06:34] [INFO] New best validation loss: 1.1936 @ step 5
[GPU 0] [22:06:52] [INFO] New best validation loss: 1.1758 @ step 6
[GPU 0] [22:07:09] [INFO] New best validation loss: 1.1616 @ step 7
[GPU 0] [22:07:26] [INFO] New best validation loss: 1.1489 @ step 8
[GPU 0] [22:07:43] [INFO] New best validation loss: 1.1364 @ step 9
[GPU 0] [22:08:01] [INFO] New best validation loss: 1.1246 @ step 10
[GPU 0] [22:08:17] [INFO] New best validation loss: 1.1131 @ step 11
[GPU 0] [22:08:35] [INFO] New best validation loss: 1.1020 @ step 12
[GPU 0] [22:08:52] [INFO] New best validation loss: 1.0921 @ step 13
[GPU 0] [22:09:09] [INFO] New best validation loss: 1.0845 @ step 14
[GPU 0] [22:09:26] [INFO] New best validation loss: 1.0783 @ step 15
[GPU 0] [22:09:43] [INFO] New best validation loss: 1.0728 @ step 16
[GPU 0] [22:10:01] [INFO] New best validation loss: 1.0675 @ step 17
[GPU 0] [22:10:19] [INFO] New best validation loss: 1.0631 @ step 18
[GPU 0] [22:10:36] [INFO] New best validation loss: 1.0591 @ step 19
[GPU 0] [22:10:53] [INFO] New best validation loss: 1.0561 @ step 20
[GPU 0] [22:11:11] [INFO] New best validation loss: 1.0543 @ step 21
[GPU 0] [22:11:27] [INFO] New best validation loss: 1.0538 @ step 22
[GPU 0] [22:11:46] [INFO] New best validation loss: 1.0533 @ step 23
[GPU 0] [22:12:03] [INFO] New best validation loss: 1.0526 @ step 24
[GPU 0] [22:12:20] [INFO] New best validation loss: 1.0521 @ step 25
[GPU 0] [22:15:33] [INFO] Stop FT @ 37: no val improvement for 10 steps
[GPU 0] [22:15:33] [INFO] Wrote stats.jsonl entries at FT step 25 
[GPU 0] [22:15:48] [INFO] ---- Begin FT | Experts: None | Data: ['papers-cyber'] ----
[GPU 0] [22:15:48] [DEBUG] num_seq: 512, num_rounds: 200, patience: 10
[GPU 0] [22:15:48] [DEBUG] local_x: torch.Size([64, 1024]), local_y: torch.Size([64, 1024]), num_steps: 6, per_gpu: 64, mbs_size: 12
[GPU 0] [22:16:02] [INFO] New best validation loss: 2.7976 @ step 0
[GPU 0] [22:16:16] [INFO] New best validation loss: 2.7309 @ step 1
[GPU 0] [22:16:30] [INFO] New best validation loss: 2.7284 @ step 2
[GPU 0] [22:19:25] [INFO] Stop FT @ 14: no val improvement for 10 steps
[GPU 0] [22:19:25] [INFO] Wrote stats.jsonl entries at FT step 2 
[GPU 0] [22:19:41] [INFO] ---- Begin FT | Experts: None | Data: ['papers-nuclear'] ----
[GPU 0] [22:19:41] [DEBUG] num_seq: 512, num_rounds: 200, patience: 10
[GPU 0] [22:19:41] [DEBUG] local_x: torch.Size([64, 1024]), local_y: torch.Size([64, 1024]), num_steps: 6, per_gpu: 64, mbs_size: 12
[GPU 0] [22:19:55] [INFO] New best validation loss: 2.9443 @ step 0
[GPU 0] [22:20:11] [INFO] New best validation loss: 2.8404 @ step 1
[GPU 0] [22:20:25] [INFO] New best validation loss: 2.8351 @ step 2
[GPU 0] [22:23:24] [INFO] Stop FT @ 14: no val improvement for 10 steps
[GPU 0] [22:23:24] [INFO] Wrote stats.jsonl entries at FT step 2 
[GPU 0] [22:23:41] [INFO] CORE FT AUX - AUX PHASE: papers-nuclear
[GPU 0] [22:23:41] [WARNING] restore_partial_state: no checkpoint found at /workspace-vast/ethanr/gradient-routing/experiments/AGI-1699-New-Dataset-Runs/results/scaling/realistic/coreftaux/800M/seed_2/20260522090125562754/coreftaux/core_papers-nuclear
[GPU 0] [22:23:41] [INFO] ---- Begin CoreFTAux | Phase: ft | Data Label: papers-nuclear ----
[GPU 0] [22:23:41] [DEBUG] acc_mode: uniform, label_prc: 1.0, lr: 0.00014158837274692295
[GPU 0] [22:23:41] [INFO] 
len_all: 165723, len_all_labeled: 165723, len_all_unlabeled: 0,
len_base: 161623, len_ft: 4100,
len_core_for_ft: 3280, len_aux_for_ft: 820,
aux_factor: {'code-lisp': 0.5, 'papers-biology': 0.5, 'papers-nuclear': 0.5, 'papers-cyber': 0.5}, core_aux_ratio: 4.0,
[GPU 0] [22:23:41] [INFO] Batch [core] count: 819
[GPU 0] [22:23:41] [INFO] Batch [papers-nuclear] count: 203
[GPU 0] [22:23:41] [INFO] num_total_steps: 146
[GPU 0] [22:23:41] [INFO] warmup_steps: 3
[GPU 0] [22:23:41] [INFO] constant_steps: 128
[GPU 0] [22:23:41] [INFO] decay_steps: 15
[GPU 0] [22:23:41] [INFO] LR Scheduler: Warmup Start
[GPU 0] [22:23:47] [INFO] Step: 1, LR: 4.72e-05
[GPU 0] [22:23:47] [INFO] Train Loss: CORE: 2.37 CODE-LISP: nan PAPERS-BIOLOGY: nan PAPERS-CYBER: nan PAPERS-NUCLEAR: nan 
[GPU 0] [22:23:51] [INFO] LR Scheduler: Constant Start
[GPU 0] [22:27:55] [INFO] LR Scheduler: Decay Start
[GPU 0] [22:28:24] [INFO] Step: 146, LR: 1.00e-08
[GPU 0] [22:28:24] [INFO] Train Loss: CORE: 2.70 CODE-LISP: nan PAPERS-BIOLOGY: nan PAPERS-CYBER: nan PAPERS-NUCLEAR: 2.75 
[GPU 0] [22:28:50] [INFO] ---- Begin Eval ----
[GPU 0] [22:28:50] [INFO] Data: core | Experts: None
[GPU 0] [22:29:20] [INFO] loss: 1.88352633
[GPU 0] [22:29:20] [INFO] Data: code-lisp | Experts: None
[GPU 0] [22:29:27] [INFO] loss: 1.42208886
[GPU 0] [22:29:27] [INFO] Data: papers-biology | Experts: None
[GPU 0] [22:29:33] [INFO] loss: 2.46430445
[GPU 0] [22:29:33] [INFO] Data: papers-nuclear | Experts: None
[GPU 0] [22:29:39] [INFO] loss: 2.74735880
[GPU 0] [22:29:39] [INFO] Data: papers-cyber | Experts: None
[GPU 0] [22:29:46] [INFO] loss: 2.71635032
[GPU 0] [22:29:51] [INFO] CORE FT AUX - AUX PHASE: papers-nuclear - ADVERSARIAL FT START
[GPU 0] [22:30:04] [INFO] ---- Begin FT | Experts: None | Data: ['code-lisp'] ----
[GPU 0] [22:30:04] [DEBUG] num_seq: 512, num_rounds: 200, patience: 10
[GPU 0] [22:30:04] [DEBUG] local_x: torch.Size([64, 1024]), local_y: torch.Size([64, 1024]), num_steps: 6, per_gpu: 64, mbs_size: 12
[GPU 0] [22:30:23] [INFO] New best validation loss: 1.5293 @ step 0
[GPU 0] [22:30:38] [INFO] New best validation loss: 1.3359 @ step 1
[GPU 0] [22:30:54] [INFO] New best validation loss: 1.2749 @ step 2
[GPU 0] [22:31:11] [INFO] New best validation loss: 1.2355 @ step 3
[GPU 0] [22:31:28] [INFO] New best validation loss: 1.2082 @ step 4
[GPU 0] [22:31:46] [INFO] New best validation loss: 1.1873 @ step 5
[GPU 0] [22:32:02] [INFO] New best validation loss: 1.1703 @ step 6
[GPU 0] [22:32:18] [INFO] New best validation loss: 1.1564 @ step 7
[GPU 0] [22:32:35] [INFO] New best validation loss: 1.1435 @ step 8
[GPU 0] [22:32:52] [INFO] New best validation loss: 1.1302 @ step 9
[GPU 0] [22:33:10] [INFO] New best validation loss: 1.1172 @ step 10
[GPU 0] [22:33:27] [INFO] New best validation loss: 1.1056 @ step 11
[GPU 0] [22:33:44] [INFO] New best validation loss: 1.0951 @ step 12
[GPU 0] [22:34:01] [INFO] New best validation loss: 1.0868 @ step 13
[GPU 0] [22:34:19] [INFO] New best validation loss: 1.0802 @ step 14
[GPU 0] [22:34:36] [INFO] New best validation loss: 1.0742 @ step 15
[GPU 0] [22:34:54] [INFO] New best validation loss: 1.0684 @ step 16
[GPU 0] [22:35:10] [INFO] New best validation loss: 1.0632 @ step 17
[GPU 0] [22:35:28] [INFO] New best validation loss: 1.0591 @ step 18
[GPU 0] [22:35:44] [INFO] New best validation loss: 1.0565 @ step 19
[GPU 0] [22:36:02] [INFO] New best validation loss: 1.0545 @ step 20
[GPU 0] [22:36:17] [INFO] New best validation loss: 1.0535 @ step 21
[GPU 0] [22:36:34] [INFO] New best validation loss: 1.0522 @ step 22
[GPU 0] [22:36:51] [INFO] New best validation loss: 1.0513 @ step 23
[GPU 0] [22:37:08] [INFO] New best validation loss: 1.0512 @ step 24
[GPU 0] [22:40:18] [INFO] Stop FT @ 36: no val improvement for 10 steps
[GPU 0] [22:40:18] [INFO] Wrote stats.jsonl entries at FT step 24 
[GPU 0] [22:40:37] [INFO] ---- Begin FT | Experts: None | Data: ['papers-biology'] ----
[GPU 0] [22:40:37] [DEBUG] num_seq: 512, num_rounds: 200, patience: 10
[GPU 0] [22:40:37] [DEBUG] local_x: torch.Size([64, 1024]), local_y: torch.Size([64, 1024]), num_steps: 6, per_gpu: 64, mbs_size: 12
[GPU 0] [22:40:51] [INFO] New best validation loss: 2.6033 @ step 0
[GPU 0] [22:41:06] [INFO] New best validation loss: 2.4834 @ step 1
[GPU 0] [22:42:40] [INFO] New best validation loss: 2.4833 @ step 7
[GPU 0] [22:45:46] [INFO] Stop FT @ 19: no val improvement for 10 steps
[GPU 0] [22:45:46] [INFO] Wrote stats.jsonl entries at FT step 7 
[GPU 0] [22:46:02] [INFO] ---- Begin FT | Experts: None | Data: ['papers-cyber'] ----
[GPU 0] [22:46:02] [DEBUG] num_seq: 512, num_rounds: 200, patience: 10
[GPU 0] [22:46:02] [DEBUG] local_x: torch.Size([64, 1024]), local_y: torch.Size([64, 1024]), num_steps: 6, per_gpu: 64, mbs_size: 12
[GPU 0] [22:46:16] [INFO] New best validation loss: 2.8156 @ step 0
[GPU 0] [22:46:32] [INFO] New best validation loss: 2.7329 @ step 1
[GPU 0] [22:46:46] [INFO] New best validation loss: 2.7272 @ step 2
[GPU 0] [22:49:43] [INFO] Stop FT @ 14: no val improvement for 10 steps
[GPU 0] [22:49:43] [INFO] Wrote stats.jsonl entries at FT step 2 
[GPU 0] [22:49:59] [INFO] CORE FT AUX - AUX PHASE: papers-cyber
[GPU 0] [22:49:59] [WARNING] restore_partial_state: no checkpoint found at /workspace-vast/ethanr/gradient-routing/experiments/AGI-1699-New-Dataset-Runs/results/scaling/realistic/coreftaux/800M/seed_2/20260522090125562754/coreftaux/core_papers-cyber
[GPU 0] [22:49:59] [INFO] ---- Begin CoreFTAux | Phase: ft | Data Label: papers-cyber ----
[GPU 0] [22:49:59] [DEBUG] acc_mode: uniform, label_prc: 1.0, lr: 0.00014158837274692295
[GPU 0] [22:49:59] [INFO] 
len_all: 165723, len_all_labeled: 165723, len_all_unlabeled: 0,
len_base: 161623, len_ft: 4100,
len_core_for_ft: 3280, len_aux_for_ft: 820,
aux_factor: {'code-lisp': 0.5, 'papers-biology': 0.5, 'papers-nuclear': 0.5, 'papers-cyber': 0.5}, core_aux_ratio: 4.0,
[GPU 0] [22:49:59] [INFO] Batch [core] count: 819
[GPU 0] [22:49:59] [INFO] Batch [papers-cyber] count: 203
[GPU 0] [22:49:59] [INFO] num_total_steps: 146
[GPU 0] [22:49:59] [INFO] warmup_steps: 3
[GPU 0] [22:49:59] [INFO] constant_steps: 128
[GPU 0] [22:49:59] [INFO] decay_steps: 15
[GPU 0] [22:49:59] [INFO] LR Scheduler: Warmup Start
[GPU 0] [22:50:05] [INFO] Step: 1, LR: 4.72e-05
[GPU 0] [22:50:05] [INFO] Train Loss: CORE: 2.37 CODE-LISP: nan PAPERS-BIOLOGY: nan PAPERS-CYBER: nan PAPERS-NUCLEAR: nan 
[GPU 0] [22:50:10] [INFO] LR Scheduler: Constant Start
[GPU 0] [22:54:14] [INFO] LR Scheduler: Decay Start
[GPU 0] [22:54:43] [INFO] Step: 146, LR: 1.00e-08
[GPU 0] [22:54:43] [INFO] Train Loss: CORE: 2.70 CODE-LISP: nan PAPERS-BIOLOGY: nan PAPERS-CYBER: 2.66 PAPERS-NUCLEAR: nan 
[GPU 0] [22:55:09] [INFO] ---- Begin Eval ----
[GPU 0] [22:55:09] [INFO] Data: core | Experts: None
[GPU 0] [22:55:32] [INFO] loss: 1.88005805
[GPU 0] [22:55:32] [INFO] Data: code-lisp | Experts: None
[GPU 0] [22:55:39] [INFO] loss: 1.42244232
[GPU 0] [22:55:39] [INFO] Data: papers-biology | Experts: None
[GPU 0] [22:55:45] [INFO] loss: 2.46808028
[GPU 0] [22:55:45] [INFO] Data: papers-nuclear | Experts: None
[GPU 0] [22:55:52] [INFO] loss: 2.83991838
[GPU 0] [22:55:52] [INFO] Data: papers-cyber | Experts: None
[GPU 0] [22:55:58] [INFO] loss: 2.65917039
[GPU 0] [22:56:02] [INFO] CORE FT AUX - AUX PHASE: papers-cyber - ADVERSARIAL FT START
[GPU 0] [22:56:12] [INFO] ---- Begin FT | Experts: None | Data: ['code-lisp'] ----
[GPU 0] [22:56:12] [DEBUG] num_seq: 512, num_rounds: 200, patience: 10
[GPU 0] [22:56:12] [DEBUG] local_x: torch.Size([64, 1024]), local_y: torch.Size([64, 1024]), num_steps: 6, per_gpu: 64, mbs_size: 12
[GPU 0] [22:56:27] [INFO] New best validation loss: 1.5684 @ step 0
[GPU 0] [22:56:41] [INFO] New best validation loss: 1.3320 @ step 1
[GPU 0] [22:56:55] [INFO] New best validation loss: 1.2801 @ step 2
[GPU 0] [22:57:09] [INFO] New best validation loss: 1.2380 @ step 3
[GPU 0] [22:57:25] [INFO] New best validation loss: 1.2099 @ step 4
[GPU 0] [22:57:40] [INFO] New best validation loss: 1.1880 @ step 5
[GPU 0] [22:57:56] [INFO] New best validation loss: 1.1712 @ step 6
[GPU 0] [22:58:11] [INFO] New best validation loss: 1.1567 @ step 7
[GPU 0] [22:58:29] [INFO] New best validation loss: 1.1436 @ step 8
[GPU 0] [22:58:46] [INFO] New best validation loss: 1.1310 @ step 9
[GPU 0] [22:59:03] [INFO] New best validation loss: 1.1182 @ step 10
[GPU 0] [22:59:20] [INFO] New best validation loss: 1.1064 @ step 11
[GPU 0] [22:59:37] [INFO] New best validation loss: 1.0960 @ step 12
[GPU 0] [22:59:54] [INFO] New best validation loss: 1.0873 @ step 13
[GPU 0] [23:00:13] [INFO] New best validation loss: 1.0801 @ step 14
[GPU 0] [23:00:33] [INFO] New best validation loss: 1.0741 @ step 15
[GPU 0] [23:00:50] [INFO] New best validation loss: 1.0683 @ step 16
[GPU 0] [23:01:08] [INFO] New best validation loss: 1.0629 @ step 17
[GPU 0] [23:01:25] [INFO] New best validation loss: 1.0588 @ step 18
[GPU 0] [23:01:43] [INFO] New best validation loss: 1.0557 @ step 19
[GPU 0] [23:02:00] [INFO] New best validation loss: 1.0540 @ step 20
[GPU 0] [23:02:15] [INFO] New best validation loss: 1.0529 @ step 21
[GPU 0] [23:02:31] [INFO] New best validation loss: 1.0515 @ step 22
[GPU 0] [23:02:48] [INFO] New best validation loss: 1.0500 @ step 23
[GPU 0] [23:03:05] [INFO] New best validation loss: 1.0500 @ step 24
[GPU 0] [23:06:15] [INFO] Stop FT @ 36: no val improvement for 10 steps
[GPU 0] [23:06:15] [INFO] Wrote stats.jsonl entries at FT step 24 
[GPU 0] [23:06:31] [INFO] ---- Begin FT | Experts: None | Data: ['papers-biology'] ----
[GPU 0] [23:06:31] [DEBUG] num_seq: 512, num_rounds: 200, patience: 10
[GPU 0] [23:06:31] [DEBUG] local_x: torch.Size([64, 1024]), local_y: torch.Size([64, 1024]), num_steps: 6, per_gpu: 64, mbs_size: 12
[GPU 0] [23:06:45] [INFO] New best validation loss: 2.5828 @ step 0
[GPU 0] [23:07:00] [INFO] New best validation loss: 2.4829 @ step 1
[GPU 0] [23:07:57] [INFO] New best validation loss: 2.4815 @ step 5
[GPU 0] [23:08:12] [INFO] New best validation loss: 2.4802 @ step 6
[GPU 0] [23:11:21] [INFO] Stop FT @ 18: no val improvement for 10 steps
[GPU 0] [23:11:21] [INFO] Wrote stats.jsonl entries at FT step 6 
[GPU 0] [23:11:37] [INFO] ---- Begin FT | Experts: None | Data: ['papers-nuclear'] ----
[GPU 0] [23:11:37] [DEBUG] num_seq: 512, num_rounds: 200, patience: 10
[GPU 0] [23:11:37] [DEBUG] local_x: torch.Size([64, 1024]), local_y: torch.Size([64, 1024]), num_steps: 6, per_gpu: 64, mbs_size: 12
[GPU 0] [23:11:51] [INFO] New best validation loss: 2.9749 @ step 0
[GPU 0] [23:12:06] [INFO] New best validation loss: 2.8484 @ step 1
[GPU 0] [23:12:20] [INFO] New best validation loss: 2.8363 @ step 2
[GPU 0] [23:15:07] [INFO] Stop FT @ 14: no val improvement for 10 steps
[GPU 0] [23:15:07] [INFO] Wrote stats.jsonl entries at FT step 2 
[GPU 0] [23:15:11] [INFO] ----------------------------------------
[GPU 0] [23:15:11] [INFO] Finished. See /workspace-vast/ethanr/gradient-routing/experiments/AGI-1699-New-Dataset-Runs/results/scaling/realistic/coreftaux/800M/seed_2/20260522090125562754
