[GPU 0] [04:36:37] [INFO] Git branch: AGI-1696-New-Dataset-Runs_ethan, commit: af80a0742d9a40ebaef5b7331a4b01da4035efdc
[GPU 0] [04:36:37] [INFO] Number of GPUs: 1
[GPU 0] [04:36:37] [INFO] Tokenizer vocabulary: 4096
[GPU 0] [04:36:37] [INFO] Set model vocab size to nearest multiple of 64 of tokenizer size: 4096
[GPU 0] [04:36:37] [INFO] target effective batch size: 128, actual effective batch size: 128, micro batch size: 128, accumulation steps: 1, num gpus: 1
[GPU 0] [04:36:37] [INFO] core total number of tokens: 501664802
[GPU 0] [04:36:37] [INFO] core: 1.0000 x 501664802 = 501664802
[GPU 0] [04:36:37] [INFO] aux total number of tokens: 46188871
[GPU 0] [04:36:37] [INFO] aux: 1.0000 x 46188871 = 46188871
[GPU 0] [04:36:38] [DEBUG] Saved config to /workspace-vast/ethanr/gradient-routing/experiments/AGI-1699-New-Dataset-Runs/results/stories/seed_3/20260616043636265710/config.json
[GPU 0] [04:36:38] [DEBUG] {
    "stages": [
        {
            "name": "routed",
            "num_checkpoints": -1,
            "lr": 0.005,
            "res_dir": "/workspace-vast/ethanr/gradient-routing/experiments/AGI-1699-New-Dataset-Runs/results/stories/seed_3/20260616043636265710/routed",
            "acc_mode": "heterogeneous",
            "do_eval": true,
            "do_sample": false,
            "num_train_evals": 0,
            "do_elicit": true,
            "elicit_eval_prc": 0.5,
            "elicit_num_evals": 100,
            "retain_targets": null,
            "model": {
                "arch": "moe",
                "tokenizer": "TokenizersBackend(name_or_path='SimpleStories/SimpleStories-1.25M', vocab_size=4096, model_max_length=1000000000000000019884624838656, padding_side='right', truncation_side='right', special_tokens={'eos_token': '[EOS]', 'unk_token': '[UNK]'}, added_tokens_decoder={\n\t0: AddedToken(\"[UNK]\", rstrip=False, lstrip=False, single_word=False, normalized=False, special=True),\n\t1: AddedToken(\"[EOS]\", rstrip=False, lstrip=False, single_word=False, normalized=False, special=True),\n}\n)",
                "ctx_len": 256,
                "vocab_size": 4096,
                "num_layers": 8,
                "num_heads": 8,
                "num_key_value": 2,
                "attn_bias": true,
                "eos_token_id": 1,
                "embed_dim": 512,
                "mlp_dim": 2048,
                "core_param_prc": 1.0,
                "aux_param_prc": 0.1
            },
            "eval_arbsub": false,
            "label_prc": 1.0,
            "aux_factor": 1.0,
            "robust_prc": 0.5,
            "aux_route_prc": 0.3,
            "equal_compute": true
        }
    ],
    "model": {
        "arch": "base",
        "tokenizer": "TokenizersBackend(name_or_path='SimpleStories/SimpleStories-1.25M', vocab_size=4096, model_max_length=1000000000000000019884624838656, padding_side='right', truncation_side='right', special_tokens={'eos_token': '[EOS]', 'unk_token': '[UNK]'}, added_tokens_decoder={\n\t0: AddedToken(\"[UNK]\", rstrip=False, lstrip=False, single_word=False, normalized=False, special=True),\n\t1: AddedToken(\"[EOS]\", rstrip=False, lstrip=False, single_word=False, normalized=False, special=True),\n}\n)",
        "ctx_len": 256,
        "vocab_size": 4096,
        "num_layers": 8,
        "num_heads": 8,
        "num_key_value": 2,
        "attn_bias": true,
        "eos_token_id": 1,
        "embed_dim": 512,
        "mlp_dim": 2048
    },
    "data": {
        "dirs": [
            "/workspace-vast/ethanr/gradient-routing/experiments/AGI-1699-New-Dataset-Runs/src/data/stories"
        ],
        "core": {
            "labels": [
                "dinosaurs",
                "dream-worlds",
                "enchanted-forests",
                "fairy-tales",
                "fantasy-worlds",
                "gardens",
                "giant-creatures",
                "haunted-places",
                "hidden-treasures",
                "holidays",
                "invisibility",
                "island-adventures",
                "living-objects",
                "lost-cities",
                "lost-civilizations",
                "magical-lands",
                "magical-objects",
                "miniature-worlds",
                "mysterious-maps",
                "mystical-creatures",
                "outer-space",
                "pirates",
                "riddles",
                "robots-and-technology",
                "royal-kingdoms",
                "school-life",
                "seasonal-changes",
                "secret-societies",
                "shape-shifting",
                "sibling-rivalry",
                "snowy-adventures",
                "space-exploration",
                "sports",
                "subterranean-worlds",
                "superheroes",
                "talking-animals",
                "the-arts",
                "the-sky",
                "time-travel",
                "treasure-hunts",
                "undercover-missions",
                "underwater-adventures",
                "unusual-vehicles",
                "virtual-worlds"
            ],
            "method": "total",
            "limit": 1.0,
            "dist": {
                "dinosaurs": 0.022727272727272728,
                "dream-worlds": 0.022727272727272728,
                "enchanted-forests": 0.022727272727272728,
                "fairy-tales": 0.022727272727272728,
                "fantasy-worlds": 0.022727272727272728,
                "gardens": 0.022727272727272728,
                "giant-creatures": 0.022727272727272728,
                "haunted-places": 0.022727272727272728,
                "hidden-treasures": 0.022727272727272728,
                "holidays": 0.022727272727272728,
                "invisibility": 0.022727272727272728,
                "island-adventures": 0.022727272727272728,
                "living-objects": 0.022727272727272728,
                "lost-cities": 0.022727272727272728,
                "lost-civilizations": 0.022727272727272728,
                "magical-lands": 0.022727272727272728,
                "magical-objects": 0.022727272727272728,
                "miniature-worlds": 0.022727272727272728,
                "mysterious-maps": 0.022727272727272728,
                "mystical-creatures": 0.022727272727272728,
                "outer-space": 0.022727272727272728,
                "pirates": 0.022727272727272728,
                "riddles": 0.022727272727272728,
                "robots-and-technology": 0.022727272727272728,
                "royal-kingdoms": 0.022727272727272728,
                "school-life": 0.022727272727272728,
                "seasonal-changes": 0.022727272727272728,
                "secret-societies": 0.022727272727272728,
                "shape-shifting": 0.022727272727272728,
                "sibling-rivalry": 0.022727272727272728,
                "snowy-adventures": 0.022727272727272728,
                "space-exploration": 0.022727272727272728,
                "sports": 0.022727272727272728,
                "subterranean-worlds": 0.022727272727272728,
                "superheroes": 0.022727272727272728,
                "talking-animals": 0.022727272727272728,
                "the-arts": 0.022727272727272728,
                "the-sky": 0.022727272727272728,
                "time-travel": 0.022727272727272728,
                "treasure-hunts": 0.022727272727272728,
                "undercover-missions": 0.022727272727272728,
                "underwater-adventures": 0.022727272727272728,
                "unusual-vehicles": 0.022727272727272728,
                "virtual-worlds": 0.022727272727272728
            },
            "num_tok": 501664802
        },
        "aux": {
            "labels": [
                "a-deadline-or-time-limit",
                "alien-encounters",
                "bygone-eras",
                "cultural-traditions"
            ],
            "method": "total",
            "limit": 1.0,
            "dist": {
                "a-deadline-or-time-limit": 0.25,
                "alien-encounters": 0.25,
                "bygone-eras": 0.25,
                "cultural-traditions": 0.25
            },
            "num_tok": 46188871
        }
    },
    "run": {
        "target_effective_batch_size": 128,
        "effective_batch_size": 128,
        "micro_batch_size": 128,
        "accumulation_steps": 1,
        "max_num_test_sequences": 10000,
        "eval_all_labels": false,
        "micro_batch_anchors": [
            [
                400000000.0,
                23
            ],
            [
                5000000000.0,
                2
            ]
        ],
        "epochs": 1,
        "adam_betas": [
            0.9,
            0.95
        ],
        "warmup_prc": 0.1,
        "decay_prc": 0.1,
        "seed": 3,
        "compile": true,
        "find_unused_parameters": true,
        "is_ddp": true,
        "cleanup_distributed": false,
        "log_level": "DEBUG",
        "num_gpus": 1,
        "process_id": 0,
        "num_base_params": 26257920,
        "device": "cuda",
        "logger": "<Logger training_20260616043636265710 (DEBUG)>",
        "labels": [
            "core",
            "a-deadline-or-time-limit",
            "alien-encounters",
            "bygone-eras",
            "cultural-traditions"
        ],
        "loaders": {
            "a-deadline-or-time-limit": {
                "train": "SingleDataLoader(a-deadline-or-time-limit_train.bin, len=352)",
                "test": "SingleDataLoader(a-deadline-or-time-limit_test.bin, len=40)"
            },
            "alien-encounters": {
                "train": "SingleDataLoader(alien-encounters_train.bin, len=345)",
                "test": "SingleDataLoader(alien-encounters_test.bin, len=38)"
            },
            "bygone-eras": {
                "train": "SingleDataLoader(bygone-eras_train.bin, len=352)",
                "test": "SingleDataLoader(bygone-eras_test.bin, len=39)"
            },
            "cultural-traditions": {
                "train": "SingleDataLoader(cultural-traditions_train.bin, len=352)",
                "test": "SingleDataLoader(cultural-traditions_test.bin, len=38)"
            },
            "dinosaurs": {
                "train": "SingleDataLoader(dinosaurs_train.bin, len=337)",
                "test": "SingleDataLoader(dinosaurs_test.bin, len=38)"
            },
            "dream-worlds": {
                "train": "SingleDataLoader(dream-worlds_train.bin, len=339)",
                "test": "SingleDataLoader(dream-worlds_test.bin, len=37)"
            },
            "enchanted-forests": {
                "train": "SingleDataLoader(enchanted-forests_train.bin, len=347)",
                "test": "SingleDataLoader(enchanted-forests_test.bin, len=38)"
            },
            "fairy-tales": {
                "train": "SingleDataLoader(fairy-tales_train.bin, len=344)",
                "test": "SingleDataLoader(fairy-tales_test.bin, len=37)"
            },
            "fantasy-worlds": {
                "train": "SingleDataLoader(fantasy-worlds_train.bin, len=347)",
                "test": "SingleDataLoader(fantasy-worlds_test.bin, len=39)"
            },
            "gardens": {
                "train": "SingleDataLoader(gardens_train.bin, len=346)",
                "test": "SingleDataLoader(gardens_test.bin, len=37)"
            },
            "giant-creatures": {
                "train": "SingleDataLoader(giant-creatures_train.bin, len=347)",
                "test": "SingleDataLoader(giant-creatures_test.bin, len=37)"
            },
            "haunted-places": {
                "train": "SingleDataLoader(haunted-places_train.bin, len=347)",
                "test": "SingleDataLoader(haunted-places_test.bin, len=41)"
            },
            "hidden-treasures": {
                "train": "SingleDataLoader(hidden-treasures_train.bin, len=347)",
                "test": "SingleDataLoader(hidden-treasures_test.bin, len=39)"
            },
            "holidays": {
                "train": "SingleDataLoader(holidays_train.bin, len=347)",
                "test": "SingleDataLoader(holidays_test.bin, len=38)"
            },
            "invisibility": {
                "train": "SingleDataLoader(invisibility_train.bin, len=345)",
                "test": "SingleDataLoader(invisibility_test.bin, len=37)"
            },
            "island-adventures": {
                "train": "SingleDataLoader(island-adventures_train.bin, len=347)",
                "test": "SingleDataLoader(island-adventures_test.bin, len=39)"
            },
            "living-objects": {
                "train": "SingleDataLoader(living-objects_train.bin, len=336)",
                "test": "SingleDataLoader(living-objects_test.bin, len=38)"
            },
            "lost-cities": {
                "train": "SingleDataLoader(lost-cities_train.bin, len=347)",
                "test": "SingleDataLoader(lost-cities_test.bin, len=40)"
            },
            "lost-civilizations": {
                "train": "SingleDataLoader(lost-civilizations_train.bin, len=347)",
                "test": "SingleDataLoader(lost-civilizations_test.bin, len=41)"
            },
            "magical-lands": {
                "train": "SingleDataLoader(magical-lands_train.bin, len=347)",
                "test": "SingleDataLoader(magical-lands_test.bin, len=38)"
            },
            "magical-objects": {
                "train": "SingleDataLoader(magical-objects_train.bin, len=345)",
                "test": "SingleDataLoader(magical-objects_test.bin, len=37)"
            },
            "miniature-worlds": {
                "train": "SingleDataLoader(miniature-worlds_train.bin, len=335)",
                "test": "SingleDataLoader(miniature-worlds_test.bin, len=37)"
            },
            "mysterious-maps": {
                "train": "SingleDataLoader(mysterious-maps_train.bin, len=339)",
                "test": "SingleDataLoader(mysterious-maps_test.bin, len=38)"
            },
            "mystical-creatures": {
                "train": "SingleDataLoader(mystical-creatures_train.bin, len=347)",
                "test": "SingleDataLoader(mystical-creatures_test.bin, len=38)"
            },
            "outer-space": {
                "train": "SingleDataLoader(outer-space_train.bin, len=343)",
                "test": "SingleDataLoader(outer-space_test.bin, len=38)"
            },
            "pirates": {
                "train": "SingleDataLoader(pirates_train.bin, len=347)",
                "test": "SingleDataLoader(pirates_test.bin, len=39)"
            },
            "riddles": {
                "train": "SingleDataLoader(riddles_train.bin, len=344)",
                "test": "SingleDataLoader(riddles_test.bin, len=38)"
            },
            "robots-and-technology": {
                "train": "SingleDataLoader(robots-and-technology_train.bin, len=347)",
                "test": "SingleDataLoader(robots-and-technology_test.bin, len=39)"
            },
            "royal-kingdoms": {
                "train": "SingleDataLoader(royal-kingdoms_train.bin, len=347)",
                "test": "SingleDataLoader(royal-kingdoms_test.bin, len=40)"
            },
            "school-life": {
                "train": "SingleDataLoader(school-life_train.bin, len=338)",
                "test": "SingleDataLoader(school-life_test.bin, len=38)"
            },
            "seasonal-changes": {
                "train": "SingleDataLoader(seasonal-changes_train.bin, len=342)",
                "test": "SingleDataLoader(seasonal-changes_test.bin, len=38)"
            },
            "secret-societies": {
                "train": "SingleDataLoader(secret-societies_train.bin, len=347)",
                "test": "SingleDataLoader(secret-societies_test.bin, len=38)"
            },
            "shape-shifting": {
                "train": "SingleDataLoader(shape-shifting_train.bin, len=344)",
                "test": "SingleDataLoader(shape-shifting_test.bin, len=38)"
            },
            "sibling-rivalry": {
                "train": "SingleDataLoader(sibling-rivalry_train.bin, len=347)",
                "test": "SingleDataLoader(sibling-rivalry_test.bin, len=39)"
            },
            "snowy-adventures": {
                "train": "SingleDataLoader(snowy-adventures_train.bin, len=347)",
                "test": "SingleDataLoader(snowy-adventures_test.bin, len=39)"
            },
            "space-exploration": {
                "train": "SingleDataLoader(space-exploration_train.bin, len=345)",
                "test": "SingleDataLoader(space-exploration_test.bin, len=38)"
            },
            "sports": {
                "train": "SingleDataLoader(sports_train.bin, len=340)",
                "test": "SingleDataLoader(sports_test.bin, len=37)"
            },
            "subterranean-worlds": {
                "train": "SingleDataLoader(subterranean-worlds_train.bin, len=347)",
                "test": "SingleDataLoader(subterranean-worlds_test.bin, len=37)"
            },
            "superheroes": {
                "train": "SingleDataLoader(superheroes_train.bin, len=345)",
                "test": "SingleDataLoader(superheroes_test.bin, len=38)"
            },
            "talking-animals": {
                "train": "SingleDataLoader(talking-animals_train.bin, len=347)",
                "test": "SingleDataLoader(talking-animals_test.bin, len=37)"
            },
            "the-arts": {
                "train": "SingleDataLoader(the-arts_train.bin, len=345)",
                "test": "SingleDataLoader(the-arts_test.bin, len=38)"
            },
            "the-sky": {
                "train": "SingleDataLoader(the-sky_train.bin, len=342)",
                "test": "SingleDataLoader(the-sky_test.bin, len=38)"
            },
            "time-travel": {
                "train": "SingleDataLoader(time-travel_train.bin, len=347)",
                "test": "SingleDataLoader(time-travel_test.bin, len=37)"
            },
            "treasure-hunts": {
                "train": "SingleDataLoader(treasure-hunts_train.bin, len=330)",
                "test": "SingleDataLoader(treasure-hunts_test.bin, len=35)"
            },
            "undercover-missions": {
                "train": "SingleDataLoader(undercover-missions_train.bin, len=347)",
                "test": "SingleDataLoader(undercover-missions_test.bin, len=40)"
            },
            "underwater-adventures": {
                "train": "SingleDataLoader(underwater-adventures_train.bin, len=339)",
                "test": "SingleDataLoader(underwater-adventures_test.bin, len=38)"
            },
            "unusual-vehicles": {
                "train": "SingleDataLoader(unusual-vehicles_train.bin, len=347)",
                "test": "SingleDataLoader(unusual-vehicles_test.bin, len=39)"
            },
            "virtual-worlds": {
                "train": "SingleDataLoader(virtual-worlds_train.bin, len=346)",
                "test": "SingleDataLoader(virtual-worlds_test.bin, len=37)"
            },
            "core": {
                "train": "InterleavedDataLoader(len=15143)",
                "test": "InterleavedDataLoader(len=1677)"
            },
            "aux": {
                "train": "InterleavedDataLoader(len=1401)",
                "test": "InterleavedDataLoader(len=155)"
            },
            "all": {
                "train": "InterleavedDataLoader(len=16544)",
                "test": "InterleavedDataLoader(len=1832)"
            }
        },
        "res_root": "/workspace-vast/ethanr/gradient-routing/experiments/AGI-1699-New-Dataset-Runs/results/stories/seed_3",
        "experiment_id": "20260616043636265710",
        "s3_bucket": "ae-gradient-routing-results",
        "s3_prefix": "stories/seed_3"
    },
    "label_prc": 1.0
}
[GPU 0] [04:36:38] [INFO] Loader a-deadline-or-time-limit train: 352, test: 40
[GPU 0] [04:36:38] [INFO] Loader alien-encounters train: 345, test: 38
[GPU 0] [04:36:38] [INFO] Loader bygone-eras train: 352, test: 39
[GPU 0] [04:36:38] [INFO] Loader cultural-traditions train: 352, test: 38
[GPU 0] [04:36:38] [INFO] Loader dinosaurs train: 337, test: 38
[GPU 0] [04:36:38] [INFO] Loader dream-worlds train: 339, test: 37
[GPU 0] [04:36:38] [INFO] Loader enchanted-forests train: 347, test: 38
[GPU 0] [04:36:38] [INFO] Loader fairy-tales train: 344, test: 37
[GPU 0] [04:36:38] [INFO] Loader fantasy-worlds train: 347, test: 39
[GPU 0] [04:36:38] [INFO] Loader gardens train: 346, test: 37
[GPU 0] [04:36:38] [INFO] Loader giant-creatures train: 347, test: 37
[GPU 0] [04:36:38] [INFO] Loader haunted-places train: 347, test: 41
[GPU 0] [04:36:38] [INFO] Loader hidden-treasures train: 347, test: 39
[GPU 0] [04:36:38] [INFO] Loader holidays train: 347, test: 38
[GPU 0] [04:36:38] [INFO] Loader invisibility train: 345, test: 37
[GPU 0] [04:36:38] [INFO] Loader island-adventures train: 347, test: 39
[GPU 0] [04:36:38] [INFO] Loader living-objects train: 336, test: 38
[GPU 0] [04:36:38] [INFO] Loader lost-cities train: 347, test: 40
[GPU 0] [04:36:38] [INFO] Loader lost-civilizations train: 347, test: 41
[GPU 0] [04:36:38] [INFO] Loader magical-lands train: 347, test: 38
[GPU 0] [04:36:38] [INFO] Loader magical-objects train: 345, test: 37
[GPU 0] [04:36:38] [INFO] Loader miniature-worlds train: 335, test: 37
[GPU 0] [04:36:38] [INFO] Loader mysterious-maps train: 339, test: 38
[GPU 0] [04:36:38] [INFO] Loader mystical-creatures train: 347, test: 38
[GPU 0] [04:36:38] [INFO] Loader outer-space train: 343, test: 38
[GPU 0] [04:36:38] [INFO] Loader pirates train: 347, test: 39
[GPU 0] [04:36:38] [INFO] Loader riddles train: 344, test: 38
[GPU 0] [04:36:38] [INFO] Loader robots-and-technology train: 347, test: 39
[GPU 0] [04:36:38] [INFO] Loader royal-kingdoms train: 347, test: 40
[GPU 0] [04:36:38] [INFO] Loader school-life train: 338, test: 38
[GPU 0] [04:36:38] [INFO] Loader seasonal-changes train: 342, test: 38
[GPU 0] [04:36:38] [INFO] Loader secret-societies train: 347, test: 38
[GPU 0] [04:36:38] [INFO] Loader shape-shifting train: 344, test: 38
[GPU 0] [04:36:38] [INFO] Loader sibling-rivalry train: 347, test: 39
[GPU 0] [04:36:38] [INFO] Loader snowy-adventures train: 347, test: 39
[GPU 0] [04:36:38] [INFO] Loader space-exploration train: 345, test: 38
[GPU 0] [04:36:38] [INFO] Loader sports train: 340, test: 37
[GPU 0] [04:36:38] [INFO] Loader subterranean-worlds train: 347, test: 37
[GPU 0] [04:36:38] [INFO] Loader superheroes train: 345, test: 38
[GPU 0] [04:36:38] [INFO] Loader talking-animals train: 347, test: 37
[GPU 0] [04:36:38] [INFO] Loader the-arts train: 345, test: 38
[GPU 0] [04:36:38] [INFO] Loader the-sky train: 342, test: 38
[GPU 0] [04:36:38] [INFO] Loader time-travel train: 347, test: 37
[GPU 0] [04:36:38] [INFO] Loader treasure-hunts train: 330, test: 35
[GPU 0] [04:36:38] [INFO] Loader undercover-missions train: 347, test: 40
[GPU 0] [04:36:38] [INFO] Loader underwater-adventures train: 339, test: 38
[GPU 0] [04:36:38] [INFO] Loader unusual-vehicles train: 347, test: 39
[GPU 0] [04:36:38] [INFO] Loader virtual-worlds train: 346, test: 37
[GPU 0] [04:36:38] [INFO] Loader core train: 15143, test: 1677
[GPU 0] [04:36:38] [INFO] Loader aux train: 1401, test: 155
[GPU 0] [04:36:38] [INFO] Loader all train: 16544, test: 1832
[GPU 0] [04:36:38] [INFO] Stage [routed] start: {"name": "routed", "num_checkpoints": -1, "lr": 0.005, "res_dir": "/workspace-vast/ethanr/gradient-routing/experiments/AGI-1699-New-Dataset-Runs/results/stories/seed_3/20260616043636265710/routed", "acc_mode": "heterogeneous", "do_eval": true, "do_sample": false, "num_train_evals": 0, "do_elicit": true, "elicit_eval_prc": 0.5, "elicit_num_evals": 100, "retain_targets": null, "model": {"arch": "moe", "tokenizer": "TokenizersBackend(name_or_path='SimpleStories/SimpleStories-1.25M', vocab_size=4096, model_max_length=1000000000000000019884624838656, padding_side='right', truncation_side='right', special_tokens={'eos_token': '[EOS]', 'unk_token': '[UNK]'}, added_tokens_decoder={\n\t0: AddedToken(\"[UNK]\", rstrip=False, lstrip=False, single_word=False, normalized=False, special=True),\n\t1: AddedToken(\"[EOS]\", rstrip=False, lstrip=False, single_word=False, normalized=False, special=True),\n}\n)", "ctx_len": 256, "vocab_size": 4096, "num_layers": 8, "num_heads": 8, "num_key_value": 2, "attn_bias": true, "eos_token_id": 1, "embed_dim": 512, "mlp_dim": 2048, "core_param_prc": 1.0, "aux_param_prc": 0.1}, "eval_arbsub": false, "label_prc": 1.0, "aux_factor": 1.0, "robust_prc": 0.5, "aux_route_prc": 0.3, "equal_compute": true}
[GPU 0] [04:36:38] [INFO] ROUTED START
[GPU 0] [04:36:38] [INFO] Initialized MoETransformer with 32,571,904 total parameters
[GPU 0] [04:36:38] [INFO]   Label 'core' has 26,257,920 parameters
[GPU 0] [04:36:38] [INFO]   Label 'a-deadline-or-time-limit' has 1,578,496 parameters
[GPU 0] [04:36:38] [INFO]   Label 'alien-encounters' has 1,578,496 parameters
[GPU 0] [04:36:38] [INFO]   Label 'bygone-eras' has 1,578,496 parameters
[GPU 0] [04:36:38] [INFO]   Label 'cultural-traditions' has 1,578,496 parameters
[GPU 0] [04:36:38] [INFO] Compiling MoETransformer with torch.compile...
[GPU 0] [04:36:38] [INFO] torch.compile done
[GPU 0] [04:36:38] [WARNING] restore_partial_state: no checkpoint found at /workspace-vast/ethanr/gradient-routing/experiments/AGI-1699-New-Dataset-Runs/results/stories/seed_3/20260616043636265710/routed
[GPU 0] [04:36:38] [INFO] ---- Begin Routed Unordered ----
[GPU 0] [04:36:38] [INFO] initial len_all: 16544, len_all_labeled: 16544, len_all_unlabeled: 0, len_ft: 8973, len_base: 7571, label_prc: 1.0
[GPU 0] [04:36:38] [INFO] compute-equal: -14163844608.0 <= 0, must truncate training
[GPU 0] [04:36:38] [INFO] compute-equal: len_base: -239 -> 7332, len_ft: -283 -> 8690, len_all_unlabeled: 0 -> 0
[GPU 0] [04:36:38] [INFO] Batch [('core', ('core',), ('core',))] count: 7332
[GPU 0] [04:36:38] [INFO] Batch [('a-deadline-or-time-limit', ('core', 'a-deadline-or-time-limit'), ('a-deadline-or-time-limit',))] count: 239
[GPU 0] [04:36:38] [INFO] Batch [('a-deadline-or-time-limit', ('core', 'a-deadline-or-time-limit'), ('core', 'a-deadline-or-time-limit'))] count: 102
[GPU 0] [04:36:38] [INFO] Batch [('core', ('core', 'a-deadline-or-time-limit'), ('core', 'a-deadline-or-time-limit'))] count: 1842
[GPU 0] [04:36:38] [INFO] Batch [('alien-encounters', ('core', 'alien-encounters'), ('alien-encounters',))] count: 234
[GPU 0] [04:36:38] [INFO] Batch [('alien-encounters', ('core', 'alien-encounters'), ('core', 'alien-encounters'))] count: 100
[GPU 0] [04:36:38] [INFO] Batch [('core', ('core', 'alien-encounters'), ('core', 'alien-encounters'))] count: 1806
[GPU 0] [04:36:38] [INFO] Batch [('bygone-eras', ('core', 'bygone-eras'), ('bygone-eras',))] count: 239
[GPU 0] [04:36:38] [INFO] Batch [('bygone-eras', ('core', 'bygone-eras'), ('core', 'bygone-eras'))] count: 102
[GPU 0] [04:36:38] [INFO] Batch [('core', ('core', 'bygone-eras'), ('core', 'bygone-eras'))] count: 1842
[GPU 0] [04:36:38] [INFO] Batch [('core', ('core', 'cultural-traditions'), ('core', 'cultural-traditions'))] count: 1842
[GPU 0] [04:36:38] [INFO] Batch [('cultural-traditions', ('core', 'cultural-traditions'), ('core', 'cultural-traditions'))] count: 102
[GPU 0] [04:36:38] [INFO] Batch [('cultural-traditions', ('core', 'cultural-traditions'), ('cultural-traditions',))] count: 239
[GPU 0] [04:36:38] [INFO] Batch group is empty (0 batches)
[GPU 0] [04:36:38] [INFO] 
len_all: 16544, len_all_labeled: 16544, len_all_unlabeled: 0,
len_base: 7332, len_ft: 8690,
len_core_for_ft: 7333, len_aux_for_ft: 1357,
aux_factor: {'a-deadline-or-time-limit': 1.0, 'alien-encounters': 1.0, 'bygone-eras': 1.0, 'cultural-traditions': 1.0}, robust_prc: 0.5,
aux_route_prc: 0.3, equal_compute: True
[GPU 0] [04:36:38] [INFO] count_by_label: {'core': 14664, 'a-deadline-or-time-limit': 341, 'alien-encounters': 334, 'bygone-eras': 341, 'cultural-traditions': 341}
[GPU 0] [04:36:38] [WARNING] len(batches) != expected, (16021 != 16022), 1 length difference
[GPU 0] [04:36:38] [INFO] Batch [('core', ('core',), ('core',))] count: 7332
[GPU 0] [04:36:38] [INFO] Batch [('a-deadline-or-time-limit', ('core', 'a-deadline-or-time-limit'), ('a-deadline-or-time-limit',))] count: 239
[GPU 0] [04:36:38] [INFO] Batch [('a-deadline-or-time-limit', ('core', 'a-deadline-or-time-limit'), ('core', 'a-deadline-or-time-limit'))] count: 102
[GPU 0] [04:36:38] [INFO] Batch [('core', ('core', 'a-deadline-or-time-limit'), ('core', 'a-deadline-or-time-limit'))] count: 1842
[GPU 0] [04:36:38] [INFO] Batch [('alien-encounters', ('core', 'alien-encounters'), ('alien-encounters',))] count: 234
[GPU 0] [04:36:38] [INFO] Batch [('alien-encounters', ('core', 'alien-encounters'), ('core', 'alien-encounters'))] count: 100
[GPU 0] [04:36:38] [INFO] Batch [('core', ('core', 'alien-encounters'), ('core', 'alien-encounters'))] count: 1806
[GPU 0] [04:36:38] [INFO] Batch [('bygone-eras', ('core', 'bygone-eras'), ('bygone-eras',))] count: 239
[GPU 0] [04:36:38] [INFO] Batch [('bygone-eras', ('core', 'bygone-eras'), ('core', 'bygone-eras'))] count: 102
[GPU 0] [04:36:38] [INFO] Batch [('core', ('core', 'bygone-eras'), ('core', 'bygone-eras'))] count: 1842
[GPU 0] [04:36:38] [INFO] Batch [('core', ('core', 'cultural-traditions'), ('core', 'cultural-traditions'))] count: 1842
[GPU 0] [04:36:38] [INFO] Batch [('cultural-traditions', ('core', 'cultural-traditions'), ('core', 'cultural-traditions'))] count: 102
[GPU 0] [04:36:38] [INFO] Batch [('cultural-traditions', ('core', 'cultural-traditions'), ('cultural-traditions',))] count: 239
[GPU 0] [04:36:38] [INFO] ---- Begin Routed ----
[GPU 0] [04:36:38] [DEBUG] acc_mode: heterogeneous
[GPU 0] [04:36:38] [INFO] num_total_steps: 16021
[GPU 0] [04:36:38] [INFO] LR schedule group 0: steps [0, 16021), warmup=1602, constant=12817, decay=1602
[GPU 0] [04:36:38] [INFO] LR Scheduler: Group warmup (step 0)
[GPU 0] [04:36:38] [INFO] CUDA memory before training loop:
[GPU 0] [04:36:38] [INFO] |===========================================================================|
[GPU 0] [04:36:38] [INFO] |                  PyTorch CUDA memory summary, device ID 0                 |
[GPU 0] [04:36:38] [INFO] |---------------------------------------------------------------------------|
[GPU 0] [04:36:38] [INFO] |            CUDA OOMs: 0            |        cudaMalloc retries: 0         |
[GPU 0] [04:36:38] [INFO] |===========================================================================|
[GPU 0] [04:36:38] [INFO] |        Metric         | Cur Usage  | Peak Usage | Tot Alloc  | Tot Freed  |
[GPU 0] [04:36:38] [INFO] |---------------------------------------------------------------------------|
[GPU 0] [04:36:38] [INFO] | Allocated memory      | 259335 KiB |   8900 MiB |    870 TiB |    870 TiB |
[GPU 0] [04:36:38] [INFO] |       from large pool | 235649 KiB |   8830 MiB |    868 TiB |    868 TiB |
[GPU 0] [04:36:38] [INFO] |       from small pool |  23686 KiB |     71 MiB |      1 TiB |      1 TiB |
[GPU 0] [04:36:38] [INFO] |---------------------------------------------------------------------------|
[GPU 0] [04:36:38] [INFO] | Active memory         | 259335 KiB |   8900 MiB |    870 TiB |    870 TiB |
[GPU 0] [04:36:38] [INFO] |       from large pool | 235649 KiB |   8830 MiB |    868 TiB |    868 TiB |
[GPU 0] [04:36:38] [INFO] |       from small pool |  23686 KiB |     71 MiB |      1 TiB |      1 TiB |
[GPU 0] [04:36:38] [INFO] |---------------------------------------------------------------------------|
[GPU 0] [04:36:38] [INFO] | Requested memory      | 259330 KiB |   8900 MiB |    870 TiB |    870 TiB |
[GPU 0] [04:36:38] [INFO] |       from large pool | 235649 KiB |   8830 MiB |    868 TiB |    868 TiB |
[GPU 0] [04:36:38] [INFO] |       from small pool |  23681 KiB |     71 MiB |      1 TiB |      1 TiB |
[GPU 0] [04:36:38] [INFO] |---------------------------------------------------------------------------|
[GPU 0] [04:36:38] [INFO] | GPU reserved memory   | 331776 KiB |   9072 MiB |   3481 GiB |   3481 GiB |
[GPU 0] [04:36:38] [INFO] |       from large pool | 307200 KiB |   9000 MiB |   3473 GiB |   3473 GiB |
[GPU 0] [04:36:38] [INFO] |       from small pool |  24576 KiB |     72 MiB |      7 GiB |      7 GiB |
[GPU 0] [04:36:38] [INFO] |---------------------------------------------------------------------------|
[GPU 0] [04:36:38] [INFO] | Non-releasable memory |      0 B   |      0 B   |      0 B   |      0 B   |
[GPU 0] [04:36:38] [INFO] |       from large pool |      0 B   |      0 B   |      0 B   |      0 B   |
[GPU 0] [04:36:38] [INFO] |       from small pool |      0 B   |      0 B   |      0 B   |      0 B   |
[GPU 0] [04:36:38] [INFO] |---------------------------------------------------------------------------|
[GPU 0] [04:36:38] [INFO] | Allocations           |     250    |    1082    |   27456 K  |   27455 K  |
[GPU 0] [04:36:38] [INFO] |       from large pool |      37    |     204    |   15931 K  |   15931 K  |
[GPU 0] [04:36:38] [INFO] |       from small pool |     213    |    1004    |   11524 K  |   11524 K  |
[GPU 0] [04:36:38] [INFO] |---------------------------------------------------------------------------|
[GPU 0] [04:36:38] [INFO] | Active allocs         |     250    |    1082    |   27456 K  |   27455 K  |
[GPU 0] [04:36:38] [INFO] |       from large pool |      37    |     204    |   15931 K  |   15931 K  |
[GPU 0] [04:36:38] [INFO] |       from small pool |     213    |    1004    |   11524 K  |   11524 K  |
[GPU 0] [04:36:38] [INFO] |---------------------------------------------------------------------------|
[GPU 0] [04:36:38] [INFO] | GPU reserved segments |       0    |       0    |       0    |       0    |
[GPU 0] [04:36:38] [INFO] |       from large pool |       0    |       0    |       0    |       0    |
[GPU 0] [04:36:38] [INFO] |       from small pool |       0    |       0    |       0    |       0    |
[GPU 0] [04:36:38] [INFO] |---------------------------------------------------------------------------|
[GPU 0] [04:36:38] [INFO] | Non-releasable allocs |       0    |       0    |       0    |       0    |
[GPU 0] [04:36:38] [INFO] |       from large pool |       0    |       0    |       0    |       0    |
[GPU 0] [04:36:38] [INFO] |       from small pool |       0    |       0    |       0    |       0    |
[GPU 0] [04:36:38] [INFO] |---------------------------------------------------------------------------|
[GPU 0] [04:36:38] [INFO] | Oversize allocations  |       0    |       0    |       0    |       0    |
[GPU 0] [04:36:38] [INFO] |---------------------------------------------------------------------------|
[GPU 0] [04:36:38] [INFO] | Oversize GPU segments |       0    |       0    |       0    |       0    |
[GPU 0] [04:36:38] [INFO] |===========================================================================|
[GPU 0] [04:36:38] [INFO] 
[GPU 0] [04:36:38] [INFO] Batch group start, LR: 1.0000e-08, batches: 16021, epochs: 1, group_total_steps: 16021
[GPU 0] [04:36:41] [INFO] CUDA memory after first training step:
[GPU 0] [04:36:41] [INFO] |===========================================================================|
[GPU 0] [04:36:41] [INFO] |                  PyTorch CUDA memory summary, device ID 0                 |
[GPU 0] [04:36:41] [INFO] |---------------------------------------------------------------------------|
[GPU 0] [04:36:41] [INFO] |            CUDA OOMs: 0            |        cudaMalloc retries: 0         |
[GPU 0] [04:36:41] [INFO] |===========================================================================|
[GPU 0] [04:36:41] [INFO] |        Metric         | Cur Usage  | Peak Usage | Tot Alloc  | Tot Freed  |
[GPU 0] [04:36:41] [INFO] |---------------------------------------------------------------------------|
[GPU 0] [04:36:41] [INFO] | Allocated memory      |    937 MiB |   8900 MiB |    870 TiB |    870 TiB |
[GPU 0] [04:36:41] [INFO] |       from large pool |    894 MiB |   8830 MiB |    868 TiB |    868 TiB |
[GPU 0] [04:36:41] [INFO] |       from small pool |     43 MiB |     71 MiB |      1 TiB |      1 TiB |
[GPU 0] [04:36:41] [INFO] |---------------------------------------------------------------------------|
[GPU 0] [04:36:41] [INFO] | Active memory         |    937 MiB |   8900 MiB |    870 TiB |    870 TiB |
[GPU 0] [04:36:41] [INFO] |       from large pool |    894 MiB |   8830 MiB |    868 TiB |    868 TiB |
[GPU 0] [04:36:41] [INFO] |       from small pool |     43 MiB |     71 MiB |      1 TiB |      1 TiB |
[GPU 0] [04:36:41] [INFO] |---------------------------------------------------------------------------|
[GPU 0] [04:36:41] [INFO] | Requested memory      |    937 MiB |   8900 MiB |    870 TiB |    870 TiB |
[GPU 0] [04:36:41] [INFO] |       from large pool |    894 MiB |   8830 MiB |    868 TiB |    868 TiB |
[GPU 0] [04:36:41] [INFO] |       from small pool |     43 MiB |     71 MiB |      1 TiB |      1 TiB |
[GPU 0] [04:36:41] [INFO] |---------------------------------------------------------------------------|
[GPU 0] [04:36:41] [INFO] | GPU reserved memory   |   8584 MiB |   9072 MiB |   3489 GiB |   3481 GiB |
[GPU 0] [04:36:41] [INFO] |       from large pool |   8540 MiB |   9000 MiB |   3481 GiB |   3473 GiB |
[GPU 0] [04:36:41] [INFO] |       from small pool |     44 MiB |     72 MiB |      7 GiB |      7 GiB |
[GPU 0] [04:36:41] [INFO] |---------------------------------------------------------------------------|
[GPU 0] [04:36:41] [INFO] | Non-releasable memory |      0 B   |      0 B   |      0 B   |      0 B   |
[GPU 0] [04:36:41] [INFO] |       from large pool |      0 B   |      0 B   |      0 B   |      0 B   |
[GPU 0] [04:36:41] [INFO] |       from small pool |      0 B   |      0 B   |      0 B   |      0 B   |
[GPU 0] [04:36:41] [INFO] |---------------------------------------------------------------------------|
[GPU 0] [04:36:41] [INFO] | Allocations           |     561    |    1082    |   27457 K  |   27456 K  |
[GPU 0] [04:36:41] [INFO] |       from large pool |      78    |     204    |   15932 K  |   15932 K  |
[GPU 0] [04:36:41] [INFO] |       from small pool |     483    |    1004    |   11524 K  |   11524 K  |
[GPU 0] [04:36:41] [INFO] |---------------------------------------------------------------------------|
[GPU 0] [04:36:41] [INFO] | Active allocs         |     561    |    1082    |   27457 K  |   27456 K  |
[GPU 0] [04:36:41] [INFO] |       from large pool |      78    |     204    |   15932 K  |   15932 K  |
[GPU 0] [04:36:41] [INFO] |       from small pool |     483    |    1004    |   11524 K  |   11524 K  |
[GPU 0] [04:36:41] [INFO] |---------------------------------------------------------------------------|
[GPU 0] [04:36:41] [INFO] | GPU reserved segments |       0    |       0    |       0    |       0    |
[GPU 0] [04:36:41] [INFO] |       from large pool |       0    |       0    |       0    |       0    |
[GPU 0] [04:36:41] [INFO] |       from small pool |       0    |       0    |       0    |       0    |
[GPU 0] [04:36:41] [INFO] |---------------------------------------------------------------------------|
[GPU 0] [04:36:41] [INFO] | Non-releasable allocs |       0    |       0    |       0    |       0    |
[GPU 0] [04:36:41] [INFO] |       from large pool |       0    |       0    |       0    |       0    |
[GPU 0] [04:36:41] [INFO] |       from small pool |       0    |       0    |       0    |       0    |
[GPU 0] [04:36:41] [INFO] |---------------------------------------------------------------------------|
[GPU 0] [04:36:41] [INFO] | Oversize allocations  |       0    |       0    |       0    |       0    |
[GPU 0] [04:36:41] [INFO] |---------------------------------------------------------------------------|
[GPU 0] [04:36:41] [INFO] | Oversize GPU segments |       0    |       0    |       0    |       0    |
[GPU 0] [04:36:41] [INFO] |===========================================================================|
[GPU 0] [04:36:41] [INFO] 
[GPU 0] [04:36:41] [INFO] Step: 1, LR: 3.1311e-06
[GPU 0] [04:36:41] [INFO] Train Loss: CORE: 8.44 A-DEADLINE-OR-TIME-LIMIT: nan ALIEN-ENCOUNTERS: nan BYGONE-ERAS: nan CULTURAL-TRADITIONS: nan 
[GPU 0] [04:37:27] [INFO] Step: 1000, LR: 3.1211e-03
[GPU 0] [04:37:27] [INFO] Train Loss: CORE: 2.63 A-DEADLINE-OR-TIME-LIMIT: 3.64 ALIEN-ENCOUNTERS: 3.59 BYGONE-ERAS: 4.11 CULTURAL-TRADITIONS: 3.21 
[GPU 0] [04:37:51] [INFO] LR Scheduler: Group constant (step 1602)
[GPU 0] [04:38:06] [INFO] Step: 2000, LR: 5.0000e-03
[GPU 0] [04:38:06] [INFO] Train Loss: CORE: 2.25 A-DEADLINE-OR-TIME-LIMIT: 2.93 ALIEN-ENCOUNTERS: 3.03 BYGONE-ERAS: 3.39 CULTURAL-TRADITIONS: 2.88 
[GPU 0] [04:38:48] [INFO] Step: 3000, LR: 5.0000e-03
[GPU 0] [04:38:48] [INFO] Train Loss: CORE: 2.09 A-DEADLINE-OR-TIME-LIMIT: 2.73 ALIEN-ENCOUNTERS: 2.89 BYGONE-ERAS: 2.95 CULTURAL-TRADITIONS: 2.72 
[GPU 0] [04:39:29] [INFO] Step: 4000, LR: 5.0000e-03
[GPU 0] [04:39:29] [INFO] Train Loss: CORE: 2.01 A-DEADLINE-OR-TIME-LIMIT: 2.58 ALIEN-ENCOUNTERS: 2.70 BYGONE-ERAS: 2.75 CULTURAL-TRADITIONS: 2.55 
[GPU 0] [04:40:08] [INFO] Step: 5000, LR: 5.0000e-03
[GPU 0] [04:40:08] [INFO] Train Loss: CORE: 1.96 A-DEADLINE-OR-TIME-LIMIT: 2.33 ALIEN-ENCOUNTERS: 2.50 BYGONE-ERAS: 2.26 CULTURAL-TRADITIONS: 2.47 
[GPU 0] [04:40:46] [INFO] Step: 6000, LR: 5.0000e-03
[GPU 0] [04:40:46] [INFO] Train Loss: CORE: 1.92 A-DEADLINE-OR-TIME-LIMIT: 2.19 ALIEN-ENCOUNTERS: 2.12 BYGONE-ERAS: 2.08 CULTURAL-TRADITIONS: 2.16 
[GPU 0] [04:41:26] [INFO] Step: 7000, LR: 5.0000e-03
[GPU 0] [04:41:26] [INFO] Train Loss: CORE: 1.90 A-DEADLINE-OR-TIME-LIMIT: 2.11 ALIEN-ENCOUNTERS: 1.95 BYGONE-ERAS: 2.01 CULTURAL-TRADITIONS: 2.07 
[GPU 0] [04:42:08] [INFO] Step: 8000, LR: 5.0000e-03
[GPU 0] [04:42:08] [INFO] Train Loss: CORE: 1.89 A-DEADLINE-OR-TIME-LIMIT: 2.06 ALIEN-ENCOUNTERS: 1.91 BYGONE-ERAS: 1.97 CULTURAL-TRADITIONS: 2.02 
[GPU 0] [04:42:52] [INFO] Step: 9000, LR: 5.0000e-03
[GPU 0] [04:42:52] [INFO] Train Loss: CORE: 1.85 A-DEADLINE-OR-TIME-LIMIT: 2.01 ALIEN-ENCOUNTERS: 1.88 BYGONE-ERAS: 1.93 CULTURAL-TRADITIONS: 2.00 
[GPU 0] [04:43:31] [INFO] Step: 10000, LR: 5.0000e-03
[GPU 0] [04:43:31] [INFO] Train Loss: CORE: 1.83 A-DEADLINE-OR-TIME-LIMIT: 1.98 ALIEN-ENCOUNTERS: 1.86 BYGONE-ERAS: 1.90 CULTURAL-TRADITIONS: 1.96 
[GPU 0] [04:44:12] [INFO] Step: 11000, LR: 5.0000e-03
[GPU 0] [04:44:12] [INFO] Train Loss: CORE: 1.82 A-DEADLINE-OR-TIME-LIMIT: 1.96 ALIEN-ENCOUNTERS: 1.85 BYGONE-ERAS: 1.88 CULTURAL-TRADITIONS: 1.93 
[GPU 0] [04:44:51] [INFO] Step: 12000, LR: 5.0000e-03
[GPU 0] [04:44:51] [INFO] Train Loss: CORE: 1.81 A-DEADLINE-OR-TIME-LIMIT: 1.94 ALIEN-ENCOUNTERS: 1.82 BYGONE-ERAS: 1.87 CULTURAL-TRADITIONS: 1.91 
[GPU 0] [04:45:32] [INFO] Step: 13000, LR: 5.0000e-03
[GPU 0] [04:45:32] [INFO] Train Loss: CORE: 1.80 A-DEADLINE-OR-TIME-LIMIT: 1.93 ALIEN-ENCOUNTERS: 1.80 BYGONE-ERAS: 1.86 CULTURAL-TRADITIONS: 1.89 
[GPU 0] [04:46:13] [INFO] Step: 14000, LR: 5.0000e-03
[GPU 0] [04:46:13] [INFO] Train Loss: CORE: 1.78 A-DEADLINE-OR-TIME-LIMIT: 1.92 ALIEN-ENCOUNTERS: 1.79 BYGONE-ERAS: 1.84 CULTURAL-TRADITIONS: 1.88 
[GPU 0] [04:46:30] [INFO] LR Scheduler: Group decay (step 14419)
[GPU 0] [04:46:55] [INFO] Step: 15000, LR: 3.1866e-03
[GPU 0] [04:46:55] [INFO] Train Loss: CORE: 1.74 A-DEADLINE-OR-TIME-LIMIT: 1.89 ALIEN-ENCOUNTERS: 1.77 BYGONE-ERAS: 1.83 CULTURAL-TRADITIONS: 1.86 
[GPU 0] [04:47:38] [INFO] Step: 16000, LR: 6.5553e-05
[GPU 0] [04:47:38] [INFO] Train Loss: CORE: 1.69 A-DEADLINE-OR-TIME-LIMIT: 1.87 ALIEN-ENCOUNTERS: 1.73 BYGONE-ERAS: 1.80 CULTURAL-TRADITIONS: 1.83 
[GPU 0] [04:47:39] [INFO] Step: 16021, LR: 1.0000e-08
[GPU 0] [04:47:39] [INFO] Train Loss: CORE: 1.70 A-DEADLINE-OR-TIME-LIMIT: 1.87 ALIEN-ENCOUNTERS: 1.73 BYGONE-ERAS: 1.80 CULTURAL-TRADITIONS: 1.83 
[GPU 0] [04:47:42] [INFO] ---- Begin Eval ----
[GPU 0] [04:47:42] [INFO] Data: core | Experts: ['core']
[GPU 0] [04:48:12] [INFO] loss: 1.68114102
[GPU 0] [04:48:12] [INFO] Data: a-deadline-or-time-limit | Experts: ['core']
[GPU 0] [04:48:13] [INFO] loss: 1.87382817
[GPU 0] [04:48:13] [INFO] Data: alien-encounters | Experts: ['core']
[GPU 0] [04:48:14] [INFO] loss: 1.73149669
[GPU 0] [04:48:14] [INFO] Data: bygone-eras | Experts: ['core']
[GPU 0] [04:48:14] [INFO] loss: 1.71213937
[GPU 0] [04:48:14] [INFO] Data: cultural-traditions | Experts: ['core']
[GPU 0] [04:48:15] [INFO] loss: 1.76480258
[GPU 0] [04:48:15] [INFO] ---- Begin Eval ----
[GPU 0] [04:48:15] [INFO] Data: core | Experts: ['a-deadline-or-time-limit', 'core']
[GPU 0] [04:48:46] [INFO] loss: 1.68207741
[GPU 0] [04:48:46] [INFO] Data: a-deadline-or-time-limit | Experts: ['a-deadline-or-time-limit', 'core']
[GPU 0] [04:48:46] [INFO] loss: 1.76933599
[GPU 0] [04:48:46] [INFO] Data: alien-encounters | Experts: ['a-deadline-or-time-limit', 'core']
[GPU 0] [04:48:47] [INFO] loss: 1.73231912
[GPU 0] [04:48:47] [INFO] Data: bygone-eras | Experts: ['a-deadline-or-time-limit', 'core']
[GPU 0] [04:48:47] [INFO] loss: 1.71193910
[GPU 0] [04:48:47] [INFO] Data: cultural-traditions | Experts: ['a-deadline-or-time-limit', 'core']
[GPU 0] [04:48:48] [INFO] loss: 1.76295233
[GPU 0] [04:48:48] [INFO] ---- Begin Eval ----
[GPU 0] [04:48:48] [INFO] Data: core | Experts: ['alien-encounters', 'core']
[GPU 0] [04:49:17] [INFO] loss: 1.68245935
[GPU 0] [04:49:17] [INFO] Data: a-deadline-or-time-limit | Experts: ['alien-encounters', 'core']
[GPU 0] [04:49:18] [INFO] loss: 1.87460935
[GPU 0] [04:49:18] [INFO] Data: alien-encounters | Experts: ['alien-encounters', 'core']
[GPU 0] [04:49:18] [INFO] loss: 1.64720392
[GPU 0] [04:49:18] [INFO] Data: bygone-eras | Experts: ['alien-encounters', 'core']
[GPU 0] [04:49:19] [INFO] loss: 1.71354163
[GPU 0] [04:49:19] [INFO] Data: cultural-traditions | Experts: ['alien-encounters', 'core']
[GPU 0] [04:49:20] [INFO] loss: 1.76521385
[GPU 0] [04:49:20] [INFO] ---- Begin Eval ----
[GPU 0] [04:49:20] [INFO] Data: core | Experts: ['bygone-eras', 'core']
[GPU 0] [04:49:51] [INFO] loss: 1.68125284
[GPU 0] [04:49:51] [INFO] Data: a-deadline-or-time-limit | Experts: ['bygone-eras', 'core']
[GPU 0] [04:49:52] [INFO] loss: 1.87148440
[GPU 0] [04:49:52] [INFO] Data: alien-encounters | Experts: ['bygone-eras', 'core']
[GPU 0] [04:49:52] [INFO] loss: 1.73129117
[GPU 0] [04:49:52] [INFO] Data: bygone-eras | Experts: ['bygone-eras', 'core']
[GPU 0] [04:49:53] [INFO] loss: 1.70653045
[GPU 0] [04:49:53] [INFO] Data: cultural-traditions | Experts: ['bygone-eras', 'core']
[GPU 0] [04:49:54] [INFO] loss: 1.76048517
[GPU 0] [04:49:54] [INFO] ---- Begin Eval ----
[GPU 0] [04:49:54] [INFO] Data: core | Experts: ['core', 'cultural-traditions']
[GPU 0] [04:50:26] [INFO] loss: 1.68174660
[GPU 0] [04:50:26] [INFO] Data: a-deadline-or-time-limit | Experts: ['core', 'cultural-traditions']
[GPU 0] [04:50:26] [INFO] loss: 1.87070310
[GPU 0] [04:50:26] [INFO] Data: alien-encounters | Experts: ['core', 'cultural-traditions']
[GPU 0] [04:50:27] [INFO] loss: 1.73252463
[GPU 0] [04:50:27] [INFO] Data: bygone-eras | Experts: ['core', 'cultural-traditions']
[GPU 0] [04:50:28] [INFO] loss: 1.70873392
[GPU 0] [04:50:28] [INFO] Data: cultural-traditions | Experts: ['core', 'cultural-traditions']
[GPU 0] [04:50:29] [INFO] loss: 1.74218750
[GPU 0] [04:50:29] [INFO] ROUTED - ADVERSARIAL FT START
[GPU 0] [04:50:30] [INFO] ---- Begin FT | Experts: ['core'] | Data: ['a-deadline-or-time-limit'] ----
[GPU 0] [04:50:30] [DEBUG] num_seq: 512, num_rounds: 200, patience: 10
[GPU 0] [04:50:30] [DEBUG] local_x: torch.Size([512, 256]), local_y: torch.Size([512, 256]), num_steps: 4, per_gpu: 512, mbs_size: 128
[GPU 0] [04:50:31] [INFO] New best validation loss: 1.8422 @ step 0
[GPU 0] [04:50:32] [INFO] New best validation loss: 1.8270 @ step 1
[GPU 0] [04:50:33] [INFO] New best validation loss: 1.8189 @ step 2
[GPU 0] [04:50:34] [INFO] New best validation loss: 1.8168 @ step 3
[GPU 0] [04:50:44] [INFO] Stop FT @ 15: no val improvement for 10 steps
[GPU 0] [04:50:44] [INFO] Wrote stats.jsonl entries at FT step 3 
[GPU 0] [04:50:44] [INFO] ---- Begin FT | Experts: ['core'] | Data: ['alien-encounters'] ----
[GPU 0] [04:50:44] [DEBUG] num_seq: 512, num_rounds: 200, patience: 10
[GPU 0] [04:50:44] [DEBUG] local_x: torch.Size([512, 256]), local_y: torch.Size([512, 256]), num_steps: 4, per_gpu: 512, mbs_size: 128
[GPU 0] [04:50:45] [INFO] New best validation loss: 1.7072 @ step 0
[GPU 0] [04:50:46] [INFO] New best validation loss: 1.6931 @ step 1
[GPU 0] [04:50:47] [INFO] New best validation loss: 1.6869 @ step 2
[GPU 0] [04:50:48] [INFO] New best validation loss: 1.6859 @ step 3
[GPU 0] [04:50:57] [INFO] Stop FT @ 15: no val improvement for 10 steps
[GPU 0] [04:50:57] [INFO] Wrote stats.jsonl entries at FT step 3 
[GPU 0] [04:50:58] [INFO] ---- Begin FT | Experts: ['core'] | Data: ['bygone-eras'] ----
[GPU 0] [04:50:58] [DEBUG] num_seq: 512, num_rounds: 200, patience: 10
[GPU 0] [04:50:58] [DEBUG] local_x: torch.Size([512, 256]), local_y: torch.Size([512, 256]), num_steps: 4, per_gpu: 512, mbs_size: 128
[GPU 0] [04:50:59] [INFO] New best validation loss: 1.7085 @ step 0
[GPU 0] [04:51:08] [INFO] Stop FT @ 12: no val improvement for 10 steps
[GPU 0] [04:51:08] [INFO] Wrote stats.jsonl entries at FT step 0 
[GPU 0] [04:51:08] [INFO] ---- Begin FT | Experts: ['core'] | Data: ['cultural-traditions'] ----
[GPU 0] [04:51:08] [DEBUG] num_seq: 512, num_rounds: 200, patience: 10
[GPU 0] [04:51:08] [DEBUG] local_x: torch.Size([512, 256]), local_y: torch.Size([512, 256]), num_steps: 4, per_gpu: 512, mbs_size: 128
[GPU 0] [04:51:09] [INFO] New best validation loss: 1.7558 @ step 0
[GPU 0] [04:51:10] [INFO] New best validation loss: 1.7537 @ step 1
[GPU 0] [04:51:20] [INFO] Stop FT @ 13: no val improvement for 10 steps
[GPU 0] [04:51:20] [INFO] Wrote stats.jsonl entries at FT step 1 
[GPU 0] [04:51:20] [INFO] ROUTED - ADVERSARIAL FT START
[GPU 0] [04:51:20] [INFO] ---- Begin FT | Experts: ['a-deadline-or-time-limit', 'core'] | Data: ['alien-encounters'] ----
[GPU 0] [04:51:20] [DEBUG] num_seq: 512, num_rounds: 200, patience: 10
[GPU 0] [04:51:20] [DEBUG] local_x: torch.Size([512, 256]), local_y: torch.Size([512, 256]), num_steps: 4, per_gpu: 512, mbs_size: 128
[GPU 0] [04:51:21] [INFO] New best validation loss: 1.7074 @ step 0
[GPU 0] [04:51:22] [INFO] New best validation loss: 1.6931 @ step 1
[GPU 0] [04:51:23] [INFO] New best validation loss: 1.6871 @ step 2
[GPU 0] [04:51:24] [INFO] New best validation loss: 1.6859 @ step 3
[GPU 0] [04:51:35] [INFO] Stop FT @ 15: no val improvement for 10 steps
[GPU 0] [04:51:35] [INFO] Wrote stats.jsonl entries at FT step 3 
[GPU 0] [04:51:35] [INFO] ---- Begin FT | Experts: ['a-deadline-or-time-limit', 'core'] | Data: ['bygone-eras'] ----
[GPU 0] [04:51:35] [DEBUG] num_seq: 512, num_rounds: 200, patience: 10
[GPU 0] [04:51:35] [DEBUG] local_x: torch.Size([512, 256]), local_y: torch.Size([512, 256]), num_steps: 4, per_gpu: 512, mbs_size: 128
[GPU 0] [04:51:36] [INFO] New best validation loss: 1.7089 @ step 0
[GPU 0] [04:51:47] [INFO] Stop FT @ 12: no val improvement for 10 steps
[GPU 0] [04:51:47] [INFO] Wrote stats.jsonl entries at FT step 0 
[GPU 0] [04:51:47] [INFO] ---- Begin FT | Experts: ['a-deadline-or-time-limit', 'core'] | Data: ['cultural-traditions'] ----
[GPU 0] [04:51:47] [DEBUG] num_seq: 512, num_rounds: 200, patience: 10
[GPU 0] [04:51:47] [DEBUG] local_x: torch.Size([512, 256]), local_y: torch.Size([512, 256]), num_steps: 4, per_gpu: 512, mbs_size: 128
[GPU 0] [04:51:48] [INFO] New best validation loss: 1.7549 @ step 0
[GPU 0] [04:51:49] [INFO] New best validation loss: 1.7525 @ step 1
[GPU 0] [04:52:00] [INFO] Stop FT @ 13: no val improvement for 10 steps
[GPU 0] [04:52:00] [INFO] Wrote stats.jsonl entries at FT step 1 
[GPU 0] [04:52:00] [INFO] ROUTED - ADVERSARIAL FT START
[GPU 0] [04:52:00] [INFO] ---- Begin FT | Experts: ['alien-encounters', 'core'] | Data: ['a-deadline-or-time-limit'] ----
[GPU 0] [04:52:00] [DEBUG] num_seq: 512, num_rounds: 200, patience: 10
[GPU 0] [04:52:00] [DEBUG] local_x: torch.Size([512, 256]), local_y: torch.Size([512, 256]), num_steps: 4, per_gpu: 512, mbs_size: 128
[GPU 0] [04:52:01] [INFO] New best validation loss: 1.8424 @ step 0
[GPU 0] [04:52:02] [INFO] New best validation loss: 1.8271 @ step 1
[GPU 0] [04:52:03] [INFO] New best validation loss: 1.8193 @ step 2
[GPU 0] [04:52:04] [INFO] New best validation loss: 1.8172 @ step 3
[GPU 0] [04:52:16] [INFO] Stop FT @ 15: no val improvement for 10 steps
[GPU 0] [04:52:16] [INFO] Wrote stats.jsonl entries at FT step 3 
[GPU 0] [04:52:16] [INFO] ---- Begin FT | Experts: ['alien-encounters', 'core'] | Data: ['bygone-eras'] ----
[GPU 0] [04:52:16] [DEBUG] num_seq: 512, num_rounds: 200, patience: 10
[GPU 0] [04:52:16] [DEBUG] local_x: torch.Size([512, 256]), local_y: torch.Size([512, 256]), num_steps: 4, per_gpu: 512, mbs_size: 128
[GPU 0] [04:52:17] [INFO] New best validation loss: 1.7101 @ step 0
[GPU 0] [04:52:28] [INFO] Stop FT @ 12: no val improvement for 10 steps
[GPU 0] [04:52:28] [INFO] Wrote stats.jsonl entries at FT step 0 
[GPU 0] [04:52:28] [INFO] ---- Begin FT | Experts: ['alien-encounters', 'core'] | Data: ['cultural-traditions'] ----
[GPU 0] [04:52:28] [DEBUG] num_seq: 512, num_rounds: 200, patience: 10
[GPU 0] [04:52:28] [DEBUG] local_x: torch.Size([512, 256]), local_y: torch.Size([512, 256]), num_steps: 4, per_gpu: 512, mbs_size: 128
[GPU 0] [04:52:29] [INFO] New best validation loss: 1.7564 @ step 0
[GPU 0] [04:52:30] [INFO] New best validation loss: 1.7545 @ step 1
[GPU 0] [04:52:40] [INFO] Stop FT @ 13: no val improvement for 10 steps
[GPU 0] [04:52:40] [INFO] Wrote stats.jsonl entries at FT step 1 
[GPU 0] [04:52:40] [INFO] ROUTED - ADVERSARIAL FT START
[GPU 0] [04:52:40] [INFO] ---- Begin FT | Experts: ['bygone-eras', 'core'] | Data: ['a-deadline-or-time-limit'] ----
[GPU 0] [04:52:40] [DEBUG] num_seq: 512, num_rounds: 200, patience: 10
[GPU 0] [04:52:40] [DEBUG] local_x: torch.Size([512, 256]), local_y: torch.Size([512, 256]), num_steps: 4, per_gpu: 512, mbs_size: 128
[GPU 0] [04:52:41] [INFO] New best validation loss: 1.8414 @ step 0
[GPU 0] [04:52:42] [INFO] New best validation loss: 1.8266 @ step 1
[GPU 0] [04:52:43] [INFO] New best validation loss: 1.8188 @ step 2
[GPU 0] [04:52:44] [INFO] New best validation loss: 1.8162 @ step 3
[GPU 0] [04:52:55] [INFO] Stop FT @ 15: no val improvement for 10 steps
[GPU 0] [04:52:55] [INFO] Wrote stats.jsonl entries at FT step 3 
[GPU 0] [04:52:55] [INFO] ---- Begin FT | Experts: ['bygone-eras', 'core'] | Data: ['alien-encounters'] ----
[GPU 0] [04:52:55] [DEBUG] num_seq: 512, num_rounds: 200, patience: 10
[GPU 0] [04:52:55] [DEBUG] local_x: torch.Size([512, 256]), local_y: torch.Size([512, 256]), num_steps: 4, per_gpu: 512, mbs_size: 128
[GPU 0] [04:52:56] [INFO] New best validation loss: 1.7068 @ step 0
[GPU 0] [04:52:57] [INFO] New best validation loss: 1.6931 @ step 1
[GPU 0] [04:52:58] [INFO] New best validation loss: 1.6867 @ step 2
[GPU 0] [04:52:59] [INFO] New best validation loss: 1.6859 @ step 3
[GPU 0] [04:53:10] [INFO] Stop FT @ 15: no val improvement for 10 steps
[GPU 0] [04:53:10] [INFO] Wrote stats.jsonl entries at FT step 3 
[GPU 0] [04:53:10] [INFO] ---- Begin FT | Experts: ['bygone-eras', 'core'] | Data: ['cultural-traditions'] ----
[GPU 0] [04:53:10] [DEBUG] num_seq: 512, num_rounds: 200, patience: 10
[GPU 0] [04:53:10] [DEBUG] local_x: torch.Size([512, 256]), local_y: torch.Size([512, 256]), num_steps: 4, per_gpu: 512, mbs_size: 128
[GPU 0] [04:53:11] [INFO] New best validation loss: 1.7545 @ step 0
[GPU 0] [04:53:12] [INFO] New best validation loss: 1.7510 @ step 1
[GPU 0] [04:53:22] [INFO] Stop FT @ 13: no val improvement for 10 steps
[GPU 0] [04:53:23] [INFO] Wrote stats.jsonl entries at FT step 1 
[GPU 0] [04:53:23] [INFO] ROUTED - ADVERSARIAL FT START
[GPU 0] [04:53:23] [INFO] ---- Begin FT | Experts: ['core', 'cultural-traditions'] | Data: ['a-deadline-or-time-limit'] ----
[GPU 0] [04:53:23] [DEBUG] num_seq: 512, num_rounds: 200, patience: 10
[GPU 0] [04:53:23] [DEBUG] local_x: torch.Size([512, 256]), local_y: torch.Size([512, 256]), num_steps: 4, per_gpu: 512, mbs_size: 128
[GPU 0] [04:53:24] [INFO] New best validation loss: 1.8400 @ step 0
[GPU 0] [04:53:25] [INFO] New best validation loss: 1.8256 @ step 1
[GPU 0] [04:53:26] [INFO] New best validation loss: 1.8174 @ step 2
[GPU 0] [04:53:27] [INFO] New best validation loss: 1.8160 @ step 3
[GPU 0] [04:53:40] [INFO] Stop FT @ 15: no val improvement for 10 steps
[GPU 0] [04:53:40] [INFO] Wrote stats.jsonl entries at FT step 3 
[GPU 0] [04:53:41] [INFO] ---- Begin FT | Experts: ['core', 'cultural-traditions'] | Data: ['alien-encounters'] ----
[GPU 0] [04:53:41] [DEBUG] num_seq: 512, num_rounds: 200, patience: 10
[GPU 0] [04:53:41] [DEBUG] local_x: torch.Size([512, 256]), local_y: torch.Size([512, 256]), num_steps: 4, per_gpu: 512, mbs_size: 128
[GPU 0] [04:53:42] [INFO] New best validation loss: 1.7074 @ step 0
[GPU 0] [04:53:43] [INFO] New best validation loss: 1.6931 @ step 1
[GPU 0] [04:53:43] [INFO] New best validation loss: 1.6869 @ step 2
[GPU 0] [04:53:44] [INFO] New best validation loss: 1.6859 @ step 3
[GPU 0] [04:53:55] [INFO] Stop FT @ 15: no val improvement for 10 steps
[GPU 0] [04:53:55] [INFO] Wrote stats.jsonl entries at FT step 3 
[GPU 0] [04:53:55] [INFO] ---- Begin FT | Experts: ['core', 'cultural-traditions'] | Data: ['bygone-eras'] ----
[GPU 0] [04:53:55] [DEBUG] num_seq: 512, num_rounds: 200, patience: 10
[GPU 0] [04:53:55] [DEBUG] local_x: torch.Size([512, 256]), local_y: torch.Size([512, 256]), num_steps: 4, per_gpu: 512, mbs_size: 128
[GPU 0] [04:53:55] [INFO] New best validation loss: 1.7069 @ step 0
[GPU 0] [04:54:05] [INFO] Stop FT @ 12: no val improvement for 10 steps
[GPU 0] [04:54:05] [INFO] Wrote stats.jsonl entries at FT step 0 
[GPU 0] [04:54:05] [INFO] ----------------------------------------
[GPU 0] [04:54:05] [INFO] Finished. See /workspace-vast/ethanr/gradient-routing/experiments/AGI-1699-New-Dataset-Runs/results/stories/seed_3/20260616043636265710
