[GPU 0] [17:50:01] [INFO] Git branch: AGI-1696-New-Dataset-Runs_ethan, commit: 4155db9e33feaabc5b141a5a03d10b08e299ec88
[GPU 0] [17:50:01] [INFO] Number of GPUs: 8
[GPU 0] [17:50:02] [INFO] Tokenizer vocabulary: 50257
[GPU 0] [17:50:02] [INFO] Set model vocab size to nearest multiple of 64 of tokenizer size: 50304
[GPU 0] [17:50:16] [INFO] target effective batch size: 641, actual effective batch size: 672, micro batch size: 12, accumulation steps: 7, num gpus: 8
[GPU 0] [17:50:16] [INFO] core total number of tokens: 66749057569
[GPU 0] [17:50:16] [INFO] Baseline model has 806,509,504 parameters
[GPU 0] [17:50:16] [INFO] core: chinchilla optimal tokens: 16,130,190,080, requested proportion: 1.0000, requested number of tokens: 16,130,190,080.0, 
[GPU 0] [17:50:16] [INFO] aux total number of tokens: 4835776549
[GPU 0] [17:50:16] [INFO] Baseline model has 806,509,504 parameters
[GPU 0] [17:50:16] [INFO] aux: chinchilla optimal tokens: 16,130,190,080, requested proportion: 0.0100, requested number of tokens: 161,301,900.8, 
[GPU 0] [17:50:16] [DEBUG] Saved config to /workspace-vast/ethanr/gradient-routing/experiments/AGI-1699-New-Dataset-Runs/results/scaling/realistic/lora/800M/seed_3/20260518174946809690/config.json
[GPU 0] [17:50:16] [DEBUG] {
    "stages": [
        {
            "name": "routed",
            "num_checkpoints": -1,
            "lr": 0.0005663534909876918,
            "res_dir": "/workspace-vast/ethanr/gradient-routing/experiments/AGI-1699-New-Dataset-Runs/results/scaling/realistic/lora/800M/seed_3/20260518174946809690/routed",
            "acc_mode": "uniform",
            "do_eval": true,
            "do_sample": false,
            "num_train_evals": 0,
            "do_elicit": true,
            "elicit_eval_prc": 0.5,
            "elicit_num_evals": 100,
            "retain_targets": null,
            "model": {
                "arch": "lora",
                "tokenizer": "GPT2Tokenizer(name_or_path='EleutherAI/gpt-neo-125M', vocab_size=50257, model_max_length=2048, padding_side='right', truncation_side='right', special_tokens={'bos_token': '<|endoftext|>', 'eos_token': '<|endoftext|>', 'unk_token': '<|endoftext|>'}, added_tokens_decoder={\n\t50256: AddedToken(\"<|endoftext|>\", rstrip=False, lstrip=False, single_word=False, normalized=True, special=True),\n}\n)",
                "ctx_len": 1024,
                "vocab_size": 50304,
                "num_layers": 24,
                "num_heads": 8,
                "num_key_value": 2,
                "attn_bias": true,
                "eos_token_id": 50256,
                "embed_dim": 1600,
                "mlp_dim": 6400,
                "core_param_prc": 1.0,
                "aux_param_prc": 0.1
            },
            "eval_arbsub": false,
            "label_prc": 1.0,
            "aux_factor": {
                "code-lisp": 2.0,
                "papers-biology": 1.0,
                "papers-nuclear": 1.0,
                "papers-cyber": 1.0
            },
            "core_aux_ratio": 1.0,
            "equal_compute": true
        }
    ],
    "model": {
        "arch": "base",
        "tokenizer": "GPT2Tokenizer(name_or_path='EleutherAI/gpt-neo-125M', vocab_size=50257, model_max_length=2048, padding_side='right', truncation_side='right', special_tokens={'bos_token': '<|endoftext|>', 'eos_token': '<|endoftext|>', 'unk_token': '<|endoftext|>'}, added_tokens_decoder={\n\t50256: AddedToken(\"<|endoftext|>\", rstrip=False, lstrip=False, single_word=False, normalized=True, special=True),\n}\n)",
        "ctx_len": 1024,
        "vocab_size": 50304,
        "num_layers": 24,
        "num_heads": 8,
        "num_key_value": 2,
        "attn_bias": true,
        "eos_token_id": 50256,
        "embed_dim": 1600,
        "mlp_dim": 6400
    },
    "data": {
        "dirs": [
            "/workspace-vast/ethanr/gradient-routing/experiments/AGI-1699-New-Dataset-Runs/src/data/fineweb",
            "/workspace-vast/ethanr/gradient-routing/experiments/AGI-1699-New-Dataset-Runs/src/data/code",
            "/workspace-vast/ethanr/gradient-routing/experiments/AGI-1699-New-Dataset-Runs/src/data/papers"
        ],
        "core": {
            "labels": [
                "fineweb",
                "code-other",
                "papers-other"
            ],
            "method": "optimal",
            "limit": 1.0,
            "dist": {
                "fineweb": 0.84,
                "code-other": 0.15,
                "papers-other": 0.01
            },
            "num_tok": 16130190080.0
        },
        "aux": {
            "labels": [
                "code-lisp",
                "papers-biology",
                "papers-nuclear",
                "papers-cyber"
            ],
            "method": "optimal",
            "limit": 0.01,
            "dist": {
                "code-lisp": 0.25,
                "papers-biology": 0.25,
                "papers-nuclear": 0.25,
                "papers-cyber": 0.25
            },
            "num_tok": 161301900.8
        }
    },
    "run": {
        "target_effective_batch_size": 641,
        "effective_batch_size": 672,
        "micro_batch_size": 12,
        "accumulation_steps": 7,
        "max_num_test_sequences": 10000,
        "eval_all_labels": false,
        "micro_batch_anchors": [
            [
                400000000.0,
                23
            ],
            [
                5000000000.0,
                2
            ]
        ],
        "epochs": 1,
        "adam_betas": [
            0.9,
            0.95
        ],
        "warmup_prc": 0.02,
        "decay_prc": 0.1,
        "seed": 3,
        "compile": true,
        "find_unused_parameters": true,
        "is_ddp": true,
        "cleanup_distributed": false,
        "log_level": "DEBUG",
        "num_gpus": 8,
        "process_id": 0,
        "num_base_params": 806509504,
        "device": "cuda",
        "logger": "<Logger training_20260518174946809690 (DEBUG)>",
        "labels": [
            "core",
            "code-lisp",
            "papers-biology",
            "papers-cyber",
            "papers-nuclear"
        ],
        "loaders": {
            "code-lisp": {
                "train": "SingleDataLoader(code-lisp_train_001.bin, len=410)",
                "test": "InterleavedDataLoader(len=105)"
            },
            "code-other": {
                "train": "InterleavedDataLoader(len=24612)",
                "test": "InterleavedDataLoader(len=105)"
            },
            "fineweb": {
                "train": "InterleavedDataLoader(len=137831)",
                "test": "InterleavedDataLoader(len=105)"
            },
            "papers-biology": {
                "train": "SingleDataLoader(papers-biology_train.bin, len=410)",
                "test": "SingleDataLoader(papers-biology_test.bin, len=105)"
            },
            "papers-cyber": {
                "train": "SingleDataLoader(papers-cyber_train.bin, len=410)",
                "test": "SingleDataLoader(papers-cyber_test.bin, len=105)"
            },
            "papers-nuclear": {
                "train": "SingleDataLoader(papers-nuclear_train.bin, len=410)",
                "test": "SingleDataLoader(papers-nuclear_test.bin, len=105)"
            },
            "papers-other": {
                "train": "SingleDataLoader(papers-other_train.bin, len=1640)",
                "test": "SingleDataLoader(papers-other_test.bin, len=105)"
            },
            "core": {
                "train": "InterleavedDataLoader(len=164083)",
                "test": "InterleavedDataLoader(len=315)"
            },
            "aux": {
                "train": "InterleavedDataLoader(len=1640)",
                "test": "InterleavedDataLoader(len=420)"
            },
            "all": {
                "train": "InterleavedDataLoader(len=165723)",
                "test": "InterleavedDataLoader(len=735)"
            }
        },
        "res_root": "/workspace-vast/ethanr/gradient-routing/experiments/AGI-1699-New-Dataset-Runs/results/scaling/realistic/lora/800M/seed_3",
        "experiment_id": "20260518174946809690",
        "s3_bucket": "ae-gradient-routing-results",
        "s3_prefix": "scaling/realistic/lora/800M/seed_3"
    },
    "label_prc": 1.0
}
[GPU 0] [17:50:16] [INFO] Loader code-lisp train: 410, test: 105
[GPU 0] [17:50:16] [INFO] Loader code-other train: 24612, test: 105
[GPU 0] [17:50:16] [INFO] Loader fineweb train: 137831, test: 105
[GPU 0] [17:50:16] [INFO] Loader papers-biology train: 410, test: 105
[GPU 0] [17:50:16] [INFO] Loader papers-cyber train: 410, test: 105
[GPU 0] [17:50:16] [INFO] Loader papers-nuclear train: 410, test: 105
[GPU 0] [17:50:16] [INFO] Loader papers-other train: 1640, test: 105
[GPU 0] [17:50:16] [INFO] Loader core train: 164083, test: 315
[GPU 0] [17:50:16] [INFO] Loader aux train: 1640, test: 420
[GPU 0] [17:50:16] [INFO] Loader all train: 165723, test: 735
[GPU 0] [17:50:16] [INFO] Stage [routed] start: {"name": "routed", "num_checkpoints": -1, "lr": 0.0005663534909876918, "res_dir": "/workspace-vast/ethanr/gradient-routing/experiments/AGI-1699-New-Dataset-Runs/results/scaling/realistic/lora/800M/seed_3/20260518174946809690/routed", "acc_mode": "uniform", "do_eval": true, "do_sample": false, "num_train_evals": 0, "do_elicit": true, "elicit_eval_prc": 0.5, "elicit_num_evals": 100, "retain_targets": null, "model": {"arch": "lora", "tokenizer": "GPT2Tokenizer(name_or_path='EleutherAI/gpt-neo-125M', vocab_size=50257, model_max_length=2048, padding_side='right', truncation_side='right', special_tokens={'bos_token': '<|endoftext|>', 'eos_token': '<|endoftext|>', 'unk_token': '<|endoftext|>'}, added_tokens_decoder={\n\t50256: AddedToken(\"<|endoftext|>\", rstrip=False, lstrip=False, single_word=False, normalized=True, special=True),\n}\n)", "ctx_len": 1024, "vocab_size": 50304, "num_layers": 24, "num_heads": 8, "num_key_value": 2, "attn_bias": true, "eos_token_id": 50256, "embed_dim": 1600, "mlp_dim": 6400, "core_param_prc": 1.0, "aux_param_prc": 0.1}, "eval_arbsub": false, "label_prc": 1.0, "aux_factor": {"code-lisp": 2.0, "papers-biology": 1.0, "papers-nuclear": 1.0, "papers-cyber": 1.0}, "core_aux_ratio": 1.0, "equal_compute": true}
[GPU 0] [17:50:16] [INFO] ROUTED START
[GPU 0] [17:51:00] [INFO] Initialized LoRATransformer with 1,003,117,504 total parameters
[GPU 0] [17:51:00] [INFO]   Label 'core' has 806,509,504 parameters
[GPU 0] [17:51:00] [INFO]   Label 'code-lisp' has 49,152,000 parameters
[GPU 0] [17:51:00] [INFO]   Label 'papers-biology' has 49,152,000 parameters
[GPU 0] [17:51:00] [INFO]   Label 'papers-cyber' has 49,152,000 parameters
[GPU 0] [17:51:00] [INFO]   Label 'papers-nuclear' has 49,152,000 parameters
[GPU 0] [17:51:00] [INFO] Compiling LoRATransformer with torch.compile...
[GPU 0] [17:51:08] [INFO] torch.compile done
[GPU 0] [17:51:17] [WARNING] restore_partial_state: no checkpoint found at /workspace-vast/ethanr/gradient-routing/experiments/AGI-1699-New-Dataset-Runs/results/scaling/realistic/lora/800M/seed_3/20260518174946809690/routed
[GPU 0] [17:51:17] [INFO] ---- Begin Routed Ordered (Alt) ----
[GPU 0] [17:51:17] [INFO] initial len_all: 165723, len_all_labeled: 165723, len_all_unlabeled: 0, len_ft: 4100, len_base: 161623, label_prc: 1.0
[GPU 0] [17:51:17] [INFO] compute-equal: -201523200000.0 <= 0, must truncate training
[GPU 0] [17:51:17] [INFO] compute-equal: len_base: -243 -> 161380, len_ft: -6 -> 4094, len_all_unlabeled: 0 -> 0
[GPU 0] [17:51:17] [INFO] 
len_all: 165723, len_all_labeled: 165723, len_all_unlabeled: 0,
len_base: 161380, len_ft: 4094,
len_core_for_ft: 2047, len_aux_for_ft: 2047,
aux_factor: {'code-lisp': 2.0, 'papers-biology': 1.0, 'papers-nuclear': 1.0, 'papers-cyber': 1.0}, core_aux_ratio: 1.0,
equal_compute: True
[GPU 0] [17:51:18] [INFO] Batch [('core', ('core',), ('core',))] count: 161380
[GPU 0] [17:51:18] [INFO] Batch [('code-lisp', ('core', 'code-lisp'), ('code-lisp',))] count: 819
[GPU 0] [17:51:18] [INFO] Batch [('core', ('core', 'code-lisp'), ('code-lisp',))] count: 819
[GPU 0] [17:51:18] [INFO] Batch [('core', ('core', 'papers-biology'), ('papers-biology',))] count: 409
[GPU 0] [17:51:18] [INFO] Batch [('papers-biology', ('core', 'papers-biology'), ('papers-biology',))] count: 409
[GPU 0] [17:51:18] [INFO] Batch [('core', ('core', 'papers-nuclear'), ('papers-nuclear',))] count: 409
[GPU 0] [17:51:18] [INFO] Batch [('papers-nuclear', ('core', 'papers-nuclear'), ('papers-nuclear',))] count: 409
[GPU 0] [17:51:18] [INFO] Batch [('core', ('core', 'papers-cyber'), ('papers-cyber',))] count: 409
[GPU 0] [17:51:18] [INFO] Batch [('papers-cyber', ('core', 'papers-cyber'), ('papers-cyber',))] count: 409
[GPU 0] [17:51:18] [INFO] count_by_label: {'core': 163426, 'code-lisp': 819, 'papers-biology': 409, 'papers-cyber': 409, 'papers-nuclear': 409}
[GPU 0] [17:51:18] [WARNING] len_batches != expected, (165472 != 165474), 2 length difference
[GPU 0] [17:51:18] [INFO] ---- Begin Routed ----
[GPU 0] [17:51:18] [DEBUG] acc_mode: uniform
[GPU 0] [17:51:18] [INFO] LR schedule group 0: steps [0, 23054), warmup=461, constant=20288, decay=2305
[GPU 0] [17:51:18] [INFO] LR schedule group 1: steps [23054, 23288), warmup=5, constant=206, decay=23
[GPU 0] [17:51:18] [INFO] LR schedule group 2: steps [23288, 23404), warmup=2, constant=102, decay=12
[GPU 0] [17:51:18] [INFO] LR schedule group 3: steps [23404, 23520), warmup=2, constant=102, decay=12
[GPU 0] [17:51:18] [INFO] LR schedule group 4: steps [23520, 23636), warmup=2, constant=102, decay=12
[GPU 0] [17:51:18] [INFO] LR Scheduler: Group warmup (step 0)
[GPU 0] [17:51:18] [INFO] CUDA memory before training loop:
[GPU 0] [17:51:18] [INFO] |===========================================================================|
[GPU 0] [17:51:18] [INFO] |                  PyTorch CUDA memory summary, device ID 0                 |
[GPU 0] [17:51:18] [INFO] |---------------------------------------------------------------------------|
[GPU 0] [17:51:18] [INFO] |            CUDA OOMs: 0            |        cudaMalloc retries: 0         |
[GPU 0] [17:51:18] [INFO] |===========================================================================|
[GPU 0] [17:51:18] [INFO] |        Metric         | Cur Usage  | Peak Usage | Tot Alloc  | Tot Freed  |
[GPU 0] [17:51:18] [INFO] |---------------------------------------------------------------------------|
[GPU 0] [17:51:18] [INFO] | Allocated memory      |   4451 MiB |   4451 MiB |   6966 MiB |   2515 MiB |
[GPU 0] [17:51:18] [INFO] |       from large pool |   4375 MiB |   4375 MiB |   6890 MiB |   2514 MiB |
[GPU 0] [17:51:18] [INFO] |       from small pool |     75 MiB |     76 MiB |     76 MiB |      0 MiB |
[GPU 0] [17:51:18] [INFO] |---------------------------------------------------------------------------|
[GPU 0] [17:51:18] [INFO] | Active memory         |   4451 MiB |   4451 MiB |   6966 MiB |   2515 MiB |
[GPU 0] [17:51:18] [INFO] |       from large pool |   4375 MiB |   4375 MiB |   6890 MiB |   2514 MiB |
[GPU 0] [17:51:18] [INFO] |       from small pool |     75 MiB |     76 MiB |     76 MiB |      0 MiB |
[GPU 0] [17:51:18] [INFO] |---------------------------------------------------------------------------|
[GPU 0] [17:51:18] [INFO] | Requested memory      |   4426 MiB |   4426 MiB |   6940 MiB |   2513 MiB |
[GPU 0] [17:51:18] [INFO] |       from large pool |   4350 MiB |   4350 MiB |   6864 MiB |   2513 MiB |
[GPU 0] [17:51:18] [INFO] |       from small pool |     75 MiB |     76 MiB |     76 MiB |      0 MiB |
[GPU 0] [17:51:18] [INFO] |---------------------------------------------------------------------------|
[GPU 0] [17:51:18] [INFO] | GPU reserved memory   |   4718 MiB |   4718 MiB |   4718 MiB |      0 B   |
[GPU 0] [17:51:18] [INFO] |       from large pool |   4640 MiB |   4640 MiB |   4640 MiB |      0 B   |
[GPU 0] [17:51:18] [INFO] |       from small pool |     78 MiB |     78 MiB |     78 MiB |      0 B   |
[GPU 0] [17:51:18] [INFO] |---------------------------------------------------------------------------|
[GPU 0] [17:51:18] [INFO] | Non-releasable memory | 273320 KiB | 464387 KiB |   1759 MiB |   1492 MiB |
[GPU 0] [17:51:18] [INFO] |       from large pool | 271128 KiB | 462192 KiB |   1693 MiB |   1428 MiB |
[GPU 0] [17:51:18] [INFO] |       from small pool |   2192 KiB |   3008 KiB |     65 MiB |     63 MiB |
[GPU 0] [17:51:18] [INFO] |---------------------------------------------------------------------------|
[GPU 0] [17:51:18] [INFO] | Allocations           |     745    |     748    |     797    |      52    |
[GPU 0] [17:51:18] [INFO] |       from large pool |     380    |     380    |     390    |      10    |
[GPU 0] [17:51:18] [INFO] |       from small pool |     365    |     373    |     407    |      42    |
[GPU 0] [17:51:18] [INFO] |---------------------------------------------------------------------------|
[GPU 0] [17:51:18] [INFO] | Active allocs         |     745    |     748    |     797    |      52    |
[GPU 0] [17:51:18] [INFO] |       from large pool |     380    |     380    |     390    |      10    |
[GPU 0] [17:51:18] [INFO] |       from small pool |     365    |     373    |     407    |      42    |
[GPU 0] [17:51:18] [INFO] |---------------------------------------------------------------------------|
[GPU 0] [17:51:18] [INFO] | GPU reserved segments |     176    |     176    |     176    |       0    |
[GPU 0] [17:51:18] [INFO] |       from large pool |     137    |     137    |     137    |       0    |
[GPU 0] [17:51:18] [INFO] |       from small pool |      39    |      39    |      39    |       0    |
[GPU 0] [17:51:18] [INFO] |---------------------------------------------------------------------------|
[GPU 0] [17:51:18] [INFO] | Non-releasable allocs |     111    |     111    |     150    |      39    |
[GPU 0] [17:51:18] [INFO] |       from large pool |      85    |      85    |      91    |       6    |
[GPU 0] [17:51:18] [INFO] |       from small pool |      26    |      26    |      59    |      33    |
[GPU 0] [17:51:18] [INFO] |---------------------------------------------------------------------------|
[GPU 0] [17:51:18] [INFO] | Oversize allocations  |       0    |       0    |       0    |       0    |
[GPU 0] [17:51:18] [INFO] |---------------------------------------------------------------------------|
[GPU 0] [17:51:18] [INFO] | Oversize GPU segments |       0    |       0    |       0    |       0    |
[GPU 0] [17:51:18] [INFO] |===========================================================================|
[GPU 0] [17:51:18] [INFO] 
[GPU 0] [17:51:18] [INFO] Batch group start, LR: 1.0000e-08, batches: 161380, epochs: 1, group_total_steps: 23054
[GPU 0] [17:51:38] [INFO] CUDA memory after first training step:
[GPU 0] [17:51:38] [INFO] |===========================================================================|
[GPU 0] [17:51:38] [INFO] |                  PyTorch CUDA memory summary, device ID 0                 |
[GPU 0] [17:51:38] [INFO] |---------------------------------------------------------------------------|
[GPU 0] [17:51:38] [INFO] |            CUDA OOMs: 0            |        cudaMalloc retries: 0         |
[GPU 0] [17:51:38] [INFO] |===========================================================================|
[GPU 0] [17:51:38] [INFO] |        Metric         | Cur Usage  | Peak Usage | Tot Alloc  | Tot Freed  |
[GPU 0] [17:51:38] [INFO] |---------------------------------------------------------------------------|
[GPU 0] [17:51:38] [INFO] | Allocated memory      |   8774 MiB |  25911 MiB | 376258 MiB | 367483 MiB |
[GPU 0] [17:51:38] [INFO] |       from large pool |   8696 MiB |  25821 MiB | 375775 MiB | 367078 MiB |
[GPU 0] [17:51:38] [INFO] |       from small pool |     78 MiB |     89 MiB |    483 MiB |    404 MiB |
[GPU 0] [17:51:38] [INFO] |---------------------------------------------------------------------------|
[GPU 0] [17:51:38] [INFO] | Active memory         |   8774 MiB |  25911 MiB | 376258 MiB | 367483 MiB |
[GPU 0] [17:51:38] [INFO] |       from large pool |   8696 MiB |  25821 MiB | 375775 MiB | 367078 MiB |
[GPU 0] [17:51:38] [INFO] |       from small pool |     78 MiB |     89 MiB |    483 MiB |    404 MiB |
[GPU 0] [17:51:38] [INFO] |---------------------------------------------------------------------------|
[GPU 0] [17:51:38] [INFO] | Requested memory      |   8747 MiB |  25812 MiB | 374729 MiB | 365982 MiB |
[GPU 0] [17:51:38] [INFO] |       from large pool |   8668 MiB |  25723 MiB | 374246 MiB | 365578 MiB |
[GPU 0] [17:51:38] [INFO] |       from small pool |     78 MiB |     89 MiB |    482 MiB |    404 MiB |
[GPU 0] [17:51:38] [INFO] |---------------------------------------------------------------------------|
[GPU 0] [17:51:38] [INFO] | GPU reserved memory   |  26936 MiB |  26936 MiB |  26936 MiB |      0 B   |
[GPU 0] [17:51:38] [INFO] |       from large pool |  26846 MiB |  26846 MiB |  26846 MiB |      0 B   |
[GPU 0] [17:51:38] [INFO] |       from small pool |     90 MiB |     90 MiB |     90 MiB |      0 B   |
[GPU 0] [17:51:38] [INFO] |---------------------------------------------------------------------------|
[GPU 0] [17:51:38] [INFO] | Non-releasable memory |   2165 MiB |   3663 MiB | 141154 MiB | 138988 MiB |
[GPU 0] [17:51:38] [INFO] |       from large pool |   2161 MiB |   3661 MiB | 140669 MiB | 138507 MiB |
[GPU 0] [17:51:38] [INFO] |       from small pool |      3 MiB |     12 MiB |    484 MiB |    481 MiB |
[GPU 0] [17:51:38] [INFO] |---------------------------------------------------------------------------|
[GPU 0] [17:51:38] [INFO] | Allocations           |    1630    |    1630    |   11079    |    9449    |
[GPU 0] [17:51:38] [INFO] |       from large pool |     627    |     775    |    6790    |    6163    |
[GPU 0] [17:51:38] [INFO] |       from small pool |    1003    |    1003    |    4289    |    3286    |
[GPU 0] [17:51:38] [INFO] |---------------------------------------------------------------------------|
[GPU 0] [17:51:38] [INFO] | Active allocs         |    1630    |    1630    |   11079    |    9449    |
[GPU 0] [17:51:38] [INFO] |       from large pool |     627    |     775    |    6790    |    6163    |
[GPU 0] [17:51:38] [INFO] |       from small pool |    1003    |    1003    |    4289    |    3286    |
[GPU 0] [17:51:38] [INFO] |---------------------------------------------------------------------------|
[GPU 0] [17:51:38] [INFO] | GPU reserved segments |     420    |     420    |     420    |       0    |
[GPU 0] [17:51:38] [INFO] |       from large pool |     375    |     375    |     375    |       0    |
[GPU 0] [17:51:38] [INFO] |       from small pool |      45    |      45    |      45    |       0    |
[GPU 0] [17:51:38] [INFO] |---------------------------------------------------------------------------|
[GPU 0] [17:51:38] [INFO] | Non-releasable allocs |     185    |     185    |    3674    |    3489    |
[GPU 0] [17:51:38] [INFO] |       from large pool |     182    |     182    |    2846    |    2664    |
[GPU 0] [17:51:38] [INFO] |       from small pool |       3    |      33    |     828    |     825    |
[GPU 0] [17:51:38] [INFO] |---------------------------------------------------------------------------|
[GPU 0] [17:51:38] [INFO] | Oversize allocations  |       0    |       0    |       0    |       0    |
[GPU 0] [17:51:38] [INFO] |---------------------------------------------------------------------------|
[GPU 0] [17:51:38] [INFO] | Oversize GPU segments |       0    |       0    |       0    |       0    |
[GPU 0] [17:51:38] [INFO] |===========================================================================|
[GPU 0] [17:51:38] [INFO] 
[GPU 0] [17:51:38] [INFO] Step: 1, LR: 1.2385e-06
[GPU 0] [17:51:38] [INFO] Train Loss: CORE: 11.30 CODE-LISP: nan PAPERS-BIOLOGY: nan PAPERS-CYBER: nan PAPERS-NUCLEAR: nan 
[GPU 0] [18:08:15] [INFO] LR Scheduler: Group constant (step 461)
[GPU 0] [18:26:36] [INFO] Step: 1000, LR: 5.6635e-04
[GPU 0] [18:26:36] [INFO] Train Loss: CORE: 3.26 CODE-LISP: nan PAPERS-BIOLOGY: nan PAPERS-CYBER: nan PAPERS-NUCLEAR: nan 
[GPU 0] [18:59:53] [INFO] Step: 2000, LR: 5.6635e-04
[GPU 0] [18:59:53] [INFO] Train Loss: CORE: 2.93 CODE-LISP: nan PAPERS-BIOLOGY: nan PAPERS-CYBER: nan PAPERS-NUCLEAR: nan 
[GPU 0] [19:32:57] [INFO] Step: 3000, LR: 5.6635e-04
[GPU 0] [19:32:57] [INFO] Train Loss: CORE: 2.79 CODE-LISP: nan PAPERS-BIOLOGY: nan PAPERS-CYBER: nan PAPERS-NUCLEAR: nan 
[GPU 0] [20:06:02] [INFO] Step: 4000, LR: 5.6635e-04
[GPU 0] [20:06:02] [INFO] Train Loss: CORE: 2.75 CODE-LISP: nan PAPERS-BIOLOGY: nan PAPERS-CYBER: nan PAPERS-NUCLEAR: nan 
[GPU 0] [20:39:05] [INFO] Step: 5000, LR: 5.6635e-04
[GPU 0] [20:39:05] [INFO] Train Loss: CORE: 2.69 CODE-LISP: nan PAPERS-BIOLOGY: nan PAPERS-CYBER: nan PAPERS-NUCLEAR: nan 
[GPU 0] [21:12:09] [INFO] Step: 6000, LR: 5.6635e-04
[GPU 0] [21:12:09] [INFO] Train Loss: CORE: 2.45 CODE-LISP: nan PAPERS-BIOLOGY: nan PAPERS-CYBER: nan PAPERS-NUCLEAR: nan 
[GPU 0] [21:45:12] [INFO] Step: 7000, LR: 5.6635e-04
[GPU 0] [21:45:12] [INFO] Train Loss: CORE: 2.60 CODE-LISP: nan PAPERS-BIOLOGY: nan PAPERS-CYBER: nan PAPERS-NUCLEAR: nan 
[GPU 0] [22:18:15] [INFO] Step: 8000, LR: 5.6635e-04
[GPU 0] [22:18:15] [INFO] Train Loss: CORE: 2.47 CODE-LISP: nan PAPERS-BIOLOGY: nan PAPERS-CYBER: nan PAPERS-NUCLEAR: nan 
[GPU 0] [22:51:18] [INFO] Step: 9000, LR: 5.6635e-04
[GPU 0] [22:51:18] [INFO] Train Loss: CORE: 2.54 CODE-LISP: nan PAPERS-BIOLOGY: nan PAPERS-CYBER: nan PAPERS-NUCLEAR: nan 
[GPU 0] [23:24:22] [INFO] Step: 10000, LR: 5.6635e-04
[GPU 0] [23:24:22] [INFO] Train Loss: CORE: 2.52 CODE-LISP: nan PAPERS-BIOLOGY: nan PAPERS-CYBER: nan PAPERS-NUCLEAR: nan 
[GPU 0] [23:57:25] [INFO] Step: 11000, LR: 5.6635e-04
[GPU 0] [23:57:25] [INFO] Train Loss: CORE: 2.56 CODE-LISP: nan PAPERS-BIOLOGY: nan PAPERS-CYBER: nan PAPERS-NUCLEAR: nan 
[GPU 0] [00:30:28] [INFO] Step: 12000, LR: 5.6635e-04
[GPU 0] [00:30:28] [INFO] Train Loss: CORE: 2.58 CODE-LISP: nan PAPERS-BIOLOGY: nan PAPERS-CYBER: nan PAPERS-NUCLEAR: nan 
[GPU 0] [01:03:31] [INFO] Step: 13000, LR: 5.6635e-04
[GPU 0] [01:03:31] [INFO] Train Loss: CORE: 2.55 CODE-LISP: nan PAPERS-BIOLOGY: nan PAPERS-CYBER: nan PAPERS-NUCLEAR: nan 
[GPU 0] [01:36:34] [INFO] Step: 14000, LR: 5.6635e-04
[GPU 0] [01:36:34] [INFO] Train Loss: CORE: 2.46 CODE-LISP: nan PAPERS-BIOLOGY: nan PAPERS-CYBER: nan PAPERS-NUCLEAR: nan 
[GPU 0] [02:09:37] [INFO] Step: 15000, LR: 5.6635e-04
[GPU 0] [02:09:37] [INFO] Train Loss: CORE: 2.56 CODE-LISP: nan PAPERS-BIOLOGY: nan PAPERS-CYBER: nan PAPERS-NUCLEAR: nan 
[GPU 0] [02:42:40] [INFO] Step: 16000, LR: 5.6635e-04
[GPU 0] [02:42:40] [INFO] Train Loss: CORE: 2.45 CODE-LISP: nan PAPERS-BIOLOGY: nan PAPERS-CYBER: nan PAPERS-NUCLEAR: nan 
[GPU 0] [03:15:43] [INFO] Step: 17000, LR: 5.6635e-04
[GPU 0] [03:15:43] [INFO] Train Loss: CORE: 2.47 CODE-LISP: nan PAPERS-BIOLOGY: nan PAPERS-CYBER: nan PAPERS-NUCLEAR: nan 
[GPU 0] [03:48:47] [INFO] Step: 18000, LR: 5.6635e-04
[GPU 0] [03:48:47] [INFO] Train Loss: CORE: 2.52 CODE-LISP: nan PAPERS-BIOLOGY: nan PAPERS-CYBER: nan PAPERS-NUCLEAR: nan 
[GPU 0] [04:21:50] [INFO] Step: 19000, LR: 5.6635e-04
[GPU 0] [04:21:50] [INFO] Train Loss: CORE: 2.50 CODE-LISP: nan PAPERS-BIOLOGY: nan PAPERS-CYBER: nan PAPERS-NUCLEAR: nan 
[GPU 0] [04:54:53] [INFO] Step: 20000, LR: 5.6635e-04
[GPU 0] [04:54:53] [INFO] Train Loss: CORE: 2.32 CODE-LISP: nan PAPERS-BIOLOGY: nan PAPERS-CYBER: nan PAPERS-NUCLEAR: nan 
[GPU 0] [05:19:38] [INFO] LR Scheduler: Group decay (step 20749)
[GPU 0] [05:27:56] [INFO] Step: 21000, LR: 5.0468e-04
[GPU 0] [05:27:56] [INFO] Train Loss: CORE: 2.32 CODE-LISP: nan PAPERS-BIOLOGY: nan PAPERS-CYBER: nan PAPERS-NUCLEAR: nan 
[GPU 0] [06:01:00] [INFO] Step: 22000, LR: 2.5898e-04
[GPU 0] [06:01:00] [INFO] Train Loss: CORE: 2.37 CODE-LISP: nan PAPERS-BIOLOGY: nan PAPERS-CYBER: nan PAPERS-NUCLEAR: nan 
[GPU 0] [06:34:03] [INFO] Step: 23000, LR: 1.3278e-05
[GPU 0] [06:34:03] [INFO] Train Loss: CORE: 2.53 CODE-LISP: nan PAPERS-BIOLOGY: nan PAPERS-CYBER: nan PAPERS-NUCLEAR: nan 
[GPU 0] [06:35:50] [INFO] LR Scheduler: Group warmup (step 23054)
[GPU 0] [06:35:50] [INFO] Batch group start, LR: 1.0000e-08, batches: 1638, epochs: 1, group_total_steps: 234
[GPU 0] [06:36:18] [INFO] LR Scheduler: Group constant (step 23059)
[GPU 0] [06:42:58] [INFO] LR Scheduler: Group decay (step 23265)
[GPU 0] [06:43:42] [INFO] LR Scheduler: Group warmup (step 23288)
[GPU 0] [06:43:42] [INFO] Batch group start, LR: 1.0000e-08, batches: 818, epochs: 1, group_total_steps: 116
[GPU 0] [06:43:46] [INFO] LR Scheduler: Group constant (step 23290)
[GPU 0] [06:47:05] [INFO] LR Scheduler: Group decay (step 23392)
[GPU 0] [06:47:28] [INFO] LR Scheduler: Group warmup (step 23404)
[GPU 0] [06:47:30] [INFO] Batch group start, LR: 1.0000e-08, batches: 818, epochs: 1, group_total_steps: 116
[GPU 0] [06:47:34] [INFO] LR Scheduler: Group constant (step 23406)
[GPU 0] [06:50:52] [INFO] LR Scheduler: Group decay (step 23508)
[GPU 0] [06:51:14] [INFO] LR Scheduler: Group warmup (step 23520)
[GPU 0] [06:51:16] [INFO] Batch group start, LR: 1.0000e-08, batches: 818, epochs: 1, group_total_steps: 116
[GPU 0] [06:51:20] [INFO] LR Scheduler: Group constant (step 23522)
[GPU 0] [06:54:39] [INFO] LR Scheduler: Group decay (step 23624)
[GPU 0] [06:55:02] [INFO] Step: 23636, LR: 1.0000e-08
[GPU 0] [06:55:02] [INFO] Train Loss: CORE: 2.30 CODE-LISP: 0.67 PAPERS-BIOLOGY: 2.37 PAPERS-CYBER: 2.63 PAPERS-NUCLEAR: 2.66 
[GPU 0] [06:55:32] [INFO] ---- Begin Eval ----
[GPU 0] [06:55:32] [INFO] Data: core | Experts: ['core']
[GPU 0] [06:56:18] [INFO] loss: 1.88160884
[GPU 0] [06:56:18] [INFO] Data: code-lisp | Experts: ['core']
[GPU 0] [06:56:25] [INFO] loss: 1.42727852
[GPU 0] [06:56:25] [INFO] Data: papers-biology | Experts: ['core']
[GPU 0] [06:56:32] [INFO] loss: 2.47118664
[GPU 0] [06:56:32] [INFO] Data: papers-nuclear | Experts: ['core']
[GPU 0] [06:56:39] [INFO] loss: 2.84605670
[GPU 0] [06:56:39] [INFO] Data: papers-cyber | Experts: ['core']
[GPU 0] [06:56:46] [INFO] loss: 2.70980287
[GPU 0] [06:56:46] [INFO] ---- Begin Eval ----
[GPU 0] [06:56:46] [INFO] Data: core | Experts: ['code-lisp', 'core']
[GPU 0] [06:57:10] [INFO] loss: 1.89609289
[GPU 0] [06:57:10] [INFO] Data: code-lisp | Experts: ['code-lisp', 'core']
[GPU 0] [06:57:18] [INFO] loss: 0.80959123
[GPU 0] [06:57:18] [INFO] Data: papers-biology | Experts: ['code-lisp', 'core']
[GPU 0] [06:57:26] [INFO] loss: 2.48428202
[GPU 0] [06:57:26] [INFO] Data: papers-nuclear | Experts: ['code-lisp', 'core']
[GPU 0] [06:57:34] [INFO] loss: 2.86147690
[GPU 0] [06:57:34] [INFO] Data: papers-cyber | Experts: ['code-lisp', 'core']
[GPU 0] [06:57:42] [INFO] loss: 2.72529769
[GPU 0] [06:57:42] [INFO] ---- Begin Eval ----
[GPU 0] [06:57:42] [INFO] Data: core | Experts: ['core', 'papers-biology']
[GPU 0] [06:58:06] [INFO] loss: 1.88739228
[GPU 0] [06:58:06] [INFO] Data: code-lisp | Experts: ['core', 'papers-biology']
[GPU 0] [06:58:14] [INFO] loss: 1.42939448
[GPU 0] [06:58:14] [INFO] Data: papers-biology | Experts: ['core', 'papers-biology']
[GPU 0] [06:58:22] [INFO] loss: 2.37587404
[GPU 0] [06:58:22] [INFO] Data: papers-nuclear | Experts: ['core', 'papers-biology']
[GPU 0] [06:58:30] [INFO] loss: 2.84125757
[GPU 0] [06:58:30] [INFO] Data: papers-cyber | Experts: ['core', 'papers-biology']
[GPU 0] [06:58:38] [INFO] loss: 2.71739221
[GPU 0] [06:58:38] [INFO] ---- Begin Eval ----
[GPU 0] [06:58:38] [INFO] Data: core | Experts: ['core', 'papers-nuclear']
[GPU 0] [06:59:02] [INFO] loss: 1.89611626
[GPU 0] [06:59:02] [INFO] Data: code-lisp | Experts: ['core', 'papers-nuclear']
[GPU 0] [06:59:10] [INFO] loss: 1.43471909
[GPU 0] [06:59:10] [INFO] Data: papers-biology | Experts: ['core', 'papers-nuclear']
[GPU 0] [06:59:18] [INFO] loss: 2.47665548
[GPU 0] [06:59:18] [INFO] Data: papers-nuclear | Experts: ['core', 'papers-nuclear']
[GPU 0] [06:59:26] [INFO] loss: 2.71130943
[GPU 0] [06:59:26] [INFO] Data: papers-cyber | Experts: ['core', 'papers-nuclear']
[GPU 0] [06:59:34] [INFO] loss: 2.72429323
[GPU 0] [06:59:34] [INFO] ---- Begin Eval ----
[GPU 0] [06:59:34] [INFO] Data: core | Experts: ['core', 'papers-cyber']
[GPU 0] [06:59:58] [INFO] loss: 1.88444245
[GPU 0] [06:59:58] [INFO] Data: code-lisp | Experts: ['core', 'papers-cyber']
[GPU 0] [07:00:05] [INFO] loss: 1.43056166
[GPU 0] [07:00:05] [INFO] Data: papers-biology | Experts: ['core', 'papers-cyber']
[GPU 0] [07:00:13] [INFO] loss: 2.47144699
[GPU 0] [07:00:13] [INFO] Data: papers-nuclear | Experts: ['core', 'papers-cyber']
[GPU 0] [07:00:22] [INFO] loss: 2.84144354
[GPU 0] [07:00:22] [INFO] Data: papers-cyber | Experts: ['core', 'papers-cyber']
[GPU 0] [07:00:30] [INFO] loss: 2.64268970
[GPU 0] [07:00:32] [INFO] ROUTED - ADVERSARIAL FT START
[GPU 0] [07:01:07] [INFO] ---- Begin FT | Experts: ['core'] | Data: ['code-lisp'] ----
[GPU 0] [07:01:07] [DEBUG] num_seq: 512, num_rounds: 200, patience: 10
[GPU 0] [07:01:07] [DEBUG] local_x: torch.Size([64, 1024]), local_y: torch.Size([64, 1024]), num_steps: 6, per_gpu: 64, mbs_size: 12
[GPU 0] [07:01:30] [INFO] New best validation loss: 1.6270 @ step 0
[GPU 0] [07:01:39] [INFO] New best validation loss: 1.3228 @ step 1
[GPU 0] [07:01:48] [INFO] New best validation loss: 1.2838 @ step 2
[GPU 0] [07:01:57] [INFO] New best validation loss: 1.2488 @ step 3
[GPU 0] [07:02:05] [INFO] New best validation loss: 1.2115 @ step 4
[GPU 0] [07:02:14] [INFO] New best validation loss: 1.1856 @ step 5
[GPU 0] [07:02:24] [INFO] New best validation loss: 1.1682 @ step 6
[GPU 0] [07:02:33] [INFO] New best validation loss: 1.1533 @ step 7
[GPU 0] [07:02:42] [INFO] New best validation loss: 1.1380 @ step 8
[GPU 0] [07:02:51] [INFO] New best validation loss: 1.1248 @ step 9
[GPU 0] [07:03:00] [INFO] New best validation loss: 1.1125 @ step 10
[GPU 0] [07:03:09] [INFO] New best validation loss: 1.1009 @ step 11
[GPU 0] [07:03:18] [INFO] New best validation loss: 1.0905 @ step 12
[GPU 0] [07:03:27] [INFO] New best validation loss: 1.0811 @ step 13
[GPU 0] [07:03:37] [INFO] New best validation loss: 1.0726 @ step 14
[GPU 0] [07:03:46] [INFO] New best validation loss: 1.0643 @ step 15
[GPU 0] [07:03:55] [INFO] New best validation loss: 1.0566 @ step 16
[GPU 0] [07:04:04] [INFO] New best validation loss: 1.0500 @ step 17
[GPU 0] [07:04:14] [INFO] New best validation loss: 1.0442 @ step 18
[GPU 0] [07:04:23] [INFO] New best validation loss: 1.0397 @ step 19
[GPU 0] [07:04:32] [INFO] New best validation loss: 1.0369 @ step 20
[GPU 0] [07:04:41] [INFO] New best validation loss: 1.0348 @ step 21
[GPU 0] [07:04:50] [INFO] New best validation loss: 1.0328 @ step 22
[GPU 0] [07:04:59] [INFO] New best validation loss: 1.0310 @ step 23
[GPU 0] [07:05:08] [INFO] New best validation loss: 1.0297 @ step 24
[GPU 0] [07:05:17] [INFO] New best validation loss: 1.0296 @ step 25
[GPU 0] [07:06:56] [INFO] Stop FT @ 37: no val improvement for 10 steps
[GPU 0] [07:06:56] [INFO] Wrote stats.jsonl entries at FT step 25 
[GPU 0] [07:07:32] [INFO] ---- Begin FT | Experts: ['core'] | Data: ['papers-biology'] ----
[GPU 0] [07:07:32] [DEBUG] num_seq: 512, num_rounds: 200, patience: 10
[GPU 0] [07:07:32] [DEBUG] local_x: torch.Size([64, 1024]), local_y: torch.Size([64, 1024]), num_steps: 6, per_gpu: 64, mbs_size: 12
[GPU 0] [07:07:41] [INFO] New best validation loss: 2.6285 @ step 0
[GPU 0] [07:07:50] [INFO] New best validation loss: 2.4812 @ step 1
[GPU 0] [07:09:28] [INFO] Stop FT @ 13: no val improvement for 10 steps
[GPU 0] [07:09:28] [INFO] Wrote stats.jsonl entries at FT step 1 
[GPU 0] [07:10:04] [INFO] ---- Begin FT | Experts: ['core'] | Data: ['papers-cyber'] ----
[GPU 0] [07:10:04] [DEBUG] num_seq: 512, num_rounds: 200, patience: 10
[GPU 0] [07:10:04] [DEBUG] local_x: torch.Size([64, 1024]), local_y: torch.Size([64, 1024]), num_steps: 6, per_gpu: 64, mbs_size: 12
[GPU 0] [07:10:13] [INFO] New best validation loss: 2.8004 @ step 0
[GPU 0] [07:10:22] [INFO] New best validation loss: 2.7290 @ step 1
[GPU 0] [07:12:01] [INFO] Stop FT @ 13: no val improvement for 10 steps
[GPU 0] [07:12:01] [INFO] Wrote stats.jsonl entries at FT step 1 
[GPU 0] [07:12:36] [INFO] ---- Begin FT | Experts: ['core'] | Data: ['papers-nuclear'] ----
[GPU 0] [07:12:36] [DEBUG] num_seq: 512, num_rounds: 200, patience: 10
[GPU 0] [07:12:36] [DEBUG] local_x: torch.Size([64, 1024]), local_y: torch.Size([64, 1024]), num_steps: 6, per_gpu: 64, mbs_size: 12
[GPU 0] [07:12:44] [INFO] New best validation loss: 3.0153 @ step 0
[GPU 0] [07:12:53] [INFO] New best validation loss: 2.8580 @ step 1
[GPU 0] [07:13:02] [INFO] New best validation loss: 2.8382 @ step 2
[GPU 0] [07:14:41] [INFO] Stop FT @ 14: no val improvement for 10 steps
[GPU 0] [07:14:41] [INFO] Wrote stats.jsonl entries at FT step 2 
[GPU 0] [07:14:41] [INFO] ROUTED - ADVERSARIAL FT START
[GPU 0] [07:15:17] [INFO] ---- Begin FT | Experts: ['code-lisp', 'core'] | Data: ['papers-biology'] ----
[GPU 0] [07:15:17] [DEBUG] num_seq: 512, num_rounds: 200, patience: 10
[GPU 0] [07:15:17] [DEBUG] local_x: torch.Size([64, 1024]), local_y: torch.Size([64, 1024]), num_steps: 6, per_gpu: 64, mbs_size: 12
[GPU 0] [07:15:26] [INFO] New best validation loss: 2.6694 @ step 0
[GPU 0] [07:15:36] [INFO] New best validation loss: 2.4968 @ step 1
[GPU 0] [07:17:34] [INFO] Stop FT @ 13: no val improvement for 10 steps
[GPU 0] [07:17:34] [INFO] Wrote stats.jsonl entries at FT step 1 
[GPU 0] [07:18:10] [INFO] ---- Begin FT | Experts: ['code-lisp', 'core'] | Data: ['papers-cyber'] ----
[GPU 0] [07:18:10] [DEBUG] num_seq: 512, num_rounds: 200, patience: 10
[GPU 0] [07:18:10] [DEBUG] local_x: torch.Size([64, 1024]), local_y: torch.Size([64, 1024]), num_steps: 6, per_gpu: 64, mbs_size: 12
[GPU 0] [07:18:20] [INFO] New best validation loss: 2.8197 @ step 0
[GPU 0] [07:18:30] [INFO] New best validation loss: 2.7520 @ step 1
[GPU 0] [07:18:40] [INFO] New best validation loss: 2.7433 @ step 2
[GPU 0] [07:18:51] [INFO] New best validation loss: 2.7422 @ step 3
[GPU 0] [07:20:48] [INFO] Stop FT @ 15: no val improvement for 10 steps
[GPU 0] [07:20:48] [INFO] Wrote stats.jsonl entries at FT step 3 
[GPU 0] [07:21:23] [INFO] ---- Begin FT | Experts: ['code-lisp', 'core'] | Data: ['papers-nuclear'] ----
[GPU 0] [07:21:23] [DEBUG] num_seq: 512, num_rounds: 200, patience: 10
[GPU 0] [07:21:23] [DEBUG] local_x: torch.Size([64, 1024]), local_y: torch.Size([64, 1024]), num_steps: 6, per_gpu: 64, mbs_size: 12
[GPU 0] [07:21:33] [INFO] New best validation loss: 3.0566 @ step 0
[GPU 0] [07:21:43] [INFO] New best validation loss: 2.8752 @ step 1
[GPU 0] [07:21:53] [INFO] New best validation loss: 2.8544 @ step 2
[GPU 0] [07:23:52] [INFO] Stop FT @ 14: no val improvement for 10 steps
[GPU 0] [07:23:52] [INFO] Wrote stats.jsonl entries at FT step 2 
[GPU 0] [07:23:52] [INFO] ROUTED - ADVERSARIAL FT START
[GPU 0] [07:24:28] [INFO] ---- Begin FT | Experts: ['core', 'papers-biology'] | Data: ['code-lisp'] ----
[GPU 0] [07:24:28] [DEBUG] num_seq: 512, num_rounds: 200, patience: 10
[GPU 0] [07:24:28] [DEBUG] local_x: torch.Size([64, 1024]), local_y: torch.Size([64, 1024]), num_steps: 6, per_gpu: 64, mbs_size: 12
[GPU 0] [07:24:37] [INFO] New best validation loss: 1.7202 @ step 0
[GPU 0] [07:24:48] [INFO] New best validation loss: 1.3441 @ step 1
[GPU 0] [07:24:58] [INFO] New best validation loss: 1.3157 @ step 2
[GPU 0] [07:25:08] [INFO] New best validation loss: 1.2749 @ step 3
[GPU 0] [07:25:18] [INFO] New best validation loss: 1.2297 @ step 4
[GPU 0] [07:25:28] [INFO] New best validation loss: 1.1986 @ step 5
[GPU 0] [07:25:39] [INFO] New best validation loss: 1.1816 @ step 6
[GPU 0] [07:25:49] [INFO] New best validation loss: 1.1669 @ step 7
[GPU 0] [07:26:00] [INFO] New best validation loss: 1.1514 @ step 8
[GPU 0] [07:26:11] [INFO] New best validation loss: 1.1374 @ step 9
[GPU 0] [07:26:22] [INFO] New best validation loss: 1.1248 @ step 10
[GPU 0] [07:26:32] [INFO] New best validation loss: 1.1115 @ step 11
[GPU 0] [07:26:42] [INFO] New best validation loss: 1.1003 @ step 12
[GPU 0] [07:26:53] [INFO] New best validation loss: 1.0901 @ step 13
[GPU 0] [07:27:04] [INFO] New best validation loss: 1.0805 @ step 14
[GPU 0] [07:27:15] [INFO] New best validation loss: 1.0717 @ step 15
[GPU 0] [07:27:26] [INFO] New best validation loss: 1.0639 @ step 16
[GPU 0] [07:27:37] [INFO] New best validation loss: 1.0571 @ step 17
[GPU 0] [07:27:48] [INFO] New best validation loss: 1.0513 @ step 18
[GPU 0] [07:27:58] [INFO] New best validation loss: 1.0461 @ step 19
[GPU 0] [07:28:09] [INFO] New best validation loss: 1.0413 @ step 20
[GPU 0] [07:28:20] [INFO] New best validation loss: 1.0373 @ step 21
[GPU 0] [07:28:31] [INFO] New best validation loss: 1.0347 @ step 22
[GPU 0] [07:28:42] [INFO] New best validation loss: 1.0330 @ step 23
[GPU 0] [07:28:53] [INFO] New best validation loss: 1.0317 @ step 24
[GPU 0] [07:29:04] [INFO] New best validation loss: 1.0304 @ step 25
[GPU 0] [07:29:15] [INFO] New best validation loss: 1.0295 @ step 26
[GPU 0] [07:29:26] [INFO] New best validation loss: 1.0293 @ step 27
[GPU 0] [07:31:26] [INFO] Stop FT @ 39: no val improvement for 10 steps
[GPU 0] [07:31:26] [INFO] Wrote stats.jsonl entries at FT step 27 
[GPU 0] [07:32:02] [INFO] ---- Begin FT | Experts: ['core', 'papers-biology'] | Data: ['papers-cyber'] ----
[GPU 0] [07:32:02] [DEBUG] num_seq: 512, num_rounds: 200, patience: 10
[GPU 0] [07:32:02] [DEBUG] local_x: torch.Size([64, 1024]), local_y: torch.Size([64, 1024]), num_steps: 6, per_gpu: 64, mbs_size: 12
[GPU 0] [07:32:12] [INFO] New best validation loss: 2.8578 @ step 0
[GPU 0] [07:32:22] [INFO] New best validation loss: 2.7494 @ step 1
[GPU 0] [07:32:32] [INFO] New best validation loss: 2.7363 @ step 2
[GPU 0] [07:32:43] [INFO] New best validation loss: 2.7358 @ step 3
[GPU 0] [07:32:53] [INFO] New best validation loss: 2.7353 @ step 4
[GPU 0] [07:33:04] [INFO] New best validation loss: 2.7344 @ step 5
[GPU 0] [07:35:03] [INFO] Stop FT @ 17: no val improvement for 10 steps
[GPU 0] [07:35:03] [INFO] Wrote stats.jsonl entries at FT step 5 
[GPU 0] [07:35:38] [INFO] ---- Begin FT | Experts: ['core', 'papers-biology'] | Data: ['papers-nuclear'] ----
[GPU 0] [07:35:38] [DEBUG] num_seq: 512, num_rounds: 200, patience: 10
[GPU 0] [07:35:38] [DEBUG] local_x: torch.Size([64, 1024]), local_y: torch.Size([64, 1024]), num_steps: 6, per_gpu: 64, mbs_size: 12
[GPU 0] [07:35:48] [INFO] New best validation loss: 2.9131 @ step 0
[GPU 0] [07:35:58] [INFO] New best validation loss: 2.8460 @ step 1
[GPU 0] [07:36:08] [INFO] New best validation loss: 2.8388 @ step 2
[GPU 0] [07:36:18] [INFO] New best validation loss: 2.8354 @ step 3
[GPU 0] [07:36:29] [INFO] New best validation loss: 2.8337 @ step 4
[GPU 0] [07:38:26] [INFO] Stop FT @ 16: no val improvement for 10 steps
[GPU 0] [07:38:26] [INFO] Wrote stats.jsonl entries at FT step 4 
[GPU 0] [07:38:26] [INFO] ROUTED - ADVERSARIAL FT START
[GPU 0] [07:39:02] [INFO] ---- Begin FT | Experts: ['core', 'papers-nuclear'] | Data: ['code-lisp'] ----
[GPU 0] [07:39:02] [DEBUG] num_seq: 512, num_rounds: 200, patience: 10
[GPU 0] [07:39:02] [DEBUG] local_x: torch.Size([64, 1024]), local_y: torch.Size([64, 1024]), num_steps: 6, per_gpu: 64, mbs_size: 12
[GPU 0] [07:39:12] [INFO] New best validation loss: 1.5721 @ step 0
[GPU 0] [07:39:22] [INFO] New best validation loss: 1.3513 @ step 1
[GPU 0] [07:39:32] [INFO] New best validation loss: 1.2878 @ step 2
[GPU 0] [07:39:42] [INFO] New best validation loss: 1.2539 @ step 3
[GPU 0] [07:39:52] [INFO] New best validation loss: 1.2181 @ step 4
[GPU 0] [07:40:03] [INFO] New best validation loss: 1.1920 @ step 5
[GPU 0] [07:40:13] [INFO] New best validation loss: 1.1739 @ step 6
[GPU 0] [07:40:23] [INFO] New best validation loss: 1.1579 @ step 7
[GPU 0] [07:40:34] [INFO] New best validation loss: 1.1434 @ step 8
[GPU 0] [07:40:44] [INFO] New best validation loss: 1.1286 @ step 9
[GPU 0] [07:40:55] [INFO] New best validation loss: 1.1144 @ step 10
[GPU 0] [07:41:05] [INFO] New best validation loss: 1.1020 @ step 11
[GPU 0] [07:41:16] [INFO] New best validation loss: 1.0913 @ step 12
[GPU 0] [07:41:26] [INFO] New best validation loss: 1.0816 @ step 13
[GPU 0] [07:41:37] [INFO] New best validation loss: 1.0730 @ step 14
[GPU 0] [07:41:48] [INFO] New best validation loss: 1.0650 @ step 15
[GPU 0] [07:41:59] [INFO] New best validation loss: 1.0574 @ step 16
[GPU 0] [07:42:09] [INFO] New best validation loss: 1.0505 @ step 17
[GPU 0] [07:42:20] [INFO] New best validation loss: 1.0450 @ step 18
[GPU 0] [07:42:31] [INFO] New best validation loss: 1.0404 @ step 19
[GPU 0] [07:42:41] [INFO] New best validation loss: 1.0368 @ step 20
[GPU 0] [07:42:52] [INFO] New best validation loss: 1.0347 @ step 21
[GPU 0] [07:43:02] [INFO] New best validation loss: 1.0323 @ step 22
[GPU 0] [07:43:13] [INFO] New best validation loss: 1.0302 @ step 23
[GPU 0] [07:43:24] [INFO] New best validation loss: 1.0288 @ step 24
[GPU 0] [07:43:34] [INFO] New best validation loss: 1.0286 @ step 25
[GPU 0] [07:45:32] [INFO] Stop FT @ 37: no val improvement for 10 steps
[GPU 0] [07:45:32] [INFO] Wrote stats.jsonl entries at FT step 25 
[GPU 0] [07:46:08] [INFO] ---- Begin FT | Experts: ['core', 'papers-nuclear'] | Data: ['papers-biology'] ----
[GPU 0] [07:46:08] [DEBUG] num_seq: 512, num_rounds: 200, patience: 10
[GPU 0] [07:46:08] [DEBUG] local_x: torch.Size([64, 1024]), local_y: torch.Size([64, 1024]), num_steps: 6, per_gpu: 64, mbs_size: 12
[GPU 0] [07:46:18] [INFO] New best validation loss: 2.6978 @ step 0
[GPU 0] [07:46:28] [INFO] New best validation loss: 2.5061 @ step 1
[GPU 0] [07:46:38] [INFO] New best validation loss: 2.5038 @ step 2
[GPU 0] [07:46:49] [INFO] New best validation loss: 2.5035 @ step 3
[GPU 0] [07:46:59] [INFO] New best validation loss: 2.4988 @ step 4
[GPU 0] [07:47:09] [INFO] New best validation loss: 2.4963 @ step 5
[GPU 0] [07:49:05] [INFO] Stop FT @ 17: no val improvement for 10 steps
[GPU 0] [07:49:05] [INFO] Wrote stats.jsonl entries at FT step 5 
[GPU 0] [07:49:41] [INFO] ---- Begin FT | Experts: ['core', 'papers-nuclear'] | Data: ['papers-cyber'] ----
[GPU 0] [07:49:41] [DEBUG] num_seq: 512, num_rounds: 200, patience: 10
[GPU 0] [07:49:41] [DEBUG] local_x: torch.Size([64, 1024]), local_y: torch.Size([64, 1024]), num_steps: 6, per_gpu: 64, mbs_size: 12
[GPU 0] [07:49:50] [INFO] New best validation loss: 2.8986 @ step 0
[GPU 0] [07:50:01] [INFO] New best validation loss: 2.7691 @ step 1
[GPU 0] [07:50:11] [INFO] New best validation loss: 2.7470 @ step 2
[GPU 0] [07:50:21] [INFO] New best validation loss: 2.7394 @ step 3
[GPU 0] [07:50:31] [INFO] New best validation loss: 2.7386 @ step 4
[GPU 0] [07:50:42] [INFO] New best validation loss: 2.7383 @ step 5
[GPU 0] [07:52:38] [INFO] Stop FT @ 17: no val improvement for 10 steps
[GPU 0] [07:52:38] [INFO] Wrote stats.jsonl entries at FT step 5 
[GPU 0] [07:52:38] [INFO] ROUTED - ADVERSARIAL FT START
[GPU 0] [07:53:14] [INFO] ---- Begin FT | Experts: ['core', 'papers-cyber'] | Data: ['code-lisp'] ----
[GPU 0] [07:53:14] [DEBUG] num_seq: 512, num_rounds: 200, patience: 10
[GPU 0] [07:53:14] [DEBUG] local_x: torch.Size([64, 1024]), local_y: torch.Size([64, 1024]), num_steps: 6, per_gpu: 64, mbs_size: 12
[GPU 0] [07:53:24] [INFO] New best validation loss: 1.7455 @ step 0
[GPU 0] [07:53:34] [INFO] New best validation loss: 1.3459 @ step 1
[GPU 0] [07:53:44] [INFO] New best validation loss: 1.3070 @ step 2
[GPU 0] [07:53:54] [INFO] New best validation loss: 1.2785 @ step 3
[GPU 0] [07:54:04] [INFO] New best validation loss: 1.2325 @ step 4
[GPU 0] [07:54:15] [INFO] New best validation loss: 1.2003 @ step 5
[GPU 0] [07:54:26] [INFO] New best validation loss: 1.1828 @ step 6
[GPU 0] [07:54:37] [INFO] New best validation loss: 1.1660 @ step 7
[GPU 0] [07:54:48] [INFO] New best validation loss: 1.1502 @ step 8
[GPU 0] [07:54:58] [INFO] New best validation loss: 1.1370 @ step 9
[GPU 0] [07:55:09] [INFO] New best validation loss: 1.1244 @ step 10
[GPU 0] [07:55:20] [INFO] New best validation loss: 1.1117 @ step 11
[GPU 0] [07:55:31] [INFO] New best validation loss: 1.1007 @ step 12
[GPU 0] [07:55:42] [INFO] New best validation loss: 1.0904 @ step 13
[GPU 0] [07:55:53] [INFO] New best validation loss: 1.0810 @ step 14
[GPU 0] [07:56:04] [INFO] New best validation loss: 1.0723 @ step 15
[GPU 0] [07:56:15] [INFO] New best validation loss: 1.0643 @ step 16
[GPU 0] [07:56:26] [INFO] New best validation loss: 1.0574 @ step 17
[GPU 0] [07:56:37] [INFO] New best validation loss: 1.0511 @ step 18
[GPU 0] [07:56:48] [INFO] New best validation loss: 1.0455 @ step 19
[GPU 0] [07:56:59] [INFO] New best validation loss: 1.0410 @ step 20
[GPU 0] [07:57:09] [INFO] New best validation loss: 1.0375 @ step 21
[GPU 0] [07:57:20] [INFO] New best validation loss: 1.0351 @ step 22
[GPU 0] [07:57:32] [INFO] New best validation loss: 1.0333 @ step 23
[GPU 0] [07:57:43] [INFO] New best validation loss: 1.0317 @ step 24
[GPU 0] [07:57:54] [INFO] New best validation loss: 1.0305 @ step 25
[GPU 0] [07:58:05] [INFO] New best validation loss: 1.0304 @ step 26
[GPU 0] [08:00:05] [INFO] Stop FT @ 38: no val improvement for 10 steps
[GPU 0] [08:00:05] [INFO] Wrote stats.jsonl entries at FT step 26 
[GPU 0] [08:00:40] [INFO] ---- Begin FT | Experts: ['core', 'papers-cyber'] | Data: ['papers-biology'] ----
[GPU 0] [08:00:40] [DEBUG] num_seq: 512, num_rounds: 200, patience: 10
[GPU 0] [08:00:40] [DEBUG] local_x: torch.Size([64, 1024]), local_y: torch.Size([64, 1024]), num_steps: 6, per_gpu: 64, mbs_size: 12
[GPU 0] [08:00:50] [INFO] New best validation loss: 2.6343 @ step 0
[GPU 0] [08:01:00] [INFO] New best validation loss: 2.4916 @ step 1
[GPU 0] [08:01:53] [INFO] New best validation loss: 2.4902 @ step 6
[GPU 0] [08:03:53] [INFO] Stop FT @ 18: no val improvement for 10 steps
[GPU 0] [08:03:53] [INFO] Wrote stats.jsonl entries at FT step 6 
[GPU 0] [08:04:27] [INFO] ---- Begin FT | Experts: ['core', 'papers-cyber'] | Data: ['papers-nuclear'] ----
[GPU 0] [08:04:27] [DEBUG] num_seq: 512, num_rounds: 200, patience: 10
[GPU 0] [08:04:27] [DEBUG] local_x: torch.Size([64, 1024]), local_y: torch.Size([64, 1024]), num_steps: 6, per_gpu: 64, mbs_size: 12
[GPU 0] [08:04:37] [INFO] New best validation loss: 2.9816 @ step 0
[GPU 0] [08:04:47] [INFO] New best validation loss: 2.8549 @ step 1
[GPU 0] [08:04:58] [INFO] New best validation loss: 2.8406 @ step 2
[GPU 0] [08:06:56] [INFO] Stop FT @ 14: no val improvement for 10 steps
[GPU 0] [08:06:56] [INFO] Wrote stats.jsonl entries at FT step 2 
[GPU 0] [08:06:57] [INFO] ----------------------------------------
[GPU 0] [08:06:57] [INFO] Finished. See /workspace-vast/ethanr/gradient-routing/experiments/AGI-1699-New-Dataset-Runs/results/scaling/realistic/lora/800M/seed_3/20260518174946809690
