[GPU 0] [07:30:01] [INFO] Number of GPUs: 8
[GPU 0] [07:30:02] [INFO] Tokenizer vocabulary: 50257
[GPU 0] [07:30:02] [INFO] Set model vocab size to nearest multiple of 64 of tokenizer size: 50304
[GPU 0] [07:30:03] [INFO] target effective batch size: 64, actual effective batch size: 64, micro batch size: 8, accumulation steps: 1, num gpus: 8
[GPU 0] [07:30:03] [INFO] core total number of tokens: 124693822984
[GPU 0] [07:30:03] [INFO] Baseline model has 47,995,776 parameters
[GPU 0] [07:30:03] [INFO] core: chinchilla optimal tokens: 959,915,520, requested proportion: 1.0000, requested number of tokens: 959,915,520.0, 
[GPU 0] [07:30:03] [INFO] aux total number of tokens: 4835776549
[GPU 0] [07:30:03] [INFO] Baseline model has 47,995,776 parameters
[GPU 0] [07:30:03] [INFO] aux: chinchilla optimal tokens: 959,915,520, requested proportion: 0.0100, requested number of tokens: 9,599,155.200000001, 
[GPU 0] [07:30:03] [DEBUG] Saved config to /workspace/gradient-routing/experiments/AGI-1699-New-Dataset-Runs/results/optimize/base/realistic/50M/seed_2/20260421072952607571/config.json
[GPU 0] [07:30:03] [DEBUG] {
    "stages": [
        {
            "name": "baseline",
            "num_checkpoints": -1,
            "lr": 0.0016,
            "res_dir": "/workspace/gradient-routing/experiments/AGI-1699-New-Dataset-Runs/results/optimize/base/realistic/50M/seed_2/20260421072952607571/baseline",
            "do_eval": true,
            "do_sample": false,
            "num_train_evals": 0,
            "do_elicit": false,
            "elicit_eval_prc": 0.5,
            "elicit_num_evals": 100
        }
    ],
    "model": {
        "arch": "base",
        "tokenizer": "GPT2Tokenizer(name_or_path='EleutherAI/gpt-neo-125M', vocab_size=50257, model_max_length=2048, padding_side='right', truncation_side='right', special_tokens={'bos_token': '<|endoftext|>', 'eos_token': '<|endoftext|>', 'unk_token': '<|endoftext|>'}, added_tokens_decoder={\n\t50256: AddedToken(\"<|endoftext|>\", rstrip=False, lstrip=False, single_word=False, normalized=True, special=True),\n}\n)",
        "ctx_len": 1024,
        "vocab_size": 50304,
        "num_layers": 6,
        "num_heads": 8,
        "num_key_value": 2,
        "attn_bias": true,
        "eos_token_id": 50256,
        "embed_dim": 384,
        "mlp_dim": 1536
    },
    "data": {
        "dirs": [
            "/workspace/gradient-routing/experiments/AGI-1699-New-Dataset-Runs/src/data/fineweb",
            "/workspace/gradient-routing/experiments/AGI-1699-New-Dataset-Runs/src/data/code",
            "/workspace/gradient-routing/experiments/AGI-1699-New-Dataset-Runs/src/data/papers"
        ],
        "core": {
            "labels": [
                "fineweb",
                "code-other",
                "papers-other"
            ],
            "method": "optimal",
            "limit": 1.0,
            "dist": {
                "fineweb": 0.84,
                "code-other": 0.15,
                "papers-other": 0.01
            },
            "num_tok": 959915520.0
        },
        "aux": {
            "labels": [
                "code-lisp",
                "papers-biology",
                "papers-nuclear",
                "papers-cyber"
            ],
            "method": "optimal",
            "limit": 0.01,
            "dist": {
                "code-lisp": 0.25,
                "papers-biology": 0.25,
                "papers-nuclear": 0.25,
                "papers-cyber": 0.25
            },
            "num_tok": 9599155.200000001
        }
    },
    "run": {
        "target_effective_batch_size": 64,
        "effective_batch_size": 64,
        "micro_batch_size": 8,
        "accumulation_steps": 1,
        "max_num_test_sequences": 10000,
        "eval_all_labels": false,
        "micro_batch_anchors": [
            [
                400000000.0,
                23
            ],
            [
                5000000000.0,
                2
            ]
        ],
        "epochs": 1,
        "adam_betas": [
            0.9,
            0.95
        ],
        "warmup_prc": 0.02,
        "decay_prc": 0.1,
        "seed": 2,
        "compile": true,
        "is_ddp": true,
        "optimize_routed": true,
        "cleanup_distributed": false,
        "log_level": "DEBUG",
        "num_gpus": 8,
        "process_id": 0,
        "num_base_params": 47995776,
        "device": "cuda",
        "logger": "<Logger training_20260421072952607571 (DEBUG)>",
        "labels": [
            "core",
            "code-lisp",
            "papers-biology",
            "papers-cyber",
            "papers-nuclear"
        ],
        "loaders": {
            "code-lisp": {
                "train": "SingleDataLoader(code-lisp_train_001.bin, len=36)",
                "test": "SingleDataLoader(code-lisp_test_001.bin, len=36)"
            },
            "code-other": {
                "train": "SingleDataLoader(code-other_train_003.bin, len=2197)",
                "test": "InterleavedDataLoader(len=157)"
            },
            "fineweb": {
                "train": "InterleavedDataLoader(len=12303)",
                "test": "InterleavedDataLoader(len=157)"
            },
            "papers-biology": {
                "train": "SingleDataLoader(papers-biology_train.bin, len=36)",
                "test": "SingleDataLoader(papers-biology_test.bin, len=36)"
            },
            "papers-cyber": {
                "train": "SingleDataLoader(papers-cyber_train.bin, len=36)",
                "test": "SingleDataLoader(papers-cyber_test.bin, len=36)"
            },
            "papers-nuclear": {
                "train": "SingleDataLoader(papers-nuclear_train.bin, len=36)",
                "test": "SingleDataLoader(papers-nuclear_test.bin, len=36)"
            },
            "papers-other": {
                "train": "SingleDataLoader(papers-other_train.bin, len=146)",
                "test": "SingleDataLoader(papers-other_test.bin, len=146)"
            },
            "core": {
                "train": "InterleavedDataLoader(len=14646)",
                "test": "InterleavedDataLoader(len=460)"
            },
            "aux": {
                "train": "InterleavedDataLoader(len=144)",
                "test": "InterleavedDataLoader(len=144)"
            },
            "all": {
                "train": "InterleavedDataLoader(len=14790)",
                "test": "InterleavedDataLoader(len=604)"
            }
        },
        "res_root": "/workspace/gradient-routing/experiments/AGI-1699-New-Dataset-Runs/results/optimize/base/realistic/50M/seed_2",
        "experiment_id": "20260421072952607571",
        "s3_bucket": "ae-gradient-routing-results",
        "s3_prefix": "optimize/base/realistic/50M/seed_2"
    }
}
[GPU 0] [07:30:03] [INFO] Loader code-lisp train: 36, test: 36
[GPU 0] [07:30:03] [INFO] Loader code-other train: 2197, test: 157
[GPU 0] [07:30:03] [INFO] Loader fineweb train: 12303, test: 157
[GPU 0] [07:30:03] [INFO] Loader papers-biology train: 36, test: 36
[GPU 0] [07:30:03] [INFO] Loader papers-cyber train: 36, test: 36
[GPU 0] [07:30:03] [INFO] Loader papers-nuclear train: 36, test: 36
[GPU 0] [07:30:03] [INFO] Loader papers-other train: 146, test: 146
[GPU 0] [07:30:03] [INFO] Loader core train: 14646, test: 460
[GPU 0] [07:30:03] [INFO] Loader aux train: 144, test: 144
[GPU 0] [07:30:03] [INFO] Loader all train: 14790, test: 604
[GPU 0] [07:30:03] [INFO] Stage [baseline] start: {"name": "baseline", "num_checkpoints": -1, "lr": 0.0016, "res_dir": "/workspace/gradient-routing/experiments/AGI-1699-New-Dataset-Runs/results/optimize/base/realistic/50M/seed_2/20260421072952607571/baseline", "do_eval": true, "do_sample": false, "num_train_evals": 0, "do_elicit": false, "elicit_eval_prc": 0.5, "elicit_num_evals": 100}
[GPU 0] [07:30:03] [INFO] BASELINE START
[GPU 0] [07:30:03] [INFO] Initialized BaseTransformer with 47,995,776 total parameters
[GPU 0] [07:30:03] [INFO] Compiling BaseTransformer with torch.compile...
[GPU 0] [07:30:04] [INFO] torch.compile done
[GPU 0] [07:30:04] [WARNING] restore_partial_state: no checkpoint found at /workspace/gradient-routing/experiments/AGI-1699-New-Dataset-Runs/results/optimize/base/realistic/50M/seed_2/20260421072952607571/baseline
[GPU 0] [07:30:04] [INFO] ---- Begin Train | Data Labels: ['all'] ----
[GPU 0] [07:30:04] [INFO] warmup_steps: 296
[GPU 0] [07:30:04] [INFO] constant_steps: 13015
[GPU 0] [07:30:04] [INFO] decay_steps: 1479
[GPU 0] [07:30:04] [INFO] LR Scheduler: Warmup Start
[GPU 0] [07:30:32] [INFO] Step: 1, LR: 5.42e-06
[GPU 0] [07:30:32] [INFO] Train Loss: CORE: 10.94 CODE-LISP: nan PAPERS-BIOLOGY: nan PAPERS-CYBER: nan PAPERS-NUCLEAR: nan 
[GPU 0] [07:30:37] [INFO] LR Scheduler: Constant Start
[GPU 0] [07:30:50] [INFO] Step: 1000, LR: 1.60e-03
[GPU 0] [07:30:50] [INFO] Train Loss: CORE: 4.91 CODE-LISP: 5.64 PAPERS-BIOLOGY: 6.20 PAPERS-CYBER: nan PAPERS-NUCLEAR: 5.75 
[GPU 0] [07:31:08] [INFO] Step: 2000, LR: 1.60e-03
[GPU 0] [07:31:08] [INFO] Train Loss: CORE: 3.79 CODE-LISP: 4.71 PAPERS-BIOLOGY: 5.99 PAPERS-CYBER: 4.70 PAPERS-NUCLEAR: 5.47 
[GPU 0] [07:31:25] [INFO] Step: 3000, LR: 1.60e-03
[GPU 0] [07:31:25] [INFO] Train Loss: CORE: 3.95 CODE-LISP: 3.86 PAPERS-BIOLOGY: 5.77 PAPERS-CYBER: 4.44 PAPERS-NUCLEAR: 5.47 
[GPU 0] [07:31:43] [INFO] Step: 4000, LR: 1.60e-03
[GPU 0] [07:31:43] [INFO] Train Loss: CORE: 3.47 CODE-LISP: 3.21 PAPERS-BIOLOGY: 5.77 PAPERS-CYBER: 4.31 PAPERS-NUCLEAR: 5.47 
[GPU 0] [07:32:01] [INFO] Step: 5000, LR: 1.60e-03
[GPU 0] [07:32:01] [INFO] Train Loss: CORE: 3.44 CODE-LISP: 2.28 PAPERS-BIOLOGY: 5.54 PAPERS-CYBER: 4.14 PAPERS-NUCLEAR: 5.04 
[GPU 0] [07:32:19] [INFO] Step: 6000, LR: 1.60e-03
[GPU 0] [07:32:19] [INFO] Train Loss: CORE: 3.39 CODE-LISP: 2.02 PAPERS-BIOLOGY: 5.38 PAPERS-CYBER: 4.14 PAPERS-NUCLEAR: 4.66 
[GPU 0] [07:32:36] [INFO] Step: 7000, LR: 1.60e-03
[GPU 0] [07:32:36] [INFO] Train Loss: CORE: 3.96 CODE-LISP: 1.96 PAPERS-BIOLOGY: 4.15 PAPERS-CYBER: 4.15 PAPERS-NUCLEAR: 4.26 
[GPU 0] [07:32:54] [INFO] Step: 8000, LR: 1.60e-03
[GPU 0] [07:32:54] [INFO] Train Loss: CORE: 4.04 CODE-LISP: 1.87 PAPERS-BIOLOGY: 3.72 PAPERS-CYBER: 4.16 PAPERS-NUCLEAR: 4.01 
[GPU 0] [07:33:12] [INFO] Step: 9000, LR: 1.60e-03
[GPU 0] [07:33:12] [INFO] Train Loss: CORE: 3.66 CODE-LISP: 1.79 PAPERS-BIOLOGY: 3.72 PAPERS-CYBER: 4.02 PAPERS-NUCLEAR: 3.87 
[GPU 0] [07:33:30] [INFO] Step: 10000, LR: 1.60e-03
[GPU 0] [07:33:30] [INFO] Train Loss: CORE: 3.57 CODE-LISP: 1.76 PAPERS-BIOLOGY: 3.72 PAPERS-CYBER: 4.00 PAPERS-NUCLEAR: 3.82 
[GPU 0] [07:33:47] [INFO] Step: 11000, LR: 1.60e-03
[GPU 0] [07:33:47] [INFO] Train Loss: CORE: 3.66 CODE-LISP: 1.83 PAPERS-BIOLOGY: 3.72 PAPERS-CYBER: 3.90 PAPERS-NUCLEAR: 3.87 
[GPU 0] [07:34:05] [INFO] Step: 12000, LR: 1.60e-03
[GPU 0] [07:34:05] [INFO] Train Loss: CORE: 3.60 CODE-LISP: 1.66 PAPERS-BIOLOGY: 3.68 PAPERS-CYBER: 3.89 PAPERS-NUCLEAR: 3.84 
[GPU 0] [07:34:23] [INFO] Step: 13000, LR: 1.60e-03
[GPU 0] [07:34:23] [INFO] Train Loss: CORE: 3.28 CODE-LISP: 1.68 PAPERS-BIOLOGY: 3.65 PAPERS-CYBER: 3.87 PAPERS-NUCLEAR: 3.84 
[GPU 0] [07:34:28] [INFO] LR Scheduler: Decay Start
[GPU 0] [07:34:41] [INFO] Step: 14000, LR: 8.55e-04
[GPU 0] [07:34:41] [INFO] Train Loss: CORE: 3.23 CODE-LISP: 1.63 PAPERS-BIOLOGY: 3.57 PAPERS-CYBER: 3.86 PAPERS-NUCLEAR: 3.81 
[GPU 0] [07:34:55] [INFO] Step: 14790, LR: 1.00e-08
[GPU 0] [07:34:55] [INFO] Train Loss: CORE: 3.45 CODE-LISP: 1.64 PAPERS-BIOLOGY: 3.55 PAPERS-CYBER: 3.79 PAPERS-NUCLEAR: 3.73 
[GPU 0] [07:34:55] [INFO] ---- Begin Eval ----
[GPU 0] [07:34:55] [INFO] Data: core | Experts: None
[GPU 0] [07:35:08] [INFO] loss: 2.72981596
[GPU 0] [07:35:08] [INFO] Data: code-lisp | Experts: None
[GPU 0] [07:35:08] [INFO] loss: 1.63108993
[GPU 0] [07:35:08] [INFO] Data: papers-biology | Experts: None
[GPU 0] [07:35:08] [INFO] loss: 3.42420793
[GPU 0] [07:35:08] [INFO] Data: papers-nuclear | Experts: None
[GPU 0] [07:35:09] [INFO] loss: 3.62076855
[GPU 0] [07:35:09] [INFO] Data: papers-cyber | Experts: None
[GPU 0] [07:35:09] [INFO] loss: 3.70952678
[GPU 0] [07:35:14] [INFO] ----------------------------------------
[GPU 0] [07:35:14] [INFO] Finished. See /workspace/gradient-routing/experiments/AGI-1699-New-Dataset-Runs/results/optimize/base/realistic/50M/seed_2/20260421072952607571
