[GPU 0] [16:05:18] [INFO] Git branch: AGI-1696-New-Dataset-Runs_ethan, commit: 4155db9e33feaabc5b141a5a03d10b08e299ec88
[GPU 0] [16:05:18] [INFO] Number of GPUs: 8
[GPU 0] [16:05:20] [INFO] Tokenizer vocabulary: 50257
[GPU 0] [16:05:20] [INFO] Set model vocab size to nearest multiple of 64 of tokenizer size: 50304
[GPU 0] [16:05:32] [INFO] target effective batch size: 641, actual effective batch size: 672, micro batch size: 12, accumulation steps: 7, num gpus: 8
[GPU 0] [16:05:32] [INFO] core total number of tokens: 66749057569
[GPU 0] [16:05:32] [INFO] Baseline model has 806,509,504 parameters
[GPU 0] [16:05:32] [INFO] core: chinchilla optimal tokens: 16,130,190,080, requested proportion: 1.0000, requested number of tokens: 16,130,190,080.0, 
[GPU 0] [16:05:32] [INFO] aux total number of tokens: 4835776549
[GPU 0] [16:05:32] [INFO] Baseline model has 806,509,504 parameters
[GPU 0] [16:05:32] [INFO] aux: chinchilla optimal tokens: 16,130,190,080, requested proportion: 0.0100, requested number of tokens: 161,301,900.8, 
[GPU 0] [16:05:32] [DEBUG] Saved config to /workspace-vast/ethanr/gradient-routing/experiments/AGI-1699-New-Dataset-Runs/results/scaling/realistic/filtering/800M/seed_2/20260518160500723865/config.json
[GPU 0] [16:05:32] [DEBUG] {
    "stages": [
        {
            "name": "filtering",
            "num_checkpoints": -1,
            "lr": 0.0005663534909876918,
            "res_dir": "/workspace-vast/ethanr/gradient-routing/experiments/AGI-1699-New-Dataset-Runs/results/scaling/realistic/filtering/800M/seed_2/20260518160500723865/filtering",
            "acc_mode": "uniform",
            "do_eval": true,
            "do_sample": false,
            "num_train_evals": 0,
            "do_elicit": true,
            "elicit_eval_prc": 0.5,
            "elicit_num_evals": 100,
            "retain_targets": [
                [
                    "core",
                    "papers-nuclear"
                ]
            ],
            "label_prc": 1.0
        }
    ],
    "model": {
        "arch": "base",
        "tokenizer": "GPT2Tokenizer(name_or_path='EleutherAI/gpt-neo-125M', vocab_size=50257, model_max_length=2048, padding_side='right', truncation_side='right', special_tokens={'bos_token': '<|endoftext|>', 'eos_token': '<|endoftext|>', 'unk_token': '<|endoftext|>'}, added_tokens_decoder={\n\t50256: AddedToken(\"<|endoftext|>\", rstrip=False, lstrip=False, single_word=False, normalized=True, special=True),\n}\n)",
        "ctx_len": 1024,
        "vocab_size": 50304,
        "num_layers": 24,
        "num_heads": 8,
        "num_key_value": 2,
        "attn_bias": true,
        "eos_token_id": 50256,
        "embed_dim": 1600,
        "mlp_dim": 6400
    },
    "data": {
        "dirs": [
            "/workspace-vast/ethanr/gradient-routing/experiments/AGI-1699-New-Dataset-Runs/src/data/fineweb",
            "/workspace-vast/ethanr/gradient-routing/experiments/AGI-1699-New-Dataset-Runs/src/data/code",
            "/workspace-vast/ethanr/gradient-routing/experiments/AGI-1699-New-Dataset-Runs/src/data/papers"
        ],
        "core": {
            "labels": [
                "fineweb",
                "code-other",
                "papers-other"
            ],
            "method": "optimal",
            "limit": 1.0,
            "dist": {
                "fineweb": 0.84,
                "code-other": 0.15,
                "papers-other": 0.01
            },
            "num_tok": 16130190080.0
        },
        "aux": {
            "labels": [
                "code-lisp",
                "papers-biology",
                "papers-nuclear",
                "papers-cyber"
            ],
            "method": "optimal",
            "limit": 0.01,
            "dist": {
                "code-lisp": 0.25,
                "papers-biology": 0.25,
                "papers-nuclear": 0.25,
                "papers-cyber": 0.25
            },
            "num_tok": 161301900.8
        }
    },
    "run": {
        "target_effective_batch_size": 641,
        "effective_batch_size": 672,
        "micro_batch_size": 12,
        "accumulation_steps": 7,
        "max_num_test_sequences": 10000,
        "eval_all_labels": false,
        "micro_batch_anchors": [
            [
                400000000.0,
                23
            ],
            [
                5000000000.0,
                2
            ]
        ],
        "epochs": 1,
        "adam_betas": [
            0.9,
            0.95
        ],
        "warmup_prc": 0.02,
        "decay_prc": 0.1,
        "seed": 2,
        "compile": true,
        "find_unused_parameters": true,
        "is_ddp": true,
        "cleanup_distributed": false,
        "log_level": "DEBUG",
        "num_gpus": 8,
        "process_id": 0,
        "num_base_params": 806509504,
        "device": "cuda",
        "logger": "<Logger training_20260518160500723865 (DEBUG)>",
        "labels": [
            "core",
            "code-lisp",
            "papers-biology",
            "papers-cyber",
            "papers-nuclear"
        ],
        "loaders": {
            "code-lisp": {
                "train": "SingleDataLoader(code-lisp_train_001.bin, len=410)",
                "test": "InterleavedDataLoader(len=105)"
            },
            "code-other": {
                "train": "InterleavedDataLoader(len=24612)",
                "test": "InterleavedDataLoader(len=105)"
            },
            "fineweb": {
                "train": "InterleavedDataLoader(len=137831)",
                "test": "InterleavedDataLoader(len=105)"
            },
            "papers-biology": {
                "train": "SingleDataLoader(papers-biology_train.bin, len=410)",
                "test": "SingleDataLoader(papers-biology_test.bin, len=105)"
            },
            "papers-cyber": {
                "train": "SingleDataLoader(papers-cyber_train.bin, len=410)",
                "test": "SingleDataLoader(papers-cyber_test.bin, len=105)"
            },
            "papers-nuclear": {
                "train": "SingleDataLoader(papers-nuclear_train.bin, len=410)",
                "test": "SingleDataLoader(papers-nuclear_test.bin, len=105)"
            },
            "papers-other": {
                "train": "SingleDataLoader(papers-other_train.bin, len=1640)",
                "test": "SingleDataLoader(papers-other_test.bin, len=105)"
            },
            "core": {
                "train": "InterleavedDataLoader(len=164083)",
                "test": "InterleavedDataLoader(len=315)"
            },
            "aux": {
                "train": "InterleavedDataLoader(len=1640)",
                "test": "InterleavedDataLoader(len=420)"
            },
            "all": {
                "train": "InterleavedDataLoader(len=165723)",
                "test": "InterleavedDataLoader(len=735)"
            }
        },
        "res_root": "/workspace-vast/ethanr/gradient-routing/experiments/AGI-1699-New-Dataset-Runs/results/scaling/realistic/filtering/800M/seed_2",
        "experiment_id": "20260518160500723865",
        "s3_bucket": "ae-gradient-routing-results",
        "s3_prefix": "scaling/realistic/filtering/800M/seed_2"
    },
    "label_prc": 1.0
}
[GPU 0] [16:05:32] [INFO] Loader code-lisp train: 410, test: 105
[GPU 0] [16:05:32] [INFO] Loader code-other train: 24612, test: 105
[GPU 0] [16:05:32] [INFO] Loader fineweb train: 137831, test: 105
[GPU 0] [16:05:32] [INFO] Loader papers-biology train: 410, test: 105
[GPU 0] [16:05:32] [INFO] Loader papers-cyber train: 410, test: 105
[GPU 0] [16:05:32] [INFO] Loader papers-nuclear train: 410, test: 105
[GPU 0] [16:05:32] [INFO] Loader papers-other train: 1640, test: 105
[GPU 0] [16:05:32] [INFO] Loader core train: 164083, test: 315
[GPU 0] [16:05:32] [INFO] Loader aux train: 1640, test: 420
[GPU 0] [16:05:32] [INFO] Loader all train: 165723, test: 735
[GPU 0] [16:05:32] [INFO] Stage [filtering] start: {"name": "filtering", "num_checkpoints": -1, "lr": 0.0005663534909876918, "res_dir": "/workspace-vast/ethanr/gradient-routing/experiments/AGI-1699-New-Dataset-Runs/results/scaling/realistic/filtering/800M/seed_2/20260518160500723865/filtering", "acc_mode": "uniform", "do_eval": true, "do_sample": false, "num_train_evals": 0, "do_elicit": true, "elicit_eval_prc": 0.5, "elicit_num_evals": 100, "retain_targets": [["core", "papers-nuclear"]], "label_prc": 1.0}
[GPU 0] [16:05:32] [INFO] FILTERING START
[GPU 0] [16:05:32] [INFO] Using stage-level retain_targets override (1 targets)
[GPU 0] [16:05:32] [INFO] Filtering: retaining ['core', 'papers-nuclear'], removing ['code-lisp', 'papers-biology', 'papers-cyber']
[GPU 0] [16:05:54] [INFO] Initialized BaseTransformer with 806,509,504 total parameters
[GPU 0] [16:05:54] [INFO] Compiling BaseTransformer with torch.compile...
[GPU 0] [16:05:57] [INFO] torch.compile done
[GPU 0] [16:05:59] [WARNING] restore_partial_state: no checkpoint found at /workspace-vast/ethanr/gradient-routing/experiments/AGI-1699-New-Dataset-Runs/results/scaling/realistic/filtering/800M/seed_2/20260518160500723865/filtering/core_papers-nuclear
[GPU 0] [16:05:59] [INFO] ---- Begin Train | Train Labels: ['core', 'papers-nuclear'] ----
[GPU 0] [16:05:59] [DEBUG] acc_mode: uniform, label_prc: 1.0
[GPU 0] [16:06:00] [INFO] Batch [core] count: 164080
[GPU 0] [16:06:00] [INFO] Batch [papers-nuclear] count: 406
[GPU 0] [16:06:00] [INFO] warmup_steps: 470
[GPU 0] [16:06:00] [INFO] constant_steps: 20678
[GPU 0] [16:06:00] [INFO] decay_steps: 2350
[GPU 0] [16:06:00] [INFO] LR Scheduler: Warmup Start
[GPU 0] [16:06:52] [INFO] Step: 1, LR: 1.21e-06
[GPU 0] [16:06:52] [INFO] Train Loss: CORE: 11.08 CODE-LISP: nan PAPERS-BIOLOGY: nan PAPERS-CYBER: nan PAPERS-NUCLEAR: nan 
[GPU 0] [16:22:17] [INFO] LR Scheduler: Constant Start
[GPU 0] [16:39:06] [INFO] Step: 1000, LR: 5.66e-04
[GPU 0] [16:39:06] [INFO] Train Loss: CORE: 2.89 CODE-LISP: nan PAPERS-BIOLOGY: nan PAPERS-CYBER: nan PAPERS-NUCLEAR: 3.89 
[GPU 0] [17:10:26] [INFO] Step: 2000, LR: 5.66e-04
[GPU 0] [17:10:26] [INFO] Train Loss: CORE: 3.25 CODE-LISP: nan PAPERS-BIOLOGY: nan PAPERS-CYBER: nan PAPERS-NUCLEAR: 3.58 
[GPU 0] [17:41:38] [INFO] Step: 3000, LR: 5.66e-04
[GPU 0] [17:41:38] [INFO] Train Loss: CORE: 2.44 CODE-LISP: nan PAPERS-BIOLOGY: nan PAPERS-CYBER: nan PAPERS-NUCLEAR: 3.28 
[GPU 0] [18:12:49] [INFO] Step: 4000, LR: 5.66e-04
[GPU 0] [18:12:49] [INFO] Train Loss: CORE: 2.60 CODE-LISP: nan PAPERS-BIOLOGY: nan PAPERS-CYBER: nan PAPERS-NUCLEAR: 3.10 
[GPU 0] [18:44:01] [INFO] Step: 5000, LR: 5.66e-04
[GPU 0] [18:44:01] [INFO] Train Loss: CORE: 2.78 CODE-LISP: nan PAPERS-BIOLOGY: nan PAPERS-CYBER: nan PAPERS-NUCLEAR: 3.22 
[GPU 0] [19:15:11] [INFO] Step: 6000, LR: 5.66e-04
[GPU 0] [19:15:11] [INFO] Train Loss: CORE: 2.31 CODE-LISP: nan PAPERS-BIOLOGY: nan PAPERS-CYBER: nan PAPERS-NUCLEAR: 3.04 
[GPU 0] [19:46:22] [INFO] Step: 7000, LR: 5.66e-04
[GPU 0] [19:46:22] [INFO] Train Loss: CORE: 2.88 CODE-LISP: nan PAPERS-BIOLOGY: nan PAPERS-CYBER: nan PAPERS-NUCLEAR: 3.04 
[GPU 0] [20:17:33] [INFO] Step: 8000, LR: 5.66e-04
[GPU 0] [20:17:33] [INFO] Train Loss: CORE: 2.64 CODE-LISP: nan PAPERS-BIOLOGY: nan PAPERS-CYBER: nan PAPERS-NUCLEAR: 2.94 
[GPU 0] [20:48:43] [INFO] Step: 9000, LR: 5.66e-04
[GPU 0] [20:48:43] [INFO] Train Loss: CORE: 2.47 CODE-LISP: nan PAPERS-BIOLOGY: nan PAPERS-CYBER: nan PAPERS-NUCLEAR: 2.99 
[GPU 0] [21:19:54] [INFO] Step: 10000, LR: 5.66e-04
[GPU 0] [21:19:54] [INFO] Train Loss: CORE: 2.65 CODE-LISP: nan PAPERS-BIOLOGY: nan PAPERS-CYBER: nan PAPERS-NUCLEAR: 2.97 
[GPU 0] [21:51:05] [INFO] Step: 11000, LR: 5.66e-04
[GPU 0] [21:51:05] [INFO] Train Loss: CORE: 2.59 CODE-LISP: nan PAPERS-BIOLOGY: nan PAPERS-CYBER: nan PAPERS-NUCLEAR: 2.93 
[GPU 0] [22:22:15] [INFO] Step: 12000, LR: 5.66e-04
[GPU 0] [22:22:15] [INFO] Train Loss: CORE: 2.45 CODE-LISP: nan PAPERS-BIOLOGY: nan PAPERS-CYBER: nan PAPERS-NUCLEAR: 2.84 
[GPU 0] [22:53:26] [INFO] Step: 13000, LR: 5.66e-04
[GPU 0] [22:53:26] [INFO] Train Loss: CORE: 2.39 CODE-LISP: nan PAPERS-BIOLOGY: nan PAPERS-CYBER: nan PAPERS-NUCLEAR: 2.96 
[GPU 0] [23:24:37] [INFO] Step: 14000, LR: 5.66e-04
[GPU 0] [23:24:37] [INFO] Train Loss: CORE: 2.37 CODE-LISP: nan PAPERS-BIOLOGY: nan PAPERS-CYBER: nan PAPERS-NUCLEAR: 2.88 
[GPU 0] [23:55:47] [INFO] Step: 15000, LR: 5.66e-04
[GPU 0] [23:55:47] [INFO] Train Loss: CORE: 1.96 CODE-LISP: nan PAPERS-BIOLOGY: nan PAPERS-CYBER: nan PAPERS-NUCLEAR: 2.84 
[GPU 0] [00:26:58] [INFO] Step: 16000, LR: 5.66e-04
[GPU 0] [00:26:58] [INFO] Train Loss: CORE: 2.06 CODE-LISP: nan PAPERS-BIOLOGY: nan PAPERS-CYBER: nan PAPERS-NUCLEAR: 2.83 
[GPU 0] [00:58:09] [INFO] Step: 17000, LR: 5.66e-04
[GPU 0] [00:58:09] [INFO] Train Loss: CORE: 2.31 CODE-LISP: nan PAPERS-BIOLOGY: nan PAPERS-CYBER: nan PAPERS-NUCLEAR: 2.91 
[GPU 0] [01:29:20] [INFO] Step: 18000, LR: 5.66e-04
[GPU 0] [01:29:20] [INFO] Train Loss: CORE: 2.15 CODE-LISP: nan PAPERS-BIOLOGY: nan PAPERS-CYBER: nan PAPERS-NUCLEAR: 2.90 
[GPU 0] [02:00:30] [INFO] Step: 19000, LR: 5.66e-04
[GPU 0] [02:00:30] [INFO] Train Loss: CORE: 2.36 CODE-LISP: nan PAPERS-BIOLOGY: nan PAPERS-CYBER: nan PAPERS-NUCLEAR: 2.90 
[GPU 0] [02:31:41] [INFO] Step: 20000, LR: 5.66e-04
[GPU 0] [02:31:41] [INFO] Train Loss: CORE: 2.74 CODE-LISP: nan PAPERS-BIOLOGY: nan PAPERS-CYBER: nan PAPERS-NUCLEAR: 2.84 
[GPU 0] [03:02:52] [INFO] Step: 21000, LR: 5.66e-04
[GPU 0] [03:02:52] [INFO] Train Loss: CORE: 2.33 CODE-LISP: nan PAPERS-BIOLOGY: nan PAPERS-CYBER: nan PAPERS-NUCLEAR: 2.83 
[GPU 0] [03:07:28] [INFO] LR Scheduler: Decay Start
[GPU 0] [03:34:02] [INFO] Step: 22000, LR: 3.61e-04
[GPU 0] [03:34:02] [INFO] Train Loss: CORE: 2.73 CODE-LISP: nan PAPERS-BIOLOGY: nan PAPERS-CYBER: nan PAPERS-NUCLEAR: 2.83 
[GPU 0] [04:05:14] [INFO] Step: 23000, LR: 1.20e-04
[GPU 0] [04:05:14] [INFO] Train Loss: CORE: 2.28 CODE-LISP: nan PAPERS-BIOLOGY: nan PAPERS-CYBER: nan PAPERS-NUCLEAR: 2.69 
[GPU 0] [04:20:47] [INFO] Step: 23498, LR: 1.00e-08
[GPU 0] [04:20:47] [INFO] Train Loss: CORE: 2.65 CODE-LISP: nan PAPERS-BIOLOGY: nan PAPERS-CYBER: nan PAPERS-NUCLEAR: 2.76 
[GPU 0] [04:21:12] [INFO] ---- Begin Eval ----
[GPU 0] [04:21:12] [INFO] Data: core | Experts: None
[GPU 0] [04:22:34] [INFO] loss: 1.87677562
[GPU 0] [04:22:34] [INFO] Data: code-lisp | Experts: None
[GPU 0] [04:22:40] [INFO] loss: 1.41810358
[GPU 0] [04:22:40] [INFO] Data: papers-biology | Experts: None
[GPU 0] [04:22:46] [INFO] loss: 2.46283484
[GPU 0] [04:22:46] [INFO] Data: papers-nuclear | Experts: None
[GPU 0] [04:22:53] [INFO] loss: 2.75424099
[GPU 0] [04:22:53] [INFO] Data: papers-cyber | Experts: None
[GPU 0] [04:22:59] [INFO] loss: 2.70667791
[GPU 0] [04:23:22] [INFO] Initialized BaseTransformer with 806,509,504 total parameters
[GPU 0] [04:23:22] [INFO] Compiling BaseTransformer with torch.compile...
[GPU 0] [04:23:22] [INFO] torch.compile done
[GPU 0] [04:23:30] [INFO] FILTERING - ADVERSARIAL FT START
[GPU 0] [04:23:42] [INFO] ---- Begin FT | Experts: None | Data: ['code-lisp'] ----
[GPU 0] [04:23:42] [DEBUG] num_seq: 512, num_rounds: 200, patience: 10
[GPU 0] [04:23:42] [DEBUG] local_x: torch.Size([64, 1024]), local_y: torch.Size([64, 1024]), num_steps: 6, per_gpu: 64, mbs_size: 12
[GPU 0] [04:25:18] [INFO] New best validation loss: 1.6546 @ step 0
[GPU 0] [04:25:33] [INFO] New best validation loss: 1.3432 @ step 1
[GPU 0] [04:25:49] [INFO] New best validation loss: 1.2991 @ step 2
[GPU 0] [04:26:05] [INFO] New best validation loss: 1.2580 @ step 3
[GPU 0] [04:26:21] [INFO] New best validation loss: 1.2247 @ step 4
[GPU 0] [04:26:38] [INFO] New best validation loss: 1.1996 @ step 5
[GPU 0] [04:26:55] [INFO] New best validation loss: 1.1818 @ step 6
[GPU 0] [04:27:11] [INFO] New best validation loss: 1.1671 @ step 7
[GPU 0] [04:27:27] [INFO] New best validation loss: 1.1526 @ step 8
[GPU 0] [04:27:45] [INFO] New best validation loss: 1.1395 @ step 9
[GPU 0] [04:28:02] [INFO] New best validation loss: 1.1277 @ step 10
[GPU 0] [04:28:18] [INFO] New best validation loss: 1.1170 @ step 11
[GPU 0] [04:28:35] [INFO] New best validation loss: 1.1061 @ step 12
[GPU 0] [04:28:52] [INFO] New best validation loss: 1.0963 @ step 13
[GPU 0] [04:29:09] [INFO] New best validation loss: 1.0879 @ step 14
[GPU 0] [04:29:25] [INFO] New best validation loss: 1.0810 @ step 15
[GPU 0] [04:29:42] [INFO] New best validation loss: 1.0753 @ step 16
[GPU 0] [04:29:59] [INFO] New best validation loss: 1.0698 @ step 17
[GPU 0] [04:30:19] [INFO] New best validation loss: 1.0651 @ step 18
[GPU 0] [04:30:37] [INFO] New best validation loss: 1.0611 @ step 19
[GPU 0] [04:30:53] [INFO] New best validation loss: 1.0576 @ step 20
[GPU 0] [04:31:10] [INFO] New best validation loss: 1.0548 @ step 21
[GPU 0] [04:31:26] [INFO] New best validation loss: 1.0522 @ step 22
[GPU 0] [04:31:44] [INFO] New best validation loss: 1.0500 @ step 23
[GPU 0] [04:32:00] [INFO] New best validation loss: 1.0490 @ step 24
[GPU 0] [04:35:02] [INFO] Stop FT @ 36: no val improvement for 10 steps
[GPU 0] [04:35:02] [INFO] Wrote stats.jsonl entries at FT step 24 
[GPU 0] [04:35:18] [INFO] ---- Begin FT | Experts: None | Data: ['papers-biology'] ----
[GPU 0] [04:35:18] [DEBUG] num_seq: 512, num_rounds: 200, patience: 10
[GPU 0] [04:35:18] [DEBUG] local_x: torch.Size([64, 1024]), local_y: torch.Size([64, 1024]), num_steps: 6, per_gpu: 64, mbs_size: 12
[GPU 0] [04:35:33] [INFO] New best validation loss: 2.5298 @ step 0
[GPU 0] [04:35:49] [INFO] New best validation loss: 2.4801 @ step 1
[GPU 0] [04:36:37] [INFO] New best validation loss: 2.4761 @ step 4
[GPU 0] [04:36:54] [INFO] New best validation loss: 2.4740 @ step 5
[GPU 0] [04:39:59] [INFO] Stop FT @ 17: no val improvement for 10 steps
[GPU 0] [04:39:59] [INFO] Wrote stats.jsonl entries at FT step 5 
[GPU 0] [04:40:15] [INFO] ---- Begin FT | Experts: None | Data: ['papers-cyber'] ----
[GPU 0] [04:40:15] [DEBUG] num_seq: 512, num_rounds: 200, patience: 10
[GPU 0] [04:40:15] [DEBUG] local_x: torch.Size([64, 1024]), local_y: torch.Size([64, 1024]), num_steps: 6, per_gpu: 64, mbs_size: 12
[GPU 0] [04:40:30] [INFO] New best validation loss: 2.7984 @ step 0
[GPU 0] [04:40:45] [INFO] New best validation loss: 2.7223 @ step 1
[GPU 0] [04:43:46] [INFO] Stop FT @ 13: no val improvement for 10 steps
[GPU 0] [04:43:46] [INFO] Wrote stats.jsonl entries at FT step 1 
[GPU 0] [04:43:48] [INFO] ----------------------------------------
[GPU 0] [04:43:48] [INFO] Finished. See /workspace-vast/ethanr/gradient-routing/experiments/AGI-1699-New-Dataset-Runs/results/scaling/realistic/filtering/800M/seed_2/20260518160500723865
