[GPU 0] [01:27:45] [INFO] Number of GPUs: 8
[GPU 0] [01:27:46] [INFO] Tokenizer vocabulary: 50257
[GPU 0] [01:27:46] [INFO] Set model vocab size to nearest multiple of 64 of tokenizer size: 50304
[GPU 0] [01:27:48] [INFO] target effective batch size: 1024, actual effective batch size: 1056, micro batch size: 22, accumulation steps: 6, num gpus: 8
[GPU 0] [01:27:48] [INFO] core total number of tokens: 124693822984
[GPU 0] [01:27:48] [INFO] Baseline model has 402,064,768 parameters
[GPU 0] [01:27:48] [INFO] core: chinchilla optimal tokens: 8,041,295,360, requested proportion: 1.0000, requested number of tokens: 8,041,295,360.0, 
[GPU 0] [01:27:48] [INFO] aux total number of tokens: 4835776549
[GPU 0] [01:27:48] [INFO] Baseline model has 402,064,768 parameters
[GPU 0] [01:27:48] [INFO] aux: chinchilla optimal tokens: 8,041,295,360, requested proportion: 0.0100, requested number of tokens: 80,412,953.60000001, 
[GPU 0] [01:27:49] [DEBUG] Saved config to /workspace/gradient-routing/experiments/AGI-1699-New-Dataset-Runs/results/optimize/base/realistic/400M/seed_3/20260421012737963305/config.json
[GPU 0] [01:27:49] [DEBUG] {
    "stages": [
        {
            "name": "baseline",
            "num_checkpoints": -1,
            "lr": 0.0004,
            "res_dir": "/workspace/gradient-routing/experiments/AGI-1699-New-Dataset-Runs/results/optimize/base/realistic/400M/seed_3/20260421012737963305/baseline",
            "do_eval": true,
            "do_sample": false,
            "num_train_evals": 0,
            "do_elicit": false,
            "elicit_eval_prc": 0.5,
            "elicit_num_evals": 100
        }
    ],
    "model": {
        "arch": "base",
        "tokenizer": "GPT2Tokenizer(name_or_path='EleutherAI/gpt-neo-125M', vocab_size=50257, model_max_length=2048, padding_side='right', truncation_side='right', special_tokens={'bos_token': '<|endoftext|>', 'eos_token': '<|endoftext|>', 'unk_token': '<|endoftext|>'}, added_tokens_decoder={\n\t50256: AddedToken(\"<|endoftext|>\", rstrip=False, lstrip=False, single_word=False, normalized=True, special=True),\n}\n)",
        "ctx_len": 1024,
        "vocab_size": 50304,
        "num_layers": 18,
        "num_heads": 8,
        "num_key_value": 2,
        "attn_bias": true,
        "eos_token_id": 50256,
        "embed_dim": 1216,
        "mlp_dim": 4864
    },
    "data": {
        "dirs": [
            "/workspace/gradient-routing/experiments/AGI-1699-New-Dataset-Runs/src/data/fineweb",
            "/workspace/gradient-routing/experiments/AGI-1699-New-Dataset-Runs/src/data/code",
            "/workspace/gradient-routing/experiments/AGI-1699-New-Dataset-Runs/src/data/papers"
        ],
        "core": {
            "labels": [
                "fineweb",
                "code-other",
                "papers-other"
            ],
            "method": "optimal",
            "limit": 1.0,
            "dist": {
                "fineweb": 0.84,
                "code-other": 0.15,
                "papers-other": 0.01
            },
            "num_tok": 8041295360.0
        },
        "aux": {
            "labels": [
                "code-lisp",
                "papers-biology",
                "papers-nuclear",
                "papers-cyber"
            ],
            "method": "optimal",
            "limit": 0.01,
            "dist": {
                "code-lisp": 0.25,
                "papers-biology": 0.25,
                "papers-nuclear": 0.25,
                "papers-cyber": 0.25
            },
            "num_tok": 80412953.60000001
        }
    },
    "run": {
        "target_effective_batch_size": 1024,
        "effective_batch_size": 1056,
        "micro_batch_size": 22,
        "accumulation_steps": 6,
        "max_num_test_sequences": 10000,
        "eval_all_labels": false,
        "micro_batch_anchors": [
            [
                400000000.0,
                23
            ],
            [
                5000000000.0,
                2
            ]
        ],
        "epochs": 1,
        "adam_betas": [
            0.9,
            0.95
        ],
        "warmup_prc": 0.02,
        "decay_prc": 0.1,
        "seed": 3,
        "compile": true,
        "is_ddp": true,
        "optimize_routed": true,
        "cleanup_distributed": false,
        "log_level": "DEBUG",
        "num_gpus": 8,
        "process_id": 0,
        "num_base_params": 402064768,
        "device": "cuda",
        "logger": "<Logger training_20260421012737963305 (DEBUG)>",
        "labels": [
            "core",
            "code-lisp",
            "papers-biology",
            "papers-cyber",
            "papers-nuclear"
        ],
        "loaders": {
            "code-lisp": {
                "train": "SingleDataLoader(code-lisp_train_001.bin, len=111)",
                "test": "InterleavedDataLoader(len=60)"
            },
            "code-other": {
                "train": "InterleavedDataLoader(len=6692)",
                "test": "InterleavedDataLoader(len=60)"
            },
            "fineweb": {
                "train": "InterleavedDataLoader(len=37479)",
                "test": "InterleavedDataLoader(len=60)"
            },
            "papers-biology": {
                "train": "SingleDataLoader(papers-biology_train.bin, len=111)",
                "test": "SingleDataLoader(papers-biology_test.bin, len=60)"
            },
            "papers-cyber": {
                "train": "SingleDataLoader(papers-cyber_train.bin, len=111)",
                "test": "SingleDataLoader(papers-cyber_test.bin, len=60)"
            },
            "papers-nuclear": {
                "train": "SingleDataLoader(papers-nuclear_train.bin, len=111)",
                "test": "SingleDataLoader(papers-nuclear_test.bin, len=60)"
            },
            "papers-other": {
                "train": "SingleDataLoader(papers-other_train.bin, len=446)",
                "test": "SingleDataLoader(papers-other_test.bin, len=60)"
            },
            "core": {
                "train": "InterleavedDataLoader(len=44617)",
                "test": "InterleavedDataLoader(len=180)"
            },
            "aux": {
                "train": "InterleavedDataLoader(len=444)",
                "test": "InterleavedDataLoader(len=240)"
            },
            "all": {
                "train": "InterleavedDataLoader(len=45061)",
                "test": "InterleavedDataLoader(len=420)"
            }
        },
        "res_root": "/workspace/gradient-routing/experiments/AGI-1699-New-Dataset-Runs/results/optimize/base/realistic/400M/seed_3",
        "experiment_id": "20260421012737963305",
        "s3_bucket": "ae-gradient-routing-results",
        "s3_prefix": "optimize/base/realistic/400M/seed_3"
    }
}
[GPU 0] [01:27:49] [INFO] Loader code-lisp train: 111, test: 60
[GPU 0] [01:27:49] [INFO] Loader code-other train: 6692, test: 60
[GPU 0] [01:27:49] [INFO] Loader fineweb train: 37479, test: 60
[GPU 0] [01:27:49] [INFO] Loader papers-biology train: 111, test: 60
[GPU 0] [01:27:49] [INFO] Loader papers-cyber train: 111, test: 60
[GPU 0] [01:27:49] [INFO] Loader papers-nuclear train: 111, test: 60
[GPU 0] [01:27:49] [INFO] Loader papers-other train: 446, test: 60
[GPU 0] [01:27:49] [INFO] Loader core train: 44617, test: 180
[GPU 0] [01:27:49] [INFO] Loader aux train: 444, test: 240
[GPU 0] [01:27:49] [INFO] Loader all train: 45061, test: 420
[GPU 0] [01:27:49] [INFO] Stage [baseline] start: {"name": "baseline", "num_checkpoints": -1, "lr": 0.0004, "res_dir": "/workspace/gradient-routing/experiments/AGI-1699-New-Dataset-Runs/results/optimize/base/realistic/400M/seed_3/20260421012737963305/baseline", "do_eval": true, "do_sample": false, "num_train_evals": 0, "do_elicit": false, "elicit_eval_prc": 0.5, "elicit_num_evals": 100}
[GPU 0] [01:27:49] [INFO] BASELINE START
[GPU 0] [01:27:51] [INFO] Initialized BaseTransformer with 402,064,768 total parameters
[GPU 0] [01:27:51] [INFO] Compiling BaseTransformer with torch.compile...
[GPU 0] [01:27:52] [INFO] torch.compile done
[GPU 0] [01:27:52] [WARNING] restore_partial_state: no checkpoint found at /workspace/gradient-routing/experiments/AGI-1699-New-Dataset-Runs/results/optimize/base/realistic/400M/seed_3/20260421012737963305/baseline
[GPU 0] [01:27:52] [INFO] ---- Begin Train | Data Labels: ['all'] ----
[GPU 0] [01:27:52] [INFO] warmup_steps: 150
[GPU 0] [01:27:52] [INFO] constant_steps: 6609
[GPU 0] [01:27:52] [INFO] decay_steps: 751
[GPU 0] [01:27:52] [INFO] LR Scheduler: Warmup Start
[GPU 0] [01:28:23] [INFO] Step: 1, LR: 2.68e-06
[GPU 0] [01:28:23] [INFO] Train Loss: CORE: 11.06 CODE-LISP: nan PAPERS-BIOLOGY: nan PAPERS-CYBER: nan PAPERS-NUCLEAR: nan 
[GPU 0] [01:31:16] [INFO] LR Scheduler: Constant Start
[GPU 0] [01:47:29] [INFO] Step: 1000, LR: 4.00e-04
[GPU 0] [01:47:29] [INFO] Train Loss: CORE: 3.40 CODE-LISP: 2.59 PAPERS-BIOLOGY: 4.34 PAPERS-CYBER: 4.23 PAPERS-NUCLEAR: 5.00 
[GPU 0] [02:06:32] [INFO] Step: 2000, LR: 4.00e-04
[GPU 0] [02:06:32] [INFO] Train Loss: CORE: 3.41 CODE-LISP: 1.36 PAPERS-BIOLOGY: 3.16 PAPERS-CYBER: 3.40 PAPERS-NUCLEAR: 3.51 
[GPU 0] [02:25:33] [INFO] Step: 3000, LR: 4.00e-04
[GPU 0] [02:25:33] [INFO] Train Loss: CORE: 2.75 CODE-LISP: 1.26 PAPERS-BIOLOGY: 2.95 PAPERS-CYBER: 3.21 PAPERS-NUCLEAR: 3.38 
[GPU 0] [02:44:35] [INFO] Step: 4000, LR: 4.00e-04
[GPU 0] [02:44:35] [INFO] Train Loss: CORE: 3.15 CODE-LISP: 1.26 PAPERS-BIOLOGY: 2.87 PAPERS-CYBER: 3.14 PAPERS-NUCLEAR: 3.33 
[GPU 0] [03:03:36] [INFO] Step: 5000, LR: 4.00e-04
[GPU 0] [03:03:36] [INFO] Train Loss: CORE: 2.15 CODE-LISP: 1.02 PAPERS-BIOLOGY: 2.85 PAPERS-CYBER: 3.10 PAPERS-NUCLEAR: 3.12 
[GPU 0] [03:22:36] [INFO] Step: 6000, LR: 4.00e-04
[GPU 0] [03:22:36] [INFO] Train Loss: CORE: 2.79 CODE-LISP: 1.03 PAPERS-BIOLOGY: 2.80 PAPERS-CYBER: 3.04 PAPERS-NUCLEAR: 3.19 
[GPU 0] [03:37:03] [INFO] LR Scheduler: Decay Start
[GPU 0] [03:41:38] [INFO] Step: 7000, LR: 2.72e-04
[GPU 0] [03:41:38] [INFO] Train Loss: CORE: 3.01 CODE-LISP: 0.87 PAPERS-BIOLOGY: 2.77 PAPERS-CYBER: 3.03 PAPERS-NUCLEAR: 3.08 
[GPU 0] [03:51:20] [INFO] Step: 7510, LR: 1.00e-08
[GPU 0] [03:51:20] [INFO] Train Loss: CORE: 2.52 CODE-LISP: 0.80 PAPERS-BIOLOGY: 2.69 PAPERS-CYBER: 2.98 PAPERS-NUCLEAR: 2.97 
[GPU 0] [03:51:22] [INFO] ---- Begin Eval ----
[GPU 0] [03:51:22] [INFO] Data: core | Experts: None
[GPU 0] [03:51:50] [INFO] loss: 2.06910944
[GPU 0] [03:51:50] [INFO] Data: code-lisp | Experts: None
[GPU 0] [03:51:55] [INFO] loss: 0.98668617
[GPU 0] [03:51:55] [INFO] Data: papers-biology | Experts: None
[GPU 0] [03:51:59] [INFO] loss: 2.65110660
[GPU 0] [03:51:59] [INFO] Data: papers-nuclear | Experts: None
[GPU 0] [03:52:04] [INFO] loss: 3.00113964
[GPU 0] [03:52:04] [INFO] Data: papers-cyber | Experts: None
[GPU 0] [03:52:08] [INFO] loss: 2.91416001
[GPU 0] [03:52:09] [INFO] ----------------------------------------
[GPU 0] [03:52:09] [INFO] Finished. See /workspace/gradient-routing/experiments/AGI-1699-New-Dataset-Runs/results/optimize/base/realistic/400M/seed_3/20260421012737963305
