[GPU 0] [17:48:51] [INFO] Git branch: main, commit: d949b8a58c88422422ddf375663af2a7ab507234
[GPU 0] [17:48:52] [INFO] Number of processes: 1
[GPU 0] [17:48:52] [INFO] Runtime device: mps, dtype: torch.float32
[GPU 0] [17:48:54] [INFO] Tokenizer vocabulary: 4096
[GPU 0] [17:48:54] [INFO] Set model vocab size to nearest multiple of 64 of tokenizer size: 4096
[GPU 0] [17:48:54] [INFO] target effective batch size: -1, actual effective batch size: 128, micro batch size: 16, accumulation steps: 8, num gpus: 1
[GPU 0] [17:48:54] [INFO] core total number of tokens: 501664802
[GPU 0] [17:48:54] [INFO] core: 1.0000 x 501664802 = 501664802
[GPU 0] [17:48:54] [INFO] aux total number of tokens: 46188871
[GPU 0] [17:48:54] [INFO] aux: 1.0000 x 46188871 = 46188871
[GPU 0] [17:48:54] [INFO] Loader a-deadline-or-time-limit train: 2819, test: 321
[GPU 0] [17:48:54] [INFO] Loader alien-encounters train: 2767, test: 306
[GPU 0] [17:48:54] [INFO] Loader bygone-eras train: 2819, test: 315
[GPU 0] [17:48:54] [INFO] Loader cultural-traditions train: 2819, test: 311
[GPU 0] [17:48:54] [INFO] Loader dinosaurs train: 2701, test: 306
[GPU 0] [17:48:54] [INFO] Loader dream-worlds train: 2713, test: 303
[GPU 0] [17:48:54] [INFO] Loader enchanted-forests train: 2783, test: 308
[GPU 0] [17:48:54] [INFO] Loader fairy-tales train: 2754, test: 299
[GPU 0] [17:48:54] [INFO] Loader fantasy-worlds train: 2783, test: 318
[GPU 0] [17:48:54] [INFO] Loader gardens train: 2770, test: 297
[GPU 0] [17:48:54] [INFO] Loader giant-creatures train: 2783, test: 299
[GPU 0] [17:48:54] [INFO] Loader haunted-places train: 2783, test: 329
[GPU 0] [17:48:54] [INFO] Loader hidden-treasures train: 2781, test: 312
[GPU 0] [17:48:54] [INFO] Loader holidays train: 2780, test: 311
[GPU 0] [17:48:54] [INFO] Loader invisibility train: 2767, test: 302
[GPU 0] [17:48:54] [INFO] Loader island-adventures train: 2783, test: 312
[GPU 0] [17:48:54] [INFO] Loader living-objects train: 2695, test: 305
[GPU 0] [17:48:54] [INFO] Loader lost-cities train: 2783, test: 324
[GPU 0] [17:48:54] [INFO] Loader lost-civilizations train: 2783, test: 328
[GPU 0] [17:48:54] [INFO] Loader magical-lands train: 2783, test: 310
[GPU 0] [17:48:54] [INFO] Loader magical-objects train: 2761, test: 298
[GPU 0] [17:48:54] [INFO] Loader miniature-worlds train: 2685, test: 296
[GPU 0] [17:48:54] [INFO] Loader mysterious-maps train: 2714, test: 307
[GPU 0] [17:48:54] [INFO] Loader mystical-creatures train: 2783, test: 306
[GPU 0] [17:48:54] [INFO] Loader outer-space train: 2748, test: 310
[GPU 0] [17:48:54] [INFO] Loader pirates train: 2783, test: 314
[GPU 0] [17:48:54] [INFO] Loader riddles train: 2754, test: 306
[GPU 0] [17:48:54] [INFO] Loader robots-and-technology train: 2783, test: 313
[GPU 0] [17:48:54] [INFO] Loader royal-kingdoms train: 2783, test: 323
[GPU 0] [17:48:54] [INFO] Loader school-life train: 2705, test: 306
[GPU 0] [17:48:54] [INFO] Loader seasonal-changes train: 2739, test: 305
[GPU 0] [17:48:54] [INFO] Loader secret-societies train: 2783, test: 310
[GPU 0] [17:48:54] [INFO] Loader shape-shifting train: 2755, test: 310
[GPU 0] [17:48:54] [INFO] Loader sibling-rivalry train: 2783, test: 319
[GPU 0] [17:48:54] [INFO] Loader snowy-adventures train: 2783, test: 313
[GPU 0] [17:48:54] [INFO] Loader space-exploration train: 2765, test: 305
[GPU 0] [17:48:54] [INFO] Loader sports train: 2720, test: 299
[GPU 0] [17:48:54] [INFO] Loader subterranean-worlds train: 2776, test: 297
[GPU 0] [17:48:54] [INFO] Loader superheroes train: 2762, test: 308
[GPU 0] [17:48:54] [INFO] Loader talking-animals train: 2783, test: 303
[GPU 0] [17:48:54] [INFO] Loader the-arts train: 2760, test: 307
[GPU 0] [17:48:54] [INFO] Loader the-sky train: 2742, test: 307
[GPU 0] [17:48:54] [INFO] Loader time-travel train: 2783, test: 303
[GPU 0] [17:48:54] [INFO] Loader treasure-hunts train: 2640, test: 287
[GPU 0] [17:48:54] [INFO] Loader undercover-missions train: 2783, test: 321
[GPU 0] [17:48:54] [INFO] Loader underwater-adventures train: 2716, test: 308
[GPU 0] [17:48:54] [INFO] Loader unusual-vehicles train: 2783, test: 313
[GPU 0] [17:48:54] [INFO] Loader virtual-worlds train: 2771, test: 302
[GPU 0] [17:48:54] [INFO] Loader core train: 121351, test: 13559
[GPU 0] [17:48:54] [INFO] Loader aux train: 11224, test: 1253
[GPU 0] [17:48:54] [INFO] Loader all train: 132575, test: 14812
[GPU 0] [17:48:54] [INFO] Stage [routed] start: {"name": "routed", "num_checkpoints": 2, "lr": 0.005, "res_dir": "/Users/jarrett/dev/gram-quant/modular-pretraining/results/stories_phase2/seed_1/20260718174851965051/routed", "acc_mode": "heterogeneous", "do_eval": true, "do_sample": false, "num_train_evals": 0, "do_elicit": false, "elicit_eval_prc": 0.5, "elicit_num_evals": 100, "retain_targets": [["core"], ["core", "a-deadline-or-time-limit"], ["core", "alien-encounters"], ["core", "bygone-eras"], ["core", "cultural-traditions"], ["core", "a-deadline-or-time-limit", "alien-encounters", "bygone-eras", "cultural-traditions"], ["core", "alien-encounters", "bygone-eras", "cultural-traditions"]], "model": {"arch": "moe", "tokenizer": "TokenizersBackend(name_or_path='SimpleStories/SimpleStories-1.25M', vocab_size=4096, model_max_length=1000000000000000019884624838656, padding_side='right', truncation_side='right', special_tokens={'eos_token': '[EOS]', 'unk_token': '[UNK]'}, added_tokens_decoder={\n\t0: AddedToken(\"[UNK]\", rstrip=False, lstrip=False, single_word=False, normalized=False, special=True),\n\t1: AddedToken(\"[EOS]\", rstrip=False, lstrip=False, single_word=False, normalized=False, special=True),\n})", "ctx_len": 256, "vocab_size": 4096, "num_layers": 8, "num_heads": 8, "num_key_value": 2, "attn_bias": true, "eos_token_id": 1, "embed_dim": 512, "mlp_dim": 2048, "core_param_prc": 1.0, "aux_param_prc": 0.1}, "eval_arbsub": false, "label_prc": 1.0, "aux_factor": 1.0, "robust_prc": 0.5, "aux_route_prc": 0.3, "equal_compute": true}
[GPU 0] [17:48:54] [INFO] ROUTED START
[GPU 0] [17:48:54] [INFO] Initialized MoETransformer with 32,571,904 total parameters
[GPU 0] [17:48:54] [INFO]   Label 'core' has 26,257,920 parameters
[GPU 0] [17:48:54] [INFO]   Label 'a-deadline-or-time-limit' has 1,578,496 parameters
[GPU 0] [17:48:54] [INFO]   Label 'alien-encounters' has 1,578,496 parameters
[GPU 0] [17:48:54] [INFO]   Label 'bygone-eras' has 1,578,496 parameters
[GPU 0] [17:48:54] [INFO]   Label 'cultural-traditions' has 1,578,496 parameters
[GPU 0] [17:48:54] [INFO] Using stage-level retain_targets override (7 targets)
[GPU 0] [17:48:54] [WARNING] restore_partial_state: no checkpoint found at /Users/jarrett/dev/gram-quant/modular-pretraining/results/stories_phase2/seed_1/20260718174851965051/routed
[GPU 0] [17:48:54] [INFO] ---- Begin Routed Unordered ----
[GPU 0] [17:48:54] [INFO] initial len_all: 132575, len_all_labeled: 132575, len_all_unlabeled: 0, len_ft: 71900, len_base: 60675, label_prc: 1.0
[GPU 0] [17:48:54] [INFO] compute-equal: -113493862400.0 <= 0, must truncate training
[GPU 0] [17:48:54] [INFO] compute-equal: len_base: -1916 -> 58759, len_ft: -2270 -> 69630, len_all_unlabeled: 0 -> 0
[GPU 0] [17:48:54] [INFO] Batch [('core', ('core',), ('core',))] count: 58759
[GPU 0] [17:48:54] [INFO] Batch [('a-deadline-or-time-limit', ('core', 'a-deadline-or-time-limit'), ('a-deadline-or-time-limit',))] count: 1911
[GPU 0] [17:48:54] [INFO] Batch [('a-deadline-or-time-limit', ('core', 'a-deadline-or-time-limit'), ('core', 'a-deadline-or-time-limit'))] count: 819
[GPU 0] [17:48:54] [INFO] Batch [('core', ('core', 'a-deadline-or-time-limit'), ('core', 'a-deadline-or-time-limit'))] count: 14758
[GPU 0] [17:48:54] [INFO] Batch [('alien-encounters', ('core', 'alien-encounters'), ('alien-encounters',))] count: 1876
[GPU 0] [17:48:54] [INFO] Batch [('alien-encounters', ('core', 'alien-encounters'), ('core', 'alien-encounters'))] count: 804
[GPU 0] [17:48:54] [INFO] Batch [('core', ('core', 'alien-encounters'), ('core', 'alien-encounters'))] count: 14486
[GPU 0] [17:48:54] [INFO] Batch [('bygone-eras', ('core', 'bygone-eras'), ('bygone-eras',))] count: 1911
[GPU 0] [17:48:54] [INFO] Batch [('bygone-eras', ('core', 'bygone-eras'), ('core', 'bygone-eras'))] count: 819
[GPU 0] [17:48:54] [INFO] Batch [('core', ('core', 'bygone-eras'), ('core', 'bygone-eras'))] count: 14758
[GPU 0] [17:48:54] [INFO] Batch [('core', ('core', 'cultural-traditions'), ('core', 'cultural-traditions'))] count: 14758
[GPU 0] [17:48:54] [INFO] Batch [('cultural-traditions', ('core', 'cultural-traditions'), ('core', 'cultural-traditions'))] count: 819
[GPU 0] [17:48:54] [INFO] Batch [('cultural-traditions', ('core', 'cultural-traditions'), ('cultural-traditions',))] count: 1911
[GPU 0] [17:48:54] [INFO] Batch group is empty (0 batches)
[GPU 0] [17:48:54] [INFO] 
len_all: 132575, len_all_labeled: 132575, len_all_unlabeled: 0,
len_base: 58759, len_ft: 69630,
len_core_for_ft: 58760, len_aux_for_ft: 10870,
aux_factor: {'a-deadline-or-time-limit': 1.0, 'alien-encounters': 1.0, 'bygone-eras': 1.0, 'cultural-traditions': 1.0}, robust_prc: 0.5,
aux_route_prc: 0.3, equal_compute: True
[GPU 0] [17:48:54] [INFO] count_by_label: {'core': 117519, 'a-deadline-or-time-limit': 2730, 'alien-encounters': 2680, 'bygone-eras': 2730, 'cultural-traditions': 2730}
[GPU 0] [17:48:54] [INFO] Batch [('core', ('core',), ('core',))] count: 58759
[GPU 0] [17:48:54] [INFO] Batch [('a-deadline-or-time-limit', ('core', 'a-deadline-or-time-limit'), ('a-deadline-or-time-limit',))] count: 1911
[GPU 0] [17:48:54] [INFO] Batch [('a-deadline-or-time-limit', ('core', 'a-deadline-or-time-limit'), ('core', 'a-deadline-or-time-limit'))] count: 819
[GPU 0] [17:48:54] [INFO] Batch [('core', ('core', 'a-deadline-or-time-limit'), ('core', 'a-deadline-or-time-limit'))] count: 14758
[GPU 0] [17:48:54] [INFO] Batch [('alien-encounters', ('core', 'alien-encounters'), ('alien-encounters',))] count: 1876
[GPU 0] [17:48:54] [INFO] Batch [('alien-encounters', ('core', 'alien-encounters'), ('core', 'alien-encounters'))] count: 804
[GPU 0] [17:48:54] [INFO] Batch [('core', ('core', 'alien-encounters'), ('core', 'alien-encounters'))] count: 14486
[GPU 0] [17:48:54] [INFO] Batch [('bygone-eras', ('core', 'bygone-eras'), ('bygone-eras',))] count: 1911
[GPU 0] [17:48:54] [INFO] Batch [('bygone-eras', ('core', 'bygone-eras'), ('core', 'bygone-eras'))] count: 819
[GPU 0] [17:48:54] [INFO] Batch [('core', ('core', 'bygone-eras'), ('core', 'bygone-eras'))] count: 14758
[GPU 0] [17:48:54] [INFO] Batch [('core', ('core', 'cultural-traditions'), ('core', 'cultural-traditions'))] count: 14758
[GPU 0] [17:48:54] [INFO] Batch [('cultural-traditions', ('core', 'cultural-traditions'), ('core', 'cultural-traditions'))] count: 819
[GPU 0] [17:48:54] [INFO] Batch [('cultural-traditions', ('core', 'cultural-traditions'), ('cultural-traditions',))] count: 1911
[GPU 0] [17:48:54] [INFO] ---- Begin Routed ----
[GPU 0] [17:48:54] [INFO] num_total_steps: 16048
[GPU 0] [17:48:54] [INFO] LR schedule group 0: steps [0, 16048), warmup=1605, constant=12838, decay=1605
[GPU 0] [17:48:54] [INFO] LR Scheduler: Group warmup (step 0)
[GPU 0] [17:48:54] [INFO] Batch group start, LR: 1.0000e-08, batches: 128384, epochs: 1, group_total_steps: 16048
[GPU 0] [17:48:56] [INFO] Step: 1, LR: 3.1253e-06
[GPU 0] [17:48:56] [INFO] Train Loss: CORE: 8.42 A-DEADLINE-OR-TIME-LIMIT: nan ALIEN-ENCOUNTERS: nan BYGONE-ERAS: nan CULTURAL-TRADITIONS: nan 
[GPU 0] [18:13:43] [INFO] Step: 1000, LR: 3.1153e-03
[GPU 0] [18:13:43] [INFO] Train Loss: CORE: 2.41 A-DEADLINE-OR-TIME-LIMIT: 2.66 ALIEN-ENCOUNTERS: 2.55 BYGONE-ERAS: 2.61 CULTURAL-TRADITIONS: 2.66 
[GPU 0] [18:27:37] [INFO] LR Scheduler: Group constant (step 1605)
[GPU 0] [18:36:04] [INFO] Step: 2000, LR: 5.0000e-03
[GPU 0] [18:36:04] [INFO] Train Loss: CORE: 2.15 A-DEADLINE-OR-TIME-LIMIT: 2.35 ALIEN-ENCOUNTERS: 2.19 BYGONE-ERAS: 2.25 CULTURAL-TRADITIONS: 2.31 
[GPU 0] [18:57:29] [INFO] Step: 3000, LR: 5.0000e-03
[GPU 0] [18:57:29] [INFO] Train Loss: CORE: 2.00 A-DEADLINE-OR-TIME-LIMIT: 2.14 ALIEN-ENCOUNTERS: 1.99 BYGONE-ERAS: 2.06 CULTURAL-TRADITIONS: 2.12 
[GPU 0] [19:19:16] [INFO] Step: 4000, LR: 5.0000e-03
[GPU 0] [19:19:16] [INFO] Train Loss: CORE: 1.95 A-DEADLINE-OR-TIME-LIMIT: 2.06 ALIEN-ENCOUNTERS: 1.93 BYGONE-ERAS: 1.98 CULTURAL-TRADITIONS: 2.02 
[GPU 0] [19:41:09] [INFO] Step: 5000, LR: 5.0000e-03
[GPU 0] [19:41:09] [INFO] Train Loss: CORE: 1.90 A-DEADLINE-OR-TIME-LIMIT: 2.01 ALIEN-ENCOUNTERS: 1.86 BYGONE-ERAS: 1.93 CULTURAL-TRADITIONS: 1.97 
[GPU 0] [20:02:57] [INFO] Step: 6000, LR: 5.0000e-03
[GPU 0] [20:02:57] [INFO] Train Loss: CORE: 1.86 A-DEADLINE-OR-TIME-LIMIT: 1.96 ALIEN-ENCOUNTERS: 1.83 BYGONE-ERAS: 1.90 CULTURAL-TRADITIONS: 1.93 
[GPU 0] [20:24:35] [INFO] Step: 7000, LR: 5.0000e-03
[GPU 0] [20:24:35] [INFO] Train Loss: CORE: 1.84 A-DEADLINE-OR-TIME-LIMIT: 1.93 ALIEN-ENCOUNTERS: 1.80 BYGONE-ERAS: 1.87 CULTURAL-TRADITIONS: 1.91 
[GPU 0] [20:47:00] [INFO] Step: 8000, LR: 5.0000e-03
[GPU 0] [20:47:00] [INFO] Train Loss: CORE: 1.80 A-DEADLINE-OR-TIME-LIMIT: 1.91 ALIEN-ENCOUNTERS: 1.78 BYGONE-ERAS: 1.85 CULTURAL-TRADITIONS: 1.88 
[GPU 0] [21:09:15] [INFO] Step: 9000, LR: 5.0000e-03
[GPU 0] [21:09:15] [INFO] Train Loss: CORE: 1.79 A-DEADLINE-OR-TIME-LIMIT: 1.90 ALIEN-ENCOUNTERS: 1.77 BYGONE-ERAS: 1.83 CULTURAL-TRADITIONS: 1.86 
[GPU 0] [21:31:34] [INFO] Step: 10000, LR: 5.0000e-03
[GPU 0] [21:31:34] [INFO] Train Loss: CORE: 1.78 A-DEADLINE-OR-TIME-LIMIT: 1.88 ALIEN-ENCOUNTERS: 1.74 BYGONE-ERAS: 1.82 CULTURAL-TRADITIONS: 1.85 
[GPU 0] [21:54:17] [INFO] Step: 11000, LR: 5.0000e-03
[GPU 0] [21:54:17] [INFO] Train Loss: CORE: 1.78 A-DEADLINE-OR-TIME-LIMIT: 1.87 ALIEN-ENCOUNTERS: 1.73 BYGONE-ERAS: 1.81 CULTURAL-TRADITIONS: 1.83 
[GPU 0] [22:19:09] [INFO] Step: 12000, LR: 5.0000e-03
[GPU 0] [22:19:09] [INFO] Train Loss: CORE: 1.76 A-DEADLINE-OR-TIME-LIMIT: 1.86 ALIEN-ENCOUNTERS: 1.73 BYGONE-ERAS: 1.80 CULTURAL-TRADITIONS: 1.83 
[GPU 0] [22:41:51] [INFO] Step: 13000, LR: 5.0000e-03
[GPU 0] [22:41:51] [INFO] Train Loss: CORE: 1.77 A-DEADLINE-OR-TIME-LIMIT: 1.85 ALIEN-ENCOUNTERS: 1.73 BYGONE-ERAS: 1.79 CULTURAL-TRADITIONS: 1.82 
[GPU 0] [23:04:26] [INFO] Step: 14000, LR: 5.0000e-03
[GPU 0] [23:04:26] [INFO] Train Loss: CORE: 1.77 A-DEADLINE-OR-TIME-LIMIT: 1.85 ALIEN-ENCOUNTERS: 1.71 BYGONE-ERAS: 1.78 CULTURAL-TRADITIONS: 1.82 
[GPU 0] [23:14:29] [INFO] LR Scheduler: Group decay (step 14443)
[GPU 0] [23:27:08] [INFO] Step: 15000, LR: 3.2648e-03
[GPU 0] [23:27:08] [INFO] Train Loss: CORE: 1.72 A-DEADLINE-OR-TIME-LIMIT: 1.81 ALIEN-ENCOUNTERS: 1.68 BYGONE-ERAS: 1.76 CULTURAL-TRADITIONS: 1.79 
[GPU 0] [23:49:29] [INFO] Step: 16000, LR: 1.4954e-04
[GPU 0] [23:49:29] [INFO] Train Loss: CORE: 1.65 A-DEADLINE-OR-TIME-LIMIT: 1.74 ALIEN-ENCOUNTERS: 1.61 BYGONE-ERAS: 1.69 CULTURAL-TRADITIONS: 1.72 
[GPU 0] [23:50:33] [INFO] Step: 16048, LR: 1.0000e-08
[GPU 0] [23:50:33] [INFO] Train Loss: CORE: 1.64 A-DEADLINE-OR-TIME-LIMIT: 1.74 ALIEN-ENCOUNTERS: 1.61 BYGONE-ERAS: 1.68 CULTURAL-TRADITIONS: 1.71 
[GPU 0] [23:50:34] [INFO] ---- Begin Eval ----
[GPU 0] [23:50:34] [INFO] Data: core | Experts: ['core']
[GPU 0] [00:01:07] [INFO] loss: 1.64423597
[GPU 0] [00:01:07] [INFO] Data: a-deadline-or-time-limit | Experts: ['core']
[GPU 0] [00:01:22] [INFO] loss: 1.84059846
[GPU 0] [00:01:22] [INFO] Data: alien-encounters | Experts: ['core']
[GPU 0] [00:01:37] [INFO] loss: 1.69893003
[GPU 0] [00:01:37] [INFO] Data: bygone-eras | Experts: ['core']
[GPU 0] [00:01:51] [INFO] loss: 1.67502022
[GPU 0] [00:01:51] [INFO] Data: cultural-traditions | Experts: ['core']
[GPU 0] [00:02:06] [INFO] loss: 1.72781682
[GPU 0] [00:02:06] [INFO] ---- Begin Eval ----
[GPU 0] [00:02:06] [INFO] Data: core | Experts: ['a-deadline-or-time-limit', 'core']
[GPU 0] [00:13:37] [INFO] loss: 1.64548099
[GPU 0] [00:13:37] [INFO] Data: a-deadline-or-time-limit | Experts: ['a-deadline-or-time-limit', 'core']
[GPU 0] [00:13:53] [INFO] loss: 1.72450376
[GPU 0] [00:13:53] [INFO] Data: alien-encounters | Experts: ['a-deadline-or-time-limit', 'core']
[GPU 0] [00:14:09] [INFO] loss: 1.69979787
[GPU 0] [00:14:09] [INFO] Data: bygone-eras | Experts: ['a-deadline-or-time-limit', 'core']
[GPU 0] [00:14:25] [INFO] loss: 1.67521954
[GPU 0] [00:14:25] [INFO] Data: cultural-traditions | Experts: ['a-deadline-or-time-limit', 'core']
[GPU 0] [00:14:41] [INFO] loss: 1.72635984
[GPU 0] [00:14:41] [INFO] ---- Begin Eval ----
[GPU 0] [00:14:41] [INFO] Data: core | Experts: ['alien-encounters', 'core']
[GPU 0] [00:26:10] [INFO] loss: 1.64532733
[GPU 0] [00:26:10] [INFO] Data: a-deadline-or-time-limit | Experts: ['alien-encounters', 'core']
[GPU 0] [00:26:27] [INFO] loss: 1.84079599
[GPU 0] [00:26:27] [INFO] Data: alien-encounters | Experts: ['alien-encounters', 'core']
[GPU 0] [00:26:42] [INFO] loss: 1.60921443
[GPU 0] [00:26:42] [INFO] Data: bygone-eras | Experts: ['alien-encounters', 'core']
[GPU 0] [00:26:58] [INFO] loss: 1.67592299
[GPU 0] [00:26:58] [INFO] Data: cultural-traditions | Experts: ['alien-encounters', 'core']
[GPU 0] [00:27:14] [INFO] loss: 1.72805369
[GPU 0] [00:27:14] [INFO] ---- Begin Eval ----
[GPU 0] [00:27:14] [INFO] Data: core | Experts: ['bygone-eras', 'core']
[GPU 0] [00:38:44] [INFO] loss: 1.64446425
[GPU 0] [00:38:44] [INFO] Data: a-deadline-or-time-limit | Experts: ['bygone-eras', 'core']
[GPU 0] [00:39:00] [INFO] loss: 1.83907342
[GPU 0] [00:39:00] [INFO] Data: alien-encounters | Experts: ['bygone-eras', 'core']
[GPU 0] [00:39:16] [INFO] loss: 1.69933891
[GPU 0] [00:39:16] [INFO] Data: bygone-eras | Experts: ['bygone-eras', 'core']
[GPU 0] [00:39:32] [INFO] loss: 1.66845119
[GPU 0] [00:39:32] [INFO] Data: cultural-traditions | Experts: ['bygone-eras', 'core']
[GPU 0] [00:39:47] [INFO] loss: 1.72399247
[GPU 0] [00:39:47] [INFO] ---- Begin Eval ----
[GPU 0] [00:39:47] [INFO] Data: core | Experts: ['core', 'cultural-traditions']
[GPU 0] [00:51:17] [INFO] loss: 1.64458728
[GPU 0] [00:51:17] [INFO] Data: a-deadline-or-time-limit | Experts: ['core', 'cultural-traditions']
[GPU 0] [00:51:33] [INFO] loss: 1.83806360
[GPU 0] [00:51:33] [INFO] Data: alien-encounters | Experts: ['core', 'cultural-traditions']
[GPU 0] [00:51:49] [INFO] loss: 1.69906116
[GPU 0] [00:51:49] [INFO] Data: bygone-eras | Experts: ['core', 'cultural-traditions']
[GPU 0] [00:52:05] [INFO] loss: 1.67245352
[GPU 0] [00:52:05] [INFO] Data: cultural-traditions | Experts: ['core', 'cultural-traditions']
[GPU 0] [00:52:20] [INFO] loss: 1.70513844
[GPU 0] [00:52:20] [INFO] ---- Begin Eval ----
[GPU 0] [00:52:20] [INFO] Data: core | Experts: ['a-deadline-or-time-limit', 'alien-encounters', 'bygone-eras', 'core', 'cultural-traditions']
[GPU 0] [01:04:03] [INFO] loss: 1.65065944
[GPU 0] [01:04:03] [INFO] Data: a-deadline-or-time-limit | Experts: ['a-deadline-or-time-limit', 'alien-encounters', 'bygone-eras', 'core', 'cultural-traditions']
[GPU 0] [01:04:19] [INFO] loss: 1.72407925
[GPU 0] [01:04:19] [INFO] Data: alien-encounters | Experts: ['a-deadline-or-time-limit', 'alien-encounters', 'bygone-eras', 'core', 'cultural-traditions']
[GPU 0] [01:04:35] [INFO] loss: 1.61175525
[GPU 0] [01:04:35] [INFO] Data: bygone-eras | Experts: ['a-deadline-or-time-limit', 'alien-encounters', 'bygone-eras', 'core', 'cultural-traditions']
[GPU 0] [01:04:51] [INFO] loss: 1.67120099
[GPU 0] [01:04:51] [INFO] Data: cultural-traditions | Experts: ['a-deadline-or-time-limit', 'alien-encounters', 'bygone-eras', 'core', 'cultural-traditions']
[GPU 0] [01:05:07] [INFO] loss: 1.70479941
[GPU 0] [01:05:07] [INFO] ---- Begin Eval ----
[GPU 0] [01:05:07] [INFO] Data: core | Experts: ['alien-encounters', 'bygone-eras', 'core', 'cultural-traditions']
[GPU 0] [01:18:40] [INFO] loss: 1.64733434
[GPU 0] [01:18:40] [INFO] Data: a-deadline-or-time-limit | Experts: ['alien-encounters', 'bygone-eras', 'core', 'cultural-traditions']
[GPU 0] [01:19:00] [INFO] loss: 1.83819211
[GPU 0] [01:19:00] [INFO] Data: alien-encounters | Experts: ['alien-encounters', 'bygone-eras', 'core', 'cultural-traditions']
[GPU 0] [01:19:18] [INFO] loss: 1.60993826
[GPU 0] [01:19:18] [INFO] Data: bygone-eras | Experts: ['alien-encounters', 'bygone-eras', 'core', 'cultural-traditions']
[GPU 0] [01:19:37] [INFO] loss: 1.66865194
[GPU 0] [01:19:37] [INFO] Data: cultural-traditions | Experts: ['alien-encounters', 'bygone-eras', 'core', 'cultural-traditions']
[GPU 0] [01:19:55] [INFO] loss: 1.70365036
[GPU 0] [01:19:55] [INFO] ----------------------------------------
[GPU 0] [01:19:55] [INFO] Finished. See /Users/jarrett/dev/gram-quant/modular-pretraining/results/stories_phase2/seed_1/20260718174851965051
