[GPU 0] [20:47:59] [INFO] Git branch: AGI-1696-New-Dataset-Runs_ethan, commit: 1bf4e7ad375fe352c2442b755c53e6d26805e7d7
[GPU 0] [20:47:59] [INFO] Number of GPUs: 8
[GPU 0] [20:48:01] [INFO] Tokenizer vocabulary: 50257
[GPU 0] [20:48:01] [INFO] Set model vocab size to nearest multiple of 64 of tokenizer size: 50304
[GPU 0] [20:48:07] [INFO] target effective batch size: 641, actual effective batch size: 672, micro batch size: 12, accumulation steps: 7, num gpus: 8
[GPU 0] [20:48:07] [INFO] core total number of tokens: 66749057569
[GPU 0] [20:48:07] [INFO] Baseline model has 806,509,504 parameters
[GPU 0] [20:48:07] [INFO] core: chinchilla optimal tokens: 16,130,190,080, requested proportion: 1.0000, requested number of tokens: 16,130,190,080.0, 
[GPU 0] [20:48:07] [INFO] aux total number of tokens: 4835776549
[GPU 0] [20:48:07] [INFO] Baseline model has 806,509,504 parameters
[GPU 0] [20:48:07] [INFO] aux: chinchilla optimal tokens: 16,130,190,080, requested proportion: 0.0100, requested number of tokens: 161,301,900.8, 
[GPU 0] [20:48:07] [DEBUG] Saved config to /workspace/gradient-routing/experiments/AGI-1699-New-Dataset-Runs/results/scaling/realistic/coreftaux/800M/seed_1/20260526204750347853/config.json
[GPU 0] [20:48:07] [DEBUG] {
    "stages": [
        {
            "name": "coreftaux",
            "num_checkpoints": -1,
            "lr": 0.0005663534909876918,
            "res_dir": "/workspace/gradient-routing/experiments/AGI-1699-New-Dataset-Runs/results/scaling/realistic/coreftaux/800M/seed_1/20260526204750347853/coreftaux",
            "acc_mode": "uniform",
            "do_eval": true,
            "do_sample": false,
            "num_train_evals": 0,
            "do_elicit": true,
            "elicit_eval_prc": 0.5,
            "elicit_num_evals": 100,
            "retain_targets": null,
            "aux_factor": 1.0,
            "core_aux_ratio": 4.0,
            "label_prc": 1.0,
            "ft_lr_factor": 0.2
        }
    ],
    "model": {
        "arch": "base",
        "tokenizer": "GPT2Tokenizer(name_or_path='EleutherAI/gpt-neo-125M', vocab_size=50257, model_max_length=2048, padding_side='right', truncation_side='right', special_tokens={'bos_token': '<|endoftext|>', 'eos_token': '<|endoftext|>', 'unk_token': '<|endoftext|>'}, added_tokens_decoder={\n\t50256: AddedToken(\"<|endoftext|>\", rstrip=False, lstrip=False, single_word=False, normalized=True, special=True),\n}\n)",
        "ctx_len": 1024,
        "vocab_size": 50304,
        "num_layers": 24,
        "num_heads": 8,
        "num_key_value": 2,
        "attn_bias": true,
        "eos_token_id": 50256,
        "embed_dim": 1600,
        "mlp_dim": 6400
    },
    "data": {
        "dirs": [
            "/workspace/gradient-routing/experiments/AGI-1699-New-Dataset-Runs/src/data/fineweb",
            "/workspace/gradient-routing/experiments/AGI-1699-New-Dataset-Runs/src/data/code",
            "/workspace/gradient-routing/experiments/AGI-1699-New-Dataset-Runs/src/data/papers"
        ],
        "core": {
            "labels": [
                "fineweb",
                "code-other",
                "papers-other"
            ],
            "method": "optimal",
            "limit": 1.0,
            "dist": {
                "fineweb": 0.84,
                "code-other": 0.15,
                "papers-other": 0.01
            },
            "num_tok": 16130190080.0
        },
        "aux": {
            "labels": [
                "code-lisp",
                "papers-biology",
                "papers-nuclear",
                "papers-cyber"
            ],
            "method": "optimal",
            "limit": 0.01,
            "dist": {
                "code-lisp": 0.25,
                "papers-biology": 0.25,
                "papers-nuclear": 0.25,
                "papers-cyber": 0.25
            },
            "num_tok": 161301900.8
        }
    },
    "run": {
        "target_effective_batch_size": 641,
        "effective_batch_size": 672,
        "micro_batch_size": 12,
        "accumulation_steps": 7,
        "max_num_test_sequences": 10000,
        "eval_all_labels": false,
        "micro_batch_anchors": [
            [
                400000000.0,
                23
            ],
            [
                5000000000.0,
                2
            ]
        ],
        "epochs": 1,
        "adam_betas": [
            0.9,
            0.95
        ],
        "warmup_prc": 0.02,
        "decay_prc": 0.1,
        "seed": 1,
        "compile": true,
        "find_unused_parameters": false,
        "is_ddp": true,
        "cleanup_distributed": false,
        "log_level": "DEBUG",
        "num_gpus": 8,
        "process_id": 0,
        "num_base_params": 806509504,
        "device": "cuda",
        "logger": "<Logger training_20260526204750347853 (DEBUG)>",
        "labels": [
            "core",
            "code-lisp",
            "papers-biology",
            "papers-cyber",
            "papers-nuclear"
        ],
        "loaders": {
            "code-lisp": {
                "train": "SingleDataLoader(code-lisp_train_001.bin, len=410)",
                "test": "InterleavedDataLoader(len=105)"
            },
            "code-other": {
                "train": "InterleavedDataLoader(len=24612)",
                "test": "SingleDataLoader(code-other_test_010.bin, len=105)"
            },
            "fineweb": {
                "train": "InterleavedDataLoader(len=137831)",
                "test": "InterleavedDataLoader(len=105)"
            },
            "papers-biology": {
                "train": "SingleDataLoader(papers-biology_train.bin, len=410)",
                "test": "SingleDataLoader(papers-biology_test.bin, len=105)"
            },
            "papers-cyber": {
                "train": "SingleDataLoader(papers-cyber_train.bin, len=410)",
                "test": "SingleDataLoader(papers-cyber_test.bin, len=105)"
            },
            "papers-nuclear": {
                "train": "SingleDataLoader(papers-nuclear_train.bin, len=410)",
                "test": "SingleDataLoader(papers-nuclear_test.bin, len=105)"
            },
            "papers-other": {
                "train": "SingleDataLoader(papers-other_train.bin, len=1640)",
                "test": "SingleDataLoader(papers-other_test.bin, len=105)"
            },
            "core": {
                "train": "InterleavedDataLoader(len=164083)",
                "test": "InterleavedDataLoader(len=315)"
            },
            "aux": {
                "train": "InterleavedDataLoader(len=1640)",
                "test": "InterleavedDataLoader(len=420)"
            },
            "all": {
                "train": "InterleavedDataLoader(len=165723)",
                "test": "InterleavedDataLoader(len=735)"
            }
        },
        "res_root": "/workspace/gradient-routing/experiments/AGI-1699-New-Dataset-Runs/results/scaling/realistic/coreftaux/800M/seed_1",
        "experiment_id": "20260526204750347853",
        "s3_bucket": "ae-gradient-routing-results",
        "s3_prefix": "scaling/realistic/coreftaux/800M/seed_1"
    },
    "label_prc": 1.0
}
[GPU 0] [20:48:07] [INFO] Loader code-lisp train: 410, test: 105
[GPU 0] [20:48:07] [INFO] Loader code-other train: 24612, test: 105
[GPU 0] [20:48:07] [INFO] Loader fineweb train: 137831, test: 105
[GPU 0] [20:48:07] [INFO] Loader papers-biology train: 410, test: 105
[GPU 0] [20:48:07] [INFO] Loader papers-cyber train: 410, test: 105
[GPU 0] [20:48:07] [INFO] Loader papers-nuclear train: 410, test: 105
[GPU 0] [20:48:07] [INFO] Loader papers-other train: 1640, test: 105
[GPU 0] [20:48:07] [INFO] Loader core train: 164083, test: 315
[GPU 0] [20:48:07] [INFO] Loader aux train: 1640, test: 420
[GPU 0] [20:48:07] [INFO] Loader all train: 165723, test: 735
[GPU 0] [20:48:07] [INFO] Stage [coreftaux] start: {"name": "coreftaux", "num_checkpoints": -1, "lr": 0.0005663534909876918, "res_dir": "/workspace/gradient-routing/experiments/AGI-1699-New-Dataset-Runs/results/scaling/realistic/coreftaux/800M/seed_1/20260526204750347853/coreftaux", "acc_mode": "uniform", "do_eval": true, "do_sample": false, "num_train_evals": 0, "do_elicit": true, "elicit_eval_prc": 0.5, "elicit_num_evals": 100, "retain_targets": null, "aux_factor": 1.0, "core_aux_ratio": 4.0, "label_prc": 1.0, "ft_lr_factor": 0.2}
[GPU 0] [20:48:07] [INFO] CORE FT AUX - BASE PHASE START
[GPU 0] [20:48:14] [INFO] Initialized BaseTransformer with 806,509,504 total parameters
[GPU 0] [20:48:14] [INFO] Compiling BaseTransformer with torch.compile...
[GPU 0] [20:48:15] [INFO] torch.compile done
[GPU 0] [20:48:18] [WARNING] restore_partial_state: no checkpoint found at /workspace/gradient-routing/experiments/AGI-1699-New-Dataset-Runs/results/scaling/realistic/coreftaux/800M/seed_1/20260526204750347853/coreftaux/core
[GPU 0] [20:48:18] [INFO] ---- Begin CoreFTAux | Phase: base | Data Label: core ----
[GPU 0] [20:48:18] [DEBUG] acc_mode: uniform, label_prc: 1.0, lr: 0.0005663534909876918
[GPU 0] [20:48:18] [INFO] 
len_all: 165723, len_all_labeled: 165723, len_all_unlabeled: 0,
len_base: 157523, len_ft: 8200,
len_core_for_ft: 6560, len_aux_for_ft: 1640,
aux_factor: {'code-lisp': 1.0, 'papers-biology': 1.0, 'papers-nuclear': 1.0, 'papers-cyber': 1.0}, core_aux_ratio: 4.0,
[GPU 0] [20:48:18] [INFO] Batch [core] count: 157521
[GPU 0] [20:48:18] [INFO] num_total_steps: 22503
[GPU 0] [20:48:18] [INFO] warmup_steps: 450
[GPU 0] [20:48:18] [INFO] constant_steps: 19803
[GPU 0] [20:48:18] [INFO] decay_steps: 2250
[GPU 0] [20:48:18] [INFO] LR Scheduler: Warmup Start
[GPU 0] [20:49:38] [INFO] Step: 1, LR: 1.27e-06
[GPU 0] [20:49:38] [INFO] Train Loss: CORE: 11.21 CODE-LISP: nan PAPERS-BIOLOGY: nan PAPERS-CYBER: nan PAPERS-NUCLEAR: nan 
[GPU 0] [20:59:29] [INFO] LR Scheduler: Constant Start
[GPU 0] [21:11:30] [INFO] Step: 1000, LR: 5.66e-04
[GPU 0] [21:11:30] [INFO] Train Loss: CORE: 2.79 CODE-LISP: nan PAPERS-BIOLOGY: nan PAPERS-CYBER: nan PAPERS-NUCLEAR: nan 
[GPU 0] [21:33:21] [INFO] Step: 2000, LR: 5.66e-04
[GPU 0] [21:33:21] [INFO] Train Loss: CORE: 3.21 CODE-LISP: nan PAPERS-BIOLOGY: nan PAPERS-CYBER: nan PAPERS-NUCLEAR: nan 
[GPU 0] [21:55:13] [INFO] Step: 3000, LR: 5.66e-04
[GPU 0] [21:55:13] [INFO] Train Loss: CORE: 2.41 CODE-LISP: nan PAPERS-BIOLOGY: nan PAPERS-CYBER: nan PAPERS-NUCLEAR: nan 
[GPU 0] [22:17:04] [INFO] Step: 4000, LR: 5.66e-04
[GPU 0] [22:17:04] [INFO] Train Loss: CORE: 3.08 CODE-LISP: nan PAPERS-BIOLOGY: nan PAPERS-CYBER: nan PAPERS-NUCLEAR: nan 
[GPU 0] [22:38:55] [INFO] Step: 5000, LR: 5.66e-04
[GPU 0] [22:38:55] [INFO] Train Loss: CORE: 2.33 CODE-LISP: nan PAPERS-BIOLOGY: nan PAPERS-CYBER: nan PAPERS-NUCLEAR: nan 
[GPU 0] [23:00:46] [INFO] Step: 6000, LR: 5.66e-04
[GPU 0] [23:00:46] [INFO] Train Loss: CORE: 2.69 CODE-LISP: nan PAPERS-BIOLOGY: nan PAPERS-CYBER: nan PAPERS-NUCLEAR: nan 
[GPU 0] [23:22:37] [INFO] Step: 7000, LR: 5.66e-04
[GPU 0] [23:22:37] [INFO] Train Loss: CORE: 2.65 CODE-LISP: nan PAPERS-BIOLOGY: nan PAPERS-CYBER: nan PAPERS-NUCLEAR: nan 
[GPU 0] [23:44:27] [INFO] Step: 8000, LR: 5.66e-04
[GPU 0] [23:44:27] [INFO] Train Loss: CORE: 2.21 CODE-LISP: nan PAPERS-BIOLOGY: nan PAPERS-CYBER: nan PAPERS-NUCLEAR: nan 
[GPU 0] [00:06:17] [INFO] Step: 9000, LR: 5.66e-04
[GPU 0] [00:06:17] [INFO] Train Loss: CORE: 2.41 CODE-LISP: nan PAPERS-BIOLOGY: nan PAPERS-CYBER: nan PAPERS-NUCLEAR: nan 
[GPU 0] [00:28:08] [INFO] Step: 10000, LR: 5.66e-04
[GPU 0] [00:28:08] [INFO] Train Loss: CORE: 2.92 CODE-LISP: nan PAPERS-BIOLOGY: nan PAPERS-CYBER: nan PAPERS-NUCLEAR: nan 
[GPU 0] [00:49:58] [INFO] Step: 11000, LR: 5.66e-04
[GPU 0] [00:49:58] [INFO] Train Loss: CORE: 2.59 CODE-LISP: nan PAPERS-BIOLOGY: nan PAPERS-CYBER: nan PAPERS-NUCLEAR: nan 
[GPU 0] [01:11:49] [INFO] Step: 12000, LR: 5.66e-04
[GPU 0] [01:11:49] [INFO] Train Loss: CORE: 2.40 CODE-LISP: nan PAPERS-BIOLOGY: nan PAPERS-CYBER: nan PAPERS-NUCLEAR: nan 
[GPU 0] [01:33:40] [INFO] Step: 13000, LR: 5.66e-04
[GPU 0] [01:33:40] [INFO] Train Loss: CORE: 2.80 CODE-LISP: nan PAPERS-BIOLOGY: nan PAPERS-CYBER: nan PAPERS-NUCLEAR: nan 
[GPU 0] [01:55:30] [INFO] Step: 14000, LR: 5.66e-04
[GPU 0] [01:55:30] [INFO] Train Loss: CORE: 2.52 CODE-LISP: nan PAPERS-BIOLOGY: nan PAPERS-CYBER: nan PAPERS-NUCLEAR: nan 
[GPU 0] [02:17:21] [INFO] Step: 15000, LR: 5.66e-04
[GPU 0] [02:17:21] [INFO] Train Loss: CORE: 2.39 CODE-LISP: nan PAPERS-BIOLOGY: nan PAPERS-CYBER: nan PAPERS-NUCLEAR: nan 
[GPU 0] [02:39:11] [INFO] Step: 16000, LR: 5.66e-04
[GPU 0] [02:39:11] [INFO] Train Loss: CORE: 2.54 CODE-LISP: nan PAPERS-BIOLOGY: nan PAPERS-CYBER: nan PAPERS-NUCLEAR: nan 
[GPU 0] [03:01:02] [INFO] Step: 17000, LR: 5.66e-04
[GPU 0] [03:01:02] [INFO] Train Loss: CORE: 2.16 CODE-LISP: nan PAPERS-BIOLOGY: nan PAPERS-CYBER: nan PAPERS-NUCLEAR: nan 
[GPU 0] [03:22:53] [INFO] Step: 18000, LR: 5.66e-04
[GPU 0] [03:22:53] [INFO] Train Loss: CORE: 1.92 CODE-LISP: nan PAPERS-BIOLOGY: nan PAPERS-CYBER: nan PAPERS-NUCLEAR: nan 
[GPU 0] [03:44:44] [INFO] Step: 19000, LR: 5.66e-04
[GPU 0] [03:44:44] [INFO] Train Loss: CORE: 2.28 CODE-LISP: nan PAPERS-BIOLOGY: nan PAPERS-CYBER: nan PAPERS-NUCLEAR: nan 
[GPU 0] [04:06:34] [INFO] Step: 20000, LR: 5.66e-04
[GPU 0] [04:06:34] [INFO] Train Loss: CORE: 2.50 CODE-LISP: nan PAPERS-BIOLOGY: nan PAPERS-CYBER: nan PAPERS-NUCLEAR: nan 
[GPU 0] [04:12:05] [INFO] LR Scheduler: Decay Start
[GPU 0] [04:28:25] [INFO] Step: 21000, LR: 3.78e-04
[GPU 0] [04:28:25] [INFO] Train Loss: CORE: 2.27 CODE-LISP: nan PAPERS-BIOLOGY: nan PAPERS-CYBER: nan PAPERS-NUCLEAR: nan 
[GPU 0] [04:50:15] [INFO] Step: 22000, LR: 1.27e-04
[GPU 0] [04:50:15] [INFO] Train Loss: CORE: 2.42 CODE-LISP: nan PAPERS-BIOLOGY: nan PAPERS-CYBER: nan PAPERS-NUCLEAR: nan 
[GPU 0] [05:01:14] [INFO] Step: 22503, LR: 1.00e-08
[GPU 0] [05:01:14] [INFO] Train Loss: CORE: 2.47 CODE-LISP: nan PAPERS-BIOLOGY: nan PAPERS-CYBER: nan PAPERS-NUCLEAR: nan 
[GPU 0] [05:02:32] [INFO] ---- Begin Eval ----
[GPU 0] [05:02:32] [INFO] Data: core | Experts: None
[GPU 0] [05:03:38] [INFO] loss: 1.87449622
[GPU 0] [05:03:38] [INFO] Data: code-lisp | Experts: None
[GPU 0] [05:03:45] [INFO] loss: 1.38326359
[GPU 0] [05:03:45] [INFO] Data: papers-biology | Experts: None
[GPU 0] [05:03:53] [INFO] loss: 2.47302818
[GPU 0] [05:03:53] [INFO] Data: papers-nuclear | Experts: None
[GPU 0] [05:04:00] [INFO] loss: 2.84685659
[GPU 0] [05:04:00] [INFO] Data: papers-cyber | Experts: None
[GPU 0] [05:04:07] [INFO] loss: 2.71095610
[GPU 0] [05:04:09] [INFO] CORE FT AUX - BASE PHASE - ADVERSARIAL FT START
[GPU 0] [05:04:11] [INFO] ---- Begin FT | Experts: None | Data: ['code-lisp'] ----
[GPU 0] [05:04:11] [DEBUG] num_seq: 512, num_rounds: 200, patience: 10
[GPU 0] [05:04:11] [DEBUG] local_x: torch.Size([64, 1024]), local_y: torch.Size([64, 1024]), num_steps: 6, per_gpu: 64, mbs_size: 12
[GPU 0] [05:05:53] [INFO] New best validation loss: 1.5038 @ step 0
[GPU 0] [05:06:02] [INFO] New best validation loss: 1.3237 @ step 1
[GPU 0] [05:06:10] [INFO] New best validation loss: 1.2644 @ step 2
[GPU 0] [05:06:19] [INFO] New best validation loss: 1.2206 @ step 3
[GPU 0] [05:06:28] [INFO] New best validation loss: 1.1917 @ step 4
[GPU 0] [05:06:37] [INFO] New best validation loss: 1.1735 @ step 5
[GPU 0] [05:06:45] [INFO] New best validation loss: 1.1576 @ step 6
[GPU 0] [05:06:54] [INFO] New best validation loss: 1.1419 @ step 7
[GPU 0] [05:07:03] [INFO] New best validation loss: 1.1272 @ step 8
[GPU 0] [05:07:11] [INFO] New best validation loss: 1.1142 @ step 9
[GPU 0] [05:07:20] [INFO] New best validation loss: 1.1033 @ step 10
[GPU 0] [05:07:29] [INFO] New best validation loss: 1.0931 @ step 11
[GPU 0] [05:07:38] [INFO] New best validation loss: 1.0840 @ step 12
[GPU 0] [05:07:46] [INFO] New best validation loss: 1.0756 @ step 13
[GPU 0] [05:07:55] [INFO] New best validation loss: 1.0678 @ step 14
[GPU 0] [05:08:04] [INFO] New best validation loss: 1.0611 @ step 15
[GPU 0] [05:08:13] [INFO] New best validation loss: 1.0557 @ step 16
[GPU 0] [05:08:21] [INFO] New best validation loss: 1.0509 @ step 17
[GPU 0] [05:08:30] [INFO] New best validation loss: 1.0470 @ step 18
[GPU 0] [05:08:39] [INFO] New best validation loss: 1.0444 @ step 19
[GPU 0] [05:08:47] [INFO] New best validation loss: 1.0425 @ step 20
[GPU 0] [05:08:56] [INFO] New best validation loss: 1.0409 @ step 21
[GPU 0] [05:09:05] [INFO] New best validation loss: 1.0398 @ step 22
[GPU 0] [05:09:14] [INFO] New best validation loss: 1.0395 @ step 23
[GPU 0] [05:10:49] [INFO] Stop FT @ 35: no val improvement for 10 steps
[GPU 0] [05:10:49] [INFO] Wrote stats.jsonl entries at FT step 23 
[GPU 0] [05:10:51] [INFO] ---- Begin FT | Experts: None | Data: ['papers-biology'] ----
[GPU 0] [05:10:51] [DEBUG] num_seq: 512, num_rounds: 200, patience: 10
[GPU 0] [05:10:51] [DEBUG] local_x: torch.Size([64, 1024]), local_y: torch.Size([64, 1024]), num_steps: 6, per_gpu: 64, mbs_size: 12
[GPU 0] [05:10:59] [INFO] New best validation loss: 2.5744 @ step 0
[GPU 0] [05:11:08] [INFO] New best validation loss: 2.4858 @ step 1
[GPU 0] [05:11:43] [INFO] New best validation loss: 2.4851 @ step 5
[GPU 0] [05:11:52] [INFO] New best validation loss: 2.4844 @ step 6
[GPU 0] [05:13:28] [INFO] Stop FT @ 18: no val improvement for 10 steps
[GPU 0] [05:13:28] [INFO] Wrote stats.jsonl entries at FT step 6 
[GPU 0] [05:13:29] [INFO] ---- Begin FT | Experts: None | Data: ['papers-cyber'] ----
[GPU 0] [05:13:29] [DEBUG] num_seq: 512, num_rounds: 200, patience: 10
[GPU 0] [05:13:29] [DEBUG] local_x: torch.Size([64, 1024]), local_y: torch.Size([64, 1024]), num_steps: 6, per_gpu: 64, mbs_size: 12
[GPU 0] [05:13:37] [INFO] New best validation loss: 2.8390 @ step 0
[GPU 0] [05:13:46] [INFO] New best validation loss: 2.7279 @ step 1
[GPU 0] [05:15:23] [INFO] Stop FT @ 13: no val improvement for 10 steps
[GPU 0] [05:15:23] [INFO] Wrote stats.jsonl entries at FT step 1 
[GPU 0] [05:15:24] [INFO] ---- Begin FT | Experts: None | Data: ['papers-nuclear'] ----
[GPU 0] [05:15:24] [DEBUG] num_seq: 512, num_rounds: 200, patience: 10
[GPU 0] [05:15:24] [DEBUG] local_x: torch.Size([64, 1024]), local_y: torch.Size([64, 1024]), num_steps: 6, per_gpu: 64, mbs_size: 12
[GPU 0] [05:15:33] [INFO] New best validation loss: 2.9898 @ step 0
[GPU 0] [05:15:42] [INFO] New best validation loss: 2.8546 @ step 1
[GPU 0] [05:15:50] [INFO] New best validation loss: 2.8378 @ step 2
[GPU 0] [05:17:27] [INFO] Stop FT @ 14: no val improvement for 10 steps
[GPU 0] [05:17:27] [INFO] Wrote stats.jsonl entries at FT step 2 
[GPU 0] [05:17:28] [INFO] CORE FT AUX - AUX PHASE: code-lisp
[GPU 0] [05:17:29] [WARNING] restore_partial_state: no checkpoint found at /workspace/gradient-routing/experiments/AGI-1699-New-Dataset-Runs/results/scaling/realistic/coreftaux/800M/seed_1/20260526204750347853/coreftaux/core_code-lisp
[GPU 0] [05:17:29] [INFO] ---- Begin CoreFTAux | Phase: ft | Data Label: code-lisp ----
[GPU 0] [05:17:29] [DEBUG] acc_mode: uniform, label_prc: 1.0, lr: 0.00011327069819753836
[GPU 0] [05:17:29] [INFO] 
len_all: 165723, len_all_labeled: 165723, len_all_unlabeled: 0,
len_base: 157523, len_ft: 8200,
len_core_for_ft: 6560, len_aux_for_ft: 1640,
aux_factor: {'code-lisp': 1.0, 'papers-biology': 1.0, 'papers-nuclear': 1.0, 'papers-cyber': 1.0}, core_aux_ratio: 4.0,
[GPU 0] [05:17:29] [INFO] Batch [code-lisp] count: 413
[GPU 0] [05:17:29] [INFO] Batch [core] count: 1638
[GPU 0] [05:17:29] [INFO] num_total_steps: 293
[GPU 0] [05:17:29] [INFO] warmup_steps: 6
[GPU 0] [05:17:29] [INFO] constant_steps: 258
[GPU 0] [05:17:29] [INFO] decay_steps: 29
[GPU 0] [05:17:29] [INFO] LR Scheduler: Warmup Start
[GPU 0] [05:17:30] [INFO] Step: 1, LR: 1.89e-05
[GPU 0] [05:17:30] [INFO] Train Loss: CORE: 2.72 CODE-LISP: nan PAPERS-BIOLOGY: nan PAPERS-CYBER: nan PAPERS-NUCLEAR: nan 
[GPU 0] [05:17:37] [INFO] LR Scheduler: Constant Start
[GPU 0] [05:23:15] [INFO] LR Scheduler: Decay Start
[GPU 0] [05:23:53] [INFO] Step: 293, LR: 1.00e-08
[GPU 0] [05:23:53] [INFO] Train Loss: CORE: 2.41 CODE-LISP: 0.75 PAPERS-BIOLOGY: nan PAPERS-CYBER: nan PAPERS-NUCLEAR: nan 
[GPU 0] [05:25:11] [INFO] ---- Begin Eval ----
[GPU 0] [05:25:11] [INFO] Data: core | Experts: None
[GPU 0] [05:25:33] [INFO] loss: 1.87938368
[GPU 0] [05:25:33] [INFO] Data: code-lisp | Experts: None
[GPU 0] [05:25:40] [INFO] loss: 0.87933183
[GPU 0] [05:25:40] [INFO] Data: papers-biology | Experts: None
[GPU 0] [05:25:48] [INFO] loss: 2.47725058
[GPU 0] [05:25:48] [INFO] Data: papers-nuclear | Experts: None
[GPU 0] [05:25:55] [INFO] loss: 2.85345984
[GPU 0] [05:25:55] [INFO] Data: papers-cyber | Experts: None
[GPU 0] [05:26:03] [INFO] loss: 2.71662927
[GPU 0] [05:26:04] [INFO] CORE FT AUX - AUX PHASE: code-lisp - ADVERSARIAL FT START
[GPU 0] [05:26:06] [INFO] ---- Begin FT | Experts: None | Data: ['papers-biology'] ----
[GPU 0] [05:26:06] [DEBUG] num_seq: 512, num_rounds: 200, patience: 10
[GPU 0] [05:26:06] [DEBUG] local_x: torch.Size([64, 1024]), local_y: torch.Size([64, 1024]), num_steps: 6, per_gpu: 64, mbs_size: 12
[GPU 0] [05:26:15] [INFO] New best validation loss: 2.5800 @ step 0
[GPU 0] [05:26:24] [INFO] New best validation loss: 2.4868 @ step 1
[GPU 0] [05:26:33] [INFO] New best validation loss: 2.4855 @ step 2
[GPU 0] [05:28:09] [INFO] Stop FT @ 14: no val improvement for 10 steps
[GPU 0] [05:28:09] [INFO] Wrote stats.jsonl entries at FT step 2 
[GPU 0] [05:28:10] [INFO] ---- Begin FT | Experts: None | Data: ['papers-cyber'] ----
[GPU 0] [05:28:10] [DEBUG] num_seq: 512, num_rounds: 200, patience: 10
[GPU 0] [05:28:10] [DEBUG] local_x: torch.Size([64, 1024]), local_y: torch.Size([64, 1024]), num_steps: 6, per_gpu: 64, mbs_size: 12
[GPU 0] [05:28:19] [INFO] New best validation loss: 2.8351 @ step 0
[GPU 0] [05:28:27] [INFO] New best validation loss: 2.7328 @ step 1
[GPU 0] [05:28:36] [INFO] New best validation loss: 2.7293 @ step 2
[GPU 0] [05:30:13] [INFO] Stop FT @ 14: no val improvement for 10 steps
[GPU 0] [05:30:13] [INFO] Wrote stats.jsonl entries at FT step 2 
[GPU 0] [05:30:14] [INFO] ---- Begin FT | Experts: None | Data: ['papers-nuclear'] ----
[GPU 0] [05:30:14] [DEBUG] num_seq: 512, num_rounds: 200, patience: 10
[GPU 0] [05:30:14] [DEBUG] local_x: torch.Size([64, 1024]), local_y: torch.Size([64, 1024]), num_steps: 6, per_gpu: 64, mbs_size: 12
[GPU 0] [05:30:23] [INFO] New best validation loss: 2.9855 @ step 0
[GPU 0] [05:30:32] [INFO] New best validation loss: 2.8543 @ step 1
[GPU 0] [05:30:40] [INFO] New best validation loss: 2.8401 @ step 2
[GPU 0] [05:32:16] [INFO] Stop FT @ 14: no val improvement for 10 steps
[GPU 0] [05:32:16] [INFO] Wrote stats.jsonl entries at FT step 2 
[GPU 0] [05:32:17] [INFO] CORE FT AUX - AUX PHASE: papers-biology
[GPU 0] [05:32:18] [WARNING] restore_partial_state: no checkpoint found at /workspace/gradient-routing/experiments/AGI-1699-New-Dataset-Runs/results/scaling/realistic/coreftaux/800M/seed_1/20260526204750347853/coreftaux/core_papers-biology
[GPU 0] [05:32:18] [INFO] ---- Begin CoreFTAux | Phase: ft | Data Label: papers-biology ----
[GPU 0] [05:32:18] [DEBUG] acc_mode: uniform, label_prc: 1.0, lr: 0.00011327069819753836
[GPU 0] [05:32:18] [INFO] 
len_all: 165723, len_all_labeled: 165723, len_all_unlabeled: 0,
len_base: 157523, len_ft: 8200,
len_core_for_ft: 6560, len_aux_for_ft: 1640,
aux_factor: {'code-lisp': 1.0, 'papers-biology': 1.0, 'papers-nuclear': 1.0, 'papers-cyber': 1.0}, core_aux_ratio: 4.0,
[GPU 0] [05:32:18] [INFO] Batch [core] count: 1638
[GPU 0] [05:32:18] [INFO] Batch [papers-biology] count: 413
[GPU 0] [05:32:18] [INFO] num_total_steps: 293
[GPU 0] [05:32:18] [INFO] warmup_steps: 6
[GPU 0] [05:32:18] [INFO] constant_steps: 258
[GPU 0] [05:32:18] [INFO] decay_steps: 29
[GPU 0] [05:32:18] [INFO] LR Scheduler: Warmup Start
[GPU 0] [05:32:20] [INFO] Step: 1, LR: 1.89e-05
[GPU 0] [05:32:20] [INFO] Train Loss: CORE: 2.72 CODE-LISP: nan PAPERS-BIOLOGY: nan PAPERS-CYBER: nan PAPERS-NUCLEAR: nan 
[GPU 0] [05:32:27] [INFO] LR Scheduler: Constant Start
[GPU 0] [05:38:05] [INFO] LR Scheduler: Decay Start
[GPU 0] [05:38:43] [INFO] Step: 293, LR: 1.00e-08
[GPU 0] [05:38:43] [INFO] Train Loss: CORE: 2.41 CODE-LISP: nan PAPERS-BIOLOGY: 2.33 PAPERS-CYBER: nan PAPERS-NUCLEAR: nan 
[GPU 0] [05:40:00] [INFO] ---- Begin Eval ----
[GPU 0] [05:40:00] [INFO] Data: core | Experts: None
[GPU 0] [05:40:23] [INFO] loss: 1.87698722
[GPU 0] [05:40:23] [INFO] Data: code-lisp | Experts: None
[GPU 0] [05:40:30] [INFO] loss: 1.38419819
[GPU 0] [05:40:30] [INFO] Data: papers-biology | Experts: None
[GPU 0] [05:40:37] [INFO] loss: 2.37620902
[GPU 0] [05:40:37] [INFO] Data: papers-nuclear | Experts: None
[GPU 0] [05:40:45] [INFO] loss: 2.83658838
[GPU 0] [05:40:45] [INFO] Data: papers-cyber | Experts: None
[GPU 0] [05:40:52] [INFO] loss: 2.71359730
[GPU 0] [05:40:54] [INFO] CORE FT AUX - AUX PHASE: papers-biology - ADVERSARIAL FT START
[GPU 0] [05:40:57] [INFO] ---- Begin FT | Experts: None | Data: ['code-lisp'] ----
[GPU 0] [05:40:57] [DEBUG] num_seq: 512, num_rounds: 200, patience: 10
[GPU 0] [05:40:57] [DEBUG] local_x: torch.Size([64, 1024]), local_y: torch.Size([64, 1024]), num_steps: 6, per_gpu: 64, mbs_size: 12
[GPU 0] [05:41:06] [INFO] New best validation loss: 1.5020 @ step 0
[GPU 0] [05:41:15] [INFO] New best validation loss: 1.3149 @ step 1
[GPU 0] [05:41:23] [INFO] New best validation loss: 1.2577 @ step 2
[GPU 0] [05:41:32] [INFO] New best validation loss: 1.2171 @ step 3
[GPU 0] [05:41:41] [INFO] New best validation loss: 1.1878 @ step 4
[GPU 0] [05:41:50] [INFO] New best validation loss: 1.1686 @ step 5
[GPU 0] [05:41:58] [INFO] New best validation loss: 1.1522 @ step 6
[GPU 0] [05:42:07] [INFO] New best validation loss: 1.1363 @ step 7
[GPU 0] [05:42:16] [INFO] New best validation loss: 1.1219 @ step 8
[GPU 0] [05:42:25] [INFO] New best validation loss: 1.1103 @ step 9
[GPU 0] [05:42:33] [INFO] New best validation loss: 1.0994 @ step 10
[GPU 0] [05:42:42] [INFO] New best validation loss: 1.0891 @ step 11
[GPU 0] [05:42:51] [INFO] New best validation loss: 1.0797 @ step 12
[GPU 0] [05:43:00] [INFO] New best validation loss: 1.0717 @ step 13
[GPU 0] [05:43:08] [INFO] New best validation loss: 1.0642 @ step 14
[GPU 0] [05:43:17] [INFO] New best validation loss: 1.0580 @ step 15
[GPU 0] [05:43:26] [INFO] New best validation loss: 1.0531 @ step 16
[GPU 0] [05:43:34] [INFO] New best validation loss: 1.0483 @ step 17
[GPU 0] [05:43:43] [INFO] New best validation loss: 1.0447 @ step 18
[GPU 0] [05:43:52] [INFO] New best validation loss: 1.0422 @ step 19
[GPU 0] [05:44:01] [INFO] New best validation loss: 1.0398 @ step 20
[GPU 0] [05:44:09] [INFO] New best validation loss: 1.0383 @ step 21
[GPU 0] [05:44:18] [INFO] New best validation loss: 1.0379 @ step 22
[GPU 0] [05:45:56] [INFO] Stop FT @ 34: no val improvement for 10 steps
[GPU 0] [05:45:56] [INFO] Wrote stats.jsonl entries at FT step 22 
[GPU 0] [05:45:57] [INFO] ---- Begin FT | Experts: None | Data: ['papers-cyber'] ----
[GPU 0] [05:45:57] [DEBUG] num_seq: 512, num_rounds: 200, patience: 10
[GPU 0] [05:45:57] [DEBUG] local_x: torch.Size([64, 1024]), local_y: torch.Size([64, 1024]), num_steps: 6, per_gpu: 64, mbs_size: 12
[GPU 0] [05:46:06] [INFO] New best validation loss: 2.8592 @ step 0
[GPU 0] [05:46:14] [INFO] New best validation loss: 2.7359 @ step 1
[GPU 0] [05:46:23] [INFO] New best validation loss: 2.7254 @ step 2
[GPU 0] [05:47:59] [INFO] Stop FT @ 14: no val improvement for 10 steps
[GPU 0] [05:47:59] [INFO] Wrote stats.jsonl entries at FT step 2 
[GPU 0] [05:48:00] [INFO] ---- Begin FT | Experts: None | Data: ['papers-nuclear'] ----
[GPU 0] [05:48:00] [DEBUG] num_seq: 512, num_rounds: 200, patience: 10
[GPU 0] [05:48:00] [DEBUG] local_x: torch.Size([64, 1024]), local_y: torch.Size([64, 1024]), num_steps: 6, per_gpu: 64, mbs_size: 12
[GPU 0] [05:48:09] [INFO] New best validation loss: 2.9235 @ step 0
[GPU 0] [05:48:17] [INFO] New best validation loss: 2.8354 @ step 1
[GPU 0] [05:48:26] [INFO] New best validation loss: 2.8269 @ step 2
[GPU 0] [05:50:02] [INFO] Stop FT @ 14: no val improvement for 10 steps
[GPU 0] [05:50:02] [INFO] Wrote stats.jsonl entries at FT step 2 
[GPU 0] [05:50:03] [INFO] CORE FT AUX - AUX PHASE: papers-nuclear
[GPU 0] [05:50:04] [WARNING] restore_partial_state: no checkpoint found at /workspace/gradient-routing/experiments/AGI-1699-New-Dataset-Runs/results/scaling/realistic/coreftaux/800M/seed_1/20260526204750347853/coreftaux/core_papers-nuclear
[GPU 0] [05:50:04] [INFO] ---- Begin CoreFTAux | Phase: ft | Data Label: papers-nuclear ----
[GPU 0] [05:50:04] [DEBUG] acc_mode: uniform, label_prc: 1.0, lr: 0.00011327069819753836
[GPU 0] [05:50:04] [INFO] 
len_all: 165723, len_all_labeled: 165723, len_all_unlabeled: 0,
len_base: 157523, len_ft: 8200,
len_core_for_ft: 6560, len_aux_for_ft: 1640,
aux_factor: {'code-lisp': 1.0, 'papers-biology': 1.0, 'papers-nuclear': 1.0, 'papers-cyber': 1.0}, core_aux_ratio: 4.0,
[GPU 0] [05:50:04] [INFO] Batch [core] count: 1638
[GPU 0] [05:50:04] [INFO] Batch [papers-nuclear] count: 413
[GPU 0] [05:50:04] [INFO] num_total_steps: 293
[GPU 0] [05:50:04] [INFO] warmup_steps: 6
[GPU 0] [05:50:04] [INFO] constant_steps: 258
[GPU 0] [05:50:04] [INFO] decay_steps: 29
[GPU 0] [05:50:04] [INFO] LR Scheduler: Warmup Start
[GPU 0] [05:50:06] [INFO] Step: 1, LR: 1.89e-05
[GPU 0] [05:50:06] [INFO] Train Loss: CORE: 2.72 CODE-LISP: nan PAPERS-BIOLOGY: nan PAPERS-CYBER: nan PAPERS-NUCLEAR: nan 
[GPU 0] [05:50:13] [INFO] LR Scheduler: Constant Start
[GPU 0] [05:55:51] [INFO] LR Scheduler: Decay Start
[GPU 0] [05:56:29] [INFO] Step: 293, LR: 1.00e-08
[GPU 0] [05:56:29] [INFO] Train Loss: CORE: 2.41 CODE-LISP: nan PAPERS-BIOLOGY: nan PAPERS-CYBER: nan PAPERS-NUCLEAR: 2.70 
[GPU 0] [05:57:45] [INFO] ---- Begin Eval ----
[GPU 0] [05:57:45] [INFO] Data: core | Experts: None
[GPU 0] [05:58:07] [INFO] loss: 1.87862194
[GPU 0] [05:58:07] [INFO] Data: code-lisp | Experts: None
[GPU 0] [05:58:14] [INFO] loss: 1.38242197
[GPU 0] [05:58:14] [INFO] Data: papers-biology | Experts: None
[GPU 0] [05:58:22] [INFO] loss: 2.46536446
[GPU 0] [05:58:22] [INFO] Data: papers-nuclear | Experts: None
[GPU 0] [05:58:29] [INFO] loss: 2.72544622
[GPU 0] [05:58:29] [INFO] Data: papers-cyber | Experts: None
[GPU 0] [05:58:37] [INFO] loss: 2.71298361
[GPU 0] [05:58:39] [INFO] CORE FT AUX - AUX PHASE: papers-nuclear - ADVERSARIAL FT START
[GPU 0] [05:58:42] [INFO] ---- Begin FT | Experts: None | Data: ['code-lisp'] ----
[GPU 0] [05:58:42] [DEBUG] num_seq: 512, num_rounds: 200, patience: 10
[GPU 0] [05:58:42] [DEBUG] local_x: torch.Size([64, 1024]), local_y: torch.Size([64, 1024]), num_steps: 6, per_gpu: 64, mbs_size: 12
[GPU 0] [05:58:50] [INFO] New best validation loss: 1.4884 @ step 0
[GPU 0] [05:58:59] [INFO] New best validation loss: 1.3139 @ step 1
[GPU 0] [05:59:08] [INFO] New best validation loss: 1.2622 @ step 2
[GPU 0] [05:59:16] [INFO] New best validation loss: 1.2187 @ step 3
[GPU 0] [05:59:26] [INFO] New best validation loss: 1.1881 @ step 4
[GPU 0] [05:59:34] [INFO] New best validation loss: 1.1718 @ step 5
[GPU 0] [05:59:43] [INFO] New best validation loss: 1.1536 @ step 6
[GPU 0] [05:59:52] [INFO] New best validation loss: 1.1381 @ step 7
[GPU 0] [06:00:01] [INFO] New best validation loss: 1.1243 @ step 8
[GPU 0] [06:00:11] [INFO] New best validation loss: 1.1113 @ step 9
[GPU 0] [06:00:20] [INFO] New best validation loss: 1.0993 @ step 10
[GPU 0] [06:00:29] [INFO] New best validation loss: 1.0898 @ step 11
[GPU 0] [06:00:37] [INFO] New best validation loss: 1.0814 @ step 12
[GPU 0] [06:00:46] [INFO] New best validation loss: 1.0727 @ step 13
[GPU 0] [06:00:55] [INFO] New best validation loss: 1.0652 @ step 14
[GPU 0] [06:01:04] [INFO] New best validation loss: 1.0595 @ step 15
[GPU 0] [06:01:12] [INFO] New best validation loss: 1.0537 @ step 16
[GPU 0] [06:01:21] [INFO] New best validation loss: 1.0485 @ step 17
[GPU 0] [06:01:30] [INFO] New best validation loss: 1.0450 @ step 18
[GPU 0] [06:01:39] [INFO] New best validation loss: 1.0423 @ step 19
[GPU 0] [06:01:47] [INFO] New best validation loss: 1.0410 @ step 20
[GPU 0] [06:01:56] [INFO] New best validation loss: 1.0406 @ step 21
[GPU 0] [06:02:05] [INFO] New best validation loss: 1.0400 @ step 22
[GPU 0] [06:02:14] [INFO] New best validation loss: 1.0394 @ step 23
[GPU 0] [06:02:22] [INFO] New best validation loss: 1.0392 @ step 24
[GPU 0] [06:03:58] [INFO] Stop FT @ 36: no val improvement for 10 steps
[GPU 0] [06:03:58] [INFO] Wrote stats.jsonl entries at FT step 24 
[GPU 0] [06:04:00] [INFO] ---- Begin FT | Experts: None | Data: ['papers-biology'] ----
[GPU 0] [06:04:00] [DEBUG] num_seq: 512, num_rounds: 200, patience: 10
[GPU 0] [06:04:00] [DEBUG] local_x: torch.Size([64, 1024]), local_y: torch.Size([64, 1024]), num_steps: 6, per_gpu: 64, mbs_size: 12
[GPU 0] [06:04:08] [INFO] New best validation loss: 2.6340 @ step 0
[GPU 0] [06:04:17] [INFO] New best validation loss: 2.4919 @ step 1
[GPU 0] [06:04:26] [INFO] New best validation loss: 2.4895 @ step 2
[GPU 0] [06:04:52] [INFO] New best validation loss: 2.4877 @ step 5
[GPU 0] [06:05:01] [INFO] New best validation loss: 2.4864 @ step 6
[GPU 0] [06:06:37] [INFO] Stop FT @ 18: no val improvement for 10 steps
[GPU 0] [06:06:37] [INFO] Wrote stats.jsonl entries at FT step 6 
[GPU 0] [06:06:38] [INFO] ---- Begin FT | Experts: None | Data: ['papers-cyber'] ----
[GPU 0] [06:06:38] [DEBUG] num_seq: 512, num_rounds: 200, patience: 10
[GPU 0] [06:06:38] [DEBUG] local_x: torch.Size([64, 1024]), local_y: torch.Size([64, 1024]), num_steps: 6, per_gpu: 64, mbs_size: 12
[GPU 0] [06:06:46] [INFO] New best validation loss: 2.8869 @ step 0
[GPU 0] [06:06:55] [INFO] New best validation loss: 2.7451 @ step 1
[GPU 0] [06:07:04] [INFO] New best validation loss: 2.7270 @ step 2
[GPU 0] [06:08:40] [INFO] Stop FT @ 14: no val improvement for 10 steps
[GPU 0] [06:08:40] [INFO] Wrote stats.jsonl entries at FT step 2 
[GPU 0] [06:08:41] [INFO] CORE FT AUX - AUX PHASE: papers-cyber
[GPU 0] [06:08:42] [WARNING] restore_partial_state: no checkpoint found at /workspace/gradient-routing/experiments/AGI-1699-New-Dataset-Runs/results/scaling/realistic/coreftaux/800M/seed_1/20260526204750347853/coreftaux/core_papers-cyber
[GPU 0] [06:08:42] [INFO] ---- Begin CoreFTAux | Phase: ft | Data Label: papers-cyber ----
[GPU 0] [06:08:42] [DEBUG] acc_mode: uniform, label_prc: 1.0, lr: 0.00011327069819753836
[GPU 0] [06:08:42] [INFO] 
len_all: 165723, len_all_labeled: 165723, len_all_unlabeled: 0,
len_base: 157523, len_ft: 8200,
len_core_for_ft: 6560, len_aux_for_ft: 1640,
aux_factor: {'code-lisp': 1.0, 'papers-biology': 1.0, 'papers-nuclear': 1.0, 'papers-cyber': 1.0}, core_aux_ratio: 4.0,
[GPU 0] [06:08:42] [INFO] Batch [core] count: 1638
[GPU 0] [06:08:42] [INFO] Batch [papers-cyber] count: 413
[GPU 0] [06:08:42] [INFO] num_total_steps: 293
[GPU 0] [06:08:42] [INFO] warmup_steps: 6
[GPU 0] [06:08:42] [INFO] constant_steps: 258
[GPU 0] [06:08:42] [INFO] decay_steps: 29
[GPU 0] [06:08:42] [INFO] LR Scheduler: Warmup Start
[GPU 0] [06:08:43] [INFO] Step: 1, LR: 1.89e-05
[GPU 0] [06:08:43] [INFO] Train Loss: CORE: 2.72 CODE-LISP: nan PAPERS-BIOLOGY: nan PAPERS-CYBER: nan PAPERS-NUCLEAR: nan 
[GPU 0] [06:08:50] [INFO] LR Scheduler: Constant Start
[GPU 0] [06:14:29] [INFO] LR Scheduler: Decay Start
[GPU 0] [06:15:07] [INFO] Step: 293, LR: 1.00e-08
[GPU 0] [06:15:07] [INFO] Train Loss: CORE: 2.41 CODE-LISP: nan PAPERS-BIOLOGY: nan PAPERS-CYBER: 2.55 PAPERS-NUCLEAR: nan 
[GPU 0] [06:16:24] [INFO] ---- Begin Eval ----
[GPU 0] [06:16:24] [INFO] Data: core | Experts: None
[GPU 0] [06:16:46] [INFO] loss: 1.87357235
[GPU 0] [06:16:46] [INFO] Data: code-lisp | Experts: None
[GPU 0] [06:16:54] [INFO] loss: 1.38221729
[GPU 0] [06:16:54] [INFO] Data: papers-biology | Experts: None
[GPU 0] [06:17:01] [INFO] loss: 2.46888018
[GPU 0] [06:17:01] [INFO] Data: papers-nuclear | Experts: None
[GPU 0] [06:17:09] [INFO] loss: 2.83790922
[GPU 0] [06:17:09] [INFO] Data: papers-cyber | Experts: None
[GPU 0] [06:17:16] [INFO] loss: 2.64315462
[GPU 0] [06:17:18] [INFO] CORE FT AUX - AUX PHASE: papers-cyber - ADVERSARIAL FT START
[GPU 0] [06:17:19] [INFO] ---- Begin FT | Experts: None | Data: ['code-lisp'] ----
[GPU 0] [06:17:19] [DEBUG] num_seq: 512, num_rounds: 200, patience: 10
[GPU 0] [06:17:19] [DEBUG] local_x: torch.Size([64, 1024]), local_y: torch.Size([64, 1024]), num_steps: 6, per_gpu: 64, mbs_size: 12
[GPU 0] [06:17:28] [INFO] New best validation loss: 1.5238 @ step 0
[GPU 0] [06:17:36] [INFO] New best validation loss: 1.3277 @ step 1
[GPU 0] [06:17:45] [INFO] New best validation loss: 1.2683 @ step 2
[GPU 0] [06:17:54] [INFO] New best validation loss: 1.2248 @ step 3
[GPU 0] [06:18:03] [INFO] New best validation loss: 1.1950 @ step 4
[GPU 0] [06:18:11] [INFO] New best validation loss: 1.1755 @ step 5
[GPU 0] [06:18:20] [INFO] New best validation loss: 1.1593 @ step 6
[GPU 0] [06:18:29] [INFO] New best validation loss: 1.1438 @ step 7
[GPU 0] [06:18:38] [INFO] New best validation loss: 1.1293 @ step 8
[GPU 0] [06:18:46] [INFO] New best validation loss: 1.1163 @ step 9
[GPU 0] [06:18:55] [INFO] New best validation loss: 1.1049 @ step 10
[GPU 0] [06:19:04] [INFO] New best validation loss: 1.0947 @ step 11
[GPU 0] [06:19:13] [INFO] New best validation loss: 1.0856 @ step 12
[GPU 0] [06:19:21] [INFO] New best validation loss: 1.0773 @ step 13
[GPU 0] [06:19:30] [INFO] New best validation loss: 1.0695 @ step 14
[GPU 0] [06:19:39] [INFO] New best validation loss: 1.0627 @ step 15
[GPU 0] [06:19:47] [INFO] New best validation loss: 1.0571 @ step 16
[GPU 0] [06:19:56] [INFO] New best validation loss: 1.0520 @ step 17
[GPU 0] [06:20:05] [INFO] New best validation loss: 1.0477 @ step 18
[GPU 0] [06:20:14] [INFO] New best validation loss: 1.0445 @ step 19
[GPU 0] [06:20:22] [INFO] New best validation loss: 1.0419 @ step 20
[GPU 0] [06:20:31] [INFO] New best validation loss: 1.0404 @ step 21
[GPU 0] [06:20:40] [INFO] New best validation loss: 1.0396 @ step 22
[GPU 0] [06:20:48] [INFO] New best validation loss: 1.0392 @ step 23
[GPU 0] [06:22:25] [INFO] Stop FT @ 35: no val improvement for 10 steps
[GPU 0] [06:22:25] [INFO] Wrote stats.jsonl entries at FT step 23 
[GPU 0] [06:22:26] [INFO] ---- Begin FT | Experts: None | Data: ['papers-biology'] ----
[GPU 0] [06:22:26] [DEBUG] num_seq: 512, num_rounds: 200, patience: 10
[GPU 0] [06:22:26] [DEBUG] local_x: torch.Size([64, 1024]), local_y: torch.Size([64, 1024]), num_steps: 6, per_gpu: 64, mbs_size: 12
[GPU 0] [06:22:34] [INFO] New best validation loss: 2.6013 @ step 0
[GPU 0] [06:22:43] [INFO] New best validation loss: 2.4900 @ step 1
[GPU 0] [06:22:52] [INFO] New best validation loss: 2.4848 @ step 2
[GPU 0] [06:24:28] [INFO] Stop FT @ 14: no val improvement for 10 steps
[GPU 0] [06:24:28] [INFO] Wrote stats.jsonl entries at FT step 2 
[GPU 0] [06:24:29] [INFO] ---- Begin FT | Experts: None | Data: ['papers-nuclear'] ----
[GPU 0] [06:24:29] [DEBUG] num_seq: 512, num_rounds: 200, patience: 10
[GPU 0] [06:24:29] [DEBUG] local_x: torch.Size([64, 1024]), local_y: torch.Size([64, 1024]), num_steps: 6, per_gpu: 64, mbs_size: 12
[GPU 0] [06:24:37] [INFO] New best validation loss: 2.9551 @ step 0
[GPU 0] [06:24:46] [INFO] New best validation loss: 2.8460 @ step 1
[GPU 0] [06:24:55] [INFO] New best validation loss: 2.8329 @ step 2
[GPU 0] [06:26:30] [INFO] Stop FT @ 14: no val improvement for 10 steps
[GPU 0] [06:26:30] [INFO] Wrote stats.jsonl entries at FT step 2 
[GPU 0] [06:26:35] [INFO] ----------------------------------------
[GPU 0] [06:26:35] [INFO] Finished. See /workspace/gradient-routing/experiments/AGI-1699-New-Dataset-Runs/results/scaling/realistic/coreftaux/800M/seed_1/20260526204750347853
