[GPU 0] [08:45:12] [INFO] Number of GPUs: 8
[GPU 0] [08:45:15] [INFO] Tokenizer vocabulary: 50257
[GPU 0] [08:45:15] [INFO] Set model vocab size to nearest multiple of 64 of tokenizer size: 50304
[GPU 0] [08:45:22] [INFO] target effective batch size: 641, actual effective batch size: 672, micro batch size: 12, accumulation steps: 7, num gpus: 8
[GPU 0] [08:45:22] [INFO] core total number of tokens: 66749057569
[GPU 0] [08:45:22] [INFO] Baseline model has 806,509,504 parameters
[GPU 0] [08:45:22] [INFO] core: chinchilla optimal tokens: 16,130,190,080, requested proportion: 1.0000, requested number of tokens: 16,130,190,080.0, 
[GPU 0] [08:45:22] [INFO] aux total number of tokens: 4835776549
[GPU 0] [08:45:22] [INFO] Baseline model has 806,509,504 parameters
[GPU 0] [08:45:22] [INFO] aux: chinchilla optimal tokens: 16,130,190,080, requested proportion: 0.0100, requested number of tokens: 161,301,900.8, 
[GPU 0] [08:45:22] [DEBUG] Saved config to /workspace/gradient-routing/experiments/AGI-1699-New-Dataset-Runs/results/scaling/realistic/base/800M/seed_1/20260422084509038162/config.json
[GPU 0] [08:45:22] [DEBUG] {
    "stages": [
        {
            "name": "baseline",
            "num_checkpoints": -1,
            "lr": 0.0005663534909876918,
            "res_dir": "/workspace/gradient-routing/experiments/AGI-1699-New-Dataset-Runs/results/scaling/realistic/base/800M/seed_1/20260422084509038162/baseline",
            "do_eval": true,
            "do_sample": false,
            "num_train_evals": 100,
            "do_elicit": true,
            "elicit_eval_prc": 0.5,
            "elicit_num_evals": 100
        }
    ],
    "model": {
        "arch": "base",
        "tokenizer": "GPT2Tokenizer(name_or_path='EleutherAI/gpt-neo-125M', vocab_size=50257, model_max_length=2048, padding_side='right', truncation_side='right', special_tokens={'bos_token': '<|endoftext|>', 'eos_token': '<|endoftext|>', 'unk_token': '<|endoftext|>'}, added_tokens_decoder={\n\t50256: AddedToken(\"<|endoftext|>\", rstrip=False, lstrip=False, single_word=False, normalized=True, special=True),\n}\n)",
        "ctx_len": 1024,
        "vocab_size": 50304,
        "num_layers": 24,
        "num_heads": 8,
        "num_key_value": 2,
        "attn_bias": true,
        "eos_token_id": 50256,
        "embed_dim": 1600,
        "mlp_dim": 6400
    },
    "data": {
        "dirs": [
            "/workspace/gradient-routing/experiments/AGI-1699-New-Dataset-Runs/src/data/fineweb",
            "/workspace/gradient-routing/experiments/AGI-1699-New-Dataset-Runs/src/data/code",
            "/workspace/gradient-routing/experiments/AGI-1699-New-Dataset-Runs/src/data/papers"
        ],
        "core": {
            "labels": [
                "fineweb",
                "code-other",
                "papers-other"
            ],
            "method": "optimal",
            "limit": 1.0,
            "dist": {
                "fineweb": 0.84,
                "code-other": 0.15,
                "papers-other": 0.01
            },
            "num_tok": 16130190080.0
        },
        "aux": {
            "labels": [
                "code-lisp",
                "papers-biology",
                "papers-nuclear",
                "papers-cyber"
            ],
            "method": "optimal",
            "limit": 0.01,
            "dist": {
                "code-lisp": 0.25,
                "papers-biology": 0.25,
                "papers-nuclear": 0.25,
                "papers-cyber": 0.25
            },
            "num_tok": 161301900.8
        }
    },
    "run": {
        "target_effective_batch_size": 641,
        "effective_batch_size": 672,
        "micro_batch_size": 12,
        "accumulation_steps": 7,
        "max_num_test_sequences": 10000,
        "eval_all_labels": false,
        "micro_batch_anchors": [
            [
                400000000.0,
                23
            ],
            [
                5000000000.0,
                2
            ]
        ],
        "epochs": 1,
        "adam_betas": [
            0.9,
            0.95
        ],
        "warmup_prc": 0.02,
        "decay_prc": 0.1,
        "seed": 1,
        "compile": true,
        "is_ddp": true,
        "optimize_routed": true,
        "cleanup_distributed": false,
        "log_level": "DEBUG",
        "num_gpus": 8,
        "process_id": 0,
        "num_base_params": 806509504,
        "device": "cuda",
        "logger": "<Logger training_20260422084509038162 (DEBUG)>",
        "labels": [
            "core",
            "code-lisp",
            "papers-biology",
            "papers-cyber",
            "papers-nuclear"
        ],
        "loaders": {
            "code-lisp": {
                "train": "SingleDataLoader(code-lisp_train_001.bin, len=410)",
                "test": "InterleavedDataLoader(len=105)"
            },
            "code-other": {
                "train": "InterleavedDataLoader(len=24612)",
                "test": "SingleDataLoader(code-other_test_010.bin, len=105)"
            },
            "fineweb": {
                "train": "InterleavedDataLoader(len=137831)",
                "test": "InterleavedDataLoader(len=105)"
            },
            "papers-biology": {
                "train": "SingleDataLoader(papers-biology_train.bin, len=410)",
                "test": "SingleDataLoader(papers-biology_test.bin, len=105)"
            },
            "papers-cyber": {
                "train": "SingleDataLoader(papers-cyber_train.bin, len=410)",
                "test": "SingleDataLoader(papers-cyber_test.bin, len=105)"
            },
            "papers-nuclear": {
                "train": "SingleDataLoader(papers-nuclear_train.bin, len=410)",
                "test": "SingleDataLoader(papers-nuclear_test.bin, len=105)"
            },
            "papers-other": {
                "train": "SingleDataLoader(papers-other_train.bin, len=1640)",
                "test": "SingleDataLoader(papers-other_test.bin, len=105)"
            },
            "core": {
                "train": "InterleavedDataLoader(len=164083)",
                "test": "InterleavedDataLoader(len=315)"
            },
            "aux": {
                "train": "InterleavedDataLoader(len=1640)",
                "test": "InterleavedDataLoader(len=420)"
            },
            "all": {
                "train": "InterleavedDataLoader(len=165723)",
                "test": "InterleavedDataLoader(len=735)"
            }
        },
        "res_root": "/workspace/gradient-routing/experiments/AGI-1699-New-Dataset-Runs/results/scaling/realistic/base/800M/seed_1",
        "experiment_id": "20260422084509038162",
        "s3_bucket": "ae-gradient-routing-results",
        "s3_prefix": "scaling/realistic/base/800M/seed_1"
    }
}
[GPU 0] [08:45:22] [INFO] Loader code-lisp train: 410, test: 105
[GPU 0] [08:45:22] [INFO] Loader code-other train: 24612, test: 105
[GPU 0] [08:45:22] [INFO] Loader fineweb train: 137831, test: 105
[GPU 0] [08:45:22] [INFO] Loader papers-biology train: 410, test: 105
[GPU 0] [08:45:22] [INFO] Loader papers-cyber train: 410, test: 105
[GPU 0] [08:45:22] [INFO] Loader papers-nuclear train: 410, test: 105
[GPU 0] [08:45:22] [INFO] Loader papers-other train: 1640, test: 105
[GPU 0] [08:45:22] [INFO] Loader core train: 164083, test: 315
[GPU 0] [08:45:22] [INFO] Loader aux train: 1640, test: 420
[GPU 0] [08:45:22] [INFO] Loader all train: 165723, test: 735
[GPU 0] [08:45:22] [INFO] Stage [baseline] start: {"name": "baseline", "num_checkpoints": -1, "lr": 0.0005663534909876918, "res_dir": "/workspace/gradient-routing/experiments/AGI-1699-New-Dataset-Runs/results/scaling/realistic/base/800M/seed_1/20260422084509038162/baseline", "do_eval": true, "do_sample": false, "num_train_evals": 100, "do_elicit": true, "elicit_eval_prc": 0.5, "elicit_num_evals": 100}
[GPU 0] [08:45:22] [INFO] BASELINE START
[GPU 0] [08:45:29] [INFO] Initialized BaseTransformer with 806,509,504 total parameters
[GPU 0] [08:45:29] [INFO] Compiling BaseTransformer with torch.compile...
[GPU 0] [08:45:29] [INFO] torch.compile done
[GPU 0] [08:45:29] [WARNING] restore_partial_state: no checkpoint found at /workspace/gradient-routing/experiments/AGI-1699-New-Dataset-Runs/results/scaling/realistic/base/800M/seed_1/20260422084509038162/baseline
[GPU 0] [08:45:29] [INFO] ---- Begin Train | Data Labels: ['all'] ----
[GPU 0] [08:45:29] [INFO] Batch [all] count: 23675
[GPU 0] [08:45:29] [INFO] warmup_steps: 474
[GPU 0] [08:45:29] [INFO] constant_steps: 20833
[GPU 0] [08:45:29] [INFO] decay_steps: 2368
[GPU 0] [08:45:29] [INFO] LR Scheduler: Warmup Start
[GPU 0] [08:46:47] [INFO] Step: 1, LR: 1.20e-06
[GPU 0] [08:46:47] [INFO] Train Loss: CORE: 11.21 CODE-LISP: nan PAPERS-BIOLOGY: nan PAPERS-CYBER: nan PAPERS-NUCLEAR: nan 
[GPU 0] [08:46:47] [INFO] Val Loss: CODE-LISP: nan CODE-OTHER: nan FINEWEB: nan PAPERS-BIOLOGY: nan PAPERS-CYBER: nan PAPERS-NUCLEAR: nan PAPERS-OTHER: nan CORE: nan AUX: nan ALL: nan 
[GPU 0] [08:58:01] [INFO] LR Scheduler: Constant Start
[GPU 0] [09:10:27] [INFO] Step: 1000, LR: 5.66e-04
[GPU 0] [09:10:27] [INFO] Train Loss: CORE: 2.32 CODE-LISP: 3.66 PAPERS-BIOLOGY: 4.33 PAPERS-CYBER: 3.90 PAPERS-NUCLEAR: 4.77 
[GPU 0] [09:10:27] [INFO] Val Loss: CODE-LISP: 2.15 CODE-OTHER: nan FINEWEB: nan PAPERS-BIOLOGY: 3.52 PAPERS-CYBER: 3.68 PAPERS-NUCLEAR: 3.75 PAPERS-OTHER: nan CORE: 2.91 AUX: nan ALL: nan 
[GPU 0] [09:33:26] [INFO] Step: 2000, LR: 5.66e-04
[GPU 0] [09:33:26] [INFO] Train Loss: CORE: 2.79 CODE-LISP: 1.46 PAPERS-BIOLOGY: 3.06 PAPERS-CYBER: 3.36 PAPERS-NUCLEAR: 3.40 
[GPU 0] [09:33:26] [INFO] Val Loss: CODE-LISP: 1.45 CODE-OTHER: nan FINEWEB: nan PAPERS-BIOLOGY: 3.04 PAPERS-CYBER: 3.26 PAPERS-NUCLEAR: 3.36 PAPERS-OTHER: nan CORE: 2.66 AUX: nan ALL: nan 
[GPU 0] [09:56:25] [INFO] Step: 3000, LR: 5.66e-04
[GPU 0] [09:56:25] [INFO] Train Loss: CORE: 2.21 CODE-LISP: 1.14 PAPERS-BIOLOGY: 2.80 PAPERS-CYBER: 3.18 PAPERS-NUCLEAR: 3.22 
[GPU 0] [09:56:25] [INFO] Val Loss: CODE-LISP: 1.31 CODE-OTHER: nan FINEWEB: nan PAPERS-BIOLOGY: 2.86 PAPERS-CYBER: 3.12 PAPERS-NUCLEAR: 3.20 PAPERS-OTHER: nan CORE: 2.19 AUX: nan ALL: nan 
[GPU 0] [10:19:24] [INFO] Step: 4000, LR: 5.66e-04
[GPU 0] [10:19:24] [INFO] Train Loss: CORE: 2.82 CODE-LISP: 1.17 PAPERS-BIOLOGY: 2.76 PAPERS-CYBER: 2.97 PAPERS-NUCLEAR: 3.05 
[GPU 0] [10:19:24] [INFO] Val Loss: CODE-LISP: 1.17 CODE-OTHER: nan FINEWEB: nan PAPERS-BIOLOGY: 2.77 PAPERS-CYBER: 3.03 PAPERS-NUCLEAR: 3.11 PAPERS-OTHER: nan CORE: 2.01 AUX: nan ALL: nan 
[GPU 0] [10:42:40] [INFO] Step: 5000, LR: 5.66e-04
[GPU 0] [10:42:40] [INFO] Train Loss: CORE: 2.03 CODE-LISP: 0.93 PAPERS-BIOLOGY: 2.68 PAPERS-CYBER: 2.91 PAPERS-NUCLEAR: 3.00 
[GPU 0] [10:42:40] [INFO] Val Loss: CODE-LISP: 1.24 CODE-OTHER: nan FINEWEB: nan PAPERS-BIOLOGY: 2.70 PAPERS-CYBER: 2.95 PAPERS-NUCLEAR: 3.04 PAPERS-OTHER: nan CORE: 2.22 AUX: nan ALL: nan 
[GPU 0] [11:05:39] [INFO] Step: 6000, LR: 5.66e-04
[GPU 0] [11:05:39] [INFO] Train Loss: CORE: 2.50 CODE-LISP: 0.93 PAPERS-BIOLOGY: 2.74 PAPERS-CYBER: 2.97 PAPERS-NUCLEAR: 3.02 
[GPU 0] [11:05:39] [INFO] Val Loss: CODE-LISP: 1.07 CODE-OTHER: nan FINEWEB: nan PAPERS-BIOLOGY: 2.71 PAPERS-CYBER: 2.93 PAPERS-NUCLEAR: 3.01 PAPERS-OTHER: nan CORE: 1.96 AUX: nan ALL: nan 
[GPU 0] [11:28:37] [INFO] Step: 7000, LR: 5.66e-04
[GPU 0] [11:28:37] [INFO] Train Loss: CORE: 2.92 CODE-LISP: 0.79 PAPERS-BIOLOGY: 2.63 PAPERS-CYBER: 2.89 PAPERS-NUCLEAR: 2.93 
[GPU 0] [11:28:37] [INFO] Val Loss: CODE-LISP: 0.98 CODE-OTHER: nan FINEWEB: nan PAPERS-BIOLOGY: 2.63 PAPERS-CYBER: 2.90 PAPERS-NUCLEAR: 2.98 PAPERS-OTHER: nan CORE: 2.06 AUX: nan ALL: nan 
[GPU 0] [11:51:36] [INFO] Step: 8000, LR: 5.66e-04
[GPU 0] [11:51:36] [INFO] Train Loss: CORE: 2.63 CODE-LISP: 0.89 PAPERS-BIOLOGY: 2.59 PAPERS-CYBER: 2.87 PAPERS-NUCLEAR: 2.97 
[GPU 0] [11:51:36] [INFO] Val Loss: CODE-LISP: 1.03 CODE-OTHER: nan FINEWEB: nan PAPERS-BIOLOGY: 2.61 PAPERS-CYBER: 2.88 PAPERS-NUCLEAR: 2.96 PAPERS-OTHER: nan CORE: 2.33 AUX: nan ALL: nan 
[GPU 0] [12:14:34] [INFO] Step: 9000, LR: 5.66e-04
[GPU 0] [12:14:34] [INFO] Train Loss: CORE: 2.83 CODE-LISP: 0.97 PAPERS-BIOLOGY: 2.60 PAPERS-CYBER: 2.82 PAPERS-NUCLEAR: 2.82 
[GPU 0] [12:14:34] [INFO] Val Loss: CODE-LISP: 0.94 CODE-OTHER: nan FINEWEB: nan PAPERS-BIOLOGY: 2.58 PAPERS-CYBER: 2.85 PAPERS-NUCLEAR: 2.93 PAPERS-OTHER: nan CORE: 1.94 AUX: nan ALL: nan 
[GPU 0] [12:37:49] [INFO] Step: 10000, LR: 5.66e-04
[GPU 0] [12:37:49] [INFO] Train Loss: CORE: 2.69 CODE-LISP: 0.84 PAPERS-BIOLOGY: 2.56 PAPERS-CYBER: 2.81 PAPERS-NUCLEAR: 3.00 
[GPU 0] [12:37:49] [INFO] Val Loss: CODE-LISP: 0.97 CODE-OTHER: nan FINEWEB: nan PAPERS-BIOLOGY: 2.55 PAPERS-CYBER: 2.82 PAPERS-NUCLEAR: 2.92 PAPERS-OTHER: nan CORE: 2.08 AUX: nan ALL: nan 
[GPU 0] [13:00:47] [INFO] Step: 11000, LR: 5.66e-04
[GPU 0] [13:00:47] [INFO] Train Loss: CORE: 2.44 CODE-LISP: 0.85 PAPERS-BIOLOGY: 2.55 PAPERS-CYBER: 2.80 PAPERS-NUCLEAR: 2.87 
[GPU 0] [13:00:47] [INFO] Val Loss: CODE-LISP: 0.93 CODE-OTHER: nan FINEWEB: nan PAPERS-BIOLOGY: 2.55 PAPERS-CYBER: 2.82 PAPERS-NUCLEAR: 2.89 PAPERS-OTHER: nan CORE: 2.07 AUX: nan ALL: nan 
[GPU 0] [13:23:45] [INFO] Step: 12000, LR: 5.66e-04
[GPU 0] [13:23:45] [INFO] Train Loss: CORE: 2.85 CODE-LISP: 0.81 PAPERS-BIOLOGY: 2.54 PAPERS-CYBER: 2.81 PAPERS-NUCLEAR: 2.95 
[GPU 0] [13:23:45] [INFO] Val Loss: CODE-LISP: 0.96 CODE-OTHER: nan FINEWEB: nan PAPERS-BIOLOGY: 2.52 PAPERS-CYBER: 2.81 PAPERS-NUCLEAR: 2.87 PAPERS-OTHER: nan CORE: 1.96 AUX: nan ALL: nan 
[GPU 0] [13:46:42] [INFO] Step: 13000, LR: 5.66e-04
[GPU 0] [13:46:42] [INFO] Train Loss: CORE: 2.38 CODE-LISP: 0.79 PAPERS-BIOLOGY: 2.52 PAPERS-CYBER: 2.76 PAPERS-NUCLEAR: 2.85 
[GPU 0] [13:46:42] [INFO] Val Loss: CODE-LISP: 0.96 CODE-OTHER: nan FINEWEB: nan PAPERS-BIOLOGY: 2.53 PAPERS-CYBER: 2.78 PAPERS-NUCLEAR: 2.88 PAPERS-OTHER: nan CORE: 1.98 AUX: nan ALL: nan 
[GPU 0] [14:09:58] [INFO] Step: 14000, LR: 5.66e-04
[GPU 0] [14:09:58] [INFO] Train Loss: CORE: 2.84 CODE-LISP: 0.79 PAPERS-BIOLOGY: 2.51 PAPERS-CYBER: 2.80 PAPERS-NUCLEAR: 2.94 
[GPU 0] [14:09:58] [INFO] Val Loss: CODE-LISP: 0.92 CODE-OTHER: nan FINEWEB: nan PAPERS-BIOLOGY: 2.52 PAPERS-CYBER: 2.77 PAPERS-NUCLEAR: 2.86 PAPERS-OTHER: nan CORE: 1.97 AUX: nan ALL: nan 
[GPU 0] [14:32:55] [INFO] Step: 15000, LR: 5.66e-04
[GPU 0] [14:32:55] [INFO] Train Loss: CORE: 2.53 CODE-LISP: 0.79 PAPERS-BIOLOGY: 2.48 PAPERS-CYBER: 2.77 PAPERS-NUCLEAR: 2.72 
[GPU 0] [14:32:55] [INFO] Val Loss: CODE-LISP: 0.91 CODE-OTHER: nan FINEWEB: nan PAPERS-BIOLOGY: 2.49 PAPERS-CYBER: 2.77 PAPERS-NUCLEAR: 2.84 PAPERS-OTHER: nan CORE: 1.91 AUX: nan ALL: nan 
[GPU 0] [14:55:53] [INFO] Step: 16000, LR: 5.66e-04
[GPU 0] [14:55:53] [INFO] Train Loss: CORE: 2.31 CODE-LISP: 0.79 PAPERS-BIOLOGY: 2.47 PAPERS-CYBER: 2.79 PAPERS-NUCLEAR: 2.78 
[GPU 0] [14:55:53] [INFO] Val Loss: CODE-LISP: 0.92 CODE-OTHER: nan FINEWEB: nan PAPERS-BIOLOGY: 2.49 PAPERS-CYBER: 2.76 PAPERS-NUCLEAR: 2.83 PAPERS-OTHER: nan CORE: 1.90 AUX: nan ALL: nan 
[GPU 0] [15:18:51] [INFO] Step: 17000, LR: 5.66e-04
[GPU 0] [15:18:51] [INFO] Train Loss: CORE: 2.31 CODE-LISP: 0.78 PAPERS-BIOLOGY: 2.46 PAPERS-CYBER: 2.75 PAPERS-NUCLEAR: 2.79 
[GPU 0] [15:18:51] [INFO] Val Loss: CODE-LISP: 0.89 CODE-OTHER: nan FINEWEB: nan PAPERS-BIOLOGY: 2.48 PAPERS-CYBER: 2.76 PAPERS-NUCLEAR: 2.84 PAPERS-OTHER: nan CORE: 2.15 AUX: nan ALL: nan 
[GPU 0] [15:41:52] [INFO] Step: 18000, LR: 5.66e-04
[GPU 0] [15:41:52] [INFO] Train Loss: CORE: 2.57 CODE-LISP: 0.70 PAPERS-BIOLOGY: 2.47 PAPERS-CYBER: 2.73 PAPERS-NUCLEAR: 2.81 
[GPU 0] [15:41:52] [INFO] Val Loss: CODE-LISP: 0.88 CODE-OTHER: nan FINEWEB: nan PAPERS-BIOLOGY: 2.49 PAPERS-CYBER: 2.75 PAPERS-NUCLEAR: 2.83 PAPERS-OTHER: nan CORE: 2.11 AUX: nan ALL: nan 
[GPU 0] [16:05:08] [INFO] Step: 19000, LR: 5.66e-04
[GPU 0] [16:05:08] [INFO] Train Loss: CORE: 2.37 CODE-LISP: 0.70 PAPERS-BIOLOGY: 2.45 PAPERS-CYBER: 2.70 PAPERS-NUCLEAR: 2.76 
[GPU 0] [16:05:08] [INFO] Val Loss: CODE-LISP: 0.86 CODE-OTHER: nan FINEWEB: nan PAPERS-BIOLOGY: 2.48 PAPERS-CYBER: 2.75 PAPERS-NUCLEAR: 2.81 PAPERS-OTHER: nan CORE: 2.01 AUX: nan ALL: nan 
[GPU 0] [16:28:07] [INFO] Step: 20000, LR: 5.66e-04
[GPU 0] [16:28:07] [INFO] Train Loss: CORE: 2.40 CODE-LISP: 0.68 PAPERS-BIOLOGY: 2.49 PAPERS-CYBER: 2.71 PAPERS-NUCLEAR: 2.80 
[GPU 0] [16:28:07] [INFO] Val Loss: CODE-LISP: 0.86 CODE-OTHER: nan FINEWEB: nan PAPERS-BIOLOGY: 2.46 PAPERS-CYBER: 2.74 PAPERS-NUCLEAR: 2.80 PAPERS-OTHER: nan CORE: 2.00 AUX: nan ALL: nan 
[GPU 0] [16:51:04] [INFO] Step: 21000, LR: 5.66e-04
[GPU 0] [16:51:04] [INFO] Train Loss: CORE: 2.52 CODE-LISP: 0.85 PAPERS-BIOLOGY: 2.46 PAPERS-CYBER: 2.65 PAPERS-NUCLEAR: 2.82 
[GPU 0] [16:51:04] [INFO] Val Loss: CODE-LISP: 0.87 CODE-OTHER: nan FINEWEB: nan PAPERS-BIOLOGY: 2.46 PAPERS-CYBER: 2.72 PAPERS-NUCLEAR: 2.81 PAPERS-OTHER: nan CORE: 1.70 AUX: nan ALL: nan 
[GPU 0] [16:58:01] [INFO] LR Scheduler: Decay Start
[GPU 0] [17:14:02] [INFO] Step: 22000, LR: 4.01e-04
[GPU 0] [17:14:02] [INFO] Train Loss: CORE: 2.06 CODE-LISP: 0.71 PAPERS-BIOLOGY: 2.46 PAPERS-CYBER: 2.69 PAPERS-NUCLEAR: 2.66 
[GPU 0] [17:14:02] [INFO] Val Loss: CODE-LISP: 0.86 CODE-OTHER: nan FINEWEB: nan PAPERS-BIOLOGY: 2.42 PAPERS-CYBER: 2.69 PAPERS-NUCLEAR: 2.77 PAPERS-OTHER: nan CORE: 1.86 AUX: nan ALL: nan 
[GPU 0] [17:37:17] [INFO] Step: 23000, LR: 1.61e-04
[GPU 0] [17:37:17] [INFO] Train Loss: CORE: 2.31 CODE-LISP: 0.68 PAPERS-BIOLOGY: 2.37 PAPERS-CYBER: 2.69 PAPERS-NUCLEAR: 2.65 
[GPU 0] [17:37:17] [INFO] Val Loss: CODE-LISP: 0.79 CODE-OTHER: nan FINEWEB: nan PAPERS-BIOLOGY: 2.37 PAPERS-CYBER: 2.64 PAPERS-NUCLEAR: 2.72 PAPERS-OTHER: nan CORE: 1.70 AUX: nan ALL: nan 
[GPU 0] [17:52:33] [INFO] Step: 23675, LR: 1.00e-08
[GPU 0] [17:52:33] [INFO] Train Loss: CORE: 2.36 CODE-LISP: 0.71 PAPERS-BIOLOGY: 2.33 PAPERS-CYBER: 2.59 PAPERS-NUCLEAR: 2.70 
[GPU 0] [17:52:33] [INFO] Val Loss: CODE-LISP: 0.80 CODE-OTHER: nan FINEWEB: nan PAPERS-BIOLOGY: 2.36 PAPERS-CYBER: 2.64 PAPERS-NUCLEAR: 2.71 PAPERS-OTHER: nan CORE: 1.78 AUX: nan ALL: nan 
[GPU 0] [17:54:05] [INFO] ---- Begin Eval ----
[GPU 0] [17:54:05] [INFO] Data: core | Experts: None
[GPU 0] [17:54:27] [INFO] loss: 1.86263883
[GPU 0] [17:54:27] [INFO] Data: code-lisp | Experts: None
[GPU 0] [17:54:34] [INFO] loss: 0.78932995
[GPU 0] [17:54:34] [INFO] Data: papers-biology | Experts: None
[GPU 0] [17:54:42] [INFO] loss: 2.36058402
[GPU 0] [17:54:42] [INFO] Data: papers-nuclear | Experts: None
[GPU 0] [17:54:49] [INFO] loss: 2.70987701
[GPU 0] [17:54:49] [INFO] Data: papers-cyber | Experts: None
[GPU 0] [17:54:57] [INFO] loss: 2.63591886
[GPU 0] [17:55:01] [INFO] BASELINE - ADVERSARIAL FT START
[GPU 0] [17:55:02] [INFO] ---- Begin FT | Experts: None | Data: ['code-lisp'] ----
[GPU 0] [17:55:02] [DEBUG] num_seq: 512, num_rounds: 200, patience: 10
[GPU 0] [17:55:02] [DEBUG] local_x: torch.Size([64, 1024]), local_y: torch.Size([64, 1024]), num_steps: 6, per_gpu: 64, mbs_size: 12
[GPU 0] [17:56:31] [INFO] New best validation loss: 0.8298 @ step 0
[GPU 0] [17:56:44] [INFO] New best validation loss: 0.8022 @ step 1
[GPU 0] [17:59:02] [INFO] Stop FT @ 13: no val improvement for 10 steps
[GPU 0] [17:59:02] [INFO] Wrote stats.jsonl entries at FT step 1 
[GPU 0] [17:59:03] [INFO] ---- Begin FT | Experts: None | Data: ['papers-biology'] ----
[GPU 0] [17:59:03] [DEBUG] num_seq: 512, num_rounds: 200, patience: 10
[GPU 0] [17:59:03] [DEBUG] local_x: torch.Size([64, 1024]), local_y: torch.Size([64, 1024]), num_steps: 6, per_gpu: 64, mbs_size: 12
[GPU 0] [17:59:16] [INFO] New best validation loss: 2.4489 @ step 0
[GPU 0] [17:59:28] [INFO] New best validation loss: 2.3934 @ step 1
[GPU 0] [18:01:51] [INFO] Stop FT @ 13: no val improvement for 10 steps
[GPU 0] [18:01:51] [INFO] Wrote stats.jsonl entries at FT step 1 
[GPU 0] [18:01:52] [INFO] ---- Begin FT | Experts: None | Data: ['papers-cyber'] ----
[GPU 0] [18:01:52] [DEBUG] num_seq: 512, num_rounds: 200, patience: 10
[GPU 0] [18:01:52] [DEBUG] local_x: torch.Size([64, 1024]), local_y: torch.Size([64, 1024]), num_steps: 6, per_gpu: 64, mbs_size: 12
[GPU 0] [18:02:05] [INFO] New best validation loss: 2.7123 @ step 0
[GPU 0] [18:02:17] [INFO] New best validation loss: 2.6641 @ step 1
[GPU 0] [18:04:33] [INFO] Stop FT @ 13: no val improvement for 10 steps
[GPU 0] [18:04:33] [INFO] Wrote stats.jsonl entries at FT step 1 
[GPU 0] [18:04:34] [INFO] ---- Begin FT | Experts: None | Data: ['papers-nuclear'] ----
[GPU 0] [18:04:34] [DEBUG] num_seq: 512, num_rounds: 200, patience: 10
[GPU 0] [18:04:34] [DEBUG] local_x: torch.Size([64, 1024]), local_y: torch.Size([64, 1024]), num_steps: 6, per_gpu: 64, mbs_size: 12
[GPU 0] [18:04:47] [INFO] New best validation loss: 2.7701 @ step 0
[GPU 0] [18:05:00] [INFO] New best validation loss: 2.7274 @ step 1
[GPU 0] [18:07:18] [INFO] Stop FT @ 13: no val improvement for 10 steps
[GPU 0] [18:07:18] [INFO] Wrote stats.jsonl entries at FT step 1 
[GPU 0] [18:07:23] [INFO] ----------------------------------------
[GPU 0] [18:07:23] [INFO] Finished. See /workspace/gradient-routing/experiments/AGI-1699-New-Dataset-Runs/results/scaling/realistic/base/800M/seed_1/20260422084509038162
