[GPU 0] [13:55:27] [INFO] Git branch: AGI-1696-New-Dataset-Runs_ethan, commit: 096180d0164769ce56ae297b47b15d076d687438
[GPU 0] [13:55:27] [INFO] Number of GPUs: 1
[GPU 0] [13:55:28] [INFO] Tokenizer vocabulary: 4096
[GPU 0] [13:55:28] [INFO] Set model vocab size to nearest multiple of 64 of tokenizer size: 4096
[GPU 0] [13:55:28] [INFO] target effective batch size: 128, actual effective batch size: 128, micro batch size: 128, accumulation steps: 1, num gpus: 1
[GPU 0] [13:55:28] [INFO] core total number of tokens: 501664802
[GPU 0] [13:55:28] [INFO] core: 1.0000 x 501664802 = 501664802
[GPU 0] [13:55:28] [INFO] aux total number of tokens: 46188871
[GPU 0] [13:55:28] [INFO] aux: 1.0000 x 46188871 = 46188871
[GPU 0] [13:55:29] [DEBUG] Saved config to /workspace-vast/ethanr/gradient-routing/experiments/AGI-1699-New-Dataset-Runs/results/stories/seed_1/20260615135522386453/config.json
[GPU 0] [13:55:29] [DEBUG] {
    "stages": [
        {
            "name": "coreftaux",
            "num_checkpoints": -1,
            "lr": 0.005,
            "res_dir": "/workspace-vast/ethanr/gradient-routing/experiments/AGI-1699-New-Dataset-Runs/results/stories/seed_1/20260615135522386453/coreftaux",
            "acc_mode": "heterogeneous",
            "do_eval": true,
            "do_sample": false,
            "num_train_evals": 0,
            "do_elicit": true,
            "elicit_eval_prc": 0.5,
            "elicit_num_evals": 100,
            "retain_targets": null,
            "aux_factor": 1.0,
            "core_aux_ratio": 2.0,
            "label_prc": 1.0,
            "ft_lr_factor": 0.25
        }
    ],
    "model": {
        "arch": "base",
        "tokenizer": "TokenizersBackend(name_or_path='SimpleStories/SimpleStories-1.25M', vocab_size=4096, model_max_length=1000000000000000019884624838656, padding_side='right', truncation_side='right', special_tokens={'eos_token': '[EOS]', 'unk_token': '[UNK]'}, added_tokens_decoder={\n\t0: AddedToken(\"[UNK]\", rstrip=False, lstrip=False, single_word=False, normalized=False, special=True),\n\t1: AddedToken(\"[EOS]\", rstrip=False, lstrip=False, single_word=False, normalized=False, special=True),\n}\n)",
        "ctx_len": 256,
        "vocab_size": 4096,
        "num_layers": 8,
        "num_heads": 8,
        "num_key_value": 2,
        "attn_bias": true,
        "eos_token_id": 1,
        "embed_dim": 512,
        "mlp_dim": 2048
    },
    "data": {
        "dirs": [
            "/workspace-vast/ethanr/gradient-routing/experiments/AGI-1699-New-Dataset-Runs/src/data/stories"
        ],
        "core": {
            "labels": [
                "dinosaurs",
                "dream-worlds",
                "enchanted-forests",
                "fairy-tales",
                "fantasy-worlds",
                "gardens",
                "giant-creatures",
                "haunted-places",
                "hidden-treasures",
                "holidays",
                "invisibility",
                "island-adventures",
                "living-objects",
                "lost-cities",
                "lost-civilizations",
                "magical-lands",
                "magical-objects",
                "miniature-worlds",
                "mysterious-maps",
                "mystical-creatures",
                "outer-space",
                "pirates",
                "riddles",
                "robots-and-technology",
                "royal-kingdoms",
                "school-life",
                "seasonal-changes",
                "secret-societies",
                "shape-shifting",
                "sibling-rivalry",
                "snowy-adventures",
                "space-exploration",
                "sports",
                "subterranean-worlds",
                "superheroes",
                "talking-animals",
                "the-arts",
                "the-sky",
                "time-travel",
                "treasure-hunts",
                "undercover-missions",
                "underwater-adventures",
                "unusual-vehicles",
                "virtual-worlds"
            ],
            "method": "total",
            "limit": 1.0,
            "dist": {
                "dinosaurs": 0.022727272727272728,
                "dream-worlds": 0.022727272727272728,
                "enchanted-forests": 0.022727272727272728,
                "fairy-tales": 0.022727272727272728,
                "fantasy-worlds": 0.022727272727272728,
                "gardens": 0.022727272727272728,
                "giant-creatures": 0.022727272727272728,
                "haunted-places": 0.022727272727272728,
                "hidden-treasures": 0.022727272727272728,
                "holidays": 0.022727272727272728,
                "invisibility": 0.022727272727272728,
                "island-adventures": 0.022727272727272728,
                "living-objects": 0.022727272727272728,
                "lost-cities": 0.022727272727272728,
                "lost-civilizations": 0.022727272727272728,
                "magical-lands": 0.022727272727272728,
                "magical-objects": 0.022727272727272728,
                "miniature-worlds": 0.022727272727272728,
                "mysterious-maps": 0.022727272727272728,
                "mystical-creatures": 0.022727272727272728,
                "outer-space": 0.022727272727272728,
                "pirates": 0.022727272727272728,
                "riddles": 0.022727272727272728,
                "robots-and-technology": 0.022727272727272728,
                "royal-kingdoms": 0.022727272727272728,
                "school-life": 0.022727272727272728,
                "seasonal-changes": 0.022727272727272728,
                "secret-societies": 0.022727272727272728,
                "shape-shifting": 0.022727272727272728,
                "sibling-rivalry": 0.022727272727272728,
                "snowy-adventures": 0.022727272727272728,
                "space-exploration": 0.022727272727272728,
                "sports": 0.022727272727272728,
                "subterranean-worlds": 0.022727272727272728,
                "superheroes": 0.022727272727272728,
                "talking-animals": 0.022727272727272728,
                "the-arts": 0.022727272727272728,
                "the-sky": 0.022727272727272728,
                "time-travel": 0.022727272727272728,
                "treasure-hunts": 0.022727272727272728,
                "undercover-missions": 0.022727272727272728,
                "underwater-adventures": 0.022727272727272728,
                "unusual-vehicles": 0.022727272727272728,
                "virtual-worlds": 0.022727272727272728
            },
            "num_tok": 501664802
        },
        "aux": {
            "labels": [
                "a-deadline-or-time-limit",
                "alien-encounters",
                "bygone-eras",
                "cultural-traditions"
            ],
            "method": "total",
            "limit": 1.0,
            "dist": {
                "a-deadline-or-time-limit": 0.25,
                "alien-encounters": 0.25,
                "bygone-eras": 0.25,
                "cultural-traditions": 0.25
            },
            "num_tok": 46188871
        }
    },
    "run": {
        "target_effective_batch_size": 128,
        "effective_batch_size": 128,
        "micro_batch_size": 128,
        "accumulation_steps": 1,
        "max_num_test_sequences": 10000,
        "eval_all_labels": false,
        "micro_batch_anchors": [
            [
                400000000.0,
                23
            ],
            [
                5000000000.0,
                2
            ]
        ],
        "epochs": 1,
        "adam_betas": [
            0.9,
            0.95
        ],
        "warmup_prc": 0.1,
        "decay_prc": 0.1,
        "seed": 1,
        "compile": true,
        "find_unused_parameters": true,
        "is_ddp": false,
        "cleanup_distributed": false,
        "log_level": "DEBUG",
        "num_gpus": 1,
        "process_id": 0,
        "num_base_params": 26257920,
        "device": "cuda",
        "logger": "<Logger training_20260615135522386453 (DEBUG)>",
        "labels": [
            "core",
            "a-deadline-or-time-limit",
            "alien-encounters",
            "bygone-eras",
            "cultural-traditions"
        ],
        "loaders": {
            "a-deadline-or-time-limit": {
                "train": "SingleDataLoader(a-deadline-or-time-limit_train.bin, len=352)",
                "test": "SingleDataLoader(a-deadline-or-time-limit_test.bin, len=40)"
            },
            "alien-encounters": {
                "train": "SingleDataLoader(alien-encounters_train.bin, len=345)",
                "test": "SingleDataLoader(alien-encounters_test.bin, len=38)"
            },
            "bygone-eras": {
                "train": "SingleDataLoader(bygone-eras_train.bin, len=352)",
                "test": "SingleDataLoader(bygone-eras_test.bin, len=39)"
            },
            "cultural-traditions": {
                "train": "SingleDataLoader(cultural-traditions_train.bin, len=352)",
                "test": "SingleDataLoader(cultural-traditions_test.bin, len=38)"
            },
            "dinosaurs": {
                "train": "SingleDataLoader(dinosaurs_train.bin, len=337)",
                "test": "SingleDataLoader(dinosaurs_test.bin, len=38)"
            },
            "dream-worlds": {
                "train": "SingleDataLoader(dream-worlds_train.bin, len=339)",
                "test": "SingleDataLoader(dream-worlds_test.bin, len=37)"
            },
            "enchanted-forests": {
                "train": "SingleDataLoader(enchanted-forests_train.bin, len=347)",
                "test": "SingleDataLoader(enchanted-forests_test.bin, len=38)"
            },
            "fairy-tales": {
                "train": "SingleDataLoader(fairy-tales_train.bin, len=344)",
                "test": "SingleDataLoader(fairy-tales_test.bin, len=37)"
            },
            "fantasy-worlds": {
                "train": "SingleDataLoader(fantasy-worlds_train.bin, len=347)",
                "test": "SingleDataLoader(fantasy-worlds_test.bin, len=39)"
            },
            "gardens": {
                "train": "SingleDataLoader(gardens_train.bin, len=346)",
                "test": "SingleDataLoader(gardens_test.bin, len=37)"
            },
            "giant-creatures": {
                "train": "SingleDataLoader(giant-creatures_train.bin, len=347)",
                "test": "SingleDataLoader(giant-creatures_test.bin, len=37)"
            },
            "haunted-places": {
                "train": "SingleDataLoader(haunted-places_train.bin, len=347)",
                "test": "SingleDataLoader(haunted-places_test.bin, len=41)"
            },
            "hidden-treasures": {
                "train": "SingleDataLoader(hidden-treasures_train.bin, len=347)",
                "test": "SingleDataLoader(hidden-treasures_test.bin, len=39)"
            },
            "holidays": {
                "train": "SingleDataLoader(holidays_train.bin, len=347)",
                "test": "SingleDataLoader(holidays_test.bin, len=38)"
            },
            "invisibility": {
                "train": "SingleDataLoader(invisibility_train.bin, len=345)",
                "test": "SingleDataLoader(invisibility_test.bin, len=37)"
            },
            "island-adventures": {
                "train": "SingleDataLoader(island-adventures_train.bin, len=347)",
                "test": "SingleDataLoader(island-adventures_test.bin, len=39)"
            },
            "living-objects": {
                "train": "SingleDataLoader(living-objects_train.bin, len=336)",
                "test": "SingleDataLoader(living-objects_test.bin, len=38)"
            },
            "lost-cities": {
                "train": "SingleDataLoader(lost-cities_train.bin, len=347)",
                "test": "SingleDataLoader(lost-cities_test.bin, len=40)"
            },
            "lost-civilizations": {
                "train": "SingleDataLoader(lost-civilizations_train.bin, len=347)",
                "test": "SingleDataLoader(lost-civilizations_test.bin, len=41)"
            },
            "magical-lands": {
                "train": "SingleDataLoader(magical-lands_train.bin, len=347)",
                "test": "SingleDataLoader(magical-lands_test.bin, len=38)"
            },
            "magical-objects": {
                "train": "SingleDataLoader(magical-objects_train.bin, len=345)",
                "test": "SingleDataLoader(magical-objects_test.bin, len=37)"
            },
            "miniature-worlds": {
                "train": "SingleDataLoader(miniature-worlds_train.bin, len=335)",
                "test": "SingleDataLoader(miniature-worlds_test.bin, len=37)"
            },
            "mysterious-maps": {
                "train": "SingleDataLoader(mysterious-maps_train.bin, len=339)",
                "test": "SingleDataLoader(mysterious-maps_test.bin, len=38)"
            },
            "mystical-creatures": {
                "train": "SingleDataLoader(mystical-creatures_train.bin, len=347)",
                "test": "SingleDataLoader(mystical-creatures_test.bin, len=38)"
            },
            "outer-space": {
                "train": "SingleDataLoader(outer-space_train.bin, len=343)",
                "test": "SingleDataLoader(outer-space_test.bin, len=38)"
            },
            "pirates": {
                "train": "SingleDataLoader(pirates_train.bin, len=347)",
                "test": "SingleDataLoader(pirates_test.bin, len=39)"
            },
            "riddles": {
                "train": "SingleDataLoader(riddles_train.bin, len=344)",
                "test": "SingleDataLoader(riddles_test.bin, len=38)"
            },
            "robots-and-technology": {
                "train": "SingleDataLoader(robots-and-technology_train.bin, len=347)",
                "test": "SingleDataLoader(robots-and-technology_test.bin, len=39)"
            },
            "royal-kingdoms": {
                "train": "SingleDataLoader(royal-kingdoms_train.bin, len=347)",
                "test": "SingleDataLoader(royal-kingdoms_test.bin, len=40)"
            },
            "school-life": {
                "train": "SingleDataLoader(school-life_train.bin, len=338)",
                "test": "SingleDataLoader(school-life_test.bin, len=38)"
            },
            "seasonal-changes": {
                "train": "SingleDataLoader(seasonal-changes_train.bin, len=342)",
                "test": "SingleDataLoader(seasonal-changes_test.bin, len=38)"
            },
            "secret-societies": {
                "train": "SingleDataLoader(secret-societies_train.bin, len=347)",
                "test": "SingleDataLoader(secret-societies_test.bin, len=38)"
            },
            "shape-shifting": {
                "train": "SingleDataLoader(shape-shifting_train.bin, len=344)",
                "test": "SingleDataLoader(shape-shifting_test.bin, len=38)"
            },
            "sibling-rivalry": {
                "train": "SingleDataLoader(sibling-rivalry_train.bin, len=347)",
                "test": "SingleDataLoader(sibling-rivalry_test.bin, len=39)"
            },
            "snowy-adventures": {
                "train": "SingleDataLoader(snowy-adventures_train.bin, len=347)",
                "test": "SingleDataLoader(snowy-adventures_test.bin, len=39)"
            },
            "space-exploration": {
                "train": "SingleDataLoader(space-exploration_train.bin, len=345)",
                "test": "SingleDataLoader(space-exploration_test.bin, len=38)"
            },
            "sports": {
                "train": "SingleDataLoader(sports_train.bin, len=340)",
                "test": "SingleDataLoader(sports_test.bin, len=37)"
            },
            "subterranean-worlds": {
                "train": "SingleDataLoader(subterranean-worlds_train.bin, len=347)",
                "test": "SingleDataLoader(subterranean-worlds_test.bin, len=37)"
            },
            "superheroes": {
                "train": "SingleDataLoader(superheroes_train.bin, len=345)",
                "test": "SingleDataLoader(superheroes_test.bin, len=38)"
            },
            "talking-animals": {
                "train": "SingleDataLoader(talking-animals_train.bin, len=347)",
                "test": "SingleDataLoader(talking-animals_test.bin, len=37)"
            },
            "the-arts": {
                "train": "SingleDataLoader(the-arts_train.bin, len=345)",
                "test": "SingleDataLoader(the-arts_test.bin, len=38)"
            },
            "the-sky": {
                "train": "SingleDataLoader(the-sky_train.bin, len=342)",
                "test": "SingleDataLoader(the-sky_test.bin, len=38)"
            },
            "time-travel": {
                "train": "SingleDataLoader(time-travel_train.bin, len=347)",
                "test": "SingleDataLoader(time-travel_test.bin, len=37)"
            },
            "treasure-hunts": {
                "train": "SingleDataLoader(treasure-hunts_train.bin, len=330)",
                "test": "SingleDataLoader(treasure-hunts_test.bin, len=35)"
            },
            "undercover-missions": {
                "train": "SingleDataLoader(undercover-missions_train.bin, len=347)",
                "test": "SingleDataLoader(undercover-missions_test.bin, len=40)"
            },
            "underwater-adventures": {
                "train": "SingleDataLoader(underwater-adventures_train.bin, len=339)",
                "test": "SingleDataLoader(underwater-adventures_test.bin, len=38)"
            },
            "unusual-vehicles": {
                "train": "SingleDataLoader(unusual-vehicles_train.bin, len=347)",
                "test": "SingleDataLoader(unusual-vehicles_test.bin, len=39)"
            },
            "virtual-worlds": {
                "train": "SingleDataLoader(virtual-worlds_train.bin, len=346)",
                "test": "SingleDataLoader(virtual-worlds_test.bin, len=37)"
            },
            "core": {
                "train": "InterleavedDataLoader(len=15143)",
                "test": "InterleavedDataLoader(len=1677)"
            },
            "aux": {
                "train": "InterleavedDataLoader(len=1401)",
                "test": "InterleavedDataLoader(len=155)"
            },
            "all": {
                "train": "InterleavedDataLoader(len=16544)",
                "test": "InterleavedDataLoader(len=1832)"
            }
        },
        "res_root": "/workspace-vast/ethanr/gradient-routing/experiments/AGI-1699-New-Dataset-Runs/results/stories/seed_1",
        "experiment_id": "20260615135522386453",
        "s3_bucket": "ae-gradient-routing-results",
        "s3_prefix": "stories/seed_1"
    },
    "label_prc": 1.0
}
[GPU 0] [13:55:29] [INFO] Loader a-deadline-or-time-limit train: 352, test: 40
[GPU 0] [13:55:29] [INFO] Loader alien-encounters train: 345, test: 38
[GPU 0] [13:55:29] [INFO] Loader bygone-eras train: 352, test: 39
[GPU 0] [13:55:29] [INFO] Loader cultural-traditions train: 352, test: 38
[GPU 0] [13:55:29] [INFO] Loader dinosaurs train: 337, test: 38
[GPU 0] [13:55:29] [INFO] Loader dream-worlds train: 339, test: 37
[GPU 0] [13:55:29] [INFO] Loader enchanted-forests train: 347, test: 38
[GPU 0] [13:55:29] [INFO] Loader fairy-tales train: 344, test: 37
[GPU 0] [13:55:29] [INFO] Loader fantasy-worlds train: 347, test: 39
[GPU 0] [13:55:29] [INFO] Loader gardens train: 346, test: 37
[GPU 0] [13:55:29] [INFO] Loader giant-creatures train: 347, test: 37
[GPU 0] [13:55:29] [INFO] Loader haunted-places train: 347, test: 41
[GPU 0] [13:55:29] [INFO] Loader hidden-treasures train: 347, test: 39
[GPU 0] [13:55:29] [INFO] Loader holidays train: 347, test: 38
[GPU 0] [13:55:29] [INFO] Loader invisibility train: 345, test: 37
[GPU 0] [13:55:29] [INFO] Loader island-adventures train: 347, test: 39
[GPU 0] [13:55:29] [INFO] Loader living-objects train: 336, test: 38
[GPU 0] [13:55:29] [INFO] Loader lost-cities train: 347, test: 40
[GPU 0] [13:55:29] [INFO] Loader lost-civilizations train: 347, test: 41
[GPU 0] [13:55:29] [INFO] Loader magical-lands train: 347, test: 38
[GPU 0] [13:55:29] [INFO] Loader magical-objects train: 345, test: 37
[GPU 0] [13:55:29] [INFO] Loader miniature-worlds train: 335, test: 37
[GPU 0] [13:55:29] [INFO] Loader mysterious-maps train: 339, test: 38
[GPU 0] [13:55:29] [INFO] Loader mystical-creatures train: 347, test: 38
[GPU 0] [13:55:29] [INFO] Loader outer-space train: 343, test: 38
[GPU 0] [13:55:29] [INFO] Loader pirates train: 347, test: 39
[GPU 0] [13:55:29] [INFO] Loader riddles train: 344, test: 38
[GPU 0] [13:55:29] [INFO] Loader robots-and-technology train: 347, test: 39
[GPU 0] [13:55:29] [INFO] Loader royal-kingdoms train: 347, test: 40
[GPU 0] [13:55:29] [INFO] Loader school-life train: 338, test: 38
[GPU 0] [13:55:29] [INFO] Loader seasonal-changes train: 342, test: 38
[GPU 0] [13:55:29] [INFO] Loader secret-societies train: 347, test: 38
[GPU 0] [13:55:29] [INFO] Loader shape-shifting train: 344, test: 38
[GPU 0] [13:55:29] [INFO] Loader sibling-rivalry train: 347, test: 39
[GPU 0] [13:55:29] [INFO] Loader snowy-adventures train: 347, test: 39
[GPU 0] [13:55:29] [INFO] Loader space-exploration train: 345, test: 38
[GPU 0] [13:55:29] [INFO] Loader sports train: 340, test: 37
[GPU 0] [13:55:29] [INFO] Loader subterranean-worlds train: 347, test: 37
[GPU 0] [13:55:29] [INFO] Loader superheroes train: 345, test: 38
[GPU 0] [13:55:29] [INFO] Loader talking-animals train: 347, test: 37
[GPU 0] [13:55:29] [INFO] Loader the-arts train: 345, test: 38
[GPU 0] [13:55:29] [INFO] Loader the-sky train: 342, test: 38
[GPU 0] [13:55:29] [INFO] Loader time-travel train: 347, test: 37
[GPU 0] [13:55:29] [INFO] Loader treasure-hunts train: 330, test: 35
[GPU 0] [13:55:29] [INFO] Loader undercover-missions train: 347, test: 40
[GPU 0] [13:55:29] [INFO] Loader underwater-adventures train: 339, test: 38
[GPU 0] [13:55:29] [INFO] Loader unusual-vehicles train: 347, test: 39
[GPU 0] [13:55:29] [INFO] Loader virtual-worlds train: 346, test: 37
[GPU 0] [13:55:29] [INFO] Loader core train: 15143, test: 1677
[GPU 0] [13:55:29] [INFO] Loader aux train: 1401, test: 155
[GPU 0] [13:55:29] [INFO] Loader all train: 16544, test: 1832
[GPU 0] [13:55:29] [INFO] Stage [coreftaux] start: {"name": "coreftaux", "num_checkpoints": -1, "lr": 0.005, "res_dir": "/workspace-vast/ethanr/gradient-routing/experiments/AGI-1699-New-Dataset-Runs/results/stories/seed_1/20260615135522386453/coreftaux", "acc_mode": "heterogeneous", "do_eval": true, "do_sample": false, "num_train_evals": 0, "do_elicit": true, "elicit_eval_prc": 0.5, "elicit_num_evals": 100, "retain_targets": null, "aux_factor": 1.0, "core_aux_ratio": 2.0, "label_prc": 1.0, "ft_lr_factor": 0.25}
[GPU 0] [13:55:29] [INFO] CORE FT AUX - BASE PHASE START
[GPU 0] [13:55:30] [INFO] Initialized BaseTransformer with 26,257,920 total parameters
[GPU 0] [13:55:30] [INFO] Compiling BaseTransformer with torch.compile...
[GPU 0] [13:55:35] [INFO] torch.compile done
[GPU 0] [13:55:35] [WARNING] restore_partial_state: no checkpoint found at /workspace-vast/ethanr/gradient-routing/experiments/AGI-1699-New-Dataset-Runs/results/stories/seed_1/20260615135522386453/coreftaux/core
[GPU 0] [13:55:35] [INFO] ---- Begin CoreFTAux | Phase: base | Data Label: core ----
[GPU 0] [13:55:35] [DEBUG] acc_mode: heterogeneous, label_prc: 1.0, lr: 0.005
[GPU 0] [13:55:35] [INFO] 
len_all: 16544, len_all_labeled: 16544, len_all_unlabeled: 0,
len_base: 12341, len_ft: 4203,
len_core_for_ft: 2802, len_aux_for_ft: 1401,
aux_factor: {'a-deadline-or-time-limit': 1.0, 'alien-encounters': 1.0, 'bygone-eras': 1.0, 'cultural-traditions': 1.0}, core_aux_ratio: 2.0,
[GPU 0] [13:55:35] [INFO] Batch [core] count: 12341
[GPU 0] [13:55:35] [INFO] num_total_steps: 12341
[GPU 0] [13:55:35] [INFO] warmup_steps: 1234
[GPU 0] [13:55:35] [INFO] constant_steps: 9873
[GPU 0] [13:55:35] [INFO] decay_steps: 1234
[GPU 0] [13:55:35] [INFO] LR Scheduler: Warmup Start
[GPU 0] [13:56:11] [INFO] Step: 1, LR: 4.06e-06
[GPU 0] [13:56:11] [INFO] Train Loss: CORE: 8.44 A-DEADLINE-OR-TIME-LIMIT: nan ALIEN-ENCOUNTERS: nan BYGONE-ERAS: nan CULTURAL-TRADITIONS: nan 
[GPU 0] [13:56:39] [INFO] Step: 1000, LR: 4.05e-03
[GPU 0] [13:56:39] [INFO] Train Loss: CORE: 2.62 A-DEADLINE-OR-TIME-LIMIT: nan ALIEN-ENCOUNTERS: nan BYGONE-ERAS: nan CULTURAL-TRADITIONS: nan 
[GPU 0] [13:56:46] [INFO] LR Scheduler: Constant Start
[GPU 0] [13:57:07] [INFO] Step: 2000, LR: 5.00e-03
[GPU 0] [13:57:07] [INFO] Train Loss: CORE: 2.20 A-DEADLINE-OR-TIME-LIMIT: nan ALIEN-ENCOUNTERS: nan BYGONE-ERAS: nan CULTURAL-TRADITIONS: nan 
[GPU 0] [13:57:35] [INFO] Step: 3000, LR: 5.00e-03
[GPU 0] [13:57:35] [INFO] Train Loss: CORE: 2.03 A-DEADLINE-OR-TIME-LIMIT: nan ALIEN-ENCOUNTERS: nan BYGONE-ERAS: nan CULTURAL-TRADITIONS: nan 
[GPU 0] [13:58:03] [INFO] Step: 4000, LR: 5.00e-03
[GPU 0] [13:58:03] [INFO] Train Loss: CORE: 2.05 A-DEADLINE-OR-TIME-LIMIT: nan ALIEN-ENCOUNTERS: nan BYGONE-ERAS: nan CULTURAL-TRADITIONS: nan 
[GPU 0] [13:58:31] [INFO] Step: 5000, LR: 5.00e-03
[GPU 0] [13:58:31] [INFO] Train Loss: CORE: 1.95 A-DEADLINE-OR-TIME-LIMIT: nan ALIEN-ENCOUNTERS: nan BYGONE-ERAS: nan CULTURAL-TRADITIONS: nan 
[GPU 0] [13:59:01] [INFO] Step: 6000, LR: 5.00e-03
[GPU 0] [13:59:01] [INFO] Train Loss: CORE: 1.92 A-DEADLINE-OR-TIME-LIMIT: nan ALIEN-ENCOUNTERS: nan BYGONE-ERAS: nan CULTURAL-TRADITIONS: nan 
[GPU 0] [13:59:31] [INFO] Step: 7000, LR: 5.00e-03
[GPU 0] [13:59:31] [INFO] Train Loss: CORE: 1.91 A-DEADLINE-OR-TIME-LIMIT: nan ALIEN-ENCOUNTERS: nan BYGONE-ERAS: nan CULTURAL-TRADITIONS: nan 
[GPU 0] [14:00:01] [INFO] Step: 8000, LR: 5.00e-03
[GPU 0] [14:00:01] [INFO] Train Loss: CORE: 1.90 A-DEADLINE-OR-TIME-LIMIT: nan ALIEN-ENCOUNTERS: nan BYGONE-ERAS: nan CULTURAL-TRADITIONS: nan 
[GPU 0] [14:00:31] [INFO] Step: 9000, LR: 5.00e-03
[GPU 0] [14:00:31] [INFO] Train Loss: CORE: 1.86 A-DEADLINE-OR-TIME-LIMIT: nan ALIEN-ENCOUNTERS: nan BYGONE-ERAS: nan CULTURAL-TRADITIONS: nan 
[GPU 0] [14:01:01] [INFO] Step: 10000, LR: 5.00e-03
[GPU 0] [14:01:01] [INFO] Train Loss: CORE: 1.81 A-DEADLINE-OR-TIME-LIMIT: nan ALIEN-ENCOUNTERS: nan BYGONE-ERAS: nan CULTURAL-TRADITIONS: nan 
[GPU 0] [14:01:31] [INFO] Step: 11000, LR: 5.00e-03
[GPU 0] [14:01:31] [INFO] Train Loss: CORE: 1.81 A-DEADLINE-OR-TIME-LIMIT: nan ALIEN-ENCOUNTERS: nan BYGONE-ERAS: nan CULTURAL-TRADITIONS: nan 
[GPU 0] [14:01:34] [INFO] LR Scheduler: Decay Start
[GPU 0] [14:02:01] [INFO] Step: 12000, LR: 1.38e-03
[GPU 0] [14:02:01] [INFO] Train Loss: CORE: 1.75 A-DEADLINE-OR-TIME-LIMIT: nan ALIEN-ENCOUNTERS: nan BYGONE-ERAS: nan CULTURAL-TRADITIONS: nan 
[GPU 0] [14:02:11] [INFO] Step: 12341, LR: 1.00e-08
[GPU 0] [14:02:11] [INFO] Train Loss: CORE: 1.74 A-DEADLINE-OR-TIME-LIMIT: nan ALIEN-ENCOUNTERS: nan BYGONE-ERAS: nan CULTURAL-TRADITIONS: nan 
[GPU 0] [14:02:13] [INFO] ---- Begin Eval ----
[GPU 0] [14:02:13] [INFO] Data: core | Experts: None
[GPU 0] [14:02:39] [INFO] loss: 1.70583165
[GPU 0] [14:02:39] [INFO] Data: a-deadline-or-time-limit | Experts: None
[GPU 0] [14:02:39] [INFO] loss: 1.88925779
[GPU 0] [14:02:39] [INFO] Data: alien-encounters | Experts: None
[GPU 0] [14:02:40] [INFO] loss: 1.75678456
[GPU 0] [14:02:40] [INFO] Data: bygone-eras | Experts: None
[GPU 0] [14:02:40] [INFO] loss: 1.73858178
[GPU 0] [14:02:40] [INFO] Data: cultural-traditions | Experts: None
[GPU 0] [14:02:41] [INFO] loss: 1.78782892
[GPU 0] [14:02:41] [INFO] CORE FT AUX - BASE PHASE - ADVERSARIAL FT START
[GPU 0] [14:02:41] [INFO] ---- Begin FT | Experts: None | Data: ['a-deadline-or-time-limit'] ----
[GPU 0] [14:02:41] [DEBUG] num_seq: 512, num_rounds: 200, patience: 10
[GPU 0] [14:02:41] [DEBUG] local_x: torch.Size([512, 256]), local_y: torch.Size([512, 256]), num_steps: 4, per_gpu: 512, mbs_size: 128
[GPU 0] [14:02:45] [INFO] New best validation loss: 1.8549 @ step 0
[GPU 0] [14:02:46] [INFO] New best validation loss: 1.8406 @ step 1
[GPU 0] [14:02:47] [INFO] New best validation loss: 1.8346 @ step 2
[GPU 0] [14:02:53] [INFO] Stop FT @ 14: no val improvement for 10 steps
[GPU 0] [14:02:53] [INFO] Wrote stats.jsonl entries at FT step 2 
[GPU 0] [14:02:53] [INFO] ---- Begin FT | Experts: None | Data: ['alien-encounters'] ----
[GPU 0] [14:02:53] [DEBUG] num_seq: 512, num_rounds: 200, patience: 10
[GPU 0] [14:02:53] [DEBUG] local_x: torch.Size([512, 256]), local_y: torch.Size([512, 256]), num_steps: 4, per_gpu: 512, mbs_size: 128
[GPU 0] [14:02:54] [INFO] New best validation loss: 1.7317 @ step 0
[GPU 0] [14:02:55] [INFO] New best validation loss: 1.7196 @ step 1
[GPU 0] [14:02:55] [INFO] New best validation loss: 1.7140 @ step 2
[GPU 0] [14:02:56] [INFO] New best validation loss: 1.7136 @ step 3
[GPU 0] [14:03:02] [INFO] Stop FT @ 15: no val improvement for 10 steps
[GPU 0] [14:03:02] [INFO] Wrote stats.jsonl entries at FT step 3 
[GPU 0] [14:03:02] [INFO] ---- Begin FT | Experts: None | Data: ['bygone-eras'] ----
[GPU 0] [14:03:02] [DEBUG] num_seq: 512, num_rounds: 200, patience: 10
[GPU 0] [14:03:02] [DEBUG] local_x: torch.Size([512, 256]), local_y: torch.Size([512, 256]), num_steps: 4, per_gpu: 512, mbs_size: 128
[GPU 0] [14:03:03] [INFO] New best validation loss: 1.7378 @ step 0
[GPU 0] [14:03:04] [INFO] New best validation loss: 1.7378 @ step 1
[GPU 0] [14:03:11] [INFO] Stop FT @ 13: no val improvement for 10 steps
[GPU 0] [14:03:11] [INFO] Wrote stats.jsonl entries at FT step 1 
[GPU 0] [14:03:11] [INFO] ---- Begin FT | Experts: None | Data: ['cultural-traditions'] ----
[GPU 0] [14:03:11] [DEBUG] num_seq: 512, num_rounds: 200, patience: 10
[GPU 0] [14:03:11] [DEBUG] local_x: torch.Size([512, 256]), local_y: torch.Size([512, 256]), num_steps: 4, per_gpu: 512, mbs_size: 128
[GPU 0] [14:03:11] [INFO] New best validation loss: 1.7806 @ step 0
[GPU 0] [14:03:12] [INFO] New best validation loss: 1.7788 @ step 1
[GPU 0] [14:03:19] [INFO] Stop FT @ 13: no val improvement for 10 steps
[GPU 0] [14:03:19] [INFO] Wrote stats.jsonl entries at FT step 1 
[GPU 0] [14:03:19] [INFO] CORE FT AUX - AUX PHASE: a-deadline-or-time-limit
[GPU 0] [14:03:19] [WARNING] restore_partial_state: no checkpoint found at /workspace-vast/ethanr/gradient-routing/experiments/AGI-1699-New-Dataset-Runs/results/stories/seed_1/20260615135522386453/coreftaux/core_a-deadline-or-time-limit
[GPU 0] [14:03:19] [INFO] ---- Begin CoreFTAux | Phase: ft | Data Label: a-deadline-or-time-limit ----
[GPU 0] [14:03:19] [DEBUG] acc_mode: heterogeneous, label_prc: 1.0, lr: 0.00125
[GPU 0] [14:03:19] [INFO] 
len_all: 16544, len_all_labeled: 16544, len_all_unlabeled: 0,
len_base: 12341, len_ft: 4203,
len_core_for_ft: 2802, len_aux_for_ft: 1401,
aux_factor: {'a-deadline-or-time-limit': 1.0, 'alien-encounters': 1.0, 'bygone-eras': 1.0, 'cultural-traditions': 1.0}, core_aux_ratio: 2.0,
[GPU 0] [14:03:19] [INFO] Batch [a-deadline-or-time-limit] count: 352
[GPU 0] [14:03:19] [INFO] Batch [core] count: 704
[GPU 0] [14:03:19] [INFO] num_total_steps: 1056
[GPU 0] [14:03:19] [INFO] warmup_steps: 106
[GPU 0] [14:03:19] [INFO] constant_steps: 844
[GPU 0] [14:03:19] [INFO] decay_steps: 106
[GPU 0] [14:03:19] [INFO] LR Scheduler: Warmup Start
[GPU 0] [14:03:19] [INFO] Step: 1, LR: 1.18e-05
[GPU 0] [14:03:19] [INFO] Train Loss: CORE: 1.81 A-DEADLINE-OR-TIME-LIMIT: nan ALIEN-ENCOUNTERS: nan BYGONE-ERAS: nan CULTURAL-TRADITIONS: nan 
[GPU 0] [14:03:22] [INFO] LR Scheduler: Constant Start
[GPU 0] [14:03:48] [INFO] LR Scheduler: Decay Start
[GPU 0] [14:03:49] [INFO] Step: 1000, LR: 6.60e-04
[GPU 0] [14:03:49] [INFO] Train Loss: CORE: 1.70 A-DEADLINE-OR-TIME-LIMIT: 1.74 ALIEN-ENCOUNTERS: nan BYGONE-ERAS: nan CULTURAL-TRADITIONS: nan 
[GPU 0] [14:03:51] [INFO] Step: 1056, LR: 1.00e-08
[GPU 0] [14:03:51] [INFO] Train Loss: CORE: 1.70 A-DEADLINE-OR-TIME-LIMIT: 1.76 ALIEN-ENCOUNTERS: nan BYGONE-ERAS: nan CULTURAL-TRADITIONS: nan 
[GPU 0] [14:03:53] [INFO] ---- Begin Eval ----
[GPU 0] [14:03:53] [INFO] Data: core | Experts: None
[GPU 0] [14:04:16] [INFO] loss: 1.70386112
[GPU 0] [14:04:16] [INFO] Data: a-deadline-or-time-limit | Experts: None
[GPU 0] [14:04:16] [INFO] loss: 1.75097656
[GPU 0] [14:04:16] [INFO] Data: alien-encounters | Experts: None
[GPU 0] [14:04:17] [INFO] loss: 1.75904608
[GPU 0] [14:04:17] [INFO] Data: bygone-eras | Experts: None
[GPU 0] [14:04:17] [INFO] loss: 1.73197114
[GPU 0] [14:04:17] [INFO] Data: cultural-traditions | Experts: None
[GPU 0] [14:04:18] [INFO] loss: 1.77796054
[GPU 0] [14:04:18] [INFO] CORE FT AUX - AUX PHASE: a-deadline-or-time-limit - ADVERSARIAL FT START
[GPU 0] [14:04:18] [INFO] ---- Begin FT | Experts: None | Data: ['alien-encounters'] ----
[GPU 0] [14:04:18] [DEBUG] num_seq: 512, num_rounds: 200, patience: 10
[GPU 0] [14:04:18] [DEBUG] local_x: torch.Size([512, 256]), local_y: torch.Size([512, 256]), num_steps: 4, per_gpu: 512, mbs_size: 128
[GPU 0] [14:04:19] [INFO] New best validation loss: 1.7331 @ step 0
[GPU 0] [14:04:19] [INFO] New best validation loss: 1.7192 @ step 1
[GPU 0] [14:04:20] [INFO] New best validation loss: 1.7130 @ step 2
[GPU 0] [14:04:21] [INFO] New best validation loss: 1.7118 @ step 3
[GPU 0] [14:04:27] [INFO] Stop FT @ 15: no val improvement for 10 steps
[GPU 0] [14:04:27] [INFO] Wrote stats.jsonl entries at FT step 3 
[GPU 0] [14:04:28] [INFO] ---- Begin FT | Experts: None | Data: ['bygone-eras'] ----
[GPU 0] [14:04:28] [DEBUG] num_seq: 512, num_rounds: 200, patience: 10
[GPU 0] [14:04:28] [DEBUG] local_x: torch.Size([512, 256]), local_y: torch.Size([512, 256]), num_steps: 4, per_gpu: 512, mbs_size: 128
[GPU 0] [14:04:28] [INFO] New best validation loss: 1.7308 @ step 0
[GPU 0] [14:04:29] [INFO] New best validation loss: 1.7304 @ step 1
[GPU 0] [14:04:36] [INFO] Stop FT @ 13: no val improvement for 10 steps
[GPU 0] [14:04:36] [INFO] Wrote stats.jsonl entries at FT step 1 
[GPU 0] [14:04:36] [INFO] ---- Begin FT | Experts: None | Data: ['cultural-traditions'] ----
[GPU 0] [14:04:36] [DEBUG] num_seq: 512, num_rounds: 200, patience: 10
[GPU 0] [14:04:36] [DEBUG] local_x: torch.Size([512, 256]), local_y: torch.Size([512, 256]), num_steps: 4, per_gpu: 512, mbs_size: 128
[GPU 0] [14:04:37] [INFO] New best validation loss: 1.7706 @ step 0
[GPU 0] [14:04:37] [INFO] New best validation loss: 1.7681 @ step 1
[GPU 0] [14:04:44] [INFO] Stop FT @ 13: no val improvement for 10 steps
[GPU 0] [14:04:44] [INFO] Wrote stats.jsonl entries at FT step 1 
[GPU 0] [14:04:44] [INFO] CORE FT AUX - AUX PHASE: alien-encounters
[GPU 0] [14:04:44] [WARNING] restore_partial_state: no checkpoint found at /workspace-vast/ethanr/gradient-routing/experiments/AGI-1699-New-Dataset-Runs/results/stories/seed_1/20260615135522386453/coreftaux/core_alien-encounters
[GPU 0] [14:04:44] [INFO] ---- Begin CoreFTAux | Phase: ft | Data Label: alien-encounters ----
[GPU 0] [14:04:44] [DEBUG] acc_mode: heterogeneous, label_prc: 1.0, lr: 0.00125
[GPU 0] [14:04:44] [INFO] 
len_all: 16544, len_all_labeled: 16544, len_all_unlabeled: 0,
len_base: 12341, len_ft: 4203,
len_core_for_ft: 2802, len_aux_for_ft: 1401,
aux_factor: {'a-deadline-or-time-limit': 1.0, 'alien-encounters': 1.0, 'bygone-eras': 1.0, 'cultural-traditions': 1.0}, core_aux_ratio: 2.0,
[GPU 0] [14:04:44] [INFO] Batch [alien-encounters] count: 345
[GPU 0] [14:04:44] [INFO] Batch [core] count: 690
[GPU 0] [14:04:44] [INFO] num_total_steps: 1035
[GPU 0] [14:04:44] [INFO] warmup_steps: 104
[GPU 0] [14:04:44] [INFO] constant_steps: 827
[GPU 0] [14:04:44] [INFO] decay_steps: 104
[GPU 0] [14:04:44] [INFO] LR Scheduler: Warmup Start
[GPU 0] [14:04:44] [INFO] Step: 1, LR: 1.20e-05
[GPU 0] [14:04:44] [INFO] Train Loss: CORE: 1.81 A-DEADLINE-OR-TIME-LIMIT: nan ALIEN-ENCOUNTERS: nan BYGONE-ERAS: nan CULTURAL-TRADITIONS: nan 
[GPU 0] [14:04:47] [INFO] LR Scheduler: Constant Start
[GPU 0] [14:05:10] [INFO] LR Scheduler: Decay Start
[GPU 0] [14:05:12] [INFO] Step: 1000, LR: 4.21e-04
[GPU 0] [14:05:12] [INFO] Train Loss: CORE: 1.70 A-DEADLINE-OR-TIME-LIMIT: nan ALIEN-ENCOUNTERS: 1.60 BYGONE-ERAS: nan CULTURAL-TRADITIONS: nan 
[GPU 0] [14:05:13] [INFO] Step: 1035, LR: 1.00e-08
[GPU 0] [14:05:13] [INFO] Train Loss: CORE: 1.72 A-DEADLINE-OR-TIME-LIMIT: nan ALIEN-ENCOUNTERS: 1.62 BYGONE-ERAS: nan CULTURAL-TRADITIONS: nan 
[GPU 0] [14:05:15] [INFO] ---- Begin Eval ----
[GPU 0] [14:05:15] [INFO] Data: core | Experts: None
[GPU 0] [14:05:35] [INFO] loss: 1.70540309
[GPU 0] [14:05:35] [INFO] Data: a-deadline-or-time-limit | Experts: None
[GPU 0] [14:05:35] [INFO] loss: 1.88632810
[GPU 0] [14:05:35] [INFO] Data: alien-encounters | Experts: None
[GPU 0] [14:05:36] [INFO] loss: 1.62541115
[GPU 0] [14:05:36] [INFO] Data: bygone-eras | Experts: None
[GPU 0] [14:05:36] [INFO] loss: 1.73798072
[GPU 0] [14:05:36] [INFO] Data: cultural-traditions | Experts: None
[GPU 0] [14:05:37] [INFO] loss: 1.78700662
[GPU 0] [14:05:37] [INFO] CORE FT AUX - AUX PHASE: alien-encounters - ADVERSARIAL FT START
[GPU 0] [14:05:37] [INFO] ---- Begin FT | Experts: None | Data: ['a-deadline-or-time-limit'] ----
[GPU 0] [14:05:37] [DEBUG] num_seq: 512, num_rounds: 200, patience: 10
[GPU 0] [14:05:37] [DEBUG] local_x: torch.Size([512, 256]), local_y: torch.Size([512, 256]), num_steps: 4, per_gpu: 512, mbs_size: 128
[GPU 0] [14:05:37] [INFO] New best validation loss: 1.8531 @ step 0
[GPU 0] [14:05:38] [INFO] New best validation loss: 1.8379 @ step 1
[GPU 0] [14:05:39] [INFO] New best validation loss: 1.8312 @ step 2
[GPU 0] [14:05:40] [INFO] New best validation loss: 1.8312 @ step 3
[GPU 0] [14:05:47] [INFO] Stop FT @ 15: no val improvement for 10 steps
[GPU 0] [14:05:47] [INFO] Wrote stats.jsonl entries at FT step 3 
[GPU 0] [14:05:47] [INFO] ---- Begin FT | Experts: None | Data: ['bygone-eras'] ----
[GPU 0] [14:05:47] [DEBUG] num_seq: 512, num_rounds: 200, patience: 10
[GPU 0] [14:05:47] [DEBUG] local_x: torch.Size([512, 256]), local_y: torch.Size([512, 256]), num_steps: 4, per_gpu: 512, mbs_size: 128
[GPU 0] [14:05:47] [INFO] New best validation loss: 1.7368 @ step 0
[GPU 0] [14:05:48] [INFO] New best validation loss: 1.7360 @ step 1
[GPU 0] [14:05:55] [INFO] Stop FT @ 13: no val improvement for 10 steps
[GPU 0] [14:05:55] [INFO] Wrote stats.jsonl entries at FT step 1 
[GPU 0] [14:05:55] [INFO] ---- Begin FT | Experts: None | Data: ['cultural-traditions'] ----
[GPU 0] [14:05:55] [DEBUG] num_seq: 512, num_rounds: 200, patience: 10
[GPU 0] [14:05:55] [DEBUG] local_x: torch.Size([512, 256]), local_y: torch.Size([512, 256]), num_steps: 4, per_gpu: 512, mbs_size: 128
[GPU 0] [14:05:56] [INFO] New best validation loss: 1.7784 @ step 0
[GPU 0] [14:05:56] [INFO] New best validation loss: 1.7769 @ step 1
[GPU 0] [14:06:03] [INFO] Stop FT @ 13: no val improvement for 10 steps
[GPU 0] [14:06:03] [INFO] Wrote stats.jsonl entries at FT step 1 
[GPU 0] [14:06:03] [INFO] CORE FT AUX - AUX PHASE: bygone-eras
[GPU 0] [14:06:03] [WARNING] restore_partial_state: no checkpoint found at /workspace-vast/ethanr/gradient-routing/experiments/AGI-1699-New-Dataset-Runs/results/stories/seed_1/20260615135522386453/coreftaux/core_bygone-eras
[GPU 0] [14:06:03] [INFO] ---- Begin CoreFTAux | Phase: ft | Data Label: bygone-eras ----
[GPU 0] [14:06:03] [DEBUG] acc_mode: heterogeneous, label_prc: 1.0, lr: 0.00125
[GPU 0] [14:06:03] [INFO] 
len_all: 16544, len_all_labeled: 16544, len_all_unlabeled: 0,
len_base: 12341, len_ft: 4203,
len_core_for_ft: 2802, len_aux_for_ft: 1401,
aux_factor: {'a-deadline-or-time-limit': 1.0, 'alien-encounters': 1.0, 'bygone-eras': 1.0, 'cultural-traditions': 1.0}, core_aux_ratio: 2.0,
[GPU 0] [14:06:03] [INFO] Batch [bygone-eras] count: 352
[GPU 0] [14:06:03] [INFO] Batch [core] count: 704
[GPU 0] [14:06:03] [INFO] num_total_steps: 1056
[GPU 0] [14:06:03] [INFO] warmup_steps: 106
[GPU 0] [14:06:03] [INFO] constant_steps: 844
[GPU 0] [14:06:03] [INFO] decay_steps: 106
[GPU 0] [14:06:03] [INFO] LR Scheduler: Warmup Start
[GPU 0] [14:06:04] [INFO] Step: 1, LR: 1.18e-05
[GPU 0] [14:06:04] [INFO] Train Loss: CORE: 1.81 A-DEADLINE-OR-TIME-LIMIT: nan ALIEN-ENCOUNTERS: nan BYGONE-ERAS: nan CULTURAL-TRADITIONS: nan 
[GPU 0] [14:06:07] [INFO] LR Scheduler: Constant Start
[GPU 0] [14:06:32] [INFO] LR Scheduler: Decay Start
[GPU 0] [14:06:34] [INFO] Step: 1000, LR: 6.60e-04
[GPU 0] [14:06:34] [INFO] Train Loss: CORE: 1.69 A-DEADLINE-OR-TIME-LIMIT: nan ALIEN-ENCOUNTERS: nan BYGONE-ERAS: 1.71 CULTURAL-TRADITIONS: nan 
[GPU 0] [14:06:35] [INFO] Step: 1056, LR: 1.00e-08
[GPU 0] [14:06:35] [INFO] Train Loss: CORE: 1.70 A-DEADLINE-OR-TIME-LIMIT: nan ALIEN-ENCOUNTERS: nan BYGONE-ERAS: 1.71 CULTURAL-TRADITIONS: nan 
[GPU 0] [14:06:37] [INFO] ---- Begin Eval ----
[GPU 0] [14:06:37] [INFO] Data: core | Experts: None
[GPU 0] [14:07:00] [INFO] loss: 1.69854558
[GPU 0] [14:07:00] [INFO] Data: a-deadline-or-time-limit | Experts: None
[GPU 0] [14:07:00] [INFO] loss: 1.87714839
[GPU 0] [14:07:00] [INFO] Data: alien-encounters | Experts: None
[GPU 0] [14:07:01] [INFO] loss: 1.75513983
[GPU 0] [14:07:01] [INFO] Data: bygone-eras | Experts: None
[GPU 0] [14:07:01] [INFO] loss: 1.70733178
[GPU 0] [14:07:01] [INFO] Data: cultural-traditions | Experts: None
[GPU 0] [14:07:02] [INFO] loss: 1.76850331
[GPU 0] [14:07:02] [INFO] CORE FT AUX - AUX PHASE: bygone-eras - ADVERSARIAL FT START
[GPU 0] [14:07:02] [INFO] ---- Begin FT | Experts: None | Data: ['a-deadline-or-time-limit'] ----
[GPU 0] [14:07:02] [DEBUG] num_seq: 512, num_rounds: 200, patience: 10
[GPU 0] [14:07:02] [DEBUG] local_x: torch.Size([512, 256]), local_y: torch.Size([512, 256]), num_steps: 4, per_gpu: 512, mbs_size: 128
[GPU 0] [14:07:03] [INFO] New best validation loss: 1.8436 @ step 0
[GPU 0] [14:07:03] [INFO] New best validation loss: 1.8295 @ step 1
[GPU 0] [14:07:04] [INFO] New best validation loss: 1.8223 @ step 2
[GPU 0] [14:07:11] [INFO] Stop FT @ 14: no val improvement for 10 steps
[GPU 0] [14:07:11] [INFO] Wrote stats.jsonl entries at FT step 2 
[GPU 0] [14:07:11] [INFO] ---- Begin FT | Experts: None | Data: ['alien-encounters'] ----
[GPU 0] [14:07:11] [DEBUG] num_seq: 512, num_rounds: 200, patience: 10
[GPU 0] [14:07:11] [DEBUG] local_x: torch.Size([512, 256]), local_y: torch.Size([512, 256]), num_steps: 4, per_gpu: 512, mbs_size: 128
[GPU 0] [14:07:12] [INFO] New best validation loss: 1.7284 @ step 0
[GPU 0] [14:07:12] [INFO] New best validation loss: 1.7146 @ step 1
[GPU 0] [14:07:13] [INFO] New best validation loss: 1.7091 @ step 2
[GPU 0] [14:07:13] [INFO] New best validation loss: 1.7074 @ step 3
[GPU 0] [14:07:19] [INFO] Stop FT @ 15: no val improvement for 10 steps
[GPU 0] [14:07:19] [INFO] Wrote stats.jsonl entries at FT step 3 
[GPU 0] [14:07:20] [INFO] ---- Begin FT | Experts: None | Data: ['cultural-traditions'] ----
[GPU 0] [14:07:20] [DEBUG] num_seq: 512, num_rounds: 200, patience: 10
[GPU 0] [14:07:20] [DEBUG] local_x: torch.Size([512, 256]), local_y: torch.Size([512, 256]), num_steps: 4, per_gpu: 512, mbs_size: 128
[GPU 0] [14:07:20] [INFO] New best validation loss: 1.7615 @ step 0
[GPU 0] [14:07:21] [INFO] New best validation loss: 1.7609 @ step 1
[GPU 0] [14:07:27] [INFO] Stop FT @ 13: no val improvement for 10 steps
[GPU 0] [14:07:27] [INFO] Wrote stats.jsonl entries at FT step 1 
[GPU 0] [14:07:27] [INFO] CORE FT AUX - AUX PHASE: cultural-traditions
[GPU 0] [14:07:27] [WARNING] restore_partial_state: no checkpoint found at /workspace-vast/ethanr/gradient-routing/experiments/AGI-1699-New-Dataset-Runs/results/stories/seed_1/20260615135522386453/coreftaux/core_cultural-traditions
[GPU 0] [14:07:27] [INFO] ---- Begin CoreFTAux | Phase: ft | Data Label: cultural-traditions ----
[GPU 0] [14:07:27] [DEBUG] acc_mode: heterogeneous, label_prc: 1.0, lr: 0.00125
[GPU 0] [14:07:27] [INFO] 
len_all: 16544, len_all_labeled: 16544, len_all_unlabeled: 0,
len_base: 12341, len_ft: 4203,
len_core_for_ft: 2802, len_aux_for_ft: 1401,
aux_factor: {'a-deadline-or-time-limit': 1.0, 'alien-encounters': 1.0, 'bygone-eras': 1.0, 'cultural-traditions': 1.0}, core_aux_ratio: 2.0,
[GPU 0] [14:07:27] [INFO] Batch [core] count: 704
[GPU 0] [14:07:27] [INFO] Batch [cultural-traditions] count: 352
[GPU 0] [14:07:27] [INFO] num_total_steps: 1056
[GPU 0] [14:07:27] [INFO] warmup_steps: 106
[GPU 0] [14:07:27] [INFO] constant_steps: 844
[GPU 0] [14:07:27] [INFO] decay_steps: 106
[GPU 0] [14:07:27] [INFO] LR Scheduler: Warmup Start
[GPU 0] [14:07:27] [INFO] Step: 1, LR: 1.18e-05
[GPU 0] [14:07:27] [INFO] Train Loss: CORE: 1.81 A-DEADLINE-OR-TIME-LIMIT: nan ALIEN-ENCOUNTERS: nan BYGONE-ERAS: nan CULTURAL-TRADITIONS: nan 
[GPU 0] [14:07:30] [INFO] LR Scheduler: Constant Start
[GPU 0] [14:07:54] [INFO] LR Scheduler: Decay Start
[GPU 0] [14:07:55] [INFO] Step: 1000, LR: 6.60e-04
[GPU 0] [14:07:55] [INFO] Train Loss: CORE: 1.70 A-DEADLINE-OR-TIME-LIMIT: nan ALIEN-ENCOUNTERS: nan BYGONE-ERAS: nan CULTURAL-TRADITIONS: 1.73 
[GPU 0] [14:07:57] [INFO] Step: 1056, LR: 1.00e-08
[GPU 0] [14:07:57] [INFO] Train Loss: CORE: 1.70 A-DEADLINE-OR-TIME-LIMIT: nan ALIEN-ENCOUNTERS: nan BYGONE-ERAS: nan CULTURAL-TRADITIONS: 1.74 
[GPU 0] [14:07:58] [INFO] ---- Begin Eval ----
[GPU 0] [14:07:58] [INFO] Data: core | Experts: None
[GPU 0] [14:08:20] [INFO] loss: 1.70080507
[GPU 0] [14:08:20] [INFO] Data: a-deadline-or-time-limit | Experts: None
[GPU 0] [14:08:21] [INFO] loss: 1.87304688
[GPU 0] [14:08:21] [INFO] Data: alien-encounters | Experts: None
[GPU 0] [14:08:21] [INFO] loss: 1.75555098
[GPU 0] [14:08:21] [INFO] Data: bygone-eras | Experts: None
[GPU 0] [14:08:22] [INFO] loss: 1.72155452
[GPU 0] [14:08:22] [INFO] Data: cultural-traditions | Experts: None
[GPU 0] [14:08:22] [INFO] loss: 1.73211348
[GPU 0] [14:08:23] [INFO] CORE FT AUX - AUX PHASE: cultural-traditions - ADVERSARIAL FT START
[GPU 0] [14:08:23] [INFO] ---- Begin FT | Experts: None | Data: ['a-deadline-or-time-limit'] ----
[GPU 0] [14:08:23] [DEBUG] num_seq: 512, num_rounds: 200, patience: 10
[GPU 0] [14:08:23] [DEBUG] local_x: torch.Size([512, 256]), local_y: torch.Size([512, 256]), num_steps: 4, per_gpu: 512, mbs_size: 128
[GPU 0] [14:08:23] [INFO] New best validation loss: 1.8400 @ step 0
[GPU 0] [14:08:24] [INFO] New best validation loss: 1.8262 @ step 1
[GPU 0] [14:08:25] [INFO] New best validation loss: 1.8209 @ step 2
[GPU 0] [14:08:32] [INFO] Stop FT @ 14: no val improvement for 10 steps
[GPU 0] [14:08:32] [INFO] Wrote stats.jsonl entries at FT step 2 
[GPU 0] [14:08:32] [INFO] ---- Begin FT | Experts: None | Data: ['alien-encounters'] ----
[GPU 0] [14:08:32] [DEBUG] num_seq: 512, num_rounds: 200, patience: 10
[GPU 0] [14:08:32] [DEBUG] local_x: torch.Size([512, 256]), local_y: torch.Size([512, 256]), num_steps: 4, per_gpu: 512, mbs_size: 128
[GPU 0] [14:08:33] [INFO] New best validation loss: 1.7296 @ step 0
[GPU 0] [14:08:33] [INFO] New best validation loss: 1.7161 @ step 1
[GPU 0] [14:08:34] [INFO] New best validation loss: 1.7109 @ step 2
[GPU 0] [14:08:34] [INFO] New best validation loss: 1.7095 @ step 3
[GPU 0] [14:08:41] [INFO] Stop FT @ 15: no val improvement for 10 steps
[GPU 0] [14:08:41] [INFO] Wrote stats.jsonl entries at FT step 3 
[GPU 0] [14:08:41] [INFO] ---- Begin FT | Experts: None | Data: ['bygone-eras'] ----
[GPU 0] [14:08:41] [DEBUG] num_seq: 512, num_rounds: 200, patience: 10
[GPU 0] [14:08:41] [DEBUG] local_x: torch.Size([512, 256]), local_y: torch.Size([512, 256]), num_steps: 4, per_gpu: 512, mbs_size: 128
[GPU 0] [14:08:42] [INFO] New best validation loss: 1.7222 @ step 0
[GPU 0] [14:08:42] [INFO] New best validation loss: 1.7222 @ step 1
[GPU 0] [14:08:49] [INFO] Stop FT @ 13: no val improvement for 10 steps
[GPU 0] [14:08:49] [INFO] Wrote stats.jsonl entries at FT step 1 
[GPU 0] [14:08:49] [INFO] ----------------------------------------
[GPU 0] [14:08:49] [INFO] Finished. See /workspace-vast/ethanr/gradient-routing/experiments/AGI-1699-New-Dataset-Runs/results/stories/seed_1/20260615135522386453
