[GPU 0] [06:47:58] [INFO] Number of GPUs: 8
[GPU 0] [06:47:59] [INFO] Tokenizer vocabulary: 50257
[GPU 0] [06:47:59] [INFO] Set model vocab size to nearest multiple of 64 of tokenizer size: 50304
[GPU 0] [06:47:59] [INFO] target effective batch size: 32, actual effective batch size: 32, micro batch size: 4, accumulation steps: 1, num gpus: 8
[GPU 0] [06:47:59] [INFO] core total number of tokens: 124693822984
[GPU 0] [06:47:59] [INFO] Baseline model has 103,201,984 parameters
[GPU 0] [06:47:59] [INFO] core: chinchilla optimal tokens: 2,064,039,680, requested proportion: 1.0000, requested number of tokens: 2,064,039,680.0, 
[GPU 0] [06:47:59] [INFO] aux total number of tokens: 4835776549
[GPU 0] [06:47:59] [INFO] Baseline model has 103,201,984 parameters
[GPU 0] [06:47:59] [INFO] aux: chinchilla optimal tokens: 2,064,039,680, requested proportion: 0.0100, requested number of tokens: 20,640,396.8, 
[GPU 0] [06:47:59] [DEBUG] Saved config to /workspace/gradient-routing/experiments/AGI-1699-New-Dataset-Runs/results/optimize/base/realistic/100M/seed_2/20260421064750804007/config.json
[GPU 0] [06:47:59] [DEBUG] {
    "stages": [
        {
            "name": "baseline",
            "num_checkpoints": -1,
            "lr": 0.0008,
            "res_dir": "/workspace/gradient-routing/experiments/AGI-1699-New-Dataset-Runs/results/optimize/base/realistic/100M/seed_2/20260421064750804007/baseline",
            "do_eval": true,
            "do_sample": false,
            "num_train_evals": 0,
            "do_elicit": false,
            "elicit_eval_prc": 0.5,
            "elicit_num_evals": 100
        }
    ],
    "model": {
        "arch": "base",
        "tokenizer": "GPT2Tokenizer(name_or_path='EleutherAI/gpt-neo-125M', vocab_size=50257, model_max_length=2048, padding_side='right', truncation_side='right', special_tokens={'bos_token': '<|endoftext|>', 'eos_token': '<|endoftext|>', 'unk_token': '<|endoftext|>'}, added_tokens_decoder={\n\t50256: AddedToken(\"<|endoftext|>\", rstrip=False, lstrip=False, single_word=False, normalized=True, special=True),\n}\n)",
        "ctx_len": 1024,
        "vocab_size": 50304,
        "num_layers": 9,
        "num_heads": 8,
        "num_key_value": 2,
        "attn_bias": true,
        "eos_token_id": 50256,
        "embed_dim": 640,
        "mlp_dim": 2560
    },
    "data": {
        "dirs": [
            "/workspace/gradient-routing/experiments/AGI-1699-New-Dataset-Runs/src/data/fineweb",
            "/workspace/gradient-routing/experiments/AGI-1699-New-Dataset-Runs/src/data/code",
            "/workspace/gradient-routing/experiments/AGI-1699-New-Dataset-Runs/src/data/papers"
        ],
        "core": {
            "labels": [
                "fineweb",
                "code-other",
                "papers-other"
            ],
            "method": "optimal",
            "limit": 1.0,
            "dist": {
                "fineweb": 0.84,
                "code-other": 0.15,
                "papers-other": 0.01
            },
            "num_tok": 2064039680.0
        },
        "aux": {
            "labels": [
                "code-lisp",
                "papers-biology",
                "papers-nuclear",
                "papers-cyber"
            ],
            "method": "optimal",
            "limit": 0.01,
            "dist": {
                "code-lisp": 0.25,
                "papers-biology": 0.25,
                "papers-nuclear": 0.25,
                "papers-cyber": 0.25
            },
            "num_tok": 20640396.8
        }
    },
    "run": {
        "target_effective_batch_size": 32,
        "effective_batch_size": 32,
        "micro_batch_size": 4,
        "accumulation_steps": 1,
        "max_num_test_sequences": 10000,
        "eval_all_labels": false,
        "micro_batch_anchors": [
            [
                400000000.0,
                23
            ],
            [
                5000000000.0,
                2
            ]
        ],
        "epochs": 1,
        "adam_betas": [
            0.9,
            0.95
        ],
        "warmup_prc": 0.02,
        "decay_prc": 0.1,
        "seed": 2,
        "compile": true,
        "is_ddp": true,
        "optimize_routed": true,
        "cleanup_distributed": false,
        "log_level": "DEBUG",
        "num_gpus": 8,
        "process_id": 0,
        "num_base_params": 103201984,
        "device": "cuda",
        "logger": "<Logger training_20260421064750804007 (DEBUG)>",
        "labels": [
            "core",
            "code-lisp",
            "papers-biology",
            "papers-cyber",
            "papers-nuclear"
        ],
        "loaders": {
            "code-lisp": {
                "train": "SingleDataLoader(code-lisp_train_001.bin, len=157)",
                "test": "SingleDataLoader(code-lisp_test_001.bin, len=157)"
            },
            "code-other": {
                "train": "SingleDataLoader(code-other_train_003.bin, len=9448)",
                "test": "InterleavedDataLoader(len=313)"
            },
            "fineweb": {
                "train": "InterleavedDataLoader(len=52911)",
                "test": "InterleavedDataLoader(len=313)"
            },
            "papers-biology": {
                "train": "SingleDataLoader(papers-biology_train.bin, len=157)",
                "test": "SingleDataLoader(papers-biology_test.bin, len=157)"
            },
            "papers-cyber": {
                "train": "SingleDataLoader(papers-cyber_train.bin, len=157)",
                "test": "SingleDataLoader(papers-cyber_test.bin, len=157)"
            },
            "papers-nuclear": {
                "train": "SingleDataLoader(papers-nuclear_train.bin, len=157)",
                "test": "SingleDataLoader(papers-nuclear_test.bin, len=157)"
            },
            "papers-other": {
                "train": "SingleDataLoader(papers-other_train.bin, len=629)",
                "test": "SingleDataLoader(papers-other_test.bin, len=313)"
            },
            "core": {
                "train": "InterleavedDataLoader(len=62988)",
                "test": "InterleavedDataLoader(len=939)"
            },
            "aux": {
                "train": "InterleavedDataLoader(len=628)",
                "test": "InterleavedDataLoader(len=628)"
            },
            "all": {
                "train": "InterleavedDataLoader(len=63616)",
                "test": "InterleavedDataLoader(len=1567)"
            }
        },
        "res_root": "/workspace/gradient-routing/experiments/AGI-1699-New-Dataset-Runs/results/optimize/base/realistic/100M/seed_2",
        "experiment_id": "20260421064750804007",
        "s3_bucket": "ae-gradient-routing-results",
        "s3_prefix": "optimize/base/realistic/100M/seed_2"
    }
}
[GPU 0] [06:47:59] [INFO] Loader code-lisp train: 157, test: 157
[GPU 0] [06:47:59] [INFO] Loader code-other train: 9448, test: 313
[GPU 0] [06:47:59] [INFO] Loader fineweb train: 52911, test: 313
[GPU 0] [06:47:59] [INFO] Loader papers-biology train: 157, test: 157
[GPU 0] [06:47:59] [INFO] Loader papers-cyber train: 157, test: 157
[GPU 0] [06:47:59] [INFO] Loader papers-nuclear train: 157, test: 157
[GPU 0] [06:47:59] [INFO] Loader papers-other train: 629, test: 313
[GPU 0] [06:47:59] [INFO] Loader core train: 62988, test: 939
[GPU 0] [06:47:59] [INFO] Loader aux train: 628, test: 628
[GPU 0] [06:47:59] [INFO] Loader all train: 63616, test: 1567
[GPU 0] [06:47:59] [INFO] Stage [baseline] start: {"name": "baseline", "num_checkpoints": -1, "lr": 0.0008, "res_dir": "/workspace/gradient-routing/experiments/AGI-1699-New-Dataset-Runs/results/optimize/base/realistic/100M/seed_2/20260421064750804007/baseline", "do_eval": true, "do_sample": false, "num_train_evals": 0, "do_elicit": false, "elicit_eval_prc": 0.5, "elicit_num_evals": 100}
[GPU 0] [06:47:59] [INFO] BASELINE START
[GPU 0] [06:48:00] [INFO] Initialized BaseTransformer with 103,201,984 total parameters
[GPU 0] [06:48:00] [INFO] Compiling BaseTransformer with torch.compile...
[GPU 0] [06:48:01] [INFO] torch.compile done
[GPU 0] [06:48:01] [WARNING] restore_partial_state: no checkpoint found at /workspace/gradient-routing/experiments/AGI-1699-New-Dataset-Runs/results/optimize/base/realistic/100M/seed_2/20260421064750804007/baseline
[GPU 0] [06:48:01] [INFO] ---- Begin Train | Data Labels: ['all'] ----
[GPU 0] [06:48:01] [INFO] warmup_steps: 1272
[GPU 0] [06:48:01] [INFO] constant_steps: 55982
[GPU 0] [06:48:01] [INFO] decay_steps: 6362
[GPU 0] [06:48:01] [INFO] LR Scheduler: Warmup Start
[GPU 0] [06:48:24] [INFO] Step: 1, LR: 6.39e-07
[GPU 0] [06:48:24] [INFO] Train Loss: CORE: 10.94 CODE-LISP: nan PAPERS-BIOLOGY: nan PAPERS-CYBER: nan PAPERS-NUCLEAR: nan 
[GPU 0] [06:48:41] [INFO] Step: 1000, LR: 6.29e-04
[GPU 0] [06:48:41] [INFO] Train Loss: CORE: 5.43 CODE-LISP: 6.62 PAPERS-BIOLOGY: 7.21 PAPERS-CYBER: nan PAPERS-NUCLEAR: 6.32 
[GPU 0] [06:48:46] [INFO] LR Scheduler: Constant Start
[GPU 0] [06:48:59] [INFO] Step: 2000, LR: 8.00e-04
[GPU 0] [06:48:59] [INFO] Train Loss: CORE: 4.04 CODE-LISP: 5.74 PAPERS-BIOLOGY: 6.96 PAPERS-CYBER: 5.29 PAPERS-NUCLEAR: 6.07 
[GPU 0] [06:49:16] [INFO] Step: 3000, LR: 8.00e-04
[GPU 0] [06:49:16] [INFO] Train Loss: CORE: 4.04 CODE-LISP: 4.89 PAPERS-BIOLOGY: 6.63 PAPERS-CYBER: 4.97 PAPERS-NUCLEAR: 6.07 
[GPU 0] [06:49:34] [INFO] Step: 4000, LR: 8.00e-04
[GPU 0] [06:49:34] [INFO] Train Loss: CORE: 3.64 CODE-LISP: 3.96 PAPERS-BIOLOGY: 6.63 PAPERS-CYBER: 4.73 PAPERS-NUCLEAR: 6.07 
[GPU 0] [06:49:51] [INFO] Step: 5000, LR: 8.00e-04
[GPU 0] [06:49:51] [INFO] Train Loss: CORE: 3.39 CODE-LISP: 2.88 PAPERS-BIOLOGY: 6.34 PAPERS-CYBER: 4.16 PAPERS-NUCLEAR: 5.73 
[GPU 0] [06:50:09] [INFO] Step: 6000, LR: 8.00e-04
[GPU 0] [06:50:09] [INFO] Train Loss: CORE: 3.49 CODE-LISP: 2.38 PAPERS-BIOLOGY: 6.09 PAPERS-CYBER: 4.16 PAPERS-NUCLEAR: 4.94 
[GPU 0] [06:50:26] [INFO] Step: 7000, LR: 8.00e-04
[GPU 0] [06:50:26] [INFO] Train Loss: CORE: 3.93 CODE-LISP: 2.20 PAPERS-BIOLOGY: 4.47 PAPERS-CYBER: 4.14 PAPERS-NUCLEAR: 4.85 
[GPU 0] [06:50:44] [INFO] Step: 8000, LR: 8.00e-04
[GPU 0] [06:50:44] [INFO] Train Loss: CORE: 3.99 CODE-LISP: 2.02 PAPERS-BIOLOGY: 3.79 PAPERS-CYBER: 4.10 PAPERS-NUCLEAR: 4.00 
[GPU 0] [06:51:01] [INFO] Step: 9000, LR: 8.00e-04
[GPU 0] [06:51:01] [INFO] Train Loss: CORE: 3.67 CODE-LISP: 2.27 PAPERS-BIOLOGY: 3.70 PAPERS-CYBER: 4.00 PAPERS-NUCLEAR: 4.01 
[GPU 0] [06:51:19] [INFO] Step: 10000, LR: 8.00e-04
[GPU 0] [06:51:19] [INFO] Train Loss: CORE: 3.43 CODE-LISP: 2.05 PAPERS-BIOLOGY: 3.63 PAPERS-CYBER: 3.98 PAPERS-NUCLEAR: 4.06 
[GPU 0] [06:51:36] [INFO] Step: 11000, LR: 8.00e-04
[GPU 0] [06:51:36] [INFO] Train Loss: CORE: 3.58 CODE-LISP: 1.93 PAPERS-BIOLOGY: 3.63 PAPERS-CYBER: 3.85 PAPERS-NUCLEAR: 4.10 
[GPU 0] [06:51:54] [INFO] Step: 12000, LR: 8.00e-04
[GPU 0] [06:51:54] [INFO] Train Loss: CORE: 3.58 CODE-LISP: 1.72 PAPERS-BIOLOGY: 3.59 PAPERS-CYBER: 3.79 PAPERS-NUCLEAR: 4.12 
[GPU 0] [06:52:11] [INFO] Step: 13000, LR: 8.00e-04
[GPU 0] [06:52:11] [INFO] Train Loss: CORE: 3.29 CODE-LISP: 1.51 PAPERS-BIOLOGY: 3.50 PAPERS-CYBER: 3.74 PAPERS-NUCLEAR: 4.12 
[GPU 0] [06:52:29] [INFO] Step: 14000, LR: 8.00e-04
[GPU 0] [06:52:29] [INFO] Train Loss: CORE: 3.23 CODE-LISP: 1.55 PAPERS-BIOLOGY: 3.51 PAPERS-CYBER: 3.76 PAPERS-NUCLEAR: 4.05 
[GPU 0] [06:52:46] [INFO] Step: 15000, LR: 8.00e-04
[GPU 0] [06:52:46] [INFO] Train Loss: CORE: 3.43 CODE-LISP: 1.57 PAPERS-BIOLOGY: 3.58 PAPERS-CYBER: 3.77 PAPERS-NUCLEAR: 4.02 
[GPU 0] [06:53:04] [INFO] Step: 16000, LR: 8.00e-04
[GPU 0] [06:53:04] [INFO] Train Loss: CORE: 3.45 CODE-LISP: 1.79 PAPERS-BIOLOGY: 3.68 PAPERS-CYBER: 3.76 PAPERS-NUCLEAR: 4.06 
[GPU 0] [06:53:21] [INFO] Step: 17000, LR: 8.00e-04
[GPU 0] [06:53:21] [INFO] Train Loss: CORE: 3.43 CODE-LISP: 1.71 PAPERS-BIOLOGY: 3.62 PAPERS-CYBER: 3.73 PAPERS-NUCLEAR: 4.10 
[GPU 0] [06:53:39] [INFO] Step: 18000, LR: 8.00e-04
[GPU 0] [06:53:39] [INFO] Train Loss: CORE: 3.82 CODE-LISP: 1.70 PAPERS-BIOLOGY: 3.66 PAPERS-CYBER: 3.70 PAPERS-NUCLEAR: 4.03 
[GPU 0] [06:53:57] [INFO] Step: 19000, LR: 8.00e-04
[GPU 0] [06:53:57] [INFO] Train Loss: CORE: 3.72 CODE-LISP: 1.70 PAPERS-BIOLOGY: 3.63 PAPERS-CYBER: 3.72 PAPERS-NUCLEAR: 4.05 
[GPU 0] [06:54:14] [INFO] Step: 20000, LR: 8.00e-04
[GPU 0] [06:54:14] [INFO] Train Loss: CORE: 2.85 CODE-LISP: 1.41 PAPERS-BIOLOGY: 3.57 PAPERS-CYBER: 3.70 PAPERS-NUCLEAR: 4.01 
[GPU 0] [06:54:32] [INFO] Step: 21000, LR: 8.00e-04
[GPU 0] [06:54:32] [INFO] Train Loss: CORE: 3.52 CODE-LISP: 1.35 PAPERS-BIOLOGY: 3.57 PAPERS-CYBER: 3.73 PAPERS-NUCLEAR: 3.83 
[GPU 0] [06:54:50] [INFO] Step: 22000, LR: 8.00e-04
[GPU 0] [06:54:50] [INFO] Train Loss: CORE: 3.22 CODE-LISP: 1.30 PAPERS-BIOLOGY: 3.63 PAPERS-CYBER: 3.69 PAPERS-NUCLEAR: 3.78 
[GPU 0] [06:55:07] [INFO] Step: 23000, LR: 8.00e-04
[GPU 0] [06:55:07] [INFO] Train Loss: CORE: 2.85 CODE-LISP: 1.52 PAPERS-BIOLOGY: 3.58 PAPERS-CYBER: 3.64 PAPERS-NUCLEAR: 3.73 
[GPU 0] [06:55:25] [INFO] Step: 24000, LR: 8.00e-04
[GPU 0] [06:55:25] [INFO] Train Loss: CORE: 3.44 CODE-LISP: 1.51 PAPERS-BIOLOGY: 3.52 PAPERS-CYBER: 3.68 PAPERS-NUCLEAR: 3.75 
[GPU 0] [06:55:42] [INFO] Step: 25000, LR: 8.00e-04
[GPU 0] [06:55:42] [INFO] Train Loss: CORE: 3.38 CODE-LISP: 1.56 PAPERS-BIOLOGY: 3.52 PAPERS-CYBER: 3.68 PAPERS-NUCLEAR: 3.78 
[GPU 0] [06:56:00] [INFO] Step: 26000, LR: 8.00e-04
[GPU 0] [06:56:00] [INFO] Train Loss: CORE: 3.31 CODE-LISP: 1.61 PAPERS-BIOLOGY: 3.43 PAPERS-CYBER: 3.69 PAPERS-NUCLEAR: 3.78 
[GPU 0] [06:56:17] [INFO] Step: 27000, LR: 8.00e-04
[GPU 0] [06:56:17] [INFO] Train Loss: CORE: 3.49 CODE-LISP: 1.57 PAPERS-BIOLOGY: 3.42 PAPERS-CYBER: 3.69 PAPERS-NUCLEAR: 3.81 
[GPU 0] [06:56:35] [INFO] Step: 28000, LR: 8.00e-04
[GPU 0] [06:56:35] [INFO] Train Loss: CORE: 3.50 CODE-LISP: 1.49 PAPERS-BIOLOGY: 3.39 PAPERS-CYBER: 3.81 PAPERS-NUCLEAR: 3.92 
[GPU 0] [06:56:52] [INFO] Step: 29000, LR: 8.00e-04
[GPU 0] [06:56:52] [INFO] Train Loss: CORE: 2.81 CODE-LISP: 1.41 PAPERS-BIOLOGY: 3.33 PAPERS-CYBER: 3.79 PAPERS-NUCLEAR: 3.90 
[GPU 0] [06:57:10] [INFO] Step: 30000, LR: 8.00e-04
[GPU 0] [06:57:10] [INFO] Train Loss: CORE: 3.72 CODE-LISP: 1.29 PAPERS-BIOLOGY: 3.33 PAPERS-CYBER: 3.75 PAPERS-NUCLEAR: 3.84 
[GPU 0] [06:57:27] [INFO] Step: 31000, LR: 8.00e-04
[GPU 0] [06:57:27] [INFO] Train Loss: CORE: 3.68 CODE-LISP: 1.35 PAPERS-BIOLOGY: 3.34 PAPERS-CYBER: 3.67 PAPERS-NUCLEAR: 3.83 
[GPU 0] [06:57:45] [INFO] Step: 32000, LR: 8.00e-04
[GPU 0] [06:57:45] [INFO] Train Loss: CORE: 3.46 CODE-LISP: 1.35 PAPERS-BIOLOGY: 3.43 PAPERS-CYBER: 3.69 PAPERS-NUCLEAR: 3.85 
[GPU 0] [06:58:03] [INFO] Step: 33000, LR: 8.00e-04
[GPU 0] [06:58:03] [INFO] Train Loss: CORE: 3.47 CODE-LISP: 1.43 PAPERS-BIOLOGY: 3.38 PAPERS-CYBER: 3.72 PAPERS-NUCLEAR: 3.78 
[GPU 0] [06:58:20] [INFO] Step: 34000, LR: 8.00e-04
[GPU 0] [06:58:20] [INFO] Train Loss: CORE: 3.44 CODE-LISP: 1.35 PAPERS-BIOLOGY: 3.33 PAPERS-CYBER: 3.67 PAPERS-NUCLEAR: 3.85 
[GPU 0] [06:58:38] [INFO] Step: 35000, LR: 8.00e-04
[GPU 0] [06:58:38] [INFO] Train Loss: CORE: 3.48 CODE-LISP: 1.46 PAPERS-BIOLOGY: 3.30 PAPERS-CYBER: 3.69 PAPERS-NUCLEAR: 3.89 
[GPU 0] [06:58:56] [INFO] Step: 36000, LR: 8.00e-04
[GPU 0] [06:58:56] [INFO] Train Loss: CORE: 3.66 CODE-LISP: 1.39 PAPERS-BIOLOGY: 3.30 PAPERS-CYBER: 3.67 PAPERS-NUCLEAR: 3.81 
[GPU 0] [06:59:14] [INFO] Step: 37000, LR: 8.00e-04
[GPU 0] [06:59:14] [INFO] Train Loss: CORE: 3.41 CODE-LISP: 1.39 PAPERS-BIOLOGY: 3.30 PAPERS-CYBER: 3.67 PAPERS-NUCLEAR: 3.79 
[GPU 0] [06:59:32] [INFO] Step: 38000, LR: 8.00e-04
[GPU 0] [06:59:32] [INFO] Train Loss: CORE: 3.33 CODE-LISP: 1.38 PAPERS-BIOLOGY: 3.32 PAPERS-CYBER: 3.59 PAPERS-NUCLEAR: 3.79 
[GPU 0] [06:59:50] [INFO] Step: 39000, LR: 8.00e-04
[GPU 0] [06:59:50] [INFO] Train Loss: CORE: 3.40 CODE-LISP: 1.42 PAPERS-BIOLOGY: 3.33 PAPERS-CYBER: 3.60 PAPERS-NUCLEAR: 3.75 
[GPU 0] [07:00:07] [INFO] Step: 40000, LR: 8.00e-04
[GPU 0] [07:00:07] [INFO] Train Loss: CORE: 3.46 CODE-LISP: 1.58 PAPERS-BIOLOGY: 3.31 PAPERS-CYBER: 3.55 PAPERS-NUCLEAR: 3.73 
[GPU 0] [07:00:25] [INFO] Step: 41000, LR: 8.00e-04
[GPU 0] [07:00:25] [INFO] Train Loss: CORE: 3.17 CODE-LISP: 1.51 PAPERS-BIOLOGY: 3.31 PAPERS-CYBER: 3.52 PAPERS-NUCLEAR: 3.75 
[GPU 0] [07:00:42] [INFO] Step: 42000, LR: 8.00e-04
[GPU 0] [07:00:42] [INFO] Train Loss: CORE: 3.71 CODE-LISP: 1.51 PAPERS-BIOLOGY: 3.31 PAPERS-CYBER: 3.58 PAPERS-NUCLEAR: 3.73 
[GPU 0] [07:01:00] [INFO] Step: 43000, LR: 8.00e-04
[GPU 0] [07:01:00] [INFO] Train Loss: CORE: 3.05 CODE-LISP: 1.45 PAPERS-BIOLOGY: 3.30 PAPERS-CYBER: 3.56 PAPERS-NUCLEAR: 3.73 
[GPU 0] [07:01:17] [INFO] Step: 44000, LR: 8.00e-04
[GPU 0] [07:01:17] [INFO] Train Loss: CORE: 3.27 CODE-LISP: 1.36 PAPERS-BIOLOGY: 3.24 PAPERS-CYBER: 3.58 PAPERS-NUCLEAR: 3.72 
[GPU 0] [07:01:35] [INFO] Step: 45000, LR: 8.00e-04
[GPU 0] [07:01:35] [INFO] Train Loss: CORE: 3.24 CODE-LISP: 1.44 PAPERS-BIOLOGY: 3.24 PAPERS-CYBER: 3.58 PAPERS-NUCLEAR: 3.78 
[GPU 0] [07:01:52] [INFO] Step: 46000, LR: 8.00e-04
[GPU 0] [07:01:52] [INFO] Train Loss: CORE: 3.37 CODE-LISP: 1.47 PAPERS-BIOLOGY: 3.35 PAPERS-CYBER: 3.68 PAPERS-NUCLEAR: 3.74 
[GPU 0] [07:02:10] [INFO] Step: 47000, LR: 8.00e-04
[GPU 0] [07:02:10] [INFO] Train Loss: CORE: 3.65 CODE-LISP: 1.45 PAPERS-BIOLOGY: 3.36 PAPERS-CYBER: 3.68 PAPERS-NUCLEAR: 3.74 
[GPU 0] [07:02:27] [INFO] Step: 48000, LR: 8.00e-04
[GPU 0] [07:02:27] [INFO] Train Loss: CORE: 2.64 CODE-LISP: 1.49 PAPERS-BIOLOGY: 3.42 PAPERS-CYBER: 3.73 PAPERS-NUCLEAR: 3.74 
[GPU 0] [07:02:45] [INFO] Step: 49000, LR: 8.00e-04
[GPU 0] [07:02:45] [INFO] Train Loss: CORE: 3.30 CODE-LISP: 1.53 PAPERS-BIOLOGY: 3.38 PAPERS-CYBER: 3.77 PAPERS-NUCLEAR: 3.74 
[GPU 0] [07:03:03] [INFO] Step: 50000, LR: 8.00e-04
[GPU 0] [07:03:03] [INFO] Train Loss: CORE: 2.90 CODE-LISP: 1.43 PAPERS-BIOLOGY: 3.28 PAPERS-CYBER: 3.70 PAPERS-NUCLEAR: 3.65 
[GPU 0] [07:03:21] [INFO] Step: 51000, LR: 8.00e-04
[GPU 0] [07:03:21] [INFO] Train Loss: CORE: 3.32 CODE-LISP: 1.33 PAPERS-BIOLOGY: 3.28 PAPERS-CYBER: 3.65 PAPERS-NUCLEAR: 3.68 
[GPU 0] [07:03:38] [INFO] Step: 52000, LR: 8.00e-04
[GPU 0] [07:03:38] [INFO] Train Loss: CORE: 2.83 CODE-LISP: 1.24 PAPERS-BIOLOGY: 3.30 PAPERS-CYBER: 3.59 PAPERS-NUCLEAR: 3.61 
[GPU 0] [07:03:56] [INFO] Step: 53000, LR: 8.00e-04
[GPU 0] [07:03:56] [INFO] Train Loss: CORE: 3.27 CODE-LISP: 1.16 PAPERS-BIOLOGY: 3.28 PAPERS-CYBER: 3.56 PAPERS-NUCLEAR: 3.72 
[GPU 0] [07:04:13] [INFO] Step: 54000, LR: 8.00e-04
[GPU 0] [07:04:13] [INFO] Train Loss: CORE: 3.16 CODE-LISP: 1.28 PAPERS-BIOLOGY: 3.27 PAPERS-CYBER: 3.56 PAPERS-NUCLEAR: 3.74 
[GPU 0] [07:04:31] [INFO] Step: 55000, LR: 8.00e-04
[GPU 0] [07:04:31] [INFO] Train Loss: CORE: 2.82 CODE-LISP: 1.32 PAPERS-BIOLOGY: 3.27 PAPERS-CYBER: 3.54 PAPERS-NUCLEAR: 3.63 
[GPU 0] [07:04:49] [INFO] Step: 56000, LR: 8.00e-04
[GPU 0] [07:04:49] [INFO] Train Loss: CORE: 3.04 CODE-LISP: 1.32 PAPERS-BIOLOGY: 3.33 PAPERS-CYBER: 3.58 PAPERS-NUCLEAR: 3.57 
[GPU 0] [07:05:07] [INFO] Step: 57000, LR: 8.00e-04
[GPU 0] [07:05:07] [INFO] Train Loss: CORE: 2.77 CODE-LISP: 1.32 PAPERS-BIOLOGY: 3.28 PAPERS-CYBER: 3.55 PAPERS-NUCLEAR: 3.51 
[GPU 0] [07:05:11] [INFO] LR Scheduler: Decay Start
[GPU 0] [07:05:24] [INFO] Step: 58000, LR: 7.06e-04
[GPU 0] [07:05:24] [INFO] Train Loss: CORE: 3.34 CODE-LISP: 1.42 PAPERS-BIOLOGY: 3.33 PAPERS-CYBER: 3.52 PAPERS-NUCLEAR: 3.51 
[GPU 0] [07:05:42] [INFO] Step: 59000, LR: 5.80e-04
[GPU 0] [07:05:42] [INFO] Train Loss: CORE: 2.76 CODE-LISP: 1.51 PAPERS-BIOLOGY: 3.33 PAPERS-CYBER: 3.52 PAPERS-NUCLEAR: 3.69 
[GPU 0] [07:05:59] [INFO] Step: 60000, LR: 4.55e-04
[GPU 0] [07:05:59] [INFO] Train Loss: CORE: 3.52 CODE-LISP: 1.47 PAPERS-BIOLOGY: 3.33 PAPERS-CYBER: 3.51 PAPERS-NUCLEAR: 3.79 
[GPU 0] [07:06:17] [INFO] Step: 61000, LR: 3.29e-04
[GPU 0] [07:06:17] [INFO] Train Loss: CORE: 3.00 CODE-LISP: 1.32 PAPERS-BIOLOGY: 3.27 PAPERS-CYBER: 3.47 PAPERS-NUCLEAR: 3.77 
[GPU 0] [07:06:35] [INFO] Step: 62000, LR: 2.03e-04
[GPU 0] [07:06:35] [INFO] Train Loss: CORE: 2.70 CODE-LISP: 1.11 PAPERS-BIOLOGY: 3.25 PAPERS-CYBER: 3.53 PAPERS-NUCLEAR: 3.72 
[GPU 0] [07:06:52] [INFO] Step: 63000, LR: 7.75e-05
[GPU 0] [07:06:52] [INFO] Train Loss: CORE: 3.45 CODE-LISP: 1.11 PAPERS-BIOLOGY: 3.19 PAPERS-CYBER: 3.50 PAPERS-NUCLEAR: 3.62 
[GPU 0] [07:07:03] [INFO] Step: 63616, LR: 1.00e-08
[GPU 0] [07:07:03] [INFO] Train Loss: CORE: 3.00 CODE-LISP: 1.17 PAPERS-BIOLOGY: 3.16 PAPERS-CYBER: 3.47 PAPERS-NUCLEAR: 3.59 
[GPU 0] [07:07:04] [INFO] ---- Begin Eval ----
[GPU 0] [07:07:04] [INFO] Data: core | Experts: None
[GPU 0] [07:07:16] [INFO] loss: 2.51739550
[GPU 0] [07:07:16] [INFO] Data: code-lisp | Experts: None
[GPU 0] [07:07:17] [INFO] loss: 1.40178394
[GPU 0] [07:07:17] [INFO] Data: papers-biology | Experts: None
[GPU 0] [07:07:18] [INFO] loss: 3.14934540
[GPU 0] [07:07:18] [INFO] Data: papers-nuclear | Experts: None
[GPU 0] [07:07:18] [INFO] loss: 3.46359968
[GPU 0] [07:07:18] [INFO] Data: papers-cyber | Experts: None
[GPU 0] [07:07:19] [INFO] loss: 3.43654203
[GPU 0] [07:07:27] [INFO] ----------------------------------------
[GPU 0] [07:07:27] [INFO] Finished. See /workspace/gradient-routing/experiments/AGI-1699-New-Dataset-Runs/results/optimize/base/realistic/100M/seed_2/20260421064750804007
