[GPU 0] [04:34:02] [INFO] Number of GPUs: 8
[GPU 0] [04:34:03] [INFO] Tokenizer vocabulary: 50257
[GPU 0] [04:34:03] [INFO] Set model vocab size to nearest multiple of 64 of tokenizer size: 50304
[GPU 0] [04:34:04] [INFO] target effective batch size: 256, actual effective batch size: 264, micro batch size: 33, accumulation steps: 1, num gpus: 8
[GPU 0] [04:34:04] [INFO] core total number of tokens: 124693822984
[GPU 0] [04:34:04] [INFO] Baseline model has 199,891,008 parameters
[GPU 0] [04:34:04] [INFO] core: chinchilla optimal tokens: 3,997,820,160, requested proportion: 1.0000, requested number of tokens: 3,997,820,160.0, 
[GPU 0] [04:34:04] [INFO] aux total number of tokens: 4835776549
[GPU 0] [04:34:04] [INFO] Baseline model has 199,891,008 parameters
[GPU 0] [04:34:04] [INFO] aux: chinchilla optimal tokens: 3,997,820,160, requested proportion: 0.0100, requested number of tokens: 39,978,201.6, 
[GPU 0] [04:34:04] [DEBUG] Saved config to /workspace/gradient-routing/experiments/AGI-1699-New-Dataset-Runs/results/optimize/base/realistic/200M/seed_1/20260421043354826764/config.json
[GPU 0] [04:34:04] [DEBUG] {
    "stages": [
        {
            "name": "baseline",
            "num_checkpoints": -1,
            "lr": 0.0016,
            "res_dir": "/workspace/gradient-routing/experiments/AGI-1699-New-Dataset-Runs/results/optimize/base/realistic/200M/seed_1/20260421043354826764/baseline",
            "do_eval": true,
            "do_sample": false,
            "num_train_evals": 0,
            "do_elicit": false,
            "elicit_eval_prc": 0.5,
            "elicit_num_evals": 100
        }
    ],
    "model": {
        "arch": "base",
        "tokenizer": "GPT2Tokenizer(name_or_path='EleutherAI/gpt-neo-125M', vocab_size=50257, model_max_length=2048, padding_side='right', truncation_side='right', special_tokens={'bos_token': '<|endoftext|>', 'eos_token': '<|endoftext|>', 'unk_token': '<|endoftext|>'}, added_tokens_decoder={\n\t50256: AddedToken(\"<|endoftext|>\", rstrip=False, lstrip=False, single_word=False, normalized=True, special=True),\n}\n)",
        "ctx_len": 1024,
        "vocab_size": 50304,
        "num_layers": 13,
        "num_heads": 8,
        "num_key_value": 2,
        "attn_bias": true,
        "eos_token_id": 50256,
        "embed_dim": 896,
        "mlp_dim": 3584
    },
    "data": {
        "dirs": [
            "/workspace/gradient-routing/experiments/AGI-1699-New-Dataset-Runs/src/data/fineweb",
            "/workspace/gradient-routing/experiments/AGI-1699-New-Dataset-Runs/src/data/code",
            "/workspace/gradient-routing/experiments/AGI-1699-New-Dataset-Runs/src/data/papers"
        ],
        "core": {
            "labels": [
                "fineweb",
                "code-other",
                "papers-other"
            ],
            "method": "optimal",
            "limit": 1.0,
            "dist": {
                "fineweb": 0.84,
                "code-other": 0.15,
                "papers-other": 0.01
            },
            "num_tok": 3997820160.0
        },
        "aux": {
            "labels": [
                "code-lisp",
                "papers-biology",
                "papers-nuclear",
                "papers-cyber"
            ],
            "method": "optimal",
            "limit": 0.01,
            "dist": {
                "code-lisp": 0.25,
                "papers-biology": 0.25,
                "papers-nuclear": 0.25,
                "papers-cyber": 0.25
            },
            "num_tok": 39978201.6
        }
    },
    "run": {
        "target_effective_batch_size": 256,
        "effective_batch_size": 264,
        "micro_batch_size": 33,
        "accumulation_steps": 1,
        "max_num_test_sequences": 10000,
        "eval_all_labels": false,
        "micro_batch_anchors": [
            [
                400000000.0,
                23
            ],
            [
                5000000000.0,
                2
            ]
        ],
        "epochs": 1,
        "adam_betas": [
            0.9,
            0.95
        ],
        "warmup_prc": 0.02,
        "decay_prc": 0.1,
        "seed": 1,
        "compile": true,
        "is_ddp": true,
        "optimize_routed": true,
        "cleanup_distributed": false,
        "log_level": "DEBUG",
        "num_gpus": 8,
        "process_id": 0,
        "num_base_params": 199891008,
        "device": "cuda",
        "logger": "<Logger training_20260421043354826764 (DEBUG)>",
        "labels": [
            "core",
            "code-lisp",
            "papers-biology",
            "papers-cyber",
            "papers-nuclear"
        ],
        "loaders": {
            "code-lisp": {
                "train": "SingleDataLoader(code-lisp_train_001.bin, len=36)",
                "test": "InterleavedDataLoader(len=36)"
            },
            "code-other": {
                "train": "SingleDataLoader(code-other_train_010.bin, len=2218)",
                "test": "SingleDataLoader(code-other_test_010.bin, len=38)"
            },
            "fineweb": {
                "train": "InterleavedDataLoader(len=12422)",
                "test": "InterleavedDataLoader(len=38)"
            },
            "papers-biology": {
                "train": "SingleDataLoader(papers-biology_train.bin, len=36)",
                "test": "SingleDataLoader(papers-biology_test.bin, len=36)"
            },
            "papers-cyber": {
                "train": "SingleDataLoader(papers-cyber_train.bin, len=36)",
                "test": "SingleDataLoader(papers-cyber_test.bin, len=36)"
            },
            "papers-nuclear": {
                "train": "SingleDataLoader(papers-nuclear_train.bin, len=36)",
                "test": "SingleDataLoader(papers-nuclear_test.bin, len=36)"
            },
            "papers-other": {
                "train": "SingleDataLoader(papers-other_train.bin, len=147)",
                "test": "SingleDataLoader(papers-other_test.bin, len=38)"
            },
            "core": {
                "train": "InterleavedDataLoader(len=14787)",
                "test": "InterleavedDataLoader(len=114)"
            },
            "aux": {
                "train": "InterleavedDataLoader(len=144)",
                "test": "InterleavedDataLoader(len=144)"
            },
            "all": {
                "train": "InterleavedDataLoader(len=14931)",
                "test": "InterleavedDataLoader(len=258)"
            }
        },
        "res_root": "/workspace/gradient-routing/experiments/AGI-1699-New-Dataset-Runs/results/optimize/base/realistic/200M/seed_1",
        "experiment_id": "20260421043354826764",
        "s3_bucket": "ae-gradient-routing-results",
        "s3_prefix": "optimize/base/realistic/200M/seed_1"
    }
}
[GPU 0] [04:34:04] [INFO] Loader code-lisp train: 36, test: 36
[GPU 0] [04:34:04] [INFO] Loader code-other train: 2218, test: 38
[GPU 0] [04:34:04] [INFO] Loader fineweb train: 12422, test: 38
[GPU 0] [04:34:04] [INFO] Loader papers-biology train: 36, test: 36
[GPU 0] [04:34:04] [INFO] Loader papers-cyber train: 36, test: 36
[GPU 0] [04:34:04] [INFO] Loader papers-nuclear train: 36, test: 36
[GPU 0] [04:34:04] [INFO] Loader papers-other train: 147, test: 38
[GPU 0] [04:34:04] [INFO] Loader core train: 14787, test: 114
[GPU 0] [04:34:04] [INFO] Loader aux train: 144, test: 144
[GPU 0] [04:34:04] [INFO] Loader all train: 14931, test: 258
[GPU 0] [04:34:04] [INFO] Stage [baseline] start: {"name": "baseline", "num_checkpoints": -1, "lr": 0.0016, "res_dir": "/workspace/gradient-routing/experiments/AGI-1699-New-Dataset-Runs/results/optimize/base/realistic/200M/seed_1/20260421043354826764/baseline", "do_eval": true, "do_sample": false, "num_train_evals": 0, "do_elicit": false, "elicit_eval_prc": 0.5, "elicit_num_evals": 100}
[GPU 0] [04:34:04] [INFO] BASELINE START
[GPU 0] [04:34:06] [INFO] Initialized BaseTransformer with 199,891,008 total parameters
[GPU 0] [04:34:06] [INFO] Compiling BaseTransformer with torch.compile...
[GPU 0] [04:34:06] [INFO] torch.compile done
[GPU 0] [04:34:06] [WARNING] restore_partial_state: no checkpoint found at /workspace/gradient-routing/experiments/AGI-1699-New-Dataset-Runs/results/optimize/base/realistic/200M/seed_1/20260421043354826764/baseline
[GPU 0] [04:34:06] [INFO] ---- Begin Train | Data Labels: ['all'] ----
[GPU 0] [04:34:06] [INFO] warmup_steps: 299
[GPU 0] [04:34:06] [INFO] constant_steps: 13139
[GPU 0] [04:34:06] [INFO] decay_steps: 1493
[GPU 0] [04:34:06] [INFO] LR Scheduler: Warmup Start
[GPU 0] [04:34:29] [INFO] Step: 1, LR: 5.36e-06
[GPU 0] [04:34:29] [INFO] Train Loss: CORE: 10.94 CODE-LISP: nan PAPERS-BIOLOGY: nan PAPERS-CYBER: nan PAPERS-NUCLEAR: nan 
[GPU 0] [04:35:18] [INFO] LR Scheduler: Constant Start
[GPU 0] [04:37:12] [INFO] Step: 1000, LR: 1.60e-03
[GPU 0] [04:37:12] [INFO] Train Loss: CORE: 3.11 CODE-LISP: 3.11 PAPERS-BIOLOGY: 4.59 PAPERS-CYBER: 5.38 PAPERS-NUCLEAR: 5.05 
[GPU 0] [04:39:55] [INFO] Step: 2000, LR: 1.60e-03
[GPU 0] [04:39:55] [INFO] Train Loss: CORE: 3.71 CODE-LISP: 2.49 PAPERS-BIOLOGY: 4.09 PAPERS-CYBER: 4.39 PAPERS-NUCLEAR: 4.62 
[GPU 0] [04:42:39] [INFO] Step: 3000, LR: 1.60e-03
[GPU 0] [04:42:39] [INFO] Train Loss: CORE: 3.30 CODE-LISP: 2.19 PAPERS-BIOLOGY: 3.93 PAPERS-CYBER: 4.08 PAPERS-NUCLEAR: 4.53 
[GPU 0] [04:45:22] [INFO] Step: 4000, LR: 1.60e-03
[GPU 0] [04:45:22] [INFO] Train Loss: CORE: 3.46 CODE-LISP: 2.02 PAPERS-BIOLOGY: 3.75 PAPERS-CYBER: 3.99 PAPERS-NUCLEAR: 4.35 
[GPU 0] [04:48:05] [INFO] Step: 5000, LR: 1.60e-03
[GPU 0] [04:48:05] [INFO] Train Loss: CORE: 2.65 CODE-LISP: 1.97 PAPERS-BIOLOGY: 3.40 PAPERS-CYBER: 3.94 PAPERS-NUCLEAR: 3.90 
[GPU 0] [04:50:48] [INFO] Step: 6000, LR: 1.60e-03
[GPU 0] [04:50:48] [INFO] Train Loss: CORE: 2.13 CODE-LISP: 1.89 PAPERS-BIOLOGY: 3.30 PAPERS-CYBER: 3.53 PAPERS-NUCLEAR: 3.80 
[GPU 0] [04:53:31] [INFO] Step: 7000, LR: 1.60e-03
[GPU 0] [04:53:31] [INFO] Train Loss: CORE: 2.09 CODE-LISP: 1.89 PAPERS-BIOLOGY: 3.30 PAPERS-CYBER: 3.47 PAPERS-NUCLEAR: 3.72 
[GPU 0] [04:56:15] [INFO] Step: 8000, LR: 1.60e-03
[GPU 0] [04:56:15] [INFO] Train Loss: CORE: 2.80 CODE-LISP: 1.80 PAPERS-BIOLOGY: 3.27 PAPERS-CYBER: 3.37 PAPERS-NUCLEAR: 3.53 
[GPU 0] [04:58:58] [INFO] Step: 9000, LR: 1.60e-03
[GPU 0] [04:58:58] [INFO] Train Loss: CORE: 2.56 CODE-LISP: 1.71 PAPERS-BIOLOGY: 3.27 PAPERS-CYBER: 3.36 PAPERS-NUCLEAR: 3.47 
[GPU 0] [05:01:41] [INFO] Step: 10000, LR: 1.60e-03
[GPU 0] [05:01:41] [INFO] Train Loss: CORE: 2.55 CODE-LISP: 1.61 PAPERS-BIOLOGY: 3.18 PAPERS-CYBER: 3.30 PAPERS-NUCLEAR: 3.47 
[GPU 0] [05:04:24] [INFO] Step: 11000, LR: 1.60e-03
[GPU 0] [05:04:24] [INFO] Train Loss: CORE: 3.02 CODE-LISP: 1.57 PAPERS-BIOLOGY: 3.12 PAPERS-CYBER: 3.28 PAPERS-NUCLEAR: 3.46 
[GPU 0] [05:07:08] [INFO] Step: 12000, LR: 1.60e-03
[GPU 0] [05:07:08] [INFO] Train Loss: CORE: 3.02 CODE-LISP: 1.43 PAPERS-BIOLOGY: 3.04 PAPERS-CYBER: 3.27 PAPERS-NUCLEAR: 3.44 
[GPU 0] [05:09:51] [INFO] Step: 13000, LR: 1.60e-03
[GPU 0] [05:09:51] [INFO] Train Loss: CORE: 2.99 CODE-LISP: 1.32 PAPERS-BIOLOGY: 3.04 PAPERS-CYBER: 3.28 PAPERS-NUCLEAR: 3.38 
[GPU 0] [05:11:02] [INFO] LR Scheduler: Decay Start
[GPU 0] [05:12:34] [INFO] Step: 14000, LR: 9.98e-04
[GPU 0] [05:12:34] [INFO] Train Loss: CORE: 2.73 CODE-LISP: 1.30 PAPERS-BIOLOGY: 2.98 PAPERS-CYBER: 3.26 PAPERS-NUCLEAR: 3.34 
[GPU 0] [05:15:06] [INFO] Step: 14931, LR: 1.00e-08
[GPU 0] [05:15:06] [INFO] Train Loss: CORE: 2.62 CODE-LISP: 1.24 PAPERS-BIOLOGY: 2.97 PAPERS-CYBER: 3.22 PAPERS-NUCLEAR: 3.34 
[GPU 0] [05:15:07] [INFO] ---- Begin Eval ----
[GPU 0] [05:15:07] [INFO] Data: core | Experts: None
[GPU 0] [05:15:25] [INFO] loss: 2.23239613
[GPU 0] [05:15:25] [INFO] Data: code-lisp | Experts: None
[GPU 0] [05:15:28] [INFO] loss: 1.23181140
[GPU 0] [05:15:28] [INFO] Data: papers-biology | Experts: None
[GPU 0] [05:15:30] [INFO] loss: 2.82156038
[GPU 0] [05:15:30] [INFO] Data: papers-nuclear | Experts: None
[GPU 0] [05:15:33] [INFO] loss: 3.18229175
[GPU 0] [05:15:33] [INFO] Data: papers-cyber | Experts: None
[GPU 0] [05:15:35] [INFO] loss: 3.10514331
[GPU 0] [05:15:36] [INFO] ----------------------------------------
[GPU 0] [05:15:36] [INFO] Finished. See /workspace/gradient-routing/experiments/AGI-1699-New-Dataset-Runs/results/optimize/base/realistic/200M/seed_1/20260421043354826764
