[GPU 0] [01:33:25] [INFO] Git branch: arxiv-codebase, commit: ee664e93914c1fe7d5f204d3f3b76f8c73aae582
[GPU 0] [01:33:25] [INFO] Number of GPUs: 1
[GPU 0] [01:33:26] [INFO] Tokenizer vocabulary: 4096
[GPU 0] [01:33:26] [INFO] Set model vocab size to nearest multiple of 64 of tokenizer size: 4096
[GPU 0] [01:33:27] [INFO] target effective batch size: 128, actual effective batch size: 128, micro batch size: 128, accumulation steps: 1, num gpus: 1
[GPU 0] [01:33:27] [INFO] core total number of tokens: 501664802
[GPU 0] [01:33:27] [INFO] core: 0.9000 x full-dataset 547,853,673 = 493,068,306 (downsample from 501,664,802 available)
[GPU 0] [01:33:27] [INFO] aux total number of tokens: 46188871
[GPU 0] [01:33:27] [INFO] aux: 0.1000 x full-dataset 547,853,673 = 54,785,367 (upsample from 46,188,871 available)
[GPU 0] [01:33:28] [DEBUG] Saved config to /workspace-vast/ethanr/gradient-routing/experiments/arXiv-Codebase/results/auxnum/alt/num_aux_4/seed_2/20260630013317682992/config.json
[GPU 0] [01:33:28] [DEBUG] {
    "stages": [
        {
            "name": "baseline",
            "num_checkpoints": -1,
            "lr": 0.005,
            "res_dir": "/workspace-vast/ethanr/gradient-routing/experiments/arXiv-Codebase/results/auxnum/alt/num_aux_4/seed_2/20260630013317682992/baseline",
            "acc_mode": "heterogeneous",
            "do_eval": true,
            "do_sample": false,
            "num_train_evals": 200,
            "do_elicit": false,
            "elicit_eval_prc": 0.5,
            "elicit_num_evals": 100,
            "retain_targets": null,
            "label_prc": 1.0
        },
        {
            "name": "routed",
            "num_checkpoints": -1,
            "lr": 0.005,
            "res_dir": "/workspace-vast/ethanr/gradient-routing/experiments/arXiv-Codebase/results/auxnum/alt/num_aux_4/seed_2/20260630013317682992/routed",
            "acc_mode": "heterogeneous",
            "do_eval": true,
            "do_sample": false,
            "num_train_evals": 0,
            "do_elicit": true,
            "elicit_eval_prc": 0.5,
            "elicit_num_evals": 100,
            "retain_targets": null,
            "model": {
                "arch": "moe",
                "tokenizer": "TokenizersBackend(name_or_path='SimpleStories/SimpleStories-1.25M', vocab_size=4096, model_max_length=1000000000000000019884624838656, padding_side='right', truncation_side='right', special_tokens={'eos_token': '[EOS]', 'unk_token': '[UNK]'}, added_tokens_decoder={\n\t0: AddedToken(\"[UNK]\", rstrip=False, lstrip=False, single_word=False, normalized=False, special=True),\n\t1: AddedToken(\"[EOS]\", rstrip=False, lstrip=False, single_word=False, normalized=False, special=True),\n}\n)",
                "ctx_len": 256,
                "vocab_size": 4096,
                "num_layers": 8,
                "num_heads": 8,
                "num_key_value": 2,
                "attn_bias": true,
                "eos_token_id": 1,
                "embed_dim": 512,
                "mlp_dim": 2048,
                "core_param_prc": 1.0,
                "aux_param_prc": 0.1
            },
            "eval_arbsub": false,
            "label_prc": 1.0,
            "aux_factor": 1.0,
            "robust_prc": 0.5,
            "aux_route_prc": 0.3,
            "equal_compute": true
        }
    ],
    "model": {
        "arch": "base",
        "tokenizer": "TokenizersBackend(name_or_path='SimpleStories/SimpleStories-1.25M', vocab_size=4096, model_max_length=1000000000000000019884624838656, padding_side='right', truncation_side='right', special_tokens={'eos_token': '[EOS]', 'unk_token': '[UNK]'}, added_tokens_decoder={\n\t0: AddedToken(\"[UNK]\", rstrip=False, lstrip=False, single_word=False, normalized=False, special=True),\n\t1: AddedToken(\"[EOS]\", rstrip=False, lstrip=False, single_word=False, normalized=False, special=True),\n}\n)",
        "ctx_len": 256,
        "vocab_size": 4096,
        "num_layers": 8,
        "num_heads": 8,
        "num_key_value": 2,
        "attn_bias": true,
        "eos_token_id": 1,
        "embed_dim": 512,
        "mlp_dim": 2048
    },
    "data": {
        "dirs": [
            "/workspace-vast/ethanr/gradient-routing/experiments/arXiv-Codebase/src/data/stories"
        ],
        "core": {
            "labels": [
                "dinosaurs",
                "dream-worlds",
                "enchanted-forests",
                "fairy-tales",
                "fantasy-worlds",
                "gardens",
                "giant-creatures",
                "haunted-places",
                "hidden-treasures",
                "holidays",
                "invisibility",
                "island-adventures",
                "living-objects",
                "lost-cities",
                "lost-civilizations",
                "magical-lands",
                "magical-objects",
                "miniature-worlds",
                "mysterious-maps",
                "mystical-creatures",
                "outer-space",
                "pirates",
                "riddles",
                "robots-and-technology",
                "royal-kingdoms",
                "school-life",
                "seasonal-changes",
                "secret-societies",
                "shape-shifting",
                "sibling-rivalry",
                "snowy-adventures",
                "space-exploration",
                "sports",
                "subterranean-worlds",
                "superheroes",
                "talking-animals",
                "the-arts",
                "the-sky",
                "time-travel",
                "treasure-hunts",
                "undercover-missions",
                "underwater-adventures",
                "unusual-vehicles",
                "virtual-worlds"
            ],
            "method": "dataset",
            "limit": 0.9,
            "dist": {
                "dinosaurs": 0.022727272727272728,
                "dream-worlds": 0.022727272727272728,
                "enchanted-forests": 0.022727272727272728,
                "fairy-tales": 0.022727272727272728,
                "fantasy-worlds": 0.022727272727272728,
                "gardens": 0.022727272727272728,
                "giant-creatures": 0.022727272727272728,
                "haunted-places": 0.022727272727272728,
                "hidden-treasures": 0.022727272727272728,
                "holidays": 0.022727272727272728,
                "invisibility": 0.022727272727272728,
                "island-adventures": 0.022727272727272728,
                "living-objects": 0.022727272727272728,
                "lost-cities": 0.022727272727272728,
                "lost-civilizations": 0.022727272727272728,
                "magical-lands": 0.022727272727272728,
                "magical-objects": 0.022727272727272728,
                "miniature-worlds": 0.022727272727272728,
                "mysterious-maps": 0.022727272727272728,
                "mystical-creatures": 0.022727272727272728,
                "outer-space": 0.022727272727272728,
                "pirates": 0.022727272727272728,
                "riddles": 0.022727272727272728,
                "robots-and-technology": 0.022727272727272728,
                "royal-kingdoms": 0.022727272727272728,
                "school-life": 0.022727272727272728,
                "seasonal-changes": 0.022727272727272728,
                "secret-societies": 0.022727272727272728,
                "shape-shifting": 0.022727272727272728,
                "sibling-rivalry": 0.022727272727272728,
                "snowy-adventures": 0.022727272727272728,
                "space-exploration": 0.022727272727272728,
                "sports": 0.022727272727272728,
                "subterranean-worlds": 0.022727272727272728,
                "superheroes": 0.022727272727272728,
                "talking-animals": 0.022727272727272728,
                "the-arts": 0.022727272727272728,
                "the-sky": 0.022727272727272728,
                "time-travel": 0.022727272727272728,
                "treasure-hunts": 0.022727272727272728,
                "undercover-missions": 0.022727272727272728,
                "underwater-adventures": 0.022727272727272728,
                "unusual-vehicles": 0.022727272727272728,
                "virtual-worlds": 0.022727272727272728
            },
            "num_tok": 493068306
        },
        "aux": {
            "labels": [
                "a-deadline-or-time-limit",
                "alien-encounters",
                "bygone-eras",
                "cultural-traditions"
            ],
            "method": "dataset",
            "limit": 0.1,
            "dist": {
                "a-deadline-or-time-limit": 0.25,
                "alien-encounters": 0.25,
                "bygone-eras": 0.25,
                "cultural-traditions": 0.25
            },
            "num_tok": 54785367
        }
    },
    "run": {
        "target_effective_batch_size": 128,
        "effective_batch_size": 128,
        "micro_batch_size": 128,
        "accumulation_steps": 1,
        "max_num_test_sequences": 10000,
        "eval_all_labels": false,
        "micro_batch_anchors": [
            [
                400000000.0,
                23
            ],
            [
                5000000000.0,
                2
            ]
        ],
        "epochs": 1,
        "adam_betas": [
            0.9,
            0.95
        ],
        "warmup_prc": 0.1,
        "decay_prc": 0.1,
        "seed": 2,
        "compile": true,
        "find_unused_parameters": true,
        "is_ddp": false,
        "cleanup_distributed": false,
        "log_level": "DEBUG",
        "num_gpus": 1,
        "process_id": 0,
        "num_base_params": 26257920,
        "device": "cuda",
        "logger": "<Logger training_20260630013317682992 (DEBUG)>",
        "labels": [
            "core",
            "a-deadline-or-time-limit",
            "alien-encounters",
            "bygone-eras",
            "cultural-traditions"
        ],
        "loaders": {
            "a-deadline-or-time-limit": {
                "train": "InterleavedDataLoader(len=417)",
                "test": "SingleDataLoader(a-deadline-or-time-limit_test.bin, len=40)"
            },
            "alien-encounters": {
                "train": "InterleavedDataLoader(len=417)",
                "test": "SingleDataLoader(alien-encounters_test.bin, len=38)"
            },
            "bygone-eras": {
                "train": "InterleavedDataLoader(len=417)",
                "test": "SingleDataLoader(bygone-eras_test.bin, len=39)"
            },
            "cultural-traditions": {
                "train": "InterleavedDataLoader(len=417)",
                "test": "SingleDataLoader(cultural-traditions_test.bin, len=38)"
            },
            "dinosaurs": {
                "train": "InterleavedDataLoader(len=341)",
                "test": "SingleDataLoader(dinosaurs_test.bin, len=38)"
            },
            "dream-worlds": {
                "train": "InterleavedDataLoader(len=341)",
                "test": "SingleDataLoader(dream-worlds_test.bin, len=37)"
            },
            "enchanted-forests": {
                "train": "SingleDataLoader(enchanted-forests_train.bin, len=341)",
                "test": "SingleDataLoader(enchanted-forests_test.bin, len=38)"
            },
            "fairy-tales": {
                "train": "SingleDataLoader(fairy-tales_train.bin, len=341)",
                "test": "SingleDataLoader(fairy-tales_test.bin, len=37)"
            },
            "fantasy-worlds": {
                "train": "SingleDataLoader(fantasy-worlds_train.bin, len=341)",
                "test": "SingleDataLoader(fantasy-worlds_test.bin, len=39)"
            },
            "gardens": {
                "train": "SingleDataLoader(gardens_train.bin, len=341)",
                "test": "SingleDataLoader(gardens_test.bin, len=37)"
            },
            "giant-creatures": {
                "train": "SingleDataLoader(giant-creatures_train.bin, len=341)",
                "test": "SingleDataLoader(giant-creatures_test.bin, len=37)"
            },
            "haunted-places": {
                "train": "SingleDataLoader(haunted-places_train.bin, len=341)",
                "test": "SingleDataLoader(haunted-places_test.bin, len=41)"
            },
            "hidden-treasures": {
                "train": "SingleDataLoader(hidden-treasures_train.bin, len=341)",
                "test": "SingleDataLoader(hidden-treasures_test.bin, len=39)"
            },
            "holidays": {
                "train": "SingleDataLoader(holidays_train.bin, len=341)",
                "test": "SingleDataLoader(holidays_test.bin, len=38)"
            },
            "invisibility": {
                "train": "SingleDataLoader(invisibility_train.bin, len=341)",
                "test": "SingleDataLoader(invisibility_test.bin, len=37)"
            },
            "island-adventures": {
                "train": "SingleDataLoader(island-adventures_train.bin, len=341)",
                "test": "SingleDataLoader(island-adventures_test.bin, len=39)"
            },
            "living-objects": {
                "train": "InterleavedDataLoader(len=341)",
                "test": "SingleDataLoader(living-objects_test.bin, len=38)"
            },
            "lost-cities": {
                "train": "SingleDataLoader(lost-cities_train.bin, len=341)",
                "test": "SingleDataLoader(lost-cities_test.bin, len=40)"
            },
            "lost-civilizations": {
                "train": "SingleDataLoader(lost-civilizations_train.bin, len=341)",
                "test": "SingleDataLoader(lost-civilizations_test.bin, len=41)"
            },
            "magical-lands": {
                "train": "SingleDataLoader(magical-lands_train.bin, len=341)",
                "test": "SingleDataLoader(magical-lands_test.bin, len=38)"
            },
            "magical-objects": {
                "train": "SingleDataLoader(magical-objects_train.bin, len=341)",
                "test": "SingleDataLoader(magical-objects_test.bin, len=37)"
            },
            "miniature-worlds": {
                "train": "InterleavedDataLoader(len=341)",
                "test": "SingleDataLoader(miniature-worlds_test.bin, len=37)"
            },
            "mysterious-maps": {
                "train": "InterleavedDataLoader(len=341)",
                "test": "SingleDataLoader(mysterious-maps_test.bin, len=38)"
            },
            "mystical-creatures": {
                "train": "SingleDataLoader(mystical-creatures_train.bin, len=341)",
                "test": "SingleDataLoader(mystical-creatures_test.bin, len=38)"
            },
            "outer-space": {
                "train": "SingleDataLoader(outer-space_train.bin, len=341)",
                "test": "SingleDataLoader(outer-space_test.bin, len=38)"
            },
            "pirates": {
                "train": "SingleDataLoader(pirates_train.bin, len=341)",
                "test": "SingleDataLoader(pirates_test.bin, len=39)"
            },
            "riddles": {
                "train": "SingleDataLoader(riddles_train.bin, len=341)",
                "test": "SingleDataLoader(riddles_test.bin, len=38)"
            },
            "robots-and-technology": {
                "train": "SingleDataLoader(robots-and-technology_train.bin, len=341)",
                "test": "SingleDataLoader(robots-and-technology_test.bin, len=39)"
            },
            "royal-kingdoms": {
                "train": "SingleDataLoader(royal-kingdoms_train.bin, len=341)",
                "test": "SingleDataLoader(royal-kingdoms_test.bin, len=40)"
            },
            "school-life": {
                "train": "InterleavedDataLoader(len=341)",
                "test": "SingleDataLoader(school-life_test.bin, len=38)"
            },
            "seasonal-changes": {
                "train": "SingleDataLoader(seasonal-changes_train.bin, len=341)",
                "test": "SingleDataLoader(seasonal-changes_test.bin, len=38)"
            },
            "secret-societies": {
                "train": "SingleDataLoader(secret-societies_train.bin, len=341)",
                "test": "SingleDataLoader(secret-societies_test.bin, len=38)"
            },
            "shape-shifting": {
                "train": "SingleDataLoader(shape-shifting_train.bin, len=341)",
                "test": "SingleDataLoader(shape-shifting_test.bin, len=38)"
            },
            "sibling-rivalry": {
                "train": "SingleDataLoader(sibling-rivalry_train.bin, len=341)",
                "test": "SingleDataLoader(sibling-rivalry_test.bin, len=39)"
            },
            "snowy-adventures": {
                "train": "SingleDataLoader(snowy-adventures_train.bin, len=341)",
                "test": "SingleDataLoader(snowy-adventures_test.bin, len=39)"
            },
            "space-exploration": {
                "train": "SingleDataLoader(space-exploration_train.bin, len=341)",
                "test": "SingleDataLoader(space-exploration_test.bin, len=38)"
            },
            "sports": {
                "train": "InterleavedDataLoader(len=341)",
                "test": "SingleDataLoader(sports_test.bin, len=37)"
            },
            "subterranean-worlds": {
                "train": "SingleDataLoader(subterranean-worlds_train.bin, len=341)",
                "test": "SingleDataLoader(subterranean-worlds_test.bin, len=37)"
            },
            "superheroes": {
                "train": "SingleDataLoader(superheroes_train.bin, len=341)",
                "test": "SingleDataLoader(superheroes_test.bin, len=38)"
            },
            "talking-animals": {
                "train": "SingleDataLoader(talking-animals_train.bin, len=341)",
                "test": "SingleDataLoader(talking-animals_test.bin, len=37)"
            },
            "the-arts": {
                "train": "SingleDataLoader(the-arts_train.bin, len=341)",
                "test": "SingleDataLoader(the-arts_test.bin, len=38)"
            },
            "the-sky": {
                "train": "SingleDataLoader(the-sky_train.bin, len=341)",
                "test": "SingleDataLoader(the-sky_test.bin, len=38)"
            },
            "time-travel": {
                "train": "SingleDataLoader(time-travel_train.bin, len=341)",
                "test": "SingleDataLoader(time-travel_test.bin, len=37)"
            },
            "treasure-hunts": {
                "train": "InterleavedDataLoader(len=341)",
                "test": "SingleDataLoader(treasure-hunts_test.bin, len=35)"
            },
            "undercover-missions": {
                "train": "SingleDataLoader(undercover-missions_train.bin, len=341)",
                "test": "SingleDataLoader(undercover-missions_test.bin, len=40)"
            },
            "underwater-adventures": {
                "train": "InterleavedDataLoader(len=341)",
                "test": "SingleDataLoader(underwater-adventures_test.bin, len=38)"
            },
            "unusual-vehicles": {
                "train": "SingleDataLoader(unusual-vehicles_train.bin, len=341)",
                "test": "SingleDataLoader(unusual-vehicles_test.bin, len=39)"
            },
            "virtual-worlds": {
                "train": "SingleDataLoader(virtual-worlds_train.bin, len=341)",
                "test": "SingleDataLoader(virtual-worlds_test.bin, len=37)"
            },
            "core": {
                "train": "InterleavedDataLoader(len=15004)",
                "test": "InterleavedDataLoader(len=1677)"
            },
            "aux": {
                "train": "InterleavedDataLoader(len=1668)",
                "test": "InterleavedDataLoader(len=155)"
            },
            "all": {
                "train": "InterleavedDataLoader(len=16672)",
                "test": "InterleavedDataLoader(len=1832)"
            }
        },
        "res_root": "/workspace-vast/ethanr/gradient-routing/experiments/arXiv-Codebase/results/auxnum/alt/num_aux_4/seed_2",
        "experiment_id": "20260630013317682992",
        "s3_bucket": "ae-gradient-routing-results",
        "s3_prefix": "auxnum/alt/num_aux_4/seed_2"
    },
    "label_prc": 1.0
}
[GPU 0] [01:33:28] [INFO] Loader a-deadline-or-time-limit train: 417, test: 40
[GPU 0] [01:33:28] [INFO] Loader alien-encounters train: 417, test: 38
[GPU 0] [01:33:28] [INFO] Loader bygone-eras train: 417, test: 39
[GPU 0] [01:33:28] [INFO] Loader cultural-traditions train: 417, test: 38
[GPU 0] [01:33:28] [INFO] Loader dinosaurs train: 341, test: 38
[GPU 0] [01:33:28] [INFO] Loader dream-worlds train: 341, test: 37
[GPU 0] [01:33:28] [INFO] Loader enchanted-forests train: 341, test: 38
[GPU 0] [01:33:28] [INFO] Loader fairy-tales train: 341, test: 37
[GPU 0] [01:33:28] [INFO] Loader fantasy-worlds train: 341, test: 39
[GPU 0] [01:33:28] [INFO] Loader gardens train: 341, test: 37
[GPU 0] [01:33:28] [INFO] Loader giant-creatures train: 341, test: 37
[GPU 0] [01:33:28] [INFO] Loader haunted-places train: 341, test: 41
[GPU 0] [01:33:28] [INFO] Loader hidden-treasures train: 341, test: 39
[GPU 0] [01:33:28] [INFO] Loader holidays train: 341, test: 38
[GPU 0] [01:33:28] [INFO] Loader invisibility train: 341, test: 37
[GPU 0] [01:33:28] [INFO] Loader island-adventures train: 341, test: 39
[GPU 0] [01:33:28] [INFO] Loader living-objects train: 341, test: 38
[GPU 0] [01:33:28] [INFO] Loader lost-cities train: 341, test: 40
[GPU 0] [01:33:28] [INFO] Loader lost-civilizations train: 341, test: 41
[GPU 0] [01:33:28] [INFO] Loader magical-lands train: 341, test: 38
[GPU 0] [01:33:28] [INFO] Loader magical-objects train: 341, test: 37
[GPU 0] [01:33:28] [INFO] Loader miniature-worlds train: 341, test: 37
[GPU 0] [01:33:28] [INFO] Loader mysterious-maps train: 341, test: 38
[GPU 0] [01:33:28] [INFO] Loader mystical-creatures train: 341, test: 38
[GPU 0] [01:33:28] [INFO] Loader outer-space train: 341, test: 38
[GPU 0] [01:33:28] [INFO] Loader pirates train: 341, test: 39
[GPU 0] [01:33:28] [INFO] Loader riddles train: 341, test: 38
[GPU 0] [01:33:28] [INFO] Loader robots-and-technology train: 341, test: 39
[GPU 0] [01:33:28] [INFO] Loader royal-kingdoms train: 341, test: 40
[GPU 0] [01:33:28] [INFO] Loader school-life train: 341, test: 38
[GPU 0] [01:33:28] [INFO] Loader seasonal-changes train: 341, test: 38
[GPU 0] [01:33:28] [INFO] Loader secret-societies train: 341, test: 38
[GPU 0] [01:33:28] [INFO] Loader shape-shifting train: 341, test: 38
[GPU 0] [01:33:28] [INFO] Loader sibling-rivalry train: 341, test: 39
[GPU 0] [01:33:28] [INFO] Loader snowy-adventures train: 341, test: 39
[GPU 0] [01:33:28] [INFO] Loader space-exploration train: 341, test: 38
[GPU 0] [01:33:28] [INFO] Loader sports train: 341, test: 37
[GPU 0] [01:33:28] [INFO] Loader subterranean-worlds train: 341, test: 37
[GPU 0] [01:33:28] [INFO] Loader superheroes train: 341, test: 38
[GPU 0] [01:33:28] [INFO] Loader talking-animals train: 341, test: 37
[GPU 0] [01:33:28] [INFO] Loader the-arts train: 341, test: 38
[GPU 0] [01:33:28] [INFO] Loader the-sky train: 341, test: 38
[GPU 0] [01:33:28] [INFO] Loader time-travel train: 341, test: 37
[GPU 0] [01:33:28] [INFO] Loader treasure-hunts train: 341, test: 35
[GPU 0] [01:33:28] [INFO] Loader undercover-missions train: 341, test: 40
[GPU 0] [01:33:28] [INFO] Loader underwater-adventures train: 341, test: 38
[GPU 0] [01:33:28] [INFO] Loader unusual-vehicles train: 341, test: 39
[GPU 0] [01:33:28] [INFO] Loader virtual-worlds train: 341, test: 37
[GPU 0] [01:33:28] [INFO] Loader core train: 15004, test: 1677
[GPU 0] [01:33:28] [INFO] Loader aux train: 1668, test: 155
[GPU 0] [01:33:28] [INFO] Loader all train: 16672, test: 1832
[GPU 0] [01:33:28] [INFO] Stage [baseline] start: {"name": "baseline", "num_checkpoints": -1, "lr": 0.005, "res_dir": "/workspace-vast/ethanr/gradient-routing/experiments/arXiv-Codebase/results/auxnum/alt/num_aux_4/seed_2/20260630013317682992/baseline", "acc_mode": "heterogeneous", "do_eval": true, "do_sample": false, "num_train_evals": 200, "do_elicit": false, "elicit_eval_prc": 0.5, "elicit_num_evals": 100, "retain_targets": null, "label_prc": 1.0}
[GPU 0] [01:33:28] [INFO] BASELINE START
[GPU 0] [01:33:29] [INFO] Initialized BaseTransformer with 26,257,920 total parameters
[GPU 0] [01:33:29] [INFO] Compiling BaseTransformer with torch.compile...
[GPU 0] [01:33:37] [INFO] torch.compile done
[GPU 0] [01:33:37] [WARNING] restore_partial_state: no checkpoint found at /workspace-vast/ethanr/gradient-routing/experiments/arXiv-Codebase/results/auxnum/alt/num_aux_4/seed_2/20260630013317682992/baseline
[GPU 0] [01:33:37] [INFO] ---- Begin Train | Train Labels: ['a-deadline-or-time-limit', 'alien-encounters', 'bygone-eras', 'core', 'cultural-traditions'] ----
[GPU 0] [01:33:37] [DEBUG] acc_mode: heterogeneous, label_prc: 1.0
[GPU 0] [01:33:37] [INFO] Batch [a-deadline-or-time-limit] count: 417
[GPU 0] [01:33:37] [INFO] Batch [alien-encounters] count: 417
[GPU 0] [01:33:37] [INFO] Batch [bygone-eras] count: 417
[GPU 0] [01:33:37] [INFO] Batch [core] count: 15004
[GPU 0] [01:33:37] [INFO] Batch [cultural-traditions] count: 417
[GPU 0] [01:33:37] [INFO] num_total_steps: 16672
[GPU 0] [01:33:37] [INFO] warmup_steps: 1667
[GPU 0] [01:33:37] [INFO] constant_steps: 13338
[GPU 0] [01:33:37] [INFO] decay_steps: 1667
[GPU 0] [01:33:37] [INFO] LR Scheduler: Warmup Start
[GPU 0] [01:34:59] [INFO] Step: 1, LR: 3.01e-06
[GPU 0] [01:34:59] [INFO] Train Loss: CORE: 8.44 A-DEADLINE-OR-TIME-LIMIT: nan ALIEN-ENCOUNTERS: nan BYGONE-ERAS: nan CULTURAL-TRADITIONS: nan 
[GPU 0] [01:34:59] [INFO] Val Loss: CORE: nan A-DEADLINE-OR-TIME-LIMIT: nan ALIEN-ENCOUNTERS: nan BYGONE-ERAS: nan CULTURAL-TRADITIONS: nan 
[GPU 0] [01:37:10] [INFO] Step: 1000, LR: 3.00e-03
[GPU 0] [01:37:10] [INFO] Train Loss: CORE: 2.59 A-DEADLINE-OR-TIME-LIMIT: 2.76 ALIEN-ENCOUNTERS: 2.61 BYGONE-ERAS: 2.63 CULTURAL-TRADITIONS: 2.64 
[GPU 0] [01:37:10] [INFO] Val Loss: CORE: 2.54 A-DEADLINE-OR-TIME-LIMIT: 2.68 ALIEN-ENCOUNTERS: 2.50 BYGONE-ERAS: 2.57 CULTURAL-TRADITIONS: 2.62 
[GPU 0] [01:37:51] [INFO] LR Scheduler: Constant Start
[GPU 0] [01:38:11] [INFO] Step: 2000, LR: 5.00e-03
[GPU 0] [01:38:11] [INFO] Train Loss: CORE: 2.21 A-DEADLINE-OR-TIME-LIMIT: 2.47 ALIEN-ENCOUNTERS: 2.31 BYGONE-ERAS: 2.33 CULTURAL-TRADITIONS: 2.34 
[GPU 0] [01:38:11] [INFO] Val Loss: CORE: 2.24 A-DEADLINE-OR-TIME-LIMIT: 2.36 ALIEN-ENCOUNTERS: 2.23 BYGONE-ERAS: 2.26 CULTURAL-TRADITIONS: 2.29 
[GPU 0] [01:39:11] [INFO] Step: 3000, LR: 5.00e-03
[GPU 0] [01:39:11] [INFO] Train Loss: CORE: 2.04 A-DEADLINE-OR-TIME-LIMIT: 2.18 ALIEN-ENCOUNTERS: 2.07 BYGONE-ERAS: 2.10 CULTURAL-TRADITIONS: 2.16 
[GPU 0] [01:39:11] [INFO] Val Loss: CORE: 2.07 A-DEADLINE-OR-TIME-LIMIT: 2.17 ALIEN-ENCOUNTERS: 2.06 BYGONE-ERAS: 2.10 CULTURAL-TRADITIONS: 2.14 
[GPU 0] [01:40:11] [INFO] Step: 4000, LR: 5.00e-03
[GPU 0] [01:40:11] [INFO] Train Loss: CORE: 2.03 A-DEADLINE-OR-TIME-LIMIT: 2.11 ALIEN-ENCOUNTERS: 1.96 BYGONE-ERAS: 2.02 CULTURAL-TRADITIONS: 2.06 
[GPU 0] [01:40:11] [INFO] Val Loss: CORE: 1.97 A-DEADLINE-OR-TIME-LIMIT: 2.10 ALIEN-ENCOUNTERS: 1.96 BYGONE-ERAS: 2.02 CULTURAL-TRADITIONS: 2.06 
[GPU 0] [01:41:12] [INFO] Step: 5000, LR: 5.00e-03
[GPU 0] [01:41:12] [INFO] Train Loss: CORE: 1.91 A-DEADLINE-OR-TIME-LIMIT: 2.01 ALIEN-ENCOUNTERS: 1.92 BYGONE-ERAS: 1.98 CULTURAL-TRADITIONS: 2.00 
[GPU 0] [01:41:12] [INFO] Val Loss: CORE: 1.96 A-DEADLINE-OR-TIME-LIMIT: 2.02 ALIEN-ENCOUNTERS: 1.89 BYGONE-ERAS: 1.97 CULTURAL-TRADITIONS: 2.01 
[GPU 0] [01:42:14] [INFO] Step: 6000, LR: 5.00e-03
[GPU 0] [01:42:14] [INFO] Train Loss: CORE: 1.93 A-DEADLINE-OR-TIME-LIMIT: 2.02 ALIEN-ENCOUNTERS: 1.88 BYGONE-ERAS: 1.94 CULTURAL-TRADITIONS: 1.96 
[GPU 0] [01:42:14] [INFO] Val Loss: CORE: 1.90 A-DEADLINE-OR-TIME-LIMIT: 2.00 ALIEN-ENCOUNTERS: 1.89 BYGONE-ERAS: 1.94 CULTURAL-TRADITIONS: 1.97 
[GPU 0] [01:43:14] [INFO] Step: 7000, LR: 5.00e-03
[GPU 0] [01:43:14] [INFO] Train Loss: CORE: 1.88 A-DEADLINE-OR-TIME-LIMIT: 1.98 ALIEN-ENCOUNTERS: 1.85 BYGONE-ERAS: 1.91 CULTURAL-TRADITIONS: 1.94 
[GPU 0] [01:43:14] [INFO] Val Loss: CORE: 1.89 A-DEADLINE-OR-TIME-LIMIT: 1.96 ALIEN-ENCOUNTERS: 1.86 BYGONE-ERAS: 1.91 CULTURAL-TRADITIONS: 1.94 
[GPU 0] [01:44:14] [INFO] Step: 8000, LR: 5.00e-03
[GPU 0] [01:44:14] [INFO] Train Loss: CORE: 1.88 A-DEADLINE-OR-TIME-LIMIT: 1.97 ALIEN-ENCOUNTERS: 1.81 BYGONE-ERAS: 1.89 CULTURAL-TRADITIONS: 1.91 
[GPU 0] [01:44:14] [INFO] Val Loss: CORE: 1.86 A-DEADLINE-OR-TIME-LIMIT: 1.95 ALIEN-ENCOUNTERS: 1.81 BYGONE-ERAS: 1.89 CULTURAL-TRADITIONS: 1.93 
[GPU 0] [01:45:15] [INFO] Step: 9000, LR: 5.00e-03
[GPU 0] [01:45:15] [INFO] Train Loss: CORE: 1.88 A-DEADLINE-OR-TIME-LIMIT: 1.94 ALIEN-ENCOUNTERS: 1.82 BYGONE-ERAS: 1.87 CULTURAL-TRADITIONS: 1.90 
[GPU 0] [01:45:15] [INFO] Val Loss: CORE: 1.85 A-DEADLINE-OR-TIME-LIMIT: 1.95 ALIEN-ENCOUNTERS: 1.81 BYGONE-ERAS: 1.87 CULTURAL-TRADITIONS: 1.90 
[GPU 0] [01:46:17] [INFO] Step: 10000, LR: 5.00e-03
[GPU 0] [01:46:17] [INFO] Train Loss: CORE: 1.86 A-DEADLINE-OR-TIME-LIMIT: 1.93 ALIEN-ENCOUNTERS: 1.81 BYGONE-ERAS: 1.85 CULTURAL-TRADITIONS: 1.89 
[GPU 0] [01:46:17] [INFO] Val Loss: CORE: 1.84 A-DEADLINE-OR-TIME-LIMIT: 1.93 ALIEN-ENCOUNTERS: 1.80 BYGONE-ERAS: 1.85 CULTURAL-TRADITIONS: 1.89 
[GPU 0] [01:47:18] [INFO] Step: 11000, LR: 5.00e-03
[GPU 0] [01:47:18] [INFO] Train Loss: CORE: 1.80 A-DEADLINE-OR-TIME-LIMIT: 1.91 ALIEN-ENCOUNTERS: 1.79 BYGONE-ERAS: 1.85 CULTURAL-TRADITIONS: 1.87 
[GPU 0] [01:47:18] [INFO] Val Loss: CORE: 1.84 A-DEADLINE-OR-TIME-LIMIT: 1.91 ALIEN-ENCOUNTERS: 1.80 BYGONE-ERAS: 1.84 CULTURAL-TRADITIONS: 1.87 
[GPU 0] [01:48:18] [INFO] Step: 12000, LR: 5.00e-03
[GPU 0] [01:48:18] [INFO] Train Loss: CORE: 1.77 A-DEADLINE-OR-TIME-LIMIT: 1.91 ALIEN-ENCOUNTERS: 1.78 BYGONE-ERAS: 1.83 CULTURAL-TRADITIONS: 1.87 
[GPU 0] [01:48:18] [INFO] Val Loss: CORE: 1.80 A-DEADLINE-OR-TIME-LIMIT: 1.91 ALIEN-ENCOUNTERS: 1.76 BYGONE-ERAS: 1.83 CULTURAL-TRADITIONS: 1.87 
[GPU 0] [01:49:19] [INFO] Step: 13000, LR: 5.00e-03
[GPU 0] [01:49:19] [INFO] Train Loss: CORE: 1.71 A-DEADLINE-OR-TIME-LIMIT: 1.89 ALIEN-ENCOUNTERS: 1.75 BYGONE-ERAS: 1.82 CULTURAL-TRADITIONS: 1.86 
[GPU 0] [01:49:19] [INFO] Val Loss: CORE: 1.82 A-DEADLINE-OR-TIME-LIMIT: 1.90 ALIEN-ENCOUNTERS: 1.76 BYGONE-ERAS: 1.83 CULTURAL-TRADITIONS: 1.86 
[GPU 0] [01:50:20] [INFO] Step: 14000, LR: 5.00e-03
[GPU 0] [01:50:20] [INFO] Train Loss: CORE: 1.79 A-DEADLINE-OR-TIME-LIMIT: 1.89 ALIEN-ENCOUNTERS: 1.76 BYGONE-ERAS: 1.80 CULTURAL-TRADITIONS: 1.85 
[GPU 0] [01:50:20] [INFO] Val Loss: CORE: 1.79 A-DEADLINE-OR-TIME-LIMIT: 1.89 ALIEN-ENCOUNTERS: 1.78 BYGONE-ERAS: 1.82 CULTURAL-TRADITIONS: 1.86 
[GPU 0] [01:51:23] [INFO] Step: 15000, LR: 5.00e-03
[GPU 0] [01:51:23] [INFO] Train Loss: CORE: 1.79 A-DEADLINE-OR-TIME-LIMIT: 1.88 ALIEN-ENCOUNTERS: 1.75 BYGONE-ERAS: 1.79 CULTURAL-TRADITIONS: 1.83 
[GPU 0] [01:51:23] [INFO] Val Loss: CORE: 1.82 A-DEADLINE-OR-TIME-LIMIT: 1.89 ALIEN-ENCOUNTERS: 1.76 BYGONE-ERAS: 1.81 CULTURAL-TRADITIONS: 1.84 
[GPU 0] [01:51:23] [INFO] LR Scheduler: Decay Start
[GPU 0] [01:52:25] [INFO] Step: 16000, LR: 2.02e-03
[GPU 0] [01:52:25] [INFO] Train Loss: CORE: 1.70 A-DEADLINE-OR-TIME-LIMIT: 1.80 ALIEN-ENCOUNTERS: 1.65 BYGONE-ERAS: 1.74 CULTURAL-TRADITIONS: 1.78 
[GPU 0] [01:52:25] [INFO] Val Loss: CORE: 1.71 A-DEADLINE-OR-TIME-LIMIT: 1.79 ALIEN-ENCOUNTERS: 1.66 BYGONE-ERAS: 1.73 CULTURAL-TRADITIONS: 1.76 
[GPU 0] [01:53:07] [INFO] Step: 16672, LR: 1.00e-08
[GPU 0] [01:53:07] [INFO] Train Loss: CORE: 1.68 A-DEADLINE-OR-TIME-LIMIT: 1.77 ALIEN-ENCOUNTERS: 1.63 BYGONE-ERAS: 1.70 CULTURAL-TRADITIONS: 1.73 
[GPU 0] [01:53:07] [INFO] Val Loss: CORE: 1.68 A-DEADLINE-OR-TIME-LIMIT: 1.76 ALIEN-ENCOUNTERS: 1.64 BYGONE-ERAS: 1.69 CULTURAL-TRADITIONS: 1.73 
[GPU 0] [01:53:11] [INFO] ---- Begin Eval ----
[GPU 0] [01:53:11] [INFO] Data: core | Experts: None
[GPU 0] [01:53:33] [INFO] loss: 1.67502427
[GPU 0] [01:53:33] [INFO] Data: a-deadline-or-time-limit | Experts: None
[GPU 0] [01:53:34] [INFO] loss: 1.76191401
[GPU 0] [01:53:34] [INFO] Data: alien-encounters | Experts: None
[GPU 0] [01:53:34] [INFO] loss: 1.64226973
[GPU 0] [01:53:34] [INFO] Data: bygone-eras | Experts: None
[GPU 0] [01:53:35] [INFO] loss: 1.69370997
[GPU 0] [01:53:35] [INFO] Data: cultural-traditions | Experts: None
[GPU 0] [01:53:35] [INFO] loss: 1.72923517
[GPU 0] [01:53:36] [INFO] Stage [routed] start: {"name": "routed", "num_checkpoints": -1, "lr": 0.005, "res_dir": "/workspace-vast/ethanr/gradient-routing/experiments/arXiv-Codebase/results/auxnum/alt/num_aux_4/seed_2/20260630013317682992/routed", "acc_mode": "heterogeneous", "do_eval": true, "do_sample": false, "num_train_evals": 0, "do_elicit": true, "elicit_eval_prc": 0.5, "elicit_num_evals": 100, "retain_targets": null, "model": {"arch": "moe", "tokenizer": "TokenizersBackend(name_or_path='SimpleStories/SimpleStories-1.25M', vocab_size=4096, model_max_length=1000000000000000019884624838656, padding_side='right', truncation_side='right', special_tokens={'eos_token': '[EOS]', 'unk_token': '[UNK]'}, added_tokens_decoder={\n\t0: AddedToken(\"[UNK]\", rstrip=False, lstrip=False, single_word=False, normalized=False, special=True),\n\t1: AddedToken(\"[EOS]\", rstrip=False, lstrip=False, single_word=False, normalized=False, special=True),\n}\n)", "ctx_len": 256, "vocab_size": 4096, "num_layers": 8, "num_heads": 8, "num_key_value": 2, "attn_bias": true, "eos_token_id": 1, "embed_dim": 512, "mlp_dim": 2048, "core_param_prc": 1.0, "aux_param_prc": 0.1}, "eval_arbsub": false, "label_prc": 1.0, "aux_factor": 1.0, "robust_prc": 0.5, "aux_route_prc": 0.3, "equal_compute": true}
[GPU 0] [01:53:36] [INFO] ROUTED START
[GPU 0] [01:53:36] [INFO] Initialized MoETransformer with 32,571,904 total parameters
[GPU 0] [01:53:36] [INFO]   Label 'core' has 26,257,920 parameters
[GPU 0] [01:53:36] [INFO]   Label 'a-deadline-or-time-limit' has 1,578,496 parameters
[GPU 0] [01:53:36] [INFO]   Label 'alien-encounters' has 1,578,496 parameters
[GPU 0] [01:53:36] [INFO]   Label 'bygone-eras' has 1,578,496 parameters
[GPU 0] [01:53:36] [INFO]   Label 'cultural-traditions' has 1,578,496 parameters
[GPU 0] [01:53:36] [INFO] Compiling MoETransformer with torch.compile...
[GPU 0] [01:53:36] [INFO] torch.compile done
[GPU 0] [01:53:36] [WARNING] restore_partial_state: no checkpoint found at /workspace-vast/ethanr/gradient-routing/experiments/arXiv-Codebase/results/auxnum/alt/num_aux_4/seed_2/20260630013317682992/routed
[GPU 0] [01:53:36] [INFO] ---- Begin Routed Unordered ----
[GPU 0] [01:53:36] [INFO] initial len_all: 16672, len_all_labeled: 16672, len_all_unlabeled: 0, len_ft: 9170, len_base: 7502, label_prc: 1.0
[GPU 0] [01:53:36] [INFO] compute-equal: -14474808320.0 <= 0, must truncate training
[GPU 0] [01:53:36] [INFO] compute-equal: len_base: -240 -> 7262, len_ft: -293 -> 8877, len_all_unlabeled: 0 -> 0
[GPU 0] [01:53:36] [INFO] Batch [('core', ('core',), ('core',))] count: 7262
[GPU 0] [01:53:36] [INFO] Batch [('a-deadline-or-time-limit', ('core', 'a-deadline-or-time-limit'), ('a-deadline-or-time-limit',))] count: 283
[GPU 0] [01:53:36] [INFO] Batch [('a-deadline-or-time-limit', ('core', 'a-deadline-or-time-limit'), ('core', 'a-deadline-or-time-limit'))] count: 121
[GPU 0] [01:53:36] [INFO] Batch [('core', ('core', 'a-deadline-or-time-limit'), ('core', 'a-deadline-or-time-limit'))] count: 1816
[GPU 0] [01:53:36] [INFO] Batch [('alien-encounters', ('core', 'alien-encounters'), ('alien-encounters',))] count: 283
[GPU 0] [01:53:36] [INFO] Batch [('alien-encounters', ('core', 'alien-encounters'), ('core', 'alien-encounters'))] count: 121
[GPU 0] [01:53:36] [INFO] Batch [('core', ('core', 'alien-encounters'), ('core', 'alien-encounters'))] count: 1816
[GPU 0] [01:53:36] [INFO] Batch [('bygone-eras', ('core', 'bygone-eras'), ('bygone-eras',))] count: 283
[GPU 0] [01:53:36] [INFO] Batch [('bygone-eras', ('core', 'bygone-eras'), ('core', 'bygone-eras'))] count: 121
[GPU 0] [01:53:36] [INFO] Batch [('core', ('core', 'bygone-eras'), ('core', 'bygone-eras'))] count: 1816
[GPU 0] [01:53:36] [INFO] Batch [('core', ('core', 'cultural-traditions'), ('core', 'cultural-traditions'))] count: 1816
[GPU 0] [01:53:36] [INFO] Batch [('cultural-traditions', ('core', 'cultural-traditions'), ('core', 'cultural-traditions'))] count: 121
[GPU 0] [01:53:36] [INFO] Batch [('cultural-traditions', ('core', 'cultural-traditions'), ('cultural-traditions',))] count: 283
[GPU 0] [01:53:36] [INFO] Batch group is empty (0 batches)
[GPU 0] [01:53:36] [INFO] 
len_all: 16672, len_all_labeled: 16672, len_all_unlabeled: 0,
len_base: 7262, len_ft: 8877,
len_core_for_ft: 7262, len_aux_for_ft: 1615,
aux_factor: {'a-deadline-or-time-limit': 1.0, 'alien-encounters': 1.0, 'bygone-eras': 1.0, 'cultural-traditions': 1.0}, robust_prc: 0.5,
aux_route_prc: 0.3, equal_compute: True
[GPU 0] [01:53:36] [INFO] count_by_label: {'core': 14526, 'a-deadline-or-time-limit': 404, 'alien-encounters': 404, 'bygone-eras': 404, 'cultural-traditions': 404}
[GPU 0] [01:53:36] [WARNING] len(batches) != expected, (16142 != 16139), -3 length difference
[GPU 0] [01:53:36] [INFO] Batch [('core', ('core',), ('core',))] count: 7262
[GPU 0] [01:53:36] [INFO] Batch [('a-deadline-or-time-limit', ('core', 'a-deadline-or-time-limit'), ('a-deadline-or-time-limit',))] count: 283
[GPU 0] [01:53:36] [INFO] Batch [('a-deadline-or-time-limit', ('core', 'a-deadline-or-time-limit'), ('core', 'a-deadline-or-time-limit'))] count: 121
[GPU 0] [01:53:36] [INFO] Batch [('core', ('core', 'a-deadline-or-time-limit'), ('core', 'a-deadline-or-time-limit'))] count: 1816
[GPU 0] [01:53:36] [INFO] Batch [('alien-encounters', ('core', 'alien-encounters'), ('alien-encounters',))] count: 283
[GPU 0] [01:53:36] [INFO] Batch [('alien-encounters', ('core', 'alien-encounters'), ('core', 'alien-encounters'))] count: 121
[GPU 0] [01:53:36] [INFO] Batch [('core', ('core', 'alien-encounters'), ('core', 'alien-encounters'))] count: 1816
[GPU 0] [01:53:36] [INFO] Batch [('bygone-eras', ('core', 'bygone-eras'), ('bygone-eras',))] count: 283
[GPU 0] [01:53:36] [INFO] Batch [('bygone-eras', ('core', 'bygone-eras'), ('core', 'bygone-eras'))] count: 121
[GPU 0] [01:53:36] [INFO] Batch [('core', ('core', 'bygone-eras'), ('core', 'bygone-eras'))] count: 1816
[GPU 0] [01:53:36] [INFO] Batch [('core', ('core', 'cultural-traditions'), ('core', 'cultural-traditions'))] count: 1816
[GPU 0] [01:53:36] [INFO] Batch [('cultural-traditions', ('core', 'cultural-traditions'), ('core', 'cultural-traditions'))] count: 121
[GPU 0] [01:53:36] [INFO] Batch [('cultural-traditions', ('core', 'cultural-traditions'), ('cultural-traditions',))] count: 283
[GPU 0] [01:53:36] [INFO] ---- Begin Routed ----
[GPU 0] [01:53:36] [DEBUG] acc_mode: heterogeneous
[GPU 0] [01:53:36] [INFO] num_total_steps: 16142
[GPU 0] [01:53:36] [INFO] LR schedule group 0: steps [0, 16142), warmup=1614, constant=12914, decay=1614
[GPU 0] [01:53:36] [INFO] LR Scheduler: Group warmup (step 0)
[GPU 0] [01:53:36] [INFO] CUDA memory before training loop:
[GPU 0] [01:53:36] [INFO] |===========================================================================|
[GPU 0] [01:53:36] [INFO] |                  PyTorch CUDA memory summary, device ID 0                 |
[GPU 0] [01:53:36] [INFO] |---------------------------------------------------------------------------|
[GPU 0] [01:53:36] [INFO] |            CUDA OOMs: 0            |        cudaMalloc retries: 0         |
[GPU 0] [01:53:36] [INFO] |===========================================================================|
[GPU 0] [01:53:36] [INFO] |        Metric         | Cur Usage  | Peak Usage | Tot Alloc  | Tot Freed  |
[GPU 0] [01:53:36] [INFO] |---------------------------------------------------------------------------|
[GPU 0] [01:53:36] [INFO] | Allocated memory      | 312538 KiB |   8061 MiB | 319200 GiB | 319200 GiB |
[GPU 0] [01:53:36] [INFO] |       from large pool | 278528 KiB |   8028 MiB | 318944 GiB | 318943 GiB |
[GPU 0] [01:53:36] [INFO] |       from small pool |  34010 KiB |     42 MiB |    256 GiB |    256 GiB |
[GPU 0] [01:53:36] [INFO] |---------------------------------------------------------------------------|
[GPU 0] [01:53:36] [INFO] | Active memory         | 312538 KiB |   8061 MiB | 319200 GiB | 319200 GiB |
[GPU 0] [01:53:36] [INFO] |       from large pool | 278528 KiB |   8028 MiB | 318944 GiB | 318943 GiB |
[GPU 0] [01:53:36] [INFO] |       from small pool |  34010 KiB |     42 MiB |    256 GiB |    256 GiB |
[GPU 0] [01:53:36] [INFO] |---------------------------------------------------------------------------|
[GPU 0] [01:53:36] [INFO] | Requested memory      | 312534 KiB |   8061 MiB | 319199 GiB | 319199 GiB |
[GPU 0] [01:53:36] [INFO] |       from large pool | 278528 KiB |   8028 MiB | 318944 GiB | 318943 GiB |
[GPU 0] [01:53:36] [INFO] |       from small pool |  34006 KiB |     42 MiB |    255 GiB |    255 GiB |
[GPU 0] [01:53:36] [INFO] |---------------------------------------------------------------------------|
[GPU 0] [01:53:36] [INFO] | GPU reserved memory   |   8284 MiB |   8284 MiB |   8284 MiB |      0 B   |
[GPU 0] [01:53:36] [INFO] |       from large pool |   8240 MiB |   8240 MiB |   8240 MiB |      0 B   |
[GPU 0] [01:53:36] [INFO] |       from small pool |     44 MiB |     44 MiB |     44 MiB |      0 B   |
[GPU 0] [01:53:36] [INFO] |---------------------------------------------------------------------------|
[GPU 0] [01:53:36] [INFO] | Non-releasable memory |      0 B   |      0 B   |      0 B   |      0 B   |
[GPU 0] [01:53:36] [INFO] |       from large pool |      0 B   |      0 B   |      0 B   |      0 B   |
[GPU 0] [01:53:36] [INFO] |       from small pool |      0 B   |      0 B   |      0 B   |      0 B   |
[GPU 0] [01:53:36] [INFO] |---------------------------------------------------------------------------|
[GPU 0] [01:53:36] [INFO] | Allocations           |     363    |     625    |   10276 K  |   10276 K  |
[GPU 0] [01:53:36] [INFO] |       from large pool |      70    |     168    |    5724 K  |    5723 K  |
[GPU 0] [01:53:36] [INFO] |       from small pool |     293    |     534    |    4552 K  |    4552 K  |
[GPU 0] [01:53:36] [INFO] |---------------------------------------------------------------------------|
[GPU 0] [01:53:36] [INFO] | Active allocs         |     363    |     625    |   10276 K  |   10276 K  |
[GPU 0] [01:53:36] [INFO] |       from large pool |      70    |     168    |    5724 K  |    5723 K  |
[GPU 0] [01:53:36] [INFO] |       from small pool |     293    |     534    |    4552 K  |    4552 K  |
[GPU 0] [01:53:36] [INFO] |---------------------------------------------------------------------------|
[GPU 0] [01:53:36] [INFO] | GPU reserved segments |       0    |       0    |       0    |       0    |
[GPU 0] [01:53:36] [INFO] |       from large pool |       0    |       0    |       0    |       0    |
[GPU 0] [01:53:36] [INFO] |       from small pool |       0    |       0    |       0    |       0    |
[GPU 0] [01:53:36] [INFO] |---------------------------------------------------------------------------|
[GPU 0] [01:53:36] [INFO] | Non-releasable allocs |       0    |       0    |       0    |       0    |
[GPU 0] [01:53:36] [INFO] |       from large pool |       0    |       0    |       0    |       0    |
[GPU 0] [01:53:36] [INFO] |       from small pool |       0    |       0    |       0    |       0    |
[GPU 0] [01:53:36] [INFO] |---------------------------------------------------------------------------|
[GPU 0] [01:53:36] [INFO] | Oversize allocations  |       0    |       0    |       0    |       0    |
[GPU 0] [01:53:36] [INFO] |---------------------------------------------------------------------------|
[GPU 0] [01:53:36] [INFO] | Oversize GPU segments |       0    |       0    |       0    |       0    |
[GPU 0] [01:53:36] [INFO] |===========================================================================|
[GPU 0] [01:53:36] [INFO] 
[GPU 0] [01:53:36] [INFO] Batch group start, LR: 1.0000e-08, batches: 16142, epochs: 1, group_total_steps: 16142
[GPU 0] [01:53:59] [INFO] CUDA memory after first training step:
[GPU 0] [01:53:59] [INFO] |===========================================================================|
[GPU 0] [01:53:59] [INFO] |                  PyTorch CUDA memory summary, device ID 0                 |
[GPU 0] [01:53:59] [INFO] |---------------------------------------------------------------------------|
[GPU 0] [01:53:59] [INFO] |            CUDA OOMs: 0            |        cudaMalloc retries: 0         |
[GPU 0] [01:53:59] [INFO] |===========================================================================|
[GPU 0] [01:53:59] [INFO] |        Metric         | Cur Usage  | Peak Usage | Tot Alloc  | Tot Freed  |
[GPU 0] [01:53:59] [INFO] |---------------------------------------------------------------------------|
[GPU 0] [01:53:59] [INFO] | Allocated memory      | 683745 KiB |   8499 MiB | 319360 GiB | 319359 GiB |
[GPU 0] [01:53:59] [INFO] |       from large pool | 622592 KiB |   8464 MiB | 319103 GiB | 319103 GiB |
[GPU 0] [01:53:59] [INFO] |       from small pool |  61153 KiB |     72 MiB |    256 GiB |    256 GiB |
[GPU 0] [01:53:59] [INFO] |---------------------------------------------------------------------------|
[GPU 0] [01:53:59] [INFO] | Active memory         | 683745 KiB |   8499 MiB | 319360 GiB | 319359 GiB |
[GPU 0] [01:53:59] [INFO] |       from large pool | 622592 KiB |   8464 MiB | 319103 GiB | 319103 GiB |
[GPU 0] [01:53:59] [INFO] |       from small pool |  61153 KiB |     72 MiB |    256 GiB |    256 GiB |
[GPU 0] [01:53:59] [INFO] |---------------------------------------------------------------------------|
[GPU 0] [01:53:59] [INFO] | Requested memory      | 683671 KiB |   8499 MiB | 319359 GiB | 319358 GiB |
[GPU 0] [01:53:59] [INFO] |       from large pool | 622592 KiB |   8464 MiB | 319103 GiB | 319103 GiB |
[GPU 0] [01:53:59] [INFO] |       from small pool |  61079 KiB |     72 MiB |    255 GiB |    255 GiB |
[GPU 0] [01:53:59] [INFO] |---------------------------------------------------------------------------|
[GPU 0] [01:53:59] [INFO] | GPU reserved memory   |   8834 MiB |   8834 MiB |   8834 MiB |      0 B   |
[GPU 0] [01:53:59] [INFO] |       from large pool |   8760 MiB |   8760 MiB |   8760 MiB |      0 B   |
[GPU 0] [01:53:59] [INFO] |       from small pool |     74 MiB |     74 MiB |     74 MiB |      0 B   |
[GPU 0] [01:53:59] [INFO] |---------------------------------------------------------------------------|
[GPU 0] [01:53:59] [INFO] | Non-releasable memory |      0 B   |      0 B   |      0 B   |      0 B   |
[GPU 0] [01:53:59] [INFO] |       from large pool |      0 B   |      0 B   |      0 B   |      0 B   |
[GPU 0] [01:53:59] [INFO] |       from small pool |      0 B   |      0 B   |      0 B   |      0 B   |
[GPU 0] [01:53:59] [INFO] |---------------------------------------------------------------------------|
[GPU 0] [01:53:59] [INFO] | Allocations           |     765    |     897    |   10279 K  |   10278 K  |
[GPU 0] [01:53:59] [INFO] |       from large pool |     107    |     181    |    5725 K  |    5725 K  |
[GPU 0] [01:53:59] [INFO] |       from small pool |     658    |     772    |    4553 K  |    4552 K  |
[GPU 0] [01:53:59] [INFO] |---------------------------------------------------------------------------|
[GPU 0] [01:53:59] [INFO] | Active allocs         |     765    |     897    |   10279 K  |   10278 K  |
[GPU 0] [01:53:59] [INFO] |       from large pool |     107    |     181    |    5725 K  |    5725 K  |
[GPU 0] [01:53:59] [INFO] |       from small pool |     658    |     772    |    4553 K  |    4552 K  |
[GPU 0] [01:53:59] [INFO] |---------------------------------------------------------------------------|
[GPU 0] [01:53:59] [INFO] | GPU reserved segments |       0    |       0    |       0    |       0    |
[GPU 0] [01:53:59] [INFO] |       from large pool |       0    |       0    |       0    |       0    |
[GPU 0] [01:53:59] [INFO] |       from small pool |       0    |       0    |       0    |       0    |
[GPU 0] [01:53:59] [INFO] |---------------------------------------------------------------------------|
[GPU 0] [01:53:59] [INFO] | Non-releasable allocs |       0    |       0    |       0    |       0    |
[GPU 0] [01:53:59] [INFO] |       from large pool |       0    |       0    |       0    |       0    |
[GPU 0] [01:53:59] [INFO] |       from small pool |       0    |       0    |       0    |       0    |
[GPU 0] [01:53:59] [INFO] |---------------------------------------------------------------------------|
[GPU 0] [01:53:59] [INFO] | Oversize allocations  |       0    |       0    |       0    |       0    |
[GPU 0] [01:53:59] [INFO] |---------------------------------------------------------------------------|
[GPU 0] [01:53:59] [INFO] | Oversize GPU segments |       0    |       0    |       0    |       0    |
[GPU 0] [01:53:59] [INFO] |===========================================================================|
[GPU 0] [01:53:59] [INFO] 
[GPU 0] [01:53:59] [INFO] Step: 1, LR: 3.1079e-06
[GPU 0] [01:53:59] [INFO] Train Loss: CORE: 8.44 A-DEADLINE-OR-TIME-LIMIT: nan ALIEN-ENCOUNTERS: nan BYGONE-ERAS: nan CULTURAL-TRADITIONS: nan 
[GPU 0] [01:55:03] [INFO] Step: 1000, LR: 3.0979e-03
[GPU 0] [01:55:03] [INFO] Train Loss: CORE: 2.62 A-DEADLINE-OR-TIME-LIMIT: 3.34 ALIEN-ENCOUNTERS: 3.27 BYGONE-ERAS: 3.44 CULTURAL-TRADITIONS: 3.17 
[GPU 0] [01:55:27] [INFO] LR Scheduler: Group constant (step 1614)
[GPU 0] [01:55:43] [INFO] Step: 2000, LR: 5.0000e-03
[GPU 0] [01:55:43] [INFO] Train Loss: CORE: 2.32 A-DEADLINE-OR-TIME-LIMIT: 2.92 ALIEN-ENCOUNTERS: 2.83 BYGONE-ERAS: 2.89 CULTURAL-TRADITIONS: 2.78 
[GPU 0] [01:56:22] [INFO] Step: 3000, LR: 5.0000e-03
[GPU 0] [01:56:22] [INFO] Train Loss: CORE: 2.12 A-DEADLINE-OR-TIME-LIMIT: 2.74 ALIEN-ENCOUNTERS: 2.59 BYGONE-ERAS: 2.67 CULTURAL-TRADITIONS: 2.62 
[GPU 0] [01:57:01] [INFO] Step: 4000, LR: 5.0000e-03
[GPU 0] [01:57:01] [INFO] Train Loss: CORE: 2.04 A-DEADLINE-OR-TIME-LIMIT: 2.57 ALIEN-ENCOUNTERS: 2.30 BYGONE-ERAS: 2.52 CULTURAL-TRADITIONS: 2.37 
[GPU 0] [01:57:41] [INFO] Step: 5000, LR: 5.0000e-03
[GPU 0] [01:57:41] [INFO] Train Loss: CORE: 1.97 A-DEADLINE-OR-TIME-LIMIT: 2.30 ALIEN-ENCOUNTERS: 2.10 BYGONE-ERAS: 2.14 CULTURAL-TRADITIONS: 2.19 
[GPU 0] [01:58:21] [INFO] Step: 6000, LR: 5.0000e-03
[GPU 0] [01:58:21] [INFO] Train Loss: CORE: 1.96 A-DEADLINE-OR-TIME-LIMIT: 2.12 ALIEN-ENCOUNTERS: 2.03 BYGONE-ERAS: 2.06 CULTURAL-TRADITIONS: 2.11 
[GPU 0] [01:59:00] [INFO] Step: 7000, LR: 5.0000e-03
[GPU 0] [01:59:00] [INFO] Train Loss: CORE: 1.92 A-DEADLINE-OR-TIME-LIMIT: 2.07 ALIEN-ENCOUNTERS: 1.98 BYGONE-ERAS: 2.00 CULTURAL-TRADITIONS: 2.03 
[GPU 0] [01:59:39] [INFO] Step: 8000, LR: 5.0000e-03
[GPU 0] [01:59:39] [INFO] Train Loss: CORE: 1.88 A-DEADLINE-OR-TIME-LIMIT: 2.04 ALIEN-ENCOUNTERS: 1.93 BYGONE-ERAS: 1.97 CULTURAL-TRADITIONS: 2.00 
[GPU 0] [02:00:19] [INFO] Step: 9000, LR: 5.0000e-03
[GPU 0] [02:00:19] [INFO] Train Loss: CORE: 1.87 A-DEADLINE-OR-TIME-LIMIT: 2.00 ALIEN-ENCOUNTERS: 1.88 BYGONE-ERAS: 1.94 CULTURAL-TRADITIONS: 1.96 
[GPU 0] [02:00:59] [INFO] Step: 10000, LR: 5.0000e-03
[GPU 0] [02:00:59] [INFO] Train Loss: CORE: 1.85 A-DEADLINE-OR-TIME-LIMIT: 1.98 ALIEN-ENCOUNTERS: 1.86 BYGONE-ERAS: 1.92 CULTURAL-TRADITIONS: 1.94 
[GPU 0] [02:01:38] [INFO] Step: 11000, LR: 5.0000e-03
[GPU 0] [02:01:38] [INFO] Train Loss: CORE: 1.86 A-DEADLINE-OR-TIME-LIMIT: 1.96 ALIEN-ENCOUNTERS: 1.82 BYGONE-ERAS: 1.89 CULTURAL-TRADITIONS: 1.93 
[GPU 0] [02:02:18] [INFO] Step: 12000, LR: 5.0000e-03
[GPU 0] [02:02:18] [INFO] Train Loss: CORE: 1.82 A-DEADLINE-OR-TIME-LIMIT: 1.94 ALIEN-ENCOUNTERS: 1.81 BYGONE-ERAS: 1.87 CULTURAL-TRADITIONS: 1.91 
[GPU 0] [02:02:57] [INFO] Step: 13000, LR: 5.0000e-03
[GPU 0] [02:02:57] [INFO] Train Loss: CORE: 1.82 A-DEADLINE-OR-TIME-LIMIT: 1.93 ALIEN-ENCOUNTERS: 1.79 BYGONE-ERAS: 1.86 CULTURAL-TRADITIONS: 1.90 
[GPU 0] [02:03:36] [INFO] Step: 14000, LR: 5.0000e-03
[GPU 0] [02:03:36] [INFO] Train Loss: CORE: 1.80 A-DEADLINE-OR-TIME-LIMIT: 1.92 ALIEN-ENCOUNTERS: 1.78 BYGONE-ERAS: 1.85 CULTURAL-TRADITIONS: 1.88 
[GPU 0] [02:03:57] [INFO] LR Scheduler: Group decay (step 14528)
[GPU 0] [02:04:16] [INFO] Step: 15000, LR: 3.5378e-03
[GPU 0] [02:04:16] [INFO] Train Loss: CORE: 1.77 A-DEADLINE-OR-TIME-LIMIT: 1.90 ALIEN-ENCOUNTERS: 1.78 BYGONE-ERAS: 1.83 CULTURAL-TRADITIONS: 1.87 
[GPU 0] [02:04:58] [INFO] Step: 16000, LR: 4.3991e-04
[GPU 0] [02:04:58] [INFO] Train Loss: CORE: 1.70 A-DEADLINE-OR-TIME-LIMIT: 1.87 ALIEN-ENCOUNTERS: 1.74 BYGONE-ERAS: 1.81 CULTURAL-TRADITIONS: 1.84 
[GPU 0] [02:05:04] [INFO] Step: 16142, LR: 1.0000e-08
[GPU 0] [02:05:04] [INFO] Train Loss: CORE: 1.69 A-DEADLINE-OR-TIME-LIMIT: 1.87 ALIEN-ENCOUNTERS: 1.74 BYGONE-ERAS: 1.81 CULTURAL-TRADITIONS: 1.84 
[GPU 0] [02:05:10] [INFO] ---- Begin Eval ----
[GPU 0] [02:05:10] [INFO] Data: core | Experts: ['core']
[GPU 0] [02:05:46] [INFO] loss: 1.69145513
[GPU 0] [02:05:46] [INFO] Data: a-deadline-or-time-limit | Experts: ['core']
[GPU 0] [02:05:47] [INFO] loss: 1.88593745
[GPU 0] [02:05:47] [INFO] Data: alien-encounters | Experts: ['core']
[GPU 0] [02:05:47] [INFO] loss: 1.74486017
[GPU 0] [02:05:47] [INFO] Data: bygone-eras | Experts: ['core']
[GPU 0] [02:05:48] [INFO] loss: 1.72055292
[GPU 0] [02:05:48] [INFO] Data: cultural-traditions | Experts: ['core']
[GPU 0] [02:05:49] [INFO] loss: 1.77240956
[GPU 0] [02:05:49] [INFO] ---- Begin Eval ----
[GPU 0] [02:05:49] [INFO] Data: core | Experts: ['a-deadline-or-time-limit', 'core']
[GPU 0] [02:06:21] [INFO] loss: 1.69331396
[GPU 0] [02:06:21] [INFO] Data: a-deadline-or-time-limit | Experts: ['a-deadline-or-time-limit', 'core']
[GPU 0] [02:06:22] [INFO] loss: 1.77128911
[GPU 0] [02:06:22] [INFO] Data: alien-encounters | Experts: ['a-deadline-or-time-limit', 'core']
[GPU 0] [02:06:22] [INFO] loss: 1.74588811
[GPU 0] [02:06:22] [INFO] Data: bygone-eras | Experts: ['a-deadline-or-time-limit', 'core']
[GPU 0] [02:06:23] [INFO] loss: 1.72175479
[GPU 0] [02:06:23] [INFO] Data: cultural-traditions | Experts: ['a-deadline-or-time-limit', 'core']
[GPU 0] [02:06:24] [INFO] loss: 1.77199841
[GPU 0] [02:06:24] [INFO] ---- Begin Eval ----
[GPU 0] [02:06:24] [INFO] Data: core | Experts: ['alien-encounters', 'core']
[GPU 0] [02:06:55] [INFO] loss: 1.69240558
[GPU 0] [02:06:55] [INFO] Data: a-deadline-or-time-limit | Experts: ['alien-encounters', 'core']
[GPU 0] [02:06:55] [INFO] loss: 1.88574219
[GPU 0] [02:06:55] [INFO] Data: alien-encounters | Experts: ['alien-encounters', 'core']
[GPU 0] [02:06:56] [INFO] loss: 1.65522206
[GPU 0] [02:06:56] [INFO] Data: bygone-eras | Experts: ['alien-encounters', 'core']
[GPU 0] [02:06:57] [INFO] loss: 1.72195518
[GPU 0] [02:06:57] [INFO] Data: cultural-traditions | Experts: ['alien-encounters', 'core']
[GPU 0] [02:06:57] [INFO] loss: 1.77302635
[GPU 0] [02:06:57] [INFO] ---- Begin Eval ----
[GPU 0] [02:06:57] [INFO] Data: core | Experts: ['bygone-eras', 'core']
[GPU 0] [02:07:28] [INFO] loss: 1.69177663
[GPU 0] [02:07:28] [INFO] Data: a-deadline-or-time-limit | Experts: ['bygone-eras', 'core']
[GPU 0] [02:07:29] [INFO] loss: 1.88417971
[GPU 0] [02:07:29] [INFO] Data: alien-encounters | Experts: ['bygone-eras', 'core']
[GPU 0] [02:07:30] [INFO] loss: 1.74486017
[GPU 0] [02:07:30] [INFO] Data: bygone-eras | Experts: ['bygone-eras', 'core']
[GPU 0] [02:07:30] [INFO] loss: 1.71454322
[GPU 0] [02:07:30] [INFO] Data: cultural-traditions | Experts: ['bygone-eras', 'core']
[GPU 0] [02:07:31] [INFO] loss: 1.76994240
[GPU 0] [02:07:31] [INFO] ---- Begin Eval ----
[GPU 0] [02:07:31] [INFO] Data: core | Experts: ['core', 'cultural-traditions']
[GPU 0] [02:08:02] [INFO] loss: 1.69211209
[GPU 0] [02:08:02] [INFO] Data: a-deadline-or-time-limit | Experts: ['core', 'cultural-traditions']
[GPU 0] [02:08:02] [INFO] loss: 1.88242185
[GPU 0] [02:08:02] [INFO] Data: alien-encounters | Experts: ['core', 'cultural-traditions']
[GPU 0] [02:08:03] [INFO] loss: 1.74629939
[GPU 0] [02:08:03] [INFO] Data: bygone-eras | Experts: ['core', 'cultural-traditions']
[GPU 0] [02:08:04] [INFO] loss: 1.71734774
[GPU 0] [02:08:04] [INFO] Data: cultural-traditions | Experts: ['core', 'cultural-traditions']
[GPU 0] [02:08:04] [INFO] loss: 1.74732733
[GPU 0] [02:08:05] [INFO] ROUTED - ADVERSARIAL FT START
[GPU 0] [02:08:05] [INFO] ---- Begin FT | Experts: ['core'] | Data: ['a-deadline-or-time-limit'] ----
[GPU 0] [02:08:05] [DEBUG] num_seq: 512, num_rounds: 200, patience: 10
[GPU 0] [02:08:05] [DEBUG] local_x: torch.Size([512, 256]), local_y: torch.Size([512, 256]), num_steps: 4, per_gpu: 512, mbs_size: 128
[GPU 0] [02:08:08] [INFO] New best validation loss: 1.8504 @ step 0
[GPU 0] [02:08:09] [INFO] New best validation loss: 1.8357 @ step 1
[GPU 0] [02:08:10] [INFO] New best validation loss: 1.8277 @ step 2
[GPU 0] [02:08:11] [INFO] New best validation loss: 1.8260 @ step 3
[GPU 0] [02:08:21] [INFO] Stop FT @ 15: no val improvement for 10 steps
[GPU 0] [02:08:21] [INFO] Wrote stats.jsonl entries at FT step 3 
[GPU 0] [02:08:21] [INFO] ---- Begin FT | Experts: ['core'] | Data: ['alien-encounters'] ----
[GPU 0] [02:08:21] [DEBUG] num_seq: 512, num_rounds: 200, patience: 10
[GPU 0] [02:08:21] [DEBUG] local_x: torch.Size([512, 256]), local_y: torch.Size([512, 256]), num_steps: 4, per_gpu: 512, mbs_size: 128
[GPU 0] [02:08:22] [INFO] New best validation loss: 1.7173 @ step 0
[GPU 0] [02:08:23] [INFO] New best validation loss: 1.7031 @ step 1
[GPU 0] [02:08:23] [INFO] New best validation loss: 1.6968 @ step 2
[GPU 0] [02:08:24] [INFO] New best validation loss: 1.6959 @ step 3
[GPU 0] [02:08:34] [INFO] Stop FT @ 15: no val improvement for 10 steps
[GPU 0] [02:08:34] [INFO] Wrote stats.jsonl entries at FT step 3 
[GPU 0] [02:08:34] [INFO] ---- Begin FT | Experts: ['core'] | Data: ['bygone-eras'] ----
[GPU 0] [02:08:34] [DEBUG] num_seq: 512, num_rounds: 200, patience: 10
[GPU 0] [02:08:34] [DEBUG] local_x: torch.Size([512, 256]), local_y: torch.Size([512, 256]), num_steps: 4, per_gpu: 512, mbs_size: 128
[GPU 0] [02:08:35] [INFO] New best validation loss: 1.7183 @ step 0
[GPU 0] [02:08:45] [INFO] Stop FT @ 12: no val improvement for 10 steps
[GPU 0] [02:08:45] [INFO] Wrote stats.jsonl entries at FT step 0 
[GPU 0] [02:08:45] [INFO] ---- Begin FT | Experts: ['core'] | Data: ['cultural-traditions'] ----
[GPU 0] [02:08:45] [DEBUG] num_seq: 512, num_rounds: 200, patience: 10
[GPU 0] [02:08:45] [DEBUG] local_x: torch.Size([512, 256]), local_y: torch.Size([512, 256]), num_steps: 4, per_gpu: 512, mbs_size: 128
[GPU 0] [02:08:46] [INFO] New best validation loss: 1.7654 @ step 0
[GPU 0] [02:08:46] [INFO] New best validation loss: 1.7632 @ step 1
[GPU 0] [02:08:56] [INFO] Stop FT @ 13: no val improvement for 10 steps
[GPU 0] [02:08:56] [INFO] Wrote stats.jsonl entries at FT step 1 
[GPU 0] [02:08:56] [INFO] ROUTED - ADVERSARIAL FT START
[GPU 0] [02:08:56] [INFO] ---- Begin FT | Experts: ['a-deadline-or-time-limit', 'core'] | Data: ['alien-encounters'] ----
[GPU 0] [02:08:56] [DEBUG] num_seq: 512, num_rounds: 200, patience: 10
[GPU 0] [02:08:56] [DEBUG] local_x: torch.Size([512, 256]), local_y: torch.Size([512, 256]), num_steps: 4, per_gpu: 512, mbs_size: 128
[GPU 0] [02:08:57] [INFO] New best validation loss: 1.7175 @ step 0
[GPU 0] [02:08:58] [INFO] New best validation loss: 1.7033 @ step 1
[GPU 0] [02:08:59] [INFO] New best validation loss: 1.6972 @ step 2
[GPU 0] [02:09:00] [INFO] New best validation loss: 1.6959 @ step 3
[GPU 0] [02:09:12] [INFO] Stop FT @ 15: no val improvement for 10 steps
[GPU 0] [02:09:12] [INFO] Wrote stats.jsonl entries at FT step 3 
[GPU 0] [02:09:13] [INFO] ---- Begin FT | Experts: ['a-deadline-or-time-limit', 'core'] | Data: ['bygone-eras'] ----
[GPU 0] [02:09:13] [DEBUG] num_seq: 512, num_rounds: 200, patience: 10
[GPU 0] [02:09:13] [DEBUG] local_x: torch.Size([512, 256]), local_y: torch.Size([512, 256]), num_steps: 4, per_gpu: 512, mbs_size: 128
[GPU 0] [02:09:14] [INFO] New best validation loss: 1.7194 @ step 0
[GPU 0] [02:09:25] [INFO] Stop FT @ 12: no val improvement for 10 steps
[GPU 0] [02:09:25] [INFO] Wrote stats.jsonl entries at FT step 0 
[GPU 0] [02:09:26] [INFO] ---- Begin FT | Experts: ['a-deadline-or-time-limit', 'core'] | Data: ['cultural-traditions'] ----
[GPU 0] [02:09:26] [DEBUG] num_seq: 512, num_rounds: 200, patience: 10
[GPU 0] [02:09:26] [DEBUG] local_x: torch.Size([512, 256]), local_y: torch.Size([512, 256]), num_steps: 4, per_gpu: 512, mbs_size: 128
[GPU 0] [02:09:27] [INFO] New best validation loss: 1.7652 @ step 0
[GPU 0] [02:09:28] [INFO] New best validation loss: 1.7625 @ step 1
[GPU 0] [02:09:38] [INFO] Stop FT @ 13: no val improvement for 10 steps
[GPU 0] [02:09:38] [INFO] Wrote stats.jsonl entries at FT step 1 
[GPU 0] [02:09:38] [INFO] ROUTED - ADVERSARIAL FT START
[GPU 0] [02:09:39] [INFO] ---- Begin FT | Experts: ['alien-encounters', 'core'] | Data: ['a-deadline-or-time-limit'] ----
[GPU 0] [02:09:39] [DEBUG] num_seq: 512, num_rounds: 200, patience: 10
[GPU 0] [02:09:39] [DEBUG] local_x: torch.Size([512, 256]), local_y: torch.Size([512, 256]), num_steps: 4, per_gpu: 512, mbs_size: 128
[GPU 0] [02:09:40] [INFO] New best validation loss: 1.8506 @ step 0
[GPU 0] [02:09:41] [INFO] New best validation loss: 1.8355 @ step 1
[GPU 0] [02:09:42] [INFO] New best validation loss: 1.8277 @ step 2
[GPU 0] [02:09:43] [INFO] New best validation loss: 1.8262 @ step 3
[GPU 0] [02:09:54] [INFO] Stop FT @ 15: no val improvement for 10 steps
[GPU 0] [02:09:54] [INFO] Wrote stats.jsonl entries at FT step 3 
[GPU 0] [02:09:55] [INFO] ---- Begin FT | Experts: ['alien-encounters', 'core'] | Data: ['bygone-eras'] ----
[GPU 0] [02:09:55] [DEBUG] num_seq: 512, num_rounds: 200, patience: 10
[GPU 0] [02:09:55] [DEBUG] local_x: torch.Size([512, 256]), local_y: torch.Size([512, 256]), num_steps: 4, per_gpu: 512, mbs_size: 128
[GPU 0] [02:09:56] [INFO] New best validation loss: 1.7192 @ step 0
[GPU 0] [02:10:07] [INFO] Stop FT @ 12: no val improvement for 10 steps
[GPU 0] [02:10:07] [INFO] Wrote stats.jsonl entries at FT step 0 
[GPU 0] [02:10:07] [INFO] ---- Begin FT | Experts: ['alien-encounters', 'core'] | Data: ['cultural-traditions'] ----
[GPU 0] [02:10:07] [DEBUG] num_seq: 512, num_rounds: 200, patience: 10
[GPU 0] [02:10:07] [DEBUG] local_x: torch.Size([512, 256]), local_y: torch.Size([512, 256]), num_steps: 4, per_gpu: 512, mbs_size: 128
[GPU 0] [02:10:08] [INFO] New best validation loss: 1.7656 @ step 0
[GPU 0] [02:10:09] [INFO] New best validation loss: 1.7634 @ step 1
[GPU 0] [02:10:19] [INFO] Stop FT @ 13: no val improvement for 10 steps
[GPU 0] [02:10:19] [INFO] Wrote stats.jsonl entries at FT step 1 
[GPU 0] [02:10:19] [INFO] ROUTED - ADVERSARIAL FT START
[GPU 0] [02:10:20] [INFO] ---- Begin FT | Experts: ['bygone-eras', 'core'] | Data: ['a-deadline-or-time-limit'] ----
[GPU 0] [02:10:20] [DEBUG] num_seq: 512, num_rounds: 200, patience: 10
[GPU 0] [02:10:20] [DEBUG] local_x: torch.Size([512, 256]), local_y: torch.Size([512, 256]), num_steps: 4, per_gpu: 512, mbs_size: 128
[GPU 0] [02:10:21] [INFO] New best validation loss: 1.8492 @ step 0
[GPU 0] [02:10:22] [INFO] New best validation loss: 1.8348 @ step 1
[GPU 0] [02:10:23] [INFO] New best validation loss: 1.8275 @ step 2
[GPU 0] [02:10:24] [INFO] New best validation loss: 1.8254 @ step 3
[GPU 0] [02:10:34] [INFO] Stop FT @ 15: no val improvement for 10 steps
[GPU 0] [02:10:34] [INFO] Wrote stats.jsonl entries at FT step 3 
[GPU 0] [02:10:34] [INFO] ---- Begin FT | Experts: ['bygone-eras', 'core'] | Data: ['alien-encounters'] ----
[GPU 0] [02:10:34] [DEBUG] num_seq: 512, num_rounds: 200, patience: 10
[GPU 0] [02:10:35] [DEBUG] local_x: torch.Size([512, 256]), local_y: torch.Size([512, 256]), num_steps: 4, per_gpu: 512, mbs_size: 128
[GPU 0] [02:10:35] [INFO] New best validation loss: 1.7175 @ step 0
[GPU 0] [02:10:36] [INFO] New best validation loss: 1.7029 @ step 1
[GPU 0] [02:10:37] [INFO] New best validation loss: 1.6965 @ step 2
[GPU 0] [02:10:38] [INFO] New best validation loss: 1.6959 @ step 3
[GPU 0] [02:10:49] [INFO] Stop FT @ 15: no val improvement for 10 steps
[GPU 0] [02:10:49] [INFO] Wrote stats.jsonl entries at FT step 3 
[GPU 0] [02:10:49] [INFO] ---- Begin FT | Experts: ['bygone-eras', 'core'] | Data: ['cultural-traditions'] ----
[GPU 0] [02:10:49] [DEBUG] num_seq: 512, num_rounds: 200, patience: 10
[GPU 0] [02:10:49] [DEBUG] local_x: torch.Size([512, 256]), local_y: torch.Size([512, 256]), num_steps: 4, per_gpu: 512, mbs_size: 128
[GPU 0] [02:10:50] [INFO] New best validation loss: 1.7627 @ step 0
[GPU 0] [02:10:51] [INFO] New best validation loss: 1.7617 @ step 1
[GPU 0] [02:11:01] [INFO] Stop FT @ 13: no val improvement for 10 steps
[GPU 0] [02:11:01] [INFO] Wrote stats.jsonl entries at FT step 1 
[GPU 0] [02:11:01] [INFO] ROUTED - ADVERSARIAL FT START
[GPU 0] [02:11:01] [INFO] ---- Begin FT | Experts: ['core', 'cultural-traditions'] | Data: ['a-deadline-or-time-limit'] ----
[GPU 0] [02:11:01] [DEBUG] num_seq: 512, num_rounds: 200, patience: 10
[GPU 0] [02:11:01] [DEBUG] local_x: torch.Size([512, 256]), local_y: torch.Size([512, 256]), num_steps: 4, per_gpu: 512, mbs_size: 128
[GPU 0] [02:11:02] [INFO] New best validation loss: 1.8484 @ step 0
[GPU 0] [02:11:03] [INFO] New best validation loss: 1.8330 @ step 1
[GPU 0] [02:11:04] [INFO] New best validation loss: 1.8264 @ step 2
[GPU 0] [02:11:05] [INFO] New best validation loss: 1.8244 @ step 3
[GPU 0] [02:11:15] [INFO] Stop FT @ 15: no val improvement for 10 steps
[GPU 0] [02:11:15] [INFO] Wrote stats.jsonl entries at FT step 3 
[GPU 0] [02:11:15] [INFO] ---- Begin FT | Experts: ['core', 'cultural-traditions'] | Data: ['alien-encounters'] ----
[GPU 0] [02:11:15] [DEBUG] num_seq: 512, num_rounds: 200, patience: 10
[GPU 0] [02:11:15] [DEBUG] local_x: torch.Size([512, 256]), local_y: torch.Size([512, 256]), num_steps: 4, per_gpu: 512, mbs_size: 128
[GPU 0] [02:11:16] [INFO] New best validation loss: 1.7179 @ step 0
[GPU 0] [02:11:17] [INFO] New best validation loss: 1.7033 @ step 1
[GPU 0] [02:11:17] [INFO] New best validation loss: 1.6970 @ step 2
[GPU 0] [02:11:18] [INFO] New best validation loss: 1.6959 @ step 3
[GPU 0] [02:11:27] [INFO] Stop FT @ 15: no val improvement for 10 steps
[GPU 0] [02:11:27] [INFO] Wrote stats.jsonl entries at FT step 3 
[GPU 0] [02:11:27] [INFO] ---- Begin FT | Experts: ['core', 'cultural-traditions'] | Data: ['bygone-eras'] ----
[GPU 0] [02:11:27] [DEBUG] num_seq: 512, num_rounds: 200, patience: 10
[GPU 0] [02:11:27] [DEBUG] local_x: torch.Size([512, 256]), local_y: torch.Size([512, 256]), num_steps: 4, per_gpu: 512, mbs_size: 128
[GPU 0] [02:11:28] [INFO] New best validation loss: 1.7163 @ step 0
[GPU 0] [02:11:37] [INFO] Stop FT @ 12: no val improvement for 10 steps
[GPU 0] [02:11:37] [INFO] Wrote stats.jsonl entries at FT step 0 
[GPU 0] [02:11:38] [INFO] ----------------------------------------
[GPU 0] [02:11:38] [INFO] Finished. See /workspace-vast/ethanr/gradient-routing/experiments/arXiv-Codebase/results/auxnum/alt/num_aux_4/seed_2/20260630013317682992
