[GPU 0] [07:35:01] [INFO] Number of GPUs: 8
[GPU 0] [07:35:02] [INFO] Tokenizer vocabulary: 50257
[GPU 0] [07:35:02] [INFO] Set model vocab size to nearest multiple of 64 of tokenizer size: 50304
[GPU 0] [07:35:02] [INFO] target effective batch size: 32, actual effective batch size: 32, micro batch size: 4, accumulation steps: 1, num gpus: 8
[GPU 0] [07:35:02] [INFO] core total number of tokens: 124693822984
[GPU 0] [07:35:02] [INFO] Baseline model has 47,995,776 parameters
[GPU 0] [07:35:02] [INFO] core: chinchilla optimal tokens: 959,915,520, requested proportion: 1.0000, requested number of tokens: 959,915,520.0, 
[GPU 0] [07:35:02] [INFO] aux total number of tokens: 4835776549
[GPU 0] [07:35:02] [INFO] Baseline model has 47,995,776 parameters
[GPU 0] [07:35:02] [INFO] aux: chinchilla optimal tokens: 959,915,520, requested proportion: 0.0100, requested number of tokens: 9,599,155.200000001, 
[GPU 0] [07:35:02] [DEBUG] Saved config to /workspace/gradient-routing/experiments/AGI-1699-New-Dataset-Runs/results/optimize/base/realistic/50M/seed_3/20260421073453986079/config.json
[GPU 0] [07:35:02] [DEBUG] {
    "stages": [
        {
            "name": "baseline",
            "num_checkpoints": -1,
            "lr": 0.0016,
            "res_dir": "/workspace/gradient-routing/experiments/AGI-1699-New-Dataset-Runs/results/optimize/base/realistic/50M/seed_3/20260421073453986079/baseline",
            "do_eval": true,
            "do_sample": false,
            "num_train_evals": 0,
            "do_elicit": false,
            "elicit_eval_prc": 0.5,
            "elicit_num_evals": 100
        }
    ],
    "model": {
        "arch": "base",
        "tokenizer": "GPT2Tokenizer(name_or_path='EleutherAI/gpt-neo-125M', vocab_size=50257, model_max_length=2048, padding_side='right', truncation_side='right', special_tokens={'bos_token': '<|endoftext|>', 'eos_token': '<|endoftext|>', 'unk_token': '<|endoftext|>'}, added_tokens_decoder={\n\t50256: AddedToken(\"<|endoftext|>\", rstrip=False, lstrip=False, single_word=False, normalized=True, special=True),\n}\n)",
        "ctx_len": 1024,
        "vocab_size": 50304,
        "num_layers": 6,
        "num_heads": 8,
        "num_key_value": 2,
        "attn_bias": true,
        "eos_token_id": 50256,
        "embed_dim": 384,
        "mlp_dim": 1536
    },
    "data": {
        "dirs": [
            "/workspace/gradient-routing/experiments/AGI-1699-New-Dataset-Runs/src/data/fineweb",
            "/workspace/gradient-routing/experiments/AGI-1699-New-Dataset-Runs/src/data/code",
            "/workspace/gradient-routing/experiments/AGI-1699-New-Dataset-Runs/src/data/papers"
        ],
        "core": {
            "labels": [
                "fineweb",
                "code-other",
                "papers-other"
            ],
            "method": "optimal",
            "limit": 1.0,
            "dist": {
                "fineweb": 0.84,
                "code-other": 0.15,
                "papers-other": 0.01
            },
            "num_tok": 959915520.0
        },
        "aux": {
            "labels": [
                "code-lisp",
                "papers-biology",
                "papers-nuclear",
                "papers-cyber"
            ],
            "method": "optimal",
            "limit": 0.01,
            "dist": {
                "code-lisp": 0.25,
                "papers-biology": 0.25,
                "papers-nuclear": 0.25,
                "papers-cyber": 0.25
            },
            "num_tok": 9599155.200000001
        }
    },
    "run": {
        "target_effective_batch_size": 32,
        "effective_batch_size": 32,
        "micro_batch_size": 4,
        "accumulation_steps": 1,
        "max_num_test_sequences": 10000,
        "eval_all_labels": false,
        "micro_batch_anchors": [
            [
                400000000.0,
                23
            ],
            [
                5000000000.0,
                2
            ]
        ],
        "epochs": 1,
        "adam_betas": [
            0.9,
            0.95
        ],
        "warmup_prc": 0.02,
        "decay_prc": 0.1,
        "seed": 3,
        "compile": true,
        "is_ddp": true,
        "optimize_routed": true,
        "cleanup_distributed": false,
        "log_level": "DEBUG",
        "num_gpus": 8,
        "process_id": 0,
        "num_base_params": 47995776,
        "device": "cuda",
        "logger": "<Logger training_20260421073453986079 (DEBUG)>",
        "labels": [
            "core",
            "code-lisp",
            "papers-biology",
            "papers-cyber",
            "papers-nuclear"
        ],
        "loaders": {
            "code-lisp": {
                "train": "SingleDataLoader(code-lisp_train_001.bin, len=73)",
                "test": "SingleDataLoader(code-lisp_test_001.bin, len=73)"
            },
            "code-other": {
                "train": "SingleDataLoader(code-other_train_006.bin, len=4394)",
                "test": "InterleavedDataLoader(len=313)"
            },
            "fineweb": {
                "train": "InterleavedDataLoader(len=24607)",
                "test": "InterleavedDataLoader(len=313)"
            },
            "papers-biology": {
                "train": "SingleDataLoader(papers-biology_train.bin, len=73)",
                "test": "SingleDataLoader(papers-biology_test.bin, len=73)"
            },
            "papers-cyber": {
                "train": "SingleDataLoader(papers-cyber_train.bin, len=73)",
                "test": "SingleDataLoader(papers-cyber_test.bin, len=73)"
            },
            "papers-nuclear": {
                "train": "SingleDataLoader(papers-nuclear_train.bin, len=73)",
                "test": "SingleDataLoader(papers-nuclear_test.bin, len=73)"
            },
            "papers-other": {
                "train": "SingleDataLoader(papers-other_train.bin, len=292)",
                "test": "SingleDataLoader(papers-other_test.bin, len=292)"
            },
            "core": {
                "train": "InterleavedDataLoader(len=29293)",
                "test": "InterleavedDataLoader(len=918)"
            },
            "aux": {
                "train": "InterleavedDataLoader(len=292)",
                "test": "InterleavedDataLoader(len=292)"
            },
            "all": {
                "train": "InterleavedDataLoader(len=29585)",
                "test": "InterleavedDataLoader(len=1210)"
            }
        },
        "res_root": "/workspace/gradient-routing/experiments/AGI-1699-New-Dataset-Runs/results/optimize/base/realistic/50M/seed_3",
        "experiment_id": "20260421073453986079",
        "s3_bucket": "ae-gradient-routing-results",
        "s3_prefix": "optimize/base/realistic/50M/seed_3"
    }
}
[GPU 0] [07:35:02] [INFO] Loader code-lisp train: 73, test: 73
[GPU 0] [07:35:02] [INFO] Loader code-other train: 4394, test: 313
[GPU 0] [07:35:02] [INFO] Loader fineweb train: 24607, test: 313
[GPU 0] [07:35:02] [INFO] Loader papers-biology train: 73, test: 73
[GPU 0] [07:35:02] [INFO] Loader papers-cyber train: 73, test: 73
[GPU 0] [07:35:02] [INFO] Loader papers-nuclear train: 73, test: 73
[GPU 0] [07:35:02] [INFO] Loader papers-other train: 292, test: 292
[GPU 0] [07:35:02] [INFO] Loader core train: 29293, test: 918
[GPU 0] [07:35:02] [INFO] Loader aux train: 292, test: 292
[GPU 0] [07:35:02] [INFO] Loader all train: 29585, test: 1210
[GPU 0] [07:35:02] [INFO] Stage [baseline] start: {"name": "baseline", "num_checkpoints": -1, "lr": 0.0016, "res_dir": "/workspace/gradient-routing/experiments/AGI-1699-New-Dataset-Runs/results/optimize/base/realistic/50M/seed_3/20260421073453986079/baseline", "do_eval": true, "do_sample": false, "num_train_evals": 0, "do_elicit": false, "elicit_eval_prc": 0.5, "elicit_num_evals": 100}
[GPU 0] [07:35:02] [INFO] BASELINE START
[GPU 0] [07:35:03] [INFO] Initialized BaseTransformer with 47,995,776 total parameters
[GPU 0] [07:35:03] [INFO] Compiling BaseTransformer with torch.compile...
[GPU 0] [07:35:03] [INFO] torch.compile done
[GPU 0] [07:35:03] [WARNING] restore_partial_state: no checkpoint found at /workspace/gradient-routing/experiments/AGI-1699-New-Dataset-Runs/results/optimize/base/realistic/50M/seed_3/20260421073453986079/baseline
[GPU 0] [07:35:03] [INFO] ---- Begin Train | Data Labels: ['all'] ----
[GPU 0] [07:35:03] [INFO] warmup_steps: 592
[GPU 0] [07:35:03] [INFO] constant_steps: 26035
[GPU 0] [07:35:03] [INFO] decay_steps: 2958
[GPU 0] [07:35:03] [INFO] LR Scheduler: Warmup Start
[GPU 0] [07:35:20] [INFO] Step: 1, LR: 2.71e-06
[GPU 0] [07:35:20] [INFO] Train Loss: CORE: 10.94 CODE-LISP: nan PAPERS-BIOLOGY: nan PAPERS-CYBER: nan PAPERS-NUCLEAR: nan 
[GPU 0] [07:35:27] [INFO] LR Scheduler: Constant Start
[GPU 0] [07:35:31] [INFO] Step: 1000, LR: 1.60e-03
[GPU 0] [07:35:31] [INFO] Train Loss: CORE: 4.72 CODE-LISP: 5.44 PAPERS-BIOLOGY: nan PAPERS-CYBER: 5.31 PAPERS-NUCLEAR: 7.09 
[GPU 0] [07:35:42] [INFO] Step: 2000, LR: 1.60e-03
[GPU 0] [07:35:42] [INFO] Train Loss: CORE: 4.14 CODE-LISP: 4.27 PAPERS-BIOLOGY: 4.85 PAPERS-CYBER: 4.95 PAPERS-NUCLEAR: 5.89 
[GPU 0] [07:35:53] [INFO] Step: 3000, LR: 1.60e-03
[GPU 0] [07:35:53] [INFO] Train Loss: CORE: 4.45 CODE-LISP: 4.27 PAPERS-BIOLOGY: 4.69 PAPERS-CYBER: 4.86 PAPERS-NUCLEAR: 4.94 
[GPU 0] [07:36:04] [INFO] Step: 4000, LR: 1.60e-03
[GPU 0] [07:36:04] [INFO] Train Loss: CORE: 4.25 CODE-LISP: 3.94 PAPERS-BIOLOGY: 4.48 PAPERS-CYBER: 4.82 PAPERS-NUCLEAR: 4.94 
[GPU 0] [07:36:15] [INFO] Step: 5000, LR: 1.60e-03
[GPU 0] [07:36:15] [INFO] Train Loss: CORE: 3.84 CODE-LISP: 3.34 PAPERS-BIOLOGY: 4.38 PAPERS-CYBER: 4.78 PAPERS-NUCLEAR: 4.55 
[GPU 0] [07:36:26] [INFO] Step: 6000, LR: 1.60e-03
[GPU 0] [07:36:26] [INFO] Train Loss: CORE: 3.95 CODE-LISP: 2.38 PAPERS-BIOLOGY: 4.25 PAPERS-CYBER: 4.52 PAPERS-NUCLEAR: 4.55 
[GPU 0] [07:36:36] [INFO] Step: 7000, LR: 1.60e-03
[GPU 0] [07:36:36] [INFO] Train Loss: CORE: 4.02 CODE-LISP: 1.81 PAPERS-BIOLOGY: 3.95 PAPERS-CYBER: 4.24 PAPERS-NUCLEAR: 4.31 
[GPU 0] [07:36:47] [INFO] Step: 8000, LR: 1.60e-03
[GPU 0] [07:36:47] [INFO] Train Loss: CORE: 3.41 CODE-LISP: 1.76 PAPERS-BIOLOGY: 3.85 PAPERS-CYBER: 4.18 PAPERS-NUCLEAR: 4.33 
[GPU 0] [07:36:58] [INFO] Step: 9000, LR: 1.60e-03
[GPU 0] [07:36:58] [INFO] Train Loss: CORE: 3.53 CODE-LISP: 1.86 PAPERS-BIOLOGY: 3.80 PAPERS-CYBER: 4.18 PAPERS-NUCLEAR: 4.28 
[GPU 0] [07:37:09] [INFO] Step: 10000, LR: 1.60e-03
[GPU 0] [07:37:09] [INFO] Train Loss: CORE: 3.86 CODE-LISP: 1.91 PAPERS-BIOLOGY: 3.79 PAPERS-CYBER: 4.11 PAPERS-NUCLEAR: 4.28 
[GPU 0] [07:37:20] [INFO] Step: 11000, LR: 1.60e-03
[GPU 0] [07:37:20] [INFO] Train Loss: CORE: 3.46 CODE-LISP: 1.95 PAPERS-BIOLOGY: 3.75 PAPERS-CYBER: 4.09 PAPERS-NUCLEAR: 4.19 
[GPU 0] [07:37:31] [INFO] Step: 12000, LR: 1.60e-03
[GPU 0] [07:37:31] [INFO] Train Loss: CORE: 3.97 CODE-LISP: 2.00 PAPERS-BIOLOGY: 3.79 PAPERS-CYBER: 4.05 PAPERS-NUCLEAR: 4.06 
[GPU 0] [07:37:42] [INFO] Step: 13000, LR: 1.60e-03
[GPU 0] [07:37:42] [INFO] Train Loss: CORE: 3.47 CODE-LISP: 2.06 PAPERS-BIOLOGY: 3.69 PAPERS-CYBER: 4.07 PAPERS-NUCLEAR: 4.03 
[GPU 0] [07:37:53] [INFO] Step: 14000, LR: 1.60e-03
[GPU 0] [07:37:53] [INFO] Train Loss: CORE: 2.87 CODE-LISP: 2.03 PAPERS-BIOLOGY: 3.77 PAPERS-CYBER: 4.04 PAPERS-NUCLEAR: 4.01 
[GPU 0] [07:38:03] [INFO] Step: 15000, LR: 1.60e-03
[GPU 0] [07:38:03] [INFO] Train Loss: CORE: 3.97 CODE-LISP: 2.02 PAPERS-BIOLOGY: 3.73 PAPERS-CYBER: 4.03 PAPERS-NUCLEAR: 4.01 
[GPU 0] [07:38:14] [INFO] Step: 16000, LR: 1.60e-03
[GPU 0] [07:38:14] [INFO] Train Loss: CORE: 3.20 CODE-LISP: 1.90 PAPERS-BIOLOGY: 3.80 PAPERS-CYBER: 3.94 PAPERS-NUCLEAR: 4.03 
[GPU 0] [07:38:25] [INFO] Step: 17000, LR: 1.60e-03
[GPU 0] [07:38:25] [INFO] Train Loss: CORE: 3.79 CODE-LISP: 1.81 PAPERS-BIOLOGY: 3.82 PAPERS-CYBER: 3.99 PAPERS-NUCLEAR: 3.96 
[GPU 0] [07:38:36] [INFO] Step: 18000, LR: 1.60e-03
[GPU 0] [07:38:36] [INFO] Train Loss: CORE: 3.39 CODE-LISP: 1.81 PAPERS-BIOLOGY: 3.77 PAPERS-CYBER: 4.05 PAPERS-NUCLEAR: 4.03 
[GPU 0] [07:38:47] [INFO] Step: 19000, LR: 1.60e-03
[GPU 0] [07:38:47] [INFO] Train Loss: CORE: 3.94 CODE-LISP: 1.88 PAPERS-BIOLOGY: 3.63 PAPERS-CYBER: 4.09 PAPERS-NUCLEAR: 3.97 
[GPU 0] [07:38:58] [INFO] Step: 20000, LR: 1.60e-03
[GPU 0] [07:38:58] [INFO] Train Loss: CORE: 3.95 CODE-LISP: 1.90 PAPERS-BIOLOGY: 3.68 PAPERS-CYBER: 4.12 PAPERS-NUCLEAR: 3.89 
[GPU 0] [07:39:09] [INFO] Step: 21000, LR: 1.60e-03
[GPU 0] [07:39:09] [INFO] Train Loss: CORE: 3.92 CODE-LISP: 1.83 PAPERS-BIOLOGY: 3.70 PAPERS-CYBER: 4.03 PAPERS-NUCLEAR: 3.85 
[GPU 0] [07:39:20] [INFO] Step: 22000, LR: 1.60e-03
[GPU 0] [07:39:20] [INFO] Train Loss: CORE: 3.94 CODE-LISP: 1.83 PAPERS-BIOLOGY: 3.70 PAPERS-CYBER: 3.94 PAPERS-NUCLEAR: 3.85 
[GPU 0] [07:39:30] [INFO] Step: 23000, LR: 1.60e-03
[GPU 0] [07:39:30] [INFO] Train Loss: CORE: 3.65 CODE-LISP: 1.84 PAPERS-BIOLOGY: 3.65 PAPERS-CYBER: 3.90 PAPERS-NUCLEAR: 3.92 
[GPU 0] [07:39:41] [INFO] Step: 24000, LR: 1.60e-03
[GPU 0] [07:39:41] [INFO] Train Loss: CORE: 3.89 CODE-LISP: 1.83 PAPERS-BIOLOGY: 3.63 PAPERS-CYBER: 3.87 PAPERS-NUCLEAR: 3.98 
[GPU 0] [07:39:52] [INFO] Step: 25000, LR: 1.60e-03
[GPU 0] [07:39:52] [INFO] Train Loss: CORE: 3.91 CODE-LISP: 1.70 PAPERS-BIOLOGY: 3.63 PAPERS-CYBER: 4.04 PAPERS-NUCLEAR: 3.89 
[GPU 0] [07:40:03] [INFO] Step: 26000, LR: 1.60e-03
[GPU 0] [07:40:03] [INFO] Train Loss: CORE: 3.68 CODE-LISP: 1.67 PAPERS-BIOLOGY: 3.70 PAPERS-CYBER: 4.05 PAPERS-NUCLEAR: 3.89 
[GPU 0] [07:40:10] [INFO] LR Scheduler: Decay Start
[GPU 0] [07:40:14] [INFO] Step: 27000, LR: 1.40e-03
[GPU 0] [07:40:14] [INFO] Train Loss: CORE: 3.33 CODE-LISP: 1.56 PAPERS-BIOLOGY: 3.61 PAPERS-CYBER: 4.05 PAPERS-NUCLEAR: 3.94 
[GPU 0] [07:40:25] [INFO] Step: 28000, LR: 8.57e-04
[GPU 0] [07:40:25] [INFO] Train Loss: CORE: 3.33 CODE-LISP: 1.49 PAPERS-BIOLOGY: 3.58 PAPERS-CYBER: 3.93 PAPERS-NUCLEAR: 3.88 
[GPU 0] [07:40:36] [INFO] Step: 29000, LR: 3.16e-04
[GPU 0] [07:40:36] [INFO] Train Loss: CORE: 3.61 CODE-LISP: 1.42 PAPERS-BIOLOGY: 3.59 PAPERS-CYBER: 3.89 PAPERS-NUCLEAR: 3.83 
[GPU 0] [07:40:42] [INFO] Step: 29585, LR: 1.00e-08
[GPU 0] [07:40:42] [INFO] Train Loss: CORE: 3.31 CODE-LISP: 1.27 PAPERS-BIOLOGY: 3.61 PAPERS-CYBER: 3.85 PAPERS-NUCLEAR: 3.81 
[GPU 0] [07:40:42] [INFO] ---- Begin Eval ----
[GPU 0] [07:40:42] [INFO] Data: core | Experts: None
[GPU 0] [07:40:51] [INFO] loss: 2.72589087
[GPU 0] [07:40:51] [INFO] Data: code-lisp | Experts: None
[GPU 0] [07:40:51] [INFO] loss: 1.62080622
[GPU 0] [07:40:51] [INFO] Data: papers-biology | Experts: None
[GPU 0] [07:40:51] [INFO] loss: 3.52044106
[GPU 0] [07:40:51] [INFO] Data: papers-nuclear | Experts: None
[GPU 0] [07:40:52] [INFO] loss: 3.67393517
[GPU 0] [07:40:52] [INFO] Data: papers-cyber | Experts: None
[GPU 0] [07:40:52] [INFO] loss: 3.76131749
[GPU 0] [07:40:57] [INFO] ----------------------------------------
[GPU 0] [07:40:57] [INFO] Finished. See /workspace/gradient-routing/experiments/AGI-1699-New-Dataset-Runs/results/optimize/base/realistic/50M/seed_3/20260421073453986079
