[GPU 0] [23:40:36] [INFO] Git branch: AGI-1696-New-Dataset-Runs_ethan, commit: 3d93c19804af5b8dd754577588f841efef81f670
[GPU 0] [23:40:36] [INFO] Number of GPUs: 8
[GPU 0] [23:40:37] [INFO] Tokenizer vocabulary: 50257
[GPU 0] [23:40:37] [INFO] Set model vocab size to nearest multiple of 64 of tokenizer size: 50304
[GPU 0] [23:40:41] [INFO] target effective batch size: 368, actual effective batch size: 368, micro batch size: 23, accumulation steps: 2, num gpus: 8
[GPU 0] [23:40:41] [INFO] core total number of tokens: 66749057569
[GPU 0] [23:40:41] [INFO] Baseline model has 402,064,768 parameters
[GPU 0] [23:40:41] [INFO] core: chinchilla optimal tokens: 8,041,295,360, requested proportion: 1.0000, requested number of tokens: 8,041,295,360.0, 
[GPU 0] [23:40:41] [INFO] aux total number of tokens: 4835776549
[GPU 0] [23:40:41] [INFO] Baseline model has 402,064,768 parameters
[GPU 0] [23:40:41] [INFO] aux: chinchilla optimal tokens: 8,041,295,360, requested proportion: 0.0100, requested number of tokens: 80,412,953.60000001, 
[GPU 0] [23:40:41] [DEBUG] Saved config to /workspace/gradient-routing/experiments/AGI-1699-New-Dataset-Runs/results/partial/400M/seed_1/20260521234027049555/config.json
[GPU 0] [23:40:41] [DEBUG] {
    "stages": [
        {
            "name": "filtering",
            "num_checkpoints": -1,
            "lr": 0.0007010274465180751,
            "res_dir": "/workspace/gradient-routing/experiments/AGI-1699-New-Dataset-Runs/results/partial/400M/seed_1/20260521234027049555/filtering",
            "acc_mode": "heterogeneous",
            "do_eval": true,
            "do_sample": false,
            "num_train_evals": 0,
            "do_elicit": true,
            "elicit_eval_prc": 0.5,
            "elicit_num_evals": 100,
            "retain_targets": [
                [
                    "core"
                ]
            ],
            "label_prc": 1.0
        },
        {
            "name": "routed",
            "num_checkpoints": -1,
            "lr": 0.0007010274465180751,
            "res_dir": "/workspace/gradient-routing/experiments/AGI-1699-New-Dataset-Runs/results/partial/400M/seed_1/20260521234027049555/routed",
            "acc_mode": "heterogeneous",
            "do_eval": true,
            "do_sample": false,
            "num_train_evals": 0,
            "do_elicit": true,
            "elicit_eval_prc": 0.5,
            "elicit_num_evals": 100,
            "retain_targets": null,
            "model": {
                "arch": "moe",
                "tokenizer": "GPT2Tokenizer(name_or_path='EleutherAI/gpt-neo-125M', vocab_size=50257, model_max_length=2048, padding_side='right', truncation_side='right', special_tokens={'bos_token': '<|endoftext|>', 'eos_token': '<|endoftext|>', 'unk_token': '<|endoftext|>'}, added_tokens_decoder={\n\t50256: AddedToken(\"<|endoftext|>\", rstrip=False, lstrip=False, single_word=False, normalized=True, special=True),\n}\n)",
                "ctx_len": 1024,
                "vocab_size": 50304,
                "num_layers": 18,
                "num_heads": 8,
                "num_key_value": 2,
                "attn_bias": true,
                "eos_token_id": 50256,
                "embed_dim": 1216,
                "mlp_dim": 4864,
                "core_param_prc": 0.95,
                "aux_param_prc": 0.0125
            },
            "eval_arbsub": true,
            "label_prc": 0.5,
            "aux_factor": {
                "code-lisp": 4.0,
                "papers-biology": 3.0,
                "papers-nuclear": 3.0,
                "papers-cyber": 3.0
            },
            "robust_prc": 0.2,
            "aux_route_prc": 0.0,
            "equal_compute": true
        }
    ],
    "model": {
        "arch": "base",
        "tokenizer": "GPT2Tokenizer(name_or_path='EleutherAI/gpt-neo-125M', vocab_size=50257, model_max_length=2048, padding_side='right', truncation_side='right', special_tokens={'bos_token': '<|endoftext|>', 'eos_token': '<|endoftext|>', 'unk_token': '<|endoftext|>'}, added_tokens_decoder={\n\t50256: AddedToken(\"<|endoftext|>\", rstrip=False, lstrip=False, single_word=False, normalized=True, special=True),\n}\n)",
        "ctx_len": 1024,
        "vocab_size": 50304,
        "num_layers": 18,
        "num_heads": 8,
        "num_key_value": 2,
        "attn_bias": true,
        "eos_token_id": 50256,
        "embed_dim": 1216,
        "mlp_dim": 4864
    },
    "data": {
        "dirs": [
            "/workspace/gradient-routing/experiments/AGI-1699-New-Dataset-Runs/src/data/fineweb",
            "/workspace/gradient-routing/experiments/AGI-1699-New-Dataset-Runs/src/data/code",
            "/workspace/gradient-routing/experiments/AGI-1699-New-Dataset-Runs/src/data/papers"
        ],
        "core": {
            "labels": [
                "fineweb",
                "code-other",
                "papers-other"
            ],
            "method": "optimal",
            "limit": 1.0,
            "dist": {
                "fineweb": 0.84,
                "code-other": 0.15,
                "papers-other": 0.01
            },
            "num_tok": 8041295360.0
        },
        "aux": {
            "labels": [
                "code-lisp",
                "papers-biology",
                "papers-nuclear",
                "papers-cyber"
            ],
            "method": "optimal",
            "limit": 0.01,
            "dist": {
                "code-lisp": 0.25,
                "papers-biology": 0.25,
                "papers-nuclear": 0.25,
                "papers-cyber": 0.25
            },
            "num_tok": 80412953.60000001
        }
    },
    "run": {
        "target_effective_batch_size": 368,
        "effective_batch_size": 368,
        "micro_batch_size": 23,
        "accumulation_steps": 2,
        "max_num_test_sequences": 10000,
        "eval_all_labels": false,
        "micro_batch_anchors": [
            [
                400000000.0,
                23
            ],
            [
                5000000000.0,
                2
            ]
        ],
        "epochs": 1,
        "adam_betas": [
            0.9,
            0.95
        ],
        "warmup_prc": 0.02,
        "decay_prc": 0.1,
        "seed": 1,
        "compile": true,
        "find_unused_parameters": true,
        "is_ddp": true,
        "cleanup_distributed": false,
        "log_level": "DEBUG",
        "num_gpus": 8,
        "process_id": 0,
        "num_base_params": 402064768,
        "device": "cuda",
        "logger": "<Logger training_20260521234027049555 (DEBUG)>",
        "labels": [
            "core",
            "code-lisp",
            "papers-biology",
            "papers-cyber",
            "papers-nuclear"
        ],
        "loaders": {
            "code-lisp": {
                "train": "SingleDataLoader(code-lisp_train_001.bin, len=106)",
                "test": "InterleavedDataLoader(len=56)"
            },
            "code-other": {
                "train": "InterleavedDataLoader(len=6401)",
                "test": "SingleDataLoader(code-other_test_010.bin, len=56)"
            },
            "fineweb": {
                "train": "InterleavedDataLoader(len=35849)",
                "test": "InterleavedDataLoader(len=56)"
            },
            "papers-biology": {
                "train": "SingleDataLoader(papers-biology_train.bin, len=106)",
                "test": "SingleDataLoader(papers-biology_test.bin, len=56)"
            },
            "papers-cyber": {
                "train": "SingleDataLoader(papers-cyber_train.bin, len=106)",
                "test": "SingleDataLoader(papers-cyber_test.bin, len=56)"
            },
            "papers-nuclear": {
                "train": "SingleDataLoader(papers-nuclear_train.bin, len=106)",
                "test": "SingleDataLoader(papers-nuclear_test.bin, len=56)"
            },
            "papers-other": {
                "train": "SingleDataLoader(papers-other_train.bin, len=426)",
                "test": "SingleDataLoader(papers-other_test.bin, len=56)"
            },
            "core": {
                "train": "InterleavedDataLoader(len=42676)",
                "test": "InterleavedDataLoader(len=168)"
            },
            "aux": {
                "train": "InterleavedDataLoader(len=424)",
                "test": "InterleavedDataLoader(len=224)"
            },
            "all": {
                "train": "InterleavedDataLoader(len=43100)",
                "test": "InterleavedDataLoader(len=392)"
            }
        },
        "res_root": "/workspace/gradient-routing/experiments/AGI-1699-New-Dataset-Runs/results/partial/400M/seed_1",
        "experiment_id": "20260521234027049555",
        "s3_bucket": "ae-gradient-routing-results",
        "s3_prefix": "partial/400M/seed_1"
    },
    "label_prc": 1.0
}
[GPU 0] [23:40:41] [INFO] Loader code-lisp train: 106, test: 56
[GPU 0] [23:40:41] [INFO] Loader code-other train: 6401, test: 56
[GPU 0] [23:40:41] [INFO] Loader fineweb train: 35849, test: 56
[GPU 0] [23:40:41] [INFO] Loader papers-biology train: 106, test: 56
[GPU 0] [23:40:41] [INFO] Loader papers-cyber train: 106, test: 56
[GPU 0] [23:40:41] [INFO] Loader papers-nuclear train: 106, test: 56
[GPU 0] [23:40:41] [INFO] Loader papers-other train: 426, test: 56
[GPU 0] [23:40:41] [INFO] Loader core train: 42676, test: 168
[GPU 0] [23:40:41] [INFO] Loader aux train: 424, test: 224
[GPU 0] [23:40:41] [INFO] Loader all train: 43100, test: 392
[GPU 0] [23:40:41] [INFO] Stage [filtering] start: {"name": "filtering", "num_checkpoints": -1, "lr": 0.0007010274465180751, "res_dir": "/workspace/gradient-routing/experiments/AGI-1699-New-Dataset-Runs/results/partial/400M/seed_1/20260521234027049555/filtering", "acc_mode": "heterogeneous", "do_eval": true, "do_sample": false, "num_train_evals": 0, "do_elicit": true, "elicit_eval_prc": 0.5, "elicit_num_evals": 100, "retain_targets": [["core"]], "label_prc": 1.0}
[GPU 0] [23:40:41] [INFO] FILTERING START
[GPU 0] [23:40:41] [INFO] Using stage-level retain_targets override (1 targets)
[GPU 0] [23:40:41] [INFO] Filtering: retaining ['core'], removing ['code-lisp', 'papers-biology', 'papers-cyber', 'papers-nuclear']
[GPU 0] [23:40:45] [INFO] Initialized BaseTransformer with 402,064,768 total parameters
[GPU 0] [23:40:45] [INFO] Compiling BaseTransformer with torch.compile...
[GPU 0] [23:40:45] [INFO] torch.compile done
[GPU 0] [23:40:46] [WARNING] restore_partial_state: no checkpoint found at /workspace/gradient-routing/experiments/AGI-1699-New-Dataset-Runs/results/partial/400M/seed_1/20260521234027049555/filtering/core
[GPU 0] [23:40:46] [INFO] ---- Begin Train | Train Labels: ['core'] ----
[GPU 0] [23:40:46] [DEBUG] acc_mode: heterogeneous, label_prc: 1.0
[GPU 0] [23:40:46] [INFO] Batch [core] count: 42676
[GPU 0] [23:40:46] [INFO] num_total_steps: 21338
[GPU 0] [23:40:46] [INFO] warmup_steps: 427
[GPU 0] [23:40:46] [INFO] constant_steps: 18777
[GPU 0] [23:40:46] [INFO] decay_steps: 2134
[GPU 0] [23:40:46] [INFO] LR Scheduler: Warmup Start
[GPU 0] [23:41:18] [INFO] Step: 1, LR: 1.65e-06
[GPU 0] [23:41:18] [INFO] Train Loss: CORE: 11.06 CODE-LISP: nan PAPERS-BIOLOGY: nan PAPERS-CYBER: nan PAPERS-NUCLEAR: nan 
[GPU 0] [23:45:32] [INFO] LR Scheduler: Constant Start
[GPU 0] [23:51:15] [INFO] Step: 1000, LR: 7.01e-04
[GPU 0] [23:51:15] [INFO] Train Loss: CORE: 3.47 CODE-LISP: nan PAPERS-BIOLOGY: nan PAPERS-CYBER: nan PAPERS-NUCLEAR: nan 
[GPU 0] [00:01:12] [INFO] Step: 2000, LR: 7.01e-04
[GPU 0] [00:01:12] [INFO] Train Loss: CORE: 3.22 CODE-LISP: nan PAPERS-BIOLOGY: nan PAPERS-CYBER: nan PAPERS-NUCLEAR: nan 
[GPU 0] [00:11:08] [INFO] Step: 3000, LR: 7.01e-04
[GPU 0] [00:11:08] [INFO] Train Loss: CORE: 3.34 CODE-LISP: nan PAPERS-BIOLOGY: nan PAPERS-CYBER: nan PAPERS-NUCLEAR: nan 
[GPU 0] [00:21:06] [INFO] Step: 4000, LR: 7.01e-04
[GPU 0] [00:21:06] [INFO] Train Loss: CORE: 3.05 CODE-LISP: nan PAPERS-BIOLOGY: nan PAPERS-CYBER: nan PAPERS-NUCLEAR: nan 
[GPU 0] [00:31:02] [INFO] Step: 5000, LR: 7.01e-04
[GPU 0] [00:31:02] [INFO] Train Loss: CORE: 2.46 CODE-LISP: nan PAPERS-BIOLOGY: nan PAPERS-CYBER: nan PAPERS-NUCLEAR: nan 
[GPU 0] [00:40:58] [INFO] Step: 6000, LR: 7.01e-04
[GPU 0] [00:40:58] [INFO] Train Loss: CORE: 2.92 CODE-LISP: nan PAPERS-BIOLOGY: nan PAPERS-CYBER: nan PAPERS-NUCLEAR: nan 
[GPU 0] [00:50:56] [INFO] Step: 7000, LR: 7.01e-04
[GPU 0] [00:50:56] [INFO] Train Loss: CORE: 3.07 CODE-LISP: nan PAPERS-BIOLOGY: nan PAPERS-CYBER: nan PAPERS-NUCLEAR: nan 
[GPU 0] [01:00:53] [INFO] Step: 8000, LR: 7.01e-04
[GPU 0] [01:00:53] [INFO] Train Loss: CORE: 2.63 CODE-LISP: nan PAPERS-BIOLOGY: nan PAPERS-CYBER: nan PAPERS-NUCLEAR: nan 
[GPU 0] [01:10:49] [INFO] Step: 9000, LR: 7.01e-04
[GPU 0] [01:10:49] [INFO] Train Loss: CORE: 2.81 CODE-LISP: nan PAPERS-BIOLOGY: nan PAPERS-CYBER: nan PAPERS-NUCLEAR: nan 
[GPU 0] [01:20:46] [INFO] Step: 10000, LR: 7.01e-04
[GPU 0] [01:20:46] [INFO] Train Loss: CORE: 2.56 CODE-LISP: nan PAPERS-BIOLOGY: nan PAPERS-CYBER: nan PAPERS-NUCLEAR: nan 
[GPU 0] [01:30:43] [INFO] Step: 11000, LR: 7.01e-04
[GPU 0] [01:30:43] [INFO] Train Loss: CORE: 2.81 CODE-LISP: nan PAPERS-BIOLOGY: nan PAPERS-CYBER: nan PAPERS-NUCLEAR: nan 
[GPU 0] [01:40:39] [INFO] Step: 12000, LR: 7.01e-04
[GPU 0] [01:40:39] [INFO] Train Loss: CORE: 2.83 CODE-LISP: nan PAPERS-BIOLOGY: nan PAPERS-CYBER: nan PAPERS-NUCLEAR: nan 
[GPU 0] [01:50:36] [INFO] Step: 13000, LR: 7.01e-04
[GPU 0] [01:50:36] [INFO] Train Loss: CORE: 2.79 CODE-LISP: nan PAPERS-BIOLOGY: nan PAPERS-CYBER: nan PAPERS-NUCLEAR: nan 
[GPU 0] [02:00:33] [INFO] Step: 14000, LR: 7.01e-04
[GPU 0] [02:00:33] [INFO] Train Loss: CORE: 3.00 CODE-LISP: nan PAPERS-BIOLOGY: nan PAPERS-CYBER: nan PAPERS-NUCLEAR: nan 
[GPU 0] [02:10:30] [INFO] Step: 15000, LR: 7.01e-04
[GPU 0] [02:10:30] [INFO] Train Loss: CORE: 2.52 CODE-LISP: nan PAPERS-BIOLOGY: nan PAPERS-CYBER: nan PAPERS-NUCLEAR: nan 
[GPU 0] [02:20:26] [INFO] Step: 16000, LR: 7.01e-04
[GPU 0] [02:20:26] [INFO] Train Loss: CORE: 2.95 CODE-LISP: nan PAPERS-BIOLOGY: nan PAPERS-CYBER: nan PAPERS-NUCLEAR: nan 
[GPU 0] [02:30:23] [INFO] Step: 17000, LR: 7.01e-04
[GPU 0] [02:30:23] [INFO] Train Loss: CORE: 2.77 CODE-LISP: nan PAPERS-BIOLOGY: nan PAPERS-CYBER: nan PAPERS-NUCLEAR: nan 
[GPU 0] [02:40:21] [INFO] Step: 18000, LR: 7.01e-04
[GPU 0] [02:40:21] [INFO] Train Loss: CORE: 2.71 CODE-LISP: nan PAPERS-BIOLOGY: nan PAPERS-CYBER: nan PAPERS-NUCLEAR: nan 
[GPU 0] [02:50:17] [INFO] Step: 19000, LR: 7.01e-04
[GPU 0] [02:50:17] [INFO] Train Loss: CORE: 2.27 CODE-LISP: nan PAPERS-BIOLOGY: nan PAPERS-CYBER: nan PAPERS-NUCLEAR: nan 
[GPU 0] [02:52:20] [INFO] LR Scheduler: Decay Start
[GPU 0] [03:00:14] [INFO] Step: 20000, LR: 4.40e-04
[GPU 0] [03:00:14] [INFO] Train Loss: CORE: 2.68 CODE-LISP: nan PAPERS-BIOLOGY: nan PAPERS-CYBER: nan PAPERS-NUCLEAR: nan 
[GPU 0] [03:10:12] [INFO] Step: 21000, LR: 1.11e-04
[GPU 0] [03:10:12] [INFO] Train Loss: CORE: 2.61 CODE-LISP: nan PAPERS-BIOLOGY: nan PAPERS-CYBER: nan PAPERS-NUCLEAR: nan 
[GPU 0] [03:13:33] [INFO] Step: 21338, LR: 1.00e-08
[GPU 0] [03:13:33] [INFO] Train Loss: CORE: 2.40 CODE-LISP: nan PAPERS-BIOLOGY: nan PAPERS-CYBER: nan PAPERS-NUCLEAR: nan 
[GPU 0] [03:14:13] [INFO] ---- Begin Eval ----
[GPU 0] [03:14:13] [INFO] Data: core | Experts: None
[GPU 0] [03:14:41] [INFO] loss: 2.01881933
[GPU 0] [03:14:41] [INFO] Data: code-lisp | Experts: None
[GPU 0] [03:14:44] [INFO] loss: 1.51628768
[GPU 0] [03:14:44] [INFO] Data: papers-biology | Experts: None
[GPU 0] [03:14:48] [INFO] loss: 2.66692257
[GPU 0] [03:14:48] [INFO] Data: papers-nuclear | Experts: None
[GPU 0] [03:14:52] [INFO] loss: 3.02291441
[GPU 0] [03:14:52] [INFO] Data: papers-cyber | Experts: None
[GPU 0] [03:14:56] [INFO] loss: 2.89512420
[GPU 0] [03:15:00] [INFO] Initialized BaseTransformer with 402,064,768 total parameters
[GPU 0] [03:15:00] [INFO] Compiling BaseTransformer with torch.compile...
[GPU 0] [03:15:00] [INFO] torch.compile done
[GPU 0] [03:15:04] [INFO] FILTERING - ADVERSARIAL FT START
[GPU 0] [03:15:05] [INFO] ---- Begin FT | Experts: None | Data: ['code-lisp'] ----
[GPU 0] [03:15:05] [DEBUG] num_seq: 512, num_rounds: 200, patience: 10
[GPU 0] [03:15:05] [DEBUG] local_x: torch.Size([64, 1024]), local_y: torch.Size([64, 1024]), num_steps: 3, per_gpu: 64, mbs_size: 23
[GPU 0] [03:15:48] [INFO] New best validation loss: 1.4587 @ step 0
[GPU 0] [03:15:53] [INFO] New best validation loss: 1.4103 @ step 1
[GPU 0] [03:15:58] [INFO] New best validation loss: 1.3513 @ step 2
[GPU 0] [03:16:03] [INFO] New best validation loss: 1.3131 @ step 3
[GPU 0] [03:16:07] [INFO] New best validation loss: 1.2863 @ step 4
[GPU 0] [03:16:12] [INFO] New best validation loss: 1.2648 @ step 5
[GPU 0] [03:16:17] [INFO] New best validation loss: 1.2464 @ step 6
[GPU 0] [03:16:22] [INFO] New best validation loss: 1.2297 @ step 7
[GPU 0] [03:16:27] [INFO] New best validation loss: 1.2151 @ step 8
[GPU 0] [03:16:32] [INFO] New best validation loss: 1.2019 @ step 9
[GPU 0] [03:16:37] [INFO] New best validation loss: 1.1901 @ step 10
[GPU 0] [03:16:42] [INFO] New best validation loss: 1.1785 @ step 11
[GPU 0] [03:16:47] [INFO] New best validation loss: 1.1684 @ step 12
[GPU 0] [03:16:52] [INFO] New best validation loss: 1.1590 @ step 13
[GPU 0] [03:16:57] [INFO] New best validation loss: 1.1512 @ step 14
[GPU 0] [03:17:02] [INFO] New best validation loss: 1.1449 @ step 15
[GPU 0] [03:17:07] [INFO] New best validation loss: 1.1386 @ step 16
[GPU 0] [03:17:12] [INFO] New best validation loss: 1.1326 @ step 17
[GPU 0] [03:17:17] [INFO] New best validation loss: 1.1278 @ step 18
[GPU 0] [03:17:22] [INFO] New best validation loss: 1.1232 @ step 19
[GPU 0] [03:17:27] [INFO] New best validation loss: 1.1184 @ step 20
[GPU 0] [03:17:32] [INFO] New best validation loss: 1.1143 @ step 21
[GPU 0] [03:17:37] [INFO] New best validation loss: 1.1105 @ step 22
[GPU 0] [03:17:42] [INFO] New best validation loss: 1.1081 @ step 23
[GPU 0] [03:17:47] [INFO] New best validation loss: 1.1061 @ step 24
[GPU 0] [03:17:52] [INFO] New best validation loss: 1.1043 @ step 25
[GPU 0] [03:17:57] [INFO] New best validation loss: 1.1032 @ step 26
[GPU 0] [03:18:02] [INFO] New best validation loss: 1.1024 @ step 27
[GPU 0] [03:18:56] [INFO] Stop FT @ 39: no val improvement for 10 steps
[GPU 0] [03:18:56] [INFO] Wrote stats.jsonl entries at FT step 27 
[GPU 0] [03:18:57] [INFO] ---- Begin FT | Experts: None | Data: ['papers-biology'] ----
[GPU 0] [03:18:57] [DEBUG] num_seq: 512, num_rounds: 200, patience: 10
[GPU 0] [03:18:57] [DEBUG] local_x: torch.Size([64, 1024]), local_y: torch.Size([64, 1024]), num_steps: 3, per_gpu: 64, mbs_size: 23
[GPU 0] [03:19:02] [INFO] New best validation loss: 2.6985 @ step 0
[GPU 0] [03:19:07] [INFO] New best validation loss: 2.6605 @ step 1
[GPU 0] [03:19:12] [INFO] New best validation loss: 2.6548 @ step 2
[GPU 0] [03:19:17] [INFO] New best validation loss: 2.6509 @ step 3
[GPU 0] [03:19:22] [INFO] New best validation loss: 2.6441 @ step 4
[GPU 0] [03:19:27] [INFO] New best validation loss: 2.6408 @ step 5
[GPU 0] [03:19:32] [INFO] New best validation loss: 2.6401 @ step 6
[GPU 0] [03:20:26] [INFO] Stop FT @ 18: no val improvement for 10 steps
[GPU 0] [03:20:26] [INFO] Wrote stats.jsonl entries at FT step 6 
[GPU 0] [03:20:27] [INFO] ---- Begin FT | Experts: None | Data: ['papers-cyber'] ----
[GPU 0] [03:20:27] [DEBUG] num_seq: 512, num_rounds: 200, patience: 10
[GPU 0] [03:20:27] [DEBUG] local_x: torch.Size([64, 1024]), local_y: torch.Size([64, 1024]), num_steps: 3, per_gpu: 64, mbs_size: 23
[GPU 0] [03:20:32] [INFO] New best validation loss: 2.9308 @ step 0
[GPU 0] [03:20:37] [INFO] New best validation loss: 2.8956 @ step 1
[GPU 0] [03:20:42] [INFO] New best validation loss: 2.8937 @ step 2
[GPU 0] [03:20:47] [INFO] New best validation loss: 2.8905 @ step 3
[GPU 0] [03:20:52] [INFO] New best validation loss: 2.8885 @ step 4
[GPU 0] [03:20:57] [INFO] New best validation loss: 2.8880 @ step 5
[GPU 0] [03:21:51] [INFO] Stop FT @ 17: no val improvement for 10 steps
[GPU 0] [03:21:51] [INFO] Wrote stats.jsonl entries at FT step 5 
[GPU 0] [03:21:52] [INFO] ---- Begin FT | Experts: None | Data: ['papers-nuclear'] ----
[GPU 0] [03:21:52] [DEBUG] num_seq: 512, num_rounds: 200, patience: 10
[GPU 0] [03:21:52] [DEBUG] local_x: torch.Size([64, 1024]), local_y: torch.Size([64, 1024]), num_steps: 3, per_gpu: 64, mbs_size: 23
[GPU 0] [03:21:57] [INFO] New best validation loss: 3.0416 @ step 0
[GPU 0] [03:22:02] [INFO] New best validation loss: 2.9978 @ step 1
[GPU 0] [03:22:06] [INFO] New best validation loss: 2.9892 @ step 2
[GPU 0] [03:22:11] [INFO] New best validation loss: 2.9867 @ step 3
[GPU 0] [03:22:16] [INFO] New best validation loss: 2.9845 @ step 4
[GPU 0] [03:22:21] [INFO] New best validation loss: 2.9817 @ step 5
[GPU 0] [03:22:26] [INFO] New best validation loss: 2.9804 @ step 6
[GPU 0] [03:23:21] [INFO] Stop FT @ 18: no val improvement for 10 steps
[GPU 0] [03:23:21] [INFO] Wrote stats.jsonl entries at FT step 6 
[GPU 0] [03:23:21] [INFO] Stage [routed] start: {"name": "routed", "num_checkpoints": -1, "lr": 0.0007010274465180751, "res_dir": "/workspace/gradient-routing/experiments/AGI-1699-New-Dataset-Runs/results/partial/400M/seed_1/20260521234027049555/routed", "acc_mode": "heterogeneous", "do_eval": true, "do_sample": false, "num_train_evals": 0, "do_elicit": true, "elicit_eval_prc": 0.5, "elicit_num_evals": 100, "retain_targets": null, "model": {"arch": "moe", "tokenizer": "GPT2Tokenizer(name_or_path='EleutherAI/gpt-neo-125M', vocab_size=50257, model_max_length=2048, padding_side='right', truncation_side='right', special_tokens={'bos_token': '<|endoftext|>', 'eos_token': '<|endoftext|>', 'unk_token': '<|endoftext|>'}, added_tokens_decoder={\n\t50256: AddedToken(\"<|endoftext|>\", rstrip=False, lstrip=False, single_word=False, normalized=True, special=True),\n}\n)", "ctx_len": 1024, "vocab_size": 50304, "num_layers": 18, "num_heads": 8, "num_key_value": 2, "attn_bias": true, "eos_token_id": 50256, "embed_dim": 1216, "mlp_dim": 4864, "core_param_prc": 0.95, "aux_param_prc": 0.0125}, "eval_arbsub": true, "label_prc": 0.5, "aux_factor": {"code-lisp": 4.0, "papers-biology": 3.0, "papers-nuclear": 3.0, "papers-cyber": 3.0}, "robust_prc": 0.2, "aux_route_prc": 0.0, "equal_compute": true}
[GPU 0] [03:23:21] [INFO] ROUTED START
[GPU 0] [03:23:24] [INFO] Initialized MoETransformer with 402,152,320 total parameters
[GPU 0] [03:23:24] [INFO]   Label 'core' has 390,853,504 parameters
[GPU 0] [03:23:24] [INFO]   Label 'code-lisp' has 2,824,704 parameters
[GPU 0] [03:23:24] [INFO]   Label 'papers-biology' has 2,824,704 parameters
[GPU 0] [03:23:24] [INFO]   Label 'papers-cyber' has 2,824,704 parameters
[GPU 0] [03:23:24] [INFO]   Label 'papers-nuclear' has 2,824,704 parameters
[GPU 0] [03:23:24] [INFO] Compiling MoETransformer with torch.compile...
[GPU 0] [03:23:24] [INFO] torch.compile done
[GPU 0] [03:23:27] [WARNING] restore_partial_state: no checkpoint found at /workspace/gradient-routing/experiments/AGI-1699-New-Dataset-Runs/results/partial/400M/seed_1/20260521234027049555/routed
[GPU 0] [03:23:27] [INFO] ---- Begin Routed Unordered (Alt) ----
[GPU 0] [03:23:27] [INFO] initial len_all: 43100, len_all_labeled: 21550, len_all_unlabeled: 21550, len_ft: 4861, len_base: 16689, label_prc: 0.5
[GPU 0] [03:23:27] [INFO] compute-equal: 225985107456.0 > 0, must extend training
[GPU 0] [03:23:27] [INFO] compute-equal: len_base: 221 -> 16910, len_ft: 64 -> 4925, len_all_unlabeled: 285 -> 21835
[GPU 0] [03:23:27] [INFO] Batch [('core', ('core',), ('core',))] count: 16910
[GPU 0] [03:23:27] [INFO] Batch [('code-lisp', ('core', 'code-lisp'), ('code-lisp',))] count: 215
[GPU 0] [03:23:27] [INFO] Batch [('core', ('core', 'code-lisp'), ('core', 'code-lisp'))] count: 1301
[GPU 0] [03:23:27] [INFO] Batch [('core', ('core', 'papers-biology'), ('core', 'papers-biology'))] count: 975
[GPU 0] [03:23:27] [INFO] Batch [('papers-biology', ('core', 'papers-biology'), ('papers-biology',))] count: 161
[GPU 0] [03:23:27] [INFO] Batch [('core', ('core', 'papers-cyber'), ('core', 'papers-cyber'))] count: 975
[GPU 0] [03:23:27] [INFO] Batch [('papers-cyber', ('core', 'papers-cyber'), ('papers-cyber',))] count: 161
[GPU 0] [03:23:27] [INFO] Batch [('core', ('core', 'papers-nuclear'), ('core', 'papers-nuclear'))] count: 975
[GPU 0] [03:23:27] [INFO] Batch [('papers-nuclear', ('core', 'papers-nuclear'), ('papers-nuclear',))] count: 161
[GPU 0] [03:23:27] [INFO] Batch [('code-lisp', ('core', 'code-lisp', 'papers-biology', 'papers-cyber', 'papers-nuclear'), ('core', 'code-lisp', 'papers-biology', 'papers-cyber', 'papers-nuclear'))] count: 54
[GPU 0] [03:23:27] [INFO] Batch [('core', ('core', 'code-lisp', 'papers-biology', 'papers-cyber', 'papers-nuclear'), ('core', 'code-lisp', 'papers-biology', 'papers-cyber', 'papers-nuclear'))] count: 21620
[GPU 0] [03:23:27] [INFO] Batch [('papers-biology', ('core', 'code-lisp', 'papers-biology', 'papers-cyber', 'papers-nuclear'), ('core', 'code-lisp', 'papers-biology', 'papers-cyber', 'papers-nuclear'))] count: 54
[GPU 0] [03:23:27] [INFO] Batch [('papers-cyber', ('core', 'code-lisp', 'papers-biology', 'papers-cyber', 'papers-nuclear'), ('core', 'code-lisp', 'papers-biology', 'papers-cyber', 'papers-nuclear'))] count: 54
[GPU 0] [03:23:27] [INFO] Batch [('papers-nuclear', ('core', 'code-lisp', 'papers-biology', 'papers-cyber', 'papers-nuclear'), ('core', 'code-lisp', 'papers-biology', 'papers-cyber', 'papers-nuclear'))] count: 54
[GPU 0] [03:23:27] [INFO] 
len_all: 43100, len_all_labeled: 21550, len_all_unlabeled: 21835,
len_base: 16910, len_ft: 4925,
len_core_for_ft: 4227, len_aux_for_ft: 698,
aux_factor: {'code-lisp': 4.0, 'papers-biology': 3.0, 'papers-nuclear': 3.0, 'papers-cyber': 3.0}, robust_prc: 0.2,
aux_route_prc: 0.0, equal_compute: True
[GPU 0] [03:23:27] [INFO] count_by_label: {'core': 42756, 'code-lisp': 269, 'papers-biology': 215, 'papers-cyber': 215, 'papers-nuclear': 215}
[GPU 0] [03:23:27] [INFO] Batch [('core', ('core',), ('core',))] count: 16910
[GPU 0] [03:23:27] [INFO] Batch [('code-lisp', ('core', 'code-lisp'), ('code-lisp',))] count: 215
[GPU 0] [03:23:27] [INFO] Batch [('core', ('core', 'code-lisp'), ('core', 'code-lisp'))] count: 1301
[GPU 0] [03:23:27] [INFO] Batch [('code-lisp', ('core', 'code-lisp', 'papers-biology', 'papers-cyber', 'papers-nuclear'), ('core', 'code-lisp', 'papers-biology', 'papers-cyber', 'papers-nuclear'))] count: 54
[GPU 0] [03:23:27] [INFO] Batch [('core', ('core', 'code-lisp', 'papers-biology', 'papers-cyber', 'papers-nuclear'), ('core', 'code-lisp', 'papers-biology', 'papers-cyber', 'papers-nuclear'))] count: 21620
[GPU 0] [03:23:27] [INFO] Batch [('papers-biology', ('core', 'code-lisp', 'papers-biology', 'papers-cyber', 'papers-nuclear'), ('core', 'code-lisp', 'papers-biology', 'papers-cyber', 'papers-nuclear'))] count: 54
[GPU 0] [03:23:27] [INFO] Batch [('papers-cyber', ('core', 'code-lisp', 'papers-biology', 'papers-cyber', 'papers-nuclear'), ('core', 'code-lisp', 'papers-biology', 'papers-cyber', 'papers-nuclear'))] count: 54
[GPU 0] [03:23:27] [INFO] Batch [('papers-nuclear', ('core', 'code-lisp', 'papers-biology', 'papers-cyber', 'papers-nuclear'), ('core', 'code-lisp', 'papers-biology', 'papers-cyber', 'papers-nuclear'))] count: 54
[GPU 0] [03:23:27] [INFO] Batch [('core', ('core', 'papers-biology'), ('core', 'papers-biology'))] count: 975
[GPU 0] [03:23:27] [INFO] Batch [('papers-biology', ('core', 'papers-biology'), ('papers-biology',))] count: 161
[GPU 0] [03:23:27] [INFO] Batch [('core', ('core', 'papers-cyber'), ('core', 'papers-cyber'))] count: 975
[GPU 0] [03:23:27] [INFO] Batch [('papers-cyber', ('core', 'papers-cyber'), ('papers-cyber',))] count: 161
[GPU 0] [03:23:27] [INFO] Batch [('core', ('core', 'papers-nuclear'), ('core', 'papers-nuclear'))] count: 975
[GPU 0] [03:23:27] [INFO] Batch [('papers-nuclear', ('core', 'papers-nuclear'), ('papers-nuclear',))] count: 161
[GPU 0] [03:23:27] [INFO] ---- Begin Routed ----
[GPU 0] [03:23:27] [DEBUG] acc_mode: heterogeneous
[GPU 0] [03:23:27] [INFO] num_total_steps: 21835
[GPU 0] [03:23:27] [INFO] LR schedule group 0: steps [0, 21835), warmup=437, constant=19214, decay=2184
[GPU 0] [03:23:27] [INFO] LR Scheduler: Group warmup (step 0)
[GPU 0] [03:23:27] [INFO] CUDA memory before training loop:
[GPU 0] [03:23:27] [INFO] |===========================================================================|
[GPU 0] [03:23:27] [INFO] |                  PyTorch CUDA memory summary, device ID 0                 |
[GPU 0] [03:23:27] [INFO] |---------------------------------------------------------------------------|
[GPU 0] [03:23:27] [INFO] |            CUDA OOMs: 0            |        cudaMalloc retries: 0         |
[GPU 0] [03:23:27] [INFO] |===========================================================================|
[GPU 0] [03:23:27] [INFO] |        Metric         | Cur Usage  | Peak Usage | Tot Alloc  | Tot Freed  |
[GPU 0] [03:23:27] [INFO] |---------------------------------------------------------------------------|
[GPU 0] [03:23:27] [INFO] | Allocated memory      |   1964 MiB |  29474 MiB |   1622 TiB |   1622 TiB |
[GPU 0] [03:23:27] [INFO] |       from large pool |   1941 MiB |  29454 MiB |   1621 TiB |   1621 TiB |
[GPU 0] [03:23:27] [INFO] |       from small pool |     23 MiB |     24 MiB |      1 TiB |      1 TiB |
[GPU 0] [03:23:27] [INFO] |---------------------------------------------------------------------------|
[GPU 0] [03:23:27] [INFO] | Active memory         |   1964 MiB |  29474 MiB |   1622 TiB |   1622 TiB |
[GPU 0] [03:23:27] [INFO] |       from large pool |   1941 MiB |  29454 MiB |   1621 TiB |   1621 TiB |
[GPU 0] [03:23:27] [INFO] |       from small pool |     23 MiB |     24 MiB |      1 TiB |      1 TiB |
[GPU 0] [03:23:27] [INFO] |---------------------------------------------------------------------------|
[GPU 0] [03:23:27] [INFO] | Requested memory      |   1941 MiB |  29416 MiB |   1621 TiB |   1621 TiB |
[GPU 0] [03:23:27] [INFO] |       from large pool |   1918 MiB |  29396 MiB |   1620 TiB |   1620 TiB |
[GPU 0] [03:23:27] [INFO] |       from small pool |     23 MiB |     23 MiB |      1 TiB |      1 TiB |
[GPU 0] [03:23:27] [INFO] |---------------------------------------------------------------------------|
[GPU 0] [03:23:27] [INFO] | GPU reserved memory   |   2246 MiB |  31978 MiB |   2371 GiB |   2369 GiB |
[GPU 0] [03:23:27] [INFO] |       from large pool |   2222 MiB |  31956 MiB |   2370 GiB |   2367 GiB |
[GPU 0] [03:23:27] [INFO] |       from small pool |     24 MiB |     26 MiB |      1 GiB |      1 GiB |
[GPU 0] [03:23:27] [INFO] |---------------------------------------------------------------------------|
[GPU 0] [03:23:27] [INFO] | Non-releasable memory | 288407 KiB |  10044 MiB |    811 TiB |    811 TiB |
[GPU 0] [03:23:27] [INFO] |       from large pool | 287477 KiB |  10029 MiB |    809 TiB |    809 TiB |
[GPU 0] [03:23:27] [INFO] |       from small pool |    930 KiB |     15 MiB |      1 TiB |      1 TiB |
[GPU 0] [03:23:27] [INFO] |---------------------------------------------------------------------------|
[GPU 0] [03:23:27] [INFO] | Allocations           |     557    |    1451    |   39399 K  |   39399 K  |
[GPU 0] [03:23:27] [INFO] |       from large pool |     138    |     632    |   21525 K  |   21525 K  |
[GPU 0] [03:23:27] [INFO] |       from small pool |     419    |     832    |   17874 K  |   17873 K  |
[GPU 0] [03:23:27] [INFO] |---------------------------------------------------------------------------|
[GPU 0] [03:23:27] [INFO] | Active allocs         |     557    |    1451    |   39399 K  |   39399 K  |
[GPU 0] [03:23:27] [INFO] |       from large pool |     138    |     632    |   21525 K  |   21525 K  |
[GPU 0] [03:23:27] [INFO] |       from small pool |     419    |     832    |   17874 K  |   17873 K  |
[GPU 0] [03:23:27] [INFO] |---------------------------------------------------------------------------|
[GPU 0] [03:23:27] [INFO] | GPU reserved segments |      59    |     243    |   13526    |   13467    |
[GPU 0] [03:23:27] [INFO] |       from large pool |      47    |     230    |   12751    |   12704    |
[GPU 0] [03:23:27] [INFO] |       from small pool |      12    |      13    |     775    |     763    |
[GPU 0] [03:23:27] [INFO] |---------------------------------------------------------------------------|
[GPU 0] [03:23:27] [INFO] | Non-releasable allocs |      29    |     204    |   19286 K  |   19286 K  |
[GPU 0] [03:23:27] [INFO] |       from large pool |      23    |     183    |   13896 K  |   13896 K  |
[GPU 0] [03:23:27] [INFO] |       from small pool |       6    |      28    |    5389 K  |    5389 K  |
[GPU 0] [03:23:27] [INFO] |---------------------------------------------------------------------------|
[GPU 0] [03:23:27] [INFO] | Oversize allocations  |       0    |       0    |       0    |       0    |
[GPU 0] [03:23:27] [INFO] |---------------------------------------------------------------------------|
[GPU 0] [03:23:27] [INFO] | Oversize GPU segments |       0    |       0    |       0    |       0    |
[GPU 0] [03:23:27] [INFO] |===========================================================================|
[GPU 0] [03:23:27] [INFO] 
[GPU 0] [03:23:27] [INFO] Batch group start, LR: 1.0000e-08, batches: 43670, epochs: 1, group_total_steps: 21835
[GPU 0] [03:23:33] [INFO] CUDA memory after first training step:
[GPU 0] [03:23:33] [INFO] |===========================================================================|
[GPU 0] [03:23:33] [INFO] |                  PyTorch CUDA memory summary, device ID 0                 |
[GPU 0] [03:23:33] [INFO] |---------------------------------------------------------------------------|
[GPU 0] [03:23:33] [INFO] |            CUDA OOMs: 0            |        cudaMalloc retries: 0         |
[GPU 0] [03:23:33] [INFO] |===========================================================================|
[GPU 0] [03:23:33] [INFO] |        Metric         | Cur Usage  | Peak Usage | Tot Alloc  | Tot Freed  |
[GPU 0] [03:23:33] [INFO] |---------------------------------------------------------------------------|
[GPU 0] [03:23:33] [INFO] | Allocated memory      |   8169 MiB |  30954 MiB |   1623 TiB |   1623 TiB |
[GPU 0] [03:23:33] [INFO] |       from large pool |   8101 MiB |  30871 MiB |   1621 TiB |   1621 TiB |
[GPU 0] [03:23:33] [INFO] |       from small pool |     67 MiB |     83 MiB |      1 TiB |      1 TiB |
[GPU 0] [03:23:33] [INFO] |---------------------------------------------------------------------------|
[GPU 0] [03:23:33] [INFO] | Active memory         |   8169 MiB |  30954 MiB |   1623 TiB |   1623 TiB |
[GPU 0] [03:23:33] [INFO] |       from large pool |   8101 MiB |  30871 MiB |   1621 TiB |   1621 TiB |
[GPU 0] [03:23:33] [INFO] |       from small pool |     67 MiB |     83 MiB |      1 TiB |      1 TiB |
[GPU 0] [03:23:33] [INFO] |---------------------------------------------------------------------------|
[GPU 0] [03:23:33] [INFO] | Requested memory      |   8127 MiB |  30852 MiB |   1621 TiB |   1621 TiB |
[GPU 0] [03:23:33] [INFO] |       from large pool |   8059 MiB |  30769 MiB |   1620 TiB |   1620 TiB |
[GPU 0] [03:23:33] [INFO] |       from small pool |     67 MiB |     83 MiB |      1 TiB |      1 TiB |
[GPU 0] [03:23:33] [INFO] |---------------------------------------------------------------------------|
[GPU 0] [03:23:33] [INFO] | GPU reserved memory   |  32662 MiB |  32662 MiB |   2401 GiB |   2369 GiB |
[GPU 0] [03:23:33] [INFO] |       from large pool |  32576 MiB |  32576 MiB |   2399 GiB |   2367 GiB |
[GPU 0] [03:23:33] [INFO] |       from small pool |     86 MiB |     86 MiB |      1 GiB |      1 GiB |
[GPU 0] [03:23:33] [INFO] |---------------------------------------------------------------------------|
[GPU 0] [03:23:33] [INFO] | Non-releasable memory | 539221 KiB |  10044 MiB |    811 TiB |    811 TiB |
[GPU 0] [03:23:33] [INFO] |       from large pool | 537051 KiB |  10029 MiB |    809 TiB |    809 TiB |
[GPU 0] [03:23:33] [INFO] |       from small pool |   2170 KiB |     23 MiB |      1 TiB |      1 TiB |
[GPU 0] [03:23:33] [INFO] |---------------------------------------------------------------------------|
[GPU 0] [03:23:33] [INFO] | Allocations           |    2095    |    2095    |   39404 K  |   39402 K  |
[GPU 0] [03:23:33] [INFO] |       from large pool |     327    |     632    |   21527 K  |   21526 K  |
[GPU 0] [03:23:33] [INFO] |       from small pool |    1768    |    1768    |   17877 K  |   17875 K  |
[GPU 0] [03:23:33] [INFO] |---------------------------------------------------------------------------|
[GPU 0] [03:23:33] [INFO] | Active allocs         |    2095    |    2095    |   39404 K  |   39402 K  |
[GPU 0] [03:23:33] [INFO] |       from large pool |     327    |     632    |   21527 K  |   21526 K  |
[GPU 0] [03:23:33] [INFO] |       from small pool |    1768    |    1768    |   17877 K  |   17875 K  |
[GPU 0] [03:23:33] [INFO] |---------------------------------------------------------------------------|
[GPU 0] [03:23:33] [INFO] | GPU reserved segments |     287    |     287    |   13754    |   13467    |
[GPU 0] [03:23:33] [INFO] |       from large pool |     244    |     244    |   12948    |   12704    |
[GPU 0] [03:23:33] [INFO] |       from small pool |      43    |      43    |     806    |     763    |
[GPU 0] [03:23:33] [INFO] |---------------------------------------------------------------------------|
[GPU 0] [03:23:33] [INFO] | Non-releasable allocs |      47    |     209    |   19287 K  |   19287 K  |
[GPU 0] [03:23:33] [INFO] |       from large pool |      31    |     183    |   13897 K  |   13897 K  |
[GPU 0] [03:23:33] [INFO] |       from small pool |      16    |      56    |    5389 K  |    5389 K  |
[GPU 0] [03:23:33] [INFO] |---------------------------------------------------------------------------|
[GPU 0] [03:23:33] [INFO] | Oversize allocations  |       0    |       0    |       0    |       0    |
[GPU 0] [03:23:33] [INFO] |---------------------------------------------------------------------------|
[GPU 0] [03:23:33] [INFO] | Oversize GPU segments |       0    |       0    |       0    |       0    |
[GPU 0] [03:23:33] [INFO] |===========================================================================|
[GPU 0] [03:23:33] [INFO] 
[GPU 0] [03:23:33] [INFO] Step: 1, LR: 1.6142e-06
[GPU 0] [03:23:33] [INFO] Train Loss: CORE: 11.00 CODE-LISP: nan PAPERS-BIOLOGY: nan PAPERS-CYBER: nan PAPERS-NUCLEAR: nan 
[GPU 0] [03:28:43] [INFO] LR Scheduler: Group constant (step 437)
[GPU 0] [03:34:45] [INFO] Step: 1000, LR: 7.0103e-04
[GPU 0] [03:34:45] [INFO] Train Loss: CORE: 3.49 CODE-LISP: 3.49 PAPERS-BIOLOGY: 4.97 PAPERS-CYBER: 6.52 PAPERS-NUCLEAR: 4.68 
[GPU 0] [03:45:30] [INFO] Step: 2000, LR: 7.0103e-04
[GPU 0] [03:45:30] [INFO] Train Loss: CORE: 3.16 CODE-LISP: 2.42 PAPERS-BIOLOGY: 3.81 PAPERS-CYBER: 4.17 PAPERS-NUCLEAR: 4.11 
[GPU 0] [03:56:12] [INFO] Step: 3000, LR: 7.0103e-04
[GPU 0] [03:56:12] [INFO] Train Loss: CORE: 3.00 CODE-LISP: 2.23 PAPERS-BIOLOGY: 3.51 PAPERS-CYBER: 3.87 PAPERS-NUCLEAR: 3.86 
[GPU 0] [04:06:58] [INFO] Step: 4000, LR: 7.0103e-04
[GPU 0] [04:06:58] [INFO] Train Loss: CORE: 2.75 CODE-LISP: 1.96 PAPERS-BIOLOGY: 3.39 PAPERS-CYBER: 3.72 PAPERS-NUCLEAR: 3.73 
[GPU 0] [04:17:42] [INFO] Step: 5000, LR: 7.0103e-04
[GPU 0] [04:17:42] [INFO] Train Loss: CORE: 2.98 CODE-LISP: 1.80 PAPERS-BIOLOGY: 3.28 PAPERS-CYBER: 3.62 PAPERS-NUCLEAR: 3.63 
[GPU 0] [04:28:25] [INFO] Step: 6000, LR: 7.0103e-04
[GPU 0] [04:28:25] [INFO] Train Loss: CORE: 2.92 CODE-LISP: 1.68 PAPERS-BIOLOGY: 3.23 PAPERS-CYBER: 3.50 PAPERS-NUCLEAR: 3.57 
[GPU 0] [04:39:11] [INFO] Step: 7000, LR: 7.0103e-04
[GPU 0] [04:39:11] [INFO] Train Loss: CORE: 2.70 CODE-LISP: 1.59 PAPERS-BIOLOGY: 3.20 PAPERS-CYBER: 3.46 PAPERS-NUCLEAR: 3.52 
[GPU 0] [04:49:52] [INFO] Step: 8000, LR: 7.0103e-04
[GPU 0] [04:49:52] [INFO] Train Loss: CORE: 2.68 CODE-LISP: 1.53 PAPERS-BIOLOGY: 3.16 PAPERS-CYBER: 3.42 PAPERS-NUCLEAR: 3.46 
[GPU 0] [05:00:38] [INFO] Step: 9000, LR: 7.0103e-04
[GPU 0] [05:00:38] [INFO] Train Loss: CORE: 2.76 CODE-LISP: 1.26 PAPERS-BIOLOGY: 3.13 PAPERS-CYBER: 3.39 PAPERS-NUCLEAR: 3.41 
[GPU 0] [05:11:22] [INFO] Step: 10000, LR: 7.0103e-04
[GPU 0] [05:11:22] [INFO] Train Loss: CORE: 2.76 CODE-LISP: 1.08 PAPERS-BIOLOGY: 3.10 PAPERS-CYBER: 3.34 PAPERS-NUCLEAR: 3.31 
[GPU 0] [05:22:05] [INFO] Step: 11000, LR: 7.0103e-04
[GPU 0] [05:22:05] [INFO] Train Loss: CORE: 2.70 CODE-LISP: 1.00 PAPERS-BIOLOGY: 3.07 PAPERS-CYBER: 3.29 PAPERS-NUCLEAR: 3.25 
[GPU 0] [05:32:51] [INFO] Step: 12000, LR: 7.0103e-04
[GPU 0] [05:32:51] [INFO] Train Loss: CORE: 2.56 CODE-LISP: 0.96 PAPERS-BIOLOGY: 3.00 PAPERS-CYBER: 3.18 PAPERS-NUCLEAR: 3.21 
[GPU 0] [05:43:32] [INFO] Step: 13000, LR: 7.0103e-04
[GPU 0] [05:43:32] [INFO] Train Loss: CORE: 2.68 CODE-LISP: 0.94 PAPERS-BIOLOGY: 2.85 PAPERS-CYBER: 3.13 PAPERS-NUCLEAR: 3.17 
[GPU 0] [05:54:17] [INFO] Step: 14000, LR: 7.0103e-04
[GPU 0] [05:54:17] [INFO] Train Loss: CORE: 2.66 CODE-LISP: 0.90 PAPERS-BIOLOGY: 2.80 PAPERS-CYBER: 3.08 PAPERS-NUCLEAR: 3.16 
[GPU 0] [06:05:02] [INFO] Step: 15000, LR: 7.0103e-04
[GPU 0] [06:05:02] [INFO] Train Loss: CORE: 2.66 CODE-LISP: 0.89 PAPERS-BIOLOGY: 2.76 PAPERS-CYBER: 3.06 PAPERS-NUCLEAR: 3.11 
[GPU 0] [06:15:43] [INFO] Step: 16000, LR: 7.0103e-04
[GPU 0] [06:15:43] [INFO] Train Loss: CORE: 2.55 CODE-LISP: 0.88 PAPERS-BIOLOGY: 2.73 PAPERS-CYBER: 3.02 PAPERS-NUCLEAR: 3.10 
[GPU 0] [06:26:29] [INFO] Step: 17000, LR: 7.0103e-04
[GPU 0] [06:26:29] [INFO] Train Loss: CORE: 2.76 CODE-LISP: 0.85 PAPERS-BIOLOGY: 2.71 PAPERS-CYBER: 2.99 PAPERS-NUCLEAR: 3.09 
[GPU 0] [06:37:10] [INFO] Step: 18000, LR: 7.0103e-04
[GPU 0] [06:37:10] [INFO] Train Loss: CORE: 2.58 CODE-LISP: 0.84 PAPERS-BIOLOGY: 2.70 PAPERS-CYBER: 2.97 PAPERS-NUCLEAR: 3.08 
[GPU 0] [06:47:57] [INFO] Step: 19000, LR: 7.0103e-04
[GPU 0] [06:47:57] [INFO] Train Loss: CORE: 2.67 CODE-LISP: 0.83 PAPERS-BIOLOGY: 2.69 PAPERS-CYBER: 2.95 PAPERS-NUCLEAR: 3.07 
[GPU 0] [06:54:55] [INFO] LR Scheduler: Group decay (step 19651)
[GPU 0] [06:58:43] [INFO] Step: 20000, LR: 5.8901e-04
[GPU 0] [06:58:43] [INFO] Train Loss: CORE: 2.72 CODE-LISP: 0.81 PAPERS-BIOLOGY: 2.69 PAPERS-CYBER: 2.94 PAPERS-NUCLEAR: 3.05 
[GPU 0] [07:09:24] [INFO] Step: 21000, LR: 2.6803e-04
[GPU 0] [07:09:24] [INFO] Train Loss: CORE: 2.68 CODE-LISP: 0.80 PAPERS-BIOLOGY: 2.67 PAPERS-CYBER: 2.93 PAPERS-NUCLEAR: 3.04 
[GPU 0] [07:18:24] [INFO] Step: 21835, LR: 1.0000e-08
[GPU 0] [07:18:24] [INFO] Train Loss: CORE: 2.51 CODE-LISP: 0.78 PAPERS-BIOLOGY: 2.65 PAPERS-CYBER: 2.91 PAPERS-NUCLEAR: 3.02 
[GPU 0] [07:19:14] [INFO] ---- Begin Eval ----
[GPU 0] [07:19:14] [INFO] Data: core | Experts: ['core']
[GPU 0] [07:19:28] [INFO] loss: 2.01218510
[GPU 0] [07:19:28] [INFO] Data: code-lisp | Experts: ['core']
[GPU 0] [07:19:32] [INFO] loss: 1.45776367
[GPU 0] [07:19:32] [INFO] Data: papers-biology | Experts: ['core']
[GPU 0] [07:19:36] [INFO] loss: 2.64174104
[GPU 0] [07:19:36] [INFO] Data: papers-nuclear | Experts: ['core']
[GPU 0] [07:19:40] [INFO] loss: 2.99393129
[GPU 0] [07:19:40] [INFO] Data: papers-cyber | Experts: ['core']
[GPU 0] [07:19:44] [INFO] loss: 2.87325621
[GPU 0] [07:19:44] [INFO] ---- Begin Eval ----
[GPU 0] [07:19:44] [INFO] Data: core | Experts: ['code-lisp', 'core']
[GPU 0] [07:19:57] [INFO] loss: 2.01251364
[GPU 0] [07:19:57] [INFO] Data: code-lisp | Experts: ['code-lisp', 'core']
[GPU 0] [07:20:01] [INFO] loss: 0.92635673
[GPU 0] [07:20:01] [INFO] Data: papers-biology | Experts: ['code-lisp', 'core']
[GPU 0] [07:20:05] [INFO] loss: 2.64414763
[GPU 0] [07:20:05] [INFO] Data: papers-nuclear | Experts: ['code-lisp', 'core']
[GPU 0] [07:20:09] [INFO] loss: 2.99734926
[GPU 0] [07:20:09] [INFO] Data: papers-cyber | Experts: ['code-lisp', 'core']
[GPU 0] [07:20:13] [INFO] loss: 2.87580228
[GPU 0] [07:20:13] [INFO] ---- Begin Eval ----
[GPU 0] [07:20:13] [INFO] Data: core | Experts: ['core', 'papers-biology']
[GPU 0] [07:20:26] [INFO] loss: 2.01202250
[GPU 0] [07:20:26] [INFO] Data: code-lisp | Experts: ['core', 'papers-biology']
[GPU 0] [07:20:30] [INFO] loss: 1.45992601
[GPU 0] [07:20:30] [INFO] Data: papers-biology | Experts: ['core', 'papers-biology']
[GPU 0] [07:20:34] [INFO] loss: 2.56891751
[GPU 0] [07:20:34] [INFO] Data: papers-nuclear | Experts: ['core', 'papers-biology']
[GPU 0] [07:20:38] [INFO] loss: 2.98894382
[GPU 0] [07:20:38] [INFO] Data: papers-cyber | Experts: ['core', 'papers-biology']
[GPU 0] [07:20:42] [INFO] loss: 2.87301183
[GPU 0] [07:20:42] [INFO] ---- Begin Eval ----
[GPU 0] [07:20:42] [INFO] Data: core | Experts: ['core', 'papers-nuclear']
[GPU 0] [07:20:55] [INFO] loss: 2.01204276
[GPU 0] [07:20:55] [INFO] Data: code-lisp | Experts: ['core', 'papers-nuclear']
[GPU 0] [07:20:59] [INFO] loss: 1.45812988
[GPU 0] [07:20:59] [INFO] Data: papers-biology | Experts: ['core', 'papers-nuclear']
[GPU 0] [07:21:03] [INFO] loss: 2.63766074
[GPU 0] [07:21:03] [INFO] Data: papers-nuclear | Experts: ['core', 'papers-nuclear']
[GPU 0] [07:21:07] [INFO] loss: 2.90991235
[GPU 0] [07:21:07] [INFO] Data: papers-cyber | Experts: ['core', 'papers-nuclear']
[GPU 0] [07:21:11] [INFO] loss: 2.87067533
[GPU 0] [07:21:11] [INFO] ---- Begin Eval ----
[GPU 0] [07:21:11] [INFO] Data: core | Experts: ['core', 'papers-cyber']
[GPU 0] [07:21:24] [INFO] loss: 2.00888920
[GPU 0] [07:21:24] [INFO] Data: code-lisp | Experts: ['core', 'papers-cyber']
[GPU 0] [07:21:28] [INFO] loss: 1.45947266
[GPU 0] [07:21:28] [INFO] Data: papers-biology | Experts: ['core', 'papers-cyber']
[GPU 0] [07:21:32] [INFO] loss: 2.64041591
[GPU 0] [07:21:32] [INFO] Data: papers-nuclear | Experts: ['core', 'papers-cyber']
[GPU 0] [07:21:36] [INFO] loss: 2.99145508
[GPU 0] [07:21:36] [INFO] Data: papers-cyber | Experts: ['core', 'papers-cyber']
[GPU 0] [07:21:40] [INFO] loss: 2.83140326
[GPU 0] [07:21:40] [INFO] ---- Begin Eval ----
[GPU 0] [07:21:40] [INFO] Data: core | Experts: ['core', 'papers-biology', 'papers-cyber', 'papers-nuclear']
[GPU 0] [07:21:54] [INFO] loss: 2.00625610
[GPU 0] [07:21:54] [INFO] Data: code-lisp | Experts: ['core', 'papers-biology', 'papers-cyber', 'papers-nuclear']
[GPU 0] [07:21:58] [INFO] loss: 1.46212339
[GPU 0] [07:21:58] [INFO] Data: papers-biology | Experts: ['core', 'papers-biology', 'papers-cyber', 'papers-nuclear']
[GPU 0] [07:22:02] [INFO] loss: 2.56815004
[GPU 0] [07:22:02] [INFO] Data: papers-nuclear | Experts: ['core', 'papers-biology', 'papers-cyber', 'papers-nuclear']
[GPU 0] [07:22:07] [INFO] loss: 2.90876102
[GPU 0] [07:22:07] [INFO] Data: papers-cyber | Experts: ['core', 'papers-biology', 'papers-cyber', 'papers-nuclear']
[GPU 0] [07:22:11] [INFO] loss: 2.82770634
[GPU 0] [07:22:11] [INFO] ---- Begin Eval ----
[GPU 0] [07:22:11] [INFO] Data: core | Experts: ['code-lisp', 'core', 'papers-cyber', 'papers-nuclear']
[GPU 0] [07:22:25] [INFO] loss: 2.00695086
[GPU 0] [07:22:25] [INFO] Data: code-lisp | Experts: ['code-lisp', 'core', 'papers-cyber', 'papers-nuclear']
[GPU 0] [07:22:29] [INFO] loss: 0.92745972
[GPU 0] [07:22:29] [INFO] Data: papers-biology | Experts: ['code-lisp', 'core', 'papers-cyber', 'papers-nuclear']
[GPU 0] [07:22:34] [INFO] loss: 2.63923001
[GPU 0] [07:22:34] [INFO] Data: papers-nuclear | Experts: ['code-lisp', 'core', 'papers-cyber', 'papers-nuclear']
[GPU 0] [07:22:38] [INFO] loss: 2.91172552
[GPU 0] [07:22:38] [INFO] Data: papers-cyber | Experts: ['code-lisp', 'core', 'papers-cyber', 'papers-nuclear']
[GPU 0] [07:22:43] [INFO] loss: 2.82931066
[GPU 0] [07:22:43] [INFO] ---- Begin Eval ----
[GPU 0] [07:22:43] [INFO] Data: core | Experts: ['code-lisp', 'core', 'papers-biology', 'papers-cyber']
[GPU 0] [07:22:56] [INFO] loss: 2.00795054
[GPU 0] [07:22:56] [INFO] Data: code-lisp | Experts: ['code-lisp', 'core', 'papers-biology', 'papers-cyber']
[GPU 0] [07:23:00] [INFO] loss: 0.92838836
[GPU 0] [07:23:00] [INFO] Data: papers-biology | Experts: ['code-lisp', 'core', 'papers-biology', 'papers-cyber']
[GPU 0] [07:23:05] [INFO] loss: 2.57038236
[GPU 0] [07:23:05] [INFO] Data: papers-nuclear | Experts: ['code-lisp', 'core', 'papers-biology', 'papers-cyber']
[GPU 0] [07:23:09] [INFO] loss: 2.99075747
[GPU 0] [07:23:09] [INFO] Data: papers-cyber | Experts: ['code-lisp', 'core', 'papers-biology', 'papers-cyber']
[GPU 0] [07:23:14] [INFO] loss: 2.83262444
[GPU 0] [07:23:14] [INFO] ---- Begin Eval ----
[GPU 0] [07:23:14] [INFO] Data: core | Experts: ['code-lisp', 'core', 'papers-biology', 'papers-nuclear']
[GPU 0] [07:23:27] [INFO] loss: 2.01098204
[GPU 0] [07:23:27] [INFO] Data: code-lisp | Experts: ['code-lisp', 'core', 'papers-biology', 'papers-nuclear']
[GPU 0] [07:23:32] [INFO] loss: 0.92804390
[GPU 0] [07:23:32] [INFO] Data: papers-biology | Experts: ['code-lisp', 'core', 'papers-biology', 'papers-nuclear']
[GPU 0] [07:23:36] [INFO] loss: 2.56971931
[GPU 0] [07:23:36] [INFO] Data: papers-nuclear | Experts: ['code-lisp', 'core', 'papers-biology', 'papers-nuclear']
[GPU 0] [07:23:41] [INFO] loss: 2.91088891
[GPU 0] [07:23:41] [INFO] Data: papers-cyber | Experts: ['code-lisp', 'core', 'papers-biology', 'papers-nuclear']
[GPU 0] [07:23:45] [INFO] loss: 2.87200046
[GPU 0] [07:23:45] [INFO] ---- Begin Eval ----
[GPU 0] [07:23:45] [INFO] Data: core | Experts: ['code-lisp', 'core', 'papers-biology', 'papers-cyber', 'papers-nuclear']
[GPU 0] [07:23:58] [INFO] loss: 2.00588131
[GPU 0] [07:23:58] [INFO] Data: code-lisp | Experts: ['code-lisp', 'core', 'papers-biology', 'papers-cyber', 'papers-nuclear']
[GPU 0] [07:24:02] [INFO] loss: 0.92908591
[GPU 0] [07:24:02] [INFO] Data: papers-biology | Experts: ['code-lisp', 'core', 'papers-biology', 'papers-cyber', 'papers-nuclear']
[GPU 0] [07:24:06] [INFO] loss: 2.56916165
[GPU 0] [07:24:06] [INFO] Data: papers-nuclear | Experts: ['code-lisp', 'core', 'papers-biology', 'papers-cyber', 'papers-nuclear']
[GPU 0] [07:24:10] [INFO] loss: 2.91092372
[GPU 0] [07:24:10] [INFO] Data: papers-cyber | Experts: ['code-lisp', 'core', 'papers-biology', 'papers-cyber', 'papers-nuclear']
[GPU 0] [07:24:14] [INFO] loss: 2.82875276
[GPU 0] [07:24:16] [INFO] ROUTED - ADVERSARIAL FT START
[GPU 0] [07:24:16] [INFO] ---- Begin FT | Experts: ['core'] | Data: ['code-lisp'] ----
[GPU 0] [07:24:16] [DEBUG] num_seq: 512, num_rounds: 200, patience: 10
[GPU 0] [07:24:16] [DEBUG] local_x: torch.Size([64, 1024]), local_y: torch.Size([64, 1024]), num_steps: 3, per_gpu: 64, mbs_size: 23
[GPU 0] [07:24:22] [INFO] New best validation loss: 1.5393 @ step 0
[GPU 0] [07:24:27] [INFO] New best validation loss: 1.3670 @ step 1
[GPU 0] [07:24:33] [INFO] New best validation loss: 1.3242 @ step 2
[GPU 0] [07:24:38] [INFO] New best validation loss: 1.2855 @ step 3
[GPU 0] [07:24:43] [INFO] New best validation loss: 1.2569 @ step 4
[GPU 0] [07:24:49] [INFO] New best validation loss: 1.2305 @ step 5
[GPU 0] [07:24:54] [INFO] New best validation loss: 1.2095 @ step 6
[GPU 0] [07:24:59] [INFO] New best validation loss: 1.1925 @ step 7
[GPU 0] [07:25:05] [INFO] New best validation loss: 1.1778 @ step 8
[GPU 0] [07:25:10] [INFO] New best validation loss: 1.1641 @ step 9
[GPU 0] [07:25:15] [INFO] New best validation loss: 1.1503 @ step 10
[GPU 0] [07:25:21] [INFO] New best validation loss: 1.1375 @ step 11
[GPU 0] [07:25:26] [INFO] New best validation loss: 1.1265 @ step 12
[GPU 0] [07:25:31] [INFO] New best validation loss: 1.1174 @ step 13
[GPU 0] [07:25:37] [INFO] New best validation loss: 1.1094 @ step 14
[GPU 0] [07:25:42] [INFO] New best validation loss: 1.1015 @ step 15
[GPU 0] [07:25:47] [INFO] New best validation loss: 1.0948 @ step 16
[GPU 0] [07:25:52] [INFO] New best validation loss: 1.0879 @ step 17
[GPU 0] [07:25:58] [INFO] New best validation loss: 1.0813 @ step 18
[GPU 0] [07:26:03] [INFO] New best validation loss: 1.0755 @ step 19
[GPU 0] [07:26:08] [INFO] New best validation loss: 1.0718 @ step 20
[GPU 0] [07:26:14] [INFO] New best validation loss: 1.0689 @ step 21
[GPU 0] [07:26:19] [INFO] New best validation loss: 1.0670 @ step 22
[GPU 0] [07:26:24] [INFO] New best validation loss: 1.0652 @ step 23
[GPU 0] [07:26:30] [INFO] New best validation loss: 1.0630 @ step 24
[GPU 0] [07:26:35] [INFO] New best validation loss: 1.0608 @ step 25
[GPU 0] [07:26:40] [INFO] New best validation loss: 1.0592 @ step 26
[GPU 0] [07:26:46] [INFO] New best validation loss: 1.0589 @ step 27
[GPU 0] [07:27:44] [INFO] Stop FT @ 39: no val improvement for 10 steps
[GPU 0] [07:27:44] [INFO] Wrote stats.jsonl entries at FT step 27 
[GPU 0] [07:27:45] [INFO] ---- Begin FT | Experts: ['core'] | Data: ['papers-biology'] ----
[GPU 0] [07:27:45] [DEBUG] num_seq: 512, num_rounds: 200, patience: 10
[GPU 0] [07:27:45] [DEBUG] local_x: torch.Size([64, 1024]), local_y: torch.Size([64, 1024]), num_steps: 3, per_gpu: 64, mbs_size: 23
[GPU 0] [07:27:50] [INFO] New best validation loss: 2.6743 @ step 0
[GPU 0] [07:27:56] [INFO] New best validation loss: 2.6309 @ step 1
[GPU 0] [07:28:01] [INFO] New best validation loss: 2.6292 @ step 2
[GPU 0] [07:28:06] [INFO] New best validation loss: 2.6225 @ step 3
[GPU 0] [07:28:12] [INFO] New best validation loss: 2.6170 @ step 4
[GPU 0] [07:28:17] [INFO] New best validation loss: 2.6155 @ step 5
[GPU 0] [07:29:16] [INFO] Stop FT @ 17: no val improvement for 10 steps
[GPU 0] [07:29:16] [INFO] Wrote stats.jsonl entries at FT step 5 
[GPU 0] [07:29:17] [INFO] ---- Begin FT | Experts: ['core'] | Data: ['papers-cyber'] ----
[GPU 0] [07:29:17] [DEBUG] num_seq: 512, num_rounds: 200, patience: 10
[GPU 0] [07:29:17] [DEBUG] local_x: torch.Size([64, 1024]), local_y: torch.Size([64, 1024]), num_steps: 3, per_gpu: 64, mbs_size: 23
[GPU 0] [07:29:22] [INFO] New best validation loss: 2.9239 @ step 0
[GPU 0] [07:29:27] [INFO] New best validation loss: 2.8803 @ step 1
[GPU 0] [07:29:33] [INFO] New best validation loss: 2.8730 @ step 2
[GPU 0] [07:29:38] [INFO] New best validation loss: 2.8700 @ step 3
[GPU 0] [07:29:43] [INFO] New best validation loss: 2.8669 @ step 4
[GPU 0] [07:29:49] [INFO] New best validation loss: 2.8657 @ step 5
[GPU 0] [07:30:49] [INFO] Stop FT @ 17: no val improvement for 10 steps
[GPU 0] [07:30:49] [INFO] Wrote stats.jsonl entries at FT step 5 
[GPU 0] [07:30:50] [INFO] ---- Begin FT | Experts: ['core'] | Data: ['papers-nuclear'] ----
[GPU 0] [07:30:50] [DEBUG] num_seq: 512, num_rounds: 200, patience: 10
[GPU 0] [07:30:50] [DEBUG] local_x: torch.Size([64, 1024]), local_y: torch.Size([64, 1024]), num_steps: 3, per_gpu: 64, mbs_size: 23
[GPU 0] [07:30:55] [INFO] New best validation loss: 3.0373 @ step 0
[GPU 0] [07:31:00] [INFO] New best validation loss: 2.9752 @ step 1
[GPU 0] [07:31:06] [INFO] New best validation loss: 2.9673 @ step 2
[GPU 0] [07:31:11] [INFO] New best validation loss: 2.9663 @ step 3
[GPU 0] [07:31:16] [INFO] New best validation loss: 2.9619 @ step 4
[GPU 0] [07:31:22] [INFO] New best validation loss: 2.9570 @ step 5
[GPU 0] [07:31:27] [INFO] New best validation loss: 2.9536 @ step 6
[GPU 0] [07:31:32] [INFO] New best validation loss: 2.9532 @ step 7
[GPU 0] [07:32:32] [INFO] Stop FT @ 19: no val improvement for 10 steps
[GPU 0] [07:32:32] [INFO] Wrote stats.jsonl entries at FT step 7 
[GPU 0] [07:32:32] [INFO] ROUTED - ADVERSARIAL FT START
[GPU 0] [07:32:32] [INFO] ---- Begin FT | Experts: ['code-lisp', 'core'] | Data: ['papers-biology'] ----
[GPU 0] [07:32:32] [DEBUG] num_seq: 512, num_rounds: 200, patience: 10
[GPU 0] [07:32:32] [DEBUG] local_x: torch.Size([64, 1024]), local_y: torch.Size([64, 1024]), num_steps: 3, per_gpu: 64, mbs_size: 23
[GPU 0] [07:32:38] [INFO] New best validation loss: 2.6779 @ step 0
[GPU 0] [07:32:44] [INFO] New best validation loss: 2.6310 @ step 1
[GPU 0] [07:32:49] [INFO] New best validation loss: 2.6296 @ step 2
[GPU 0] [07:32:55] [INFO] New best validation loss: 2.6224 @ step 3
[GPU 0] [07:33:00] [INFO] New best validation loss: 2.6169 @ step 4
[GPU 0] [07:33:06] [INFO] New best validation loss: 2.6153 @ step 5
[GPU 0] [07:34:07] [INFO] Stop FT @ 17: no val improvement for 10 steps
[GPU 0] [07:34:07] [INFO] Wrote stats.jsonl entries at FT step 5 
[GPU 0] [07:34:08] [INFO] ---- Begin FT | Experts: ['code-lisp', 'core'] | Data: ['papers-cyber'] ----
[GPU 0] [07:34:08] [DEBUG] num_seq: 512, num_rounds: 200, patience: 10
[GPU 0] [07:34:08] [DEBUG] local_x: torch.Size([64, 1024]), local_y: torch.Size([64, 1024]), num_steps: 3, per_gpu: 64, mbs_size: 23
[GPU 0] [07:34:13] [INFO] New best validation loss: 2.9280 @ step 0
[GPU 0] [07:34:19] [INFO] New best validation loss: 2.8792 @ step 1
[GPU 0] [07:34:25] [INFO] New best validation loss: 2.8733 @ step 2
[GPU 0] [07:34:30] [INFO] New best validation loss: 2.8702 @ step 3
[GPU 0] [07:34:36] [INFO] New best validation loss: 2.8673 @ step 4
[GPU 0] [07:34:41] [INFO] New best validation loss: 2.8660 @ step 5
[GPU 0] [07:35:44] [INFO] Stop FT @ 17: no val improvement for 10 steps
[GPU 0] [07:35:44] [INFO] Wrote stats.jsonl entries at FT step 5 
[GPU 0] [07:35:44] [INFO] ---- Begin FT | Experts: ['code-lisp', 'core'] | Data: ['papers-nuclear'] ----
[GPU 0] [07:35:44] [DEBUG] num_seq: 512, num_rounds: 200, patience: 10
[GPU 0] [07:35:44] [DEBUG] local_x: torch.Size([64, 1024]), local_y: torch.Size([64, 1024]), num_steps: 3, per_gpu: 64, mbs_size: 23
[GPU 0] [07:35:50] [INFO] New best validation loss: 3.0414 @ step 0
[GPU 0] [07:35:55] [INFO] New best validation loss: 2.9757 @ step 1
[GPU 0] [07:36:01] [INFO] New best validation loss: 2.9685 @ step 2
[GPU 0] [07:36:07] [INFO] New best validation loss: 2.9665 @ step 3
[GPU 0] [07:36:12] [INFO] New best validation loss: 2.9623 @ step 4
[GPU 0] [07:36:18] [INFO] New best validation loss: 2.9575 @ step 5
[GPU 0] [07:36:23] [INFO] New best validation loss: 2.9540 @ step 6
[GPU 0] [07:36:29] [INFO] New best validation loss: 2.9534 @ step 7
[GPU 0] [07:37:30] [INFO] Stop FT @ 19: no val improvement for 10 steps
[GPU 0] [07:37:30] [INFO] Wrote stats.jsonl entries at FT step 7 
[GPU 0] [07:37:31] [INFO] ROUTED - ADVERSARIAL FT START
[GPU 0] [07:37:31] [INFO] ---- Begin FT | Experts: ['core', 'papers-biology'] | Data: ['code-lisp'] ----
[GPU 0] [07:37:31] [DEBUG] num_seq: 512, num_rounds: 200, patience: 10
[GPU 0] [07:37:31] [DEBUG] local_x: torch.Size([64, 1024]), local_y: torch.Size([64, 1024]), num_steps: 3, per_gpu: 64, mbs_size: 23
[GPU 0] [07:37:37] [INFO] New best validation loss: 1.5396 @ step 0
[GPU 0] [07:37:42] [INFO] New best validation loss: 1.3668 @ step 1
[GPU 0] [07:37:48] [INFO] New best validation loss: 1.3238 @ step 2
[GPU 0] [07:37:53] [INFO] New best validation loss: 1.2855 @ step 3
[GPU 0] [07:37:59] [INFO] New best validation loss: 1.2571 @ step 4
[GPU 0] [07:38:05] [INFO] New best validation loss: 1.2309 @ step 5
[GPU 0] [07:38:10] [INFO] New best validation loss: 1.2097 @ step 6
[GPU 0] [07:38:16] [INFO] New best validation loss: 1.1925 @ step 7
[GPU 0] [07:38:21] [INFO] New best validation loss: 1.1779 @ step 8
[GPU 0] [07:38:27] [INFO] New best validation loss: 1.1639 @ step 9
[GPU 0] [07:38:33] [INFO] New best validation loss: 1.1500 @ step 10
[GPU 0] [07:38:38] [INFO] New best validation loss: 1.1373 @ step 11
[GPU 0] [07:38:44] [INFO] New best validation loss: 1.1264 @ step 12
[GPU 0] [07:38:49] [INFO] New best validation loss: 1.1174 @ step 13
[GPU 0] [07:38:55] [INFO] New best validation loss: 1.1092 @ step 14
[GPU 0] [07:39:01] [INFO] New best validation loss: 1.1013 @ step 15
[GPU 0] [07:39:06] [INFO] New best validation loss: 1.0944 @ step 16
[GPU 0] [07:39:12] [INFO] New best validation loss: 1.0877 @ step 17
[GPU 0] [07:39:17] [INFO] New best validation loss: 1.0811 @ step 18
[GPU 0] [07:39:23] [INFO] New best validation loss: 1.0756 @ step 19
[GPU 0] [07:39:29] [INFO] New best validation loss: 1.0717 @ step 20
[GPU 0] [07:39:34] [INFO] New best validation loss: 1.0688 @ step 21
[GPU 0] [07:39:40] [INFO] New best validation loss: 1.0667 @ step 22
[GPU 0] [07:39:45] [INFO] New best validation loss: 1.0649 @ step 23
[GPU 0] [07:39:51] [INFO] New best validation loss: 1.0627 @ step 24
[GPU 0] [07:39:57] [INFO] New best validation loss: 1.0609 @ step 25
[GPU 0] [07:40:02] [INFO] New best validation loss: 1.0594 @ step 26
[GPU 0] [07:40:08] [INFO] New best validation loss: 1.0590 @ step 27
[GPU 0] [07:41:09] [INFO] Stop FT @ 39: no val improvement for 10 steps
[GPU 0] [07:41:09] [INFO] Wrote stats.jsonl entries at FT step 27 
[GPU 0] [07:41:10] [INFO] ---- Begin FT | Experts: ['core', 'papers-biology'] | Data: ['papers-cyber'] ----
[GPU 0] [07:41:10] [DEBUG] num_seq: 512, num_rounds: 200, patience: 10
[GPU 0] [07:41:10] [DEBUG] local_x: torch.Size([64, 1024]), local_y: torch.Size([64, 1024]), num_steps: 3, per_gpu: 64, mbs_size: 23
[GPU 0] [07:41:16] [INFO] New best validation loss: 2.9161 @ step 0
[GPU 0] [07:41:21] [INFO] New best validation loss: 2.8835 @ step 1
[GPU 0] [07:41:27] [INFO] New best validation loss: 2.8726 @ step 2
[GPU 0] [07:41:32] [INFO] New best validation loss: 2.8692 @ step 3
[GPU 0] [07:41:38] [INFO] New best validation loss: 2.8659 @ step 4
[GPU 0] [07:41:44] [INFO] New best validation loss: 2.8636 @ step 5
[GPU 0] [07:42:46] [INFO] Stop FT @ 17: no val improvement for 10 steps
[GPU 0] [07:42:46] [INFO] Wrote stats.jsonl entries at FT step 5 
[GPU 0] [07:42:46] [INFO] ---- Begin FT | Experts: ['core', 'papers-biology'] | Data: ['papers-nuclear'] ----
[GPU 0] [07:42:46] [DEBUG] num_seq: 512, num_rounds: 200, patience: 10
[GPU 0] [07:42:46] [DEBUG] local_x: torch.Size([64, 1024]), local_y: torch.Size([64, 1024]), num_steps: 3, per_gpu: 64, mbs_size: 23
[GPU 0] [07:42:52] [INFO] New best validation loss: 3.0158 @ step 0
[GPU 0] [07:42:58] [INFO] New best validation loss: 2.9722 @ step 1
[GPU 0] [07:43:03] [INFO] New best validation loss: 2.9635 @ step 2
[GPU 0] [07:43:09] [INFO] New best validation loss: 2.9611 @ step 3
[GPU 0] [07:43:14] [INFO] New best validation loss: 2.9558 @ step 4
[GPU 0] [07:43:20] [INFO] New best validation loss: 2.9506 @ step 5
[GPU 0] [07:43:26] [INFO] New best validation loss: 2.9488 @ step 6
[GPU 0] [07:44:27] [INFO] Stop FT @ 18: no val improvement for 10 steps
[GPU 0] [07:44:27] [INFO] Wrote stats.jsonl entries at FT step 6 
[GPU 0] [07:44:27] [INFO] ROUTED - ADVERSARIAL FT START
[GPU 0] [07:44:28] [INFO] ---- Begin FT | Experts: ['core', 'papers-nuclear'] | Data: ['code-lisp'] ----
[GPU 0] [07:44:28] [DEBUG] num_seq: 512, num_rounds: 200, patience: 10
[GPU 0] [07:44:28] [DEBUG] local_x: torch.Size([64, 1024]), local_y: torch.Size([64, 1024]), num_steps: 3, per_gpu: 64, mbs_size: 23
[GPU 0] [07:44:33] [INFO] New best validation loss: 1.5413 @ step 0
[GPU 0] [07:44:39] [INFO] New best validation loss: 1.3648 @ step 1
[GPU 0] [07:44:45] [INFO] New best validation loss: 1.3236 @ step 2
[GPU 0] [07:44:51] [INFO] New best validation loss: 1.2853 @ step 3
[GPU 0] [07:44:56] [INFO] New best validation loss: 1.2572 @ step 4
[GPU 0] [07:45:02] [INFO] New best validation loss: 1.2306 @ step 5
[GPU 0] [07:45:08] [INFO] New best validation loss: 1.2096 @ step 6
[GPU 0] [07:45:14] [INFO] New best validation loss: 1.1924 @ step 7
[GPU 0] [07:45:20] [INFO] New best validation loss: 1.1776 @ step 8
[GPU 0] [07:45:25] [INFO] New best validation loss: 1.1638 @ step 9
[GPU 0] [07:45:31] [INFO] New best validation loss: 1.1499 @ step 10
[GPU 0] [07:45:36] [INFO] New best validation loss: 1.1373 @ step 11
[GPU 0] [07:45:42] [INFO] New best validation loss: 1.1263 @ step 12
[GPU 0] [07:45:48] [INFO] New best validation loss: 1.1172 @ step 13
[GPU 0] [07:45:53] [INFO] New best validation loss: 1.1091 @ step 14
[GPU 0] [07:45:59] [INFO] New best validation loss: 1.1012 @ step 15
[GPU 0] [07:46:04] [INFO] New best validation loss: 1.0944 @ step 16
[GPU 0] [07:46:10] [INFO] New best validation loss: 1.0875 @ step 17
[GPU 0] [07:46:15] [INFO] New best validation loss: 1.0810 @ step 18
[GPU 0] [07:46:21] [INFO] New best validation loss: 1.0753 @ step 19
[GPU 0] [07:46:27] [INFO] New best validation loss: 1.0710 @ step 20
[GPU 0] [07:46:32] [INFO] New best validation loss: 1.0683 @ step 21
[GPU 0] [07:46:38] [INFO] New best validation loss: 1.0664 @ step 22
[GPU 0] [07:46:44] [INFO] New best validation loss: 1.0648 @ step 23
[GPU 0] [07:46:49] [INFO] New best validation loss: 1.0626 @ step 24
[GPU 0] [07:46:55] [INFO] New best validation loss: 1.0605 @ step 25
[GPU 0] [07:47:00] [INFO] New best validation loss: 1.0587 @ step 26
[GPU 0] [07:47:06] [INFO] New best validation loss: 1.0585 @ step 27
[GPU 0] [07:48:07] [INFO] Stop FT @ 39: no val improvement for 10 steps
[GPU 0] [07:48:07] [INFO] Wrote stats.jsonl entries at FT step 27 
[GPU 0] [07:48:08] [INFO] ---- Begin FT | Experts: ['core', 'papers-nuclear'] | Data: ['papers-biology'] ----
[GPU 0] [07:48:08] [DEBUG] num_seq: 512, num_rounds: 200, patience: 10
[GPU 0] [07:48:08] [DEBUG] local_x: torch.Size([64, 1024]), local_y: torch.Size([64, 1024]), num_steps: 3, per_gpu: 64, mbs_size: 23
[GPU 0] [07:48:14] [INFO] New best validation loss: 2.6770 @ step 0
[GPU 0] [07:48:19] [INFO] New best validation loss: 2.6429 @ step 1
[GPU 0] [07:48:25] [INFO] New best validation loss: 2.6317 @ step 2
[GPU 0] [07:48:30] [INFO] New best validation loss: 2.6234 @ step 3
[GPU 0] [07:48:36] [INFO] New best validation loss: 2.6177 @ step 4
[GPU 0] [07:48:41] [INFO] New best validation loss: 2.6162 @ step 5
[GPU 0] [07:48:47] [INFO] New best validation loss: 2.6160 @ step 6
[GPU 0] [07:49:48] [INFO] Stop FT @ 18: no val improvement for 10 steps
[GPU 0] [07:49:48] [INFO] Wrote stats.jsonl entries at FT step 6 
[GPU 0] [07:49:49] [INFO] ---- Begin FT | Experts: ['core', 'papers-nuclear'] | Data: ['papers-cyber'] ----
[GPU 0] [07:49:49] [DEBUG] num_seq: 512, num_rounds: 200, patience: 10
[GPU 0] [07:49:49] [DEBUG] local_x: torch.Size([64, 1024]), local_y: torch.Size([64, 1024]), num_steps: 3, per_gpu: 64, mbs_size: 23
[GPU 0] [07:49:54] [INFO] New best validation loss: 2.9247 @ step 0
[GPU 0] [07:50:00] [INFO] New best validation loss: 2.8781 @ step 1
[GPU 0] [07:50:06] [INFO] New best validation loss: 2.8674 @ step 2
[GPU 0] [07:50:11] [INFO] New best validation loss: 2.8653 @ step 3
[GPU 0] [07:50:17] [INFO] New best validation loss: 2.8609 @ step 4
[GPU 0] [07:50:22] [INFO] New best validation loss: 2.8579 @ step 5
[GPU 0] [07:51:24] [INFO] Stop FT @ 17: no val improvement for 10 steps
[GPU 0] [07:51:24] [INFO] Wrote stats.jsonl entries at FT step 5 
[GPU 0] [07:51:24] [INFO] ROUTED - ADVERSARIAL FT START
[GPU 0] [07:51:25] [INFO] ---- Begin FT | Experts: ['core', 'papers-cyber'] | Data: ['code-lisp'] ----
[GPU 0] [07:51:25] [DEBUG] num_seq: 512, num_rounds: 200, patience: 10
[GPU 0] [07:51:25] [DEBUG] local_x: torch.Size([64, 1024]), local_y: torch.Size([64, 1024]), num_steps: 3, per_gpu: 64, mbs_size: 23
[GPU 0] [07:51:31] [INFO] New best validation loss: 1.5426 @ step 0
[GPU 0] [07:51:37] [INFO] New best validation loss: 1.3694 @ step 1
[GPU 0] [07:51:42] [INFO] New best validation loss: 1.3260 @ step 2
[GPU 0] [07:51:48] [INFO] New best validation loss: 1.2869 @ step 3
[GPU 0] [07:51:54] [INFO] New best validation loss: 1.2583 @ step 4
[GPU 0] [07:51:59] [INFO] New best validation loss: 1.2317 @ step 5
[GPU 0] [07:52:05] [INFO] New best validation loss: 1.2109 @ step 6
[GPU 0] [07:52:10] [INFO] New best validation loss: 1.1939 @ step 7
[GPU 0] [07:52:16] [INFO] New best validation loss: 1.1789 @ step 8
[GPU 0] [07:52:22] [INFO] New best validation loss: 1.1652 @ step 9
[GPU 0] [07:52:28] [INFO] New best validation loss: 1.1515 @ step 10
[GPU 0] [07:52:34] [INFO] New best validation loss: 1.1387 @ step 11
[GPU 0] [07:52:39] [INFO] New best validation loss: 1.1278 @ step 12
[GPU 0] [07:52:45] [INFO] New best validation loss: 1.1187 @ step 13
[GPU 0] [07:52:51] [INFO] New best validation loss: 1.1103 @ step 14
[GPU 0] [07:52:56] [INFO] New best validation loss: 1.1027 @ step 15
[GPU 0] [07:53:02] [INFO] New best validation loss: 1.0961 @ step 16
[GPU 0] [07:53:07] [INFO] New best validation loss: 1.0892 @ step 17
[GPU 0] [07:53:13] [INFO] New best validation loss: 1.0824 @ step 18
[GPU 0] [07:53:19] [INFO] New best validation loss: 1.0766 @ step 19
[GPU 0] [07:53:24] [INFO] New best validation loss: 1.0727 @ step 20
[GPU 0] [07:53:30] [INFO] New best validation loss: 1.0695 @ step 21
[GPU 0] [07:53:35] [INFO] New best validation loss: 1.0675 @ step 22
[GPU 0] [07:53:41] [INFO] New best validation loss: 1.0658 @ step 23
[GPU 0] [07:53:46] [INFO] New best validation loss: 1.0635 @ step 24
[GPU 0] [07:53:52] [INFO] New best validation loss: 1.0614 @ step 25
[GPU 0] [07:53:58] [INFO] New best validation loss: 1.0597 @ step 26
[GPU 0] [07:54:03] [INFO] New best validation loss: 1.0591 @ step 27
[GPU 0] [07:55:05] [INFO] Stop FT @ 39: no val improvement for 10 steps
[GPU 0] [07:55:05] [INFO] Wrote stats.jsonl entries at FT step 27 
[GPU 0] [07:55:06] [INFO] ---- Begin FT | Experts: ['core', 'papers-cyber'] | Data: ['papers-biology'] ----
[GPU 0] [07:55:06] [DEBUG] num_seq: 512, num_rounds: 200, patience: 10
[GPU 0] [07:55:06] [DEBUG] local_x: torch.Size([64, 1024]), local_y: torch.Size([64, 1024]), num_steps: 3, per_gpu: 64, mbs_size: 23
[GPU 0] [07:55:11] [INFO] New best validation loss: 2.6739 @ step 0
[GPU 0] [07:55:17] [INFO] New best validation loss: 2.6349 @ step 1
[GPU 0] [07:55:22] [INFO] New best validation loss: 2.6277 @ step 2
[GPU 0] [07:55:28] [INFO] New best validation loss: 2.6227 @ step 3
[GPU 0] [07:55:33] [INFO] New best validation loss: 2.6171 @ step 4
[GPU 0] [07:55:39] [INFO] New best validation loss: 2.6152 @ step 5
[GPU 0] [07:56:41] [INFO] Stop FT @ 17: no val improvement for 10 steps
[GPU 0] [07:56:41] [INFO] Wrote stats.jsonl entries at FT step 5 
[GPU 0] [07:56:42] [INFO] ---- Begin FT | Experts: ['core', 'papers-cyber'] | Data: ['papers-nuclear'] ----
[GPU 0] [07:56:42] [DEBUG] num_seq: 512, num_rounds: 200, patience: 10
[GPU 0] [07:56:42] [DEBUG] local_x: torch.Size([64, 1024]), local_y: torch.Size([64, 1024]), num_steps: 3, per_gpu: 64, mbs_size: 23
[GPU 0] [07:56:47] [INFO] New best validation loss: 3.0219 @ step 0
[GPU 0] [07:56:53] [INFO] New best validation loss: 2.9751 @ step 1
[GPU 0] [07:56:58] [INFO] New best validation loss: 2.9650 @ step 2
[GPU 0] [07:57:04] [INFO] New best validation loss: 2.9620 @ step 3
[GPU 0] [07:57:10] [INFO] New best validation loss: 2.9575 @ step 4
[GPU 0] [07:57:15] [INFO] New best validation loss: 2.9527 @ step 5
[GPU 0] [07:57:21] [INFO] New best validation loss: 2.9496 @ step 6
[GPU 0] [07:58:22] [INFO] Stop FT @ 18: no val improvement for 10 steps
[GPU 0] [07:58:22] [INFO] Wrote stats.jsonl entries at FT step 6 
[GPU 0] [07:58:22] [INFO] ROUTED - ADVERSARIAL FT START
[GPU 0] [07:58:23] [INFO] ---- Begin FT | Experts: ['core', 'papers-biology', 'papers-cyber', 'papers-nuclear'] | Data: ['code-lisp'] ----
[GPU 0] [07:58:23] [DEBUG] num_seq: 512, num_rounds: 200, patience: 10
[GPU 0] [07:58:23] [DEBUG] local_x: torch.Size([64, 1024]), local_y: torch.Size([64, 1024]), num_steps: 3, per_gpu: 64, mbs_size: 23
[GPU 0] [07:58:29] [INFO] New best validation loss: 1.5453 @ step 0
[GPU 0] [07:58:35] [INFO] New best validation loss: 1.3674 @ step 1
[GPU 0] [07:58:41] [INFO] New best validation loss: 1.3253 @ step 2
[GPU 0] [07:58:47] [INFO] New best validation loss: 1.2869 @ step 3
[GPU 0] [07:58:53] [INFO] New best validation loss: 1.2589 @ step 4
[GPU 0] [07:58:59] [INFO] New best validation loss: 1.2327 @ step 5
[GPU 0] [07:59:05] [INFO] New best validation loss: 1.2111 @ step 6
[GPU 0] [07:59:11] [INFO] New best validation loss: 1.1939 @ step 7
[GPU 0] [07:59:17] [INFO] New best validation loss: 1.1788 @ step 8
[GPU 0] [07:59:23] [INFO] New best validation loss: 1.1650 @ step 9
[GPU 0] [07:59:29] [INFO] New best validation loss: 1.1511 @ step 10
[GPU 0] [07:59:35] [INFO] New best validation loss: 1.1385 @ step 11
[GPU 0] [07:59:41] [INFO] New best validation loss: 1.1276 @ step 12
[GPU 0] [07:59:47] [INFO] New best validation loss: 1.1186 @ step 13
[GPU 0] [07:59:53] [INFO] New best validation loss: 1.1103 @ step 14
[GPU 0] [07:59:59] [INFO] New best validation loss: 1.1024 @ step 15
[GPU 0] [08:00:05] [INFO] New best validation loss: 1.0954 @ step 16
[GPU 0] [08:00:12] [INFO] New best validation loss: 1.0888 @ step 17
[GPU 0] [08:00:18] [INFO] New best validation loss: 1.0821 @ step 18
[GPU 0] [08:00:24] [INFO] New best validation loss: 1.0764 @ step 19
[GPU 0] [08:00:30] [INFO] New best validation loss: 1.0723 @ step 20
[GPU 0] [08:00:36] [INFO] New best validation loss: 1.0691 @ step 21
[GPU 0] [08:00:42] [INFO] New best validation loss: 1.0671 @ step 22
[GPU 0] [08:00:48] [INFO] New best validation loss: 1.0652 @ step 23
[GPU 0] [08:00:54] [INFO] New best validation loss: 1.0634 @ step 24
[GPU 0] [08:01:00] [INFO] New best validation loss: 1.0614 @ step 25
[GPU 0] [08:01:06] [INFO] New best validation loss: 1.0595 @ step 26
[GPU 0] [08:01:12] [INFO] New best validation loss: 1.0590 @ step 27
[GPU 0] [08:02:18] [INFO] Stop FT @ 39: no val improvement for 10 steps
[GPU 0] [08:02:18] [INFO] Wrote stats.jsonl entries at FT step 27 
[GPU 0] [08:02:18] [INFO] ROUTED - ADVERSARIAL FT START
[GPU 0] [08:02:18] [INFO] ---- Begin FT | Experts: ['code-lisp', 'core', 'papers-cyber', 'papers-nuclear'] | Data: ['papers-biology'] ----
[GPU 0] [08:02:18] [DEBUG] num_seq: 512, num_rounds: 200, patience: 10
[GPU 0] [08:02:18] [DEBUG] local_x: torch.Size([64, 1024]), local_y: torch.Size([64, 1024]), num_steps: 3, per_gpu: 64, mbs_size: 23
[GPU 0] [08:02:24] [INFO] New best validation loss: 2.6810 @ step 0
[GPU 0] [08:02:30] [INFO] New best validation loss: 2.6401 @ step 1
[GPU 0] [08:02:36] [INFO] New best validation loss: 2.6305 @ step 2
[GPU 0] [08:02:42] [INFO] New best validation loss: 2.6227 @ step 3
[GPU 0] [08:02:48] [INFO] New best validation loss: 2.6171 @ step 4
[GPU 0] [08:02:54] [INFO] New best validation loss: 2.6150 @ step 5
[GPU 0] [08:04:01] [INFO] Stop FT @ 17: no val improvement for 10 steps
[GPU 0] [08:04:01] [INFO] Wrote stats.jsonl entries at FT step 5 
[GPU 0] [08:04:01] [INFO] ROUTED - ADVERSARIAL FT START
[GPU 0] [08:04:01] [INFO] ---- Begin FT | Experts: ['code-lisp', 'core', 'papers-biology', 'papers-cyber'] | Data: ['papers-nuclear'] ----
[GPU 0] [08:04:01] [DEBUG] num_seq: 512, num_rounds: 200, patience: 10
[GPU 0] [08:04:01] [DEBUG] local_x: torch.Size([64, 1024]), local_y: torch.Size([64, 1024]), num_steps: 3, per_gpu: 64, mbs_size: 23
[GPU 0] [08:04:07] [INFO] New best validation loss: 3.0161 @ step 0
[GPU 0] [08:04:13] [INFO] New best validation loss: 2.9724 @ step 1
[GPU 0] [08:04:19] [INFO] New best validation loss: 2.9626 @ step 2
[GPU 0] [08:04:25] [INFO] New best validation loss: 2.9596 @ step 3
[GPU 0] [08:04:31] [INFO] New best validation loss: 2.9550 @ step 4
[GPU 0] [08:04:37] [INFO] New best validation loss: 2.9498 @ step 5
[GPU 0] [08:04:43] [INFO] New best validation loss: 2.9478 @ step 6
[GPU 0] [08:05:49] [INFO] Stop FT @ 18: no val improvement for 10 steps
[GPU 0] [08:05:49] [INFO] Wrote stats.jsonl entries at FT step 6 
[GPU 0] [08:05:49] [INFO] ROUTED - ADVERSARIAL FT START
[GPU 0] [08:05:50] [INFO] ---- Begin FT | Experts: ['code-lisp', 'core', 'papers-biology', 'papers-nuclear'] | Data: ['papers-cyber'] ----
[GPU 0] [08:05:50] [DEBUG] num_seq: 512, num_rounds: 200, patience: 10
[GPU 0] [08:05:50] [DEBUG] local_x: torch.Size([64, 1024]), local_y: torch.Size([64, 1024]), num_steps: 3, per_gpu: 64, mbs_size: 23
[GPU 0] [08:05:56] [INFO] New best validation loss: 2.9166 @ step 0
[GPU 0] [08:06:02] [INFO] New best validation loss: 2.8760 @ step 1
[GPU 0] [08:06:08] [INFO] New best validation loss: 2.8651 @ step 2
[GPU 0] [08:06:14] [INFO] New best validation loss: 2.8630 @ step 3
[GPU 0] [08:06:20] [INFO] New best validation loss: 2.8595 @ step 4
[GPU 0] [08:06:26] [INFO] New best validation loss: 2.8578 @ step 5
[GPU 0] [08:07:31] [INFO] Stop FT @ 17: no val improvement for 10 steps
[GPU 0] [08:07:31] [INFO] Wrote stats.jsonl entries at FT step 5 
[GPU 0] [08:14:39] [INFO] ----------------------------------------
[GPU 0] [08:14:39] [INFO] Finished. See /workspace/gradient-routing/experiments/AGI-1699-New-Dataset-Runs/results/partial/400M/seed_1/20260521234027049555
