[GPU 0] [16:06:04] [INFO] Git branch: AGI-1696-New-Dataset-Runs_ethan, commit: fa8438808754575b025b33f33f04011e4cc2c521
[GPU 0] [16:06:04] [INFO] Number of GPUs: 8
[GPU 0] [16:06:06] [INFO] Tokenizer vocabulary: 50257
[GPU 0] [16:06:06] [INFO] Set model vocab size to nearest multiple of 64 of tokenizer size: 50304
[GPU 0] [16:06:13] [INFO] target effective batch size: 641, actual effective batch size: 672, micro batch size: 12, accumulation steps: 7, num gpus: 8
[GPU 0] [16:06:13] [INFO] core total number of tokens: 66749057569
[GPU 0] [16:06:13] [INFO] Baseline model has 806,509,504 parameters
[GPU 0] [16:06:13] [INFO] core: chinchilla optimal tokens: 16,130,190,080, requested proportion: 1.0000, requested number of tokens: 16,130,190,080.0, 
[GPU 0] [16:06:13] [INFO] aux total number of tokens: 4835776549
[GPU 0] [16:06:13] [INFO] Baseline model has 806,509,504 parameters
[GPU 0] [16:06:13] [INFO] aux: chinchilla optimal tokens: 16,130,190,080, requested proportion: 0.0100, requested number of tokens: 161,301,900.8, 
[GPU 0] [16:06:13] [DEBUG] Saved config to /workspace/gradient-routing/experiments/AGI-1699-New-Dataset-Runs/results/scaling/realistic/coreftaux/800M/seed_3/20260527160602990792/config.json
[GPU 0] [16:06:13] [DEBUG] {
    "stages": [
        {
            "name": "coreftaux",
            "num_checkpoints": -1,
            "lr": 0.0005663534909876918,
            "res_dir": "/workspace/gradient-routing/experiments/AGI-1699-New-Dataset-Runs/results/scaling/realistic/coreftaux/800M/seed_3/20260527160602990792/coreftaux",
            "acc_mode": "uniform",
            "do_eval": true,
            "do_sample": false,
            "num_train_evals": 0,
            "do_elicit": true,
            "elicit_eval_prc": 0.5,
            "elicit_num_evals": 100,
            "retain_targets": null,
            "aux_factor": 1.0,
            "core_aux_ratio": 4.0,
            "label_prc": 1.0,
            "ft_lr_factor": 0.2
        }
    ],
    "model": {
        "arch": "base",
        "tokenizer": "GPT2Tokenizer(name_or_path='EleutherAI/gpt-neo-125M', vocab_size=50257, model_max_length=2048, padding_side='right', truncation_side='right', special_tokens={'bos_token': '<|endoftext|>', 'eos_token': '<|endoftext|>', 'unk_token': '<|endoftext|>'}, added_tokens_decoder={\n\t50256: AddedToken(\"<|endoftext|>\", rstrip=False, lstrip=False, single_word=False, normalized=True, special=True),\n}\n)",
        "ctx_len": 1024,
        "vocab_size": 50304,
        "num_layers": 24,
        "num_heads": 8,
        "num_key_value": 2,
        "attn_bias": true,
        "eos_token_id": 50256,
        "embed_dim": 1600,
        "mlp_dim": 6400
    },
    "data": {
        "dirs": [
            "/workspace/gradient-routing/experiments/AGI-1699-New-Dataset-Runs/src/data/fineweb",
            "/workspace/gradient-routing/experiments/AGI-1699-New-Dataset-Runs/src/data/code",
            "/workspace/gradient-routing/experiments/AGI-1699-New-Dataset-Runs/src/data/papers"
        ],
        "core": {
            "labels": [
                "fineweb",
                "code-other",
                "papers-other"
            ],
            "method": "optimal",
            "limit": 1.0,
            "dist": {
                "fineweb": 0.84,
                "code-other": 0.15,
                "papers-other": 0.01
            },
            "num_tok": 16130190080.0
        },
        "aux": {
            "labels": [
                "code-lisp",
                "papers-biology",
                "papers-nuclear",
                "papers-cyber"
            ],
            "method": "optimal",
            "limit": 0.01,
            "dist": {
                "code-lisp": 0.25,
                "papers-biology": 0.25,
                "papers-nuclear": 0.25,
                "papers-cyber": 0.25
            },
            "num_tok": 161301900.8
        }
    },
    "run": {
        "target_effective_batch_size": 641,
        "effective_batch_size": 672,
        "micro_batch_size": 12,
        "accumulation_steps": 7,
        "max_num_test_sequences": 10000,
        "eval_all_labels": false,
        "micro_batch_anchors": [
            [
                400000000.0,
                23
            ],
            [
                5000000000.0,
                2
            ]
        ],
        "epochs": 1,
        "adam_betas": [
            0.9,
            0.95
        ],
        "warmup_prc": 0.02,
        "decay_prc": 0.1,
        "seed": 3,
        "compile": true,
        "find_unused_parameters": false,
        "is_ddp": true,
        "cleanup_distributed": false,
        "log_level": "DEBUG",
        "num_gpus": 8,
        "process_id": 0,
        "num_base_params": 806509504,
        "device": "cuda",
        "logger": "<Logger training_20260527160602990792 (DEBUG)>",
        "labels": [
            "core",
            "code-lisp",
            "papers-biology",
            "papers-cyber",
            "papers-nuclear"
        ],
        "loaders": {
            "code-lisp": {
                "train": "SingleDataLoader(code-lisp_train_001.bin, len=410)",
                "test": "InterleavedDataLoader(len=105)"
            },
            "code-other": {
                "train": "InterleavedDataLoader(len=24612)",
                "test": "InterleavedDataLoader(len=105)"
            },
            "fineweb": {
                "train": "InterleavedDataLoader(len=137831)",
                "test": "InterleavedDataLoader(len=105)"
            },
            "papers-biology": {
                "train": "SingleDataLoader(papers-biology_train.bin, len=410)",
                "test": "SingleDataLoader(papers-biology_test.bin, len=105)"
            },
            "papers-cyber": {
                "train": "SingleDataLoader(papers-cyber_train.bin, len=410)",
                "test": "SingleDataLoader(papers-cyber_test.bin, len=105)"
            },
            "papers-nuclear": {
                "train": "SingleDataLoader(papers-nuclear_train.bin, len=410)",
                "test": "SingleDataLoader(papers-nuclear_test.bin, len=105)"
            },
            "papers-other": {
                "train": "SingleDataLoader(papers-other_train.bin, len=1640)",
                "test": "SingleDataLoader(papers-other_test.bin, len=105)"
            },
            "core": {
                "train": "InterleavedDataLoader(len=164083)",
                "test": "InterleavedDataLoader(len=315)"
            },
            "aux": {
                "train": "InterleavedDataLoader(len=1640)",
                "test": "InterleavedDataLoader(len=420)"
            },
            "all": {
                "train": "InterleavedDataLoader(len=165723)",
                "test": "InterleavedDataLoader(len=735)"
            }
        },
        "res_root": "/workspace/gradient-routing/experiments/AGI-1699-New-Dataset-Runs/results/scaling/realistic/coreftaux/800M/seed_3",
        "experiment_id": "20260527160602990792",
        "s3_bucket": "ae-gradient-routing-results",
        "s3_prefix": "scaling/realistic/coreftaux/800M/seed_3"
    },
    "label_prc": 1.0
}
[GPU 0] [16:06:13] [INFO] Loader code-lisp train: 410, test: 105
[GPU 0] [16:06:13] [INFO] Loader code-other train: 24612, test: 105
[GPU 0] [16:06:13] [INFO] Loader fineweb train: 137831, test: 105
[GPU 0] [16:06:13] [INFO] Loader papers-biology train: 410, test: 105
[GPU 0] [16:06:13] [INFO] Loader papers-cyber train: 410, test: 105
[GPU 0] [16:06:13] [INFO] Loader papers-nuclear train: 410, test: 105
[GPU 0] [16:06:13] [INFO] Loader papers-other train: 1640, test: 105
[GPU 0] [16:06:13] [INFO] Loader core train: 164083, test: 315
[GPU 0] [16:06:13] [INFO] Loader aux train: 1640, test: 420
[GPU 0] [16:06:13] [INFO] Loader all train: 165723, test: 735
[GPU 0] [16:06:13] [INFO] Stage [coreftaux] start: {"name": "coreftaux", "num_checkpoints": -1, "lr": 0.0005663534909876918, "res_dir": "/workspace/gradient-routing/experiments/AGI-1699-New-Dataset-Runs/results/scaling/realistic/coreftaux/800M/seed_3/20260527160602990792/coreftaux", "acc_mode": "uniform", "do_eval": true, "do_sample": false, "num_train_evals": 0, "do_elicit": true, "elicit_eval_prc": 0.5, "elicit_num_evals": 100, "retain_targets": null, "aux_factor": 1.0, "core_aux_ratio": 4.0, "label_prc": 1.0, "ft_lr_factor": 0.2}
[GPU 0] [16:06:13] [INFO] CORE FT AUX - BASE PHASE START
[GPU 0] [16:06:19] [INFO] Initialized BaseTransformer with 806,509,504 total parameters
[GPU 0] [16:06:19] [INFO] Compiling BaseTransformer with torch.compile...
[GPU 0] [16:06:19] [INFO] torch.compile done
[GPU 0] [16:06:20] [WARNING] restore_partial_state: no checkpoint found at /workspace/gradient-routing/experiments/AGI-1699-New-Dataset-Runs/results/scaling/realistic/coreftaux/800M/seed_3/20260527160602990792/coreftaux/core
[GPU 0] [16:06:20] [INFO] ---- Begin CoreFTAux | Phase: base | Data Label: core ----
[GPU 0] [16:06:20] [DEBUG] acc_mode: uniform, label_prc: 1.0, lr: 0.0005663534909876918
[GPU 0] [16:06:20] [INFO] 
len_all: 165723, len_all_labeled: 165723, len_all_unlabeled: 0,
len_base: 157523, len_ft: 8200,
len_core_for_ft: 6560, len_aux_for_ft: 1640,
aux_factor: {'code-lisp': 1.0, 'papers-biology': 1.0, 'papers-nuclear': 1.0, 'papers-cyber': 1.0}, core_aux_ratio: 4.0,
[GPU 0] [16:06:20] [INFO] Batch [core] count: 157521
[GPU 0] [16:06:20] [INFO] num_total_steps: 22503
[GPU 0] [16:06:20] [INFO] warmup_steps: 450
[GPU 0] [16:06:20] [INFO] constant_steps: 19803
[GPU 0] [16:06:20] [INFO] decay_steps: 2250
[GPU 0] [16:06:20] [INFO] LR Scheduler: Warmup Start
[GPU 0] [16:07:21] [INFO] Step: 1, LR: 1.27e-06
[GPU 0] [16:07:21] [INFO] Train Loss: CORE: 11.11 CODE-LISP: nan PAPERS-BIOLOGY: nan PAPERS-CYBER: nan PAPERS-NUCLEAR: nan 
[GPU 0] [16:17:12] [INFO] LR Scheduler: Constant Start
[GPU 0] [16:29:13] [INFO] Step: 1000, LR: 5.66e-04
[GPU 0] [16:29:13] [INFO] Train Loss: CORE: 3.26 CODE-LISP: nan PAPERS-BIOLOGY: nan PAPERS-CYBER: nan PAPERS-NUCLEAR: nan 
[GPU 0] [16:51:07] [INFO] Step: 2000, LR: 5.66e-04
[GPU 0] [16:51:07] [INFO] Train Loss: CORE: 2.55 CODE-LISP: nan PAPERS-BIOLOGY: nan PAPERS-CYBER: nan PAPERS-NUCLEAR: nan 
[GPU 0] [17:12:59] [INFO] Step: 3000, LR: 5.66e-04
[GPU 0] [17:12:59] [INFO] Train Loss: CORE: 2.78 CODE-LISP: nan PAPERS-BIOLOGY: nan PAPERS-CYBER: nan PAPERS-NUCLEAR: nan 
[GPU 0] [17:34:52] [INFO] Step: 4000, LR: 5.66e-04
[GPU 0] [17:34:52] [INFO] Train Loss: CORE: 3.06 CODE-LISP: nan PAPERS-BIOLOGY: nan PAPERS-CYBER: nan PAPERS-NUCLEAR: nan 
[GPU 0] [17:56:44] [INFO] Step: 5000, LR: 5.66e-04
[GPU 0] [17:56:44] [INFO] Train Loss: CORE: 2.94 CODE-LISP: nan PAPERS-BIOLOGY: nan PAPERS-CYBER: nan PAPERS-NUCLEAR: nan 
[GPU 0] [18:18:36] [INFO] Step: 6000, LR: 5.66e-04
[GPU 0] [18:18:36] [INFO] Train Loss: CORE: 2.26 CODE-LISP: nan PAPERS-BIOLOGY: nan PAPERS-CYBER: nan PAPERS-NUCLEAR: nan 
[GPU 0] [18:40:32] [INFO] Step: 7000, LR: 5.66e-04
[GPU 0] [18:40:32] [INFO] Train Loss: CORE: 2.49 CODE-LISP: nan PAPERS-BIOLOGY: nan PAPERS-CYBER: nan PAPERS-NUCLEAR: nan 
[GPU 0] [19:02:25] [INFO] Step: 8000, LR: 5.66e-04
[GPU 0] [19:02:25] [INFO] Train Loss: CORE: 2.43 CODE-LISP: nan PAPERS-BIOLOGY: nan PAPERS-CYBER: nan PAPERS-NUCLEAR: nan 
[GPU 0] [19:24:17] [INFO] Step: 9000, LR: 5.66e-04
[GPU 0] [19:24:17] [INFO] Train Loss: CORE: 2.70 CODE-LISP: nan PAPERS-BIOLOGY: nan PAPERS-CYBER: nan PAPERS-NUCLEAR: nan 
[GPU 0] [19:46:09] [INFO] Step: 10000, LR: 5.66e-04
[GPU 0] [19:46:09] [INFO] Train Loss: CORE: 2.17 CODE-LISP: nan PAPERS-BIOLOGY: nan PAPERS-CYBER: nan PAPERS-NUCLEAR: nan 
[GPU 0] [20:08:04] [INFO] Step: 11000, LR: 5.66e-04
[GPU 0] [20:08:04] [INFO] Train Loss: CORE: 2.85 CODE-LISP: nan PAPERS-BIOLOGY: nan PAPERS-CYBER: nan PAPERS-NUCLEAR: nan 
[GPU 0] [20:29:56] [INFO] Step: 12000, LR: 5.66e-04
[GPU 0] [20:29:56] [INFO] Train Loss: CORE: 2.57 CODE-LISP: nan PAPERS-BIOLOGY: nan PAPERS-CYBER: nan PAPERS-NUCLEAR: nan 
[GPU 0] [20:51:47] [INFO] Step: 13000, LR: 5.66e-04
[GPU 0] [20:51:47] [INFO] Train Loss: CORE: 2.83 CODE-LISP: nan PAPERS-BIOLOGY: nan PAPERS-CYBER: nan PAPERS-NUCLEAR: nan 
[GPU 0] [21:13:38] [INFO] Step: 14000, LR: 5.66e-04
[GPU 0] [21:13:38] [INFO] Train Loss: CORE: 2.61 CODE-LISP: nan PAPERS-BIOLOGY: nan PAPERS-CYBER: nan PAPERS-NUCLEAR: nan 
[GPU 0] [21:35:33] [INFO] Step: 15000, LR: 5.66e-04
[GPU 0] [21:35:33] [INFO] Train Loss: CORE: 2.38 CODE-LISP: nan PAPERS-BIOLOGY: nan PAPERS-CYBER: nan PAPERS-NUCLEAR: nan 
[GPU 0] [21:57:24] [INFO] Step: 16000, LR: 5.66e-04
[GPU 0] [21:57:24] [INFO] Train Loss: CORE: 2.33 CODE-LISP: nan PAPERS-BIOLOGY: nan PAPERS-CYBER: nan PAPERS-NUCLEAR: nan 
[GPU 0] [22:19:32] [INFO] Step: 17000, LR: 5.66e-04
[GPU 0] [22:19:32] [INFO] Train Loss: CORE: 2.57 CODE-LISP: nan PAPERS-BIOLOGY: nan PAPERS-CYBER: nan PAPERS-NUCLEAR: nan 
[GPU 0] [22:42:10] [INFO] Step: 18000, LR: 5.66e-04
[GPU 0] [22:42:10] [INFO] Train Loss: CORE: 2.35 CODE-LISP: nan PAPERS-BIOLOGY: nan PAPERS-CYBER: nan PAPERS-NUCLEAR: nan 
[GPU 0] [23:04:52] [INFO] Step: 19000, LR: 5.66e-04
[GPU 0] [23:04:52] [INFO] Train Loss: CORE: 2.60 CODE-LISP: nan PAPERS-BIOLOGY: nan PAPERS-CYBER: nan PAPERS-NUCLEAR: nan 
[GPU 0] [23:27:23] [INFO] Step: 20000, LR: 5.66e-04
[GPU 0] [23:27:23] [INFO] Train Loss: CORE: 2.11 CODE-LISP: nan PAPERS-BIOLOGY: nan PAPERS-CYBER: nan PAPERS-NUCLEAR: nan 
[GPU 0] [23:33:06] [INFO] LR Scheduler: Decay Start
[GPU 0] [23:50:02] [INFO] Step: 21000, LR: 3.78e-04
[GPU 0] [23:50:02] [INFO] Train Loss: CORE: 1.63 CODE-LISP: nan PAPERS-BIOLOGY: nan PAPERS-CYBER: nan PAPERS-NUCLEAR: nan 
[GPU 0] [00:12:42] [INFO] Step: 22000, LR: 1.27e-04
[GPU 0] [00:12:42] [INFO] Train Loss: CORE: 2.41 CODE-LISP: nan PAPERS-BIOLOGY: nan PAPERS-CYBER: nan PAPERS-NUCLEAR: nan 
[GPU 0] [00:24:05] [INFO] Step: 22503, LR: 1.00e-08
[GPU 0] [00:24:05] [INFO] Train Loss: CORE: 2.51 CODE-LISP: nan PAPERS-BIOLOGY: nan PAPERS-CYBER: nan PAPERS-NUCLEAR: nan 
[GPU 0] [00:25:23] [INFO] ---- Begin Eval ----
[GPU 0] [00:25:23] [INFO] Data: core | Experts: None
[GPU 0] [00:26:13] [INFO] loss: 1.88222492
[GPU 0] [00:26:13] [INFO] Data: code-lisp | Experts: None
[GPU 0] [00:26:21] [INFO] loss: 1.41688538
[GPU 0] [00:26:21] [INFO] Data: papers-biology | Experts: None
[GPU 0] [00:26:28] [INFO] loss: 2.47181916
[GPU 0] [00:26:28] [INFO] Data: papers-nuclear | Experts: None
[GPU 0] [00:26:35] [INFO] loss: 2.84603786
[GPU 0] [00:26:35] [INFO] Data: papers-cyber | Experts: None
[GPU 0] [00:26:43] [INFO] loss: 2.70924473
[GPU 0] [00:26:45] [INFO] CORE FT AUX - BASE PHASE - ADVERSARIAL FT START
[GPU 0] [00:26:46] [INFO] ---- Begin FT | Experts: None | Data: ['code-lisp'] ----
[GPU 0] [00:26:46] [DEBUG] num_seq: 512, num_rounds: 200, patience: 10
[GPU 0] [00:26:46] [DEBUG] local_x: torch.Size([64, 1024]), local_y: torch.Size([64, 1024]), num_steps: 6, per_gpu: 64, mbs_size: 12
[GPU 0] [00:27:47] [INFO] New best validation loss: 1.5112 @ step 0
[GPU 0] [00:27:56] [INFO] New best validation loss: 1.3831 @ step 1
[GPU 0] [00:28:04] [INFO] New best validation loss: 1.3032 @ step 2
[GPU 0] [00:28:13] [INFO] New best validation loss: 1.2476 @ step 3
[GPU 0] [00:28:22] [INFO] New best validation loss: 1.2101 @ step 4
[GPU 0] [00:28:30] [INFO] New best validation loss: 1.1881 @ step 5
[GPU 0] [00:28:39] [INFO] New best validation loss: 1.1732 @ step 6
[GPU 0] [00:28:48] [INFO] New best validation loss: 1.1583 @ step 7
[GPU 0] [00:28:57] [INFO] New best validation loss: 1.1430 @ step 8
[GPU 0] [00:29:05] [INFO] New best validation loss: 1.1290 @ step 9
[GPU 0] [00:29:14] [INFO] New best validation loss: 1.1165 @ step 10
[GPU 0] [00:29:23] [INFO] New best validation loss: 1.1043 @ step 11
[GPU 0] [00:29:31] [INFO] New best validation loss: 1.0929 @ step 12
[GPU 0] [00:29:40] [INFO] New best validation loss: 1.0837 @ step 13
[GPU 0] [00:29:49] [INFO] New best validation loss: 1.0756 @ step 14
[GPU 0] [00:29:58] [INFO] New best validation loss: 1.0678 @ step 15
[GPU 0] [00:30:06] [INFO] New best validation loss: 1.0608 @ step 16
[GPU 0] [00:30:16] [INFO] New best validation loss: 1.0550 @ step 17
[GPU 0] [00:30:25] [INFO] New best validation loss: 1.0493 @ step 18
[GPU 0] [00:30:34] [INFO] New best validation loss: 1.0439 @ step 19
[GPU 0] [00:30:42] [INFO] New best validation loss: 1.0390 @ step 20
[GPU 0] [00:30:51] [INFO] New best validation loss: 1.0359 @ step 21
[GPU 0] [00:31:00] [INFO] New best validation loss: 1.0342 @ step 22
[GPU 0] [00:31:08] [INFO] New best validation loss: 1.0324 @ step 23
[GPU 0] [00:31:17] [INFO] New best validation loss: 1.0314 @ step 24
[GPU 0] [00:31:26] [INFO] New best validation loss: 1.0308 @ step 25
[GPU 0] [00:31:35] [INFO] New best validation loss: 1.0308 @ step 26
[GPU 0] [00:33:10] [INFO] Stop FT @ 38: no val improvement for 10 steps
[GPU 0] [00:33:10] [INFO] Wrote stats.jsonl entries at FT step 26 
[GPU 0] [00:33:11] [INFO] ---- Begin FT | Experts: None | Data: ['papers-biology'] ----
[GPU 0] [00:33:11] [DEBUG] num_seq: 512, num_rounds: 200, patience: 10
[GPU 0] [00:33:12] [DEBUG] local_x: torch.Size([64, 1024]), local_y: torch.Size([64, 1024]), num_steps: 6, per_gpu: 64, mbs_size: 12
[GPU 0] [00:33:20] [INFO] New best validation loss: 2.6010 @ step 0
[GPU 0] [00:33:29] [INFO] New best validation loss: 2.4857 @ step 1
[GPU 0] [00:33:38] [INFO] New best validation loss: 2.4823 @ step 2
[GPU 0] [00:35:13] [INFO] Stop FT @ 14: no val improvement for 10 steps
[GPU 0] [00:35:13] [INFO] Wrote stats.jsonl entries at FT step 2 
[GPU 0] [00:35:15] [INFO] ---- Begin FT | Experts: None | Data: ['papers-cyber'] ----
[GPU 0] [00:35:15] [DEBUG] num_seq: 512, num_rounds: 200, patience: 10
[GPU 0] [00:35:15] [DEBUG] local_x: torch.Size([64, 1024]), local_y: torch.Size([64, 1024]), num_steps: 6, per_gpu: 64, mbs_size: 12
[GPU 0] [00:35:23] [INFO] New best validation loss: 2.8065 @ step 0
[GPU 0] [00:35:32] [INFO] New best validation loss: 2.7335 @ step 1
[GPU 0] [00:37:08] [INFO] Stop FT @ 13: no val improvement for 10 steps
[GPU 0] [00:37:08] [INFO] Wrote stats.jsonl entries at FT step 1 
[GPU 0] [00:37:09] [INFO] ---- Begin FT | Experts: None | Data: ['papers-nuclear'] ----
[GPU 0] [00:37:09] [DEBUG] num_seq: 512, num_rounds: 200, patience: 10
[GPU 0] [00:37:09] [DEBUG] local_x: torch.Size([64, 1024]), local_y: torch.Size([64, 1024]), num_steps: 6, per_gpu: 64, mbs_size: 12
[GPU 0] [00:37:18] [INFO] New best validation loss: 3.0008 @ step 0
[GPU 0] [00:37:27] [INFO] New best validation loss: 2.8626 @ step 1
[GPU 0] [00:37:35] [INFO] New best validation loss: 2.8374 @ step 2
[GPU 0] [00:39:11] [INFO] Stop FT @ 14: no val improvement for 10 steps
[GPU 0] [00:39:11] [INFO] Wrote stats.jsonl entries at FT step 2 
[GPU 0] [00:39:12] [INFO] CORE FT AUX - AUX PHASE: code-lisp
[GPU 0] [00:39:13] [WARNING] restore_partial_state: no checkpoint found at /workspace/gradient-routing/experiments/AGI-1699-New-Dataset-Runs/results/scaling/realistic/coreftaux/800M/seed_3/20260527160602990792/coreftaux/core_code-lisp
[GPU 0] [00:39:13] [INFO] ---- Begin CoreFTAux | Phase: ft | Data Label: code-lisp ----
[GPU 0] [00:39:13] [DEBUG] acc_mode: uniform, label_prc: 1.0, lr: 0.00011327069819753836
[GPU 0] [00:39:13] [INFO] 
len_all: 165723, len_all_labeled: 165723, len_all_unlabeled: 0,
len_base: 157523, len_ft: 8200,
len_core_for_ft: 6560, len_aux_for_ft: 1640,
aux_factor: {'code-lisp': 1.0, 'papers-biology': 1.0, 'papers-nuclear': 1.0, 'papers-cyber': 1.0}, core_aux_ratio: 4.0,
[GPU 0] [00:39:13] [INFO] Batch [code-lisp] count: 413
[GPU 0] [00:39:13] [INFO] Batch [core] count: 1638
[GPU 0] [00:39:13] [INFO] num_total_steps: 293
[GPU 0] [00:39:13] [INFO] warmup_steps: 6
[GPU 0] [00:39:13] [INFO] constant_steps: 258
[GPU 0] [00:39:13] [INFO] decay_steps: 29
[GPU 0] [00:39:13] [INFO] LR Scheduler: Warmup Start
[GPU 0] [00:39:15] [INFO] Step: 1, LR: 1.89e-05
[GPU 0] [00:39:15] [INFO] Train Loss: CORE: 1.76 CODE-LISP: nan PAPERS-BIOLOGY: nan PAPERS-CYBER: nan PAPERS-NUCLEAR: nan 
[GPU 0] [00:39:22] [INFO] LR Scheduler: Constant Start
[GPU 0] [00:45:06] [INFO] LR Scheduler: Decay Start
[GPU 0] [00:45:47] [INFO] Step: 293, LR: 1.00e-08
[GPU 0] [00:45:47] [INFO] Train Loss: CORE: 2.26 CODE-LISP: 0.80 PAPERS-BIOLOGY: nan PAPERS-CYBER: nan PAPERS-NUCLEAR: nan 
[GPU 0] [00:47:04] [INFO] ---- Begin Eval ----
[GPU 0] [00:47:04] [INFO] Data: core | Experts: None
[GPU 0] [00:47:27] [INFO] loss: 1.88700020
[GPU 0] [00:47:27] [INFO] Data: code-lisp | Experts: None
[GPU 0] [00:47:34] [INFO] loss: 0.89714015
[GPU 0] [00:47:34] [INFO] Data: papers-biology | Experts: None
[GPU 0] [00:47:41] [INFO] loss: 2.47527885
[GPU 0] [00:47:41] [INFO] Data: papers-nuclear | Experts: None
[GPU 0] [00:47:49] [INFO] loss: 2.85195351
[GPU 0] [00:47:49] [INFO] Data: papers-cyber | Experts: None
[GPU 0] [00:47:56] [INFO] loss: 2.71530890
[GPU 0] [00:47:59] [INFO] CORE FT AUX - AUX PHASE: code-lisp - ADVERSARIAL FT START
[GPU 0] [00:48:01] [INFO] ---- Begin FT | Experts: None | Data: ['papers-biology'] ----
[GPU 0] [00:48:01] [DEBUG] num_seq: 512, num_rounds: 200, patience: 10
[GPU 0] [00:48:01] [DEBUG] local_x: torch.Size([64, 1024]), local_y: torch.Size([64, 1024]), num_steps: 6, per_gpu: 64, mbs_size: 12
[GPU 0] [00:48:09] [INFO] New best validation loss: 2.6136 @ step 0
[GPU 0] [00:48:18] [INFO] New best validation loss: 2.4897 @ step 1
[GPU 0] [00:48:27] [INFO] New best validation loss: 2.4858 @ step 2
[GPU 0] [00:50:03] [INFO] Stop FT @ 14: no val improvement for 10 steps
[GPU 0] [00:50:03] [INFO] Wrote stats.jsonl entries at FT step 2 
[GPU 0] [00:50:04] [INFO] ---- Begin FT | Experts: None | Data: ['papers-cyber'] ----
[GPU 0] [00:50:04] [DEBUG] num_seq: 512, num_rounds: 200, patience: 10
[GPU 0] [00:50:04] [DEBUG] local_x: torch.Size([64, 1024]), local_y: torch.Size([64, 1024]), num_steps: 6, per_gpu: 64, mbs_size: 12
[GPU 0] [00:50:13] [INFO] New best validation loss: 2.8008 @ step 0
[GPU 0] [00:50:22] [INFO] New best validation loss: 2.7395 @ step 1
[GPU 0] [00:50:30] [INFO] New best validation loss: 2.7366 @ step 2
[GPU 0] [00:52:06] [INFO] Stop FT @ 14: no val improvement for 10 steps
[GPU 0] [00:52:06] [INFO] Wrote stats.jsonl entries at FT step 2 
[GPU 0] [00:52:07] [INFO] ---- Begin FT | Experts: None | Data: ['papers-nuclear'] ----
[GPU 0] [00:52:07] [DEBUG] num_seq: 512, num_rounds: 200, patience: 10
[GPU 0] [00:52:07] [DEBUG] local_x: torch.Size([64, 1024]), local_y: torch.Size([64, 1024]), num_steps: 6, per_gpu: 64, mbs_size: 12
[GPU 0] [00:52:16] [INFO] New best validation loss: 3.0053 @ step 0
[GPU 0] [00:52:25] [INFO] New best validation loss: 2.8644 @ step 1
[GPU 0] [00:52:33] [INFO] New best validation loss: 2.8419 @ step 2
[GPU 0] [00:54:09] [INFO] Stop FT @ 14: no val improvement for 10 steps
[GPU 0] [00:54:09] [INFO] Wrote stats.jsonl entries at FT step 2 
[GPU 0] [00:54:11] [INFO] CORE FT AUX - AUX PHASE: papers-biology
[GPU 0] [00:54:11] [WARNING] restore_partial_state: no checkpoint found at /workspace/gradient-routing/experiments/AGI-1699-New-Dataset-Runs/results/scaling/realistic/coreftaux/800M/seed_3/20260527160602990792/coreftaux/core_papers-biology
[GPU 0] [00:54:11] [INFO] ---- Begin CoreFTAux | Phase: ft | Data Label: papers-biology ----
[GPU 0] [00:54:11] [DEBUG] acc_mode: uniform, label_prc: 1.0, lr: 0.00011327069819753836
[GPU 0] [00:54:11] [INFO] 
len_all: 165723, len_all_labeled: 165723, len_all_unlabeled: 0,
len_base: 157523, len_ft: 8200,
len_core_for_ft: 6560, len_aux_for_ft: 1640,
aux_factor: {'code-lisp': 1.0, 'papers-biology': 1.0, 'papers-nuclear': 1.0, 'papers-cyber': 1.0}, core_aux_ratio: 4.0,
[GPU 0] [00:54:11] [INFO] Batch [core] count: 1638
[GPU 0] [00:54:11] [INFO] Batch [papers-biology] count: 413
[GPU 0] [00:54:11] [INFO] num_total_steps: 293
[GPU 0] [00:54:11] [INFO] warmup_steps: 6
[GPU 0] [00:54:11] [INFO] constant_steps: 258
[GPU 0] [00:54:11] [INFO] decay_steps: 29
[GPU 0] [00:54:11] [INFO] LR Scheduler: Warmup Start
[GPU 0] [00:54:13] [INFO] Step: 1, LR: 1.89e-05
[GPU 0] [00:54:13] [INFO] Train Loss: CORE: 1.76 CODE-LISP: nan PAPERS-BIOLOGY: nan PAPERS-CYBER: nan PAPERS-NUCLEAR: nan 
[GPU 0] [00:54:20] [INFO] LR Scheduler: Constant Start
[GPU 0] [01:00:05] [INFO] LR Scheduler: Decay Start
[GPU 0] [01:00:46] [INFO] Step: 293, LR: 1.00e-08
[GPU 0] [01:00:46] [INFO] Train Loss: CORE: 2.25 CODE-LISP: nan PAPERS-BIOLOGY: 2.35 PAPERS-CYBER: nan PAPERS-NUCLEAR: nan 
[GPU 0] [01:02:05] [INFO] ---- Begin Eval ----
[GPU 0] [01:02:05] [INFO] Data: core | Experts: None
[GPU 0] [01:02:27] [INFO] loss: 1.88450909
[GPU 0] [01:02:27] [INFO] Data: code-lisp | Experts: None
[GPU 0] [01:02:35] [INFO] loss: 1.41688526
[GPU 0] [01:02:35] [INFO] Data: papers-biology | Experts: None
[GPU 0] [01:02:42] [INFO] loss: 2.37514853
[GPU 0] [01:02:42] [INFO] Data: papers-nuclear | Experts: None
[GPU 0] [01:02:50] [INFO] loss: 2.83638406
[GPU 0] [01:02:50] [INFO] Data: papers-cyber | Experts: None
[GPU 0] [01:02:57] [INFO] loss: 2.71170020
[GPU 0] [01:02:59] [INFO] CORE FT AUX - AUX PHASE: papers-biology - ADVERSARIAL FT START
[GPU 0] [01:03:00] [INFO] ---- Begin FT | Experts: None | Data: ['code-lisp'] ----
[GPU 0] [01:03:00] [DEBUG] num_seq: 512, num_rounds: 200, patience: 10
[GPU 0] [01:03:00] [DEBUG] local_x: torch.Size([64, 1024]), local_y: torch.Size([64, 1024]), num_steps: 6, per_gpu: 64, mbs_size: 12
[GPU 0] [01:03:09] [INFO] New best validation loss: 1.4822 @ step 0
[GPU 0] [01:03:17] [INFO] New best validation loss: 1.3449 @ step 1
[GPU 0] [01:03:26] [INFO] New best validation loss: 1.2715 @ step 2
[GPU 0] [01:03:35] [INFO] New best validation loss: 1.2260 @ step 3
[GPU 0] [01:03:44] [INFO] New best validation loss: 1.1978 @ step 4
[GPU 0] [01:03:52] [INFO] New best validation loss: 1.1764 @ step 5
[GPU 0] [01:04:01] [INFO] New best validation loss: 1.1596 @ step 6
[GPU 0] [01:04:10] [INFO] New best validation loss: 1.1441 @ step 7
[GPU 0] [01:04:19] [INFO] New best validation loss: 1.1292 @ step 8
[GPU 0] [01:04:27] [INFO] New best validation loss: 1.1143 @ step 9
[GPU 0] [01:04:36] [INFO] New best validation loss: 1.1015 @ step 10
[GPU 0] [01:04:45] [INFO] New best validation loss: 1.0910 @ step 11
[GPU 0] [01:04:54] [INFO] New best validation loss: 1.0809 @ step 12
[GPU 0] [01:05:02] [INFO] New best validation loss: 1.0719 @ step 13
[GPU 0] [01:05:11] [INFO] New best validation loss: 1.0641 @ step 14
[GPU 0] [01:05:20] [INFO] New best validation loss: 1.0571 @ step 15
[GPU 0] [01:05:29] [INFO] New best validation loss: 1.0504 @ step 16
[GPU 0] [01:05:37] [INFO] New best validation loss: 1.0443 @ step 17
[GPU 0] [01:05:46] [INFO] New best validation loss: 1.0390 @ step 18
[GPU 0] [01:05:55] [INFO] New best validation loss: 1.0351 @ step 19
[GPU 0] [01:06:03] [INFO] New best validation loss: 1.0327 @ step 20
[GPU 0] [01:06:12] [INFO] New best validation loss: 1.0308 @ step 21
[GPU 0] [01:06:21] [INFO] New best validation loss: 1.0290 @ step 22
[GPU 0] [01:06:30] [INFO] New best validation loss: 1.0279 @ step 23
[GPU 0] [01:06:38] [INFO] New best validation loss: 1.0277 @ step 24
[GPU 0] [01:08:14] [INFO] Stop FT @ 36: no val improvement for 10 steps
[GPU 0] [01:08:14] [INFO] Wrote stats.jsonl entries at FT step 24 
[GPU 0] [01:08:15] [INFO] ---- Begin FT | Experts: None | Data: ['papers-cyber'] ----
[GPU 0] [01:08:15] [DEBUG] num_seq: 512, num_rounds: 200, patience: 10
[GPU 0] [01:08:15] [DEBUG] local_x: torch.Size([64, 1024]), local_y: torch.Size([64, 1024]), num_steps: 6, per_gpu: 64, mbs_size: 12
[GPU 0] [01:08:24] [INFO] New best validation loss: 2.8465 @ step 0
[GPU 0] [01:08:33] [INFO] New best validation loss: 2.7347 @ step 1
[GPU 0] [01:08:41] [INFO] New best validation loss: 2.7318 @ step 2
[GPU 0] [01:09:07] [INFO] New best validation loss: 2.7310 @ step 5
[GPU 0] [01:10:43] [INFO] Stop FT @ 17: no val improvement for 10 steps
[GPU 0] [01:10:43] [INFO] Wrote stats.jsonl entries at FT step 5 
[GPU 0] [01:10:44] [INFO] ---- Begin FT | Experts: None | Data: ['papers-nuclear'] ----
[GPU 0] [01:10:44] [DEBUG] num_seq: 512, num_rounds: 200, patience: 10
[GPU 0] [01:10:44] [DEBUG] local_x: torch.Size([64, 1024]), local_y: torch.Size([64, 1024]), num_steps: 6, per_gpu: 64, mbs_size: 12
[GPU 0] [01:10:53] [INFO] New best validation loss: 2.9164 @ step 0
[GPU 0] [01:11:02] [INFO] New best validation loss: 2.8325 @ step 1
[GPU 0] [01:11:10] [INFO] New best validation loss: 2.8316 @ step 2
[GPU 0] [01:12:46] [INFO] Stop FT @ 14: no val improvement for 10 steps
[GPU 0] [01:12:46] [INFO] Wrote stats.jsonl entries at FT step 2 
[GPU 0] [01:12:47] [INFO] CORE FT AUX - AUX PHASE: papers-nuclear
[GPU 0] [01:12:48] [WARNING] restore_partial_state: no checkpoint found at /workspace/gradient-routing/experiments/AGI-1699-New-Dataset-Runs/results/scaling/realistic/coreftaux/800M/seed_3/20260527160602990792/coreftaux/core_papers-nuclear
[GPU 0] [01:12:48] [INFO] ---- Begin CoreFTAux | Phase: ft | Data Label: papers-nuclear ----
[GPU 0] [01:12:48] [DEBUG] acc_mode: uniform, label_prc: 1.0, lr: 0.00011327069819753836
[GPU 0] [01:12:48] [INFO] 
len_all: 165723, len_all_labeled: 165723, len_all_unlabeled: 0,
len_base: 157523, len_ft: 8200,
len_core_for_ft: 6560, len_aux_for_ft: 1640,
aux_factor: {'code-lisp': 1.0, 'papers-biology': 1.0, 'papers-nuclear': 1.0, 'papers-cyber': 1.0}, core_aux_ratio: 4.0,
[GPU 0] [01:12:48] [INFO] Batch [core] count: 1638
[GPU 0] [01:12:48] [INFO] Batch [papers-nuclear] count: 413
[GPU 0] [01:12:48] [INFO] num_total_steps: 293
[GPU 0] [01:12:48] [INFO] warmup_steps: 6
[GPU 0] [01:12:48] [INFO] constant_steps: 258
[GPU 0] [01:12:48] [INFO] decay_steps: 29
[GPU 0] [01:12:48] [INFO] LR Scheduler: Warmup Start
[GPU 0] [01:12:50] [INFO] Step: 1, LR: 1.89e-05
[GPU 0] [01:12:50] [INFO] Train Loss: CORE: 1.76 CODE-LISP: nan PAPERS-BIOLOGY: nan PAPERS-CYBER: nan PAPERS-NUCLEAR: nan 
[GPU 0] [01:12:57] [INFO] LR Scheduler: Constant Start
[GPU 0] [01:18:41] [INFO] LR Scheduler: Decay Start
[GPU 0] [01:19:22] [INFO] Step: 293, LR: 1.00e-08
[GPU 0] [01:19:22] [INFO] Train Loss: CORE: 2.26 CODE-LISP: nan PAPERS-BIOLOGY: nan PAPERS-CYBER: nan PAPERS-NUCLEAR: 2.71 
[GPU 0] [01:20:38] [INFO] ---- Begin Eval ----
[GPU 0] [01:20:38] [INFO] Data: core | Experts: None
[GPU 0] [01:21:00] [INFO] loss: 1.88618553
[GPU 0] [01:21:00] [INFO] Data: code-lisp | Experts: None
[GPU 0] [01:21:08] [INFO] loss: 1.41716421
[GPU 0] [01:21:08] [INFO] Data: papers-biology | Experts: None
[GPU 0] [01:21:15] [INFO] loss: 2.46396947
[GPU 0] [01:21:15] [INFO] Data: papers-nuclear | Experts: None
[GPU 0] [01:21:23] [INFO] loss: 2.72459078
[GPU 0] [01:21:23] [INFO] Data: papers-cyber | Experts: None
[GPU 0] [01:21:30] [INFO] loss: 2.71229553
[GPU 0] [01:21:32] [INFO] CORE FT AUX - AUX PHASE: papers-nuclear - ADVERSARIAL FT START
[GPU 0] [01:21:33] [INFO] ---- Begin FT | Experts: None | Data: ['code-lisp'] ----
[GPU 0] [01:21:33] [DEBUG] num_seq: 512, num_rounds: 200, patience: 10
[GPU 0] [01:21:33] [DEBUG] local_x: torch.Size([64, 1024]), local_y: torch.Size([64, 1024]), num_steps: 6, per_gpu: 64, mbs_size: 12
[GPU 0] [01:21:42] [INFO] New best validation loss: 1.5307 @ step 0
[GPU 0] [01:21:51] [INFO] New best validation loss: 1.3820 @ step 1
[GPU 0] [01:21:59] [INFO] New best validation loss: 1.3008 @ step 2
[GPU 0] [01:22:08] [INFO] New best validation loss: 1.2517 @ step 3
[GPU 0] [01:22:17] [INFO] New best validation loss: 1.2167 @ step 4
[GPU 0] [01:22:26] [INFO] New best validation loss: 1.1931 @ step 5
[GPU 0] [01:22:35] [INFO] New best validation loss: 1.1776 @ step 6
[GPU 0] [01:22:43] [INFO] New best validation loss: 1.1622 @ step 7
[GPU 0] [01:22:52] [INFO] New best validation loss: 1.1464 @ step 8
[GPU 0] [01:23:01] [INFO] New best validation loss: 1.1328 @ step 9
[GPU 0] [01:23:09] [INFO] New best validation loss: 1.1201 @ step 10
[GPU 0] [01:23:18] [INFO] New best validation loss: 1.1073 @ step 11
[GPU 0] [01:23:27] [INFO] New best validation loss: 1.0958 @ step 12
[GPU 0] [01:23:36] [INFO] New best validation loss: 1.0863 @ step 13
[GPU 0] [01:23:44] [INFO] New best validation loss: 1.0786 @ step 14
[GPU 0] [01:23:53] [INFO] New best validation loss: 1.0711 @ step 15
[GPU 0] [01:24:02] [INFO] New best validation loss: 1.0646 @ step 16
[GPU 0] [01:24:10] [INFO] New best validation loss: 1.0584 @ step 17
[GPU 0] [01:24:19] [INFO] New best validation loss: 1.0527 @ step 18
[GPU 0] [01:24:28] [INFO] New best validation loss: 1.0466 @ step 19
[GPU 0] [01:24:37] [INFO] New best validation loss: 1.0417 @ step 20
[GPU 0] [01:24:45] [INFO] New best validation loss: 1.0381 @ step 21
[GPU 0] [01:24:54] [INFO] New best validation loss: 1.0361 @ step 22
[GPU 0] [01:25:03] [INFO] New best validation loss: 1.0346 @ step 23
[GPU 0] [01:25:12] [INFO] New best validation loss: 1.0327 @ step 24
[GPU 0] [01:25:20] [INFO] New best validation loss: 1.0312 @ step 25
[GPU 0] [01:25:29] [INFO] New best validation loss: 1.0308 @ step 26
[GPU 0] [01:27:05] [INFO] Stop FT @ 38: no val improvement for 10 steps
[GPU 0] [01:27:05] [INFO] Wrote stats.jsonl entries at FT step 26 
[GPU 0] [01:27:06] [INFO] ---- Begin FT | Experts: None | Data: ['papers-biology'] ----
[GPU 0] [01:27:06] [DEBUG] num_seq: 512, num_rounds: 200, patience: 10
[GPU 0] [01:27:06] [DEBUG] local_x: torch.Size([64, 1024]), local_y: torch.Size([64, 1024]), num_steps: 6, per_gpu: 64, mbs_size: 12
[GPU 0] [01:27:15] [INFO] New best validation loss: 2.6693 @ step 0
[GPU 0] [01:27:23] [INFO] New best validation loss: 2.4821 @ step 1
[GPU 0] [01:28:59] [INFO] Stop FT @ 13: no val improvement for 10 steps
[GPU 0] [01:28:59] [INFO] Wrote stats.jsonl entries at FT step 1 
[GPU 0] [01:29:00] [INFO] ---- Begin FT | Experts: None | Data: ['papers-cyber'] ----
[GPU 0] [01:29:00] [DEBUG] num_seq: 512, num_rounds: 200, patience: 10
[GPU 0] [01:29:00] [DEBUG] local_x: torch.Size([64, 1024]), local_y: torch.Size([64, 1024]), num_steps: 6, per_gpu: 64, mbs_size: 12
[GPU 0] [01:29:09] [INFO] New best validation loss: 2.8859 @ step 0
[GPU 0] [01:29:18] [INFO] New best validation loss: 2.7449 @ step 1
[GPU 0] [01:29:26] [INFO] New best validation loss: 2.7336 @ step 2
[GPU 0] [01:29:53] [INFO] New best validation loss: 2.7330 @ step 5
[GPU 0] [01:30:01] [INFO] New best validation loss: 2.7320 @ step 6
[GPU 0] [01:31:39] [INFO] Stop FT @ 18: no val improvement for 10 steps
[GPU 0] [01:31:39] [INFO] Wrote stats.jsonl entries at FT step 6 
[GPU 0] [01:31:40] [INFO] CORE FT AUX - AUX PHASE: papers-cyber
[GPU 0] [01:31:41] [WARNING] restore_partial_state: no checkpoint found at /workspace/gradient-routing/experiments/AGI-1699-New-Dataset-Runs/results/scaling/realistic/coreftaux/800M/seed_3/20260527160602990792/coreftaux/core_papers-cyber
[GPU 0] [01:31:41] [INFO] ---- Begin CoreFTAux | Phase: ft | Data Label: papers-cyber ----
[GPU 0] [01:31:41] [DEBUG] acc_mode: uniform, label_prc: 1.0, lr: 0.00011327069819753836
[GPU 0] [01:31:41] [INFO] 
len_all: 165723, len_all_labeled: 165723, len_all_unlabeled: 0,
len_base: 157523, len_ft: 8200,
len_core_for_ft: 6560, len_aux_for_ft: 1640,
aux_factor: {'code-lisp': 1.0, 'papers-biology': 1.0, 'papers-nuclear': 1.0, 'papers-cyber': 1.0}, core_aux_ratio: 4.0,
[GPU 0] [01:31:41] [INFO] Batch [core] count: 1638
[GPU 0] [01:31:41] [INFO] Batch [papers-cyber] count: 413
[GPU 0] [01:31:41] [INFO] num_total_steps: 293
[GPU 0] [01:31:41] [INFO] warmup_steps: 6
[GPU 0] [01:31:41] [INFO] constant_steps: 258
[GPU 0] [01:31:41] [INFO] decay_steps: 29
[GPU 0] [01:31:41] [INFO] LR Scheduler: Warmup Start
[GPU 0] [01:31:42] [INFO] Step: 1, LR: 1.89e-05
[GPU 0] [01:31:42] [INFO] Train Loss: CORE: 1.76 CODE-LISP: nan PAPERS-BIOLOGY: nan PAPERS-CYBER: nan PAPERS-NUCLEAR: nan 
[GPU 0] [01:31:49] [INFO] LR Scheduler: Constant Start
[GPU 0] [01:37:33] [INFO] LR Scheduler: Decay Start
[GPU 0] [01:38:11] [INFO] Step: 293, LR: 1.00e-08
[GPU 0] [01:38:11] [INFO] Train Loss: CORE: 2.25 CODE-LISP: nan PAPERS-BIOLOGY: nan PAPERS-CYBER: 2.57 PAPERS-NUCLEAR: nan 
[GPU 0] [01:39:27] [INFO] ---- Begin Eval ----
[GPU 0] [01:39:27] [INFO] Data: core | Experts: None
[GPU 0] [01:39:50] [INFO] loss: 1.88196921
[GPU 0] [01:39:50] [INFO] Data: code-lisp | Experts: None
[GPU 0] [01:39:57] [INFO] loss: 1.41635513
[GPU 0] [01:39:57] [INFO] Data: papers-biology | Experts: None
[GPU 0] [01:40:05] [INFO] loss: 2.46806169
[GPU 0] [01:40:05] [INFO] Data: papers-nuclear | Experts: None
[GPU 0] [01:40:12] [INFO] loss: 2.83699799
[GPU 0] [01:40:12] [INFO] Data: papers-cyber | Experts: None
[GPU 0] [01:40:20] [INFO] loss: 2.64298725
[GPU 0] [01:40:22] [INFO] CORE FT AUX - AUX PHASE: papers-cyber - ADVERSARIAL FT START
[GPU 0] [01:40:22] [INFO] ---- Begin FT | Experts: None | Data: ['code-lisp'] ----
[GPU 0] [01:40:22] [DEBUG] num_seq: 512, num_rounds: 200, patience: 10
[GPU 0] [01:40:23] [DEBUG] local_x: torch.Size([64, 1024]), local_y: torch.Size([64, 1024]), num_steps: 6, per_gpu: 64, mbs_size: 12
[GPU 0] [01:40:31] [INFO] New best validation loss: 1.5263 @ step 0
[GPU 0] [01:40:40] [INFO] New best validation loss: 1.3471 @ step 1
[GPU 0] [01:40:49] [INFO] New best validation loss: 1.2814 @ step 2
[GPU 0] [01:40:57] [INFO] New best validation loss: 1.2346 @ step 3
[GPU 0] [01:41:06] [INFO] New best validation loss: 1.2046 @ step 4
[GPU 0] [01:41:15] [INFO] New best validation loss: 1.1836 @ step 5
[GPU 0] [01:41:24] [INFO] New best validation loss: 1.1659 @ step 6
[GPU 0] [01:41:32] [INFO] New best validation loss: 1.1497 @ step 7
[GPU 0] [01:41:41] [INFO] New best validation loss: 1.1357 @ step 8
[GPU 0] [01:41:50] [INFO] New best validation loss: 1.1211 @ step 9
[GPU 0] [01:41:59] [INFO] New best validation loss: 1.1075 @ step 10
[GPU 0] [01:42:07] [INFO] New best validation loss: 1.0957 @ step 11
[GPU 0] [01:42:16] [INFO] New best validation loss: 1.0855 @ step 12
[GPU 0] [01:42:25] [INFO] New best validation loss: 1.0769 @ step 13
[GPU 0] [01:42:33] [INFO] New best validation loss: 1.0693 @ step 14
[GPU 0] [01:42:42] [INFO] New best validation loss: 1.0618 @ step 15
[GPU 0] [01:42:51] [INFO] New best validation loss: 1.0549 @ step 16
[GPU 0] [01:43:00] [INFO] New best validation loss: 1.0484 @ step 17
[GPU 0] [01:43:08] [INFO] New best validation loss: 1.0423 @ step 18
[GPU 0] [01:43:17] [INFO] New best validation loss: 1.0378 @ step 19
[GPU 0] [01:43:26] [INFO] New best validation loss: 1.0350 @ step 20
[GPU 0] [01:43:34] [INFO] New best validation loss: 1.0335 @ step 21
[GPU 0] [01:43:43] [INFO] New best validation loss: 1.0314 @ step 22
[GPU 0] [01:43:52] [INFO] New best validation loss: 1.0291 @ step 23
[GPU 0] [01:44:01] [INFO] New best validation loss: 1.0279 @ step 24
[GPU 0] [01:45:38] [INFO] Stop FT @ 36: no val improvement for 10 steps
[GPU 0] [01:45:38] [INFO] Wrote stats.jsonl entries at FT step 24 
[GPU 0] [01:45:39] [INFO] ---- Begin FT | Experts: None | Data: ['papers-biology'] ----
[GPU 0] [01:45:39] [DEBUG] num_seq: 512, num_rounds: 200, patience: 10
[GPU 0] [01:45:39] [DEBUG] local_x: torch.Size([64, 1024]), local_y: torch.Size([64, 1024]), num_steps: 6, per_gpu: 64, mbs_size: 12
[GPU 0] [01:45:47] [INFO] New best validation loss: 2.6757 @ step 0
[GPU 0] [01:45:56] [INFO] New best validation loss: 2.4844 @ step 1
[GPU 0] [01:47:32] [INFO] Stop FT @ 13: no val improvement for 10 steps
[GPU 0] [01:47:32] [INFO] Wrote stats.jsonl entries at FT step 1 
[GPU 0] [01:47:33] [INFO] ---- Begin FT | Experts: None | Data: ['papers-nuclear'] ----
[GPU 0] [01:47:33] [DEBUG] num_seq: 512, num_rounds: 200, patience: 10
[GPU 0] [01:47:33] [DEBUG] local_x: torch.Size([64, 1024]), local_y: torch.Size([64, 1024]), num_steps: 6, per_gpu: 64, mbs_size: 12
[GPU 0] [01:47:42] [INFO] New best validation loss: 2.9578 @ step 0
[GPU 0] [01:47:50] [INFO] New best validation loss: 2.8388 @ step 1
[GPU 0] [01:47:59] [INFO] New best validation loss: 2.8309 @ step 2
[GPU 0] [01:49:35] [INFO] Stop FT @ 14: no val improvement for 10 steps
[GPU 0] [01:49:35] [INFO] Wrote stats.jsonl entries at FT step 2 
[GPU 0] [01:49:39] [INFO] ----------------------------------------
[GPU 0] [01:49:39] [INFO] Finished. See /workspace/gradient-routing/experiments/AGI-1699-New-Dataset-Runs/results/scaling/realistic/coreftaux/800M/seed_3/20260527160602990792
