[GPU 0] [14:50:32] [INFO] Git branch: AGI-1696-New-Dataset-Runs_ethan, commit: 44cb74ae4c8a9cabd98ef6507d51f8f40648cba1
[GPU 0] [14:50:32] [INFO] Number of GPUs: 8
[GPU 0] [14:50:33] [INFO] Tokenizer vocabulary: 50257
[GPU 0] [14:50:33] [INFO] Set model vocab size to nearest multiple of 64 of tokenizer size: 50304
[GPU 0] [14:50:48] [INFO] target effective batch size: 641, actual effective batch size: 672, micro batch size: 12, accumulation steps: 7, num gpus: 8
[GPU 0] [14:50:48] [INFO] core total number of tokens: 66749057569
[GPU 0] [14:50:48] [INFO] Baseline model has 806,509,504 parameters
[GPU 0] [14:50:48] [INFO] core: chinchilla optimal tokens: 16,130,190,080, requested proportion: 1.0000, requested number of tokens: 16,130,190,080.0, 
[GPU 0] [14:50:48] [INFO] aux total number of tokens: 4835776549
[GPU 0] [14:50:48] [INFO] Baseline model has 806,509,504 parameters
[GPU 0] [14:50:48] [INFO] aux: chinchilla optimal tokens: 16,130,190,080, requested proportion: 0.0100, requested number of tokens: 161,301,900.8, 
[GPU 0] [14:50:49] [DEBUG] Saved config to /workspace-vast/ethanr/gradient-routing/experiments/AGI-1699-New-Dataset-Runs/results/scaling/realistic/filtering/800M/seed_2/20260517145028361159/config.json
[GPU 0] [14:50:49] [DEBUG] {
    "stages": [
        {
            "name": "filtering",
            "num_checkpoints": -1,
            "lr": 0.0005663534909876918,
            "res_dir": "/workspace-vast/ethanr/gradient-routing/experiments/AGI-1699-New-Dataset-Runs/results/scaling/realistic/filtering/800M/seed_2/20260517145028361159/filtering",
            "acc_mode": "uniform",
            "do_eval": true,
            "do_sample": false,
            "num_train_evals": 0,
            "do_elicit": true,
            "elicit_eval_prc": 0.5,
            "elicit_num_evals": 100,
            "retain_targets": [
                [
                    "core",
                    "papers-cyber"
                ]
            ],
            "label_prc": 1.0
        }
    ],
    "model": {
        "arch": "base",
        "tokenizer": "GPT2Tokenizer(name_or_path='EleutherAI/gpt-neo-125M', vocab_size=50257, model_max_length=2048, padding_side='right', truncation_side='right', special_tokens={'bos_token': '<|endoftext|>', 'eos_token': '<|endoftext|>', 'unk_token': '<|endoftext|>'}, added_tokens_decoder={\n\t50256: AddedToken(\"<|endoftext|>\", rstrip=False, lstrip=False, single_word=False, normalized=True, special=True),\n}\n)",
        "ctx_len": 1024,
        "vocab_size": 50304,
        "num_layers": 24,
        "num_heads": 8,
        "num_key_value": 2,
        "attn_bias": true,
        "eos_token_id": 50256,
        "embed_dim": 1600,
        "mlp_dim": 6400
    },
    "data": {
        "dirs": [
            "/workspace-vast/ethanr/gradient-routing/experiments/AGI-1699-New-Dataset-Runs/src/data/fineweb",
            "/workspace-vast/ethanr/gradient-routing/experiments/AGI-1699-New-Dataset-Runs/src/data/code",
            "/workspace-vast/ethanr/gradient-routing/experiments/AGI-1699-New-Dataset-Runs/src/data/papers"
        ],
        "core": {
            "labels": [
                "fineweb",
                "code-other",
                "papers-other"
            ],
            "method": "optimal",
            "limit": 1.0,
            "dist": {
                "fineweb": 0.84,
                "code-other": 0.15,
                "papers-other": 0.01
            },
            "num_tok": 16130190080.0
        },
        "aux": {
            "labels": [
                "code-lisp",
                "papers-biology",
                "papers-nuclear",
                "papers-cyber"
            ],
            "method": "optimal",
            "limit": 0.01,
            "dist": {
                "code-lisp": 0.25,
                "papers-biology": 0.25,
                "papers-nuclear": 0.25,
                "papers-cyber": 0.25
            },
            "num_tok": 161301900.8
        }
    },
    "run": {
        "target_effective_batch_size": 641,
        "effective_batch_size": 672,
        "micro_batch_size": 12,
        "accumulation_steps": 7,
        "max_num_test_sequences": 10000,
        "eval_all_labels": false,
        "micro_batch_anchors": [
            [
                400000000.0,
                23
            ],
            [
                5000000000.0,
                2
            ]
        ],
        "epochs": 1,
        "adam_betas": [
            0.9,
            0.95
        ],
        "warmup_prc": 0.02,
        "decay_prc": 0.1,
        "seed": 2,
        "compile": true,
        "is_ddp": true,
        "cleanup_distributed": false,
        "log_level": "DEBUG",
        "num_gpus": 8,
        "process_id": 0,
        "num_base_params": 806509504,
        "device": "cuda",
        "logger": "<Logger training_20260517145028361159 (DEBUG)>",
        "labels": [
            "core",
            "code-lisp",
            "papers-biology",
            "papers-cyber",
            "papers-nuclear"
        ],
        "loaders": {
            "code-lisp": {
                "train": "SingleDataLoader(code-lisp_train_001.bin, len=410)",
                "test": "InterleavedDataLoader(len=105)"
            },
            "code-other": {
                "train": "InterleavedDataLoader(len=24612)",
                "test": "InterleavedDataLoader(len=105)"
            },
            "fineweb": {
                "train": "InterleavedDataLoader(len=137831)",
                "test": "InterleavedDataLoader(len=105)"
            },
            "papers-biology": {
                "train": "SingleDataLoader(papers-biology_train.bin, len=410)",
                "test": "SingleDataLoader(papers-biology_test.bin, len=105)"
            },
            "papers-cyber": {
                "train": "SingleDataLoader(papers-cyber_train.bin, len=410)",
                "test": "SingleDataLoader(papers-cyber_test.bin, len=105)"
            },
            "papers-nuclear": {
                "train": "SingleDataLoader(papers-nuclear_train.bin, len=410)",
                "test": "SingleDataLoader(papers-nuclear_test.bin, len=105)"
            },
            "papers-other": {
                "train": "SingleDataLoader(papers-other_train.bin, len=1640)",
                "test": "SingleDataLoader(papers-other_test.bin, len=105)"
            },
            "core": {
                "train": "InterleavedDataLoader(len=164083)",
                "test": "InterleavedDataLoader(len=315)"
            },
            "aux": {
                "train": "InterleavedDataLoader(len=1640)",
                "test": "InterleavedDataLoader(len=420)"
            },
            "all": {
                "train": "InterleavedDataLoader(len=165723)",
                "test": "InterleavedDataLoader(len=735)"
            }
        },
        "res_root": "/workspace-vast/ethanr/gradient-routing/experiments/AGI-1699-New-Dataset-Runs/results/scaling/realistic/filtering/800M/seed_2",
        "experiment_id": "20260517145028361159",
        "s3_bucket": "ae-gradient-routing-results",
        "s3_prefix": "scaling/realistic/filtering/800M/seed_2"
    },
    "label_prc": 1.0
}
[GPU 0] [14:50:49] [INFO] Loader code-lisp train: 410, test: 105
[GPU 0] [14:50:49] [INFO] Loader code-other train: 24612, test: 105
[GPU 0] [14:50:49] [INFO] Loader fineweb train: 137831, test: 105
[GPU 0] [14:50:49] [INFO] Loader papers-biology train: 410, test: 105
[GPU 0] [14:50:49] [INFO] Loader papers-cyber train: 410, test: 105
[GPU 0] [14:50:49] [INFO] Loader papers-nuclear train: 410, test: 105
[GPU 0] [14:50:49] [INFO] Loader papers-other train: 1640, test: 105
[GPU 0] [14:50:49] [INFO] Loader core train: 164083, test: 315
[GPU 0] [14:50:49] [INFO] Loader aux train: 1640, test: 420
[GPU 0] [14:50:49] [INFO] Loader all train: 165723, test: 735
[GPU 0] [14:50:49] [INFO] Stage [filtering] start: {"name": "filtering", "num_checkpoints": -1, "lr": 0.0005663534909876918, "res_dir": "/workspace-vast/ethanr/gradient-routing/experiments/AGI-1699-New-Dataset-Runs/results/scaling/realistic/filtering/800M/seed_2/20260517145028361159/filtering", "acc_mode": "uniform", "do_eval": true, "do_sample": false, "num_train_evals": 0, "do_elicit": true, "elicit_eval_prc": 0.5, "elicit_num_evals": 100, "retain_targets": [["core", "papers-cyber"]], "label_prc": 1.0}
[GPU 0] [14:50:49] [INFO] FILTERING START
[GPU 0] [14:50:49] [INFO] Using stage-level retain_targets override (1 targets)
[GPU 0] [14:50:49] [INFO] Filtering: retaining ['core', 'papers-cyber'], removing ['code-lisp', 'papers-biology', 'papers-nuclear']
[GPU 0] [14:51:05] [INFO] Initialized BaseTransformer with 806,509,504 total parameters
[GPU 0] [14:51:05] [INFO] Compiling BaseTransformer with torch.compile...
[GPU 0] [14:51:05] [INFO] torch.compile done
[GPU 0] [14:51:05] [WARNING] restore_partial_state: no checkpoint found at /workspace-vast/ethanr/gradient-routing/experiments/AGI-1699-New-Dataset-Runs/results/scaling/realistic/filtering/800M/seed_2/20260517145028361159/filtering/core_papers-cyber
[GPU 0] [14:51:05] [INFO] ---- Begin Train | Train Labels: ['core', 'papers-cyber'] ----
[GPU 0] [14:51:05] [DEBUG] acc_mode: uniform, label_prc: 1.0
[GPU 0] [14:51:05] [INFO] Batch [core] count: 164080
[GPU 0] [14:51:05] [INFO] Batch [papers-cyber] count: 406
[GPU 0] [14:51:05] [INFO] warmup_steps: 470
[GPU 0] [14:51:05] [INFO] constant_steps: 20678
[GPU 0] [14:51:05] [INFO] decay_steps: 2350
[GPU 0] [14:51:05] [INFO] LR Scheduler: Warmup Start
[GPU 0] [14:51:45] [INFO] Step: 1, LR: 1.21e-06
[GPU 0] [14:51:45] [INFO] Train Loss: CORE: 11.08 CODE-LISP: nan PAPERS-BIOLOGY: nan PAPERS-CYBER: nan PAPERS-NUCLEAR: nan 
[GPU 0] [15:06:33] [INFO] LR Scheduler: Constant Start
[GPU 0] [15:23:05] [INFO] Step: 1000, LR: 5.66e-04
[GPU 0] [15:23:05] [INFO] Train Loss: CORE: 2.88 CODE-LISP: nan PAPERS-BIOLOGY: nan PAPERS-CYBER: 3.82 PAPERS-NUCLEAR: nan 
[GPU 0] [15:54:21] [INFO] Step: 2000, LR: 5.66e-04
[GPU 0] [15:54:21] [INFO] Train Loss: CORE: 3.24 CODE-LISP: nan PAPERS-BIOLOGY: nan PAPERS-CYBER: 3.51 PAPERS-NUCLEAR: nan 
[GPU 0] [16:25:32] [INFO] Step: 3000, LR: 5.66e-04
[GPU 0] [16:25:32] [INFO] Train Loss: CORE: 2.44 CODE-LISP: nan PAPERS-BIOLOGY: nan PAPERS-CYBER: 3.16 PAPERS-NUCLEAR: nan 
[GPU 0] [16:56:50] [INFO] Step: 4000, LR: 5.66e-04
[GPU 0] [16:56:50] [INFO] Train Loss: CORE: 2.60 CODE-LISP: nan PAPERS-BIOLOGY: nan PAPERS-CYBER: 3.09 PAPERS-NUCLEAR: nan 
[GPU 0] [17:28:07] [INFO] Step: 5000, LR: 5.66e-04
[GPU 0] [17:28:07] [INFO] Train Loss: CORE: 2.77 CODE-LISP: nan PAPERS-BIOLOGY: nan PAPERS-CYBER: 2.96 PAPERS-NUCLEAR: nan 
[GPU 0] [17:59:21] [INFO] Step: 6000, LR: 5.66e-04
[GPU 0] [17:59:21] [INFO] Train Loss: CORE: 2.32 CODE-LISP: nan PAPERS-BIOLOGY: nan PAPERS-CYBER: 2.95 PAPERS-NUCLEAR: nan 
[GPU 0] [18:30:33] [INFO] Step: 7000, LR: 5.66e-04
[GPU 0] [18:30:33] [INFO] Train Loss: CORE: 2.88 CODE-LISP: nan PAPERS-BIOLOGY: nan PAPERS-CYBER: 2.94 PAPERS-NUCLEAR: nan 
[GPU 0] [19:01:50] [INFO] Step: 8000, LR: 5.66e-04
[GPU 0] [19:01:50] [INFO] Train Loss: CORE: 2.63 CODE-LISP: nan PAPERS-BIOLOGY: nan PAPERS-CYBER: 2.83 PAPERS-NUCLEAR: nan 
[GPU 0] [19:33:06] [INFO] Step: 9000, LR: 5.66e-04
[GPU 0] [19:33:06] [INFO] Train Loss: CORE: 2.46 CODE-LISP: nan PAPERS-BIOLOGY: nan PAPERS-CYBER: 2.88 PAPERS-NUCLEAR: nan 
[GPU 0] [20:04:15] [INFO] Step: 10000, LR: 5.66e-04
[GPU 0] [20:04:15] [INFO] Train Loss: CORE: 2.65 CODE-LISP: nan PAPERS-BIOLOGY: nan PAPERS-CYBER: 2.89 PAPERS-NUCLEAR: nan 
[GPU 0] [20:35:32] [INFO] Step: 11000, LR: 5.66e-04
[GPU 0] [20:35:32] [INFO] Train Loss: CORE: 2.59 CODE-LISP: nan PAPERS-BIOLOGY: nan PAPERS-CYBER: 2.85 PAPERS-NUCLEAR: nan 
[GPU 0] [21:06:49] [INFO] Step: 12000, LR: 5.66e-04
[GPU 0] [21:06:49] [INFO] Train Loss: CORE: 2.45 CODE-LISP: nan PAPERS-BIOLOGY: nan PAPERS-CYBER: 2.80 PAPERS-NUCLEAR: nan 
[GPU 0] [21:38:05] [INFO] Step: 13000, LR: 5.66e-04
[GPU 0] [21:38:05] [INFO] Train Loss: CORE: 2.39 CODE-LISP: nan PAPERS-BIOLOGY: nan PAPERS-CYBER: 2.83 PAPERS-NUCLEAR: nan 
[GPU 0] [22:09:14] [INFO] Step: 14000, LR: 5.66e-04
[GPU 0] [22:09:14] [INFO] Train Loss: CORE: 2.38 CODE-LISP: nan PAPERS-BIOLOGY: nan PAPERS-CYBER: 2.77 PAPERS-NUCLEAR: nan 
[GPU 0] [22:40:32] [INFO] Step: 15000, LR: 5.66e-04
[GPU 0] [22:40:32] [INFO] Train Loss: CORE: 1.95 CODE-LISP: nan PAPERS-BIOLOGY: nan PAPERS-CYBER: 2.79 PAPERS-NUCLEAR: nan 
[GPU 0] [23:11:50] [INFO] Step: 16000, LR: 5.66e-04
[GPU 0] [23:11:50] [INFO] Train Loss: CORE: 2.07 CODE-LISP: nan PAPERS-BIOLOGY: nan PAPERS-CYBER: 2.83 PAPERS-NUCLEAR: nan 
[GPU 0] [23:43:08] [INFO] Step: 17000, LR: 5.66e-04
[GPU 0] [23:43:08] [INFO] Train Loss: CORE: 2.32 CODE-LISP: nan PAPERS-BIOLOGY: nan PAPERS-CYBER: 2.92 PAPERS-NUCLEAR: nan 
[GPU 0] [00:14:18] [INFO] Step: 18000, LR: 5.66e-04
[GPU 0] [00:14:18] [INFO] Train Loss: CORE: 2.15 CODE-LISP: nan PAPERS-BIOLOGY: nan PAPERS-CYBER: 2.81 PAPERS-NUCLEAR: nan 
[GPU 0] [00:45:36] [INFO] Step: 19000, LR: 5.66e-04
[GPU 0] [00:45:36] [INFO] Train Loss: CORE: 2.37 CODE-LISP: nan PAPERS-BIOLOGY: nan PAPERS-CYBER: 2.81 PAPERS-NUCLEAR: nan 
[GPU 0] [01:16:54] [INFO] Step: 20000, LR: 5.66e-04
[GPU 0] [01:16:54] [INFO] Train Loss: CORE: 2.74 CODE-LISP: nan PAPERS-BIOLOGY: nan PAPERS-CYBER: 2.78 PAPERS-NUCLEAR: nan 
[GPU 0] [01:48:12] [INFO] Step: 21000, LR: 5.66e-04
[GPU 0] [01:48:12] [INFO] Train Loss: CORE: 2.34 CODE-LISP: nan PAPERS-BIOLOGY: nan PAPERS-CYBER: 2.79 PAPERS-NUCLEAR: nan 
[GPU 0] [01:52:49] [INFO] LR Scheduler: Decay Start
[GPU 0] [02:19:21] [INFO] Step: 22000, LR: 3.61e-04
[GPU 0] [02:19:21] [INFO] Train Loss: CORE: 2.73 CODE-LISP: nan PAPERS-BIOLOGY: nan PAPERS-CYBER: 2.79 PAPERS-NUCLEAR: nan 
[GPU 0] [02:50:39] [INFO] Step: 23000, LR: 1.20e-04
[GPU 0] [02:50:39] [INFO] Train Loss: CORE: 2.28 CODE-LISP: nan PAPERS-BIOLOGY: nan PAPERS-CYBER: 2.57 PAPERS-NUCLEAR: nan 
[GPU 0] [03:06:11] [INFO] Step: 23498, LR: 1.00e-08
[GPU 0] [03:06:11] [INFO] Train Loss: CORE: 2.65 CODE-LISP: nan PAPERS-BIOLOGY: nan PAPERS-CYBER: 2.60 PAPERS-NUCLEAR: nan 
[GPU 0] [03:06:39] [INFO] ---- Begin Eval ----
[GPU 0] [03:06:39] [INFO] Data: core | Experts: None
[GPU 0] [03:07:46] [INFO] loss: 1.87650144
[GPU 0] [03:07:46] [INFO] Data: code-lisp | Experts: None
[GPU 0] [03:07:53] [INFO] loss: 1.42391646
[GPU 0] [03:07:53] [INFO] Data: papers-biology | Experts: None
[GPU 0] [03:07:59] [INFO] loss: 2.46687126
[GPU 0] [03:07:59] [INFO] Data: papers-nuclear | Experts: None
[GPU 0] [03:08:05] [INFO] loss: 2.83937883
[GPU 0] [03:08:05] [INFO] Data: papers-cyber | Experts: None
[GPU 0] [03:08:11] [INFO] loss: 2.66921496
[GPU 0] [03:08:26] [INFO] Initialized BaseTransformer with 806,509,504 total parameters
[GPU 0] [03:08:26] [INFO] Compiling BaseTransformer with torch.compile...
[GPU 0] [03:08:26] [INFO] torch.compile done
[GPU 0] [03:08:42] [INFO] FILTERING - ADVERSARIAL FT START
[GPU 0] [03:08:53] [INFO] ---- Begin FT | Experts: None | Data: ['code-lisp'] ----
[GPU 0] [03:08:53] [DEBUG] num_seq: 512, num_rounds: 200, patience: 10
[GPU 0] [03:08:53] [DEBUG] local_x: torch.Size([64, 1024]), local_y: torch.Size([64, 1024]), num_steps: 6, per_gpu: 64, mbs_size: 12
[GPU 0] [03:09:37] [INFO] New best validation loss: 1.5504 @ step 0
[GPU 0] [03:09:51] [INFO] New best validation loss: 1.3348 @ step 1
[GPU 0] [03:10:06] [INFO] New best validation loss: 1.2986 @ step 2
[GPU 0] [03:10:22] [INFO] New best validation loss: 1.2524 @ step 3
[GPU 0] [03:10:39] [INFO] New best validation loss: 1.2191 @ step 4
[GPU 0] [03:10:56] [INFO] New best validation loss: 1.1968 @ step 5
[GPU 0] [03:11:13] [INFO] New best validation loss: 1.1813 @ step 6
[GPU 0] [03:11:31] [INFO] New best validation loss: 1.1668 @ step 7
[GPU 0] [03:11:48] [INFO] New best validation loss: 1.1529 @ step 8
[GPU 0] [03:12:05] [INFO] New best validation loss: 1.1417 @ step 9
[GPU 0] [03:12:22] [INFO] New best validation loss: 1.1297 @ step 10
[GPU 0] [03:12:40] [INFO] New best validation loss: 1.1193 @ step 11
[GPU 0] [03:12:57] [INFO] New best validation loss: 1.1089 @ step 12
[GPU 0] [03:13:14] [INFO] New best validation loss: 1.0991 @ step 13
[GPU 0] [03:13:31] [INFO] New best validation loss: 1.0912 @ step 14
[GPU 0] [03:13:48] [INFO] New best validation loss: 1.0844 @ step 15
[GPU 0] [03:14:05] [INFO] New best validation loss: 1.0780 @ step 16
[GPU 0] [03:14:22] [INFO] New best validation loss: 1.0728 @ step 17
[GPU 0] [03:14:40] [INFO] New best validation loss: 1.0679 @ step 18
[GPU 0] [03:14:57] [INFO] New best validation loss: 1.0630 @ step 19
[GPU 0] [03:15:16] [INFO] New best validation loss: 1.0594 @ step 20
[GPU 0] [03:15:34] [INFO] New best validation loss: 1.0562 @ step 21
[GPU 0] [03:15:51] [INFO] New best validation loss: 1.0534 @ step 22
[GPU 0] [03:16:08] [INFO] New best validation loss: 1.0522 @ step 23
[GPU 0] [03:16:25] [INFO] New best validation loss: 1.0518 @ step 24
[GPU 0] [03:19:28] [INFO] Stop FT @ 36: no val improvement for 10 steps
[GPU 0] [03:19:28] [INFO] Wrote stats.jsonl entries at FT step 24 
[GPU 0] [03:19:44] [INFO] ---- Begin FT | Experts: None | Data: ['papers-biology'] ----
[GPU 0] [03:19:44] [DEBUG] num_seq: 512, num_rounds: 200, patience: 10
[GPU 0] [03:19:44] [DEBUG] local_x: torch.Size([64, 1024]), local_y: torch.Size([64, 1024]), num_steps: 6, per_gpu: 64, mbs_size: 12
[GPU 0] [03:19:58] [INFO] New best validation loss: 2.5388 @ step 0
[GPU 0] [03:20:12] [INFO] New best validation loss: 2.4772 @ step 1
[GPU 0] [03:20:59] [INFO] New best validation loss: 2.4749 @ step 4
[GPU 0] [03:24:07] [INFO] Stop FT @ 16: no val improvement for 10 steps
[GPU 0] [03:24:07] [INFO] Wrote stats.jsonl entries at FT step 4 
[GPU 0] [03:24:24] [INFO] ---- Begin FT | Experts: None | Data: ['papers-nuclear'] ----
[GPU 0] [03:24:24] [DEBUG] num_seq: 512, num_rounds: 200, patience: 10
[GPU 0] [03:24:24] [DEBUG] local_x: torch.Size([64, 1024]), local_y: torch.Size([64, 1024]), num_steps: 6, per_gpu: 64, mbs_size: 12
[GPU 0] [03:24:38] [INFO] New best validation loss: 2.9584 @ step 0
[GPU 0] [03:24:53] [INFO] New best validation loss: 2.8418 @ step 1
[GPU 0] [03:25:07] [INFO] New best validation loss: 2.8327 @ step 2
[GPU 0] [03:28:03] [INFO] Stop FT @ 14: no val improvement for 10 steps
[GPU 0] [03:28:03] [INFO] Wrote stats.jsonl entries at FT step 2 
[GPU 0] [03:28:06] [INFO] ----------------------------------------
[GPU 0] [03:28:06] [INFO] Finished. See /workspace-vast/ethanr/gradient-routing/experiments/AGI-1699-New-Dataset-Runs/results/scaling/realistic/filtering/800M/seed_2/20260517145028361159
