[GPU 0] [04:43:48] [INFO] Number of GPUs: 8
[GPU 0] [04:43:49] [INFO] Tokenizer vocabulary: 50257
[GPU 0] [04:43:49] [INFO] Set model vocab size to nearest multiple of 64 of tokenizer size: 50304
[GPU 0] [04:43:51] [INFO] target effective batch size: 256, actual effective batch size: 264, micro batch size: 33, accumulation steps: 1, num gpus: 8
[GPU 0] [04:43:51] [INFO] core total number of tokens: 124693822984
[GPU 0] [04:43:51] [INFO] Baseline model has 199,891,008 parameters
[GPU 0] [04:43:51] [INFO] core: chinchilla optimal tokens: 3,997,820,160, requested proportion: 1.0000, requested number of tokens: 3,997,820,160.0, 
[GPU 0] [04:43:51] [INFO] aux total number of tokens: 4835776549
[GPU 0] [04:43:51] [INFO] Baseline model has 199,891,008 parameters
[GPU 0] [04:43:51] [INFO] aux: chinchilla optimal tokens: 3,997,820,160, requested proportion: 0.0100, requested number of tokens: 39,978,201.6, 
[GPU 0] [04:43:51] [DEBUG] Saved config to /workspace/gradient-routing/experiments/AGI-1699-New-Dataset-Runs/results/optimize/base/realistic/200M/seed_2/20260421044341451217/config.json
[GPU 0] [04:43:51] [DEBUG] {
    "stages": [
        {
            "name": "baseline",
            "num_checkpoints": -1,
            "lr": 0.0002,
            "res_dir": "/workspace/gradient-routing/experiments/AGI-1699-New-Dataset-Runs/results/optimize/base/realistic/200M/seed_2/20260421044341451217/baseline",
            "do_eval": true,
            "do_sample": false,
            "num_train_evals": 0,
            "do_elicit": false,
            "elicit_eval_prc": 0.5,
            "elicit_num_evals": 100
        }
    ],
    "model": {
        "arch": "base",
        "tokenizer": "GPT2Tokenizer(name_or_path='EleutherAI/gpt-neo-125M', vocab_size=50257, model_max_length=2048, padding_side='right', truncation_side='right', special_tokens={'bos_token': '<|endoftext|>', 'eos_token': '<|endoftext|>', 'unk_token': '<|endoftext|>'}, added_tokens_decoder={\n\t50256: AddedToken(\"<|endoftext|>\", rstrip=False, lstrip=False, single_word=False, normalized=True, special=True),\n}\n)",
        "ctx_len": 1024,
        "vocab_size": 50304,
        "num_layers": 13,
        "num_heads": 8,
        "num_key_value": 2,
        "attn_bias": true,
        "eos_token_id": 50256,
        "embed_dim": 896,
        "mlp_dim": 3584
    },
    "data": {
        "dirs": [
            "/workspace/gradient-routing/experiments/AGI-1699-New-Dataset-Runs/src/data/fineweb",
            "/workspace/gradient-routing/experiments/AGI-1699-New-Dataset-Runs/src/data/code",
            "/workspace/gradient-routing/experiments/AGI-1699-New-Dataset-Runs/src/data/papers"
        ],
        "core": {
            "labels": [
                "fineweb",
                "code-other",
                "papers-other"
            ],
            "method": "optimal",
            "limit": 1.0,
            "dist": {
                "fineweb": 0.84,
                "code-other": 0.15,
                "papers-other": 0.01
            },
            "num_tok": 3997820160.0
        },
        "aux": {
            "labels": [
                "code-lisp",
                "papers-biology",
                "papers-nuclear",
                "papers-cyber"
            ],
            "method": "optimal",
            "limit": 0.01,
            "dist": {
                "code-lisp": 0.25,
                "papers-biology": 0.25,
                "papers-nuclear": 0.25,
                "papers-cyber": 0.25
            },
            "num_tok": 39978201.6
        }
    },
    "run": {
        "target_effective_batch_size": 256,
        "effective_batch_size": 264,
        "micro_batch_size": 33,
        "accumulation_steps": 1,
        "max_num_test_sequences": 10000,
        "eval_all_labels": false,
        "micro_batch_anchors": [
            [
                400000000.0,
                23
            ],
            [
                5000000000.0,
                2
            ]
        ],
        "epochs": 1,
        "adam_betas": [
            0.9,
            0.95
        ],
        "warmup_prc": 0.02,
        "decay_prc": 0.1,
        "seed": 2,
        "compile": true,
        "is_ddp": true,
        "optimize_routed": true,
        "cleanup_distributed": false,
        "log_level": "DEBUG",
        "num_gpus": 8,
        "process_id": 0,
        "num_base_params": 199891008,
        "device": "cuda",
        "logger": "<Logger training_20260421044341451217 (DEBUG)>",
        "labels": [
            "core",
            "code-lisp",
            "papers-biology",
            "papers-cyber",
            "papers-nuclear"
        ],
        "loaders": {
            "code-lisp": {
                "train": "SingleDataLoader(code-lisp_train_001.bin, len=36)",
                "test": "InterleavedDataLoader(len=36)"
            },
            "code-other": {
                "train": "SingleDataLoader(code-other_train_003.bin, len=2218)",
                "test": "InterleavedDataLoader(len=38)"
            },
            "fineweb": {
                "train": "InterleavedDataLoader(len=12422)",
                "test": "InterleavedDataLoader(len=38)"
            },
            "papers-biology": {
                "train": "SingleDataLoader(papers-biology_train.bin, len=36)",
                "test": "SingleDataLoader(papers-biology_test.bin, len=36)"
            },
            "papers-cyber": {
                "train": "SingleDataLoader(papers-cyber_train.bin, len=36)",
                "test": "SingleDataLoader(papers-cyber_test.bin, len=36)"
            },
            "papers-nuclear": {
                "train": "SingleDataLoader(papers-nuclear_train.bin, len=36)",
                "test": "SingleDataLoader(papers-nuclear_test.bin, len=36)"
            },
            "papers-other": {
                "train": "SingleDataLoader(papers-other_train.bin, len=147)",
                "test": "SingleDataLoader(papers-other_test.bin, len=38)"
            },
            "core": {
                "train": "InterleavedDataLoader(len=14787)",
                "test": "InterleavedDataLoader(len=114)"
            },
            "aux": {
                "train": "InterleavedDataLoader(len=144)",
                "test": "InterleavedDataLoader(len=144)"
            },
            "all": {
                "train": "InterleavedDataLoader(len=14931)",
                "test": "InterleavedDataLoader(len=258)"
            }
        },
        "res_root": "/workspace/gradient-routing/experiments/AGI-1699-New-Dataset-Runs/results/optimize/base/realistic/200M/seed_2",
        "experiment_id": "20260421044341451217",
        "s3_bucket": "ae-gradient-routing-results",
        "s3_prefix": "optimize/base/realistic/200M/seed_2"
    }
}
[GPU 0] [04:43:51] [INFO] Loader code-lisp train: 36, test: 36
[GPU 0] [04:43:51] [INFO] Loader code-other train: 2218, test: 38
[GPU 0] [04:43:51] [INFO] Loader fineweb train: 12422, test: 38
[GPU 0] [04:43:51] [INFO] Loader papers-biology train: 36, test: 36
[GPU 0] [04:43:51] [INFO] Loader papers-cyber train: 36, test: 36
[GPU 0] [04:43:51] [INFO] Loader papers-nuclear train: 36, test: 36
[GPU 0] [04:43:51] [INFO] Loader papers-other train: 147, test: 38
[GPU 0] [04:43:51] [INFO] Loader core train: 14787, test: 114
[GPU 0] [04:43:51] [INFO] Loader aux train: 144, test: 144
[GPU 0] [04:43:51] [INFO] Loader all train: 14931, test: 258
[GPU 0] [04:43:51] [INFO] Stage [baseline] start: {"name": "baseline", "num_checkpoints": -1, "lr": 0.0002, "res_dir": "/workspace/gradient-routing/experiments/AGI-1699-New-Dataset-Runs/results/optimize/base/realistic/200M/seed_2/20260421044341451217/baseline", "do_eval": true, "do_sample": false, "num_train_evals": 0, "do_elicit": false, "elicit_eval_prc": 0.5, "elicit_num_evals": 100}
[GPU 0] [04:43:51] [INFO] BASELINE START
[GPU 0] [04:43:52] [INFO] Initialized BaseTransformer with 199,891,008 total parameters
[GPU 0] [04:43:52] [INFO] Compiling BaseTransformer with torch.compile...
[GPU 0] [04:43:52] [INFO] torch.compile done
[GPU 0] [04:43:53] [WARNING] restore_partial_state: no checkpoint found at /workspace/gradient-routing/experiments/AGI-1699-New-Dataset-Runs/results/optimize/base/realistic/200M/seed_2/20260421044341451217/baseline
[GPU 0] [04:43:53] [INFO] ---- Begin Train | Data Labels: ['all'] ----
[GPU 0] [04:43:53] [INFO] warmup_steps: 299
[GPU 0] [04:43:53] [INFO] constant_steps: 13139
[GPU 0] [04:43:53] [INFO] decay_steps: 1493
[GPU 0] [04:43:53] [INFO] LR Scheduler: Warmup Start
[GPU 0] [04:44:15] [INFO] Step: 1, LR: 6.79e-07
[GPU 0] [04:44:15] [INFO] Train Loss: CORE: 11.00 CODE-LISP: nan PAPERS-BIOLOGY: nan PAPERS-CYBER: nan PAPERS-NUCLEAR: nan 
[GPU 0] [04:45:04] [INFO] LR Scheduler: Constant Start
[GPU 0] [04:46:58] [INFO] Step: 1000, LR: 2.00e-04
[GPU 0] [04:46:58] [INFO] Train Loss: CORE: 4.86 CODE-LISP: 6.02 PAPERS-BIOLOGY: 6.51 PAPERS-CYBER: nan PAPERS-NUCLEAR: 5.73 
[GPU 0] [04:49:41] [INFO] Step: 2000, LR: 2.00e-04
[GPU 0] [04:49:41] [INFO] Train Loss: CORE: 3.67 CODE-LISP: 5.18 PAPERS-BIOLOGY: 6.26 PAPERS-CYBER: 4.57 PAPERS-NUCLEAR: 5.49 
[GPU 0] [04:52:24] [INFO] Step: 3000, LR: 2.00e-04
[GPU 0] [04:52:24] [INFO] Train Loss: CORE: 3.71 CODE-LISP: 4.36 PAPERS-BIOLOGY: 5.99 PAPERS-CYBER: 4.38 PAPERS-NUCLEAR: 5.49 
[GPU 0] [04:55:07] [INFO] Step: 4000, LR: 2.00e-04
[GPU 0] [04:55:07] [INFO] Train Loss: CORE: 3.36 CODE-LISP: 3.60 PAPERS-BIOLOGY: 5.99 PAPERS-CYBER: 4.24 PAPERS-NUCLEAR: 5.49 
[GPU 0] [04:57:50] [INFO] Step: 5000, LR: 2.00e-04
[GPU 0] [04:57:50] [INFO] Train Loss: CORE: 3.22 CODE-LISP: 2.54 PAPERS-BIOLOGY: 5.73 PAPERS-CYBER: 3.91 PAPERS-NUCLEAR: 4.97 
[GPU 0] [05:00:33] [INFO] Step: 6000, LR: 2.00e-04
[GPU 0] [05:00:33] [INFO] Train Loss: CORE: 3.15 CODE-LISP: 2.09 PAPERS-BIOLOGY: 5.50 PAPERS-CYBER: 3.91 PAPERS-NUCLEAR: 4.51 
[GPU 0] [05:03:16] [INFO] Step: 7000, LR: 2.00e-04
[GPU 0] [05:03:16] [INFO] Train Loss: CORE: 3.66 CODE-LISP: 2.00 PAPERS-BIOLOGY: 4.02 PAPERS-CYBER: 3.89 PAPERS-NUCLEAR: 4.28 
[GPU 0] [05:05:58] [INFO] Step: 8000, LR: 2.00e-04
[GPU 0] [05:05:58] [INFO] Train Loss: CORE: 3.62 CODE-LISP: 1.85 PAPERS-BIOLOGY: 3.46 PAPERS-CYBER: 3.86 PAPERS-NUCLEAR: 3.76 
[GPU 0] [05:08:41] [INFO] Step: 9000, LR: 2.00e-04
[GPU 0] [05:08:41] [INFO] Train Loss: CORE: 3.31 CODE-LISP: 1.80 PAPERS-BIOLOGY: 3.40 PAPERS-CYBER: 3.68 PAPERS-NUCLEAR: 3.65 
[GPU 0] [05:11:24] [INFO] Step: 10000, LR: 2.00e-04
[GPU 0] [05:11:24] [INFO] Train Loss: CORE: 3.29 CODE-LISP: 1.71 PAPERS-BIOLOGY: 3.35 PAPERS-CYBER: 3.65 PAPERS-NUCLEAR: 3.65 
[GPU 0] [05:14:07] [INFO] Step: 11000, LR: 2.00e-04
[GPU 0] [05:14:07] [INFO] Train Loss: CORE: 3.25 CODE-LISP: 1.68 PAPERS-BIOLOGY: 3.35 PAPERS-CYBER: 3.57 PAPERS-NUCLEAR: 3.61 
[GPU 0] [05:16:50] [INFO] Step: 12000, LR: 2.00e-04
[GPU 0] [05:16:50] [INFO] Train Loss: CORE: 3.23 CODE-LISP: 1.61 PAPERS-BIOLOGY: 3.31 PAPERS-CYBER: 3.57 PAPERS-NUCLEAR: 3.62 
[GPU 0] [05:19:33] [INFO] Step: 13000, LR: 2.00e-04
[GPU 0] [05:19:33] [INFO] Train Loss: CORE: 2.91 CODE-LISP: 1.58 PAPERS-BIOLOGY: 3.29 PAPERS-CYBER: 3.55 PAPERS-NUCLEAR: 3.62 
[GPU 0] [05:20:44] [INFO] LR Scheduler: Decay Start
[GPU 0] [05:22:16] [INFO] Step: 14000, LR: 1.25e-04
[GPU 0] [05:22:16] [INFO] Train Loss: CORE: 2.94 CODE-LISP: 1.55 PAPERS-BIOLOGY: 3.24 PAPERS-CYBER: 3.52 PAPERS-NUCLEAR: 3.60 
[GPU 0] [05:24:47] [INFO] Step: 14931, LR: 1.00e-08
[GPU 0] [05:24:47] [INFO] Train Loss: CORE: 3.13 CODE-LISP: 1.51 PAPERS-BIOLOGY: 3.21 PAPERS-CYBER: 3.45 PAPERS-NUCLEAR: 3.55 
[GPU 0] [05:24:48] [INFO] ---- Begin Eval ----
[GPU 0] [05:24:48] [INFO] Data: core | Experts: None
[GPU 0] [05:25:06] [INFO] loss: 2.45867610
[GPU 0] [05:25:06] [INFO] Data: code-lisp | Experts: None
[GPU 0] [05:25:08] [INFO] loss: 1.44070101
[GPU 0] [05:25:08] [INFO] Data: papers-biology | Experts: None
[GPU 0] [05:25:10] [INFO] loss: 3.12190747
[GPU 0] [05:25:10] [INFO] Data: papers-nuclear | Experts: None
[GPU 0] [05:25:13] [INFO] loss: 3.42654109
[GPU 0] [05:25:13] [INFO] Data: papers-cyber | Experts: None
[GPU 0] [05:25:15] [INFO] loss: 3.36702490
[GPU 0] [05:25:16] [INFO] ----------------------------------------
[GPU 0] [05:25:16] [INFO] Finished. See /workspace/gradient-routing/experiments/AGI-1699-New-Dataset-Runs/results/optimize/base/realistic/200M/seed_2/20260421044341451217
