[GPU 0] [03:35:36] [INFO] Number of GPUs: 8
[GPU 0] [03:35:42] [INFO] Tokenizer vocabulary: 50257
[GPU 0] [03:35:42] [INFO] Set model vocab size to nearest multiple of 64 of tokenizer size: 50304
[GPU 0] [03:36:00] [INFO] target effective batch size: 1332, actual effective batch size: 1320, micro batch size: 5, accumulation steps: 33, num gpus: 8
[GPU 0] [03:36:00] [INFO] core total number of tokens: 66749057569
[GPU 0] [03:36:00] [INFO] Baseline model has 2,016,181,632 parameters
[GPU 0] [03:36:00] [INFO] core: chinchilla optimal tokens: 40,323,632,640, requested proportion: 1.0000, requested number of tokens: 40,323,632,640.0, 
[GPU 0] [03:36:00] [INFO] aux total number of tokens: 4835776549
[GPU 0] [03:36:00] [INFO] Baseline model has 2,016,181,632 parameters
[GPU 0] [03:36:00] [INFO] aux: chinchilla optimal tokens: 40,323,632,640, requested proportion: 0.0100, requested number of tokens: 403,236,326.40000004, 
[GPU 0] [03:36:00] [DEBUG] Saved config to /workspace/gradient-routing/experiments/AGI-1699-New-Dataset-Runs/results/scaling/realistic/filtering/2B/seed_1/20260422033524005710/config.json
[GPU 0] [03:36:00] [DEBUG] {
    "stages": [
        {
            "name": "filtering",
            "num_checkpoints": 100,
            "lr": 0.0004271833607529287,
            "res_dir": "/workspace/gradient-routing/experiments/AGI-1699-New-Dataset-Runs/results/scaling/realistic/filtering/2B/seed_1/20260422033524005710/filtering",
            "do_eval": true,
            "do_sample": false,
            "num_train_evals": 0,
            "do_elicit": true,
            "elicit_eval_prc": 0.5,
            "elicit_num_evals": 100,
            "retain_targets": [
                [
                    "core",
                    "papers-biology"
                ]
            ]
        }
    ],
    "model": {
        "arch": "base",
        "tokenizer": "GPT2Tokenizer(name_or_path='EleutherAI/gpt-neo-125M', vocab_size=50257, model_max_length=2048, padding_side='right', truncation_side='right', special_tokens={'bos_token': '<|endoftext|>', 'eos_token': '<|endoftext|>', 'unk_token': '<|endoftext|>'}, added_tokens_decoder={\n\t50256: AddedToken(\"<|endoftext|>\", rstrip=False, lstrip=False, single_word=False, normalized=True, special=True),\n}\n)",
        "ctx_len": 1024,
        "vocab_size": 50304,
        "num_layers": 32,
        "num_heads": 8,
        "num_key_value": 2,
        "attn_bias": true,
        "eos_token_id": 50256,
        "embed_dim": 2304,
        "mlp_dim": 9216
    },
    "data": {
        "dirs": [
            "/workspace/gradient-routing/experiments/AGI-1699-New-Dataset-Runs/src/data/fineweb",
            "/workspace/gradient-routing/experiments/AGI-1699-New-Dataset-Runs/src/data/code",
            "/workspace/gradient-routing/experiments/AGI-1699-New-Dataset-Runs/src/data/papers"
        ],
        "core": {
            "labels": [
                "fineweb",
                "code-other",
                "papers-other"
            ],
            "method": "optimal",
            "limit": 1.0,
            "dist": {
                "fineweb": 0.84,
                "code-other": 0.15,
                "papers-other": 0.01
            },
            "num_tok": 40323632640.0
        },
        "aux": {
            "labels": [
                "code-lisp",
                "papers-biology",
                "papers-nuclear",
                "papers-cyber"
            ],
            "method": "optimal",
            "limit": 0.01,
            "dist": {
                "code-lisp": 0.25,
                "papers-biology": 0.25,
                "papers-nuclear": 0.25,
                "papers-cyber": 0.25
            },
            "num_tok": 403236326.40000004
        }
    },
    "run": {
        "target_effective_batch_size": 1332,
        "effective_batch_size": 1320,
        "micro_batch_size": 5,
        "accumulation_steps": 33,
        "max_num_test_sequences": 10000,
        "eval_all_labels": false,
        "micro_batch_anchors": [
            [
                400000000.0,
                23
            ],
            [
                5000000000.0,
                2
            ]
        ],
        "epochs": 1,
        "adam_betas": [
            0.9,
            0.95
        ],
        "warmup_prc": 0.02,
        "decay_prc": 0.1,
        "seed": 1,
        "compile": true,
        "is_ddp": true,
        "optimize_routed": true,
        "cleanup_distributed": true,
        "log_level": "DEBUG",
        "num_gpus": 8,
        "process_id": 0,
        "num_base_params": 2016181632,
        "device": "cuda",
        "logger": "<Logger training_20260422033524005710 (DEBUG)>",
        "labels": [
            "core",
            "code-lisp",
            "papers-biology",
            "papers-cyber",
            "papers-nuclear"
        ],
        "loaders": {
            "code-lisp": {
                "train": "SingleDataLoader(code-lisp_train_001.bin, len=2461)",
                "test": "InterleavedDataLoader(len=264)"
            },
            "code-other": {
                "train": "InterleavedDataLoader(len=147669)",
                "test": "InterleavedDataLoader(len=264)"
            },
            "fineweb": {
                "train": "InterleavedDataLoader(len=826949)",
                "test": "InterleavedDataLoader(len=264)"
            },
            "papers-biology": {
                "train": "SingleDataLoader(papers-biology_train.bin, len=2461)",
                "test": "SingleDataLoader(papers-biology_test.bin, len=264)"
            },
            "papers-cyber": {
                "train": "SingleDataLoader(papers-cyber_train.bin, len=2461)",
                "test": "SingleDataLoader(papers-cyber_test.bin, len=264)"
            },
            "papers-nuclear": {
                "train": "SingleDataLoader(papers-nuclear_train.bin, len=2461)",
                "test": "SingleDataLoader(papers-nuclear_test.bin, len=264)"
            },
            "papers-other": {
                "train": "SingleDataLoader(papers-other_train.bin, len=9844)",
                "test": "SingleDataLoader(papers-other_test.bin, len=264)"
            },
            "core": {
                "train": "InterleavedDataLoader(len=984462)",
                "test": "InterleavedDataLoader(len=792)"
            },
            "aux": {
                "train": "InterleavedDataLoader(len=9844)",
                "test": "InterleavedDataLoader(len=1056)"
            },
            "all": {
                "train": "InterleavedDataLoader(len=994306)",
                "test": "InterleavedDataLoader(len=1848)"
            }
        },
        "res_root": "/workspace/gradient-routing/experiments/AGI-1699-New-Dataset-Runs/results/scaling/realistic/filtering/2B/seed_1",
        "experiment_id": "20260422033524005710",
        "s3_bucket": "ae-gradient-routing-results",
        "s3_prefix": "scaling/realistic/filtering/2B/seed_1"
    }
}
[GPU 0] [03:36:00] [INFO] Loader code-lisp train: 2461, test: 264
[GPU 0] [03:36:00] [INFO] Loader code-other train: 147669, test: 264
[GPU 0] [03:36:00] [INFO] Loader fineweb train: 826949, test: 264
[GPU 0] [03:36:00] [INFO] Loader papers-biology train: 2461, test: 264
[GPU 0] [03:36:00] [INFO] Loader papers-cyber train: 2461, test: 264
[GPU 0] [03:36:00] [INFO] Loader papers-nuclear train: 2461, test: 264
[GPU 0] [03:36:00] [INFO] Loader papers-other train: 9844, test: 264
[GPU 0] [03:36:00] [INFO] Loader core train: 984462, test: 792
[GPU 0] [03:36:00] [INFO] Loader aux train: 9844, test: 1056
[GPU 0] [03:36:00] [INFO] Loader all train: 994306, test: 1848
[GPU 0] [03:36:00] [INFO] Stage [filtering] start: {"name": "filtering", "num_checkpoints": 100, "lr": 0.0004271833607529287, "res_dir": "/workspace/gradient-routing/experiments/AGI-1699-New-Dataset-Runs/results/scaling/realistic/filtering/2B/seed_1/20260422033524005710/filtering", "do_eval": true, "do_sample": false, "num_train_evals": 0, "do_elicit": true, "elicit_eval_prc": 0.5, "elicit_num_evals": 100, "retain_targets": [["core", "papers-biology"]]}
[GPU 0] [03:36:00] [INFO] FILTERING START
[GPU 0] [03:36:00] [INFO] Using stage-level retain_targets override (1 targets)
[GPU 0] [03:36:00] [INFO] Filtering: retaining ['core', 'papers-biology'], removing ['code-lisp', 'papers-cyber', 'papers-nuclear']
[GPU 0] [03:36:19] [INFO] Initialized BaseTransformer with 2,016,181,632 total parameters
[GPU 0] [03:36:19] [INFO] Compiling BaseTransformer with torch.compile...
[GPU 0] [03:36:21] [INFO] torch.compile done
[GPU 0] [03:36:24] [WARNING] restore_partial_state: no checkpoint found at /workspace/gradient-routing/experiments/AGI-1699-New-Dataset-Runs/results/scaling/realistic/filtering/2B/seed_1/20260422033524005710/filtering/core_papers-biology
[GPU 0] [03:36:24] [INFO] ---- Begin Train | Data Labels: ['core', 'papers-biology'] ----
[GPU 0] [03:36:24] [INFO] Batch [core] count: 29832
[GPU 0] [03:36:24] [INFO] Batch [papers-biology] count: 75
[GPU 0] [03:36:24] [INFO] warmup_steps: 598
[GPU 0] [03:36:24] [INFO] constant_steps: 26318
[GPU 0] [03:36:24] [INFO] decay_steps: 2991
[GPU 0] [03:36:24] [INFO] LR Scheduler: Warmup Start
[GPU 0] [03:38:23] [INFO] Step: 1, LR: 7.24e-07
[GPU 0] [03:38:23] [INFO] Train Loss: CORE: 11.30 CODE-LISP: nan PAPERS-BIOLOGY: nan PAPERS-CYBER: nan PAPERS-NUCLEAR: nan 
[GPU 0] [04:36:04] [INFO] LR Scheduler: Constant Start
[GPU 0] [05:19:52] [INFO] Step: 1000, LR: 4.27e-04
[GPU 0] [05:19:52] [INFO] Train Loss: CORE: 2.94 CODE-LISP: nan PAPERS-BIOLOGY: 4.00 PAPERS-CYBER: nan PAPERS-NUCLEAR: nan 
[GPU 0] [07:01:29] [INFO] Step: 2000, LR: 4.27e-04
[GPU 0] [07:01:29] [INFO] Train Loss: CORE: 2.25 CODE-LISP: nan PAPERS-BIOLOGY: 3.05 PAPERS-CYBER: nan PAPERS-NUCLEAR: nan 
[GPU 0] [08:46:45] [INFO] Step: 3000, LR: 4.27e-04
[GPU 0] [08:46:45] [INFO] Train Loss: CORE: 2.59 CODE-LISP: nan PAPERS-BIOLOGY: 2.76 PAPERS-CYBER: nan PAPERS-NUCLEAR: nan 
[GPU 0] [10:28:19] [INFO] Step: 4000, LR: 4.27e-04
[GPU 0] [10:28:19] [INFO] Train Loss: CORE: 2.81 CODE-LISP: nan PAPERS-BIOLOGY: 2.61 PAPERS-CYBER: nan PAPERS-NUCLEAR: nan 
[GPU 0] [12:09:46] [INFO] Step: 5000, LR: 4.27e-04
[GPU 0] [12:09:46] [INFO] Train Loss: CORE: 2.53 CODE-LISP: nan PAPERS-BIOLOGY: 2.57 PAPERS-CYBER: nan PAPERS-NUCLEAR: nan 
[GPU 0] [13:54:58] [INFO] Step: 6000, LR: 4.27e-04
[GPU 0] [13:54:58] [INFO] Train Loss: CORE: 2.58 CODE-LISP: nan PAPERS-BIOLOGY: 2.57 PAPERS-CYBER: nan PAPERS-NUCLEAR: nan 
[GPU 0] [15:36:29] [INFO] Step: 7000, LR: 4.27e-04
[GPU 0] [15:36:29] [INFO] Train Loss: CORE: 2.60 CODE-LISP: nan PAPERS-BIOLOGY: 2.51 PAPERS-CYBER: nan PAPERS-NUCLEAR: nan 
[GPU 0] [17:18:04] [INFO] Step: 8000, LR: 4.27e-04
[GPU 0] [17:18:04] [INFO] Train Loss: CORE: 2.67 CODE-LISP: nan PAPERS-BIOLOGY: 2.52 PAPERS-CYBER: nan PAPERS-NUCLEAR: nan 
[GPU 0] [19:03:16] [INFO] Step: 9000, LR: 4.27e-04
[GPU 0] [19:03:16] [INFO] Train Loss: CORE: 2.37 CODE-LISP: nan PAPERS-BIOLOGY: 2.49 PAPERS-CYBER: nan PAPERS-NUCLEAR: nan 
[GPU 0] [20:44:41] [INFO] Step: 10000, LR: 4.27e-04
[GPU 0] [20:44:41] [INFO] Train Loss: CORE: 2.30 CODE-LISP: nan PAPERS-BIOLOGY: 2.46 PAPERS-CYBER: nan PAPERS-NUCLEAR: nan 
[GPU 0] [22:26:06] [INFO] Step: 11000, LR: 4.27e-04
[GPU 0] [22:26:06] [INFO] Train Loss: CORE: 2.64 CODE-LISP: nan PAPERS-BIOLOGY: 2.40 PAPERS-CYBER: nan PAPERS-NUCLEAR: nan 
[GPU 0] [00:11:02] [INFO] Step: 12000, LR: 4.27e-04
[GPU 0] [00:11:02] [INFO] Train Loss: CORE: 2.26 CODE-LISP: nan PAPERS-BIOLOGY: 2.41 PAPERS-CYBER: nan PAPERS-NUCLEAR: nan 
[GPU 0] [01:52:46] [INFO] Step: 13000, LR: 4.27e-04
[GPU 0] [01:52:46] [INFO] Train Loss: CORE: 2.63 CODE-LISP: nan PAPERS-BIOLOGY: 2.32 PAPERS-CYBER: nan PAPERS-NUCLEAR: nan 
[GPU 0] [03:34:15] [INFO] Step: 14000, LR: 4.27e-04
[GPU 0] [03:34:15] [INFO] Train Loss: CORE: 2.70 CODE-LISP: nan PAPERS-BIOLOGY: 2.35 PAPERS-CYBER: nan PAPERS-NUCLEAR: nan 
[GPU 0] [05:20:01] [INFO] Step: 15000, LR: 4.27e-04
[GPU 0] [05:20:01] [INFO] Train Loss: CORE: 2.42 CODE-LISP: nan PAPERS-BIOLOGY: 2.59 PAPERS-CYBER: nan PAPERS-NUCLEAR: nan 
[GPU 0] [07:02:42] [INFO] Step: 16000, LR: 4.27e-04
[GPU 0] [07:02:42] [INFO] Train Loss: CORE: 2.50 CODE-LISP: nan PAPERS-BIOLOGY: 2.40 PAPERS-CYBER: nan PAPERS-NUCLEAR: nan 
[GPU 0] [08:44:10] [INFO] Step: 17000, LR: 4.27e-04
[GPU 0] [08:44:10] [INFO] Train Loss: CORE: 2.57 CODE-LISP: nan PAPERS-BIOLOGY: 2.32 PAPERS-CYBER: nan PAPERS-NUCLEAR: nan 
[GPU 0] [10:29:44] [INFO] Step: 18000, LR: 4.27e-04
[GPU 0] [10:29:44] [INFO] Train Loss: CORE: 2.59 CODE-LISP: nan PAPERS-BIOLOGY: 2.34 PAPERS-CYBER: nan PAPERS-NUCLEAR: nan 
[GPU 0] [12:11:15] [INFO] Step: 19000, LR: 4.27e-04
[GPU 0] [12:11:15] [INFO] Train Loss: CORE: 2.62 CODE-LISP: nan PAPERS-BIOLOGY: 2.35 PAPERS-CYBER: nan PAPERS-NUCLEAR: nan 
[GPU 0] [13:52:56] [INFO] Step: 20000, LR: 4.27e-04
[GPU 0] [13:52:56] [INFO] Train Loss: CORE: 2.14 CODE-LISP: nan PAPERS-BIOLOGY: 2.32 PAPERS-CYBER: nan PAPERS-NUCLEAR: nan 
[GPU 0] [15:38:00] [INFO] Step: 21000, LR: 4.27e-04
[GPU 0] [15:38:00] [INFO] Train Loss: CORE: 2.17 CODE-LISP: nan PAPERS-BIOLOGY: 2.24 PAPERS-CYBER: nan PAPERS-NUCLEAR: nan 
[GPU 0] [17:19:25] [INFO] Step: 22000, LR: 4.27e-04
[GPU 0] [17:19:25] [INFO] Train Loss: CORE: 2.41 CODE-LISP: nan PAPERS-BIOLOGY: 2.32 PAPERS-CYBER: nan PAPERS-NUCLEAR: nan 
[GPU 0] [19:01:05] [INFO] Step: 23000, LR: 4.27e-04
[GPU 0] [19:01:05] [INFO] Train Loss: CORE: 2.23 CODE-LISP: nan PAPERS-BIOLOGY: 2.32 PAPERS-CYBER: nan PAPERS-NUCLEAR: nan 
[GPU 0] [20:46:07] [INFO] Step: 24000, LR: 4.27e-04
[GPU 0] [20:46:07] [INFO] Train Loss: CORE: 2.08 CODE-LISP: nan PAPERS-BIOLOGY: 2.25 PAPERS-CYBER: nan PAPERS-NUCLEAR: nan 
[GPU 0] [22:27:36] [INFO] Step: 25000, LR: 4.27e-04
[GPU 0] [22:27:36] [INFO] Train Loss: CORE: 2.14 CODE-LISP: nan PAPERS-BIOLOGY: 2.33 PAPERS-CYBER: nan PAPERS-NUCLEAR: nan 
[GPU 0] [00:09:09] [INFO] Step: 26000, LR: 4.27e-04
[GPU 0] [00:09:09] [INFO] Train Loss: CORE: 1.96 CODE-LISP: nan PAPERS-BIOLOGY: 2.34 PAPERS-CYBER: nan PAPERS-NUCLEAR: nan 
[GPU 0] [01:46:39] [INFO] LR Scheduler: Decay Start
[GPU 0] [01:54:16] [INFO] Step: 27000, LR: 4.15e-04
[GPU 0] [01:54:16] [INFO] Train Loss: CORE: 1.87 CODE-LISP: nan PAPERS-BIOLOGY: 2.28 PAPERS-CYBER: nan PAPERS-NUCLEAR: nan 
[GPU 0] [03:35:38] [INFO] Step: 28000, LR: 2.72e-04
[GPU 0] [03:35:38] [INFO] Train Loss: CORE: 2.19 CODE-LISP: nan PAPERS-BIOLOGY: 2.21 PAPERS-CYBER: nan PAPERS-NUCLEAR: nan 
[GPU 0] [13:17:37] [INFO] Number of GPUs: 8
[GPU 0] [13:17:38] [INFO] Tokenizer vocabulary: 50257
[GPU 0] [13:17:38] [INFO] Set model vocab size to nearest multiple of 64 of tokenizer size: 50304
[GPU 0] [13:17:55] [INFO] target effective batch size: 1332, actual effective batch size: 1320, micro batch size: 5, accumulation steps: 33, num gpus: 8
[GPU 0] [13:17:55] [INFO] core total number of tokens: 124693822984
[GPU 0] [13:17:55] [INFO] Baseline model has 2,016,181,632 parameters
[GPU 0] [13:17:55] [INFO] core: chinchilla optimal tokens: 40,323,632,640, requested proportion: 1.0000, requested number of tokens: 40,323,632,640.0, 
[GPU 0] [13:17:55] [INFO] aux total number of tokens: 4835776549
[GPU 0] [13:17:55] [INFO] Baseline model has 2,016,181,632 parameters
[GPU 0] [13:17:55] [INFO] aux: chinchilla optimal tokens: 40,323,632,640, requested proportion: 0.0100, requested number of tokens: 403,236,326.40000004, 
[GPU 0] [13:17:55] [DEBUG] Saved config to /home/ubuntu/gradient-routing/experiments/AGI-1699-New-Dataset-Runs/results/scaling/realistic/filtering/2B/seed_1/20260422033524005710/config.json
[GPU 0] [13:17:55] [DEBUG] {
    "stages": [
        {
            "name": "filtering",
            "num_checkpoints": 100,
            "lr": 0.0004271833607529287,
            "res_dir": "/home/ubuntu/gradient-routing/experiments/AGI-1699-New-Dataset-Runs/results/scaling/realistic/filtering/2B/seed_1/20260422033524005710/filtering",
            "do_eval": true,
            "do_sample": false,
            "num_train_evals": 0,
            "do_elicit": true,
            "elicit_eval_prc": 0.5,
            "elicit_num_evals": 100,
            "retain_targets": [
                [
                    "core",
                    "papers-biology"
                ]
            ]
        }
    ],
    "model": {
        "arch": "base",
        "tokenizer": "GPT2Tokenizer(name_or_path='EleutherAI/gpt-neo-125M', vocab_size=50257, model_max_length=2048, padding_side='right', truncation_side='right', special_tokens={'bos_token': '<|endoftext|>', 'eos_token': '<|endoftext|>', 'unk_token': '<|endoftext|>'}, added_tokens_decoder={\n\t50256: AddedToken(\"<|endoftext|>\", rstrip=False, lstrip=False, single_word=False, normalized=True, special=True),\n}\n)",
        "ctx_len": 1024,
        "vocab_size": 50304,
        "num_layers": 32,
        "num_heads": 8,
        "num_key_value": 2,
        "attn_bias": true,
        "eos_token_id": 50256,
        "embed_dim": 2304,
        "mlp_dim": 9216
    },
    "data": {
        "dirs": [
            "/home/ubuntu/gradient-routing/experiments/AGI-1699-New-Dataset-Runs/src/data/fineweb",
            "/home/ubuntu/gradient-routing/experiments/AGI-1699-New-Dataset-Runs/src/data/code",
            "/home/ubuntu/gradient-routing/experiments/AGI-1699-New-Dataset-Runs/src/data/papers"
        ],
        "core": {
            "labels": [
                "fineweb",
                "code-other",
                "papers-other"
            ],
            "method": "optimal",
            "limit": 1.0,
            "dist": {
                "fineweb": 0.84,
                "code-other": 0.15,
                "papers-other": 0.01
            },
            "num_tok": 40323632640.0
        },
        "aux": {
            "labels": [
                "code-lisp",
                "papers-biology",
                "papers-nuclear",
                "papers-cyber"
            ],
            "method": "optimal",
            "limit": 0.01,
            "dist": {
                "code-lisp": 0.25,
                "papers-biology": 0.25,
                "papers-nuclear": 0.25,
                "papers-cyber": 0.25
            },
            "num_tok": 403236326.40000004
        }
    },
    "run": {
        "target_effective_batch_size": 1332,
        "effective_batch_size": 1320,
        "micro_batch_size": 5,
        "accumulation_steps": 33,
        "max_num_test_sequences": 10000,
        "eval_all_labels": false,
        "micro_batch_anchors": [
            [
                400000000.0,
                23
            ],
            [
                5000000000.0,
                2
            ]
        ],
        "epochs": 1,
        "adam_betas": [
            0.9,
            0.95
        ],
        "warmup_prc": 0.02,
        "decay_prc": 0.1,
        "seed": 1,
        "compile": true,
        "is_ddp": true,
        "optimize_routed": true,
        "cleanup_distributed": true,
        "log_level": "DEBUG",
        "num_gpus": 8,
        "process_id": 0,
        "num_base_params": 2016181632,
        "device": "cuda",
        "logger": "<Logger training_20260422033524005710 (DEBUG)>",
        "labels": [
            "core",
            "code-lisp",
            "papers-biology",
            "papers-cyber",
            "papers-nuclear"
        ],
        "loaders": {
            "code-lisp": {
                "train": "SingleDataLoader(code-lisp_train_001.bin, len=2461)",
                "test": "InterleavedDataLoader(len=264)"
            },
            "code-other": {
                "train": "InterleavedDataLoader(len=147669)",
                "test": "InterleavedDataLoader(len=264)"
            },
            "fineweb": {
                "train": "InterleavedDataLoader(len=826949)",
                "test": "InterleavedDataLoader(len=264)"
            },
            "papers-biology": {
                "train": "SingleDataLoader(papers-biology_train.bin, len=2461)",
                "test": "SingleDataLoader(papers-biology_test.bin, len=264)"
            },
            "papers-cyber": {
                "train": "SingleDataLoader(papers-cyber_train.bin, len=2461)",
                "test": "SingleDataLoader(papers-cyber_test.bin, len=264)"
            },
            "papers-nuclear": {
                "train": "SingleDataLoader(papers-nuclear_train.bin, len=2461)",
                "test": "SingleDataLoader(papers-nuclear_test.bin, len=264)"
            },
            "papers-other": {
                "train": "SingleDataLoader(papers-other_train.bin, len=9844)",
                "test": "SingleDataLoader(papers-other_test.bin, len=264)"
            },
            "core": {
                "train": "InterleavedDataLoader(len=984462)",
                "test": "InterleavedDataLoader(len=792)"
            },
            "aux": {
                "train": "InterleavedDataLoader(len=9844)",
                "test": "InterleavedDataLoader(len=1056)"
            },
            "all": {
                "train": "InterleavedDataLoader(len=994306)",
                "test": "InterleavedDataLoader(len=1848)"
            }
        },
        "res_root": "/home/ubuntu/gradient-routing/experiments/AGI-1699-New-Dataset-Runs/results/scaling/realistic/filtering/2B/seed_1",
        "experiment_id": "20260422033524005710",
        "s3_bucket": "ae-gradient-routing-results",
        "s3_prefix": "scaling/realistic/filtering/2B/seed_1"
    }
}
[GPU 0] [13:17:55] [INFO] Loader code-lisp train: 2461, test: 264
[GPU 0] [13:17:55] [INFO] Loader code-other train: 147669, test: 264
[GPU 0] [13:17:55] [INFO] Loader fineweb train: 826949, test: 264
[GPU 0] [13:17:55] [INFO] Loader papers-biology train: 2461, test: 264
[GPU 0] [13:17:55] [INFO] Loader papers-cyber train: 2461, test: 264
[GPU 0] [13:17:55] [INFO] Loader papers-nuclear train: 2461, test: 264
[GPU 0] [13:17:55] [INFO] Loader papers-other train: 9844, test: 264
[GPU 0] [13:17:55] [INFO] Loader core train: 984462, test: 792
[GPU 0] [13:17:55] [INFO] Loader aux train: 9844, test: 1056
[GPU 0] [13:17:55] [INFO] Loader all train: 994306, test: 1848
[GPU 0] [13:17:55] [INFO] Stage [filtering] start: {"name": "filtering", "num_checkpoints": 100, "lr": 0.0004271833607529287, "res_dir": "/home/ubuntu/gradient-routing/experiments/AGI-1699-New-Dataset-Runs/results/scaling/realistic/filtering/2B/seed_1/20260422033524005710/filtering", "do_eval": true, "do_sample": false, "num_train_evals": 0, "do_elicit": true, "elicit_eval_prc": 0.5, "elicit_num_evals": 100, "retain_targets": [["core", "papers-biology"]]}
[GPU 0] [13:17:55] [INFO] FILTERING START
[GPU 0] [13:17:55] [INFO] Using stage-level retain_targets override (1 targets)
[GPU 0] [13:17:55] [INFO] Filtering: retaining ['core', 'papers-biology'], removing ['code-lisp', 'papers-cyber', 'papers-nuclear']
[GPU 0] [13:18:14] [INFO] Initialized BaseTransformer with 2,016,181,632 total parameters
[GPU 0] [13:18:14] [INFO] Compiling BaseTransformer with torch.compile...
[GPU 0] [13:18:14] [INFO] torch.compile done
[GPU 0] [13:21:10] [WARNING] restore_partial_state: no checkpoint found at /home/ubuntu/gradient-routing/experiments/AGI-1699-New-Dataset-Runs/results/scaling/realistic/filtering/2B/seed_1/20260422033524005710/filtering/core_papers-biology
[GPU 0] [13:21:10] [INFO] ---- Begin Train | Train Labels: ['core', 'papers-biology'] ----
[GPU 0] [13:21:10] [INFO] Batch [core] count: 29832
[GPU 0] [13:21:10] [INFO] Batch [papers-biology] count: 75
[GPU 0] [13:21:10] [INFO] warmup_steps: 598
[GPU 0] [13:21:10] [INFO] constant_steps: 26318
[GPU 0] [13:21:10] [INFO] decay_steps: 2991
[GPU 0] [13:21:10] [INFO] LR Scheduler: Warmup Start
[GPU 0] [13:22:24] [INFO] Step: 1, LR: 7.24e-07
[GPU 0] [13:22:24] [INFO] Train Loss: CORE: 11.31 CODE-LISP: nan PAPERS-BIOLOGY: nan PAPERS-CYBER: nan PAPERS-NUCLEAR: nan 
[GPU 0] [17:16:12] [INFO] Number of GPUs: 8
[GPU 0] [17:16:13] [INFO] Tokenizer vocabulary: 50257
[GPU 0] [17:16:13] [INFO] Set model vocab size to nearest multiple of 64 of tokenizer size: 50304
[GPU 0] [17:16:30] [INFO] target effective batch size: 1332, actual effective batch size: 1320, micro batch size: 5, accumulation steps: 33, num gpus: 8
[GPU 0] [17:16:30] [INFO] core total number of tokens: 124693822984
[GPU 0] [17:16:30] [INFO] Baseline model has 2,016,181,632 parameters
[GPU 0] [17:16:30] [INFO] core: chinchilla optimal tokens: 40,323,632,640, requested proportion: 1.0000, requested number of tokens: 40,323,632,640.0, 
[GPU 0] [17:16:30] [INFO] aux total number of tokens: 4835776549
[GPU 0] [17:16:30] [INFO] Baseline model has 2,016,181,632 parameters
[GPU 0] [17:16:30] [INFO] aux: chinchilla optimal tokens: 40,323,632,640, requested proportion: 0.0100, requested number of tokens: 403,236,326.40000004, 
[GPU 0] [17:16:30] [DEBUG] Saved config to /home/ubuntu/gradient-routing/experiments/AGI-1699-New-Dataset-Runs/results/scaling/realistic/filtering/2B/seed_1/20260422033524005710/config.json
[GPU 0] [17:16:30] [DEBUG] {
    "stages": [
        {
            "name": "filtering",
            "num_checkpoints": 100,
            "lr": 0.0004271833607529287,
            "res_dir": "/home/ubuntu/gradient-routing/experiments/AGI-1699-New-Dataset-Runs/results/scaling/realistic/filtering/2B/seed_1/20260422033524005710/filtering",
            "do_eval": true,
            "do_sample": false,
            "num_train_evals": 0,
            "do_elicit": true,
            "elicit_eval_prc": 0.5,
            "elicit_num_evals": 100,
            "retain_targets": [
                [
                    "core",
                    "papers-biology"
                ]
            ]
        }
    ],
    "model": {
        "arch": "base",
        "tokenizer": "GPT2Tokenizer(name_or_path='EleutherAI/gpt-neo-125M', vocab_size=50257, model_max_length=2048, padding_side='right', truncation_side='right', special_tokens={'bos_token': '<|endoftext|>', 'eos_token': '<|endoftext|>', 'unk_token': '<|endoftext|>'}, added_tokens_decoder={\n\t50256: AddedToken(\"<|endoftext|>\", rstrip=False, lstrip=False, single_word=False, normalized=True, special=True),\n}\n)",
        "ctx_len": 1024,
        "vocab_size": 50304,
        "num_layers": 32,
        "num_heads": 8,
        "num_key_value": 2,
        "attn_bias": true,
        "eos_token_id": 50256,
        "embed_dim": 2304,
        "mlp_dim": 9216
    },
    "data": {
        "dirs": [
            "/home/ubuntu/gradient-routing/experiments/AGI-1699-New-Dataset-Runs/src/data/fineweb",
            "/home/ubuntu/gradient-routing/experiments/AGI-1699-New-Dataset-Runs/src/data/code",
            "/home/ubuntu/gradient-routing/experiments/AGI-1699-New-Dataset-Runs/src/data/papers"
        ],
        "core": {
            "labels": [
                "fineweb",
                "code-other",
                "papers-other"
            ],
            "method": "optimal",
            "limit": 1.0,
            "dist": {
                "fineweb": 0.84,
                "code-other": 0.15,
                "papers-other": 0.01
            },
            "num_tok": 40323632640.0
        },
        "aux": {
            "labels": [
                "code-lisp",
                "papers-biology",
                "papers-nuclear",
                "papers-cyber"
            ],
            "method": "optimal",
            "limit": 0.01,
            "dist": {
                "code-lisp": 0.25,
                "papers-biology": 0.25,
                "papers-nuclear": 0.25,
                "papers-cyber": 0.25
            },
            "num_tok": 403236326.40000004
        }
    },
    "run": {
        "target_effective_batch_size": 1332,
        "effective_batch_size": 1320,
        "micro_batch_size": 5,
        "accumulation_steps": 33,
        "max_num_test_sequences": 10000,
        "eval_all_labels": false,
        "micro_batch_anchors": [
            [
                400000000.0,
                23
            ],
            [
                5000000000.0,
                2
            ]
        ],
        "epochs": 1,
        "adam_betas": [
            0.9,
            0.95
        ],
        "warmup_prc": 0.02,
        "decay_prc": 0.1,
        "seed": 1,
        "compile": true,
        "is_ddp": true,
        "optimize_routed": true,
        "cleanup_distributed": true,
        "log_level": "DEBUG",
        "num_gpus": 8,
        "process_id": 0,
        "num_base_params": 2016181632,
        "device": "cuda",
        "logger": "<Logger training_20260422033524005710 (DEBUG)>",
        "labels": [
            "core",
            "code-lisp",
            "papers-biology",
            "papers-cyber",
            "papers-nuclear"
        ],
        "loaders": {
            "code-lisp": {
                "train": "SingleDataLoader(code-lisp_train_001.bin, len=2461)",
                "test": "InterleavedDataLoader(len=264)"
            },
            "code-other": {
                "train": "InterleavedDataLoader(len=147669)",
                "test": "InterleavedDataLoader(len=264)"
            },
            "fineweb": {
                "train": "InterleavedDataLoader(len=826949)",
                "test": "InterleavedDataLoader(len=264)"
            },
            "papers-biology": {
                "train": "SingleDataLoader(papers-biology_train.bin, len=2461)",
                "test": "SingleDataLoader(papers-biology_test.bin, len=264)"
            },
            "papers-cyber": {
                "train": "SingleDataLoader(papers-cyber_train.bin, len=2461)",
                "test": "SingleDataLoader(papers-cyber_test.bin, len=264)"
            },
            "papers-nuclear": {
                "train": "SingleDataLoader(papers-nuclear_train.bin, len=2461)",
                "test": "SingleDataLoader(papers-nuclear_test.bin, len=264)"
            },
            "papers-other": {
                "train": "SingleDataLoader(papers-other_train.bin, len=9844)",
                "test": "SingleDataLoader(papers-other_test.bin, len=264)"
            },
            "core": {
                "train": "InterleavedDataLoader(len=984462)",
                "test": "InterleavedDataLoader(len=792)"
            },
            "aux": {
                "train": "InterleavedDataLoader(len=9844)",
                "test": "InterleavedDataLoader(len=1056)"
            },
            "all": {
                "train": "InterleavedDataLoader(len=994306)",
                "test": "InterleavedDataLoader(len=1848)"
            }
        },
        "res_root": "/home/ubuntu/gradient-routing/experiments/AGI-1699-New-Dataset-Runs/results/scaling/realistic/filtering/2B/seed_1",
        "experiment_id": "20260422033524005710",
        "s3_bucket": "ae-gradient-routing-results",
        "s3_prefix": "scaling/realistic/filtering/2B/seed_1"
    }
}
[GPU 0] [17:16:30] [INFO] Loader code-lisp train: 2461, test: 264
[GPU 0] [17:16:30] [INFO] Loader code-other train: 147669, test: 264
[GPU 0] [17:16:30] [INFO] Loader fineweb train: 826949, test: 264
[GPU 0] [17:16:30] [INFO] Loader papers-biology train: 2461, test: 264
[GPU 0] [17:16:30] [INFO] Loader papers-cyber train: 2461, test: 264
[GPU 0] [17:16:30] [INFO] Loader papers-nuclear train: 2461, test: 264
[GPU 0] [17:16:30] [INFO] Loader papers-other train: 9844, test: 264
[GPU 0] [17:16:30] [INFO] Loader core train: 984462, test: 792
[GPU 0] [17:16:30] [INFO] Loader aux train: 9844, test: 1056
[GPU 0] [17:16:30] [INFO] Loader all train: 994306, test: 1848
[GPU 0] [17:16:30] [INFO] Stage [filtering] start: {"name": "filtering", "num_checkpoints": 100, "lr": 0.0004271833607529287, "res_dir": "/home/ubuntu/gradient-routing/experiments/AGI-1699-New-Dataset-Runs/results/scaling/realistic/filtering/2B/seed_1/20260422033524005710/filtering", "do_eval": true, "do_sample": false, "num_train_evals": 0, "do_elicit": true, "elicit_eval_prc": 0.5, "elicit_num_evals": 100, "retain_targets": [["core", "papers-biology"]]}
[GPU 0] [17:16:30] [INFO] FILTERING START
[GPU 0] [17:16:30] [INFO] Using stage-level retain_targets override (1 targets)
[GPU 0] [17:16:30] [INFO] Filtering: retaining ['core', 'papers-biology'], removing ['code-lisp', 'papers-cyber', 'papers-nuclear']
[GPU 0] [17:16:50] [INFO] Initialized BaseTransformer with 2,016,181,632 total parameters
[GPU 0] [17:16:50] [INFO] Compiling BaseTransformer with torch.compile...
[GPU 0] [17:16:51] [INFO] torch.compile done
[GPU 0] [17:16:59] [INFO] ---- Begin Train | Train Labels: ['core', 'papers-biology'] ----
[GPU 0] [17:16:59] [INFO] Batch [core] count: 29832
[GPU 0] [17:16:59] [INFO] Batch [papers-biology] count: 75
[GPU 0] [17:17:02] [INFO] Restored 927498 train loss entries
[GPU 0] [17:17:02] [INFO] Restored 0 val loss entries
[GPU 0] [17:17:02] [INFO] warmup_steps: 598
[GPU 0] [17:17:02] [INFO] constant_steps: 26318
[GPU 0] [17:17:02] [INFO] decay_steps: 2991
[GPU 0] [17:17:02] [INFO] LR Scheduler: Warmup Start
[GPU 0] [17:17:02] [INFO] Restored scheduler to step 28106, LR: 2.572281e-04
[GPU 0] [18:45:42] [INFO] Step: 29000, LR: 1.30e-04
[GPU 0] [18:45:42] [INFO] Train Loss: CORE: 2.03 CODE-LISP: nan PAPERS-BIOLOGY: 2.23 PAPERS-CYBER: nan PAPERS-NUCLEAR: nan 
[GPU 0] [20:14:16] [INFO] Step: 29907, LR: 1.00e-08
[GPU 0] [20:14:16] [INFO] Train Loss: CORE: 1.63 CODE-LISP: nan PAPERS-BIOLOGY: 2.07 PAPERS-CYBER: nan PAPERS-NUCLEAR: nan 
[GPU 0] [20:15:35] [INFO] ---- Begin Eval ----
[GPU 0] [20:15:35] [INFO] Data: core | Experts: None
[GPU 0] [20:17:05] [INFO] loss: 1.72264361
[GPU 0] [20:17:05] [INFO] Data: code-lisp | Experts: None
[GPU 0] [20:17:20] [INFO] loss: 1.26400852
[GPU 0] [20:17:20] [INFO] Data: papers-biology | Experts: None
[GPU 0] [20:17:35] [INFO] loss: 2.17958045
[GPU 0] [20:17:35] [INFO] Data: papers-nuclear | Experts: None
[GPU 0] [20:17:51] [INFO] loss: 2.65863967
[GPU 0] [20:17:51] [INFO] Data: papers-cyber | Experts: None
[GPU 0] [20:18:06] [INFO] loss: 2.51947188
[GPU 0] [20:18:29] [INFO] Initialized BaseTransformer with 2,016,181,632 total parameters
[GPU 0] [20:18:29] [INFO] Compiling BaseTransformer with torch.compile...
[GPU 0] [20:18:29] [INFO] torch.compile done
[GPU 0] [20:18:43] [INFO] FILTERING - ADVERSARIAL FT START
[GPU 0] [20:18:47] [INFO] ---- Begin FT | Experts: None | Data: ['code-lisp'] ----
[GPU 0] [20:18:47] [DEBUG] num_seq: 512, num_rounds: 200, patience: 10
[GPU 0] [20:18:47] [DEBUG] local_x: torch.Size([64, 1024]), local_y: torch.Size([64, 1024]), num_steps: 13, per_gpu: 64, mbs_size: 5
[GPU 0] [20:21:31] [INFO] New best validation loss: 1.2611 @ step 0
[GPU 0] [20:21:41] [INFO] New best validation loss: 1.2102 @ step 1
[GPU 0] [20:21:51] [INFO] New best validation loss: 1.1297 @ step 2
[GPU 0] [20:22:01] [INFO] New best validation loss: 1.0898 @ step 3
[GPU 0] [20:22:11] [INFO] New best validation loss: 1.0628 @ step 4
[GPU 0] [20:22:22] [INFO] New best validation loss: 1.0451 @ step 5
[GPU 0] [20:22:32] [INFO] New best validation loss: 1.0237 @ step 6
[GPU 0] [20:22:42] [INFO] New best validation loss: 1.0055 @ step 7
[GPU 0] [20:22:52] [INFO] New best validation loss: 0.9915 @ step 8
[GPU 0] [20:23:02] [INFO] New best validation loss: 0.9797 @ step 9
[GPU 0] [20:23:13] [INFO] New best validation loss: 0.9689 @ step 10
[GPU 0] [20:23:23] [INFO] New best validation loss: 0.9598 @ step 11
[GPU 0] [20:23:33] [INFO] New best validation loss: 0.9520 @ step 12
[GPU 0] [20:23:43] [INFO] New best validation loss: 0.9439 @ step 13
[GPU 0] [20:23:53] [INFO] New best validation loss: 0.9367 @ step 14
[GPU 0] [20:24:04] [INFO] New best validation loss: 0.9323 @ step 15
[GPU 0] [20:24:14] [INFO] New best validation loss: 0.9310 @ step 16
[GPU 0] [20:24:24] [INFO] New best validation loss: 0.9307 @ step 17
[GPU 0] [20:26:16] [INFO] Stop FT @ 29: no val improvement for 10 steps
[GPU 0] [20:26:16] [INFO] Wrote stats.jsonl entries at FT step 17 
[GPU 0] [20:26:23] [INFO] ---- Begin FT | Experts: None | Data: ['papers-cyber'] ----
[GPU 0] [20:26:23] [DEBUG] num_seq: 512, num_rounds: 200, patience: 10
[GPU 0] [20:26:23] [DEBUG] local_x: torch.Size([64, 1024]), local_y: torch.Size([64, 1024]), num_steps: 13, per_gpu: 64, mbs_size: 5
[GPU 0] [20:26:33] [INFO] New best validation loss: 2.5950 @ step 0
[GPU 0] [20:26:43] [INFO] New best validation loss: 2.5515 @ step 1
[GPU 0] [20:26:53] [INFO] New best validation loss: 2.5503 @ step 2
[GPU 0] [20:27:03] [INFO] New best validation loss: 2.5456 @ step 3
[GPU 0] [20:28:56] [INFO] Stop FT @ 15: no val improvement for 10 steps
[GPU 0] [20:28:56] [INFO] Wrote stats.jsonl entries at FT step 3 
[GPU 0] [20:29:01] [INFO] ---- Begin FT | Experts: None | Data: ['papers-nuclear'] ----
[GPU 0] [20:29:01] [DEBUG] num_seq: 512, num_rounds: 200, patience: 10
[GPU 0] [20:29:01] [DEBUG] local_x: torch.Size([64, 1024]), local_y: torch.Size([64, 1024]), num_steps: 13, per_gpu: 64, mbs_size: 5
[GPU 0] [20:29:10] [INFO] New best validation loss: 2.7516 @ step 0
[GPU 0] [20:29:21] [INFO] New best validation loss: 2.6621 @ step 1
[GPU 0] [20:29:31] [INFO] New best validation loss: 2.6599 @ step 2
[GPU 0] [20:31:23] [INFO] Stop FT @ 14: no val improvement for 10 steps
[GPU 0] [20:31:23] [INFO] Wrote stats.jsonl entries at FT step 2 
[GPU 0] [20:31:25] [INFO] ----------------------------------------
[GPU 0] [20:31:25] [INFO] Finished. See /home/ubuntu/gradient-routing/experiments/AGI-1699-New-Dataset-Runs/results/scaling/realistic/filtering/2B/seed_1/20260422033524005710
