[GPU 0] [02:18:33] [INFO] Number of GPUs: 8
[GPU 0] [02:18:35] [INFO] Tokenizer vocabulary: 50257
[GPU 0] [02:18:35] [INFO] Set model vocab size to nearest multiple of 64 of tokenizer size: 50304
[GPU 0] [02:18:38] [INFO] target effective batch size: 368, actual effective batch size: 368, micro batch size: 23, accumulation steps: 2, num gpus: 8
[GPU 0] [02:18:38] [INFO] core total number of tokens: 66749057569
[GPU 0] [02:18:38] [INFO] Baseline model has 402,064,768 parameters
[GPU 0] [02:18:38] [INFO] core: chinchilla optimal tokens: 8,041,295,360, requested proportion: 1.0000, requested number of tokens: 8,041,295,360.0, 
[GPU 0] [02:18:38] [INFO] aux total number of tokens: 4835776549
[GPU 0] [02:18:38] [INFO] Baseline model has 402,064,768 parameters
[GPU 0] [02:18:38] [INFO] aux: chinchilla optimal tokens: 8,041,295,360, requested proportion: 0.0100, requested number of tokens: 80,412,953.60000001, 
[GPU 0] [02:18:39] [DEBUG] Saved config to /workspace/gradient-routing/experiments/AGI-1699-New-Dataset-Runs/results/scaling/realistic/lora/400M/seed_2/20260423021829592372/config.json
[GPU 0] [02:18:39] [DEBUG] {
    "stages": [
        {
            "name": "routed",
            "num_checkpoints": -1,
            "lr": 0.0007010274465180751,
            "res_dir": "/workspace/gradient-routing/experiments/AGI-1699-New-Dataset-Runs/results/scaling/realistic/lora/400M/seed_2/20260423021829592372/routed",
            "do_eval": true,
            "do_sample": false,
            "num_train_evals": 0,
            "do_elicit": true,
            "elicit_eval_prc": 0.5,
            "elicit_num_evals": 100,
            "model": {
                "arch": "lora",
                "tokenizer": "GPT2Tokenizer(name_or_path='EleutherAI/gpt-neo-125M', vocab_size=50257, model_max_length=2048, padding_side='right', truncation_side='right', special_tokens={'bos_token': '<|endoftext|>', 'eos_token': '<|endoftext|>', 'unk_token': '<|endoftext|>'}, added_tokens_decoder={\n\t50256: AddedToken(\"<|endoftext|>\", rstrip=False, lstrip=False, single_word=False, normalized=True, special=True),\n}\n)",
                "ctx_len": 1024,
                "vocab_size": 50304,
                "num_layers": 18,
                "num_heads": 8,
                "num_key_value": 2,
                "attn_bias": true,
                "eos_token_id": 50256,
                "embed_dim": 1216,
                "mlp_dim": 4864,
                "core_param_prc": 1.0,
                "aux_param_prc": 0.1
            },
            "eval_arbsub": false,
            "aux_factor": {
                "code-lisp": 2.0,
                "papers-biology": 1.0,
                "papers-nuclear": 1.0,
                "papers-cyber": 1.0
            },
            "core_aux_ratio": 1.0,
            "equal_compute": true
        }
    ],
    "model": {
        "arch": "base",
        "tokenizer": "GPT2Tokenizer(name_or_path='EleutherAI/gpt-neo-125M', vocab_size=50257, model_max_length=2048, padding_side='right', truncation_side='right', special_tokens={'bos_token': '<|endoftext|>', 'eos_token': '<|endoftext|>', 'unk_token': '<|endoftext|>'}, added_tokens_decoder={\n\t50256: AddedToken(\"<|endoftext|>\", rstrip=False, lstrip=False, single_word=False, normalized=True, special=True),\n}\n)",
        "ctx_len": 1024,
        "vocab_size": 50304,
        "num_layers": 18,
        "num_heads": 8,
        "num_key_value": 2,
        "attn_bias": true,
        "eos_token_id": 50256,
        "embed_dim": 1216,
        "mlp_dim": 4864
    },
    "data": {
        "dirs": [
            "/workspace/gradient-routing/experiments/AGI-1699-New-Dataset-Runs/src/data/fineweb",
            "/workspace/gradient-routing/experiments/AGI-1699-New-Dataset-Runs/src/data/code",
            "/workspace/gradient-routing/experiments/AGI-1699-New-Dataset-Runs/src/data/papers"
        ],
        "core": {
            "labels": [
                "fineweb",
                "code-other",
                "papers-other"
            ],
            "method": "optimal",
            "limit": 1.0,
            "dist": {
                "fineweb": 0.84,
                "code-other": 0.15,
                "papers-other": 0.01
            },
            "num_tok": 8041295360.0
        },
        "aux": {
            "labels": [
                "code-lisp",
                "papers-biology",
                "papers-nuclear",
                "papers-cyber"
            ],
            "method": "optimal",
            "limit": 0.01,
            "dist": {
                "code-lisp": 0.25,
                "papers-biology": 0.25,
                "papers-nuclear": 0.25,
                "papers-cyber": 0.25
            },
            "num_tok": 80412953.60000001
        }
    },
    "run": {
        "target_effective_batch_size": 368,
        "effective_batch_size": 368,
        "micro_batch_size": 23,
        "accumulation_steps": 2,
        "max_num_test_sequences": 10000,
        "eval_all_labels": false,
        "micro_batch_anchors": [
            [
                400000000.0,
                23
            ],
            [
                5000000000.0,
                2
            ]
        ],
        "epochs": 1,
        "adam_betas": [
            0.9,
            0.95
        ],
        "warmup_prc": 0.02,
        "decay_prc": 0.1,
        "seed": 2,
        "compile": true,
        "is_ddp": true,
        "optimize_routed": true,
        "cleanup_distributed": false,
        "log_level": "DEBUG",
        "num_gpus": 8,
        "process_id": 0,
        "num_base_params": 402064768,
        "device": "cuda",
        "logger": "<Logger training_20260423021829592372 (DEBUG)>",
        "labels": [
            "core",
            "code-lisp",
            "papers-biology",
            "papers-cyber",
            "papers-nuclear"
        ],
        "loaders": {
            "code-lisp": {
                "train": "SingleDataLoader(code-lisp_train_001.bin, len=106)",
                "test": "InterleavedDataLoader(len=56)"
            },
            "code-other": {
                "train": "InterleavedDataLoader(len=6401)",
                "test": "InterleavedDataLoader(len=56)"
            },
            "fineweb": {
                "train": "InterleavedDataLoader(len=35849)",
                "test": "InterleavedDataLoader(len=56)"
            },
            "papers-biology": {
                "train": "SingleDataLoader(papers-biology_train.bin, len=106)",
                "test": "SingleDataLoader(papers-biology_test.bin, len=56)"
            },
            "papers-cyber": {
                "train": "SingleDataLoader(papers-cyber_train.bin, len=106)",
                "test": "SingleDataLoader(papers-cyber_test.bin, len=56)"
            },
            "papers-nuclear": {
                "train": "SingleDataLoader(papers-nuclear_train.bin, len=106)",
                "test": "SingleDataLoader(papers-nuclear_test.bin, len=56)"
            },
            "papers-other": {
                "train": "SingleDataLoader(papers-other_train.bin, len=426)",
                "test": "SingleDataLoader(papers-other_test.bin, len=56)"
            },
            "core": {
                "train": "InterleavedDataLoader(len=42676)",
                "test": "InterleavedDataLoader(len=168)"
            },
            "aux": {
                "train": "InterleavedDataLoader(len=424)",
                "test": "InterleavedDataLoader(len=224)"
            },
            "all": {
                "train": "InterleavedDataLoader(len=43100)",
                "test": "InterleavedDataLoader(len=392)"
            }
        },
        "res_root": "/workspace/gradient-routing/experiments/AGI-1699-New-Dataset-Runs/results/scaling/realistic/lora/400M/seed_2",
        "experiment_id": "20260423021829592372",
        "s3_bucket": "ae-gradient-routing-results",
        "s3_prefix": "scaling/realistic/lora/400M/seed_2"
    }
}
[GPU 0] [02:18:39] [INFO] Loader code-lisp train: 106, test: 56
[GPU 0] [02:18:39] [INFO] Loader code-other train: 6401, test: 56
[GPU 0] [02:18:39] [INFO] Loader fineweb train: 35849, test: 56
[GPU 0] [02:18:39] [INFO] Loader papers-biology train: 106, test: 56
[GPU 0] [02:18:39] [INFO] Loader papers-cyber train: 106, test: 56
[GPU 0] [02:18:39] [INFO] Loader papers-nuclear train: 106, test: 56
[GPU 0] [02:18:39] [INFO] Loader papers-other train: 426, test: 56
[GPU 0] [02:18:39] [INFO] Loader core train: 42676, test: 168
[GPU 0] [02:18:39] [INFO] Loader aux train: 424, test: 224
[GPU 0] [02:18:39] [INFO] Loader all train: 43100, test: 392
[GPU 0] [02:18:39] [INFO] Stage [routed] start: {"name": "routed", "num_checkpoints": -1, "lr": 0.0007010274465180751, "res_dir": "/workspace/gradient-routing/experiments/AGI-1699-New-Dataset-Runs/results/scaling/realistic/lora/400M/seed_2/20260423021829592372/routed", "do_eval": true, "do_sample": false, "num_train_evals": 0, "do_elicit": true, "elicit_eval_prc": 0.5, "elicit_num_evals": 100, "model": {"arch": "lora", "tokenizer": "GPT2Tokenizer(name_or_path='EleutherAI/gpt-neo-125M', vocab_size=50257, model_max_length=2048, padding_side='right', truncation_side='right', special_tokens={'bos_token': '<|endoftext|>', 'eos_token': '<|endoftext|>', 'unk_token': '<|endoftext|>'}, added_tokens_decoder={\n\t50256: AddedToken(\"<|endoftext|>\", rstrip=False, lstrip=False, single_word=False, normalized=True, special=True),\n}\n)", "ctx_len": 1024, "vocab_size": 50304, "num_layers": 18, "num_heads": 8, "num_key_value": 2, "attn_bias": true, "eos_token_id": 50256, "embed_dim": 1216, "mlp_dim": 4864, "core_param_prc": 1.0, "aux_param_prc": 0.1}, "eval_arbsub": false, "aux_factor": {"code-lisp": 2.0, "papers-biology": 1.0, "papers-nuclear": 1.0, "papers-cyber": 1.0}, "core_aux_ratio": 1.0, "equal_compute": true}
[GPU 0] [02:18:39] [INFO] ROUTED START
[GPU 0] [02:18:42] [INFO] Initialized LoRATransformer with 492,243,328 total parameters
[GPU 0] [02:18:42] [INFO]   Label 'core' has 213,035,904 parameters
[GPU 0] [02:18:42] [INFO]   Label 'code-lisp' has 22,544,640 parameters
[GPU 0] [02:18:42] [INFO]   Label 'papers-biology' has 22,544,640 parameters
[GPU 0] [02:18:42] [INFO]   Label 'papers-cyber' has 22,544,640 parameters
[GPU 0] [02:18:42] [INFO]   Label 'papers-nuclear' has 22,544,640 parameters
[GPU 0] [02:18:42] [INFO]   Label 'SHARED' has 189,028,864 parameters
[GPU 0] [02:18:42] [INFO] Compiling LoRATransformer with torch.compile...
[GPU 0] [02:18:42] [INFO] torch.compile done
[GPU 0] [02:18:43] [WARNING] restore_partial_state: no checkpoint found at /workspace/gradient-routing/experiments/AGI-1699-New-Dataset-Runs/results/scaling/realistic/lora/400M/seed_2/20260423021829592372/routed
[GPU 0] [02:18:43] [INFO] ---- Begin Routed Ordered ----
[GPU 0] [02:18:43] [INFO] compute-equal: initial len_base: 42040 & len_ft: 1060
[GPU 0] [02:18:43] [INFO] compute-equal: flop_diff < 0, (-23897318400.0 < 0), must truncate training
[GPU 0] [02:18:43] [INFO] compute-equal: len_base: -30 -> 42010, len_ft: -28 -> 1032
[GPU 0] [02:18:43] [WARNING] utilized_aux > len_all_aux, (516 > 424), must resample aux
[GPU 0] [02:18:43] [INFO] 
len_all: 43100, len_all_aux: 424, len_all_core: 42676,
len_base: 42010, len_ft: 1032,
len_core_for_ft: 516, len_aux_for_ft: 516,
aux_factor: {'code-lisp': 2.0, 'papers-biology': 1.0, 'papers-nuclear': 1.0, 'papers-cyber': 1.0}, core_aux_ratio: 1.0,
equal_compute: True
[GPU 0] [02:18:43] [INFO] Batch [('core', ('core',), ('core', 'SHARED'))] count: 21005
[GPU 0] [02:18:43] [INFO] Batch [('code-lisp', ('core', 'code-lisp'), ('code-lisp',))] count: 103
[GPU 0] [02:18:43] [INFO] Batch [('core', ('core', 'code-lisp'), ('code-lisp',))] count: 103
[GPU 0] [02:18:43] [INFO] Batch [('core', ('core', 'papers-biology'), ('papers-biology',))] count: 52
[GPU 0] [02:18:43] [INFO] Batch [('papers-biology', ('core', 'papers-biology'), ('papers-biology',))] count: 52
[GPU 0] [02:18:43] [INFO] Batch [('core', ('core', 'papers-nuclear'), ('papers-nuclear',))] count: 52
[GPU 0] [02:18:43] [INFO] Batch [('papers-nuclear', ('core', 'papers-nuclear'), ('papers-nuclear',))] count: 52
[GPU 0] [02:18:43] [INFO] Batch [('core', ('core', 'papers-cyber'), ('papers-cyber',))] count: 52
[GPU 0] [02:18:43] [INFO] Batch [('papers-cyber', ('core', 'papers-cyber'), ('papers-cyber',))] count: 52
[GPU 0] [02:18:43] [WARNING] len_batches != expected, (21523 != 21521), -2 length difference
[GPU 0] [02:18:43] [INFO] ---- Begin Routed ----
[GPU 0] [02:18:43] [INFO] LR schedule group 0: steps [0, 21005), warmup=420, constant=18485, decay=2100
[GPU 0] [02:18:43] [INFO] LR schedule group 1: steps [21005, 21211), warmup=4, constant=181, decay=21
[GPU 0] [02:18:43] [INFO] LR schedule group 2: steps [21211, 21315), warmup=2, constant=92, decay=10
[GPU 0] [02:18:43] [INFO] LR schedule group 3: steps [21315, 21419), warmup=2, constant=92, decay=10
[GPU 0] [02:18:43] [INFO] LR schedule group 4: steps [21419, 21523), warmup=2, constant=92, decay=10
[GPU 0] [02:18:43] [INFO] LR Scheduler: Group warmup (step 0)
[GPU 0] [02:18:43] [INFO] CUDA memory before training loop:
[GPU 0] [02:18:43] [INFO] |===========================================================================|
[GPU 0] [02:18:43] [INFO] |                  PyTorch CUDA memory summary, device ID 0                 |
[GPU 0] [02:18:43] [INFO] |---------------------------------------------------------------------------|
[GPU 0] [02:18:43] [INFO] |            CUDA OOMs: 0            |        cudaMalloc retries: 0         |
[GPU 0] [02:18:43] [INFO] |===========================================================================|
[GPU 0] [02:18:43] [INFO] |        Metric         | Cur Usage  | Peak Usage | Tot Alloc  | Tot Freed  |
[GPU 0] [02:18:43] [INFO] |---------------------------------------------------------------------------|
[GPU 0] [02:18:43] [INFO] | Allocated memory      |   2284 MiB |  43963 MiB |  23640 TiB |  23640 TiB |
[GPU 0] [02:18:43] [INFO] |       from large pool |   2111 MiB |  43396 MiB |  23627 TiB |  23627 TiB |
[GPU 0] [02:18:43] [INFO] |       from small pool |    173 MiB |    568 MiB |     12 TiB |     12 TiB |
[GPU 0] [02:18:43] [INFO] |---------------------------------------------------------------------------|
[GPU 0] [02:18:43] [INFO] | Active memory         |   2284 MiB |  43963 MiB |  23640 TiB |  23640 TiB |
[GPU 0] [02:18:43] [INFO] |       from large pool |   2111 MiB |  43396 MiB |  23627 TiB |  23627 TiB |
[GPU 0] [02:18:43] [INFO] |       from small pool |    173 MiB |    568 MiB |     12 TiB |     12 TiB |
[GPU 0] [02:18:43] [INFO] |---------------------------------------------------------------------------|
[GPU 0] [02:18:43] [INFO] | Requested memory      |   2284 MiB |  43962 MiB |  23640 TiB |  23640 TiB |
[GPU 0] [02:18:43] [INFO] |       from large pool |   2111 MiB |  43396 MiB |  23627 TiB |  23627 TiB |
[GPU 0] [02:18:43] [INFO] |       from small pool |    173 MiB |    567 MiB |     12 TiB |     12 TiB |
[GPU 0] [02:18:43] [INFO] |---------------------------------------------------------------------------|
[GPU 0] [02:18:43] [INFO] | GPU reserved memory   |   2294 MiB |  45610 MiB |  65727 GiB |  65725 GiB |
[GPU 0] [02:18:43] [INFO] |       from large pool |   2120 MiB |  45040 MiB |  65600 GiB |  65598 GiB |
[GPU 0] [02:18:43] [INFO] |       from small pool |    174 MiB |    570 MiB |    127 GiB |    127 GiB |
[GPU 0] [02:18:43] [INFO] |---------------------------------------------------------------------------|
[GPU 0] [02:18:43] [INFO] | Non-releasable memory |      0 B   |      0 B   |      0 B   |      0 B   |
[GPU 0] [02:18:43] [INFO] |       from large pool |      0 B   |      0 B   |      0 B   |      0 B   |
[GPU 0] [02:18:43] [INFO] |       from small pool |      0 B   |      0 B   |      0 B   |      0 B   |
[GPU 0] [02:18:43] [INFO] |---------------------------------------------------------------------------|
[GPU 0] [02:18:43] [INFO] | Allocations           |     558    |    3539    |  451120 K  |  451120 K  |
[GPU 0] [02:18:43] [INFO] |       from large pool |     139    |    1499    |  293999 K  |  293999 K  |
[GPU 0] [02:18:43] [INFO] |       from small pool |     419    |    2043    |  157120 K  |  157120 K  |
[GPU 0] [02:18:43] [INFO] |---------------------------------------------------------------------------|
[GPU 0] [02:18:43] [INFO] | Active allocs         |     558    |    3539    |  451120 K  |  451120 K  |
[GPU 0] [02:18:43] [INFO] |       from large pool |     139    |    1499    |  293999 K  |  293999 K  |
[GPU 0] [02:18:43] [INFO] |       from small pool |     419    |    2043    |  157120 K  |  157120 K  |
[GPU 0] [02:18:43] [INFO] |---------------------------------------------------------------------------|
[GPU 0] [02:18:43] [INFO] | GPU reserved segments |       0    |       0    |       0    |       0    |
[GPU 0] [02:18:43] [INFO] |       from large pool |       0    |       0    |       0    |       0    |
[GPU 0] [02:18:43] [INFO] |       from small pool |       0    |       0    |       0    |       0    |
[GPU 0] [02:18:43] [INFO] |---------------------------------------------------------------------------|
[GPU 0] [02:18:43] [INFO] | Non-releasable allocs |       0    |       0    |       0    |       0    |
[GPU 0] [02:18:43] [INFO] |       from large pool |       0    |       0    |       0    |       0    |
[GPU 0] [02:18:43] [INFO] |       from small pool |       0    |       0    |       0    |       0    |
[GPU 0] [02:18:43] [INFO] |---------------------------------------------------------------------------|
[GPU 0] [02:18:43] [INFO] | Oversize allocations  |       0    |       0    |       0    |       0    |
[GPU 0] [02:18:43] [INFO] |---------------------------------------------------------------------------|
[GPU 0] [02:18:43] [INFO] | Oversize GPU segments |       0    |       0    |       0    |       0    |
[GPU 0] [02:18:43] [INFO] |===========================================================================|
[GPU 0] [02:18:43] [INFO] 
[GPU 0] [02:18:43] [INFO] Batch group start, LR: 1.0000e-08, 21005 batches
[GPU 0] [02:18:53] [INFO] CUDA memory after first training step:
[GPU 0] [02:18:53] [INFO] |===========================================================================|
[GPU 0] [02:18:53] [INFO] |                  PyTorch CUDA memory summary, device ID 0                 |
[GPU 0] [02:18:53] [INFO] |---------------------------------------------------------------------------|
[GPU 0] [02:18:53] [INFO] |            CUDA OOMs: 0            |        cudaMalloc retries: 0         |
[GPU 0] [02:18:53] [INFO] |===========================================================================|
[GPU 0] [02:18:53] [INFO] |        Metric         | Cur Usage  | Peak Usage | Tot Alloc  | Tot Freed  |
[GPU 0] [02:18:53] [INFO] |---------------------------------------------------------------------------|
[GPU 0] [02:18:53] [INFO] | Allocated memory      |   6078 MiB |  43963 MiB |  23640 TiB |  23640 TiB |
[GPU 0] [02:18:53] [INFO] |       from large pool |   5903 MiB |  43396 MiB |  23628 TiB |  23628 TiB |
[GPU 0] [02:18:53] [INFO] |       from small pool |    174 MiB |    568 MiB |     12 TiB |     12 TiB |
[GPU 0] [02:18:53] [INFO] |---------------------------------------------------------------------------|
[GPU 0] [02:18:53] [INFO] | Active memory         |   6078 MiB |  43963 MiB |  23640 TiB |  23640 TiB |
[GPU 0] [02:18:53] [INFO] |       from large pool |   5903 MiB |  43396 MiB |  23628 TiB |  23628 TiB |
[GPU 0] [02:18:53] [INFO] |       from small pool |    174 MiB |    568 MiB |     12 TiB |     12 TiB |
[GPU 0] [02:18:53] [INFO] |---------------------------------------------------------------------------|
[GPU 0] [02:18:53] [INFO] | Requested memory      |   6078 MiB |  43962 MiB |  23640 TiB |  23640 TiB |
[GPU 0] [02:18:53] [INFO] |       from large pool |   5903 MiB |  43396 MiB |  23628 TiB |  23628 TiB |
[GPU 0] [02:18:53] [INFO] |       from small pool |    174 MiB |    567 MiB |     12 TiB |     12 TiB |
[GPU 0] [02:18:53] [INFO] |---------------------------------------------------------------------------|
[GPU 0] [02:18:53] [INFO] | GPU reserved memory   |  43438 MiB |  45610 MiB |  65767 GiB |  65725 GiB |
[GPU 0] [02:18:53] [INFO] |       from large pool |  43260 MiB |  45040 MiB |  65640 GiB |  65598 GiB |
[GPU 0] [02:18:53] [INFO] |       from small pool |    178 MiB |    570 MiB |    127 GiB |    127 GiB |
[GPU 0] [02:18:53] [INFO] |---------------------------------------------------------------------------|
[GPU 0] [02:18:53] [INFO] | Non-releasable memory |      0 B   |      0 B   |      0 B   |      0 B   |
[GPU 0] [02:18:53] [INFO] |       from large pool |      0 B   |      0 B   |      0 B   |      0 B   |
[GPU 0] [02:18:53] [INFO] |       from small pool |      0 B   |      0 B   |      0 B   |      0 B   |
[GPU 0] [02:18:53] [INFO] |---------------------------------------------------------------------------|
[GPU 0] [02:18:53] [INFO] | Allocations           |    1223    |    3539    |  451124 K  |  451122 K  |
[GPU 0] [02:18:53] [INFO] |       from large pool |     324    |    1499    |  294001 K  |  294001 K  |
[GPU 0] [02:18:53] [INFO] |       from small pool |     899    |    2043    |  157122 K  |  157121 K  |
[GPU 0] [02:18:53] [INFO] |---------------------------------------------------------------------------|
[GPU 0] [02:18:53] [INFO] | Active allocs         |    1223    |    3539    |  451124 K  |  451122 K  |
[GPU 0] [02:18:53] [INFO] |       from large pool |     324    |    1499    |  294001 K  |  294001 K  |
[GPU 0] [02:18:53] [INFO] |       from small pool |     899    |    2043    |  157122 K  |  157121 K  |
[GPU 0] [02:18:53] [INFO] |---------------------------------------------------------------------------|
[GPU 0] [02:18:53] [INFO] | GPU reserved segments |       0    |       0    |       0    |       0    |
[GPU 0] [02:18:53] [INFO] |       from large pool |       0    |       0    |       0    |       0    |
[GPU 0] [02:18:53] [INFO] |       from small pool |       0    |       0    |       0    |       0    |
[GPU 0] [02:18:53] [INFO] |---------------------------------------------------------------------------|
[GPU 0] [02:18:53] [INFO] | Non-releasable allocs |       0    |       0    |       0    |       0    |
[GPU 0] [02:18:53] [INFO] |       from large pool |       0    |       0    |       0    |       0    |
[GPU 0] [02:18:53] [INFO] |       from small pool |       0    |       0    |       0    |       0    |
[GPU 0] [02:18:53] [INFO] |---------------------------------------------------------------------------|
[GPU 0] [02:18:53] [INFO] | Oversize allocations  |       0    |       0    |       0    |       0    |
[GPU 0] [02:18:53] [INFO] |---------------------------------------------------------------------------|
[GPU 0] [02:18:53] [INFO] | Oversize GPU segments |       0    |       0    |       0    |       0    |
[GPU 0] [02:18:53] [INFO] |===========================================================================|
[GPU 0] [02:18:53] [INFO] 
[GPU 0] [02:18:53] [INFO] Step: 1, LR: 1.6791e-06
[GPU 0] [02:18:53] [INFO] Train Loss: CORE: 11.06 CODE-LISP: nan PAPERS-BIOLOGY: nan PAPERS-CYBER: nan PAPERS-NUCLEAR: nan 
[GPU 0] [02:21:55] [INFO] LR Scheduler: Group constant (step 420)
[GPU 0] [02:26:00] [INFO] Step: 1000, LR: 7.0103e-04
[GPU 0] [02:26:00] [INFO] Train Loss: CORE: 3.35 CODE-LISP: nan PAPERS-BIOLOGY: nan PAPERS-CYBER: nan PAPERS-NUCLEAR: nan 
[GPU 0] [02:33:03] [INFO] Step: 2000, LR: 7.0103e-04
[GPU 0] [02:33:03] [INFO] Train Loss: CORE: 2.99 CODE-LISP: nan PAPERS-BIOLOGY: nan PAPERS-CYBER: nan PAPERS-NUCLEAR: nan 
[GPU 0] [02:40:06] [INFO] Step: 3000, LR: 7.0103e-04
[GPU 0] [02:40:06] [INFO] Train Loss: CORE: 2.96 CODE-LISP: nan PAPERS-BIOLOGY: nan PAPERS-CYBER: nan PAPERS-NUCLEAR: nan 
[GPU 0] [02:47:13] [INFO] Step: 4000, LR: 7.0103e-04
[GPU 0] [02:47:13] [INFO] Train Loss: CORE: 2.87 CODE-LISP: nan PAPERS-BIOLOGY: nan PAPERS-CYBER: nan PAPERS-NUCLEAR: nan 
[GPU 0] [02:54:15] [INFO] Step: 5000, LR: 7.0103e-04
[GPU 0] [02:54:15] [INFO] Train Loss: CORE: 2.74 CODE-LISP: nan PAPERS-BIOLOGY: nan PAPERS-CYBER: nan PAPERS-NUCLEAR: nan 
[GPU 0] [03:01:17] [INFO] Step: 6000, LR: 7.0103e-04
[GPU 0] [03:01:17] [INFO] Train Loss: CORE: 2.82 CODE-LISP: nan PAPERS-BIOLOGY: nan PAPERS-CYBER: nan PAPERS-NUCLEAR: nan 
[GPU 0] [03:08:24] [INFO] Step: 7000, LR: 7.0103e-04
[GPU 0] [03:08:24] [INFO] Train Loss: CORE: 2.77 CODE-LISP: nan PAPERS-BIOLOGY: nan PAPERS-CYBER: nan PAPERS-NUCLEAR: nan 
[GPU 0] [03:15:26] [INFO] Step: 8000, LR: 7.0103e-04
[GPU 0] [03:15:26] [INFO] Train Loss: CORE: 2.72 CODE-LISP: nan PAPERS-BIOLOGY: nan PAPERS-CYBER: nan PAPERS-NUCLEAR: nan 
[GPU 0] [03:22:28] [INFO] Step: 9000, LR: 7.0103e-04
[GPU 0] [03:22:28] [INFO] Train Loss: CORE: 2.72 CODE-LISP: nan PAPERS-BIOLOGY: nan PAPERS-CYBER: nan PAPERS-NUCLEAR: nan 
[GPU 0] [03:29:37] [INFO] Step: 10000, LR: 7.0103e-04
[GPU 0] [03:29:37] [INFO] Train Loss: CORE: 2.74 CODE-LISP: nan PAPERS-BIOLOGY: nan PAPERS-CYBER: nan PAPERS-NUCLEAR: nan 
[GPU 0] [03:36:40] [INFO] Step: 11000, LR: 7.0103e-04
[GPU 0] [03:36:40] [INFO] Train Loss: CORE: 2.74 CODE-LISP: nan PAPERS-BIOLOGY: nan PAPERS-CYBER: nan PAPERS-NUCLEAR: nan 
[GPU 0] [03:43:43] [INFO] Step: 12000, LR: 7.0103e-04
[GPU 0] [03:43:43] [INFO] Train Loss: CORE: 2.69 CODE-LISP: nan PAPERS-BIOLOGY: nan PAPERS-CYBER: nan PAPERS-NUCLEAR: nan 
[GPU 0] [03:50:51] [INFO] Step: 13000, LR: 7.0103e-04
[GPU 0] [03:50:51] [INFO] Train Loss: CORE: 2.64 CODE-LISP: nan PAPERS-BIOLOGY: nan PAPERS-CYBER: nan PAPERS-NUCLEAR: nan 
[GPU 0] [03:57:53] [INFO] Step: 14000, LR: 7.0103e-04
[GPU 0] [03:57:53] [INFO] Train Loss: CORE: 2.62 CODE-LISP: nan PAPERS-BIOLOGY: nan PAPERS-CYBER: nan PAPERS-NUCLEAR: nan 
[GPU 0] [04:04:55] [INFO] Step: 15000, LR: 7.0103e-04
[GPU 0] [04:04:55] [INFO] Train Loss: CORE: 2.63 CODE-LISP: nan PAPERS-BIOLOGY: nan PAPERS-CYBER: nan PAPERS-NUCLEAR: nan 
[GPU 0] [04:11:58] [INFO] Step: 16000, LR: 7.0103e-04
[GPU 0] [04:11:58] [INFO] Train Loss: CORE: 2.67 CODE-LISP: nan PAPERS-BIOLOGY: nan PAPERS-CYBER: nan PAPERS-NUCLEAR: nan 
[GPU 0] [04:19:05] [INFO] Step: 17000, LR: 7.0103e-04
[GPU 0] [04:19:05] [INFO] Train Loss: CORE: 2.66 CODE-LISP: nan PAPERS-BIOLOGY: nan PAPERS-CYBER: nan PAPERS-NUCLEAR: nan 
[GPU 0] [04:26:07] [INFO] Step: 18000, LR: 7.0103e-04
[GPU 0] [04:26:07] [INFO] Train Loss: CORE: 2.62 CODE-LISP: nan PAPERS-BIOLOGY: nan PAPERS-CYBER: nan PAPERS-NUCLEAR: nan 
[GPU 0] [04:32:29] [INFO] LR Scheduler: Group decay (step 18905)
[GPU 0] [04:33:09] [INFO] Step: 19000, LR: 6.6931e-04
[GPU 0] [04:33:09] [INFO] Train Loss: CORE: 2.78 CODE-LISP: nan PAPERS-BIOLOGY: nan PAPERS-CYBER: nan PAPERS-NUCLEAR: nan 
[GPU 0] [04:40:17] [INFO] Step: 20000, LR: 3.3550e-04
[GPU 0] [04:40:17] [INFO] Train Loss: CORE: 2.70 CODE-LISP: nan PAPERS-BIOLOGY: nan PAPERS-CYBER: nan PAPERS-NUCLEAR: nan 
[GPU 0] [04:47:19] [INFO] Step: 21000, LR: 1.6791e-06
[GPU 0] [04:47:19] [INFO] Train Loss: CORE: 2.64 CODE-LISP: nan PAPERS-BIOLOGY: nan PAPERS-CYBER: nan PAPERS-NUCLEAR: nan 
[GPU 0] [04:47:22] [INFO] LR Scheduler: Group warmup (step 21005)
[GPU 0] [04:47:22] [INFO] Batch group start, LR: 1.0000e-08, 206 batches
[GPU 0] [04:47:24] [INFO] LR Scheduler: Group constant (step 21009)
[GPU 0] [04:48:51] [INFO] LR Scheduler: Group decay (step 21190)
[GPU 0] [04:49:01] [INFO] LR Scheduler: Group warmup (step 21211)
[GPU 0] [04:49:01] [INFO] Batch group start, LR: 1.0000e-08, 104 batches
[GPU 0] [04:49:02] [INFO] LR Scheduler: Group constant (step 21213)
[GPU 0] [04:49:46] [INFO] LR Scheduler: Group decay (step 21305)
[GPU 0] [04:49:51] [INFO] LR Scheduler: Group warmup (step 21315)
[GPU 0] [04:49:51] [INFO] Batch group start, LR: 1.0000e-08, 104 batches
[GPU 0] [04:49:52] [INFO] LR Scheduler: Group constant (step 21317)
[GPU 0] [04:50:37] [INFO] LR Scheduler: Group decay (step 21409)
[GPU 0] [04:50:42] [INFO] LR Scheduler: Group warmup (step 21419)
[GPU 0] [04:50:42] [INFO] Batch group start, LR: 1.0000e-08, 104 batches
[GPU 0] [04:50:43] [INFO] LR Scheduler: Group constant (step 21421)
[GPU 0] [04:51:27] [INFO] LR Scheduler: Group decay (step 21513)
[GPU 0] [04:51:32] [INFO] Step: 21523, LR: 1.0000e-08
[GPU 0] [04:51:32] [INFO] Train Loss: CORE: 2.61 CODE-LISP: 0.82 PAPERS-BIOLOGY: 2.59 PAPERS-CYBER: 2.85 PAPERS-NUCLEAR: 2.96 
[GPU 0] [04:52:27] [INFO] ---- Begin Eval ----
[GPU 0] [04:52:27] [INFO] Data: core | Experts: ['core']
[GPU 0] [04:52:46] [INFO] loss: 2.02715611
[GPU 0] [04:52:46] [INFO] Data: code-lisp | Experts: ['core']
[GPU 0] [04:52:51] [INFO] loss: 1.52566957
[GPU 0] [04:52:51] [INFO] Data: papers-biology | Experts: ['core']
[GPU 0] [04:52:56] [INFO] loss: 2.66755033
[GPU 0] [04:52:56] [INFO] Data: papers-nuclear | Experts: ['core']
[GPU 0] [04:53:01] [INFO] loss: 3.02793670
[GPU 0] [04:53:01] [INFO] Data: papers-cyber | Experts: ['core']
[GPU 0] [04:53:05] [INFO] loss: 2.89906549
[GPU 0] [04:53:05] [INFO] ---- Begin Eval ----
[GPU 0] [04:53:05] [INFO] Data: core | Experts: ['code-lisp', 'core']
[GPU 0] [04:53:22] [INFO] loss: 2.04351497
[GPU 0] [04:53:22] [INFO] Data: code-lisp | Experts: ['code-lisp', 'core']
[GPU 0] [04:53:28] [INFO] loss: 0.95463341
[GPU 0] [04:53:28] [INFO] Data: papers-biology | Experts: ['code-lisp', 'core']
[GPU 0] [04:53:33] [INFO] loss: 2.68118739
[GPU 0] [04:53:33] [INFO] Data: papers-nuclear | Experts: ['code-lisp', 'core']
[GPU 0] [04:53:38] [INFO] loss: 3.04370093
[GPU 0] [04:53:38] [INFO] Data: papers-cyber | Experts: ['code-lisp', 'core']
[GPU 0] [04:53:44] [INFO] loss: 2.91653872
[GPU 0] [04:53:44] [INFO] ---- Begin Eval ----
[GPU 0] [04:53:44] [INFO] Data: core | Experts: ['core', 'papers-biology']
[GPU 0] [04:54:00] [INFO] loss: 2.03529859
[GPU 0] [04:54:00] [INFO] Data: code-lisp | Experts: ['core', 'papers-biology']
[GPU 0] [04:54:06] [INFO] loss: 1.52879119
[GPU 0] [04:54:06] [INFO] Data: papers-biology | Experts: ['core', 'papers-biology']
[GPU 0] [04:54:11] [INFO] loss: 2.57292819
[GPU 0] [04:54:11] [INFO] Data: papers-nuclear | Experts: ['core', 'papers-biology']
[GPU 0] [04:54:17] [INFO] loss: 3.02500701
[GPU 0] [04:54:17] [INFO] Data: papers-cyber | Experts: ['core', 'papers-biology']
[GPU 0] [04:54:22] [INFO] loss: 2.90911007
[GPU 0] [04:54:22] [INFO] ---- Begin Eval ----
[GPU 0] [04:54:22] [INFO] Data: core | Experts: ['core', 'papers-nuclear']
[GPU 0] [04:54:38] [INFO] loss: 2.03758311
[GPU 0] [04:54:38] [INFO] Data: code-lisp | Experts: ['core', 'papers-nuclear']
[GPU 0] [04:54:44] [INFO] loss: 1.53456330
[GPU 0] [04:54:44] [INFO] Data: papers-biology | Experts: ['core', 'papers-nuclear']
[GPU 0] [04:54:49] [INFO] loss: 2.66985202
[GPU 0] [04:54:49] [INFO] Data: papers-nuclear | Experts: ['core', 'papers-nuclear']
[GPU 0] [04:54:54] [INFO] loss: 2.91388798
[GPU 0] [04:54:54] [INFO] Data: papers-cyber | Experts: ['core', 'papers-nuclear']
[GPU 0] [04:55:00] [INFO] loss: 2.90980744
[GPU 0] [04:55:00] [INFO] ---- Begin Eval ----
[GPU 0] [04:55:00] [INFO] Data: core | Experts: ['core', 'papers-cyber']
[GPU 0] [04:55:16] [INFO] loss: 2.02843237
[GPU 0] [04:55:16] [INFO] Data: code-lisp | Experts: ['core', 'papers-cyber']
[GPU 0] [04:55:21] [INFO] loss: 1.53180802
[GPU 0] [04:55:21] [INFO] Data: papers-biology | Experts: ['core', 'papers-cyber']
[GPU 0] [04:55:27] [INFO] loss: 2.66960764
[GPU 0] [04:55:27] [INFO] Data: papers-nuclear | Experts: ['core', 'papers-cyber']
[GPU 0] [04:55:32] [INFO] loss: 3.02629757
[GPU 0] [04:55:32] [INFO] Data: papers-cyber | Experts: ['core', 'papers-cyber']
[GPU 0] [04:55:38] [INFO] loss: 2.83356571
[GPU 0] [04:55:42] [INFO] ROUTED - ADVERSARIAL FT START
[GPU 0] [04:55:43] [INFO] ---- Begin FT | Experts: ['core'] | Data: ['code-lisp'] ----
[GPU 0] [04:55:43] [DEBUG] num_seq: 512, num_rounds: 200, patience: 10
[GPU 0] [04:55:43] [DEBUG] local_x: torch.Size([64, 1024]), local_y: torch.Size([64, 1024]), num_steps: 3, per_gpu: 64, mbs_size: 23
[GPU 0] [04:55:57] [INFO] New best validation loss: 1.5440 @ step 0
[GPU 0] [04:56:09] [INFO] New best validation loss: 1.4177 @ step 1
[GPU 0] [04:56:22] [INFO] New best validation loss: 1.3846 @ step 2
[GPU 0] [04:56:35] [INFO] New best validation loss: 1.3477 @ step 3
[GPU 0] [04:56:47] [INFO] New best validation loss: 1.3102 @ step 4
[GPU 0] [04:57:00] [INFO] New best validation loss: 1.2818 @ step 5
[GPU 0] [04:57:12] [INFO] New best validation loss: 1.2612 @ step 6
[GPU 0] [04:57:24] [INFO] New best validation loss: 1.2451 @ step 7
[GPU 0] [04:57:38] [INFO] New best validation loss: 1.2313 @ step 8
[GPU 0] [04:57:51] [INFO] New best validation loss: 1.2181 @ step 9
[GPU 0] [04:58:03] [INFO] New best validation loss: 1.2052 @ step 10
[GPU 0] [04:58:15] [INFO] New best validation loss: 1.1928 @ step 11
[GPU 0] [04:58:27] [INFO] New best validation loss: 1.1815 @ step 12
[GPU 0] [04:58:40] [INFO] New best validation loss: 1.1715 @ step 13
[GPU 0] [04:58:54] [INFO] New best validation loss: 1.1627 @ step 14
[GPU 0] [04:59:07] [INFO] New best validation loss: 1.1547 @ step 15
[GPU 0] [04:59:19] [INFO] New best validation loss: 1.1472 @ step 16
[GPU 0] [04:59:31] [INFO] New best validation loss: 1.1406 @ step 17
[GPU 0] [04:59:44] [INFO] New best validation loss: 1.1354 @ step 18
[GPU 0] [04:59:57] [INFO] New best validation loss: 1.1314 @ step 19
[GPU 0] [05:00:13] [INFO] New best validation loss: 1.1275 @ step 20
[GPU 0] [05:00:26] [INFO] New best validation loss: 1.1234 @ step 21
[GPU 0] [05:00:38] [INFO] New best validation loss: 1.1196 @ step 22
[GPU 0] [05:00:52] [INFO] New best validation loss: 1.1160 @ step 23
[GPU 0] [05:01:05] [INFO] New best validation loss: 1.1134 @ step 24
[GPU 0] [05:01:17] [INFO] New best validation loss: 1.1112 @ step 25
[GPU 0] [05:01:30] [INFO] New best validation loss: 1.1100 @ step 26
[GPU 0] [05:01:42] [INFO] New best validation loss: 1.1091 @ step 27
[GPU 0] [05:01:55] [INFO] New best validation loss: 1.1087 @ step 28
[GPU 0] [05:02:07] [INFO] New best validation loss: 1.1083 @ step 29
[GPU 0] [05:04:25] [INFO] Stop FT @ 41: no val improvement for 10 steps
[GPU 0] [05:04:25] [INFO] Wrote stats.jsonl entries at FT step 29 
[GPU 0] [05:04:26] [INFO] ---- Begin FT | Experts: ['core'] | Data: ['papers-biology'] ----
[GPU 0] [05:04:26] [DEBUG] num_seq: 512, num_rounds: 200, patience: 10
[GPU 0] [05:04:26] [DEBUG] local_x: torch.Size([64, 1024]), local_y: torch.Size([64, 1024]), num_steps: 3, per_gpu: 64, mbs_size: 23
[GPU 0] [05:04:38] [INFO] New best validation loss: 2.6940 @ step 0
[GPU 0] [05:04:52] [INFO] New best validation loss: 2.6632 @ step 1
[GPU 0] [05:05:05] [INFO] New best validation loss: 2.6575 @ step 2
[GPU 0] [05:05:18] [INFO] New best validation loss: 2.6518 @ step 3
[GPU 0] [05:05:31] [INFO] New best validation loss: 2.6459 @ step 4
[GPU 0] [05:05:43] [INFO] New best validation loss: 2.6427 @ step 5
[GPU 0] [05:05:56] [INFO] New best validation loss: 2.6419 @ step 6
[GPU 0] [05:08:17] [INFO] Stop FT @ 18: no val improvement for 10 steps
[GPU 0] [05:08:17] [INFO] Wrote stats.jsonl entries at FT step 6 
[GPU 0] [05:08:19] [INFO] ---- Begin FT | Experts: ['core'] | Data: ['papers-cyber'] ----
[GPU 0] [05:08:19] [DEBUG] num_seq: 512, num_rounds: 200, patience: 10
[GPU 0] [05:08:19] [DEBUG] local_x: torch.Size([64, 1024]), local_y: torch.Size([64, 1024]), num_steps: 3, per_gpu: 64, mbs_size: 23
[GPU 0] [05:08:31] [INFO] New best validation loss: 2.9326 @ step 0
[GPU 0] [05:08:44] [INFO] New best validation loss: 2.8971 @ step 1
[GPU 0] [05:09:09] [INFO] New best validation loss: 2.8955 @ step 3
[GPU 0] [05:09:23] [INFO] New best validation loss: 2.8936 @ step 4
[GPU 0] [05:09:36] [INFO] New best validation loss: 2.8928 @ step 5
[GPU 0] [05:12:00] [INFO] Stop FT @ 17: no val improvement for 10 steps
[GPU 0] [05:12:00] [INFO] Wrote stats.jsonl entries at FT step 5 
[GPU 0] [05:12:01] [INFO] ---- Begin FT | Experts: ['core'] | Data: ['papers-nuclear'] ----
[GPU 0] [05:12:01] [DEBUG] num_seq: 512, num_rounds: 200, patience: 10
[GPU 0] [05:12:01] [DEBUG] local_x: torch.Size([64, 1024]), local_y: torch.Size([64, 1024]), num_steps: 3, per_gpu: 64, mbs_size: 23
[GPU 0] [05:12:14] [INFO] New best validation loss: 3.0518 @ step 0
[GPU 0] [05:12:26] [INFO] New best validation loss: 3.0045 @ step 1
[GPU 0] [05:12:39] [INFO] New best validation loss: 2.9979 @ step 2
[GPU 0] [05:12:52] [INFO] New best validation loss: 2.9965 @ step 3
[GPU 0] [05:13:06] [INFO] New best validation loss: 2.9940 @ step 4
[GPU 0] [05:13:19] [INFO] New best validation loss: 2.9906 @ step 5
[GPU 0] [05:13:32] [INFO] New best validation loss: 2.9872 @ step 6
[GPU 0] [05:13:44] [INFO] New best validation loss: 2.9869 @ step 7
[GPU 0] [05:16:02] [INFO] Stop FT @ 19: no val improvement for 10 steps
[GPU 0] [05:16:02] [INFO] Wrote stats.jsonl entries at FT step 7 
[GPU 0] [05:16:02] [INFO] ROUTED - ADVERSARIAL FT START
[GPU 0] [05:16:03] [INFO] ---- Begin FT | Experts: ['code-lisp', 'core'] | Data: ['papers-biology'] ----
[GPU 0] [05:16:03] [DEBUG] num_seq: 512, num_rounds: 200, patience: 10
[GPU 0] [05:16:03] [DEBUG] local_x: torch.Size([64, 1024]), local_y: torch.Size([64, 1024]), num_steps: 3, per_gpu: 64, mbs_size: 23
[GPU 0] [05:16:16] [INFO] New best validation loss: 2.7100 @ step 0
[GPU 0] [05:16:29] [INFO] New best validation loss: 2.6703 @ step 1
[GPU 0] [05:16:42] [INFO] New best validation loss: 2.6678 @ step 2
[GPU 0] [05:16:56] [INFO] New best validation loss: 2.6621 @ step 3
[GPU 0] [05:17:09] [INFO] New best validation loss: 2.6546 @ step 4
[GPU 0] [05:17:23] [INFO] New best validation loss: 2.6514 @ step 5
[GPU 0] [05:17:36] [INFO] New best validation loss: 2.6506 @ step 6
[GPU 0] [05:20:01] [INFO] Stop FT @ 18: no val improvement for 10 steps
[GPU 0] [05:20:01] [INFO] Wrote stats.jsonl entries at FT step 6 
[GPU 0] [05:20:04] [INFO] ---- Begin FT | Experts: ['code-lisp', 'core'] | Data: ['papers-cyber'] ----
[GPU 0] [05:20:04] [DEBUG] num_seq: 512, num_rounds: 200, patience: 10
[GPU 0] [05:20:04] [DEBUG] local_x: torch.Size([64, 1024]), local_y: torch.Size([64, 1024]), num_steps: 3, per_gpu: 64, mbs_size: 23
[GPU 0] [05:20:21] [INFO] New best validation loss: 2.9537 @ step 0
[GPU 0] [05:20:35] [INFO] New best validation loss: 2.9125 @ step 1
[GPU 0] [05:20:48] [INFO] New best validation loss: 2.9072 @ step 2
[GPU 0] [05:21:01] [INFO] New best validation loss: 2.9055 @ step 3
[GPU 0] [05:21:14] [INFO] New best validation loss: 2.9043 @ step 4
[GPU 0] [05:21:27] [INFO] New best validation loss: 2.9043 @ step 5
[GPU 0] [05:23:54] [INFO] Stop FT @ 17: no val improvement for 10 steps
[GPU 0] [05:23:54] [INFO] Wrote stats.jsonl entries at FT step 5 
[GPU 0] [05:23:56] [INFO] ---- Begin FT | Experts: ['code-lisp', 'core'] | Data: ['papers-nuclear'] ----
[GPU 0] [05:23:56] [DEBUG] num_seq: 512, num_rounds: 200, patience: 10
[GPU 0] [05:23:56] [DEBUG] local_x: torch.Size([64, 1024]), local_y: torch.Size([64, 1024]), num_steps: 3, per_gpu: 64, mbs_size: 23
[GPU 0] [05:24:09] [INFO] New best validation loss: 3.0682 @ step 0
[GPU 0] [05:24:24] [INFO] New best validation loss: 3.0167 @ step 1
[GPU 0] [05:24:37] [INFO] New best validation loss: 3.0103 @ step 2
[GPU 0] [05:24:49] [INFO] New best validation loss: 3.0075 @ step 3
[GPU 0] [05:25:02] [INFO] New best validation loss: 3.0043 @ step 4
[GPU 0] [05:25:15] [INFO] New best validation loss: 3.0001 @ step 5
[GPU 0] [05:25:29] [INFO] New best validation loss: 2.9976 @ step 6
[GPU 0] [05:25:42] [INFO] New best validation loss: 2.9975 @ step 7
[GPU 0] [05:28:09] [INFO] Stop FT @ 19: no val improvement for 10 steps
[GPU 0] [05:28:09] [INFO] Wrote stats.jsonl entries at FT step 7 
[GPU 0] [05:28:09] [INFO] ROUTED - ADVERSARIAL FT START
[GPU 0] [05:28:10] [INFO] ---- Begin FT | Experts: ['core', 'papers-biology'] | Data: ['code-lisp'] ----
[GPU 0] [05:28:10] [DEBUG] num_seq: 512, num_rounds: 200, patience: 10
[GPU 0] [05:28:10] [DEBUG] local_x: torch.Size([64, 1024]), local_y: torch.Size([64, 1024]), num_steps: 3, per_gpu: 64, mbs_size: 23
[GPU 0] [05:28:23] [INFO] New best validation loss: 1.5397 @ step 0
[GPU 0] [05:28:37] [INFO] New best validation loss: 1.4031 @ step 1
[GPU 0] [05:28:51] [INFO] New best validation loss: 1.3705 @ step 2
[GPU 0] [05:29:04] [INFO] New best validation loss: 1.3281 @ step 3
[GPU 0] [05:29:18] [INFO] New best validation loss: 1.2931 @ step 4
[GPU 0] [05:29:31] [INFO] New best validation loss: 1.2672 @ step 5
[GPU 0] [05:29:44] [INFO] New best validation loss: 1.2474 @ step 6
[GPU 0] [05:29:57] [INFO] New best validation loss: 1.2320 @ step 7
[GPU 0] [05:30:16] [INFO] New best validation loss: 1.2180 @ step 8
[GPU 0] [05:30:29] [INFO] New best validation loss: 1.2043 @ step 9
[GPU 0] [05:30:42] [INFO] New best validation loss: 1.1908 @ step 10
[GPU 0] [05:30:56] [INFO] New best validation loss: 1.1782 @ step 11
[GPU 0] [05:31:09] [INFO] New best validation loss: 1.1672 @ step 12
[GPU 0] [05:31:23] [INFO] New best validation loss: 1.1572 @ step 13
[GPU 0] [05:31:37] [INFO] New best validation loss: 1.1485 @ step 14
[GPU 0] [05:31:50] [INFO] New best validation loss: 1.1410 @ step 15
[GPU 0] [05:32:03] [INFO] New best validation loss: 1.1349 @ step 16
[GPU 0] [05:32:16] [INFO] New best validation loss: 1.1305 @ step 17
[GPU 0] [05:32:29] [INFO] New best validation loss: 1.1264 @ step 18
[GPU 0] [05:32:43] [INFO] New best validation loss: 1.1220 @ step 19
[GPU 0] [05:32:56] [INFO] New best validation loss: 1.1171 @ step 20
[GPU 0] [05:33:09] [INFO] New best validation loss: 1.1127 @ step 21
[GPU 0] [05:33:22] [INFO] New best validation loss: 1.1097 @ step 22
[GPU 0] [05:33:35] [INFO] New best validation loss: 1.1079 @ step 23
[GPU 0] [05:33:48] [INFO] New best validation loss: 1.1068 @ step 24
[GPU 0] [05:34:01] [INFO] New best validation loss: 1.1059 @ step 25
[GPU 0] [05:34:15] [INFO] New best validation loss: 1.1054 @ step 26
[GPU 0] [05:34:28] [INFO] New best validation loss: 1.1052 @ step 27
[GPU 0] [05:36:55] [INFO] Stop FT @ 39: no val improvement for 10 steps
[GPU 0] [05:36:55] [INFO] Wrote stats.jsonl entries at FT step 27 
[GPU 0] [05:36:56] [INFO] ---- Begin FT | Experts: ['core', 'papers-biology'] | Data: ['papers-cyber'] ----
[GPU 0] [05:36:56] [DEBUG] num_seq: 512, num_rounds: 200, patience: 10
[GPU 0] [05:36:56] [DEBUG] local_x: torch.Size([64, 1024]), local_y: torch.Size([64, 1024]), num_steps: 3, per_gpu: 64, mbs_size: 23
[GPU 0] [05:37:10] [INFO] New best validation loss: 2.9518 @ step 0
[GPU 0] [05:37:24] [INFO] New best validation loss: 2.9095 @ step 1
[GPU 0] [05:37:37] [INFO] New best validation loss: 2.9009 @ step 2
[GPU 0] [05:37:50] [INFO] New best validation loss: 2.8970 @ step 3
[GPU 0] [05:38:03] [INFO] New best validation loss: 2.8934 @ step 4
[GPU 0] [05:38:16] [INFO] New best validation loss: 2.8923 @ step 5
[GPU 0] [05:40:46] [INFO] Stop FT @ 17: no val improvement for 10 steps
[GPU 0] [05:40:46] [INFO] Wrote stats.jsonl entries at FT step 5 
[GPU 0] [05:40:48] [INFO] ---- Begin FT | Experts: ['core', 'papers-biology'] | Data: ['papers-nuclear'] ----
[GPU 0] [05:40:48] [DEBUG] num_seq: 512, num_rounds: 200, patience: 10
[GPU 0] [05:40:48] [DEBUG] local_x: torch.Size([64, 1024]), local_y: torch.Size([64, 1024]), num_steps: 3, per_gpu: 64, mbs_size: 23
[GPU 0] [05:41:02] [INFO] New best validation loss: 3.0451 @ step 0
[GPU 0] [05:41:15] [INFO] New best validation loss: 3.0055 @ step 1
[GPU 0] [05:41:28] [INFO] New best validation loss: 2.9969 @ step 2
[GPU 0] [05:41:41] [INFO] New best validation loss: 2.9950 @ step 3
[GPU 0] [05:41:54] [INFO] New best validation loss: 2.9897 @ step 4
[GPU 0] [05:42:08] [INFO] New best validation loss: 2.9861 @ step 5
[GPU 0] [05:42:22] [INFO] New best validation loss: 2.9855 @ step 6
[GPU 0] [05:44:49] [INFO] Stop FT @ 18: no val improvement for 10 steps
[GPU 0] [05:44:49] [INFO] Wrote stats.jsonl entries at FT step 6 
[GPU 0] [05:44:49] [INFO] ROUTED - ADVERSARIAL FT START
[GPU 0] [05:44:50] [INFO] ---- Begin FT | Experts: ['core', 'papers-nuclear'] | Data: ['code-lisp'] ----
[GPU 0] [05:44:50] [DEBUG] num_seq: 512, num_rounds: 200, patience: 10
[GPU 0] [05:44:50] [DEBUG] local_x: torch.Size([64, 1024]), local_y: torch.Size([64, 1024]), num_steps: 3, per_gpu: 64, mbs_size: 23
[GPU 0] [05:45:04] [INFO] New best validation loss: 1.5780 @ step 0
[GPU 0] [05:45:18] [INFO] New best validation loss: 1.4295 @ step 1
[GPU 0] [05:45:31] [INFO] New best validation loss: 1.3933 @ step 2
[GPU 0] [05:45:43] [INFO] New best validation loss: 1.3553 @ step 3
[GPU 0] [05:45:57] [INFO] New best validation loss: 1.3178 @ step 4
[GPU 0] [05:46:10] [INFO] New best validation loss: 1.2887 @ step 5
[GPU 0] [05:46:23] [INFO] New best validation loss: 1.2661 @ step 6
[GPU 0] [05:46:37] [INFO] New best validation loss: 1.2469 @ step 7
[GPU 0] [05:46:52] [INFO] New best validation loss: 1.2317 @ step 8
[GPU 0] [05:47:06] [INFO] New best validation loss: 1.2189 @ step 9
[GPU 0] [05:47:18] [INFO] New best validation loss: 1.2071 @ step 10
[GPU 0] [05:47:31] [INFO] New best validation loss: 1.1946 @ step 11
[GPU 0] [05:47:44] [INFO] New best validation loss: 1.1825 @ step 12
[GPU 0] [05:47:58] [INFO] New best validation loss: 1.1716 @ step 13
[GPU 0] [05:48:10] [INFO] New best validation loss: 1.1625 @ step 14
[GPU 0] [05:48:24] [INFO] New best validation loss: 1.1544 @ step 15
[GPU 0] [05:48:37] [INFO] New best validation loss: 1.1470 @ step 16
[GPU 0] [05:48:50] [INFO] New best validation loss: 1.1406 @ step 17
[GPU 0] [05:49:03] [INFO] New best validation loss: 1.1349 @ step 18
[GPU 0] [05:49:16] [INFO] New best validation loss: 1.1308 @ step 19
[GPU 0] [05:49:29] [INFO] New best validation loss: 1.1274 @ step 20
[GPU 0] [05:49:42] [INFO] New best validation loss: 1.1236 @ step 21
[GPU 0] [05:49:55] [INFO] New best validation loss: 1.1198 @ step 22
[GPU 0] [05:50:09] [INFO] New best validation loss: 1.1163 @ step 23
[GPU 0] [05:50:24] [INFO] New best validation loss: 1.1133 @ step 24
[GPU 0] [05:50:38] [INFO] New best validation loss: 1.1110 @ step 25
[GPU 0] [05:50:52] [INFO] New best validation loss: 1.1093 @ step 26
[GPU 0] [05:51:05] [INFO] New best validation loss: 1.1076 @ step 27
[GPU 0] [05:51:18] [INFO] New best validation loss: 1.1067 @ step 28
[GPU 0] [05:51:32] [INFO] New best validation loss: 1.1066 @ step 29
[GPU 0] [05:53:57] [INFO] Stop FT @ 41: no val improvement for 10 steps
[GPU 0] [05:53:57] [INFO] Wrote stats.jsonl entries at FT step 29 
[GPU 0] [05:53:59] [INFO] ---- Begin FT | Experts: ['core', 'papers-nuclear'] | Data: ['papers-biology'] ----
[GPU 0] [05:53:59] [DEBUG] num_seq: 512, num_rounds: 200, patience: 10
[GPU 0] [05:53:59] [DEBUG] local_x: torch.Size([64, 1024]), local_y: torch.Size([64, 1024]), num_steps: 3, per_gpu: 64, mbs_size: 23
[GPU 0] [05:54:11] [INFO] New best validation loss: 2.7786 @ step 0
[GPU 0] [05:54:24] [INFO] New best validation loss: 2.6720 @ step 1
[GPU 0] [05:54:52] [INFO] New best validation loss: 2.6689 @ step 3
[GPU 0] [05:55:05] [INFO] New best validation loss: 2.6608 @ step 4
[GPU 0] [05:55:19] [INFO] New best validation loss: 2.6541 @ step 5
[GPU 0] [05:55:32] [INFO] New best validation loss: 2.6505 @ step 6
[GPU 0] [05:55:45] [INFO] New best validation loss: 2.6487 @ step 7
[GPU 0] [05:58:12] [INFO] Stop FT @ 19: no val improvement for 10 steps
[GPU 0] [05:58:12] [INFO] Wrote stats.jsonl entries at FT step 7 
[GPU 0] [05:58:14] [INFO] ---- Begin FT | Experts: ['core', 'papers-nuclear'] | Data: ['papers-cyber'] ----
[GPU 0] [05:58:14] [DEBUG] num_seq: 512, num_rounds: 200, patience: 10
[GPU 0] [05:58:14] [DEBUG] local_x: torch.Size([64, 1024]), local_y: torch.Size([64, 1024]), num_steps: 3, per_gpu: 64, mbs_size: 23
[GPU 0] [05:58:27] [INFO] New best validation loss: 2.9591 @ step 0
[GPU 0] [05:58:40] [INFO] New best validation loss: 2.9081 @ step 1
[GPU 0] [05:58:54] [INFO] New best validation loss: 2.8947 @ step 2
[GPU 0] [05:59:08] [INFO] New best validation loss: 2.8938 @ step 3
[GPU 0] [05:59:21] [INFO] New best validation loss: 2.8920 @ step 4
[GPU 0] [05:59:35] [INFO] New best validation loss: 2.8901 @ step 5
[GPU 0] [06:02:08] [INFO] Stop FT @ 17: no val improvement for 10 steps
[GPU 0] [06:02:08] [INFO] Wrote stats.jsonl entries at FT step 5 
[GPU 0] [06:02:08] [INFO] ROUTED - ADVERSARIAL FT START
[GPU 0] [06:02:09] [INFO] ---- Begin FT | Experts: ['core', 'papers-cyber'] | Data: ['code-lisp'] ----
[GPU 0] [06:02:09] [DEBUG] num_seq: 512, num_rounds: 200, patience: 10
[GPU 0] [06:02:09] [DEBUG] local_x: torch.Size([64, 1024]), local_y: torch.Size([64, 1024]), num_steps: 3, per_gpu: 64, mbs_size: 23
[GPU 0] [06:02:23] [INFO] New best validation loss: 1.5402 @ step 0
[GPU 0] [06:02:36] [INFO] New best validation loss: 1.3999 @ step 1
[GPU 0] [06:02:48] [INFO] New best validation loss: 1.3677 @ step 2
[GPU 0] [06:03:01] [INFO] New best validation loss: 1.3236 @ step 3
[GPU 0] [06:03:14] [INFO] New best validation loss: 1.2898 @ step 4
[GPU 0] [06:03:28] [INFO] New best validation loss: 1.2667 @ step 5
[GPU 0] [06:03:41] [INFO] New best validation loss: 1.2478 @ step 6
[GPU 0] [06:03:55] [INFO] New best validation loss: 1.2319 @ step 7
[GPU 0] [06:04:08] [INFO] New best validation loss: 1.2173 @ step 8
[GPU 0] [06:04:23] [INFO] New best validation loss: 1.2027 @ step 9
[GPU 0] [06:04:37] [INFO] New best validation loss: 1.1895 @ step 10
[GPU 0] [06:04:51] [INFO] New best validation loss: 1.1773 @ step 11
[GPU 0] [06:05:06] [INFO] New best validation loss: 1.1667 @ step 12
[GPU 0] [06:05:19] [INFO] New best validation loss: 1.1570 @ step 13
[GPU 0] [06:05:32] [INFO] New best validation loss: 1.1486 @ step 14
[GPU 0] [06:05:45] [INFO] New best validation loss: 1.1413 @ step 15
[GPU 0] [06:05:59] [INFO] New best validation loss: 1.1350 @ step 16
[GPU 0] [06:06:11] [INFO] New best validation loss: 1.1302 @ step 17
[GPU 0] [06:06:25] [INFO] New best validation loss: 1.1258 @ step 18
[GPU 0] [06:06:39] [INFO] New best validation loss: 1.1211 @ step 19
[GPU 0] [06:06:53] [INFO] New best validation loss: 1.1165 @ step 20
[GPU 0] [06:07:07] [INFO] New best validation loss: 1.1127 @ step 21
[GPU 0] [06:07:20] [INFO] New best validation loss: 1.1099 @ step 22
[GPU 0] [06:07:33] [INFO] New best validation loss: 1.1084 @ step 23
[GPU 0] [06:07:46] [INFO] New best validation loss: 1.1072 @ step 24
[GPU 0] [06:07:59] [INFO] New best validation loss: 1.1063 @ step 25
[GPU 0] [06:08:13] [INFO] New best validation loss: 1.1055 @ step 26
[GPU 0] [06:08:26] [INFO] New best validation loss: 1.1051 @ step 27
[GPU 0] [06:10:58] [INFO] Stop FT @ 39: no val improvement for 10 steps
[GPU 0] [06:10:58] [INFO] Wrote stats.jsonl entries at FT step 27 
[GPU 0] [06:11:00] [INFO] ---- Begin FT | Experts: ['core', 'papers-cyber'] | Data: ['papers-biology'] ----
[GPU 0] [06:11:00] [DEBUG] num_seq: 512, num_rounds: 200, patience: 10
[GPU 0] [06:11:00] [DEBUG] local_x: torch.Size([64, 1024]), local_y: torch.Size([64, 1024]), num_steps: 3, per_gpu: 64, mbs_size: 23
[GPU 0] [06:11:13] [INFO] New best validation loss: 2.7406 @ step 0
[GPU 0] [06:11:27] [INFO] New best validation loss: 2.6708 @ step 1
[GPU 0] [06:11:40] [INFO] New best validation loss: 2.6692 @ step 2
[GPU 0] [06:11:54] [INFO] New best validation loss: 2.6645 @ step 3
[GPU 0] [06:12:08] [INFO] New best validation loss: 2.6573 @ step 4
[GPU 0] [06:12:21] [INFO] New best validation loss: 2.6508 @ step 5
[GPU 0] [06:12:35] [INFO] New best validation loss: 2.6472 @ step 6
[GPU 0] [06:12:48] [INFO] New best validation loss: 2.6463 @ step 7
[GPU 0] [06:15:16] [INFO] Stop FT @ 19: no val improvement for 10 steps
[GPU 0] [06:15:16] [INFO] Wrote stats.jsonl entries at FT step 7 
[GPU 0] [06:15:17] [INFO] ---- Begin FT | Experts: ['core', 'papers-cyber'] | Data: ['papers-nuclear'] ----
[GPU 0] [06:15:17] [DEBUG] num_seq: 512, num_rounds: 200, patience: 10
[GPU 0] [06:15:17] [DEBUG] local_x: torch.Size([64, 1024]), local_y: torch.Size([64, 1024]), num_steps: 3, per_gpu: 64, mbs_size: 23
[GPU 0] [06:15:31] [INFO] New best validation loss: 3.0544 @ step 0
[GPU 0] [06:15:44] [INFO] New best validation loss: 3.0082 @ step 1
[GPU 0] [06:15:58] [INFO] New best validation loss: 2.9994 @ step 2
[GPU 0] [06:16:11] [INFO] New best validation loss: 2.9964 @ step 3
[GPU 0] [06:16:25] [INFO] New best validation loss: 2.9929 @ step 4
[GPU 0] [06:16:39] [INFO] New best validation loss: 2.9894 @ step 5
[GPU 0] [06:16:53] [INFO] New best validation loss: 2.9868 @ step 6
[GPU 0] [06:19:21] [INFO] Stop FT @ 18: no val improvement for 10 steps
[GPU 0] [06:19:21] [INFO] Wrote stats.jsonl entries at FT step 6 
