[GPU 0] [07:05:34] [INFO] Number of GPUs: 8
[GPU 0] [07:05:35] [INFO] Tokenizer vocabulary: 50257
[GPU 0] [07:05:35] [INFO] Set model vocab size to nearest multiple of 64 of tokenizer size: 50304
[GPU 0] [07:05:36] [INFO] target effective batch size: 256, actual effective batch size: 264, micro batch size: 33, accumulation steps: 1, num gpus: 8
[GPU 0] [07:05:36] [INFO] core total number of tokens: 124693822984
[GPU 0] [07:05:36] [INFO] Baseline model has 103,201,984 parameters
[GPU 0] [07:05:36] [INFO] core: chinchilla optimal tokens: 2,064,039,680, requested proportion: 1.0000, requested number of tokens: 2,064,039,680.0, 
[GPU 0] [07:05:36] [INFO] aux total number of tokens: 4835776549
[GPU 0] [07:05:36] [INFO] Baseline model has 103,201,984 parameters
[GPU 0] [07:05:36] [INFO] aux: chinchilla optimal tokens: 2,064,039,680, requested proportion: 0.0100, requested number of tokens: 20,640,396.8, 
[GPU 0] [07:05:36] [DEBUG] Saved config to /workspace/gradient-routing/experiments/AGI-1699-New-Dataset-Runs/results/optimize/base/realistic/100M/seed_3/20260421070527068563/config.json
[GPU 0] [07:05:36] [DEBUG] {
    "stages": [
        {
            "name": "baseline",
            "num_checkpoints": -1,
            "lr": 0.0008,
            "res_dir": "/workspace/gradient-routing/experiments/AGI-1699-New-Dataset-Runs/results/optimize/base/realistic/100M/seed_3/20260421070527068563/baseline",
            "do_eval": true,
            "do_sample": false,
            "num_train_evals": 0,
            "do_elicit": false,
            "elicit_eval_prc": 0.5,
            "elicit_num_evals": 100
        }
    ],
    "model": {
        "arch": "base",
        "tokenizer": "GPT2Tokenizer(name_or_path='EleutherAI/gpt-neo-125M', vocab_size=50257, model_max_length=2048, padding_side='right', truncation_side='right', special_tokens={'bos_token': '<|endoftext|>', 'eos_token': '<|endoftext|>', 'unk_token': '<|endoftext|>'}, added_tokens_decoder={\n\t50256: AddedToken(\"<|endoftext|>\", rstrip=False, lstrip=False, single_word=False, normalized=True, special=True),\n}\n)",
        "ctx_len": 1024,
        "vocab_size": 50304,
        "num_layers": 9,
        "num_heads": 8,
        "num_key_value": 2,
        "attn_bias": true,
        "eos_token_id": 50256,
        "embed_dim": 640,
        "mlp_dim": 2560
    },
    "data": {
        "dirs": [
            "/workspace/gradient-routing/experiments/AGI-1699-New-Dataset-Runs/src/data/fineweb",
            "/workspace/gradient-routing/experiments/AGI-1699-New-Dataset-Runs/src/data/code",
            "/workspace/gradient-routing/experiments/AGI-1699-New-Dataset-Runs/src/data/papers"
        ],
        "core": {
            "labels": [
                "fineweb",
                "code-other",
                "papers-other"
            ],
            "method": "optimal",
            "limit": 1.0,
            "dist": {
                "fineweb": 0.84,
                "code-other": 0.15,
                "papers-other": 0.01
            },
            "num_tok": 2064039680.0
        },
        "aux": {
            "labels": [
                "code-lisp",
                "papers-biology",
                "papers-nuclear",
                "papers-cyber"
            ],
            "method": "optimal",
            "limit": 0.01,
            "dist": {
                "code-lisp": 0.25,
                "papers-biology": 0.25,
                "papers-nuclear": 0.25,
                "papers-cyber": 0.25
            },
            "num_tok": 20640396.8
        }
    },
    "run": {
        "target_effective_batch_size": 256,
        "effective_batch_size": 264,
        "micro_batch_size": 33,
        "accumulation_steps": 1,
        "max_num_test_sequences": 10000,
        "eval_all_labels": false,
        "micro_batch_anchors": [
            [
                400000000.0,
                23
            ],
            [
                5000000000.0,
                2
            ]
        ],
        "epochs": 1,
        "adam_betas": [
            0.9,
            0.95
        ],
        "warmup_prc": 0.02,
        "decay_prc": 0.1,
        "seed": 3,
        "compile": true,
        "is_ddp": true,
        "optimize_routed": true,
        "cleanup_distributed": false,
        "log_level": "DEBUG",
        "num_gpus": 8,
        "process_id": 0,
        "num_base_params": 103201984,
        "device": "cuda",
        "logger": "<Logger training_20260421070527068563 (DEBUG)>",
        "labels": [
            "core",
            "code-lisp",
            "papers-biology",
            "papers-cyber",
            "papers-nuclear"
        ],
        "loaders": {
            "code-lisp": {
                "train": "SingleDataLoader(code-lisp_train_001.bin, len=19)",
                "test": "SingleDataLoader(code-lisp_test_001.bin, len=19)"
            },
            "code-other": {
                "train": "SingleDataLoader(code-other_train_006.bin, len=1145)",
                "test": "InterleavedDataLoader(len=38)"
            },
            "fineweb": {
                "train": "InterleavedDataLoader(len=6413)",
                "test": "InterleavedDataLoader(len=38)"
            },
            "papers-biology": {
                "train": "SingleDataLoader(papers-biology_train.bin, len=19)",
                "test": "SingleDataLoader(papers-biology_test.bin, len=19)"
            },
            "papers-cyber": {
                "train": "SingleDataLoader(papers-cyber_train.bin, len=19)",
                "test": "SingleDataLoader(papers-cyber_test.bin, len=19)"
            },
            "papers-nuclear": {
                "train": "SingleDataLoader(papers-nuclear_train.bin, len=19)",
                "test": "SingleDataLoader(papers-nuclear_test.bin, len=19)"
            },
            "papers-other": {
                "train": "SingleDataLoader(papers-other_train.bin, len=76)",
                "test": "SingleDataLoader(papers-other_test.bin, len=38)"
            },
            "core": {
                "train": "InterleavedDataLoader(len=7634)",
                "test": "InterleavedDataLoader(len=114)"
            },
            "aux": {
                "train": "InterleavedDataLoader(len=76)",
                "test": "InterleavedDataLoader(len=76)"
            },
            "all": {
                "train": "InterleavedDataLoader(len=7710)",
                "test": "InterleavedDataLoader(len=190)"
            }
        },
        "res_root": "/workspace/gradient-routing/experiments/AGI-1699-New-Dataset-Runs/results/optimize/base/realistic/100M/seed_3",
        "experiment_id": "20260421070527068563",
        "s3_bucket": "ae-gradient-routing-results",
        "s3_prefix": "optimize/base/realistic/100M/seed_3"
    }
}
[GPU 0] [07:05:36] [INFO] Loader code-lisp train: 19, test: 19
[GPU 0] [07:05:36] [INFO] Loader code-other train: 1145, test: 38
[GPU 0] [07:05:36] [INFO] Loader fineweb train: 6413, test: 38
[GPU 0] [07:05:36] [INFO] Loader papers-biology train: 19, test: 19
[GPU 0] [07:05:36] [INFO] Loader papers-cyber train: 19, test: 19
[GPU 0] [07:05:36] [INFO] Loader papers-nuclear train: 19, test: 19
[GPU 0] [07:05:36] [INFO] Loader papers-other train: 76, test: 38
[GPU 0] [07:05:36] [INFO] Loader core train: 7634, test: 114
[GPU 0] [07:05:36] [INFO] Loader aux train: 76, test: 76
[GPU 0] [07:05:36] [INFO] Loader all train: 7710, test: 190
[GPU 0] [07:05:36] [INFO] Stage [baseline] start: {"name": "baseline", "num_checkpoints": -1, "lr": 0.0008, "res_dir": "/workspace/gradient-routing/experiments/AGI-1699-New-Dataset-Runs/results/optimize/base/realistic/100M/seed_3/20260421070527068563/baseline", "do_eval": true, "do_sample": false, "num_train_evals": 0, "do_elicit": false, "elicit_eval_prc": 0.5, "elicit_num_evals": 100}
[GPU 0] [07:05:36] [INFO] BASELINE START
[GPU 0] [07:05:36] [INFO] Initialized BaseTransformer with 103,201,984 total parameters
[GPU 0] [07:05:36] [INFO] Compiling BaseTransformer with torch.compile...
[GPU 0] [07:05:37] [INFO] torch.compile done
[GPU 0] [07:05:37] [WARNING] restore_partial_state: no checkpoint found at /workspace/gradient-routing/experiments/AGI-1699-New-Dataset-Runs/results/optimize/base/realistic/100M/seed_3/20260421070527068563/baseline
[GPU 0] [07:05:37] [INFO] ---- Begin Train | Data Labels: ['all'] ----
[GPU 0] [07:05:37] [INFO] warmup_steps: 154
[GPU 0] [07:05:37] [INFO] constant_steps: 6785
[GPU 0] [07:05:37] [INFO] decay_steps: 771
[GPU 0] [07:05:37] [INFO] LR Scheduler: Warmup Start
[GPU 0] [07:06:00] [INFO] Step: 1, LR: 5.20e-06
[GPU 0] [07:06:00] [INFO] Train Loss: CORE: 10.94 CODE-LISP: nan PAPERS-BIOLOGY: nan PAPERS-CYBER: nan PAPERS-NUCLEAR: nan 
[GPU 0] [07:06:15] [INFO] LR Scheduler: Constant Start
[GPU 0] [07:07:38] [INFO] Step: 1000, LR: 8.00e-04
[GPU 0] [07:07:38] [INFO] Train Loss: CORE: 3.75 CODE-LISP: 4.19 PAPERS-BIOLOGY: nan PAPERS-CYBER: 4.56 PAPERS-NUCLEAR: 5.72 
[GPU 0] [07:09:17] [INFO] Step: 2000, LR: 8.00e-04
[GPU 0] [07:09:17] [INFO] Train Loss: CORE: 3.35 CODE-LISP: 3.21 PAPERS-BIOLOGY: 3.89 PAPERS-CYBER: 4.08 PAPERS-NUCLEAR: 4.86 
[GPU 0] [07:10:56] [INFO] Step: 3000, LR: 8.00e-04
[GPU 0] [07:10:56] [INFO] Train Loss: CORE: 3.71 CODE-LISP: 3.21 PAPERS-BIOLOGY: 3.71 PAPERS-CYBER: 4.00 PAPERS-NUCLEAR: 4.24 
[GPU 0] [07:12:35] [INFO] Step: 4000, LR: 8.00e-04
[GPU 0] [07:12:35] [INFO] Train Loss: CORE: 3.57 CODE-LISP: 2.97 PAPERS-BIOLOGY: 3.60 PAPERS-CYBER: 3.95 PAPERS-NUCLEAR: 4.24 
[GPU 0] [07:14:14] [INFO] Step: 5000, LR: 8.00e-04
[GPU 0] [07:14:14] [INFO] Train Loss: CORE: 3.30 CODE-LISP: 2.39 PAPERS-BIOLOGY: 3.55 PAPERS-CYBER: 3.90 PAPERS-NUCLEAR: 4.11 
[GPU 0] [07:15:53] [INFO] Step: 6000, LR: 8.00e-04
[GPU 0] [07:15:53] [INFO] Train Loss: CORE: 3.24 CODE-LISP: 1.96 PAPERS-BIOLOGY: 3.44 PAPERS-CYBER: 3.57 PAPERS-NUCLEAR: 3.95 
[GPU 0] [07:17:26] [INFO] LR Scheduler: Decay Start
[GPU 0] [07:17:32] [INFO] Step: 7000, LR: 7.37e-04
[GPU 0] [07:17:32] [INFO] Train Loss: CORE: 3.18 CODE-LISP: 1.68 PAPERS-BIOLOGY: 3.31 PAPERS-CYBER: 3.49 PAPERS-NUCLEAR: 3.84 
[GPU 0] [07:18:42] [INFO] Step: 7710, LR: 1.00e-08
[GPU 0] [07:18:42] [INFO] Train Loss: CORE: 2.86 CODE-LISP: 1.68 PAPERS-BIOLOGY: 3.29 PAPERS-CYBER: 3.49 PAPERS-NUCLEAR: 3.76 
[GPU 0] [07:18:43] [INFO] ---- Begin Eval ----
[GPU 0] [07:18:43] [INFO] Data: core | Experts: None
[GPU 0] [07:18:55] [INFO] loss: 2.43863082
[GPU 0] [07:18:55] [INFO] Data: code-lisp | Experts: None
[GPU 0] [07:18:55] [INFO] loss: 1.52025068
[GPU 0] [07:18:55] [INFO] Data: papers-biology | Experts: None
[GPU 0] [07:18:56] [INFO] loss: 3.09683418
[GPU 0] [07:18:56] [INFO] Data: papers-nuclear | Experts: None
[GPU 0] [07:18:57] [INFO] loss: 3.42763162
[GPU 0] [07:18:57] [INFO] Data: papers-cyber | Experts: None
[GPU 0] [07:18:58] [INFO] loss: 3.37695312
[GPU 0] [07:19:06] [INFO] ----------------------------------------
[GPU 0] [07:19:06] [INFO] Finished. See /workspace/gradient-routing/experiments/AGI-1699-New-Dataset-Runs/results/optimize/base/realistic/100M/seed_3/20260421070527068563
