[GPU 0] [22:50:55] [INFO] Git branch: AGI-1696-New-Dataset-Runs_ethan, commit: c0b9a76888cc314c96219697ba456f69572cf709
[GPU 0] [22:50:55] [INFO] Number of GPUs: 8
[GPU 0] [22:50:56] [INFO] Tokenizer vocabulary: 50257
[GPU 0] [22:50:56] [INFO] Set model vocab size to nearest multiple of 64 of tokenizer size: 50304
[GPU 0] [22:51:14] [INFO] target effective batch size: 641, actual effective batch size: 672, micro batch size: 12, accumulation steps: 7, num gpus: 8
[GPU 0] [22:51:14] [INFO] core total number of tokens: 66749057569
[GPU 0] [22:51:14] [INFO] Baseline model has 806,509,504 parameters
[GPU 0] [22:51:14] [INFO] core: chinchilla optimal tokens: 16,130,190,080, requested proportion: 1.0000, requested number of tokens: 16,130,190,080.0, 
[GPU 0] [22:51:14] [INFO] aux total number of tokens: 4835776549
[GPU 0] [22:51:14] [INFO] Baseline model has 806,509,504 parameters
[GPU 0] [22:51:14] [INFO] aux: chinchilla optimal tokens: 16,130,190,080, requested proportion: 0.0100, requested number of tokens: 161,301,900.8, 
[GPU 0] [22:51:14] [DEBUG] Saved config to /workspace-vast/ethanr/gradient-routing/experiments/AGI-1699-New-Dataset-Runs/results/arbsub/800M/seed_1/lora/config.json
[GPU 0] [22:51:14] [DEBUG] {
    "stages": [
        {
            "name": "routed",
            "num_checkpoints": -1,
            "lr": 0.0005663534909876918,
            "res_dir": "/workspace-vast/ethanr/gradient-routing/experiments/AGI-1699-New-Dataset-Runs/results/arbsub/800M/seed_1/lora/routed",
            "acc_mode": "uniform",
            "do_eval": true,
            "do_sample": false,
            "num_train_evals": 0,
            "do_elicit": false,
            "elicit_eval_prc": 0.5,
            "elicit_num_evals": 100,
            "retain_targets": null,
            "model": {
                "arch": "lora",
                "tokenizer": "GPT2Tokenizer(name_or_path='EleutherAI/gpt-neo-125M', vocab_size=50257, model_max_length=2048, padding_side='right', truncation_side='right', special_tokens={'bos_token': '<|endoftext|>', 'eos_token': '<|endoftext|>', 'unk_token': '<|endoftext|>'}, added_tokens_decoder={\n\t50256: AddedToken(\"<|endoftext|>\", rstrip=False, lstrip=False, single_word=False, normalized=True, special=True),\n}\n)",
                "ctx_len": 1024,
                "vocab_size": 50304,
                "num_layers": 24,
                "num_heads": 8,
                "num_key_value": 2,
                "attn_bias": true,
                "eos_token_id": 50256,
                "embed_dim": 1600,
                "mlp_dim": 6400,
                "core_param_prc": 1.0,
                "aux_param_prc": 0.1
            },
            "eval_arbsub": true,
            "label_prc": 1.0,
            "aux_factor": {
                "code-lisp": 2.0,
                "papers-biology": 1.0,
                "papers-nuclear": 1.0,
                "papers-cyber": 1.0
            },
            "core_aux_ratio": 1.0,
            "equal_compute": true
        }
    ],
    "model": {
        "arch": "base",
        "tokenizer": "GPT2Tokenizer(name_or_path='EleutherAI/gpt-neo-125M', vocab_size=50257, model_max_length=2048, padding_side='right', truncation_side='right', special_tokens={'bos_token': '<|endoftext|>', 'eos_token': '<|endoftext|>', 'unk_token': '<|endoftext|>'}, added_tokens_decoder={\n\t50256: AddedToken(\"<|endoftext|>\", rstrip=False, lstrip=False, single_word=False, normalized=True, special=True),\n}\n)",
        "ctx_len": 1024,
        "vocab_size": 50304,
        "num_layers": 24,
        "num_heads": 8,
        "num_key_value": 2,
        "attn_bias": true,
        "eos_token_id": 50256,
        "embed_dim": 1600,
        "mlp_dim": 6400
    },
    "data": {
        "dirs": [
            "/workspace-vast/ethanr/gradient-routing/experiments/AGI-1699-New-Dataset-Runs/src/data/fineweb",
            "/workspace-vast/ethanr/gradient-routing/experiments/AGI-1699-New-Dataset-Runs/src/data/code",
            "/workspace-vast/ethanr/gradient-routing/experiments/AGI-1699-New-Dataset-Runs/src/data/papers"
        ],
        "core": {
            "labels": [
                "fineweb",
                "code-other",
                "papers-other"
            ],
            "method": "optimal",
            "limit": 1.0,
            "dist": {
                "fineweb": 0.84,
                "code-other": 0.15,
                "papers-other": 0.01
            },
            "num_tok": 16130190080.0
        },
        "aux": {
            "labels": [
                "code-lisp",
                "papers-biology",
                "papers-nuclear",
                "papers-cyber"
            ],
            "method": "optimal",
            "limit": 0.01,
            "dist": {
                "code-lisp": 0.25,
                "papers-biology": 0.25,
                "papers-nuclear": 0.25,
                "papers-cyber": 0.25
            },
            "num_tok": 161301900.8
        }
    },
    "run": {
        "target_effective_batch_size": 641,
        "effective_batch_size": 672,
        "micro_batch_size": 12,
        "accumulation_steps": 7,
        "max_num_test_sequences": 10000,
        "eval_all_labels": false,
        "micro_batch_anchors": [
            [
                400000000.0,
                23
            ],
            [
                5000000000.0,
                2
            ]
        ],
        "epochs": 1,
        "adam_betas": [
            0.9,
            0.95
        ],
        "warmup_prc": 0.02,
        "decay_prc": 0.1,
        "seed": 1,
        "compile": true,
        "find_unused_parameters": true,
        "is_ddp": true,
        "cleanup_distributed": false,
        "log_level": "DEBUG",
        "num_gpus": 8,
        "process_id": 0,
        "num_base_params": 806509504,
        "device": "cuda",
        "logger": "<Logger training_lora (DEBUG)>",
        "labels": [
            "core",
            "code-lisp",
            "papers-biology",
            "papers-cyber",
            "papers-nuclear"
        ],
        "loaders": {
            "code-lisp": {
                "train": "SingleDataLoader(code-lisp_train_001.bin, len=410)",
                "test": "InterleavedDataLoader(len=105)"
            },
            "code-other": {
                "train": "InterleavedDataLoader(len=24612)",
                "test": "SingleDataLoader(code-other_test_010.bin, len=105)"
            },
            "fineweb": {
                "train": "InterleavedDataLoader(len=137831)",
                "test": "InterleavedDataLoader(len=105)"
            },
            "papers-biology": {
                "train": "SingleDataLoader(papers-biology_train.bin, len=410)",
                "test": "SingleDataLoader(papers-biology_test.bin, len=105)"
            },
            "papers-cyber": {
                "train": "SingleDataLoader(papers-cyber_train.bin, len=410)",
                "test": "SingleDataLoader(papers-cyber_test.bin, len=105)"
            },
            "papers-nuclear": {
                "train": "SingleDataLoader(papers-nuclear_train.bin, len=410)",
                "test": "SingleDataLoader(papers-nuclear_test.bin, len=105)"
            },
            "papers-other": {
                "train": "SingleDataLoader(papers-other_train.bin, len=1640)",
                "test": "SingleDataLoader(papers-other_test.bin, len=105)"
            },
            "core": {
                "train": "InterleavedDataLoader(len=164083)",
                "test": "InterleavedDataLoader(len=315)"
            },
            "aux": {
                "train": "InterleavedDataLoader(len=1640)",
                "test": "InterleavedDataLoader(len=420)"
            },
            "all": {
                "train": "InterleavedDataLoader(len=165723)",
                "test": "InterleavedDataLoader(len=735)"
            }
        },
        "res_root": "/workspace-vast/ethanr/gradient-routing/experiments/AGI-1699-New-Dataset-Runs/results/arbsub/800M/seed_1",
        "experiment_id": "lora",
        "s3_bucket": "ae-gradient-routing-results",
        "s3_prefix": "arbsub/800M/seed_1/lora"
    },
    "label_prc": 1.0
}
[GPU 0] [22:51:14] [INFO] === arbsub eval: method=lora seed=1 ===
[GPU 0] [22:51:14] [INFO] Source checkpoint: /workspace-vast/ethanr/gradient-routing/experiments/AGI-1699-New-Dataset-Runs/results/scaling/realistic/lora/800M/seed_1/20260422121913832756/routed/checkpoint.pth
[GPU 0] [22:51:14] [INFO] Output res_dir: /workspace-vast/ethanr/gradient-routing/experiments/AGI-1699-New-Dataset-Runs/results/arbsub/800M/seed_1/lora
[GPU 0] [22:52:11] [INFO] Initialized LoRATransformer with 1,003,117,504 total parameters
[GPU 0] [22:52:11] [INFO]   Label 'core' has 806,509,504 parameters
[GPU 0] [22:52:11] [INFO]   Label 'code-lisp' has 49,152,000 parameters
[GPU 0] [22:52:11] [INFO]   Label 'papers-biology' has 49,152,000 parameters
[GPU 0] [22:52:11] [INFO]   Label 'papers-cyber' has 49,152,000 parameters
[GPU 0] [22:52:11] [INFO]   Label 'papers-nuclear' has 49,152,000 parameters
[GPU 0] [22:52:11] [INFO] Compiling LoRATransformer with torch.compile...
[GPU 0] [22:52:15] [INFO] torch.compile done
[GPU 0] [22:52:22] [INFO] Running 10 eval passes (arbsub-expanded retain targets)
[GPU 0] [22:52:22] [INFO] ---- Begin Eval ----
[GPU 0] [22:52:22] [INFO] Data: core | Experts: ['core']
[GPU 0] [22:53:05] [INFO] loss: 1.87108445
[GPU 0] [22:53:05] [INFO] Data: code-lisp | Experts: ['core']
[GPU 0] [22:53:12] [INFO] loss: 1.37919927
[GPU 0] [22:53:12] [INFO] Data: papers-biology | Experts: ['core']
[GPU 0] [22:53:19] [INFO] loss: 2.47025681
[GPU 0] [22:53:19] [INFO] Data: papers-nuclear | Experts: ['core']
[GPU 0] [22:53:26] [INFO] loss: 2.84241056
[GPU 0] [22:53:26] [INFO] Data: papers-cyber | Experts: ['core']
[GPU 0] [22:53:33] [INFO] loss: 2.70665932
[GPU 0] [22:53:33] [INFO] ---- Begin Eval ----
[GPU 0] [22:53:33] [INFO] Data: core | Experts: ['code-lisp', 'core']
[GPU 0] [22:53:58] [INFO] loss: 1.88347054
[GPU 0] [22:53:58] [INFO] Data: code-lisp | Experts: ['code-lisp', 'core']
[GPU 0] [22:54:06] [INFO] loss: 0.79916996
[GPU 0] [22:54:06] [INFO] Data: papers-biology | Experts: ['code-lisp', 'core']
[GPU 0] [22:54:14] [INFO] loss: 2.48037577
[GPU 0] [22:54:14] [INFO] Data: papers-nuclear | Experts: ['code-lisp', 'core']
[GPU 0] [22:54:22] [INFO] loss: 2.85520840
[GPU 0] [22:54:22] [INFO] Data: papers-cyber | Experts: ['code-lisp', 'core']
[GPU 0] [22:54:30] [INFO] loss: 2.71990323
[GPU 0] [22:54:30] [INFO] ---- Begin Eval ----
[GPU 0] [22:54:30] [INFO] Data: core | Experts: ['core', 'papers-biology']
[GPU 0] [22:54:54] [INFO] loss: 1.87765229
[GPU 0] [22:54:54] [INFO] Data: code-lisp | Experts: ['core', 'papers-biology']
[GPU 0] [22:55:02] [INFO] loss: 1.38276136
[GPU 0] [22:55:02] [INFO] Data: papers-biology | Experts: ['core', 'papers-biology']
[GPU 0] [22:55:10] [INFO] loss: 2.37183762
[GPU 0] [22:55:10] [INFO] Data: papers-nuclear | Experts: ['core', 'papers-biology']
[GPU 0] [22:55:18] [INFO] loss: 2.83863473
[GPU 0] [22:55:18] [INFO] Data: papers-cyber | Experts: ['core', 'papers-biology']
[GPU 0] [22:55:26] [INFO] loss: 2.71573663
[GPU 0] [22:55:26] [INFO] ---- Begin Eval ----
[GPU 0] [22:55:26] [INFO] Data: core | Experts: ['core', 'papers-nuclear']
[GPU 0] [22:55:49] [INFO] loss: 1.88114917
[GPU 0] [22:55:49] [INFO] Data: code-lisp | Experts: ['core', 'papers-nuclear']
[GPU 0] [22:55:57] [INFO] loss: 1.38394248
[GPU 0] [22:55:57] [INFO] Data: papers-biology | Experts: ['core', 'papers-nuclear']
[GPU 0] [22:56:05] [INFO] loss: 2.46973562
[GPU 0] [22:56:05] [INFO] Data: papers-nuclear | Experts: ['core', 'papers-nuclear']
[GPU 0] [22:56:13] [INFO] loss: 2.71843386
[GPU 0] [22:56:13] [INFO] Data: papers-cyber | Experts: ['core', 'papers-nuclear']
[GPU 0] [22:56:21] [INFO] loss: 2.71705747
[GPU 0] [22:56:21] [INFO] ---- Begin Eval ----
[GPU 0] [22:56:21] [INFO] Data: core | Experts: ['core', 'papers-cyber']
[GPU 0] [22:56:45] [INFO] loss: 1.87374210
[GPU 0] [22:56:45] [INFO] Data: code-lisp | Experts: ['core', 'papers-cyber']
[GPU 0] [22:56:53] [INFO] loss: 1.38282645
[GPU 0] [22:56:53] [INFO] Data: papers-biology | Experts: ['core', 'papers-cyber']
[GPU 0] [22:57:01] [INFO] loss: 2.47118688
[GPU 0] [22:57:01] [INFO] Data: papers-nuclear | Experts: ['core', 'papers-cyber']
[GPU 0] [22:57:09] [INFO] loss: 2.83919287
[GPU 0] [22:57:09] [INFO] Data: papers-cyber | Experts: ['core', 'papers-cyber']
[GPU 0] [22:57:17] [INFO] loss: 2.63906240
[GPU 0] [22:57:17] [INFO] ---- Begin Eval ----
[GPU 0] [22:57:17] [INFO] Data: core | Experts: ['core', 'papers-biology', 'papers-cyber', 'papers-nuclear']
[GPU 0] [22:57:46] [INFO] loss: 1.90003490
[GPU 0] [22:57:46] [INFO] Data: code-lisp | Experts: ['core', 'papers-biology', 'papers-cyber', 'papers-nuclear']
[GPU 0] [22:57:56] [INFO] loss: 1.40436196
[GPU 0] [22:57:56] [INFO] Data: papers-biology | Experts: ['core', 'papers-biology', 'papers-cyber', 'papers-nuclear']
[GPU 0] [22:58:05] [INFO] loss: 2.40334821
[GPU 0] [22:58:05] [INFO] Data: papers-nuclear | Experts: ['core', 'papers-biology', 'papers-cyber', 'papers-nuclear']
[GPU 0] [22:58:15] [INFO] loss: 2.74683785
[GPU 0] [22:58:15] [INFO] Data: papers-cyber | Experts: ['core', 'papers-biology', 'papers-cyber', 'papers-nuclear']
[GPU 0] [22:58:25] [INFO] loss: 2.67436743
[GPU 0] [22:58:25] [INFO] ---- Begin Eval ----
[GPU 0] [22:58:25] [INFO] Data: core | Experts: ['code-lisp', 'core', 'papers-cyber', 'papers-nuclear']
[GPU 0] [22:58:54] [INFO] loss: 1.90065956
[GPU 0] [22:58:54] [INFO] Data: code-lisp | Experts: ['code-lisp', 'core', 'papers-cyber', 'papers-nuclear']
[GPU 0] [22:59:04] [INFO] loss: 0.81236744
[GPU 0] [22:59:04] [INFO] Data: papers-biology | Experts: ['code-lisp', 'core', 'papers-cyber', 'papers-nuclear']
[GPU 0] [22:59:14] [INFO] loss: 2.49354553
[GPU 0] [22:59:14] [INFO] Data: papers-nuclear | Experts: ['code-lisp', 'core', 'papers-cyber', 'papers-nuclear']
[GPU 0] [22:59:23] [INFO] loss: 2.74360132
[GPU 0] [22:59:23] [INFO] Data: papers-cyber | Experts: ['code-lisp', 'core', 'papers-cyber', 'papers-nuclear']
[GPU 0] [22:59:33] [INFO] loss: 2.67003345
[GPU 0] [22:59:33] [INFO] ---- Begin Eval ----
[GPU 0] [22:59:33] [INFO] Data: core | Experts: ['code-lisp', 'core', 'papers-biology', 'papers-cyber']
[GPU 0] [23:00:03] [INFO] loss: 1.89617586
[GPU 0] [23:00:03] [INFO] Data: code-lisp | Experts: ['code-lisp', 'core', 'papers-biology', 'papers-cyber']
[GPU 0] [23:00:12] [INFO] loss: 0.81062597
[GPU 0] [23:00:12] [INFO] Data: papers-biology | Experts: ['code-lisp', 'core', 'papers-biology', 'papers-cyber']
[GPU 0] [23:00:22] [INFO] loss: 2.39315486
[GPU 0] [23:00:22] [INFO] Data: papers-nuclear | Experts: ['code-lisp', 'core', 'papers-biology', 'papers-cyber']
[GPU 0] [23:00:32] [INFO] loss: 2.85736609
[GPU 0] [23:00:32] [INFO] Data: papers-cyber | Experts: ['code-lisp', 'core', 'papers-biology', 'papers-cyber']
[GPU 0] [23:00:42] [INFO] loss: 2.66553211
[GPU 0] [23:00:42] [INFO] ---- Begin Eval ----
[GPU 0] [23:00:42] [INFO] Data: core | Experts: ['code-lisp', 'core', 'papers-biology', 'papers-nuclear']
[GPU 0] [23:01:11] [INFO] loss: 1.90617251
[GPU 0] [23:01:11] [INFO] Data: code-lisp | Experts: ['code-lisp', 'core', 'papers-biology', 'papers-nuclear']
[GPU 0] [23:01:21] [INFO] loss: 0.81413221
[GPU 0] [23:01:21] [INFO] Data: papers-biology | Experts: ['code-lisp', 'core', 'papers-biology', 'papers-nuclear']
[GPU 0] [23:01:31] [INFO] loss: 2.40052080
[GPU 0] [23:01:31] [INFO] Data: papers-nuclear | Experts: ['code-lisp', 'core', 'papers-biology', 'papers-nuclear']
[GPU 0] [23:01:40] [INFO] loss: 2.74637270
[GPU 0] [23:01:40] [INFO] Data: papers-cyber | Experts: ['code-lisp', 'core', 'papers-biology', 'papers-nuclear']
[GPU 0] [23:01:50] [INFO] loss: 2.74892092
[GPU 0] [23:01:50] [INFO] ---- Begin Eval ----
[GPU 0] [23:01:50] [INFO] Data: core | Experts: ['code-lisp', 'core', 'papers-biology', 'papers-cyber', 'papers-nuclear']
[GPU 0] [23:02:22] [INFO] loss: 1.91483450
[GPU 0] [23:02:22] [INFO] Data: code-lisp | Experts: ['code-lisp', 'core', 'papers-biology', 'papers-cyber', 'papers-nuclear']
[GPU 0] [23:02:33] [INFO] loss: 0.82386070
[GPU 0] [23:02:33] [INFO] Data: papers-biology | Experts: ['code-lisp', 'core', 'papers-biology', 'papers-cyber', 'papers-nuclear']
[GPU 0] [23:02:44] [INFO] loss: 2.41622019
[GPU 0] [23:02:44] [INFO] Data: papers-nuclear | Experts: ['code-lisp', 'core', 'papers-biology', 'papers-cyber', 'papers-nuclear']
[GPU 0] [23:02:54] [INFO] loss: 2.76153278
[GPU 0] [23:02:54] [INFO] Data: papers-cyber | Experts: ['code-lisp', 'core', 'papers-biology', 'papers-cyber', 'papers-nuclear']
[GPU 0] [23:03:05] [INFO] loss: 2.68958330
[GPU 0] [23:03:05] [INFO] Finished lora/seed_1. See /workspace-vast/ethanr/gradient-routing/experiments/AGI-1699-New-Dataset-Runs/results/arbsub/800M/seed_1/lora
