[GPU 0] [06:51:00] [INFO] Number of GPUs: 8
[GPU 0] [06:51:02] [INFO] Tokenizer vocabulary: 50257
[GPU 0] [06:51:02] [INFO] Set model vocab size to nearest multiple of 64 of tokenizer size: 50304
[GPU 0] [06:51:02] [INFO] target effective batch size: 32, actual effective batch size: 32, micro batch size: 4, accumulation steps: 1, num gpus: 8
[GPU 0] [06:51:02] [INFO] core total number of tokens: 66749057569
[GPU 0] [06:51:02] [INFO] Baseline model has 103,201,984 parameters
[GPU 0] [06:51:02] [INFO] core: chinchilla optimal tokens: 2,064,039,680, requested proportion: 1.0000, requested number of tokens: 2,064,039,680.0, 
[GPU 0] [06:51:02] [INFO] aux total number of tokens: 4835776549
[GPU 0] [06:51:02] [INFO] Baseline model has 103,201,984 parameters
[GPU 0] [06:51:02] [INFO] aux: chinchilla optimal tokens: 2,064,039,680, requested proportion: 0.0100, requested number of tokens: 20,640,396.8, 
[GPU 0] [06:51:02] [DEBUG] Saved config to /workspace/gradient-routing/experiments/AGI-1699-New-Dataset-Runs/results/optimize/base/realistic/100M/seed_2/20260421065052589393/config.json
[GPU 0] [06:51:02] [DEBUG] {
    "stages": [
        {
            "name": "baseline",
            "num_checkpoints": -1,
            "lr": 0.0016,
            "res_dir": "/workspace/gradient-routing/experiments/AGI-1699-New-Dataset-Runs/results/optimize/base/realistic/100M/seed_2/20260421065052589393/baseline",
            "do_eval": true,
            "do_sample": false,
            "num_train_evals": 0,
            "do_elicit": false,
            "elicit_eval_prc": 0.5,
            "elicit_num_evals": 100
        }
    ],
    "model": {
        "arch": "base",
        "tokenizer": "GPT2Tokenizer(name_or_path='EleutherAI/gpt-neo-125M', vocab_size=50257, model_max_length=2048, padding_side='right', truncation_side='right', special_tokens={'bos_token': '<|endoftext|>', 'eos_token': '<|endoftext|>', 'unk_token': '<|endoftext|>'}, added_tokens_decoder={\n\t50256: AddedToken(\"<|endoftext|>\", rstrip=False, lstrip=False, single_word=False, normalized=True, special=True),\n}\n)",
        "ctx_len": 1024,
        "vocab_size": 50304,
        "num_layers": 9,
        "num_heads": 8,
        "num_key_value": 2,
        "attn_bias": true,
        "eos_token_id": 50256,
        "embed_dim": 640,
        "mlp_dim": 2560
    },
    "data": {
        "dirs": [
            "/workspace/gradient-routing/experiments/AGI-1699-New-Dataset-Runs/src/data/fineweb",
            "/workspace/gradient-routing/experiments/AGI-1699-New-Dataset-Runs/src/data/code",
            "/workspace/gradient-routing/experiments/AGI-1699-New-Dataset-Runs/src/data/papers"
        ],
        "core": {
            "labels": [
                "fineweb",
                "code-other",
                "papers-other"
            ],
            "method": "optimal",
            "limit": 1.0,
            "dist": {
                "fineweb": 0.84,
                "code-other": 0.15,
                "papers-other": 0.01
            },
            "num_tok": 2064039680.0
        },
        "aux": {
            "labels": [
                "code-lisp",
                "papers-biology",
                "papers-nuclear",
                "papers-cyber"
            ],
            "method": "optimal",
            "limit": 0.01,
            "dist": {
                "code-lisp": 0.25,
                "papers-biology": 0.25,
                "papers-nuclear": 0.25,
                "papers-cyber": 0.25
            },
            "num_tok": 20640396.8
        }
    },
    "run": {
        "target_effective_batch_size": 32,
        "effective_batch_size": 32,
        "micro_batch_size": 4,
        "accumulation_steps": 1,
        "max_num_test_sequences": 10000,
        "eval_all_labels": false,
        "micro_batch_anchors": [
            [
                400000000.0,
                23
            ],
            [
                5000000000.0,
                2
            ]
        ],
        "epochs": 1,
        "adam_betas": [
            0.9,
            0.95
        ],
        "warmup_prc": 0.02,
        "decay_prc": 0.1,
        "seed": 2,
        "compile": true,
        "is_ddp": true,
        "optimize_routed": true,
        "cleanup_distributed": false,
        "log_level": "DEBUG",
        "num_gpus": 8,
        "process_id": 0,
        "num_base_params": 103201984,
        "device": "cuda",
        "logger": "<Logger training_20260421065052589393 (DEBUG)>",
        "labels": [
            "core",
            "code-lisp",
            "papers-biology",
            "papers-cyber",
            "papers-nuclear"
        ],
        "loaders": {
            "code-lisp": {
                "train": "SingleDataLoader(code-lisp_train_001.bin, len=157)",
                "test": "SingleDataLoader(code-lisp_test_001.bin, len=157)"
            },
            "code-other": {
                "train": "SingleDataLoader(code-other_train_003.bin, len=9448)",
                "test": "InterleavedDataLoader(len=313)"
            },
            "fineweb": {
                "train": "InterleavedDataLoader(len=52911)",
                "test": "InterleavedDataLoader(len=313)"
            },
            "papers-biology": {
                "train": "SingleDataLoader(papers-biology_train.bin, len=157)",
                "test": "SingleDataLoader(papers-biology_test.bin, len=157)"
            },
            "papers-cyber": {
                "train": "SingleDataLoader(papers-cyber_train.bin, len=157)",
                "test": "SingleDataLoader(papers-cyber_test.bin, len=157)"
            },
            "papers-nuclear": {
                "train": "SingleDataLoader(papers-nuclear_train.bin, len=157)",
                "test": "SingleDataLoader(papers-nuclear_test.bin, len=157)"
            },
            "papers-other": {
                "train": "SingleDataLoader(papers-other_train.bin, len=629)",
                "test": "SingleDataLoader(papers-other_test.bin, len=313)"
            },
            "core": {
                "train": "InterleavedDataLoader(len=62988)",
                "test": "InterleavedDataLoader(len=939)"
            },
            "aux": {
                "train": "InterleavedDataLoader(len=628)",
                "test": "InterleavedDataLoader(len=628)"
            },
            "all": {
                "train": "InterleavedDataLoader(len=63616)",
                "test": "InterleavedDataLoader(len=1567)"
            }
        },
        "res_root": "/workspace/gradient-routing/experiments/AGI-1699-New-Dataset-Runs/results/optimize/base/realistic/100M/seed_2",
        "experiment_id": "20260421065052589393",
        "s3_bucket": "ae-gradient-routing-results",
        "s3_prefix": "optimize/base/realistic/100M/seed_2"
    }
}
[GPU 0] [06:51:02] [INFO] Loader code-lisp train: 157, test: 157
[GPU 0] [06:51:02] [INFO] Loader code-other train: 9448, test: 313
[GPU 0] [06:51:02] [INFO] Loader fineweb train: 52911, test: 313
[GPU 0] [06:51:02] [INFO] Loader papers-biology train: 157, test: 157
[GPU 0] [06:51:02] [INFO] Loader papers-cyber train: 157, test: 157
[GPU 0] [06:51:02] [INFO] Loader papers-nuclear train: 157, test: 157
[GPU 0] [06:51:02] [INFO] Loader papers-other train: 629, test: 313
[GPU 0] [06:51:02] [INFO] Loader core train: 62988, test: 939
[GPU 0] [06:51:02] [INFO] Loader aux train: 628, test: 628
[GPU 0] [06:51:02] [INFO] Loader all train: 63616, test: 1567
[GPU 0] [06:51:02] [INFO] Stage [baseline] start: {"name": "baseline", "num_checkpoints": -1, "lr": 0.0016, "res_dir": "/workspace/gradient-routing/experiments/AGI-1699-New-Dataset-Runs/results/optimize/base/realistic/100M/seed_2/20260421065052589393/baseline", "do_eval": true, "do_sample": false, "num_train_evals": 0, "do_elicit": false, "elicit_eval_prc": 0.5, "elicit_num_evals": 100}
[GPU 0] [06:51:02] [INFO] BASELINE START
[GPU 0] [06:51:03] [INFO] Initialized BaseTransformer with 103,201,984 total parameters
[GPU 0] [06:51:03] [INFO] Compiling BaseTransformer with torch.compile...
[GPU 0] [06:51:04] [INFO] torch.compile done
[GPU 0] [06:51:04] [WARNING] restore_partial_state: no checkpoint found at /workspace/gradient-routing/experiments/AGI-1699-New-Dataset-Runs/results/optimize/base/realistic/100M/seed_2/20260421065052589393/baseline
[GPU 0] [06:51:04] [INFO] ---- Begin Train | Data Labels: ['all'] ----
[GPU 0] [06:51:04] [INFO] warmup_steps: 1272
[GPU 0] [06:51:04] [INFO] constant_steps: 55982
[GPU 0] [06:51:04] [INFO] decay_steps: 6362
[GPU 0] [06:51:04] [INFO] LR Scheduler: Warmup Start
[GPU 0] [06:51:28] [INFO] Step: 1, LR: 1.27e-06
[GPU 0] [06:51:28] [INFO] Train Loss: CORE: 10.94 CODE-LISP: nan PAPERS-BIOLOGY: nan PAPERS-CYBER: nan PAPERS-NUCLEAR: nan 
[GPU 0] [06:51:46] [INFO] Step: 1000, LR: 1.26e-03
[GPU 0] [06:51:46] [INFO] Train Loss: CORE: 5.23 CODE-LISP: 6.22 PAPERS-BIOLOGY: 6.79 PAPERS-CYBER: nan PAPERS-NUCLEAR: 6.01 
[GPU 0] [06:51:51] [INFO] LR Scheduler: Constant Start
[GPU 0] [06:52:03] [INFO] Step: 2000, LR: 1.60e-03
[GPU 0] [06:52:03] [INFO] Train Loss: CORE: 3.91 CODE-LISP: 5.24 PAPERS-BIOLOGY: 6.55 PAPERS-CYBER: 5.12 PAPERS-NUCLEAR: 5.76 
[GPU 0] [06:52:21] [INFO] Step: 3000, LR: 1.60e-03
[GPU 0] [06:52:21] [INFO] Train Loss: CORE: 4.04 CODE-LISP: 4.42 PAPERS-BIOLOGY: 6.27 PAPERS-CYBER: 4.85 PAPERS-NUCLEAR: 5.76 
[GPU 0] [06:52:38] [INFO] Step: 4000, LR: 1.60e-03
[GPU 0] [06:52:38] [INFO] Train Loss: CORE: 3.49 CODE-LISP: 3.62 PAPERS-BIOLOGY: 6.27 PAPERS-CYBER: 4.65 PAPERS-NUCLEAR: 5.76 
[GPU 0] [06:52:56] [INFO] Step: 5000, LR: 1.60e-03
[GPU 0] [06:52:56] [INFO] Train Loss: CORE: 3.53 CODE-LISP: 2.68 PAPERS-BIOLOGY: 6.03 PAPERS-CYBER: 4.19 PAPERS-NUCLEAR: 5.48 
[GPU 0] [06:53:13] [INFO] Step: 6000, LR: 1.60e-03
[GPU 0] [06:53:13] [INFO] Train Loss: CORE: 3.52 CODE-LISP: 2.31 PAPERS-BIOLOGY: 5.82 PAPERS-CYBER: 4.19 PAPERS-NUCLEAR: 4.80 
[GPU 0] [06:53:31] [INFO] Step: 7000, LR: 1.60e-03
[GPU 0] [06:53:31] [INFO] Train Loss: CORE: 3.95 CODE-LISP: 2.19 PAPERS-BIOLOGY: 4.42 PAPERS-CYBER: 4.17 PAPERS-NUCLEAR: 4.72 
[GPU 0] [06:53:48] [INFO] Step: 8000, LR: 1.60e-03
[GPU 0] [06:53:48] [INFO] Train Loss: CORE: 3.92 CODE-LISP: 2.06 PAPERS-BIOLOGY: 3.85 PAPERS-CYBER: 4.14 PAPERS-NUCLEAR: 4.02 
[GPU 0] [06:54:06] [INFO] Step: 9000, LR: 1.60e-03
[GPU 0] [06:54:06] [INFO] Train Loss: CORE: 3.71 CODE-LISP: 2.28 PAPERS-BIOLOGY: 3.77 PAPERS-CYBER: 4.03 PAPERS-NUCLEAR: 4.06 
[GPU 0] [06:54:23] [INFO] Step: 10000, LR: 1.60e-03
[GPU 0] [06:54:23] [INFO] Train Loss: CORE: 3.56 CODE-LISP: 2.17 PAPERS-BIOLOGY: 3.70 PAPERS-CYBER: 4.02 PAPERS-NUCLEAR: 4.10 
[GPU 0] [06:54:41] [INFO] Step: 11000, LR: 1.60e-03
[GPU 0] [06:54:41] [INFO] Train Loss: CORE: 3.62 CODE-LISP: 2.05 PAPERS-BIOLOGY: 3.70 PAPERS-CYBER: 3.89 PAPERS-NUCLEAR: 4.16 
[GPU 0] [06:54:58] [INFO] Step: 12000, LR: 1.60e-03
[GPU 0] [06:54:58] [INFO] Train Loss: CORE: 3.56 CODE-LISP: 1.82 PAPERS-BIOLOGY: 3.65 PAPERS-CYBER: 3.84 PAPERS-NUCLEAR: 4.18 
[GPU 0] [06:55:16] [INFO] Step: 13000, LR: 1.60e-03
[GPU 0] [06:55:16] [INFO] Train Loss: CORE: 3.31 CODE-LISP: 1.61 PAPERS-BIOLOGY: 3.57 PAPERS-CYBER: 3.79 PAPERS-NUCLEAR: 4.18 
[GPU 0] [06:55:33] [INFO] Step: 14000, LR: 1.60e-03
[GPU 0] [06:55:33] [INFO] Train Loss: CORE: 3.33 CODE-LISP: 1.65 PAPERS-BIOLOGY: 3.60 PAPERS-CYBER: 3.81 PAPERS-NUCLEAR: 4.11 
[GPU 0] [06:55:51] [INFO] Step: 15000, LR: 1.60e-03
[GPU 0] [06:55:51] [INFO] Train Loss: CORE: 3.50 CODE-LISP: 1.60 PAPERS-BIOLOGY: 3.66 PAPERS-CYBER: 3.82 PAPERS-NUCLEAR: 4.09 
[GPU 0] [06:56:08] [INFO] Step: 16000, LR: 1.60e-03
[GPU 0] [06:56:08] [INFO] Train Loss: CORE: 3.41 CODE-LISP: 1.82 PAPERS-BIOLOGY: 3.77 PAPERS-CYBER: 3.82 PAPERS-NUCLEAR: 4.13 
[GPU 0] [06:56:26] [INFO] Step: 17000, LR: 1.60e-03
[GPU 0] [06:56:26] [INFO] Train Loss: CORE: 3.54 CODE-LISP: 1.72 PAPERS-BIOLOGY: 3.72 PAPERS-CYBER: 3.78 PAPERS-NUCLEAR: 4.15 
[GPU 0] [06:56:43] [INFO] Step: 18000, LR: 1.60e-03
[GPU 0] [06:56:43] [INFO] Train Loss: CORE: 3.69 CODE-LISP: 1.73 PAPERS-BIOLOGY: 3.76 PAPERS-CYBER: 3.78 PAPERS-NUCLEAR: 4.09 
[GPU 0] [06:57:00] [INFO] Step: 19000, LR: 1.60e-03
[GPU 0] [06:57:00] [INFO] Train Loss: CORE: 3.83 CODE-LISP: 1.74 PAPERS-BIOLOGY: 3.74 PAPERS-CYBER: 3.81 PAPERS-NUCLEAR: 4.11 
[GPU 0] [06:57:18] [INFO] Step: 20000, LR: 1.60e-03
[GPU 0] [06:57:18] [INFO] Train Loss: CORE: 2.90 CODE-LISP: 1.47 PAPERS-BIOLOGY: 3.67 PAPERS-CYBER: 3.79 PAPERS-NUCLEAR: 4.07 
[GPU 0] [06:57:35] [INFO] Step: 21000, LR: 1.60e-03
[GPU 0] [06:57:35] [INFO] Train Loss: CORE: 3.44 CODE-LISP: 1.41 PAPERS-BIOLOGY: 3.67 PAPERS-CYBER: 3.77 PAPERS-NUCLEAR: 3.90 
[GPU 0] [06:57:53] [INFO] Step: 22000, LR: 1.60e-03
[GPU 0] [06:57:53] [INFO] Train Loss: CORE: 3.31 CODE-LISP: 1.36 PAPERS-BIOLOGY: 3.74 PAPERS-CYBER: 3.75 PAPERS-NUCLEAR: 3.85 
[GPU 0] [06:58:11] [INFO] Step: 23000, LR: 1.60e-03
[GPU 0] [06:58:11] [INFO] Train Loss: CORE: 2.91 CODE-LISP: 1.55 PAPERS-BIOLOGY: 3.70 PAPERS-CYBER: 3.69 PAPERS-NUCLEAR: 3.80 
[GPU 0] [06:58:28] [INFO] Step: 24000, LR: 1.60e-03
[GPU 0] [06:58:28] [INFO] Train Loss: CORE: 3.43 CODE-LISP: 1.54 PAPERS-BIOLOGY: 3.64 PAPERS-CYBER: 3.75 PAPERS-NUCLEAR: 3.82 
[GPU 0] [06:58:46] [INFO] Step: 25000, LR: 1.60e-03
[GPU 0] [06:58:46] [INFO] Train Loss: CORE: 3.59 CODE-LISP: 1.59 PAPERS-BIOLOGY: 3.63 PAPERS-CYBER: 3.75 PAPERS-NUCLEAR: 3.86 
[GPU 0] [06:59:03] [INFO] Step: 26000, LR: 1.60e-03
[GPU 0] [06:59:03] [INFO] Train Loss: CORE: 3.44 CODE-LISP: 1.66 PAPERS-BIOLOGY: 3.54 PAPERS-CYBER: 3.77 PAPERS-NUCLEAR: 3.86 
[GPU 0] [06:59:21] [INFO] Step: 27000, LR: 1.60e-03
[GPU 0] [06:59:21] [INFO] Train Loss: CORE: 3.52 CODE-LISP: 1.66 PAPERS-BIOLOGY: 3.54 PAPERS-CYBER: 3.77 PAPERS-NUCLEAR: 3.90 
[GPU 0] [06:59:38] [INFO] Step: 28000, LR: 1.60e-03
[GPU 0] [06:59:38] [INFO] Train Loss: CORE: 3.54 CODE-LISP: 1.59 PAPERS-BIOLOGY: 3.51 PAPERS-CYBER: 3.90 PAPERS-NUCLEAR: 4.00 
[GPU 0] [06:59:56] [INFO] Step: 29000, LR: 1.60e-03
[GPU 0] [06:59:56] [INFO] Train Loss: CORE: 2.91 CODE-LISP: 1.52 PAPERS-BIOLOGY: 3.44 PAPERS-CYBER: 3.87 PAPERS-NUCLEAR: 3.98 
[GPU 0] [07:00:13] [INFO] Step: 30000, LR: 1.60e-03
[GPU 0] [07:00:13] [INFO] Train Loss: CORE: 3.74 CODE-LISP: 1.35 PAPERS-BIOLOGY: 3.43 PAPERS-CYBER: 3.83 PAPERS-NUCLEAR: 3.90 
[GPU 0] [07:00:31] [INFO] Step: 31000, LR: 1.60e-03
[GPU 0] [07:00:31] [INFO] Train Loss: CORE: 3.71 CODE-LISP: 1.44 PAPERS-BIOLOGY: 3.45 PAPERS-CYBER: 3.75 PAPERS-NUCLEAR: 3.88 
[GPU 0] [07:00:48] [INFO] Step: 32000, LR: 1.60e-03
[GPU 0] [07:00:48] [INFO] Train Loss: CORE: 3.58 CODE-LISP: 1.44 PAPERS-BIOLOGY: 3.55 PAPERS-CYBER: 3.77 PAPERS-NUCLEAR: 3.92 
[GPU 0] [07:01:06] [INFO] Step: 33000, LR: 1.60e-03
[GPU 0] [07:01:06] [INFO] Train Loss: CORE: 3.40 CODE-LISP: 1.52 PAPERS-BIOLOGY: 3.50 PAPERS-CYBER: 3.80 PAPERS-NUCLEAR: 3.85 
[GPU 0] [07:01:23] [INFO] Step: 34000, LR: 1.60e-03
[GPU 0] [07:01:23] [INFO] Train Loss: CORE: 3.40 CODE-LISP: 1.45 PAPERS-BIOLOGY: 3.43 PAPERS-CYBER: 3.76 PAPERS-NUCLEAR: 3.93 
[GPU 0] [07:01:41] [INFO] Step: 35000, LR: 1.60e-03
[GPU 0] [07:01:41] [INFO] Train Loss: CORE: 3.77 CODE-LISP: 1.54 PAPERS-BIOLOGY: 3.39 PAPERS-CYBER: 3.77 PAPERS-NUCLEAR: 3.99 
[GPU 0] [07:01:58] [INFO] Step: 36000, LR: 1.60e-03
[GPU 0] [07:01:58] [INFO] Train Loss: CORE: 3.67 CODE-LISP: 1.46 PAPERS-BIOLOGY: 3.39 PAPERS-CYBER: 3.76 PAPERS-NUCLEAR: 3.91 
[GPU 0] [07:02:16] [INFO] Step: 37000, LR: 1.60e-03
[GPU 0] [07:02:16] [INFO] Train Loss: CORE: 3.42 CODE-LISP: 1.46 PAPERS-BIOLOGY: 3.39 PAPERS-CYBER: 3.76 PAPERS-NUCLEAR: 3.88 
[GPU 0] [07:02:33] [INFO] Step: 38000, LR: 1.60e-03
[GPU 0] [07:02:33] [INFO] Train Loss: CORE: 3.42 CODE-LISP: 1.43 PAPERS-BIOLOGY: 3.42 PAPERS-CYBER: 3.68 PAPERS-NUCLEAR: 3.87 
[GPU 0] [07:02:51] [INFO] Step: 39000, LR: 1.60e-03
[GPU 0] [07:02:51] [INFO] Train Loss: CORE: 3.54 CODE-LISP: 1.49 PAPERS-BIOLOGY: 3.44 PAPERS-CYBER: 3.68 PAPERS-NUCLEAR: 3.83 
[GPU 0] [07:03:08] [INFO] Step: 40000, LR: 1.60e-03
[GPU 0] [07:03:08] [INFO] Train Loss: CORE: 3.69 CODE-LISP: 1.64 PAPERS-BIOLOGY: 3.41 PAPERS-CYBER: 3.63 PAPERS-NUCLEAR: 3.82 
[GPU 0] [07:03:26] [INFO] Step: 41000, LR: 1.60e-03
[GPU 0] [07:03:26] [INFO] Train Loss: CORE: 3.23 CODE-LISP: 1.60 PAPERS-BIOLOGY: 3.43 PAPERS-CYBER: 3.60 PAPERS-NUCLEAR: 3.84 
[GPU 0] [07:03:43] [INFO] Step: 42000, LR: 1.60e-03
[GPU 0] [07:03:43] [INFO] Train Loss: CORE: 3.67 CODE-LISP: 1.60 PAPERS-BIOLOGY: 3.43 PAPERS-CYBER: 3.65 PAPERS-NUCLEAR: 3.81 
[GPU 0] [07:04:01] [INFO] Step: 43000, LR: 1.60e-03
[GPU 0] [07:04:01] [INFO] Train Loss: CORE: 3.13 CODE-LISP: 1.53 PAPERS-BIOLOGY: 3.41 PAPERS-CYBER: 3.63 PAPERS-NUCLEAR: 3.81 
[GPU 0] [07:04:18] [INFO] Step: 44000, LR: 1.60e-03
[GPU 0] [07:04:18] [INFO] Train Loss: CORE: 3.35 CODE-LISP: 1.42 PAPERS-BIOLOGY: 3.36 PAPERS-CYBER: 3.66 PAPERS-NUCLEAR: 3.81 
[GPU 0] [07:04:35] [INFO] Step: 45000, LR: 1.60e-03
[GPU 0] [07:04:35] [INFO] Train Loss: CORE: 3.43 CODE-LISP: 1.49 PAPERS-BIOLOGY: 3.35 PAPERS-CYBER: 3.66 PAPERS-NUCLEAR: 3.88 
[GPU 0] [07:04:53] [INFO] Step: 46000, LR: 1.60e-03
[GPU 0] [07:04:53] [INFO] Train Loss: CORE: 3.40 CODE-LISP: 1.52 PAPERS-BIOLOGY: 3.47 PAPERS-CYBER: 3.76 PAPERS-NUCLEAR: 3.83 
[GPU 0] [07:05:10] [INFO] Step: 47000, LR: 1.60e-03
[GPU 0] [07:05:10] [INFO] Train Loss: CORE: 3.73 CODE-LISP: 1.48 PAPERS-BIOLOGY: 3.48 PAPERS-CYBER: 3.76 PAPERS-NUCLEAR: 3.83 
[GPU 0] [07:05:28] [INFO] Step: 48000, LR: 1.60e-03
[GPU 0] [07:05:28] [INFO] Train Loss: CORE: 2.70 CODE-LISP: 1.52 PAPERS-BIOLOGY: 3.53 PAPERS-CYBER: 3.81 PAPERS-NUCLEAR: 3.83 
[GPU 0] [07:05:45] [INFO] Step: 49000, LR: 1.60e-03
[GPU 0] [07:05:45] [INFO] Train Loss: CORE: 3.38 CODE-LISP: 1.55 PAPERS-BIOLOGY: 3.49 PAPERS-CYBER: 3.85 PAPERS-NUCLEAR: 3.83 
[GPU 0] [07:06:03] [INFO] Step: 50000, LR: 1.60e-03
[GPU 0] [07:06:03] [INFO] Train Loss: CORE: 2.92 CODE-LISP: 1.49 PAPERS-BIOLOGY: 3.39 PAPERS-CYBER: 3.78 PAPERS-NUCLEAR: 3.73 
[GPU 0] [07:06:20] [INFO] Step: 51000, LR: 1.60e-03
[GPU 0] [07:06:20] [INFO] Train Loss: CORE: 3.44 CODE-LISP: 1.41 PAPERS-BIOLOGY: 3.39 PAPERS-CYBER: 3.73 PAPERS-NUCLEAR: 3.75 
[GPU 0] [07:06:38] [INFO] Step: 52000, LR: 1.60e-03
[GPU 0] [07:06:38] [INFO] Train Loss: CORE: 2.98 CODE-LISP: 1.35 PAPERS-BIOLOGY: 3.42 PAPERS-CYBER: 3.67 PAPERS-NUCLEAR: 3.67 
[GPU 0] [07:06:55] [INFO] Step: 53000, LR: 1.60e-03
[GPU 0] [07:06:55] [INFO] Train Loss: CORE: 3.41 CODE-LISP: 1.29 PAPERS-BIOLOGY: 3.39 PAPERS-CYBER: 3.65 PAPERS-NUCLEAR: 3.79 
[GPU 0] [07:07:13] [INFO] Step: 54000, LR: 1.60e-03
[GPU 0] [07:07:13] [INFO] Train Loss: CORE: 3.19 CODE-LISP: 1.36 PAPERS-BIOLOGY: 3.38 PAPERS-CYBER: 3.64 PAPERS-NUCLEAR: 3.80 
[GPU 0] [07:07:30] [INFO] Step: 55000, LR: 1.60e-03
[GPU 0] [07:07:30] [INFO] Train Loss: CORE: 2.95 CODE-LISP: 1.38 PAPERS-BIOLOGY: 3.37 PAPERS-CYBER: 3.62 PAPERS-NUCLEAR: 3.71 
[GPU 0] [07:07:48] [INFO] Step: 56000, LR: 1.60e-03
[GPU 0] [07:07:48] [INFO] Train Loss: CORE: 3.10 CODE-LISP: 1.38 PAPERS-BIOLOGY: 3.43 PAPERS-CYBER: 3.65 PAPERS-NUCLEAR: 3.65 
[GPU 0] [07:08:05] [INFO] Step: 57000, LR: 1.60e-03
[GPU 0] [07:08:05] [INFO] Train Loss: CORE: 2.79 CODE-LISP: 1.38 PAPERS-BIOLOGY: 3.38 PAPERS-CYBER: 3.63 PAPERS-NUCLEAR: 3.60 
[GPU 0] [07:08:10] [INFO] LR Scheduler: Decay Start
[GPU 0] [07:08:23] [INFO] Step: 58000, LR: 1.41e-03
[GPU 0] [07:08:23] [INFO] Train Loss: CORE: 3.41 CODE-LISP: 1.48 PAPERS-BIOLOGY: 3.42 PAPERS-CYBER: 3.59 PAPERS-NUCLEAR: 3.60 
[GPU 0] [07:08:40] [INFO] Step: 59000, LR: 1.16e-03
[GPU 0] [07:08:40] [INFO] Train Loss: CORE: 2.73 CODE-LISP: 1.56 PAPERS-BIOLOGY: 3.42 PAPERS-CYBER: 3.59 PAPERS-NUCLEAR: 3.77 
[GPU 0] [07:08:58] [INFO] Step: 60000, LR: 9.09e-04
[GPU 0] [07:08:58] [INFO] Train Loss: CORE: 3.56 CODE-LISP: 1.54 PAPERS-BIOLOGY: 3.43 PAPERS-CYBER: 3.58 PAPERS-NUCLEAR: 3.86 
[GPU 0] [07:09:15] [INFO] Step: 61000, LR: 6.58e-04
[GPU 0] [07:09:15] [INFO] Train Loss: CORE: 3.03 CODE-LISP: 1.37 PAPERS-BIOLOGY: 3.36 PAPERS-CYBER: 3.52 PAPERS-NUCLEAR: 3.83 
[GPU 0] [07:09:33] [INFO] Step: 62000, LR: 4.06e-04
[GPU 0] [07:09:33] [INFO] Train Loss: CORE: 2.66 CODE-LISP: 1.16 PAPERS-BIOLOGY: 3.33 PAPERS-CYBER: 3.58 PAPERS-NUCLEAR: 3.78 
[GPU 0] [07:09:50] [INFO] Step: 63000, LR: 1.55e-04
[GPU 0] [07:09:50] [INFO] Train Loss: CORE: 3.48 CODE-LISP: 1.16 PAPERS-BIOLOGY: 3.27 PAPERS-CYBER: 3.54 PAPERS-NUCLEAR: 3.65 
[GPU 0] [07:10:01] [INFO] Step: 63616, LR: 1.00e-08
[GPU 0] [07:10:01] [INFO] Train Loss: CORE: 2.93 CODE-LISP: 1.20 PAPERS-BIOLOGY: 3.22 PAPERS-CYBER: 3.50 PAPERS-NUCLEAR: 3.62 
[GPU 0] [07:10:02] [INFO] ---- Begin Eval ----
[GPU 0] [07:10:02] [INFO] Data: core | Experts: None
[GPU 0] [07:10:16] [INFO] loss: 2.51164055
[GPU 0] [07:10:16] [INFO] Data: code-lisp | Experts: None
[GPU 0] [07:10:16] [INFO] loss: 1.40022576
[GPU 0] [07:10:16] [INFO] Data: papers-biology | Experts: None
[GPU 0] [07:10:17] [INFO] loss: 3.19462824
[GPU 0] [07:10:17] [INFO] Data: papers-nuclear | Experts: None
[GPU 0] [07:10:18] [INFO] loss: 3.48760962
[GPU 0] [07:10:18] [INFO] Data: papers-cyber | Experts: None
[GPU 0] [07:10:19] [INFO] loss: 3.45961881
[GPU 0] [07:10:28] [INFO] ----------------------------------------
[GPU 0] [07:10:28] [INFO] Finished. See /workspace/gradient-routing/experiments/AGI-1699-New-Dataset-Runs/results/optimize/base/realistic/100M/seed_2/20260421065052589393
