[GPU 0] [07:26:46] [INFO] Number of GPUs: 8
[GPU 0] [07:26:47] [INFO] Tokenizer vocabulary: 50257
[GPU 0] [07:26:47] [INFO] Set model vocab size to nearest multiple of 64 of tokenizer size: 50304
[GPU 0] [07:26:48] [INFO] target effective batch size: 32, actual effective batch size: 32, micro batch size: 4, accumulation steps: 1, num gpus: 8
[GPU 0] [07:26:48] [INFO] core total number of tokens: 124693822984
[GPU 0] [07:26:48] [INFO] Baseline model has 47,995,776 parameters
[GPU 0] [07:26:48] [INFO] core: chinchilla optimal tokens: 959,915,520, requested proportion: 1.0000, requested number of tokens: 959,915,520.0, 
[GPU 0] [07:26:48] [INFO] aux total number of tokens: 4835776549
[GPU 0] [07:26:48] [INFO] Baseline model has 47,995,776 parameters
[GPU 0] [07:26:48] [INFO] aux: chinchilla optimal tokens: 959,915,520, requested proportion: 0.0100, requested number of tokens: 9,599,155.200000001, 
[GPU 0] [07:26:48] [DEBUG] Saved config to /workspace/gradient-routing/experiments/AGI-1699-New-Dataset-Runs/results/optimize/base/realistic/50M/seed_2/20260421072639339565/config.json
[GPU 0] [07:26:48] [DEBUG] {
    "stages": [
        {
            "name": "baseline",
            "num_checkpoints": -1,
            "lr": 0.0008,
            "res_dir": "/workspace/gradient-routing/experiments/AGI-1699-New-Dataset-Runs/results/optimize/base/realistic/50M/seed_2/20260421072639339565/baseline",
            "do_eval": true,
            "do_sample": false,
            "num_train_evals": 0,
            "do_elicit": false,
            "elicit_eval_prc": 0.5,
            "elicit_num_evals": 100
        }
    ],
    "model": {
        "arch": "base",
        "tokenizer": "GPT2Tokenizer(name_or_path='EleutherAI/gpt-neo-125M', vocab_size=50257, model_max_length=2048, padding_side='right', truncation_side='right', special_tokens={'bos_token': '<|endoftext|>', 'eos_token': '<|endoftext|>', 'unk_token': '<|endoftext|>'}, added_tokens_decoder={\n\t50256: AddedToken(\"<|endoftext|>\", rstrip=False, lstrip=False, single_word=False, normalized=True, special=True),\n}\n)",
        "ctx_len": 1024,
        "vocab_size": 50304,
        "num_layers": 6,
        "num_heads": 8,
        "num_key_value": 2,
        "attn_bias": true,
        "eos_token_id": 50256,
        "embed_dim": 384,
        "mlp_dim": 1536
    },
    "data": {
        "dirs": [
            "/workspace/gradient-routing/experiments/AGI-1699-New-Dataset-Runs/src/data/fineweb",
            "/workspace/gradient-routing/experiments/AGI-1699-New-Dataset-Runs/src/data/code",
            "/workspace/gradient-routing/experiments/AGI-1699-New-Dataset-Runs/src/data/papers"
        ],
        "core": {
            "labels": [
                "fineweb",
                "code-other",
                "papers-other"
            ],
            "method": "optimal",
            "limit": 1.0,
            "dist": {
                "fineweb": 0.84,
                "code-other": 0.15,
                "papers-other": 0.01
            },
            "num_tok": 959915520.0
        },
        "aux": {
            "labels": [
                "code-lisp",
                "papers-biology",
                "papers-nuclear",
                "papers-cyber"
            ],
            "method": "optimal",
            "limit": 0.01,
            "dist": {
                "code-lisp": 0.25,
                "papers-biology": 0.25,
                "papers-nuclear": 0.25,
                "papers-cyber": 0.25
            },
            "num_tok": 9599155.200000001
        }
    },
    "run": {
        "target_effective_batch_size": 32,
        "effective_batch_size": 32,
        "micro_batch_size": 4,
        "accumulation_steps": 1,
        "max_num_test_sequences": 10000,
        "eval_all_labels": false,
        "micro_batch_anchors": [
            [
                400000000.0,
                23
            ],
            [
                5000000000.0,
                2
            ]
        ],
        "epochs": 1,
        "adam_betas": [
            0.9,
            0.95
        ],
        "warmup_prc": 0.02,
        "decay_prc": 0.1,
        "seed": 2,
        "compile": true,
        "is_ddp": true,
        "optimize_routed": true,
        "cleanup_distributed": false,
        "log_level": "DEBUG",
        "num_gpus": 8,
        "process_id": 0,
        "num_base_params": 47995776,
        "device": "cuda",
        "logger": "<Logger training_20260421072639339565 (DEBUG)>",
        "labels": [
            "core",
            "code-lisp",
            "papers-biology",
            "papers-cyber",
            "papers-nuclear"
        ],
        "loaders": {
            "code-lisp": {
                "train": "SingleDataLoader(code-lisp_train_001.bin, len=73)",
                "test": "SingleDataLoader(code-lisp_test_001.bin, len=73)"
            },
            "code-other": {
                "train": "SingleDataLoader(code-other_train_003.bin, len=4394)",
                "test": "InterleavedDataLoader(len=313)"
            },
            "fineweb": {
                "train": "InterleavedDataLoader(len=24607)",
                "test": "InterleavedDataLoader(len=313)"
            },
            "papers-biology": {
                "train": "SingleDataLoader(papers-biology_train.bin, len=73)",
                "test": "SingleDataLoader(papers-biology_test.bin, len=73)"
            },
            "papers-cyber": {
                "train": "SingleDataLoader(papers-cyber_train.bin, len=73)",
                "test": "SingleDataLoader(papers-cyber_test.bin, len=73)"
            },
            "papers-nuclear": {
                "train": "SingleDataLoader(papers-nuclear_train.bin, len=73)",
                "test": "SingleDataLoader(papers-nuclear_test.bin, len=73)"
            },
            "papers-other": {
                "train": "SingleDataLoader(papers-other_train.bin, len=292)",
                "test": "SingleDataLoader(papers-other_test.bin, len=292)"
            },
            "core": {
                "train": "InterleavedDataLoader(len=29293)",
                "test": "InterleavedDataLoader(len=918)"
            },
            "aux": {
                "train": "InterleavedDataLoader(len=292)",
                "test": "InterleavedDataLoader(len=292)"
            },
            "all": {
                "train": "InterleavedDataLoader(len=29585)",
                "test": "InterleavedDataLoader(len=1210)"
            }
        },
        "res_root": "/workspace/gradient-routing/experiments/AGI-1699-New-Dataset-Runs/results/optimize/base/realistic/50M/seed_2",
        "experiment_id": "20260421072639339565",
        "s3_bucket": "ae-gradient-routing-results",
        "s3_prefix": "optimize/base/realistic/50M/seed_2"
    }
}
[GPU 0] [07:26:48] [INFO] Loader code-lisp train: 73, test: 73
[GPU 0] [07:26:48] [INFO] Loader code-other train: 4394, test: 313
[GPU 0] [07:26:48] [INFO] Loader fineweb train: 24607, test: 313
[GPU 0] [07:26:48] [INFO] Loader papers-biology train: 73, test: 73
[GPU 0] [07:26:48] [INFO] Loader papers-cyber train: 73, test: 73
[GPU 0] [07:26:48] [INFO] Loader papers-nuclear train: 73, test: 73
[GPU 0] [07:26:48] [INFO] Loader papers-other train: 292, test: 292
[GPU 0] [07:26:48] [INFO] Loader core train: 29293, test: 918
[GPU 0] [07:26:48] [INFO] Loader aux train: 292, test: 292
[GPU 0] [07:26:48] [INFO] Loader all train: 29585, test: 1210
[GPU 0] [07:26:48] [INFO] Stage [baseline] start: {"name": "baseline", "num_checkpoints": -1, "lr": 0.0008, "res_dir": "/workspace/gradient-routing/experiments/AGI-1699-New-Dataset-Runs/results/optimize/base/realistic/50M/seed_2/20260421072639339565/baseline", "do_eval": true, "do_sample": false, "num_train_evals": 0, "do_elicit": false, "elicit_eval_prc": 0.5, "elicit_num_evals": 100}
[GPU 0] [07:26:48] [INFO] BASELINE START
[GPU 0] [07:26:48] [INFO] Initialized BaseTransformer with 47,995,776 total parameters
[GPU 0] [07:26:48] [INFO] Compiling BaseTransformer with torch.compile...
[GPU 0] [07:26:48] [INFO] torch.compile done
[GPU 0] [07:26:49] [WARNING] restore_partial_state: no checkpoint found at /workspace/gradient-routing/experiments/AGI-1699-New-Dataset-Runs/results/optimize/base/realistic/50M/seed_2/20260421072639339565/baseline
[GPU 0] [07:26:49] [INFO] ---- Begin Train | Data Labels: ['all'] ----
[GPU 0] [07:26:49] [INFO] warmup_steps: 592
[GPU 0] [07:26:49] [INFO] constant_steps: 26035
[GPU 0] [07:26:49] [INFO] decay_steps: 2958
[GPU 0] [07:26:49] [INFO] LR Scheduler: Warmup Start
[GPU 0] [07:27:06] [INFO] Step: 1, LR: 1.36e-06
[GPU 0] [07:27:06] [INFO] Train Loss: CORE: 10.94 CODE-LISP: nan PAPERS-BIOLOGY: nan PAPERS-CYBER: nan PAPERS-NUCLEAR: nan 
[GPU 0] [07:27:12] [INFO] LR Scheduler: Constant Start
[GPU 0] [07:27:17] [INFO] Step: 1000, LR: 8.00e-04
[GPU 0] [07:27:17] [INFO] Train Loss: CORE: 5.26 CODE-LISP: 6.66 PAPERS-BIOLOGY: 6.84 PAPERS-CYBER: nan PAPERS-NUCLEAR: 6.31 
[GPU 0] [07:27:28] [INFO] Step: 2000, LR: 8.00e-04
[GPU 0] [07:27:28] [INFO] Train Loss: CORE: 4.23 CODE-LISP: 5.73 PAPERS-BIOLOGY: 6.63 PAPERS-CYBER: 5.29 PAPERS-NUCLEAR: 6.10 
[GPU 0] [07:27:39] [INFO] Step: 3000, LR: 8.00e-04
[GPU 0] [07:27:39] [INFO] Train Loss: CORE: 4.11 CODE-LISP: 4.94 PAPERS-BIOLOGY: 6.39 PAPERS-CYBER: 5.03 PAPERS-NUCLEAR: 6.10 
[GPU 0] [07:27:49] [INFO] Step: 4000, LR: 8.00e-04
[GPU 0] [07:27:49] [INFO] Train Loss: CORE: 3.75 CODE-LISP: 4.15 PAPERS-BIOLOGY: 6.39 PAPERS-CYBER: 4.88 PAPERS-NUCLEAR: 6.10 
[GPU 0] [07:28:00] [INFO] Step: 5000, LR: 8.00e-04
[GPU 0] [07:28:00] [INFO] Train Loss: CORE: 3.59 CODE-LISP: 3.05 PAPERS-BIOLOGY: 6.13 PAPERS-CYBER: 4.35 PAPERS-NUCLEAR: 5.48 
[GPU 0] [07:28:11] [INFO] Step: 6000, LR: 8.00e-04
[GPU 0] [07:28:11] [INFO] Train Loss: CORE: 3.67 CODE-LISP: 2.56 PAPERS-BIOLOGY: 5.95 PAPERS-CYBER: 4.35 PAPERS-NUCLEAR: 4.96 
[GPU 0] [07:28:22] [INFO] Step: 7000, LR: 8.00e-04
[GPU 0] [07:28:22] [INFO] Train Loss: CORE: 4.21 CODE-LISP: 2.37 PAPERS-BIOLOGY: 4.52 PAPERS-CYBER: 4.29 PAPERS-NUCLEAR: 4.73 
[GPU 0] [07:28:33] [INFO] Step: 8000, LR: 8.00e-04
[GPU 0] [07:28:33] [INFO] Train Loss: CORE: 4.17 CODE-LISP: 2.16 PAPERS-BIOLOGY: 3.94 PAPERS-CYBER: 4.28 PAPERS-NUCLEAR: 4.20 
[GPU 0] [07:28:44] [INFO] Step: 9000, LR: 8.00e-04
[GPU 0] [07:28:44] [INFO] Train Loss: CORE: 3.73 CODE-LISP: 2.25 PAPERS-BIOLOGY: 3.90 PAPERS-CYBER: 4.19 PAPERS-NUCLEAR: 4.08 
[GPU 0] [07:28:55] [INFO] Step: 10000, LR: 8.00e-04
[GPU 0] [07:28:55] [INFO] Train Loss: CORE: 3.76 CODE-LISP: 2.12 PAPERS-BIOLOGY: 3.91 PAPERS-CYBER: 4.21 PAPERS-NUCLEAR: 4.05 
[GPU 0] [07:29:05] [INFO] Step: 11000, LR: 8.00e-04
[GPU 0] [07:29:05] [INFO] Train Loss: CORE: 3.70 CODE-LISP: 2.12 PAPERS-BIOLOGY: 3.91 PAPERS-CYBER: 4.13 PAPERS-NUCLEAR: 4.00 
[GPU 0] [07:29:16] [INFO] Step: 12000, LR: 8.00e-04
[GPU 0] [07:29:16] [INFO] Train Loss: CORE: 3.79 CODE-LISP: 2.07 PAPERS-BIOLOGY: 3.83 PAPERS-CYBER: 4.09 PAPERS-NUCLEAR: 4.01 
[GPU 0] [07:29:27] [INFO] Step: 13000, LR: 8.00e-04
[GPU 0] [07:29:27] [INFO] Train Loss: CORE: 3.34 CODE-LISP: 1.78 PAPERS-BIOLOGY: 3.79 PAPERS-CYBER: 4.09 PAPERS-NUCLEAR: 4.01 
[GPU 0] [07:29:38] [INFO] Step: 14000, LR: 8.00e-04
[GPU 0] [07:29:38] [INFO] Train Loss: CORE: 3.38 CODE-LISP: 1.71 PAPERS-BIOLOGY: 3.80 PAPERS-CYBER: 4.08 PAPERS-NUCLEAR: 3.98 
[GPU 0] [07:29:49] [INFO] Step: 15000, LR: 8.00e-04
[GPU 0] [07:29:49] [INFO] Train Loss: CORE: 3.87 CODE-LISP: 1.73 PAPERS-BIOLOGY: 3.80 PAPERS-CYBER: 4.07 PAPERS-NUCLEAR: 3.92 
[GPU 0] [07:30:00] [INFO] Step: 16000, LR: 8.00e-04
[GPU 0] [07:30:00] [INFO] Train Loss: CORE: 3.68 CODE-LISP: 1.78 PAPERS-BIOLOGY: 3.84 PAPERS-CYBER: 4.10 PAPERS-NUCLEAR: 3.85 
[GPU 0] [07:30:11] [INFO] Step: 17000, LR: 8.00e-04
[GPU 0] [07:30:11] [INFO] Train Loss: CORE: 3.66 CODE-LISP: 1.88 PAPERS-BIOLOGY: 3.85 PAPERS-CYBER: 4.07 PAPERS-NUCLEAR: 3.77 
[GPU 0] [07:30:21] [INFO] Step: 18000, LR: 8.00e-04
[GPU 0] [07:30:21] [INFO] Train Loss: CORE: 3.96 CODE-LISP: 1.88 PAPERS-BIOLOGY: 3.81 PAPERS-CYBER: 3.97 PAPERS-NUCLEAR: 3.87 
[GPU 0] [07:30:32] [INFO] Step: 19000, LR: 8.00e-04
[GPU 0] [07:30:32] [INFO] Train Loss: CORE: 3.94 CODE-LISP: 1.92 PAPERS-BIOLOGY: 3.82 PAPERS-CYBER: 3.96 PAPERS-NUCLEAR: 3.94 
[GPU 0] [07:30:43] [INFO] Step: 20000, LR: 8.00e-04
[GPU 0] [07:30:43] [INFO] Train Loss: CORE: 3.09 CODE-LISP: 1.81 PAPERS-BIOLOGY: 3.76 PAPERS-CYBER: 3.97 PAPERS-NUCLEAR: 4.03 
[GPU 0] [07:30:54] [INFO] Step: 21000, LR: 8.00e-04
[GPU 0] [07:30:54] [INFO] Train Loss: CORE: 3.79 CODE-LISP: 1.85 PAPERS-BIOLOGY: 3.76 PAPERS-CYBER: 3.87 PAPERS-NUCLEAR: 3.93 
[GPU 0] [07:31:05] [INFO] Step: 22000, LR: 8.00e-04
[GPU 0] [07:31:05] [INFO] Train Loss: CORE: 3.48 CODE-LISP: 1.90 PAPERS-BIOLOGY: 3.69 PAPERS-CYBER: 3.87 PAPERS-NUCLEAR: 3.87 
[GPU 0] [07:31:16] [INFO] Step: 23000, LR: 8.00e-04
[GPU 0] [07:31:16] [INFO] Train Loss: CORE: 3.19 CODE-LISP: 1.73 PAPERS-BIOLOGY: 3.70 PAPERS-CYBER: 3.87 PAPERS-NUCLEAR: 3.84 
[GPU 0] [07:31:26] [INFO] Step: 24000, LR: 8.00e-04
[GPU 0] [07:31:26] [INFO] Train Loss: CORE: 3.69 CODE-LISP: 1.73 PAPERS-BIOLOGY: 3.72 PAPERS-CYBER: 3.83 PAPERS-NUCLEAR: 3.79 
[GPU 0] [07:31:37] [INFO] Step: 25000, LR: 8.00e-04
[GPU 0] [07:31:37] [INFO] Train Loss: CORE: 3.64 CODE-LISP: 1.74 PAPERS-BIOLOGY: 3.77 PAPERS-CYBER: 3.90 PAPERS-NUCLEAR: 3.88 
[GPU 0] [07:31:48] [INFO] Step: 26000, LR: 8.00e-04
[GPU 0] [07:31:48] [INFO] Train Loss: CORE: 3.67 CODE-LISP: 1.72 PAPERS-BIOLOGY: 3.81 PAPERS-CYBER: 3.90 PAPERS-NUCLEAR: 3.88 
[GPU 0] [07:31:55] [INFO] LR Scheduler: Decay Start
[GPU 0] [07:31:59] [INFO] Step: 27000, LR: 6.99e-04
[GPU 0] [07:31:59] [INFO] Train Loss: CORE: 3.65 CODE-LISP: 1.59 PAPERS-BIOLOGY: 3.75 PAPERS-CYBER: 3.90 PAPERS-NUCLEAR: 3.93 
[GPU 0] [07:32:10] [INFO] Step: 28000, LR: 4.29e-04
[GPU 0] [07:32:10] [INFO] Train Loss: CORE: 3.58 CODE-LISP: 1.59 PAPERS-BIOLOGY: 3.57 PAPERS-CYBER: 3.86 PAPERS-NUCLEAR: 3.86 
[GPU 0] [07:32:21] [INFO] Step: 29000, LR: 1.58e-04
[GPU 0] [07:32:21] [INFO] Train Loss: CORE: 2.77 CODE-LISP: 1.58 PAPERS-BIOLOGY: 3.51 PAPERS-CYBER: 3.87 PAPERS-NUCLEAR: 3.77 
[GPU 0] [07:32:27] [INFO] Step: 29585, LR: 1.00e-08
[GPU 0] [07:32:27] [INFO] Train Loss: CORE: 3.53 CODE-LISP: 1.58 PAPERS-BIOLOGY: 3.51 PAPERS-CYBER: 3.88 PAPERS-NUCLEAR: 3.75 
[GPU 0] [07:32:27] [INFO] ---- Begin Eval ----
[GPU 0] [07:32:27] [INFO] Data: core | Experts: None
[GPU 0] [07:32:36] [INFO] loss: 2.79894352
[GPU 0] [07:32:36] [INFO] Data: code-lisp | Experts: None
[GPU 0] [07:32:36] [INFO] loss: 1.64879191
[GPU 0] [07:32:36] [INFO] Data: papers-biology | Experts: None
[GPU 0] [07:32:36] [INFO] loss: 3.51720357
[GPU 0] [07:32:36] [INFO] Data: papers-nuclear | Experts: None
[GPU 0] [07:32:37] [INFO] loss: 3.68848968
[GPU 0] [07:32:37] [INFO] Data: papers-cyber | Experts: None
[GPU 0] [07:32:37] [INFO] loss: 3.79762411
[GPU 0] [07:32:43] [INFO] ----------------------------------------
[GPU 0] [07:32:43] [INFO] Finished. See /workspace/gradient-routing/experiments/AGI-1699-New-Dataset-Runs/results/optimize/base/realistic/50M/seed_2/20260421072639339565
