[GPU 0] [01:20:10] [INFO] Git branch: main, commit: cae9c93a4982c96b9778295aaab20f7a9eaed693
[GPU 0] [01:20:10] [INFO] Number of processes: 1
[GPU 0] [01:20:10] [INFO] Runtime device: mps, dtype: torch.float32
[GPU 0] [01:22:10] [INFO] Tokenizer vocabulary: 4096
[GPU 0] [01:22:10] [INFO] Set model vocab size to nearest multiple of 64 of tokenizer size: 4096
[GPU 0] [01:22:10] [INFO] target effective batch size: -1, actual effective batch size: 128, micro batch size: 16, accumulation steps: 8, num gpus: 1
[GPU 0] [01:22:10] [INFO] core total number of tokens: 501664802
[GPU 0] [01:22:10] [INFO] core: 1.0000 x 501664802 = 501664802
[GPU 0] [01:22:10] [INFO] aux total number of tokens: 46188871
[GPU 0] [01:22:10] [INFO] aux: 1.0000 x 46188871 = 46188871
[GPU 0] [01:22:10] [INFO] Loader a-deadline-or-time-limit train: 2819, test: 321
[GPU 0] [01:22:10] [INFO] Loader alien-encounters train: 2767, test: 306
[GPU 0] [01:22:10] [INFO] Loader bygone-eras train: 2819, test: 315
[GPU 0] [01:22:10] [INFO] Loader cultural-traditions train: 2819, test: 311
[GPU 0] [01:22:10] [INFO] Loader dinosaurs train: 2701, test: 306
[GPU 0] [01:22:10] [INFO] Loader dream-worlds train: 2713, test: 303
[GPU 0] [01:22:10] [INFO] Loader enchanted-forests train: 2783, test: 308
[GPU 0] [01:22:10] [INFO] Loader fairy-tales train: 2754, test: 299
[GPU 0] [01:22:10] [INFO] Loader fantasy-worlds train: 2783, test: 318
[GPU 0] [01:22:10] [INFO] Loader gardens train: 2770, test: 297
[GPU 0] [01:22:10] [INFO] Loader giant-creatures train: 2783, test: 299
[GPU 0] [01:22:10] [INFO] Loader haunted-places train: 2783, test: 329
[GPU 0] [01:22:10] [INFO] Loader hidden-treasures train: 2781, test: 312
[GPU 0] [01:22:10] [INFO] Loader holidays train: 2780, test: 311
[GPU 0] [01:22:10] [INFO] Loader invisibility train: 2767, test: 302
[GPU 0] [01:22:10] [INFO] Loader island-adventures train: 2783, test: 312
[GPU 0] [01:22:10] [INFO] Loader living-objects train: 2695, test: 305
[GPU 0] [01:22:10] [INFO] Loader lost-cities train: 2783, test: 324
[GPU 0] [01:22:10] [INFO] Loader lost-civilizations train: 2783, test: 328
[GPU 0] [01:22:10] [INFO] Loader magical-lands train: 2783, test: 310
[GPU 0] [01:22:10] [INFO] Loader magical-objects train: 2761, test: 298
[GPU 0] [01:22:10] [INFO] Loader miniature-worlds train: 2685, test: 296
[GPU 0] [01:22:10] [INFO] Loader mysterious-maps train: 2714, test: 307
[GPU 0] [01:22:10] [INFO] Loader mystical-creatures train: 2783, test: 306
[GPU 0] [01:22:10] [INFO] Loader outer-space train: 2748, test: 310
[GPU 0] [01:22:10] [INFO] Loader pirates train: 2783, test: 314
[GPU 0] [01:22:10] [INFO] Loader riddles train: 2754, test: 306
[GPU 0] [01:22:10] [INFO] Loader robots-and-technology train: 2783, test: 313
[GPU 0] [01:22:10] [INFO] Loader royal-kingdoms train: 2783, test: 323
[GPU 0] [01:22:10] [INFO] Loader school-life train: 2705, test: 306
[GPU 0] [01:22:10] [INFO] Loader seasonal-changes train: 2739, test: 305
[GPU 0] [01:22:10] [INFO] Loader secret-societies train: 2783, test: 310
[GPU 0] [01:22:10] [INFO] Loader shape-shifting train: 2755, test: 310
[GPU 0] [01:22:10] [INFO] Loader sibling-rivalry train: 2783, test: 319
[GPU 0] [01:22:10] [INFO] Loader snowy-adventures train: 2783, test: 313
[GPU 0] [01:22:10] [INFO] Loader space-exploration train: 2765, test: 305
[GPU 0] [01:22:10] [INFO] Loader sports train: 2720, test: 299
[GPU 0] [01:22:10] [INFO] Loader subterranean-worlds train: 2776, test: 297
[GPU 0] [01:22:10] [INFO] Loader superheroes train: 2762, test: 308
[GPU 0] [01:22:10] [INFO] Loader talking-animals train: 2783, test: 303
[GPU 0] [01:22:10] [INFO] Loader the-arts train: 2760, test: 307
[GPU 0] [01:22:10] [INFO] Loader the-sky train: 2742, test: 307
[GPU 0] [01:22:10] [INFO] Loader time-travel train: 2783, test: 303
[GPU 0] [01:22:10] [INFO] Loader treasure-hunts train: 2640, test: 287
[GPU 0] [01:22:10] [INFO] Loader undercover-missions train: 2783, test: 321
[GPU 0] [01:22:10] [INFO] Loader underwater-adventures train: 2716, test: 308
[GPU 0] [01:22:10] [INFO] Loader unusual-vehicles train: 2783, test: 313
[GPU 0] [01:22:10] [INFO] Loader virtual-worlds train: 2771, test: 302
[GPU 0] [01:22:10] [INFO] Loader core train: 121351, test: 13559
[GPU 0] [01:22:10] [INFO] Loader aux train: 11224, test: 1253
[GPU 0] [01:22:10] [INFO] Loader all train: 132575, test: 14812
[GPU 0] [01:22:10] [INFO] Stage [baseline] start: {"name": "baseline", "num_checkpoints": 2, "lr": 0.005, "res_dir": "/Users/jarrett/dev/gram-quant/modular-pretraining/results/stories_phase2/seed_1/20260719012010132266/baseline", "acc_mode": "heterogeneous", "do_eval": true, "do_sample": false, "num_train_evals": 0, "do_elicit": false, "elicit_eval_prc": 0.5, "elicit_num_evals": 100, "retain_targets": null, "label_prc": 1.0}
[GPU 0] [01:22:10] [INFO] BASELINE START
[GPU 0] [01:22:10] [INFO] Initialized BaseTransformer with 26,257,920 total parameters
[GPU 0] [01:22:10] [WARNING] restore_partial_state: no checkpoint found at /Users/jarrett/dev/gram-quant/modular-pretraining/results/stories_phase2/seed_1/20260719012010132266/baseline
[GPU 0] [01:22:10] [INFO] ---- Begin Train | Train Labels: ['a-deadline-or-time-limit', 'alien-encounters', 'bygone-eras', 'core', 'cultural-traditions'] ----
[GPU 0] [01:22:10] [INFO] Batch [a-deadline-or-time-limit] count: 2819
[GPU 0] [01:22:10] [INFO] Batch [alien-encounters] count: 2767
[GPU 0] [01:22:10] [INFO] Batch [bygone-eras] count: 2818
[GPU 0] [01:22:10] [INFO] Batch [core] count: 121345
[GPU 0] [01:22:10] [INFO] Batch [cultural-traditions] count: 2819
[GPU 0] [01:22:10] [INFO] num_total_steps: 16571
[GPU 0] [01:22:10] [INFO] warmup_steps: 1657
[GPU 0] [01:22:10] [INFO] constant_steps: 13257
[GPU 0] [01:22:10] [INFO] decay_steps: 1657
[GPU 0] [01:22:10] [INFO] LR Scheduler: Warmup Start
[GPU 0] [01:22:11] [INFO] Step: 1, LR: 3.03e-06
[GPU 0] [01:22:11] [INFO] Train Loss: CORE: 8.40 A-DEADLINE-OR-TIME-LIMIT: nan ALIEN-ENCOUNTERS: nan BYGONE-ERAS: nan CULTURAL-TRADITIONS: 8.39 
[GPU 0] [01:41:53] [INFO] Step: 1000, LR: 3.02e-03
[GPU 0] [01:41:53] [INFO] Train Loss: CORE: 2.31 A-DEADLINE-OR-TIME-LIMIT: 2.51 ALIEN-ENCOUNTERS: 2.38 BYGONE-ERAS: 2.43 CULTURAL-TRADITIONS: 2.47 
[GPU 0] [01:54:57] [INFO] LR Scheduler: Constant Start
[GPU 0] [02:01:47] [INFO] Step: 2000, LR: 5.00e-03
[GPU 0] [02:01:47] [INFO] Train Loss: CORE: 2.08 A-DEADLINE-OR-TIME-LIMIT: 2.23 ALIEN-ENCOUNTERS: 2.12 BYGONE-ERAS: 2.18 CULTURAL-TRADITIONS: 2.21 
[GPU 0] [02:21:39] [INFO] Step: 3000, LR: 5.00e-03
[GPU 0] [02:21:39] [INFO] Train Loss: CORE: 1.95 A-DEADLINE-OR-TIME-LIMIT: 2.12 ALIEN-ENCOUNTERS: 1.94 BYGONE-ERAS: 2.02 CULTURAL-TRADITIONS: 2.04 
[GPU 0] [02:41:31] [INFO] Step: 4000, LR: 5.00e-03
[GPU 0] [02:41:31] [INFO] Train Loss: CORE: 1.91 A-DEADLINE-OR-TIME-LIMIT: 2.02 ALIEN-ENCOUNTERS: 1.88 BYGONE-ERAS: 1.92 CULTURAL-TRADITIONS: 1.97 
[GPU 0] [03:01:24] [INFO] Step: 5000, LR: 5.00e-03
[GPU 0] [03:01:24] [INFO] Train Loss: CORE: 1.89 A-DEADLINE-OR-TIME-LIMIT: 1.99 ALIEN-ENCOUNTERS: 1.84 BYGONE-ERAS: 1.87 CULTURAL-TRADITIONS: 1.98 
[GPU 0] [03:21:16] [INFO] Step: 6000, LR: 5.00e-03
[GPU 0] [03:21:16] [INFO] Train Loss: CORE: 1.81 A-DEADLINE-OR-TIME-LIMIT: 1.95 ALIEN-ENCOUNTERS: 1.81 BYGONE-ERAS: 1.87 CULTURAL-TRADITIONS: 1.90 
[GPU 0] [03:41:08] [INFO] Step: 7000, LR: 5.00e-03
[GPU 0] [03:41:08] [INFO] Train Loss: CORE: 1.76 A-DEADLINE-OR-TIME-LIMIT: 1.90 ALIEN-ENCOUNTERS: 1.81 BYGONE-ERAS: 1.85 CULTURAL-TRADITIONS: 1.89 
[GPU 0] [04:01:01] [INFO] Step: 8000, LR: 5.00e-03
[GPU 0] [04:01:01] [INFO] Train Loss: CORE: 1.80 A-DEADLINE-OR-TIME-LIMIT: 1.93 ALIEN-ENCOUNTERS: 1.77 BYGONE-ERAS: 1.81 CULTURAL-TRADITIONS: 1.85 
[GPU 0] [04:20:54] [INFO] Step: 9000, LR: 5.00e-03
[GPU 0] [04:20:54] [INFO] Train Loss: CORE: 1.73 A-DEADLINE-OR-TIME-LIMIT: 1.91 ALIEN-ENCOUNTERS: 1.74 BYGONE-ERAS: 1.81 CULTURAL-TRADITIONS: 1.84 
[GPU 0] [04:40:46] [INFO] Step: 10000, LR: 5.00e-03
[GPU 0] [04:40:46] [INFO] Train Loss: CORE: 1.75 A-DEADLINE-OR-TIME-LIMIT: 1.87 ALIEN-ENCOUNTERS: 1.73 BYGONE-ERAS: 1.77 CULTURAL-TRADITIONS: 1.84 
[GPU 0] [05:00:40] [INFO] Step: 11000, LR: 5.00e-03
[GPU 0] [05:00:40] [INFO] Train Loss: CORE: 1.75 A-DEADLINE-OR-TIME-LIMIT: 1.85 ALIEN-ENCOUNTERS: 1.69 BYGONE-ERAS: 1.79 CULTURAL-TRADITIONS: 1.80 
[GPU 0] [05:20:32] [INFO] Step: 12000, LR: 5.00e-03
[GPU 0] [05:20:32] [INFO] Train Loss: CORE: 1.73 A-DEADLINE-OR-TIME-LIMIT: 1.86 ALIEN-ENCOUNTERS: 1.72 BYGONE-ERAS: 1.79 CULTURAL-TRADITIONS: 1.79 
[GPU 0] [05:40:24] [INFO] Step: 13000, LR: 5.00e-03
[GPU 0] [05:40:24] [INFO] Train Loss: CORE: 1.72 A-DEADLINE-OR-TIME-LIMIT: 1.83 ALIEN-ENCOUNTERS: 1.75 BYGONE-ERAS: 1.79 CULTURAL-TRADITIONS: 1.77 
[GPU 0] [06:00:18] [INFO] Step: 14000, LR: 5.00e-03
[GPU 0] [06:00:18] [INFO] Train Loss: CORE: 1.76 A-DEADLINE-OR-TIME-LIMIT: 1.84 ALIEN-ENCOUNTERS: 1.70 BYGONE-ERAS: 1.75 CULTURAL-TRADITIONS: 1.82 
[GPU 0] [06:18:29] [INFO] LR Scheduler: Decay Start
[GPU 0] [06:20:12] [INFO] Step: 15000, LR: 4.74e-03
[GPU 0] [06:20:12] [INFO] Train Loss: CORE: 1.72 A-DEADLINE-OR-TIME-LIMIT: 1.80 ALIEN-ENCOUNTERS: 1.72 BYGONE-ERAS: 1.76 CULTURAL-TRADITIONS: 1.81 
[GPU 0] [06:40:06] [INFO] Step: 16000, LR: 1.72e-03
[GPU 0] [06:40:06] [INFO] Train Loss: CORE: 1.68 A-DEADLINE-OR-TIME-LIMIT: 1.76 ALIEN-ENCOUNTERS: 1.62 BYGONE-ERAS: 1.65 CULTURAL-TRADITIONS: 1.73 
[GPU 0] [06:51:27] [INFO] Step: 16571, LR: 1.00e-08
[GPU 0] [06:51:27] [INFO] Train Loss: CORE: 1.64 A-DEADLINE-OR-TIME-LIMIT: 1.75 ALIEN-ENCOUNTERS: 1.60 BYGONE-ERAS: 1.64 CULTURAL-TRADITIONS: 1.71 
[GPU 0] [06:51:27] [INFO] ---- Begin Eval ----
[GPU 0] [06:51:27] [INFO] Data: core | Experts: None
[GPU 0] [06:59:47] [INFO] loss: 1.63167393
[GPU 0] [06:59:47] [INFO] Data: a-deadline-or-time-limit | Experts: None
[GPU 0] [06:59:59] [INFO] loss: 1.71857691
[GPU 0] [06:59:59] [INFO] Data: alien-encounters | Experts: None
[GPU 0] [07:00:10] [INFO] loss: 1.60794282
[GPU 0] [07:00:10] [INFO] Data: bygone-eras | Experts: None
[GPU 0] [07:00:22] [INFO] loss: 1.65203333
[GPU 0] [07:00:22] [INFO] Data: cultural-traditions | Experts: None
[GPU 0] [07:00:33] [INFO] loss: 1.68839550
[GPU 0] [07:00:33] [INFO] ----------------------------------------
[GPU 0] [07:00:33] [INFO] Finished. See /Users/jarrett/dev/gram-quant/modular-pretraining/results/stories_phase2/seed_1/20260719012010132266
