[GPU 0] [19:53:07] [INFO] Git branch: AGI-1696-New-Dataset-Runs_ethan, commit: dd5294e282007801f9a473adb80ef8b8ac122461
[GPU 0] [19:53:07] [INFO] Number of GPUs: 8
[GPU 0] [19:53:08] [INFO] Tokenizer vocabulary: 50257
[GPU 0] [19:53:08] [INFO] Set model vocab size to nearest multiple of 64 of tokenizer size: 50304
[GPU 0] [19:53:20] [INFO] target effective batch size: 641, actual effective batch size: 672, micro batch size: 12, accumulation steps: 7, num gpus: 8
[GPU 0] [19:53:20] [INFO] core total number of tokens: 66749057569
[GPU 0] [19:53:20] [INFO] Baseline model has 806,509,504 parameters
[GPU 0] [19:53:20] [INFO] core: chinchilla optimal tokens: 16,130,190,080, requested proportion: 1.0000, requested number of tokens: 16,130,190,080.0, 
[GPU 0] [19:53:20] [INFO] aux total number of tokens: 4835776549
[GPU 0] [19:53:20] [INFO] Baseline model has 806,509,504 parameters
[GPU 0] [19:53:20] [INFO] aux: chinchilla optimal tokens: 16,130,190,080, requested proportion: 0.0100, requested number of tokens: 161,301,900.8, 
[GPU 0] [19:53:20] [DEBUG] Saved config to /workspace-vast/ethanr/gradient-routing/experiments/AGI-1699-New-Dataset-Runs/results/scaling/realistic/filtering/800M/seed_3/20260515195304413409/config.json
[GPU 0] [19:53:20] [DEBUG] {
    "stages": [
        {
            "name": "filtering",
            "num_checkpoints": -1,
            "lr": 0.0005663534909876918,
            "res_dir": "/workspace-vast/ethanr/gradient-routing/experiments/AGI-1699-New-Dataset-Runs/results/scaling/realistic/filtering/800M/seed_3/20260515195304413409/filtering",
            "acc_mode": "uniform",
            "do_eval": true,
            "do_sample": false,
            "num_train_evals": 0,
            "do_elicit": true,
            "elicit_eval_prc": 0.5,
            "elicit_num_evals": 100,
            "retain_targets": [
                [
                    "core"
                ]
            ],
            "label_prc": 1.0
        }
    ],
    "model": {
        "arch": "base",
        "tokenizer": "GPT2Tokenizer(name_or_path='EleutherAI/gpt-neo-125M', vocab_size=50257, model_max_length=2048, padding_side='right', truncation_side='right', special_tokens={'bos_token': '<|endoftext|>', 'eos_token': '<|endoftext|>', 'unk_token': '<|endoftext|>'}, added_tokens_decoder={\n\t50256: AddedToken(\"<|endoftext|>\", rstrip=False, lstrip=False, single_word=False, normalized=True, special=True),\n}\n)",
        "ctx_len": 1024,
        "vocab_size": 50304,
        "num_layers": 24,
        "num_heads": 8,
        "num_key_value": 2,
        "attn_bias": true,
        "eos_token_id": 50256,
        "embed_dim": 1600,
        "mlp_dim": 6400
    },
    "data": {
        "dirs": [
            "/workspace-vast/ethanr/gradient-routing/experiments/AGI-1699-New-Dataset-Runs/src/data/fineweb",
            "/workspace-vast/ethanr/gradient-routing/experiments/AGI-1699-New-Dataset-Runs/src/data/code",
            "/workspace-vast/ethanr/gradient-routing/experiments/AGI-1699-New-Dataset-Runs/src/data/papers"
        ],
        "core": {
            "labels": [
                "fineweb",
                "code-other",
                "papers-other"
            ],
            "method": "optimal",
            "limit": 1.0,
            "dist": {
                "fineweb": 0.84,
                "code-other": 0.15,
                "papers-other": 0.01
            },
            "num_tok": 16130190080.0
        },
        "aux": {
            "labels": [
                "code-lisp",
                "papers-biology",
                "papers-nuclear",
                "papers-cyber"
            ],
            "method": "optimal",
            "limit": 0.01,
            "dist": {
                "code-lisp": 0.25,
                "papers-biology": 0.25,
                "papers-nuclear": 0.25,
                "papers-cyber": 0.25
            },
            "num_tok": 161301900.8
        }
    },
    "run": {
        "target_effective_batch_size": 641,
        "effective_batch_size": 672,
        "micro_batch_size": 12,
        "accumulation_steps": 7,
        "max_num_test_sequences": 10000,
        "eval_all_labels": false,
        "micro_batch_anchors": [
            [
                400000000.0,
                23
            ],
            [
                5000000000.0,
                2
            ]
        ],
        "epochs": 1,
        "adam_betas": [
            0.9,
            0.95
        ],
        "warmup_prc": 0.02,
        "decay_prc": 0.1,
        "seed": 3,
        "compile": true,
        "is_ddp": true,
        "cleanup_distributed": false,
        "log_level": "DEBUG",
        "num_gpus": 8,
        "process_id": 0,
        "num_base_params": 806509504,
        "device": "cuda",
        "logger": "<Logger training_20260515195304413409 (DEBUG)>",
        "labels": [
            "core",
            "code-lisp",
            "papers-biology",
            "papers-cyber",
            "papers-nuclear"
        ],
        "loaders": {
            "code-lisp": {
                "train": "SingleDataLoader(code-lisp_train_001.bin, len=410)",
                "test": "InterleavedDataLoader(len=105)"
            },
            "code-other": {
                "train": "InterleavedDataLoader(len=24612)",
                "test": "InterleavedDataLoader(len=105)"
            },
            "fineweb": {
                "train": "InterleavedDataLoader(len=137831)",
                "test": "InterleavedDataLoader(len=105)"
            },
            "papers-biology": {
                "train": "SingleDataLoader(papers-biology_train.bin, len=410)",
                "test": "SingleDataLoader(papers-biology_test.bin, len=105)"
            },
            "papers-cyber": {
                "train": "SingleDataLoader(papers-cyber_train.bin, len=410)",
                "test": "SingleDataLoader(papers-cyber_test.bin, len=105)"
            },
            "papers-nuclear": {
                "train": "SingleDataLoader(papers-nuclear_train.bin, len=410)",
                "test": "SingleDataLoader(papers-nuclear_test.bin, len=105)"
            },
            "papers-other": {
                "train": "SingleDataLoader(papers-other_train.bin, len=1640)",
                "test": "SingleDataLoader(papers-other_test.bin, len=105)"
            },
            "core": {
                "train": "InterleavedDataLoader(len=164083)",
                "test": "InterleavedDataLoader(len=315)"
            },
            "aux": {
                "train": "InterleavedDataLoader(len=1640)",
                "test": "InterleavedDataLoader(len=420)"
            },
            "all": {
                "train": "InterleavedDataLoader(len=165723)",
                "test": "InterleavedDataLoader(len=735)"
            }
        },
        "res_root": "/workspace-vast/ethanr/gradient-routing/experiments/AGI-1699-New-Dataset-Runs/results/scaling/realistic/filtering/800M/seed_3",
        "experiment_id": "20260515195304413409",
        "s3_bucket": "ae-gradient-routing-results",
        "s3_prefix": "scaling/realistic/filtering/800M/seed_3"
    },
    "label_prc": 1.0
}
[GPU 0] [19:53:20] [INFO] Loader code-lisp train: 410, test: 105
[GPU 0] [19:53:20] [INFO] Loader code-other train: 24612, test: 105
[GPU 0] [19:53:20] [INFO] Loader fineweb train: 137831, test: 105
[GPU 0] [19:53:20] [INFO] Loader papers-biology train: 410, test: 105
[GPU 0] [19:53:20] [INFO] Loader papers-cyber train: 410, test: 105
[GPU 0] [19:53:20] [INFO] Loader papers-nuclear train: 410, test: 105
[GPU 0] [19:53:20] [INFO] Loader papers-other train: 1640, test: 105
[GPU 0] [19:53:20] [INFO] Loader core train: 164083, test: 315
[GPU 0] [19:53:20] [INFO] Loader aux train: 1640, test: 420
[GPU 0] [19:53:20] [INFO] Loader all train: 165723, test: 735
[GPU 0] [19:53:20] [INFO] Stage [filtering] start: {"name": "filtering", "num_checkpoints": -1, "lr": 0.0005663534909876918, "res_dir": "/workspace-vast/ethanr/gradient-routing/experiments/AGI-1699-New-Dataset-Runs/results/scaling/realistic/filtering/800M/seed_3/20260515195304413409/filtering", "acc_mode": "uniform", "do_eval": true, "do_sample": false, "num_train_evals": 0, "do_elicit": true, "elicit_eval_prc": 0.5, "elicit_num_evals": 100, "retain_targets": [["core"]], "label_prc": 1.0}
[GPU 0] [19:53:20] [INFO] FILTERING START
[GPU 0] [19:53:20] [INFO] Using stage-level retain_targets override (1 targets)
[GPU 0] [19:53:20] [INFO] Filtering: retaining ['core'], removing ['code-lisp', 'papers-biology', 'papers-cyber', 'papers-nuclear']
[GPU 0] [19:53:37] [INFO] Initialized BaseTransformer with 806,509,504 total parameters
[GPU 0] [19:53:37] [INFO] Compiling BaseTransformer with torch.compile...
[GPU 0] [19:53:37] [INFO] torch.compile done
[GPU 0] [19:53:40] [WARNING] restore_partial_state: no checkpoint found at /workspace-vast/ethanr/gradient-routing/experiments/AGI-1699-New-Dataset-Runs/results/scaling/realistic/filtering/800M/seed_3/20260515195304413409/filtering/core
[GPU 0] [19:53:40] [INFO] ---- Begin Train | Train Labels: ['core'] ----
[GPU 0] [19:53:40] [DEBUG] acc_mode: uniform, label_prc: 1.0
[GPU 0] [19:53:40] [INFO] Batch [core] count: 164080
[GPU 0] [19:53:40] [INFO] warmup_steps: 469
[GPU 0] [19:53:40] [INFO] constant_steps: 20627
[GPU 0] [19:53:40] [INFO] decay_steps: 2344
[GPU 0] [19:53:40] [INFO] LR Scheduler: Warmup Start
[GPU 0] [19:54:18] [INFO] Step: 1, LR: 1.22e-06
[GPU 0] [19:54:18] [INFO] Train Loss: CORE: 11.11 CODE-LISP: nan PAPERS-BIOLOGY: nan PAPERS-CYBER: nan PAPERS-NUCLEAR: nan 
[GPU 0] [20:09:01] [INFO] LR Scheduler: Constant Start
[GPU 0] [20:25:39] [INFO] Step: 1000, LR: 5.66e-04
[GPU 0] [20:25:39] [INFO] Train Loss: CORE: 3.28 CODE-LISP: nan PAPERS-BIOLOGY: nan PAPERS-CYBER: nan PAPERS-NUCLEAR: nan 
[GPU 0] [20:56:54] [INFO] Step: 2000, LR: 5.66e-04
[GPU 0] [20:56:54] [INFO] Train Loss: CORE: 2.55 CODE-LISP: nan PAPERS-BIOLOGY: nan PAPERS-CYBER: nan PAPERS-NUCLEAR: nan 
[GPU 0] [21:28:08] [INFO] Step: 3000, LR: 5.66e-04
[GPU 0] [21:28:08] [INFO] Train Loss: CORE: 2.78 CODE-LISP: nan PAPERS-BIOLOGY: nan PAPERS-CYBER: nan PAPERS-NUCLEAR: nan 
[GPU 0] [21:59:21] [INFO] Step: 4000, LR: 5.66e-04
[GPU 0] [21:59:21] [INFO] Train Loss: CORE: 3.07 CODE-LISP: nan PAPERS-BIOLOGY: nan PAPERS-CYBER: nan PAPERS-NUCLEAR: nan 
[GPU 0] [22:30:38] [INFO] Step: 5000, LR: 5.66e-04
[GPU 0] [22:30:38] [INFO] Train Loss: CORE: 2.94 CODE-LISP: nan PAPERS-BIOLOGY: nan PAPERS-CYBER: nan PAPERS-NUCLEAR: nan 
[GPU 0] [23:01:52] [INFO] Step: 6000, LR: 5.66e-04
[GPU 0] [23:01:52] [INFO] Train Loss: CORE: 2.26 CODE-LISP: nan PAPERS-BIOLOGY: nan PAPERS-CYBER: nan PAPERS-NUCLEAR: nan 
[GPU 0] [23:33:06] [INFO] Step: 7000, LR: 5.66e-04
[GPU 0] [23:33:06] [INFO] Train Loss: CORE: 2.50 CODE-LISP: nan PAPERS-BIOLOGY: nan PAPERS-CYBER: nan PAPERS-NUCLEAR: nan 
[GPU 0] [00:04:23] [INFO] Step: 8000, LR: 5.66e-04
[GPU 0] [00:04:23] [INFO] Train Loss: CORE: 2.43 CODE-LISP: nan PAPERS-BIOLOGY: nan PAPERS-CYBER: nan PAPERS-NUCLEAR: nan 
[GPU 0] [00:35:37] [INFO] Step: 9000, LR: 5.66e-04
[GPU 0] [00:35:37] [INFO] Train Loss: CORE: 2.70 CODE-LISP: nan PAPERS-BIOLOGY: nan PAPERS-CYBER: nan PAPERS-NUCLEAR: nan 
[GPU 0] [01:06:51] [INFO] Step: 10000, LR: 5.66e-04
[GPU 0] [01:06:51] [INFO] Train Loss: CORE: 2.16 CODE-LISP: nan PAPERS-BIOLOGY: nan PAPERS-CYBER: nan PAPERS-NUCLEAR: nan 
[GPU 0] [01:38:07] [INFO] Step: 11000, LR: 5.66e-04
[GPU 0] [01:38:07] [INFO] Train Loss: CORE: 2.86 CODE-LISP: nan PAPERS-BIOLOGY: nan PAPERS-CYBER: nan PAPERS-NUCLEAR: nan 
[GPU 0] [02:09:21] [INFO] Step: 12000, LR: 5.66e-04
[GPU 0] [02:09:21] [INFO] Train Loss: CORE: 2.58 CODE-LISP: nan PAPERS-BIOLOGY: nan PAPERS-CYBER: nan PAPERS-NUCLEAR: nan 
[GPU 0] [02:40:40] [INFO] Step: 13000, LR: 5.66e-04
[GPU 0] [02:40:40] [INFO] Train Loss: CORE: 2.83 CODE-LISP: nan PAPERS-BIOLOGY: nan PAPERS-CYBER: nan PAPERS-NUCLEAR: nan 
[GPU 0] [03:11:54] [INFO] Step: 14000, LR: 5.66e-04
[GPU 0] [03:11:54] [INFO] Train Loss: CORE: 2.60 CODE-LISP: nan PAPERS-BIOLOGY: nan PAPERS-CYBER: nan PAPERS-NUCLEAR: nan 
[GPU 0] [03:43:08] [INFO] Step: 15000, LR: 5.66e-04
[GPU 0] [03:43:08] [INFO] Train Loss: CORE: 2.38 CODE-LISP: nan PAPERS-BIOLOGY: nan PAPERS-CYBER: nan PAPERS-NUCLEAR: nan 
[GPU 0] [04:14:26] [INFO] Step: 16000, LR: 5.66e-04
[GPU 0] [04:14:26] [INFO] Train Loss: CORE: 2.33 CODE-LISP: nan PAPERS-BIOLOGY: nan PAPERS-CYBER: nan PAPERS-NUCLEAR: nan 
[GPU 0] [04:45:40] [INFO] Step: 17000, LR: 5.66e-04
[GPU 0] [04:45:40] [INFO] Train Loss: CORE: 2.58 CODE-LISP: nan PAPERS-BIOLOGY: nan PAPERS-CYBER: nan PAPERS-NUCLEAR: nan 
[GPU 0] [05:16:57] [INFO] Step: 18000, LR: 5.66e-04
[GPU 0] [05:16:57] [INFO] Train Loss: CORE: 2.36 CODE-LISP: nan PAPERS-BIOLOGY: nan PAPERS-CYBER: nan PAPERS-NUCLEAR: nan 
[GPU 0] [05:48:10] [INFO] Step: 19000, LR: 5.66e-04
[GPU 0] [05:48:10] [INFO] Train Loss: CORE: 2.60 CODE-LISP: nan PAPERS-BIOLOGY: nan PAPERS-CYBER: nan PAPERS-NUCLEAR: nan 
[GPU 0] [06:19:23] [INFO] Step: 20000, LR: 5.66e-04
[GPU 0] [06:19:23] [INFO] Train Loss: CORE: 2.10 CODE-LISP: nan PAPERS-BIOLOGY: nan PAPERS-CYBER: nan PAPERS-NUCLEAR: nan 
[GPU 0] [06:50:39] [INFO] Step: 21000, LR: 5.66e-04
[GPU 0] [06:50:39] [INFO] Train Loss: CORE: 1.65 CODE-LISP: nan PAPERS-BIOLOGY: nan PAPERS-CYBER: nan PAPERS-NUCLEAR: nan 
[GPU 0] [06:53:39] [INFO] LR Scheduler: Decay Start
[GPU 0] [07:21:52] [INFO] Step: 22000, LR: 3.48e-04
[GPU 0] [07:21:52] [INFO] Train Loss: CORE: 2.44 CODE-LISP: nan PAPERS-BIOLOGY: nan PAPERS-CYBER: nan PAPERS-NUCLEAR: nan 
[GPU 0] [07:53:09] [INFO] Step: 23000, LR: 1.06e-04
[GPU 0] [07:53:09] [INFO] Train Loss: CORE: 2.68 CODE-LISP: nan PAPERS-BIOLOGY: nan PAPERS-CYBER: nan PAPERS-NUCLEAR: nan 
[GPU 0] [08:06:51] [INFO] Step: 23440, LR: 1.00e-08
[GPU 0] [08:06:51] [INFO] Train Loss: CORE: 2.45 CODE-LISP: nan PAPERS-BIOLOGY: nan PAPERS-CYBER: nan PAPERS-NUCLEAR: nan 
[GPU 0] [08:07:20] [INFO] ---- Begin Eval ----
[GPU 0] [08:07:20] [INFO] Data: core | Experts: None
[GPU 0] [08:08:25] [INFO] loss: 1.87871873
[GPU 0] [08:08:25] [INFO] Data: code-lisp | Experts: None
[GPU 0] [08:08:31] [INFO] loss: 1.42036819
[GPU 0] [08:08:31] [INFO] Data: papers-biology | Experts: None
[GPU 0] [08:08:38] [INFO] loss: 2.46755958
[GPU 0] [08:08:38] [INFO] Data: papers-nuclear | Experts: None
[GPU 0] [08:08:44] [INFO] loss: 2.84268999
[GPU 0] [08:08:44] [INFO] Data: papers-cyber | Experts: None
[GPU 0] [08:08:50] [INFO] loss: 2.70587778
[GPU 0] [08:09:16] [INFO] Initialized BaseTransformer with 806,509,504 total parameters
[GPU 0] [08:09:16] [INFO] Compiling BaseTransformer with torch.compile...
[GPU 0] [08:09:16] [INFO] torch.compile done
[GPU 0] [08:09:19] [INFO] FILTERING - ADVERSARIAL FT START
[GPU 0] [08:09:31] [INFO] ---- Begin FT | Experts: None | Data: ['code-lisp'] ----
[GPU 0] [08:09:31] [DEBUG] num_seq: 512, num_rounds: 200, patience: 10
[GPU 0] [08:09:31] [DEBUG] local_x: torch.Size([64, 1024]), local_y: torch.Size([64, 1024]), num_steps: 6, per_gpu: 64, mbs_size: 12
[GPU 0] [08:10:15] [INFO] New best validation loss: 1.5187 @ step 0
[GPU 0] [08:10:29] [INFO] New best validation loss: 1.3750 @ step 1
[GPU 0] [08:10:44] [INFO] New best validation loss: 1.2989 @ step 2
[GPU 0] [08:11:00] [INFO] New best validation loss: 1.2470 @ step 3
[GPU 0] [08:11:16] [INFO] New best validation loss: 1.2136 @ step 4
[GPU 0] [08:11:34] [INFO] New best validation loss: 1.1922 @ step 5
[GPU 0] [08:11:51] [INFO] New best validation loss: 1.1750 @ step 6
[GPU 0] [08:12:08] [INFO] New best validation loss: 1.1604 @ step 7
[GPU 0] [08:12:25] [INFO] New best validation loss: 1.1466 @ step 8
[GPU 0] [08:12:42] [INFO] New best validation loss: 1.1330 @ step 9
[GPU 0] [08:12:58] [INFO] New best validation loss: 1.1199 @ step 10
[GPU 0] [08:13:12] [INFO] New best validation loss: 1.1072 @ step 11
[GPU 0] [08:13:29] [INFO] New best validation loss: 1.0950 @ step 12
[GPU 0] [08:13:44] [INFO] New best validation loss: 1.0844 @ step 13
[GPU 0] [08:14:02] [INFO] New best validation loss: 1.0751 @ step 14
[GPU 0] [08:14:18] [INFO] New best validation loss: 1.0672 @ step 15
[GPU 0] [08:14:35] [INFO] New best validation loss: 1.0605 @ step 16
[GPU 0] [08:14:52] [INFO] New best validation loss: 1.0543 @ step 17
[GPU 0] [08:15:10] [INFO] New best validation loss: 1.0478 @ step 18
[GPU 0] [08:15:30] [INFO] New best validation loss: 1.0426 @ step 19
[GPU 0] [08:15:46] [INFO] New best validation loss: 1.0389 @ step 20
[GPU 0] [08:16:03] [INFO] New best validation loss: 1.0363 @ step 21
[GPU 0] [08:16:20] [INFO] New best validation loss: 1.0349 @ step 22
[GPU 0] [08:16:37] [INFO] New best validation loss: 1.0335 @ step 23
[GPU 0] [08:16:52] [INFO] New best validation loss: 1.0321 @ step 24
[GPU 0] [08:17:07] [INFO] New best validation loss: 1.0312 @ step 25
[GPU 0] [08:20:14] [INFO] Stop FT @ 37: no val improvement for 10 steps
[GPU 0] [08:20:14] [INFO] Wrote stats.jsonl entries at FT step 25 
[GPU 0] [08:20:30] [INFO] ---- Begin FT | Experts: None | Data: ['papers-biology'] ----
[GPU 0] [08:20:30] [DEBUG] num_seq: 512, num_rounds: 200, patience: 10
[GPU 0] [08:20:30] [DEBUG] local_x: torch.Size([64, 1024]), local_y: torch.Size([64, 1024]), num_steps: 6, per_gpu: 64, mbs_size: 12
[GPU 0] [08:20:44] [INFO] New best validation loss: 2.5958 @ step 0
[GPU 0] [08:20:58] [INFO] New best validation loss: 2.4786 @ step 1
[GPU 0] [08:21:12] [INFO] New best validation loss: 2.4758 @ step 2
[GPU 0] [08:24:12] [INFO] Stop FT @ 14: no val improvement for 10 steps
[GPU 0] [08:24:12] [INFO] Wrote stats.jsonl entries at FT step 2 
[GPU 0] [08:24:28] [INFO] ---- Begin FT | Experts: None | Data: ['papers-cyber'] ----
[GPU 0] [08:24:28] [DEBUG] num_seq: 512, num_rounds: 200, patience: 10
[GPU 0] [08:24:28] [DEBUG] local_x: torch.Size([64, 1024]), local_y: torch.Size([64, 1024]), num_steps: 6, per_gpu: 64, mbs_size: 12
[GPU 0] [08:24:42] [INFO] New best validation loss: 2.8204 @ step 0
[GPU 0] [08:24:56] [INFO] New best validation loss: 2.7247 @ step 1
[GPU 0] [08:27:56] [INFO] Stop FT @ 13: no val improvement for 10 steps
[GPU 0] [08:27:56] [INFO] Wrote stats.jsonl entries at FT step 1 
[GPU 0] [08:28:12] [INFO] ---- Begin FT | Experts: None | Data: ['papers-nuclear'] ----
[GPU 0] [08:28:12] [DEBUG] num_seq: 512, num_rounds: 200, patience: 10
[GPU 0] [08:28:12] [DEBUG] local_x: torch.Size([64, 1024]), local_y: torch.Size([64, 1024]), num_steps: 6, per_gpu: 64, mbs_size: 12
[GPU 0] [08:28:26] [INFO] New best validation loss: 3.0347 @ step 0
[GPU 0] [08:28:40] [INFO] New best validation loss: 2.8629 @ step 1
[GPU 0] [08:28:54] [INFO] New best validation loss: 2.8362 @ step 2
[GPU 0] [08:31:57] [INFO] Stop FT @ 14: no val improvement for 10 steps
[GPU 0] [08:31:57] [INFO] Wrote stats.jsonl entries at FT step 2 
[GPU 0] [08:31:59] [INFO] ----------------------------------------
[GPU 0] [08:31:59] [INFO] Finished. See /workspace-vast/ethanr/gradient-routing/experiments/AGI-1699-New-Dataset-Runs/results/scaling/realistic/filtering/800M/seed_3/20260515195304413409
