[GPU 0] [01:51:52] [INFO] Number of GPUs: 8
[GPU 0] [01:51:55] [INFO] Tokenizer vocabulary: 50257
[GPU 0] [01:51:55] [INFO] Set model vocab size to nearest multiple of 64 of tokenizer size: 50304
[GPU 0] [01:51:57] [INFO] target effective batch size: 128, actual effective batch size: 128, micro batch size: 16, accumulation steps: 1, num gpus: 8
[GPU 0] [01:51:57] [INFO] core total number of tokens: 66749057569
[GPU 0] [01:51:57] [INFO] Baseline model has 199,891,008 parameters
[GPU 0] [01:51:57] [INFO] core: chinchilla optimal tokens: 3,997,820,160, requested proportion: 1.0000, requested number of tokens: 3,997,820,160.0, 
[GPU 0] [01:51:57] [INFO] aux total number of tokens: 4835776549
[GPU 0] [01:51:57] [INFO] Baseline model has 199,891,008 parameters
[GPU 0] [01:51:57] [INFO] aux: chinchilla optimal tokens: 3,997,820,160, requested proportion: 0.0100, requested number of tokens: 39,978,201.6, 
[GPU 0] [01:51:57] [DEBUG] Saved config to /workspace/gradient-routing/experiments/AGI-1699-New-Dataset-Runs/results/optimize/base/realistic/200M/seed_1/20260421015143751711/config.json
[GPU 0] [01:51:57] [DEBUG] {
    "stages": [
        {
            "name": "baseline",
            "num_checkpoints": -1,
            "lr": 0.0002,
            "res_dir": "/workspace/gradient-routing/experiments/AGI-1699-New-Dataset-Runs/results/optimize/base/realistic/200M/seed_1/20260421015143751711/baseline",
            "do_eval": true,
            "do_sample": false,
            "num_train_evals": 0,
            "do_elicit": false,
            "elicit_eval_prc": 0.5,
            "elicit_num_evals": 100
        }
    ],
    "model": {
        "arch": "base",
        "tokenizer": "GPT2Tokenizer(name_or_path='EleutherAI/gpt-neo-125M', vocab_size=50257, model_max_length=2048, padding_side='right', truncation_side='right', special_tokens={'bos_token': '<|endoftext|>', 'eos_token': '<|endoftext|>', 'unk_token': '<|endoftext|>'}, added_tokens_decoder={\n\t50256: AddedToken(\"<|endoftext|>\", rstrip=False, lstrip=False, single_word=False, normalized=True, special=True),\n}\n)",
        "ctx_len": 1024,
        "vocab_size": 50304,
        "num_layers": 13,
        "num_heads": 8,
        "num_key_value": 2,
        "attn_bias": true,
        "eos_token_id": 50256,
        "embed_dim": 896,
        "mlp_dim": 3584
    },
    "data": {
        "dirs": [
            "/workspace/gradient-routing/experiments/AGI-1699-New-Dataset-Runs/src/data/fineweb",
            "/workspace/gradient-routing/experiments/AGI-1699-New-Dataset-Runs/src/data/code",
            "/workspace/gradient-routing/experiments/AGI-1699-New-Dataset-Runs/src/data/papers"
        ],
        "core": {
            "labels": [
                "fineweb",
                "code-other",
                "papers-other"
            ],
            "method": "optimal",
            "limit": 1.0,
            "dist": {
                "fineweb": 0.84,
                "code-other": 0.15,
                "papers-other": 0.01
            },
            "num_tok": 3997820160.0
        },
        "aux": {
            "labels": [
                "code-lisp",
                "papers-biology",
                "papers-nuclear",
                "papers-cyber"
            ],
            "method": "optimal",
            "limit": 0.01,
            "dist": {
                "code-lisp": 0.25,
                "papers-biology": 0.25,
                "papers-nuclear": 0.25,
                "papers-cyber": 0.25
            },
            "num_tok": 39978201.6
        }
    },
    "run": {
        "target_effective_batch_size": 128,
        "effective_batch_size": 128,
        "micro_batch_size": 16,
        "accumulation_steps": 1,
        "max_num_test_sequences": 10000,
        "eval_all_labels": false,
        "micro_batch_anchors": [
            [
                400000000.0,
                23
            ],
            [
                5000000000.0,
                2
            ]
        ],
        "epochs": 1,
        "adam_betas": [
            0.9,
            0.95
        ],
        "warmup_prc": 0.02,
        "decay_prc": 0.1,
        "seed": 1,
        "compile": true,
        "is_ddp": true,
        "optimize_routed": true,
        "cleanup_distributed": false,
        "log_level": "DEBUG",
        "num_gpus": 8,
        "process_id": 0,
        "num_base_params": 199891008,
        "device": "cuda",
        "logger": "<Logger training_20260421015143751711 (DEBUG)>",
        "labels": [
            "core",
            "code-lisp",
            "papers-biology",
            "papers-cyber",
            "papers-nuclear"
        ],
        "loaders": {
            "code-lisp": {
                "train": "SingleDataLoader(code-lisp_train_001.bin, len=76)",
                "test": "InterleavedDataLoader(len=76)"
            },
            "code-other": {
                "train": "SingleDataLoader(code-other_train_010.bin, len=4575)",
                "test": "SingleDataLoader(code-other_test_010.bin, len=79)"
            },
            "fineweb": {
                "train": "InterleavedDataLoader(len=25620)",
                "test": "InterleavedDataLoader(len=79)"
            },
            "papers-biology": {
                "train": "SingleDataLoader(papers-biology_train.bin, len=76)",
                "test": "SingleDataLoader(papers-biology_test.bin, len=76)"
            },
            "papers-cyber": {
                "train": "SingleDataLoader(papers-cyber_train.bin, len=76)",
                "test": "SingleDataLoader(papers-cyber_test.bin, len=76)"
            },
            "papers-nuclear": {
                "train": "SingleDataLoader(papers-nuclear_train.bin, len=76)",
                "test": "SingleDataLoader(papers-nuclear_test.bin, len=76)"
            },
            "papers-other": {
                "train": "SingleDataLoader(papers-other_train.bin, len=305)",
                "test": "SingleDataLoader(papers-other_test.bin, len=79)"
            },
            "core": {
                "train": "InterleavedDataLoader(len=30500)",
                "test": "InterleavedDataLoader(len=237)"
            },
            "aux": {
                "train": "InterleavedDataLoader(len=304)",
                "test": "InterleavedDataLoader(len=304)"
            },
            "all": {
                "train": "InterleavedDataLoader(len=30804)",
                "test": "InterleavedDataLoader(len=541)"
            }
        },
        "res_root": "/workspace/gradient-routing/experiments/AGI-1699-New-Dataset-Runs/results/optimize/base/realistic/200M/seed_1",
        "experiment_id": "20260421015143751711",
        "s3_bucket": "ae-gradient-routing-results",
        "s3_prefix": "optimize/base/realistic/200M/seed_1"
    }
}
[GPU 0] [01:51:57] [INFO] Loader code-lisp train: 76, test: 76
[GPU 0] [01:51:57] [INFO] Loader code-other train: 4575, test: 79
[GPU 0] [01:51:57] [INFO] Loader fineweb train: 25620, test: 79
[GPU 0] [01:51:57] [INFO] Loader papers-biology train: 76, test: 76
[GPU 0] [01:51:57] [INFO] Loader papers-cyber train: 76, test: 76
[GPU 0] [01:51:57] [INFO] Loader papers-nuclear train: 76, test: 76
[GPU 0] [01:51:57] [INFO] Loader papers-other train: 305, test: 79
[GPU 0] [01:51:57] [INFO] Loader core train: 30500, test: 237
[GPU 0] [01:51:57] [INFO] Loader aux train: 304, test: 304
[GPU 0] [01:51:57] [INFO] Loader all train: 30804, test: 541
[GPU 0] [01:51:57] [INFO] Stage [baseline] start: {"name": "baseline", "num_checkpoints": -1, "lr": 0.0002, "res_dir": "/workspace/gradient-routing/experiments/AGI-1699-New-Dataset-Runs/results/optimize/base/realistic/200M/seed_1/20260421015143751711/baseline", "do_eval": true, "do_sample": false, "num_train_evals": 0, "do_elicit": false, "elicit_eval_prc": 0.5, "elicit_num_evals": 100}
[GPU 0] [01:51:57] [INFO] BASELINE START
[GPU 0] [01:51:58] [INFO] Initialized BaseTransformer with 199,891,008 total parameters
[GPU 0] [01:51:58] [INFO] Compiling BaseTransformer with torch.compile...
[GPU 0] [01:52:00] [INFO] torch.compile done
[GPU 0] [01:52:00] [WARNING] restore_partial_state: no checkpoint found at /workspace/gradient-routing/experiments/AGI-1699-New-Dataset-Runs/results/optimize/base/realistic/200M/seed_1/20260421015143751711/baseline
[GPU 0] [01:52:00] [INFO] ---- Begin Train | Data Labels: ['all'] ----
[GPU 0] [01:52:00] [INFO] warmup_steps: 616
[GPU 0] [01:52:00] [INFO] constant_steps: 27108
[GPU 0] [01:52:00] [INFO] decay_steps: 3080
[GPU 0] [01:52:00] [INFO] LR Scheduler: Warmup Start
[GPU 0] [01:52:55] [INFO] Step: 1, LR: 3.35e-07
[GPU 0] [01:52:55] [INFO] Train Loss: CORE: 10.94 CODE-LISP: nan PAPERS-BIOLOGY: nan PAPERS-CYBER: nan PAPERS-NUCLEAR: nan 
[GPU 0] [01:53:47] [INFO] LR Scheduler: Constant Start
[GPU 0] [01:54:19] [INFO] Step: 1000, LR: 2.00e-04
[GPU 0] [01:54:19] [INFO] Train Loss: CORE: 4.24 CODE-LISP: 5.75 PAPERS-BIOLOGY: 6.34 PAPERS-CYBER: 6.69 PAPERS-NUCLEAR: 6.46 
[GPU 0] [01:55:44] [INFO] Step: 2000, LR: 2.00e-04
[GPU 0] [01:55:44] [INFO] Train Loss: CORE: 4.47 CODE-LISP: 4.41 PAPERS-BIOLOGY: 5.37 PAPERS-CYBER: 5.34 PAPERS-NUCLEAR: 5.86 
[GPU 0] [01:57:08] [INFO] Step: 3000, LR: 2.00e-04
[GPU 0] [01:57:08] [INFO] Train Loss: CORE: 3.93 CODE-LISP: 3.70 PAPERS-BIOLOGY: 5.06 PAPERS-CYBER: 4.92 PAPERS-NUCLEAR: 5.52 
[GPU 0] [01:58:32] [INFO] Step: 4000, LR: 2.00e-04
[GPU 0] [01:58:32] [INFO] Train Loss: CORE: 4.01 CODE-LISP: 3.20 PAPERS-BIOLOGY: 4.75 PAPERS-CYBER: 4.74 PAPERS-NUCLEAR: 4.93 
[GPU 0] [01:59:56] [INFO] Step: 5000, LR: 2.00e-04
[GPU 0] [01:59:56] [INFO] Train Loss: CORE: 3.06 CODE-LISP: 2.91 PAPERS-BIOLOGY: 4.16 PAPERS-CYBER: 4.66 PAPERS-NUCLEAR: 4.59 
[GPU 0] [02:01:20] [INFO] Step: 6000, LR: 2.00e-04
[GPU 0] [02:01:20] [INFO] Train Loss: CORE: 2.48 CODE-LISP: 2.73 PAPERS-BIOLOGY: 4.00 PAPERS-CYBER: 3.98 PAPERS-NUCLEAR: 4.38 
[GPU 0] [02:02:45] [INFO] Step: 7000, LR: 2.00e-04
[GPU 0] [02:02:45] [INFO] Train Loss: CORE: 2.39 CODE-LISP: 2.73 PAPERS-BIOLOGY: 4.00 PAPERS-CYBER: 3.88 PAPERS-NUCLEAR: 4.28 
[GPU 0] [02:04:09] [INFO] Step: 8000, LR: 2.00e-04
[GPU 0] [02:04:09] [INFO] Train Loss: CORE: 3.18 CODE-LISP: 2.30 PAPERS-BIOLOGY: 3.91 PAPERS-CYBER: 3.81 PAPERS-NUCLEAR: 4.06 
[GPU 0] [02:05:33] [INFO] Step: 9000, LR: 2.00e-04
[GPU 0] [02:05:33] [INFO] Train Loss: CORE: 2.88 CODE-LISP: 2.06 PAPERS-BIOLOGY: 3.91 PAPERS-CYBER: 3.81 PAPERS-NUCLEAR: 3.86 
[GPU 0] [02:06:57] [INFO] Step: 10000, LR: 2.00e-04
[GPU 0] [02:06:57] [INFO] Train Loss: CORE: 2.87 CODE-LISP: 1.91 PAPERS-BIOLOGY: 3.85 PAPERS-CYBER: 3.73 PAPERS-NUCLEAR: 3.73 
[GPU 0] [02:08:22] [INFO] Step: 11000, LR: 2.00e-04
[GPU 0] [02:08:22] [INFO] Train Loss: CORE: 3.33 CODE-LISP: 1.84 PAPERS-BIOLOGY: 3.68 PAPERS-CYBER: 3.68 PAPERS-NUCLEAR: 3.62 
[GPU 0] [02:09:46] [INFO] Step: 12000, LR: 2.00e-04
[GPU 0] [02:09:46] [INFO] Train Loss: CORE: 3.27 CODE-LISP: 1.78 PAPERS-BIOLOGY: 3.46 PAPERS-CYBER: 3.67 PAPERS-NUCLEAR: 3.64 
[GPU 0] [02:11:10] [INFO] Step: 13000, LR: 2.00e-04
[GPU 0] [02:11:10] [INFO] Train Loss: CORE: 3.32 CODE-LISP: 1.75 PAPERS-BIOLOGY: 3.42 PAPERS-CYBER: 3.67 PAPERS-NUCLEAR: 3.61 
[GPU 0] [02:12:34] [INFO] Step: 14000, LR: 2.00e-04
[GPU 0] [02:12:34] [INFO] Train Loss: CORE: 3.06 CODE-LISP: 1.80 PAPERS-BIOLOGY: 3.38 PAPERS-CYBER: 3.68 PAPERS-NUCLEAR: 3.61 
[GPU 0] [02:13:59] [INFO] Step: 15000, LR: 2.00e-04
[GPU 0] [02:13:59] [INFO] Train Loss: CORE: 3.01 CODE-LISP: 1.73 PAPERS-BIOLOGY: 3.38 PAPERS-CYBER: 3.59 PAPERS-NUCLEAR: 3.64 
[GPU 0] [02:15:23] [INFO] Step: 16000, LR: 2.00e-04
[GPU 0] [02:15:23] [INFO] Train Loss: CORE: 3.24 CODE-LISP: 1.71 PAPERS-BIOLOGY: 3.30 PAPERS-CYBER: 3.49 PAPERS-NUCLEAR: 3.64 
[GPU 0] [02:16:47] [INFO] Step: 17000, LR: 2.00e-04
[GPU 0] [02:16:47] [INFO] Train Loss: CORE: 3.50 CODE-LISP: 1.64 PAPERS-BIOLOGY: 3.30 PAPERS-CYBER: 3.47 PAPERS-NUCLEAR: 3.68 
[GPU 0] [02:18:11] [INFO] Step: 18000, LR: 2.00e-04
[GPU 0] [02:18:11] [INFO] Train Loss: CORE: 3.01 CODE-LISP: 1.58 PAPERS-BIOLOGY: 3.30 PAPERS-CYBER: 3.46 PAPERS-NUCLEAR: 3.66 
[GPU 0] [02:19:36] [INFO] Step: 19000, LR: 2.00e-04
[GPU 0] [02:19:36] [INFO] Train Loss: CORE: 3.24 CODE-LISP: 1.58 PAPERS-BIOLOGY: 3.30 PAPERS-CYBER: 3.45 PAPERS-NUCLEAR: 3.66 
[GPU 0] [02:21:00] [INFO] Step: 20000, LR: 2.00e-04
[GPU 0] [02:21:00] [INFO] Train Loss: CORE: 3.24 CODE-LISP: 1.59 PAPERS-BIOLOGY: 3.26 PAPERS-CYBER: 3.47 PAPERS-NUCLEAR: 3.54 
[GPU 0] [02:22:24] [INFO] Step: 21000, LR: 2.00e-04
[GPU 0] [02:22:24] [INFO] Train Loss: CORE: 2.38 CODE-LISP: 1.52 PAPERS-BIOLOGY: 3.25 PAPERS-CYBER: 3.47 PAPERS-NUCLEAR: 3.54 
[GPU 0] [02:23:48] [INFO] Step: 22000, LR: 2.00e-04
[GPU 0] [02:23:48] [INFO] Train Loss: CORE: 2.99 CODE-LISP: 1.49 PAPERS-BIOLOGY: 3.21 PAPERS-CYBER: 3.46 PAPERS-NUCLEAR: 3.54 
[GPU 0] [02:25:13] [INFO] Step: 23000, LR: 2.00e-04
[GPU 0] [02:25:13] [INFO] Train Loss: CORE: 3.44 CODE-LISP: 1.48 PAPERS-BIOLOGY: 3.25 PAPERS-CYBER: 3.43 PAPERS-NUCLEAR: 3.52 
[GPU 0] [02:26:37] [INFO] Step: 24000, LR: 2.00e-04
[GPU 0] [02:26:37] [INFO] Train Loss: CORE: 2.91 CODE-LISP: 1.41 PAPERS-BIOLOGY: 3.25 PAPERS-CYBER: 3.46 PAPERS-NUCLEAR: 3.54 
[GPU 0] [02:28:01] [INFO] Step: 25000, LR: 2.00e-04
[GPU 0] [02:28:01] [INFO] Train Loss: CORE: 3.42 CODE-LISP: 1.37 PAPERS-BIOLOGY: 3.25 PAPERS-CYBER: 3.45 PAPERS-NUCLEAR: 3.50 
[GPU 0] [02:29:25] [INFO] Step: 26000, LR: 2.00e-04
[GPU 0] [02:29:25] [INFO] Train Loss: CORE: 3.23 CODE-LISP: 1.32 PAPERS-BIOLOGY: 3.25 PAPERS-CYBER: 3.45 PAPERS-NUCLEAR: 3.50 
[GPU 0] [02:30:49] [INFO] Step: 27000, LR: 2.00e-04
[GPU 0] [02:30:49] [INFO] Train Loss: CORE: 3.17 CODE-LISP: 1.32 PAPERS-BIOLOGY: 3.23 PAPERS-CYBER: 3.46 PAPERS-NUCLEAR: 3.48 
[GPU 0] [02:31:50] [INFO] LR Scheduler: Decay Start
[GPU 0] [02:32:14] [INFO] Step: 28000, LR: 1.82e-04
[GPU 0] [02:32:14] [INFO] Train Loss: CORE: 3.15 CODE-LISP: 1.36 PAPERS-BIOLOGY: 3.24 PAPERS-CYBER: 3.39 PAPERS-NUCLEAR: 3.48 
[GPU 0] [02:33:38] [INFO] Step: 29000, LR: 1.17e-04
[GPU 0] [02:33:38] [INFO] Train Loss: CORE: 3.36 CODE-LISP: 1.37 PAPERS-BIOLOGY: 3.24 PAPERS-CYBER: 3.39 PAPERS-NUCLEAR: 3.46 
[GPU 0] [02:35:02] [INFO] Step: 30000, LR: 5.22e-05
[GPU 0] [02:35:02] [INFO] Train Loss: CORE: 3.09 CODE-LISP: 1.30 PAPERS-BIOLOGY: 3.23 PAPERS-CYBER: 3.39 PAPERS-NUCLEAR: 3.43 
[GPU 0] [02:36:10] [INFO] Step: 30804, LR: 1.00e-08
[GPU 0] [02:36:10] [INFO] Train Loss: CORE: 3.04 CODE-LISP: 1.28 PAPERS-BIOLOGY: 3.20 PAPERS-CYBER: 3.39 PAPERS-NUCLEAR: 3.43 
[GPU 0] [02:36:11] [INFO] ---- Begin Eval ----
[GPU 0] [02:36:11] [INFO] Data: core | Experts: None
[GPU 0] [02:36:44] [INFO] loss: 2.38954544
[GPU 0] [02:36:44] [INFO] Data: code-lisp | Experts: None
[GPU 0] [02:36:47] [INFO] loss: 1.32755315
[GPU 0] [02:36:47] [INFO] Data: papers-biology | Experts: None
[GPU 0] [02:36:49] [INFO] loss: 3.09680796
[GPU 0] [02:36:49] [INFO] Data: papers-nuclear | Experts: None
[GPU 0] [02:36:52] [INFO] loss: 3.37687612
[GPU 0] [02:36:52] [INFO] Data: papers-cyber | Experts: None
[GPU 0] [02:36:54] [INFO] loss: 3.31594372
[GPU 0] [02:36:56] [INFO] ----------------------------------------
[GPU 0] [02:36:56] [INFO] Finished. See /workspace/gradient-routing/experiments/AGI-1699-New-Dataset-Runs/results/optimize/base/realistic/200M/seed_1/20260421015143751711
