[GPU 0] [17:19:12] [INFO] Number of GPUs: 8
[GPU 0] [17:19:14] [INFO] Tokenizer vocabulary: 50257
[GPU 0] [17:19:14] [INFO] Set model vocab size to nearest multiple of 64 of tokenizer size: 50304
[GPU 0] [17:19:15] [INFO] target effective batch size: 212, actual effective batch size: 216, micro batch size: 27, accumulation steps: 1, num gpus: 8
[GPU 0] [17:19:15] [INFO] core total number of tokens: 66749057569
[GPU 0] [17:19:15] [INFO] Baseline model has 199,891,008 parameters
[GPU 0] [17:19:15] [INFO] core: chinchilla optimal tokens: 3,997,820,160, requested proportion: 1.0000, requested number of tokens: 3,997,820,160.0, 
[GPU 0] [17:19:15] [INFO] aux total number of tokens: 4835776549
[GPU 0] [17:19:15] [INFO] Baseline model has 199,891,008 parameters
[GPU 0] [17:19:15] [INFO] aux: chinchilla optimal tokens: 3,997,820,160, requested proportion: 0.0100, requested number of tokens: 39,978,201.6, 
[GPU 0] [17:19:16] [DEBUG] Saved config to /workspace/gradient-routing/experiments/AGI-1699-New-Dataset-Runs/results/scaling/realistic/grmoe/200M/seed_3/20260423171908395951/config.json
[GPU 0] [17:19:16] [DEBUG] {
    "stages": [
        {
            "name": "routed",
            "num_checkpoints": -1,
            "lr": 0.0008677257023958782,
            "res_dir": "/workspace/gradient-routing/experiments/AGI-1699-New-Dataset-Runs/results/scaling/realistic/grmoe/200M/seed_3/20260423171908395951/routed",
            "do_eval": true,
            "do_sample": false,
            "num_train_evals": 0,
            "do_elicit": true,
            "elicit_eval_prc": 0.5,
            "elicit_num_evals": 100,
            "model": {
                "arch": "moe",
                "tokenizer": "GPT2Tokenizer(name_or_path='EleutherAI/gpt-neo-125M', vocab_size=50257, model_max_length=2048, padding_side='right', truncation_side='right', special_tokens={'bos_token': '<|endoftext|>', 'eos_token': '<|endoftext|>', 'unk_token': '<|endoftext|>'}, added_tokens_decoder={\n\t50256: AddedToken(\"<|endoftext|>\", rstrip=False, lstrip=False, single_word=False, normalized=True, special=True),\n}\n)",
                "ctx_len": 1024,
                "vocab_size": 50304,
                "num_layers": 13,
                "num_heads": 8,
                "num_key_value": 2,
                "attn_bias": true,
                "eos_token_id": 50256,
                "embed_dim": 896,
                "mlp_dim": 3584,
                "core_param_prc": 1.0,
                "aux_param_prc": 0.1
            },
            "eval_arbsub": false,
            "aux_factor": {
                "code-lisp": 4.0,
                "papers-biology": 3.0,
                "papers-nuclear": 3.0,
                "papers-cyber": 3.0
            },
            "robust_prc": 0.2,
            "aux_route_prc": 0.5,
            "equal_compute": true
        }
    ],
    "model": {
        "arch": "base",
        "tokenizer": "GPT2Tokenizer(name_or_path='EleutherAI/gpt-neo-125M', vocab_size=50257, model_max_length=2048, padding_side='right', truncation_side='right', special_tokens={'bos_token': '<|endoftext|>', 'eos_token': '<|endoftext|>', 'unk_token': '<|endoftext|>'}, added_tokens_decoder={\n\t50256: AddedToken(\"<|endoftext|>\", rstrip=False, lstrip=False, single_word=False, normalized=True, special=True),\n}\n)",
        "ctx_len": 1024,
        "vocab_size": 50304,
        "num_layers": 13,
        "num_heads": 8,
        "num_key_value": 2,
        "attn_bias": true,
        "eos_token_id": 50256,
        "embed_dim": 896,
        "mlp_dim": 3584
    },
    "data": {
        "dirs": [
            "/workspace/gradient-routing/experiments/AGI-1699-New-Dataset-Runs/src/data/fineweb",
            "/workspace/gradient-routing/experiments/AGI-1699-New-Dataset-Runs/src/data/code",
            "/workspace/gradient-routing/experiments/AGI-1699-New-Dataset-Runs/src/data/papers"
        ],
        "core": {
            "labels": [
                "fineweb",
                "code-other",
                "papers-other"
            ],
            "method": "optimal",
            "limit": 1.0,
            "dist": {
                "fineweb": 0.84,
                "code-other": 0.15,
                "papers-other": 0.01
            },
            "num_tok": 3997820160.0
        },
        "aux": {
            "labels": [
                "code-lisp",
                "papers-biology",
                "papers-nuclear",
                "papers-cyber"
            ],
            "method": "optimal",
            "limit": 0.01,
            "dist": {
                "code-lisp": 0.25,
                "papers-biology": 0.25,
                "papers-nuclear": 0.25,
                "papers-cyber": 0.25
            },
            "num_tok": 39978201.6
        }
    },
    "run": {
        "target_effective_batch_size": 212,
        "effective_batch_size": 216,
        "micro_batch_size": 27,
        "accumulation_steps": 1,
        "max_num_test_sequences": 10000,
        "eval_all_labels": false,
        "micro_batch_anchors": [
            [
                400000000.0,
                23
            ],
            [
                5000000000.0,
                2
            ]
        ],
        "epochs": 1,
        "adam_betas": [
            0.9,
            0.95
        ],
        "warmup_prc": 0.02,
        "decay_prc": 0.1,
        "seed": 3,
        "compile": true,
        "is_ddp": true,
        "optimize_routed": true,
        "cleanup_distributed": false,
        "log_level": "DEBUG",
        "num_gpus": 8,
        "process_id": 0,
        "num_base_params": 199891008,
        "device": "cuda",
        "logger": "<Logger training_20260423171908395951 (DEBUG)>",
        "labels": [
            "core",
            "code-lisp",
            "papers-biology",
            "papers-cyber",
            "papers-nuclear"
        ],
        "loaders": {
            "code-lisp": {
                "train": "SingleDataLoader(code-lisp_train_001.bin, len=45)",
                "test": "InterleavedDataLoader(len=45)"
            },
            "code-other": {
                "train": "SingleDataLoader(code-other_train_006.bin, len=2711)",
                "test": "InterleavedDataLoader(len=47)"
            },
            "fineweb": {
                "train": "InterleavedDataLoader(len=15182)",
                "test": "InterleavedDataLoader(len=47)"
            },
            "papers-biology": {
                "train": "SingleDataLoader(papers-biology_train.bin, len=45)",
                "test": "SingleDataLoader(papers-biology_test.bin, len=45)"
            },
            "papers-cyber": {
                "train": "SingleDataLoader(papers-cyber_train.bin, len=45)",
                "test": "SingleDataLoader(papers-cyber_test.bin, len=45)"
            },
            "papers-nuclear": {
                "train": "SingleDataLoader(papers-nuclear_train.bin, len=45)",
                "test": "SingleDataLoader(papers-nuclear_test.bin, len=45)"
            },
            "papers-other": {
                "train": "SingleDataLoader(papers-other_train.bin, len=180)",
                "test": "SingleDataLoader(papers-other_test.bin, len=47)"
            },
            "core": {
                "train": "InterleavedDataLoader(len=18073)",
                "test": "InterleavedDataLoader(len=141)"
            },
            "aux": {
                "train": "InterleavedDataLoader(len=180)",
                "test": "InterleavedDataLoader(len=180)"
            },
            "all": {
                "train": "InterleavedDataLoader(len=18253)",
                "test": "InterleavedDataLoader(len=321)"
            }
        },
        "res_root": "/workspace/gradient-routing/experiments/AGI-1699-New-Dataset-Runs/results/scaling/realistic/grmoe/200M/seed_3",
        "experiment_id": "20260423171908395951",
        "s3_bucket": "ae-gradient-routing-results",
        "s3_prefix": "scaling/realistic/grmoe/200M/seed_3"
    }
}
[GPU 0] [17:19:16] [INFO] Loader code-lisp train: 45, test: 45
[GPU 0] [17:19:16] [INFO] Loader code-other train: 2711, test: 47
[GPU 0] [17:19:16] [INFO] Loader fineweb train: 15182, test: 47
[GPU 0] [17:19:16] [INFO] Loader papers-biology train: 45, test: 45
[GPU 0] [17:19:16] [INFO] Loader papers-cyber train: 45, test: 45
[GPU 0] [17:19:16] [INFO] Loader papers-nuclear train: 45, test: 45
[GPU 0] [17:19:16] [INFO] Loader papers-other train: 180, test: 47
[GPU 0] [17:19:16] [INFO] Loader core train: 18073, test: 141
[GPU 0] [17:19:16] [INFO] Loader aux train: 180, test: 180
[GPU 0] [17:19:16] [INFO] Loader all train: 18253, test: 321
[GPU 0] [17:19:16] [INFO] Stage [routed] start: {"name": "routed", "num_checkpoints": -1, "lr": 0.0008677257023958782, "res_dir": "/workspace/gradient-routing/experiments/AGI-1699-New-Dataset-Runs/results/scaling/realistic/grmoe/200M/seed_3/20260423171908395951/routed", "do_eval": true, "do_sample": false, "num_train_evals": 0, "do_elicit": true, "elicit_eval_prc": 0.5, "elicit_num_evals": 100, "model": {"arch": "moe", "tokenizer": "GPT2Tokenizer(name_or_path='EleutherAI/gpt-neo-125M', vocab_size=50257, model_max_length=2048, padding_side='right', truncation_side='right', special_tokens={'bos_token': '<|endoftext|>', 'eos_token': '<|endoftext|>', 'unk_token': '<|endoftext|>'}, added_tokens_decoder={\n\t50256: AddedToken(\"<|endoftext|>\", rstrip=False, lstrip=False, single_word=False, normalized=True, special=True),\n}\n)", "ctx_len": 1024, "vocab_size": 50304, "num_layers": 13, "num_heads": 8, "num_key_value": 2, "attn_bias": true, "eos_token_id": 50256, "embed_dim": 896, "mlp_dim": 3584, "core_param_prc": 1.0, "aux_param_prc": 0.1}, "eval_arbsub": false, "aux_factor": {"code-lisp": 4.0, "papers-biology": 3.0, "papers-nuclear": 3.0, "papers-cyber": 3.0}, "robust_prc": 0.2, "aux_route_prc": 0.5, "equal_compute": true}
[GPU 0] [17:19:16] [INFO] ROUTED START
[GPU 0] [17:19:17] [INFO] Initialized MoETransformer with 235,740,224 total parameters
[GPU 0] [17:19:17] [INFO]   Label 'core' has 83,551,104 parameters
[GPU 0] [17:19:17] [INFO]   Label 'code-lisp' has 8,962,304 parameters
[GPU 0] [17:19:17] [INFO]   Label 'papers-biology' has 8,962,304 parameters
[GPU 0] [17:19:17] [INFO]   Label 'papers-cyber' has 8,962,304 parameters
[GPU 0] [17:19:17] [INFO]   Label 'papers-nuclear' has 8,962,304 parameters
[GPU 0] [17:19:17] [INFO]   Label 'SHARED' has 116,339,904 parameters
[GPU 0] [17:19:17] [INFO] Compiling MoETransformer with torch.compile...
[GPU 0] [17:19:17] [INFO] torch.compile done
[GPU 0] [17:19:18] [WARNING] restore_partial_state: no checkpoint found at /workspace/gradient-routing/experiments/AGI-1699-New-Dataset-Runs/results/scaling/realistic/grmoe/200M/seed_3/20260423171908395951/routed
[GPU 0] [17:19:18] [INFO] ---- Begin Routed Unordered ----
[GPU 0] [17:19:18] [INFO] compute-equal: initial len_base: 14134 & len_ft: 4119
[GPU 0] [17:19:18] [INFO] compute-equal: flop_diff < 0, (-36915730176.0 < 0), must truncate training
[GPU 0] [17:19:18] [INFO] compute-equal: len_base: -92 -> 14042, len_ft: -88 -> 4031
[GPU 0] [17:19:18] [WARNING] utilized_aux > len_all_aux, (573 > 180), must resample aux
[GPU 0] [17:19:18] [INFO] Batch [('core', ('core',), ('core', 'SHARED'))] count: 14042
[GPU 0] [17:19:18] [INFO] Batch [('code-lisp', ('core', 'code-lisp'), ('code-lisp',))] count: 154
[GPU 0] [17:19:18] [INFO] Batch [('code-lisp', ('core', 'code-lisp'), ('core', 'code-lisp', 'SHARED'))] count: 22
[GPU 0] [17:19:18] [INFO] Batch [('core', ('core', 'code-lisp'), ('core', 'code-lisp', 'SHARED'))] count: 1064
[GPU 0] [17:19:18] [INFO] Batch [('core', ('core', 'papers-biology'), ('core', 'papers-biology', 'SHARED'))] count: 798
[GPU 0] [17:19:18] [INFO] Batch [('papers-biology', ('core', 'papers-biology'), ('core', 'papers-biology', 'SHARED'))] count: 22
[GPU 0] [17:19:18] [INFO] Batch [('papers-biology', ('core', 'papers-biology'), ('papers-biology',))] count: 110
[GPU 0] [17:19:18] [INFO] Batch [('core', ('core', 'papers-cyber'), ('core', 'papers-cyber', 'SHARED'))] count: 798
[GPU 0] [17:19:18] [INFO] Batch [('papers-cyber', ('core', 'papers-cyber'), ('core', 'papers-cyber', 'SHARED'))] count: 22
[GPU 0] [17:19:18] [INFO] Batch [('papers-cyber', ('core', 'papers-cyber'), ('papers-cyber',))] count: 110
[GPU 0] [17:19:18] [INFO] Batch [('core', ('core', 'papers-nuclear'), ('core', 'papers-nuclear', 'SHARED'))] count: 798
[GPU 0] [17:19:18] [INFO] Batch [('papers-nuclear', ('core', 'papers-nuclear'), ('core', 'papers-nuclear', 'SHARED'))] count: 22
[GPU 0] [17:19:18] [INFO] Batch [('papers-nuclear', ('core', 'papers-nuclear'), ('papers-nuclear',))] count: 110
[GPU 0] [17:19:18] [INFO] 
len_all: 18253, len_all_aux: 180, len_all_core: 18073,
len_base: 14042, len_ft: 4031,
len_core_for_ft: 3458, len_aux_for_ft: 573,
aux_factor: {'code-lisp': 4.0, 'papers-biology': 3.0, 'papers-nuclear': 3.0, 'papers-cyber': 3.0}, robust_prc: 0.2,
aux_route_prc: 0.5, equal_compute: True
[GPU 0] [17:19:18] [WARNING] len(batches) != expected, (18072 != 18073), 1 length difference
[GPU 0] [17:19:18] [INFO] ---- Begin Routed ----
[GPU 0] [17:19:18] [INFO] LR schedule group 0: steps [0, 18072), warmup=361, constant=15904, decay=1807
[GPU 0] [17:19:18] [INFO] LR Scheduler: Group warmup (step 0)
[GPU 0] [17:19:18] [INFO] CUDA memory before training loop:
[GPU 0] [17:19:18] [INFO] |===========================================================================|
[GPU 0] [17:19:18] [INFO] |                  PyTorch CUDA memory summary, device ID 0                 |
[GPU 0] [17:19:18] [INFO] |---------------------------------------------------------------------------|
[GPU 0] [17:19:18] [INFO] |            CUDA OOMs: 0            |        cudaMalloc retries: 0         |
[GPU 0] [17:19:18] [INFO] |===========================================================================|
[GPU 0] [17:19:18] [INFO] |        Metric         | Cur Usage  | Peak Usage | Tot Alloc  | Tot Freed  |
[GPU 0] [17:19:18] [INFO] |---------------------------------------------------------------------------|
[GPU 0] [17:19:18] [INFO] | Allocated memory      |   1146 MiB |  44619 MiB |  36465 TiB |  36465 TiB |
[GPU 0] [17:19:18] [INFO] |       from large pool |   1066 MiB |  44611 MiB |  36433 TiB |  36433 TiB |
[GPU 0] [17:19:18] [INFO] |       from small pool |     79 MiB |    241 MiB |     31 TiB |     31 TiB |
[GPU 0] [17:19:18] [INFO] |---------------------------------------------------------------------------|
[GPU 0] [17:19:18] [INFO] | Active memory         |   1146 MiB |  44619 MiB |  36465 TiB |  36465 TiB |
[GPU 0] [17:19:18] [INFO] |       from large pool |   1066 MiB |  44611 MiB |  36433 TiB |  36433 TiB |
[GPU 0] [17:19:18] [INFO] |       from small pool |     79 MiB |    241 MiB |     31 TiB |     31 TiB |
[GPU 0] [17:19:18] [INFO] |---------------------------------------------------------------------------|
[GPU 0] [17:19:18] [INFO] | Requested memory      |   1146 MiB |  44619 MiB |  36465 TiB |  36465 TiB |
[GPU 0] [17:19:18] [INFO] |       from large pool |   1066 MiB |  44611 MiB |  36433 TiB |  36433 TiB |
[GPU 0] [17:19:18] [INFO] |       from small pool |     79 MiB |    241 MiB |     31 TiB |     31 TiB |
[GPU 0] [17:19:18] [INFO] |---------------------------------------------------------------------------|
[GPU 0] [17:19:18] [INFO] | GPU reserved memory   |   1220 MiB |  46870 MiB |  95213 GiB |  95212 GiB |
[GPU 0] [17:19:18] [INFO] |       from large pool |   1140 MiB |  46860 MiB |  95088 GiB |  95087 GiB |
[GPU 0] [17:19:18] [INFO] |       from small pool |     80 MiB |    242 MiB |    125 GiB |    124 GiB |
[GPU 0] [17:19:18] [INFO] |---------------------------------------------------------------------------|
[GPU 0] [17:19:18] [INFO] | Non-releasable memory |      0 B   |      0 B   |      0 B   |      0 B   |
[GPU 0] [17:19:18] [INFO] |       from large pool |      0 B   |      0 B   |      0 B   |      0 B   |
[GPU 0] [17:19:18] [INFO] |       from small pool |      0 B   |      0 B   |      0 B   |      0 B   |
[GPU 0] [17:19:18] [INFO] |---------------------------------------------------------------------------|
[GPU 0] [17:19:18] [INFO] | Allocations           |     403    |    3538    |     766 M  |     766 M  |
[GPU 0] [17:19:18] [INFO] |       from large pool |      86    |    1499    |     499 M  |     499 M  |
[GPU 0] [17:19:18] [INFO] |       from small pool |     317    |    2159    |     266 M  |     266 M  |
[GPU 0] [17:19:18] [INFO] |---------------------------------------------------------------------------|
[GPU 0] [17:19:18] [INFO] | Active allocs         |     403    |    3538    |     766 M  |     766 M  |
[GPU 0] [17:19:18] [INFO] |       from large pool |      86    |    1499    |     499 M  |     499 M  |
[GPU 0] [17:19:18] [INFO] |       from small pool |     317    |    2159    |     266 M  |     266 M  |
[GPU 0] [17:19:18] [INFO] |---------------------------------------------------------------------------|
[GPU 0] [17:19:18] [INFO] | GPU reserved segments |       0    |       0    |       0    |       0    |
[GPU 0] [17:19:18] [INFO] |       from large pool |       0    |       0    |       0    |       0    |
[GPU 0] [17:19:18] [INFO] |       from small pool |       0    |       0    |       0    |       0    |
[GPU 0] [17:19:18] [INFO] |---------------------------------------------------------------------------|
[GPU 0] [17:19:18] [INFO] | Non-releasable allocs |       0    |       0    |       0    |       0    |
[GPU 0] [17:19:18] [INFO] |       from large pool |       0    |       0    |       0    |       0    |
[GPU 0] [17:19:18] [INFO] |       from small pool |       0    |       0    |       0    |       0    |
[GPU 0] [17:19:18] [INFO] |---------------------------------------------------------------------------|
[GPU 0] [17:19:18] [INFO] | Oversize allocations  |       0    |       0    |       0    |       0    |
[GPU 0] [17:19:18] [INFO] |---------------------------------------------------------------------------|
[GPU 0] [17:19:18] [INFO] | Oversize GPU segments |       0    |       0    |       0    |       0    |
[GPU 0] [17:19:18] [INFO] |===========================================================================|
[GPU 0] [17:19:18] [INFO] 
[GPU 0] [17:19:18] [INFO] Batch group start, LR: 1.0000e-08, 18072 batches
[GPU 0] [17:19:27] [INFO] CUDA memory after first training step:
[GPU 0] [17:19:27] [INFO] |===========================================================================|
[GPU 0] [17:19:27] [INFO] |                  PyTorch CUDA memory summary, device ID 0                 |
[GPU 0] [17:19:27] [INFO] |---------------------------------------------------------------------------|
[GPU 0] [17:19:27] [INFO] |            CUDA OOMs: 0            |        cudaMalloc retries: 0         |
[GPU 0] [17:19:27] [INFO] |===========================================================================|
[GPU 0] [17:19:27] [INFO] |        Metric         | Cur Usage  | Peak Usage | Tot Alloc  | Tot Freed  |
[GPU 0] [17:19:27] [INFO] |---------------------------------------------------------------------------|
[GPU 0] [17:19:27] [INFO] | Allocated memory      |   4596 MiB |  44619 MiB |  36465 TiB |  36465 TiB |
[GPU 0] [17:19:27] [INFO] |       from large pool |   4461 MiB |  44611 MiB |  36433 TiB |  36433 TiB |
[GPU 0] [17:19:27] [INFO] |       from small pool |    134 MiB |    241 MiB |     31 TiB |     31 TiB |
[GPU 0] [17:19:27] [INFO] |---------------------------------------------------------------------------|
[GPU 0] [17:19:27] [INFO] | Active memory         |   4596 MiB |  44619 MiB |  36465 TiB |  36465 TiB |
[GPU 0] [17:19:27] [INFO] |       from large pool |   4461 MiB |  44611 MiB |  36433 TiB |  36433 TiB |
[GPU 0] [17:19:27] [INFO] |       from small pool |    134 MiB |    241 MiB |     31 TiB |     31 TiB |
[GPU 0] [17:19:27] [INFO] |---------------------------------------------------------------------------|
[GPU 0] [17:19:27] [INFO] | Requested memory      |   4595 MiB |  44619 MiB |  36465 TiB |  36465 TiB |
[GPU 0] [17:19:27] [INFO] |       from large pool |   4461 MiB |  44611 MiB |  36433 TiB |  36433 TiB |
[GPU 0] [17:19:27] [INFO] |       from small pool |    134 MiB |    241 MiB |     31 TiB |     31 TiB |
[GPU 0] [17:19:27] [INFO] |---------------------------------------------------------------------------|
[GPU 0] [17:19:27] [INFO] | GPU reserved memory   |  32776 MiB |  46870 MiB |  95244 GiB |  95212 GiB |
[GPU 0] [17:19:27] [INFO] |       from large pool |  32640 MiB |  46860 MiB |  95119 GiB |  95087 GiB |
[GPU 0] [17:19:27] [INFO] |       from small pool |    136 MiB |    242 MiB |    125 GiB |    124 GiB |
[GPU 0] [17:19:27] [INFO] |---------------------------------------------------------------------------|
[GPU 0] [17:19:27] [INFO] | Non-releasable memory |      0 B   |      0 B   |      0 B   |      0 B   |
[GPU 0] [17:19:27] [INFO] |       from large pool |      0 B   |      0 B   |      0 B   |      0 B   |
[GPU 0] [17:19:27] [INFO] |       from small pool |      0 B   |      0 B   |      0 B   |      0 B   |
[GPU 0] [17:19:27] [INFO] |---------------------------------------------------------------------------|
[GPU 0] [17:19:27] [INFO] | Allocations           |    1044    |    3538    |     766 M  |     766 M  |
[GPU 0] [17:19:27] [INFO] |       from large pool |     195    |    1499    |     499 M  |     499 M  |
[GPU 0] [17:19:27] [INFO] |       from small pool |     849    |    2159    |     266 M  |     266 M  |
[GPU 0] [17:19:27] [INFO] |---------------------------------------------------------------------------|
[GPU 0] [17:19:27] [INFO] | Active allocs         |    1044    |    3538    |     766 M  |     766 M  |
[GPU 0] [17:19:27] [INFO] |       from large pool |     195    |    1499    |     499 M  |     499 M  |
[GPU 0] [17:19:27] [INFO] |       from small pool |     849    |    2159    |     266 M  |     266 M  |
[GPU 0] [17:19:27] [INFO] |---------------------------------------------------------------------------|
[GPU 0] [17:19:27] [INFO] | GPU reserved segments |       0    |       0    |       0    |       0    |
[GPU 0] [17:19:27] [INFO] |       from large pool |       0    |       0    |       0    |       0    |
[GPU 0] [17:19:27] [INFO] |       from small pool |       0    |       0    |       0    |       0    |
[GPU 0] [17:19:27] [INFO] |---------------------------------------------------------------------------|
[GPU 0] [17:19:27] [INFO] | Non-releasable allocs |       0    |       0    |       0    |       0    |
[GPU 0] [17:19:27] [INFO] |       from large pool |       0    |       0    |       0    |       0    |
[GPU 0] [17:19:27] [INFO] |       from small pool |       0    |       0    |       0    |       0    |
[GPU 0] [17:19:27] [INFO] |---------------------------------------------------------------------------|
[GPU 0] [17:19:27] [INFO] | Oversize allocations  |       0    |       0    |       0    |       0    |
[GPU 0] [17:19:27] [INFO] |---------------------------------------------------------------------------|
[GPU 0] [17:19:27] [INFO] | Oversize GPU segments |       0    |       0    |       0    |       0    |
[GPU 0] [17:19:27] [INFO] |===========================================================================|
[GPU 0] [17:19:27] [INFO] 
[GPU 0] [17:19:27] [INFO] Step: 1, LR: 2.4136e-06
[GPU 0] [17:19:27] [INFO] Train Loss: CORE: 10.81 CODE-LISP: nan PAPERS-BIOLOGY: nan PAPERS-CYBER: nan PAPERS-NUCLEAR: nan 
[GPU 0] [17:20:19] [INFO] LR Scheduler: Group constant (step 361)
[GPU 0] [17:21:52] [INFO] Step: 1000, LR: 8.6773e-04
[GPU 0] [17:21:52] [INFO] Train Loss: CORE: 3.83 CODE-LISP: 4.30 PAPERS-BIOLOGY: 5.14 PAPERS-CYBER: 6.20 PAPERS-NUCLEAR: 5.52 
[GPU 0] [17:24:16] [INFO] Step: 2000, LR: 8.6773e-04
[GPU 0] [17:24:16] [INFO] Train Loss: CORE: 3.36 CODE-LISP: 2.98 PAPERS-BIOLOGY: 4.50 PAPERS-CYBER: 5.15 PAPERS-NUCLEAR: 4.82 
[GPU 0] [17:26:44] [INFO] Step: 3000, LR: 8.6773e-04
[GPU 0] [17:26:44] [INFO] Train Loss: CORE: 3.10 CODE-LISP: 2.79 PAPERS-BIOLOGY: 4.45 PAPERS-CYBER: 4.58 PAPERS-NUCLEAR: 4.38 
[GPU 0] [17:29:08] [INFO] Step: 4000, LR: 8.6773e-04
[GPU 0] [17:29:08] [INFO] Train Loss: CORE: 3.05 CODE-LISP: 2.53 PAPERS-BIOLOGY: 4.25 PAPERS-CYBER: 4.33 PAPERS-NUCLEAR: 4.30 
[GPU 0] [17:31:32] [INFO] Step: 5000, LR: 8.6773e-04
[GPU 0] [17:31:32] [INFO] Train Loss: CORE: 3.10 CODE-LISP: 2.26 PAPERS-BIOLOGY: 4.10 PAPERS-CYBER: 4.14 PAPERS-NUCLEAR: 4.17 
[GPU 0] [17:33:55] [INFO] Step: 6000, LR: 8.6773e-04
[GPU 0] [17:33:55] [INFO] Train Loss: CORE: 3.09 CODE-LISP: 2.18 PAPERS-BIOLOGY: 4.03 PAPERS-CYBER: 4.02 PAPERS-NUCLEAR: 4.11 
[GPU 0] [17:36:19] [INFO] Step: 7000, LR: 8.6773e-04
[GPU 0] [17:36:19] [INFO] Train Loss: CORE: 2.78 CODE-LISP: 2.09 PAPERS-BIOLOGY: 3.91 PAPERS-CYBER: 3.99 PAPERS-NUCLEAR: 4.01 
[GPU 0] [17:38:43] [INFO] Step: 8000, LR: 8.6773e-04
[GPU 0] [17:38:43] [INFO] Train Loss: CORE: 2.94 CODE-LISP: 1.97 PAPERS-BIOLOGY: 3.72 PAPERS-CYBER: 3.90 PAPERS-NUCLEAR: 3.93 
[GPU 0] [17:41:07] [INFO] Step: 9000, LR: 8.6773e-04
[GPU 0] [17:41:07] [INFO] Train Loss: CORE: 2.90 CODE-LISP: 1.90 PAPERS-BIOLOGY: 3.66 PAPERS-CYBER: 3.80 PAPERS-NUCLEAR: 3.85 
[GPU 0] [17:43:31] [INFO] Step: 10000, LR: 8.6773e-04
[GPU 0] [17:43:31] [INFO] Train Loss: CORE: 2.93 CODE-LISP: 1.83 PAPERS-BIOLOGY: 3.55 PAPERS-CYBER: 3.76 PAPERS-NUCLEAR: 3.80 
[GPU 0] [17:45:59] [INFO] Step: 11000, LR: 8.6773e-04
[GPU 0] [17:45:59] [INFO] Train Loss: CORE: 2.89 CODE-LISP: 1.79 PAPERS-BIOLOGY: 3.50 PAPERS-CYBER: 3.73 PAPERS-NUCLEAR: 3.76 
[GPU 0] [17:48:23] [INFO] Step: 12000, LR: 8.6773e-04
[GPU 0] [17:48:23] [INFO] Train Loss: CORE: 2.87 CODE-LISP: 1.72 PAPERS-BIOLOGY: 3.47 PAPERS-CYBER: 3.68 PAPERS-NUCLEAR: 3.72 
[GPU 0] [17:50:46] [INFO] Step: 13000, LR: 8.6773e-04
[GPU 0] [17:50:46] [INFO] Train Loss: CORE: 2.71 CODE-LISP: 1.44 PAPERS-BIOLOGY: 3.44 PAPERS-CYBER: 3.65 PAPERS-NUCLEAR: 3.71 
[GPU 0] [17:53:10] [INFO] Step: 14000, LR: 8.6773e-04
[GPU 0] [17:53:10] [INFO] Train Loss: CORE: 2.93 CODE-LISP: 1.35 PAPERS-BIOLOGY: 3.42 PAPERS-CYBER: 3.46 PAPERS-NUCLEAR: 3.56 
[GPU 0] [17:55:34] [INFO] Step: 15000, LR: 8.6773e-04
[GPU 0] [17:55:34] [INFO] Train Loss: CORE: 2.81 CODE-LISP: 1.29 PAPERS-BIOLOGY: 3.16 PAPERS-CYBER: 3.37 PAPERS-NUCLEAR: 3.52 
[GPU 0] [17:57:58] [INFO] Step: 16000, LR: 8.6773e-04
[GPU 0] [17:57:58] [INFO] Train Loss: CORE: 2.82 CODE-LISP: 1.22 PAPERS-BIOLOGY: 3.11 PAPERS-CYBER: 3.33 PAPERS-NUCLEAR: 3.46 
[GPU 0] [17:58:36] [INFO] LR Scheduler: Group decay (step 16265)
[GPU 0] [18:00:22] [INFO] Step: 17000, LR: 5.1478e-04
[GPU 0] [18:00:22] [INFO] Train Loss: CORE: 2.83 CODE-LISP: 1.16 PAPERS-BIOLOGY: 3.08 PAPERS-CYBER: 3.29 PAPERS-NUCLEAR: 3.43 
[GPU 0] [18:02:46] [INFO] Step: 18000, LR: 3.4584e-05
[GPU 0] [18:02:46] [INFO] Train Loss: CORE: 2.65 CODE-LISP: 1.11 PAPERS-BIOLOGY: 3.03 PAPERS-CYBER: 3.28 PAPERS-NUCLEAR: 3.39 
[GPU 0] [18:02:56] [INFO] Step: 18072, LR: 1.0000e-08
[GPU 0] [18:02:56] [INFO] Train Loss: CORE: 2.69 CODE-LISP: 1.11 PAPERS-BIOLOGY: 3.02 PAPERS-CYBER: 3.27 PAPERS-NUCLEAR: 3.39 
[GPU 0] [18:03:27] [INFO] ---- Begin Eval ----
[GPU 0] [18:03:27] [INFO] Data: core | Experts: ['core']
[GPU 0] [18:03:40] [INFO] loss: 2.21442485
[GPU 0] [18:03:40] [INFO] Data: code-lisp | Experts: ['core']
[GPU 0] [18:03:43] [INFO] loss: 1.72953570
[GPU 0] [18:03:43] [INFO] Data: papers-biology | Experts: ['core']
[GPU 0] [18:03:46] [INFO] loss: 2.88567710
[GPU 0] [18:03:46] [INFO] Data: papers-nuclear | Experts: ['core']
[GPU 0] [18:03:48] [INFO] loss: 3.22773433
[GPU 0] [18:03:48] [INFO] Data: papers-cyber | Experts: ['core']
[GPU 0] [18:03:51] [INFO] loss: 3.12096357
[GPU 0] [18:03:51] [INFO] ---- Begin Eval ----
[GPU 0] [18:03:51] [INFO] Data: core | Experts: ['code-lisp', 'core']
[GPU 0] [18:04:00] [INFO] loss: 2.21760726
[GPU 0] [18:04:00] [INFO] Data: code-lisp | Experts: ['code-lisp', 'core']
[GPU 0] [18:04:02] [INFO] loss: 1.11307514
[GPU 0] [18:04:02] [INFO] Data: papers-biology | Experts: ['code-lisp', 'core']
[GPU 0] [18:04:05] [INFO] loss: 2.88719606
[GPU 0] [18:04:05] [INFO] Data: papers-nuclear | Experts: ['code-lisp', 'core']
[GPU 0] [18:04:08] [INFO] loss: 3.23111963
[GPU 0] [18:04:08] [INFO] Data: papers-cyber | Experts: ['code-lisp', 'core']
[GPU 0] [18:04:11] [INFO] loss: 3.12274313
[GPU 0] [18:04:11] [INFO] ---- Begin Eval ----
[GPU 0] [18:04:11] [INFO] Data: core | Experts: ['core', 'papers-biology']
[GPU 0] [18:04:19] [INFO] loss: 2.21574426
[GPU 0] [18:04:19] [INFO] Data: code-lisp | Experts: ['core', 'papers-biology']
[GPU 0] [18:04:22] [INFO] loss: 1.72907996
[GPU 0] [18:04:22] [INFO] Data: papers-biology | Experts: ['core', 'papers-biology']
[GPU 0] [18:04:25] [INFO] loss: 2.81263018
[GPU 0] [18:04:25] [INFO] Data: papers-nuclear | Experts: ['core', 'papers-biology']
[GPU 0] [18:04:27] [INFO] loss: 3.22335052
[GPU 0] [18:04:27] [INFO] Data: papers-cyber | Experts: ['core', 'papers-biology']
[GPU 0] [18:04:30] [INFO] loss: 3.12148428
[GPU 0] [18:04:30] [INFO] ---- Begin Eval ----
[GPU 0] [18:04:30] [INFO] Data: core | Experts: ['core', 'papers-nuclear']
[GPU 0] [18:04:39] [INFO] loss: 2.21752405
[GPU 0] [18:04:39] [INFO] Data: code-lisp | Experts: ['core', 'papers-nuclear']
[GPU 0] [18:04:41] [INFO] loss: 1.72493505
[GPU 0] [18:04:41] [INFO] Data: papers-biology | Experts: ['core', 'papers-nuclear']
[GPU 0] [18:04:44] [INFO] loss: 2.88298631
[GPU 0] [18:04:44] [INFO] Data: papers-nuclear | Experts: ['core', 'papers-nuclear']
[GPU 0] [18:04:47] [INFO] loss: 3.14283848
[GPU 0] [18:04:47] [INFO] Data: papers-cyber | Experts: ['core', 'papers-nuclear']
[GPU 0] [18:04:49] [INFO] loss: 3.11736107
[GPU 0] [18:04:49] [INFO] ---- Begin Eval ----
[GPU 0] [18:04:49] [INFO] Data: core | Experts: ['core', 'papers-cyber']
[GPU 0] [18:04:58] [INFO] loss: 2.21290779
[GPU 0] [18:04:58] [INFO] Data: code-lisp | Experts: ['core', 'papers-cyber']
[GPU 0] [18:05:01] [INFO] loss: 1.72367620
[GPU 0] [18:05:01] [INFO] Data: papers-biology | Experts: ['core', 'papers-cyber']
[GPU 0] [18:05:04] [INFO] loss: 2.88493919
[GPU 0] [18:05:04] [INFO] Data: papers-nuclear | Experts: ['core', 'papers-cyber']
[GPU 0] [18:05:06] [INFO] loss: 3.22690964
[GPU 0] [18:05:06] [INFO] Data: papers-cyber | Experts: ['core', 'papers-cyber']
[GPU 0] [18:05:09] [INFO] loss: 3.07148433
[GPU 0] [18:05:13] [INFO] ROUTED - ADVERSARIAL FT START
[GPU 0] [18:05:14] [INFO] ---- Begin FT | Experts: ['core'] | Data: ['code-lisp'] ----
[GPU 0] [18:05:14] [DEBUG] num_seq: 512, num_rounds: 200, patience: 10
[GPU 0] [18:05:14] [DEBUG] local_x: torch.Size([64, 1024]), local_y: torch.Size([64, 1024]), num_steps: 3, per_gpu: 64, mbs_size: 27
[GPU 0] [18:05:23] [INFO] New best validation loss: 1.5770 @ step 0
[GPU 0] [18:05:31] [INFO] New best validation loss: 1.5170 @ step 1
[GPU 0] [18:05:39] [INFO] New best validation loss: 1.4668 @ step 2
[GPU 0] [18:05:47] [INFO] New best validation loss: 1.4286 @ step 3
[GPU 0] [18:05:56] [INFO] New best validation loss: 1.3986 @ step 4
[GPU 0] [18:06:04] [INFO] New best validation loss: 1.3736 @ step 5
[GPU 0] [18:06:12] [INFO] New best validation loss: 1.3506 @ step 6
[GPU 0] [18:06:21] [INFO] New best validation loss: 1.3309 @ step 7
[GPU 0] [18:06:29] [INFO] New best validation loss: 1.3137 @ step 8
[GPU 0] [18:06:38] [INFO] New best validation loss: 1.2979 @ step 9
[GPU 0] [18:06:46] [INFO] New best validation loss: 1.2833 @ step 10
[GPU 0] [18:06:54] [INFO] New best validation loss: 1.2711 @ step 11
[GPU 0] [18:07:02] [INFO] New best validation loss: 1.2601 @ step 12
[GPU 0] [18:07:10] [INFO] New best validation loss: 1.2502 @ step 13
[GPU 0] [18:07:19] [INFO] New best validation loss: 1.2408 @ step 14
[GPU 0] [18:07:27] [INFO] New best validation loss: 1.2325 @ step 15
[GPU 0] [18:07:36] [INFO] New best validation loss: 1.2248 @ step 16
[GPU 0] [18:07:44] [INFO] New best validation loss: 1.2178 @ step 17
[GPU 0] [18:07:52] [INFO] New best validation loss: 1.2119 @ step 18
[GPU 0] [18:07:59] [INFO] New best validation loss: 1.2071 @ step 19
[GPU 0] [18:08:08] [INFO] New best validation loss: 1.2034 @ step 20
[GPU 0] [18:08:17] [INFO] New best validation loss: 1.1996 @ step 21
[GPU 0] [18:08:25] [INFO] New best validation loss: 1.1964 @ step 22
[GPU 0] [18:08:34] [INFO] New best validation loss: 1.1931 @ step 23
[GPU 0] [18:08:42] [INFO] New best validation loss: 1.1900 @ step 24
[GPU 0] [18:08:50] [INFO] New best validation loss: 1.1875 @ step 25
[GPU 0] [18:08:58] [INFO] New best validation loss: 1.1853 @ step 26
[GPU 0] [18:09:06] [INFO] New best validation loss: 1.1835 @ step 27
[GPU 0] [18:09:14] [INFO] New best validation loss: 1.1822 @ step 28
[GPU 0] [18:09:23] [INFO] New best validation loss: 1.1808 @ step 29
[GPU 0] [18:09:31] [INFO] New best validation loss: 1.1797 @ step 30
[GPU 0] [18:09:40] [INFO] New best validation loss: 1.1792 @ step 31
[GPU 0] [18:11:17] [INFO] Stop FT @ 43: no val improvement for 10 steps
[GPU 0] [18:11:17] [INFO] Wrote stats.jsonl entries at FT step 31 
[GPU 0] [18:11:18] [INFO] ---- Begin FT | Experts: ['core'] | Data: ['papers-biology'] ----
[GPU 0] [18:11:18] [DEBUG] num_seq: 512, num_rounds: 200, patience: 10
[GPU 0] [18:11:18] [DEBUG] local_x: torch.Size([64, 1024]), local_y: torch.Size([64, 1024]), num_steps: 3, per_gpu: 64, mbs_size: 27
[GPU 0] [18:11:26] [INFO] New best validation loss: 2.8927 @ step 0
[GPU 0] [18:11:35] [INFO] New best validation loss: 2.8671 @ step 1
[GPU 0] [18:11:43] [INFO] New best validation loss: 2.8616 @ step 2
[GPU 0] [18:11:51] [INFO] New best validation loss: 2.8541 @ step 3
[GPU 0] [18:12:00] [INFO] New best validation loss: 2.8500 @ step 4
[GPU 0] [18:12:08] [INFO] New best validation loss: 2.8492 @ step 5
[GPU 0] [18:12:15] [INFO] New best validation loss: 2.8483 @ step 6
[GPU 0] [18:12:23] [INFO] New best validation loss: 2.8477 @ step 7
[GPU 0] [18:13:54] [INFO] Stop FT @ 19: no val improvement for 10 steps
[GPU 0] [18:13:54] [INFO] Wrote stats.jsonl entries at FT step 7 
[GPU 0] [18:13:55] [INFO] ---- Begin FT | Experts: ['core'] | Data: ['papers-cyber'] ----
[GPU 0] [18:13:55] [DEBUG] num_seq: 512, num_rounds: 200, patience: 10
[GPU 0] [18:13:55] [DEBUG] local_x: torch.Size([64, 1024]), local_y: torch.Size([64, 1024]), num_steps: 3, per_gpu: 64, mbs_size: 27
[GPU 0] [18:14:04] [INFO] New best validation loss: 3.1223 @ step 0
[GPU 0] [18:14:12] [INFO] New best validation loss: 3.1075 @ step 1
[GPU 0] [18:14:20] [INFO] New best validation loss: 3.1040 @ step 2
[GPU 0] [18:14:29] [INFO] New best validation loss: 3.0994 @ step 3
[GPU 0] [18:14:37] [INFO] New best validation loss: 3.0964 @ step 4
[GPU 0] [18:14:44] [INFO] New best validation loss: 3.0958 @ step 5
[GPU 0] [18:16:15] [INFO] Stop FT @ 17: no val improvement for 10 steps
[GPU 0] [18:16:15] [INFO] Wrote stats.jsonl entries at FT step 5 
[GPU 0] [18:16:16] [INFO] ---- Begin FT | Experts: ['core'] | Data: ['papers-nuclear'] ----
[GPU 0] [18:16:16] [DEBUG] num_seq: 512, num_rounds: 200, patience: 10
[GPU 0] [18:16:16] [DEBUG] local_x: torch.Size([64, 1024]), local_y: torch.Size([64, 1024]), num_steps: 3, per_gpu: 64, mbs_size: 27
[GPU 0] [18:16:24] [INFO] New best validation loss: 3.2154 @ step 0
[GPU 0] [18:16:32] [INFO] New best validation loss: 3.1942 @ step 1
[GPU 0] [18:16:40] [INFO] New best validation loss: 3.1875 @ step 2
[GPU 0] [18:16:48] [INFO] New best validation loss: 3.1827 @ step 3
[GPU 0] [18:16:56] [INFO] New best validation loss: 3.1782 @ step 4
[GPU 0] [18:17:05] [INFO] New best validation loss: 3.1750 @ step 5
[GPU 0] [18:17:13] [INFO] New best validation loss: 3.1744 @ step 6
[GPU 0] [18:18:46] [INFO] Stop FT @ 18: no val improvement for 10 steps
[GPU 0] [18:18:46] [INFO] Wrote stats.jsonl entries at FT step 6 
[GPU 0] [18:18:46] [INFO] ROUTED - ADVERSARIAL FT START
[GPU 0] [18:18:47] [INFO] ---- Begin FT | Experts: ['code-lisp', 'core'] | Data: ['papers-biology'] ----
[GPU 0] [18:18:47] [DEBUG] num_seq: 512, num_rounds: 200, patience: 10
[GPU 0] [18:18:47] [DEBUG] local_x: torch.Size([64, 1024]), local_y: torch.Size([64, 1024]), num_steps: 3, per_gpu: 64, mbs_size: 27
[GPU 0] [18:18:56] [INFO] New best validation loss: 2.8974 @ step 0
[GPU 0] [18:19:04] [INFO] New best validation loss: 2.8696 @ step 1
[GPU 0] [18:19:12] [INFO] New best validation loss: 2.8643 @ step 2
[GPU 0] [18:19:21] [INFO] New best validation loss: 2.8570 @ step 3
[GPU 0] [18:19:29] [INFO] New best validation loss: 2.8526 @ step 4
[GPU 0] [18:19:38] [INFO] New best validation loss: 2.8511 @ step 5
[GPU 0] [18:19:46] [INFO] New best validation loss: 2.8491 @ step 6
[GPU 0] [18:19:54] [INFO] New best validation loss: 2.8480 @ step 7
[GPU 0] [18:21:34] [INFO] Stop FT @ 19: no val improvement for 10 steps
[GPU 0] [18:21:34] [INFO] Wrote stats.jsonl entries at FT step 7 
[GPU 0] [18:21:35] [INFO] ---- Begin FT | Experts: ['code-lisp', 'core'] | Data: ['papers-cyber'] ----
[GPU 0] [18:21:35] [DEBUG] num_seq: 512, num_rounds: 200, patience: 10
[GPU 0] [18:21:35] [DEBUG] local_x: torch.Size([64, 1024]), local_y: torch.Size([64, 1024]), num_steps: 3, per_gpu: 64, mbs_size: 27
[GPU 0] [18:21:44] [INFO] New best validation loss: 3.1307 @ step 0
[GPU 0] [18:21:52] [INFO] New best validation loss: 3.1099 @ step 1
[GPU 0] [18:22:02] [INFO] New best validation loss: 3.1084 @ step 2
[GPU 0] [18:22:11] [INFO] New best validation loss: 3.1033 @ step 3
[GPU 0] [18:22:19] [INFO] New best validation loss: 3.1008 @ step 4
[GPU 0] [18:22:27] [INFO] New best validation loss: 3.0993 @ step 5
[GPU 0] [18:24:02] [INFO] Stop FT @ 17: no val improvement for 10 steps
[GPU 0] [18:24:02] [INFO] Wrote stats.jsonl entries at FT step 5 
[GPU 0] [18:24:03] [INFO] ---- Begin FT | Experts: ['code-lisp', 'core'] | Data: ['papers-nuclear'] ----
[GPU 0] [18:24:03] [DEBUG] num_seq: 512, num_rounds: 200, patience: 10
[GPU 0] [18:24:03] [DEBUG] local_x: torch.Size([64, 1024]), local_y: torch.Size([64, 1024]), num_steps: 3, per_gpu: 64, mbs_size: 27
[GPU 0] [18:24:12] [INFO] New best validation loss: 3.2234 @ step 0
[GPU 0] [18:24:21] [INFO] New best validation loss: 3.1972 @ step 1
[GPU 0] [18:24:30] [INFO] New best validation loss: 3.1908 @ step 2
[GPU 0] [18:24:38] [INFO] New best validation loss: 3.1865 @ step 3
[GPU 0] [18:24:47] [INFO] New best validation loss: 3.1816 @ step 4
[GPU 0] [18:24:55] [INFO] New best validation loss: 3.1780 @ step 5
[GPU 0] [18:25:04] [INFO] New best validation loss: 3.1757 @ step 6
[GPU 0] [18:26:40] [INFO] Stop FT @ 18: no val improvement for 10 steps
[GPU 0] [18:26:40] [INFO] Wrote stats.jsonl entries at FT step 6 
[GPU 0] [18:26:41] [INFO] ROUTED - ADVERSARIAL FT START
[GPU 0] [18:26:41] [INFO] ---- Begin FT | Experts: ['core', 'papers-biology'] | Data: ['code-lisp'] ----
[GPU 0] [18:26:41] [DEBUG] num_seq: 512, num_rounds: 200, patience: 10
[GPU 0] [18:26:41] [DEBUG] local_x: torch.Size([64, 1024]), local_y: torch.Size([64, 1024]), num_steps: 3, per_gpu: 64, mbs_size: 27
[GPU 0] [18:26:50] [INFO] New best validation loss: 1.5765 @ step 0
[GPU 0] [18:26:59] [INFO] New best validation loss: 1.5141 @ step 1
[GPU 0] [18:27:08] [INFO] New best validation loss: 1.4638 @ step 2
[GPU 0] [18:27:16] [INFO] New best validation loss: 1.4262 @ step 3
[GPU 0] [18:27:25] [INFO] New best validation loss: 1.3963 @ step 4
[GPU 0] [18:27:34] [INFO] New best validation loss: 1.3704 @ step 5
[GPU 0] [18:27:42] [INFO] New best validation loss: 1.3475 @ step 6
[GPU 0] [18:27:51] [INFO] New best validation loss: 1.3279 @ step 7
[GPU 0] [18:27:59] [INFO] New best validation loss: 1.3106 @ step 8
[GPU 0] [18:28:08] [INFO] New best validation loss: 1.2947 @ step 9
[GPU 0] [18:28:17] [INFO] New best validation loss: 1.2804 @ step 10
[GPU 0] [18:28:25] [INFO] New best validation loss: 1.2681 @ step 11
[GPU 0] [18:28:34] [INFO] New best validation loss: 1.2572 @ step 12
[GPU 0] [18:28:43] [INFO] New best validation loss: 1.2471 @ step 13
[GPU 0] [18:28:52] [INFO] New best validation loss: 1.2382 @ step 14
[GPU 0] [18:29:00] [INFO] New best validation loss: 1.2299 @ step 15
[GPU 0] [18:29:10] [INFO] New best validation loss: 1.2222 @ step 16
[GPU 0] [18:29:18] [INFO] New best validation loss: 1.2155 @ step 17
[GPU 0] [18:29:26] [INFO] New best validation loss: 1.2098 @ step 18
[GPU 0] [18:29:35] [INFO] New best validation loss: 1.2053 @ step 19
[GPU 0] [18:29:44] [INFO] New best validation loss: 1.2014 @ step 20
[GPU 0] [18:29:52] [INFO] New best validation loss: 1.1980 @ step 21
[GPU 0] [18:30:01] [INFO] New best validation loss: 1.1949 @ step 22
[GPU 0] [18:30:15] [INFO] New best validation loss: 1.1914 @ step 23
[GPU 0] [18:30:24] [INFO] New best validation loss: 1.1884 @ step 24
[GPU 0] [18:30:33] [INFO] New best validation loss: 1.1859 @ step 25
[GPU 0] [18:30:41] [INFO] New best validation loss: 1.1838 @ step 26
[GPU 0] [18:30:50] [INFO] New best validation loss: 1.1824 @ step 27
[GPU 0] [18:30:58] [INFO] New best validation loss: 1.1809 @ step 28
[GPU 0] [18:31:07] [INFO] New best validation loss: 1.1796 @ step 29
[GPU 0] [18:31:15] [INFO] New best validation loss: 1.1789 @ step 30
[GPU 0] [18:31:24] [INFO] New best validation loss: 1.1787 @ step 31
[GPU 0] [18:33:00] [INFO] Stop FT @ 43: no val improvement for 10 steps
[GPU 0] [18:33:00] [INFO] Wrote stats.jsonl entries at FT step 31 
[GPU 0] [18:33:01] [INFO] ---- Begin FT | Experts: ['core', 'papers-biology'] | Data: ['papers-cyber'] ----
[GPU 0] [18:33:01] [DEBUG] num_seq: 512, num_rounds: 200, patience: 10
[GPU 0] [18:33:01] [DEBUG] local_x: torch.Size([64, 1024]), local_y: torch.Size([64, 1024]), num_steps: 3, per_gpu: 64, mbs_size: 27
[GPU 0] [18:33:09] [INFO] New best validation loss: 3.1243 @ step 0
[GPU 0] [18:33:17] [INFO] New best validation loss: 3.1082 @ step 1
[GPU 0] [18:33:26] [INFO] New best validation loss: 3.1034 @ step 2
[GPU 0] [18:33:35] [INFO] New best validation loss: 3.0990 @ step 3
[GPU 0] [18:33:43] [INFO] New best validation loss: 3.0958 @ step 4
[GPU 0] [18:33:52] [INFO] New best validation loss: 3.0954 @ step 5
[GPU 0] [18:35:29] [INFO] Stop FT @ 17: no val improvement for 10 steps
[GPU 0] [18:35:29] [INFO] Wrote stats.jsonl entries at FT step 5 
[GPU 0] [18:35:30] [INFO] ---- Begin FT | Experts: ['core', 'papers-biology'] | Data: ['papers-nuclear'] ----
[GPU 0] [18:35:30] [DEBUG] num_seq: 512, num_rounds: 200, patience: 10
[GPU 0] [18:35:30] [DEBUG] local_x: torch.Size([64, 1024]), local_y: torch.Size([64, 1024]), num_steps: 3, per_gpu: 64, mbs_size: 27
[GPU 0] [18:35:39] [INFO] New best validation loss: 3.2136 @ step 0
[GPU 0] [18:35:48] [INFO] New best validation loss: 3.1911 @ step 1
[GPU 0] [18:35:57] [INFO] New best validation loss: 3.1848 @ step 2
[GPU 0] [18:36:05] [INFO] New best validation loss: 3.1805 @ step 3
[GPU 0] [18:36:14] [INFO] New best validation loss: 3.1766 @ step 4
[GPU 0] [18:36:23] [INFO] New best validation loss: 3.1740 @ step 5
[GPU 0] [18:36:31] [INFO] New best validation loss: 3.1734 @ step 6
[GPU 0] [18:38:06] [INFO] Stop FT @ 18: no val improvement for 10 steps
[GPU 0] [18:38:06] [INFO] Wrote stats.jsonl entries at FT step 6 
[GPU 0] [18:38:06] [INFO] ROUTED - ADVERSARIAL FT START
[GPU 0] [18:38:07] [INFO] ---- Begin FT | Experts: ['core', 'papers-nuclear'] | Data: ['code-lisp'] ----
[GPU 0] [18:38:07] [DEBUG] num_seq: 512, num_rounds: 200, patience: 10
[GPU 0] [18:38:07] [DEBUG] local_x: torch.Size([64, 1024]), local_y: torch.Size([64, 1024]), num_steps: 3, per_gpu: 64, mbs_size: 27
[GPU 0] [18:38:15] [INFO] New best validation loss: 1.5783 @ step 0
[GPU 0] [18:38:24] [INFO] New best validation loss: 1.5171 @ step 1
[GPU 0] [18:38:32] [INFO] New best validation loss: 1.4662 @ step 2
[GPU 0] [18:38:41] [INFO] New best validation loss: 1.4270 @ step 3
[GPU 0] [18:38:50] [INFO] New best validation loss: 1.3970 @ step 4
[GPU 0] [18:38:58] [INFO] New best validation loss: 1.3721 @ step 5
[GPU 0] [18:39:07] [INFO] New best validation loss: 1.3488 @ step 6
[GPU 0] [18:39:15] [INFO] New best validation loss: 1.3290 @ step 7
[GPU 0] [18:39:24] [INFO] New best validation loss: 1.3119 @ step 8
[GPU 0] [18:39:33] [INFO] New best validation loss: 1.2960 @ step 9
[GPU 0] [18:39:41] [INFO] New best validation loss: 1.2814 @ step 10
[GPU 0] [18:39:50] [INFO] New best validation loss: 1.2693 @ step 11
[GPU 0] [18:39:59] [INFO] New best validation loss: 1.2585 @ step 12
[GPU 0] [18:40:12] [INFO] New best validation loss: 1.2484 @ step 13
[GPU 0] [18:40:22] [INFO] New best validation loss: 1.2393 @ step 14
[GPU 0] [18:40:30] [INFO] New best validation loss: 1.2310 @ step 15
[GPU 0] [18:40:39] [INFO] New best validation loss: 1.2235 @ step 16
[GPU 0] [18:40:47] [INFO] New best validation loss: 1.2164 @ step 17
[GPU 0] [18:40:56] [INFO] New best validation loss: 1.2105 @ step 18
[GPU 0] [18:41:05] [INFO] New best validation loss: 1.2057 @ step 19
[GPU 0] [18:41:13] [INFO] New best validation loss: 1.2021 @ step 20
[GPU 0] [18:41:23] [INFO] New best validation loss: 1.1987 @ step 21
[GPU 0] [18:41:31] [INFO] New best validation loss: 1.1956 @ step 22
[GPU 0] [18:41:40] [INFO] New best validation loss: 1.1921 @ step 23
[GPU 0] [18:41:49] [INFO] New best validation loss: 1.1890 @ step 24
[GPU 0] [18:41:58] [INFO] New best validation loss: 1.1865 @ step 25
[GPU 0] [18:42:06] [INFO] New best validation loss: 1.1841 @ step 26
[GPU 0] [18:42:15] [INFO] New best validation loss: 1.1826 @ step 27
[GPU 0] [18:42:25] [INFO] New best validation loss: 1.1814 @ step 28
[GPU 0] [18:42:33] [INFO] New best validation loss: 1.1800 @ step 29
[GPU 0] [18:42:41] [INFO] New best validation loss: 1.1790 @ step 30
[GPU 0] [18:42:49] [INFO] New best validation loss: 1.1785 @ step 31
[GPU 0] [18:44:24] [INFO] Stop FT @ 43: no val improvement for 10 steps
[GPU 0] [18:44:24] [INFO] Wrote stats.jsonl entries at FT step 31 
[GPU 0] [18:44:25] [INFO] ---- Begin FT | Experts: ['core', 'papers-nuclear'] | Data: ['papers-biology'] ----
[GPU 0] [18:44:25] [DEBUG] num_seq: 512, num_rounds: 200, patience: 10
[GPU 0] [18:44:25] [DEBUG] local_x: torch.Size([64, 1024]), local_y: torch.Size([64, 1024]), num_steps: 3, per_gpu: 64, mbs_size: 27
[GPU 0] [18:44:33] [INFO] New best validation loss: 2.9051 @ step 0
[GPU 0] [18:44:42] [INFO] New best validation loss: 2.8646 @ step 1
[GPU 0] [18:44:50] [INFO] New best validation loss: 2.8635 @ step 2
[GPU 0] [18:44:59] [INFO] New best validation loss: 2.8571 @ step 3
[GPU 0] [18:45:08] [INFO] New best validation loss: 2.8501 @ step 4
[GPU 0] [18:45:16] [INFO] New best validation loss: 2.8480 @ step 5
[GPU 0] [18:45:24] [INFO] New best validation loss: 2.8477 @ step 6
[GPU 0] [18:47:00] [INFO] Stop FT @ 18: no val improvement for 10 steps
[GPU 0] [18:47:00] [INFO] Wrote stats.jsonl entries at FT step 6 
[GPU 0] [18:47:01] [INFO] ---- Begin FT | Experts: ['core', 'papers-nuclear'] | Data: ['papers-cyber'] ----
[GPU 0] [18:47:01] [DEBUG] num_seq: 512, num_rounds: 200, patience: 10
[GPU 0] [18:47:01] [DEBUG] local_x: torch.Size([64, 1024]), local_y: torch.Size([64, 1024]), num_steps: 3, per_gpu: 64, mbs_size: 27
[GPU 0] [18:47:09] [INFO] New best validation loss: 3.1259 @ step 0
[GPU 0] [18:47:18] [INFO] New best validation loss: 3.1035 @ step 1
[GPU 0] [18:47:26] [INFO] New best validation loss: 3.0971 @ step 2
[GPU 0] [18:47:34] [INFO] New best validation loss: 3.0946 @ step 3
[GPU 0] [18:47:43] [INFO] New best validation loss: 3.0907 @ step 4
[GPU 0] [18:47:51] [INFO] New best validation loss: 3.0890 @ step 5
[GPU 0] [18:49:24] [INFO] Stop FT @ 17: no val improvement for 10 steps
[GPU 0] [18:49:24] [INFO] Wrote stats.jsonl entries at FT step 5 
[GPU 0] [18:49:25] [INFO] ROUTED - ADVERSARIAL FT START
[GPU 0] [18:49:25] [INFO] ---- Begin FT | Experts: ['core', 'papers-cyber'] | Data: ['code-lisp'] ----
[GPU 0] [18:49:25] [DEBUG] num_seq: 512, num_rounds: 200, patience: 10
[GPU 0] [18:49:25] [DEBUG] local_x: torch.Size([64, 1024]), local_y: torch.Size([64, 1024]), num_steps: 3, per_gpu: 64, mbs_size: 27
[GPU 0] [18:49:34] [INFO] New best validation loss: 1.5774 @ step 0
[GPU 0] [18:49:43] [INFO] New best validation loss: 1.5142 @ step 1
[GPU 0] [18:49:51] [INFO] New best validation loss: 1.4632 @ step 2
[GPU 0] [18:50:00] [INFO] New best validation loss: 1.4250 @ step 3
[GPU 0] [18:50:14] [INFO] New best validation loss: 1.3957 @ step 4
[GPU 0] [18:50:23] [INFO] New best validation loss: 1.3696 @ step 5
[GPU 0] [18:50:31] [INFO] New best validation loss: 1.3466 @ step 6
[GPU 0] [18:50:39] [INFO] New best validation loss: 1.3271 @ step 7
[GPU 0] [18:50:47] [INFO] New best validation loss: 1.3096 @ step 8
[GPU 0] [18:50:56] [INFO] New best validation loss: 1.2936 @ step 9
[GPU 0] [18:51:05] [INFO] New best validation loss: 1.2795 @ step 10
[GPU 0] [18:51:14] [INFO] New best validation loss: 1.2674 @ step 11
[GPU 0] [18:51:23] [INFO] New best validation loss: 1.2567 @ step 12
[GPU 0] [18:51:32] [INFO] New best validation loss: 1.2469 @ step 13
[GPU 0] [18:51:40] [INFO] New best validation loss: 1.2381 @ step 14
[GPU 0] [18:51:49] [INFO] New best validation loss: 1.2294 @ step 15
[GPU 0] [18:51:57] [INFO] New best validation loss: 1.2217 @ step 16
[GPU 0] [18:52:06] [INFO] New best validation loss: 1.2151 @ step 17
[GPU 0] [18:52:14] [INFO] New best validation loss: 1.2096 @ step 18
[GPU 0] [18:52:24] [INFO] New best validation loss: 1.2050 @ step 19
[GPU 0] [18:52:33] [INFO] New best validation loss: 1.2012 @ step 20
[GPU 0] [18:52:42] [INFO] New best validation loss: 1.1975 @ step 21
[GPU 0] [18:52:51] [INFO] New best validation loss: 1.1941 @ step 22
[GPU 0] [18:52:59] [INFO] New best validation loss: 1.1905 @ step 23
[GPU 0] [18:53:08] [INFO] New best validation loss: 1.1876 @ step 24
[GPU 0] [18:53:17] [INFO] New best validation loss: 1.1853 @ step 25
[GPU 0] [18:53:25] [INFO] New best validation loss: 1.1833 @ step 26
[GPU 0] [18:53:34] [INFO] New best validation loss: 1.1819 @ step 27
[GPU 0] [18:53:43] [INFO] New best validation loss: 1.1805 @ step 28
[GPU 0] [18:53:51] [INFO] New best validation loss: 1.1793 @ step 29
[GPU 0] [18:54:00] [INFO] New best validation loss: 1.1783 @ step 30
[GPU 0] [18:55:35] [INFO] Stop FT @ 42: no val improvement for 10 steps
[GPU 0] [18:55:35] [INFO] Wrote stats.jsonl entries at FT step 30 
[GPU 0] [18:55:36] [INFO] ---- Begin FT | Experts: ['core', 'papers-cyber'] | Data: ['papers-biology'] ----
[GPU 0] [18:55:36] [DEBUG] num_seq: 512, num_rounds: 200, patience: 10
[GPU 0] [18:55:36] [DEBUG] local_x: torch.Size([64, 1024]), local_y: torch.Size([64, 1024]), num_steps: 3, per_gpu: 64, mbs_size: 27
[GPU 0] [18:55:45] [INFO] New best validation loss: 2.8985 @ step 0
[GPU 0] [18:55:54] [INFO] New best validation loss: 2.8674 @ step 1
[GPU 0] [18:56:02] [INFO] New best validation loss: 2.8629 @ step 2
[GPU 0] [18:56:11] [INFO] New best validation loss: 2.8549 @ step 3
[GPU 0] [18:56:20] [INFO] New best validation loss: 2.8500 @ step 4
[GPU 0] [18:56:29] [INFO] New best validation loss: 2.8490 @ step 5
[GPU 0] [18:56:37] [INFO] New best validation loss: 2.8490 @ step 6
[GPU 0] [18:58:13] [INFO] Stop FT @ 18: no val improvement for 10 steps
[GPU 0] [18:58:13] [INFO] Wrote stats.jsonl entries at FT step 6 
[GPU 0] [18:58:14] [INFO] ---- Begin FT | Experts: ['core', 'papers-cyber'] | Data: ['papers-nuclear'] ----
[GPU 0] [18:58:14] [DEBUG] num_seq: 512, num_rounds: 200, patience: 10
[GPU 0] [18:58:14] [DEBUG] local_x: torch.Size([64, 1024]), local_y: torch.Size([64, 1024]), num_steps: 3, per_gpu: 64, mbs_size: 27
[GPU 0] [18:58:24] [INFO] New best validation loss: 3.2193 @ step 0
[GPU 0] [18:58:32] [INFO] New best validation loss: 3.1943 @ step 1
[GPU 0] [18:58:40] [INFO] New best validation loss: 3.1858 @ step 2
[GPU 0] [18:58:49] [INFO] New best validation loss: 3.1820 @ step 3
[GPU 0] [18:58:57] [INFO] New best validation loss: 3.1777 @ step 4
[GPU 0] [18:59:06] [INFO] New best validation loss: 3.1745 @ step 5
[GPU 0] [18:59:14] [INFO] New best validation loss: 3.1728 @ step 6
[GPU 0] [19:00:56] [INFO] Stop FT @ 18: no val improvement for 10 steps
[GPU 0] [19:00:56] [INFO] Wrote stats.jsonl entries at FT step 6 
