[GPU 0] [05:17:00] [INFO] Number of GPUs: 8
[GPU 0] [05:17:01] [INFO] Tokenizer vocabulary: 50257
[GPU 0] [05:17:01] [INFO] Set model vocab size to nearest multiple of 64 of tokenizer size: 50304
[GPU 0] [05:17:03] [INFO] target effective batch size: 256, actual effective batch size: 264, micro batch size: 33, accumulation steps: 1, num gpus: 8
[GPU 0] [05:17:03] [INFO] core total number of tokens: 124693822984
[GPU 0] [05:17:03] [INFO] Baseline model has 199,891,008 parameters
[GPU 0] [05:17:03] [INFO] core: chinchilla optimal tokens: 3,997,820,160, requested proportion: 1.0000, requested number of tokens: 3,997,820,160.0, 
[GPU 0] [05:17:03] [INFO] aux total number of tokens: 4835776549
[GPU 0] [05:17:03] [INFO] Baseline model has 199,891,008 parameters
[GPU 0] [05:17:03] [INFO] aux: chinchilla optimal tokens: 3,997,820,160, requested proportion: 0.0100, requested number of tokens: 39,978,201.6, 
[GPU 0] [05:17:03] [DEBUG] Saved config to /workspace/gradient-routing/experiments/AGI-1699-New-Dataset-Runs/results/optimize/base/realistic/200M/seed_2/20260421051653345385/config.json
[GPU 0] [05:17:03] [DEBUG] {
    "stages": [
        {
            "name": "baseline",
            "num_checkpoints": -1,
            "lr": 0.0008,
            "res_dir": "/workspace/gradient-routing/experiments/AGI-1699-New-Dataset-Runs/results/optimize/base/realistic/200M/seed_2/20260421051653345385/baseline",
            "do_eval": true,
            "do_sample": false,
            "num_train_evals": 0,
            "do_elicit": false,
            "elicit_eval_prc": 0.5,
            "elicit_num_evals": 100
        }
    ],
    "model": {
        "arch": "base",
        "tokenizer": "GPT2Tokenizer(name_or_path='EleutherAI/gpt-neo-125M', vocab_size=50257, model_max_length=2048, padding_side='right', truncation_side='right', special_tokens={'bos_token': '<|endoftext|>', 'eos_token': '<|endoftext|>', 'unk_token': '<|endoftext|>'}, added_tokens_decoder={\n\t50256: AddedToken(\"<|endoftext|>\", rstrip=False, lstrip=False, single_word=False, normalized=True, special=True),\n}\n)",
        "ctx_len": 1024,
        "vocab_size": 50304,
        "num_layers": 13,
        "num_heads": 8,
        "num_key_value": 2,
        "attn_bias": true,
        "eos_token_id": 50256,
        "embed_dim": 896,
        "mlp_dim": 3584
    },
    "data": {
        "dirs": [
            "/workspace/gradient-routing/experiments/AGI-1699-New-Dataset-Runs/src/data/fineweb",
            "/workspace/gradient-routing/experiments/AGI-1699-New-Dataset-Runs/src/data/code",
            "/workspace/gradient-routing/experiments/AGI-1699-New-Dataset-Runs/src/data/papers"
        ],
        "core": {
            "labels": [
                "fineweb",
                "code-other",
                "papers-other"
            ],
            "method": "optimal",
            "limit": 1.0,
            "dist": {
                "fineweb": 0.84,
                "code-other": 0.15,
                "papers-other": 0.01
            },
            "num_tok": 3997820160.0
        },
        "aux": {
            "labels": [
                "code-lisp",
                "papers-biology",
                "papers-nuclear",
                "papers-cyber"
            ],
            "method": "optimal",
            "limit": 0.01,
            "dist": {
                "code-lisp": 0.25,
                "papers-biology": 0.25,
                "papers-nuclear": 0.25,
                "papers-cyber": 0.25
            },
            "num_tok": 39978201.6
        }
    },
    "run": {
        "target_effective_batch_size": 256,
        "effective_batch_size": 264,
        "micro_batch_size": 33,
        "accumulation_steps": 1,
        "max_num_test_sequences": 10000,
        "eval_all_labels": false,
        "micro_batch_anchors": [
            [
                400000000.0,
                23
            ],
            [
                5000000000.0,
                2
            ]
        ],
        "epochs": 1,
        "adam_betas": [
            0.9,
            0.95
        ],
        "warmup_prc": 0.02,
        "decay_prc": 0.1,
        "seed": 2,
        "compile": true,
        "is_ddp": true,
        "optimize_routed": true,
        "cleanup_distributed": false,
        "log_level": "DEBUG",
        "num_gpus": 8,
        "process_id": 0,
        "num_base_params": 199891008,
        "device": "cuda",
        "logger": "<Logger training_20260421051653345385 (DEBUG)>",
        "labels": [
            "core",
            "code-lisp",
            "papers-biology",
            "papers-cyber",
            "papers-nuclear"
        ],
        "loaders": {
            "code-lisp": {
                "train": "SingleDataLoader(code-lisp_train_001.bin, len=36)",
                "test": "InterleavedDataLoader(len=36)"
            },
            "code-other": {
                "train": "SingleDataLoader(code-other_train_003.bin, len=2218)",
                "test": "InterleavedDataLoader(len=38)"
            },
            "fineweb": {
                "train": "InterleavedDataLoader(len=12422)",
                "test": "InterleavedDataLoader(len=38)"
            },
            "papers-biology": {
                "train": "SingleDataLoader(papers-biology_train.bin, len=36)",
                "test": "SingleDataLoader(papers-biology_test.bin, len=36)"
            },
            "papers-cyber": {
                "train": "SingleDataLoader(papers-cyber_train.bin, len=36)",
                "test": "SingleDataLoader(papers-cyber_test.bin, len=36)"
            },
            "papers-nuclear": {
                "train": "SingleDataLoader(papers-nuclear_train.bin, len=36)",
                "test": "SingleDataLoader(papers-nuclear_test.bin, len=36)"
            },
            "papers-other": {
                "train": "SingleDataLoader(papers-other_train.bin, len=147)",
                "test": "SingleDataLoader(papers-other_test.bin, len=38)"
            },
            "core": {
                "train": "InterleavedDataLoader(len=14787)",
                "test": "InterleavedDataLoader(len=114)"
            },
            "aux": {
                "train": "InterleavedDataLoader(len=144)",
                "test": "InterleavedDataLoader(len=144)"
            },
            "all": {
                "train": "InterleavedDataLoader(len=14931)",
                "test": "InterleavedDataLoader(len=258)"
            }
        },
        "res_root": "/workspace/gradient-routing/experiments/AGI-1699-New-Dataset-Runs/results/optimize/base/realistic/200M/seed_2",
        "experiment_id": "20260421051653345385",
        "s3_bucket": "ae-gradient-routing-results",
        "s3_prefix": "optimize/base/realistic/200M/seed_2"
    }
}
[GPU 0] [05:17:03] [INFO] Loader code-lisp train: 36, test: 36
[GPU 0] [05:17:03] [INFO] Loader code-other train: 2218, test: 38
[GPU 0] [05:17:03] [INFO] Loader fineweb train: 12422, test: 38
[GPU 0] [05:17:03] [INFO] Loader papers-biology train: 36, test: 36
[GPU 0] [05:17:03] [INFO] Loader papers-cyber train: 36, test: 36
[GPU 0] [05:17:03] [INFO] Loader papers-nuclear train: 36, test: 36
[GPU 0] [05:17:03] [INFO] Loader papers-other train: 147, test: 38
[GPU 0] [05:17:03] [INFO] Loader core train: 14787, test: 114
[GPU 0] [05:17:03] [INFO] Loader aux train: 144, test: 144
[GPU 0] [05:17:03] [INFO] Loader all train: 14931, test: 258
[GPU 0] [05:17:03] [INFO] Stage [baseline] start: {"name": "baseline", "num_checkpoints": -1, "lr": 0.0008, "res_dir": "/workspace/gradient-routing/experiments/AGI-1699-New-Dataset-Runs/results/optimize/base/realistic/200M/seed_2/20260421051653345385/baseline", "do_eval": true, "do_sample": false, "num_train_evals": 0, "do_elicit": false, "elicit_eval_prc": 0.5, "elicit_num_evals": 100}
[GPU 0] [05:17:03] [INFO] BASELINE START
[GPU 0] [05:17:04] [INFO] Initialized BaseTransformer with 199,891,008 total parameters
[GPU 0] [05:17:04] [INFO] Compiling BaseTransformer with torch.compile...
[GPU 0] [05:17:04] [INFO] torch.compile done
[GPU 0] [05:17:05] [WARNING] restore_partial_state: no checkpoint found at /workspace/gradient-routing/experiments/AGI-1699-New-Dataset-Runs/results/optimize/base/realistic/200M/seed_2/20260421051653345385/baseline
[GPU 0] [05:17:05] [INFO] ---- Begin Train | Data Labels: ['all'] ----
[GPU 0] [05:17:05] [INFO] warmup_steps: 299
[GPU 0] [05:17:05] [INFO] constant_steps: 13139
[GPU 0] [05:17:05] [INFO] decay_steps: 1493
[GPU 0] [05:17:05] [INFO] LR Scheduler: Warmup Start
[GPU 0] [05:17:27] [INFO] Step: 1, LR: 2.69e-06
[GPU 0] [05:17:27] [INFO] Train Loss: CORE: 11.00 CODE-LISP: nan PAPERS-BIOLOGY: nan PAPERS-CYBER: nan PAPERS-NUCLEAR: nan 
[GPU 0] [05:18:16] [INFO] LR Scheduler: Constant Start
[GPU 0] [05:20:10] [INFO] Step: 1000, LR: 8.00e-04
[GPU 0] [05:20:10] [INFO] Train Loss: CORE: 4.17 CODE-LISP: 4.73 PAPERS-BIOLOGY: 5.67 PAPERS-CYBER: nan PAPERS-NUCLEAR: 5.15 
[GPU 0] [05:22:52] [INFO] Step: 2000, LR: 8.00e-04
[GPU 0] [05:22:52] [INFO] Train Loss: CORE: 3.16 CODE-LISP: 3.86 PAPERS-BIOLOGY: 5.41 PAPERS-CYBER: 3.95 PAPERS-NUCLEAR: 4.90 
[GPU 0] [05:25:35] [INFO] Step: 3000, LR: 8.00e-04
[GPU 0] [05:25:35] [INFO] Train Loss: CORE: 3.28 CODE-LISP: 3.29 PAPERS-BIOLOGY: 5.17 PAPERS-CYBER: 3.83 PAPERS-NUCLEAR: 4.90 
[GPU 0] [05:28:18] [INFO] Step: 4000, LR: 8.00e-04
[GPU 0] [05:28:18] [INFO] Train Loss: CORE: 3.00 CODE-LISP: 2.63 PAPERS-BIOLOGY: 5.17 PAPERS-CYBER: 3.72 PAPERS-NUCLEAR: 4.90 
[GPU 0] [05:31:00] [INFO] Step: 5000, LR: 8.00e-04
[GPU 0] [05:31:00] [INFO] Train Loss: CORE: 2.90 CODE-LISP: 1.88 PAPERS-BIOLOGY: 4.95 PAPERS-CYBER: 3.52 PAPERS-NUCLEAR: 4.47 
[GPU 0] [05:33:43] [INFO] Step: 6000, LR: 8.00e-04
[GPU 0] [05:33:43] [INFO] Train Loss: CORE: 2.85 CODE-LISP: 1.73 PAPERS-BIOLOGY: 4.76 PAPERS-CYBER: 3.52 PAPERS-NUCLEAR: 4.10 
[GPU 0] [05:36:25] [INFO] Step: 7000, LR: 8.00e-04
[GPU 0] [05:36:25] [INFO] Train Loss: CORE: 3.34 CODE-LISP: 1.65 PAPERS-BIOLOGY: 3.43 PAPERS-CYBER: 3.51 PAPERS-NUCLEAR: 3.89 
[GPU 0] [05:39:08] [INFO] Step: 8000, LR: 8.00e-04
[GPU 0] [05:39:08] [INFO] Train Loss: CORE: 3.32 CODE-LISP: 1.58 PAPERS-BIOLOGY: 3.11 PAPERS-CYBER: 3.50 PAPERS-NUCLEAR: 3.48 
[GPU 0] [05:41:50] [INFO] Step: 9000, LR: 8.00e-04
[GPU 0] [05:41:50] [INFO] Train Loss: CORE: 3.04 CODE-LISP: 1.57 PAPERS-BIOLOGY: 3.07 PAPERS-CYBER: 3.39 PAPERS-NUCLEAR: 3.40 
[GPU 0] [05:44:33] [INFO] Step: 10000, LR: 8.00e-04
[GPU 0] [05:44:33] [INFO] Train Loss: CORE: 3.03 CODE-LISP: 1.45 PAPERS-BIOLOGY: 3.03 PAPERS-CYBER: 3.37 PAPERS-NUCLEAR: 3.39 
[GPU 0] [05:47:15] [INFO] Step: 11000, LR: 8.00e-04
[GPU 0] [05:47:15] [INFO] Train Loss: CORE: 2.99 CODE-LISP: 1.43 PAPERS-BIOLOGY: 3.03 PAPERS-CYBER: 3.30 PAPERS-NUCLEAR: 3.37 
[GPU 0] [05:49:58] [INFO] Step: 12000, LR: 8.00e-04
[GPU 0] [05:49:58] [INFO] Train Loss: CORE: 2.99 CODE-LISP: 1.41 PAPERS-BIOLOGY: 3.01 PAPERS-CYBER: 3.30 PAPERS-NUCLEAR: 3.36 
[GPU 0] [05:52:40] [INFO] Step: 13000, LR: 8.00e-04
[GPU 0] [05:52:40] [INFO] Train Loss: CORE: 2.68 CODE-LISP: 1.39 PAPERS-BIOLOGY: 3.00 PAPERS-CYBER: 3.29 PAPERS-NUCLEAR: 3.36 
[GPU 0] [05:53:52] [INFO] LR Scheduler: Decay Start
[GPU 0] [05:55:23] [INFO] Step: 14000, LR: 4.99e-04
[GPU 0] [05:55:23] [INFO] Train Loss: CORE: 2.70 CODE-LISP: 1.36 PAPERS-BIOLOGY: 2.96 PAPERS-CYBER: 3.26 PAPERS-NUCLEAR: 3.35 
[GPU 0] [05:57:54] [INFO] Step: 14931, LR: 1.00e-08
[GPU 0] [05:57:54] [INFO] Train Loss: CORE: 2.86 CODE-LISP: 1.34 PAPERS-BIOLOGY: 2.93 PAPERS-CYBER: 3.19 PAPERS-NUCLEAR: 3.32 
[GPU 0] [05:57:55] [INFO] ---- Begin Eval ----
[GPU 0] [05:57:55] [INFO] Data: core | Experts: None
[GPU 0] [05:58:12] [INFO] loss: 2.24243164
[GPU 0] [05:58:12] [INFO] Data: code-lisp | Experts: None
[GPU 0] [05:58:15] [INFO] loss: 1.22043192
[GPU 0] [05:58:15] [INFO] Data: papers-biology | Experts: None
[GPU 0] [05:58:17] [INFO] loss: 2.82416439
[GPU 0] [05:58:17] [INFO] Data: papers-nuclear | Experts: None
[GPU 0] [05:58:20] [INFO] loss: 3.17409945
[GPU 0] [05:58:20] [INFO] Data: papers-cyber | Experts: None
[GPU 0] [05:58:22] [INFO] loss: 3.09109139
[GPU 0] [05:58:23] [INFO] ----------------------------------------
[GPU 0] [05:58:23] [INFO] Finished. See /workspace/gradient-routing/experiments/AGI-1699-New-Dataset-Runs/results/optimize/base/realistic/200M/seed_2/20260421051653345385
