[GPU 0] [20:24:34] [INFO] Number of GPUs: 8
[GPU 0] [20:24:35] [INFO] Tokenizer vocabulary: 50257
[GPU 0] [20:24:35] [INFO] Set model vocab size to nearest multiple of 64 of tokenizer size: 50304
[GPU 0] [20:24:37] [INFO] target effective batch size: 256, actual effective batch size: 256, micro batch size: 16, accumulation steps: 2, num gpus: 8
[GPU 0] [20:24:37] [INFO] core total number of tokens: 124693822984
[GPU 0] [20:24:37] [INFO] Baseline model has 402,064,768 parameters
[GPU 0] [20:24:37] [INFO] core: chinchilla optimal tokens: 8,041,295,360, requested proportion: 1.0000, requested number of tokens: 8,041,295,360.0, 
[GPU 0] [20:24:37] [INFO] aux total number of tokens: 4835776549
[GPU 0] [20:24:37] [INFO] Baseline model has 402,064,768 parameters
[GPU 0] [20:24:37] [INFO] aux: chinchilla optimal tokens: 8,041,295,360, requested proportion: 0.0100, requested number of tokens: 80,412,953.60000001, 
[GPU 0] [20:24:37] [DEBUG] Saved config to /workspace/gradient-routing/experiments/AGI-1699-New-Dataset-Runs/results/optimize/base/realistic/400M/seed_1/20260420202426989573/config.json
[GPU 0] [20:24:37] [DEBUG] {
    "stages": [
        {
            "name": "baseline",
            "num_checkpoints": -1,
            "lr": 0.0002,
            "res_dir": "/workspace/gradient-routing/experiments/AGI-1699-New-Dataset-Runs/results/optimize/base/realistic/400M/seed_1/20260420202426989573/baseline",
            "do_eval": true,
            "do_sample": false,
            "num_train_evals": 0,
            "do_elicit": false,
            "elicit_eval_prc": 0.5,
            "elicit_num_evals": 100
        }
    ],
    "model": {
        "arch": "base",
        "tokenizer": "GPT2Tokenizer(name_or_path='EleutherAI/gpt-neo-125M', vocab_size=50257, model_max_length=2048, padding_side='right', truncation_side='right', special_tokens={'bos_token': '<|endoftext|>', 'eos_token': '<|endoftext|>', 'unk_token': '<|endoftext|>'}, added_tokens_decoder={\n\t50256: AddedToken(\"<|endoftext|>\", rstrip=False, lstrip=False, single_word=False, normalized=True, special=True),\n}\n)",
        "ctx_len": 1024,
        "vocab_size": 50304,
        "num_layers": 18,
        "num_heads": 8,
        "num_key_value": 2,
        "attn_bias": true,
        "eos_token_id": 50256,
        "embed_dim": 1216,
        "mlp_dim": 4864
    },
    "data": {
        "dirs": [
            "/workspace/gradient-routing/experiments/AGI-1699-New-Dataset-Runs/src/data/fineweb",
            "/workspace/gradient-routing/experiments/AGI-1699-New-Dataset-Runs/src/data/code",
            "/workspace/gradient-routing/experiments/AGI-1699-New-Dataset-Runs/src/data/papers"
        ],
        "core": {
            "labels": [
                "fineweb",
                "code-other",
                "papers-other"
            ],
            "method": "optimal",
            "limit": 1.0,
            "dist": {
                "fineweb": 0.84,
                "code-other": 0.15,
                "papers-other": 0.01
            },
            "num_tok": 8041295360.0
        },
        "aux": {
            "labels": [
                "code-lisp",
                "papers-biology",
                "papers-nuclear",
                "papers-cyber"
            ],
            "method": "optimal",
            "limit": 0.01,
            "dist": {
                "code-lisp": 0.25,
                "papers-biology": 0.25,
                "papers-nuclear": 0.25,
                "papers-cyber": 0.25
            },
            "num_tok": 80412953.60000001
        }
    },
    "run": {
        "target_effective_batch_size": 256,
        "effective_batch_size": 256,
        "micro_batch_size": 16,
        "accumulation_steps": 2,
        "max_num_test_sequences": 10000,
        "eval_all_labels": false,
        "micro_batch_anchors": [
            [
                400000000.0,
                23
            ],
            [
                5000000000.0,
                2
            ]
        ],
        "epochs": 1,
        "adam_betas": [
            0.9,
            0.95
        ],
        "warmup_prc": 0.02,
        "decay_prc": 0.1,
        "seed": 1,
        "compile": true,
        "is_ddp": true,
        "optimize_routed": true,
        "cleanup_distributed": false,
        "log_level": "DEBUG",
        "num_gpus": 8,
        "process_id": 0,
        "num_base_params": 402064768,
        "device": "cuda",
        "logger": "<Logger training_20260420202426989573 (DEBUG)>",
        "labels": [
            "core",
            "code-lisp",
            "papers-biology",
            "papers-cyber",
            "papers-nuclear"
        ],
        "loaders": {
            "code-lisp": {
                "train": "SingleDataLoader(code-lisp_train_001.bin, len=153)",
                "test": "InterleavedDataLoader(len=80)"
            },
            "code-other": {
                "train": "InterleavedDataLoader(len=9202)",
                "test": "SingleDataLoader(code-other_test_010.bin, len=80)"
            },
            "fineweb": {
                "train": "InterleavedDataLoader(len=51534)",
                "test": "InterleavedDataLoader(len=80)"
            },
            "papers-biology": {
                "train": "SingleDataLoader(papers-biology_train.bin, len=153)",
                "test": "SingleDataLoader(papers-biology_test.bin, len=80)"
            },
            "papers-cyber": {
                "train": "SingleDataLoader(papers-cyber_train.bin, len=153)",
                "test": "SingleDataLoader(papers-cyber_test.bin, len=80)"
            },
            "papers-nuclear": {
                "train": "SingleDataLoader(papers-nuclear_train.bin, len=153)",
                "test": "SingleDataLoader(papers-nuclear_test.bin, len=80)"
            },
            "papers-other": {
                "train": "SingleDataLoader(papers-other_train.bin, len=613)",
                "test": "SingleDataLoader(papers-other_test.bin, len=80)"
            },
            "core": {
                "train": "InterleavedDataLoader(len=61349)",
                "test": "InterleavedDataLoader(len=240)"
            },
            "aux": {
                "train": "InterleavedDataLoader(len=612)",
                "test": "InterleavedDataLoader(len=320)"
            },
            "all": {
                "train": "InterleavedDataLoader(len=61961)",
                "test": "InterleavedDataLoader(len=560)"
            }
        },
        "res_root": "/workspace/gradient-routing/experiments/AGI-1699-New-Dataset-Runs/results/optimize/base/realistic/400M/seed_1",
        "experiment_id": "20260420202426989573",
        "s3_bucket": "ae-gradient-routing-results",
        "s3_prefix": "optimize/base/realistic/400M/seed_1"
    }
}
[GPU 0] [20:24:37] [INFO] Loader code-lisp train: 153, test: 80
[GPU 0] [20:24:37] [INFO] Loader code-other train: 9202, test: 80
[GPU 0] [20:24:37] [INFO] Loader fineweb train: 51534, test: 80
[GPU 0] [20:24:37] [INFO] Loader papers-biology train: 153, test: 80
[GPU 0] [20:24:37] [INFO] Loader papers-cyber train: 153, test: 80
[GPU 0] [20:24:37] [INFO] Loader papers-nuclear train: 153, test: 80
[GPU 0] [20:24:37] [INFO] Loader papers-other train: 613, test: 80
[GPU 0] [20:24:37] [INFO] Loader core train: 61349, test: 240
[GPU 0] [20:24:37] [INFO] Loader aux train: 612, test: 320
[GPU 0] [20:24:37] [INFO] Loader all train: 61961, test: 560
[GPU 0] [20:24:37] [INFO] Stage [baseline] start: {"name": "baseline", "num_checkpoints": -1, "lr": 0.0002, "res_dir": "/workspace/gradient-routing/experiments/AGI-1699-New-Dataset-Runs/results/optimize/base/realistic/400M/seed_1/20260420202426989573/baseline", "do_eval": true, "do_sample": false, "num_train_evals": 0, "do_elicit": false, "elicit_eval_prc": 0.5, "elicit_num_evals": 100}
[GPU 0] [20:24:37] [INFO] BASELINE START
[GPU 0] [20:24:40] [INFO] Initialized BaseTransformer with 402,064,768 total parameters
[GPU 0] [20:24:40] [INFO] Compiling BaseTransformer with torch.compile...
[GPU 0] [20:24:41] [INFO] torch.compile done
[GPU 0] [20:24:41] [WARNING] restore_partial_state: no checkpoint found at /workspace/gradient-routing/experiments/AGI-1699-New-Dataset-Runs/results/optimize/base/realistic/400M/seed_1/20260420202426989573/baseline
[GPU 0] [20:24:41] [INFO] ---- Begin Train | Data Labels: ['all'] ----
[GPU 0] [20:24:41] [INFO] warmup_steps: 620
[GPU 0] [20:24:41] [INFO] constant_steps: 27262
[GPU 0] [20:24:41] [INFO] decay_steps: 3098
[GPU 0] [20:24:41] [INFO] LR Scheduler: Warmup Start
[GPU 0] [20:25:36] [INFO] Step: 1, LR: 3.33e-07
[GPU 0] [20:25:36] [INFO] Train Loss: CORE: 11.06 CODE-LISP: nan PAPERS-BIOLOGY: nan PAPERS-CYBER: nan PAPERS-NUCLEAR: nan 
[GPU 0] [20:28:38] [INFO] LR Scheduler: Constant Start
[GPU 0] [20:30:28] [INFO] Step: 1000, LR: 2.00e-04
[GPU 0] [20:30:28] [INFO] Train Loss: CORE: 4.86 CODE-LISP: 5.36 PAPERS-BIOLOGY: 6.09 PAPERS-CYBER: 5.84 PAPERS-NUCLEAR: 6.58 
[GPU 0] [20:35:17] [INFO] Step: 2000, LR: 2.00e-04
[GPU 0] [20:35:17] [INFO] Train Loss: CORE: 4.10 CODE-LISP: 3.79 PAPERS-BIOLOGY: 5.19 PAPERS-CYBER: 5.03 PAPERS-NUCLEAR: 5.22 
[GPU 0] [20:40:06] [INFO] Step: 3000, LR: 2.00e-04
[GPU 0] [20:40:06] [INFO] Train Loss: CORE: 2.46 CODE-LISP: 3.09 PAPERS-BIOLOGY: 4.04 PAPERS-CYBER: 4.01 PAPERS-NUCLEAR: 4.55 
[GPU 0] [20:44:57] [INFO] Step: 4000, LR: 2.00e-04
[GPU 0] [20:44:57] [INFO] Train Loss: CORE: 3.17 CODE-LISP: 2.39 PAPERS-BIOLOGY: 3.92 PAPERS-CYBER: 3.74 PAPERS-NUCLEAR: 4.06 
[GPU 0] [20:49:45] [INFO] Step: 5000, LR: 2.00e-04
[GPU 0] [20:49:45] [INFO] Train Loss: CORE: 2.79 CODE-LISP: 1.88 PAPERS-BIOLOGY: 3.83 PAPERS-CYBER: 3.63 PAPERS-NUCLEAR: 3.67 
[GPU 0] [20:54:35] [INFO] Step: 6000, LR: 2.00e-04
[GPU 0] [20:54:35] [INFO] Train Loss: CORE: 3.24 CODE-LISP: 1.67 PAPERS-BIOLOGY: 3.29 PAPERS-CYBER: 3.53 PAPERS-NUCLEAR: 3.60 
[GPU 0] [20:59:24] [INFO] Step: 7000, LR: 2.00e-04
[GPU 0] [20:59:24] [INFO] Train Loss: CORE: 2.95 CODE-LISP: 1.57 PAPERS-BIOLOGY: 3.19 PAPERS-CYBER: 3.50 PAPERS-NUCLEAR: 3.51 
[GPU 0] [21:04:14] [INFO] Step: 8000, LR: 2.00e-04
[GPU 0] [21:04:14] [INFO] Train Loss: CORE: 3.16 CODE-LISP: 1.44 PAPERS-BIOLOGY: 3.14 PAPERS-CYBER: 3.46 PAPERS-NUCLEAR: 3.52 
[GPU 0] [21:09:05] [INFO] Step: 9000, LR: 2.00e-04
[GPU 0] [21:09:05] [INFO] Train Loss: CORE: 2.85 CODE-LISP: 1.43 PAPERS-BIOLOGY: 3.10 PAPERS-CYBER: 3.39 PAPERS-NUCLEAR: 3.50 
[GPU 0] [21:13:53] [INFO] Step: 10000, LR: 2.00e-04
[GPU 0] [21:13:53] [INFO] Train Loss: CORE: 3.06 CODE-LISP: 1.45 PAPERS-BIOLOGY: 3.07 PAPERS-CYBER: 3.35 PAPERS-NUCLEAR: 3.44 
[GPU 0] [21:18:43] [INFO] Step: 11000, LR: 2.00e-04
[GPU 0] [21:18:43] [INFO] Train Loss: CORE: 2.79 CODE-LISP: 1.41 PAPERS-BIOLOGY: 3.03 PAPERS-CYBER: 3.37 PAPERS-NUCLEAR: 3.38 
[GPU 0] [21:23:31] [INFO] Step: 12000, LR: 2.00e-04
[GPU 0] [21:23:31] [INFO] Train Loss: CORE: 2.75 CODE-LISP: 1.27 PAPERS-BIOLOGY: 2.97 PAPERS-CYBER: 3.32 PAPERS-NUCLEAR: 3.34 
[GPU 0] [21:28:22] [INFO] Step: 13000, LR: 2.00e-04
[GPU 0] [21:28:22] [INFO] Train Loss: CORE: 3.06 CODE-LISP: 1.13 PAPERS-BIOLOGY: 3.01 PAPERS-CYBER: 3.27 PAPERS-NUCLEAR: 3.38 
[GPU 0] [21:33:10] [INFO] Step: 14000, LR: 2.00e-04
[GPU 0] [21:33:10] [INFO] Train Loss: CORE: 2.97 CODE-LISP: 1.18 PAPERS-BIOLOGY: 2.98 PAPERS-CYBER: 3.30 PAPERS-NUCLEAR: 3.39 
[GPU 0] [21:38:00] [INFO] Step: 15000, LR: 2.00e-04
[GPU 0] [21:38:00] [INFO] Train Loss: CORE: 3.02 CODE-LISP: 1.18 PAPERS-BIOLOGY: 2.96 PAPERS-CYBER: 3.28 PAPERS-NUCLEAR: 3.29 
[GPU 0] [21:42:50] [INFO] Step: 16000, LR: 2.00e-04
[GPU 0] [21:42:50] [INFO] Train Loss: CORE: 2.71 CODE-LISP: 1.11 PAPERS-BIOLOGY: 2.98 PAPERS-CYBER: 3.28 PAPERS-NUCLEAR: 3.25 
[GPU 0] [21:47:38] [INFO] Step: 17000, LR: 2.00e-04
[GPU 0] [21:47:38] [INFO] Train Loss: CORE: 2.74 CODE-LISP: 1.14 PAPERS-BIOLOGY: 2.98 PAPERS-CYBER: 3.18 PAPERS-NUCLEAR: 3.24 
[GPU 0] [21:52:29] [INFO] Step: 18000, LR: 2.00e-04
[GPU 0] [21:52:29] [INFO] Train Loss: CORE: 3.19 CODE-LISP: 1.13 PAPERS-BIOLOGY: 2.96 PAPERS-CYBER: 3.16 PAPERS-NUCLEAR: 3.22 
[GPU 0] [21:57:17] [INFO] Step: 19000, LR: 2.00e-04
[GPU 0] [21:57:17] [INFO] Train Loss: CORE: 2.69 CODE-LISP: 1.08 PAPERS-BIOLOGY: 2.93 PAPERS-CYBER: 3.21 PAPERS-NUCLEAR: 3.23 
[GPU 0] [22:02:07] [INFO] Step: 20000, LR: 2.00e-04
[GPU 0] [22:02:07] [INFO] Train Loss: CORE: 2.89 CODE-LISP: 1.08 PAPERS-BIOLOGY: 2.88 PAPERS-CYBER: 3.19 PAPERS-NUCLEAR: 3.26 
[GPU 0] [22:06:58] [INFO] Step: 21000, LR: 2.00e-04
[GPU 0] [22:06:58] [INFO] Train Loss: CORE: 2.69 CODE-LISP: 1.11 PAPERS-BIOLOGY: 2.90 PAPERS-CYBER: 3.16 PAPERS-NUCLEAR: 3.24 
[GPU 0] [22:11:46] [INFO] Step: 22000, LR: 2.00e-04
[GPU 0] [22:11:46] [INFO] Train Loss: CORE: 2.64 CODE-LISP: 1.12 PAPERS-BIOLOGY: 2.87 PAPERS-CYBER: 3.14 PAPERS-NUCLEAR: 3.20 
[GPU 0] [22:16:36] [INFO] Step: 23000, LR: 2.00e-04
[GPU 0] [22:16:36] [INFO] Train Loss: CORE: 3.13 CODE-LISP: 1.10 PAPERS-BIOLOGY: 2.86 PAPERS-CYBER: 3.08 PAPERS-NUCLEAR: 3.19 
[GPU 0] [22:21:24] [INFO] Step: 24000, LR: 2.00e-04
[GPU 0] [22:21:24] [INFO] Train Loss: CORE: 2.91 CODE-LISP: 1.04 PAPERS-BIOLOGY: 2.86 PAPERS-CYBER: 3.11 PAPERS-NUCLEAR: 3.23 
[GPU 0] [22:26:15] [INFO] Step: 25000, LR: 2.00e-04
[GPU 0] [22:26:15] [INFO] Train Loss: CORE: 2.84 CODE-LISP: 0.94 PAPERS-BIOLOGY: 2.85 PAPERS-CYBER: 3.10 PAPERS-NUCLEAR: 3.22 
[GPU 0] [22:31:03] [INFO] Step: 26000, LR: 2.00e-04
[GPU 0] [22:31:03] [INFO] Train Loss: CORE: 2.97 CODE-LISP: 0.98 PAPERS-BIOLOGY: 2.82 PAPERS-CYBER: 3.09 PAPERS-NUCLEAR: 3.24 
[GPU 0] [22:35:53] [INFO] Step: 27000, LR: 2.00e-04
[GPU 0] [22:35:53] [INFO] Train Loss: CORE: 2.16 CODE-LISP: 0.97 PAPERS-BIOLOGY: 2.80 PAPERS-CYBER: 3.09 PAPERS-NUCLEAR: 3.22 
[GPU 0] [22:40:10] [INFO] LR Scheduler: Decay Start
[GPU 0] [22:40:44] [INFO] Step: 28000, LR: 1.92e-04
[GPU 0] [22:40:44] [INFO] Train Loss: CORE: 2.88 CODE-LISP: 1.04 PAPERS-BIOLOGY: 2.83 PAPERS-CYBER: 3.11 PAPERS-NUCLEAR: 3.20 
[GPU 0] [22:45:31] [INFO] Step: 29000, LR: 1.28e-04
[GPU 0] [22:45:31] [INFO] Train Loss: CORE: 2.83 CODE-LISP: 1.02 PAPERS-BIOLOGY: 2.86 PAPERS-CYBER: 3.07 PAPERS-NUCLEAR: 3.15 
[GPU 0] [22:50:22] [INFO] Step: 30000, LR: 6.33e-05
[GPU 0] [22:50:22] [INFO] Train Loss: CORE: 2.54 CODE-LISP: 0.99 PAPERS-BIOLOGY: 2.77 PAPERS-CYBER: 3.01 PAPERS-NUCLEAR: 3.11 
[GPU 0] [22:55:04] [INFO] Step: 30980, LR: 1.00e-08
[GPU 0] [22:55:04] [INFO] Train Loss: CORE: 2.36 CODE-LISP: 0.89 PAPERS-BIOLOGY: 2.74 PAPERS-CYBER: 3.00 PAPERS-NUCLEAR: 3.07 
[GPU 0] [22:55:06] [INFO] ---- Begin Eval ----
[GPU 0] [22:55:06] [INFO] Data: core | Experts: None
[GPU 0] [22:55:44] [INFO] loss: 2.15159702
[GPU 0] [22:55:44] [INFO] Data: code-lisp | Experts: None
[GPU 0] [22:55:48] [INFO] loss: 1.03953242
[GPU 0] [22:55:48] [INFO] Data: papers-biology | Experts: None
[GPU 0] [22:55:53] [INFO] loss: 2.73916030
[GPU 0] [22:55:53] [INFO] Data: papers-nuclear | Experts: None
[GPU 0] [22:55:57] [INFO] loss: 3.08823252
[GPU 0] [22:55:57] [INFO] Data: papers-cyber | Experts: None
[GPU 0] [22:56:01] [INFO] loss: 3.00366211
[GPU 0] [22:56:02] [INFO] ----------------------------------------
[GPU 0] [22:56:02] [INFO] Finished. See /workspace/gradient-routing/experiments/AGI-1699-New-Dataset-Runs/results/optimize/base/realistic/400M/seed_1/20260420202426989573
