[GPU 0] [16:40:29] [INFO] Git branch: AGI-1696-New-Dataset-Runs_ethan, commit: 3d93c19804af5b8dd754577588f841efef81f670
[GPU 0] [16:40:29] [INFO] Number of GPUs: 8
[GPU 0] [16:40:31] [INFO] Tokenizer vocabulary: 50257
[GPU 0] [16:40:32] [INFO] Set model vocab size to nearest multiple of 64 of tokenizer size: 50304
[GPU 0] [16:40:35] [INFO] target effective batch size: 368, actual effective batch size: 368, micro batch size: 23, accumulation steps: 2, num gpus: 8
[GPU 0] [16:40:35] [INFO] core total number of tokens: 66749057569
[GPU 0] [16:40:35] [INFO] Baseline model has 402,064,768 parameters
[GPU 0] [16:40:35] [INFO] core: chinchilla optimal tokens: 8,041,295,360, requested proportion: 1.0000, requested number of tokens: 8,041,295,360.0, 
[GPU 0] [16:40:35] [INFO] aux total number of tokens: 4835776549
[GPU 0] [16:40:35] [INFO] Baseline model has 402,064,768 parameters
[GPU 0] [16:40:35] [INFO] aux: chinchilla optimal tokens: 8,041,295,360, requested proportion: 0.0100, requested number of tokens: 80,412,953.60000001, 
[GPU 0] [16:40:35] [DEBUG] Saved config to /workspace/gradient-routing/experiments/AGI-1699-New-Dataset-Runs/results/partial/400M/seed_3/20260522164027752141/config.json
[GPU 0] [16:40:35] [DEBUG] {
    "stages": [
        {
            "name": "filtering",
            "num_checkpoints": -1,
            "lr": 0.0007010274465180751,
            "res_dir": "/workspace/gradient-routing/experiments/AGI-1699-New-Dataset-Runs/results/partial/400M/seed_3/20260522164027752141/filtering",
            "acc_mode": "heterogeneous",
            "do_eval": true,
            "do_sample": false,
            "num_train_evals": 0,
            "do_elicit": true,
            "elicit_eval_prc": 0.5,
            "elicit_num_evals": 100,
            "retain_targets": [
                [
                    "core"
                ]
            ],
            "label_prc": 1.0
        },
        {
            "name": "routed",
            "num_checkpoints": -1,
            "lr": 0.0007010274465180751,
            "res_dir": "/workspace/gradient-routing/experiments/AGI-1699-New-Dataset-Runs/results/partial/400M/seed_3/20260522164027752141/routed",
            "acc_mode": "heterogeneous",
            "do_eval": true,
            "do_sample": false,
            "num_train_evals": 0,
            "do_elicit": true,
            "elicit_eval_prc": 0.5,
            "elicit_num_evals": 100,
            "retain_targets": null,
            "model": {
                "arch": "moe",
                "tokenizer": "GPT2Tokenizer(name_or_path='EleutherAI/gpt-neo-125M', vocab_size=50257, model_max_length=2048, padding_side='right', truncation_side='right', special_tokens={'bos_token': '<|endoftext|>', 'eos_token': '<|endoftext|>', 'unk_token': '<|endoftext|>'}, added_tokens_decoder={\n\t50256: AddedToken(\"<|endoftext|>\", rstrip=False, lstrip=False, single_word=False, normalized=True, special=True),\n}\n)",
                "ctx_len": 1024,
                "vocab_size": 50304,
                "num_layers": 18,
                "num_heads": 8,
                "num_key_value": 2,
                "attn_bias": true,
                "eos_token_id": 50256,
                "embed_dim": 1216,
                "mlp_dim": 4864,
                "core_param_prc": 0.95,
                "aux_param_prc": 0.0125
            },
            "eval_arbsub": true,
            "label_prc": 0.5,
            "aux_factor": {
                "code-lisp": 4.0,
                "papers-biology": 3.0,
                "papers-nuclear": 3.0,
                "papers-cyber": 3.0
            },
            "robust_prc": 0.2,
            "aux_route_prc": 0.0,
            "equal_compute": true
        }
    ],
    "model": {
        "arch": "base",
        "tokenizer": "GPT2Tokenizer(name_or_path='EleutherAI/gpt-neo-125M', vocab_size=50257, model_max_length=2048, padding_side='right', truncation_side='right', special_tokens={'bos_token': '<|endoftext|>', 'eos_token': '<|endoftext|>', 'unk_token': '<|endoftext|>'}, added_tokens_decoder={\n\t50256: AddedToken(\"<|endoftext|>\", rstrip=False, lstrip=False, single_word=False, normalized=True, special=True),\n}\n)",
        "ctx_len": 1024,
        "vocab_size": 50304,
        "num_layers": 18,
        "num_heads": 8,
        "num_key_value": 2,
        "attn_bias": true,
        "eos_token_id": 50256,
        "embed_dim": 1216,
        "mlp_dim": 4864
    },
    "data": {
        "dirs": [
            "/workspace/gradient-routing/experiments/AGI-1699-New-Dataset-Runs/src/data/fineweb",
            "/workspace/gradient-routing/experiments/AGI-1699-New-Dataset-Runs/src/data/code",
            "/workspace/gradient-routing/experiments/AGI-1699-New-Dataset-Runs/src/data/papers"
        ],
        "core": {
            "labels": [
                "fineweb",
                "code-other",
                "papers-other"
            ],
            "method": "optimal",
            "limit": 1.0,
            "dist": {
                "fineweb": 0.84,
                "code-other": 0.15,
                "papers-other": 0.01
            },
            "num_tok": 8041295360.0
        },
        "aux": {
            "labels": [
                "code-lisp",
                "papers-biology",
                "papers-nuclear",
                "papers-cyber"
            ],
            "method": "optimal",
            "limit": 0.01,
            "dist": {
                "code-lisp": 0.25,
                "papers-biology": 0.25,
                "papers-nuclear": 0.25,
                "papers-cyber": 0.25
            },
            "num_tok": 80412953.60000001
        }
    },
    "run": {
        "target_effective_batch_size": 368,
        "effective_batch_size": 368,
        "micro_batch_size": 23,
        "accumulation_steps": 2,
        "max_num_test_sequences": 10000,
        "eval_all_labels": false,
        "micro_batch_anchors": [
            [
                400000000.0,
                23
            ],
            [
                5000000000.0,
                2
            ]
        ],
        "epochs": 1,
        "adam_betas": [
            0.9,
            0.95
        ],
        "warmup_prc": 0.02,
        "decay_prc": 0.1,
        "seed": 3,
        "compile": true,
        "find_unused_parameters": true,
        "is_ddp": true,
        "cleanup_distributed": false,
        "log_level": "DEBUG",
        "num_gpus": 8,
        "process_id": 0,
        "num_base_params": 402064768,
        "device": "cuda",
        "logger": "<Logger training_20260522164027752141 (DEBUG)>",
        "labels": [
            "core",
            "code-lisp",
            "papers-biology",
            "papers-cyber",
            "papers-nuclear"
        ],
        "loaders": {
            "code-lisp": {
                "train": "SingleDataLoader(code-lisp_train_001.bin, len=106)",
                "test": "InterleavedDataLoader(len=56)"
            },
            "code-other": {
                "train": "InterleavedDataLoader(len=6401)",
                "test": "InterleavedDataLoader(len=56)"
            },
            "fineweb": {
                "train": "InterleavedDataLoader(len=35849)",
                "test": "InterleavedDataLoader(len=56)"
            },
            "papers-biology": {
                "train": "SingleDataLoader(papers-biology_train.bin, len=106)",
                "test": "SingleDataLoader(papers-biology_test.bin, len=56)"
            },
            "papers-cyber": {
                "train": "SingleDataLoader(papers-cyber_train.bin, len=106)",
                "test": "SingleDataLoader(papers-cyber_test.bin, len=56)"
            },
            "papers-nuclear": {
                "train": "SingleDataLoader(papers-nuclear_train.bin, len=106)",
                "test": "SingleDataLoader(papers-nuclear_test.bin, len=56)"
            },
            "papers-other": {
                "train": "SingleDataLoader(papers-other_train.bin, len=426)",
                "test": "SingleDataLoader(papers-other_test.bin, len=56)"
            },
            "core": {
                "train": "InterleavedDataLoader(len=42676)",
                "test": "InterleavedDataLoader(len=168)"
            },
            "aux": {
                "train": "InterleavedDataLoader(len=424)",
                "test": "InterleavedDataLoader(len=224)"
            },
            "all": {
                "train": "InterleavedDataLoader(len=43100)",
                "test": "InterleavedDataLoader(len=392)"
            }
        },
        "res_root": "/workspace/gradient-routing/experiments/AGI-1699-New-Dataset-Runs/results/partial/400M/seed_3",
        "experiment_id": "20260522164027752141",
        "s3_bucket": "ae-gradient-routing-results",
        "s3_prefix": "partial/400M/seed_3"
    },
    "label_prc": 1.0
}
[GPU 0] [16:40:35] [INFO] Loader code-lisp train: 106, test: 56
[GPU 0] [16:40:35] [INFO] Loader code-other train: 6401, test: 56
[GPU 0] [16:40:35] [INFO] Loader fineweb train: 35849, test: 56
[GPU 0] [16:40:35] [INFO] Loader papers-biology train: 106, test: 56
[GPU 0] [16:40:35] [INFO] Loader papers-cyber train: 106, test: 56
[GPU 0] [16:40:35] [INFO] Loader papers-nuclear train: 106, test: 56
[GPU 0] [16:40:35] [INFO] Loader papers-other train: 426, test: 56
[GPU 0] [16:40:35] [INFO] Loader core train: 42676, test: 168
[GPU 0] [16:40:35] [INFO] Loader aux train: 424, test: 224
[GPU 0] [16:40:35] [INFO] Loader all train: 43100, test: 392
[GPU 0] [16:40:35] [INFO] Stage [filtering] start: {"name": "filtering", "num_checkpoints": -1, "lr": 0.0007010274465180751, "res_dir": "/workspace/gradient-routing/experiments/AGI-1699-New-Dataset-Runs/results/partial/400M/seed_3/20260522164027752141/filtering", "acc_mode": "heterogeneous", "do_eval": true, "do_sample": false, "num_train_evals": 0, "do_elicit": true, "elicit_eval_prc": 0.5, "elicit_num_evals": 100, "retain_targets": [["core"]], "label_prc": 1.0}
[GPU 0] [16:40:35] [INFO] FILTERING START
[GPU 0] [16:40:35] [INFO] Using stage-level retain_targets override (1 targets)
[GPU 0] [16:40:35] [INFO] Filtering: retaining ['core'], removing ['code-lisp', 'papers-biology', 'papers-cyber', 'papers-nuclear']
[GPU 0] [16:40:38] [INFO] Initialized BaseTransformer with 402,064,768 total parameters
[GPU 0] [16:40:38] [INFO] Compiling BaseTransformer with torch.compile...
[GPU 0] [16:40:38] [INFO] torch.compile done
[GPU 0] [16:40:39] [WARNING] restore_partial_state: no checkpoint found at /workspace/gradient-routing/experiments/AGI-1699-New-Dataset-Runs/results/partial/400M/seed_3/20260522164027752141/filtering/core
[GPU 0] [16:40:39] [INFO] ---- Begin Train | Train Labels: ['core'] ----
[GPU 0] [16:40:39] [DEBUG] acc_mode: heterogeneous, label_prc: 1.0
[GPU 0] [16:40:39] [INFO] Batch [core] count: 42676
[GPU 0] [16:40:39] [INFO] num_total_steps: 21338
[GPU 0] [16:40:39] [INFO] warmup_steps: 427
[GPU 0] [16:40:39] [INFO] constant_steps: 18777
[GPU 0] [16:40:39] [INFO] decay_steps: 2134
[GPU 0] [16:40:39] [INFO] LR Scheduler: Warmup Start
[GPU 0] [16:41:09] [INFO] Step: 1, LR: 1.65e-06
[GPU 0] [16:41:09] [INFO] Train Loss: CORE: 11.00 CODE-LISP: nan PAPERS-BIOLOGY: nan PAPERS-CYBER: nan PAPERS-NUCLEAR: nan 
[GPU 0] [16:45:24] [INFO] LR Scheduler: Constant Start
[GPU 0] [16:51:09] [INFO] Step: 1000, LR: 7.01e-04
[GPU 0] [16:51:09] [INFO] Train Loss: CORE: 3.55 CODE-LISP: nan PAPERS-BIOLOGY: nan PAPERS-CYBER: nan PAPERS-NUCLEAR: nan 
[GPU 0] [17:01:06] [INFO] Step: 2000, LR: 7.01e-04
[GPU 0] [17:01:06] [INFO] Train Loss: CORE: 3.27 CODE-LISP: nan PAPERS-BIOLOGY: nan PAPERS-CYBER: nan PAPERS-NUCLEAR: nan 
[GPU 0] [17:11:03] [INFO] Step: 3000, LR: 7.01e-04
[GPU 0] [17:11:03] [INFO] Train Loss: CORE: 3.29 CODE-LISP: nan PAPERS-BIOLOGY: nan PAPERS-CYBER: nan PAPERS-NUCLEAR: nan 
[GPU 0] [17:21:02] [INFO] Step: 4000, LR: 7.01e-04
[GPU 0] [17:21:02] [INFO] Train Loss: CORE: 3.23 CODE-LISP: nan PAPERS-BIOLOGY: nan PAPERS-CYBER: nan PAPERS-NUCLEAR: nan 
[GPU 0] [17:30:58] [INFO] Step: 5000, LR: 7.01e-04
[GPU 0] [17:30:58] [INFO] Train Loss: CORE: 2.70 CODE-LISP: nan PAPERS-BIOLOGY: nan PAPERS-CYBER: nan PAPERS-NUCLEAR: nan 
[GPU 0] [17:40:55] [INFO] Step: 6000, LR: 7.01e-04
[GPU 0] [17:40:55] [INFO] Train Loss: CORE: 2.93 CODE-LISP: nan PAPERS-BIOLOGY: nan PAPERS-CYBER: nan PAPERS-NUCLEAR: nan 
[GPU 0] [17:50:52] [INFO] Step: 7000, LR: 7.01e-04
[GPU 0] [17:50:52] [INFO] Train Loss: CORE: 2.39 CODE-LISP: nan PAPERS-BIOLOGY: nan PAPERS-CYBER: nan PAPERS-NUCLEAR: nan 
[GPU 0] [18:00:49] [INFO] Step: 8000, LR: 7.01e-04
[GPU 0] [18:00:49] [INFO] Train Loss: CORE: 2.82 CODE-LISP: nan PAPERS-BIOLOGY: nan PAPERS-CYBER: nan PAPERS-NUCLEAR: nan 
[GPU 0] [18:10:47] [INFO] Step: 9000, LR: 7.01e-04
[GPU 0] [18:10:47] [INFO] Train Loss: CORE: 2.86 CODE-LISP: nan PAPERS-BIOLOGY: nan PAPERS-CYBER: nan PAPERS-NUCLEAR: nan 
[GPU 0] [18:20:43] [INFO] Step: 10000, LR: 7.01e-04
[GPU 0] [18:20:43] [INFO] Train Loss: CORE: 2.83 CODE-LISP: nan PAPERS-BIOLOGY: nan PAPERS-CYBER: nan PAPERS-NUCLEAR: nan 
[GPU 0] [18:30:39] [INFO] Step: 11000, LR: 7.01e-04
[GPU 0] [18:30:39] [INFO] Train Loss: CORE: 2.77 CODE-LISP: nan PAPERS-BIOLOGY: nan PAPERS-CYBER: nan PAPERS-NUCLEAR: nan 
[GPU 0] [18:40:37] [INFO] Step: 12000, LR: 7.01e-04
[GPU 0] [18:40:37] [INFO] Train Loss: CORE: 2.25 CODE-LISP: nan PAPERS-BIOLOGY: nan PAPERS-CYBER: nan PAPERS-NUCLEAR: nan 
[GPU 0] [18:50:34] [INFO] Step: 13000, LR: 7.01e-04
[GPU 0] [18:50:34] [INFO] Train Loss: CORE: 2.58 CODE-LISP: nan PAPERS-BIOLOGY: nan PAPERS-CYBER: nan PAPERS-NUCLEAR: nan 
[GPU 0] [19:00:32] [INFO] Step: 14000, LR: 7.01e-04
[GPU 0] [19:00:32] [INFO] Train Loss: CORE: 3.03 CODE-LISP: nan PAPERS-BIOLOGY: nan PAPERS-CYBER: nan PAPERS-NUCLEAR: nan 
[GPU 0] [19:10:27] [INFO] Step: 15000, LR: 7.01e-04
[GPU 0] [19:10:27] [INFO] Train Loss: CORE: 2.73 CODE-LISP: nan PAPERS-BIOLOGY: nan PAPERS-CYBER: nan PAPERS-NUCLEAR: nan 
[GPU 0] [19:20:23] [INFO] Step: 16000, LR: 7.01e-04
[GPU 0] [19:20:23] [INFO] Train Loss: CORE: 2.74 CODE-LISP: nan PAPERS-BIOLOGY: nan PAPERS-CYBER: nan PAPERS-NUCLEAR: nan 
[GPU 0] [19:30:22] [INFO] Step: 17000, LR: 7.01e-04
[GPU 0] [19:30:22] [INFO] Train Loss: CORE: 2.70 CODE-LISP: nan PAPERS-BIOLOGY: nan PAPERS-CYBER: nan PAPERS-NUCLEAR: nan 
[GPU 0] [19:40:18] [INFO] Step: 18000, LR: 7.01e-04
[GPU 0] [19:40:18] [INFO] Train Loss: CORE: 2.94 CODE-LISP: nan PAPERS-BIOLOGY: nan PAPERS-CYBER: nan PAPERS-NUCLEAR: nan 
[GPU 0] [19:50:16] [INFO] Step: 19000, LR: 7.01e-04
[GPU 0] [19:50:16] [INFO] Train Loss: CORE: 2.50 CODE-LISP: nan PAPERS-BIOLOGY: nan PAPERS-CYBER: nan PAPERS-NUCLEAR: nan 
[GPU 0] [19:52:17] [INFO] LR Scheduler: Decay Start
[GPU 0] [20:00:12] [INFO] Step: 20000, LR: 4.40e-04
[GPU 0] [20:00:12] [INFO] Train Loss: CORE: 2.23 CODE-LISP: nan PAPERS-BIOLOGY: nan PAPERS-CYBER: nan PAPERS-NUCLEAR: nan 
[GPU 0] [20:10:08] [INFO] Step: 21000, LR: 1.11e-04
[GPU 0] [20:10:08] [INFO] Train Loss: CORE: 2.18 CODE-LISP: nan PAPERS-BIOLOGY: nan PAPERS-CYBER: nan PAPERS-NUCLEAR: nan 
[GPU 0] [20:13:30] [INFO] Step: 21338, LR: 1.00e-08
[GPU 0] [20:13:30] [INFO] Train Loss: CORE: 2.63 CODE-LISP: nan PAPERS-BIOLOGY: nan PAPERS-CYBER: nan PAPERS-NUCLEAR: nan 
[GPU 0] [20:14:11] [INFO] ---- Begin Eval ----
[GPU 0] [20:14:11] [INFO] Data: core | Experts: None
[GPU 0] [20:14:38] [INFO] loss: 2.02511883
[GPU 0] [20:14:38] [INFO] Data: code-lisp | Experts: None
[GPU 0] [20:14:42] [INFO] loss: 1.52973282
[GPU 0] [20:14:42] [INFO] Data: papers-biology | Experts: None
[GPU 0] [20:14:45] [INFO] loss: 2.66723609
[GPU 0] [20:14:45] [INFO] Data: papers-nuclear | Experts: None
[GPU 0] [20:14:49] [INFO] loss: 3.02811122
[GPU 0] [20:14:49] [INFO] Data: papers-cyber | Experts: None
[GPU 0] [20:14:53] [INFO] loss: 2.89794922
[GPU 0] [20:14:58] [INFO] Initialized BaseTransformer with 402,064,768 total parameters
[GPU 0] [20:14:58] [INFO] Compiling BaseTransformer with torch.compile...
[GPU 0] [20:14:58] [INFO] torch.compile done
[GPU 0] [20:15:00] [INFO] FILTERING - ADVERSARIAL FT START
[GPU 0] [20:15:01] [INFO] ---- Begin FT | Experts: None | Data: ['code-lisp'] ----
[GPU 0] [20:15:01] [DEBUG] num_seq: 512, num_rounds: 200, patience: 10
[GPU 0] [20:15:01] [DEBUG] local_x: torch.Size([64, 1024]), local_y: torch.Size([64, 1024]), num_steps: 3, per_gpu: 64, mbs_size: 23
[GPU 0] [20:15:33] [INFO] New best validation loss: 1.5209 @ step 0
[GPU 0] [20:15:39] [INFO] New best validation loss: 1.3989 @ step 1
[GPU 0] [20:15:44] [INFO] New best validation loss: 1.3692 @ step 2
[GPU 0] [20:15:49] [INFO] New best validation loss: 1.3355 @ step 3
[GPU 0] [20:15:54] [INFO] New best validation loss: 1.3009 @ step 4
[GPU 0] [20:15:58] [INFO] New best validation loss: 1.2745 @ step 5
[GPU 0] [20:16:03] [INFO] New best validation loss: 1.2533 @ step 6
[GPU 0] [20:16:08] [INFO] New best validation loss: 1.2384 @ step 7
[GPU 0] [20:16:13] [INFO] New best validation loss: 1.2255 @ step 8
[GPU 0] [20:16:18] [INFO] New best validation loss: 1.2119 @ step 9
[GPU 0] [20:16:23] [INFO] New best validation loss: 1.1989 @ step 10
[GPU 0] [20:16:28] [INFO] New best validation loss: 1.1869 @ step 11
[GPU 0] [20:16:33] [INFO] New best validation loss: 1.1766 @ step 12
[GPU 0] [20:16:38] [INFO] New best validation loss: 1.1678 @ step 13
[GPU 0] [20:16:43] [INFO] New best validation loss: 1.1598 @ step 14
[GPU 0] [20:16:48] [INFO] New best validation loss: 1.1514 @ step 15
[GPU 0] [20:16:53] [INFO] New best validation loss: 1.1440 @ step 16
[GPU 0] [20:16:58] [INFO] New best validation loss: 1.1376 @ step 17
[GPU 0] [20:17:03] [INFO] New best validation loss: 1.1317 @ step 18
[GPU 0] [20:17:08] [INFO] New best validation loss: 1.1262 @ step 19
[GPU 0] [20:17:13] [INFO] New best validation loss: 1.1211 @ step 20
[GPU 0] [20:17:18] [INFO] New best validation loss: 1.1166 @ step 21
[GPU 0] [20:17:23] [INFO] New best validation loss: 1.1126 @ step 22
[GPU 0] [20:17:28] [INFO] New best validation loss: 1.1099 @ step 23
[GPU 0] [20:17:33] [INFO] New best validation loss: 1.1072 @ step 24
[GPU 0] [20:17:38] [INFO] New best validation loss: 1.1049 @ step 25
[GPU 0] [20:17:43] [INFO] New best validation loss: 1.1029 @ step 26
[GPU 0] [20:17:48] [INFO] New best validation loss: 1.1004 @ step 27
[GPU 0] [20:17:53] [INFO] New best validation loss: 1.0990 @ step 28
[GPU 0] [20:17:58] [INFO] New best validation loss: 1.0983 @ step 29
[GPU 0] [20:18:53] [INFO] Stop FT @ 41: no val improvement for 10 steps
[GPU 0] [20:18:53] [INFO] Wrote stats.jsonl entries at FT step 29 
[GPU 0] [20:18:53] [INFO] ---- Begin FT | Experts: None | Data: ['papers-biology'] ----
[GPU 0] [20:18:53] [DEBUG] num_seq: 512, num_rounds: 200, patience: 10
[GPU 0] [20:18:53] [DEBUG] local_x: torch.Size([64, 1024]), local_y: torch.Size([64, 1024]), num_steps: 3, per_gpu: 64, mbs_size: 23
[GPU 0] [20:18:58] [INFO] New best validation loss: 2.6942 @ step 0
[GPU 0] [20:19:03] [INFO] New best validation loss: 2.6666 @ step 1
[GPU 0] [20:19:08] [INFO] New best validation loss: 2.6571 @ step 2
[GPU 0] [20:19:13] [INFO] New best validation loss: 2.6512 @ step 3
[GPU 0] [20:19:18] [INFO] New best validation loss: 2.6462 @ step 4
[GPU 0] [20:19:23] [INFO] New best validation loss: 2.6435 @ step 5
[GPU 0] [20:19:28] [INFO] New best validation loss: 2.6421 @ step 6
[GPU 0] [20:20:23] [INFO] Stop FT @ 18: no val improvement for 10 steps
[GPU 0] [20:20:23] [INFO] Wrote stats.jsonl entries at FT step 6 
[GPU 0] [20:20:23] [INFO] ---- Begin FT | Experts: None | Data: ['papers-cyber'] ----
[GPU 0] [20:20:23] [DEBUG] num_seq: 512, num_rounds: 200, patience: 10
[GPU 0] [20:20:23] [DEBUG] local_x: torch.Size([64, 1024]), local_y: torch.Size([64, 1024]), num_steps: 3, per_gpu: 64, mbs_size: 23
[GPU 0] [20:20:28] [INFO] New best validation loss: 2.9369 @ step 0
[GPU 0] [20:20:33] [INFO] New best validation loss: 2.8941 @ step 1
[GPU 0] [20:20:43] [INFO] New best validation loss: 2.8924 @ step 3
[GPU 0] [20:20:48] [INFO] New best validation loss: 2.8910 @ step 4
[GPU 0] [20:21:43] [INFO] Stop FT @ 16: no val improvement for 10 steps
[GPU 0] [20:21:43] [INFO] Wrote stats.jsonl entries at FT step 4 
[GPU 0] [20:21:44] [INFO] ---- Begin FT | Experts: None | Data: ['papers-nuclear'] ----
[GPU 0] [20:21:44] [DEBUG] num_seq: 512, num_rounds: 200, patience: 10
[GPU 0] [20:21:44] [DEBUG] local_x: torch.Size([64, 1024]), local_y: torch.Size([64, 1024]), num_steps: 3, per_gpu: 64, mbs_size: 23
[GPU 0] [20:21:49] [INFO] New best validation loss: 3.0566 @ step 0
[GPU 0] [20:21:54] [INFO] New best validation loss: 3.0061 @ step 1
[GPU 0] [20:21:59] [INFO] New best validation loss: 2.9971 @ step 2
[GPU 0] [20:22:04] [INFO] New best validation loss: 2.9955 @ step 3
[GPU 0] [20:22:08] [INFO] New best validation loss: 2.9916 @ step 4
[GPU 0] [20:22:13] [INFO] New best validation loss: 2.9877 @ step 5
[GPU 0] [20:22:18] [INFO] New best validation loss: 2.9851 @ step 6
[GPU 0] [20:22:23] [INFO] New best validation loss: 2.9851 @ step 7
[GPU 0] [20:23:18] [INFO] Stop FT @ 19: no val improvement for 10 steps
[GPU 0] [20:23:18] [INFO] Wrote stats.jsonl entries at FT step 7 
[GPU 0] [20:23:18] [INFO] Stage [routed] start: {"name": "routed", "num_checkpoints": -1, "lr": 0.0007010274465180751, "res_dir": "/workspace/gradient-routing/experiments/AGI-1699-New-Dataset-Runs/results/partial/400M/seed_3/20260522164027752141/routed", "acc_mode": "heterogeneous", "do_eval": true, "do_sample": false, "num_train_evals": 0, "do_elicit": true, "elicit_eval_prc": 0.5, "elicit_num_evals": 100, "retain_targets": null, "model": {"arch": "moe", "tokenizer": "GPT2Tokenizer(name_or_path='EleutherAI/gpt-neo-125M', vocab_size=50257, model_max_length=2048, padding_side='right', truncation_side='right', special_tokens={'bos_token': '<|endoftext|>', 'eos_token': '<|endoftext|>', 'unk_token': '<|endoftext|>'}, added_tokens_decoder={\n\t50256: AddedToken(\"<|endoftext|>\", rstrip=False, lstrip=False, single_word=False, normalized=True, special=True),\n}\n)", "ctx_len": 1024, "vocab_size": 50304, "num_layers": 18, "num_heads": 8, "num_key_value": 2, "attn_bias": true, "eos_token_id": 50256, "embed_dim": 1216, "mlp_dim": 4864, "core_param_prc": 0.95, "aux_param_prc": 0.0125}, "eval_arbsub": true, "label_prc": 0.5, "aux_factor": {"code-lisp": 4.0, "papers-biology": 3.0, "papers-nuclear": 3.0, "papers-cyber": 3.0}, "robust_prc": 0.2, "aux_route_prc": 0.0, "equal_compute": true}
[GPU 0] [20:23:18] [INFO] ROUTED START
[GPU 0] [20:23:22] [INFO] Initialized MoETransformer with 402,152,320 total parameters
[GPU 0] [20:23:22] [INFO]   Label 'core' has 390,853,504 parameters
[GPU 0] [20:23:22] [INFO]   Label 'code-lisp' has 2,824,704 parameters
[GPU 0] [20:23:22] [INFO]   Label 'papers-biology' has 2,824,704 parameters
[GPU 0] [20:23:22] [INFO]   Label 'papers-cyber' has 2,824,704 parameters
[GPU 0] [20:23:22] [INFO]   Label 'papers-nuclear' has 2,824,704 parameters
[GPU 0] [20:23:22] [INFO] Compiling MoETransformer with torch.compile...
[GPU 0] [20:23:22] [INFO] torch.compile done
[GPU 0] [20:23:23] [WARNING] restore_partial_state: no checkpoint found at /workspace/gradient-routing/experiments/AGI-1699-New-Dataset-Runs/results/partial/400M/seed_3/20260522164027752141/routed
[GPU 0] [20:23:23] [INFO] ---- Begin Routed Unordered (Alt) ----
[GPU 0] [20:23:23] [INFO] initial len_all: 43100, len_all_labeled: 21550, len_all_unlabeled: 21550, len_ft: 4861, len_base: 16689, label_prc: 0.5
[GPU 0] [20:23:23] [INFO] compute-equal: 225985107456.0 > 0, must extend training
[GPU 0] [20:23:23] [INFO] compute-equal: len_base: 221 -> 16910, len_ft: 64 -> 4925, len_all_unlabeled: 285 -> 21835
[GPU 0] [20:23:23] [INFO] Batch [('core', ('core',), ('core',))] count: 16910
[GPU 0] [20:23:23] [INFO] Batch [('code-lisp', ('core', 'code-lisp'), ('code-lisp',))] count: 215
[GPU 0] [20:23:23] [INFO] Batch [('core', ('core', 'code-lisp'), ('core', 'code-lisp'))] count: 1301
[GPU 0] [20:23:23] [INFO] Batch [('core', ('core', 'papers-biology'), ('core', 'papers-biology'))] count: 975
[GPU 0] [20:23:23] [INFO] Batch [('papers-biology', ('core', 'papers-biology'), ('papers-biology',))] count: 161
[GPU 0] [20:23:23] [INFO] Batch [('core', ('core', 'papers-cyber'), ('core', 'papers-cyber'))] count: 975
[GPU 0] [20:23:23] [INFO] Batch [('papers-cyber', ('core', 'papers-cyber'), ('papers-cyber',))] count: 161
[GPU 0] [20:23:23] [INFO] Batch [('core', ('core', 'papers-nuclear'), ('core', 'papers-nuclear'))] count: 975
[GPU 0] [20:23:23] [INFO] Batch [('papers-nuclear', ('core', 'papers-nuclear'), ('papers-nuclear',))] count: 161
[GPU 0] [20:23:23] [INFO] Batch [('code-lisp', ('core', 'code-lisp', 'papers-biology', 'papers-cyber', 'papers-nuclear'), ('core', 'code-lisp', 'papers-biology', 'papers-cyber', 'papers-nuclear'))] count: 54
[GPU 0] [20:23:23] [INFO] Batch [('core', ('core', 'code-lisp', 'papers-biology', 'papers-cyber', 'papers-nuclear'), ('core', 'code-lisp', 'papers-biology', 'papers-cyber', 'papers-nuclear'))] count: 21620
[GPU 0] [20:23:23] [INFO] Batch [('papers-biology', ('core', 'code-lisp', 'papers-biology', 'papers-cyber', 'papers-nuclear'), ('core', 'code-lisp', 'papers-biology', 'papers-cyber', 'papers-nuclear'))] count: 54
[GPU 0] [20:23:23] [INFO] Batch [('papers-cyber', ('core', 'code-lisp', 'papers-biology', 'papers-cyber', 'papers-nuclear'), ('core', 'code-lisp', 'papers-biology', 'papers-cyber', 'papers-nuclear'))] count: 54
[GPU 0] [20:23:23] [INFO] Batch [('papers-nuclear', ('core', 'code-lisp', 'papers-biology', 'papers-cyber', 'papers-nuclear'), ('core', 'code-lisp', 'papers-biology', 'papers-cyber', 'papers-nuclear'))] count: 54
[GPU 0] [20:23:23] [INFO] 
len_all: 43100, len_all_labeled: 21550, len_all_unlabeled: 21835,
len_base: 16910, len_ft: 4925,
len_core_for_ft: 4227, len_aux_for_ft: 698,
aux_factor: {'code-lisp': 4.0, 'papers-biology': 3.0, 'papers-nuclear': 3.0, 'papers-cyber': 3.0}, robust_prc: 0.2,
aux_route_prc: 0.0, equal_compute: True
[GPU 0] [20:23:23] [INFO] count_by_label: {'core': 42756, 'code-lisp': 269, 'papers-biology': 215, 'papers-cyber': 215, 'papers-nuclear': 215}
[GPU 0] [20:23:23] [INFO] Batch [('core', ('core',), ('core',))] count: 16910
[GPU 0] [20:23:23] [INFO] Batch [('code-lisp', ('core', 'code-lisp'), ('code-lisp',))] count: 215
[GPU 0] [20:23:23] [INFO] Batch [('core', ('core', 'code-lisp'), ('core', 'code-lisp'))] count: 1301
[GPU 0] [20:23:23] [INFO] Batch [('code-lisp', ('core', 'code-lisp', 'papers-biology', 'papers-cyber', 'papers-nuclear'), ('core', 'code-lisp', 'papers-biology', 'papers-cyber', 'papers-nuclear'))] count: 54
[GPU 0] [20:23:23] [INFO] Batch [('core', ('core', 'code-lisp', 'papers-biology', 'papers-cyber', 'papers-nuclear'), ('core', 'code-lisp', 'papers-biology', 'papers-cyber', 'papers-nuclear'))] count: 21620
[GPU 0] [20:23:23] [INFO] Batch [('papers-biology', ('core', 'code-lisp', 'papers-biology', 'papers-cyber', 'papers-nuclear'), ('core', 'code-lisp', 'papers-biology', 'papers-cyber', 'papers-nuclear'))] count: 54
[GPU 0] [20:23:23] [INFO] Batch [('papers-cyber', ('core', 'code-lisp', 'papers-biology', 'papers-cyber', 'papers-nuclear'), ('core', 'code-lisp', 'papers-biology', 'papers-cyber', 'papers-nuclear'))] count: 54
[GPU 0] [20:23:23] [INFO] Batch [('papers-nuclear', ('core', 'code-lisp', 'papers-biology', 'papers-cyber', 'papers-nuclear'), ('core', 'code-lisp', 'papers-biology', 'papers-cyber', 'papers-nuclear'))] count: 54
[GPU 0] [20:23:23] [INFO] Batch [('core', ('core', 'papers-biology'), ('core', 'papers-biology'))] count: 975
[GPU 0] [20:23:23] [INFO] Batch [('papers-biology', ('core', 'papers-biology'), ('papers-biology',))] count: 161
[GPU 0] [20:23:23] [INFO] Batch [('core', ('core', 'papers-cyber'), ('core', 'papers-cyber'))] count: 975
[GPU 0] [20:23:23] [INFO] Batch [('papers-cyber', ('core', 'papers-cyber'), ('papers-cyber',))] count: 161
[GPU 0] [20:23:23] [INFO] Batch [('core', ('core', 'papers-nuclear'), ('core', 'papers-nuclear'))] count: 975
[GPU 0] [20:23:23] [INFO] Batch [('papers-nuclear', ('core', 'papers-nuclear'), ('papers-nuclear',))] count: 161
[GPU 0] [20:23:23] [INFO] ---- Begin Routed ----
[GPU 0] [20:23:23] [DEBUG] acc_mode: heterogeneous
[GPU 0] [20:23:23] [INFO] num_total_steps: 21835
[GPU 0] [20:23:23] [INFO] LR schedule group 0: steps [0, 21835), warmup=437, constant=19214, decay=2184
[GPU 0] [20:23:23] [INFO] LR Scheduler: Group warmup (step 0)
[GPU 0] [20:23:23] [INFO] CUDA memory before training loop:
[GPU 0] [20:23:23] [INFO] |===========================================================================|
[GPU 0] [20:23:23] [INFO] |                  PyTorch CUDA memory summary, device ID 0                 |
[GPU 0] [20:23:23] [INFO] |---------------------------------------------------------------------------|
[GPU 0] [20:23:23] [INFO] |            CUDA OOMs: 0            |        cudaMalloc retries: 0         |
[GPU 0] [20:23:23] [INFO] |===========================================================================|
[GPU 0] [20:23:23] [INFO] |        Metric         | Cur Usage  | Peak Usage | Tot Alloc  | Tot Freed  |
[GPU 0] [20:23:23] [INFO] |---------------------------------------------------------------------------|
[GPU 0] [20:23:23] [INFO] | Allocated memory      |   1964 MiB |  32481 MiB |  11028 TiB |  11028 TiB |
[GPU 0] [20:23:23] [INFO] |       from large pool |   1941 MiB |  32353 MiB |  11014 TiB |  11014 TiB |
[GPU 0] [20:23:23] [INFO] |       from small pool |     23 MiB |    127 MiB |     13 TiB |     13 TiB |
[GPU 0] [20:23:23] [INFO] |---------------------------------------------------------------------------|
[GPU 0] [20:23:23] [INFO] | Active memory         |   1964 MiB |  32481 MiB |  11028 TiB |  11028 TiB |
[GPU 0] [20:23:23] [INFO] |       from large pool |   1941 MiB |  32353 MiB |  11014 TiB |  11014 TiB |
[GPU 0] [20:23:23] [INFO] |       from small pool |     23 MiB |    127 MiB |     13 TiB |     13 TiB |
[GPU 0] [20:23:23] [INFO] |---------------------------------------------------------------------------|
[GPU 0] [20:23:23] [INFO] | Requested memory      |   1941 MiB |  32386 MiB |  11012 TiB |  11012 TiB |
[GPU 0] [20:23:23] [INFO] |       from large pool |   1918 MiB |  32259 MiB |  10998 TiB |  10998 TiB |
[GPU 0] [20:23:23] [INFO] |       from small pool |     23 MiB |    127 MiB |     13 TiB |     13 TiB |
[GPU 0] [20:23:23] [INFO] |---------------------------------------------------------------------------|
[GPU 0] [20:23:23] [INFO] | GPU reserved memory   |   2246 MiB |  34968 MiB |  29701 GiB |  29698 GiB |
[GPU 0] [20:23:23] [INFO] |       from large pool |   2222 MiB |  34836 MiB |  29673 GiB |  29671 GiB |
[GPU 0] [20:23:23] [INFO] |       from small pool |     24 MiB |    132 MiB |     27 GiB |     27 GiB |
[GPU 0] [20:23:23] [INFO] |---------------------------------------------------------------------------|
[GPU 0] [20:23:23] [INFO] | Non-releasable memory | 288407 KiB |  10044 MiB |   5181 TiB |   5181 TiB |
[GPU 0] [20:23:23] [INFO] |       from large pool | 287477 KiB |  10029 MiB |   5166 TiB |   5166 TiB |
[GPU 0] [20:23:23] [INFO] |       from small pool |    930 KiB |     31 MiB |     15 TiB |     15 TiB |
[GPU 0] [20:23:23] [INFO] |---------------------------------------------------------------------------|
[GPU 0] [20:23:23] [INFO] | Allocations           |     557    |    2830    |  276515 K  |  276515 K  |
[GPU 0] [20:23:23] [INFO] |       from large pool |     138    |     741    |  151845 K  |  151845 K  |
[GPU 0] [20:23:23] [INFO] |       from small pool |     419    |    2278    |  124670 K  |  124670 K  |
[GPU 0] [20:23:23] [INFO] |---------------------------------------------------------------------------|
[GPU 0] [20:23:23] [INFO] | Active allocs         |     557    |    2830    |  276515 K  |  276515 K  |
[GPU 0] [20:23:23] [INFO] |       from large pool |     138    |     741    |  151845 K  |  151845 K  |
[GPU 0] [20:23:23] [INFO] |       from small pool |     419    |    2278    |  124670 K  |  124670 K  |
[GPU 0] [20:23:23] [INFO] |---------------------------------------------------------------------------|
[GPU 0] [20:23:23] [INFO] | GPU reserved segments |      59    |     311    |  175767    |  175708    |
[GPU 0] [20:23:23] [INFO] |       from large pool |      47    |     245    |  161732    |  161685    |
[GPU 0] [20:23:23] [INFO] |       from small pool |      12    |      66    |   14035    |   14023    |
[GPU 0] [20:23:23] [INFO] |---------------------------------------------------------------------------|
[GPU 0] [20:23:23] [INFO] | Non-releasable allocs |      29    |     275    |  127007 K  |  127007 K  |
[GPU 0] [20:23:23] [INFO] |       from large pool |      23    |     183    |   94251 K  |   94251 K  |
[GPU 0] [20:23:23] [INFO] |       from small pool |       6    |     121    |   32756 K  |   32756 K  |
[GPU 0] [20:23:23] [INFO] |---------------------------------------------------------------------------|
[GPU 0] [20:23:23] [INFO] | Oversize allocations  |       0    |       0    |       0    |       0    |
[GPU 0] [20:23:23] [INFO] |---------------------------------------------------------------------------|
[GPU 0] [20:23:23] [INFO] | Oversize GPU segments |       0    |       0    |       0    |       0    |
[GPU 0] [20:23:23] [INFO] |===========================================================================|
[GPU 0] [20:23:23] [INFO] 
[GPU 0] [20:23:23] [INFO] Batch group start, LR: 1.0000e-08, batches: 43670, epochs: 1, group_total_steps: 21835
[GPU 0] [20:23:28] [INFO] CUDA memory after first training step:
[GPU 0] [20:23:28] [INFO] |===========================================================================|
[GPU 0] [20:23:28] [INFO] |                  PyTorch CUDA memory summary, device ID 0                 |
[GPU 0] [20:23:28] [INFO] |---------------------------------------------------------------------------|
[GPU 0] [20:23:28] [INFO] |            CUDA OOMs: 0            |        cudaMalloc retries: 0         |
[GPU 0] [20:23:28] [INFO] |===========================================================================|
[GPU 0] [20:23:28] [INFO] |        Metric         | Cur Usage  | Peak Usage | Tot Alloc  | Tot Freed  |
[GPU 0] [20:23:28] [INFO] |---------------------------------------------------------------------------|
[GPU 0] [20:23:28] [INFO] | Allocated memory      |   8169 MiB |  32481 MiB |  11028 TiB |  11028 TiB |
[GPU 0] [20:23:28] [INFO] |       from large pool |   8101 MiB |  32353 MiB |  11014 TiB |  11014 TiB |
[GPU 0] [20:23:28] [INFO] |       from small pool |     67 MiB |    127 MiB |     13 TiB |     13 TiB |
[GPU 0] [20:23:28] [INFO] |---------------------------------------------------------------------------|
[GPU 0] [20:23:28] [INFO] | Active memory         |   8169 MiB |  32481 MiB |  11028 TiB |  11028 TiB |
[GPU 0] [20:23:28] [INFO] |       from large pool |   8101 MiB |  32353 MiB |  11014 TiB |  11014 TiB |
[GPU 0] [20:23:28] [INFO] |       from small pool |     67 MiB |    127 MiB |     13 TiB |     13 TiB |
[GPU 0] [20:23:28] [INFO] |---------------------------------------------------------------------------|
[GPU 0] [20:23:28] [INFO] | Requested memory      |   8127 MiB |  32386 MiB |  11012 TiB |  11012 TiB |
[GPU 0] [20:23:28] [INFO] |       from large pool |   8059 MiB |  32259 MiB |  10999 TiB |  10999 TiB |
[GPU 0] [20:23:28] [INFO] |       from small pool |     67 MiB |    127 MiB |     13 TiB |     13 TiB |
[GPU 0] [20:23:28] [INFO] |---------------------------------------------------------------------------|
[GPU 0] [20:23:28] [INFO] | GPU reserved memory   |  32662 MiB |  34968 MiB |  29730 GiB |  29698 GiB |
[GPU 0] [20:23:28] [INFO] |       from large pool |  32576 MiB |  34836 MiB |  29703 GiB |  29671 GiB |
[GPU 0] [20:23:28] [INFO] |       from small pool |     86 MiB |    132 MiB |     27 GiB |     27 GiB |
[GPU 0] [20:23:28] [INFO] |---------------------------------------------------------------------------|
[GPU 0] [20:23:28] [INFO] | Non-releasable memory | 539221 KiB |  10044 MiB |   5181 TiB |   5181 TiB |
[GPU 0] [20:23:28] [INFO] |       from large pool | 537051 KiB |  10029 MiB |   5166 TiB |   5166 TiB |
[GPU 0] [20:23:28] [INFO] |       from small pool |   2170 KiB |     31 MiB |     15 TiB |     15 TiB |
[GPU 0] [20:23:28] [INFO] |---------------------------------------------------------------------------|
[GPU 0] [20:23:28] [INFO] | Allocations           |    2095    |    2830    |  276520 K  |  276518 K  |
[GPU 0] [20:23:28] [INFO] |       from large pool |     327    |     741    |  151846 K  |  151846 K  |
[GPU 0] [20:23:28] [INFO] |       from small pool |    1768    |    2278    |  124673 K  |  124671 K  |
[GPU 0] [20:23:28] [INFO] |---------------------------------------------------------------------------|
[GPU 0] [20:23:28] [INFO] | Active allocs         |    2095    |    2830    |  276520 K  |  276518 K  |
[GPU 0] [20:23:28] [INFO] |       from large pool |     327    |     741    |  151846 K  |  151846 K  |
[GPU 0] [20:23:28] [INFO] |       from small pool |    1768    |    2278    |  124673 K  |  124671 K  |
[GPU 0] [20:23:28] [INFO] |---------------------------------------------------------------------------|
[GPU 0] [20:23:28] [INFO] | GPU reserved segments |     287    |     311    |  175995    |  175708    |
[GPU 0] [20:23:28] [INFO] |       from large pool |     244    |     245    |  161929    |  161685    |
[GPU 0] [20:23:28] [INFO] |       from small pool |      43    |      66    |   14066    |   14023    |
[GPU 0] [20:23:28] [INFO] |---------------------------------------------------------------------------|
[GPU 0] [20:23:28] [INFO] | Non-releasable allocs |      47    |     275    |  127009 K  |  127009 K  |
[GPU 0] [20:23:28] [INFO] |       from large pool |      31    |     183    |   94252 K  |   94252 K  |
[GPU 0] [20:23:28] [INFO] |       from small pool |      16    |     121    |   32756 K  |   32756 K  |
[GPU 0] [20:23:28] [INFO] |---------------------------------------------------------------------------|
[GPU 0] [20:23:28] [INFO] | Oversize allocations  |       0    |       0    |       0    |       0    |
[GPU 0] [20:23:28] [INFO] |---------------------------------------------------------------------------|
[GPU 0] [20:23:28] [INFO] | Oversize GPU segments |       0    |       0    |       0    |       0    |
[GPU 0] [20:23:28] [INFO] |===========================================================================|
[GPU 0] [20:23:28] [INFO] 
[GPU 0] [20:23:28] [INFO] Step: 1, LR: 1.6142e-06
[GPU 0] [20:23:28] [INFO] Train Loss: CORE: 11.06 CODE-LISP: nan PAPERS-BIOLOGY: nan PAPERS-CYBER: nan PAPERS-NUCLEAR: nan 
[GPU 0] [20:28:31] [INFO] LR Scheduler: Group constant (step 437)
[GPU 0] [20:34:40] [INFO] Step: 1000, LR: 7.0103e-04
[GPU 0] [20:34:40] [INFO] Train Loss: CORE: 3.49 CODE-LISP: 3.35 PAPERS-BIOLOGY: 5.02 PAPERS-CYBER: 6.58 PAPERS-NUCLEAR: 4.68 
[GPU 0] [20:45:22] [INFO] Step: 2000, LR: 7.0103e-04
[GPU 0] [20:45:22] [INFO] Train Loss: CORE: 3.08 CODE-LISP: 2.31 PAPERS-BIOLOGY: 3.83 PAPERS-CYBER: 4.14 PAPERS-NUCLEAR: 4.15 
[GPU 0] [20:56:10] [INFO] Step: 3000, LR: 7.0103e-04
[GPU 0] [20:56:10] [INFO] Train Loss: CORE: 2.90 CODE-LISP: 2.16 PAPERS-BIOLOGY: 3.52 PAPERS-CYBER: 3.84 PAPERS-NUCLEAR: 3.90 
[GPU 0] [21:06:51] [INFO] Step: 4000, LR: 7.0103e-04
[GPU 0] [21:06:51] [INFO] Train Loss: CORE: 2.82 CODE-LISP: 1.90 PAPERS-BIOLOGY: 3.39 PAPERS-CYBER: 3.69 PAPERS-NUCLEAR: 3.75 
[GPU 0] [21:17:33] [INFO] Step: 5000, LR: 7.0103e-04
[GPU 0] [21:17:33] [INFO] Train Loss: CORE: 2.91 CODE-LISP: 1.75 PAPERS-BIOLOGY: 3.28 PAPERS-CYBER: 3.60 PAPERS-NUCLEAR: 3.64 
[GPU 0] [21:28:21] [INFO] Step: 6000, LR: 7.0103e-04
[GPU 0] [21:28:21] [INFO] Train Loss: CORE: 2.66 CODE-LISP: 1.62 PAPERS-BIOLOGY: 3.22 PAPERS-CYBER: 3.47 PAPERS-NUCLEAR: 3.58 
[GPU 0] [21:39:03] [INFO] Step: 7000, LR: 7.0103e-04
[GPU 0] [21:39:03] [INFO] Train Loss: CORE: 2.69 CODE-LISP: 1.54 PAPERS-BIOLOGY: 3.19 PAPERS-CYBER: 3.43 PAPERS-NUCLEAR: 3.52 
[GPU 0] [21:49:52] [INFO] Step: 8000, LR: 7.0103e-04
[GPU 0] [21:49:52] [INFO] Train Loss: CORE: 2.61 CODE-LISP: 1.49 PAPERS-BIOLOGY: 3.16 PAPERS-CYBER: 3.39 PAPERS-NUCLEAR: 3.47 
[GPU 0] [22:00:34] [INFO] Step: 9000, LR: 7.0103e-04
[GPU 0] [22:00:34] [INFO] Train Loss: CORE: 2.81 CODE-LISP: 1.23 PAPERS-BIOLOGY: 3.13 PAPERS-CYBER: 3.36 PAPERS-NUCLEAR: 3.42 
[GPU 0] [22:11:22] [INFO] Step: 10000, LR: 7.0103e-04
[GPU 0] [22:11:22] [INFO] Train Loss: CORE: 2.48 CODE-LISP: 1.05 PAPERS-BIOLOGY: 3.10 PAPERS-CYBER: 3.32 PAPERS-NUCLEAR: 3.32 
[GPU 0] [22:22:04] [INFO] Step: 11000, LR: 7.0103e-04
[GPU 0] [22:22:04] [INFO] Train Loss: CORE: 2.59 CODE-LISP: 0.97 PAPERS-BIOLOGY: 3.07 PAPERS-CYBER: 3.27 PAPERS-NUCLEAR: 3.24 
[GPU 0] [22:32:46] [INFO] Step: 12000, LR: 7.0103e-04
[GPU 0] [22:32:46] [INFO] Train Loss: CORE: 2.67 CODE-LISP: 0.94 PAPERS-BIOLOGY: 3.01 PAPERS-CYBER: 3.16 PAPERS-NUCLEAR: 3.20 
[GPU 0] [22:43:34] [INFO] Step: 13000, LR: 7.0103e-04
[GPU 0] [22:43:34] [INFO] Train Loss: CORE: 2.81 CODE-LISP: 0.91 PAPERS-BIOLOGY: 2.86 PAPERS-CYBER: 3.11 PAPERS-NUCLEAR: 3.15 
[GPU 0] [22:54:15] [INFO] Step: 14000, LR: 7.0103e-04
[GPU 0] [22:54:15] [INFO] Train Loss: CORE: 2.53 CODE-LISP: 0.89 PAPERS-BIOLOGY: 2.80 PAPERS-CYBER: 3.07 PAPERS-NUCLEAR: 3.14 
[GPU 0] [23:05:03] [INFO] Step: 15000, LR: 7.0103e-04
[GPU 0] [23:05:03] [INFO] Train Loss: CORE: 2.61 CODE-LISP: 0.88 PAPERS-BIOLOGY: 2.78 PAPERS-CYBER: 3.05 PAPERS-NUCLEAR: 3.09 
[GPU 0] [23:15:44] [INFO] Step: 16000, LR: 7.0103e-04
[GPU 0] [23:15:44] [INFO] Train Loss: CORE: 2.66 CODE-LISP: 0.87 PAPERS-BIOLOGY: 2.75 PAPERS-CYBER: 3.01 PAPERS-NUCLEAR: 3.08 
[GPU 0] [23:26:28] [INFO] Step: 17000, LR: 7.0103e-04
[GPU 0] [23:26:28] [INFO] Train Loss: CORE: 2.69 CODE-LISP: 0.86 PAPERS-BIOLOGY: 2.74 PAPERS-CYBER: 2.99 PAPERS-NUCLEAR: 3.06 
[GPU 0] [23:37:14] [INFO] Step: 18000, LR: 7.0103e-04
[GPU 0] [23:37:14] [INFO] Train Loss: CORE: 2.53 CODE-LISP: 0.85 PAPERS-BIOLOGY: 2.73 PAPERS-CYBER: 2.97 PAPERS-NUCLEAR: 3.04 
[GPU 0] [23:47:56] [INFO] Step: 19000, LR: 7.0103e-04
[GPU 0] [23:47:56] [INFO] Train Loss: CORE: 2.55 CODE-LISP: 0.84 PAPERS-BIOLOGY: 2.71 PAPERS-CYBER: 2.95 PAPERS-NUCLEAR: 3.02 
[GPU 0] [23:55:00] [INFO] LR Scheduler: Group decay (step 19651)
[GPU 0] [23:58:44] [INFO] Step: 20000, LR: 5.8901e-04
[GPU 0] [23:58:44] [INFO] Train Loss: CORE: 2.72 CODE-LISP: 0.83 PAPERS-BIOLOGY: 2.70 PAPERS-CYBER: 2.94 PAPERS-NUCLEAR: 3.01 
[GPU 0] [00:09:25] [INFO] Step: 21000, LR: 2.6803e-04
[GPU 0] [00:09:25] [INFO] Train Loss: CORE: 2.42 CODE-LISP: 0.82 PAPERS-BIOLOGY: 2.68 PAPERS-CYBER: 2.92 PAPERS-NUCLEAR: 2.99 
[GPU 0] [00:18:29] [INFO] Step: 21835, LR: 1.0000e-08
[GPU 0] [00:18:29] [INFO] Train Loss: CORE: 2.62 CODE-LISP: 0.80 PAPERS-BIOLOGY: 2.67 PAPERS-CYBER: 2.91 PAPERS-NUCLEAR: 2.98 
[GPU 0] [00:19:10] [INFO] ---- Begin Eval ----
[GPU 0] [00:19:10] [INFO] Data: core | Experts: ['core']
[GPU 0] [00:19:24] [INFO] loss: 2.01626015
[GPU 0] [00:19:24] [INFO] Data: code-lisp | Experts: ['core']
[GPU 0] [00:19:29] [INFO] loss: 1.46684921
[GPU 0] [00:19:29] [INFO] Data: papers-biology | Experts: ['core']
[GPU 0] [00:19:33] [INFO] loss: 2.63999724
[GPU 0] [00:19:33] [INFO] Data: papers-nuclear | Experts: ['core']
[GPU 0] [00:19:37] [INFO] loss: 2.99305964
[GPU 0] [00:19:37] [INFO] Data: papers-cyber | Experts: ['core']
[GPU 0] [00:19:41] [INFO] loss: 2.87130308
[GPU 0] [00:19:41] [INFO] ---- Begin Eval ----
[GPU 0] [00:19:41] [INFO] Data: core | Experts: ['code-lisp', 'core']
[GPU 0] [00:19:53] [INFO] loss: 2.01698804
[GPU 0] [00:19:53] [INFO] Data: code-lisp | Experts: ['code-lisp', 'core']
[GPU 0] [00:19:57] [INFO] loss: 0.92511851
[GPU 0] [00:19:57] [INFO] Data: papers-biology | Experts: ['code-lisp', 'core']
[GPU 0] [00:20:01] [INFO] loss: 2.64404297
[GPU 0] [00:20:01] [INFO] Data: papers-nuclear | Experts: ['code-lisp', 'core']
[GPU 0] [00:20:06] [INFO] loss: 2.99696565
[GPU 0] [00:20:06] [INFO] Data: papers-cyber | Experts: ['code-lisp', 'core']
[GPU 0] [00:20:10] [INFO] loss: 2.87538362
[GPU 0] [00:20:10] [INFO] ---- Begin Eval ----
[GPU 0] [00:20:10] [INFO] Data: core | Experts: ['core', 'papers-biology']
[GPU 0] [00:20:22] [INFO] loss: 2.01595187
[GPU 0] [00:20:22] [INFO] Data: code-lisp | Experts: ['core', 'papers-biology']
[GPU 0] [00:20:26] [INFO] loss: 1.46899426
[GPU 0] [00:20:26] [INFO] Data: papers-biology | Experts: ['core', 'papers-biology']
[GPU 0] [00:20:30] [INFO] loss: 2.56839442
[GPU 0] [00:20:30] [INFO] Data: papers-nuclear | Experts: ['core', 'papers-biology']
[GPU 0] [00:20:35] [INFO] loss: 2.98664212
[GPU 0] [00:20:35] [INFO] Data: papers-cyber | Experts: ['core', 'papers-biology']
[GPU 0] [00:20:39] [INFO] loss: 2.87071013
[GPU 0] [00:20:39] [INFO] ---- Begin Eval ----
[GPU 0] [00:20:39] [INFO] Data: core | Experts: ['core', 'papers-nuclear']
[GPU 0] [00:20:51] [INFO] loss: 2.01551747
[GPU 0] [00:20:51] [INFO] Data: code-lisp | Experts: ['core', 'papers-nuclear']
[GPU 0] [00:20:55] [INFO] loss: 1.46909869
[GPU 0] [00:20:55] [INFO] Data: papers-biology | Experts: ['core', 'papers-nuclear']
[GPU 0] [00:20:59] [INFO] loss: 2.63389373
[GPU 0] [00:20:59] [INFO] Data: papers-nuclear | Experts: ['core', 'papers-nuclear']
[GPU 0] [00:21:04] [INFO] loss: 2.90956330
[GPU 0] [00:21:04] [INFO] Data: papers-cyber | Experts: ['core', 'papers-nuclear']
[GPU 0] [00:21:08] [INFO] loss: 2.86844301
[GPU 0] [00:21:08] [INFO] ---- Begin Eval ----
[GPU 0] [00:21:08] [INFO] Data: core | Experts: ['core', 'papers-cyber']
[GPU 0] [00:21:20] [INFO] loss: 2.01322269
[GPU 0] [00:21:20] [INFO] Data: code-lisp | Experts: ['core', 'papers-cyber']
[GPU 0] [00:21:24] [INFO] loss: 1.46833146
[GPU 0] [00:21:24] [INFO] Data: papers-biology | Experts: ['core', 'papers-cyber']
[GPU 0] [00:21:28] [INFO] loss: 2.63842773
[GPU 0] [00:21:28] [INFO] Data: papers-nuclear | Experts: ['core', 'papers-cyber']
[GPU 0] [00:21:32] [INFO] loss: 2.99079227
[GPU 0] [00:21:32] [INFO] Data: papers-cyber | Experts: ['core', 'papers-cyber']
[GPU 0] [00:21:37] [INFO] loss: 2.82993865
[GPU 0] [00:21:37] [INFO] ---- Begin Eval ----
[GPU 0] [00:21:37] [INFO] Data: core | Experts: ['core', 'papers-biology', 'papers-cyber', 'papers-nuclear']
[GPU 0] [00:21:50] [INFO] loss: 2.01048493
[GPU 0] [00:21:50] [INFO] Data: code-lisp | Experts: ['core', 'papers-biology', 'papers-cyber', 'papers-nuclear']
[GPU 0] [00:21:54] [INFO] loss: 1.47192371
[GPU 0] [00:21:54] [INFO] Data: papers-biology | Experts: ['core', 'papers-biology', 'papers-cyber', 'papers-nuclear']
[GPU 0] [00:21:59] [INFO] loss: 2.56658053
[GPU 0] [00:21:59] [INFO] Data: papers-nuclear | Experts: ['core', 'papers-biology', 'papers-cyber', 'papers-nuclear']
[GPU 0] [00:22:03] [INFO] loss: 2.90736604
[GPU 0] [00:22:03] [INFO] Data: papers-cyber | Experts: ['core', 'papers-biology', 'papers-cyber', 'papers-nuclear']
[GPU 0] [00:22:08] [INFO] loss: 2.82652068
[GPU 0] [00:22:08] [INFO] ---- Begin Eval ----
[GPU 0] [00:22:08] [INFO] Data: core | Experts: ['code-lisp', 'core', 'papers-cyber', 'papers-nuclear']
[GPU 0] [00:22:21] [INFO] loss: 2.01110983
[GPU 0] [00:22:21] [INFO] Data: code-lisp | Experts: ['code-lisp', 'core', 'papers-cyber', 'papers-nuclear']
[GPU 0] [00:22:26] [INFO] loss: 0.92595559
[GPU 0] [00:22:26] [INFO] Data: papers-biology | Experts: ['code-lisp', 'core', 'papers-cyber', 'papers-nuclear']
[GPU 0] [00:22:30] [INFO] loss: 2.63741636
[GPU 0] [00:22:30] [INFO] Data: papers-nuclear | Experts: ['code-lisp', 'core', 'papers-cyber', 'papers-nuclear']
[GPU 0] [00:22:35] [INFO] loss: 2.91183019
[GPU 0] [00:22:35] [INFO] Data: papers-cyber | Experts: ['code-lisp', 'core', 'papers-cyber', 'papers-nuclear']
[GPU 0] [00:22:39] [INFO] loss: 2.82843900
[GPU 0] [00:22:39] [INFO] ---- Begin Eval ----
[GPU 0] [00:22:39] [INFO] Data: core | Experts: ['code-lisp', 'core', 'papers-biology', 'papers-cyber']
[GPU 0] [00:22:53] [INFO] loss: 2.01242352
[GPU 0] [00:22:53] [INFO] Data: code-lisp | Experts: ['code-lisp', 'core', 'papers-biology', 'papers-cyber']
[GPU 0] [00:22:57] [INFO] loss: 0.92601663
[GPU 0] [00:22:57] [INFO] Data: papers-biology | Experts: ['code-lisp', 'core', 'papers-biology', 'papers-cyber']
[GPU 0] [00:23:02] [INFO] loss: 2.56982422
[GPU 0] [00:23:02] [INFO] Data: papers-nuclear | Experts: ['code-lisp', 'core', 'papers-biology', 'papers-cyber']
[GPU 0] [00:23:06] [INFO] loss: 2.98908353
[GPU 0] [00:23:06] [INFO] Data: papers-cyber | Experts: ['code-lisp', 'core', 'papers-biology', 'papers-cyber']
[GPU 0] [00:23:11] [INFO] loss: 2.83154297
[GPU 0] [00:23:11] [INFO] ---- Begin Eval ----
[GPU 0] [00:23:11] [INFO] Data: core | Experts: ['code-lisp', 'core', 'papers-biology', 'papers-nuclear']
[GPU 0] [00:23:24] [INFO] loss: 2.01479220
[GPU 0] [00:23:24] [INFO] Data: code-lisp | Experts: ['code-lisp', 'core', 'papers-biology', 'papers-nuclear']
[GPU 0] [00:23:29] [INFO] loss: 0.92667061
[GPU 0] [00:23:29] [INFO] Data: papers-biology | Experts: ['code-lisp', 'core', 'papers-biology', 'papers-nuclear']
[GPU 0] [00:23:33] [INFO] loss: 2.56895232
[GPU 0] [00:23:33] [INFO] Data: papers-nuclear | Experts: ['code-lisp', 'core', 'papers-biology', 'papers-nuclear']
[GPU 0] [00:23:37] [INFO] loss: 2.91088891
[GPU 0] [00:23:37] [INFO] Data: papers-cyber | Experts: ['code-lisp', 'core', 'papers-biology', 'papers-nuclear']
[GPU 0] [00:23:42] [INFO] loss: 2.87039638
[GPU 0] [00:23:42] [INFO] ---- Begin Eval ----
[GPU 0] [00:23:42] [INFO] Data: core | Experts: ['code-lisp', 'core', 'papers-biology', 'papers-cyber', 'papers-nuclear']
[GPU 0] [00:23:54] [INFO] loss: 2.01009560
[GPU 0] [00:23:54] [INFO] Data: code-lisp | Experts: ['code-lisp', 'core', 'papers-biology', 'papers-cyber', 'papers-nuclear']
[GPU 0] [00:23:59] [INFO] loss: 0.92695838
[GPU 0] [00:23:59] [INFO] Data: papers-biology | Experts: ['code-lisp', 'core', 'papers-biology', 'papers-cyber', 'papers-nuclear']
[GPU 0] [00:24:03] [INFO] loss: 2.56828952
[GPU 0] [00:24:03] [INFO] Data: papers-nuclear | Experts: ['code-lisp', 'core', 'papers-biology', 'papers-cyber', 'papers-nuclear']
[GPU 0] [00:24:07] [INFO] loss: 2.90998173
[GPU 0] [00:24:07] [INFO] Data: papers-cyber | Experts: ['code-lisp', 'core', 'papers-biology', 'papers-cyber', 'papers-nuclear']
[GPU 0] [00:24:11] [INFO] loss: 2.82812524
[GPU 0] [00:24:13] [INFO] ROUTED - ADVERSARIAL FT START
[GPU 0] [00:24:14] [INFO] ---- Begin FT | Experts: ['core'] | Data: ['code-lisp'] ----
[GPU 0] [00:24:14] [DEBUG] num_seq: 512, num_rounds: 200, patience: 10
[GPU 0] [00:24:14] [DEBUG] local_x: torch.Size([64, 1024]), local_y: torch.Size([64, 1024]), num_steps: 3, per_gpu: 64, mbs_size: 23
[GPU 0] [00:24:19] [INFO] New best validation loss: 1.4440 @ step 0
[GPU 0] [00:24:25] [INFO] New best validation loss: 1.3571 @ step 1
[GPU 0] [00:24:30] [INFO] New best validation loss: 1.3055 @ step 2
[GPU 0] [00:24:35] [INFO] New best validation loss: 1.2605 @ step 3
[GPU 0] [00:24:41] [INFO] New best validation loss: 1.2313 @ step 4
[GPU 0] [00:24:46] [INFO] New best validation loss: 1.2063 @ step 5
[GPU 0] [00:24:51] [INFO] New best validation loss: 1.1854 @ step 6
[GPU 0] [00:24:57] [INFO] New best validation loss: 1.1682 @ step 7
[GPU 0] [00:25:02] [INFO] New best validation loss: 1.1546 @ step 8
[GPU 0] [00:25:07] [INFO] New best validation loss: 1.1414 @ step 9
[GPU 0] [00:25:13] [INFO] New best validation loss: 1.1277 @ step 10
[GPU 0] [00:25:18] [INFO] New best validation loss: 1.1155 @ step 11
[GPU 0] [00:25:23] [INFO] New best validation loss: 1.1058 @ step 12
[GPU 0] [00:25:29] [INFO] New best validation loss: 1.0972 @ step 13
[GPU 0] [00:25:34] [INFO] New best validation loss: 1.0885 @ step 14
[GPU 0] [00:25:39] [INFO] New best validation loss: 1.0809 @ step 15
[GPU 0] [00:25:45] [INFO] New best validation loss: 1.0744 @ step 16
[GPU 0] [00:25:50] [INFO] New best validation loss: 1.0692 @ step 17
[GPU 0] [00:25:55] [INFO] New best validation loss: 1.0645 @ step 18
[GPU 0] [00:26:01] [INFO] New best validation loss: 1.0599 @ step 19
[GPU 0] [00:26:06] [INFO] New best validation loss: 1.0564 @ step 20
[GPU 0] [00:26:11] [INFO] New best validation loss: 1.0538 @ step 21
[GPU 0] [00:26:17] [INFO] New best validation loss: 1.0519 @ step 22
[GPU 0] [00:26:22] [INFO] New best validation loss: 1.0500 @ step 23
[GPU 0] [00:26:27] [INFO] New best validation loss: 1.0479 @ step 24
[GPU 0] [00:26:33] [INFO] New best validation loss: 1.0467 @ step 25
[GPU 0] [00:26:38] [INFO] New best validation loss: 1.0466 @ step 26
[GPU 0] [00:26:43] [INFO] New best validation loss: 1.0461 @ step 27
[GPU 0] [00:26:49] [INFO] New best validation loss: 1.0454 @ step 28
[GPU 0] [00:26:54] [INFO] New best validation loss: 1.0453 @ step 29
[GPU 0] [00:27:53] [INFO] Stop FT @ 41: no val improvement for 10 steps
[GPU 0] [00:27:53] [INFO] Wrote stats.jsonl entries at FT step 29 
[GPU 0] [00:27:54] [INFO] ---- Begin FT | Experts: ['core'] | Data: ['papers-biology'] ----
[GPU 0] [00:27:54] [DEBUG] num_seq: 512, num_rounds: 200, patience: 10
[GPU 0] [00:27:54] [DEBUG] local_x: torch.Size([64, 1024]), local_y: torch.Size([64, 1024]), num_steps: 3, per_gpu: 64, mbs_size: 23
[GPU 0] [00:27:59] [INFO] New best validation loss: 2.6557 @ step 0
[GPU 0] [00:28:04] [INFO] New best validation loss: 2.6320 @ step 1
[GPU 0] [00:28:10] [INFO] New best validation loss: 2.6287 @ step 2
[GPU 0] [00:28:15] [INFO] New best validation loss: 2.6180 @ step 3
[GPU 0] [00:28:20] [INFO] New best validation loss: 2.6127 @ step 4
[GPU 0] [00:28:26] [INFO] New best validation loss: 2.6119 @ step 5
[GPU 0] [00:29:24] [INFO] Stop FT @ 17: no val improvement for 10 steps
[GPU 0] [00:29:24] [INFO] Wrote stats.jsonl entries at FT step 5 
[GPU 0] [00:29:25] [INFO] ---- Begin FT | Experts: ['core'] | Data: ['papers-cyber'] ----
[GPU 0] [00:29:25] [DEBUG] num_seq: 512, num_rounds: 200, patience: 10
[GPU 0] [00:29:25] [DEBUG] local_x: torch.Size([64, 1024]), local_y: torch.Size([64, 1024]), num_steps: 3, per_gpu: 64, mbs_size: 23
[GPU 0] [00:29:30] [INFO] New best validation loss: 2.9128 @ step 0
[GPU 0] [00:29:36] [INFO] New best validation loss: 2.8777 @ step 1
[GPU 0] [00:29:41] [INFO] New best validation loss: 2.8719 @ step 2
[GPU 0] [00:29:46] [INFO] New best validation loss: 2.8674 @ step 3
[GPU 0] [00:29:52] [INFO] New best validation loss: 2.8644 @ step 4
[GPU 0] [00:30:51] [INFO] Stop FT @ 16: no val improvement for 10 steps
[GPU 0] [00:30:51] [INFO] Wrote stats.jsonl entries at FT step 4 
[GPU 0] [00:30:52] [INFO] ---- Begin FT | Experts: ['core'] | Data: ['papers-nuclear'] ----
[GPU 0] [00:30:52] [DEBUG] num_seq: 512, num_rounds: 200, patience: 10
[GPU 0] [00:30:52] [DEBUG] local_x: torch.Size([64, 1024]), local_y: torch.Size([64, 1024]), num_steps: 3, per_gpu: 64, mbs_size: 23
[GPU 0] [00:30:57] [INFO] New best validation loss: 3.0643 @ step 0
[GPU 0] [00:31:02] [INFO] New best validation loss: 2.9807 @ step 1
[GPU 0] [00:31:08] [INFO] New best validation loss: 2.9704 @ step 2
[GPU 0] [00:31:13] [INFO] New best validation loss: 2.9676 @ step 3
[GPU 0] [00:31:18] [INFO] New best validation loss: 2.9643 @ step 4
[GPU 0] [00:31:23] [INFO] New best validation loss: 2.9591 @ step 5
[GPU 0] [00:31:29] [INFO] New best validation loss: 2.9545 @ step 6
[GPU 0] [00:31:34] [INFO] New best validation loss: 2.9535 @ step 7
[GPU 0] [00:32:32] [INFO] Stop FT @ 19: no val improvement for 10 steps
[GPU 0] [00:32:32] [INFO] Wrote stats.jsonl entries at FT step 7 
[GPU 0] [00:32:32] [INFO] ROUTED - ADVERSARIAL FT START
[GPU 0] [00:32:33] [INFO] ---- Begin FT | Experts: ['code-lisp', 'core'] | Data: ['papers-biology'] ----
[GPU 0] [00:32:33] [DEBUG] num_seq: 512, num_rounds: 200, patience: 10
[GPU 0] [00:32:33] [DEBUG] local_x: torch.Size([64, 1024]), local_y: torch.Size([64, 1024]), num_steps: 3, per_gpu: 64, mbs_size: 23
[GPU 0] [00:32:39] [INFO] New best validation loss: 2.6552 @ step 0
[GPU 0] [00:32:44] [INFO] New best validation loss: 2.6323 @ step 1
[GPU 0] [00:32:50] [INFO] New best validation loss: 2.6279 @ step 2
[GPU 0] [00:32:55] [INFO] New best validation loss: 2.6169 @ step 3
[GPU 0] [00:33:01] [INFO] New best validation loss: 2.6123 @ step 4
[GPU 0] [00:33:07] [INFO] New best validation loss: 2.6116 @ step 5
[GPU 0] [00:34:09] [INFO] Stop FT @ 17: no val improvement for 10 steps
[GPU 0] [00:34:09] [INFO] Wrote stats.jsonl entries at FT step 5 
[GPU 0] [00:34:09] [INFO] ---- Begin FT | Experts: ['code-lisp', 'core'] | Data: ['papers-cyber'] ----
[GPU 0] [00:34:09] [DEBUG] num_seq: 512, num_rounds: 200, patience: 10
[GPU 0] [00:34:09] [DEBUG] local_x: torch.Size([64, 1024]), local_y: torch.Size([64, 1024]), num_steps: 3, per_gpu: 64, mbs_size: 23
[GPU 0] [00:34:15] [INFO] New best validation loss: 2.9162 @ step 0
[GPU 0] [00:34:21] [INFO] New best validation loss: 2.8774 @ step 1
[GPU 0] [00:34:26] [INFO] New best validation loss: 2.8721 @ step 2
[GPU 0] [00:34:32] [INFO] New best validation loss: 2.8676 @ step 3
[GPU 0] [00:34:38] [INFO] New best validation loss: 2.8642 @ step 4
[GPU 0] [00:35:40] [INFO] Stop FT @ 16: no val improvement for 10 steps
[GPU 0] [00:35:40] [INFO] Wrote stats.jsonl entries at FT step 4 
[GPU 0] [00:35:41] [INFO] ---- Begin FT | Experts: ['code-lisp', 'core'] | Data: ['papers-nuclear'] ----
[GPU 0] [00:35:41] [DEBUG] num_seq: 512, num_rounds: 200, patience: 10
[GPU 0] [00:35:41] [DEBUG] local_x: torch.Size([64, 1024]), local_y: torch.Size([64, 1024]), num_steps: 3, per_gpu: 64, mbs_size: 23
[GPU 0] [00:35:47] [INFO] New best validation loss: 3.0659 @ step 0
[GPU 0] [00:35:52] [INFO] New best validation loss: 2.9812 @ step 1
[GPU 0] [00:35:58] [INFO] New best validation loss: 2.9716 @ step 2
[GPU 0] [00:36:03] [INFO] New best validation loss: 2.9683 @ step 3
[GPU 0] [00:36:09] [INFO] New best validation loss: 2.9648 @ step 4
[GPU 0] [00:36:15] [INFO] New best validation loss: 2.9593 @ step 5
[GPU 0] [00:36:20] [INFO] New best validation loss: 2.9547 @ step 6
[GPU 0] [00:36:26] [INFO] New best validation loss: 2.9537 @ step 7
[GPU 0] [00:37:28] [INFO] Stop FT @ 19: no val improvement for 10 steps
[GPU 0] [00:37:28] [INFO] Wrote stats.jsonl entries at FT step 7 
[GPU 0] [00:37:29] [INFO] ROUTED - ADVERSARIAL FT START
[GPU 0] [00:37:29] [INFO] ---- Begin FT | Experts: ['core', 'papers-biology'] | Data: ['code-lisp'] ----
[GPU 0] [00:37:29] [DEBUG] num_seq: 512, num_rounds: 200, patience: 10
[GPU 0] [00:37:29] [DEBUG] local_x: torch.Size([64, 1024]), local_y: torch.Size([64, 1024]), num_steps: 3, per_gpu: 64, mbs_size: 23
[GPU 0] [00:37:35] [INFO] New best validation loss: 1.4494 @ step 0
[GPU 0] [00:37:40] [INFO] New best validation loss: 1.3564 @ step 1
[GPU 0] [00:37:46] [INFO] New best validation loss: 1.3070 @ step 2
[GPU 0] [00:37:52] [INFO] New best validation loss: 1.2610 @ step 3
[GPU 0] [00:37:57] [INFO] New best validation loss: 1.2319 @ step 4
[GPU 0] [00:38:03] [INFO] New best validation loss: 1.2067 @ step 5
[GPU 0] [00:38:09] [INFO] New best validation loss: 1.1859 @ step 6
[GPU 0] [00:38:14] [INFO] New best validation loss: 1.1685 @ step 7
[GPU 0] [00:38:20] [INFO] New best validation loss: 1.1546 @ step 8
[GPU 0] [00:38:26] [INFO] New best validation loss: 1.1412 @ step 9
[GPU 0] [00:38:31] [INFO] New best validation loss: 1.1274 @ step 10
[GPU 0] [00:38:37] [INFO] New best validation loss: 1.1152 @ step 11
[GPU 0] [00:38:43] [INFO] New best validation loss: 1.1058 @ step 12
[GPU 0] [00:38:48] [INFO] New best validation loss: 1.0969 @ step 13
[GPU 0] [00:38:54] [INFO] New best validation loss: 1.0881 @ step 14
[GPU 0] [00:38:59] [INFO] New best validation loss: 1.0807 @ step 15
[GPU 0] [00:39:05] [INFO] New best validation loss: 1.0741 @ step 16
[GPU 0] [00:39:10] [INFO] New best validation loss: 1.0688 @ step 17
[GPU 0] [00:39:16] [INFO] New best validation loss: 1.0644 @ step 18
[GPU 0] [00:39:22] [INFO] New best validation loss: 1.0597 @ step 19
[GPU 0] [00:39:27] [INFO] New best validation loss: 1.0561 @ step 20
[GPU 0] [00:39:33] [INFO] New best validation loss: 1.0535 @ step 21
[GPU 0] [00:39:39] [INFO] New best validation loss: 1.0517 @ step 22
[GPU 0] [00:39:44] [INFO] New best validation loss: 1.0496 @ step 23
[GPU 0] [00:39:50] [INFO] New best validation loss: 1.0476 @ step 24
[GPU 0] [00:39:56] [INFO] New best validation loss: 1.0465 @ step 25
[GPU 0] [00:40:01] [INFO] New best validation loss: 1.0463 @ step 26
[GPU 0] [00:40:07] [INFO] New best validation loss: 1.0458 @ step 27
[GPU 0] [00:40:13] [INFO] New best validation loss: 1.0451 @ step 28
[GPU 0] [00:41:15] [INFO] Stop FT @ 40: no val improvement for 10 steps
[GPU 0] [00:41:15] [INFO] Wrote stats.jsonl entries at FT step 28 
[GPU 0] [00:41:16] [INFO] ---- Begin FT | Experts: ['core', 'papers-biology'] | Data: ['papers-cyber'] ----
[GPU 0] [00:41:16] [DEBUG] num_seq: 512, num_rounds: 200, patience: 10
[GPU 0] [00:41:16] [DEBUG] local_x: torch.Size([64, 1024]), local_y: torch.Size([64, 1024]), num_steps: 3, per_gpu: 64, mbs_size: 23
[GPU 0] [00:41:21] [INFO] New best validation loss: 2.9004 @ step 0
[GPU 0] [00:41:27] [INFO] New best validation loss: 2.8824 @ step 1
[GPU 0] [00:41:32] [INFO] New best validation loss: 2.8718 @ step 2
[GPU 0] [00:41:38] [INFO] New best validation loss: 2.8655 @ step 3
[GPU 0] [00:41:44] [INFO] New best validation loss: 2.8631 @ step 4
[GPU 0] [00:42:46] [INFO] Stop FT @ 16: no val improvement for 10 steps
[GPU 0] [00:42:46] [INFO] Wrote stats.jsonl entries at FT step 4 
[GPU 0] [00:42:47] [INFO] ---- Begin FT | Experts: ['core', 'papers-biology'] | Data: ['papers-nuclear'] ----
[GPU 0] [00:42:47] [DEBUG] num_seq: 512, num_rounds: 200, patience: 10
[GPU 0] [00:42:47] [DEBUG] local_x: torch.Size([64, 1024]), local_y: torch.Size([64, 1024]), num_steps: 3, per_gpu: 64, mbs_size: 23
[GPU 0] [00:42:53] [INFO] New best validation loss: 3.0325 @ step 0
[GPU 0] [00:42:58] [INFO] New best validation loss: 2.9719 @ step 1
[GPU 0] [00:43:04] [INFO] New best validation loss: 2.9638 @ step 2
[GPU 0] [00:43:10] [INFO] New best validation loss: 2.9618 @ step 3
[GPU 0] [00:43:15] [INFO] New best validation loss: 2.9562 @ step 4
[GPU 0] [00:43:21] [INFO] New best validation loss: 2.9511 @ step 5
[GPU 0] [00:43:26] [INFO] New best validation loss: 2.9493 @ step 6
[GPU 0] [00:44:29] [INFO] Stop FT @ 18: no val improvement for 10 steps
[GPU 0] [00:44:29] [INFO] Wrote stats.jsonl entries at FT step 6 
[GPU 0] [00:44:29] [INFO] ROUTED - ADVERSARIAL FT START
[GPU 0] [00:44:30] [INFO] ---- Begin FT | Experts: ['core', 'papers-nuclear'] | Data: ['code-lisp'] ----
[GPU 0] [00:44:30] [DEBUG] num_seq: 512, num_rounds: 200, patience: 10
[GPU 0] [00:44:30] [DEBUG] local_x: torch.Size([64, 1024]), local_y: torch.Size([64, 1024]), num_steps: 3, per_gpu: 64, mbs_size: 23
[GPU 0] [00:44:35] [INFO] New best validation loss: 1.4407 @ step 0
[GPU 0] [00:44:41] [INFO] New best validation loss: 1.3578 @ step 1
[GPU 0] [00:44:47] [INFO] New best validation loss: 1.3072 @ step 2
[GPU 0] [00:44:52] [INFO] New best validation loss: 1.2604 @ step 3
[GPU 0] [00:44:58] [INFO] New best validation loss: 1.2307 @ step 4
[GPU 0] [00:45:04] [INFO] New best validation loss: 1.2066 @ step 5
[GPU 0] [00:45:11] [INFO] New best validation loss: 1.1860 @ step 6
[GPU 0] [00:45:16] [INFO] New best validation loss: 1.1688 @ step 7
[GPU 0] [00:45:22] [INFO] New best validation loss: 1.1545 @ step 8
[GPU 0] [00:45:28] [INFO] New best validation loss: 1.1412 @ step 9
[GPU 0] [00:45:33] [INFO] New best validation loss: 1.1274 @ step 10
[GPU 0] [00:45:39] [INFO] New best validation loss: 1.1151 @ step 11
[GPU 0] [00:45:45] [INFO] New best validation loss: 1.1056 @ step 12
[GPU 0] [00:45:51] [INFO] New best validation loss: 1.0969 @ step 13
[GPU 0] [00:45:56] [INFO] New best validation loss: 1.0881 @ step 14
[GPU 0] [00:46:02] [INFO] New best validation loss: 1.0806 @ step 15
[GPU 0] [00:46:08] [INFO] New best validation loss: 1.0743 @ step 16
[GPU 0] [00:46:13] [INFO] New best validation loss: 1.0686 @ step 17
[GPU 0] [00:46:19] [INFO] New best validation loss: 1.0639 @ step 18
[GPU 0] [00:46:24] [INFO] New best validation loss: 1.0595 @ step 19
[GPU 0] [00:46:30] [INFO] New best validation loss: 1.0558 @ step 20
[GPU 0] [00:46:36] [INFO] New best validation loss: 1.0535 @ step 21
[GPU 0] [00:46:41] [INFO] New best validation loss: 1.0515 @ step 22
[GPU 0] [00:46:47] [INFO] New best validation loss: 1.0493 @ step 23
[GPU 0] [00:46:53] [INFO] New best validation loss: 1.0472 @ step 24
[GPU 0] [00:46:58] [INFO] New best validation loss: 1.0462 @ step 25
[GPU 0] [00:47:10] [INFO] New best validation loss: 1.0456 @ step 27
[GPU 0] [00:47:16] [INFO] New best validation loss: 1.0448 @ step 28
[GPU 0] [00:47:21] [INFO] New best validation loss: 1.0447 @ step 29
[GPU 0] [00:48:24] [INFO] Stop FT @ 41: no val improvement for 10 steps
[GPU 0] [00:48:24] [INFO] Wrote stats.jsonl entries at FT step 29 
[GPU 0] [00:48:25] [INFO] ---- Begin FT | Experts: ['core', 'papers-nuclear'] | Data: ['papers-biology'] ----
[GPU 0] [00:48:25] [DEBUG] num_seq: 512, num_rounds: 200, patience: 10
[GPU 0] [00:48:25] [DEBUG] local_x: torch.Size([64, 1024]), local_y: torch.Size([64, 1024]), num_steps: 3, per_gpu: 64, mbs_size: 23
[GPU 0] [00:48:30] [INFO] New best validation loss: 2.6516 @ step 0
[GPU 0] [00:48:42] [INFO] New best validation loss: 2.6320 @ step 2
[GPU 0] [00:48:47] [INFO] New best validation loss: 2.6205 @ step 3
[GPU 0] [00:48:53] [INFO] New best validation loss: 2.6173 @ step 4
[GPU 0] [00:48:58] [INFO] New best validation loss: 2.6151 @ step 5
[GPU 0] [00:49:04] [INFO] New best validation loss: 2.6144 @ step 6
[GPU 0] [00:50:06] [INFO] Stop FT @ 18: no val improvement for 10 steps
[GPU 0] [00:50:06] [INFO] Wrote stats.jsonl entries at FT step 6 
[GPU 0] [00:50:07] [INFO] ---- Begin FT | Experts: ['core', 'papers-nuclear'] | Data: ['papers-cyber'] ----
[GPU 0] [00:50:07] [DEBUG] num_seq: 512, num_rounds: 200, patience: 10
[GPU 0] [00:50:07] [DEBUG] local_x: torch.Size([64, 1024]), local_y: torch.Size([64, 1024]), num_steps: 3, per_gpu: 64, mbs_size: 23
[GPU 0] [00:50:13] [INFO] New best validation loss: 2.9090 @ step 0
[GPU 0] [00:50:19] [INFO] New best validation loss: 2.8732 @ step 1
[GPU 0] [00:50:24] [INFO] New best validation loss: 2.8680 @ step 2
[GPU 0] [00:50:30] [INFO] New best validation loss: 2.8631 @ step 3
[GPU 0] [00:50:35] [INFO] New best validation loss: 2.8597 @ step 4
[GPU 0] [00:51:37] [INFO] Stop FT @ 16: no val improvement for 10 steps
[GPU 0] [00:51:37] [INFO] Wrote stats.jsonl entries at FT step 4 
[GPU 0] [00:51:38] [INFO] ROUTED - ADVERSARIAL FT START
[GPU 0] [00:51:38] [INFO] ---- Begin FT | Experts: ['core', 'papers-cyber'] | Data: ['code-lisp'] ----
[GPU 0] [00:51:38] [DEBUG] num_seq: 512, num_rounds: 200, patience: 10
[GPU 0] [00:51:38] [DEBUG] local_x: torch.Size([64, 1024]), local_y: torch.Size([64, 1024]), num_steps: 3, per_gpu: 64, mbs_size: 23
[GPU 0] [00:51:44] [INFO] New best validation loss: 1.4496 @ step 0
[GPU 0] [00:51:49] [INFO] New best validation loss: 1.3557 @ step 1
[GPU 0] [00:51:55] [INFO] New best validation loss: 1.3039 @ step 2
[GPU 0] [00:52:01] [INFO] New best validation loss: 1.2616 @ step 3
[GPU 0] [00:52:06] [INFO] New best validation loss: 1.2316 @ step 4
[GPU 0] [00:52:12] [INFO] New best validation loss: 1.2058 @ step 5
[GPU 0] [00:52:18] [INFO] New best validation loss: 1.1845 @ step 6
[GPU 0] [00:52:23] [INFO] New best validation loss: 1.1673 @ step 7
[GPU 0] [00:52:29] [INFO] New best validation loss: 1.1535 @ step 8
[GPU 0] [00:52:35] [INFO] New best validation loss: 1.1405 @ step 9
[GPU 0] [00:52:40] [INFO] New best validation loss: 1.1267 @ step 10
[GPU 0] [00:52:46] [INFO] New best validation loss: 1.1146 @ step 11
[GPU 0] [00:52:51] [INFO] New best validation loss: 1.1048 @ step 12
[GPU 0] [00:52:57] [INFO] New best validation loss: 1.0961 @ step 13
[GPU 0] [00:53:03] [INFO] New best validation loss: 1.0875 @ step 14
[GPU 0] [00:53:08] [INFO] New best validation loss: 1.0800 @ step 15
[GPU 0] [00:53:14] [INFO] New best validation loss: 1.0738 @ step 16
[GPU 0] [00:53:20] [INFO] New best validation loss: 1.0683 @ step 17
[GPU 0] [00:53:25] [INFO] New best validation loss: 1.0637 @ step 18
[GPU 0] [00:53:31] [INFO] New best validation loss: 1.0592 @ step 19
[GPU 0] [00:53:36] [INFO] New best validation loss: 1.0555 @ step 20
[GPU 0] [00:53:42] [INFO] New best validation loss: 1.0531 @ step 21
[GPU 0] [00:53:48] [INFO] New best validation loss: 1.0511 @ step 22
[GPU 0] [00:53:53] [INFO] New best validation loss: 1.0489 @ step 23
[GPU 0] [00:53:59] [INFO] New best validation loss: 1.0471 @ step 24
[GPU 0] [00:54:05] [INFO] New best validation loss: 1.0462 @ step 25
[GPU 0] [00:54:10] [INFO] New best validation loss: 1.0461 @ step 26
[GPU 0] [00:54:16] [INFO] New best validation loss: 1.0454 @ step 27
[GPU 0] [00:54:22] [INFO] New best validation loss: 1.0445 @ step 28
[GPU 0] [00:55:24] [INFO] Stop FT @ 40: no val improvement for 10 steps
[GPU 0] [00:55:24] [INFO] Wrote stats.jsonl entries at FT step 28 
[GPU 0] [00:55:25] [INFO] ---- Begin FT | Experts: ['core', 'papers-cyber'] | Data: ['papers-biology'] ----
[GPU 0] [00:55:25] [DEBUG] num_seq: 512, num_rounds: 200, patience: 10
[GPU 0] [00:55:25] [DEBUG] local_x: torch.Size([64, 1024]), local_y: torch.Size([64, 1024]), num_steps: 3, per_gpu: 64, mbs_size: 23
[GPU 0] [00:55:31] [INFO] New best validation loss: 2.6524 @ step 0
[GPU 0] [00:55:36] [INFO] New best validation loss: 2.6327 @ step 1
[GPU 0] [00:55:42] [INFO] New best validation loss: 2.6260 @ step 2
[GPU 0] [00:55:47] [INFO] New best validation loss: 2.6157 @ step 3
[GPU 0] [00:55:53] [INFO] New best validation loss: 2.6114 @ step 4
[GPU 0] [00:55:59] [INFO] New best validation loss: 2.6114 @ step 5
[GPU 0] [00:57:01] [INFO] Stop FT @ 17: no val improvement for 10 steps
[GPU 0] [00:57:01] [INFO] Wrote stats.jsonl entries at FT step 5 
[GPU 0] [00:57:02] [INFO] ---- Begin FT | Experts: ['core', 'papers-cyber'] | Data: ['papers-nuclear'] ----
[GPU 0] [00:57:02] [DEBUG] num_seq: 512, num_rounds: 200, patience: 10
[GPU 0] [00:57:02] [DEBUG] local_x: torch.Size([64, 1024]), local_y: torch.Size([64, 1024]), num_steps: 3, per_gpu: 64, mbs_size: 23
[GPU 0] [00:57:07] [INFO] New best validation loss: 3.0458 @ step 0
[GPU 0] [00:57:13] [INFO] New best validation loss: 2.9775 @ step 1
[GPU 0] [00:57:19] [INFO] New best validation loss: 2.9663 @ step 2
[GPU 0] [00:57:25] [INFO] New best validation loss: 2.9633 @ step 3
[GPU 0] [00:57:30] [INFO] New best validation loss: 2.9591 @ step 4
[GPU 0] [00:57:36] [INFO] New best validation loss: 2.9538 @ step 5
[GPU 0] [00:57:42] [INFO] New best validation loss: 2.9503 @ step 6
[GPU 0] [00:58:45] [INFO] Stop FT @ 18: no val improvement for 10 steps
[GPU 0] [00:58:45] [INFO] Wrote stats.jsonl entries at FT step 6 
[GPU 0] [00:58:45] [INFO] ROUTED - ADVERSARIAL FT START
[GPU 0] [00:58:45] [INFO] ---- Begin FT | Experts: ['core', 'papers-biology', 'papers-cyber', 'papers-nuclear'] | Data: ['code-lisp'] ----
[GPU 0] [00:58:45] [DEBUG] num_seq: 512, num_rounds: 200, patience: 10
[GPU 0] [00:58:46] [DEBUG] local_x: torch.Size([64, 1024]), local_y: torch.Size([64, 1024]), num_steps: 3, per_gpu: 64, mbs_size: 23
[GPU 0] [00:58:52] [INFO] New best validation loss: 1.4519 @ step 0
[GPU 0] [00:58:58] [INFO] New best validation loss: 1.3561 @ step 1
[GPU 0] [00:59:04] [INFO] New best validation loss: 1.3079 @ step 2
[GPU 0] [00:59:10] [INFO] New best validation loss: 1.2616 @ step 3
[GPU 0] [00:59:16] [INFO] New best validation loss: 1.2316 @ step 4
[GPU 0] [00:59:22] [INFO] New best validation loss: 1.2064 @ step 5
[GPU 0] [00:59:28] [INFO] New best validation loss: 1.1858 @ step 6
[GPU 0] [00:59:34] [INFO] New best validation loss: 1.1682 @ step 7
[GPU 0] [00:59:40] [INFO] New best validation loss: 1.1536 @ step 8
[GPU 0] [00:59:46] [INFO] New best validation loss: 1.1401 @ step 9
[GPU 0] [00:59:52] [INFO] New best validation loss: 1.1264 @ step 10
[GPU 0] [00:59:58] [INFO] New best validation loss: 1.1144 @ step 11
[GPU 0] [01:00:05] [INFO] New best validation loss: 1.1047 @ step 12
[GPU 0] [01:00:12] [INFO] New best validation loss: 1.0959 @ step 13
[GPU 0] [01:00:19] [INFO] New best validation loss: 1.0871 @ step 14
[GPU 0] [01:00:25] [INFO] New best validation loss: 1.0796 @ step 15
[GPU 0] [01:00:31] [INFO] New best validation loss: 1.0734 @ step 16
[GPU 0] [01:00:37] [INFO] New best validation loss: 1.0678 @ step 17
[GPU 0] [01:00:43] [INFO] New best validation loss: 1.0631 @ step 18
[GPU 0] [01:00:49] [INFO] New best validation loss: 1.0586 @ step 19
[GPU 0] [01:00:55] [INFO] New best validation loss: 1.0549 @ step 20
[GPU 0] [01:01:01] [INFO] New best validation loss: 1.0529 @ step 21
[GPU 0] [01:01:07] [INFO] New best validation loss: 1.0507 @ step 22
[GPU 0] [01:01:13] [INFO] New best validation loss: 1.0482 @ step 23
[GPU 0] [01:01:19] [INFO] New best validation loss: 1.0463 @ step 24
[GPU 0] [01:01:25] [INFO] New best validation loss: 1.0455 @ step 25
[GPU 0] [01:01:32] [INFO] New best validation loss: 1.0454 @ step 26
[GPU 0] [01:01:38] [INFO] New best validation loss: 1.0449 @ step 27
[GPU 0] [01:01:44] [INFO] New best validation loss: 1.0439 @ step 28
[GPU 0] [01:02:51] [INFO] Stop FT @ 40: no val improvement for 10 steps
[GPU 0] [01:02:51] [INFO] Wrote stats.jsonl entries at FT step 28 
[GPU 0] [01:02:51] [INFO] ROUTED - ADVERSARIAL FT START
[GPU 0] [01:02:52] [INFO] ---- Begin FT | Experts: ['code-lisp', 'core', 'papers-cyber', 'papers-nuclear'] | Data: ['papers-biology'] ----
[GPU 0] [01:02:52] [DEBUG] num_seq: 512, num_rounds: 200, patience: 10
[GPU 0] [01:02:52] [DEBUG] local_x: torch.Size([64, 1024]), local_y: torch.Size([64, 1024]), num_steps: 3, per_gpu: 64, mbs_size: 23
[GPU 0] [01:02:58] [INFO] New best validation loss: 2.6571 @ step 0
[GPU 0] [01:03:05] [INFO] New best validation loss: 2.6443 @ step 1
[GPU 0] [01:03:11] [INFO] New best validation loss: 2.6299 @ step 2
[GPU 0] [01:03:17] [INFO] New best validation loss: 2.6204 @ step 3
[GPU 0] [01:03:23] [INFO] New best validation loss: 2.6151 @ step 4
[GPU 0] [01:03:29] [INFO] New best validation loss: 2.6121 @ step 5
[GPU 0] [01:03:36] [INFO] New best validation loss: 2.6114 @ step 6
[GPU 0] [01:04:44] [INFO] Stop FT @ 18: no val improvement for 10 steps
[GPU 0] [01:04:44] [INFO] Wrote stats.jsonl entries at FT step 6 
[GPU 0] [01:04:44] [INFO] ROUTED - ADVERSARIAL FT START
[GPU 0] [01:04:44] [INFO] ---- Begin FT | Experts: ['code-lisp', 'core', 'papers-biology', 'papers-cyber'] | Data: ['papers-nuclear'] ----
[GPU 0] [01:04:44] [DEBUG] num_seq: 512, num_rounds: 200, patience: 10
[GPU 0] [01:04:44] [DEBUG] local_x: torch.Size([64, 1024]), local_y: torch.Size([64, 1024]), num_steps: 3, per_gpu: 64, mbs_size: 23
[GPU 0] [01:04:50] [INFO] New best validation loss: 3.0325 @ step 0
[GPU 0] [01:04:57] [INFO] New best validation loss: 2.9720 @ step 1
[GPU 0] [01:05:03] [INFO] New best validation loss: 2.9634 @ step 2
[GPU 0] [01:05:09] [INFO] New best validation loss: 2.9605 @ step 3
[GPU 0] [01:05:15] [INFO] New best validation loss: 2.9551 @ step 4
[GPU 0] [01:05:21] [INFO] New best validation loss: 2.9501 @ step 5
[GPU 0] [01:05:27] [INFO] New best validation loss: 2.9478 @ step 6
[GPU 0] [01:06:34] [INFO] Stop FT @ 18: no val improvement for 10 steps
[GPU 0] [01:06:34] [INFO] Wrote stats.jsonl entries at FT step 6 
[GPU 0] [01:06:34] [INFO] ROUTED - ADVERSARIAL FT START
[GPU 0] [01:06:34] [INFO] ---- Begin FT | Experts: ['code-lisp', 'core', 'papers-biology', 'papers-nuclear'] | Data: ['papers-cyber'] ----
[GPU 0] [01:06:34] [DEBUG] num_seq: 512, num_rounds: 200, patience: 10
[GPU 0] [01:06:34] [DEBUG] local_x: torch.Size([64, 1024]), local_y: torch.Size([64, 1024]), num_steps: 3, per_gpu: 64, mbs_size: 23
[GPU 0] [01:06:41] [INFO] New best validation loss: 2.9066 @ step 0
[GPU 0] [01:06:47] [INFO] New best validation loss: 2.8733 @ step 1
[GPU 0] [01:06:53] [INFO] New best validation loss: 2.8670 @ step 2
[GPU 0] [01:06:59] [INFO] New best validation loss: 2.8621 @ step 3
[GPU 0] [01:07:05] [INFO] New best validation loss: 2.8585 @ step 4
[GPU 0] [01:08:11] [INFO] Stop FT @ 16: no val improvement for 10 steps
[GPU 0] [01:08:11] [INFO] Wrote stats.jsonl entries at FT step 4 
[GPU 0] [01:08:15] [INFO] ----------------------------------------
[GPU 0] [01:08:15] [INFO] Finished. See /workspace/gradient-routing/experiments/AGI-1699-New-Dataset-Runs/results/partial/400M/seed_3/20260522164027752141
