[GPU 0] [04:19:20] [INFO] Git branch: AGI-1696-New-Dataset-Runs_ethan, commit: af80a0742d9a40ebaef5b7331a4b01da4035efdc
[GPU 0] [04:19:20] [INFO] Number of GPUs: 1
[GPU 0] [04:19:21] [INFO] Tokenizer vocabulary: 4096
[GPU 0] [04:19:21] [INFO] Set model vocab size to nearest multiple of 64 of tokenizer size: 4096
[GPU 0] [04:19:21] [INFO] target effective batch size: 128, actual effective batch size: 128, micro batch size: 128, accumulation steps: 1, num gpus: 1
[GPU 0] [04:19:21] [INFO] core total number of tokens: 501664802
[GPU 0] [04:19:21] [INFO] core: 1.0000 x 501664802 = 501664802
[GPU 0] [04:19:21] [INFO] aux total number of tokens: 46188871
[GPU 0] [04:19:21] [INFO] aux: 1.0000 x 46188871 = 46188871
[GPU 0] [04:19:22] [DEBUG] Saved config to /workspace-vast/ethanr/gradient-routing/experiments/AGI-1699-New-Dataset-Runs/results/stories/seed_2/20260616041920253273/config.json
[GPU 0] [04:19:22] [DEBUG] {
    "stages": [
        {
            "name": "routed",
            "num_checkpoints": -1,
            "lr": 0.005,
            "res_dir": "/workspace-vast/ethanr/gradient-routing/experiments/AGI-1699-New-Dataset-Runs/results/stories/seed_2/20260616041920253273/routed",
            "acc_mode": "heterogeneous",
            "do_eval": true,
            "do_sample": false,
            "num_train_evals": 0,
            "do_elicit": true,
            "elicit_eval_prc": 0.5,
            "elicit_num_evals": 100,
            "retain_targets": null,
            "model": {
                "arch": "moe",
                "tokenizer": "TokenizersBackend(name_or_path='SimpleStories/SimpleStories-1.25M', vocab_size=4096, model_max_length=1000000000000000019884624838656, padding_side='right', truncation_side='right', special_tokens={'eos_token': '[EOS]', 'unk_token': '[UNK]'}, added_tokens_decoder={\n\t0: AddedToken(\"[UNK]\", rstrip=False, lstrip=False, single_word=False, normalized=False, special=True),\n\t1: AddedToken(\"[EOS]\", rstrip=False, lstrip=False, single_word=False, normalized=False, special=True),\n}\n)",
                "ctx_len": 256,
                "vocab_size": 4096,
                "num_layers": 8,
                "num_heads": 8,
                "num_key_value": 2,
                "attn_bias": true,
                "eos_token_id": 1,
                "embed_dim": 512,
                "mlp_dim": 2048,
                "core_param_prc": 1.0,
                "aux_param_prc": 0.1
            },
            "eval_arbsub": false,
            "label_prc": 1.0,
            "aux_factor": 1.0,
            "robust_prc": 0.5,
            "aux_route_prc": 0.3,
            "equal_compute": true
        }
    ],
    "model": {
        "arch": "base",
        "tokenizer": "TokenizersBackend(name_or_path='SimpleStories/SimpleStories-1.25M', vocab_size=4096, model_max_length=1000000000000000019884624838656, padding_side='right', truncation_side='right', special_tokens={'eos_token': '[EOS]', 'unk_token': '[UNK]'}, added_tokens_decoder={\n\t0: AddedToken(\"[UNK]\", rstrip=False, lstrip=False, single_word=False, normalized=False, special=True),\n\t1: AddedToken(\"[EOS]\", rstrip=False, lstrip=False, single_word=False, normalized=False, special=True),\n}\n)",
        "ctx_len": 256,
        "vocab_size": 4096,
        "num_layers": 8,
        "num_heads": 8,
        "num_key_value": 2,
        "attn_bias": true,
        "eos_token_id": 1,
        "embed_dim": 512,
        "mlp_dim": 2048
    },
    "data": {
        "dirs": [
            "/workspace-vast/ethanr/gradient-routing/experiments/AGI-1699-New-Dataset-Runs/src/data/stories"
        ],
        "core": {
            "labels": [
                "dinosaurs",
                "dream-worlds",
                "enchanted-forests",
                "fairy-tales",
                "fantasy-worlds",
                "gardens",
                "giant-creatures",
                "haunted-places",
                "hidden-treasures",
                "holidays",
                "invisibility",
                "island-adventures",
                "living-objects",
                "lost-cities",
                "lost-civilizations",
                "magical-lands",
                "magical-objects",
                "miniature-worlds",
                "mysterious-maps",
                "mystical-creatures",
                "outer-space",
                "pirates",
                "riddles",
                "robots-and-technology",
                "royal-kingdoms",
                "school-life",
                "seasonal-changes",
                "secret-societies",
                "shape-shifting",
                "sibling-rivalry",
                "snowy-adventures",
                "space-exploration",
                "sports",
                "subterranean-worlds",
                "superheroes",
                "talking-animals",
                "the-arts",
                "the-sky",
                "time-travel",
                "treasure-hunts",
                "undercover-missions",
                "underwater-adventures",
                "unusual-vehicles",
                "virtual-worlds"
            ],
            "method": "total",
            "limit": 1.0,
            "dist": {
                "dinosaurs": 0.022727272727272728,
                "dream-worlds": 0.022727272727272728,
                "enchanted-forests": 0.022727272727272728,
                "fairy-tales": 0.022727272727272728,
                "fantasy-worlds": 0.022727272727272728,
                "gardens": 0.022727272727272728,
                "giant-creatures": 0.022727272727272728,
                "haunted-places": 0.022727272727272728,
                "hidden-treasures": 0.022727272727272728,
                "holidays": 0.022727272727272728,
                "invisibility": 0.022727272727272728,
                "island-adventures": 0.022727272727272728,
                "living-objects": 0.022727272727272728,
                "lost-cities": 0.022727272727272728,
                "lost-civilizations": 0.022727272727272728,
                "magical-lands": 0.022727272727272728,
                "magical-objects": 0.022727272727272728,
                "miniature-worlds": 0.022727272727272728,
                "mysterious-maps": 0.022727272727272728,
                "mystical-creatures": 0.022727272727272728,
                "outer-space": 0.022727272727272728,
                "pirates": 0.022727272727272728,
                "riddles": 0.022727272727272728,
                "robots-and-technology": 0.022727272727272728,
                "royal-kingdoms": 0.022727272727272728,
                "school-life": 0.022727272727272728,
                "seasonal-changes": 0.022727272727272728,
                "secret-societies": 0.022727272727272728,
                "shape-shifting": 0.022727272727272728,
                "sibling-rivalry": 0.022727272727272728,
                "snowy-adventures": 0.022727272727272728,
                "space-exploration": 0.022727272727272728,
                "sports": 0.022727272727272728,
                "subterranean-worlds": 0.022727272727272728,
                "superheroes": 0.022727272727272728,
                "talking-animals": 0.022727272727272728,
                "the-arts": 0.022727272727272728,
                "the-sky": 0.022727272727272728,
                "time-travel": 0.022727272727272728,
                "treasure-hunts": 0.022727272727272728,
                "undercover-missions": 0.022727272727272728,
                "underwater-adventures": 0.022727272727272728,
                "unusual-vehicles": 0.022727272727272728,
                "virtual-worlds": 0.022727272727272728
            },
            "num_tok": 501664802
        },
        "aux": {
            "labels": [
                "a-deadline-or-time-limit",
                "alien-encounters",
                "bygone-eras",
                "cultural-traditions"
            ],
            "method": "total",
            "limit": 1.0,
            "dist": {
                "a-deadline-or-time-limit": 0.25,
                "alien-encounters": 0.25,
                "bygone-eras": 0.25,
                "cultural-traditions": 0.25
            },
            "num_tok": 46188871
        }
    },
    "run": {
        "target_effective_batch_size": 128,
        "effective_batch_size": 128,
        "micro_batch_size": 128,
        "accumulation_steps": 1,
        "max_num_test_sequences": 10000,
        "eval_all_labels": false,
        "micro_batch_anchors": [
            [
                400000000.0,
                23
            ],
            [
                5000000000.0,
                2
            ]
        ],
        "epochs": 1,
        "adam_betas": [
            0.9,
            0.95
        ],
        "warmup_prc": 0.1,
        "decay_prc": 0.1,
        "seed": 2,
        "compile": true,
        "find_unused_parameters": true,
        "is_ddp": true,
        "cleanup_distributed": false,
        "log_level": "DEBUG",
        "num_gpus": 1,
        "process_id": 0,
        "num_base_params": 26257920,
        "device": "cuda",
        "logger": "<Logger training_20260616041920253273 (DEBUG)>",
        "labels": [
            "core",
            "a-deadline-or-time-limit",
            "alien-encounters",
            "bygone-eras",
            "cultural-traditions"
        ],
        "loaders": {
            "a-deadline-or-time-limit": {
                "train": "SingleDataLoader(a-deadline-or-time-limit_train.bin, len=352)",
                "test": "SingleDataLoader(a-deadline-or-time-limit_test.bin, len=40)"
            },
            "alien-encounters": {
                "train": "SingleDataLoader(alien-encounters_train.bin, len=345)",
                "test": "SingleDataLoader(alien-encounters_test.bin, len=38)"
            },
            "bygone-eras": {
                "train": "SingleDataLoader(bygone-eras_train.bin, len=352)",
                "test": "SingleDataLoader(bygone-eras_test.bin, len=39)"
            },
            "cultural-traditions": {
                "train": "SingleDataLoader(cultural-traditions_train.bin, len=352)",
                "test": "SingleDataLoader(cultural-traditions_test.bin, len=38)"
            },
            "dinosaurs": {
                "train": "SingleDataLoader(dinosaurs_train.bin, len=337)",
                "test": "SingleDataLoader(dinosaurs_test.bin, len=38)"
            },
            "dream-worlds": {
                "train": "SingleDataLoader(dream-worlds_train.bin, len=339)",
                "test": "SingleDataLoader(dream-worlds_test.bin, len=37)"
            },
            "enchanted-forests": {
                "train": "SingleDataLoader(enchanted-forests_train.bin, len=347)",
                "test": "SingleDataLoader(enchanted-forests_test.bin, len=38)"
            },
            "fairy-tales": {
                "train": "SingleDataLoader(fairy-tales_train.bin, len=344)",
                "test": "SingleDataLoader(fairy-tales_test.bin, len=37)"
            },
            "fantasy-worlds": {
                "train": "SingleDataLoader(fantasy-worlds_train.bin, len=347)",
                "test": "SingleDataLoader(fantasy-worlds_test.bin, len=39)"
            },
            "gardens": {
                "train": "SingleDataLoader(gardens_train.bin, len=346)",
                "test": "SingleDataLoader(gardens_test.bin, len=37)"
            },
            "giant-creatures": {
                "train": "SingleDataLoader(giant-creatures_train.bin, len=347)",
                "test": "SingleDataLoader(giant-creatures_test.bin, len=37)"
            },
            "haunted-places": {
                "train": "SingleDataLoader(haunted-places_train.bin, len=347)",
                "test": "SingleDataLoader(haunted-places_test.bin, len=41)"
            },
            "hidden-treasures": {
                "train": "SingleDataLoader(hidden-treasures_train.bin, len=347)",
                "test": "SingleDataLoader(hidden-treasures_test.bin, len=39)"
            },
            "holidays": {
                "train": "SingleDataLoader(holidays_train.bin, len=347)",
                "test": "SingleDataLoader(holidays_test.bin, len=38)"
            },
            "invisibility": {
                "train": "SingleDataLoader(invisibility_train.bin, len=345)",
                "test": "SingleDataLoader(invisibility_test.bin, len=37)"
            },
            "island-adventures": {
                "train": "SingleDataLoader(island-adventures_train.bin, len=347)",
                "test": "SingleDataLoader(island-adventures_test.bin, len=39)"
            },
            "living-objects": {
                "train": "SingleDataLoader(living-objects_train.bin, len=336)",
                "test": "SingleDataLoader(living-objects_test.bin, len=38)"
            },
            "lost-cities": {
                "train": "SingleDataLoader(lost-cities_train.bin, len=347)",
                "test": "SingleDataLoader(lost-cities_test.bin, len=40)"
            },
            "lost-civilizations": {
                "train": "SingleDataLoader(lost-civilizations_train.bin, len=347)",
                "test": "SingleDataLoader(lost-civilizations_test.bin, len=41)"
            },
            "magical-lands": {
                "train": "SingleDataLoader(magical-lands_train.bin, len=347)",
                "test": "SingleDataLoader(magical-lands_test.bin, len=38)"
            },
            "magical-objects": {
                "train": "SingleDataLoader(magical-objects_train.bin, len=345)",
                "test": "SingleDataLoader(magical-objects_test.bin, len=37)"
            },
            "miniature-worlds": {
                "train": "SingleDataLoader(miniature-worlds_train.bin, len=335)",
                "test": "SingleDataLoader(miniature-worlds_test.bin, len=37)"
            },
            "mysterious-maps": {
                "train": "SingleDataLoader(mysterious-maps_train.bin, len=339)",
                "test": "SingleDataLoader(mysterious-maps_test.bin, len=38)"
            },
            "mystical-creatures": {
                "train": "SingleDataLoader(mystical-creatures_train.bin, len=347)",
                "test": "SingleDataLoader(mystical-creatures_test.bin, len=38)"
            },
            "outer-space": {
                "train": "SingleDataLoader(outer-space_train.bin, len=343)",
                "test": "SingleDataLoader(outer-space_test.bin, len=38)"
            },
            "pirates": {
                "train": "SingleDataLoader(pirates_train.bin, len=347)",
                "test": "SingleDataLoader(pirates_test.bin, len=39)"
            },
            "riddles": {
                "train": "SingleDataLoader(riddles_train.bin, len=344)",
                "test": "SingleDataLoader(riddles_test.bin, len=38)"
            },
            "robots-and-technology": {
                "train": "SingleDataLoader(robots-and-technology_train.bin, len=347)",
                "test": "SingleDataLoader(robots-and-technology_test.bin, len=39)"
            },
            "royal-kingdoms": {
                "train": "SingleDataLoader(royal-kingdoms_train.bin, len=347)",
                "test": "SingleDataLoader(royal-kingdoms_test.bin, len=40)"
            },
            "school-life": {
                "train": "SingleDataLoader(school-life_train.bin, len=338)",
                "test": "SingleDataLoader(school-life_test.bin, len=38)"
            },
            "seasonal-changes": {
                "train": "SingleDataLoader(seasonal-changes_train.bin, len=342)",
                "test": "SingleDataLoader(seasonal-changes_test.bin, len=38)"
            },
            "secret-societies": {
                "train": "SingleDataLoader(secret-societies_train.bin, len=347)",
                "test": "SingleDataLoader(secret-societies_test.bin, len=38)"
            },
            "shape-shifting": {
                "train": "SingleDataLoader(shape-shifting_train.bin, len=344)",
                "test": "SingleDataLoader(shape-shifting_test.bin, len=38)"
            },
            "sibling-rivalry": {
                "train": "SingleDataLoader(sibling-rivalry_train.bin, len=347)",
                "test": "SingleDataLoader(sibling-rivalry_test.bin, len=39)"
            },
            "snowy-adventures": {
                "train": "SingleDataLoader(snowy-adventures_train.bin, len=347)",
                "test": "SingleDataLoader(snowy-adventures_test.bin, len=39)"
            },
            "space-exploration": {
                "train": "SingleDataLoader(space-exploration_train.bin, len=345)",
                "test": "SingleDataLoader(space-exploration_test.bin, len=38)"
            },
            "sports": {
                "train": "SingleDataLoader(sports_train.bin, len=340)",
                "test": "SingleDataLoader(sports_test.bin, len=37)"
            },
            "subterranean-worlds": {
                "train": "SingleDataLoader(subterranean-worlds_train.bin, len=347)",
                "test": "SingleDataLoader(subterranean-worlds_test.bin, len=37)"
            },
            "superheroes": {
                "train": "SingleDataLoader(superheroes_train.bin, len=345)",
                "test": "SingleDataLoader(superheroes_test.bin, len=38)"
            },
            "talking-animals": {
                "train": "SingleDataLoader(talking-animals_train.bin, len=347)",
                "test": "SingleDataLoader(talking-animals_test.bin, len=37)"
            },
            "the-arts": {
                "train": "SingleDataLoader(the-arts_train.bin, len=345)",
                "test": "SingleDataLoader(the-arts_test.bin, len=38)"
            },
            "the-sky": {
                "train": "SingleDataLoader(the-sky_train.bin, len=342)",
                "test": "SingleDataLoader(the-sky_test.bin, len=38)"
            },
            "time-travel": {
                "train": "SingleDataLoader(time-travel_train.bin, len=347)",
                "test": "SingleDataLoader(time-travel_test.bin, len=37)"
            },
            "treasure-hunts": {
                "train": "SingleDataLoader(treasure-hunts_train.bin, len=330)",
                "test": "SingleDataLoader(treasure-hunts_test.bin, len=35)"
            },
            "undercover-missions": {
                "train": "SingleDataLoader(undercover-missions_train.bin, len=347)",
                "test": "SingleDataLoader(undercover-missions_test.bin, len=40)"
            },
            "underwater-adventures": {
                "train": "SingleDataLoader(underwater-adventures_train.bin, len=339)",
                "test": "SingleDataLoader(underwater-adventures_test.bin, len=38)"
            },
            "unusual-vehicles": {
                "train": "SingleDataLoader(unusual-vehicles_train.bin, len=347)",
                "test": "SingleDataLoader(unusual-vehicles_test.bin, len=39)"
            },
            "virtual-worlds": {
                "train": "SingleDataLoader(virtual-worlds_train.bin, len=346)",
                "test": "SingleDataLoader(virtual-worlds_test.bin, len=37)"
            },
            "core": {
                "train": "InterleavedDataLoader(len=15143)",
                "test": "InterleavedDataLoader(len=1677)"
            },
            "aux": {
                "train": "InterleavedDataLoader(len=1401)",
                "test": "InterleavedDataLoader(len=155)"
            },
            "all": {
                "train": "InterleavedDataLoader(len=16544)",
                "test": "InterleavedDataLoader(len=1832)"
            }
        },
        "res_root": "/workspace-vast/ethanr/gradient-routing/experiments/AGI-1699-New-Dataset-Runs/results/stories/seed_2",
        "experiment_id": "20260616041920253273",
        "s3_bucket": "ae-gradient-routing-results",
        "s3_prefix": "stories/seed_2"
    },
    "label_prc": 1.0
}
[GPU 0] [04:19:22] [INFO] Loader a-deadline-or-time-limit train: 352, test: 40
[GPU 0] [04:19:22] [INFO] Loader alien-encounters train: 345, test: 38
[GPU 0] [04:19:22] [INFO] Loader bygone-eras train: 352, test: 39
[GPU 0] [04:19:22] [INFO] Loader cultural-traditions train: 352, test: 38
[GPU 0] [04:19:22] [INFO] Loader dinosaurs train: 337, test: 38
[GPU 0] [04:19:22] [INFO] Loader dream-worlds train: 339, test: 37
[GPU 0] [04:19:22] [INFO] Loader enchanted-forests train: 347, test: 38
[GPU 0] [04:19:22] [INFO] Loader fairy-tales train: 344, test: 37
[GPU 0] [04:19:22] [INFO] Loader fantasy-worlds train: 347, test: 39
[GPU 0] [04:19:22] [INFO] Loader gardens train: 346, test: 37
[GPU 0] [04:19:22] [INFO] Loader giant-creatures train: 347, test: 37
[GPU 0] [04:19:22] [INFO] Loader haunted-places train: 347, test: 41
[GPU 0] [04:19:22] [INFO] Loader hidden-treasures train: 347, test: 39
[GPU 0] [04:19:22] [INFO] Loader holidays train: 347, test: 38
[GPU 0] [04:19:22] [INFO] Loader invisibility train: 345, test: 37
[GPU 0] [04:19:22] [INFO] Loader island-adventures train: 347, test: 39
[GPU 0] [04:19:22] [INFO] Loader living-objects train: 336, test: 38
[GPU 0] [04:19:22] [INFO] Loader lost-cities train: 347, test: 40
[GPU 0] [04:19:22] [INFO] Loader lost-civilizations train: 347, test: 41
[GPU 0] [04:19:22] [INFO] Loader magical-lands train: 347, test: 38
[GPU 0] [04:19:22] [INFO] Loader magical-objects train: 345, test: 37
[GPU 0] [04:19:22] [INFO] Loader miniature-worlds train: 335, test: 37
[GPU 0] [04:19:22] [INFO] Loader mysterious-maps train: 339, test: 38
[GPU 0] [04:19:22] [INFO] Loader mystical-creatures train: 347, test: 38
[GPU 0] [04:19:22] [INFO] Loader outer-space train: 343, test: 38
[GPU 0] [04:19:22] [INFO] Loader pirates train: 347, test: 39
[GPU 0] [04:19:22] [INFO] Loader riddles train: 344, test: 38
[GPU 0] [04:19:22] [INFO] Loader robots-and-technology train: 347, test: 39
[GPU 0] [04:19:22] [INFO] Loader royal-kingdoms train: 347, test: 40
[GPU 0] [04:19:22] [INFO] Loader school-life train: 338, test: 38
[GPU 0] [04:19:22] [INFO] Loader seasonal-changes train: 342, test: 38
[GPU 0] [04:19:22] [INFO] Loader secret-societies train: 347, test: 38
[GPU 0] [04:19:22] [INFO] Loader shape-shifting train: 344, test: 38
[GPU 0] [04:19:22] [INFO] Loader sibling-rivalry train: 347, test: 39
[GPU 0] [04:19:22] [INFO] Loader snowy-adventures train: 347, test: 39
[GPU 0] [04:19:22] [INFO] Loader space-exploration train: 345, test: 38
[GPU 0] [04:19:22] [INFO] Loader sports train: 340, test: 37
[GPU 0] [04:19:22] [INFO] Loader subterranean-worlds train: 347, test: 37
[GPU 0] [04:19:22] [INFO] Loader superheroes train: 345, test: 38
[GPU 0] [04:19:22] [INFO] Loader talking-animals train: 347, test: 37
[GPU 0] [04:19:22] [INFO] Loader the-arts train: 345, test: 38
[GPU 0] [04:19:22] [INFO] Loader the-sky train: 342, test: 38
[GPU 0] [04:19:22] [INFO] Loader time-travel train: 347, test: 37
[GPU 0] [04:19:22] [INFO] Loader treasure-hunts train: 330, test: 35
[GPU 0] [04:19:22] [INFO] Loader undercover-missions train: 347, test: 40
[GPU 0] [04:19:22] [INFO] Loader underwater-adventures train: 339, test: 38
[GPU 0] [04:19:22] [INFO] Loader unusual-vehicles train: 347, test: 39
[GPU 0] [04:19:22] [INFO] Loader virtual-worlds train: 346, test: 37
[GPU 0] [04:19:22] [INFO] Loader core train: 15143, test: 1677
[GPU 0] [04:19:22] [INFO] Loader aux train: 1401, test: 155
[GPU 0] [04:19:22] [INFO] Loader all train: 16544, test: 1832
[GPU 0] [04:19:22] [INFO] Stage [routed] start: {"name": "routed", "num_checkpoints": -1, "lr": 0.005, "res_dir": "/workspace-vast/ethanr/gradient-routing/experiments/AGI-1699-New-Dataset-Runs/results/stories/seed_2/20260616041920253273/routed", "acc_mode": "heterogeneous", "do_eval": true, "do_sample": false, "num_train_evals": 0, "do_elicit": true, "elicit_eval_prc": 0.5, "elicit_num_evals": 100, "retain_targets": null, "model": {"arch": "moe", "tokenizer": "TokenizersBackend(name_or_path='SimpleStories/SimpleStories-1.25M', vocab_size=4096, model_max_length=1000000000000000019884624838656, padding_side='right', truncation_side='right', special_tokens={'eos_token': '[EOS]', 'unk_token': '[UNK]'}, added_tokens_decoder={\n\t0: AddedToken(\"[UNK]\", rstrip=False, lstrip=False, single_word=False, normalized=False, special=True),\n\t1: AddedToken(\"[EOS]\", rstrip=False, lstrip=False, single_word=False, normalized=False, special=True),\n}\n)", "ctx_len": 256, "vocab_size": 4096, "num_layers": 8, "num_heads": 8, "num_key_value": 2, "attn_bias": true, "eos_token_id": 1, "embed_dim": 512, "mlp_dim": 2048, "core_param_prc": 1.0, "aux_param_prc": 0.1}, "eval_arbsub": false, "label_prc": 1.0, "aux_factor": 1.0, "robust_prc": 0.5, "aux_route_prc": 0.3, "equal_compute": true}
[GPU 0] [04:19:22] [INFO] ROUTED START
[GPU 0] [04:19:22] [INFO] Initialized MoETransformer with 32,571,904 total parameters
[GPU 0] [04:19:22] [INFO]   Label 'core' has 26,257,920 parameters
[GPU 0] [04:19:22] [INFO]   Label 'a-deadline-or-time-limit' has 1,578,496 parameters
[GPU 0] [04:19:22] [INFO]   Label 'alien-encounters' has 1,578,496 parameters
[GPU 0] [04:19:22] [INFO]   Label 'bygone-eras' has 1,578,496 parameters
[GPU 0] [04:19:22] [INFO]   Label 'cultural-traditions' has 1,578,496 parameters
[GPU 0] [04:19:22] [INFO] Compiling MoETransformer with torch.compile...
[GPU 0] [04:19:22] [INFO] torch.compile done
[GPU 0] [04:19:22] [WARNING] restore_partial_state: no checkpoint found at /workspace-vast/ethanr/gradient-routing/experiments/AGI-1699-New-Dataset-Runs/results/stories/seed_2/20260616041920253273/routed
[GPU 0] [04:19:22] [INFO] ---- Begin Routed Unordered ----
[GPU 0] [04:19:22] [INFO] initial len_all: 16544, len_all_labeled: 16544, len_all_unlabeled: 0, len_ft: 8973, len_base: 7571, label_prc: 1.0
[GPU 0] [04:19:22] [INFO] compute-equal: -14163844608.0 <= 0, must truncate training
[GPU 0] [04:19:22] [INFO] compute-equal: len_base: -239 -> 7332, len_ft: -283 -> 8690, len_all_unlabeled: 0 -> 0
[GPU 0] [04:19:22] [INFO] Batch [('core', ('core',), ('core',))] count: 7332
[GPU 0] [04:19:22] [INFO] Batch [('a-deadline-or-time-limit', ('core', 'a-deadline-or-time-limit'), ('a-deadline-or-time-limit',))] count: 239
[GPU 0] [04:19:22] [INFO] Batch [('a-deadline-or-time-limit', ('core', 'a-deadline-or-time-limit'), ('core', 'a-deadline-or-time-limit'))] count: 102
[GPU 0] [04:19:22] [INFO] Batch [('core', ('core', 'a-deadline-or-time-limit'), ('core', 'a-deadline-or-time-limit'))] count: 1842
[GPU 0] [04:19:22] [INFO] Batch [('alien-encounters', ('core', 'alien-encounters'), ('alien-encounters',))] count: 234
[GPU 0] [04:19:22] [INFO] Batch [('alien-encounters', ('core', 'alien-encounters'), ('core', 'alien-encounters'))] count: 100
[GPU 0] [04:19:22] [INFO] Batch [('core', ('core', 'alien-encounters'), ('core', 'alien-encounters'))] count: 1806
[GPU 0] [04:19:22] [INFO] Batch [('bygone-eras', ('core', 'bygone-eras'), ('bygone-eras',))] count: 239
[GPU 0] [04:19:22] [INFO] Batch [('bygone-eras', ('core', 'bygone-eras'), ('core', 'bygone-eras'))] count: 102
[GPU 0] [04:19:22] [INFO] Batch [('core', ('core', 'bygone-eras'), ('core', 'bygone-eras'))] count: 1842
[GPU 0] [04:19:22] [INFO] Batch [('core', ('core', 'cultural-traditions'), ('core', 'cultural-traditions'))] count: 1842
[GPU 0] [04:19:22] [INFO] Batch [('cultural-traditions', ('core', 'cultural-traditions'), ('core', 'cultural-traditions'))] count: 102
[GPU 0] [04:19:22] [INFO] Batch [('cultural-traditions', ('core', 'cultural-traditions'), ('cultural-traditions',))] count: 239
[GPU 0] [04:19:22] [INFO] Batch group is empty (0 batches)
[GPU 0] [04:19:22] [INFO] 
len_all: 16544, len_all_labeled: 16544, len_all_unlabeled: 0,
len_base: 7332, len_ft: 8690,
len_core_for_ft: 7333, len_aux_for_ft: 1357,
aux_factor: {'a-deadline-or-time-limit': 1.0, 'alien-encounters': 1.0, 'bygone-eras': 1.0, 'cultural-traditions': 1.0}, robust_prc: 0.5,
aux_route_prc: 0.3, equal_compute: True
[GPU 0] [04:19:22] [INFO] count_by_label: {'core': 14664, 'a-deadline-or-time-limit': 341, 'alien-encounters': 334, 'bygone-eras': 341, 'cultural-traditions': 341}
[GPU 0] [04:19:22] [WARNING] len(batches) != expected, (16021 != 16022), 1 length difference
[GPU 0] [04:19:22] [INFO] Batch [('core', ('core',), ('core',))] count: 7332
[GPU 0] [04:19:22] [INFO] Batch [('a-deadline-or-time-limit', ('core', 'a-deadline-or-time-limit'), ('a-deadline-or-time-limit',))] count: 239
[GPU 0] [04:19:22] [INFO] Batch [('a-deadline-or-time-limit', ('core', 'a-deadline-or-time-limit'), ('core', 'a-deadline-or-time-limit'))] count: 102
[GPU 0] [04:19:22] [INFO] Batch [('core', ('core', 'a-deadline-or-time-limit'), ('core', 'a-deadline-or-time-limit'))] count: 1842
[GPU 0] [04:19:22] [INFO] Batch [('alien-encounters', ('core', 'alien-encounters'), ('alien-encounters',))] count: 234
[GPU 0] [04:19:22] [INFO] Batch [('alien-encounters', ('core', 'alien-encounters'), ('core', 'alien-encounters'))] count: 100
[GPU 0] [04:19:22] [INFO] Batch [('core', ('core', 'alien-encounters'), ('core', 'alien-encounters'))] count: 1806
[GPU 0] [04:19:22] [INFO] Batch [('bygone-eras', ('core', 'bygone-eras'), ('bygone-eras',))] count: 239
[GPU 0] [04:19:22] [INFO] Batch [('bygone-eras', ('core', 'bygone-eras'), ('core', 'bygone-eras'))] count: 102
[GPU 0] [04:19:22] [INFO] Batch [('core', ('core', 'bygone-eras'), ('core', 'bygone-eras'))] count: 1842
[GPU 0] [04:19:22] [INFO] Batch [('core', ('core', 'cultural-traditions'), ('core', 'cultural-traditions'))] count: 1842
[GPU 0] [04:19:22] [INFO] Batch [('cultural-traditions', ('core', 'cultural-traditions'), ('core', 'cultural-traditions'))] count: 102
[GPU 0] [04:19:22] [INFO] Batch [('cultural-traditions', ('core', 'cultural-traditions'), ('cultural-traditions',))] count: 239
[GPU 0] [04:19:22] [INFO] ---- Begin Routed ----
[GPU 0] [04:19:22] [DEBUG] acc_mode: heterogeneous
[GPU 0] [04:19:22] [INFO] num_total_steps: 16021
[GPU 0] [04:19:22] [INFO] LR schedule group 0: steps [0, 16021), warmup=1602, constant=12817, decay=1602
[GPU 0] [04:19:22] [INFO] LR Scheduler: Group warmup (step 0)
[GPU 0] [04:19:22] [INFO] CUDA memory before training loop:
[GPU 0] [04:19:22] [INFO] |===========================================================================|
[GPU 0] [04:19:22] [INFO] |                  PyTorch CUDA memory summary, device ID 0                 |
[GPU 0] [04:19:22] [INFO] |---------------------------------------------------------------------------|
[GPU 0] [04:19:22] [INFO] |            CUDA OOMs: 0            |        cudaMalloc retries: 0         |
[GPU 0] [04:19:22] [INFO] |===========================================================================|
[GPU 0] [04:19:22] [INFO] |        Metric         | Cur Usage  | Peak Usage | Tot Alloc  | Tot Freed  |
[GPU 0] [04:19:22] [INFO] |---------------------------------------------------------------------------|
[GPU 0] [04:19:22] [INFO] | Allocated memory      | 259335 KiB |   8572 MiB | 445573 GiB | 445573 GiB |
[GPU 0] [04:19:22] [INFO] |       from large pool | 235649 KiB |   8502 MiB | 444918 GiB | 444918 GiB |
[GPU 0] [04:19:22] [INFO] |       from small pool |  23686 KiB |     71 MiB |    655 GiB |    655 GiB |
[GPU 0] [04:19:22] [INFO] |---------------------------------------------------------------------------|
[GPU 0] [04:19:22] [INFO] | Active memory         | 259335 KiB |   8572 MiB | 445573 GiB | 445573 GiB |
[GPU 0] [04:19:22] [INFO] |       from large pool | 235649 KiB |   8502 MiB | 444918 GiB | 444918 GiB |
[GPU 0] [04:19:22] [INFO] |       from small pool |  23686 KiB |     71 MiB |    655 GiB |    655 GiB |
[GPU 0] [04:19:22] [INFO] |---------------------------------------------------------------------------|
[GPU 0] [04:19:22] [INFO] | Requested memory      | 259330 KiB |   8572 MiB | 445572 GiB | 445572 GiB |
[GPU 0] [04:19:22] [INFO] |       from large pool | 235649 KiB |   8502 MiB | 444918 GiB | 444918 GiB |
[GPU 0] [04:19:22] [INFO] |       from small pool |  23681 KiB |     71 MiB |    653 GiB |    653 GiB |
[GPU 0] [04:19:22] [INFO] |---------------------------------------------------------------------------|
[GPU 0] [04:19:22] [INFO] | GPU reserved memory   | 331776 KiB |   8872 MiB |   1740 GiB |   1740 GiB |
[GPU 0] [04:19:22] [INFO] |       from large pool | 307200 KiB |   8800 MiB |   1736 GiB |   1736 GiB |
[GPU 0] [04:19:22] [INFO] |       from small pool |  24576 KiB |     72 MiB |      3 GiB |      3 GiB |
[GPU 0] [04:19:22] [INFO] |---------------------------------------------------------------------------|
[GPU 0] [04:19:22] [INFO] | Non-releasable memory |      0 B   |      0 B   |      0 B   |      0 B   |
[GPU 0] [04:19:22] [INFO] |       from large pool |      0 B   |      0 B   |      0 B   |      0 B   |
[GPU 0] [04:19:22] [INFO] |       from small pool |      0 B   |      0 B   |      0 B   |      0 B   |
[GPU 0] [04:19:22] [INFO] |---------------------------------------------------------------------------|
[GPU 0] [04:19:22] [INFO] | Allocations           |     250    |    1074    |   13729 K  |   13729 K  |
[GPU 0] [04:19:22] [INFO] |       from large pool |      37    |     204    |    7966 K  |    7966 K  |
[GPU 0] [04:19:22] [INFO] |       from small pool |     213    |    1000    |    5762 K  |    5762 K  |
[GPU 0] [04:19:22] [INFO] |---------------------------------------------------------------------------|
[GPU 0] [04:19:22] [INFO] | Active allocs         |     250    |    1074    |   13729 K  |   13729 K  |
[GPU 0] [04:19:22] [INFO] |       from large pool |      37    |     204    |    7966 K  |    7966 K  |
[GPU 0] [04:19:22] [INFO] |       from small pool |     213    |    1000    |    5762 K  |    5762 K  |
[GPU 0] [04:19:22] [INFO] |---------------------------------------------------------------------------|
[GPU 0] [04:19:22] [INFO] | GPU reserved segments |       0    |       0    |       0    |       0    |
[GPU 0] [04:19:22] [INFO] |       from large pool |       0    |       0    |       0    |       0    |
[GPU 0] [04:19:22] [INFO] |       from small pool |       0    |       0    |       0    |       0    |
[GPU 0] [04:19:22] [INFO] |---------------------------------------------------------------------------|
[GPU 0] [04:19:22] [INFO] | Non-releasable allocs |       0    |       0    |       0    |       0    |
[GPU 0] [04:19:22] [INFO] |       from large pool |       0    |       0    |       0    |       0    |
[GPU 0] [04:19:22] [INFO] |       from small pool |       0    |       0    |       0    |       0    |
[GPU 0] [04:19:22] [INFO] |---------------------------------------------------------------------------|
[GPU 0] [04:19:22] [INFO] | Oversize allocations  |       0    |       0    |       0    |       0    |
[GPU 0] [04:19:22] [INFO] |---------------------------------------------------------------------------|
[GPU 0] [04:19:22] [INFO] | Oversize GPU segments |       0    |       0    |       0    |       0    |
[GPU 0] [04:19:22] [INFO] |===========================================================================|
[GPU 0] [04:19:22] [INFO] 
[GPU 0] [04:19:22] [INFO] Batch group start, LR: 1.0000e-08, batches: 16021, epochs: 1, group_total_steps: 16021
[GPU 0] [04:19:25] [INFO] CUDA memory after first training step:
[GPU 0] [04:19:25] [INFO] |===========================================================================|
[GPU 0] [04:19:25] [INFO] |                  PyTorch CUDA memory summary, device ID 0                 |
[GPU 0] [04:19:25] [INFO] |---------------------------------------------------------------------------|
[GPU 0] [04:19:25] [INFO] |            CUDA OOMs: 0            |        cudaMalloc retries: 0         |
[GPU 0] [04:19:25] [INFO] |===========================================================================|
[GPU 0] [04:19:25] [INFO] |        Metric         | Cur Usage  | Peak Usage | Tot Alloc  | Tot Freed  |
[GPU 0] [04:19:25] [INFO] |---------------------------------------------------------------------------|
[GPU 0] [04:19:25] [INFO] | Allocated memory      |    943 MiB |   8711 MiB | 445633 GiB | 445632 GiB |
[GPU 0] [04:19:25] [INFO] |       from large pool |    894 MiB |   8686 MiB | 444978 GiB | 444977 GiB |
[GPU 0] [04:19:25] [INFO] |       from small pool |     49 MiB |     71 MiB |    655 GiB |    655 GiB |
[GPU 0] [04:19:25] [INFO] |---------------------------------------------------------------------------|
[GPU 0] [04:19:25] [INFO] | Active memory         |    943 MiB |   8711 MiB | 445633 GiB | 445632 GiB |
[GPU 0] [04:19:25] [INFO] |       from large pool |    894 MiB |   8686 MiB | 444978 GiB | 444977 GiB |
[GPU 0] [04:19:25] [INFO] |       from small pool |     49 MiB |     71 MiB |    655 GiB |    655 GiB |
[GPU 0] [04:19:25] [INFO] |---------------------------------------------------------------------------|
[GPU 0] [04:19:25] [INFO] | Requested memory      |    943 MiB |   8711 MiB | 445632 GiB | 445631 GiB |
[GPU 0] [04:19:25] [INFO] |       from large pool |    894 MiB |   8686 MiB | 444978 GiB | 444977 GiB |
[GPU 0] [04:19:25] [INFO] |       from small pool |     49 MiB |     71 MiB |    653 GiB |    653 GiB |
[GPU 0] [04:19:25] [INFO] |---------------------------------------------------------------------------|
[GPU 0] [04:19:25] [INFO] | GPU reserved memory   |   8790 MiB |   8872 MiB |   1749 GiB |   1740 GiB |
[GPU 0] [04:19:25] [INFO] |       from large pool |   8740 MiB |   8800 MiB |   1745 GiB |   1736 GiB |
[GPU 0] [04:19:25] [INFO] |       from small pool |     50 MiB |     72 MiB |      3 GiB |      3 GiB |
[GPU 0] [04:19:25] [INFO] |---------------------------------------------------------------------------|
[GPU 0] [04:19:25] [INFO] | Non-releasable memory |      0 B   |      0 B   |      0 B   |      0 B   |
[GPU 0] [04:19:25] [INFO] |       from large pool |      0 B   |      0 B   |      0 B   |      0 B   |
[GPU 0] [04:19:25] [INFO] |       from small pool |      0 B   |      0 B   |      0 B   |      0 B   |
[GPU 0] [04:19:25] [INFO] |---------------------------------------------------------------------------|
[GPU 0] [04:19:25] [INFO] | Allocations           |     657    |    1074    |   13730 K  |   13729 K  |
[GPU 0] [04:19:25] [INFO] |       from large pool |      78    |     204    |    7967 K  |    7967 K  |
[GPU 0] [04:19:25] [INFO] |       from small pool |     579    |    1000    |    5763 K  |    5762 K  |
[GPU 0] [04:19:25] [INFO] |---------------------------------------------------------------------------|
[GPU 0] [04:19:25] [INFO] | Active allocs         |     657    |    1074    |   13730 K  |   13729 K  |
[GPU 0] [04:19:25] [INFO] |       from large pool |      78    |     204    |    7967 K  |    7967 K  |
[GPU 0] [04:19:25] [INFO] |       from small pool |     579    |    1000    |    5763 K  |    5762 K  |
[GPU 0] [04:19:25] [INFO] |---------------------------------------------------------------------------|
[GPU 0] [04:19:25] [INFO] | GPU reserved segments |       0    |       0    |       0    |       0    |
[GPU 0] [04:19:25] [INFO] |       from large pool |       0    |       0    |       0    |       0    |
[GPU 0] [04:19:25] [INFO] |       from small pool |       0    |       0    |       0    |       0    |
[GPU 0] [04:19:25] [INFO] |---------------------------------------------------------------------------|
[GPU 0] [04:19:25] [INFO] | Non-releasable allocs |       0    |       0    |       0    |       0    |
[GPU 0] [04:19:25] [INFO] |       from large pool |       0    |       0    |       0    |       0    |
[GPU 0] [04:19:25] [INFO] |       from small pool |       0    |       0    |       0    |       0    |
[GPU 0] [04:19:25] [INFO] |---------------------------------------------------------------------------|
[GPU 0] [04:19:25] [INFO] | Oversize allocations  |       0    |       0    |       0    |       0    |
[GPU 0] [04:19:25] [INFO] |---------------------------------------------------------------------------|
[GPU 0] [04:19:25] [INFO] | Oversize GPU segments |       0    |       0    |       0    |       0    |
[GPU 0] [04:19:25] [INFO] |===========================================================================|
[GPU 0] [04:19:25] [INFO] 
[GPU 0] [04:19:25] [INFO] Step: 1, LR: 3.1311e-06
[GPU 0] [04:19:25] [INFO] Train Loss: CORE: 8.38 A-DEADLINE-OR-TIME-LIMIT: nan ALIEN-ENCOUNTERS: nan BYGONE-ERAS: nan CULTURAL-TRADITIONS: nan 
[GPU 0] [04:20:11] [INFO] Step: 1000, LR: 3.1211e-03
[GPU 0] [04:20:11] [INFO] Train Loss: CORE: 2.59 A-DEADLINE-OR-TIME-LIMIT: 3.39 ALIEN-ENCOUNTERS: 3.55 BYGONE-ERAS: 3.66 CULTURAL-TRADITIONS: 3.09 
[GPU 0] [04:20:36] [INFO] LR Scheduler: Group constant (step 1602)
[GPU 0] [04:20:53] [INFO] Step: 2000, LR: 5.0000e-03
[GPU 0] [04:20:53] [INFO] Train Loss: CORE: 2.28 A-DEADLINE-OR-TIME-LIMIT: 2.94 ALIEN-ENCOUNTERS: 2.93 BYGONE-ERAS: 3.09 CULTURAL-TRADITIONS: 2.82 
[GPU 0] [04:21:34] [INFO] Step: 3000, LR: 5.0000e-03
[GPU 0] [04:21:34] [INFO] Train Loss: CORE: 2.10 A-DEADLINE-OR-TIME-LIMIT: 2.65 ALIEN-ENCOUNTERS: 2.75 BYGONE-ERAS: 2.83 CULTURAL-TRADITIONS: 2.62 
[GPU 0] [04:22:12] [INFO] Step: 4000, LR: 5.0000e-03
[GPU 0] [04:22:12] [INFO] Train Loss: CORE: 2.01 A-DEADLINE-OR-TIME-LIMIT: 2.49 ALIEN-ENCOUNTERS: 2.54 BYGONE-ERAS: 2.63 CULTURAL-TRADITIONS: 2.46 
[GPU 0] [04:22:52] [INFO] Step: 5000, LR: 5.0000e-03
[GPU 0] [04:22:52] [INFO] Train Loss: CORE: 1.97 A-DEADLINE-OR-TIME-LIMIT: 2.41 ALIEN-ENCOUNTERS: 2.17 BYGONE-ERAS: 2.26 CULTURAL-TRADITIONS: 2.29 
[GPU 0] [04:23:34] [INFO] Step: 6000, LR: 5.0000e-03
[GPU 0] [04:23:34] [INFO] Train Loss: CORE: 1.93 A-DEADLINE-OR-TIME-LIMIT: 2.22 ALIEN-ENCOUNTERS: 2.04 BYGONE-ERAS: 2.16 CULTURAL-TRADITIONS: 2.10 
[GPU 0] [04:24:16] [INFO] Step: 7000, LR: 5.0000e-03
[GPU 0] [04:24:16] [INFO] Train Loss: CORE: 1.90 A-DEADLINE-OR-TIME-LIMIT: 2.13 ALIEN-ENCOUNTERS: 1.96 BYGONE-ERAS: 2.03 CULTURAL-TRADITIONS: 2.04 
[GPU 0] [04:24:57] [INFO] Step: 8000, LR: 5.0000e-03
[GPU 0] [04:24:57] [INFO] Train Loss: CORE: 1.87 A-DEADLINE-OR-TIME-LIMIT: 2.06 ALIEN-ENCOUNTERS: 1.93 BYGONE-ERAS: 1.98 CULTURAL-TRADITIONS: 2.02 
[GPU 0] [04:25:39] [INFO] Step: 9000, LR: 5.0000e-03
[GPU 0] [04:25:39] [INFO] Train Loss: CORE: 1.85 A-DEADLINE-OR-TIME-LIMIT: 2.02 ALIEN-ENCOUNTERS: 1.90 BYGONE-ERAS: 1.94 CULTURAL-TRADITIONS: 1.99 
[GPU 0] [04:26:21] [INFO] Step: 10000, LR: 5.0000e-03
[GPU 0] [04:26:21] [INFO] Train Loss: CORE: 1.84 A-DEADLINE-OR-TIME-LIMIT: 1.98 ALIEN-ENCOUNTERS: 1.87 BYGONE-ERAS: 1.91 CULTURAL-TRADITIONS: 1.96 
[GPU 0] [04:27:02] [INFO] Step: 11000, LR: 5.0000e-03
[GPU 0] [04:27:02] [INFO] Train Loss: CORE: 1.82 A-DEADLINE-OR-TIME-LIMIT: 1.96 ALIEN-ENCOUNTERS: 1.84 BYGONE-ERAS: 1.90 CULTURAL-TRADITIONS: 1.93 
[GPU 0] [04:27:43] [INFO] Step: 12000, LR: 5.0000e-03
[GPU 0] [04:27:43] [INFO] Train Loss: CORE: 1.82 A-DEADLINE-OR-TIME-LIMIT: 1.95 ALIEN-ENCOUNTERS: 1.83 BYGONE-ERAS: 1.88 CULTURAL-TRADITIONS: 1.91 
[GPU 0] [04:28:25] [INFO] Step: 13000, LR: 5.0000e-03
[GPU 0] [04:28:25] [INFO] Train Loss: CORE: 1.82 A-DEADLINE-OR-TIME-LIMIT: 1.93 ALIEN-ENCOUNTERS: 1.80 BYGONE-ERAS: 1.86 CULTURAL-TRADITIONS: 1.90 
[GPU 0] [04:29:05] [INFO] Step: 14000, LR: 5.0000e-03
[GPU 0] [04:29:05] [INFO] Train Loss: CORE: 1.79 A-DEADLINE-OR-TIME-LIMIT: 1.92 ALIEN-ENCOUNTERS: 1.78 BYGONE-ERAS: 1.85 CULTURAL-TRADITIONS: 1.88 
[GPU 0] [04:29:23] [INFO] LR Scheduler: Group decay (step 14419)
[GPU 0] [04:29:47] [INFO] Step: 15000, LR: 3.1866e-03
[GPU 0] [04:29:47] [INFO] Train Loss: CORE: 1.75 A-DEADLINE-OR-TIME-LIMIT: 1.90 ALIEN-ENCOUNTERS: 1.77 BYGONE-ERAS: 1.84 CULTURAL-TRADITIONS: 1.87 
[GPU 0] [04:30:26] [INFO] Step: 16000, LR: 6.5553e-05
[GPU 0] [04:30:26] [INFO] Train Loss: CORE: 1.68 A-DEADLINE-OR-TIME-LIMIT: 1.86 ALIEN-ENCOUNTERS: 1.74 BYGONE-ERAS: 1.80 CULTURAL-TRADITIONS: 1.85 
[GPU 0] [04:30:27] [INFO] Step: 16021, LR: 1.0000e-08
[GPU 0] [04:30:27] [INFO] Train Loss: CORE: 1.68 A-DEADLINE-OR-TIME-LIMIT: 1.86 ALIEN-ENCOUNTERS: 1.74 BYGONE-ERAS: 1.80 CULTURAL-TRADITIONS: 1.85 
[GPU 0] [04:30:28] [INFO] ---- Begin Eval ----
[GPU 0] [04:30:28] [INFO] Data: core | Experts: ['core']
[GPU 0] [04:30:59] [INFO] loss: 1.68535233
[GPU 0] [04:30:59] [INFO] Data: a-deadline-or-time-limit | Experts: ['core']
[GPU 0] [04:31:00] [INFO] loss: 1.88652349
[GPU 0] [04:31:00] [INFO] Data: alien-encounters | Experts: ['core']
[GPU 0] [04:31:00] [INFO] loss: 1.73458064
[GPU 0] [04:31:00] [INFO] Data: bygone-eras | Experts: ['core']
[GPU 0] [04:31:01] [INFO] loss: 1.71474361
[GPU 0] [04:31:01] [INFO] Data: cultural-traditions | Experts: ['core']
[GPU 0] [04:31:02] [INFO] loss: 1.76541936
[GPU 0] [04:31:02] [INFO] ---- Begin Eval ----
[GPU 0] [04:31:02] [INFO] Data: core | Experts: ['a-deadline-or-time-limit', 'core']
[GPU 0] [04:31:33] [INFO] loss: 1.68705738
[GPU 0] [04:31:33] [INFO] Data: a-deadline-or-time-limit | Experts: ['a-deadline-or-time-limit', 'core']
[GPU 0] [04:31:33] [INFO] loss: 1.77011716
[GPU 0] [04:31:33] [INFO] Data: alien-encounters | Experts: ['a-deadline-or-time-limit', 'core']
[GPU 0] [04:31:34] [INFO] loss: 1.73581409
[GPU 0] [04:31:34] [INFO] Data: bygone-eras | Experts: ['a-deadline-or-time-limit', 'core']
[GPU 0] [04:31:35] [INFO] loss: 1.71554482
[GPU 0] [04:31:35] [INFO] Data: cultural-traditions | Experts: ['a-deadline-or-time-limit', 'core']
[GPU 0] [04:31:35] [INFO] loss: 1.76418591
[GPU 0] [04:31:35] [INFO] ---- Begin Eval ----
[GPU 0] [04:31:35] [INFO] Data: core | Experts: ['alien-encounters', 'core']
[GPU 0] [04:32:04] [INFO] loss: 1.68675923
[GPU 0] [04:32:04] [INFO] Data: a-deadline-or-time-limit | Experts: ['alien-encounters', 'core']
[GPU 0] [04:32:05] [INFO] loss: 1.88613284
[GPU 0] [04:32:05] [INFO] Data: alien-encounters | Experts: ['alien-encounters', 'core']
[GPU 0] [04:32:06] [INFO] loss: 1.65234375
[GPU 0] [04:32:06] [INFO] Data: bygone-eras | Experts: ['alien-encounters', 'core']
[GPU 0] [04:32:06] [INFO] loss: 1.71594548
[GPU 0] [04:32:06] [INFO] Data: cultural-traditions | Experts: ['alien-encounters', 'core']
[GPU 0] [04:32:07] [INFO] loss: 1.76644742
[GPU 0] [04:32:07] [INFO] ---- Begin Eval ----
[GPU 0] [04:32:07] [INFO] Data: core | Experts: ['bygone-eras', 'core']
[GPU 0] [04:32:34] [INFO] loss: 1.68560863
[GPU 0] [04:32:34] [INFO] Data: a-deadline-or-time-limit | Experts: ['bygone-eras', 'core']
[GPU 0] [04:32:34] [INFO] loss: 1.88535154
[GPU 0] [04:32:34] [INFO] Data: alien-encounters | Experts: ['bygone-eras', 'core']
[GPU 0] [04:32:35] [INFO] loss: 1.73437500
[GPU 0] [04:32:35] [INFO] Data: bygone-eras | Experts: ['bygone-eras', 'core']
[GPU 0] [04:32:36] [INFO] loss: 1.70833337
[GPU 0] [04:32:36] [INFO] Data: cultural-traditions | Experts: ['bygone-eras', 'core']
[GPU 0] [04:32:36] [INFO] loss: 1.76274669
[GPU 0] [04:32:36] [INFO] ---- Begin Eval ----
[GPU 0] [04:32:36] [INFO] Data: core | Experts: ['core', 'cultural-traditions']
[GPU 0] [04:33:03] [INFO] loss: 1.68564582
[GPU 0] [04:33:03] [INFO] Data: a-deadline-or-time-limit | Experts: ['core', 'cultural-traditions']
[GPU 0] [04:33:03] [INFO] loss: 1.88457036
[GPU 0] [04:33:03] [INFO] Data: alien-encounters | Experts: ['core', 'cultural-traditions']
[GPU 0] [04:33:04] [INFO] loss: 1.73437500
[GPU 0] [04:33:04] [INFO] Data: bygone-eras | Experts: ['core', 'cultural-traditions']
[GPU 0] [04:33:05] [INFO] loss: 1.71173882
[GPU 0] [04:33:05] [INFO] Data: cultural-traditions | Experts: ['core', 'cultural-traditions']
[GPU 0] [04:33:05] [INFO] loss: 1.74691617
[GPU 0] [04:33:06] [INFO] ROUTED - ADVERSARIAL FT START
[GPU 0] [04:33:07] [INFO] ---- Begin FT | Experts: ['core'] | Data: ['a-deadline-or-time-limit'] ----
[GPU 0] [04:33:07] [DEBUG] num_seq: 512, num_rounds: 200, patience: 10
[GPU 0] [04:33:07] [DEBUG] local_x: torch.Size([512, 256]), local_y: torch.Size([512, 256]), num_steps: 4, per_gpu: 512, mbs_size: 128
[GPU 0] [04:33:08] [INFO] New best validation loss: 1.8533 @ step 0
[GPU 0] [04:33:08] [INFO] New best validation loss: 1.8367 @ step 1
[GPU 0] [04:33:09] [INFO] New best validation loss: 1.8281 @ step 2
[GPU 0] [04:33:10] [INFO] New best validation loss: 1.8258 @ step 3
[GPU 0] [04:33:19] [INFO] Stop FT @ 15: no val improvement for 10 steps
[GPU 0] [04:33:19] [INFO] Wrote stats.jsonl entries at FT step 3 
[GPU 0] [04:33:19] [INFO] ---- Begin FT | Experts: ['core'] | Data: ['alien-encounters'] ----
[GPU 0] [04:33:19] [DEBUG] num_seq: 512, num_rounds: 200, patience: 10
[GPU 0] [04:33:19] [DEBUG] local_x: torch.Size([512, 256]), local_y: torch.Size([512, 256]), num_steps: 4, per_gpu: 512, mbs_size: 128
[GPU 0] [04:33:20] [INFO] New best validation loss: 1.7099 @ step 0
[GPU 0] [04:33:20] [INFO] New best validation loss: 1.6965 @ step 1
[GPU 0] [04:33:21] [INFO] New best validation loss: 1.6912 @ step 2
[GPU 0] [04:33:22] [INFO] New best validation loss: 1.6900 @ step 3
[GPU 0] [04:33:30] [INFO] Stop FT @ 15: no val improvement for 10 steps
[GPU 0] [04:33:30] [INFO] Wrote stats.jsonl entries at FT step 3 
[GPU 0] [04:33:31] [INFO] ---- Begin FT | Experts: ['core'] | Data: ['bygone-eras'] ----
[GPU 0] [04:33:31] [DEBUG] num_seq: 512, num_rounds: 200, patience: 10
[GPU 0] [04:33:31] [DEBUG] local_x: torch.Size([512, 256]), local_y: torch.Size([512, 256]), num_steps: 4, per_gpu: 512, mbs_size: 128
[GPU 0] [04:33:31] [INFO] New best validation loss: 1.7127 @ step 0
[GPU 0] [04:33:41] [INFO] Stop FT @ 12: no val improvement for 10 steps
[GPU 0] [04:33:41] [INFO] Wrote stats.jsonl entries at FT step 0 
[GPU 0] [04:33:41] [INFO] ---- Begin FT | Experts: ['core'] | Data: ['cultural-traditions'] ----
[GPU 0] [04:33:41] [DEBUG] num_seq: 512, num_rounds: 200, patience: 10
[GPU 0] [04:33:41] [DEBUG] local_x: torch.Size([512, 256]), local_y: torch.Size([512, 256]), num_steps: 4, per_gpu: 512, mbs_size: 128
[GPU 0] [04:33:42] [INFO] New best validation loss: 1.7574 @ step 0
[GPU 0] [04:33:43] [INFO] New best validation loss: 1.7551 @ step 1
[GPU 0] [04:33:52] [INFO] Stop FT @ 13: no val improvement for 10 steps
[GPU 0] [04:33:52] [INFO] Wrote stats.jsonl entries at FT step 1 
[GPU 0] [04:33:52] [INFO] ROUTED - ADVERSARIAL FT START
[GPU 0] [04:33:53] [INFO] ---- Begin FT | Experts: ['a-deadline-or-time-limit', 'core'] | Data: ['alien-encounters'] ----
[GPU 0] [04:33:53] [DEBUG] num_seq: 512, num_rounds: 200, patience: 10
[GPU 0] [04:33:54] [DEBUG] local_x: torch.Size([512, 256]), local_y: torch.Size([512, 256]), num_steps: 4, per_gpu: 512, mbs_size: 128
[GPU 0] [04:33:54] [INFO] New best validation loss: 1.7116 @ step 0
[GPU 0] [04:33:55] [INFO] New best validation loss: 1.6974 @ step 1
[GPU 0] [04:33:56] [INFO] New best validation loss: 1.6918 @ step 2
[GPU 0] [04:33:57] [INFO] New best validation loss: 1.6902 @ step 3
[GPU 0] [04:34:08] [INFO] Stop FT @ 15: no val improvement for 10 steps
[GPU 0] [04:34:08] [INFO] Wrote stats.jsonl entries at FT step 3 
[GPU 0] [04:34:08] [INFO] ---- Begin FT | Experts: ['a-deadline-or-time-limit', 'core'] | Data: ['bygone-eras'] ----
[GPU 0] [04:34:08] [DEBUG] num_seq: 512, num_rounds: 200, patience: 10
[GPU 0] [04:34:08] [DEBUG] local_x: torch.Size([512, 256]), local_y: torch.Size([512, 256]), num_steps: 4, per_gpu: 512, mbs_size: 128
[GPU 0] [04:34:09] [INFO] New best validation loss: 1.7131 @ step 0
[GPU 0] [04:34:20] [INFO] Stop FT @ 12: no val improvement for 10 steps
[GPU 0] [04:34:20] [INFO] Wrote stats.jsonl entries at FT step 0 
[GPU 0] [04:34:20] [INFO] ---- Begin FT | Experts: ['a-deadline-or-time-limit', 'core'] | Data: ['cultural-traditions'] ----
[GPU 0] [04:34:20] [DEBUG] num_seq: 512, num_rounds: 200, patience: 10
[GPU 0] [04:34:20] [DEBUG] local_x: torch.Size([512, 256]), local_y: torch.Size([512, 256]), num_steps: 4, per_gpu: 512, mbs_size: 128
[GPU 0] [04:34:21] [INFO] New best validation loss: 1.7568 @ step 0
[GPU 0] [04:34:22] [INFO] New best validation loss: 1.7547 @ step 1
[GPU 0] [04:34:32] [INFO] Stop FT @ 13: no val improvement for 10 steps
[GPU 0] [04:34:33] [INFO] Wrote stats.jsonl entries at FT step 1 
[GPU 0] [04:34:33] [INFO] ROUTED - ADVERSARIAL FT START
[GPU 0] [04:34:33] [INFO] ---- Begin FT | Experts: ['alien-encounters', 'core'] | Data: ['a-deadline-or-time-limit'] ----
[GPU 0] [04:34:33] [DEBUG] num_seq: 512, num_rounds: 200, patience: 10
[GPU 0] [04:34:33] [DEBUG] local_x: torch.Size([512, 256]), local_y: torch.Size([512, 256]), num_steps: 4, per_gpu: 512, mbs_size: 128
[GPU 0] [04:34:34] [INFO] New best validation loss: 1.8531 @ step 0
[GPU 0] [04:34:35] [INFO] New best validation loss: 1.8365 @ step 1
[GPU 0] [04:34:36] [INFO] New best validation loss: 1.8279 @ step 2
[GPU 0] [04:34:37] [INFO] New best validation loss: 1.8258 @ step 3
[GPU 0] [04:34:47] [INFO] Stop FT @ 15: no val improvement for 10 steps
[GPU 0] [04:34:47] [INFO] Wrote stats.jsonl entries at FT step 3 
[GPU 0] [04:34:48] [INFO] ---- Begin FT | Experts: ['alien-encounters', 'core'] | Data: ['bygone-eras'] ----
[GPU 0] [04:34:48] [DEBUG] num_seq: 512, num_rounds: 200, patience: 10
[GPU 0] [04:34:48] [DEBUG] local_x: torch.Size([512, 256]), local_y: torch.Size([512, 256]), num_steps: 4, per_gpu: 512, mbs_size: 128
[GPU 0] [04:34:49] [INFO] New best validation loss: 1.7141 @ step 0
[GPU 0] [04:34:59] [INFO] Stop FT @ 12: no val improvement for 10 steps
[GPU 0] [04:34:59] [INFO] Wrote stats.jsonl entries at FT step 0 
[GPU 0] [04:34:59] [INFO] ---- Begin FT | Experts: ['alien-encounters', 'core'] | Data: ['cultural-traditions'] ----
[GPU 0] [04:34:59] [DEBUG] num_seq: 512, num_rounds: 200, patience: 10
[GPU 0] [04:34:59] [DEBUG] local_x: torch.Size([512, 256]), local_y: torch.Size([512, 256]), num_steps: 4, per_gpu: 512, mbs_size: 128
[GPU 0] [04:35:00] [INFO] New best validation loss: 1.7580 @ step 0
[GPU 0] [04:35:01] [INFO] New best validation loss: 1.7558 @ step 1
[GPU 0] [04:35:12] [INFO] Stop FT @ 13: no val improvement for 10 steps
[GPU 0] [04:35:12] [INFO] Wrote stats.jsonl entries at FT step 1 
[GPU 0] [04:35:12] [INFO] ROUTED - ADVERSARIAL FT START
[GPU 0] [04:35:12] [INFO] ---- Begin FT | Experts: ['bygone-eras', 'core'] | Data: ['a-deadline-or-time-limit'] ----
[GPU 0] [04:35:12] [DEBUG] num_seq: 512, num_rounds: 200, patience: 10
[GPU 0] [04:35:12] [DEBUG] local_x: torch.Size([512, 256]), local_y: torch.Size([512, 256]), num_steps: 4, per_gpu: 512, mbs_size: 128
[GPU 0] [04:35:13] [INFO] New best validation loss: 1.8527 @ step 0
[GPU 0] [04:35:14] [INFO] New best validation loss: 1.8361 @ step 1
[GPU 0] [04:35:15] [INFO] New best validation loss: 1.8273 @ step 2
[GPU 0] [04:35:16] [INFO] New best validation loss: 1.8248 @ step 3
[GPU 0] [04:35:27] [INFO] Stop FT @ 15: no val improvement for 10 steps
[GPU 0] [04:35:27] [INFO] Wrote stats.jsonl entries at FT step 3 
[GPU 0] [04:35:27] [INFO] ---- Begin FT | Experts: ['bygone-eras', 'core'] | Data: ['alien-encounters'] ----
[GPU 0] [04:35:27] [DEBUG] num_seq: 512, num_rounds: 200, patience: 10
[GPU 0] [04:35:27] [DEBUG] local_x: torch.Size([512, 256]), local_y: torch.Size([512, 256]), num_steps: 4, per_gpu: 512, mbs_size: 128
[GPU 0] [04:35:28] [INFO] New best validation loss: 1.7099 @ step 0
[GPU 0] [04:35:29] [INFO] New best validation loss: 1.6961 @ step 1
[GPU 0] [04:35:30] [INFO] New best validation loss: 1.6912 @ step 2
[GPU 0] [04:35:30] [INFO] New best validation loss: 1.6898 @ step 3
[GPU 0] [04:35:41] [INFO] Stop FT @ 15: no val improvement for 10 steps
[GPU 0] [04:35:41] [INFO] Wrote stats.jsonl entries at FT step 3 
[GPU 0] [04:35:41] [INFO] ---- Begin FT | Experts: ['bygone-eras', 'core'] | Data: ['cultural-traditions'] ----
[GPU 0] [04:35:41] [DEBUG] num_seq: 512, num_rounds: 200, patience: 10
[GPU 0] [04:35:41] [DEBUG] local_x: torch.Size([512, 256]), local_y: torch.Size([512, 256]), num_steps: 4, per_gpu: 512, mbs_size: 128
[GPU 0] [04:35:42] [INFO] New best validation loss: 1.7558 @ step 0
[GPU 0] [04:35:43] [INFO] New best validation loss: 1.7539 @ step 1
[GPU 0] [04:35:53] [INFO] Stop FT @ 13: no val improvement for 10 steps
[GPU 0] [04:35:53] [INFO] Wrote stats.jsonl entries at FT step 1 
[GPU 0] [04:35:53] [INFO] ROUTED - ADVERSARIAL FT START
[GPU 0] [04:35:54] [INFO] ---- Begin FT | Experts: ['core', 'cultural-traditions'] | Data: ['a-deadline-or-time-limit'] ----
[GPU 0] [04:35:54] [DEBUG] num_seq: 512, num_rounds: 200, patience: 10
[GPU 0] [04:35:54] [DEBUG] local_x: torch.Size([512, 256]), local_y: torch.Size([512, 256]), num_steps: 4, per_gpu: 512, mbs_size: 128
[GPU 0] [04:35:55] [INFO] New best validation loss: 1.8510 @ step 0
[GPU 0] [04:35:56] [INFO] New best validation loss: 1.8352 @ step 1
[GPU 0] [04:35:57] [INFO] New best validation loss: 1.8266 @ step 2
[GPU 0] [04:35:58] [INFO] New best validation loss: 1.8244 @ step 3
[GPU 0] [04:36:09] [INFO] Stop FT @ 15: no val improvement for 10 steps
[GPU 0] [04:36:09] [INFO] Wrote stats.jsonl entries at FT step 3 
[GPU 0] [04:36:09] [INFO] ---- Begin FT | Experts: ['core', 'cultural-traditions'] | Data: ['alien-encounters'] ----
[GPU 0] [04:36:09] [DEBUG] num_seq: 512, num_rounds: 200, patience: 10
[GPU 0] [04:36:09] [DEBUG] local_x: torch.Size([512, 256]), local_y: torch.Size([512, 256]), num_steps: 4, per_gpu: 512, mbs_size: 128
[GPU 0] [04:36:10] [INFO] New best validation loss: 1.7099 @ step 0
[GPU 0] [04:36:11] [INFO] New best validation loss: 1.6959 @ step 1
[GPU 0] [04:36:12] [INFO] New best validation loss: 1.6910 @ step 2
[GPU 0] [04:36:13] [INFO] New best validation loss: 1.6898 @ step 3
[GPU 0] [04:36:23] [INFO] Stop FT @ 15: no val improvement for 10 steps
[GPU 0] [04:36:23] [INFO] Wrote stats.jsonl entries at FT step 3 
[GPU 0] [04:36:23] [INFO] ---- Begin FT | Experts: ['core', 'cultural-traditions'] | Data: ['bygone-eras'] ----
[GPU 0] [04:36:23] [DEBUG] num_seq: 512, num_rounds: 200, patience: 10
[GPU 0] [04:36:23] [DEBUG] local_x: torch.Size([512, 256]), local_y: torch.Size([512, 256]), num_steps: 4, per_gpu: 512, mbs_size: 128
[GPU 0] [04:36:24] [INFO] New best validation loss: 1.7111 @ step 0
[GPU 0] [04:36:35] [INFO] Stop FT @ 12: no val improvement for 10 steps
[GPU 0] [04:36:35] [INFO] Wrote stats.jsonl entries at FT step 0 
[GPU 0] [04:36:36] [INFO] ----------------------------------------
[GPU 0] [04:36:36] [INFO] Finished. See /workspace-vast/ethanr/gradient-routing/experiments/AGI-1699-New-Dataset-Runs/results/stories/seed_2/20260616041920253273
