[GPU 0] [06:26:37] [INFO] Git branch: AGI-1696-New-Dataset-Runs_ethan, commit: f448ed3211e374c38706ba59c9017a4b860c4d29
[GPU 0] [06:26:37] [INFO] Number of GPUs: 8
[GPU 0] [06:26:39] [INFO] Tokenizer vocabulary: 50257
[GPU 0] [06:26:39] [INFO] Set model vocab size to nearest multiple of 64 of tokenizer size: 50304
[GPU 0] [06:26:45] [INFO] target effective batch size: 641, actual effective batch size: 672, micro batch size: 12, accumulation steps: 7, num gpus: 8
[GPU 0] [06:26:45] [INFO] core total number of tokens: 66749057569
[GPU 0] [06:26:45] [INFO] Baseline model has 806,509,504 parameters
[GPU 0] [06:26:45] [INFO] core: chinchilla optimal tokens: 16,130,190,080, requested proportion: 1.0000, requested number of tokens: 16,130,190,080.0, 
[GPU 0] [06:26:45] [INFO] aux total number of tokens: 4835776549
[GPU 0] [06:26:45] [INFO] Baseline model has 806,509,504 parameters
[GPU 0] [06:26:45] [INFO] aux: chinchilla optimal tokens: 16,130,190,080, requested proportion: 0.0100, requested number of tokens: 161,301,900.8, 
[GPU 0] [06:26:45] [DEBUG] Saved config to /workspace/gradient-routing/experiments/AGI-1699-New-Dataset-Runs/results/scaling/realistic/coreftaux/800M/seed_2/20260527062635525021/config.json
[GPU 0] [06:26:45] [DEBUG] {
    "stages": [
        {
            "name": "coreftaux",
            "num_checkpoints": -1,
            "lr": 0.0005663534909876918,
            "res_dir": "/workspace/gradient-routing/experiments/AGI-1699-New-Dataset-Runs/results/scaling/realistic/coreftaux/800M/seed_2/20260527062635525021/coreftaux",
            "acc_mode": "uniform",
            "do_eval": true,
            "do_sample": false,
            "num_train_evals": 0,
            "do_elicit": true,
            "elicit_eval_prc": 0.5,
            "elicit_num_evals": 100,
            "retain_targets": null,
            "aux_factor": 1.0,
            "core_aux_ratio": 4.0,
            "label_prc": 1.0,
            "ft_lr_factor": 0.2
        }
    ],
    "model": {
        "arch": "base",
        "tokenizer": "GPT2Tokenizer(name_or_path='EleutherAI/gpt-neo-125M', vocab_size=50257, model_max_length=2048, padding_side='right', truncation_side='right', special_tokens={'bos_token': '<|endoftext|>', 'eos_token': '<|endoftext|>', 'unk_token': '<|endoftext|>'}, added_tokens_decoder={\n\t50256: AddedToken(\"<|endoftext|>\", rstrip=False, lstrip=False, single_word=False, normalized=True, special=True),\n}\n)",
        "ctx_len": 1024,
        "vocab_size": 50304,
        "num_layers": 24,
        "num_heads": 8,
        "num_key_value": 2,
        "attn_bias": true,
        "eos_token_id": 50256,
        "embed_dim": 1600,
        "mlp_dim": 6400
    },
    "data": {
        "dirs": [
            "/workspace/gradient-routing/experiments/AGI-1699-New-Dataset-Runs/src/data/fineweb",
            "/workspace/gradient-routing/experiments/AGI-1699-New-Dataset-Runs/src/data/code",
            "/workspace/gradient-routing/experiments/AGI-1699-New-Dataset-Runs/src/data/papers"
        ],
        "core": {
            "labels": [
                "fineweb",
                "code-other",
                "papers-other"
            ],
            "method": "optimal",
            "limit": 1.0,
            "dist": {
                "fineweb": 0.84,
                "code-other": 0.15,
                "papers-other": 0.01
            },
            "num_tok": 16130190080.0
        },
        "aux": {
            "labels": [
                "code-lisp",
                "papers-biology",
                "papers-nuclear",
                "papers-cyber"
            ],
            "method": "optimal",
            "limit": 0.01,
            "dist": {
                "code-lisp": 0.25,
                "papers-biology": 0.25,
                "papers-nuclear": 0.25,
                "papers-cyber": 0.25
            },
            "num_tok": 161301900.8
        }
    },
    "run": {
        "target_effective_batch_size": 641,
        "effective_batch_size": 672,
        "micro_batch_size": 12,
        "accumulation_steps": 7,
        "max_num_test_sequences": 10000,
        "eval_all_labels": false,
        "micro_batch_anchors": [
            [
                400000000.0,
                23
            ],
            [
                5000000000.0,
                2
            ]
        ],
        "epochs": 1,
        "adam_betas": [
            0.9,
            0.95
        ],
        "warmup_prc": 0.02,
        "decay_prc": 0.1,
        "seed": 2,
        "compile": true,
        "find_unused_parameters": false,
        "is_ddp": true,
        "cleanup_distributed": false,
        "log_level": "DEBUG",
        "num_gpus": 8,
        "process_id": 0,
        "num_base_params": 806509504,
        "device": "cuda",
        "logger": "<Logger training_20260527062635525021 (DEBUG)>",
        "labels": [
            "core",
            "code-lisp",
            "papers-biology",
            "papers-cyber",
            "papers-nuclear"
        ],
        "loaders": {
            "code-lisp": {
                "train": "SingleDataLoader(code-lisp_train_001.bin, len=410)",
                "test": "InterleavedDataLoader(len=105)"
            },
            "code-other": {
                "train": "InterleavedDataLoader(len=24612)",
                "test": "InterleavedDataLoader(len=105)"
            },
            "fineweb": {
                "train": "InterleavedDataLoader(len=137831)",
                "test": "InterleavedDataLoader(len=105)"
            },
            "papers-biology": {
                "train": "SingleDataLoader(papers-biology_train.bin, len=410)",
                "test": "SingleDataLoader(papers-biology_test.bin, len=105)"
            },
            "papers-cyber": {
                "train": "SingleDataLoader(papers-cyber_train.bin, len=410)",
                "test": "SingleDataLoader(papers-cyber_test.bin, len=105)"
            },
            "papers-nuclear": {
                "train": "SingleDataLoader(papers-nuclear_train.bin, len=410)",
                "test": "SingleDataLoader(papers-nuclear_test.bin, len=105)"
            },
            "papers-other": {
                "train": "SingleDataLoader(papers-other_train.bin, len=1640)",
                "test": "SingleDataLoader(papers-other_test.bin, len=105)"
            },
            "core": {
                "train": "InterleavedDataLoader(len=164083)",
                "test": "InterleavedDataLoader(len=315)"
            },
            "aux": {
                "train": "InterleavedDataLoader(len=1640)",
                "test": "InterleavedDataLoader(len=420)"
            },
            "all": {
                "train": "InterleavedDataLoader(len=165723)",
                "test": "InterleavedDataLoader(len=735)"
            }
        },
        "res_root": "/workspace/gradient-routing/experiments/AGI-1699-New-Dataset-Runs/results/scaling/realistic/coreftaux/800M/seed_2",
        "experiment_id": "20260527062635525021",
        "s3_bucket": "ae-gradient-routing-results",
        "s3_prefix": "scaling/realistic/coreftaux/800M/seed_2"
    },
    "label_prc": 1.0
}
[GPU 0] [06:26:45] [INFO] Loader code-lisp train: 410, test: 105
[GPU 0] [06:26:45] [INFO] Loader code-other train: 24612, test: 105
[GPU 0] [06:26:45] [INFO] Loader fineweb train: 137831, test: 105
[GPU 0] [06:26:45] [INFO] Loader papers-biology train: 410, test: 105
[GPU 0] [06:26:45] [INFO] Loader papers-cyber train: 410, test: 105
[GPU 0] [06:26:45] [INFO] Loader papers-nuclear train: 410, test: 105
[GPU 0] [06:26:45] [INFO] Loader papers-other train: 1640, test: 105
[GPU 0] [06:26:45] [INFO] Loader core train: 164083, test: 315
[GPU 0] [06:26:45] [INFO] Loader aux train: 1640, test: 420
[GPU 0] [06:26:45] [INFO] Loader all train: 165723, test: 735
[GPU 0] [06:26:45] [INFO] Stage [coreftaux] start: {"name": "coreftaux", "num_checkpoints": -1, "lr": 0.0005663534909876918, "res_dir": "/workspace/gradient-routing/experiments/AGI-1699-New-Dataset-Runs/results/scaling/realistic/coreftaux/800M/seed_2/20260527062635525021/coreftaux", "acc_mode": "uniform", "do_eval": true, "do_sample": false, "num_train_evals": 0, "do_elicit": true, "elicit_eval_prc": 0.5, "elicit_num_evals": 100, "retain_targets": null, "aux_factor": 1.0, "core_aux_ratio": 4.0, "label_prc": 1.0, "ft_lr_factor": 0.2}
[GPU 0] [06:26:45] [INFO] CORE FT AUX - BASE PHASE START
[GPU 0] [06:26:51] [INFO] Initialized BaseTransformer with 806,509,504 total parameters
[GPU 0] [06:26:51] [INFO] Compiling BaseTransformer with torch.compile...
[GPU 0] [06:26:51] [INFO] torch.compile done
[GPU 0] [06:26:54] [WARNING] restore_partial_state: no checkpoint found at /workspace/gradient-routing/experiments/AGI-1699-New-Dataset-Runs/results/scaling/realistic/coreftaux/800M/seed_2/20260527062635525021/coreftaux/core
[GPU 0] [06:26:54] [INFO] ---- Begin CoreFTAux | Phase: base | Data Label: core ----
[GPU 0] [06:26:54] [DEBUG] acc_mode: uniform, label_prc: 1.0, lr: 0.0005663534909876918
[GPU 0] [06:26:54] [INFO] 
len_all: 165723, len_all_labeled: 165723, len_all_unlabeled: 0,
len_base: 157523, len_ft: 8200,
len_core_for_ft: 6560, len_aux_for_ft: 1640,
aux_factor: {'code-lisp': 1.0, 'papers-biology': 1.0, 'papers-nuclear': 1.0, 'papers-cyber': 1.0}, core_aux_ratio: 4.0,
[GPU 0] [06:26:54] [INFO] Batch [core] count: 157521
[GPU 0] [06:26:54] [INFO] num_total_steps: 22503
[GPU 0] [06:26:54] [INFO] warmup_steps: 450
[GPU 0] [06:26:54] [INFO] constant_steps: 19803
[GPU 0] [06:26:54] [INFO] decay_steps: 2250
[GPU 0] [06:26:54] [INFO] LR Scheduler: Warmup Start
[GPU 0] [06:27:54] [INFO] Step: 1, LR: 1.27e-06
[GPU 0] [06:27:54] [INFO] Train Loss: CORE: 11.08 CODE-LISP: nan PAPERS-BIOLOGY: nan PAPERS-CYBER: nan PAPERS-NUCLEAR: nan 
[GPU 0] [06:37:45] [INFO] LR Scheduler: Constant Start
[GPU 0] [06:49:44] [INFO] Step: 1000, LR: 5.66e-04
[GPU 0] [06:49:44] [INFO] Train Loss: CORE: 3.32 CODE-LISP: nan PAPERS-BIOLOGY: nan PAPERS-CYBER: nan PAPERS-NUCLEAR: nan 
[GPU 0] [07:11:37] [INFO] Step: 2000, LR: 5.66e-04
[GPU 0] [07:11:37] [INFO] Train Loss: CORE: 2.53 CODE-LISP: nan PAPERS-BIOLOGY: nan PAPERS-CYBER: nan PAPERS-NUCLEAR: nan 
[GPU 0] [07:33:27] [INFO] Step: 3000, LR: 5.66e-04
[GPU 0] [07:33:27] [INFO] Train Loss: CORE: 2.83 CODE-LISP: nan PAPERS-BIOLOGY: nan PAPERS-CYBER: nan PAPERS-NUCLEAR: nan 
[GPU 0] [07:55:20] [INFO] Step: 4000, LR: 5.66e-04
[GPU 0] [07:55:20] [INFO] Train Loss: CORE: 2.81 CODE-LISP: nan PAPERS-BIOLOGY: nan PAPERS-CYBER: nan PAPERS-NUCLEAR: nan 
[GPU 0] [08:17:11] [INFO] Step: 5000, LR: 5.66e-04
[GPU 0] [08:17:11] [INFO] Train Loss: CORE: 2.35 CODE-LISP: nan PAPERS-BIOLOGY: nan PAPERS-CYBER: nan PAPERS-NUCLEAR: nan 
[GPU 0] [08:39:03] [INFO] Step: 6000, LR: 5.66e-04
[GPU 0] [08:39:03] [INFO] Train Loss: CORE: 2.47 CODE-LISP: nan PAPERS-BIOLOGY: nan PAPERS-CYBER: nan PAPERS-NUCLEAR: nan 
[GPU 0] [09:00:57] [INFO] Step: 7000, LR: 5.66e-04
[GPU 0] [09:00:57] [INFO] Train Loss: CORE: 2.69 CODE-LISP: nan PAPERS-BIOLOGY: nan PAPERS-CYBER: nan PAPERS-NUCLEAR: nan 
[GPU 0] [09:22:48] [INFO] Step: 8000, LR: 5.66e-04
[GPU 0] [09:22:48] [INFO] Train Loss: CORE: 2.68 CODE-LISP: nan PAPERS-BIOLOGY: nan PAPERS-CYBER: nan PAPERS-NUCLEAR: nan 
[GPU 0] [09:44:44] [INFO] Step: 9000, LR: 5.66e-04
[GPU 0] [09:44:44] [INFO] Train Loss: CORE: 2.90 CODE-LISP: nan PAPERS-BIOLOGY: nan PAPERS-CYBER: nan PAPERS-NUCLEAR: nan 
[GPU 0] [10:06:35] [INFO] Step: 10000, LR: 5.66e-04
[GPU 0] [10:06:35] [INFO] Train Loss: CORE: 2.46 CODE-LISP: nan PAPERS-BIOLOGY: nan PAPERS-CYBER: nan PAPERS-NUCLEAR: nan 
[GPU 0] [10:28:29] [INFO] Step: 11000, LR: 5.66e-04
[GPU 0] [10:28:29] [INFO] Train Loss: CORE: 2.64 CODE-LISP: nan PAPERS-BIOLOGY: nan PAPERS-CYBER: nan PAPERS-NUCLEAR: nan 
[GPU 0] [10:50:19] [INFO] Step: 12000, LR: 5.66e-04
[GPU 0] [10:50:19] [INFO] Train Loss: CORE: 2.61 CODE-LISP: nan PAPERS-BIOLOGY: nan PAPERS-CYBER: nan PAPERS-NUCLEAR: nan 
[GPU 0] [11:12:13] [INFO] Step: 13000, LR: 5.66e-04
[GPU 0] [11:12:13] [INFO] Train Loss: CORE: 2.16 CODE-LISP: nan PAPERS-BIOLOGY: nan PAPERS-CYBER: nan PAPERS-NUCLEAR: nan 
[GPU 0] [11:34:03] [INFO] Step: 14000, LR: 5.66e-04
[GPU 0] [11:34:03] [INFO] Train Loss: CORE: 1.97 CODE-LISP: nan PAPERS-BIOLOGY: nan PAPERS-CYBER: nan PAPERS-NUCLEAR: nan 
[GPU 0] [11:55:57] [INFO] Step: 15000, LR: 5.66e-04
[GPU 0] [11:55:57] [INFO] Train Loss: CORE: 2.64 CODE-LISP: nan PAPERS-BIOLOGY: nan PAPERS-CYBER: nan PAPERS-NUCLEAR: nan 
[GPU 0] [12:17:48] [INFO] Step: 16000, LR: 5.66e-04
[GPU 0] [12:17:48] [INFO] Train Loss: CORE: 2.83 CODE-LISP: nan PAPERS-BIOLOGY: nan PAPERS-CYBER: nan PAPERS-NUCLEAR: nan 
[GPU 0] [12:39:42] [INFO] Step: 17000, LR: 5.66e-04
[GPU 0] [12:39:42] [INFO] Train Loss: CORE: 2.78 CODE-LISP: nan PAPERS-BIOLOGY: nan PAPERS-CYBER: nan PAPERS-NUCLEAR: nan 
[GPU 0] [13:01:31] [INFO] Step: 18000, LR: 5.66e-04
[GPU 0] [13:01:31] [INFO] Train Loss: CORE: 2.34 CODE-LISP: nan PAPERS-BIOLOGY: nan PAPERS-CYBER: nan PAPERS-NUCLEAR: nan 
[GPU 0] [13:23:23] [INFO] Step: 19000, LR: 5.66e-04
[GPU 0] [13:23:23] [INFO] Train Loss: CORE: 2.43 CODE-LISP: nan PAPERS-BIOLOGY: nan PAPERS-CYBER: nan PAPERS-NUCLEAR: nan 
[GPU 0] [13:45:14] [INFO] Step: 20000, LR: 5.66e-04
[GPU 0] [13:45:14] [INFO] Train Loss: CORE: 2.36 CODE-LISP: nan PAPERS-BIOLOGY: nan PAPERS-CYBER: nan PAPERS-NUCLEAR: nan 
[GPU 0] [13:50:47] [INFO] LR Scheduler: Decay Start
[GPU 0] [14:07:06] [INFO] Step: 21000, LR: 3.78e-04
[GPU 0] [14:07:06] [INFO] Train Loss: CORE: 2.35 CODE-LISP: nan PAPERS-BIOLOGY: nan PAPERS-CYBER: nan PAPERS-NUCLEAR: nan 
[GPU 0] [14:29:00] [INFO] Step: 22000, LR: 1.27e-04
[GPU 0] [14:29:00] [INFO] Train Loss: CORE: 2.07 CODE-LISP: nan PAPERS-BIOLOGY: nan PAPERS-CYBER: nan PAPERS-NUCLEAR: nan 
[GPU 0] [14:39:58] [INFO] Step: 22503, LR: 1.00e-08
[GPU 0] [14:39:58] [INFO] Train Loss: CORE: 2.32 CODE-LISP: nan PAPERS-BIOLOGY: nan PAPERS-CYBER: nan PAPERS-NUCLEAR: nan 
[GPU 0] [14:41:17] [INFO] ---- Begin Eval ----
[GPU 0] [14:41:17] [INFO] Data: core | Experts: None
[GPU 0] [14:42:09] [INFO] loss: 1.88163602
[GPU 0] [14:42:09] [INFO] Data: code-lisp | Experts: None
[GPU 0] [14:42:16] [INFO] loss: 1.42155874
[GPU 0] [14:42:16] [INFO] Data: papers-biology | Experts: None
[GPU 0] [14:42:24] [INFO] loss: 2.47114968
[GPU 0] [14:42:24] [INFO] Data: papers-nuclear | Experts: None
[GPU 0] [14:42:31] [INFO] loss: 2.84771204
[GPU 0] [14:42:31] [INFO] Data: papers-cyber | Experts: None
[GPU 0] [14:42:39] [INFO] loss: 2.71681523
[GPU 0] [14:42:42] [INFO] CORE FT AUX - BASE PHASE - ADVERSARIAL FT START
[GPU 0] [14:42:43] [INFO] ---- Begin FT | Experts: None | Data: ['code-lisp'] ----
[GPU 0] [14:42:43] [DEBUG] num_seq: 512, num_rounds: 200, patience: 10
[GPU 0] [14:42:43] [DEBUG] local_x: torch.Size([64, 1024]), local_y: torch.Size([64, 1024]), num_steps: 6, per_gpu: 64, mbs_size: 12
[GPU 0] [14:43:44] [INFO] New best validation loss: 1.5831 @ step 0
[GPU 0] [14:43:52] [INFO] New best validation loss: 1.3194 @ step 1
[GPU 0] [14:44:01] [INFO] New best validation loss: 1.2904 @ step 2
[GPU 0] [14:44:10] [INFO] New best validation loss: 1.2504 @ step 3
[GPU 0] [14:44:18] [INFO] New best validation loss: 1.2147 @ step 4
[GPU 0] [14:44:27] [INFO] New best validation loss: 1.1929 @ step 5
[GPU 0] [14:44:36] [INFO] New best validation loss: 1.1776 @ step 6
[GPU 0] [14:44:45] [INFO] New best validation loss: 1.1621 @ step 7
[GPU 0] [14:44:53] [INFO] New best validation loss: 1.1488 @ step 8
[GPU 0] [14:45:02] [INFO] New best validation loss: 1.1362 @ step 9
[GPU 0] [14:45:12] [INFO] New best validation loss: 1.1246 @ step 10
[GPU 0] [14:45:21] [INFO] New best validation loss: 1.1138 @ step 11
[GPU 0] [14:45:29] [INFO] New best validation loss: 1.1036 @ step 12
[GPU 0] [14:45:38] [INFO] New best validation loss: 1.0945 @ step 13
[GPU 0] [14:45:47] [INFO] New best validation loss: 1.0863 @ step 14
[GPU 0] [14:45:56] [INFO] New best validation loss: 1.0792 @ step 15
[GPU 0] [14:46:04] [INFO] New best validation loss: 1.0731 @ step 16
[GPU 0] [14:46:13] [INFO] New best validation loss: 1.0675 @ step 17
[GPU 0] [14:46:22] [INFO] New best validation loss: 1.0631 @ step 18
[GPU 0] [14:46:30] [INFO] New best validation loss: 1.0594 @ step 19
[GPU 0] [14:46:39] [INFO] New best validation loss: 1.0569 @ step 20
[GPU 0] [14:46:48] [INFO] New best validation loss: 1.0548 @ step 21
[GPU 0] [14:46:57] [INFO] New best validation loss: 1.0525 @ step 22
[GPU 0] [14:47:05] [INFO] New best validation loss: 1.0508 @ step 23
[GPU 0] [14:47:14] [INFO] New best validation loss: 1.0502 @ step 24
[GPU 0] [14:48:50] [INFO] Stop FT @ 36: no val improvement for 10 steps
[GPU 0] [14:48:50] [INFO] Wrote stats.jsonl entries at FT step 24 
[GPU 0] [14:48:51] [INFO] ---- Begin FT | Experts: None | Data: ['papers-biology'] ----
[GPU 0] [14:48:51] [DEBUG] num_seq: 512, num_rounds: 200, patience: 10
[GPU 0] [14:48:51] [DEBUG] local_x: torch.Size([64, 1024]), local_y: torch.Size([64, 1024]), num_steps: 6, per_gpu: 64, mbs_size: 12
[GPU 0] [14:49:00] [INFO] New best validation loss: 2.6127 @ step 0
[GPU 0] [14:49:08] [INFO] New best validation loss: 2.4852 @ step 1
[GPU 0] [14:49:52] [INFO] New best validation loss: 2.4836 @ step 6
[GPU 0] [14:50:00] [INFO] New best validation loss: 2.4832 @ step 7
[GPU 0] [14:51:36] [INFO] Stop FT @ 19: no val improvement for 10 steps
[GPU 0] [14:51:36] [INFO] Wrote stats.jsonl entries at FT step 7 
[GPU 0] [14:51:37] [INFO] ---- Begin FT | Experts: None | Data: ['papers-cyber'] ----
[GPU 0] [14:51:37] [DEBUG] num_seq: 512, num_rounds: 200, patience: 10
[GPU 0] [14:51:37] [DEBUG] local_x: torch.Size([64, 1024]), local_y: torch.Size([64, 1024]), num_steps: 6, per_gpu: 64, mbs_size: 12
[GPU 0] [14:51:46] [INFO] New best validation loss: 2.8078 @ step 0
[GPU 0] [14:51:55] [INFO] New best validation loss: 2.7305 @ step 1
[GPU 0] [14:53:30] [INFO] Stop FT @ 13: no val improvement for 10 steps
[GPU 0] [14:53:31] [INFO] Wrote stats.jsonl entries at FT step 1 
[GPU 0] [14:53:32] [INFO] ---- Begin FT | Experts: None | Data: ['papers-nuclear'] ----
[GPU 0] [14:53:32] [DEBUG] num_seq: 512, num_rounds: 200, patience: 10
[GPU 0] [14:53:32] [DEBUG] local_x: torch.Size([64, 1024]), local_y: torch.Size([64, 1024]), num_steps: 6, per_gpu: 64, mbs_size: 12
[GPU 0] [14:53:40] [INFO] New best validation loss: 2.9812 @ step 0
[GPU 0] [14:53:49] [INFO] New best validation loss: 2.8533 @ step 1
[GPU 0] [14:53:58] [INFO] New best validation loss: 2.8382 @ step 2
[GPU 0] [14:55:34] [INFO] Stop FT @ 14: no val improvement for 10 steps
[GPU 0] [14:55:34] [INFO] Wrote stats.jsonl entries at FT step 2 
[GPU 0] [14:55:35] [INFO] CORE FT AUX - AUX PHASE: code-lisp
[GPU 0] [14:55:36] [WARNING] restore_partial_state: no checkpoint found at /workspace/gradient-routing/experiments/AGI-1699-New-Dataset-Runs/results/scaling/realistic/coreftaux/800M/seed_2/20260527062635525021/coreftaux/core_code-lisp
[GPU 0] [14:55:36] [INFO] ---- Begin CoreFTAux | Phase: ft | Data Label: code-lisp ----
[GPU 0] [14:55:36] [DEBUG] acc_mode: uniform, label_prc: 1.0, lr: 0.00011327069819753836
[GPU 0] [14:55:36] [INFO] 
len_all: 165723, len_all_labeled: 165723, len_all_unlabeled: 0,
len_base: 157523, len_ft: 8200,
len_core_for_ft: 6560, len_aux_for_ft: 1640,
aux_factor: {'code-lisp': 1.0, 'papers-biology': 1.0, 'papers-nuclear': 1.0, 'papers-cyber': 1.0}, core_aux_ratio: 4.0,
[GPU 0] [14:55:36] [INFO] Batch [code-lisp] count: 413
[GPU 0] [14:55:36] [INFO] Batch [core] count: 1638
[GPU 0] [14:55:36] [INFO] num_total_steps: 293
[GPU 0] [14:55:36] [INFO] warmup_steps: 6
[GPU 0] [14:55:36] [INFO] constant_steps: 258
[GPU 0] [14:55:36] [INFO] decay_steps: 29
[GPU 0] [14:55:36] [INFO] LR Scheduler: Warmup Start
[GPU 0] [14:55:37] [INFO] Step: 1, LR: 1.89e-05
[GPU 0] [14:55:37] [INFO] Train Loss: CORE: 2.38 CODE-LISP: nan PAPERS-BIOLOGY: nan PAPERS-CYBER: nan PAPERS-NUCLEAR: nan 
[GPU 0] [14:55:44] [INFO] LR Scheduler: Constant Start
[GPU 0] [15:01:23] [INFO] LR Scheduler: Decay Start
[GPU 0] [15:02:01] [INFO] Step: 293, LR: 1.00e-08
[GPU 0] [15:02:01] [INFO] Train Loss: CORE: 2.28 CODE-LISP: 0.80 PAPERS-BIOLOGY: nan PAPERS-CYBER: nan PAPERS-NUCLEAR: nan 
[GPU 0] [15:03:18] [INFO] ---- Begin Eval ----
[GPU 0] [15:03:18] [INFO] Data: core | Experts: None
[GPU 0] [15:03:40] [INFO] loss: 1.88649404
[GPU 0] [15:03:40] [INFO] Data: code-lisp | Experts: None
[GPU 0] [15:03:47] [INFO] loss: 0.89716566
[GPU 0] [15:03:47] [INFO] Data: papers-biology | Experts: None
[GPU 0] [15:03:55] [INFO] loss: 2.47440481
[GPU 0] [15:03:55] [INFO] Data: papers-nuclear | Experts: None
[GPU 0] [15:04:02] [INFO] loss: 2.85295749
[GPU 0] [15:04:02] [INFO] Data: papers-cyber | Experts: None
[GPU 0] [15:04:10] [INFO] loss: 2.72185636
[GPU 0] [15:04:12] [INFO] CORE FT AUX - AUX PHASE: code-lisp - ADVERSARIAL FT START
[GPU 0] [15:04:13] [INFO] ---- Begin FT | Experts: None | Data: ['papers-biology'] ----
[GPU 0] [15:04:13] [DEBUG] num_seq: 512, num_rounds: 200, patience: 10
[GPU 0] [15:04:13] [DEBUG] local_x: torch.Size([64, 1024]), local_y: torch.Size([64, 1024]), num_steps: 6, per_gpu: 64, mbs_size: 12
[GPU 0] [15:04:22] [INFO] New best validation loss: 2.6067 @ step 0
[GPU 0] [15:04:31] [INFO] New best validation loss: 2.4866 @ step 1
[GPU 0] [15:04:39] [INFO] New best validation loss: 2.4863 @ step 2
[GPU 0] [15:05:14] [INFO] New best validation loss: 2.4846 @ step 6
[GPU 0] [15:06:51] [INFO] Stop FT @ 18: no val improvement for 10 steps
[GPU 0] [15:06:51] [INFO] Wrote stats.jsonl entries at FT step 6 
[GPU 0] [15:06:52] [INFO] ---- Begin FT | Experts: None | Data: ['papers-cyber'] ----
[GPU 0] [15:06:52] [DEBUG] num_seq: 512, num_rounds: 200, patience: 10
[GPU 0] [15:06:52] [DEBUG] local_x: torch.Size([64, 1024]), local_y: torch.Size([64, 1024]), num_steps: 6, per_gpu: 64, mbs_size: 12
[GPU 0] [15:07:00] [INFO] New best validation loss: 2.8166 @ step 0
[GPU 0] [15:07:09] [INFO] New best validation loss: 2.7341 @ step 1
[GPU 0] [15:08:45] [INFO] Stop FT @ 13: no val improvement for 10 steps
[GPU 0] [15:08:45] [INFO] Wrote stats.jsonl entries at FT step 1 
[GPU 0] [15:08:46] [INFO] ---- Begin FT | Experts: None | Data: ['papers-nuclear'] ----
[GPU 0] [15:08:46] [DEBUG] num_seq: 512, num_rounds: 200, patience: 10
[GPU 0] [15:08:46] [DEBUG] local_x: torch.Size([64, 1024]), local_y: torch.Size([64, 1024]), num_steps: 6, per_gpu: 64, mbs_size: 12
[GPU 0] [15:08:55] [INFO] New best validation loss: 2.9946 @ step 0
[GPU 0] [15:09:03] [INFO] New best validation loss: 2.8600 @ step 1
[GPU 0] [15:09:12] [INFO] New best validation loss: 2.8417 @ step 2
[GPU 0] [15:10:48] [INFO] Stop FT @ 14: no val improvement for 10 steps
[GPU 0] [15:10:48] [INFO] Wrote stats.jsonl entries at FT step 2 
[GPU 0] [15:10:49] [INFO] CORE FT AUX - AUX PHASE: papers-biology
[GPU 0] [15:10:50] [WARNING] restore_partial_state: no checkpoint found at /workspace/gradient-routing/experiments/AGI-1699-New-Dataset-Runs/results/scaling/realistic/coreftaux/800M/seed_2/20260527062635525021/coreftaux/core_papers-biology
[GPU 0] [15:10:50] [INFO] ---- Begin CoreFTAux | Phase: ft | Data Label: papers-biology ----
[GPU 0] [15:10:50] [DEBUG] acc_mode: uniform, label_prc: 1.0, lr: 0.00011327069819753836
[GPU 0] [15:10:50] [INFO] 
len_all: 165723, len_all_labeled: 165723, len_all_unlabeled: 0,
len_base: 157523, len_ft: 8200,
len_core_for_ft: 6560, len_aux_for_ft: 1640,
aux_factor: {'code-lisp': 1.0, 'papers-biology': 1.0, 'papers-nuclear': 1.0, 'papers-cyber': 1.0}, core_aux_ratio: 4.0,
[GPU 0] [15:10:50] [INFO] Batch [core] count: 1638
[GPU 0] [15:10:50] [INFO] Batch [papers-biology] count: 413
[GPU 0] [15:10:50] [INFO] num_total_steps: 293
[GPU 0] [15:10:50] [INFO] warmup_steps: 6
[GPU 0] [15:10:50] [INFO] constant_steps: 258
[GPU 0] [15:10:50] [INFO] decay_steps: 29
[GPU 0] [15:10:50] [INFO] LR Scheduler: Warmup Start
[GPU 0] [15:10:52] [INFO] Step: 1, LR: 1.89e-05
[GPU 0] [15:10:52] [INFO] Train Loss: CORE: 2.38 CODE-LISP: nan PAPERS-BIOLOGY: nan PAPERS-CYBER: nan PAPERS-NUCLEAR: nan 
[GPU 0] [15:10:58] [INFO] LR Scheduler: Constant Start
[GPU 0] [15:16:37] [INFO] LR Scheduler: Decay Start
[GPU 0] [15:17:15] [INFO] Step: 293, LR: 1.00e-08
[GPU 0] [15:17:15] [INFO] Train Loss: CORE: 2.28 CODE-LISP: nan PAPERS-BIOLOGY: 2.35 PAPERS-CYBER: nan PAPERS-NUCLEAR: nan 
[GPU 0] [15:18:31] [INFO] ---- Begin Eval ----
[GPU 0] [15:18:31] [INFO] Data: core | Experts: None
[GPU 0] [15:18:54] [INFO] loss: 1.88284338
[GPU 0] [15:18:54] [INFO] Data: code-lisp | Experts: None
[GPU 0] [15:19:01] [INFO] loss: 1.42276776
[GPU 0] [15:19:01] [INFO] Data: papers-biology | Experts: None
[GPU 0] [15:19:09] [INFO] loss: 2.37680435
[GPU 0] [15:19:09] [INFO] Data: papers-nuclear | Experts: None
[GPU 0] [15:19:16] [INFO] loss: 2.83733273
[GPU 0] [15:19:16] [INFO] Data: papers-cyber | Experts: None
[GPU 0] [15:19:24] [INFO] loss: 2.71681547
[GPU 0] [15:19:25] [INFO] CORE FT AUX - AUX PHASE: papers-biology - ADVERSARIAL FT START
[GPU 0] [15:19:27] [INFO] ---- Begin FT | Experts: None | Data: ['code-lisp'] ----
[GPU 0] [15:19:27] [DEBUG] num_seq: 512, num_rounds: 200, patience: 10
[GPU 0] [15:19:27] [DEBUG] local_x: torch.Size([64, 1024]), local_y: torch.Size([64, 1024]), num_steps: 6, per_gpu: 64, mbs_size: 12
[GPU 0] [15:19:36] [INFO] New best validation loss: 1.6366 @ step 0
[GPU 0] [15:19:45] [INFO] New best validation loss: 1.3178 @ step 1
[GPU 0] [15:19:53] [INFO] New best validation loss: 1.3063 @ step 2
[GPU 0] [15:20:02] [INFO] New best validation loss: 1.2579 @ step 3
[GPU 0] [15:20:11] [INFO] New best validation loss: 1.2214 @ step 4
[GPU 0] [15:20:19] [INFO] New best validation loss: 1.1958 @ step 5
[GPU 0] [15:20:28] [INFO] New best validation loss: 1.1793 @ step 6
[GPU 0] [15:20:37] [INFO] New best validation loss: 1.1666 @ step 7
[GPU 0] [15:20:46] [INFO] New best validation loss: 1.1541 @ step 8
[GPU 0] [15:20:54] [INFO] New best validation loss: 1.1408 @ step 9
[GPU 0] [15:21:03] [INFO] New best validation loss: 1.1286 @ step 10
[GPU 0] [15:21:12] [INFO] New best validation loss: 1.1182 @ step 11
[GPU 0] [15:21:21] [INFO] New best validation loss: 1.1082 @ step 12
[GPU 0] [15:21:29] [INFO] New best validation loss: 1.0984 @ step 13
[GPU 0] [15:21:38] [INFO] New best validation loss: 1.0896 @ step 14
[GPU 0] [15:21:47] [INFO] New best validation loss: 1.0825 @ step 15
[GPU 0] [15:21:55] [INFO] New best validation loss: 1.0766 @ step 16
[GPU 0] [15:22:04] [INFO] New best validation loss: 1.0710 @ step 17
[GPU 0] [15:22:13] [INFO] New best validation loss: 1.0661 @ step 18
[GPU 0] [15:22:22] [INFO] New best validation loss: 1.0619 @ step 19
[GPU 0] [15:22:30] [INFO] New best validation loss: 1.0581 @ step 20
[GPU 0] [15:22:39] [INFO] New best validation loss: 1.0548 @ step 21
[GPU 0] [15:22:48] [INFO] New best validation loss: 1.0529 @ step 22
[GPU 0] [15:22:56] [INFO] New best validation loss: 1.0520 @ step 23
[GPU 0] [15:23:05] [INFO] New best validation loss: 1.0518 @ step 24
[GPU 0] [15:23:14] [INFO] New best validation loss: 1.0516 @ step 25
[GPU 0] [15:23:23] [INFO] New best validation loss: 1.0510 @ step 26
[GPU 0] [15:24:58] [INFO] Stop FT @ 38: no val improvement for 10 steps
[GPU 0] [15:24:58] [INFO] Wrote stats.jsonl entries at FT step 26 
[GPU 0] [15:24:59] [INFO] ---- Begin FT | Experts: None | Data: ['papers-cyber'] ----
[GPU 0] [15:24:59] [DEBUG] num_seq: 512, num_rounds: 200, patience: 10
[GPU 0] [15:24:59] [DEBUG] local_x: torch.Size([64, 1024]), local_y: torch.Size([64, 1024]), num_steps: 6, per_gpu: 64, mbs_size: 12
[GPU 0] [15:25:08] [INFO] New best validation loss: 2.8156 @ step 0
[GPU 0] [15:25:17] [INFO] New best validation loss: 2.7319 @ step 1
[GPU 0] [15:26:53] [INFO] Stop FT @ 13: no val improvement for 10 steps
[GPU 0] [15:26:53] [INFO] Wrote stats.jsonl entries at FT step 1 
[GPU 0] [15:26:54] [INFO] ---- Begin FT | Experts: None | Data: ['papers-nuclear'] ----
[GPU 0] [15:26:54] [DEBUG] num_seq: 512, num_rounds: 200, patience: 10
[GPU 0] [15:26:54] [DEBUG] local_x: torch.Size([64, 1024]), local_y: torch.Size([64, 1024]), num_steps: 6, per_gpu: 64, mbs_size: 12
[GPU 0] [15:27:03] [INFO] New best validation loss: 2.9136 @ step 0
[GPU 0] [15:27:11] [INFO] New best validation loss: 2.8334 @ step 1
[GPU 0] [15:27:20] [INFO] New best validation loss: 2.8321 @ step 2
[GPU 0] [15:28:56] [INFO] Stop FT @ 14: no val improvement for 10 steps
[GPU 0] [15:28:56] [INFO] Wrote stats.jsonl entries at FT step 2 
[GPU 0] [15:28:57] [INFO] CORE FT AUX - AUX PHASE: papers-nuclear
[GPU 0] [15:28:58] [WARNING] restore_partial_state: no checkpoint found at /workspace/gradient-routing/experiments/AGI-1699-New-Dataset-Runs/results/scaling/realistic/coreftaux/800M/seed_2/20260527062635525021/coreftaux/core_papers-nuclear
[GPU 0] [15:28:58] [INFO] ---- Begin CoreFTAux | Phase: ft | Data Label: papers-nuclear ----
[GPU 0] [15:28:58] [DEBUG] acc_mode: uniform, label_prc: 1.0, lr: 0.00011327069819753836
[GPU 0] [15:28:58] [INFO] 
len_all: 165723, len_all_labeled: 165723, len_all_unlabeled: 0,
len_base: 157523, len_ft: 8200,
len_core_for_ft: 6560, len_aux_for_ft: 1640,
aux_factor: {'code-lisp': 1.0, 'papers-biology': 1.0, 'papers-nuclear': 1.0, 'papers-cyber': 1.0}, core_aux_ratio: 4.0,
[GPU 0] [15:28:58] [INFO] Batch [core] count: 1638
[GPU 0] [15:28:58] [INFO] Batch [papers-nuclear] count: 413
[GPU 0] [15:28:58] [INFO] num_total_steps: 293
[GPU 0] [15:28:58] [INFO] warmup_steps: 6
[GPU 0] [15:28:58] [INFO] constant_steps: 258
[GPU 0] [15:28:58] [INFO] decay_steps: 29
[GPU 0] [15:28:58] [INFO] LR Scheduler: Warmup Start
[GPU 0] [15:28:59] [INFO] Step: 1, LR: 1.89e-05
[GPU 0] [15:28:59] [INFO] Train Loss: CORE: 2.38 CODE-LISP: nan PAPERS-BIOLOGY: nan PAPERS-CYBER: nan PAPERS-NUCLEAR: nan 
[GPU 0] [15:29:06] [INFO] LR Scheduler: Constant Start
[GPU 0] [15:34:52] [INFO] LR Scheduler: Decay Start
[GPU 0] [15:35:32] [INFO] Step: 293, LR: 1.00e-08
[GPU 0] [15:35:32] [INFO] Train Loss: CORE: 2.28 CODE-LISP: nan PAPERS-BIOLOGY: nan PAPERS-CYBER: nan PAPERS-NUCLEAR: 2.72 
[GPU 0] [15:36:49] [INFO] ---- Begin Eval ----
[GPU 0] [15:36:49] [INFO] Data: core | Experts: None
[GPU 0] [15:37:11] [INFO] loss: 1.88402617
[GPU 0] [15:37:11] [INFO] Data: code-lisp | Experts: None
[GPU 0] [15:37:19] [INFO] loss: 1.42074966
[GPU 0] [15:37:19] [INFO] Data: papers-biology | Experts: None
[GPU 0] [15:37:26] [INFO] loss: 2.46406245
[GPU 0] [15:37:26] [INFO] Data: papers-nuclear | Experts: None
[GPU 0] [15:37:33] [INFO] loss: 2.72907376
[GPU 0] [15:37:33] [INFO] Data: papers-cyber | Experts: None
[GPU 0] [15:37:41] [INFO] loss: 2.71636891
[GPU 0] [15:37:43] [INFO] CORE FT AUX - AUX PHASE: papers-nuclear - ADVERSARIAL FT START
[GPU 0] [15:37:44] [INFO] ---- Begin FT | Experts: None | Data: ['code-lisp'] ----
[GPU 0] [15:37:44] [DEBUG] num_seq: 512, num_rounds: 200, patience: 10
[GPU 0] [15:37:44] [DEBUG] local_x: torch.Size([64, 1024]), local_y: torch.Size([64, 1024]), num_steps: 6, per_gpu: 64, mbs_size: 12
[GPU 0] [15:37:52] [INFO] New best validation loss: 1.5493 @ step 0
[GPU 0] [15:38:01] [INFO] New best validation loss: 1.3130 @ step 1
[GPU 0] [15:38:10] [INFO] New best validation loss: 1.2801 @ step 2
[GPU 0] [15:38:19] [INFO] New best validation loss: 1.2413 @ step 3
[GPU 0] [15:38:27] [INFO] New best validation loss: 1.2081 @ step 4
[GPU 0] [15:38:36] [INFO] New best validation loss: 1.1859 @ step 5
[GPU 0] [15:38:45] [INFO] New best validation loss: 1.1701 @ step 6
[GPU 0] [15:38:54] [INFO] New best validation loss: 1.1571 @ step 7
[GPU 0] [15:39:02] [INFO] New best validation loss: 1.1446 @ step 8
[GPU 0] [15:39:11] [INFO] New best validation loss: 1.1313 @ step 9
[GPU 0] [15:39:20] [INFO] New best validation loss: 1.1189 @ step 10
[GPU 0] [15:39:29] [INFO] New best validation loss: 1.1073 @ step 11
[GPU 0] [15:39:37] [INFO] New best validation loss: 1.0971 @ step 12
[GPU 0] [15:39:46] [INFO] New best validation loss: 1.0883 @ step 13
[GPU 0] [15:39:55] [INFO] New best validation loss: 1.0806 @ step 14
[GPU 0] [15:40:03] [INFO] New best validation loss: 1.0742 @ step 15
[GPU 0] [15:40:12] [INFO] New best validation loss: 1.0681 @ step 16
[GPU 0] [15:40:21] [INFO] New best validation loss: 1.0627 @ step 17
[GPU 0] [15:40:30] [INFO] New best validation loss: 1.0581 @ step 18
[GPU 0] [15:40:38] [INFO] New best validation loss: 1.0549 @ step 19
[GPU 0] [15:40:47] [INFO] New best validation loss: 1.0526 @ step 20
[GPU 0] [15:40:56] [INFO] New best validation loss: 1.0513 @ step 21
[GPU 0] [15:41:04] [INFO] New best validation loss: 1.0503 @ step 22
[GPU 0] [15:41:13] [INFO] New best validation loss: 1.0491 @ step 23
[GPU 0] [15:41:22] [INFO] New best validation loss: 1.0481 @ step 24
[GPU 0] [15:42:58] [INFO] Stop FT @ 36: no val improvement for 10 steps
[GPU 0] [15:42:58] [INFO] Wrote stats.jsonl entries at FT step 24 
[GPU 0] [15:42:59] [INFO] ---- Begin FT | Experts: None | Data: ['papers-biology'] ----
[GPU 0] [15:42:59] [DEBUG] num_seq: 512, num_rounds: 200, patience: 10
[GPU 0] [15:42:59] [DEBUG] local_x: torch.Size([64, 1024]), local_y: torch.Size([64, 1024]), num_steps: 6, per_gpu: 64, mbs_size: 12
[GPU 0] [15:43:08] [INFO] New best validation loss: 2.6009 @ step 0
[GPU 0] [15:43:16] [INFO] New best validation loss: 2.4862 @ step 1
[GPU 0] [15:43:42] [INFO] New best validation loss: 2.4854 @ step 4
[GPU 0] [15:43:51] [INFO] New best validation loss: 2.4828 @ step 5
[GPU 0] [15:44:00] [INFO] New best validation loss: 2.4819 @ step 6
[GPU 0] [15:45:37] [INFO] Stop FT @ 18: no val improvement for 10 steps
[GPU 0] [15:45:37] [INFO] Wrote stats.jsonl entries at FT step 6 
[GPU 0] [15:45:38] [INFO] ---- Begin FT | Experts: None | Data: ['papers-cyber'] ----
[GPU 0] [15:45:38] [DEBUG] num_seq: 512, num_rounds: 200, patience: 10
[GPU 0] [15:45:38] [DEBUG] local_x: torch.Size([64, 1024]), local_y: torch.Size([64, 1024]), num_steps: 6, per_gpu: 64, mbs_size: 12
[GPU 0] [15:45:47] [INFO] New best validation loss: 2.8419 @ step 0
[GPU 0] [15:45:55] [INFO] New best validation loss: 2.7368 @ step 1
[GPU 0] [15:46:04] [INFO] New best validation loss: 2.7291 @ step 2
[GPU 0] [15:47:40] [INFO] Stop FT @ 14: no val improvement for 10 steps
[GPU 0] [15:47:40] [INFO] Wrote stats.jsonl entries at FT step 2 
[GPU 0] [15:47:41] [INFO] CORE FT AUX - AUX PHASE: papers-cyber
[GPU 0] [15:47:42] [WARNING] restore_partial_state: no checkpoint found at /workspace/gradient-routing/experiments/AGI-1699-New-Dataset-Runs/results/scaling/realistic/coreftaux/800M/seed_2/20260527062635525021/coreftaux/core_papers-cyber
[GPU 0] [15:47:42] [INFO] ---- Begin CoreFTAux | Phase: ft | Data Label: papers-cyber ----
[GPU 0] [15:47:42] [DEBUG] acc_mode: uniform, label_prc: 1.0, lr: 0.00011327069819753836
[GPU 0] [15:47:42] [INFO] 
len_all: 165723, len_all_labeled: 165723, len_all_unlabeled: 0,
len_base: 157523, len_ft: 8200,
len_core_for_ft: 6560, len_aux_for_ft: 1640,
aux_factor: {'code-lisp': 1.0, 'papers-biology': 1.0, 'papers-nuclear': 1.0, 'papers-cyber': 1.0}, core_aux_ratio: 4.0,
[GPU 0] [15:47:42] [INFO] Batch [core] count: 1638
[GPU 0] [15:47:42] [INFO] Batch [papers-cyber] count: 413
[GPU 0] [15:47:42] [INFO] num_total_steps: 293
[GPU 0] [15:47:42] [INFO] warmup_steps: 6
[GPU 0] [15:47:42] [INFO] constant_steps: 258
[GPU 0] [15:47:42] [INFO] decay_steps: 29
[GPU 0] [15:47:42] [INFO] LR Scheduler: Warmup Start
[GPU 0] [15:47:43] [INFO] Step: 1, LR: 1.89e-05
[GPU 0] [15:47:43] [INFO] Train Loss: CORE: 2.38 CODE-LISP: nan PAPERS-BIOLOGY: nan PAPERS-CYBER: nan PAPERS-NUCLEAR: nan 
[GPU 0] [15:47:50] [INFO] LR Scheduler: Constant Start
[GPU 0] [15:53:34] [INFO] LR Scheduler: Decay Start
[GPU 0] [15:54:12] [INFO] Step: 293, LR: 1.00e-08
[GPU 0] [15:54:12] [INFO] Train Loss: CORE: 2.28 CODE-LISP: nan PAPERS-BIOLOGY: nan PAPERS-CYBER: 2.60 PAPERS-NUCLEAR: nan 
[GPU 0] [15:55:34] [INFO] ---- Begin Eval ----
[GPU 0] [15:55:34] [INFO] Data: core | Experts: None
[GPU 0] [15:55:56] [INFO] loss: 1.87985027
[GPU 0] [15:55:56] [INFO] Data: code-lisp | Experts: None
[GPU 0] [15:56:03] [INFO] loss: 1.42294919
[GPU 0] [15:56:03] [INFO] Data: papers-biology | Experts: None
[GPU 0] [15:56:11] [INFO] loss: 2.46759677
[GPU 0] [15:56:11] [INFO] Data: papers-nuclear | Experts: None
[GPU 0] [15:56:18] [INFO] loss: 2.83839273
[GPU 0] [15:56:18] [INFO] Data: papers-cyber | Experts: None
[GPU 0] [15:56:26] [INFO] loss: 2.64944220
[GPU 0] [15:56:28] [INFO] CORE FT AUX - AUX PHASE: papers-cyber - ADVERSARIAL FT START
[GPU 0] [15:56:29] [INFO] ---- Begin FT | Experts: None | Data: ['code-lisp'] ----
[GPU 0] [15:56:29] [DEBUG] num_seq: 512, num_rounds: 200, patience: 10
[GPU 0] [15:56:29] [DEBUG] local_x: torch.Size([64, 1024]), local_y: torch.Size([64, 1024]), num_steps: 6, per_gpu: 64, mbs_size: 12
[GPU 0] [15:56:37] [INFO] New best validation loss: 1.6237 @ step 0
[GPU 0] [15:56:46] [INFO] New best validation loss: 1.3249 @ step 1
[GPU 0] [15:56:55] [INFO] New best validation loss: 1.2992 @ step 2
[GPU 0] [15:57:04] [INFO] New best validation loss: 1.2607 @ step 3
[GPU 0] [15:57:12] [INFO] New best validation loss: 1.2239 @ step 4
[GPU 0] [15:57:21] [INFO] New best validation loss: 1.1978 @ step 5
[GPU 0] [15:57:30] [INFO] New best validation loss: 1.1835 @ step 6
[GPU 0] [15:57:39] [INFO] New best validation loss: 1.1687 @ step 7
[GPU 0] [15:57:47] [INFO] New best validation loss: 1.1545 @ step 8
[GPU 0] [15:57:56] [INFO] New best validation loss: 1.1421 @ step 9
[GPU 0] [15:58:05] [INFO] New best validation loss: 1.1298 @ step 10
[GPU 0] [15:58:14] [INFO] New best validation loss: 1.1188 @ step 11
[GPU 0] [15:58:22] [INFO] New best validation loss: 1.1090 @ step 12
[GPU 0] [15:58:31] [INFO] New best validation loss: 1.0996 @ step 13
[GPU 0] [15:58:40] [INFO] New best validation loss: 1.0912 @ step 14
[GPU 0] [15:58:48] [INFO] New best validation loss: 1.0838 @ step 15
[GPU 0] [15:58:57] [INFO] New best validation loss: 1.0775 @ step 16
[GPU 0] [15:59:06] [INFO] New best validation loss: 1.0723 @ step 17
[GPU 0] [15:59:15] [INFO] New best validation loss: 1.0671 @ step 18
[GPU 0] [15:59:23] [INFO] New best validation loss: 1.0623 @ step 19
[GPU 0] [15:59:32] [INFO] New best validation loss: 1.0585 @ step 20
[GPU 0] [15:59:41] [INFO] New best validation loss: 1.0556 @ step 21
[GPU 0] [15:59:49] [INFO] New best validation loss: 1.0541 @ step 22
[GPU 0] [15:59:58] [INFO] New best validation loss: 1.0530 @ step 23
[GPU 0] [16:00:07] [INFO] New best validation loss: 1.0514 @ step 24
[GPU 0] [16:00:16] [INFO] New best validation loss: 1.0507 @ step 25
[GPU 0] [16:00:25] [INFO] New best validation loss: 1.0506 @ step 26
[GPU 0] [16:02:01] [INFO] Stop FT @ 38: no val improvement for 10 steps
[GPU 0] [16:02:01] [INFO] Wrote stats.jsonl entries at FT step 26 
[GPU 0] [16:02:02] [INFO] ---- Begin FT | Experts: None | Data: ['papers-biology'] ----
[GPU 0] [16:02:02] [DEBUG] num_seq: 512, num_rounds: 200, patience: 10
[GPU 0] [16:02:02] [DEBUG] local_x: torch.Size([64, 1024]), local_y: torch.Size([64, 1024]), num_steps: 6, per_gpu: 64, mbs_size: 12
[GPU 0] [16:02:11] [INFO] New best validation loss: 2.6330 @ step 0
[GPU 0] [16:02:19] [INFO] New best validation loss: 2.4810 @ step 1
[GPU 0] [16:03:55] [INFO] Stop FT @ 13: no val improvement for 10 steps
[GPU 0] [16:03:55] [INFO] Wrote stats.jsonl entries at FT step 1 
[GPU 0] [16:03:56] [INFO] ---- Begin FT | Experts: None | Data: ['papers-nuclear'] ----
[GPU 0] [16:03:56] [DEBUG] num_seq: 512, num_rounds: 200, patience: 10
[GPU 0] [16:03:56] [DEBUG] local_x: torch.Size([64, 1024]), local_y: torch.Size([64, 1024]), num_steps: 6, per_gpu: 64, mbs_size: 12
[GPU 0] [16:04:05] [INFO] New best validation loss: 2.9582 @ step 0
[GPU 0] [16:04:13] [INFO] New best validation loss: 2.8434 @ step 1
[GPU 0] [16:04:22] [INFO] New best validation loss: 2.8333 @ step 2
[GPU 0] [16:05:58] [INFO] Stop FT @ 14: no val improvement for 10 steps
[GPU 0] [16:05:58] [INFO] Wrote stats.jsonl entries at FT step 2 
[GPU 0] [16:06:02] [INFO] ----------------------------------------
[GPU 0] [16:06:02] [INFO] Finished. See /workspace/gradient-routing/experiments/AGI-1699-New-Dataset-Runs/results/scaling/realistic/coreftaux/800M/seed_2/20260527062635525021
