[GPU 0] [07:15:16] [INFO] Git branch: AGI-1696-New-Dataset-Runs_ethan, commit: dd5294e282007801f9a473adb80ef8b8ac122461
[GPU 0] [07:15:16] [INFO] Number of GPUs: 8
[GPU 0] [07:15:17] [INFO] Tokenizer vocabulary: 50257
[GPU 0] [07:15:17] [INFO] Set model vocab size to nearest multiple of 64 of tokenizer size: 50304
[GPU 0] [07:15:32] [INFO] target effective batch size: 641, actual effective batch size: 672, micro batch size: 12, accumulation steps: 7, num gpus: 8
[GPU 0] [07:15:32] [INFO] core total number of tokens: 66749057569
[GPU 0] [07:15:32] [INFO] Baseline model has 806,509,504 parameters
[GPU 0] [07:15:32] [INFO] core: chinchilla optimal tokens: 16,130,190,080, requested proportion: 1.0000, requested number of tokens: 16,130,190,080.0, 
[GPU 0] [07:15:32] [INFO] aux total number of tokens: 4835776549
[GPU 0] [07:15:32] [INFO] Baseline model has 806,509,504 parameters
[GPU 0] [07:15:32] [INFO] aux: chinchilla optimal tokens: 16,130,190,080, requested proportion: 0.0100, requested number of tokens: 161,301,900.8, 
[GPU 0] [07:15:33] [DEBUG] Saved config to /workspace-vast/ethanr/gradient-routing/experiments/AGI-1699-New-Dataset-Runs/results/scaling/realistic/filtering/800M/seed_3/20260515071511521087/config.json
[GPU 0] [07:15:33] [DEBUG] {
    "stages": [
        {
            "name": "filtering",
            "num_checkpoints": -1,
            "lr": 0.0005663534909876918,
            "res_dir": "/workspace-vast/ethanr/gradient-routing/experiments/AGI-1699-New-Dataset-Runs/results/scaling/realistic/filtering/800M/seed_3/20260515071511521087/filtering",
            "acc_mode": "uniform",
            "do_eval": true,
            "do_sample": false,
            "num_train_evals": 0,
            "do_elicit": true,
            "elicit_eval_prc": 0.5,
            "elicit_num_evals": 100,
            "retain_targets": [
                [
                    "core",
                    "papers-nuclear"
                ]
            ],
            "label_prc": 1.0
        }
    ],
    "model": {
        "arch": "base",
        "tokenizer": "GPT2Tokenizer(name_or_path='EleutherAI/gpt-neo-125M', vocab_size=50257, model_max_length=2048, padding_side='right', truncation_side='right', special_tokens={'bos_token': '<|endoftext|>', 'eos_token': '<|endoftext|>', 'unk_token': '<|endoftext|>'}, added_tokens_decoder={\n\t50256: AddedToken(\"<|endoftext|>\", rstrip=False, lstrip=False, single_word=False, normalized=True, special=True),\n}\n)",
        "ctx_len": 1024,
        "vocab_size": 50304,
        "num_layers": 24,
        "num_heads": 8,
        "num_key_value": 2,
        "attn_bias": true,
        "eos_token_id": 50256,
        "embed_dim": 1600,
        "mlp_dim": 6400
    },
    "data": {
        "dirs": [
            "/workspace-vast/ethanr/gradient-routing/experiments/AGI-1699-New-Dataset-Runs/src/data/fineweb",
            "/workspace-vast/ethanr/gradient-routing/experiments/AGI-1699-New-Dataset-Runs/src/data/code",
            "/workspace-vast/ethanr/gradient-routing/experiments/AGI-1699-New-Dataset-Runs/src/data/papers"
        ],
        "core": {
            "labels": [
                "fineweb",
                "code-other",
                "papers-other"
            ],
            "method": "optimal",
            "limit": 1.0,
            "dist": {
                "fineweb": 0.84,
                "code-other": 0.15,
                "papers-other": 0.01
            },
            "num_tok": 16130190080.0
        },
        "aux": {
            "labels": [
                "code-lisp",
                "papers-biology",
                "papers-nuclear",
                "papers-cyber"
            ],
            "method": "optimal",
            "limit": 0.01,
            "dist": {
                "code-lisp": 0.25,
                "papers-biology": 0.25,
                "papers-nuclear": 0.25,
                "papers-cyber": 0.25
            },
            "num_tok": 161301900.8
        }
    },
    "run": {
        "target_effective_batch_size": 641,
        "effective_batch_size": 672,
        "micro_batch_size": 12,
        "accumulation_steps": 7,
        "max_num_test_sequences": 10000,
        "eval_all_labels": false,
        "micro_batch_anchors": [
            [
                400000000.0,
                23
            ],
            [
                5000000000.0,
                2
            ]
        ],
        "epochs": 1,
        "adam_betas": [
            0.9,
            0.95
        ],
        "warmup_prc": 0.02,
        "decay_prc": 0.1,
        "seed": 3,
        "compile": true,
        "is_ddp": true,
        "cleanup_distributed": false,
        "log_level": "DEBUG",
        "num_gpus": 8,
        "process_id": 0,
        "num_base_params": 806509504,
        "device": "cuda",
        "logger": "<Logger training_20260515071511521087 (DEBUG)>",
        "labels": [
            "core",
            "code-lisp",
            "papers-biology",
            "papers-cyber",
            "papers-nuclear"
        ],
        "loaders": {
            "code-lisp": {
                "train": "SingleDataLoader(code-lisp_train_001.bin, len=410)",
                "test": "InterleavedDataLoader(len=105)"
            },
            "code-other": {
                "train": "InterleavedDataLoader(len=24612)",
                "test": "InterleavedDataLoader(len=105)"
            },
            "fineweb": {
                "train": "InterleavedDataLoader(len=137831)",
                "test": "InterleavedDataLoader(len=105)"
            },
            "papers-biology": {
                "train": "SingleDataLoader(papers-biology_train.bin, len=410)",
                "test": "SingleDataLoader(papers-biology_test.bin, len=105)"
            },
            "papers-cyber": {
                "train": "SingleDataLoader(papers-cyber_train.bin, len=410)",
                "test": "SingleDataLoader(papers-cyber_test.bin, len=105)"
            },
            "papers-nuclear": {
                "train": "SingleDataLoader(papers-nuclear_train.bin, len=410)",
                "test": "SingleDataLoader(papers-nuclear_test.bin, len=105)"
            },
            "papers-other": {
                "train": "SingleDataLoader(papers-other_train.bin, len=1640)",
                "test": "SingleDataLoader(papers-other_test.bin, len=105)"
            },
            "core": {
                "train": "InterleavedDataLoader(len=164083)",
                "test": "InterleavedDataLoader(len=315)"
            },
            "aux": {
                "train": "InterleavedDataLoader(len=1640)",
                "test": "InterleavedDataLoader(len=420)"
            },
            "all": {
                "train": "InterleavedDataLoader(len=165723)",
                "test": "InterleavedDataLoader(len=735)"
            }
        },
        "res_root": "/workspace-vast/ethanr/gradient-routing/experiments/AGI-1699-New-Dataset-Runs/results/scaling/realistic/filtering/800M/seed_3",
        "experiment_id": "20260515071511521087",
        "s3_bucket": "ae-gradient-routing-results",
        "s3_prefix": "scaling/realistic/filtering/800M/seed_3"
    },
    "label_prc": 1.0
}
[GPU 0] [07:15:33] [INFO] Loader code-lisp train: 410, test: 105
[GPU 0] [07:15:33] [INFO] Loader code-other train: 24612, test: 105
[GPU 0] [07:15:33] [INFO] Loader fineweb train: 137831, test: 105
[GPU 0] [07:15:33] [INFO] Loader papers-biology train: 410, test: 105
[GPU 0] [07:15:33] [INFO] Loader papers-cyber train: 410, test: 105
[GPU 0] [07:15:33] [INFO] Loader papers-nuclear train: 410, test: 105
[GPU 0] [07:15:33] [INFO] Loader papers-other train: 1640, test: 105
[GPU 0] [07:15:33] [INFO] Loader core train: 164083, test: 315
[GPU 0] [07:15:33] [INFO] Loader aux train: 1640, test: 420
[GPU 0] [07:15:33] [INFO] Loader all train: 165723, test: 735
[GPU 0] [07:15:33] [INFO] Stage [filtering] start: {"name": "filtering", "num_checkpoints": -1, "lr": 0.0005663534909876918, "res_dir": "/workspace-vast/ethanr/gradient-routing/experiments/AGI-1699-New-Dataset-Runs/results/scaling/realistic/filtering/800M/seed_3/20260515071511521087/filtering", "acc_mode": "uniform", "do_eval": true, "do_sample": false, "num_train_evals": 0, "do_elicit": true, "elicit_eval_prc": 0.5, "elicit_num_evals": 100, "retain_targets": [["core", "papers-nuclear"]], "label_prc": 1.0}
[GPU 0] [07:15:33] [INFO] FILTERING START
[GPU 0] [07:15:33] [INFO] Using stage-level retain_targets override (1 targets)
[GPU 0] [07:15:33] [INFO] Filtering: retaining ['core', 'papers-nuclear'], removing ['code-lisp', 'papers-biology', 'papers-cyber']
[GPU 0] [07:15:46] [INFO] Initialized BaseTransformer with 806,509,504 total parameters
[GPU 0] [07:15:46] [INFO] Compiling BaseTransformer with torch.compile...
[GPU 0] [07:15:46] [INFO] torch.compile done
[GPU 0] [07:15:52] [WARNING] restore_partial_state: no checkpoint found at /workspace-vast/ethanr/gradient-routing/experiments/AGI-1699-New-Dataset-Runs/results/scaling/realistic/filtering/800M/seed_3/20260515071511521087/filtering/core_papers-nuclear
[GPU 0] [07:15:52] [INFO] ---- Begin Train | Train Labels: ['core', 'papers-nuclear'] ----
[GPU 0] [07:15:52] [DEBUG] acc_mode: uniform, label_prc: 1.0
[GPU 0] [07:15:52] [INFO] Batch [core] count: 164080
[GPU 0] [07:15:52] [INFO] Batch [papers-nuclear] count: 406
[GPU 0] [07:15:52] [INFO] warmup_steps: 470
[GPU 0] [07:15:52] [INFO] constant_steps: 20678
[GPU 0] [07:15:52] [INFO] decay_steps: 2350
[GPU 0] [07:15:52] [INFO] LR Scheduler: Warmup Start
[GPU 0] [07:16:31] [INFO] Step: 1, LR: 1.21e-06
[GPU 0] [07:16:31] [INFO] Train Loss: CORE: 11.11 CODE-LISP: nan PAPERS-BIOLOGY: nan PAPERS-CYBER: nan PAPERS-NUCLEAR: nan 
[GPU 0] [07:31:15] [INFO] LR Scheduler: Constant Start
[GPU 0] [07:47:49] [INFO] Step: 1000, LR: 5.66e-04
[GPU 0] [07:47:49] [INFO] Train Loss: CORE: 3.71 CODE-LISP: nan PAPERS-BIOLOGY: nan PAPERS-CYBER: nan PAPERS-NUCLEAR: 3.61 
[GPU 0] [08:19:03] [INFO] Step: 2000, LR: 5.66e-04
[GPU 0] [08:19:03] [INFO] Train Loss: CORE: 3.05 CODE-LISP: nan PAPERS-BIOLOGY: nan PAPERS-CYBER: nan PAPERS-NUCLEAR: 3.59 
[GPU 0] [08:50:20] [INFO] Step: 3000, LR: 5.66e-04
[GPU 0] [08:50:20] [INFO] Train Loss: CORE: 2.88 CODE-LISP: nan PAPERS-BIOLOGY: nan PAPERS-CYBER: nan PAPERS-NUCLEAR: 3.59 
[GPU 0] [09:21:34] [INFO] Step: 4000, LR: 5.66e-04
[GPU 0] [09:21:34] [INFO] Train Loss: CORE: 2.78 CODE-LISP: nan PAPERS-BIOLOGY: nan PAPERS-CYBER: nan PAPERS-NUCLEAR: 3.59 
[GPU 0] [09:52:49] [INFO] Step: 5000, LR: 5.66e-04
[GPU 0] [09:52:49] [INFO] Train Loss: CORE: 3.03 CODE-LISP: nan PAPERS-BIOLOGY: nan PAPERS-CYBER: nan PAPERS-NUCLEAR: 3.09 
[GPU 0] [10:24:02] [INFO] Step: 6000, LR: 5.66e-04
[GPU 0] [10:24:02] [INFO] Train Loss: CORE: 2.32 CODE-LISP: nan PAPERS-BIOLOGY: nan PAPERS-CYBER: nan PAPERS-NUCLEAR: 3.08 
[GPU 0] [10:55:18] [INFO] Step: 7000, LR: 5.66e-04
[GPU 0] [10:55:18] [INFO] Train Loss: CORE: 2.50 CODE-LISP: nan PAPERS-BIOLOGY: nan PAPERS-CYBER: nan PAPERS-NUCLEAR: 3.07 
[GPU 0] [11:26:31] [INFO] Step: 8000, LR: 5.66e-04
[GPU 0] [11:26:31] [INFO] Train Loss: CORE: 2.64 CODE-LISP: nan PAPERS-BIOLOGY: nan PAPERS-CYBER: nan PAPERS-NUCLEAR: 2.98 
[GPU 0] [11:57:46] [INFO] Step: 9000, LR: 5.66e-04
[GPU 0] [11:57:46] [INFO] Train Loss: CORE: 2.90 CODE-LISP: nan PAPERS-BIOLOGY: nan PAPERS-CYBER: nan PAPERS-NUCLEAR: 2.98 
[GPU 0] [12:28:59] [INFO] Step: 10000, LR: 5.66e-04
[GPU 0] [12:28:59] [INFO] Train Loss: CORE: 2.19 CODE-LISP: nan PAPERS-BIOLOGY: nan PAPERS-CYBER: nan PAPERS-NUCLEAR: 2.96 
[GPU 0] [13:00:15] [INFO] Step: 11000, LR: 5.66e-04
[GPU 0] [13:00:15] [INFO] Train Loss: CORE: 2.66 CODE-LISP: nan PAPERS-BIOLOGY: nan PAPERS-CYBER: nan PAPERS-NUCLEAR: 2.91 
[GPU 0] [13:31:30] [INFO] Step: 12000, LR: 5.66e-04
[GPU 0] [13:31:30] [INFO] Train Loss: CORE: 2.82 CODE-LISP: nan PAPERS-BIOLOGY: nan PAPERS-CYBER: nan PAPERS-NUCLEAR: 2.91 
[GPU 0] [14:02:43] [INFO] Step: 13000, LR: 5.66e-04
[GPU 0] [14:02:43] [INFO] Train Loss: CORE: 2.13 CODE-LISP: nan PAPERS-BIOLOGY: nan PAPERS-CYBER: nan PAPERS-NUCLEAR: 2.84 
[GPU 0] [14:33:59] [INFO] Step: 14000, LR: 5.66e-04
[GPU 0] [14:33:59] [INFO] Train Loss: CORE: 2.34 CODE-LISP: nan PAPERS-BIOLOGY: nan PAPERS-CYBER: nan PAPERS-NUCLEAR: 2.92 
[GPU 0] [15:05:14] [INFO] Step: 15000, LR: 5.66e-04
[GPU 0] [15:05:14] [INFO] Train Loss: CORE: 2.32 CODE-LISP: nan PAPERS-BIOLOGY: nan PAPERS-CYBER: nan PAPERS-NUCLEAR: 2.89 
[GPU 0] [15:36:27] [INFO] Step: 16000, LR: 5.66e-04
[GPU 0] [15:36:27] [INFO] Train Loss: CORE: 2.60 CODE-LISP: nan PAPERS-BIOLOGY: nan PAPERS-CYBER: nan PAPERS-NUCLEAR: 2.93 
[GPU 0] [16:07:47] [INFO] Step: 17000, LR: 5.66e-04
[GPU 0] [16:07:47] [INFO] Train Loss: CORE: 2.73 CODE-LISP: nan PAPERS-BIOLOGY: nan PAPERS-CYBER: nan PAPERS-NUCLEAR: 2.93 
[GPU 0] [16:39:03] [INFO] Step: 18000, LR: 5.66e-04
[GPU 0] [16:39:03] [INFO] Train Loss: CORE: 2.11 CODE-LISP: nan PAPERS-BIOLOGY: nan PAPERS-CYBER: nan PAPERS-NUCLEAR: 2.83 
[GPU 0] [17:10:19] [INFO] Step: 19000, LR: 5.66e-04
[GPU 0] [17:10:19] [INFO] Train Loss: CORE: 2.54 CODE-LISP: nan PAPERS-BIOLOGY: nan PAPERS-CYBER: nan PAPERS-NUCLEAR: 2.85 
[GPU 0] [17:41:36] [INFO] Step: 20000, LR: 5.66e-04
[GPU 0] [17:41:36] [INFO] Train Loss: CORE: 2.52 CODE-LISP: nan PAPERS-BIOLOGY: nan PAPERS-CYBER: nan PAPERS-NUCLEAR: 2.82 
[GPU 0] [18:12:52] [INFO] Step: 21000, LR: 5.66e-04
[GPU 0] [18:12:52] [INFO] Train Loss: CORE: 2.54 CODE-LISP: nan PAPERS-BIOLOGY: nan PAPERS-CYBER: nan PAPERS-NUCLEAR: 2.88 
[GPU 0] [18:17:29] [INFO] LR Scheduler: Decay Start
[GPU 0] [18:44:05] [INFO] Step: 22000, LR: 3.61e-04
[GPU 0] [18:44:05] [INFO] Train Loss: CORE: 2.26 CODE-LISP: nan PAPERS-BIOLOGY: nan PAPERS-CYBER: nan PAPERS-NUCLEAR: 2.86 
[GPU 0] [19:15:24] [INFO] Step: 23000, LR: 1.20e-04
[GPU 0] [19:15:24] [INFO] Train Loss: CORE: 2.64 CODE-LISP: nan PAPERS-BIOLOGY: nan PAPERS-CYBER: nan PAPERS-NUCLEAR: 2.69 
[GPU 0] [19:31:00] [INFO] Step: 23498, LR: 1.00e-08
[GPU 0] [19:31:00] [INFO] Train Loss: CORE: 2.40 CODE-LISP: nan PAPERS-BIOLOGY: nan PAPERS-CYBER: nan PAPERS-NUCLEAR: 2.76 
[GPU 0] [19:31:36] [INFO] ---- Begin Eval ----
[GPU 0] [19:31:36] [INFO] Data: core | Experts: None
[GPU 0] [19:32:36] [INFO] loss: 1.87767935
[GPU 0] [19:32:36] [INFO] Data: code-lisp | Experts: None
[GPU 0] [19:32:42] [INFO] loss: 1.41971731
[GPU 0] [19:32:42] [INFO] Data: papers-biology | Experts: None
[GPU 0] [19:32:48] [INFO] loss: 2.46160722
[GPU 0] [19:32:48] [INFO] Data: papers-nuclear | Experts: None
[GPU 0] [19:32:55] [INFO] loss: 2.74068069
[GPU 0] [19:32:55] [INFO] Data: papers-cyber | Experts: None
[GPU 0] [19:33:01] [INFO] loss: 2.70093012
[GPU 0] [19:33:28] [INFO] Initialized BaseTransformer with 806,509,504 total parameters
[GPU 0] [19:33:28] [INFO] Compiling BaseTransformer with torch.compile...
[GPU 0] [19:33:28] [INFO] torch.compile done
[GPU 0] [19:33:31] [INFO] FILTERING - ADVERSARIAL FT START
[GPU 0] [19:33:43] [INFO] ---- Begin FT | Experts: None | Data: ['code-lisp'] ----
[GPU 0] [19:33:43] [DEBUG] num_seq: 512, num_rounds: 200, patience: 10
[GPU 0] [19:33:43] [DEBUG] local_x: torch.Size([64, 1024]), local_y: torch.Size([64, 1024]), num_steps: 6, per_gpu: 64, mbs_size: 12
[GPU 0] [19:34:26] [INFO] New best validation loss: 1.6633 @ step 0
[GPU 0] [19:34:40] [INFO] New best validation loss: 1.3670 @ step 1
[GPU 0] [19:34:54] [INFO] New best validation loss: 1.3238 @ step 2
[GPU 0] [19:35:08] [INFO] New best validation loss: 1.2817 @ step 3
[GPU 0] [19:35:22] [INFO] New best validation loss: 1.2373 @ step 4
[GPU 0] [19:35:36] [INFO] New best validation loss: 1.2058 @ step 5
[GPU 0] [19:35:50] [INFO] New best validation loss: 1.1869 @ step 6
[GPU 0] [19:36:04] [INFO] New best validation loss: 1.1733 @ step 7
[GPU 0] [19:36:18] [INFO] New best validation loss: 1.1597 @ step 8
[GPU 0] [19:36:33] [INFO] New best validation loss: 1.1460 @ step 9
[GPU 0] [19:36:47] [INFO] New best validation loss: 1.1329 @ step 10
[GPU 0] [19:37:02] [INFO] New best validation loss: 1.1214 @ step 11
[GPU 0] [19:37:19] [INFO] New best validation loss: 1.1107 @ step 12
[GPU 0] [19:37:36] [INFO] New best validation loss: 1.1009 @ step 13
[GPU 0] [19:37:53] [INFO] New best validation loss: 1.0920 @ step 14
[GPU 0] [19:38:18] [INFO] New best validation loss: 1.0834 @ step 15
[GPU 0] [19:38:35] [INFO] New best validation loss: 1.0756 @ step 16
[GPU 0] [19:38:52] [INFO] New best validation loss: 1.0684 @ step 17
[GPU 0] [19:39:09] [INFO] New best validation loss: 1.0622 @ step 18
[GPU 0] [19:39:23] [INFO] New best validation loss: 1.0568 @ step 19
[GPU 0] [19:39:37] [INFO] New best validation loss: 1.0521 @ step 20
[GPU 0] [19:39:51] [INFO] New best validation loss: 1.0481 @ step 21
[GPU 0] [19:40:05] [INFO] New best validation loss: 1.0450 @ step 22
[GPU 0] [19:40:20] [INFO] New best validation loss: 1.0417 @ step 23
[GPU 0] [19:40:37] [INFO] New best validation loss: 1.0389 @ step 24
[GPU 0] [19:40:54] [INFO] New best validation loss: 1.0365 @ step 25
[GPU 0] [19:41:16] [INFO] New best validation loss: 1.0342 @ step 26
[GPU 0] [19:41:39] [INFO] New best validation loss: 1.0332 @ step 27
[GPU 0] [19:44:17] [INFO] Stop FT @ 39: no val improvement for 10 steps
[GPU 0] [19:44:17] [INFO] Wrote stats.jsonl entries at FT step 27 
[GPU 0] [19:44:33] [INFO] ---- Begin FT | Experts: None | Data: ['papers-biology'] ----
[GPU 0] [19:44:33] [DEBUG] num_seq: 512, num_rounds: 200, patience: 10
[GPU 0] [19:44:33] [DEBUG] local_x: torch.Size([64, 1024]), local_y: torch.Size([64, 1024]), num_steps: 6, per_gpu: 64, mbs_size: 12
[GPU 0] [19:44:47] [INFO] New best validation loss: 2.5413 @ step 0
[GPU 0] [19:45:01] [INFO] New best validation loss: 2.4767 @ step 1
[GPU 0] [19:45:47] [INFO] New best validation loss: 2.4762 @ step 4
[GPU 0] [19:46:01] [INFO] New best validation loss: 2.4755 @ step 5
[GPU 0] [19:49:04] [INFO] Stop FT @ 17: no val improvement for 10 steps
[GPU 0] [19:49:04] [INFO] Wrote stats.jsonl entries at FT step 5 
[GPU 0] [19:49:19] [INFO] ---- Begin FT | Experts: None | Data: ['papers-cyber'] ----
[GPU 0] [19:49:19] [DEBUG] num_seq: 512, num_rounds: 200, patience: 10
[GPU 0] [19:49:19] [DEBUG] local_x: torch.Size([64, 1024]), local_y: torch.Size([64, 1024]), num_steps: 6, per_gpu: 64, mbs_size: 12
[GPU 0] [19:49:38] [INFO] New best validation loss: 2.7798 @ step 0
[GPU 0] [19:49:57] [INFO] New best validation loss: 2.7210 @ step 1
[GPU 0] [19:53:00] [INFO] Stop FT @ 13: no val improvement for 10 steps
[GPU 0] [19:53:00] [INFO] Wrote stats.jsonl entries at FT step 1 
[GPU 0] [19:53:02] [INFO] ----------------------------------------
[GPU 0] [19:53:02] [INFO] Finished. See /workspace-vast/ethanr/gradient-routing/experiments/AGI-1699-New-Dataset-Runs/results/scaling/realistic/filtering/800M/seed_3/20260515071511521087
