[GPU 0] [20:24:37] [INFO] Number of GPUs: 8
[GPU 0] [20:24:38] [INFO] Tokenizer vocabulary: 50257
[GPU 0] [20:24:38] [INFO] Set model vocab size to nearest multiple of 64 of tokenizer size: 50304
[GPU 0] [20:24:41] [INFO] target effective batch size: 1024, actual effective batch size: 1056, micro batch size: 22, accumulation steps: 6, num gpus: 8
[GPU 0] [20:24:41] [INFO] core total number of tokens: 124693822984
[GPU 0] [20:24:41] [INFO] Baseline model has 402,064,768 parameters
[GPU 0] [20:24:41] [INFO] core: chinchilla optimal tokens: 8,041,295,360, requested proportion: 1.0000, requested number of tokens: 8,041,295,360.0, 
[GPU 0] [20:24:41] [INFO] aux total number of tokens: 4835776549
[GPU 0] [20:24:41] [INFO] Baseline model has 402,064,768 parameters
[GPU 0] [20:24:41] [INFO] aux: chinchilla optimal tokens: 8,041,295,360, requested proportion: 0.0100, requested number of tokens: 80,412,953.60000001, 
[GPU 0] [20:24:41] [DEBUG] Saved config to /workspace/gradient-routing/experiments/AGI-1699-New-Dataset-Runs/results/optimize/base/realistic/400M/seed_1/20260420202430458686/config.json
[GPU 0] [20:24:41] [DEBUG] {
    "stages": [
        {
            "name": "baseline",
            "num_checkpoints": -1,
            "lr": 0.0002,
            "res_dir": "/workspace/gradient-routing/experiments/AGI-1699-New-Dataset-Runs/results/optimize/base/realistic/400M/seed_1/20260420202430458686/baseline",
            "do_eval": true,
            "do_sample": false,
            "num_train_evals": 0,
            "do_elicit": false,
            "elicit_eval_prc": 0.5,
            "elicit_num_evals": 100
        }
    ],
    "model": {
        "arch": "base",
        "tokenizer": "GPT2Tokenizer(name_or_path='EleutherAI/gpt-neo-125M', vocab_size=50257, model_max_length=2048, padding_side='right', truncation_side='right', special_tokens={'bos_token': '<|endoftext|>', 'eos_token': '<|endoftext|>', 'unk_token': '<|endoftext|>'}, added_tokens_decoder={\n\t50256: AddedToken(\"<|endoftext|>\", rstrip=False, lstrip=False, single_word=False, normalized=True, special=True),\n}\n)",
        "ctx_len": 1024,
        "vocab_size": 50304,
        "num_layers": 18,
        "num_heads": 8,
        "num_key_value": 2,
        "attn_bias": true,
        "eos_token_id": 50256,
        "embed_dim": 1216,
        "mlp_dim": 4864
    },
    "data": {
        "dirs": [
            "/workspace/gradient-routing/experiments/AGI-1699-New-Dataset-Runs/src/data/fineweb",
            "/workspace/gradient-routing/experiments/AGI-1699-New-Dataset-Runs/src/data/code",
            "/workspace/gradient-routing/experiments/AGI-1699-New-Dataset-Runs/src/data/papers"
        ],
        "core": {
            "labels": [
                "fineweb",
                "code-other",
                "papers-other"
            ],
            "method": "optimal",
            "limit": 1.0,
            "dist": {
                "fineweb": 0.84,
                "code-other": 0.15,
                "papers-other": 0.01
            },
            "num_tok": 8041295360.0
        },
        "aux": {
            "labels": [
                "code-lisp",
                "papers-biology",
                "papers-nuclear",
                "papers-cyber"
            ],
            "method": "optimal",
            "limit": 0.01,
            "dist": {
                "code-lisp": 0.25,
                "papers-biology": 0.25,
                "papers-nuclear": 0.25,
                "papers-cyber": 0.25
            },
            "num_tok": 80412953.60000001
        }
    },
    "run": {
        "target_effective_batch_size": 1024,
        "effective_batch_size": 1056,
        "micro_batch_size": 22,
        "accumulation_steps": 6,
        "max_num_test_sequences": 10000,
        "eval_all_labels": false,
        "micro_batch_anchors": [
            [
                400000000.0,
                23
            ],
            [
                5000000000.0,
                2
            ]
        ],
        "epochs": 1,
        "adam_betas": [
            0.9,
            0.95
        ],
        "warmup_prc": 0.02,
        "decay_prc": 0.1,
        "seed": 1,
        "compile": true,
        "is_ddp": true,
        "optimize_routed": true,
        "cleanup_distributed": false,
        "log_level": "DEBUG",
        "num_gpus": 8,
        "process_id": 0,
        "num_base_params": 402064768,
        "device": "cuda",
        "logger": "<Logger training_20260420202430458686 (DEBUG)>",
        "labels": [
            "core",
            "code-lisp",
            "papers-biology",
            "papers-cyber",
            "papers-nuclear"
        ],
        "loaders": {
            "code-lisp": {
                "train": "SingleDataLoader(code-lisp_train_001.bin, len=111)",
                "test": "InterleavedDataLoader(len=60)"
            },
            "code-other": {
                "train": "InterleavedDataLoader(len=6692)",
                "test": "InterleavedDataLoader(len=60)"
            },
            "fineweb": {
                "train": "InterleavedDataLoader(len=37479)",
                "test": "InterleavedDataLoader(len=60)"
            },
            "papers-biology": {
                "train": "SingleDataLoader(papers-biology_train.bin, len=111)",
                "test": "SingleDataLoader(papers-biology_test.bin, len=60)"
            },
            "papers-cyber": {
                "train": "SingleDataLoader(papers-cyber_train.bin, len=111)",
                "test": "SingleDataLoader(papers-cyber_test.bin, len=60)"
            },
            "papers-nuclear": {
                "train": "SingleDataLoader(papers-nuclear_train.bin, len=111)",
                "test": "SingleDataLoader(papers-nuclear_test.bin, len=60)"
            },
            "papers-other": {
                "train": "SingleDataLoader(papers-other_train.bin, len=446)",
                "test": "SingleDataLoader(papers-other_test.bin, len=60)"
            },
            "core": {
                "train": "InterleavedDataLoader(len=44617)",
                "test": "InterleavedDataLoader(len=180)"
            },
            "aux": {
                "train": "InterleavedDataLoader(len=444)",
                "test": "InterleavedDataLoader(len=240)"
            },
            "all": {
                "train": "InterleavedDataLoader(len=45061)",
                "test": "InterleavedDataLoader(len=420)"
            }
        },
        "res_root": "/workspace/gradient-routing/experiments/AGI-1699-New-Dataset-Runs/results/optimize/base/realistic/400M/seed_1",
        "experiment_id": "20260420202430458686",
        "s3_bucket": "ae-gradient-routing-results",
        "s3_prefix": "optimize/base/realistic/400M/seed_1"
    }
}
[GPU 0] [20:24:41] [INFO] Loader code-lisp train: 111, test: 60
[GPU 0] [20:24:41] [INFO] Loader code-other train: 6692, test: 60
[GPU 0] [20:24:41] [INFO] Loader fineweb train: 37479, test: 60
[GPU 0] [20:24:41] [INFO] Loader papers-biology train: 111, test: 60
[GPU 0] [20:24:41] [INFO] Loader papers-cyber train: 111, test: 60
[GPU 0] [20:24:41] [INFO] Loader papers-nuclear train: 111, test: 60
[GPU 0] [20:24:41] [INFO] Loader papers-other train: 446, test: 60
[GPU 0] [20:24:41] [INFO] Loader core train: 44617, test: 180
[GPU 0] [20:24:41] [INFO] Loader aux train: 444, test: 240
[GPU 0] [20:24:41] [INFO] Loader all train: 45061, test: 420
[GPU 0] [20:24:41] [INFO] Stage [baseline] start: {"name": "baseline", "num_checkpoints": -1, "lr": 0.0002, "res_dir": "/workspace/gradient-routing/experiments/AGI-1699-New-Dataset-Runs/results/optimize/base/realistic/400M/seed_1/20260420202430458686/baseline", "do_eval": true, "do_sample": false, "num_train_evals": 0, "do_elicit": false, "elicit_eval_prc": 0.5, "elicit_num_evals": 100}
[GPU 0] [20:24:41] [INFO] BASELINE START
[GPU 0] [20:24:43] [INFO] Initialized BaseTransformer with 402,064,768 total parameters
[GPU 0] [20:24:43] [INFO] Compiling BaseTransformer with torch.compile...
[GPU 0] [20:24:44] [INFO] torch.compile done
[GPU 0] [20:24:44] [WARNING] restore_partial_state: no checkpoint found at /workspace/gradient-routing/experiments/AGI-1699-New-Dataset-Runs/results/optimize/base/realistic/400M/seed_1/20260420202430458686/baseline
[GPU 0] [20:24:44] [INFO] ---- Begin Train | Data Labels: ['all'] ----
[GPU 0] [20:24:44] [INFO] warmup_steps: 150
[GPU 0] [20:24:44] [INFO] constant_steps: 6609
[GPU 0] [20:24:44] [INFO] decay_steps: 751
[GPU 0] [20:24:44] [INFO] LR Scheduler: Warmup Start
[GPU 0] [20:25:43] [INFO] Step: 1, LR: 1.34e-06
[GPU 0] [20:25:43] [INFO] Train Loss: CORE: 11.06 CODE-LISP: nan PAPERS-BIOLOGY: nan PAPERS-CYBER: nan PAPERS-NUCLEAR: nan 
[GPU 0] [20:28:34] [INFO] LR Scheduler: Constant Start
[GPU 0] [20:44:44] [INFO] Step: 1000, LR: 2.00e-04
[GPU 0] [20:44:44] [INFO] Train Loss: CORE: 2.73 CODE-LISP: 3.80 PAPERS-BIOLOGY: 4.64 PAPERS-CYBER: 4.52 PAPERS-NUCLEAR: 5.15 
[GPU 0] [21:03:47] [INFO] Step: 2000, LR: 2.00e-04
[GPU 0] [21:03:47] [INFO] Train Loss: CORE: 3.50 CODE-LISP: 1.73 PAPERS-BIOLOGY: 3.67 PAPERS-CYBER: 3.84 PAPERS-NUCLEAR: 3.84 
[GPU 0] [21:22:50] [INFO] Step: 3000, LR: 2.00e-04
[GPU 0] [21:22:50] [INFO] Train Loss: CORE: 3.08 CODE-LISP: 1.33 PAPERS-BIOLOGY: 3.35 PAPERS-CYBER: 3.62 PAPERS-NUCLEAR: 3.64 
[GPU 0] [21:41:51] [INFO] Step: 4000, LR: 2.00e-04
[GPU 0] [21:41:51] [INFO] Train Loss: CORE: 2.95 CODE-LISP: 1.33 PAPERS-BIOLOGY: 3.25 PAPERS-CYBER: 3.53 PAPERS-NUCLEAR: 3.57 
[GPU 0] [22:00:54] [INFO] Step: 5000, LR: 2.00e-04
[GPU 0] [22:00:54] [INFO] Train Loss: CORE: 3.13 CODE-LISP: 1.18 PAPERS-BIOLOGY: 3.17 PAPERS-CYBER: 3.40 PAPERS-NUCLEAR: 3.47 
[GPU 0] [22:19:56] [INFO] Step: 6000, LR: 2.00e-04
[GPU 0] [22:19:56] [INFO] Train Loss: CORE: 3.37 CODE-LISP: 1.15 PAPERS-BIOLOGY: 3.07 PAPERS-CYBER: 3.31 PAPERS-NUCLEAR: 3.43 
[GPU 0] [22:34:23] [INFO] LR Scheduler: Decay Start
[GPU 0] [22:38:58] [INFO] Step: 7000, LR: 1.36e-04
[GPU 0] [22:38:58] [INFO] Train Loss: CORE: 2.76 CODE-LISP: 1.13 PAPERS-BIOLOGY: 3.01 PAPERS-CYBER: 3.26 PAPERS-NUCLEAR: 3.32 
[GPU 0] [22:48:40] [INFO] Step: 7510, LR: 1.00e-08
[GPU 0] [22:48:40] [INFO] Train Loss: CORE: 2.80 CODE-LISP: 1.08 PAPERS-BIOLOGY: 2.96 PAPERS-CYBER: 3.20 PAPERS-NUCLEAR: 3.30 
[GPU 0] [22:48:41] [INFO] ---- Begin Eval ----
[GPU 0] [22:48:41] [INFO] Data: core | Experts: None
[GPU 0] [22:49:23] [INFO] loss: 2.30277252
[GPU 0] [22:49:23] [INFO] Data: code-lisp | Experts: None
[GPU 0] [22:49:27] [INFO] loss: 1.14677727
[GPU 0] [22:49:27] [INFO] Data: papers-biology | Experts: None
[GPU 0] [22:49:31] [INFO] loss: 2.95931005
[GPU 0] [22:49:31] [INFO] Data: papers-nuclear | Experts: None
[GPU 0] [22:49:36] [INFO] loss: 3.27617192
[GPU 0] [22:49:36] [INFO] Data: papers-cyber | Experts: None
[GPU 0] [22:49:40] [INFO] loss: 3.20240855
[GPU 0] [22:49:41] [INFO] ----------------------------------------
[GPU 0] [22:49:41] [INFO] Finished. See /workspace/gradient-routing/experiments/AGI-1699-New-Dataset-Runs/results/optimize/base/realistic/400M/seed_1/20260420202430458686
