[GPU 0] [05:34:55] [INFO] Number of GPUs: 8
[GPU 0] [05:34:57] [INFO] Tokenizer vocabulary: 50257
[GPU 0] [05:34:57] [INFO] Set model vocab size to nearest multiple of 64 of tokenizer size: 50304
[GPU 0] [05:34:58] [INFO] target effective batch size: 122, actual effective batch size: 128, micro batch size: 16, accumulation steps: 1, num gpus: 8
[GPU 0] [05:34:58] [INFO] core total number of tokens: 66749057569
[GPU 0] [05:34:58] [INFO] Baseline model has 103,201,984 parameters
[GPU 0] [05:34:58] [INFO] core: chinchilla optimal tokens: 2,064,039,680, requested proportion: 1.0000, requested number of tokens: 2,064,039,680.0, 
[GPU 0] [05:34:58] [INFO] aux total number of tokens: 4835776549
[GPU 0] [05:34:58] [INFO] Baseline model has 103,201,984 parameters
[GPU 0] [05:34:58] [INFO] aux: chinchilla optimal tokens: 2,064,039,680, requested proportion: 0.0100, requested number of tokens: 20,640,396.8, 
[GPU 0] [05:34:58] [DEBUG] Saved config to /workspace/gradient-routing/experiments/AGI-1699-New-Dataset-Runs/results/scaling/realistic/grmoe/100M/seed_1/20260422053451073345/config.json
[GPU 0] [05:34:58] [DEBUG] {
    "stages": [
        {
            "name": "routed",
            "num_checkpoints": -1,
            "lr": 0.0010740633599129793,
            "res_dir": "/workspace/gradient-routing/experiments/AGI-1699-New-Dataset-Runs/results/scaling/realistic/grmoe/100M/seed_1/20260422053451073345/routed",
            "do_eval": true,
            "do_sample": false,
            "num_train_evals": 0,
            "do_elicit": true,
            "elicit_eval_prc": 0.5,
            "elicit_num_evals": 100,
            "model": {
                "arch": "moe",
                "tokenizer": "GPT2Tokenizer(name_or_path='EleutherAI/gpt-neo-125M', vocab_size=50257, model_max_length=2048, padding_side='right', truncation_side='right', special_tokens={'bos_token': '<|endoftext|>', 'eos_token': '<|endoftext|>', 'unk_token': '<|endoftext|>'}, added_tokens_decoder={\n\t50256: AddedToken(\"<|endoftext|>\", rstrip=False, lstrip=False, single_word=False, normalized=True, special=True),\n}\n)",
                "ctx_len": 1024,
                "vocab_size": 50304,
                "num_layers": 9,
                "num_heads": 8,
                "num_key_value": 2,
                "attn_bias": true,
                "eos_token_id": 50256,
                "embed_dim": 640,
                "mlp_dim": 2560,
                "core_param_prc": 1.0,
                "aux_param_prc": 0.1
            },
            "eval_arbsub": false,
            "aux_factor": {
                "code-lisp": 4.0,
                "papers-biology": 3.0,
                "papers-nuclear": 3.0,
                "papers-cyber": 3.0
            },
            "robust_prc": 0.2,
            "aux_route_prc": 0.5,
            "equal_compute": true
        }
    ],
    "model": {
        "arch": "base",
        "tokenizer": "GPT2Tokenizer(name_or_path='EleutherAI/gpt-neo-125M', vocab_size=50257, model_max_length=2048, padding_side='right', truncation_side='right', special_tokens={'bos_token': '<|endoftext|>', 'eos_token': '<|endoftext|>', 'unk_token': '<|endoftext|>'}, added_tokens_decoder={\n\t50256: AddedToken(\"<|endoftext|>\", rstrip=False, lstrip=False, single_word=False, normalized=True, special=True),\n}\n)",
        "ctx_len": 1024,
        "vocab_size": 50304,
        "num_layers": 9,
        "num_heads": 8,
        "num_key_value": 2,
        "attn_bias": true,
        "eos_token_id": 50256,
        "embed_dim": 640,
        "mlp_dim": 2560
    },
    "data": {
        "dirs": [
            "/workspace/gradient-routing/experiments/AGI-1699-New-Dataset-Runs/src/data/fineweb",
            "/workspace/gradient-routing/experiments/AGI-1699-New-Dataset-Runs/src/data/code",
            "/workspace/gradient-routing/experiments/AGI-1699-New-Dataset-Runs/src/data/papers"
        ],
        "core": {
            "labels": [
                "fineweb",
                "code-other",
                "papers-other"
            ],
            "method": "optimal",
            "limit": 1.0,
            "dist": {
                "fineweb": 0.84,
                "code-other": 0.15,
                "papers-other": 0.01
            },
            "num_tok": 2064039680.0
        },
        "aux": {
            "labels": [
                "code-lisp",
                "papers-biology",
                "papers-nuclear",
                "papers-cyber"
            ],
            "method": "optimal",
            "limit": 0.01,
            "dist": {
                "code-lisp": 0.25,
                "papers-biology": 0.25,
                "papers-nuclear": 0.25,
                "papers-cyber": 0.25
            },
            "num_tok": 20640396.8
        }
    },
    "run": {
        "target_effective_batch_size": 122,
        "effective_batch_size": 128,
        "micro_batch_size": 16,
        "accumulation_steps": 1,
        "max_num_test_sequences": 10000,
        "eval_all_labels": false,
        "micro_batch_anchors": [
            [
                400000000.0,
                23
            ],
            [
                5000000000.0,
                2
            ]
        ],
        "epochs": 1,
        "adam_betas": [
            0.9,
            0.95
        ],
        "warmup_prc": 0.02,
        "decay_prc": 0.1,
        "seed": 1,
        "compile": true,
        "is_ddp": true,
        "optimize_routed": true,
        "cleanup_distributed": false,
        "log_level": "DEBUG",
        "num_gpus": 8,
        "process_id": 0,
        "num_base_params": 103201984,
        "device": "cuda",
        "logger": "<Logger training_20260422053451073345 (DEBUG)>",
        "labels": [
            "core",
            "code-lisp",
            "papers-biology",
            "papers-cyber",
            "papers-nuclear"
        ],
        "loaders": {
            "code-lisp": {
                "train": "SingleDataLoader(code-lisp_train_001.bin, len=39)",
                "test": "SingleDataLoader(code-lisp_test_001.bin, len=39)"
            },
            "code-other": {
                "train": "SingleDataLoader(code-other_train_010.bin, len=2362)",
                "test": "SingleDataLoader(code-other_test_010.bin, len=79)"
            },
            "fineweb": {
                "train": "InterleavedDataLoader(len=13227)",
                "test": "InterleavedDataLoader(len=79)"
            },
            "papers-biology": {
                "train": "SingleDataLoader(papers-biology_train.bin, len=39)",
                "test": "SingleDataLoader(papers-biology_test.bin, len=39)"
            },
            "papers-cyber": {
                "train": "SingleDataLoader(papers-cyber_train.bin, len=39)",
                "test": "SingleDataLoader(papers-cyber_test.bin, len=39)"
            },
            "papers-nuclear": {
                "train": "SingleDataLoader(papers-nuclear_train.bin, len=39)",
                "test": "SingleDataLoader(papers-nuclear_test.bin, len=39)"
            },
            "papers-other": {
                "train": "SingleDataLoader(papers-other_train.bin, len=157)",
                "test": "SingleDataLoader(papers-other_test.bin, len=79)"
            },
            "core": {
                "train": "InterleavedDataLoader(len=15746)",
                "test": "InterleavedDataLoader(len=237)"
            },
            "aux": {
                "train": "InterleavedDataLoader(len=156)",
                "test": "InterleavedDataLoader(len=156)"
            },
            "all": {
                "train": "InterleavedDataLoader(len=15902)",
                "test": "InterleavedDataLoader(len=393)"
            }
        },
        "res_root": "/workspace/gradient-routing/experiments/AGI-1699-New-Dataset-Runs/results/scaling/realistic/grmoe/100M/seed_1",
        "experiment_id": "20260422053451073345",
        "s3_bucket": "ae-gradient-routing-results",
        "s3_prefix": "scaling/realistic/grmoe/100M/seed_1"
    }
}
[GPU 0] [05:34:58] [INFO] Loader code-lisp train: 39, test: 39
[GPU 0] [05:34:58] [INFO] Loader code-other train: 2362, test: 79
[GPU 0] [05:34:58] [INFO] Loader fineweb train: 13227, test: 79
[GPU 0] [05:34:58] [INFO] Loader papers-biology train: 39, test: 39
[GPU 0] [05:34:58] [INFO] Loader papers-cyber train: 39, test: 39
[GPU 0] [05:34:58] [INFO] Loader papers-nuclear train: 39, test: 39
[GPU 0] [05:34:58] [INFO] Loader papers-other train: 157, test: 79
[GPU 0] [05:34:58] [INFO] Loader core train: 15746, test: 237
[GPU 0] [05:34:58] [INFO] Loader aux train: 156, test: 156
[GPU 0] [05:34:58] [INFO] Loader all train: 15902, test: 393
[GPU 0] [05:34:58] [INFO] Stage [routed] start: {"name": "routed", "num_checkpoints": -1, "lr": 0.0010740633599129793, "res_dir": "/workspace/gradient-routing/experiments/AGI-1699-New-Dataset-Runs/results/scaling/realistic/grmoe/100M/seed_1/20260422053451073345/routed", "do_eval": true, "do_sample": false, "num_train_evals": 0, "do_elicit": true, "elicit_eval_prc": 0.5, "elicit_num_evals": 100, "model": {"arch": "moe", "tokenizer": "GPT2Tokenizer(name_or_path='EleutherAI/gpt-neo-125M', vocab_size=50257, model_max_length=2048, padding_side='right', truncation_side='right', special_tokens={'bos_token': '<|endoftext|>', 'eos_token': '<|endoftext|>', 'unk_token': '<|endoftext|>'}, added_tokens_decoder={\n\t50256: AddedToken(\"<|endoftext|>\", rstrip=False, lstrip=False, single_word=False, normalized=True, special=True),\n}\n)", "ctx_len": 1024, "vocab_size": 50304, "num_layers": 9, "num_heads": 8, "num_key_value": 2, "attn_bias": true, "eos_token_id": 50256, "embed_dim": 640, "mlp_dim": 2560, "core_param_prc": 1.0, "aux_param_prc": 0.1}, "eval_arbsub": false, "aux_factor": {"code-lisp": 4.0, "papers-biology": 3.0, "papers-nuclear": 3.0, "papers-cyber": 3.0}, "robust_prc": 0.2, "aux_route_prc": 0.5, "equal_compute": true}
[GPU 0] [05:34:58] [INFO] ROUTED START
[GPU 0] [05:34:59] [INFO] Initialized MoETransformer with 115,030,720 total parameters
[GPU 0] [05:34:59] [INFO]   Label 'core' has 29,520,000 parameters
[GPU 0] [05:34:59] [INFO]   Label 'code-lisp' has 2,957,184 parameters
[GPU 0] [05:34:59] [INFO]   Label 'papers-biology' has 2,957,184 parameters
[GPU 0] [05:34:59] [INFO]   Label 'papers-cyber' has 2,957,184 parameters
[GPU 0] [05:34:59] [INFO]   Label 'papers-nuclear' has 2,957,184 parameters
[GPU 0] [05:34:59] [INFO]   Label 'SHARED' has 73,681,984 parameters
[GPU 0] [05:34:59] [INFO] Compiling MoETransformer with torch.compile...
[GPU 0] [05:34:59] [INFO] torch.compile done
[GPU 0] [05:35:00] [WARNING] restore_partial_state: no checkpoint found at /workspace/gradient-routing/experiments/AGI-1699-New-Dataset-Runs/results/scaling/realistic/grmoe/100M/seed_1/20260422053451073345/routed
[GPU 0] [05:35:00] [INFO] ---- Begin Routed Unordered ----
[GPU 0] [05:35:00] [INFO] compute-equal: initial len_base: 12316 & len_ft: 3586
[GPU 0] [05:35:00] [INFO] compute-equal: flop_diff < 0, (-10604461824.0 < 0), must truncate training
[GPU 0] [05:35:00] [INFO] compute-equal: len_base: -51 -> 12265, len_ft: -50 -> 3536
[GPU 0] [05:35:00] [WARNING] utilized_aux > len_all_aux, (500 > 156), must resample aux
[GPU 0] [05:35:00] [INFO] Batch [('core', ('core',), ('core', 'SHARED'))] count: 12265
[GPU 0] [05:35:00] [INFO] Batch [('code-lisp', ('core', 'code-lisp'), ('code-lisp',))] count: 135
[GPU 0] [05:35:00] [INFO] Batch [('code-lisp', ('core', 'code-lisp'), ('core', 'code-lisp', 'SHARED'))] count: 19
[GPU 0] [05:35:00] [INFO] Batch [('core', ('core', 'code-lisp'), ('core', 'code-lisp', 'SHARED'))] count: 934
[GPU 0] [05:35:00] [INFO] Batch [('core', ('core', 'papers-biology'), ('core', 'papers-biology', 'SHARED'))] count: 701
[GPU 0] [05:35:00] [INFO] Batch [('papers-biology', ('core', 'papers-biology'), ('core', 'papers-biology', 'SHARED'))] count: 19
[GPU 0] [05:35:00] [INFO] Batch [('papers-biology', ('core', 'papers-biology'), ('papers-biology',))] count: 96
[GPU 0] [05:35:00] [INFO] Batch [('core', ('core', 'papers-cyber'), ('core', 'papers-cyber', 'SHARED'))] count: 701
[GPU 0] [05:35:00] [INFO] Batch [('papers-cyber', ('core', 'papers-cyber'), ('core', 'papers-cyber', 'SHARED'))] count: 19
[GPU 0] [05:35:00] [INFO] Batch [('papers-cyber', ('core', 'papers-cyber'), ('papers-cyber',))] count: 96
[GPU 0] [05:35:00] [INFO] Batch [('core', ('core', 'papers-nuclear'), ('core', 'papers-nuclear', 'SHARED'))] count: 701
[GPU 0] [05:35:00] [INFO] Batch [('papers-nuclear', ('core', 'papers-nuclear'), ('core', 'papers-nuclear', 'SHARED'))] count: 19
[GPU 0] [05:35:00] [INFO] Batch [('papers-nuclear', ('core', 'papers-nuclear'), ('papers-nuclear',))] count: 96
[GPU 0] [05:35:00] [INFO] 
len_all: 15902, len_all_aux: 156, len_all_core: 15746,
len_base: 12265, len_ft: 3536,
len_core_for_ft: 3036, len_aux_for_ft: 500,
aux_factor: {'code-lisp': 4.0, 'papers-biology': 3.0, 'papers-nuclear': 3.0, 'papers-cyber': 3.0}, robust_prc: 0.2,
aux_route_prc: 0.5, equal_compute: True
[GPU 0] [05:35:00] [INFO] ---- Begin Routed ----
[GPU 0] [05:35:00] [INFO] LR schedule group 0: steps [0, 15801), warmup=316, constant=13905, decay=1580
[GPU 0] [05:35:00] [INFO] LR Scheduler: Group warmup (step 0)
[GPU 0] [05:35:00] [INFO] CUDA memory before training loop:
[GPU 0] [05:35:00] [INFO] |===========================================================================|
[GPU 0] [05:35:00] [INFO] |                  PyTorch CUDA memory summary, device ID 0                 |
[GPU 0] [05:35:00] [INFO] |---------------------------------------------------------------------------|
[GPU 0] [05:35:00] [INFO] |            CUDA OOMs: 0            |        cudaMalloc retries: 0         |
[GPU 0] [05:35:00] [INFO] |===========================================================================|
[GPU 0] [05:35:00] [INFO] |        Metric         | Cur Usage  | Peak Usage | Tot Alloc  | Tot Freed  |
[GPU 0] [05:35:00] [INFO] |---------------------------------------------------------------------------|
[GPU 0] [05:35:00] [INFO] | Allocated memory      | 608085 KiB |   5676 MiB | 233080 GiB | 233079 GiB |
[GPU 0] [05:35:00] [INFO] |       from large pool | 565726 KiB |   5648 MiB | 232828 GiB | 232827 GiB |
[GPU 0] [05:35:00] [INFO] |       from small pool |  42359 KiB |     59 MiB |    252 GiB |    252 GiB |
[GPU 0] [05:35:00] [INFO] |---------------------------------------------------------------------------|
[GPU 0] [05:35:00] [INFO] | Active memory         | 608085 KiB |   5676 MiB | 233080 GiB | 233079 GiB |
[GPU 0] [05:35:00] [INFO] |       from large pool | 565726 KiB |   5648 MiB | 232828 GiB | 232827 GiB |
[GPU 0] [05:35:00] [INFO] |       from small pool |  42359 KiB |     59 MiB |    252 GiB |    252 GiB |
[GPU 0] [05:35:00] [INFO] |---------------------------------------------------------------------------|
[GPU 0] [05:35:00] [INFO] | Requested memory      | 608059 KiB |   5676 MiB | 233079 GiB | 233078 GiB |
[GPU 0] [05:35:00] [INFO] |       from large pool | 565725 KiB |   5648 MiB | 232828 GiB | 232827 GiB |
[GPU 0] [05:35:00] [INFO] |       from small pool |  42334 KiB |     59 MiB |    251 GiB |    251 GiB |
[GPU 0] [05:35:00] [INFO] |---------------------------------------------------------------------------|
[GPU 0] [05:35:00] [INFO] | GPU reserved memory   | 718848 KiB |   6590 MiB |   2611 GiB |   2610 GiB |
[GPU 0] [05:35:00] [INFO] |       from large pool | 675840 KiB |   6560 MiB |   2591 GiB |   2591 GiB |
[GPU 0] [05:35:00] [INFO] |       from small pool |  43008 KiB |     60 MiB |     19 GiB |     19 GiB |
[GPU 0] [05:35:00] [INFO] |---------------------------------------------------------------------------|
[GPU 0] [05:35:00] [INFO] | Non-releasable memory |      0 B   |      0 B   |      0 B   |      0 B   |
[GPU 0] [05:35:00] [INFO] |       from large pool |      0 B   |      0 B   |      0 B   |      0 B   |
[GPU 0] [05:35:00] [INFO] |       from small pool |      0 B   |      0 B   |      0 B   |      0 B   |
[GPU 0] [05:35:00] [INFO] |---------------------------------------------------------------------------|
[GPU 0] [05:35:00] [INFO] | Allocations           |     281    |     813    |   10338 K  |   10338 K  |
[GPU 0] [05:35:00] [INFO] |       from large pool |      42    |     159    |    6038 K  |    6038 K  |
[GPU 0] [05:35:00] [INFO] |       from small pool |     239    |     755    |    4300 K  |    4300 K  |
[GPU 0] [05:35:00] [INFO] |---------------------------------------------------------------------------|
[GPU 0] [05:35:00] [INFO] | Active allocs         |     281    |     813    |   10338 K  |   10338 K  |
[GPU 0] [05:35:00] [INFO] |       from large pool |      42    |     159    |    6038 K  |    6038 K  |
[GPU 0] [05:35:00] [INFO] |       from small pool |     239    |     755    |    4300 K  |    4300 K  |
[GPU 0] [05:35:00] [INFO] |---------------------------------------------------------------------------|
[GPU 0] [05:35:00] [INFO] | GPU reserved segments |       0    |       0    |       0    |       0    |
[GPU 0] [05:35:00] [INFO] |       from large pool |       0    |       0    |       0    |       0    |
[GPU 0] [05:35:00] [INFO] |       from small pool |       0    |       0    |       0    |       0    |
[GPU 0] [05:35:00] [INFO] |---------------------------------------------------------------------------|
[GPU 0] [05:35:00] [INFO] | Non-releasable allocs |       0    |       0    |       0    |       0    |
[GPU 0] [05:35:00] [INFO] |       from large pool |       0    |       0    |       0    |       0    |
[GPU 0] [05:35:00] [INFO] |       from small pool |       0    |       0    |       0    |       0    |
[GPU 0] [05:35:00] [INFO] |---------------------------------------------------------------------------|
[GPU 0] [05:35:00] [INFO] | Oversize allocations  |       0    |       0    |       0    |       0    |
[GPU 0] [05:35:00] [INFO] |---------------------------------------------------------------------------|
[GPU 0] [05:35:00] [INFO] | Oversize GPU segments |       0    |       0    |       0    |       0    |
[GPU 0] [05:35:00] [INFO] |===========================================================================|
[GPU 0] [05:35:00] [INFO] 
[GPU 0] [05:35:00] [INFO] Batch group start, LR: 1.0000e-08, 15801 batches
[GPU 0] [05:35:17] [INFO] CUDA memory after first training step:
[GPU 0] [05:35:17] [INFO] |===========================================================================|
[GPU 0] [05:35:17] [INFO] |                  PyTorch CUDA memory summary, device ID 0                 |
[GPU 0] [05:35:17] [INFO] |---------------------------------------------------------------------------|
[GPU 0] [05:35:17] [INFO] |            CUDA OOMs: 0            |        cudaMalloc retries: 0         |
[GPU 0] [05:35:17] [INFO] |===========================================================================|
[GPU 0] [05:35:17] [INFO] |        Metric         | Cur Usage  | Peak Usage | Tot Alloc  | Tot Freed  |
[GPU 0] [05:35:17] [INFO] |---------------------------------------------------------------------------|
[GPU 0] [05:35:17] [INFO] | Allocated memory      |   2559 MiB |  13379 MiB | 233244 GiB | 233241 GiB |
[GPU 0] [05:35:17] [INFO] |       from large pool |   2482 MiB |  13336 MiB | 232992 GiB | 232989 GiB |
[GPU 0] [05:35:17] [INFO] |       from small pool |     77 MiB |     77 MiB |    252 GiB |    252 GiB |
[GPU 0] [05:35:17] [INFO] |---------------------------------------------------------------------------|
[GPU 0] [05:35:17] [INFO] | Active memory         |   2559 MiB |  13379 MiB | 233244 GiB | 233241 GiB |
[GPU 0] [05:35:17] [INFO] |       from large pool |   2482 MiB |  13336 MiB | 232992 GiB | 232989 GiB |
[GPU 0] [05:35:17] [INFO] |       from small pool |     77 MiB |     77 MiB |    252 GiB |    252 GiB |
[GPU 0] [05:35:17] [INFO] |---------------------------------------------------------------------------|
[GPU 0] [05:35:17] [INFO] | Requested memory      |   2559 MiB |  13379 MiB | 233243 GiB | 233240 GiB |
[GPU 0] [05:35:17] [INFO] |       from large pool |   2482 MiB |  13336 MiB | 232992 GiB | 232989 GiB |
[GPU 0] [05:35:17] [INFO] |       from small pool |     77 MiB |     77 MiB |    251 GiB |    251 GiB |
[GPU 0] [05:35:17] [INFO] |---------------------------------------------------------------------------|
[GPU 0] [05:35:17] [INFO] | GPU reserved memory   |  13478 MiB |  13478 MiB |   2623 GiB |   2610 GiB |
[GPU 0] [05:35:17] [INFO] |       from large pool |  13400 MiB |  13400 MiB |   2604 GiB |   2591 GiB |
[GPU 0] [05:35:17] [INFO] |       from small pool |     78 MiB |     78 MiB |     19 GiB |     19 GiB |
[GPU 0] [05:35:17] [INFO] |---------------------------------------------------------------------------|
[GPU 0] [05:35:17] [INFO] | Non-releasable memory |      0 B   |      0 B   |      0 B   |      0 B   |
[GPU 0] [05:35:17] [INFO] |       from large pool |      0 B   |      0 B   |      0 B   |      0 B   |
[GPU 0] [05:35:17] [INFO] |       from small pool |      0 B   |      0 B   |      0 B   |      0 B   |
[GPU 0] [05:35:17] [INFO] |---------------------------------------------------------------------------|
[GPU 0] [05:35:17] [INFO] | Allocations           |     622    |     813    |   10340 K  |   10339 K  |
[GPU 0] [05:35:17] [INFO] |       from large pool |      83    |     159    |    6038 K  |    6038 K  |
[GPU 0] [05:35:17] [INFO] |       from small pool |     539    |     755    |    4301 K  |    4300 K  |
[GPU 0] [05:35:17] [INFO] |---------------------------------------------------------------------------|
[GPU 0] [05:35:17] [INFO] | Active allocs         |     622    |     813    |   10340 K  |   10339 K  |
[GPU 0] [05:35:17] [INFO] |       from large pool |      83    |     159    |    6038 K  |    6038 K  |
[GPU 0] [05:35:17] [INFO] |       from small pool |     539    |     755    |    4301 K  |    4300 K  |
[GPU 0] [05:35:17] [INFO] |---------------------------------------------------------------------------|
[GPU 0] [05:35:17] [INFO] | GPU reserved segments |       0    |       0    |       0    |       0    |
[GPU 0] [05:35:17] [INFO] |       from large pool |       0    |       0    |       0    |       0    |
[GPU 0] [05:35:17] [INFO] |       from small pool |       0    |       0    |       0    |       0    |
[GPU 0] [05:35:17] [INFO] |---------------------------------------------------------------------------|
[GPU 0] [05:35:17] [INFO] | Non-releasable allocs |       0    |       0    |       0    |       0    |
[GPU 0] [05:35:17] [INFO] |       from large pool |       0    |       0    |       0    |       0    |
[GPU 0] [05:35:17] [INFO] |       from small pool |       0    |       0    |       0    |       0    |
[GPU 0] [05:35:17] [INFO] |---------------------------------------------------------------------------|
[GPU 0] [05:35:17] [INFO] | Oversize allocations  |       0    |       0    |       0    |       0    |
[GPU 0] [05:35:17] [INFO] |---------------------------------------------------------------------------|
[GPU 0] [05:35:17] [INFO] | Oversize GPU segments |       0    |       0    |       0    |       0    |
[GPU 0] [05:35:17] [INFO] |===========================================================================|
[GPU 0] [05:35:17] [INFO] 
[GPU 0] [05:35:17] [INFO] Step: 1, LR: 3.4089e-06
[GPU 0] [05:35:17] [INFO] Train Loss: CORE: 10.94 CODE-LISP: nan PAPERS-BIOLOGY: nan PAPERS-CYBER: nan PAPERS-NUCLEAR: nan 
[GPU 0] [05:35:37] [INFO] LR Scheduler: Group constant (step 316)
[GPU 0] [05:36:18] [INFO] Step: 1000, LR: 1.0741e-03
[GPU 0] [05:36:18] [INFO] Train Loss: CORE: 4.08 CODE-LISP: 5.05 PAPERS-BIOLOGY: 5.59 PAPERS-CYBER: 5.03 PAPERS-NUCLEAR: 5.90 
[GPU 0] [05:37:17] [INFO] Step: 2000, LR: 1.0741e-03
[GPU 0] [05:37:17] [INFO] Train Loss: CORE: 3.62 CODE-LISP: 3.89 PAPERS-BIOLOGY: 4.48 PAPERS-CYBER: 4.57 PAPERS-NUCLEAR: 4.95 
[GPU 0] [05:38:17] [INFO] Step: 3000, LR: 1.0741e-03
[GPU 0] [05:38:17] [INFO] Train Loss: CORE: 3.32 CODE-LISP: 3.51 PAPERS-BIOLOGY: 4.34 PAPERS-CYBER: 4.41 PAPERS-NUCLEAR: 4.80 
[GPU 0] [05:39:16] [INFO] Step: 4000, LR: 1.0741e-03
[GPU 0] [05:39:16] [INFO] Train Loss: CORE: 3.43 CODE-LISP: 3.04 PAPERS-BIOLOGY: 4.06 PAPERS-CYBER: 4.33 PAPERS-NUCLEAR: 4.71 
[GPU 0] [05:40:16] [INFO] Step: 5000, LR: 1.0741e-03
[GPU 0] [05:40:16] [INFO] Train Loss: CORE: 3.39 CODE-LISP: 2.55 PAPERS-BIOLOGY: 3.95 PAPERS-CYBER: 4.23 PAPERS-NUCLEAR: 4.53 
[GPU 0] [05:41:15] [INFO] Step: 6000, LR: 1.0741e-03
[GPU 0] [05:41:15] [INFO] Train Loss: CORE: 3.33 CODE-LISP: 2.38 PAPERS-BIOLOGY: 3.88 PAPERS-CYBER: 4.17 PAPERS-NUCLEAR: 4.39 
[GPU 0] [05:42:15] [INFO] Step: 7000, LR: 1.0741e-03
[GPU 0] [05:42:15] [INFO] Train Loss: CORE: 3.19 CODE-LISP: 2.19 PAPERS-BIOLOGY: 3.81 PAPERS-CYBER: 4.09 PAPERS-NUCLEAR: 4.33 
[GPU 0] [05:43:16] [INFO] Step: 8000, LR: 1.0741e-03
[GPU 0] [05:43:16] [INFO] Train Loss: CORE: 3.24 CODE-LISP: 2.10 PAPERS-BIOLOGY: 3.74 PAPERS-CYBER: 4.05 PAPERS-NUCLEAR: 4.28 
[GPU 0] [05:44:16] [INFO] Step: 9000, LR: 1.0741e-03
[GPU 0] [05:44:16] [INFO] Train Loss: CORE: 3.10 CODE-LISP: 2.02 PAPERS-BIOLOGY: 3.67 PAPERS-CYBER: 4.00 PAPERS-NUCLEAR: 4.23 
[GPU 0] [05:45:15] [INFO] Step: 10000, LR: 1.0741e-03
[GPU 0] [05:45:15] [INFO] Train Loss: CORE: 3.16 CODE-LISP: 1.87 PAPERS-BIOLOGY: 3.62 PAPERS-CYBER: 3.93 PAPERS-NUCLEAR: 4.16 
[GPU 0] [05:46:15] [INFO] Step: 11000, LR: 1.0741e-03
[GPU 0] [05:46:15] [INFO] Train Loss: CORE: 3.20 CODE-LISP: 1.58 PAPERS-BIOLOGY: 3.58 PAPERS-CYBER: 3.88 PAPERS-NUCLEAR: 4.12 
[GPU 0] [05:47:14] [INFO] Step: 12000, LR: 1.0741e-03
[GPU 0] [05:47:14] [INFO] Train Loss: CORE: 3.03 CODE-LISP: 1.48 PAPERS-BIOLOGY: 3.56 PAPERS-CYBER: 3.83 PAPERS-NUCLEAR: 4.06 
[GPU 0] [05:48:14] [INFO] Step: 13000, LR: 1.0741e-03
[GPU 0] [05:48:14] [INFO] Train Loss: CORE: 2.80 CODE-LISP: 1.42 PAPERS-BIOLOGY: 3.54 PAPERS-CYBER: 3.81 PAPERS-NUCLEAR: 4.03 
[GPU 0] [05:49:13] [INFO] Step: 14000, LR: 1.0741e-03
[GPU 0] [05:49:13] [INFO] Train Loss: CORE: 3.05 CODE-LISP: 1.37 PAPERS-BIOLOGY: 3.52 PAPERS-CYBER: 3.79 PAPERS-NUCLEAR: 3.96 
[GPU 0] [05:49:27] [INFO] LR Scheduler: Group decay (step 14221)
[GPU 0] [05:50:13] [INFO] Step: 15000, LR: 5.4451e-04
[GPU 0] [05:50:13] [INFO] Train Loss: CORE: 3.10 CODE-LISP: 1.32 PAPERS-BIOLOGY: 3.38 PAPERS-CYBER: 3.67 PAPERS-NUCLEAR: 3.84 
[GPU 0] [05:51:01] [INFO] Step: 15801, LR: 1.0000e-08
[GPU 0] [05:51:01] [INFO] Train Loss: CORE: 2.97 CODE-LISP: 1.30 PAPERS-BIOLOGY: 3.32 PAPERS-CYBER: 3.60 PAPERS-NUCLEAR: 3.75 
[GPU 0] [05:51:17] [INFO] ---- Begin Eval ----
[GPU 0] [05:51:17] [INFO] Data: core | Experts: ['core']
[GPU 0] [05:51:32] [INFO] loss: 2.42066550
[GPU 0] [05:51:32] [INFO] Data: code-lisp | Experts: ['core']
[GPU 0] [05:51:33] [INFO] loss: 1.74055994
[GPU 0] [05:51:33] [INFO] Data: papers-biology | Experts: ['core']
[GPU 0] [05:51:34] [INFO] loss: 3.10406637
[GPU 0] [05:51:34] [INFO] Data: papers-nuclear | Experts: ['core']
[GPU 0] [05:51:34] [INFO] loss: 3.42898655
[GPU 0] [05:51:34] [INFO] Data: papers-cyber | Experts: ['core']
[GPU 0] [05:51:35] [INFO] loss: 3.36748815
[GPU 0] [05:51:35] [INFO] ---- Begin Eval ----
[GPU 0] [05:51:35] [INFO] Data: core | Experts: ['code-lisp', 'core']
[GPU 0] [05:51:42] [INFO] loss: 2.42478418
[GPU 0] [05:51:42] [INFO] Data: code-lisp | Experts: ['code-lisp', 'core']
[GPU 0] [05:51:43] [INFO] loss: 1.26643884
[GPU 0] [05:51:43] [INFO] Data: papers-biology | Experts: ['code-lisp', 'core']
[GPU 0] [05:51:44] [INFO] loss: 3.10712123
[GPU 0] [05:51:44] [INFO] Data: papers-nuclear | Experts: ['code-lisp', 'core']
[GPU 0] [05:51:45] [INFO] loss: 3.43279243
[GPU 0] [05:51:45] [INFO] Data: papers-cyber | Experts: ['code-lisp', 'core']
[GPU 0] [05:51:46] [INFO] loss: 3.37129402
[GPU 0] [05:51:46] [INFO] ---- Begin Eval ----
[GPU 0] [05:51:46] [INFO] Data: core | Experts: ['core', 'papers-biology']
[GPU 0] [05:51:52] [INFO] loss: 2.42276716
[GPU 0] [05:51:52] [INFO] Data: code-lisp | Experts: ['core', 'papers-biology']
[GPU 0] [05:51:53] [INFO] loss: 1.73800576
[GPU 0] [05:51:53] [INFO] Data: papers-biology | Experts: ['core', 'papers-biology']
[GPU 0] [05:51:54] [INFO] loss: 3.03841162
[GPU 0] [05:51:54] [INFO] Data: papers-nuclear | Experts: ['core', 'papers-biology']
[GPU 0] [05:51:55] [INFO] loss: 3.42648244
[GPU 0] [05:51:55] [INFO] Data: papers-cyber | Experts: ['core', 'papers-biology']
[GPU 0] [05:51:56] [INFO] loss: 3.36924076
[GPU 0] [05:51:56] [INFO] ---- Begin Eval ----
[GPU 0] [05:51:56] [INFO] Data: core | Experts: ['core', 'papers-nuclear']
[GPU 0] [05:52:02] [INFO] loss: 2.42223334
[GPU 0] [05:52:02] [INFO] Data: code-lisp | Experts: ['core', 'papers-nuclear']
[GPU 0] [05:52:03] [INFO] loss: 1.73695433
[GPU 0] [05:52:03] [INFO] Data: papers-biology | Experts: ['core', 'papers-nuclear']
[GPU 0] [05:52:04] [INFO] loss: 3.10146236
[GPU 0] [05:52:04] [INFO] Data: papers-nuclear | Experts: ['core', 'papers-nuclear']
[GPU 0] [05:52:05] [INFO] loss: 3.36503410
[GPU 0] [05:52:05] [INFO] Data: papers-cyber | Experts: ['core', 'papers-nuclear']
[GPU 0] [05:52:06] [INFO] loss: 3.36663651
[GPU 0] [05:52:06] [INFO] ---- Begin Eval ----
[GPU 0] [05:52:06] [INFO] Data: core | Experts: ['core', 'papers-cyber']
[GPU 0] [05:52:12] [INFO] loss: 2.41788411
[GPU 0] [05:52:12] [INFO] Data: code-lisp | Experts: ['core', 'papers-cyber']
[GPU 0] [05:52:13] [INFO] loss: 1.73785555
[GPU 0] [05:52:13] [INFO] Data: papers-biology | Experts: ['core', 'papers-cyber']
[GPU 0] [05:52:14] [INFO] loss: 3.10201335
[GPU 0] [05:52:14] [INFO] Data: papers-nuclear | Experts: ['core', 'papers-cyber']
[GPU 0] [05:52:15] [INFO] loss: 3.42598176
[GPU 0] [05:52:15] [INFO] Data: papers-cyber | Experts: ['core', 'papers-cyber']
[GPU 0] [05:52:16] [INFO] loss: 3.32712340
[GPU 0] [05:52:17] [INFO] ROUTED - ADVERSARIAL FT START
[GPU 0] [05:52:18] [INFO] ---- Begin FT | Experts: ['core'] | Data: ['code-lisp'] ----
[GPU 0] [05:52:18] [DEBUG] num_seq: 512, num_rounds: 200, patience: 10
[GPU 0] [05:52:18] [DEBUG] local_x: torch.Size([64, 1024]), local_y: torch.Size([64, 1024]), num_steps: 4, per_gpu: 64, mbs_size: 16
[GPU 0] [05:52:22] [INFO] New best validation loss: 1.6208 @ step 0
[GPU 0] [05:52:25] [INFO] New best validation loss: 1.5386 @ step 1
[GPU 0] [05:52:28] [INFO] New best validation loss: 1.5044 @ step 2
[GPU 0] [05:52:31] [INFO] New best validation loss: 1.4783 @ step 3
[GPU 0] [05:52:35] [INFO] New best validation loss: 1.4499 @ step 4
[GPU 0] [05:52:38] [INFO] New best validation loss: 1.4275 @ step 5
[GPU 0] [05:52:42] [INFO] New best validation loss: 1.4077 @ step 6
[GPU 0] [05:52:45] [INFO] New best validation loss: 1.3874 @ step 7
[GPU 0] [05:52:48] [INFO] New best validation loss: 1.3682 @ step 8
[GPU 0] [05:52:52] [INFO] New best validation loss: 1.3527 @ step 9
[GPU 0] [05:52:55] [INFO] New best validation loss: 1.3407 @ step 10
[GPU 0] [05:52:59] [INFO] New best validation loss: 1.3307 @ step 11
[GPU 0] [05:53:02] [INFO] New best validation loss: 1.3212 @ step 12
[GPU 0] [05:53:06] [INFO] New best validation loss: 1.3128 @ step 13
[GPU 0] [05:53:09] [INFO] New best validation loss: 1.3051 @ step 14
[GPU 0] [05:53:13] [INFO] New best validation loss: 1.2978 @ step 15
[GPU 0] [05:53:16] [INFO] New best validation loss: 1.2904 @ step 16
[GPU 0] [05:53:20] [INFO] New best validation loss: 1.2833 @ step 17
[GPU 0] [05:53:23] [INFO] New best validation loss: 1.2766 @ step 18
[GPU 0] [05:53:27] [INFO] New best validation loss: 1.2712 @ step 19
[GPU 0] [05:53:30] [INFO] New best validation loss: 1.2663 @ step 20
[GPU 0] [05:53:33] [INFO] New best validation loss: 1.2616 @ step 21
[GPU 0] [05:53:37] [INFO] New best validation loss: 1.2578 @ step 22
[GPU 0] [05:53:40] [INFO] New best validation loss: 1.2536 @ step 23
[GPU 0] [05:53:44] [INFO] New best validation loss: 1.2503 @ step 24
[GPU 0] [05:53:48] [INFO] New best validation loss: 1.2466 @ step 25
[GPU 0] [05:53:51] [INFO] New best validation loss: 1.2431 @ step 26
[GPU 0] [05:53:55] [INFO] New best validation loss: 1.2393 @ step 27
[GPU 0] [05:53:58] [INFO] New best validation loss: 1.2362 @ step 28
[GPU 0] [05:54:02] [INFO] New best validation loss: 1.2332 @ step 29
[GPU 0] [05:54:05] [INFO] New best validation loss: 1.2309 @ step 30
[GPU 0] [05:54:09] [INFO] New best validation loss: 1.2287 @ step 31
[GPU 0] [05:54:12] [INFO] New best validation loss: 1.2264 @ step 32
[GPU 0] [05:54:16] [INFO] New best validation loss: 1.2241 @ step 33
[GPU 0] [05:54:19] [INFO] New best validation loss: 1.2220 @ step 34
[GPU 0] [05:54:23] [INFO] New best validation loss: 1.2201 @ step 35
[GPU 0] [05:54:27] [INFO] New best validation loss: 1.2182 @ step 36
[GPU 0] [05:54:30] [INFO] New best validation loss: 1.2170 @ step 37
[GPU 0] [05:54:33] [INFO] New best validation loss: 1.2161 @ step 38
[GPU 0] [05:54:37] [INFO] New best validation loss: 1.2156 @ step 39
[GPU 0] [05:54:41] [INFO] New best validation loss: 1.2150 @ step 40
[GPU 0] [05:54:44] [INFO] New best validation loss: 1.2139 @ step 41
[GPU 0] [05:54:48] [INFO] New best validation loss: 1.2129 @ step 42
[GPU 0] [05:54:51] [INFO] New best validation loss: 1.2122 @ step 43
[GPU 0] [05:54:55] [INFO] New best validation loss: 1.2116 @ step 44
[GPU 0] [05:55:13] [INFO] New best validation loss: 1.2114 @ step 49
[GPU 0] [05:55:51] [INFO] Stop FT @ 61: no val improvement for 10 steps
[GPU 0] [05:55:51] [INFO] Wrote stats.jsonl entries at FT step 49 
[GPU 0] [05:55:52] [INFO] ---- Begin FT | Experts: ['core'] | Data: ['papers-biology'] ----
[GPU 0] [05:55:52] [DEBUG] num_seq: 512, num_rounds: 200, patience: 10
[GPU 0] [05:55:52] [DEBUG] local_x: torch.Size([64, 1024]), local_y: torch.Size([64, 1024]), num_steps: 4, per_gpu: 64, mbs_size: 16
[GPU 0] [05:55:56] [INFO] New best validation loss: 3.1058 @ step 0
[GPU 0] [05:55:59] [INFO] New best validation loss: 3.0714 @ step 1
[GPU 0] [05:56:03] [INFO] New best validation loss: 3.0600 @ step 2
[GPU 0] [05:56:06] [INFO] New best validation loss: 3.0536 @ step 3
[GPU 0] [05:56:10] [INFO] New best validation loss: 3.0484 @ step 4
[GPU 0] [05:56:13] [INFO] New best validation loss: 3.0433 @ step 5
[GPU 0] [05:56:16] [INFO] New best validation loss: 3.0399 @ step 6
[GPU 0] [05:56:20] [INFO] New best validation loss: 3.0376 @ step 7
[GPU 0] [05:56:23] [INFO] New best validation loss: 3.0353 @ step 8
[GPU 0] [05:56:26] [INFO] New best validation loss: 3.0344 @ step 9
[GPU 0] [05:56:30] [INFO] New best validation loss: 3.0338 @ step 10
[GPU 0] [05:57:08] [INFO] Stop FT @ 22: no val improvement for 10 steps
[GPU 0] [05:57:08] [INFO] Wrote stats.jsonl entries at FT step 10 
[GPU 0] [05:57:08] [INFO] ---- Begin FT | Experts: ['core'] | Data: ['papers-cyber'] ----
[GPU 0] [05:57:08] [DEBUG] num_seq: 512, num_rounds: 200, patience: 10
[GPU 0] [05:57:08] [DEBUG] local_x: torch.Size([64, 1024]), local_y: torch.Size([64, 1024]), num_steps: 4, per_gpu: 64, mbs_size: 16
[GPU 0] [05:57:12] [INFO] New best validation loss: 3.3713 @ step 0
[GPU 0] [05:57:16] [INFO] New best validation loss: 3.3455 @ step 1
[GPU 0] [05:57:19] [INFO] New best validation loss: 3.3367 @ step 2
[GPU 0] [05:57:23] [INFO] New best validation loss: 3.3293 @ step 3
[GPU 0] [05:57:26] [INFO] New best validation loss: 3.3242 @ step 4
[GPU 0] [05:57:30] [INFO] New best validation loss: 3.3199 @ step 5
[GPU 0] [05:57:33] [INFO] New best validation loss: 3.3164 @ step 6
[GPU 0] [05:57:37] [INFO] New best validation loss: 3.3152 @ step 7
[GPU 0] [05:58:15] [INFO] Stop FT @ 19: no val improvement for 10 steps
[GPU 0] [05:58:15] [INFO] Wrote stats.jsonl entries at FT step 7 
[GPU 0] [05:58:16] [INFO] ---- Begin FT | Experts: ['core'] | Data: ['papers-nuclear'] ----
[GPU 0] [05:58:16] [DEBUG] num_seq: 512, num_rounds: 200, patience: 10
[GPU 0] [05:58:16] [DEBUG] local_x: torch.Size([64, 1024]), local_y: torch.Size([64, 1024]), num_steps: 4, per_gpu: 64, mbs_size: 16
[GPU 0] [05:58:20] [INFO] New best validation loss: 3.4323 @ step 0
[GPU 0] [05:58:23] [INFO] New best validation loss: 3.3947 @ step 1
[GPU 0] [05:58:27] [INFO] New best validation loss: 3.3854 @ step 2
[GPU 0] [05:58:30] [INFO] New best validation loss: 3.3802 @ step 3
[GPU 0] [05:58:33] [INFO] New best validation loss: 3.3729 @ step 4
[GPU 0] [05:58:37] [INFO] New best validation loss: 3.3665 @ step 5
[GPU 0] [05:58:40] [INFO] New best validation loss: 3.3612 @ step 6
[GPU 0] [05:58:44] [INFO] New best validation loss: 3.3575 @ step 7
[GPU 0] [05:58:48] [INFO] New best validation loss: 3.3554 @ step 8
[GPU 0] [05:58:51] [INFO] New best validation loss: 3.3549 @ step 9
[GPU 0] [05:59:29] [INFO] Stop FT @ 21: no val improvement for 10 steps
[GPU 0] [05:59:29] [INFO] Wrote stats.jsonl entries at FT step 9 
[GPU 0] [05:59:30] [INFO] ROUTED - ADVERSARIAL FT START
[GPU 0] [05:59:30] [INFO] ---- Begin FT | Experts: ['code-lisp', 'core'] | Data: ['papers-biology'] ----
[GPU 0] [05:59:30] [DEBUG] num_seq: 512, num_rounds: 200, patience: 10
[GPU 0] [05:59:30] [DEBUG] local_x: torch.Size([64, 1024]), local_y: torch.Size([64, 1024]), num_steps: 4, per_gpu: 64, mbs_size: 16
[GPU 0] [05:59:34] [INFO] New best validation loss: 3.1162 @ step 0
[GPU 0] [05:59:38] [INFO] New best validation loss: 3.0765 @ step 1
[GPU 0] [05:59:41] [INFO] New best validation loss: 3.0657 @ step 2
[GPU 0] [05:59:45] [INFO] New best validation loss: 3.0568 @ step 3
[GPU 0] [05:59:49] [INFO] New best validation loss: 3.0521 @ step 4
[GPU 0] [05:59:53] [INFO] New best validation loss: 3.0476 @ step 5
[GPU 0] [05:59:56] [INFO] New best validation loss: 3.0430 @ step 6
[GPU 0] [06:00:00] [INFO] New best validation loss: 3.0397 @ step 7
[GPU 0] [06:00:07] [INFO] New best validation loss: 3.0376 @ step 8
[GPU 0] [06:00:12] [INFO] New best validation loss: 3.0364 @ step 9
[GPU 0] [06:00:17] [INFO] New best validation loss: 3.0357 @ step 10
[GPU 0] [06:00:20] [INFO] New best validation loss: 3.0352 @ step 11
[GPU 0] [06:01:00] [INFO] Stop FT @ 23: no val improvement for 10 steps
[GPU 0] [06:01:00] [INFO] Wrote stats.jsonl entries at FT step 11 
[GPU 0] [06:01:01] [INFO] ---- Begin FT | Experts: ['code-lisp', 'core'] | Data: ['papers-cyber'] ----
[GPU 0] [06:01:01] [DEBUG] num_seq: 512, num_rounds: 200, patience: 10
[GPU 0] [06:01:01] [DEBUG] local_x: torch.Size([64, 1024]), local_y: torch.Size([64, 1024]), num_steps: 4, per_gpu: 64, mbs_size: 16
[GPU 0] [06:01:04] [INFO] New best validation loss: 3.3778 @ step 0
[GPU 0] [06:01:08] [INFO] New best validation loss: 3.3486 @ step 1
[GPU 0] [06:01:11] [INFO] New best validation loss: 3.3398 @ step 2
[GPU 0] [06:01:14] [INFO] New best validation loss: 3.3318 @ step 3
[GPU 0] [06:01:18] [INFO] New best validation loss: 3.3268 @ step 4
[GPU 0] [06:01:22] [INFO] New best validation loss: 3.3221 @ step 5
[GPU 0] [06:01:26] [INFO] New best validation loss: 3.3186 @ step 6
[GPU 0] [06:01:29] [INFO] New best validation loss: 3.3173 @ step 7
[GPU 0] [06:02:08] [INFO] Stop FT @ 19: no val improvement for 10 steps
[GPU 0] [06:02:08] [INFO] Wrote stats.jsonl entries at FT step 7 
[GPU 0] [06:02:08] [INFO] ---- Begin FT | Experts: ['code-lisp', 'core'] | Data: ['papers-nuclear'] ----
[GPU 0] [06:02:08] [DEBUG] num_seq: 512, num_rounds: 200, patience: 10
[GPU 0] [06:02:08] [DEBUG] local_x: torch.Size([64, 1024]), local_y: torch.Size([64, 1024]), num_steps: 4, per_gpu: 64, mbs_size: 16
[GPU 0] [06:02:12] [INFO] New best validation loss: 3.4342 @ step 0
[GPU 0] [06:02:16] [INFO] New best validation loss: 3.3968 @ step 1
[GPU 0] [06:02:20] [INFO] New best validation loss: 3.3879 @ step 2
[GPU 0] [06:02:23] [INFO] New best validation loss: 3.3818 @ step 3
[GPU 0] [06:02:27] [INFO] New best validation loss: 3.3744 @ step 4
[GPU 0] [06:02:30] [INFO] New best validation loss: 3.3680 @ step 5
[GPU 0] [06:02:34] [INFO] New best validation loss: 3.3631 @ step 6
[GPU 0] [06:02:38] [INFO] New best validation loss: 3.3596 @ step 7
[GPU 0] [06:02:41] [INFO] New best validation loss: 3.3576 @ step 8
[GPU 0] [06:02:45] [INFO] New best validation loss: 3.3568 @ step 9
[GPU 0] [06:03:25] [INFO] Stop FT @ 21: no val improvement for 10 steps
[GPU 0] [06:03:25] [INFO] Wrote stats.jsonl entries at FT step 9 
[GPU 0] [06:03:25] [INFO] ROUTED - ADVERSARIAL FT START
[GPU 0] [06:03:26] [INFO] ---- Begin FT | Experts: ['core', 'papers-biology'] | Data: ['code-lisp'] ----
[GPU 0] [06:03:26] [DEBUG] num_seq: 512, num_rounds: 200, patience: 10
[GPU 0] [06:03:26] [DEBUG] local_x: torch.Size([64, 1024]), local_y: torch.Size([64, 1024]), num_steps: 4, per_gpu: 64, mbs_size: 16
[GPU 0] [06:03:30] [INFO] New best validation loss: 1.6170 @ step 0
[GPU 0] [06:03:34] [INFO] New best validation loss: 1.5357 @ step 1
[GPU 0] [06:03:37] [INFO] New best validation loss: 1.5039 @ step 2
[GPU 0] [06:03:41] [INFO] New best validation loss: 1.4745 @ step 3
[GPU 0] [06:03:45] [INFO] New best validation loss: 1.4461 @ step 4
[GPU 0] [06:03:48] [INFO] New best validation loss: 1.4242 @ step 5
[GPU 0] [06:03:52] [INFO] New best validation loss: 1.4034 @ step 6
[GPU 0] [06:03:56] [INFO] New best validation loss: 1.3820 @ step 7
[GPU 0] [06:03:59] [INFO] New best validation loss: 1.3634 @ step 8
[GPU 0] [06:04:03] [INFO] New best validation loss: 1.3488 @ step 9
[GPU 0] [06:04:07] [INFO] New best validation loss: 1.3376 @ step 10
[GPU 0] [06:04:10] [INFO] New best validation loss: 1.3269 @ step 11
[GPU 0] [06:04:14] [INFO] New best validation loss: 1.3177 @ step 12
[GPU 0] [06:04:18] [INFO] New best validation loss: 1.3091 @ step 13
[GPU 0] [06:04:22] [INFO] New best validation loss: 1.3015 @ step 14
[GPU 0] [06:04:26] [INFO] New best validation loss: 1.2936 @ step 15
[GPU 0] [06:04:29] [INFO] New best validation loss: 1.2863 @ step 16
[GPU 0] [06:04:33] [INFO] New best validation loss: 1.2794 @ step 17
[GPU 0] [06:04:36] [INFO] New best validation loss: 1.2733 @ step 18
[GPU 0] [06:04:40] [INFO] New best validation loss: 1.2679 @ step 19
[GPU 0] [06:04:43] [INFO] New best validation loss: 1.2633 @ step 20
[GPU 0] [06:04:47] [INFO] New best validation loss: 1.2587 @ step 21
[GPU 0] [06:04:50] [INFO] New best validation loss: 1.2545 @ step 22
[GPU 0] [06:04:54] [INFO] New best validation loss: 1.2508 @ step 23
[GPU 0] [06:04:57] [INFO] New best validation loss: 1.2473 @ step 24
[GPU 0] [06:05:01] [INFO] New best validation loss: 1.2437 @ step 25
[GPU 0] [06:05:05] [INFO] New best validation loss: 1.2398 @ step 26
[GPU 0] [06:05:09] [INFO] New best validation loss: 1.2366 @ step 27
[GPU 0] [06:05:13] [INFO] New best validation loss: 1.2334 @ step 28
[GPU 0] [06:05:16] [INFO] New best validation loss: 1.2308 @ step 29
[GPU 0] [06:05:20] [INFO] New best validation loss: 1.2284 @ step 30
[GPU 0] [06:05:23] [INFO] New best validation loss: 1.2258 @ step 31
[GPU 0] [06:05:27] [INFO] New best validation loss: 1.2237 @ step 32
[GPU 0] [06:05:31] [INFO] New best validation loss: 1.2216 @ step 33
[GPU 0] [06:05:34] [INFO] New best validation loss: 1.2191 @ step 34
[GPU 0] [06:05:38] [INFO] New best validation loss: 1.2173 @ step 35
[GPU 0] [06:05:42] [INFO] New best validation loss: 1.2159 @ step 36
[GPU 0] [06:05:45] [INFO] New best validation loss: 1.2153 @ step 37
[GPU 0] [06:05:49] [INFO] New best validation loss: 1.2145 @ step 38
[GPU 0] [06:05:53] [INFO] New best validation loss: 1.2136 @ step 39
[GPU 0] [06:05:57] [INFO] New best validation loss: 1.2125 @ step 40
[GPU 0] [06:06:00] [INFO] New best validation loss: 1.2117 @ step 41
[GPU 0] [06:06:04] [INFO] New best validation loss: 1.2106 @ step 42
[GPU 0] [06:06:08] [INFO] New best validation loss: 1.2102 @ step 43
[GPU 0] [06:06:11] [INFO] New best validation loss: 1.2102 @ step 44
[GPU 0] [06:06:23] [INFO] New best validation loss: 1.2102 @ step 47
[GPU 0] [06:06:26] [INFO] New best validation loss: 1.2100 @ step 48
[GPU 0] [06:07:05] [INFO] Stop FT @ 60: no val improvement for 10 steps
[GPU 0] [06:07:05] [INFO] Wrote stats.jsonl entries at FT step 48 
[GPU 0] [06:07:06] [INFO] ---- Begin FT | Experts: ['core', 'papers-biology'] | Data: ['papers-cyber'] ----
[GPU 0] [06:07:06] [DEBUG] num_seq: 512, num_rounds: 200, patience: 10
[GPU 0] [06:07:06] [DEBUG] local_x: torch.Size([64, 1024]), local_y: torch.Size([64, 1024]), num_steps: 4, per_gpu: 64, mbs_size: 16
[GPU 0] [06:07:10] [INFO] New best validation loss: 3.3792 @ step 0
[GPU 0] [06:07:13] [INFO] New best validation loss: 3.3490 @ step 1
[GPU 0] [06:07:17] [INFO] New best validation loss: 3.3391 @ step 2
[GPU 0] [06:07:21] [INFO] New best validation loss: 3.3307 @ step 3
[GPU 0] [06:07:24] [INFO] New best validation loss: 3.3257 @ step 4
[GPU 0] [06:07:27] [INFO] New best validation loss: 3.3216 @ step 5
[GPU 0] [06:07:31] [INFO] New best validation loss: 3.3180 @ step 6
[GPU 0] [06:07:35] [INFO] New best validation loss: 3.3165 @ step 7
[GPU 0] [06:08:16] [INFO] Stop FT @ 19: no val improvement for 10 steps
[GPU 0] [06:08:16] [INFO] Wrote stats.jsonl entries at FT step 7 
[GPU 0] [06:08:16] [INFO] ---- Begin FT | Experts: ['core', 'papers-biology'] | Data: ['papers-nuclear'] ----
[GPU 0] [06:08:16] [DEBUG] num_seq: 512, num_rounds: 200, patience: 10
[GPU 0] [06:08:16] [DEBUG] local_x: torch.Size([64, 1024]), local_y: torch.Size([64, 1024]), num_steps: 4, per_gpu: 64, mbs_size: 16
[GPU 0] [06:08:20] [INFO] New best validation loss: 3.4256 @ step 0
[GPU 0] [06:08:23] [INFO] New best validation loss: 3.3943 @ step 1
[GPU 0] [06:08:27] [INFO] New best validation loss: 3.3831 @ step 2
[GPU 0] [06:08:30] [INFO] New best validation loss: 3.3773 @ step 3
[GPU 0] [06:08:34] [INFO] New best validation loss: 3.3697 @ step 4
[GPU 0] [06:08:37] [INFO] New best validation loss: 3.3638 @ step 5
[GPU 0] [06:08:41] [INFO] New best validation loss: 3.3585 @ step 6
[GPU 0] [06:08:45] [INFO] New best validation loss: 3.3556 @ step 7
[GPU 0] [06:08:48] [INFO] New best validation loss: 3.3548 @ step 8
[GPU 0] [06:08:52] [INFO] New best validation loss: 3.3548 @ step 9
[GPU 0] [06:09:34] [INFO] Stop FT @ 21: no val improvement for 10 steps
[GPU 0] [06:09:34] [INFO] Wrote stats.jsonl entries at FT step 9 
[GPU 0] [06:09:34] [INFO] ROUTED - ADVERSARIAL FT START
[GPU 0] [06:09:34] [INFO] ---- Begin FT | Experts: ['core', 'papers-nuclear'] | Data: ['code-lisp'] ----
[GPU 0] [06:09:34] [DEBUG] num_seq: 512, num_rounds: 200, patience: 10
[GPU 0] [06:09:34] [DEBUG] local_x: torch.Size([64, 1024]), local_y: torch.Size([64, 1024]), num_steps: 4, per_gpu: 64, mbs_size: 16
[GPU 0] [06:09:38] [INFO] New best validation loss: 1.6158 @ step 0
[GPU 0] [06:09:41] [INFO] New best validation loss: 1.5368 @ step 1
[GPU 0] [06:09:44] [INFO] New best validation loss: 1.5043 @ step 2
[GPU 0] [06:09:48] [INFO] New best validation loss: 1.4753 @ step 3
[GPU 0] [06:09:51] [INFO] New best validation loss: 1.4460 @ step 4
[GPU 0] [06:09:55] [INFO] New best validation loss: 1.4239 @ step 5
[GPU 0] [06:09:59] [INFO] New best validation loss: 1.4034 @ step 6
[GPU 0] [06:10:03] [INFO] New best validation loss: 1.3828 @ step 7
[GPU 0] [06:10:08] [INFO] New best validation loss: 1.3646 @ step 8
[GPU 0] [06:10:13] [INFO] New best validation loss: 1.3502 @ step 9
[GPU 0] [06:10:16] [INFO] New best validation loss: 1.3385 @ step 10
[GPU 0] [06:10:20] [INFO] New best validation loss: 1.3278 @ step 11
[GPU 0] [06:10:23] [INFO] New best validation loss: 1.3188 @ step 12
[GPU 0] [06:10:27] [INFO] New best validation loss: 1.3106 @ step 13
[GPU 0] [06:10:30] [INFO] New best validation loss: 1.3027 @ step 14
[GPU 0] [06:10:34] [INFO] New best validation loss: 1.2950 @ step 15
[GPU 0] [06:10:38] [INFO] New best validation loss: 1.2874 @ step 16
[GPU 0] [06:10:41] [INFO] New best validation loss: 1.2802 @ step 17
[GPU 0] [06:10:45] [INFO] New best validation loss: 1.2740 @ step 18
[GPU 0] [06:10:48] [INFO] New best validation loss: 1.2686 @ step 19
[GPU 0] [06:10:52] [INFO] New best validation loss: 1.2637 @ step 20
[GPU 0] [06:10:56] [INFO] New best validation loss: 1.2593 @ step 21
[GPU 0] [06:10:59] [INFO] New best validation loss: 1.2556 @ step 22
[GPU 0] [06:11:03] [INFO] New best validation loss: 1.2518 @ step 23
[GPU 0] [06:11:07] [INFO] New best validation loss: 1.2482 @ step 24
[GPU 0] [06:11:10] [INFO] New best validation loss: 1.2446 @ step 25
[GPU 0] [06:11:14] [INFO] New best validation loss: 1.2409 @ step 26
[GPU 0] [06:11:18] [INFO] New best validation loss: 1.2375 @ step 27
[GPU 0] [06:11:22] [INFO] New best validation loss: 1.2345 @ step 28
[GPU 0] [06:11:25] [INFO] New best validation loss: 1.2318 @ step 29
[GPU 0] [06:11:29] [INFO] New best validation loss: 1.2293 @ step 30
[GPU 0] [06:11:33] [INFO] New best validation loss: 1.2271 @ step 31
[GPU 0] [06:11:37] [INFO] New best validation loss: 1.2244 @ step 32
[GPU 0] [06:11:40] [INFO] New best validation loss: 1.2225 @ step 33
[GPU 0] [06:11:43] [INFO] New best validation loss: 1.2203 @ step 34
[GPU 0] [06:11:47] [INFO] New best validation loss: 1.2186 @ step 35
[GPU 0] [06:11:50] [INFO] New best validation loss: 1.2173 @ step 36
[GPU 0] [06:11:54] [INFO] New best validation loss: 1.2165 @ step 37
[GPU 0] [06:11:57] [INFO] New best validation loss: 1.2158 @ step 38
[GPU 0] [06:12:00] [INFO] New best validation loss: 1.2150 @ step 39
[GPU 0] [06:12:04] [INFO] New best validation loss: 1.2139 @ step 40
[GPU 0] [06:12:07] [INFO] New best validation loss: 1.2126 @ step 41
[GPU 0] [06:12:11] [INFO] New best validation loss: 1.2117 @ step 42
[GPU 0] [06:12:14] [INFO] New best validation loss: 1.2112 @ step 43
[GPU 0] [06:12:18] [INFO] New best validation loss: 1.2112 @ step 44
[GPU 0] [06:12:32] [INFO] New best validation loss: 1.2108 @ step 48
[GPU 0] [06:13:12] [INFO] Stop FT @ 60: no val improvement for 10 steps
[GPU 0] [06:13:12] [INFO] Wrote stats.jsonl entries at FT step 48 
[GPU 0] [06:13:12] [INFO] ---- Begin FT | Experts: ['core', 'papers-nuclear'] | Data: ['papers-biology'] ----
[GPU 0] [06:13:12] [DEBUG] num_seq: 512, num_rounds: 200, patience: 10
[GPU 0] [06:13:12] [DEBUG] local_x: torch.Size([64, 1024]), local_y: torch.Size([64, 1024]), num_steps: 4, per_gpu: 64, mbs_size: 16
[GPU 0] [06:13:16] [INFO] New best validation loss: 3.1342 @ step 0
[GPU 0] [06:13:19] [INFO] New best validation loss: 3.0749 @ step 1
[GPU 0] [06:13:23] [INFO] New best validation loss: 3.0683 @ step 2
[GPU 0] [06:13:26] [INFO] New best validation loss: 3.0598 @ step 3
[GPU 0] [06:13:29] [INFO] New best validation loss: 3.0533 @ step 4
[GPU 0] [06:13:33] [INFO] New best validation loss: 3.0476 @ step 5
[GPU 0] [06:13:37] [INFO] New best validation loss: 3.0430 @ step 6
[GPU 0] [06:13:40] [INFO] New best validation loss: 3.0396 @ step 7
[GPU 0] [06:13:44] [INFO] New best validation loss: 3.0377 @ step 8
[GPU 0] [06:13:48] [INFO] New best validation loss: 3.0368 @ step 9
[GPU 0] [06:13:51] [INFO] New best validation loss: 3.0364 @ step 10
[GPU 0] [06:13:55] [INFO] New best validation loss: 3.0357 @ step 11
[GPU 0] [06:13:59] [INFO] New best validation loss: 3.0350 @ step 12
[GPU 0] [06:14:03] [INFO] New best validation loss: 3.0337 @ step 13
[GPU 0] [06:14:40] [INFO] Stop FT @ 25: no val improvement for 10 steps
[GPU 0] [06:14:40] [INFO] Wrote stats.jsonl entries at FT step 13 
[GPU 0] [06:14:41] [INFO] ---- Begin FT | Experts: ['core', 'papers-nuclear'] | Data: ['papers-cyber'] ----
[GPU 0] [06:14:41] [DEBUG] num_seq: 512, num_rounds: 200, patience: 10
[GPU 0] [06:14:41] [DEBUG] local_x: torch.Size([64, 1024]), local_y: torch.Size([64, 1024]), num_steps: 4, per_gpu: 64, mbs_size: 16
[GPU 0] [06:14:45] [INFO] New best validation loss: 3.3938 @ step 0
[GPU 0] [06:14:48] [INFO] New best validation loss: 3.3487 @ step 1
[GPU 0] [06:14:52] [INFO] New best validation loss: 3.3393 @ step 2
[GPU 0] [06:14:55] [INFO] New best validation loss: 3.3331 @ step 3
[GPU 0] [06:14:59] [INFO] New best validation loss: 3.3272 @ step 4
[GPU 0] [06:15:03] [INFO] New best validation loss: 3.3223 @ step 5
[GPU 0] [06:15:06] [INFO] New best validation loss: 3.3170 @ step 6
[GPU 0] [06:15:10] [INFO] New best validation loss: 3.3138 @ step 7
[GPU 0] [06:15:13] [INFO] New best validation loss: 3.3134 @ step 8
[GPU 0] [06:15:54] [INFO] Stop FT @ 20: no val improvement for 10 steps
[GPU 0] [06:15:54] [INFO] Wrote stats.jsonl entries at FT step 8 
[GPU 0] [06:15:54] [INFO] ROUTED - ADVERSARIAL FT START
[GPU 0] [06:15:55] [INFO] ---- Begin FT | Experts: ['core', 'papers-cyber'] | Data: ['code-lisp'] ----
[GPU 0] [06:15:55] [DEBUG] num_seq: 512, num_rounds: 200, patience: 10
[GPU 0] [06:15:55] [DEBUG] local_x: torch.Size([64, 1024]), local_y: torch.Size([64, 1024]), num_steps: 4, per_gpu: 64, mbs_size: 16
[GPU 0] [06:15:58] [INFO] New best validation loss: 1.6173 @ step 0
[GPU 0] [06:16:02] [INFO] New best validation loss: 1.5372 @ step 1
[GPU 0] [06:16:05] [INFO] New best validation loss: 1.5043 @ step 2
[GPU 0] [06:16:09] [INFO] New best validation loss: 1.4755 @ step 3
[GPU 0] [06:16:12] [INFO] New best validation loss: 1.4469 @ step 4
[GPU 0] [06:16:16] [INFO] New best validation loss: 1.4251 @ step 5
[GPU 0] [06:16:20] [INFO] New best validation loss: 1.4043 @ step 6
[GPU 0] [06:16:23] [INFO] New best validation loss: 1.3831 @ step 7
[GPU 0] [06:16:27] [INFO] New best validation loss: 1.3648 @ step 8
[GPU 0] [06:16:31] [INFO] New best validation loss: 1.3502 @ step 9
[GPU 0] [06:16:35] [INFO] New best validation loss: 1.3383 @ step 10
[GPU 0] [06:16:38] [INFO] New best validation loss: 1.3275 @ step 11
[GPU 0] [06:16:42] [INFO] New best validation loss: 1.3184 @ step 12
[GPU 0] [06:16:46] [INFO] New best validation loss: 1.3099 @ step 13
[GPU 0] [06:16:50] [INFO] New best validation loss: 1.3022 @ step 14
[GPU 0] [06:16:53] [INFO] New best validation loss: 1.2948 @ step 15
[GPU 0] [06:16:57] [INFO] New best validation loss: 1.2871 @ step 16
[GPU 0] [06:17:01] [INFO] New best validation loss: 1.2801 @ step 17
[GPU 0] [06:17:05] [INFO] New best validation loss: 1.2737 @ step 18
[GPU 0] [06:17:08] [INFO] New best validation loss: 1.2683 @ step 19
[GPU 0] [06:17:12] [INFO] New best validation loss: 1.2634 @ step 20
[GPU 0] [06:17:16] [INFO] New best validation loss: 1.2589 @ step 21
[GPU 0] [06:17:19] [INFO] New best validation loss: 1.2550 @ step 22
[GPU 0] [06:17:23] [INFO] New best validation loss: 1.2514 @ step 23
[GPU 0] [06:17:26] [INFO] New best validation loss: 1.2479 @ step 24
[GPU 0] [06:17:30] [INFO] New best validation loss: 1.2443 @ step 25
[GPU 0] [06:17:33] [INFO] New best validation loss: 1.2406 @ step 26
[GPU 0] [06:17:37] [INFO] New best validation loss: 1.2370 @ step 27
[GPU 0] [06:17:41] [INFO] New best validation loss: 1.2339 @ step 28
[GPU 0] [06:17:44] [INFO] New best validation loss: 1.2314 @ step 29
[GPU 0] [06:17:48] [INFO] New best validation loss: 1.2289 @ step 30
[GPU 0] [06:17:52] [INFO] New best validation loss: 1.2265 @ step 31
[GPU 0] [06:17:55] [INFO] New best validation loss: 1.2241 @ step 32
[GPU 0] [06:17:59] [INFO] New best validation loss: 1.2222 @ step 33
[GPU 0] [06:18:03] [INFO] New best validation loss: 1.2198 @ step 34
[GPU 0] [06:18:06] [INFO] New best validation loss: 1.2180 @ step 35
[GPU 0] [06:18:10] [INFO] New best validation loss: 1.2165 @ step 36
[GPU 0] [06:18:13] [INFO] New best validation loss: 1.2157 @ step 37
[GPU 0] [06:18:18] [INFO] New best validation loss: 1.2149 @ step 38
[GPU 0] [06:18:21] [INFO] New best validation loss: 1.2142 @ step 39
[GPU 0] [06:18:25] [INFO] New best validation loss: 1.2134 @ step 40
[GPU 0] [06:18:28] [INFO] New best validation loss: 1.2122 @ step 41
[GPU 0] [06:18:32] [INFO] New best validation loss: 1.2112 @ step 42
[GPU 0] [06:18:36] [INFO] New best validation loss: 1.2105 @ step 43
[GPU 0] [06:18:54] [INFO] New best validation loss: 1.2104 @ step 48
[GPU 0] [06:18:58] [INFO] New best validation loss: 1.2103 @ step 49
[GPU 0] [06:19:38] [INFO] Stop FT @ 61: no val improvement for 10 steps
[GPU 0] [06:19:38] [INFO] Wrote stats.jsonl entries at FT step 49 
[GPU 0] [06:19:39] [INFO] ---- Begin FT | Experts: ['core', 'papers-cyber'] | Data: ['papers-biology'] ----
[GPU 0] [06:19:39] [DEBUG] num_seq: 512, num_rounds: 200, patience: 10
[GPU 0] [06:19:39] [DEBUG] local_x: torch.Size([64, 1024]), local_y: torch.Size([64, 1024]), num_steps: 4, per_gpu: 64, mbs_size: 16
[GPU 0] [06:19:42] [INFO] New best validation loss: 3.1185 @ step 0
[GPU 0] [06:19:46] [INFO] New best validation loss: 3.0729 @ step 1
[GPU 0] [06:19:49] [INFO] New best validation loss: 3.0660 @ step 2
[GPU 0] [06:19:52] [INFO] New best validation loss: 3.0572 @ step 3
[GPU 0] [06:19:56] [INFO] New best validation loss: 3.0509 @ step 4
[GPU 0] [06:19:59] [INFO] New best validation loss: 3.0457 @ step 5
[GPU 0] [06:20:04] [INFO] New best validation loss: 3.0416 @ step 6
[GPU 0] [06:20:09] [INFO] New best validation loss: 3.0389 @ step 7
[GPU 0] [06:20:14] [INFO] New best validation loss: 3.0372 @ step 8
[GPU 0] [06:20:18] [INFO] New best validation loss: 3.0359 @ step 9
[GPU 0] [06:20:21] [INFO] New best validation loss: 3.0355 @ step 10
[GPU 0] [06:20:25] [INFO] New best validation loss: 3.0345 @ step 11
[GPU 0] [06:20:29] [INFO] New best validation loss: 3.0335 @ step 12
[GPU 0] [06:21:09] [INFO] Stop FT @ 24: no val improvement for 10 steps
[GPU 0] [06:21:09] [INFO] Wrote stats.jsonl entries at FT step 12 
[GPU 0] [06:21:09] [INFO] ---- Begin FT | Experts: ['core', 'papers-cyber'] | Data: ['papers-nuclear'] ----
[GPU 0] [06:21:09] [DEBUG] num_seq: 512, num_rounds: 200, patience: 10
[GPU 0] [06:21:09] [DEBUG] local_x: torch.Size([64, 1024]), local_y: torch.Size([64, 1024]), num_steps: 4, per_gpu: 64, mbs_size: 16
[GPU 0] [06:21:13] [INFO] New best validation loss: 3.4355 @ step 0
[GPU 0] [06:21:17] [INFO] New best validation loss: 3.3933 @ step 1
[GPU 0] [06:21:20] [INFO] New best validation loss: 3.3845 @ step 2
[GPU 0] [06:21:24] [INFO] New best validation loss: 3.3794 @ step 3
[GPU 0] [06:21:27] [INFO] New best validation loss: 3.3727 @ step 4
[GPU 0] [06:21:31] [INFO] New best validation loss: 3.3660 @ step 5
[GPU 0] [06:21:35] [INFO] New best validation loss: 3.3605 @ step 6
[GPU 0] [06:21:38] [INFO] New best validation loss: 3.3566 @ step 7
[GPU 0] [06:21:41] [INFO] New best validation loss: 3.3541 @ step 8
[GPU 0] [06:21:44] [INFO] New best validation loss: 3.3540 @ step 9
[GPU 0] [06:22:22] [INFO] Stop FT @ 21: no val improvement for 10 steps
[GPU 0] [06:22:22] [INFO] Wrote stats.jsonl entries at FT step 9 
[GPU 0] [06:22:27] [INFO] ----------------------------------------
[GPU 0] [06:22:27] [INFO] Finished. See /workspace/gradient-routing/experiments/AGI-1699-New-Dataset-Runs/results/scaling/realistic/grmoe/100M/seed_1/20260422053451073345
