[GPU 0] [04:39:40] [INFO] Number of GPUs: 8
[GPU 0] [04:39:41] [INFO] Tokenizer vocabulary: 50257
[GPU 0] [04:39:41] [INFO] Set model vocab size to nearest multiple of 64 of tokenizer size: 50304
[GPU 0] [04:39:43] [INFO] target effective batch size: 128, actual effective batch size: 128, micro batch size: 16, accumulation steps: 1, num gpus: 8
[GPU 0] [04:39:43] [INFO] core total number of tokens: 124693822984
[GPU 0] [04:39:43] [INFO] Baseline model has 199,891,008 parameters
[GPU 0] [04:39:43] [INFO] core: chinchilla optimal tokens: 3,997,820,160, requested proportion: 1.0000, requested number of tokens: 3,997,820,160.0, 
[GPU 0] [04:39:43] [INFO] aux total number of tokens: 4835776549
[GPU 0] [04:39:43] [INFO] Baseline model has 199,891,008 parameters
[GPU 0] [04:39:43] [INFO] aux: chinchilla optimal tokens: 3,997,820,160, requested proportion: 0.0100, requested number of tokens: 39,978,201.6, 
[GPU 0] [04:39:43] [DEBUG] Saved config to /workspace/gradient-routing/experiments/AGI-1699-New-Dataset-Runs/results/optimize/base/realistic/200M/seed_2/20260421043933583450/config.json
[GPU 0] [04:39:43] [DEBUG] {
    "stages": [
        {
            "name": "baseline",
            "num_checkpoints": -1,
            "lr": 0.0002,
            "res_dir": "/workspace/gradient-routing/experiments/AGI-1699-New-Dataset-Runs/results/optimize/base/realistic/200M/seed_2/20260421043933583450/baseline",
            "do_eval": true,
            "do_sample": false,
            "num_train_evals": 0,
            "do_elicit": false,
            "elicit_eval_prc": 0.5,
            "elicit_num_evals": 100
        }
    ],
    "model": {
        "arch": "base",
        "tokenizer": "GPT2Tokenizer(name_or_path='EleutherAI/gpt-neo-125M', vocab_size=50257, model_max_length=2048, padding_side='right', truncation_side='right', special_tokens={'bos_token': '<|endoftext|>', 'eos_token': '<|endoftext|>', 'unk_token': '<|endoftext|>'}, added_tokens_decoder={\n\t50256: AddedToken(\"<|endoftext|>\", rstrip=False, lstrip=False, single_word=False, normalized=True, special=True),\n}\n)",
        "ctx_len": 1024,
        "vocab_size": 50304,
        "num_layers": 13,
        "num_heads": 8,
        "num_key_value": 2,
        "attn_bias": true,
        "eos_token_id": 50256,
        "embed_dim": 896,
        "mlp_dim": 3584
    },
    "data": {
        "dirs": [
            "/workspace/gradient-routing/experiments/AGI-1699-New-Dataset-Runs/src/data/fineweb",
            "/workspace/gradient-routing/experiments/AGI-1699-New-Dataset-Runs/src/data/code",
            "/workspace/gradient-routing/experiments/AGI-1699-New-Dataset-Runs/src/data/papers"
        ],
        "core": {
            "labels": [
                "fineweb",
                "code-other",
                "papers-other"
            ],
            "method": "optimal",
            "limit": 1.0,
            "dist": {
                "fineweb": 0.84,
                "code-other": 0.15,
                "papers-other": 0.01
            },
            "num_tok": 3997820160.0
        },
        "aux": {
            "labels": [
                "code-lisp",
                "papers-biology",
                "papers-nuclear",
                "papers-cyber"
            ],
            "method": "optimal",
            "limit": 0.01,
            "dist": {
                "code-lisp": 0.25,
                "papers-biology": 0.25,
                "papers-nuclear": 0.25,
                "papers-cyber": 0.25
            },
            "num_tok": 39978201.6
        }
    },
    "run": {
        "target_effective_batch_size": 128,
        "effective_batch_size": 128,
        "micro_batch_size": 16,
        "accumulation_steps": 1,
        "max_num_test_sequences": 10000,
        "eval_all_labels": false,
        "micro_batch_anchors": [
            [
                400000000.0,
                23
            ],
            [
                5000000000.0,
                2
            ]
        ],
        "epochs": 1,
        "adam_betas": [
            0.9,
            0.95
        ],
        "warmup_prc": 0.02,
        "decay_prc": 0.1,
        "seed": 2,
        "compile": true,
        "is_ddp": true,
        "optimize_routed": true,
        "cleanup_distributed": false,
        "log_level": "DEBUG",
        "num_gpus": 8,
        "process_id": 0,
        "num_base_params": 199891008,
        "device": "cuda",
        "logger": "<Logger training_20260421043933583450 (DEBUG)>",
        "labels": [
            "core",
            "code-lisp",
            "papers-biology",
            "papers-cyber",
            "papers-nuclear"
        ],
        "loaders": {
            "code-lisp": {
                "train": "SingleDataLoader(code-lisp_train_001.bin, len=76)",
                "test": "InterleavedDataLoader(len=76)"
            },
            "code-other": {
                "train": "SingleDataLoader(code-other_train_003.bin, len=4575)",
                "test": "InterleavedDataLoader(len=79)"
            },
            "fineweb": {
                "train": "InterleavedDataLoader(len=25620)",
                "test": "InterleavedDataLoader(len=79)"
            },
            "papers-biology": {
                "train": "SingleDataLoader(papers-biology_train.bin, len=76)",
                "test": "SingleDataLoader(papers-biology_test.bin, len=76)"
            },
            "papers-cyber": {
                "train": "SingleDataLoader(papers-cyber_train.bin, len=76)",
                "test": "SingleDataLoader(papers-cyber_test.bin, len=76)"
            },
            "papers-nuclear": {
                "train": "SingleDataLoader(papers-nuclear_train.bin, len=76)",
                "test": "SingleDataLoader(papers-nuclear_test.bin, len=76)"
            },
            "papers-other": {
                "train": "SingleDataLoader(papers-other_train.bin, len=305)",
                "test": "SingleDataLoader(papers-other_test.bin, len=79)"
            },
            "core": {
                "train": "InterleavedDataLoader(len=30500)",
                "test": "InterleavedDataLoader(len=237)"
            },
            "aux": {
                "train": "InterleavedDataLoader(len=304)",
                "test": "InterleavedDataLoader(len=304)"
            },
            "all": {
                "train": "InterleavedDataLoader(len=30804)",
                "test": "InterleavedDataLoader(len=541)"
            }
        },
        "res_root": "/workspace/gradient-routing/experiments/AGI-1699-New-Dataset-Runs/results/optimize/base/realistic/200M/seed_2",
        "experiment_id": "20260421043933583450",
        "s3_bucket": "ae-gradient-routing-results",
        "s3_prefix": "optimize/base/realistic/200M/seed_2"
    }
}
[GPU 0] [04:39:43] [INFO] Loader code-lisp train: 76, test: 76
[GPU 0] [04:39:43] [INFO] Loader code-other train: 4575, test: 79
[GPU 0] [04:39:43] [INFO] Loader fineweb train: 25620, test: 79
[GPU 0] [04:39:43] [INFO] Loader papers-biology train: 76, test: 76
[GPU 0] [04:39:43] [INFO] Loader papers-cyber train: 76, test: 76
[GPU 0] [04:39:43] [INFO] Loader papers-nuclear train: 76, test: 76
[GPU 0] [04:39:43] [INFO] Loader papers-other train: 305, test: 79
[GPU 0] [04:39:43] [INFO] Loader core train: 30500, test: 237
[GPU 0] [04:39:43] [INFO] Loader aux train: 304, test: 304
[GPU 0] [04:39:43] [INFO] Loader all train: 30804, test: 541
[GPU 0] [04:39:43] [INFO] Stage [baseline] start: {"name": "baseline", "num_checkpoints": -1, "lr": 0.0002, "res_dir": "/workspace/gradient-routing/experiments/AGI-1699-New-Dataset-Runs/results/optimize/base/realistic/200M/seed_2/20260421043933583450/baseline", "do_eval": true, "do_sample": false, "num_train_evals": 0, "do_elicit": false, "elicit_eval_prc": 0.5, "elicit_num_evals": 100}
[GPU 0] [04:39:43] [INFO] BASELINE START
[GPU 0] [04:39:44] [INFO] Initialized BaseTransformer with 199,891,008 total parameters
[GPU 0] [04:39:44] [INFO] Compiling BaseTransformer with torch.compile...
[GPU 0] [04:39:45] [INFO] torch.compile done
[GPU 0] [04:39:45] [WARNING] restore_partial_state: no checkpoint found at /workspace/gradient-routing/experiments/AGI-1699-New-Dataset-Runs/results/optimize/base/realistic/200M/seed_2/20260421043933583450/baseline
[GPU 0] [04:39:45] [INFO] ---- Begin Train | Data Labels: ['all'] ----
[GPU 0] [04:39:45] [INFO] warmup_steps: 616
[GPU 0] [04:39:45] [INFO] constant_steps: 27108
[GPU 0] [04:39:45] [INFO] decay_steps: 3080
[GPU 0] [04:39:45] [INFO] LR Scheduler: Warmup Start
[GPU 0] [04:40:07] [INFO] Step: 1, LR: 3.35e-07
[GPU 0] [04:40:07] [INFO] Train Loss: CORE: 11.00 CODE-LISP: nan PAPERS-BIOLOGY: nan PAPERS-CYBER: nan PAPERS-NUCLEAR: nan 
[GPU 0] [04:40:59] [INFO] LR Scheduler: Constant Start
[GPU 0] [04:41:31] [INFO] Step: 1000, LR: 2.00e-04
[GPU 0] [04:41:31] [INFO] Train Loss: CORE: 5.22 CODE-LISP: 6.55 PAPERS-BIOLOGY: 7.21 PAPERS-CYBER: nan PAPERS-NUCLEAR: 6.41 
[GPU 0] [04:42:54] [INFO] Step: 2000, LR: 2.00e-04
[GPU 0] [04:42:54] [INFO] Train Loss: CORE: 3.93 CODE-LISP: 5.75 PAPERS-BIOLOGY: 6.92 PAPERS-CYBER: 4.86 PAPERS-NUCLEAR: 6.09 
[GPU 0] [04:44:18] [INFO] Step: 3000, LR: 2.00e-04
[GPU 0] [04:44:18] [INFO] Train Loss: CORE: 3.93 CODE-LISP: 4.88 PAPERS-BIOLOGY: 6.58 PAPERS-CYBER: 4.64 PAPERS-NUCLEAR: 6.09 
[GPU 0] [04:45:41] [INFO] Step: 4000, LR: 2.00e-04
[GPU 0] [04:45:41] [INFO] Train Loss: CORE: 3.45 CODE-LISP: 4.05 PAPERS-BIOLOGY: 6.58 PAPERS-CYBER: 4.46 PAPERS-NUCLEAR: 6.09 
[GPU 0] [04:47:05] [INFO] Step: 5000, LR: 2.00e-04
[GPU 0] [04:47:05] [INFO] Train Loss: CORE: 3.29 CODE-LISP: 2.94 PAPERS-BIOLOGY: 6.27 PAPERS-CYBER: 4.01 PAPERS-NUCLEAR: 5.42 
[GPU 0] [04:48:29] [INFO] Step: 6000, LR: 2.00e-04
[GPU 0] [04:48:29] [INFO] Train Loss: CORE: 3.29 CODE-LISP: 2.39 PAPERS-BIOLOGY: 6.02 PAPERS-CYBER: 4.01 PAPERS-NUCLEAR: 4.83 
[GPU 0] [04:49:52] [INFO] Step: 7000, LR: 2.00e-04
[GPU 0] [04:49:52] [INFO] Train Loss: CORE: 3.77 CODE-LISP: 2.29 PAPERS-BIOLOGY: 4.24 PAPERS-CYBER: 3.96 PAPERS-NUCLEAR: 4.53 
[GPU 0] [04:51:16] [INFO] Step: 8000, LR: 2.00e-04
[GPU 0] [04:51:16] [INFO] Train Loss: CORE: 3.67 CODE-LISP: 2.06 PAPERS-BIOLOGY: 3.60 PAPERS-CYBER: 3.93 PAPERS-NUCLEAR: 3.89 
[GPU 0] [04:52:39] [INFO] Step: 9000, LR: 2.00e-04
[GPU 0] [04:52:39] [INFO] Train Loss: CORE: 3.44 CODE-LISP: 1.83 PAPERS-BIOLOGY: 3.51 PAPERS-CYBER: 3.77 PAPERS-NUCLEAR: 3.75 
[GPU 0] [04:54:03] [INFO] Step: 10000, LR: 2.00e-04
[GPU 0] [04:54:03] [INFO] Train Loss: CORE: 3.43 CODE-LISP: 1.73 PAPERS-BIOLOGY: 3.50 PAPERS-CYBER: 3.74 PAPERS-NUCLEAR: 3.70 
[GPU 0] [04:55:27] [INFO] Step: 11000, LR: 2.00e-04
[GPU 0] [04:55:27] [INFO] Train Loss: CORE: 3.39 CODE-LISP: 1.69 PAPERS-BIOLOGY: 3.50 PAPERS-CYBER: 3.71 PAPERS-NUCLEAR: 3.75 
[GPU 0] [04:56:50] [INFO] Step: 12000, LR: 2.00e-04
[GPU 0] [04:56:50] [INFO] Train Loss: CORE: 3.33 CODE-LISP: 1.62 PAPERS-BIOLOGY: 3.49 PAPERS-CYBER: 3.68 PAPERS-NUCLEAR: 3.71 
[GPU 0] [04:58:14] [INFO] Step: 13000, LR: 2.00e-04
[GPU 0] [04:58:14] [INFO] Train Loss: CORE: 3.11 CODE-LISP: 1.56 PAPERS-BIOLOGY: 3.43 PAPERS-CYBER: 3.67 PAPERS-NUCLEAR: 3.71 
[GPU 0] [04:59:37] [INFO] Step: 14000, LR: 2.00e-04
[GPU 0] [04:59:37] [INFO] Train Loss: CORE: 3.04 CODE-LISP: 1.57 PAPERS-BIOLOGY: 3.40 PAPERS-CYBER: 3.66 PAPERS-NUCLEAR: 3.69 
[GPU 0] [05:01:01] [INFO] Step: 15000, LR: 2.00e-04
[GPU 0] [05:01:01] [INFO] Train Loss: CORE: 3.29 CODE-LISP: 1.52 PAPERS-BIOLOGY: 3.37 PAPERS-CYBER: 3.64 PAPERS-NUCLEAR: 3.65 
[GPU 0] [05:02:25] [INFO] Step: 16000, LR: 2.00e-04
[GPU 0] [05:02:25] [INFO] Train Loss: CORE: 3.27 CODE-LISP: 1.52 PAPERS-BIOLOGY: 3.31 PAPERS-CYBER: 3.58 PAPERS-NUCLEAR: 3.66 
[GPU 0] [05:03:48] [INFO] Step: 17000, LR: 2.00e-04
[GPU 0] [05:03:48] [INFO] Train Loss: CORE: 3.27 CODE-LISP: 1.49 PAPERS-BIOLOGY: 3.31 PAPERS-CYBER: 3.58 PAPERS-NUCLEAR: 3.65 
[GPU 0] [05:05:12] [INFO] Step: 18000, LR: 2.00e-04
[GPU 0] [05:05:12] [INFO] Train Loss: CORE: 3.48 CODE-LISP: 1.53 PAPERS-BIOLOGY: 3.27 PAPERS-CYBER: 3.51 PAPERS-NUCLEAR: 3.62 
[GPU 0] [05:06:36] [INFO] Step: 19000, LR: 2.00e-04
[GPU 0] [05:06:36] [INFO] Train Loss: CORE: 3.48 CODE-LISP: 1.51 PAPERS-BIOLOGY: 3.24 PAPERS-CYBER: 3.49 PAPERS-NUCLEAR: 3.60 
[GPU 0] [05:08:00] [INFO] Step: 20000, LR: 2.00e-04
[GPU 0] [05:08:00] [INFO] Train Loss: CORE: 2.67 CODE-LISP: 1.51 PAPERS-BIOLOGY: 3.24 PAPERS-CYBER: 3.46 PAPERS-NUCLEAR: 3.57 
[GPU 0] [05:09:24] [INFO] Step: 21000, LR: 2.00e-04
[GPU 0] [05:09:24] [INFO] Train Loss: CORE: 3.22 CODE-LISP: 1.49 PAPERS-BIOLOGY: 3.24 PAPERS-CYBER: 3.49 PAPERS-NUCLEAR: 3.62 
[GPU 0] [05:10:48] [INFO] Step: 22000, LR: 2.00e-04
[GPU 0] [05:10:48] [INFO] Train Loss: CORE: 2.98 CODE-LISP: 1.44 PAPERS-BIOLOGY: 3.24 PAPERS-CYBER: 3.48 PAPERS-NUCLEAR: 3.62 
[GPU 0] [05:12:11] [INFO] Step: 23000, LR: 2.00e-04
[GPU 0] [05:12:11] [INFO] Train Loss: CORE: 2.61 CODE-LISP: 1.29 PAPERS-BIOLOGY: 3.26 PAPERS-CYBER: 3.46 PAPERS-NUCLEAR: 3.59 
[GPU 0] [05:13:35] [INFO] Step: 24000, LR: 2.00e-04
[GPU 0] [05:13:35] [INFO] Train Loss: CORE: 3.17 CODE-LISP: 1.30 PAPERS-BIOLOGY: 3.25 PAPERS-CYBER: 3.45 PAPERS-NUCLEAR: 3.54 
[GPU 0] [05:14:59] [INFO] Step: 25000, LR: 2.00e-04
[GPU 0] [05:14:59] [INFO] Train Loss: CORE: 3.19 CODE-LISP: 1.34 PAPERS-BIOLOGY: 3.21 PAPERS-CYBER: 3.41 PAPERS-NUCLEAR: 3.50 
[GPU 0] [05:16:23] [INFO] Step: 26000, LR: 2.00e-04
[GPU 0] [05:16:23] [INFO] Train Loss: CORE: 3.23 CODE-LISP: 1.35 PAPERS-BIOLOGY: 3.19 PAPERS-CYBER: 3.40 PAPERS-NUCLEAR: 3.50 
[GPU 0] [05:17:46] [INFO] Step: 27000, LR: 2.00e-04
[GPU 0] [05:17:46] [INFO] Train Loss: CORE: 3.24 CODE-LISP: 1.41 PAPERS-BIOLOGY: 3.16 PAPERS-CYBER: 3.39 PAPERS-NUCLEAR: 3.49 
[GPU 0] [05:18:47] [INFO] LR Scheduler: Decay Start
[GPU 0] [05:19:10] [INFO] Step: 28000, LR: 1.82e-04
[GPU 0] [05:19:10] [INFO] Train Loss: CORE: 3.17 CODE-LISP: 1.41 PAPERS-BIOLOGY: 3.20 PAPERS-CYBER: 3.41 PAPERS-NUCLEAR: 3.54 
[GPU 0] [05:20:33] [INFO] Step: 29000, LR: 1.17e-04
[GPU 0] [05:20:33] [INFO] Train Loss: CORE: 2.58 CODE-LISP: 1.39 PAPERS-BIOLOGY: 3.14 PAPERS-CYBER: 3.43 PAPERS-NUCLEAR: 3.56 
[GPU 0] [05:21:57] [INFO] Step: 30000, LR: 5.22e-05
[GPU 0] [05:21:57] [INFO] Train Loss: CORE: 3.38 CODE-LISP: 1.35 PAPERS-BIOLOGY: 3.10 PAPERS-CYBER: 3.42 PAPERS-NUCLEAR: 3.53 
[GPU 0] [05:23:05] [INFO] Step: 30804, LR: 1.00e-08
[GPU 0] [05:23:05] [INFO] Train Loss: CORE: 2.82 CODE-LISP: 1.31 PAPERS-BIOLOGY: 3.10 PAPERS-CYBER: 3.42 PAPERS-NUCLEAR: 3.51 
[GPU 0] [05:23:06] [INFO] ---- Begin Eval ----
[GPU 0] [05:23:06] [INFO] Data: core | Experts: None
[GPU 0] [05:23:23] [INFO] loss: 2.41230941
[GPU 0] [05:23:23] [INFO] Data: code-lisp | Experts: None
[GPU 0] [05:23:25] [INFO] loss: 1.32714200
[GPU 0] [05:23:25] [INFO] Data: papers-biology | Experts: None
[GPU 0] [05:23:28] [INFO] loss: 3.05671787
[GPU 0] [05:23:28] [INFO] Data: papers-nuclear | Experts: None
[GPU 0] [05:23:30] [INFO] loss: 3.36245918
[GPU 0] [05:23:30] [INFO] Data: papers-cyber | Experts: None
[GPU 0] [05:23:33] [INFO] loss: 3.31000733
[GPU 0] [05:23:43] [INFO] ----------------------------------------
[GPU 0] [05:23:43] [INFO] Finished. See /workspace/gradient-routing/experiments/AGI-1699-New-Dataset-Runs/results/optimize/base/realistic/200M/seed_2/20260421043933583450
