[GPU 0] [05:21:27] [INFO] Number of GPUs: 32
[GPU 0] [05:21:28] [INFO] Tokenizer vocabulary: 50257
[GPU 0] [05:21:28] [INFO] Set model vocab size to nearest multiple of 64 of tokenizer size: 50304
[GPU 0] [05:22:00] [INFO] target effective batch size: 2770, actual effective batch size: 2752, micro batch size: 2, accumulation steps: 43, num gpus: 32
[GPU 0] [05:22:00] [INFO] core total number of tokens: 124693822984
[GPU 0] [05:22:00] [INFO] Baseline model has 4,967,743,104 parameters
[GPU 0] [05:22:00] [INFO] core: chinchilla optimal tokens: 99,354,862,080, requested proportion: 1.0000, requested number of tokens: 99,354,862,080.0, 
[GPU 0] [05:22:00] [INFO] aux total number of tokens: 4835776549
[GPU 0] [05:22:00] [INFO] Baseline model has 4,967,743,104 parameters
[GPU 0] [05:22:00] [INFO] aux: chinchilla optimal tokens: 99,354,862,080, requested proportion: 0.0100, requested number of tokens: 993,548,620.8000001, 
[GPU 0] [05:22:00] [DEBUG] Saved config to /workspace/gradient-routing/experiments/AGI-1699-New-Dataset-Runs/results/scaling/realistic/lora/5B/seed_1/20260422052119858787/config.json
[GPU 0] [05:22:00] [DEBUG] {
    "stages": [
        {
            "name": "routed",
            "num_checkpoints": 100,
            "lr": 0.00032221152797331777,
            "res_dir": "/workspace/gradient-routing/experiments/AGI-1699-New-Dataset-Runs/results/scaling/realistic/lora/5B/seed_1/20260422052119858787/routed",
            "do_eval": true,
            "do_sample": false,
            "num_train_evals": 0,
            "do_elicit": true,
            "elicit_eval_prc": 0.5,
            "elicit_num_evals": 100,
            "model": {
                "arch": "lora",
                "tokenizer": "GPT2Tokenizer(name_or_path='EleutherAI/gpt-neo-125M', vocab_size=50257, model_max_length=2048, padding_side='right', truncation_side='right', special_tokens={'bos_token': '<|endoftext|>', 'eos_token': '<|endoftext|>', 'unk_token': '<|endoftext|>'}, added_tokens_decoder={\n\t50256: AddedToken(\"<|endoftext|>\", rstrip=False, lstrip=False, single_word=False, normalized=True, special=True),\n}\n)",
                "ctx_len": 1024,
                "vocab_size": 50304,
                "num_layers": 47,
                "num_heads": 8,
                "num_key_value": 2,
                "attn_bias": true,
                "eos_token_id": 50256,
                "embed_dim": 3072,
                "mlp_dim": 12288,
                "core_param_prc": 1.0,
                "aux_param_prc": 0.1
            },
            "eval_arbsub": false,
            "aux_factor": {
                "code-lisp": 2.0,
                "papers-biology": 1.0,
                "papers-nuclear": 1.0,
                "papers-cyber": 1.0
            },
            "core_aux_ratio": 1.0,
            "equal_compute": true
        }
    ],
    "model": {
        "arch": "base",
        "tokenizer": "GPT2Tokenizer(name_or_path='EleutherAI/gpt-neo-125M', vocab_size=50257, model_max_length=2048, padding_side='right', truncation_side='right', special_tokens={'bos_token': '<|endoftext|>', 'eos_token': '<|endoftext|>', 'unk_token': '<|endoftext|>'}, added_tokens_decoder={\n\t50256: AddedToken(\"<|endoftext|>\", rstrip=False, lstrip=False, single_word=False, normalized=True, special=True),\n}\n)",
        "ctx_len": 1024,
        "vocab_size": 50304,
        "num_layers": 47,
        "num_heads": 8,
        "num_key_value": 2,
        "attn_bias": true,
        "eos_token_id": 50256,
        "embed_dim": 3072,
        "mlp_dim": 12288
    },
    "data": {
        "dirs": [
            "/workspace/gradient-routing/experiments/AGI-1699-New-Dataset-Runs/src/data/fineweb",
            "/workspace/gradient-routing/experiments/AGI-1699-New-Dataset-Runs/src/data/code",
            "/workspace/gradient-routing/experiments/AGI-1699-New-Dataset-Runs/src/data/papers"
        ],
        "core": {
            "labels": [
                "fineweb",
                "code-other",
                "papers-other"
            ],
            "method": "optimal",
            "limit": 1.0,
            "dist": {
                "fineweb": 0.84,
                "code-other": 0.15,
                "papers-other": 0.01
            },
            "num_tok": 99354862080.0
        },
        "aux": {
            "labels": [
                "code-lisp",
                "papers-biology",
                "papers-nuclear",
                "papers-cyber"
            ],
            "method": "optimal",
            "limit": 0.01,
            "dist": {
                "code-lisp": 0.25,
                "papers-biology": 0.25,
                "papers-nuclear": 0.25,
                "papers-cyber": 0.25
            },
            "num_tok": 993548620.8000001
        }
    },
    "run": {
        "target_effective_batch_size": 2770,
        "effective_batch_size": 2752,
        "micro_batch_size": 2,
        "accumulation_steps": 43,
        "max_num_test_sequences": 10000,
        "eval_all_labels": false,
        "micro_batch_anchors": [
            [
                400000000.0,
                23
            ],
            [
                5000000000.0,
                2
            ]
        ],
        "epochs": 1,
        "adam_betas": [
            0.9,
            0.95
        ],
        "warmup_prc": 0.02,
        "decay_prc": 0.1,
        "seed": 1,
        "compile": true,
        "is_ddp": true,
        "optimize_routed": true,
        "cleanup_distributed": true,
        "log_level": "DEBUG",
        "num_gpus": 32,
        "process_id": 0,
        "num_base_params": 4967743104,
        "device": "cuda",
        "logger": "<Logger training_20260422052119858787 (DEBUG)>",
        "labels": [
            "core",
            "code-lisp",
            "papers-biology",
            "papers-cyber",
            "papers-nuclear"
        ],
        "loaders": {
            "code-lisp": {
                "train": "SingleDataLoader(code-lisp_train_001.bin, len=3790)",
                "test": "InterleavedDataLoader(len=172)"
            },
            "code-other": {
                "train": "InterleavedDataLoader(len=227405)",
                "test": "InterleavedDataLoader(len=172)"
            },
            "fineweb": {
                "train": "InterleavedDataLoader(len=1273469)",
                "test": "InterleavedDataLoader(len=172)"
            },
            "papers-biology": {
                "train": "SingleDataLoader(papers-biology_train.bin, len=3790)",
                "test": "SingleDataLoader(papers-biology_test.bin, len=172)"
            },
            "papers-cyber": {
                "train": "SingleDataLoader(papers-cyber_train.bin, len=3790)",
                "test": "SingleDataLoader(papers-cyber_test.bin, len=172)"
            },
            "papers-nuclear": {
                "train": "SingleDataLoader(papers-nuclear_train.bin, len=3790)",
                "test": "SingleDataLoader(papers-nuclear_test.bin, len=172)"
            },
            "papers-other": {
                "train": "SingleDataLoader(papers-other_train.bin, len=15160)",
                "test": "SingleDataLoader(papers-other_test.bin, len=172)"
            },
            "core": {
                "train": "InterleavedDataLoader(len=1516034)",
                "test": "InterleavedDataLoader(len=516)"
            },
            "aux": {
                "train": "InterleavedDataLoader(len=15160)",
                "test": "InterleavedDataLoader(len=688)"
            },
            "all": {
                "train": "InterleavedDataLoader(len=1531194)",
                "test": "InterleavedDataLoader(len=1204)"
            }
        },
        "res_root": "/workspace/gradient-routing/experiments/AGI-1699-New-Dataset-Runs/results/scaling/realistic/lora/5B/seed_1",
        "experiment_id": "20260422052119858787",
        "s3_bucket": "ae-gradient-routing-results",
        "s3_prefix": "scaling/realistic/lora/5B/seed_1"
    }
}
[GPU 0] [05:22:00] [INFO] Loader code-lisp train: 3790, test: 172
[GPU 0] [05:22:00] [INFO] Loader code-other train: 227405, test: 172
[GPU 0] [05:22:00] [INFO] Loader fineweb train: 1273469, test: 172
[GPU 0] [05:22:00] [INFO] Loader papers-biology train: 3790, test: 172
[GPU 0] [05:22:00] [INFO] Loader papers-cyber train: 3790, test: 172
[GPU 0] [05:22:00] [INFO] Loader papers-nuclear train: 3790, test: 172
[GPU 0] [05:22:00] [INFO] Loader papers-other train: 15160, test: 172
[GPU 0] [05:22:00] [INFO] Loader core train: 1516034, test: 516
[GPU 0] [05:22:00] [INFO] Loader aux train: 15160, test: 688
[GPU 0] [05:22:00] [INFO] Loader all train: 1531194, test: 1204
[GPU 0] [05:22:00] [INFO] Stage [routed] start: {"name": "routed", "num_checkpoints": 100, "lr": 0.00032221152797331777, "res_dir": "/workspace/gradient-routing/experiments/AGI-1699-New-Dataset-Runs/results/scaling/realistic/lora/5B/seed_1/20260422052119858787/routed", "do_eval": true, "do_sample": false, "num_train_evals": 0, "do_elicit": true, "elicit_eval_prc": 0.5, "elicit_num_evals": 100, "model": {"arch": "lora", "tokenizer": "GPT2Tokenizer(name_or_path='EleutherAI/gpt-neo-125M', vocab_size=50257, model_max_length=2048, padding_side='right', truncation_side='right', special_tokens={'bos_token': '<|endoftext|>', 'eos_token': '<|endoftext|>', 'unk_token': '<|endoftext|>'}, added_tokens_decoder={\n\t50256: AddedToken(\"<|endoftext|>\", rstrip=False, lstrip=False, single_word=False, normalized=True, special=True),\n}\n)", "ctx_len": 1024, "vocab_size": 50304, "num_layers": 47, "num_heads": 8, "num_key_value": 2, "attn_bias": true, "eos_token_id": 50256, "embed_dim": 3072, "mlp_dim": 12288, "core_param_prc": 1.0, "aux_param_prc": 0.1}, "eval_arbsub": false, "aux_factor": {"code-lisp": 2.0, "papers-biology": 1.0, "papers-nuclear": 1.0, "papers-cyber": 1.0}, "core_aux_ratio": 1.0, "equal_compute": true}
[GPU 0] [05:22:00] [INFO] ROUTED START
[GPU 0] [05:22:38] [INFO] Initialized LoRATransformer with 6,371,155,584 total parameters
[GPU 0] [05:22:38] [INFO]   Label 'core' has 3,549,103,104 parameters
[GPU 0] [05:22:38] [INFO]   Label 'code-lisp' has 350,853,120 parameters
[GPU 0] [05:22:38] [INFO]   Label 'papers-biology' has 350,853,120 parameters
[GPU 0] [05:22:38] [INFO]   Label 'papers-cyber' has 350,853,120 parameters
[GPU 0] [05:22:38] [INFO]   Label 'papers-nuclear' has 350,853,120 parameters
[GPU 0] [05:22:38] [INFO]   Label 'SHARED' has 1,418,640,000 parameters
[GPU 0] [05:22:38] [INFO] Compiling LoRATransformer with torch.compile...
[GPU 0] [05:22:38] [INFO] torch.compile done
[GPU 0] [05:22:46] [WARNING] restore_partial_state: no checkpoint found at /workspace/gradient-routing/experiments/AGI-1699-New-Dataset-Runs/results/scaling/realistic/lora/5B/seed_1/20260422052119858787/routed
[GPU 0] [05:22:46] [INFO] ---- Begin Routed Ordered ----
[GPU 0] [05:22:46] [INFO] compute-equal: initial len_base: 1493294 & len_ft: 37900
[GPU 0] [05:22:46] [INFO] compute-equal: flop_diff < 0, (-13297333248000.0 < 0), must truncate training
[GPU 0] [05:22:46] [INFO] compute-equal: len_base: -1338 -> 1491956, len_ft: -1250 -> 36650
[GPU 0] [05:22:46] [WARNING] utilized_aux > len_all_aux, (18325 > 15160), must resample aux
[GPU 0] [05:22:46] [INFO] 
len_all: 1531194, len_all_aux: 15160, len_all_core: 1516034,
len_base: 1491956, len_ft: 36650,
len_core_for_ft: 18325, len_aux_for_ft: 18325,
aux_factor: {'code-lisp': 2.0, 'papers-biology': 1.0, 'papers-nuclear': 1.0, 'papers-cyber': 1.0}, core_aux_ratio: 1.0,
equal_compute: True
[GPU 0] [05:22:46] [INFO] Batch [('core', ('core',), ('core', 'SHARED'))] count: 34697
[GPU 0] [05:22:46] [INFO] Batch [('code-lisp', ('core', 'code-lisp'), ('code-lisp',))] count: 170
[GPU 0] [05:22:46] [INFO] Batch [('core', ('core', 'code-lisp'), ('code-lisp',))] count: 170
[GPU 0] [05:22:46] [INFO] Batch [('core', ('core', 'papers-biology'), ('papers-biology',))] count: 85
[GPU 0] [05:22:46] [INFO] Batch [('papers-biology', ('core', 'papers-biology'), ('papers-biology',))] count: 85
[GPU 0] [05:22:46] [INFO] Batch [('core', ('core', 'papers-nuclear'), ('papers-nuclear',))] count: 85
[GPU 0] [05:22:46] [INFO] Batch [('papers-nuclear', ('core', 'papers-nuclear'), ('papers-nuclear',))] count: 85
[GPU 0] [05:22:46] [INFO] Batch [('core', ('core', 'papers-cyber'), ('papers-cyber',))] count: 85
[GPU 0] [05:22:46] [INFO] Batch [('papers-cyber', ('core', 'papers-cyber'), ('papers-cyber',))] count: 85
[GPU 0] [05:22:46] [WARNING] len_batches != expected, (35547 != 35549), 2 length difference
[GPU 0] [05:22:46] [INFO] ---- Begin Routed ----
[GPU 0] [05:22:46] [INFO] LR schedule group 0: steps [0, 34697), warmup=694, constant=30533, decay=3470
[GPU 0] [05:22:46] [INFO] LR schedule group 1: steps [34697, 35037), warmup=7, constant=299, decay=34
[GPU 0] [05:22:46] [INFO] LR schedule group 2: steps [35037, 35207), warmup=3, constant=150, decay=17
[GPU 0] [05:22:46] [INFO] LR schedule group 3: steps [35207, 35377), warmup=3, constant=150, decay=17
[GPU 0] [05:22:46] [INFO] LR schedule group 4: steps [35377, 35547), warmup=3, constant=150, decay=17
[GPU 0] [05:22:46] [INFO] LR Scheduler: Group warmup (step 0)
[GPU 0] [05:22:46] [INFO] CUDA memory before training loop:
[GPU 0] [05:22:46] [INFO] |===========================================================================|
[GPU 0] [05:22:46] [INFO] |                  PyTorch CUDA memory summary, device ID 0                 |
[GPU 0] [05:22:46] [INFO] |---------------------------------------------------------------------------|
[GPU 0] [05:22:46] [INFO] |            CUDA OOMs: 0            |        cudaMalloc retries: 0         |
[GPU 0] [05:22:46] [INFO] |===========================================================================|
[GPU 0] [05:22:46] [INFO] |        Metric         | Cur Usage  | Peak Usage | Tot Alloc  | Tot Freed  |
[GPU 0] [05:22:46] [INFO] |---------------------------------------------------------------------------|
[GPU 0] [05:22:46] [INFO] | Allocated memory      |  26560 MiB |  26560 MiB |  40673 MiB |  14113 MiB |
[GPU 0] [05:22:46] [INFO] |       from large pool |  26557 MiB |  26557 MiB |  40670 MiB |  14113 MiB |
[GPU 0] [05:22:46] [INFO] |       from small pool |      2 MiB |      2 MiB |      2 MiB |      0 MiB |
[GPU 0] [05:22:46] [INFO] |---------------------------------------------------------------------------|
[GPU 0] [05:22:46] [INFO] | Active memory         |  26560 MiB |  26560 MiB |  40673 MiB |  14113 MiB |
[GPU 0] [05:22:46] [INFO] |       from large pool |  26557 MiB |  26557 MiB |  40670 MiB |  14113 MiB |
[GPU 0] [05:22:46] [INFO] |       from small pool |      2 MiB |      2 MiB |      2 MiB |      0 MiB |
[GPU 0] [05:22:46] [INFO] |---------------------------------------------------------------------------|
[GPU 0] [05:22:46] [INFO] | Requested memory      |  26560 MiB |  26560 MiB |  40673 MiB |  14113 MiB |
[GPU 0] [05:22:46] [INFO] |       from large pool |  26557 MiB |  26557 MiB |  40670 MiB |  14113 MiB |
[GPU 0] [05:22:46] [INFO] |       from small pool |      2 MiB |      2 MiB |      2 MiB |      0 MiB |
[GPU 0] [05:22:46] [INFO] |---------------------------------------------------------------------------|
[GPU 0] [05:22:46] [INFO] | GPU reserved memory   |  26564 MiB |  26564 MiB |  26564 MiB |      0 B   |
[GPU 0] [05:22:46] [INFO] |       from large pool |  26560 MiB |  26560 MiB |  26560 MiB |      0 B   |
[GPU 0] [05:22:46] [INFO] |       from small pool |      4 MiB |      4 MiB |      4 MiB |      0 B   |
[GPU 0] [05:22:46] [INFO] |---------------------------------------------------------------------------|
[GPU 0] [05:22:46] [INFO] | Non-releasable memory |      0 B   |      0 B   |      0 B   |      0 B   |
[GPU 0] [05:22:46] [INFO] |       from large pool |      0 B   |      0 B   |      0 B   |      0 B   |
[GPU 0] [05:22:46] [INFO] |       from small pool |      0 B   |      0 B   |      0 B   |      0 B   |
[GPU 0] [05:22:46] [INFO] |---------------------------------------------------------------------------|
[GPU 0] [05:22:46] [INFO] | Allocations           |    1513    |    1516    |    1632    |     119    |
[GPU 0] [05:22:46] [INFO] |       from large pool |    1180    |    1180    |    1233    |      53    |
[GPU 0] [05:22:46] [INFO] |       from small pool |     333    |     366    |     399    |      66    |
[GPU 0] [05:22:46] [INFO] |---------------------------------------------------------------------------|
[GPU 0] [05:22:46] [INFO] | Active allocs         |    1513    |    1516    |    1632    |     119    |
[GPU 0] [05:22:46] [INFO] |       from large pool |    1180    |    1180    |    1233    |      53    |
[GPU 0] [05:22:46] [INFO] |       from small pool |     333    |     366    |     399    |      66    |
[GPU 0] [05:22:46] [INFO] |---------------------------------------------------------------------------|
[GPU 0] [05:22:46] [INFO] | GPU reserved segments |       0    |       0    |       0    |       0    |
[GPU 0] [05:22:46] [INFO] |       from large pool |       0    |       0    |       0    |       0    |
[GPU 0] [05:22:46] [INFO] |       from small pool |       0    |       0    |       0    |       0    |
[GPU 0] [05:22:46] [INFO] |---------------------------------------------------------------------------|
[GPU 0] [05:22:46] [INFO] | Non-releasable allocs |       0    |       0    |       0    |       0    |
[GPU 0] [05:22:46] [INFO] |       from large pool |       0    |       0    |       0    |       0    |
[GPU 0] [05:22:46] [INFO] |       from small pool |       0    |       0    |       0    |       0    |
[GPU 0] [05:22:46] [INFO] |---------------------------------------------------------------------------|
[GPU 0] [05:22:46] [INFO] | Oversize allocations  |       0    |       0    |       0    |       0    |
[GPU 0] [05:22:46] [INFO] |---------------------------------------------------------------------------|
[GPU 0] [05:22:46] [INFO] | Oversize GPU segments |       0    |       0    |       0    |       0    |
[GPU 0] [05:22:46] [INFO] |===========================================================================|
[GPU 0] [05:22:46] [INFO] 
[GPU 0] [05:22:46] [INFO] Batch group start, LR: 1.0000e-08, 34697 batches
[GPU 0] [05:23:04] [INFO] CUDA memory after first training step:
[GPU 0] [05:23:04] [INFO] |===========================================================================|
[GPU 0] [05:23:04] [INFO] |                  PyTorch CUDA memory summary, device ID 0                 |
[GPU 0] [05:23:04] [INFO] |---------------------------------------------------------------------------|
[GPU 0] [05:23:04] [INFO] |            CUDA OOMs: 0            |        cudaMalloc retries: 0         |
[GPU 0] [05:23:04] [INFO] |===========================================================================|
[GPU 0] [05:23:04] [INFO] |        Metric         | Cur Usage  | Peak Usage | Tot Alloc  | Tot Freed  |
[GPU 0] [05:23:04] [INFO] |---------------------------------------------------------------------------|
[GPU 0] [05:23:04] [INFO] | Allocated memory      |  45772 MiB |  50696 MiB |   2241 GiB |   2196 GiB |
[GPU 0] [05:23:04] [INFO] |       from large pool |  45762 MiB |  50688 MiB |   2239 GiB |   2195 GiB |
[GPU 0] [05:23:04] [INFO] |       from small pool |      9 MiB |      9 MiB |      1 GiB |      1 GiB |
[GPU 0] [05:23:04] [INFO] |---------------------------------------------------------------------------|
[GPU 0] [05:23:04] [INFO] | Active memory         |  45772 MiB |  50696 MiB |   2241 GiB |   2196 GiB |
[GPU 0] [05:23:04] [INFO] |       from large pool |  45762 MiB |  50688 MiB |   2239 GiB |   2195 GiB |
[GPU 0] [05:23:04] [INFO] |       from small pool |      9 MiB |      9 MiB |      1 GiB |      1 GiB |
[GPU 0] [05:23:04] [INFO] |---------------------------------------------------------------------------|
[GPU 0] [05:23:04] [INFO] | Requested memory      |  45771 MiB |  50696 MiB |   2241 GiB |   2196 GiB |
[GPU 0] [05:23:04] [INFO] |       from large pool |  45762 MiB |  50688 MiB |   2239 GiB |   2195 GiB |
[GPU 0] [05:23:04] [INFO] |       from small pool |      9 MiB |      9 MiB |      1 GiB |      1 GiB |
[GPU 0] [05:23:04] [INFO] |---------------------------------------------------------------------------|
[GPU 0] [05:23:04] [INFO] | GPU reserved memory   |  51130 MiB |  51130 MiB |  51130 MiB |      0 B   |
[GPU 0] [05:23:04] [INFO] |       from large pool |  51120 MiB |  51120 MiB |  51120 MiB |      0 B   |
[GPU 0] [05:23:04] [INFO] |       from small pool |     10 MiB |     10 MiB |     10 MiB |      0 B   |
[GPU 0] [05:23:04] [INFO] |---------------------------------------------------------------------------|
[GPU 0] [05:23:04] [INFO] | Non-releasable memory |      0 B   |      0 B   |      0 B   |      0 B   |
[GPU 0] [05:23:04] [INFO] |       from large pool |      0 B   |      0 B   |      0 B   |      0 B   |
[GPU 0] [05:23:04] [INFO] |       from small pool |      0 B   |      0 B   |      0 B   |      0 B   |
[GPU 0] [05:23:04] [INFO] |---------------------------------------------------------------------------|
[GPU 0] [05:23:04] [INFO] | Allocations           |    3225    |    3225    |  117077    |  113852    |
[GPU 0] [05:23:04] [INFO] |       from large pool |    1657    |    1943    |   79434    |   77777    |
[GPU 0] [05:23:04] [INFO] |       from small pool |    1568    |    1568    |   37643    |   36075    |
[GPU 0] [05:23:04] [INFO] |---------------------------------------------------------------------------|
[GPU 0] [05:23:04] [INFO] | Active allocs         |    3225    |    3225    |  117077    |  113852    |
[GPU 0] [05:23:04] [INFO] |       from large pool |    1657    |    1943    |   79434    |   77777    |
[GPU 0] [05:23:04] [INFO] |       from small pool |    1568    |    1568    |   37643    |   36075    |
[GPU 0] [05:23:04] [INFO] |---------------------------------------------------------------------------|
[GPU 0] [05:23:04] [INFO] | GPU reserved segments |       0    |       0    |       0    |       0    |
[GPU 0] [05:23:04] [INFO] |       from large pool |       0    |       0    |       0    |       0    |
[GPU 0] [05:23:04] [INFO] |       from small pool |       0    |       0    |       0    |       0    |
[GPU 0] [05:23:04] [INFO] |---------------------------------------------------------------------------|
[GPU 0] [05:23:04] [INFO] | Non-releasable allocs |       0    |       0    |       0    |       0    |
[GPU 0] [05:23:04] [INFO] |       from large pool |       0    |       0    |       0    |       0    |
[GPU 0] [05:23:04] [INFO] |       from small pool |       0    |       0    |       0    |       0    |
[GPU 0] [05:23:04] [INFO] |---------------------------------------------------------------------------|
[GPU 0] [05:23:04] [INFO] | Oversize allocations  |       0    |       0    |       0    |       0    |
[GPU 0] [05:23:04] [INFO] |---------------------------------------------------------------------------|
[GPU 0] [05:23:04] [INFO] | Oversize GPU segments |       0    |       0    |       0    |       0    |
[GPU 0] [05:23:04] [INFO] |===========================================================================|
[GPU 0] [05:23:04] [INFO] 
[GPU 0] [05:23:04] [INFO] Step: 1, LR: 4.7427e-07
[GPU 0] [05:23:04] [INFO] Train Loss: CORE: 11.37 CODE-LISP: nan PAPERS-BIOLOGY: nan PAPERS-CYBER: nan PAPERS-NUCLEAR: nan 
[GPU 0] [06:54:14] [INFO] LR Scheduler: Group constant (step 694)
[GPU 0] [07:36:42] [INFO] Step: 1000, LR: 3.2221e-04
[GPU 0] [07:36:42] [INFO] Train Loss: CORE: 3.66 CODE-LISP: nan PAPERS-BIOLOGY: nan PAPERS-CYBER: nan PAPERS-NUCLEAR: nan 
[GPU 0] [09:54:44] [INFO] Step: 2000, LR: 3.2221e-04
[GPU 0] [09:54:44] [INFO] Train Loss: CORE: 2.85 CODE-LISP: nan PAPERS-BIOLOGY: nan PAPERS-CYBER: nan PAPERS-NUCLEAR: nan 
[GPU 0] [12:13:09] [INFO] Step: 3000, LR: 3.2221e-04
[GPU 0] [12:13:09] [INFO] Train Loss: CORE: 2.55 CODE-LISP: nan PAPERS-BIOLOGY: nan PAPERS-CYBER: nan PAPERS-NUCLEAR: nan 
[GPU 0] [14:32:07] [INFO] Step: 4000, LR: 3.2221e-04
[GPU 0] [14:32:07] [INFO] Train Loss: CORE: 2.59 CODE-LISP: nan PAPERS-BIOLOGY: nan PAPERS-CYBER: nan PAPERS-NUCLEAR: nan 
[GPU 0] [16:51:03] [INFO] Step: 5000, LR: 3.2221e-04
[GPU 0] [16:51:03] [INFO] Train Loss: CORE: 2.47 CODE-LISP: nan PAPERS-BIOLOGY: nan PAPERS-CYBER: nan PAPERS-NUCLEAR: nan 
[GPU 0] [19:06:58] [INFO] Step: 6000, LR: 3.2221e-04
[GPU 0] [19:06:58] [INFO] Train Loss: CORE: 2.31 CODE-LISP: nan PAPERS-BIOLOGY: nan PAPERS-CYBER: nan PAPERS-NUCLEAR: nan 
[GPU 0] [21:26:37] [INFO] Step: 7000, LR: 3.2221e-04
[GPU 0] [21:26:37] [INFO] Train Loss: CORE: 2.19 CODE-LISP: nan PAPERS-BIOLOGY: nan PAPERS-CYBER: nan PAPERS-NUCLEAR: nan 
[GPU 0] [23:45:56] [INFO] Step: 8000, LR: 3.2221e-04
[GPU 0] [23:45:56] [INFO] Train Loss: CORE: 2.26 CODE-LISP: nan PAPERS-BIOLOGY: nan PAPERS-CYBER: nan PAPERS-NUCLEAR: nan 
[GPU 0] [02:04:20] [INFO] Step: 9000, LR: 3.2221e-04
[GPU 0] [02:04:20] [INFO] Train Loss: CORE: 2.31 CODE-LISP: nan PAPERS-BIOLOGY: nan PAPERS-CYBER: nan PAPERS-NUCLEAR: nan 
[GPU 0] [04:23:11] [INFO] Step: 10000, LR: 3.2221e-04
[GPU 0] [04:23:11] [INFO] Train Loss: CORE: 2.32 CODE-LISP: nan PAPERS-BIOLOGY: nan PAPERS-CYBER: nan PAPERS-NUCLEAR: nan 
[GPU 0] [06:37:28] [INFO] Step: 11000, LR: 3.2221e-04
[GPU 0] [06:37:28] [INFO] Train Loss: CORE: 2.30 CODE-LISP: nan PAPERS-BIOLOGY: nan PAPERS-CYBER: nan PAPERS-NUCLEAR: nan 
[GPU 0] [08:56:10] [INFO] Step: 12000, LR: 3.2221e-04
[GPU 0] [08:56:10] [INFO] Train Loss: CORE: 2.20 CODE-LISP: nan PAPERS-BIOLOGY: nan PAPERS-CYBER: nan PAPERS-NUCLEAR: nan 
[GPU 0] [11:14:30] [INFO] Step: 13000, LR: 3.2221e-04
[GPU 0] [11:14:30] [INFO] Train Loss: CORE: 2.05 CODE-LISP: nan PAPERS-BIOLOGY: nan PAPERS-CYBER: nan PAPERS-NUCLEAR: nan 
[GPU 0] [13:33:19] [INFO] Step: 14000, LR: 3.2221e-04
[GPU 0] [13:33:19] [INFO] Train Loss: CORE: 2.22 CODE-LISP: nan PAPERS-BIOLOGY: nan PAPERS-CYBER: nan PAPERS-NUCLEAR: nan 
[GPU 0] [15:51:44] [INFO] Step: 15000, LR: 3.2221e-04
[GPU 0] [15:51:44] [INFO] Train Loss: CORE: 2.19 CODE-LISP: nan PAPERS-BIOLOGY: nan PAPERS-CYBER: nan PAPERS-NUCLEAR: nan 
[GPU 0] [18:10:42] [INFO] Step: 16000, LR: 3.2221e-04
[GPU 0] [18:10:42] [INFO] Train Loss: CORE: 2.14 CODE-LISP: nan PAPERS-BIOLOGY: nan PAPERS-CYBER: nan PAPERS-NUCLEAR: nan 
[GPU 0] [20:25:32] [INFO] Step: 17000, LR: 3.2221e-04
[GPU 0] [20:25:32] [INFO] Train Loss: CORE: 2.26 CODE-LISP: nan PAPERS-BIOLOGY: nan PAPERS-CYBER: nan PAPERS-NUCLEAR: nan 
[GPU 0] [22:45:02] [INFO] Step: 18000, LR: 3.2221e-04
[GPU 0] [22:45:02] [INFO] Train Loss: CORE: 2.16 CODE-LISP: nan PAPERS-BIOLOGY: nan PAPERS-CYBER: nan PAPERS-NUCLEAR: nan 
[GPU 0] [01:04:20] [INFO] Step: 19000, LR: 3.2221e-04
[GPU 0] [01:04:20] [INFO] Train Loss: CORE: 2.26 CODE-LISP: nan PAPERS-BIOLOGY: nan PAPERS-CYBER: nan PAPERS-NUCLEAR: nan 
[GPU 0] [03:23:29] [INFO] Step: 20000, LR: 3.2221e-04
[GPU 0] [03:23:29] [INFO] Train Loss: CORE: 2.25 CODE-LISP: nan PAPERS-BIOLOGY: nan PAPERS-CYBER: nan PAPERS-NUCLEAR: nan 
[GPU 0] [05:42:21] [INFO] Step: 21000, LR: 3.2221e-04
[GPU 0] [05:42:21] [INFO] Train Loss: CORE: 2.05 CODE-LISP: nan PAPERS-BIOLOGY: nan PAPERS-CYBER: nan PAPERS-NUCLEAR: nan 
[GPU 0] [07:57:09] [INFO] Step: 22000, LR: 3.2221e-04
[GPU 0] [07:57:09] [INFO] Train Loss: CORE: 2.06 CODE-LISP: nan PAPERS-BIOLOGY: nan PAPERS-CYBER: nan PAPERS-NUCLEAR: nan 
[GPU 0] [10:16:27] [INFO] Step: 23000, LR: 3.2221e-04
[GPU 0] [10:16:27] [INFO] Train Loss: CORE: 2.14 CODE-LISP: nan PAPERS-BIOLOGY: nan PAPERS-CYBER: nan PAPERS-NUCLEAR: nan 
[GPU 0] [12:35:33] [INFO] Step: 24000, LR: 3.2221e-04
[GPU 0] [12:35:33] [INFO] Train Loss: CORE: 2.16 CODE-LISP: nan PAPERS-BIOLOGY: nan PAPERS-CYBER: nan PAPERS-NUCLEAR: nan 
[GPU 0] [14:54:49] [INFO] Step: 25000, LR: 3.2221e-04
[GPU 0] [14:54:49] [INFO] Train Loss: CORE: 2.13 CODE-LISP: nan PAPERS-BIOLOGY: nan PAPERS-CYBER: nan PAPERS-NUCLEAR: nan 
[GPU 0] [17:17:58] [INFO] Step: 26000, LR: 3.2221e-04
[GPU 0] [17:17:58] [INFO] Train Loss: CORE: 2.02 CODE-LISP: nan PAPERS-BIOLOGY: nan PAPERS-CYBER: nan PAPERS-NUCLEAR: nan 
[GPU 0] [19:39:04] [INFO] Step: 27000, LR: 3.2221e-04
[GPU 0] [19:39:04] [INFO] Train Loss: CORE: 1.97 CODE-LISP: nan PAPERS-BIOLOGY: nan PAPERS-CYBER: nan PAPERS-NUCLEAR: nan 
[GPU 0] [21:54:02] [INFO] Step: 28000, LR: 3.2221e-04
[GPU 0] [21:54:02] [INFO] Train Loss: CORE: 2.22 CODE-LISP: nan PAPERS-BIOLOGY: nan PAPERS-CYBER: nan PAPERS-NUCLEAR: nan 
[GPU 0] [00:13:24] [INFO] Step: 29000, LR: 3.2221e-04
[GPU 0] [00:13:24] [INFO] Train Loss: CORE: 2.19 CODE-LISP: nan PAPERS-BIOLOGY: nan PAPERS-CYBER: nan PAPERS-NUCLEAR: nan 
[GPU 0] [02:32:53] [INFO] Step: 30000, LR: 3.2221e-04
[GPU 0] [02:32:53] [INFO] Train Loss: CORE: 2.04 CODE-LISP: nan PAPERS-BIOLOGY: nan PAPERS-CYBER: nan PAPERS-NUCLEAR: nan 
[GPU 0] [04:51:46] [INFO] Step: 31000, LR: 3.2221e-04
[GPU 0] [04:51:46] [INFO] Train Loss: CORE: 2.10 CODE-LISP: nan PAPERS-BIOLOGY: nan PAPERS-CYBER: nan PAPERS-NUCLEAR: nan 
[GPU 0] [05:20:27] [INFO] LR Scheduler: Group decay (step 31227)
[GPU 0] [07:12:20] [INFO] Step: 32000, LR: 2.5044e-04
[GPU 0] [07:12:20] [INFO] Train Loss: CORE: 2.12 CODE-LISP: nan PAPERS-BIOLOGY: nan PAPERS-CYBER: nan PAPERS-NUCLEAR: nan 
[GPU 0] [09:27:24] [INFO] Step: 33000, LR: 1.5758e-04
[GPU 0] [09:27:24] [INFO] Train Loss: CORE: 2.23 CODE-LISP: nan PAPERS-BIOLOGY: nan PAPERS-CYBER: nan PAPERS-NUCLEAR: nan 
[GPU 0] [11:49:54] [INFO] Step: 34000, LR: 6.4729e-05
[GPU 0] [11:49:54] [INFO] Train Loss: CORE: 2.15 CODE-LISP: nan PAPERS-BIOLOGY: nan PAPERS-CYBER: nan PAPERS-NUCLEAR: nan 
[GPU 0] [02:14:22] [INFO] Number of GPUs: 32
[GPU 0] [02:14:23] [INFO] Tokenizer vocabulary: 50257
[GPU 0] [02:14:23] [INFO] Set model vocab size to nearest multiple of 64 of tokenizer size: 50304
[GPU 0] [02:14:55] [INFO] target effective batch size: 2770, actual effective batch size: 2752, micro batch size: 2, accumulation steps: 43, num gpus: 32
[GPU 0] [02:14:55] [INFO] core total number of tokens: 124693822984
[GPU 0] [02:14:55] [INFO] Baseline model has 4,967,743,104 parameters
[GPU 0] [02:14:55] [INFO] core: chinchilla optimal tokens: 99,354,862,080, requested proportion: 1.0000, requested number of tokens: 99,354,862,080.0, 
[GPU 0] [02:14:55] [INFO] aux total number of tokens: 4835776549
[GPU 0] [02:14:55] [INFO] Baseline model has 4,967,743,104 parameters
[GPU 0] [02:14:55] [INFO] aux: chinchilla optimal tokens: 99,354,862,080, requested proportion: 0.0100, requested number of tokens: 993,548,620.8000001, 
[GPU 0] [02:14:56] [DEBUG] Saved config to /workspace/gradient-routing/experiments/AGI-1699-New-Dataset-Runs/results/scaling/realistic/lora/5B/seed_1/20260422052119858787/config.json
[GPU 0] [02:14:56] [DEBUG] {
    "stages": [
        {
            "name": "routed",
            "num_checkpoints": 100,
            "lr": 0.00032221152797331777,
            "res_dir": "/workspace/gradient-routing/experiments/AGI-1699-New-Dataset-Runs/results/scaling/realistic/lora/5B/seed_1/20260422052119858787/routed",
            "do_eval": true,
            "do_sample": false,
            "num_train_evals": 0,
            "do_elicit": true,
            "elicit_eval_prc": 0.5,
            "elicit_num_evals": 100,
            "model": {
                "arch": "lora",
                "tokenizer": "GPT2Tokenizer(name_or_path='EleutherAI/gpt-neo-125M', vocab_size=50257, model_max_length=2048, padding_side='right', truncation_side='right', special_tokens={'bos_token': '<|endoftext|>', 'eos_token': '<|endoftext|>', 'unk_token': '<|endoftext|>'}, added_tokens_decoder={\n\t50256: AddedToken(\"<|endoftext|>\", rstrip=False, lstrip=False, single_word=False, normalized=True, special=True),\n}\n)",
                "ctx_len": 1024,
                "vocab_size": 50304,
                "num_layers": 47,
                "num_heads": 8,
                "num_key_value": 2,
                "attn_bias": true,
                "eos_token_id": 50256,
                "embed_dim": 3072,
                "mlp_dim": 12288,
                "core_param_prc": 1.0,
                "aux_param_prc": 0.1
            },
            "eval_arbsub": false,
            "aux_factor": {
                "code-lisp": 2.0,
                "papers-biology": 1.0,
                "papers-nuclear": 1.0,
                "papers-cyber": 1.0
            },
            "core_aux_ratio": 1.0,
            "equal_compute": true
        }
    ],
    "model": {
        "arch": "base",
        "tokenizer": "GPT2Tokenizer(name_or_path='EleutherAI/gpt-neo-125M', vocab_size=50257, model_max_length=2048, padding_side='right', truncation_side='right', special_tokens={'bos_token': '<|endoftext|>', 'eos_token': '<|endoftext|>', 'unk_token': '<|endoftext|>'}, added_tokens_decoder={\n\t50256: AddedToken(\"<|endoftext|>\", rstrip=False, lstrip=False, single_word=False, normalized=True, special=True),\n}\n)",
        "ctx_len": 1024,
        "vocab_size": 50304,
        "num_layers": 47,
        "num_heads": 8,
        "num_key_value": 2,
        "attn_bias": true,
        "eos_token_id": 50256,
        "embed_dim": 3072,
        "mlp_dim": 12288
    },
    "data": {
        "dirs": [
            "/workspace/gradient-routing/experiments/AGI-1699-New-Dataset-Runs/src/data/fineweb",
            "/workspace/gradient-routing/experiments/AGI-1699-New-Dataset-Runs/src/data/code",
            "/workspace/gradient-routing/experiments/AGI-1699-New-Dataset-Runs/src/data/papers"
        ],
        "core": {
            "labels": [
                "fineweb",
                "code-other",
                "papers-other"
            ],
            "method": "optimal",
            "limit": 1.0,
            "dist": {
                "fineweb": 0.84,
                "code-other": 0.15,
                "papers-other": 0.01
            },
            "num_tok": 99354862080.0
        },
        "aux": {
            "labels": [
                "code-lisp",
                "papers-biology",
                "papers-nuclear",
                "papers-cyber"
            ],
            "method": "optimal",
            "limit": 0.01,
            "dist": {
                "code-lisp": 0.25,
                "papers-biology": 0.25,
                "papers-nuclear": 0.25,
                "papers-cyber": 0.25
            },
            "num_tok": 993548620.8000001
        }
    },
    "run": {
        "target_effective_batch_size": 2770,
        "effective_batch_size": 2752,
        "micro_batch_size": 2,
        "accumulation_steps": 43,
        "max_num_test_sequences": 10000,
        "eval_all_labels": false,
        "micro_batch_anchors": [
            [
                400000000.0,
                23
            ],
            [
                5000000000.0,
                2
            ]
        ],
        "epochs": 1,
        "adam_betas": [
            0.9,
            0.95
        ],
        "warmup_prc": 0.02,
        "decay_prc": 0.1,
        "seed": 1,
        "compile": true,
        "is_ddp": true,
        "optimize_routed": true,
        "cleanup_distributed": true,
        "log_level": "DEBUG",
        "num_gpus": 32,
        "process_id": 0,
        "num_base_params": 4967743104,
        "device": "cuda",
        "logger": "<Logger training_20260422052119858787 (DEBUG)>",
        "labels": [
            "core",
            "code-lisp",
            "papers-biology",
            "papers-cyber",
            "papers-nuclear"
        ],
        "loaders": {
            "code-lisp": {
                "train": "SingleDataLoader(code-lisp_train_001.bin, len=3790)",
                "test": "InterleavedDataLoader(len=172)"
            },
            "code-other": {
                "train": "InterleavedDataLoader(len=227405)",
                "test": "InterleavedDataLoader(len=172)"
            },
            "fineweb": {
                "train": "InterleavedDataLoader(len=1273469)",
                "test": "InterleavedDataLoader(len=172)"
            },
            "papers-biology": {
                "train": "SingleDataLoader(papers-biology_train.bin, len=3790)",
                "test": "SingleDataLoader(papers-biology_test.bin, len=172)"
            },
            "papers-cyber": {
                "train": "SingleDataLoader(papers-cyber_train.bin, len=3790)",
                "test": "SingleDataLoader(papers-cyber_test.bin, len=172)"
            },
            "papers-nuclear": {
                "train": "SingleDataLoader(papers-nuclear_train.bin, len=3790)",
                "test": "SingleDataLoader(papers-nuclear_test.bin, len=172)"
            },
            "papers-other": {
                "train": "SingleDataLoader(papers-other_train.bin, len=15160)",
                "test": "SingleDataLoader(papers-other_test.bin, len=172)"
            },
            "core": {
                "train": "InterleavedDataLoader(len=1516034)",
                "test": "InterleavedDataLoader(len=516)"
            },
            "aux": {
                "train": "InterleavedDataLoader(len=15160)",
                "test": "InterleavedDataLoader(len=688)"
            },
            "all": {
                "train": "InterleavedDataLoader(len=1531194)",
                "test": "InterleavedDataLoader(len=1204)"
            }
        },
        "res_root": "/workspace/gradient-routing/experiments/AGI-1699-New-Dataset-Runs/results/scaling/realistic/lora/5B/seed_1",
        "experiment_id": "20260422052119858787",
        "s3_bucket": "ae-gradient-routing-results",
        "s3_prefix": "scaling/realistic/lora/5B/seed_1"
    }
}
[GPU 0] [02:14:56] [INFO] Loader code-lisp train: 3790, test: 172
[GPU 0] [02:14:56] [INFO] Loader code-other train: 227405, test: 172
[GPU 0] [02:14:56] [INFO] Loader fineweb train: 1273469, test: 172
[GPU 0] [02:14:56] [INFO] Loader papers-biology train: 3790, test: 172
[GPU 0] [02:14:56] [INFO] Loader papers-cyber train: 3790, test: 172
[GPU 0] [02:14:56] [INFO] Loader papers-nuclear train: 3790, test: 172
[GPU 0] [02:14:56] [INFO] Loader papers-other train: 15160, test: 172
[GPU 0] [02:14:56] [INFO] Loader core train: 1516034, test: 516
[GPU 0] [02:14:56] [INFO] Loader aux train: 15160, test: 688
[GPU 0] [02:14:56] [INFO] Loader all train: 1531194, test: 1204
[GPU 0] [02:14:56] [INFO] Stage [routed] start: {"name": "routed", "num_checkpoints": 100, "lr": 0.00032221152797331777, "res_dir": "/workspace/gradient-routing/experiments/AGI-1699-New-Dataset-Runs/results/scaling/realistic/lora/5B/seed_1/20260422052119858787/routed", "do_eval": true, "do_sample": false, "num_train_evals": 0, "do_elicit": true, "elicit_eval_prc": 0.5, "elicit_num_evals": 100, "model": {"arch": "lora", "tokenizer": "GPT2Tokenizer(name_or_path='EleutherAI/gpt-neo-125M', vocab_size=50257, model_max_length=2048, padding_side='right', truncation_side='right', special_tokens={'bos_token': '<|endoftext|>', 'eos_token': '<|endoftext|>', 'unk_token': '<|endoftext|>'}, added_tokens_decoder={\n\t50256: AddedToken(\"<|endoftext|>\", rstrip=False, lstrip=False, single_word=False, normalized=True, special=True),\n}\n)", "ctx_len": 1024, "vocab_size": 50304, "num_layers": 47, "num_heads": 8, "num_key_value": 2, "attn_bias": true, "eos_token_id": 50256, "embed_dim": 3072, "mlp_dim": 12288, "core_param_prc": 1.0, "aux_param_prc": 0.1}, "eval_arbsub": false, "aux_factor": {"code-lisp": 2.0, "papers-biology": 1.0, "papers-nuclear": 1.0, "papers-cyber": 1.0}, "core_aux_ratio": 1.0, "equal_compute": true}
[GPU 0] [02:14:56] [INFO] ROUTED START
[GPU 0] [02:15:34] [INFO] Initialized LoRATransformer with 6,371,155,584 total parameters
[GPU 0] [02:15:34] [INFO]   Label 'core' has 3,549,103,104 parameters
[GPU 0] [02:15:34] [INFO]   Label 'code-lisp' has 350,853,120 parameters
[GPU 0] [02:15:34] [INFO]   Label 'papers-biology' has 350,853,120 parameters
[GPU 0] [02:15:34] [INFO]   Label 'papers-cyber' has 350,853,120 parameters
[GPU 0] [02:15:34] [INFO]   Label 'papers-nuclear' has 350,853,120 parameters
[GPU 0] [02:15:34] [INFO]   Label 'SHARED' has 1,418,640,000 parameters
[GPU 0] [02:15:34] [INFO] Compiling LoRATransformer with torch.compile...
[GPU 0] [02:15:35] [INFO] torch.compile done
[GPU 0] [02:15:54] [INFO] ---- Begin Routed Ordered ----
[GPU 0] [02:15:54] [INFO] compute-equal: initial len_base: 1493294 & len_ft: 37900
[GPU 0] [02:15:54] [INFO] compute-equal: flop_diff < 0, (-13297333248000.0 < 0), must truncate training
[GPU 0] [02:15:54] [INFO] compute-equal: len_base: -1338 -> 1491956, len_ft: -1250 -> 36650
[GPU 0] [02:15:54] [WARNING] utilized_aux > len_all_aux, (18325 > 15160), must resample aux
[GPU 0] [02:15:54] [INFO] 
len_all: 1531194, len_all_aux: 15160, len_all_core: 1516034,
len_base: 1491956, len_ft: 36650,
len_core_for_ft: 18325, len_aux_for_ft: 18325,
aux_factor: {'code-lisp': 2.0, 'papers-biology': 1.0, 'papers-nuclear': 1.0, 'papers-cyber': 1.0}, core_aux_ratio: 1.0,
equal_compute: True
[GPU 0] [02:15:54] [INFO] Batch [('core', ('core',), ('core', 'SHARED'))] count: 34697
[GPU 0] [02:15:54] [INFO] Batch [('code-lisp', ('core', 'code-lisp'), ('code-lisp',))] count: 170
[GPU 0] [02:15:54] [INFO] Batch [('core', ('core', 'code-lisp'), ('code-lisp',))] count: 170
[GPU 0] [02:15:54] [INFO] Batch [('core', ('core', 'papers-biology'), ('papers-biology',))] count: 85
[GPU 0] [02:15:54] [INFO] Batch [('papers-biology', ('core', 'papers-biology'), ('papers-biology',))] count: 85
[GPU 0] [02:15:54] [INFO] Batch [('core', ('core', 'papers-nuclear'), ('papers-nuclear',))] count: 85
[GPU 0] [02:15:54] [INFO] Batch [('papers-nuclear', ('core', 'papers-nuclear'), ('papers-nuclear',))] count: 85
[GPU 0] [02:15:54] [INFO] Batch [('core', ('core', 'papers-cyber'), ('papers-cyber',))] count: 85
[GPU 0] [02:15:54] [INFO] Batch [('papers-cyber', ('core', 'papers-cyber'), ('papers-cyber',))] count: 85
[GPU 0] [02:15:54] [WARNING] len_batches != expected, (35547 != 35549), 2 length difference
[GPU 0] [02:15:54] [INFO] ---- Begin Routed ----
[GPU 0] [02:15:58] [INFO] Restored 1480705 train loss entries
[GPU 0] [02:15:58] [INFO] Restored 0 val loss entries
[GPU 0] [02:15:58] [INFO] LR schedule group 0: steps [0, 34697), warmup=694, constant=30533, decay=3470
[GPU 0] [02:15:58] [INFO] LR schedule group 1: steps [34697, 35037), warmup=7, constant=299, decay=34
[GPU 0] [02:15:58] [INFO] LR schedule group 2: steps [35037, 35207), warmup=3, constant=150, decay=17
[GPU 0] [02:15:58] [INFO] LR schedule group 3: steps [35207, 35377), warmup=3, constant=150, decay=17
[GPU 0] [02:15:58] [INFO] LR schedule group 4: steps [35377, 35547), warmup=3, constant=150, decay=17
[GPU 0] [02:15:58] [INFO] LR Scheduler: Group warmup (step 0)
[GPU 0] [02:15:58] [INFO] Restored scheduler to step 34435, LR: 2.4338e-05
[GPU 0] [02:15:58] [INFO] CUDA memory before training loop:
[GPU 0] [02:15:58] [INFO] |===========================================================================|
[GPU 0] [02:15:58] [INFO] |                  PyTorch CUDA memory summary, device ID 0                 |
[GPU 0] [02:15:58] [INFO] |---------------------------------------------------------------------------|
[GPU 0] [02:15:58] [INFO] |            CUDA OOMs: 0            |        cudaMalloc retries: 0         |
[GPU 0] [02:15:58] [INFO] |===========================================================================|
[GPU 0] [02:15:58] [INFO] |        Metric         | Cur Usage  | Peak Usage | Tot Alloc  | Tot Freed  |
[GPU 0] [02:15:58] [INFO] |---------------------------------------------------------------------------|
[GPU 0] [02:15:58] [INFO] | Allocated memory      |  45510 MiB |  45510 MiB |  59624 MiB |  14113 MiB |
[GPU 0] [02:15:58] [INFO] |       from large pool |  45502 MiB |  45502 MiB |  59615 MiB |  14113 MiB |
[GPU 0] [02:15:58] [INFO] |       from small pool |      8 MiB |      8 MiB |      8 MiB |      0 MiB |
[GPU 0] [02:15:58] [INFO] |---------------------------------------------------------------------------|
[GPU 0] [02:15:58] [INFO] | Active memory         |  45510 MiB |  45510 MiB |  59624 MiB |  14113 MiB |
[GPU 0] [02:15:58] [INFO] |       from large pool |  45502 MiB |  45502 MiB |  59615 MiB |  14113 MiB |
[GPU 0] [02:15:58] [INFO] |       from small pool |      8 MiB |      8 MiB |      8 MiB |      0 MiB |
[GPU 0] [02:15:58] [INFO] |---------------------------------------------------------------------------|
[GPU 0] [02:15:58] [INFO] | Requested memory      |  45510 MiB |  45510 MiB |  59623 MiB |  14113 MiB |
[GPU 0] [02:15:58] [INFO] |       from large pool |  45502 MiB |  45502 MiB |  59615 MiB |  14113 MiB |
[GPU 0] [02:15:58] [INFO] |       from small pool |      8 MiB |      8 MiB |      8 MiB |      0 MiB |
[GPU 0] [02:15:58] [INFO] |---------------------------------------------------------------------------|
[GPU 0] [02:15:58] [INFO] | GPU reserved memory   |  45530 MiB |  45530 MiB |  45530 MiB |      0 B   |
[GPU 0] [02:15:58] [INFO] |       from large pool |  45520 MiB |  45520 MiB |  45520 MiB |      0 B   |
[GPU 0] [02:15:58] [INFO] |       from small pool |     10 MiB |     10 MiB |     10 MiB |      0 B   |
[GPU 0] [02:15:58] [INFO] |---------------------------------------------------------------------------|
[GPU 0] [02:15:58] [INFO] | Non-releasable memory |      0 B   |      0 B   |      0 B   |      0 B   |
[GPU 0] [02:15:58] [INFO] |       from large pool |      0 B   |      0 B   |      0 B   |      0 B   |
[GPU 0] [02:15:58] [INFO] |       from small pool |      0 B   |      0 B   |      0 B   |      0 B   |
[GPU 0] [02:15:58] [INFO] |---------------------------------------------------------------------------|
[GPU 0] [02:15:58] [INFO] | Allocations           |    3217    |    3217    |    3338    |     121    |
[GPU 0] [02:15:58] [INFO] |       from large pool |    1654    |    1654    |    1707    |      53    |
[GPU 0] [02:15:58] [INFO] |       from small pool |    1563    |    1563    |    1631    |      68    |
[GPU 0] [02:15:58] [INFO] |---------------------------------------------------------------------------|
[GPU 0] [02:15:58] [INFO] | Active allocs         |    3217    |    3217    |    3338    |     121    |
[GPU 0] [02:15:58] [INFO] |       from large pool |    1654    |    1654    |    1707    |      53    |
[GPU 0] [02:15:58] [INFO] |       from small pool |    1563    |    1563    |    1631    |      68    |
[GPU 0] [02:15:58] [INFO] |---------------------------------------------------------------------------|
[GPU 0] [02:15:58] [INFO] | GPU reserved segments |       0    |       0    |       0    |       0    |
[GPU 0] [02:15:58] [INFO] |       from large pool |       0    |       0    |       0    |       0    |
[GPU 0] [02:15:58] [INFO] |       from small pool |       0    |       0    |       0    |       0    |
[GPU 0] [02:15:58] [INFO] |---------------------------------------------------------------------------|
[GPU 0] [02:15:58] [INFO] | Non-releasable allocs |       0    |       0    |       0    |       0    |
[GPU 0] [02:15:58] [INFO] |       from large pool |       0    |       0    |       0    |       0    |
[GPU 0] [02:15:58] [INFO] |       from small pool |       0    |       0    |       0    |       0    |
[GPU 0] [02:15:58] [INFO] |---------------------------------------------------------------------------|
[GPU 0] [02:15:58] [INFO] | Oversize allocations  |       0    |       0    |       0    |       0    |
[GPU 0] [02:15:58] [INFO] |---------------------------------------------------------------------------|
[GPU 0] [02:15:58] [INFO] | Oversize GPU segments |       0    |       0    |       0    |       0    |
[GPU 0] [02:15:58] [INFO] |===========================================================================|
[GPU 0] [02:15:58] [INFO] 
[GPU 0] [02:15:58] [INFO] Batch group start, LR: 2.4338e-05, 34697 batches
[GPU 0] [02:19:58] [INFO] CUDA memory after first training step:
[GPU 0] [02:19:58] [INFO] |===========================================================================|
[GPU 0] [02:19:58] [INFO] |                  PyTorch CUDA memory summary, device ID 0                 |
[GPU 0] [02:19:58] [INFO] |---------------------------------------------------------------------------|
[GPU 0] [02:19:58] [INFO] |            CUDA OOMs: 0            |        cudaMalloc retries: 0         |
[GPU 0] [02:19:58] [INFO] |===========================================================================|
[GPU 0] [02:19:58] [INFO] |        Metric         | Cur Usage  | Peak Usage | Tot Alloc  | Tot Freed  |
[GPU 0] [02:19:58] [INFO] |---------------------------------------------------------------------------|
[GPU 0] [02:19:58] [INFO] | Allocated memory      |  45772 MiB |  69646 MiB |   4419 GiB |   4374 GiB |
[GPU 0] [02:19:58] [INFO] |       from large pool |  45762 MiB |  69633 MiB |   4393 GiB |   4348 GiB |
[GPU 0] [02:19:58] [INFO] |       from small pool |      9 MiB |     13 MiB |     26 GiB |     26 GiB |
[GPU 0] [02:19:58] [INFO] |---------------------------------------------------------------------------|
[GPU 0] [02:19:58] [INFO] | Active memory         |  45772 MiB |  69646 MiB |   4419 GiB |   4374 GiB |
[GPU 0] [02:19:58] [INFO] |       from large pool |  45762 MiB |  69633 MiB |   4393 GiB |   4348 GiB |
[GPU 0] [02:19:58] [INFO] |       from small pool |      9 MiB |     13 MiB |     26 GiB |     26 GiB |
[GPU 0] [02:19:58] [INFO] |---------------------------------------------------------------------------|
[GPU 0] [02:19:58] [INFO] | Requested memory      |  45771 MiB |  69646 MiB |   4418 GiB |   4373 GiB |
[GPU 0] [02:19:58] [INFO] |       from large pool |  45762 MiB |  69633 MiB |   4393 GiB |   4348 GiB |
[GPU 0] [02:19:58] [INFO] |       from small pool |      9 MiB |     12 MiB |     25 GiB |     25 GiB |
[GPU 0] [02:19:58] [INFO] |---------------------------------------------------------------------------|
[GPU 0] [02:19:58] [INFO] | GPU reserved memory   |  70094 MiB |  70094 MiB |  70094 MiB |      0 B   |
[GPU 0] [02:19:58] [INFO] |       from large pool |  70080 MiB |  70080 MiB |  70080 MiB |      0 B   |
[GPU 0] [02:19:58] [INFO] |       from small pool |     14 MiB |     14 MiB |     14 MiB |      0 B   |
[GPU 0] [02:19:58] [INFO] |---------------------------------------------------------------------------|
[GPU 0] [02:19:58] [INFO] | Non-releasable memory |      0 B   |      0 B   |      0 B   |      0 B   |
[GPU 0] [02:19:58] [INFO] |       from large pool |      0 B   |      0 B   |      0 B   |      0 B   |
[GPU 0] [02:19:58] [INFO] |       from small pool |      0 B   |      0 B   |      0 B   |      0 B   |
[GPU 0] [02:19:58] [INFO] |---------------------------------------------------------------------------|
[GPU 0] [02:19:58] [INFO] | Allocations           |    3225    |    4414    |    1710 K  |    1707 K  |
[GPU 0] [02:19:58] [INFO] |       from large pool |    1657    |    2417    |     156 K  |     155 K  |
[GPU 0] [02:19:58] [INFO] |       from small pool |    1568    |    2138    |    1553 K  |    1552 K  |
[GPU 0] [02:19:58] [INFO] |---------------------------------------------------------------------------|
[GPU 0] [02:19:58] [INFO] | Active allocs         |    3225    |    4414    |    1710 K  |    1707 K  |
[GPU 0] [02:19:58] [INFO] |       from large pool |    1657    |    2417    |     156 K  |     155 K  |
[GPU 0] [02:19:58] [INFO] |       from small pool |    1568    |    2138    |    1553 K  |    1552 K  |
[GPU 0] [02:19:58] [INFO] |---------------------------------------------------------------------------|
[GPU 0] [02:19:58] [INFO] | GPU reserved segments |       0    |       0    |       0    |       0    |
[GPU 0] [02:19:58] [INFO] |       from large pool |       0    |       0    |       0    |       0    |
[GPU 0] [02:19:58] [INFO] |       from small pool |       0    |       0    |       0    |       0    |
[GPU 0] [02:19:58] [INFO] |---------------------------------------------------------------------------|
[GPU 0] [02:19:58] [INFO] | Non-releasable allocs |       0    |       0    |       0    |       0    |
[GPU 0] [02:19:58] [INFO] |       from large pool |       0    |       0    |       0    |       0    |
[GPU 0] [02:19:58] [INFO] |       from small pool |       0    |       0    |       0    |       0    |
[GPU 0] [02:19:58] [INFO] |---------------------------------------------------------------------------|
[GPU 0] [02:19:58] [INFO] | Oversize allocations  |       0    |       0    |       0    |       0    |
[GPU 0] [02:19:58] [INFO] |---------------------------------------------------------------------------|
[GPU 0] [02:19:58] [INFO] | Oversize GPU segments |       0    |       0    |       0    |       0    |
[GPU 0] [02:19:58] [INFO] |===========================================================================|
[GPU 0] [02:19:58] [INFO] 
[GPU 0] [02:52:56] [INFO] LR Scheduler: Group warmup (step 34697)
[GPU 0] [02:52:56] [INFO] Batch group start, LR: 1.0000e-08, 340 batches
[GPU 0] [02:54:08] [INFO] LR Scheduler: Group constant (step 34704)
[GPU 0] [03:44:46] [INFO] Step: 35000, LR: 3.2221e-04
[GPU 0] [03:44:46] [INFO] Train Loss: CORE: 2.04 CODE-LISP: 0.54 PAPERS-BIOLOGY: nan PAPERS-CYBER: nan PAPERS-NUCLEAR: nan 
[GPU 0] [03:45:14] [INFO] LR Scheduler: Group decay (step 35003)
[GPU 0] [03:50:34] [INFO] LR Scheduler: Group warmup (step 35037)
[GPU 0] [03:50:34] [INFO] Batch group start, LR: 1.0000e-08, 170 batches
[GPU 0] [03:51:04] [INFO] LR Scheduler: Group constant (step 35040)
[GPU 0] [04:19:31] [INFO] LR Scheduler: Group decay (step 35190)
[GPU 0] [04:22:13] [INFO] LR Scheduler: Group warmup (step 35207)
[GPU 0] [04:22:13] [INFO] Batch group start, LR: 1.0000e-08, 170 batches
[GPU 0] [04:22:43] [INFO] LR Scheduler: Group constant (step 35210)
[GPU 0] [04:46:18] [INFO] LR Scheduler: Group decay (step 35360)
[GPU 0] [04:48:57] [INFO] LR Scheduler: Group warmup (step 35377)
[GPU 0] [04:48:57] [INFO] Batch group start, LR: 1.0000e-08, 170 batches
[GPU 0] [04:49:27] [INFO] LR Scheduler: Group constant (step 35380)
[GPU 0] [05:18:24] [INFO] LR Scheduler: Group decay (step 35530)
[GPU 0] [05:21:06] [INFO] Step: 35547, LR: 1.0000e-08
[GPU 0] [05:21:06] [INFO] Train Loss: CORE: 2.21 CODE-LISP: 0.55 PAPERS-BIOLOGY: 1.98 PAPERS-CYBER: 2.28 PAPERS-NUCLEAR: 2.39 
[GPU 0] [05:25:51] [INFO] ---- Begin Eval ----
[GPU 0] [05:25:51] [INFO] Data: core | Experts: ['core']
[GPU 0] [05:26:29] [INFO] loss: 1.59328187
[GPU 0] [05:26:29] [INFO] Data: code-lisp | Experts: ['core']
[GPU 0] [05:26:39] [INFO] loss: 1.16069019
[GPU 0] [05:26:39] [INFO] Data: papers-biology | Experts: ['core']
[GPU 0] [05:26:50] [INFO] loss: 2.12507081
[GPU 0] [05:26:50] [INFO] Data: papers-nuclear | Experts: ['core']
[GPU 0] [05:27:01] [INFO] loss: 2.52435017
[GPU 0] [05:27:01] [INFO] Data: papers-cyber | Experts: ['core']
[GPU 0] [05:27:11] [INFO] loss: 2.38223052
[GPU 0] [05:27:11] [INFO] ---- Begin Eval ----
[GPU 0] [05:27:11] [INFO] Data: core | Experts: ['code-lisp', 'core']
[GPU 0] [05:27:53] [INFO] loss: 1.60101891
[GPU 0] [05:27:53] [INFO] Data: code-lisp | Experts: ['code-lisp', 'core']
[GPU 0] [05:28:07] [INFO] loss: 0.62740135
[GPU 0] [05:28:07] [INFO] Data: papers-biology | Experts: ['code-lisp', 'core']
[GPU 0] [05:28:20] [INFO] loss: 2.13115048
[GPU 0] [05:28:20] [INFO] Data: papers-nuclear | Experts: ['code-lisp', 'core']
[GPU 0] [05:28:34] [INFO] loss: 2.53140473
[GPU 0] [05:28:34] [INFO] Data: papers-cyber | Experts: ['code-lisp', 'core']
[GPU 0] [05:28:48] [INFO] loss: 2.39062786
[GPU 0] [05:28:48] [INFO] ---- Begin Eval ----
[GPU 0] [05:28:48] [INFO] Data: core | Experts: ['core', 'papers-biology']
[GPU 0] [05:29:28] [INFO] loss: 1.59798253
[GPU 0] [05:29:28] [INFO] Data: code-lisp | Experts: ['core', 'papers-biology']
[GPU 0] [05:29:42] [INFO] loss: 1.16342270
[GPU 0] [05:29:42] [INFO] Data: papers-biology | Experts: ['core', 'papers-biology']
[GPU 0] [05:29:56] [INFO] loss: 2.01910973
[GPU 0] [05:29:56] [INFO] Data: papers-nuclear | Experts: ['core', 'papers-biology']
[GPU 0] [05:30:09] [INFO] loss: 2.51911831
[GPU 0] [05:30:09] [INFO] Data: papers-cyber | Experts: ['core', 'papers-biology']
[GPU 0] [05:30:23] [INFO] loss: 2.38639092
[GPU 0] [05:30:23] [INFO] ---- Begin Eval ----
[GPU 0] [05:30:23] [INFO] Data: core | Experts: ['core', 'papers-nuclear']
[GPU 0] [05:31:03] [INFO] loss: 1.60294962
[GPU 0] [05:31:03] [INFO] Data: code-lisp | Experts: ['core', 'papers-nuclear']
[GPU 0] [05:31:16] [INFO] loss: 1.16462815
[GPU 0] [05:31:16] [INFO] Data: papers-biology | Experts: ['core', 'papers-nuclear']
[GPU 0] [05:31:29] [INFO] loss: 2.12234426
[GPU 0] [05:31:29] [INFO] Data: papers-nuclear | Experts: ['core', 'papers-nuclear']
[GPU 0] [05:31:42] [INFO] loss: 2.37343001
[GPU 0] [05:31:42] [INFO] Data: papers-cyber | Experts: ['core', 'papers-nuclear']
[GPU 0] [05:31:55] [INFO] loss: 2.38877130
[GPU 0] [05:31:55] [INFO] ---- Begin Eval ----
[GPU 0] [05:31:55] [INFO] Data: core | Experts: ['core', 'papers-cyber']
[GPU 0] [05:32:36] [INFO] loss: 1.59748721
[GPU 0] [05:32:36] [INFO] Data: code-lisp | Experts: ['core', 'papers-cyber']
[GPU 0] [05:32:50] [INFO] loss: 1.16469455
[GPU 0] [05:32:50] [INFO] Data: papers-biology | Experts: ['core', 'papers-cyber']
[GPU 0] [05:33:04] [INFO] loss: 2.12525702
[GPU 0] [05:33:04] [INFO] Data: papers-nuclear | Experts: ['core', 'papers-cyber']
[GPU 0] [05:33:17] [INFO] loss: 2.51417160
[GPU 0] [05:33:17] [INFO] Data: papers-cyber | Experts: ['core', 'papers-cyber']
[GPU 0] [05:33:31] [INFO] loss: 2.29869604
[GPU 0] [05:33:37] [INFO] ROUTED - ADVERSARIAL FT START
[GPU 0] [05:33:48] [INFO] ---- Begin FT | Experts: ['core'] | Data: ['code-lisp'] ----
[GPU 0] [05:33:48] [DEBUG] num_seq: 512, num_rounds: 200, patience: 10
[GPU 0] [05:33:48] [DEBUG] local_x: torch.Size([16, 1024]), local_y: torch.Size([16, 1024]), num_steps: 8, per_gpu: 16, mbs_size: 2
[GPU 0] [05:34:07] [INFO] New best validation loss: 1.3215 @ step 0
[GPU 0] [05:34:27] [INFO] New best validation loss: 1.2206 @ step 2
[GPU 0] [05:34:37] [INFO] New best validation loss: 1.1257 @ step 3
[GPU 0] [05:34:47] [INFO] New best validation loss: 1.0770 @ step 4
[GPU 0] [05:34:57] [INFO] New best validation loss: 1.0491 @ step 5
[GPU 0] [05:35:07] [INFO] New best validation loss: 1.0291 @ step 6
[GPU 0] [05:35:16] [INFO] New best validation loss: 1.0144 @ step 7
[GPU 0] [05:35:26] [INFO] New best validation loss: 0.9992 @ step 8
[GPU 0] [05:35:36] [INFO] New best validation loss: 0.9841 @ step 9
[GPU 0] [05:35:46] [INFO] New best validation loss: 0.9723 @ step 10
[GPU 0] [05:35:56] [INFO] New best validation loss: 0.9631 @ step 11
[GPU 0] [05:36:06] [INFO] New best validation loss: 0.9546 @ step 12
[GPU 0] [05:36:16] [INFO] New best validation loss: 0.9464 @ step 13
[GPU 0] [05:36:25] [INFO] New best validation loss: 0.9393 @ step 14
[GPU 0] [05:36:35] [INFO] New best validation loss: 0.9336 @ step 15
[GPU 0] [05:36:45] [INFO] New best validation loss: 0.9294 @ step 16
[GPU 0] [05:36:55] [INFO] New best validation loss: 0.9259 @ step 17
[GPU 0] [05:37:05] [INFO] New best validation loss: 0.9231 @ step 18
[GPU 0] [05:37:15] [INFO] New best validation loss: 0.9207 @ step 19
[GPU 0] [05:37:25] [INFO] New best validation loss: 0.9186 @ step 20
[GPU 0] [05:37:34] [INFO] New best validation loss: 0.9181 @ step 21
[GPU 0] [05:39:24] [INFO] Stop FT @ 33: no val improvement for 10 steps
[GPU 0] [05:39:24] [INFO] Wrote stats.jsonl entries at FT step 21 
[GPU 0] [05:39:32] [INFO] ---- Begin FT | Experts: ['core'] | Data: ['papers-biology'] ----
[GPU 0] [05:39:32] [DEBUG] num_seq: 512, num_rounds: 200, patience: 10
[GPU 0] [05:39:32] [DEBUG] local_x: torch.Size([16, 1024]), local_y: torch.Size([16, 1024]), num_steps: 8, per_gpu: 16, mbs_size: 2
[GPU 0] [05:39:41] [INFO] New best validation loss: 2.3675 @ step 0
[GPU 0] [05:39:51] [INFO] New best validation loss: 2.1774 @ step 1
[GPU 0] [05:40:01] [INFO] New best validation loss: 2.1659 @ step 2
[GPU 0] [05:41:50] [INFO] Stop FT @ 14: no val improvement for 10 steps
[GPU 0] [05:41:50] [INFO] Wrote stats.jsonl entries at FT step 2 
[GPU 0] [05:41:57] [INFO] ---- Begin FT | Experts: ['core'] | Data: ['papers-cyber'] ----
[GPU 0] [05:41:57] [DEBUG] num_seq: 512, num_rounds: 200, patience: 10
[GPU 0] [05:41:57] [DEBUG] local_x: torch.Size([16, 1024]), local_y: torch.Size([16, 1024]), num_steps: 8, per_gpu: 16, mbs_size: 2
[GPU 0] [05:42:07] [INFO] New best validation loss: 2.5558 @ step 0
[GPU 0] [05:42:16] [INFO] New best validation loss: 2.4426 @ step 1
[GPU 0] [05:42:26] [INFO] New best validation loss: 2.4397 @ step 2
[GPU 0] [05:44:15] [INFO] Stop FT @ 14: no val improvement for 10 steps
[GPU 0] [05:44:15] [INFO] Wrote stats.jsonl entries at FT step 2 
[GPU 0] [05:44:23] [INFO] ---- Begin FT | Experts: ['core'] | Data: ['papers-nuclear'] ----
[GPU 0] [05:44:23] [DEBUG] num_seq: 512, num_rounds: 200, patience: 10
[GPU 0] [05:44:23] [DEBUG] local_x: torch.Size([16, 1024]), local_y: torch.Size([16, 1024]), num_steps: 8, per_gpu: 16, mbs_size: 2
[GPU 0] [05:44:33] [INFO] New best validation loss: 2.7888 @ step 0
[GPU 0] [05:44:43] [INFO] New best validation loss: 2.5915 @ step 1
[GPU 0] [05:44:53] [INFO] New best validation loss: 2.5597 @ step 2
[GPU 0] [05:46:41] [INFO] Stop FT @ 14: no val improvement for 10 steps
[GPU 0] [05:46:41] [INFO] Wrote stats.jsonl entries at FT step 2 
[GPU 0] [05:46:43] [INFO] ROUTED - ADVERSARIAL FT START
[GPU 0] [05:46:49] [INFO] ---- Begin FT | Experts: ['code-lisp', 'core'] | Data: ['papers-biology'] ----
[GPU 0] [05:46:49] [DEBUG] num_seq: 512, num_rounds: 200, patience: 10
[GPU 0] [05:46:49] [DEBUG] local_x: torch.Size([16, 1024]), local_y: torch.Size([16, 1024]), num_steps: 8, per_gpu: 16, mbs_size: 2
[GPU 0] [05:47:01] [INFO] New best validation loss: 2.4164 @ step 0
[GPU 0] [05:47:13] [INFO] New best validation loss: 2.1942 @ step 1
[GPU 0] [05:47:25] [INFO] New best validation loss: 2.1814 @ step 2
[GPU 0] [05:49:38] [INFO] Stop FT @ 14: no val improvement for 10 steps
[GPU 0] [05:49:38] [INFO] Wrote stats.jsonl entries at FT step 2 
[GPU 0] [05:49:46] [INFO] ---- Begin FT | Experts: ['code-lisp', 'core'] | Data: ['papers-cyber'] ----
[GPU 0] [05:49:46] [DEBUG] num_seq: 512, num_rounds: 200, patience: 10
[GPU 0] [05:49:46] [DEBUG] local_x: torch.Size([16, 1024]), local_y: torch.Size([16, 1024]), num_steps: 8, per_gpu: 16, mbs_size: 2
[GPU 0] [05:49:58] [INFO] New best validation loss: 2.5772 @ step 0
[GPU 0] [05:50:10] [INFO] New best validation loss: 2.4607 @ step 1
[GPU 0] [05:50:22] [INFO] New best validation loss: 2.4546 @ step 2
[GPU 0] [05:52:35] [INFO] Stop FT @ 14: no val improvement for 10 steps
[GPU 0] [05:52:35] [INFO] Wrote stats.jsonl entries at FT step 2 
[GPU 0] [05:52:44] [INFO] ---- Begin FT | Experts: ['code-lisp', 'core'] | Data: ['papers-nuclear'] ----
[GPU 0] [05:52:44] [DEBUG] num_seq: 512, num_rounds: 200, patience: 10
[GPU 0] [05:52:44] [DEBUG] local_x: torch.Size([16, 1024]), local_y: torch.Size([16, 1024]), num_steps: 8, per_gpu: 16, mbs_size: 2
[GPU 0] [05:52:55] [INFO] New best validation loss: 2.8183 @ step 0
[GPU 0] [05:53:07] [INFO] New best validation loss: 2.6098 @ step 1
[GPU 0] [05:53:19] [INFO] New best validation loss: 2.5745 @ step 2
[GPU 0] [05:55:33] [INFO] Stop FT @ 14: no val improvement for 10 steps
[GPU 0] [05:55:33] [INFO] Wrote stats.jsonl entries at FT step 2 
[GPU 0] [05:55:35] [INFO] ROUTED - ADVERSARIAL FT START
[GPU 0] [05:55:40] [INFO] ---- Begin FT | Experts: ['core', 'papers-biology'] | Data: ['code-lisp'] ----
[GPU 0] [05:55:40] [DEBUG] num_seq: 512, num_rounds: 200, patience: 10
[GPU 0] [05:55:40] [DEBUG] local_x: torch.Size([16, 1024]), local_y: torch.Size([16, 1024]), num_steps: 8, per_gpu: 16, mbs_size: 2
[GPU 0] [05:55:51] [INFO] New best validation loss: 1.4232 @ step 0
[GPU 0] [05:56:16] [INFO] New best validation loss: 1.2966 @ step 2
[GPU 0] [05:56:28] [INFO] New best validation loss: 1.1839 @ step 3
[GPU 0] [05:56:40] [INFO] New best validation loss: 1.1123 @ step 4
[GPU 0] [05:56:52] [INFO] New best validation loss: 1.0731 @ step 5
[GPU 0] [05:57:04] [INFO] New best validation loss: 1.0499 @ step 6
[GPU 0] [05:57:17] [INFO] New best validation loss: 1.0301 @ step 7
[GPU 0] [05:57:29] [INFO] New best validation loss: 1.0126 @ step 8
[GPU 0] [05:57:42] [INFO] New best validation loss: 0.9976 @ step 9
[GPU 0] [05:57:54] [INFO] New best validation loss: 0.9848 @ step 10
[GPU 0] [05:58:06] [INFO] New best validation loss: 0.9734 @ step 11
[GPU 0] [05:58:18] [INFO] New best validation loss: 0.9630 @ step 12
[GPU 0] [05:58:30] [INFO] New best validation loss: 0.9540 @ step 13
[GPU 0] [05:58:42] [INFO] New best validation loss: 0.9463 @ step 14
[GPU 0] [05:58:54] [INFO] New best validation loss: 0.9396 @ step 15
[GPU 0] [05:59:06] [INFO] New best validation loss: 0.9343 @ step 16
[GPU 0] [05:59:19] [INFO] New best validation loss: 0.9306 @ step 17
[GPU 0] [05:59:31] [INFO] New best validation loss: 0.9278 @ step 18
[GPU 0] [05:59:43] [INFO] New best validation loss: 0.9251 @ step 19
[GPU 0] [05:59:55] [INFO] New best validation loss: 0.9223 @ step 20
[GPU 0] [06:00:07] [INFO] New best validation loss: 0.9207 @ step 21
[GPU 0] [06:02:21] [INFO] Stop FT @ 33: no val improvement for 10 steps
[GPU 0] [06:02:21] [INFO] Wrote stats.jsonl entries at FT step 21 
[GPU 0] [06:02:28] [INFO] ---- Begin FT | Experts: ['core', 'papers-biology'] | Data: ['papers-cyber'] ----
[GPU 0] [06:02:28] [DEBUG] num_seq: 512, num_rounds: 200, patience: 10
[GPU 0] [06:02:28] [DEBUG] local_x: torch.Size([16, 1024]), local_y: torch.Size([16, 1024]), num_steps: 8, per_gpu: 16, mbs_size: 2
[GPU 0] [06:02:40] [INFO] New best validation loss: 2.5888 @ step 0
[GPU 0] [06:02:52] [INFO] New best validation loss: 2.4553 @ step 1
[GPU 0] [06:05:05] [INFO] Stop FT @ 13: no val improvement for 10 steps
[GPU 0] [06:05:05] [INFO] Wrote stats.jsonl entries at FT step 1 
[GPU 0] [06:05:13] [INFO] ---- Begin FT | Experts: ['core', 'papers-biology'] | Data: ['papers-nuclear'] ----
[GPU 0] [06:05:13] [DEBUG] num_seq: 512, num_rounds: 200, patience: 10
[GPU 0] [06:05:13] [DEBUG] local_x: torch.Size([16, 1024]), local_y: torch.Size([16, 1024]), num_steps: 8, per_gpu: 16, mbs_size: 2
[GPU 0] [06:05:24] [INFO] New best validation loss: 2.6877 @ step 0
[GPU 0] [06:05:36] [INFO] New best validation loss: 2.5659 @ step 1
[GPU 0] [06:07:50] [INFO] Stop FT @ 13: no val improvement for 10 steps
[GPU 0] [06:07:50] [INFO] Wrote stats.jsonl entries at FT step 1 
[GPU 0] [06:07:52] [INFO] ROUTED - ADVERSARIAL FT START
[GPU 0] [06:07:57] [INFO] ---- Begin FT | Experts: ['core', 'papers-nuclear'] | Data: ['code-lisp'] ----
[GPU 0] [06:07:57] [DEBUG] num_seq: 512, num_rounds: 200, patience: 10
[GPU 0] [06:07:57] [DEBUG] local_x: torch.Size([16, 1024]), local_y: torch.Size([16, 1024]), num_steps: 8, per_gpu: 16, mbs_size: 2
[GPU 0] [06:08:08] [INFO] New best validation loss: 1.7089 @ step 0
[GPU 0] [06:08:20] [INFO] New best validation loss: 1.4188 @ step 1
[GPU 0] [06:08:32] [INFO] New best validation loss: 1.2269 @ step 2
[GPU 0] [06:08:44] [INFO] New best validation loss: 1.1461 @ step 3
[GPU 0] [06:08:56] [INFO] New best validation loss: 1.0935 @ step 4
[GPU 0] [06:09:07] [INFO] New best validation loss: 1.0605 @ step 5
[GPU 0] [06:09:19] [INFO] New best validation loss: 1.0378 @ step 6
[GPU 0] [06:09:31] [INFO] New best validation loss: 1.0191 @ step 7
[GPU 0] [06:09:43] [INFO] New best validation loss: 1.0030 @ step 8
[GPU 0] [06:09:55] [INFO] New best validation loss: 0.9895 @ step 9
[GPU 0] [06:10:07] [INFO] New best validation loss: 0.9778 @ step 10
[GPU 0] [06:10:19] [INFO] New best validation loss: 0.9671 @ step 11
[GPU 0] [06:10:31] [INFO] New best validation loss: 0.9574 @ step 12
[GPU 0] [06:10:43] [INFO] New best validation loss: 0.9488 @ step 13
[GPU 0] [06:10:55] [INFO] New best validation loss: 0.9414 @ step 14
[GPU 0] [06:11:07] [INFO] New best validation loss: 0.9353 @ step 15
[GPU 0] [06:11:19] [INFO] New best validation loss: 0.9305 @ step 16
[GPU 0] [06:11:30] [INFO] New best validation loss: 0.9270 @ step 17
[GPU 0] [06:11:42] [INFO] New best validation loss: 0.9238 @ step 18
[GPU 0] [06:11:54] [INFO] New best validation loss: 0.9211 @ step 19
[GPU 0] [06:12:06] [INFO] New best validation loss: 0.9194 @ step 20
[GPU 0] [06:12:18] [INFO] New best validation loss: 0.9193 @ step 21
[GPU 0] [06:14:29] [INFO] Stop FT @ 33: no val improvement for 10 steps
[GPU 0] [06:14:29] [INFO] Wrote stats.jsonl entries at FT step 21 
[GPU 0] [06:14:36] [INFO] ---- Begin FT | Experts: ['core', 'papers-nuclear'] | Data: ['papers-biology'] ----
[GPU 0] [06:14:36] [DEBUG] num_seq: 512, num_rounds: 200, patience: 10
[GPU 0] [06:14:37] [DEBUG] local_x: torch.Size([16, 1024]), local_y: torch.Size([16, 1024]), num_steps: 8, per_gpu: 16, mbs_size: 2
[GPU 0] [06:14:48] [INFO] New best validation loss: 2.3325 @ step 0
[GPU 0] [06:15:00] [INFO] New best validation loss: 2.1940 @ step 1
[GPU 0] [06:15:12] [INFO] New best validation loss: 2.1806 @ step 2
[GPU 0] [06:17:23] [INFO] Stop FT @ 14: no val improvement for 10 steps
[GPU 0] [06:17:23] [INFO] Wrote stats.jsonl entries at FT step 2 
[GPU 0] [06:17:30] [INFO] ---- Begin FT | Experts: ['core', 'papers-nuclear'] | Data: ['papers-cyber'] ----
[GPU 0] [06:17:30] [DEBUG] num_seq: 512, num_rounds: 200, patience: 10
[GPU 0] [06:17:30] [DEBUG] local_x: torch.Size([16, 1024]), local_y: torch.Size([16, 1024]), num_steps: 8, per_gpu: 16, mbs_size: 2
[GPU 0] [06:17:41] [INFO] New best validation loss: 2.5854 @ step 0
[GPU 0] [06:17:53] [INFO] New best validation loss: 2.4799 @ step 1
[GPU 0] [06:18:05] [INFO] New best validation loss: 2.4534 @ step 2
[GPU 0] [06:18:16] [INFO] New best validation loss: 2.4514 @ step 3
[GPU 0] [06:20:28] [INFO] Stop FT @ 15: no val improvement for 10 steps
[GPU 0] [06:20:28] [INFO] Wrote stats.jsonl entries at FT step 3 
[GPU 0] [06:20:30] [INFO] ROUTED - ADVERSARIAL FT START
[GPU 0] [06:20:34] [INFO] ---- Begin FT | Experts: ['core', 'papers-cyber'] | Data: ['code-lisp'] ----
[GPU 0] [06:20:34] [DEBUG] num_seq: 512, num_rounds: 200, patience: 10
[GPU 0] [06:20:34] [DEBUG] local_x: torch.Size([16, 1024]), local_y: torch.Size([16, 1024]), num_steps: 8, per_gpu: 16, mbs_size: 2
[GPU 0] [06:20:46] [INFO] New best validation loss: 1.4005 @ step 0
[GPU 0] [06:21:10] [INFO] New best validation loss: 1.1991 @ step 2
[GPU 0] [06:21:22] [INFO] New best validation loss: 1.1234 @ step 3
[GPU 0] [06:21:34] [INFO] New best validation loss: 1.0793 @ step 4
[GPU 0] [06:21:46] [INFO] New best validation loss: 1.0468 @ step 5
[GPU 0] [06:21:58] [INFO] New best validation loss: 1.0264 @ step 6
[GPU 0] [06:22:10] [INFO] New best validation loss: 1.0091 @ step 7
[GPU 0] [06:22:22] [INFO] New best validation loss: 0.9940 @ step 8
[GPU 0] [06:22:34] [INFO] New best validation loss: 0.9808 @ step 9
[GPU 0] [06:22:46] [INFO] New best validation loss: 0.9692 @ step 10
[GPU 0] [06:22:58] [INFO] New best validation loss: 0.9591 @ step 11
[GPU 0] [06:23:11] [INFO] New best validation loss: 0.9500 @ step 12
[GPU 0] [06:23:23] [INFO] New best validation loss: 0.9423 @ step 13
[GPU 0] [06:23:36] [INFO] New best validation loss: 0.9362 @ step 14
[GPU 0] [06:23:48] [INFO] New best validation loss: 0.9317 @ step 15
[GPU 0] [06:24:00] [INFO] New best validation loss: 0.9280 @ step 16
[GPU 0] [06:24:12] [INFO] New best validation loss: 0.9245 @ step 17
[GPU 0] [06:24:24] [INFO] New best validation loss: 0.9218 @ step 18
[GPU 0] [06:24:37] [INFO] New best validation loss: 0.9197 @ step 19
[GPU 0] [06:24:49] [INFO] New best validation loss: 0.9183 @ step 20
[GPU 0] [06:27:03] [INFO] Stop FT @ 32: no val improvement for 10 steps
[GPU 0] [06:27:03] [INFO] Wrote stats.jsonl entries at FT step 20 
[GPU 0] [06:27:09] [INFO] ---- Begin FT | Experts: ['core', 'papers-cyber'] | Data: ['papers-biology'] ----
[GPU 0] [06:27:09] [DEBUG] num_seq: 512, num_rounds: 200, patience: 10
[GPU 0] [06:27:09] [DEBUG] local_x: torch.Size([16, 1024]), local_y: torch.Size([16, 1024]), num_steps: 8, per_gpu: 16, mbs_size: 2
[GPU 0] [06:27:21] [INFO] New best validation loss: 2.4044 @ step 0
[GPU 0] [06:27:33] [INFO] New best validation loss: 2.1836 @ step 1
[GPU 0] [06:27:45] [INFO] New best validation loss: 2.1782 @ step 2
[GPU 0] [06:29:57] [INFO] Stop FT @ 14: no val improvement for 10 steps
[GPU 0] [06:29:57] [INFO] Wrote stats.jsonl entries at FT step 2 
[GPU 0] [06:30:04] [INFO] ---- Begin FT | Experts: ['core', 'papers-cyber'] | Data: ['papers-nuclear'] ----
[GPU 0] [06:30:04] [DEBUG] num_seq: 512, num_rounds: 200, patience: 10
[GPU 0] [06:30:04] [DEBUG] local_x: torch.Size([16, 1024]), local_y: torch.Size([16, 1024]), num_steps: 8, per_gpu: 16, mbs_size: 2
[GPU 0] [06:30:16] [INFO] New best validation loss: 2.7616 @ step 0
[GPU 0] [06:30:28] [INFO] New best validation loss: 2.5852 @ step 1
[GPU 0] [06:30:40] [INFO] New best validation loss: 2.5588 @ step 2
[GPU 0] [06:32:53] [INFO] Stop FT @ 14: no val improvement for 10 steps
[GPU 0] [06:32:53] [INFO] Wrote stats.jsonl entries at FT step 2 
[GPU 0] [06:32:57] [INFO] ----------------------------------------
[GPU 0] [06:32:57] [INFO] Finished. See /workspace/gradient-routing/experiments/AGI-1699-New-Dataset-Runs/results/scaling/realistic/lora/5B/seed_1/20260422052119858787
