[GPU 0] [20:24:45] [INFO] Number of GPUs: 8
[GPU 0] [20:24:47] [INFO] Tokenizer vocabulary: 50257
[GPU 0] [20:24:47] [INFO] Set model vocab size to nearest multiple of 64 of tokenizer size: 50304
[GPU 0] [20:24:49] [INFO] target effective batch size: 512, actual effective batch size: 528, micro batch size: 22, accumulation steps: 3, num gpus: 8
[GPU 0] [20:24:49] [INFO] core total number of tokens: 124693822984
[GPU 0] [20:24:49] [INFO] Baseline model has 402,064,768 parameters
[GPU 0] [20:24:49] [INFO] core: chinchilla optimal tokens: 8,041,295,360, requested proportion: 1.0000, requested number of tokens: 8,041,295,360.0, 
[GPU 0] [20:24:49] [INFO] aux total number of tokens: 4835776549
[GPU 0] [20:24:49] [INFO] Baseline model has 402,064,768 parameters
[GPU 0] [20:24:49] [INFO] aux: chinchilla optimal tokens: 8,041,295,360, requested proportion: 0.0100, requested number of tokens: 80,412,953.60000001, 
[GPU 0] [20:24:49] [DEBUG] Saved config to /workspace/gradient-routing/experiments/AGI-1699-New-Dataset-Runs/results/optimize/base/realistic/400M/seed_1/20260420202438645043/config.json
[GPU 0] [20:24:49] [DEBUG] {
    "stages": [
        {
            "name": "baseline",
            "num_checkpoints": -1,
            "lr": 0.0008,
            "res_dir": "/workspace/gradient-routing/experiments/AGI-1699-New-Dataset-Runs/results/optimize/base/realistic/400M/seed_1/20260420202438645043/baseline",
            "do_eval": true,
            "do_sample": false,
            "num_train_evals": 0,
            "do_elicit": false,
            "elicit_eval_prc": 0.5,
            "elicit_num_evals": 100
        }
    ],
    "model": {
        "arch": "base",
        "tokenizer": "GPT2Tokenizer(name_or_path='EleutherAI/gpt-neo-125M', vocab_size=50257, model_max_length=2048, padding_side='right', truncation_side='right', special_tokens={'bos_token': '<|endoftext|>', 'eos_token': '<|endoftext|>', 'unk_token': '<|endoftext|>'}, added_tokens_decoder={\n\t50256: AddedToken(\"<|endoftext|>\", rstrip=False, lstrip=False, single_word=False, normalized=True, special=True),\n}\n)",
        "ctx_len": 1024,
        "vocab_size": 50304,
        "num_layers": 18,
        "num_heads": 8,
        "num_key_value": 2,
        "attn_bias": true,
        "eos_token_id": 50256,
        "embed_dim": 1216,
        "mlp_dim": 4864
    },
    "data": {
        "dirs": [
            "/workspace/gradient-routing/experiments/AGI-1699-New-Dataset-Runs/src/data/fineweb",
            "/workspace/gradient-routing/experiments/AGI-1699-New-Dataset-Runs/src/data/code",
            "/workspace/gradient-routing/experiments/AGI-1699-New-Dataset-Runs/src/data/papers"
        ],
        "core": {
            "labels": [
                "fineweb",
                "code-other",
                "papers-other"
            ],
            "method": "optimal",
            "limit": 1.0,
            "dist": {
                "fineweb": 0.84,
                "code-other": 0.15,
                "papers-other": 0.01
            },
            "num_tok": 8041295360.0
        },
        "aux": {
            "labels": [
                "code-lisp",
                "papers-biology",
                "papers-nuclear",
                "papers-cyber"
            ],
            "method": "optimal",
            "limit": 0.01,
            "dist": {
                "code-lisp": 0.25,
                "papers-biology": 0.25,
                "papers-nuclear": 0.25,
                "papers-cyber": 0.25
            },
            "num_tok": 80412953.60000001
        }
    },
    "run": {
        "target_effective_batch_size": 512,
        "effective_batch_size": 528,
        "micro_batch_size": 22,
        "accumulation_steps": 3,
        "max_num_test_sequences": 10000,
        "eval_all_labels": false,
        "micro_batch_anchors": [
            [
                400000000.0,
                23
            ],
            [
                5000000000.0,
                2
            ]
        ],
        "epochs": 1,
        "adam_betas": [
            0.9,
            0.95
        ],
        "warmup_prc": 0.02,
        "decay_prc": 0.1,
        "seed": 1,
        "compile": true,
        "is_ddp": true,
        "optimize_routed": true,
        "cleanup_distributed": false,
        "log_level": "DEBUG",
        "num_gpus": 8,
        "process_id": 0,
        "num_base_params": 402064768,
        "device": "cuda",
        "logger": "<Logger training_20260420202438645043 (DEBUG)>",
        "labels": [
            "core",
            "code-lisp",
            "papers-biology",
            "papers-cyber",
            "papers-nuclear"
        ],
        "loaders": {
            "code-lisp": {
                "train": "SingleDataLoader(code-lisp_train_001.bin, len=111)",
                "test": "InterleavedDataLoader(len=57)"
            },
            "code-other": {
                "train": "InterleavedDataLoader(len=6692)",
                "test": "SingleDataLoader(code-other_test_010.bin, len=57)"
            },
            "fineweb": {
                "train": "InterleavedDataLoader(len=37479)",
                "test": "InterleavedDataLoader(len=57)"
            },
            "papers-biology": {
                "train": "SingleDataLoader(papers-biology_train.bin, len=111)",
                "test": "SingleDataLoader(papers-biology_test.bin, len=57)"
            },
            "papers-cyber": {
                "train": "SingleDataLoader(papers-cyber_train.bin, len=111)",
                "test": "SingleDataLoader(papers-cyber_test.bin, len=57)"
            },
            "papers-nuclear": {
                "train": "SingleDataLoader(papers-nuclear_train.bin, len=111)",
                "test": "SingleDataLoader(papers-nuclear_test.bin, len=57)"
            },
            "papers-other": {
                "train": "SingleDataLoader(papers-other_train.bin, len=446)",
                "test": "SingleDataLoader(papers-other_test.bin, len=57)"
            },
            "core": {
                "train": "InterleavedDataLoader(len=44617)",
                "test": "InterleavedDataLoader(len=171)"
            },
            "aux": {
                "train": "InterleavedDataLoader(len=444)",
                "test": "InterleavedDataLoader(len=228)"
            },
            "all": {
                "train": "InterleavedDataLoader(len=45061)",
                "test": "InterleavedDataLoader(len=399)"
            }
        },
        "res_root": "/workspace/gradient-routing/experiments/AGI-1699-New-Dataset-Runs/results/optimize/base/realistic/400M/seed_1",
        "experiment_id": "20260420202438645043",
        "s3_bucket": "ae-gradient-routing-results",
        "s3_prefix": "optimize/base/realistic/400M/seed_1"
    }
}
[GPU 0] [20:24:49] [INFO] Loader code-lisp train: 111, test: 57
[GPU 0] [20:24:49] [INFO] Loader code-other train: 6692, test: 57
[GPU 0] [20:24:49] [INFO] Loader fineweb train: 37479, test: 57
[GPU 0] [20:24:49] [INFO] Loader papers-biology train: 111, test: 57
[GPU 0] [20:24:49] [INFO] Loader papers-cyber train: 111, test: 57
[GPU 0] [20:24:49] [INFO] Loader papers-nuclear train: 111, test: 57
[GPU 0] [20:24:49] [INFO] Loader papers-other train: 446, test: 57
[GPU 0] [20:24:49] [INFO] Loader core train: 44617, test: 171
[GPU 0] [20:24:49] [INFO] Loader aux train: 444, test: 228
[GPU 0] [20:24:49] [INFO] Loader all train: 45061, test: 399
[GPU 0] [20:24:49] [INFO] Stage [baseline] start: {"name": "baseline", "num_checkpoints": -1, "lr": 0.0008, "res_dir": "/workspace/gradient-routing/experiments/AGI-1699-New-Dataset-Runs/results/optimize/base/realistic/400M/seed_1/20260420202438645043/baseline", "do_eval": true, "do_sample": false, "num_train_evals": 0, "do_elicit": false, "elicit_eval_prc": 0.5, "elicit_num_evals": 100}
[GPU 0] [20:24:49] [INFO] BASELINE START
[GPU 0] [20:24:52] [INFO] Initialized BaseTransformer with 402,064,768 total parameters
[GPU 0] [20:24:52] [INFO] Compiling BaseTransformer with torch.compile...
[GPU 0] [20:24:53] [INFO] torch.compile done
[GPU 0] [20:24:53] [WARNING] restore_partial_state: no checkpoint found at /workspace/gradient-routing/experiments/AGI-1699-New-Dataset-Runs/results/optimize/base/realistic/400M/seed_1/20260420202438645043/baseline
[GPU 0] [20:24:53] [INFO] ---- Begin Train | Data Labels: ['all'] ----
[GPU 0] [20:24:53] [INFO] warmup_steps: 300
[GPU 0] [20:24:53] [INFO] constant_steps: 13218
[GPU 0] [20:24:53] [INFO] decay_steps: 1502
[GPU 0] [20:24:53] [INFO] LR Scheduler: Warmup Start
[GPU 0] [20:25:49] [INFO] Step: 1, LR: 2.68e-06
[GPU 0] [20:25:49] [INFO] Train Loss: CORE: 11.06 CODE-LISP: nan PAPERS-BIOLOGY: nan PAPERS-CYBER: nan PAPERS-NUCLEAR: nan 
[GPU 0] [20:28:43] [INFO] LR Scheduler: Constant Start
[GPU 0] [20:35:25] [INFO] Step: 1000, LR: 8.00e-04
[GPU 0] [20:35:25] [INFO] Train Loss: CORE: 3.48 CODE-LISP: 2.96 PAPERS-BIOLOGY: 4.68 PAPERS-CYBER: 4.55 PAPERS-NUCLEAR: 5.30 
[GPU 0] [20:45:01] [INFO] Step: 2000, LR: 8.00e-04
[GPU 0] [20:45:01] [INFO] Train Loss: CORE: 2.11 CODE-LISP: 2.12 PAPERS-BIOLOGY: 3.43 PAPERS-CYBER: 3.57 PAPERS-NUCLEAR: 4.09 
[GPU 0] [20:54:37] [INFO] Step: 3000, LR: 8.00e-04
[GPU 0] [20:54:37] [INFO] Train Loss: CORE: 2.55 CODE-LISP: 1.84 PAPERS-BIOLOGY: 3.34 PAPERS-CYBER: 3.31 PAPERS-NUCLEAR: 3.50 
[GPU 0] [21:04:13] [INFO] Step: 4000, LR: 8.00e-04
[GPU 0] [21:04:13] [INFO] Train Loss: CORE: 2.94 CODE-LISP: 1.50 PAPERS-BIOLOGY: 2.98 PAPERS-CYBER: 3.24 PAPERS-NUCLEAR: 3.33 
[GPU 0] [21:13:49] [INFO] Step: 5000, LR: 8.00e-04
[GPU 0] [21:13:49] [INFO] Train Loss: CORE: 2.64 CODE-LISP: 1.41 PAPERS-BIOLOGY: 2.88 PAPERS-CYBER: 3.14 PAPERS-NUCLEAR: 3.34 
[GPU 0] [21:23:24] [INFO] Step: 6000, LR: 8.00e-04
[GPU 0] [21:23:24] [INFO] Train Loss: CORE: 2.65 CODE-LISP: 1.10 PAPERS-BIOLOGY: 2.79 PAPERS-CYBER: 3.12 PAPERS-NUCLEAR: 3.22 
[GPU 0] [21:32:58] [INFO] Step: 7000, LR: 8.00e-04
[GPU 0] [21:32:58] [INFO] Train Loss: CORE: 2.13 CODE-LISP: 1.11 PAPERS-BIOLOGY: 2.77 PAPERS-CYBER: 3.14 PAPERS-NUCLEAR: 3.24 
[GPU 0] [21:42:34] [INFO] Step: 8000, LR: 8.00e-04
[GPU 0] [21:42:34] [INFO] Train Loss: CORE: 2.57 CODE-LISP: 1.12 PAPERS-BIOLOGY: 2.78 PAPERS-CYBER: 3.08 PAPERS-NUCLEAR: 3.15 
[GPU 0] [21:52:10] [INFO] Step: 9000, LR: 8.00e-04
[GPU 0] [21:52:10] [INFO] Train Loss: CORE: 2.76 CODE-LISP: 0.98 PAPERS-BIOLOGY: 2.75 PAPERS-CYBER: 3.02 PAPERS-NUCLEAR: 3.07 
[GPU 0] [22:01:45] [INFO] Step: 10000, LR: 8.00e-04
[GPU 0] [22:01:45] [INFO] Train Loss: CORE: 2.76 CODE-LISP: 0.96 PAPERS-BIOLOGY: 2.73 PAPERS-CYBER: 3.00 PAPERS-NUCLEAR: 3.10 
[GPU 0] [22:11:21] [INFO] Step: 11000, LR: 8.00e-04
[GPU 0] [22:11:21] [INFO] Train Loss: CORE: 2.77 CODE-LISP: 0.99 PAPERS-BIOLOGY: 2.69 PAPERS-CYBER: 2.95 PAPERS-NUCLEAR: 3.04 
[GPU 0] [22:20:57] [INFO] Step: 12000, LR: 8.00e-04
[GPU 0] [22:20:57] [INFO] Train Loss: CORE: 3.00 CODE-LISP: 0.97 PAPERS-BIOLOGY: 2.69 PAPERS-CYBER: 2.95 PAPERS-NUCLEAR: 3.10 
[GPU 0] [22:30:33] [INFO] Step: 13000, LR: 8.00e-04
[GPU 0] [22:30:33] [INFO] Train Loss: CORE: 2.72 CODE-LISP: 0.93 PAPERS-BIOLOGY: 2.63 PAPERS-CYBER: 2.92 PAPERS-NUCLEAR: 3.08 
[GPU 0] [22:35:29] [INFO] LR Scheduler: Decay Start
[GPU 0] [22:40:08] [INFO] Step: 14000, LR: 5.43e-04
[GPU 0] [22:40:08] [INFO] Train Loss: CORE: 2.46 CODE-LISP: 0.98 PAPERS-BIOLOGY: 2.65 PAPERS-CYBER: 2.92 PAPERS-NUCLEAR: 3.00 
[GPU 0] [22:49:41] [INFO] Step: 15000, LR: 1.07e-05
[GPU 0] [22:49:41] [INFO] Train Loss: CORE: 2.65 CODE-LISP: 0.85 PAPERS-BIOLOGY: 2.59 PAPERS-CYBER: 2.86 PAPERS-NUCLEAR: 2.97 
[GPU 0] [22:49:53] [INFO] Step: 15020, LR: 1.00e-08
[GPU 0] [22:49:53] [INFO] Train Loss: CORE: 2.46 CODE-LISP: 0.85 PAPERS-BIOLOGY: 2.59 PAPERS-CYBER: 2.85 PAPERS-NUCLEAR: 2.97 
[GPU 0] [22:49:55] [INFO] ---- Begin Eval ----
[GPU 0] [22:49:55] [INFO] Data: core | Experts: None
[GPU 0] [22:50:34] [INFO] loss: 2.02252221
[GPU 0] [22:50:34] [INFO] Data: code-lisp | Experts: None
[GPU 0] [22:50:38] [INFO] loss: 0.94359922
[GPU 0] [22:50:38] [INFO] Data: papers-biology | Experts: None
[GPU 0] [22:50:42] [INFO] loss: 2.56458998
[GPU 0] [22:50:42] [INFO] Data: papers-nuclear | Experts: None
[GPU 0] [22:50:47] [INFO] loss: 2.91673517
[GPU 0] [22:50:47] [INFO] Data: papers-cyber | Experts: None
[GPU 0] [22:50:51] [INFO] loss: 2.83576608
[GPU 0] [22:50:52] [INFO] ----------------------------------------
[GPU 0] [22:50:52] [INFO] Finished. See /workspace/gradient-routing/experiments/AGI-1699-New-Dataset-Runs/results/optimize/base/realistic/400M/seed_1/20260420202438645043
