[GPU 0] [07:31:42] [INFO] Number of GPUs: 8
[GPU 0] [07:31:43] [INFO] Tokenizer vocabulary: 50257
[GPU 0] [07:31:43] [INFO] Set model vocab size to nearest multiple of 64 of tokenizer size: 50304
[GPU 0] [07:31:44] [INFO] target effective batch size: 32, actual effective batch size: 32, micro batch size: 4, accumulation steps: 1, num gpus: 8
[GPU 0] [07:31:44] [INFO] core total number of tokens: 124693822984
[GPU 0] [07:31:44] [INFO] Baseline model has 47,995,776 parameters
[GPU 0] [07:31:44] [INFO] core: chinchilla optimal tokens: 959,915,520, requested proportion: 1.0000, requested number of tokens: 959,915,520.0, 
[GPU 0] [07:31:44] [INFO] aux total number of tokens: 4835776549
[GPU 0] [07:31:44] [INFO] Baseline model has 47,995,776 parameters
[GPU 0] [07:31:44] [INFO] aux: chinchilla optimal tokens: 959,915,520, requested proportion: 0.0100, requested number of tokens: 9,599,155.200000001, 
[GPU 0] [07:31:44] [DEBUG] Saved config to /workspace/gradient-routing/experiments/AGI-1699-New-Dataset-Runs/results/optimize/base/realistic/50M/seed_3/20260421073135356171/config.json
[GPU 0] [07:31:44] [DEBUG] {
    "stages": [
        {
            "name": "baseline",
            "num_checkpoints": -1,
            "lr": 0.0004,
            "res_dir": "/workspace/gradient-routing/experiments/AGI-1699-New-Dataset-Runs/results/optimize/base/realistic/50M/seed_3/20260421073135356171/baseline",
            "do_eval": true,
            "do_sample": false,
            "num_train_evals": 0,
            "do_elicit": false,
            "elicit_eval_prc": 0.5,
            "elicit_num_evals": 100
        }
    ],
    "model": {
        "arch": "base",
        "tokenizer": "GPT2Tokenizer(name_or_path='EleutherAI/gpt-neo-125M', vocab_size=50257, model_max_length=2048, padding_side='right', truncation_side='right', special_tokens={'bos_token': '<|endoftext|>', 'eos_token': '<|endoftext|>', 'unk_token': '<|endoftext|>'}, added_tokens_decoder={\n\t50256: AddedToken(\"<|endoftext|>\", rstrip=False, lstrip=False, single_word=False, normalized=True, special=True),\n}\n)",
        "ctx_len": 1024,
        "vocab_size": 50304,
        "num_layers": 6,
        "num_heads": 8,
        "num_key_value": 2,
        "attn_bias": true,
        "eos_token_id": 50256,
        "embed_dim": 384,
        "mlp_dim": 1536
    },
    "data": {
        "dirs": [
            "/workspace/gradient-routing/experiments/AGI-1699-New-Dataset-Runs/src/data/fineweb",
            "/workspace/gradient-routing/experiments/AGI-1699-New-Dataset-Runs/src/data/code",
            "/workspace/gradient-routing/experiments/AGI-1699-New-Dataset-Runs/src/data/papers"
        ],
        "core": {
            "labels": [
                "fineweb",
                "code-other",
                "papers-other"
            ],
            "method": "optimal",
            "limit": 1.0,
            "dist": {
                "fineweb": 0.84,
                "code-other": 0.15,
                "papers-other": 0.01
            },
            "num_tok": 959915520.0
        },
        "aux": {
            "labels": [
                "code-lisp",
                "papers-biology",
                "papers-nuclear",
                "papers-cyber"
            ],
            "method": "optimal",
            "limit": 0.01,
            "dist": {
                "code-lisp": 0.25,
                "papers-biology": 0.25,
                "papers-nuclear": 0.25,
                "papers-cyber": 0.25
            },
            "num_tok": 9599155.200000001
        }
    },
    "run": {
        "target_effective_batch_size": 32,
        "effective_batch_size": 32,
        "micro_batch_size": 4,
        "accumulation_steps": 1,
        "max_num_test_sequences": 10000,
        "eval_all_labels": false,
        "micro_batch_anchors": [
            [
                400000000.0,
                23
            ],
            [
                5000000000.0,
                2
            ]
        ],
        "epochs": 1,
        "adam_betas": [
            0.9,
            0.95
        ],
        "warmup_prc": 0.02,
        "decay_prc": 0.1,
        "seed": 3,
        "compile": true,
        "is_ddp": true,
        "optimize_routed": true,
        "cleanup_distributed": false,
        "log_level": "DEBUG",
        "num_gpus": 8,
        "process_id": 0,
        "num_base_params": 47995776,
        "device": "cuda",
        "logger": "<Logger training_20260421073135356171 (DEBUG)>",
        "labels": [
            "core",
            "code-lisp",
            "papers-biology",
            "papers-cyber",
            "papers-nuclear"
        ],
        "loaders": {
            "code-lisp": {
                "train": "SingleDataLoader(code-lisp_train_001.bin, len=73)",
                "test": "SingleDataLoader(code-lisp_test_001.bin, len=73)"
            },
            "code-other": {
                "train": "SingleDataLoader(code-other_train_006.bin, len=4394)",
                "test": "InterleavedDataLoader(len=313)"
            },
            "fineweb": {
                "train": "InterleavedDataLoader(len=24607)",
                "test": "InterleavedDataLoader(len=313)"
            },
            "papers-biology": {
                "train": "SingleDataLoader(papers-biology_train.bin, len=73)",
                "test": "SingleDataLoader(papers-biology_test.bin, len=73)"
            },
            "papers-cyber": {
                "train": "SingleDataLoader(papers-cyber_train.bin, len=73)",
                "test": "SingleDataLoader(papers-cyber_test.bin, len=73)"
            },
            "papers-nuclear": {
                "train": "SingleDataLoader(papers-nuclear_train.bin, len=73)",
                "test": "SingleDataLoader(papers-nuclear_test.bin, len=73)"
            },
            "papers-other": {
                "train": "SingleDataLoader(papers-other_train.bin, len=292)",
                "test": "SingleDataLoader(papers-other_test.bin, len=292)"
            },
            "core": {
                "train": "InterleavedDataLoader(len=29293)",
                "test": "InterleavedDataLoader(len=918)"
            },
            "aux": {
                "train": "InterleavedDataLoader(len=292)",
                "test": "InterleavedDataLoader(len=292)"
            },
            "all": {
                "train": "InterleavedDataLoader(len=29585)",
                "test": "InterleavedDataLoader(len=1210)"
            }
        },
        "res_root": "/workspace/gradient-routing/experiments/AGI-1699-New-Dataset-Runs/results/optimize/base/realistic/50M/seed_3",
        "experiment_id": "20260421073135356171",
        "s3_bucket": "ae-gradient-routing-results",
        "s3_prefix": "optimize/base/realistic/50M/seed_3"
    }
}
[GPU 0] [07:31:44] [INFO] Loader code-lisp train: 73, test: 73
[GPU 0] [07:31:44] [INFO] Loader code-other train: 4394, test: 313
[GPU 0] [07:31:44] [INFO] Loader fineweb train: 24607, test: 313
[GPU 0] [07:31:44] [INFO] Loader papers-biology train: 73, test: 73
[GPU 0] [07:31:44] [INFO] Loader papers-cyber train: 73, test: 73
[GPU 0] [07:31:44] [INFO] Loader papers-nuclear train: 73, test: 73
[GPU 0] [07:31:44] [INFO] Loader papers-other train: 292, test: 292
[GPU 0] [07:31:44] [INFO] Loader core train: 29293, test: 918
[GPU 0] [07:31:44] [INFO] Loader aux train: 292, test: 292
[GPU 0] [07:31:44] [INFO] Loader all train: 29585, test: 1210
[GPU 0] [07:31:44] [INFO] Stage [baseline] start: {"name": "baseline", "num_checkpoints": -1, "lr": 0.0004, "res_dir": "/workspace/gradient-routing/experiments/AGI-1699-New-Dataset-Runs/results/optimize/base/realistic/50M/seed_3/20260421073135356171/baseline", "do_eval": true, "do_sample": false, "num_train_evals": 0, "do_elicit": false, "elicit_eval_prc": 0.5, "elicit_num_evals": 100}
[GPU 0] [07:31:44] [INFO] BASELINE START
[GPU 0] [07:31:44] [INFO] Initialized BaseTransformer with 47,995,776 total parameters
[GPU 0] [07:31:44] [INFO] Compiling BaseTransformer with torch.compile...
[GPU 0] [07:31:45] [INFO] torch.compile done
[GPU 0] [07:31:45] [WARNING] restore_partial_state: no checkpoint found at /workspace/gradient-routing/experiments/AGI-1699-New-Dataset-Runs/results/optimize/base/realistic/50M/seed_3/20260421073135356171/baseline
[GPU 0] [07:31:45] [INFO] ---- Begin Train | Data Labels: ['all'] ----
[GPU 0] [07:31:45] [INFO] warmup_steps: 592
[GPU 0] [07:31:45] [INFO] constant_steps: 26035
[GPU 0] [07:31:45] [INFO] decay_steps: 2958
[GPU 0] [07:31:45] [INFO] LR Scheduler: Warmup Start
[GPU 0] [07:32:09] [INFO] Step: 1, LR: 6.86e-07
[GPU 0] [07:32:09] [INFO] Train Loss: CORE: 10.94 CODE-LISP: nan PAPERS-BIOLOGY: nan PAPERS-CYBER: nan PAPERS-NUCLEAR: nan 
[GPU 0] [07:32:15] [INFO] LR Scheduler: Constant Start
[GPU 0] [07:32:20] [INFO] Step: 1000, LR: 4.00e-04
[GPU 0] [07:32:20] [INFO] Train Loss: CORE: 5.06 CODE-LISP: 5.68 PAPERS-BIOLOGY: nan PAPERS-CYBER: 5.88 PAPERS-NUCLEAR: 7.67 
[GPU 0] [07:32:31] [INFO] Step: 2000, LR: 4.00e-04
[GPU 0] [07:32:31] [INFO] Train Loss: CORE: 4.58 CODE-LISP: 5.21 PAPERS-BIOLOGY: 5.58 PAPERS-CYBER: 5.43 PAPERS-NUCLEAR: 6.38 
[GPU 0] [07:32:42] [INFO] Step: 3000, LR: 4.00e-04
[GPU 0] [07:32:42] [INFO] Train Loss: CORE: 4.74 CODE-LISP: 5.21 PAPERS-BIOLOGY: 5.36 PAPERS-CYBER: 5.31 PAPERS-NUCLEAR: 5.37 
[GPU 0] [07:32:52] [INFO] Step: 4000, LR: 4.00e-04
[GPU 0] [07:32:52] [INFO] Train Loss: CORE: 4.50 CODE-LISP: 4.83 PAPERS-BIOLOGY: 5.04 PAPERS-CYBER: 5.25 PAPERS-NUCLEAR: 5.37 
[GPU 0] [07:33:03] [INFO] Step: 5000, LR: 4.00e-04
[GPU 0] [07:33:03] [INFO] Train Loss: CORE: 4.08 CODE-LISP: 4.29 PAPERS-BIOLOGY: 4.91 PAPERS-CYBER: 5.18 PAPERS-NUCLEAR: 4.99 
[GPU 0] [07:33:14] [INFO] Step: 6000, LR: 4.00e-04
[GPU 0] [07:33:14] [INFO] Train Loss: CORE: 4.14 CODE-LISP: 3.12 PAPERS-BIOLOGY: 4.72 PAPERS-CYBER: 4.83 PAPERS-NUCLEAR: 4.99 
[GPU 0] [07:33:25] [INFO] Step: 7000, LR: 4.00e-04
[GPU 0] [07:33:25] [INFO] Train Loss: CORE: 4.20 CODE-LISP: 2.23 PAPERS-BIOLOGY: 4.21 PAPERS-CYBER: 4.47 PAPERS-NUCLEAR: 4.66 
[GPU 0] [07:33:36] [INFO] Step: 8000, LR: 4.00e-04
[GPU 0] [07:33:36] [INFO] Train Loss: CORE: 3.58 CODE-LISP: 2.19 PAPERS-BIOLOGY: 4.10 PAPERS-CYBER: 4.37 PAPERS-NUCLEAR: 4.58 
[GPU 0] [07:33:47] [INFO] Step: 9000, LR: 4.00e-04
[GPU 0] [07:33:47] [INFO] Train Loss: CORE: 3.69 CODE-LISP: 2.27 PAPERS-BIOLOGY: 4.05 PAPERS-CYBER: 4.37 PAPERS-NUCLEAR: 4.46 
[GPU 0] [07:33:58] [INFO] Step: 10000, LR: 4.00e-04
[GPU 0] [07:33:58] [INFO] Train Loss: CORE: 4.00 CODE-LISP: 2.29 PAPERS-BIOLOGY: 4.03 PAPERS-CYBER: 4.28 PAPERS-NUCLEAR: 4.46 
[GPU 0] [07:34:09] [INFO] Step: 11000, LR: 4.00e-04
[GPU 0] [07:34:09] [INFO] Train Loss: CORE: 3.61 CODE-LISP: 2.33 PAPERS-BIOLOGY: 3.96 PAPERS-CYBER: 4.24 PAPERS-NUCLEAR: 4.31 
[GPU 0] [07:34:19] [INFO] Step: 12000, LR: 4.00e-04
[GPU 0] [07:34:19] [INFO] Train Loss: CORE: 4.12 CODE-LISP: 2.35 PAPERS-BIOLOGY: 3.99 PAPERS-CYBER: 4.17 PAPERS-NUCLEAR: 4.18 
[GPU 0] [07:34:30] [INFO] Step: 13000, LR: 4.00e-04
[GPU 0] [07:34:30] [INFO] Train Loss: CORE: 3.60 CODE-LISP: 2.41 PAPERS-BIOLOGY: 3.88 PAPERS-CYBER: 4.21 PAPERS-NUCLEAR: 4.14 
[GPU 0] [07:34:41] [INFO] Step: 14000, LR: 4.00e-04
[GPU 0] [07:34:41] [INFO] Train Loss: CORE: 2.99 CODE-LISP: 2.34 PAPERS-BIOLOGY: 3.94 PAPERS-CYBER: 4.18 PAPERS-NUCLEAR: 4.12 
[GPU 0] [07:34:52] [INFO] Step: 15000, LR: 4.00e-04
[GPU 0] [07:34:52] [INFO] Train Loss: CORE: 4.09 CODE-LISP: 2.32 PAPERS-BIOLOGY: 3.90 PAPERS-CYBER: 4.16 PAPERS-NUCLEAR: 4.12 
[GPU 0] [07:35:03] [INFO] Step: 16000, LR: 4.00e-04
[GPU 0] [07:35:03] [INFO] Train Loss: CORE: 3.32 CODE-LISP: 2.16 PAPERS-BIOLOGY: 3.96 PAPERS-CYBER: 4.06 PAPERS-NUCLEAR: 4.13 
[GPU 0] [07:35:14] [INFO] Step: 17000, LR: 4.00e-04
[GPU 0] [07:35:14] [INFO] Train Loss: CORE: 3.89 CODE-LISP: 2.04 PAPERS-BIOLOGY: 3.97 PAPERS-CYBER: 4.11 PAPERS-NUCLEAR: 4.05 
[GPU 0] [07:35:25] [INFO] Step: 18000, LR: 4.00e-04
[GPU 0] [07:35:25] [INFO] Train Loss: CORE: 3.49 CODE-LISP: 2.03 PAPERS-BIOLOGY: 3.92 PAPERS-CYBER: 4.15 PAPERS-NUCLEAR: 4.13 
[GPU 0] [07:35:35] [INFO] Step: 19000, LR: 4.00e-04
[GPU 0] [07:35:35] [INFO] Train Loss: CORE: 4.04 CODE-LISP: 2.03 PAPERS-BIOLOGY: 3.77 PAPERS-CYBER: 4.20 PAPERS-NUCLEAR: 4.05 
[GPU 0] [07:35:46] [INFO] Step: 20000, LR: 4.00e-04
[GPU 0] [07:35:46] [INFO] Train Loss: CORE: 4.06 CODE-LISP: 2.05 PAPERS-BIOLOGY: 3.81 PAPERS-CYBER: 4.21 PAPERS-NUCLEAR: 3.96 
[GPU 0] [07:35:57] [INFO] Step: 21000, LR: 4.00e-04
[GPU 0] [07:35:57] [INFO] Train Loss: CORE: 4.04 CODE-LISP: 2.00 PAPERS-BIOLOGY: 3.83 PAPERS-CYBER: 4.12 PAPERS-NUCLEAR: 3.92 
[GPU 0] [07:36:08] [INFO] Step: 22000, LR: 4.00e-04
[GPU 0] [07:36:08] [INFO] Train Loss: CORE: 4.04 CODE-LISP: 2.00 PAPERS-BIOLOGY: 3.83 PAPERS-CYBER: 4.03 PAPERS-NUCLEAR: 3.92 
[GPU 0] [07:36:19] [INFO] Step: 23000, LR: 4.00e-04
[GPU 0] [07:36:19] [INFO] Train Loss: CORE: 3.75 CODE-LISP: 1.99 PAPERS-BIOLOGY: 3.78 PAPERS-CYBER: 3.99 PAPERS-NUCLEAR: 4.00 
[GPU 0] [07:36:30] [INFO] Step: 24000, LR: 4.00e-04
[GPU 0] [07:36:30] [INFO] Train Loss: CORE: 3.99 CODE-LISP: 1.99 PAPERS-BIOLOGY: 3.77 PAPERS-CYBER: 3.97 PAPERS-NUCLEAR: 4.07 
[GPU 0] [07:36:41] [INFO] Step: 25000, LR: 4.00e-04
[GPU 0] [07:36:41] [INFO] Train Loss: CORE: 4.03 CODE-LISP: 1.92 PAPERS-BIOLOGY: 3.77 PAPERS-CYBER: 4.13 PAPERS-NUCLEAR: 3.97 
[GPU 0] [07:36:52] [INFO] Step: 26000, LR: 4.00e-04
[GPU 0] [07:36:52] [INFO] Train Loss: CORE: 3.76 CODE-LISP: 1.86 PAPERS-BIOLOGY: 3.83 PAPERS-CYBER: 4.14 PAPERS-NUCLEAR: 3.95 
[GPU 0] [07:36:58] [INFO] LR Scheduler: Decay Start
[GPU 0] [07:37:02] [INFO] Step: 27000, LR: 3.50e-04
[GPU 0] [07:37:02] [INFO] Train Loss: CORE: 3.42 CODE-LISP: 1.75 PAPERS-BIOLOGY: 3.72 PAPERS-CYBER: 4.14 PAPERS-NUCLEAR: 4.00 
[GPU 0] [07:37:13] [INFO] Step: 28000, LR: 2.14e-04
[GPU 0] [07:37:13] [INFO] Train Loss: CORE: 3.46 CODE-LISP: 1.69 PAPERS-BIOLOGY: 3.70 PAPERS-CYBER: 4.01 PAPERS-NUCLEAR: 3.96 
[GPU 0] [07:37:24] [INFO] Step: 29000, LR: 7.91e-05
[GPU 0] [07:37:24] [INFO] Train Loss: CORE: 3.76 CODE-LISP: 1.63 PAPERS-BIOLOGY: 3.72 PAPERS-CYBER: 3.98 PAPERS-NUCLEAR: 3.92 
[GPU 0] [07:37:31] [INFO] Step: 29585, LR: 1.00e-08
[GPU 0] [07:37:31] [INFO] Train Loss: CORE: 3.46 CODE-LISP: 1.52 PAPERS-BIOLOGY: 3.75 PAPERS-CYBER: 3.95 PAPERS-NUCLEAR: 3.91 
[GPU 0] [07:37:31] [INFO] ---- Begin Eval ----
[GPU 0] [07:37:31] [INFO] Data: core | Experts: None
[GPU 0] [07:37:40] [INFO] loss: 2.85482287
[GPU 0] [07:37:40] [INFO] Data: code-lisp | Experts: None
[GPU 0] [07:37:40] [INFO] loss: 1.83803761
[GPU 0] [07:37:40] [INFO] Data: papers-biology | Experts: None
[GPU 0] [07:37:40] [INFO] loss: 3.71647549
[GPU 0] [07:37:40] [INFO] Data: papers-nuclear | Experts: None
[GPU 0] [07:37:41] [INFO] loss: 3.81964350
[GPU 0] [07:37:41] [INFO] Data: papers-cyber | Experts: None
[GPU 0] [07:37:41] [INFO] loss: 3.92179489
[GPU 0] [07:37:46] [INFO] ----------------------------------------
[GPU 0] [07:37:46] [INFO] Finished. See /workspace/gradient-routing/experiments/AGI-1699-New-Dataset-Runs/results/optimize/base/realistic/50M/seed_3/20260421073135356171
