[GPU 0] [00:59:18] [INFO] Git branch: arxiv-codebase, commit: 9b24315f2bfea330d3dad8afb633050bae1cf90a
[GPU 0] [00:59:18] [INFO] Number of GPUs: 1
[GPU 0] [00:59:20] [INFO] Tokenizer vocabulary: 50257
[GPU 0] [00:59:20] [INFO] Set model vocab size to nearest multiple of 64 of tokenizer size: 50304
[GPU 0] [00:59:30] [INFO] target effective batch size: 672, actual effective batch size: 672, micro batch size: 12, accumulation steps: 56, num gpus: 1
[GPU 0] [00:59:31] [INFO] core total number of tokens: 66749057569
[GPU 0] [00:59:31] [INFO] Baseline model has 806,509,504 parameters
[GPU 0] [00:59:31] [INFO] core: chinchilla optimal tokens: 16,130,190,080, requested proportion: 1.0000, requested number of tokens: 16,130,190,080.0, 
[GPU 0] [00:59:31] [INFO] aux total number of tokens: 4835776549
[GPU 0] [00:59:31] [INFO] Baseline model has 806,509,504 parameters
[GPU 0] [00:59:31] [INFO] aux: chinchilla optimal tokens: 16,130,190,080, requested proportion: 0.0100, requested number of tokens: 161,301,900.8, 
[GPU 0] [00:59:31] [DEBUG] Saved config to /workspace-vast/ethanr/gradient-routing/experiments/arXiv-Codebase/results/titration/800M/seed_1/grmoe/config.json
[GPU 0] [00:59:31] [DEBUG] {
    "stages": [
        {
            "name": "routed",
            "num_checkpoints": -1,
            "lr": 0.0005663534909876918,
            "res_dir": "/workspace-vast/ethanr/gradient-routing/experiments/arXiv-Codebase/results/titration/800M/seed_1/grmoe/routed",
            "acc_mode": "uniform",
            "do_eval": true,
            "do_sample": false,
            "num_train_evals": 0,
            "do_elicit": false,
            "elicit_eval_prc": 0.5,
            "elicit_num_evals": 100,
            "retain_targets": null,
            "model": {
                "arch": "moe",
                "tokenizer": "GPT2Tokenizer(name_or_path='EleutherAI/gpt-neo-125M', vocab_size=50257, model_max_length=2048, padding_side='right', truncation_side='right', special_tokens={'bos_token': '<|endoftext|>', 'eos_token': '<|endoftext|>', 'unk_token': '<|endoftext|>'}, added_tokens_decoder={\n\t50256: AddedToken(\"<|endoftext|>\", rstrip=False, lstrip=False, single_word=False, normalized=True, special=True),\n}\n)",
                "ctx_len": 1024,
                "vocab_size": 50304,
                "num_layers": 24,
                "num_heads": 8,
                "num_key_value": 2,
                "attn_bias": true,
                "eos_token_id": 50256,
                "embed_dim": 1600,
                "mlp_dim": 6400,
                "core_param_prc": 1.0,
                "aux_param_prc": 0.1
            },
            "eval_arbsub": false,
            "label_prc": 1.0,
            "aux_factor": {
                "code-lisp": 4.0,
                "papers-biology": 3.0,
                "papers-nuclear": 3.0,
                "papers-cyber": 3.0
            },
            "robust_prc": 0.2,
            "aux_route_prc": 0.5,
            "equal_compute": true
        }
    ],
    "model": {
        "arch": "base",
        "tokenizer": "GPT2Tokenizer(name_or_path='EleutherAI/gpt-neo-125M', vocab_size=50257, model_max_length=2048, padding_side='right', truncation_side='right', special_tokens={'bos_token': '<|endoftext|>', 'eos_token': '<|endoftext|>', 'unk_token': '<|endoftext|>'}, added_tokens_decoder={\n\t50256: AddedToken(\"<|endoftext|>\", rstrip=False, lstrip=False, single_word=False, normalized=True, special=True),\n}\n)",
        "ctx_len": 1024,
        "vocab_size": 50304,
        "num_layers": 24,
        "num_heads": 8,
        "num_key_value": 2,
        "attn_bias": true,
        "eos_token_id": 50256,
        "embed_dim": 1600,
        "mlp_dim": 6400
    },
    "data": {
        "dirs": [
            "/workspace-vast/ethanr/gradient-routing/experiments/arXiv-Codebase/src/data/fineweb",
            "/workspace-vast/ethanr/gradient-routing/experiments/arXiv-Codebase/src/data/code",
            "/workspace-vast/ethanr/gradient-routing/experiments/arXiv-Codebase/src/data/papers"
        ],
        "core": {
            "labels": [
                "fineweb",
                "code-other",
                "papers-other"
            ],
            "method": "optimal",
            "limit": 1.0,
            "dist": {
                "fineweb": 0.84,
                "code-other": 0.15,
                "papers-other": 0.01
            },
            "num_tok": 16130190080.0
        },
        "aux": {
            "labels": [
                "code-lisp",
                "papers-biology",
                "papers-nuclear",
                "papers-cyber"
            ],
            "method": "optimal",
            "limit": 0.01,
            "dist": {
                "code-lisp": 0.25,
                "papers-biology": 0.25,
                "papers-nuclear": 0.25,
                "papers-cyber": 0.25
            },
            "num_tok": 161301900.8
        }
    },
    "run": {
        "target_effective_batch_size": 672,
        "effective_batch_size": 672,
        "micro_batch_size": 12,
        "accumulation_steps": 56,
        "max_num_test_sequences": 10000,
        "eval_all_labels": false,
        "micro_batch_anchors": [
            [
                400000000.0,
                23
            ],
            [
                5000000000.0,
                2
            ]
        ],
        "epochs": 1,
        "adam_betas": [
            0.9,
            0.95
        ],
        "warmup_prc": 0.02,
        "decay_prc": 0.1,
        "seed": 1,
        "compile": false,
        "find_unused_parameters": true,
        "is_ddp": false,
        "cleanup_distributed": false,
        "log_level": "DEBUG",
        "num_gpus": 1,
        "process_id": 0,
        "num_base_params": 806509504,
        "device": "cuda",
        "logger": "<Logger training_grmoe (DEBUG)>",
        "labels": [
            "core",
            "code-lisp",
            "papers-biology",
            "papers-cyber",
            "papers-nuclear"
        ],
        "loaders": {
            "code-lisp": {
                "train": "SingleDataLoader(code-lisp_train_001.bin, len=3281)",
                "test": "InterleavedDataLoader(len=840)"
            },
            "code-other": {
                "train": "InterleavedDataLoader(len=196901)",
                "test": "SingleDataLoader(code-other_test_010.bin, len=840)"
            },
            "fineweb": {
                "train": "InterleavedDataLoader(len=1102649)",
                "test": "InterleavedDataLoader(len=840)"
            },
            "papers-biology": {
                "train": "SingleDataLoader(papers-biology_train.bin, len=3281)",
                "test": "SingleDataLoader(papers-biology_test.bin, len=840)"
            },
            "papers-cyber": {
                "train": "SingleDataLoader(papers-cyber_train.bin, len=3281)",
                "test": "SingleDataLoader(papers-cyber_test.bin, len=840)"
            },
            "papers-nuclear": {
                "train": "SingleDataLoader(papers-nuclear_train.bin, len=3281)",
                "test": "SingleDataLoader(papers-nuclear_test.bin, len=840)"
            },
            "papers-other": {
                "train": "SingleDataLoader(papers-other_train.bin, len=13126)",
                "test": "SingleDataLoader(papers-other_test.bin, len=840)"
            },
            "core": {
                "train": "InterleavedDataLoader(len=1312676)",
                "test": "InterleavedDataLoader(len=2520)"
            },
            "aux": {
                "train": "InterleavedDataLoader(len=13124)",
                "test": "InterleavedDataLoader(len=3360)"
            },
            "all": {
                "train": "InterleavedDataLoader(len=1325800)",
                "test": "InterleavedDataLoader(len=5880)"
            }
        },
        "res_root": "/workspace-vast/ethanr/gradient-routing/experiments/arXiv-Codebase/results/titration/800M/seed_1",
        "experiment_id": "grmoe",
        "s3_bucket": "ae-gradient-routing-results",
        "s3_prefix": "titration/800M/seed_1/grmoe"
    },
    "label_prc": 1.0
}
[GPU 0] [00:59:31] [INFO] === titration eval: method=grmoe seed=1 ===
[GPU 0] [00:59:31] [INFO] Source checkpoint: /workspace-vast/ethanr/gradient-routing/experiments/arXiv-Codebase/results/scaling/realistic/grmoe/800M/seed_1/20260422115512415711/routed/checkpoint.pth
[GPU 0] [00:59:45] [INFO] Initialized MoETransformer with 1,003,332,544 total parameters
[GPU 0] [00:59:45] [INFO]   Label 'core' has 806,509,504 parameters
[GPU 0] [00:59:45] [INFO]   Label 'code-lisp' has 49,205,760 parameters
[GPU 0] [00:59:45] [INFO]   Label 'papers-biology' has 49,205,760 parameters
[GPU 0] [00:59:45] [INFO]   Label 'papers-cyber' has 49,205,760 parameters
[GPU 0] [00:59:45] [INFO]   Label 'papers-nuclear' has 49,205,760 parameters
[GPU 0] [02:14:20] [INFO] Git branch: arxiv-codebase, commit: 9b24315f2bfea330d3dad8afb633050bae1cf90a
[GPU 0] [02:14:20] [INFO] Number of GPUs: 1
[GPU 0] [02:14:22] [INFO] Tokenizer vocabulary: 50257
[GPU 0] [02:14:22] [INFO] Set model vocab size to nearest multiple of 64 of tokenizer size: 50304
[GPU 0] [02:14:30] [INFO] target effective batch size: 672, actual effective batch size: 672, micro batch size: 12, accumulation steps: 56, num gpus: 1
[GPU 0] [02:14:30] [INFO] core total number of tokens: 66749057569
[GPU 0] [02:14:30] [INFO] Baseline model has 806,509,504 parameters
[GPU 0] [02:14:30] [INFO] core: chinchilla optimal tokens: 16,130,190,080, requested proportion: 1.0000, requested number of tokens: 16,130,190,080.0, 
[GPU 0] [02:14:30] [INFO] aux total number of tokens: 4835776549
[GPU 0] [02:14:30] [INFO] Baseline model has 806,509,504 parameters
[GPU 0] [02:14:30] [INFO] aux: chinchilla optimal tokens: 16,130,190,080, requested proportion: 0.0100, requested number of tokens: 161,301,900.8, 
[GPU 0] [02:14:31] [DEBUG] Saved config to /workspace-vast/ethanr/gradient-routing/experiments/arXiv-Codebase/results/titration/800M/seed_1/grmoe/config.json
[GPU 0] [02:14:31] [DEBUG] {
    "stages": [
        {
            "name": "routed",
            "num_checkpoints": -1,
            "lr": 0.0005663534909876918,
            "res_dir": "/workspace-vast/ethanr/gradient-routing/experiments/arXiv-Codebase/results/titration/800M/seed_1/grmoe/routed",
            "acc_mode": "uniform",
            "do_eval": true,
            "do_sample": false,
            "num_train_evals": 0,
            "do_elicit": false,
            "elicit_eval_prc": 0.5,
            "elicit_num_evals": 100,
            "retain_targets": null,
            "model": {
                "arch": "moe",
                "tokenizer": "GPT2Tokenizer(name_or_path='EleutherAI/gpt-neo-125M', vocab_size=50257, model_max_length=2048, padding_side='right', truncation_side='right', special_tokens={'bos_token': '<|endoftext|>', 'eos_token': '<|endoftext|>', 'unk_token': '<|endoftext|>'}, added_tokens_decoder={\n\t50256: AddedToken(\"<|endoftext|>\", rstrip=False, lstrip=False, single_word=False, normalized=True, special=True),\n}\n)",
                "ctx_len": 1024,
                "vocab_size": 50304,
                "num_layers": 24,
                "num_heads": 8,
                "num_key_value": 2,
                "attn_bias": true,
                "eos_token_id": 50256,
                "embed_dim": 1600,
                "mlp_dim": 6400,
                "core_param_prc": 1.0,
                "aux_param_prc": 0.1
            },
            "eval_arbsub": false,
            "label_prc": 1.0,
            "aux_factor": {
                "code-lisp": 4.0,
                "papers-biology": 3.0,
                "papers-nuclear": 3.0,
                "papers-cyber": 3.0
            },
            "robust_prc": 0.2,
            "aux_route_prc": 0.5,
            "equal_compute": true
        }
    ],
    "model": {
        "arch": "base",
        "tokenizer": "GPT2Tokenizer(name_or_path='EleutherAI/gpt-neo-125M', vocab_size=50257, model_max_length=2048, padding_side='right', truncation_side='right', special_tokens={'bos_token': '<|endoftext|>', 'eos_token': '<|endoftext|>', 'unk_token': '<|endoftext|>'}, added_tokens_decoder={\n\t50256: AddedToken(\"<|endoftext|>\", rstrip=False, lstrip=False, single_word=False, normalized=True, special=True),\n}\n)",
        "ctx_len": 1024,
        "vocab_size": 50304,
        "num_layers": 24,
        "num_heads": 8,
        "num_key_value": 2,
        "attn_bias": true,
        "eos_token_id": 50256,
        "embed_dim": 1600,
        "mlp_dim": 6400
    },
    "data": {
        "dirs": [
            "/workspace-vast/ethanr/gradient-routing/experiments/arXiv-Codebase/src/data/fineweb",
            "/workspace-vast/ethanr/gradient-routing/experiments/arXiv-Codebase/src/data/code",
            "/workspace-vast/ethanr/gradient-routing/experiments/arXiv-Codebase/src/data/papers"
        ],
        "core": {
            "labels": [
                "fineweb",
                "code-other",
                "papers-other"
            ],
            "method": "optimal",
            "limit": 1.0,
            "dist": {
                "fineweb": 0.84,
                "code-other": 0.15,
                "papers-other": 0.01
            },
            "num_tok": 16130190080.0
        },
        "aux": {
            "labels": [
                "code-lisp",
                "papers-biology",
                "papers-nuclear",
                "papers-cyber"
            ],
            "method": "optimal",
            "limit": 0.01,
            "dist": {
                "code-lisp": 0.25,
                "papers-biology": 0.25,
                "papers-nuclear": 0.25,
                "papers-cyber": 0.25
            },
            "num_tok": 161301900.8
        }
    },
    "run": {
        "target_effective_batch_size": 672,
        "effective_batch_size": 672,
        "micro_batch_size": 12,
        "accumulation_steps": 56,
        "max_num_test_sequences": 10000,
        "eval_all_labels": false,
        "micro_batch_anchors": [
            [
                400000000.0,
                23
            ],
            [
                5000000000.0,
                2
            ]
        ],
        "epochs": 1,
        "adam_betas": [
            0.9,
            0.95
        ],
        "warmup_prc": 0.02,
        "decay_prc": 0.1,
        "seed": 1,
        "compile": false,
        "find_unused_parameters": true,
        "is_ddp": false,
        "cleanup_distributed": false,
        "log_level": "DEBUG",
        "num_gpus": 1,
        "process_id": 0,
        "num_base_params": 806509504,
        "device": "cuda",
        "logger": "<Logger training_grmoe (DEBUG)>",
        "labels": [
            "core",
            "code-lisp",
            "papers-biology",
            "papers-cyber",
            "papers-nuclear"
        ],
        "loaders": {
            "code-lisp": {
                "train": "SingleDataLoader(code-lisp_train_001.bin, len=3281)",
                "test": "InterleavedDataLoader(len=840)"
            },
            "code-other": {
                "train": "InterleavedDataLoader(len=196901)",
                "test": "SingleDataLoader(code-other_test_010.bin, len=840)"
            },
            "fineweb": {
                "train": "InterleavedDataLoader(len=1102649)",
                "test": "InterleavedDataLoader(len=840)"
            },
            "papers-biology": {
                "train": "SingleDataLoader(papers-biology_train.bin, len=3281)",
                "test": "SingleDataLoader(papers-biology_test.bin, len=840)"
            },
            "papers-cyber": {
                "train": "SingleDataLoader(papers-cyber_train.bin, len=3281)",
                "test": "SingleDataLoader(papers-cyber_test.bin, len=840)"
            },
            "papers-nuclear": {
                "train": "SingleDataLoader(papers-nuclear_train.bin, len=3281)",
                "test": "SingleDataLoader(papers-nuclear_test.bin, len=840)"
            },
            "papers-other": {
                "train": "SingleDataLoader(papers-other_train.bin, len=13126)",
                "test": "SingleDataLoader(papers-other_test.bin, len=840)"
            },
            "core": {
                "train": "InterleavedDataLoader(len=1312676)",
                "test": "InterleavedDataLoader(len=2520)"
            },
            "aux": {
                "train": "InterleavedDataLoader(len=13124)",
                "test": "InterleavedDataLoader(len=3360)"
            },
            "all": {
                "train": "InterleavedDataLoader(len=1325800)",
                "test": "InterleavedDataLoader(len=5880)"
            }
        },
        "res_root": "/workspace-vast/ethanr/gradient-routing/experiments/arXiv-Codebase/results/titration/800M/seed_1",
        "experiment_id": "grmoe",
        "s3_bucket": "ae-gradient-routing-results",
        "s3_prefix": "titration/800M/seed_1/grmoe"
    },
    "label_prc": 1.0
}
[GPU 0] [02:14:31] [INFO] === titration eval: method=grmoe seed=1 ===
[GPU 0] [02:14:31] [INFO] Source checkpoint: /workspace-vast/ethanr/gradient-routing/experiments/arXiv-Codebase/results/scaling/realistic/grmoe/800M/seed_1/20260422115512415711/routed/checkpoint.pth
[GPU 0] [02:14:44] [INFO] Initialized MoETransformer with 1,003,332,544 total parameters
[GPU 0] [02:14:44] [INFO]   Label 'core' has 806,509,504 parameters
[GPU 0] [02:14:44] [INFO]   Label 'code-lisp' has 49,205,760 parameters
[GPU 0] [02:14:44] [INFO]   Label 'papers-biology' has 49,205,760 parameters
[GPU 0] [02:14:44] [INFO]   Label 'papers-cyber' has 49,205,760 parameters
[GPU 0] [02:14:44] [INFO]   Label 'papers-nuclear' has 49,205,760 parameters
[GPU 0] [02:16:23] [INFO] [grmoe] aux=code-lisp t=0.00 code-lisp loss=1.4579
[GPU 0] [02:20:46] [INFO] [grmoe] aux=code-lisp t=0.00 core loss=1.8752
[GPU 0] [02:22:18] [INFO] [grmoe] aux=code-lisp t=0.25 code-lisp loss=1.2310
[GPU 0] [02:26:52] [INFO] [grmoe] aux=code-lisp t=0.25 core loss=1.8752
[GPU 0] [02:28:23] [INFO] [grmoe] aux=code-lisp t=0.50 code-lisp loss=0.9973
[GPU 0] [02:32:57] [INFO] [grmoe] aux=code-lisp t=0.50 core loss=1.8756
[GPU 0] [02:34:29] [INFO] [grmoe] aux=code-lisp t=0.75 code-lisp loss=0.8594
[GPU 0] [02:39:03] [INFO] [grmoe] aux=code-lisp t=0.75 core loss=1.8764
[GPU 0] [02:40:33] [INFO] [grmoe] aux=code-lisp t=1.00 code-lisp loss=0.8216
[GPU 0] [02:45:03] [INFO] [grmoe] aux=code-lisp t=1.00 core loss=1.8776
[GPU 0] [02:46:30] [INFO] [grmoe] aux=papers-biology t=0.00 papers-biology loss=2.4535
[GPU 0] [02:50:50] [INFO] [grmoe] aux=papers-biology t=0.00 core loss=1.8752
[GPU 0] [02:52:22] [INFO] [grmoe] aux=papers-biology t=0.25 papers-biology loss=2.4202
[GPU 0] [02:56:56] [INFO] [grmoe] aux=papers-biology t=0.25 core loss=1.8750
[GPU 0] [02:58:27] [INFO] [grmoe] aux=papers-biology t=0.50 papers-biology loss=2.3942
[GPU 0] [03:03:03] [INFO] [grmoe] aux=papers-biology t=0.50 core loss=1.8752
[GPU 0] [03:04:35] [INFO] [grmoe] aux=papers-biology t=0.75 papers-biology loss=2.3766
[GPU 0] [03:09:10] [INFO] [grmoe] aux=papers-biology t=0.75 core loss=1.8758
[GPU 0] [03:10:40] [INFO] [grmoe] aux=papers-biology t=1.00 papers-biology loss=2.3664
[GPU 0] [03:15:10] [INFO] [grmoe] aux=papers-biology t=1.00 core loss=1.8768
[GPU 0] [03:16:37] [INFO] [grmoe] aux=papers-nuclear t=0.00 papers-nuclear loss=2.8313
[GPU 0] [03:20:58] [INFO] [grmoe] aux=papers-nuclear t=0.00 core loss=1.8752
[GPU 0] [03:22:29] [INFO] [grmoe] aux=papers-nuclear t=0.25 papers-nuclear loss=2.7878
[GPU 0] [03:27:04] [INFO] [grmoe] aux=papers-nuclear t=0.25 core loss=1.8747
[GPU 0] [03:28:36] [INFO] [grmoe] aux=papers-nuclear t=0.50 papers-nuclear loss=2.7522
[GPU 0] [03:33:12] [INFO] [grmoe] aux=papers-nuclear t=0.50 core loss=1.8754
[GPU 0] [03:34:45] [INFO] [grmoe] aux=papers-nuclear t=0.75 papers-nuclear loss=2.7263
[GPU 0] [03:39:20] [INFO] [grmoe] aux=papers-nuclear t=0.75 core loss=1.8769
[GPU 0] [03:40:50] [INFO] [grmoe] aux=papers-nuclear t=1.00 papers-nuclear loss=2.7113
[GPU 0] [03:45:21] [INFO] [grmoe] aux=papers-nuclear t=1.00 core loss=1.8799
[GPU 0] [03:46:48] [INFO] [grmoe] aux=papers-cyber t=0.00 papers-cyber loss=2.7009
[GPU 0] [03:51:08] [INFO] [grmoe] aux=papers-cyber t=0.00 core loss=1.8752
[GPU 0] [03:52:39] [INFO] [grmoe] aux=papers-cyber t=0.25 papers-cyber loss=2.6770
[GPU 0] [03:57:13] [INFO] [grmoe] aux=papers-cyber t=0.25 core loss=1.8743
[GPU 0] [03:58:44] [INFO] [grmoe] aux=papers-cyber t=0.50 papers-cyber loss=2.6587
[GPU 0] [04:03:18] [INFO] [grmoe] aux=papers-cyber t=0.50 core loss=1.8742
[GPU 0] [04:04:50] [INFO] [grmoe] aux=papers-cyber t=0.75 papers-cyber loss=2.6453
[GPU 0] [04:09:25] [INFO] [grmoe] aux=papers-cyber t=0.75 core loss=1.8749
[GPU 0] [04:10:56] [INFO] [grmoe] aux=papers-cyber t=1.00 papers-cyber loss=2.6374
[GPU 0] [04:15:27] [INFO] [grmoe] aux=papers-cyber t=1.00 core loss=1.8761
[GPU 0] [04:15:29] [INFO] Finished grmoe/seed_1. See /workspace-vast/ethanr/gradient-routing/experiments/arXiv-Codebase/results/titration/800M/seed_1/grmoe
