[GPU 0] [05:25:21] [INFO] Number of GPUs: 8
[GPU 0] [05:25:22] [INFO] Tokenizer vocabulary: 50257
[GPU 0] [05:25:22] [INFO] Set model vocab size to nearest multiple of 64 of tokenizer size: 50304
[GPU 0] [05:25:24] [INFO] target effective batch size: 512, actual effective batch size: 528, micro batch size: 33, accumulation steps: 2, num gpus: 8
[GPU 0] [05:25:24] [INFO] core total number of tokens: 124693822984
[GPU 0] [05:25:24] [INFO] Baseline model has 199,891,008 parameters
[GPU 0] [05:25:24] [INFO] core: chinchilla optimal tokens: 3,997,820,160, requested proportion: 1.0000, requested number of tokens: 3,997,820,160.0, 
[GPU 0] [05:25:24] [INFO] aux total number of tokens: 4835776549
[GPU 0] [05:25:24] [INFO] Baseline model has 199,891,008 parameters
[GPU 0] [05:25:24] [INFO] aux: chinchilla optimal tokens: 3,997,820,160, requested proportion: 0.0100, requested number of tokens: 39,978,201.6, 
[GPU 0] [05:25:24] [DEBUG] Saved config to /workspace/gradient-routing/experiments/AGI-1699-New-Dataset-Runs/results/optimize/base/realistic/200M/seed_3/20260421052514663668/config.json
[GPU 0] [05:25:24] [DEBUG] {
    "stages": [
        {
            "name": "baseline",
            "num_checkpoints": -1,
            "lr": 0.0002,
            "res_dir": "/workspace/gradient-routing/experiments/AGI-1699-New-Dataset-Runs/results/optimize/base/realistic/200M/seed_3/20260421052514663668/baseline",
            "do_eval": true,
            "do_sample": false,
            "num_train_evals": 0,
            "do_elicit": false,
            "elicit_eval_prc": 0.5,
            "elicit_num_evals": 100
        }
    ],
    "model": {
        "arch": "base",
        "tokenizer": "GPT2Tokenizer(name_or_path='EleutherAI/gpt-neo-125M', vocab_size=50257, model_max_length=2048, padding_side='right', truncation_side='right', special_tokens={'bos_token': '<|endoftext|>', 'eos_token': '<|endoftext|>', 'unk_token': '<|endoftext|>'}, added_tokens_decoder={\n\t50256: AddedToken(\"<|endoftext|>\", rstrip=False, lstrip=False, single_word=False, normalized=True, special=True),\n}\n)",
        "ctx_len": 1024,
        "vocab_size": 50304,
        "num_layers": 13,
        "num_heads": 8,
        "num_key_value": 2,
        "attn_bias": true,
        "eos_token_id": 50256,
        "embed_dim": 896,
        "mlp_dim": 3584
    },
    "data": {
        "dirs": [
            "/workspace/gradient-routing/experiments/AGI-1699-New-Dataset-Runs/src/data/fineweb",
            "/workspace/gradient-routing/experiments/AGI-1699-New-Dataset-Runs/src/data/code",
            "/workspace/gradient-routing/experiments/AGI-1699-New-Dataset-Runs/src/data/papers"
        ],
        "core": {
            "labels": [
                "fineweb",
                "code-other",
                "papers-other"
            ],
            "method": "optimal",
            "limit": 1.0,
            "dist": {
                "fineweb": 0.84,
                "code-other": 0.15,
                "papers-other": 0.01
            },
            "num_tok": 3997820160.0
        },
        "aux": {
            "labels": [
                "code-lisp",
                "papers-biology",
                "papers-nuclear",
                "papers-cyber"
            ],
            "method": "optimal",
            "limit": 0.01,
            "dist": {
                "code-lisp": 0.25,
                "papers-biology": 0.25,
                "papers-nuclear": 0.25,
                "papers-cyber": 0.25
            },
            "num_tok": 39978201.6
        }
    },
    "run": {
        "target_effective_batch_size": 512,
        "effective_batch_size": 528,
        "micro_batch_size": 33,
        "accumulation_steps": 2,
        "max_num_test_sequences": 10000,
        "eval_all_labels": false,
        "micro_batch_anchors": [
            [
                400000000.0,
                23
            ],
            [
                5000000000.0,
                2
            ]
        ],
        "epochs": 1,
        "adam_betas": [
            0.9,
            0.95
        ],
        "warmup_prc": 0.02,
        "decay_prc": 0.1,
        "seed": 3,
        "compile": true,
        "is_ddp": true,
        "optimize_routed": true,
        "cleanup_distributed": false,
        "log_level": "DEBUG",
        "num_gpus": 8,
        "process_id": 0,
        "num_base_params": 199891008,
        "device": "cuda",
        "logger": "<Logger training_20260421052514663668 (DEBUG)>",
        "labels": [
            "core",
            "code-lisp",
            "papers-biology",
            "papers-cyber",
            "papers-nuclear"
        ],
        "loaders": {
            "code-lisp": {
                "train": "SingleDataLoader(code-lisp_train_001.bin, len=36)",
                "test": "InterleavedDataLoader(len=36)"
            },
            "code-other": {
                "train": "SingleDataLoader(code-other_train_006.bin, len=2218)",
                "test": "InterleavedDataLoader(len=38)"
            },
            "fineweb": {
                "train": "InterleavedDataLoader(len=12422)",
                "test": "InterleavedDataLoader(len=38)"
            },
            "papers-biology": {
                "train": "SingleDataLoader(papers-biology_train.bin, len=36)",
                "test": "SingleDataLoader(papers-biology_test.bin, len=36)"
            },
            "papers-cyber": {
                "train": "SingleDataLoader(papers-cyber_train.bin, len=36)",
                "test": "SingleDataLoader(papers-cyber_test.bin, len=36)"
            },
            "papers-nuclear": {
                "train": "SingleDataLoader(papers-nuclear_train.bin, len=36)",
                "test": "SingleDataLoader(papers-nuclear_test.bin, len=36)"
            },
            "papers-other": {
                "train": "SingleDataLoader(papers-other_train.bin, len=147)",
                "test": "SingleDataLoader(papers-other_test.bin, len=38)"
            },
            "core": {
                "train": "InterleavedDataLoader(len=14787)",
                "test": "InterleavedDataLoader(len=114)"
            },
            "aux": {
                "train": "InterleavedDataLoader(len=144)",
                "test": "InterleavedDataLoader(len=144)"
            },
            "all": {
                "train": "InterleavedDataLoader(len=14931)",
                "test": "InterleavedDataLoader(len=258)"
            }
        },
        "res_root": "/workspace/gradient-routing/experiments/AGI-1699-New-Dataset-Runs/results/optimize/base/realistic/200M/seed_3",
        "experiment_id": "20260421052514663668",
        "s3_bucket": "ae-gradient-routing-results",
        "s3_prefix": "optimize/base/realistic/200M/seed_3"
    }
}
[GPU 0] [05:25:24] [INFO] Loader code-lisp train: 36, test: 36
[GPU 0] [05:25:24] [INFO] Loader code-other train: 2218, test: 38
[GPU 0] [05:25:24] [INFO] Loader fineweb train: 12422, test: 38
[GPU 0] [05:25:24] [INFO] Loader papers-biology train: 36, test: 36
[GPU 0] [05:25:24] [INFO] Loader papers-cyber train: 36, test: 36
[GPU 0] [05:25:24] [INFO] Loader papers-nuclear train: 36, test: 36
[GPU 0] [05:25:24] [INFO] Loader papers-other train: 147, test: 38
[GPU 0] [05:25:24] [INFO] Loader core train: 14787, test: 114
[GPU 0] [05:25:24] [INFO] Loader aux train: 144, test: 144
[GPU 0] [05:25:24] [INFO] Loader all train: 14931, test: 258
[GPU 0] [05:25:24] [INFO] Stage [baseline] start: {"name": "baseline", "num_checkpoints": -1, "lr": 0.0002, "res_dir": "/workspace/gradient-routing/experiments/AGI-1699-New-Dataset-Runs/results/optimize/base/realistic/200M/seed_3/20260421052514663668/baseline", "do_eval": true, "do_sample": false, "num_train_evals": 0, "do_elicit": false, "elicit_eval_prc": 0.5, "elicit_num_evals": 100}
[GPU 0] [05:25:24] [INFO] BASELINE START
[GPU 0] [05:25:25] [INFO] Initialized BaseTransformer with 199,891,008 total parameters
[GPU 0] [05:25:25] [INFO] Compiling BaseTransformer with torch.compile...
[GPU 0] [05:25:26] [INFO] torch.compile done
[GPU 0] [05:25:26] [WARNING] restore_partial_state: no checkpoint found at /workspace/gradient-routing/experiments/AGI-1699-New-Dataset-Runs/results/optimize/base/realistic/200M/seed_3/20260421052514663668/baseline
[GPU 0] [05:25:26] [INFO] ---- Begin Train | Data Labels: ['all'] ----
[GPU 0] [05:25:26] [INFO] warmup_steps: 149
[GPU 0] [05:25:26] [INFO] constant_steps: 6570
[GPU 0] [05:25:26] [INFO] decay_steps: 747
[GPU 0] [05:25:26] [INFO] LR Scheduler: Warmup Start
[GPU 0] [05:25:49] [INFO] Step: 1, LR: 1.35e-06
[GPU 0] [05:25:49] [INFO] Train Loss: CORE: 11.00 CODE-LISP: nan PAPERS-BIOLOGY: nan PAPERS-CYBER: nan PAPERS-NUCLEAR: nan 
[GPU 0] [05:26:36] [INFO] LR Scheduler: Constant Start
[GPU 0] [05:31:09] [INFO] Step: 1000, LR: 2.00e-04
[GPU 0] [05:31:09] [INFO] Train Loss: CORE: 4.12 CODE-LISP: 5.04 PAPERS-BIOLOGY: 5.07 PAPERS-CYBER: 5.03 PAPERS-NUCLEAR: 5.98 
[GPU 0] [05:36:29] [INFO] Step: 2000, LR: 2.00e-04
[GPU 0] [05:36:29] [INFO] Train Loss: CORE: 4.03 CODE-LISP: 4.58 PAPERS-BIOLOGY: 4.58 PAPERS-CYBER: 4.74 PAPERS-NUCLEAR: 5.05 
[GPU 0] [05:41:49] [INFO] Step: 3000, LR: 2.00e-04
[GPU 0] [05:41:49] [INFO] Train Loss: CORE: 3.56 CODE-LISP: 2.73 PAPERS-BIOLOGY: 4.27 PAPERS-CYBER: 4.12 PAPERS-NUCLEAR: 4.86 
[GPU 0] [05:47:09] [INFO] Step: 4000, LR: 2.00e-04
[GPU 0] [05:47:09] [INFO] Train Loss: CORE: 3.20 CODE-LISP: 1.71 PAPERS-BIOLOGY: 3.61 PAPERS-CYBER: 3.82 PAPERS-NUCLEAR: 4.19 
[GPU 0] [05:52:29] [INFO] Step: 5000, LR: 2.00e-04
[GPU 0] [05:52:29] [INFO] Train Loss: CORE: 3.36 CODE-LISP: 1.71 PAPERS-BIOLOGY: 3.53 PAPERS-CYBER: 3.78 PAPERS-NUCLEAR: 3.95 
[GPU 0] [05:57:49] [INFO] Step: 6000, LR: 2.00e-04
[GPU 0] [05:57:49] [INFO] Train Loss: CORE: 3.57 CODE-LISP: 1.61 PAPERS-BIOLOGY: 3.42 PAPERS-CYBER: 3.62 PAPERS-NUCLEAR: 3.73 
[GPU 0] [06:01:39] [INFO] LR Scheduler: Decay Start
[GPU 0] [06:03:09] [INFO] Step: 7000, LR: 1.25e-04
[GPU 0] [06:03:09] [INFO] Train Loss: CORE: 2.47 CODE-LISP: 1.63 PAPERS-BIOLOGY: 3.37 PAPERS-CYBER: 3.55 PAPERS-NUCLEAR: 3.70 
[GPU 0] [06:05:38] [INFO] Step: 7466, LR: 1.00e-08
[GPU 0] [06:05:38] [INFO] Train Loss: CORE: 2.94 CODE-LISP: 1.52 PAPERS-BIOLOGY: 3.37 PAPERS-CYBER: 3.53 PAPERS-NUCLEAR: 3.64 
[GPU 0] [06:05:39] [INFO] ---- Begin Eval ----
[GPU 0] [06:05:39] [INFO] Data: core | Experts: None
[GPU 0] [06:05:56] [INFO] loss: 2.50782967
[GPU 0] [06:05:56] [INFO] Data: code-lisp | Experts: None
[GPU 0] [06:05:59] [INFO] loss: 1.46514213
[GPU 0] [06:05:59] [INFO] Data: papers-biology | Experts: None
[GPU 0] [06:06:01] [INFO] loss: 3.26182747
[GPU 0] [06:06:01] [INFO] Data: papers-nuclear | Experts: None
[GPU 0] [06:06:04] [INFO] loss: 3.53119564
[GPU 0] [06:06:04] [INFO] Data: papers-cyber | Experts: None
[GPU 0] [06:06:06] [INFO] loss: 3.46983528
[GPU 0] [06:06:07] [INFO] ----------------------------------------
[GPU 0] [06:06:07] [INFO] Finished. See /workspace/gradient-routing/experiments/AGI-1699-New-Dataset-Runs/results/optimize/base/realistic/200M/seed_3/20260421052514663668
