[GPU 0] [21:56:55] [INFO] Git branch: arxiv-codebase, commit: 9b24315f2bfea330d3dad8afb633050bae1cf90a
[GPU 0] [21:56:55] [INFO] Number of GPUs: 1
[GPU 0] [21:56:56] [INFO] Tokenizer vocabulary: 4096
[GPU 0] [21:56:56] [INFO] Set model vocab size to nearest multiple of 64 of tokenizer size: 4096
[GPU 0] [21:56:57] [INFO] target effective batch size: 128, actual effective batch size: 128, micro batch size: 128, accumulation steps: 1, num gpus: 1
[GPU 0] [21:56:57] [INFO] core total number of tokens: 501664802
[GPU 0] [21:56:57] [INFO] core: 1.0000 x 501664802 = 501664802
[GPU 0] [21:56:57] [INFO] aux total number of tokens: 46188871
[GPU 0] [21:56:57] [INFO] aux: 1.0000 x 46188871 = 46188871
[GPU 0] [21:56:57] [DEBUG] Saved config to /workspace-vast/ethanr/gradient-routing/experiments/arXiv-Codebase/results/auxnum/num_aux_4/seed_3/20260629215643276518/config.json
[GPU 0] [21:56:57] [DEBUG] {
    "stages": [
        {
            "name": "baseline",
            "num_checkpoints": -1,
            "lr": 0.005,
            "res_dir": "/workspace-vast/ethanr/gradient-routing/experiments/arXiv-Codebase/results/auxnum/num_aux_4/seed_3/20260629215643276518/baseline",
            "acc_mode": "heterogeneous",
            "do_eval": true,
            "do_sample": false,
            "num_train_evals": 200,
            "do_elicit": false,
            "elicit_eval_prc": 0.5,
            "elicit_num_evals": 100,
            "retain_targets": null,
            "label_prc": 1.0
        },
        {
            "name": "routed",
            "num_checkpoints": -1,
            "lr": 0.005,
            "res_dir": "/workspace-vast/ethanr/gradient-routing/experiments/arXiv-Codebase/results/auxnum/num_aux_4/seed_3/20260629215643276518/routed",
            "acc_mode": "heterogeneous",
            "do_eval": true,
            "do_sample": false,
            "num_train_evals": 0,
            "do_elicit": true,
            "elicit_eval_prc": 0.5,
            "elicit_num_evals": 100,
            "retain_targets": null,
            "model": {
                "arch": "moe",
                "tokenizer": "TokenizersBackend(name_or_path='SimpleStories/SimpleStories-1.25M', vocab_size=4096, model_max_length=1000000000000000019884624838656, padding_side='right', truncation_side='right', special_tokens={'eos_token': '[EOS]', 'unk_token': '[UNK]'}, added_tokens_decoder={\n\t0: AddedToken(\"[UNK]\", rstrip=False, lstrip=False, single_word=False, normalized=False, special=True),\n\t1: AddedToken(\"[EOS]\", rstrip=False, lstrip=False, single_word=False, normalized=False, special=True),\n}\n)",
                "ctx_len": 256,
                "vocab_size": 4096,
                "num_layers": 8,
                "num_heads": 8,
                "num_key_value": 2,
                "attn_bias": true,
                "eos_token_id": 1,
                "embed_dim": 512,
                "mlp_dim": 2048,
                "core_param_prc": 1.0,
                "aux_param_prc": 0.1
            },
            "eval_arbsub": false,
            "label_prc": 1.0,
            "aux_factor": 1.0,
            "robust_prc": 0.5,
            "aux_route_prc": 0.3,
            "equal_compute": true
        }
    ],
    "model": {
        "arch": "base",
        "tokenizer": "TokenizersBackend(name_or_path='SimpleStories/SimpleStories-1.25M', vocab_size=4096, model_max_length=1000000000000000019884624838656, padding_side='right', truncation_side='right', special_tokens={'eos_token': '[EOS]', 'unk_token': '[UNK]'}, added_tokens_decoder={\n\t0: AddedToken(\"[UNK]\", rstrip=False, lstrip=False, single_word=False, normalized=False, special=True),\n\t1: AddedToken(\"[EOS]\", rstrip=False, lstrip=False, single_word=False, normalized=False, special=True),\n}\n)",
        "ctx_len": 256,
        "vocab_size": 4096,
        "num_layers": 8,
        "num_heads": 8,
        "num_key_value": 2,
        "attn_bias": true,
        "eos_token_id": 1,
        "embed_dim": 512,
        "mlp_dim": 2048
    },
    "data": {
        "dirs": [
            "/workspace-vast/ethanr/gradient-routing/experiments/arXiv-Codebase/src/data/stories"
        ],
        "core": {
            "labels": [
                "dinosaurs",
                "dream-worlds",
                "enchanted-forests",
                "fairy-tales",
                "fantasy-worlds",
                "gardens",
                "giant-creatures",
                "haunted-places",
                "hidden-treasures",
                "holidays",
                "invisibility",
                "island-adventures",
                "living-objects",
                "lost-cities",
                "lost-civilizations",
                "magical-lands",
                "magical-objects",
                "miniature-worlds",
                "mysterious-maps",
                "mystical-creatures",
                "outer-space",
                "pirates",
                "riddles",
                "robots-and-technology",
                "royal-kingdoms",
                "school-life",
                "seasonal-changes",
                "secret-societies",
                "shape-shifting",
                "sibling-rivalry",
                "snowy-adventures",
                "space-exploration",
                "sports",
                "subterranean-worlds",
                "superheroes",
                "talking-animals",
                "the-arts",
                "the-sky",
                "time-travel",
                "treasure-hunts",
                "undercover-missions",
                "underwater-adventures",
                "unusual-vehicles",
                "virtual-worlds"
            ],
            "method": "total",
            "limit": 1.0,
            "dist": {
                "dinosaurs": 0.022727272727272728,
                "dream-worlds": 0.022727272727272728,
                "enchanted-forests": 0.022727272727272728,
                "fairy-tales": 0.022727272727272728,
                "fantasy-worlds": 0.022727272727272728,
                "gardens": 0.022727272727272728,
                "giant-creatures": 0.022727272727272728,
                "haunted-places": 0.022727272727272728,
                "hidden-treasures": 0.022727272727272728,
                "holidays": 0.022727272727272728,
                "invisibility": 0.022727272727272728,
                "island-adventures": 0.022727272727272728,
                "living-objects": 0.022727272727272728,
                "lost-cities": 0.022727272727272728,
                "lost-civilizations": 0.022727272727272728,
                "magical-lands": 0.022727272727272728,
                "magical-objects": 0.022727272727272728,
                "miniature-worlds": 0.022727272727272728,
                "mysterious-maps": 0.022727272727272728,
                "mystical-creatures": 0.022727272727272728,
                "outer-space": 0.022727272727272728,
                "pirates": 0.022727272727272728,
                "riddles": 0.022727272727272728,
                "robots-and-technology": 0.022727272727272728,
                "royal-kingdoms": 0.022727272727272728,
                "school-life": 0.022727272727272728,
                "seasonal-changes": 0.022727272727272728,
                "secret-societies": 0.022727272727272728,
                "shape-shifting": 0.022727272727272728,
                "sibling-rivalry": 0.022727272727272728,
                "snowy-adventures": 0.022727272727272728,
                "space-exploration": 0.022727272727272728,
                "sports": 0.022727272727272728,
                "subterranean-worlds": 0.022727272727272728,
                "superheroes": 0.022727272727272728,
                "talking-animals": 0.022727272727272728,
                "the-arts": 0.022727272727272728,
                "the-sky": 0.022727272727272728,
                "time-travel": 0.022727272727272728,
                "treasure-hunts": 0.022727272727272728,
                "undercover-missions": 0.022727272727272728,
                "underwater-adventures": 0.022727272727272728,
                "unusual-vehicles": 0.022727272727272728,
                "virtual-worlds": 0.022727272727272728
            },
            "num_tok": 501664802
        },
        "aux": {
            "labels": [
                "a-deadline-or-time-limit",
                "alien-encounters",
                "bygone-eras",
                "cultural-traditions"
            ],
            "method": "total",
            "limit": 1.0,
            "dist": {
                "a-deadline-or-time-limit": 0.25,
                "alien-encounters": 0.25,
                "bygone-eras": 0.25,
                "cultural-traditions": 0.25
            },
            "num_tok": 46188871
        }
    },
    "run": {
        "target_effective_batch_size": 128,
        "effective_batch_size": 128,
        "micro_batch_size": 128,
        "accumulation_steps": 1,
        "max_num_test_sequences": 10000,
        "eval_all_labels": false,
        "micro_batch_anchors": [
            [
                400000000.0,
                23
            ],
            [
                5000000000.0,
                2
            ]
        ],
        "epochs": 1,
        "adam_betas": [
            0.9,
            0.95
        ],
        "warmup_prc": 0.1,
        "decay_prc": 0.1,
        "seed": 3,
        "compile": true,
        "find_unused_parameters": true,
        "is_ddp": true,
        "cleanup_distributed": false,
        "log_level": "DEBUG",
        "num_gpus": 1,
        "process_id": 0,
        "num_base_params": 26257920,
        "device": "cuda",
        "logger": "<Logger training_20260629215643276518 (DEBUG)>",
        "labels": [
            "core",
            "a-deadline-or-time-limit",
            "alien-encounters",
            "bygone-eras",
            "cultural-traditions"
        ],
        "loaders": {
            "a-deadline-or-time-limit": {
                "train": "SingleDataLoader(a-deadline-or-time-limit_train.bin, len=352)",
                "test": "SingleDataLoader(a-deadline-or-time-limit_test.bin, len=40)"
            },
            "alien-encounters": {
                "train": "SingleDataLoader(alien-encounters_train.bin, len=345)",
                "test": "SingleDataLoader(alien-encounters_test.bin, len=38)"
            },
            "bygone-eras": {
                "train": "SingleDataLoader(bygone-eras_train.bin, len=352)",
                "test": "SingleDataLoader(bygone-eras_test.bin, len=39)"
            },
            "cultural-traditions": {
                "train": "SingleDataLoader(cultural-traditions_train.bin, len=352)",
                "test": "SingleDataLoader(cultural-traditions_test.bin, len=38)"
            },
            "dinosaurs": {
                "train": "SingleDataLoader(dinosaurs_train.bin, len=337)",
                "test": "SingleDataLoader(dinosaurs_test.bin, len=38)"
            },
            "dream-worlds": {
                "train": "SingleDataLoader(dream-worlds_train.bin, len=339)",
                "test": "SingleDataLoader(dream-worlds_test.bin, len=37)"
            },
            "enchanted-forests": {
                "train": "SingleDataLoader(enchanted-forests_train.bin, len=347)",
                "test": "SingleDataLoader(enchanted-forests_test.bin, len=38)"
            },
            "fairy-tales": {
                "train": "SingleDataLoader(fairy-tales_train.bin, len=344)",
                "test": "SingleDataLoader(fairy-tales_test.bin, len=37)"
            },
            "fantasy-worlds": {
                "train": "SingleDataLoader(fantasy-worlds_train.bin, len=347)",
                "test": "SingleDataLoader(fantasy-worlds_test.bin, len=39)"
            },
            "gardens": {
                "train": "SingleDataLoader(gardens_train.bin, len=346)",
                "test": "SingleDataLoader(gardens_test.bin, len=37)"
            },
            "giant-creatures": {
                "train": "SingleDataLoader(giant-creatures_train.bin, len=347)",
                "test": "SingleDataLoader(giant-creatures_test.bin, len=37)"
            },
            "haunted-places": {
                "train": "SingleDataLoader(haunted-places_train.bin, len=347)",
                "test": "SingleDataLoader(haunted-places_test.bin, len=41)"
            },
            "hidden-treasures": {
                "train": "SingleDataLoader(hidden-treasures_train.bin, len=347)",
                "test": "SingleDataLoader(hidden-treasures_test.bin, len=39)"
            },
            "holidays": {
                "train": "SingleDataLoader(holidays_train.bin, len=347)",
                "test": "SingleDataLoader(holidays_test.bin, len=38)"
            },
            "invisibility": {
                "train": "SingleDataLoader(invisibility_train.bin, len=345)",
                "test": "SingleDataLoader(invisibility_test.bin, len=37)"
            },
            "island-adventures": {
                "train": "SingleDataLoader(island-adventures_train.bin, len=347)",
                "test": "SingleDataLoader(island-adventures_test.bin, len=39)"
            },
            "living-objects": {
                "train": "SingleDataLoader(living-objects_train.bin, len=336)",
                "test": "SingleDataLoader(living-objects_test.bin, len=38)"
            },
            "lost-cities": {
                "train": "SingleDataLoader(lost-cities_train.bin, len=347)",
                "test": "SingleDataLoader(lost-cities_test.bin, len=40)"
            },
            "lost-civilizations": {
                "train": "SingleDataLoader(lost-civilizations_train.bin, len=347)",
                "test": "SingleDataLoader(lost-civilizations_test.bin, len=41)"
            },
            "magical-lands": {
                "train": "SingleDataLoader(magical-lands_train.bin, len=347)",
                "test": "SingleDataLoader(magical-lands_test.bin, len=38)"
            },
            "magical-objects": {
                "train": "SingleDataLoader(magical-objects_train.bin, len=345)",
                "test": "SingleDataLoader(magical-objects_test.bin, len=37)"
            },
            "miniature-worlds": {
                "train": "SingleDataLoader(miniature-worlds_train.bin, len=335)",
                "test": "SingleDataLoader(miniature-worlds_test.bin, len=37)"
            },
            "mysterious-maps": {
                "train": "SingleDataLoader(mysterious-maps_train.bin, len=339)",
                "test": "SingleDataLoader(mysterious-maps_test.bin, len=38)"
            },
            "mystical-creatures": {
                "train": "SingleDataLoader(mystical-creatures_train.bin, len=347)",
                "test": "SingleDataLoader(mystical-creatures_test.bin, len=38)"
            },
            "outer-space": {
                "train": "SingleDataLoader(outer-space_train.bin, len=343)",
                "test": "SingleDataLoader(outer-space_test.bin, len=38)"
            },
            "pirates": {
                "train": "SingleDataLoader(pirates_train.bin, len=347)",
                "test": "SingleDataLoader(pirates_test.bin, len=39)"
            },
            "riddles": {
                "train": "SingleDataLoader(riddles_train.bin, len=344)",
                "test": "SingleDataLoader(riddles_test.bin, len=38)"
            },
            "robots-and-technology": {
                "train": "SingleDataLoader(robots-and-technology_train.bin, len=347)",
                "test": "SingleDataLoader(robots-and-technology_test.bin, len=39)"
            },
            "royal-kingdoms": {
                "train": "SingleDataLoader(royal-kingdoms_train.bin, len=347)",
                "test": "SingleDataLoader(royal-kingdoms_test.bin, len=40)"
            },
            "school-life": {
                "train": "SingleDataLoader(school-life_train.bin, len=338)",
                "test": "SingleDataLoader(school-life_test.bin, len=38)"
            },
            "seasonal-changes": {
                "train": "SingleDataLoader(seasonal-changes_train.bin, len=342)",
                "test": "SingleDataLoader(seasonal-changes_test.bin, len=38)"
            },
            "secret-societies": {
                "train": "SingleDataLoader(secret-societies_train.bin, len=347)",
                "test": "SingleDataLoader(secret-societies_test.bin, len=38)"
            },
            "shape-shifting": {
                "train": "SingleDataLoader(shape-shifting_train.bin, len=344)",
                "test": "SingleDataLoader(shape-shifting_test.bin, len=38)"
            },
            "sibling-rivalry": {
                "train": "SingleDataLoader(sibling-rivalry_train.bin, len=347)",
                "test": "SingleDataLoader(sibling-rivalry_test.bin, len=39)"
            },
            "snowy-adventures": {
                "train": "SingleDataLoader(snowy-adventures_train.bin, len=347)",
                "test": "SingleDataLoader(snowy-adventures_test.bin, len=39)"
            },
            "space-exploration": {
                "train": "SingleDataLoader(space-exploration_train.bin, len=345)",
                "test": "SingleDataLoader(space-exploration_test.bin, len=38)"
            },
            "sports": {
                "train": "SingleDataLoader(sports_train.bin, len=340)",
                "test": "SingleDataLoader(sports_test.bin, len=37)"
            },
            "subterranean-worlds": {
                "train": "SingleDataLoader(subterranean-worlds_train.bin, len=347)",
                "test": "SingleDataLoader(subterranean-worlds_test.bin, len=37)"
            },
            "superheroes": {
                "train": "SingleDataLoader(superheroes_train.bin, len=345)",
                "test": "SingleDataLoader(superheroes_test.bin, len=38)"
            },
            "talking-animals": {
                "train": "SingleDataLoader(talking-animals_train.bin, len=347)",
                "test": "SingleDataLoader(talking-animals_test.bin, len=37)"
            },
            "the-arts": {
                "train": "SingleDataLoader(the-arts_train.bin, len=345)",
                "test": "SingleDataLoader(the-arts_test.bin, len=38)"
            },
            "the-sky": {
                "train": "SingleDataLoader(the-sky_train.bin, len=342)",
                "test": "SingleDataLoader(the-sky_test.bin, len=38)"
            },
            "time-travel": {
                "train": "SingleDataLoader(time-travel_train.bin, len=347)",
                "test": "SingleDataLoader(time-travel_test.bin, len=37)"
            },
            "treasure-hunts": {
                "train": "SingleDataLoader(treasure-hunts_train.bin, len=330)",
                "test": "SingleDataLoader(treasure-hunts_test.bin, len=35)"
            },
            "undercover-missions": {
                "train": "SingleDataLoader(undercover-missions_train.bin, len=347)",
                "test": "SingleDataLoader(undercover-missions_test.bin, len=40)"
            },
            "underwater-adventures": {
                "train": "SingleDataLoader(underwater-adventures_train.bin, len=339)",
                "test": "SingleDataLoader(underwater-adventures_test.bin, len=38)"
            },
            "unusual-vehicles": {
                "train": "SingleDataLoader(unusual-vehicles_train.bin, len=347)",
                "test": "SingleDataLoader(unusual-vehicles_test.bin, len=39)"
            },
            "virtual-worlds": {
                "train": "SingleDataLoader(virtual-worlds_train.bin, len=346)",
                "test": "SingleDataLoader(virtual-worlds_test.bin, len=37)"
            },
            "core": {
                "train": "InterleavedDataLoader(len=15143)",
                "test": "InterleavedDataLoader(len=1677)"
            },
            "aux": {
                "train": "InterleavedDataLoader(len=1401)",
                "test": "InterleavedDataLoader(len=155)"
            },
            "all": {
                "train": "InterleavedDataLoader(len=16544)",
                "test": "InterleavedDataLoader(len=1832)"
            }
        },
        "res_root": "/workspace-vast/ethanr/gradient-routing/experiments/arXiv-Codebase/results/auxnum/num_aux_4/seed_3",
        "experiment_id": "20260629215643276518",
        "s3_bucket": "ae-gradient-routing-results",
        "s3_prefix": "auxnum/num_aux_4/seed_3"
    },
    "label_prc": 1.0
}
[GPU 0] [21:56:57] [INFO] Loader a-deadline-or-time-limit train: 352, test: 40
[GPU 0] [21:56:57] [INFO] Loader alien-encounters train: 345, test: 38
[GPU 0] [21:56:57] [INFO] Loader bygone-eras train: 352, test: 39
[GPU 0] [21:56:57] [INFO] Loader cultural-traditions train: 352, test: 38
[GPU 0] [21:56:57] [INFO] Loader dinosaurs train: 337, test: 38
[GPU 0] [21:56:57] [INFO] Loader dream-worlds train: 339, test: 37
[GPU 0] [21:56:57] [INFO] Loader enchanted-forests train: 347, test: 38
[GPU 0] [21:56:57] [INFO] Loader fairy-tales train: 344, test: 37
[GPU 0] [21:56:57] [INFO] Loader fantasy-worlds train: 347, test: 39
[GPU 0] [21:56:57] [INFO] Loader gardens train: 346, test: 37
[GPU 0] [21:56:57] [INFO] Loader giant-creatures train: 347, test: 37
[GPU 0] [21:56:57] [INFO] Loader haunted-places train: 347, test: 41
[GPU 0] [21:56:57] [INFO] Loader hidden-treasures train: 347, test: 39
[GPU 0] [21:56:57] [INFO] Loader holidays train: 347, test: 38
[GPU 0] [21:56:57] [INFO] Loader invisibility train: 345, test: 37
[GPU 0] [21:56:57] [INFO] Loader island-adventures train: 347, test: 39
[GPU 0] [21:56:57] [INFO] Loader living-objects train: 336, test: 38
[GPU 0] [21:56:57] [INFO] Loader lost-cities train: 347, test: 40
[GPU 0] [21:56:57] [INFO] Loader lost-civilizations train: 347, test: 41
[GPU 0] [21:56:57] [INFO] Loader magical-lands train: 347, test: 38
[GPU 0] [21:56:57] [INFO] Loader magical-objects train: 345, test: 37
[GPU 0] [21:56:57] [INFO] Loader miniature-worlds train: 335, test: 37
[GPU 0] [21:56:57] [INFO] Loader mysterious-maps train: 339, test: 38
[GPU 0] [21:56:57] [INFO] Loader mystical-creatures train: 347, test: 38
[GPU 0] [21:56:57] [INFO] Loader outer-space train: 343, test: 38
[GPU 0] [21:56:57] [INFO] Loader pirates train: 347, test: 39
[GPU 0] [21:56:57] [INFO] Loader riddles train: 344, test: 38
[GPU 0] [21:56:57] [INFO] Loader robots-and-technology train: 347, test: 39
[GPU 0] [21:56:57] [INFO] Loader royal-kingdoms train: 347, test: 40
[GPU 0] [21:56:57] [INFO] Loader school-life train: 338, test: 38
[GPU 0] [21:56:57] [INFO] Loader seasonal-changes train: 342, test: 38
[GPU 0] [21:56:57] [INFO] Loader secret-societies train: 347, test: 38
[GPU 0] [21:56:57] [INFO] Loader shape-shifting train: 344, test: 38
[GPU 0] [21:56:57] [INFO] Loader sibling-rivalry train: 347, test: 39
[GPU 0] [21:56:57] [INFO] Loader snowy-adventures train: 347, test: 39
[GPU 0] [21:56:57] [INFO] Loader space-exploration train: 345, test: 38
[GPU 0] [21:56:57] [INFO] Loader sports train: 340, test: 37
[GPU 0] [21:56:57] [INFO] Loader subterranean-worlds train: 347, test: 37
[GPU 0] [21:56:57] [INFO] Loader superheroes train: 345, test: 38
[GPU 0] [21:56:57] [INFO] Loader talking-animals train: 347, test: 37
[GPU 0] [21:56:57] [INFO] Loader the-arts train: 345, test: 38
[GPU 0] [21:56:57] [INFO] Loader the-sky train: 342, test: 38
[GPU 0] [21:56:57] [INFO] Loader time-travel train: 347, test: 37
[GPU 0] [21:56:57] [INFO] Loader treasure-hunts train: 330, test: 35
[GPU 0] [21:56:57] [INFO] Loader undercover-missions train: 347, test: 40
[GPU 0] [21:56:57] [INFO] Loader underwater-adventures train: 339, test: 38
[GPU 0] [21:56:57] [INFO] Loader unusual-vehicles train: 347, test: 39
[GPU 0] [21:56:57] [INFO] Loader virtual-worlds train: 346, test: 37
[GPU 0] [21:56:57] [INFO] Loader core train: 15143, test: 1677
[GPU 0] [21:56:57] [INFO] Loader aux train: 1401, test: 155
[GPU 0] [21:56:57] [INFO] Loader all train: 16544, test: 1832
[GPU 0] [21:56:57] [INFO] Stage [baseline] start: {"name": "baseline", "num_checkpoints": -1, "lr": 0.005, "res_dir": "/workspace-vast/ethanr/gradient-routing/experiments/arXiv-Codebase/results/auxnum/num_aux_4/seed_3/20260629215643276518/baseline", "acc_mode": "heterogeneous", "do_eval": true, "do_sample": false, "num_train_evals": 200, "do_elicit": false, "elicit_eval_prc": 0.5, "elicit_num_evals": 100, "retain_targets": null, "label_prc": 1.0}
[GPU 0] [21:56:57] [INFO] BASELINE START
[GPU 0] [21:56:58] [INFO] Initialized BaseTransformer with 26,257,920 total parameters
[GPU 0] [21:56:58] [INFO] Compiling BaseTransformer with torch.compile...
[GPU 0] [21:57:06] [INFO] torch.compile done
[GPU 0] [21:57:06] [WARNING] restore_partial_state: no checkpoint found at /workspace-vast/ethanr/gradient-routing/experiments/arXiv-Codebase/results/auxnum/num_aux_4/seed_3/20260629215643276518/baseline
[GPU 0] [21:57:06] [INFO] ---- Begin Train | Train Labels: ['a-deadline-or-time-limit', 'alien-encounters', 'bygone-eras', 'core', 'cultural-traditions'] ----
[GPU 0] [21:57:06] [DEBUG] acc_mode: heterogeneous, label_prc: 1.0
[GPU 0] [21:57:06] [INFO] Batch [a-deadline-or-time-limit] count: 352
[GPU 0] [21:57:06] [INFO] Batch [alien-encounters] count: 345
[GPU 0] [21:57:06] [INFO] Batch [bygone-eras] count: 352
[GPU 0] [21:57:06] [INFO] Batch [core] count: 15143
[GPU 0] [21:57:06] [INFO] Batch [cultural-traditions] count: 352
[GPU 0] [21:57:06] [INFO] num_total_steps: 16544
[GPU 0] [21:57:06] [INFO] warmup_steps: 1654
[GPU 0] [21:57:06] [INFO] constant_steps: 13236
[GPU 0] [21:57:06] [INFO] decay_steps: 1654
[GPU 0] [21:57:06] [INFO] LR Scheduler: Warmup Start
[GPU 0] [21:58:43] [INFO] Step: 1, LR: 3.03e-06
[GPU 0] [21:58:43] [INFO] Train Loss: CORE: 8.44 A-DEADLINE-OR-TIME-LIMIT: nan ALIEN-ENCOUNTERS: nan BYGONE-ERAS: nan CULTURAL-TRADITIONS: nan 
[GPU 0] [21:58:43] [INFO] Val Loss: CORE: nan A-DEADLINE-OR-TIME-LIMIT: nan ALIEN-ENCOUNTERS: nan BYGONE-ERAS: nan CULTURAL-TRADITIONS: nan 
[GPU 0] [22:00:50] [INFO] Step: 1000, LR: 3.02e-03
[GPU 0] [22:00:50] [INFO] Train Loss: CORE: 2.55 A-DEADLINE-OR-TIME-LIMIT: 2.93 ALIEN-ENCOUNTERS: 2.66 BYGONE-ERAS: 2.80 CULTURAL-TRADITIONS: 2.64 
[GPU 0] [22:00:50] [INFO] Val Loss: CORE: 2.52 A-DEADLINE-OR-TIME-LIMIT: 2.63 ALIEN-ENCOUNTERS: 2.52 BYGONE-ERAS: 2.55 CULTURAL-TRADITIONS: 2.59 
[GPU 0] [22:01:31] [INFO] LR Scheduler: Constant Start
[GPU 0] [22:01:56] [INFO] Step: 2000, LR: 5.00e-03
[GPU 0] [22:01:56] [INFO] Train Loss: CORE: 2.26 A-DEADLINE-OR-TIME-LIMIT: 2.39 ALIEN-ENCOUNTERS: 2.21 BYGONE-ERAS: 2.33 CULTURAL-TRADITIONS: 2.42 
[GPU 0] [22:01:56] [INFO] Val Loss: CORE: 2.26 A-DEADLINE-OR-TIME-LIMIT: 2.32 ALIEN-ENCOUNTERS: 2.19 BYGONE-ERAS: 2.26 CULTURAL-TRADITIONS: 2.31 
[GPU 0] [22:02:58] [INFO] Step: 3000, LR: 5.00e-03
[GPU 0] [22:02:58] [INFO] Train Loss: CORE: 2.09 A-DEADLINE-OR-TIME-LIMIT: 2.18 ALIEN-ENCOUNTERS: 2.04 BYGONE-ERAS: 2.13 CULTURAL-TRADITIONS: 2.17 
[GPU 0] [22:02:58] [INFO] Val Loss: CORE: 2.06 A-DEADLINE-OR-TIME-LIMIT: 2.16 ALIEN-ENCOUNTERS: 2.05 BYGONE-ERAS: 2.09 CULTURAL-TRADITIONS: 2.13 
[GPU 0] [22:04:01] [INFO] Step: 4000, LR: 5.00e-03
[GPU 0] [22:04:01] [INFO] Train Loss: CORE: 2.00 A-DEADLINE-OR-TIME-LIMIT: 2.11 ALIEN-ENCOUNTERS: 1.97 BYGONE-ERAS: 2.03 CULTURAL-TRADITIONS: 2.06 
[GPU 0] [22:04:01] [INFO] Val Loss: CORE: 1.99 A-DEADLINE-OR-TIME-LIMIT: 2.11 ALIEN-ENCOUNTERS: 1.94 BYGONE-ERAS: 2.01 CULTURAL-TRADITIONS: 2.05 
[GPU 0] [22:05:03] [INFO] Step: 5000, LR: 5.00e-03
[GPU 0] [22:05:03] [INFO] Train Loss: CORE: 1.91 A-DEADLINE-OR-TIME-LIMIT: 2.05 ALIEN-ENCOUNTERS: 1.95 BYGONE-ERAS: 1.97 CULTURAL-TRADITIONS: 2.01 
[GPU 0] [22:05:03] [INFO] Val Loss: CORE: 1.95 A-DEADLINE-OR-TIME-LIMIT: 2.05 ALIEN-ENCOUNTERS: 1.93 BYGONE-ERAS: 1.97 CULTURAL-TRADITIONS: 2.00 
[GPU 0] [22:06:05] [INFO] Step: 6000, LR: 5.00e-03
[GPU 0] [22:06:05] [INFO] Train Loss: CORE: 1.85 A-DEADLINE-OR-TIME-LIMIT: 2.04 ALIEN-ENCOUNTERS: 1.89 BYGONE-ERAS: 1.95 CULTURAL-TRADITIONS: 1.97 
[GPU 0] [22:06:05] [INFO] Val Loss: CORE: 1.90 A-DEADLINE-OR-TIME-LIMIT: 2.04 ALIEN-ENCOUNTERS: 1.89 BYGONE-ERAS: 1.93 CULTURAL-TRADITIONS: 1.97 
[GPU 0] [22:07:08] [INFO] Step: 7000, LR: 5.00e-03
[GPU 0] [22:07:08] [INFO] Train Loss: CORE: 1.87 A-DEADLINE-OR-TIME-LIMIT: 2.00 ALIEN-ENCOUNTERS: 1.86 BYGONE-ERAS: 1.91 CULTURAL-TRADITIONS: 1.94 
[GPU 0] [22:07:08] [INFO] Val Loss: CORE: 1.88 A-DEADLINE-OR-TIME-LIMIT: 1.99 ALIEN-ENCOUNTERS: 1.85 BYGONE-ERAS: 1.90 CULTURAL-TRADITIONS: 1.94 
[GPU 0] [22:08:11] [INFO] Step: 8000, LR: 5.00e-03
[GPU 0] [22:08:11] [INFO] Train Loss: CORE: 1.89 A-DEADLINE-OR-TIME-LIMIT: 1.95 ALIEN-ENCOUNTERS: 1.81 BYGONE-ERAS: 1.88 CULTURAL-TRADITIONS: 1.93 
[GPU 0] [22:08:11] [INFO] Val Loss: CORE: 1.89 A-DEADLINE-OR-TIME-LIMIT: 1.97 ALIEN-ENCOUNTERS: 1.83 BYGONE-ERAS: 1.89 CULTURAL-TRADITIONS: 1.92 
[GPU 0] [22:09:17] [INFO] Step: 9000, LR: 5.00e-03
[GPU 0] [22:09:17] [INFO] Train Loss: CORE: 1.83 A-DEADLINE-OR-TIME-LIMIT: 1.93 ALIEN-ENCOUNTERS: 1.81 BYGONE-ERAS: 1.86 CULTURAL-TRADITIONS: 1.89 
[GPU 0] [22:09:17] [INFO] Val Loss: CORE: 1.86 A-DEADLINE-OR-TIME-LIMIT: 1.94 ALIEN-ENCOUNTERS: 1.82 BYGONE-ERAS: 1.86 CULTURAL-TRADITIONS: 1.89 
[GPU 0] [22:10:20] [INFO] Step: 10000, LR: 5.00e-03
[GPU 0] [22:10:20] [INFO] Train Loss: CORE: 1.79 A-DEADLINE-OR-TIME-LIMIT: 1.94 ALIEN-ENCOUNTERS: 1.81 BYGONE-ERAS: 1.84 CULTURAL-TRADITIONS: 1.89 
[GPU 0] [22:10:20] [INFO] Val Loss: CORE: 1.84 A-DEADLINE-OR-TIME-LIMIT: 1.92 ALIEN-ENCOUNTERS: 1.80 BYGONE-ERAS: 1.85 CULTURAL-TRADITIONS: 1.89 
[GPU 0] [22:11:23] [INFO] Step: 11000, LR: 5.00e-03
[GPU 0] [22:11:23] [INFO] Train Loss: CORE: 1.86 A-DEADLINE-OR-TIME-LIMIT: 1.91 ALIEN-ENCOUNTERS: 1.79 BYGONE-ERAS: 1.84 CULTURAL-TRADITIONS: 1.89 
[GPU 0] [22:11:23] [INFO] Val Loss: CORE: 1.81 A-DEADLINE-OR-TIME-LIMIT: 1.92 ALIEN-ENCOUNTERS: 1.79 BYGONE-ERAS: 1.84 CULTURAL-TRADITIONS: 1.88 
[GPU 0] [22:12:26] [INFO] Step: 12000, LR: 5.00e-03
[GPU 0] [22:12:26] [INFO] Train Loss: CORE: 1.76 A-DEADLINE-OR-TIME-LIMIT: 1.91 ALIEN-ENCOUNTERS: 1.78 BYGONE-ERAS: 1.83 CULTURAL-TRADITIONS: 1.86 
[GPU 0] [22:12:26] [INFO] Val Loss: CORE: 1.80 A-DEADLINE-OR-TIME-LIMIT: 1.90 ALIEN-ENCOUNTERS: 1.79 BYGONE-ERAS: 1.83 CULTURAL-TRADITIONS: 1.86 
[GPU 0] [22:13:30] [INFO] Step: 13000, LR: 5.00e-03
[GPU 0] [22:13:30] [INFO] Train Loss: CORE: 1.76 A-DEADLINE-OR-TIME-LIMIT: 1.90 ALIEN-ENCOUNTERS: 1.77 BYGONE-ERAS: 1.81 CULTURAL-TRADITIONS: 1.86 
[GPU 0] [22:13:30] [INFO] Val Loss: CORE: 1.79 A-DEADLINE-OR-TIME-LIMIT: 1.90 ALIEN-ENCOUNTERS: 1.76 BYGONE-ERAS: 1.82 CULTURAL-TRADITIONS: 1.85 
[GPU 0] [22:14:33] [INFO] Step: 14000, LR: 5.00e-03
[GPU 0] [22:14:33] [INFO] Train Loss: CORE: 1.77 A-DEADLINE-OR-TIME-LIMIT: 1.89 ALIEN-ENCOUNTERS: 1.75 BYGONE-ERAS: 1.80 CULTURAL-TRADITIONS: 1.84 
[GPU 0] [22:14:33] [INFO] Val Loss: CORE: 1.77 A-DEADLINE-OR-TIME-LIMIT: 1.88 ALIEN-ENCOUNTERS: 1.75 BYGONE-ERAS: 1.80 CULTURAL-TRADITIONS: 1.83 
[GPU 0] [22:15:30] [INFO] LR Scheduler: Decay Start
[GPU 0] [22:15:36] [INFO] Step: 15000, LR: 4.67e-03
[GPU 0] [22:15:36] [INFO] Train Loss: CORE: 1.77 A-DEADLINE-OR-TIME-LIMIT: 1.87 ALIEN-ENCOUNTERS: 1.73 BYGONE-ERAS: 1.80 CULTURAL-TRADITIONS: 1.84 
[GPU 0] [22:15:36] [INFO] Val Loss: CORE: 1.79 A-DEADLINE-OR-TIME-LIMIT: 1.88 ALIEN-ENCOUNTERS: 1.75 BYGONE-ERAS: 1.80 CULTURAL-TRADITIONS: 1.84 
[GPU 0] [22:16:39] [INFO] Step: 16000, LR: 1.64e-03
[GPU 0] [22:16:39] [INFO] Train Loss: CORE: 1.68 A-DEADLINE-OR-TIME-LIMIT: 1.79 ALIEN-ENCOUNTERS: 1.69 BYGONE-ERAS: 1.72 CULTURAL-TRADITIONS: 1.74 
[GPU 0] [22:16:39] [INFO] Val Loss: CORE: 1.69 A-DEADLINE-OR-TIME-LIMIT: 1.77 ALIEN-ENCOUNTERS: 1.67 BYGONE-ERAS: 1.71 CULTURAL-TRADITIONS: 1.75 
[GPU 0] [22:17:14] [INFO] Step: 16544, LR: 1.00e-08
[GPU 0] [22:17:14] [INFO] Train Loss: CORE: 1.69 A-DEADLINE-OR-TIME-LIMIT: 1.77 ALIEN-ENCOUNTERS: 1.65 BYGONE-ERAS: 1.68 CULTURAL-TRADITIONS: 1.73 
[GPU 0] [22:17:14] [INFO] Val Loss: CORE: 1.68 A-DEADLINE-OR-TIME-LIMIT: 1.76 ALIEN-ENCOUNTERS: 1.65 BYGONE-ERAS: 1.69 CULTURAL-TRADITIONS: 1.73 
[GPU 0] [22:17:17] [INFO] ---- Begin Eval ----
[GPU 0] [22:17:17] [INFO] Data: core | Experts: None
[GPU 0] [22:17:39] [INFO] loss: 1.66806889
[GPU 0] [22:17:39] [INFO] Data: a-deadline-or-time-limit | Experts: None
[GPU 0] [22:17:39] [INFO] loss: 1.76074219
[GPU 0] [22:17:39] [INFO] Data: alien-encounters | Experts: None
[GPU 0] [22:17:40] [INFO] loss: 1.64699841
[GPU 0] [22:17:40] [INFO] Data: bygone-eras | Experts: None
[GPU 0] [22:17:40] [INFO] loss: 1.68870187
[GPU 0] [22:17:40] [INFO] Data: cultural-traditions | Experts: None
[GPU 0] [22:17:41] [INFO] loss: 1.72553456
[GPU 0] [22:17:41] [INFO] Stage [routed] start: {"name": "routed", "num_checkpoints": -1, "lr": 0.005, "res_dir": "/workspace-vast/ethanr/gradient-routing/experiments/arXiv-Codebase/results/auxnum/num_aux_4/seed_3/20260629215643276518/routed", "acc_mode": "heterogeneous", "do_eval": true, "do_sample": false, "num_train_evals": 0, "do_elicit": true, "elicit_eval_prc": 0.5, "elicit_num_evals": 100, "retain_targets": null, "model": {"arch": "moe", "tokenizer": "TokenizersBackend(name_or_path='SimpleStories/SimpleStories-1.25M', vocab_size=4096, model_max_length=1000000000000000019884624838656, padding_side='right', truncation_side='right', special_tokens={'eos_token': '[EOS]', 'unk_token': '[UNK]'}, added_tokens_decoder={\n\t0: AddedToken(\"[UNK]\", rstrip=False, lstrip=False, single_word=False, normalized=False, special=True),\n\t1: AddedToken(\"[EOS]\", rstrip=False, lstrip=False, single_word=False, normalized=False, special=True),\n}\n)", "ctx_len": 256, "vocab_size": 4096, "num_layers": 8, "num_heads": 8, "num_key_value": 2, "attn_bias": true, "eos_token_id": 1, "embed_dim": 512, "mlp_dim": 2048, "core_param_prc": 1.0, "aux_param_prc": 0.1}, "eval_arbsub": false, "label_prc": 1.0, "aux_factor": 1.0, "robust_prc": 0.5, "aux_route_prc": 0.3, "equal_compute": true}
[GPU 0] [22:17:41] [INFO] ROUTED START
[GPU 0] [22:17:41] [INFO] Initialized MoETransformer with 32,571,904 total parameters
[GPU 0] [22:17:41] [INFO]   Label 'core' has 26,257,920 parameters
[GPU 0] [22:17:41] [INFO]   Label 'a-deadline-or-time-limit' has 1,578,496 parameters
[GPU 0] [22:17:41] [INFO]   Label 'alien-encounters' has 1,578,496 parameters
[GPU 0] [22:17:41] [INFO]   Label 'bygone-eras' has 1,578,496 parameters
[GPU 0] [22:17:41] [INFO]   Label 'cultural-traditions' has 1,578,496 parameters
[GPU 0] [22:17:41] [INFO] Compiling MoETransformer with torch.compile...
[GPU 0] [22:17:41] [INFO] torch.compile done
[GPU 0] [22:17:41] [WARNING] restore_partial_state: no checkpoint found at /workspace-vast/ethanr/gradient-routing/experiments/arXiv-Codebase/results/auxnum/num_aux_4/seed_3/20260629215643276518/routed
[GPU 0] [22:17:41] [INFO] ---- Begin Routed Unordered ----
[GPU 0] [22:17:41] [INFO] initial len_all: 16544, len_all_labeled: 16544, len_all_unlabeled: 0, len_ft: 8973, len_base: 7571, label_prc: 1.0
[GPU 0] [22:17:41] [INFO] compute-equal: -14163844608.0 <= 0, must truncate training
[GPU 0] [22:17:41] [INFO] compute-equal: len_base: -239 -> 7332, len_ft: -283 -> 8690, len_all_unlabeled: 0 -> 0
[GPU 0] [22:17:41] [INFO] Batch [('core', ('core',), ('core',))] count: 7332
[GPU 0] [22:17:41] [INFO] Batch [('a-deadline-or-time-limit', ('core', 'a-deadline-or-time-limit'), ('a-deadline-or-time-limit',))] count: 239
[GPU 0] [22:17:41] [INFO] Batch [('a-deadline-or-time-limit', ('core', 'a-deadline-or-time-limit'), ('core', 'a-deadline-or-time-limit'))] count: 102
[GPU 0] [22:17:41] [INFO] Batch [('core', ('core', 'a-deadline-or-time-limit'), ('core', 'a-deadline-or-time-limit'))] count: 1842
[GPU 0] [22:17:41] [INFO] Batch [('alien-encounters', ('core', 'alien-encounters'), ('alien-encounters',))] count: 234
[GPU 0] [22:17:41] [INFO] Batch [('alien-encounters', ('core', 'alien-encounters'), ('core', 'alien-encounters'))] count: 100
[GPU 0] [22:17:41] [INFO] Batch [('core', ('core', 'alien-encounters'), ('core', 'alien-encounters'))] count: 1806
[GPU 0] [22:17:41] [INFO] Batch [('bygone-eras', ('core', 'bygone-eras'), ('bygone-eras',))] count: 239
[GPU 0] [22:17:41] [INFO] Batch [('bygone-eras', ('core', 'bygone-eras'), ('core', 'bygone-eras'))] count: 102
[GPU 0] [22:17:41] [INFO] Batch [('core', ('core', 'bygone-eras'), ('core', 'bygone-eras'))] count: 1842
[GPU 0] [22:17:41] [INFO] Batch [('core', ('core', 'cultural-traditions'), ('core', 'cultural-traditions'))] count: 1842
[GPU 0] [22:17:41] [INFO] Batch [('cultural-traditions', ('core', 'cultural-traditions'), ('core', 'cultural-traditions'))] count: 102
[GPU 0] [22:17:41] [INFO] Batch [('cultural-traditions', ('core', 'cultural-traditions'), ('cultural-traditions',))] count: 239
[GPU 0] [22:17:41] [INFO] Batch group is empty (0 batches)
[GPU 0] [22:17:41] [INFO] 
len_all: 16544, len_all_labeled: 16544, len_all_unlabeled: 0,
len_base: 7332, len_ft: 8690,
len_core_for_ft: 7333, len_aux_for_ft: 1357,
aux_factor: {'a-deadline-or-time-limit': 1.0, 'alien-encounters': 1.0, 'bygone-eras': 1.0, 'cultural-traditions': 1.0}, robust_prc: 0.5,
aux_route_prc: 0.3, equal_compute: True
[GPU 0] [22:17:41] [INFO] count_by_label: {'core': 14664, 'a-deadline-or-time-limit': 341, 'alien-encounters': 334, 'bygone-eras': 341, 'cultural-traditions': 341}
[GPU 0] [22:17:41] [WARNING] len(batches) != expected, (16021 != 16022), 1 length difference
[GPU 0] [22:17:41] [INFO] Batch [('core', ('core',), ('core',))] count: 7332
[GPU 0] [22:17:41] [INFO] Batch [('a-deadline-or-time-limit', ('core', 'a-deadline-or-time-limit'), ('a-deadline-or-time-limit',))] count: 239
[GPU 0] [22:17:41] [INFO] Batch [('a-deadline-or-time-limit', ('core', 'a-deadline-or-time-limit'), ('core', 'a-deadline-or-time-limit'))] count: 102
[GPU 0] [22:17:41] [INFO] Batch [('core', ('core', 'a-deadline-or-time-limit'), ('core', 'a-deadline-or-time-limit'))] count: 1842
[GPU 0] [22:17:41] [INFO] Batch [('alien-encounters', ('core', 'alien-encounters'), ('alien-encounters',))] count: 234
[GPU 0] [22:17:41] [INFO] Batch [('alien-encounters', ('core', 'alien-encounters'), ('core', 'alien-encounters'))] count: 100
[GPU 0] [22:17:41] [INFO] Batch [('core', ('core', 'alien-encounters'), ('core', 'alien-encounters'))] count: 1806
[GPU 0] [22:17:41] [INFO] Batch [('bygone-eras', ('core', 'bygone-eras'), ('bygone-eras',))] count: 239
[GPU 0] [22:17:41] [INFO] Batch [('bygone-eras', ('core', 'bygone-eras'), ('core', 'bygone-eras'))] count: 102
[GPU 0] [22:17:41] [INFO] Batch [('core', ('core', 'bygone-eras'), ('core', 'bygone-eras'))] count: 1842
[GPU 0] [22:17:41] [INFO] Batch [('core', ('core', 'cultural-traditions'), ('core', 'cultural-traditions'))] count: 1842
[GPU 0] [22:17:41] [INFO] Batch [('cultural-traditions', ('core', 'cultural-traditions'), ('core', 'cultural-traditions'))] count: 102
[GPU 0] [22:17:41] [INFO] Batch [('cultural-traditions', ('core', 'cultural-traditions'), ('cultural-traditions',))] count: 239
[GPU 0] [22:17:41] [INFO] ---- Begin Routed ----
[GPU 0] [22:17:41] [DEBUG] acc_mode: heterogeneous
[GPU 0] [22:17:41] [INFO] num_total_steps: 16021
[GPU 0] [22:17:41] [INFO] LR schedule group 0: steps [0, 16021), warmup=1602, constant=12817, decay=1602
[GPU 0] [22:17:41] [INFO] LR Scheduler: Group warmup (step 0)
[GPU 0] [22:17:41] [INFO] CUDA memory before training loop:
[GPU 0] [22:17:41] [INFO] |===========================================================================|
[GPU 0] [22:17:41] [INFO] |                  PyTorch CUDA memory summary, device ID 0                 |
[GPU 0] [22:17:41] [INFO] |---------------------------------------------------------------------------|
[GPU 0] [22:17:41] [INFO] |            CUDA OOMs: 0            |        cudaMalloc retries: 0         |
[GPU 0] [22:17:41] [INFO] |===========================================================================|
[GPU 0] [22:17:41] [INFO] |        Metric         | Cur Usage  | Peak Usage | Tot Alloc  | Tot Freed  |
[GPU 0] [22:17:41] [INFO] |---------------------------------------------------------------------------|
[GPU 0] [22:17:41] [INFO] | Allocated memory      | 427442 KiB |   8332 MiB | 315505 GiB | 315504 GiB |
[GPU 0] [22:17:41] [INFO] |       from large pool | 393430 KiB |   8298 MiB | 315234 GiB | 315233 GiB |
[GPU 0] [22:17:41] [INFO] |       from small pool |  34012 KiB |     42 MiB |    270 GiB |    270 GiB |
[GPU 0] [22:17:41] [INFO] |---------------------------------------------------------------------------|
[GPU 0] [22:17:41] [INFO] | Active memory         | 427442 KiB |   8332 MiB | 315505 GiB | 315504 GiB |
[GPU 0] [22:17:41] [INFO] |       from large pool | 393430 KiB |   8298 MiB | 315234 GiB | 315233 GiB |
[GPU 0] [22:17:41] [INFO] |       from small pool |  34012 KiB |     42 MiB |    270 GiB |    270 GiB |
[GPU 0] [22:17:41] [INFO] |---------------------------------------------------------------------------|
[GPU 0] [22:17:41] [INFO] | Requested memory      | 427437 KiB |   8331 MiB | 315504 GiB | 315503 GiB |
[GPU 0] [22:17:41] [INFO] |       from large pool | 393430 KiB |   8298 MiB | 315234 GiB | 315233 GiB |
[GPU 0] [22:17:41] [INFO] |       from small pool |  34007 KiB |     42 MiB |    269 GiB |    269 GiB |
[GPU 0] [22:17:41] [INFO] |---------------------------------------------------------------------------|
[GPU 0] [22:17:41] [INFO] | GPU reserved memory   |   8584 MiB |   8584 MiB |   8584 MiB |      0 B   |
[GPU 0] [22:17:41] [INFO] |       from large pool |   8540 MiB |   8540 MiB |   8540 MiB |      0 B   |
[GPU 0] [22:17:41] [INFO] |       from small pool |     44 MiB |     44 MiB |     44 MiB |      0 B   |
[GPU 0] [22:17:41] [INFO] |---------------------------------------------------------------------------|
[GPU 0] [22:17:41] [INFO] | Non-releasable memory |      0 B   |      0 B   |      0 B   |      0 B   |
[GPU 0] [22:17:41] [INFO] |       from large pool |      0 B   |      0 B   |      0 B   |      0 B   |
[GPU 0] [22:17:41] [INFO] |       from small pool |      0 B   |      0 B   |      0 B   |      0 B   |
[GPU 0] [22:17:41] [INFO] |---------------------------------------------------------------------------|
[GPU 0] [22:17:41] [INFO] | Allocations           |     368    |     550    |    9879 K  |    9879 K  |
[GPU 0] [22:17:41] [INFO] |       from large pool |      72    |     168    |    5266 K  |    5266 K  |
[GPU 0] [22:17:41] [INFO] |       from small pool |     296    |     454    |    4613 K  |    4612 K  |
[GPU 0] [22:17:41] [INFO] |---------------------------------------------------------------------------|
[GPU 0] [22:17:41] [INFO] | Active allocs         |     368    |     550    |    9879 K  |    9879 K  |
[GPU 0] [22:17:41] [INFO] |       from large pool |      72    |     168    |    5266 K  |    5266 K  |
[GPU 0] [22:17:41] [INFO] |       from small pool |     296    |     454    |    4613 K  |    4612 K  |
[GPU 0] [22:17:41] [INFO] |---------------------------------------------------------------------------|
[GPU 0] [22:17:41] [INFO] | GPU reserved segments |       0    |       0    |       0    |       0    |
[GPU 0] [22:17:41] [INFO] |       from large pool |       0    |       0    |       0    |       0    |
[GPU 0] [22:17:41] [INFO] |       from small pool |       0    |       0    |       0    |       0    |
[GPU 0] [22:17:41] [INFO] |---------------------------------------------------------------------------|
[GPU 0] [22:17:41] [INFO] | Non-releasable allocs |       0    |       0    |       0    |       0    |
[GPU 0] [22:17:41] [INFO] |       from large pool |       0    |       0    |       0    |       0    |
[GPU 0] [22:17:41] [INFO] |       from small pool |       0    |       0    |       0    |       0    |
[GPU 0] [22:17:41] [INFO] |---------------------------------------------------------------------------|
[GPU 0] [22:17:41] [INFO] | Oversize allocations  |       0    |       0    |       0    |       0    |
[GPU 0] [22:17:41] [INFO] |---------------------------------------------------------------------------|
[GPU 0] [22:17:41] [INFO] | Oversize GPU segments |       0    |       0    |       0    |       0    |
[GPU 0] [22:17:41] [INFO] |===========================================================================|
[GPU 0] [22:17:41] [INFO] 
[GPU 0] [22:17:41] [INFO] Batch group start, LR: 1.0000e-08, batches: 16021, epochs: 1, group_total_steps: 16021
[GPU 0] [22:17:49] [INFO] CUDA memory after first training step:
[GPU 0] [22:17:49] [INFO] |===========================================================================|
[GPU 0] [22:17:49] [INFO] |                  PyTorch CUDA memory summary, device ID 0                 |
[GPU 0] [22:17:49] [INFO] |---------------------------------------------------------------------------|
[GPU 0] [22:17:49] [INFO] |            CUDA OOMs: 0            |        cudaMalloc retries: 0         |
[GPU 0] [22:17:49] [INFO] |===========================================================================|
[GPU 0] [22:17:49] [INFO] |        Metric         | Cur Usage  | Peak Usage | Tot Alloc  | Tot Freed  |
[GPU 0] [22:17:49] [INFO] |---------------------------------------------------------------------------|
[GPU 0] [22:17:49] [INFO] | Allocated memory      |   1007 MiB |   8332 MiB | 315564 GiB | 315563 GiB |
[GPU 0] [22:17:49] [INFO] |       from large pool |    968 MiB |   8298 MiB | 315293 GiB | 315292 GiB |
[GPU 0] [22:17:49] [INFO] |       from small pool |     39 MiB |     42 MiB |    270 GiB |    270 GiB |
[GPU 0] [22:17:49] [INFO] |---------------------------------------------------------------------------|
[GPU 0] [22:17:49] [INFO] | Active memory         |   1007 MiB |   8332 MiB | 315564 GiB | 315563 GiB |
[GPU 0] [22:17:49] [INFO] |       from large pool |    968 MiB |   8298 MiB | 315293 GiB | 315292 GiB |
[GPU 0] [22:17:49] [INFO] |       from small pool |     39 MiB |     42 MiB |    270 GiB |    270 GiB |
[GPU 0] [22:17:49] [INFO] |---------------------------------------------------------------------------|
[GPU 0] [22:17:49] [INFO] | Requested memory      |   1007 MiB |   8331 MiB | 315562 GiB | 315561 GiB |
[GPU 0] [22:17:49] [INFO] |       from large pool |    968 MiB |   8298 MiB | 315293 GiB | 315292 GiB |
[GPU 0] [22:17:49] [INFO] |       from small pool |     39 MiB |     42 MiB |    269 GiB |    269 GiB |
[GPU 0] [22:17:49] [INFO] |---------------------------------------------------------------------------|
[GPU 0] [22:17:49] [INFO] | GPU reserved memory   |   8584 MiB |   8584 MiB |   8584 MiB |      0 B   |
[GPU 0] [22:17:49] [INFO] |       from large pool |   8540 MiB |   8540 MiB |   8540 MiB |      0 B   |
[GPU 0] [22:17:49] [INFO] |       from small pool |     44 MiB |     44 MiB |     44 MiB |      0 B   |
[GPU 0] [22:17:49] [INFO] |---------------------------------------------------------------------------|
[GPU 0] [22:17:49] [INFO] | Non-releasable memory |      0 B   |      0 B   |      0 B   |      0 B   |
[GPU 0] [22:17:49] [INFO] |       from large pool |      0 B   |      0 B   |      0 B   |      0 B   |
[GPU 0] [22:17:49] [INFO] |       from small pool |      0 B   |      0 B   |      0 B   |      0 B   |
[GPU 0] [22:17:49] [INFO] |---------------------------------------------------------------------------|
[GPU 0] [22:17:49] [INFO] | Allocations           |     475    |     550    |    9880 K  |    9880 K  |
[GPU 0] [22:17:49] [INFO] |       from large pool |      77    |     168    |    5267 K  |    5267 K  |
[GPU 0] [22:17:49] [INFO] |       from small pool |     398    |     454    |    4613 K  |    4612 K  |
[GPU 0] [22:17:49] [INFO] |---------------------------------------------------------------------------|
[GPU 0] [22:17:49] [INFO] | Active allocs         |     475    |     550    |    9880 K  |    9880 K  |
[GPU 0] [22:17:49] [INFO] |       from large pool |      77    |     168    |    5267 K  |    5267 K  |
[GPU 0] [22:17:49] [INFO] |       from small pool |     398    |     454    |    4613 K  |    4612 K  |
[GPU 0] [22:17:49] [INFO] |---------------------------------------------------------------------------|
[GPU 0] [22:17:49] [INFO] | GPU reserved segments |       0    |       0    |       0    |       0    |
[GPU 0] [22:17:49] [INFO] |       from large pool |       0    |       0    |       0    |       0    |
[GPU 0] [22:17:49] [INFO] |       from small pool |       0    |       0    |       0    |       0    |
[GPU 0] [22:17:49] [INFO] |---------------------------------------------------------------------------|
[GPU 0] [22:17:49] [INFO] | Non-releasable allocs |       0    |       0    |       0    |       0    |
[GPU 0] [22:17:49] [INFO] |       from large pool |       0    |       0    |       0    |       0    |
[GPU 0] [22:17:49] [INFO] |       from small pool |       0    |       0    |       0    |       0    |
[GPU 0] [22:17:49] [INFO] |---------------------------------------------------------------------------|
[GPU 0] [22:17:49] [INFO] | Oversize allocations  |       0    |       0    |       0    |       0    |
[GPU 0] [22:17:49] [INFO] |---------------------------------------------------------------------------|
[GPU 0] [22:17:49] [INFO] | Oversize GPU segments |       0    |       0    |       0    |       0    |
[GPU 0] [22:17:49] [INFO] |===========================================================================|
[GPU 0] [22:17:49] [INFO] 
[GPU 0] [22:17:49] [INFO] Step: 1, LR: 3.1311e-06
[GPU 0] [22:17:49] [INFO] Train Loss: CORE: nan A-DEADLINE-OR-TIME-LIMIT: nan ALIEN-ENCOUNTERS: nan BYGONE-ERAS: nan CULTURAL-TRADITIONS: 8.50 
[GPU 0] [22:18:35] [INFO] Step: 1000, LR: 3.1211e-03
[GPU 0] [22:18:35] [INFO] Train Loss: CORE: 2.63 A-DEADLINE-OR-TIME-LIMIT: 3.62 ALIEN-ENCOUNTERS: 3.43 BYGONE-ERAS: 3.47 CULTURAL-TRADITIONS: 3.46 
[GPU 0] [22:19:01] [INFO] LR Scheduler: Group constant (step 1602)
[GPU 0] [22:19:18] [INFO] Step: 2000, LR: 5.0000e-03
[GPU 0] [22:19:18] [INFO] Train Loss: CORE: 2.26 A-DEADLINE-OR-TIME-LIMIT: 3.09 ALIEN-ENCOUNTERS: 2.86 BYGONE-ERAS: 3.07 CULTURAL-TRADITIONS: 3.07 
[GPU 0] [22:20:01] [INFO] Step: 3000, LR: 5.0000e-03
[GPU 0] [22:20:01] [INFO] Train Loss: CORE: 2.10 A-DEADLINE-OR-TIME-LIMIT: 2.79 ALIEN-ENCOUNTERS: 2.59 BYGONE-ERAS: 2.80 CULTURAL-TRADITIONS: 2.85 
[GPU 0] [22:20:43] [INFO] Step: 4000, LR: 5.0000e-03
[GPU 0] [22:20:43] [INFO] Train Loss: CORE: 2.01 A-DEADLINE-OR-TIME-LIMIT: 2.60 ALIEN-ENCOUNTERS: 2.47 BYGONE-ERAS: 2.60 CULTURAL-TRADITIONS: 2.65 
[GPU 0] [22:21:26] [INFO] Step: 5000, LR: 5.0000e-03
[GPU 0] [22:21:26] [INFO] Train Loss: CORE: 1.97 A-DEADLINE-OR-TIME-LIMIT: 2.31 ALIEN-ENCOUNTERS: 2.15 BYGONE-ERAS: 2.22 CULTURAL-TRADITIONS: 2.36 
[GPU 0] [22:22:08] [INFO] Step: 6000, LR: 5.0000e-03
[GPU 0] [22:22:08] [INFO] Train Loss: CORE: 1.94 A-DEADLINE-OR-TIME-LIMIT: 2.15 ALIEN-ENCOUNTERS: 2.07 BYGONE-ERAS: 2.08 CULTURAL-TRADITIONS: 2.14 
[GPU 0] [22:22:50] [INFO] Step: 7000, LR: 5.0000e-03
[GPU 0] [22:22:50] [INFO] Train Loss: CORE: 1.91 A-DEADLINE-OR-TIME-LIMIT: 2.10 ALIEN-ENCOUNTERS: 1.99 BYGONE-ERAS: 2.03 CULTURAL-TRADITIONS: 2.05 
[GPU 0] [22:23:33] [INFO] Step: 8000, LR: 5.0000e-03
[GPU 0] [22:23:33] [INFO] Train Loss: CORE: 1.88 A-DEADLINE-OR-TIME-LIMIT: 2.06 ALIEN-ENCOUNTERS: 1.93 BYGONE-ERAS: 1.98 CULTURAL-TRADITIONS: 2.00 
[GPU 0] [22:24:16] [INFO] Step: 9000, LR: 5.0000e-03
[GPU 0] [22:24:16] [INFO] Train Loss: CORE: 1.87 A-DEADLINE-OR-TIME-LIMIT: 2.01 ALIEN-ENCOUNTERS: 1.90 BYGONE-ERAS: 1.95 CULTURAL-TRADITIONS: 1.97 
[GPU 0] [22:24:59] [INFO] Step: 10000, LR: 5.0000e-03
[GPU 0] [22:24:59] [INFO] Train Loss: CORE: 1.83 A-DEADLINE-OR-TIME-LIMIT: 1.99 ALIEN-ENCOUNTERS: 1.86 BYGONE-ERAS: 1.92 CULTURAL-TRADITIONS: 1.95 
[GPU 0] [22:25:41] [INFO] Step: 11000, LR: 5.0000e-03
[GPU 0] [22:25:41] [INFO] Train Loss: CORE: 1.81 A-DEADLINE-OR-TIME-LIMIT: 1.96 ALIEN-ENCOUNTERS: 1.83 BYGONE-ERAS: 1.89 CULTURAL-TRADITIONS: 1.93 
[GPU 0] [22:26:25] [INFO] Step: 12000, LR: 5.0000e-03
[GPU 0] [22:26:25] [INFO] Train Loss: CORE: 1.82 A-DEADLINE-OR-TIME-LIMIT: 1.94 ALIEN-ENCOUNTERS: 1.81 BYGONE-ERAS: 1.87 CULTURAL-TRADITIONS: 1.91 
[GPU 0] [22:27:09] [INFO] Step: 13000, LR: 5.0000e-03
[GPU 0] [22:27:09] [INFO] Train Loss: CORE: 1.81 A-DEADLINE-OR-TIME-LIMIT: 1.93 ALIEN-ENCOUNTERS: 1.79 BYGONE-ERAS: 1.86 CULTURAL-TRADITIONS: 1.90 
[GPU 0] [22:27:52] [INFO] Step: 14000, LR: 5.0000e-03
[GPU 0] [22:27:52] [INFO] Train Loss: CORE: 1.79 A-DEADLINE-OR-TIME-LIMIT: 1.92 ALIEN-ENCOUNTERS: 1.78 BYGONE-ERAS: 1.84 CULTURAL-TRADITIONS: 1.88 
[GPU 0] [22:28:09] [INFO] LR Scheduler: Group decay (step 14419)
[GPU 0] [22:28:34] [INFO] Step: 15000, LR: 3.1866e-03
[GPU 0] [22:28:34] [INFO] Train Loss: CORE: 1.74 A-DEADLINE-OR-TIME-LIMIT: 1.90 ALIEN-ENCOUNTERS: 1.77 BYGONE-ERAS: 1.83 CULTURAL-TRADITIONS: 1.88 
[GPU 0] [22:29:19] [INFO] Step: 16000, LR: 6.5553e-05
[GPU 0] [22:29:19] [INFO] Train Loss: CORE: 1.69 A-DEADLINE-OR-TIME-LIMIT: 1.88 ALIEN-ENCOUNTERS: 1.74 BYGONE-ERAS: 1.81 CULTURAL-TRADITIONS: 1.84 
[GPU 0] [22:29:20] [INFO] Step: 16021, LR: 1.0000e-08
[GPU 0] [22:29:20] [INFO] Train Loss: CORE: 1.70 A-DEADLINE-OR-TIME-LIMIT: 1.88 ALIEN-ENCOUNTERS: 1.74 BYGONE-ERAS: 1.81 CULTURAL-TRADITIONS: 1.84 
[GPU 0] [22:29:28] [INFO] ---- Begin Eval ----
[GPU 0] [22:29:28] [INFO] Data: core | Experts: ['core']
[GPU 0] [22:29:59] [INFO] loss: 1.68272960
[GPU 0] [22:29:59] [INFO] Data: a-deadline-or-time-limit | Experts: ['core']
[GPU 0] [22:30:00] [INFO] loss: 1.87812495
[GPU 0] [22:30:00] [INFO] Data: alien-encounters | Experts: ['core']
[GPU 0] [22:30:01] [INFO] loss: 1.73519742
[GPU 0] [22:30:01] [INFO] Data: bygone-eras | Experts: ['core']
[GPU 0] [22:30:01] [INFO] loss: 1.71254003
[GPU 0] [22:30:01] [INFO] Data: cultural-traditions | Experts: ['core']
[GPU 0] [22:30:02] [INFO] loss: 1.76562500
[GPU 0] [22:30:02] [INFO] ---- Begin Eval ----
[GPU 0] [22:30:02] [INFO] Data: core | Experts: ['a-deadline-or-time-limit', 'core']
[GPU 0] [22:30:36] [INFO] loss: 1.68419242
[GPU 0] [22:30:36] [INFO] Data: a-deadline-or-time-limit | Experts: ['a-deadline-or-time-limit', 'core']
[GPU 0] [22:30:37] [INFO] loss: 1.77011716
[GPU 0] [22:30:37] [INFO] Data: alien-encounters | Experts: ['a-deadline-or-time-limit', 'core']
[GPU 0] [22:30:38] [INFO] loss: 1.73725331
[GPU 0] [22:30:38] [INFO] Data: bygone-eras | Experts: ['a-deadline-or-time-limit', 'core']
[GPU 0] [22:30:38] [INFO] loss: 1.71233976
[GPU 0] [22:30:38] [INFO] Data: cultural-traditions | Experts: ['a-deadline-or-time-limit', 'core']
[GPU 0] [22:30:39] [INFO] loss: 1.76439142
[GPU 0] [22:30:39] [INFO] ---- Begin Eval ----
[GPU 0] [22:30:39] [INFO] Data: core | Experts: ['alien-encounters', 'core']
[GPU 0] [22:31:11] [INFO] loss: 1.68344235
[GPU 0] [22:31:11] [INFO] Data: a-deadline-or-time-limit | Experts: ['alien-encounters', 'core']
[GPU 0] [22:31:12] [INFO] loss: 1.87871099
[GPU 0] [22:31:12] [INFO] Data: alien-encounters | Experts: ['alien-encounters', 'core']
[GPU 0] [22:31:13] [INFO] loss: 1.65213811
[GPU 0] [22:31:13] [INFO] Data: bygone-eras | Experts: ['alien-encounters', 'core']
[GPU 0] [22:31:13] [INFO] loss: 1.71354163
[GPU 0] [22:31:13] [INFO] Data: cultural-traditions | Experts: ['alien-encounters', 'core']
[GPU 0] [22:31:14] [INFO] loss: 1.76603615
[GPU 0] [22:31:14] [INFO] ---- Begin Eval ----
[GPU 0] [22:31:14] [INFO] Data: core | Experts: ['bygone-eras', 'core']
[GPU 0] [22:31:48] [INFO] loss: 1.68286002
[GPU 0] [22:31:48] [INFO] Data: a-deadline-or-time-limit | Experts: ['bygone-eras', 'core']
[GPU 0] [22:31:49] [INFO] loss: 1.87675786
[GPU 0] [22:31:49] [INFO] Data: alien-encounters | Experts: ['bygone-eras', 'core']
[GPU 0] [22:31:49] [INFO] loss: 1.73519742
[GPU 0] [22:31:49] [INFO] Data: bygone-eras | Experts: ['bygone-eras', 'core']
[GPU 0] [22:31:50] [INFO] loss: 1.70693111
[GPU 0] [22:31:50] [INFO] Data: cultural-traditions | Experts: ['bygone-eras', 'core']
[GPU 0] [22:31:51] [INFO] loss: 1.76212990
[GPU 0] [22:31:51] [INFO] ---- Begin Eval ----
[GPU 0] [22:31:51] [INFO] Data: core | Experts: ['core', 'cultural-traditions']
[GPU 0] [22:32:24] [INFO] loss: 1.68313956
[GPU 0] [22:32:24] [INFO] Data: a-deadline-or-time-limit | Experts: ['core', 'cultural-traditions']
[GPU 0] [22:32:25] [INFO] loss: 1.87617183
[GPU 0] [22:32:25] [INFO] Data: alien-encounters | Experts: ['core', 'cultural-traditions']
[GPU 0] [22:32:26] [INFO] loss: 1.73601973
[GPU 0] [22:32:26] [INFO] Data: bygone-eras | Experts: ['core', 'cultural-traditions']
[GPU 0] [22:32:27] [INFO] loss: 1.70993590
[GPU 0] [22:32:27] [INFO] Data: cultural-traditions | Experts: ['core', 'cultural-traditions']
[GPU 0] [22:32:27] [INFO] loss: 1.74465466
[GPU 0] [22:32:28] [INFO] ROUTED - ADVERSARIAL FT START
[GPU 0] [22:32:29] [INFO] ---- Begin FT | Experts: ['core'] | Data: ['a-deadline-or-time-limit'] ----
[GPU 0] [22:32:29] [DEBUG] num_seq: 512, num_rounds: 200, patience: 10
[GPU 0] [22:32:29] [DEBUG] local_x: torch.Size([512, 256]), local_y: torch.Size([512, 256]), num_steps: 4, per_gpu: 512, mbs_size: 128
[GPU 0] [22:32:31] [INFO] New best validation loss: 1.8457 @ step 0
[GPU 0] [22:32:32] [INFO] New best validation loss: 1.8303 @ step 1
[GPU 0] [22:32:33] [INFO] New best validation loss: 1.8229 @ step 2
[GPU 0] [22:32:34] [INFO] New best validation loss: 1.8213 @ step 3
[GPU 0] [22:32:44] [INFO] Stop FT @ 15: no val improvement for 10 steps
[GPU 0] [22:32:44] [INFO] Wrote stats.jsonl entries at FT step 3 
[GPU 0] [22:32:44] [INFO] ---- Begin FT | Experts: ['core'] | Data: ['alien-encounters'] ----
[GPU 0] [22:32:44] [DEBUG] num_seq: 512, num_rounds: 200, patience: 10
[GPU 0] [22:32:44] [DEBUG] local_x: torch.Size([512, 256]), local_y: torch.Size([512, 256]), num_steps: 4, per_gpu: 512, mbs_size: 128
[GPU 0] [22:32:45] [INFO] New best validation loss: 1.7099 @ step 0
[GPU 0] [22:32:46] [INFO] New best validation loss: 1.6951 @ step 1
[GPU 0] [22:32:47] [INFO] New best validation loss: 1.6891 @ step 2
[GPU 0] [22:32:48] [INFO] New best validation loss: 1.6877 @ step 3
[GPU 0] [22:32:58] [INFO] Stop FT @ 15: no val improvement for 10 steps
[GPU 0] [22:32:58] [INFO] Wrote stats.jsonl entries at FT step 3 
[GPU 0] [22:32:58] [INFO] ---- Begin FT | Experts: ['core'] | Data: ['bygone-eras'] ----
[GPU 0] [22:32:58] [DEBUG] num_seq: 512, num_rounds: 200, patience: 10
[GPU 0] [22:32:58] [DEBUG] local_x: torch.Size([512, 256]), local_y: torch.Size([512, 256]), num_steps: 4, per_gpu: 512, mbs_size: 128
[GPU 0] [22:32:59] [INFO] New best validation loss: 1.7087 @ step 0
[GPU 0] [22:33:09] [INFO] Stop FT @ 12: no val improvement for 10 steps
[GPU 0] [22:33:09] [INFO] Wrote stats.jsonl entries at FT step 0 
[GPU 0] [22:33:09] [INFO] ---- Begin FT | Experts: ['core'] | Data: ['cultural-traditions'] ----
[GPU 0] [22:33:09] [DEBUG] num_seq: 512, num_rounds: 200, patience: 10
[GPU 0] [22:33:09] [DEBUG] local_x: torch.Size([512, 256]), local_y: torch.Size([512, 256]), num_steps: 4, per_gpu: 512, mbs_size: 128
[GPU 0] [22:33:10] [INFO] New best validation loss: 1.7572 @ step 0
[GPU 0] [22:33:11] [INFO] New best validation loss: 1.7547 @ step 1
[GPU 0] [22:33:20] [INFO] Stop FT @ 13: no val improvement for 10 steps
[GPU 0] [22:33:20] [INFO] Wrote stats.jsonl entries at FT step 1 
[GPU 0] [22:33:20] [INFO] ROUTED - ADVERSARIAL FT START
[GPU 0] [22:33:20] [INFO] ---- Begin FT | Experts: ['a-deadline-or-time-limit', 'core'] | Data: ['alien-encounters'] ----
[GPU 0] [22:33:20] [DEBUG] num_seq: 512, num_rounds: 200, patience: 10
[GPU 0] [22:33:20] [DEBUG] local_x: torch.Size([512, 256]), local_y: torch.Size([512, 256]), num_steps: 4, per_gpu: 512, mbs_size: 128
[GPU 0] [22:33:21] [INFO] New best validation loss: 1.7099 @ step 0
[GPU 0] [22:33:22] [INFO] New best validation loss: 1.6959 @ step 1
[GPU 0] [22:33:23] [INFO] New best validation loss: 1.6896 @ step 2
[GPU 0] [22:33:24] [INFO] New best validation loss: 1.6875 @ step 3
[GPU 0] [22:33:35] [INFO] Stop FT @ 15: no val improvement for 10 steps
[GPU 0] [22:33:35] [INFO] Wrote stats.jsonl entries at FT step 3 
[GPU 0] [22:33:35] [INFO] ---- Begin FT | Experts: ['a-deadline-or-time-limit', 'core'] | Data: ['bygone-eras'] ----
[GPU 0] [22:33:35] [DEBUG] num_seq: 512, num_rounds: 200, patience: 10
[GPU 0] [22:33:35] [DEBUG] local_x: torch.Size([512, 256]), local_y: torch.Size([512, 256]), num_steps: 4, per_gpu: 512, mbs_size: 128
[GPU 0] [22:33:36] [INFO] New best validation loss: 1.7103 @ step 0
[GPU 0] [22:33:47] [INFO] Stop FT @ 12: no val improvement for 10 steps
[GPU 0] [22:33:47] [INFO] Wrote stats.jsonl entries at FT step 0 
[GPU 0] [22:33:47] [INFO] ---- Begin FT | Experts: ['a-deadline-or-time-limit', 'core'] | Data: ['cultural-traditions'] ----
[GPU 0] [22:33:47] [DEBUG] num_seq: 512, num_rounds: 200, patience: 10
[GPU 0] [22:33:47] [DEBUG] local_x: torch.Size([512, 256]), local_y: torch.Size([512, 256]), num_steps: 4, per_gpu: 512, mbs_size: 128
[GPU 0] [22:33:48] [INFO] New best validation loss: 1.7562 @ step 0
[GPU 0] [22:33:49] [INFO] New best validation loss: 1.7541 @ step 1
[GPU 0] [22:34:00] [INFO] Stop FT @ 13: no val improvement for 10 steps
[GPU 0] [22:34:00] [INFO] Wrote stats.jsonl entries at FT step 1 
[GPU 0] [22:34:00] [INFO] ROUTED - ADVERSARIAL FT START
[GPU 0] [22:34:00] [INFO] ---- Begin FT | Experts: ['alien-encounters', 'core'] | Data: ['a-deadline-or-time-limit'] ----
[GPU 0] [22:34:00] [DEBUG] num_seq: 512, num_rounds: 200, patience: 10
[GPU 0] [22:34:00] [DEBUG] local_x: torch.Size([512, 256]), local_y: torch.Size([512, 256]), num_steps: 4, per_gpu: 512, mbs_size: 128
[GPU 0] [22:34:01] [INFO] New best validation loss: 1.8459 @ step 0
[GPU 0] [22:34:02] [INFO] New best validation loss: 1.8303 @ step 1
[GPU 0] [22:34:03] [INFO] New best validation loss: 1.8230 @ step 2
[GPU 0] [22:34:04] [INFO] New best validation loss: 1.8217 @ step 3
[GPU 0] [22:34:16] [INFO] Stop FT @ 15: no val improvement for 10 steps
[GPU 0] [22:34:16] [INFO] Wrote stats.jsonl entries at FT step 3 
[GPU 0] [22:34:16] [INFO] ---- Begin FT | Experts: ['alien-encounters', 'core'] | Data: ['bygone-eras'] ----
[GPU 0] [22:34:16] [DEBUG] num_seq: 512, num_rounds: 200, patience: 10
[GPU 0] [22:34:16] [DEBUG] local_x: torch.Size([512, 256]), local_y: torch.Size([512, 256]), num_steps: 4, per_gpu: 512, mbs_size: 128
[GPU 0] [22:34:17] [INFO] New best validation loss: 1.7103 @ step 0
[GPU 0] [22:34:28] [INFO] Stop FT @ 12: no val improvement for 10 steps
[GPU 0] [22:34:28] [INFO] Wrote stats.jsonl entries at FT step 0 
[GPU 0] [22:34:28] [INFO] ---- Begin FT | Experts: ['alien-encounters', 'core'] | Data: ['cultural-traditions'] ----
[GPU 0] [22:34:28] [DEBUG] num_seq: 512, num_rounds: 200, patience: 10
[GPU 0] [22:34:28] [DEBUG] local_x: torch.Size([512, 256]), local_y: torch.Size([512, 256]), num_steps: 4, per_gpu: 512, mbs_size: 128
[GPU 0] [22:34:29] [INFO] New best validation loss: 1.7574 @ step 0
[GPU 0] [22:34:30] [INFO] New best validation loss: 1.7551 @ step 1
[GPU 0] [22:34:41] [INFO] Stop FT @ 13: no val improvement for 10 steps
[GPU 0] [22:34:41] [INFO] Wrote stats.jsonl entries at FT step 1 
[GPU 0] [22:34:41] [INFO] ROUTED - ADVERSARIAL FT START
[GPU 0] [22:34:41] [INFO] ---- Begin FT | Experts: ['bygone-eras', 'core'] | Data: ['a-deadline-or-time-limit'] ----
[GPU 0] [22:34:41] [DEBUG] num_seq: 512, num_rounds: 200, patience: 10
[GPU 0] [22:34:41] [DEBUG] local_x: torch.Size([512, 256]), local_y: torch.Size([512, 256]), num_steps: 4, per_gpu: 512, mbs_size: 128
[GPU 0] [22:34:42] [INFO] New best validation loss: 1.8445 @ step 0
[GPU 0] [22:34:43] [INFO] New best validation loss: 1.8299 @ step 1
[GPU 0] [22:34:44] [INFO] New best validation loss: 1.8225 @ step 2
[GPU 0] [22:34:45] [INFO] New best validation loss: 1.8207 @ step 3
[GPU 0] [22:34:56] [INFO] Stop FT @ 15: no val improvement for 10 steps
[GPU 0] [22:34:56] [INFO] Wrote stats.jsonl entries at FT step 3 
[GPU 0] [22:34:56] [INFO] ---- Begin FT | Experts: ['bygone-eras', 'core'] | Data: ['alien-encounters'] ----
[GPU 0] [22:34:56] [DEBUG] num_seq: 512, num_rounds: 200, patience: 10
[GPU 0] [22:34:56] [DEBUG] local_x: torch.Size([512, 256]), local_y: torch.Size([512, 256]), num_steps: 4, per_gpu: 512, mbs_size: 128
[GPU 0] [22:34:57] [INFO] New best validation loss: 1.7099 @ step 0
[GPU 0] [22:34:58] [INFO] New best validation loss: 1.6951 @ step 1
[GPU 0] [22:34:59] [INFO] New best validation loss: 1.6889 @ step 2
[GPU 0] [22:35:00] [INFO] New best validation loss: 1.6875 @ step 3
[GPU 0] [22:35:11] [INFO] Stop FT @ 15: no val improvement for 10 steps
[GPU 0] [22:35:11] [INFO] Wrote stats.jsonl entries at FT step 3 
[GPU 0] [22:35:11] [INFO] ---- Begin FT | Experts: ['bygone-eras', 'core'] | Data: ['cultural-traditions'] ----
[GPU 0] [22:35:11] [DEBUG] num_seq: 512, num_rounds: 200, patience: 10
[GPU 0] [22:35:11] [DEBUG] local_x: torch.Size([512, 256]), local_y: torch.Size([512, 256]), num_steps: 4, per_gpu: 512, mbs_size: 128
[GPU 0] [22:35:12] [INFO] New best validation loss: 1.7549 @ step 0
[GPU 0] [22:35:13] [INFO] New best validation loss: 1.7531 @ step 1
[GPU 0] [22:35:24] [INFO] Stop FT @ 13: no val improvement for 10 steps
[GPU 0] [22:35:24] [INFO] Wrote stats.jsonl entries at FT step 1 
[GPU 0] [22:35:24] [INFO] ROUTED - ADVERSARIAL FT START
[GPU 0] [22:35:24] [INFO] ---- Begin FT | Experts: ['core', 'cultural-traditions'] | Data: ['a-deadline-or-time-limit'] ----
[GPU 0] [22:35:24] [DEBUG] num_seq: 512, num_rounds: 200, patience: 10
[GPU 0] [22:35:24] [DEBUG] local_x: torch.Size([512, 256]), local_y: torch.Size([512, 256]), num_steps: 4, per_gpu: 512, mbs_size: 128
[GPU 0] [22:35:25] [INFO] New best validation loss: 1.8439 @ step 0
[GPU 0] [22:35:26] [INFO] New best validation loss: 1.8291 @ step 1
[GPU 0] [22:35:27] [INFO] New best validation loss: 1.8221 @ step 2
[GPU 0] [22:35:28] [INFO] New best validation loss: 1.8197 @ step 3
[GPU 0] [22:35:39] [INFO] Stop FT @ 15: no val improvement for 10 steps
[GPU 0] [22:35:39] [INFO] Wrote stats.jsonl entries at FT step 3 
[GPU 0] [22:35:39] [INFO] ---- Begin FT | Experts: ['core', 'cultural-traditions'] | Data: ['alien-encounters'] ----
[GPU 0] [22:35:39] [DEBUG] num_seq: 512, num_rounds: 200, patience: 10
[GPU 0] [22:35:39] [DEBUG] local_x: torch.Size([512, 256]), local_y: torch.Size([512, 256]), num_steps: 4, per_gpu: 512, mbs_size: 128
[GPU 0] [22:35:40] [INFO] New best validation loss: 1.7099 @ step 0
[GPU 0] [22:35:41] [INFO] New best validation loss: 1.6953 @ step 1
[GPU 0] [22:35:42] [INFO] New best validation loss: 1.6891 @ step 2
[GPU 0] [22:35:43] [INFO] New best validation loss: 1.6877 @ step 3
[GPU 0] [22:35:54] [INFO] Stop FT @ 15: no val improvement for 10 steps
[GPU 0] [22:35:54] [INFO] Wrote stats.jsonl entries at FT step 3 
[GPU 0] [22:35:54] [INFO] ---- Begin FT | Experts: ['core', 'cultural-traditions'] | Data: ['bygone-eras'] ----
[GPU 0] [22:35:54] [DEBUG] num_seq: 512, num_rounds: 200, patience: 10
[GPU 0] [22:35:54] [DEBUG] local_x: torch.Size([512, 256]), local_y: torch.Size([512, 256]), num_steps: 4, per_gpu: 512, mbs_size: 128
[GPU 0] [22:35:55] [INFO] New best validation loss: 1.7073 @ step 0
[GPU 0] [22:36:06] [INFO] Stop FT @ 12: no val improvement for 10 steps
[GPU 0] [22:36:06] [INFO] Wrote stats.jsonl entries at FT step 0 
[GPU 0] [22:36:07] [INFO] ----------------------------------------
[GPU 0] [22:36:07] [INFO] Finished. See /workspace-vast/ethanr/gradient-routing/experiments/arXiv-Codebase/results/auxnum/num_aux_4/seed_3/20260629215643276518
