[GPU 0] [18:30:43] [INFO] Git branch: AGI-1696-New-Dataset-Runs_ethan, commit: 959a974176db9e703b8ec094fd23943753ae604f
[GPU 0] [18:30:43] [INFO] Number of GPUs: 8
[GPU 0] [18:30:45] [INFO] Tokenizer vocabulary: 50257
[GPU 0] [18:30:45] [INFO] Set model vocab size to nearest multiple of 64 of tokenizer size: 50304
[GPU 0] [18:30:59] [INFO] target effective batch size: 641, actual effective batch size: 672, micro batch size: 12, accumulation steps: 7, num gpus: 8
[GPU 0] [18:30:59] [INFO] core total number of tokens: 66749057569
[GPU 0] [18:30:59] [INFO] Baseline model has 806,509,504 parameters
[GPU 0] [18:30:59] [INFO] core: chinchilla optimal tokens: 16,130,190,080, requested proportion: 1.0000, requested number of tokens: 16,130,190,080.0, 
[GPU 0] [18:30:59] [INFO] aux total number of tokens: 4835776549
[GPU 0] [18:30:59] [INFO] Baseline model has 806,509,504 parameters
[GPU 0] [18:30:59] [INFO] aux: chinchilla optimal tokens: 16,130,190,080, requested proportion: 0.0100, requested number of tokens: 161,301,900.8, 
[GPU 0] [18:31:00] [DEBUG] Saved config to /workspace-vast/ethanr/gradient-routing/experiments/AGI-1699-New-Dataset-Runs/results/scaling/realistic/filtering/800M/seed_3/20260514183024242073/config.json
[GPU 0] [18:31:00] [DEBUG] {
    "stages": [
        {
            "name": "filtering",
            "num_checkpoints": -1,
            "lr": 0.0005663534909876918,
            "res_dir": "/workspace-vast/ethanr/gradient-routing/experiments/AGI-1699-New-Dataset-Runs/results/scaling/realistic/filtering/800M/seed_3/20260514183024242073/filtering",
            "acc_mode": "uniform",
            "do_eval": true,
            "do_sample": false,
            "num_train_evals": 0,
            "do_elicit": true,
            "elicit_eval_prc": 0.5,
            "elicit_num_evals": 100,
            "retain_targets": [
                [
                    "core",
                    "papers-cyber"
                ]
            ],
            "label_prc": 1.0
        }
    ],
    "model": {
        "arch": "base",
        "tokenizer": "GPT2Tokenizer(name_or_path='EleutherAI/gpt-neo-125M', vocab_size=50257, model_max_length=2048, padding_side='right', truncation_side='right', special_tokens={'bos_token': '<|endoftext|>', 'eos_token': '<|endoftext|>', 'unk_token': '<|endoftext|>'}, added_tokens_decoder={\n\t50256: AddedToken(\"<|endoftext|>\", rstrip=False, lstrip=False, single_word=False, normalized=True, special=True),\n}\n)",
        "ctx_len": 1024,
        "vocab_size": 50304,
        "num_layers": 24,
        "num_heads": 8,
        "num_key_value": 2,
        "attn_bias": true,
        "eos_token_id": 50256,
        "embed_dim": 1600,
        "mlp_dim": 6400
    },
    "data": {
        "dirs": [
            "/workspace-vast/ethanr/gradient-routing/experiments/AGI-1699-New-Dataset-Runs/src/data/fineweb",
            "/workspace-vast/ethanr/gradient-routing/experiments/AGI-1699-New-Dataset-Runs/src/data/code",
            "/workspace-vast/ethanr/gradient-routing/experiments/AGI-1699-New-Dataset-Runs/src/data/papers"
        ],
        "core": {
            "labels": [
                "fineweb",
                "code-other",
                "papers-other"
            ],
            "method": "optimal",
            "limit": 1.0,
            "dist": {
                "fineweb": 0.84,
                "code-other": 0.15,
                "papers-other": 0.01
            },
            "num_tok": 16130190080.0
        },
        "aux": {
            "labels": [
                "code-lisp",
                "papers-biology",
                "papers-nuclear",
                "papers-cyber"
            ],
            "method": "optimal",
            "limit": 0.01,
            "dist": {
                "code-lisp": 0.25,
                "papers-biology": 0.25,
                "papers-nuclear": 0.25,
                "papers-cyber": 0.25
            },
            "num_tok": 161301900.8
        }
    },
    "run": {
        "target_effective_batch_size": 641,
        "effective_batch_size": 672,
        "micro_batch_size": 12,
        "accumulation_steps": 7,
        "max_num_test_sequences": 10000,
        "eval_all_labels": false,
        "micro_batch_anchors": [
            [
                400000000.0,
                23
            ],
            [
                5000000000.0,
                2
            ]
        ],
        "epochs": 1,
        "adam_betas": [
            0.9,
            0.95
        ],
        "warmup_prc": 0.02,
        "decay_prc": 0.1,
        "seed": 3,
        "compile": true,
        "is_ddp": true,
        "cleanup_distributed": false,
        "log_level": "DEBUG",
        "num_gpus": 8,
        "process_id": 0,
        "num_base_params": 806509504,
        "device": "cuda",
        "logger": "<Logger training_20260514183024242073 (DEBUG)>",
        "labels": [
            "core",
            "code-lisp",
            "papers-biology",
            "papers-cyber",
            "papers-nuclear"
        ],
        "loaders": {
            "code-lisp": {
                "train": "SingleDataLoader(code-lisp_train_001.bin, len=410)",
                "test": "InterleavedDataLoader(len=105)"
            },
            "code-other": {
                "train": "InterleavedDataLoader(len=24612)",
                "test": "InterleavedDataLoader(len=105)"
            },
            "fineweb": {
                "train": "InterleavedDataLoader(len=137831)",
                "test": "InterleavedDataLoader(len=105)"
            },
            "papers-biology": {
                "train": "SingleDataLoader(papers-biology_train.bin, len=410)",
                "test": "SingleDataLoader(papers-biology_test.bin, len=105)"
            },
            "papers-cyber": {
                "train": "SingleDataLoader(papers-cyber_train.bin, len=410)",
                "test": "SingleDataLoader(papers-cyber_test.bin, len=105)"
            },
            "papers-nuclear": {
                "train": "SingleDataLoader(papers-nuclear_train.bin, len=410)",
                "test": "SingleDataLoader(papers-nuclear_test.bin, len=105)"
            },
            "papers-other": {
                "train": "SingleDataLoader(papers-other_train.bin, len=1640)",
                "test": "SingleDataLoader(papers-other_test.bin, len=105)"
            },
            "core": {
                "train": "InterleavedDataLoader(len=164083)",
                "test": "InterleavedDataLoader(len=315)"
            },
            "aux": {
                "train": "InterleavedDataLoader(len=1640)",
                "test": "InterleavedDataLoader(len=420)"
            },
            "all": {
                "train": "InterleavedDataLoader(len=165723)",
                "test": "InterleavedDataLoader(len=735)"
            }
        },
        "res_root": "/workspace-vast/ethanr/gradient-routing/experiments/AGI-1699-New-Dataset-Runs/results/scaling/realistic/filtering/800M/seed_3",
        "experiment_id": "20260514183024242073",
        "s3_bucket": "ae-gradient-routing-results",
        "s3_prefix": "scaling/realistic/filtering/800M/seed_3"
    },
    "label_prc": 1.0
}
[GPU 0] [18:31:00] [INFO] Loader code-lisp train: 410, test: 105
[GPU 0] [18:31:00] [INFO] Loader code-other train: 24612, test: 105
[GPU 0] [18:31:00] [INFO] Loader fineweb train: 137831, test: 105
[GPU 0] [18:31:00] [INFO] Loader papers-biology train: 410, test: 105
[GPU 0] [18:31:00] [INFO] Loader papers-cyber train: 410, test: 105
[GPU 0] [18:31:00] [INFO] Loader papers-nuclear train: 410, test: 105
[GPU 0] [18:31:00] [INFO] Loader papers-other train: 1640, test: 105
[GPU 0] [18:31:00] [INFO] Loader core train: 164083, test: 315
[GPU 0] [18:31:00] [INFO] Loader aux train: 1640, test: 420
[GPU 0] [18:31:00] [INFO] Loader all train: 165723, test: 735
[GPU 0] [18:31:00] [INFO] Stage [filtering] start: {"name": "filtering", "num_checkpoints": -1, "lr": 0.0005663534909876918, "res_dir": "/workspace-vast/ethanr/gradient-routing/experiments/AGI-1699-New-Dataset-Runs/results/scaling/realistic/filtering/800M/seed_3/20260514183024242073/filtering", "acc_mode": "uniform", "do_eval": true, "do_sample": false, "num_train_evals": 0, "do_elicit": true, "elicit_eval_prc": 0.5, "elicit_num_evals": 100, "retain_targets": [["core", "papers-cyber"]], "label_prc": 1.0}
[GPU 0] [18:31:00] [INFO] FILTERING START
[GPU 0] [18:31:00] [INFO] Using stage-level retain_targets override (1 targets)
[GPU 0] [18:31:00] [INFO] Filtering: retaining ['core', 'papers-cyber'], removing ['code-lisp', 'papers-biology', 'papers-nuclear']
[GPU 0] [18:31:24] [INFO] Initialized BaseTransformer with 806,509,504 total parameters
[GPU 0] [18:31:24] [INFO] Compiling BaseTransformer with torch.compile...
[GPU 0] [18:31:29] [INFO] torch.compile done
[GPU 0] [18:31:30] [WARNING] restore_partial_state: no checkpoint found at /workspace-vast/ethanr/gradient-routing/experiments/AGI-1699-New-Dataset-Runs/results/scaling/realistic/filtering/800M/seed_3/20260514183024242073/filtering/core_papers-cyber
[GPU 0] [18:31:30] [INFO] ---- Begin Train | Train Labels: ['core', 'papers-cyber'] ----
[GPU 0] [18:31:30] [DEBUG] acc_mode: uniform, label_prc: 1.0
[GPU 0] [18:31:31] [INFO] Batch [core] count: 164080
[GPU 0] [18:31:31] [INFO] Batch [papers-cyber] count: 406
[GPU 0] [18:31:31] [INFO] warmup_steps: 470
[GPU 0] [18:31:31] [INFO] constant_steps: 20678
[GPU 0] [18:31:31] [INFO] decay_steps: 2350
[GPU 0] [18:31:31] [INFO] LR Scheduler: Warmup Start
[GPU 0] [18:33:22] [INFO] Step: 1, LR: 1.21e-06
[GPU 0] [18:33:22] [INFO] Train Loss: CORE: 11.11 CODE-LISP: nan PAPERS-BIOLOGY: nan PAPERS-CYBER: nan PAPERS-NUCLEAR: nan 
[GPU 0] [18:49:58] [INFO] LR Scheduler: Constant Start
[GPU 0] [19:07:24] [INFO] Step: 1000, LR: 5.66e-04
[GPU 0] [19:07:24] [INFO] Train Loss: CORE: 3.70 CODE-LISP: nan PAPERS-BIOLOGY: nan PAPERS-CYBER: 3.61 PAPERS-NUCLEAR: nan 
[GPU 0] [19:39:06] [INFO] Step: 2000, LR: 5.66e-04
[GPU 0] [19:39:06] [INFO] Train Loss: CORE: 3.05 CODE-LISP: nan PAPERS-BIOLOGY: nan PAPERS-CYBER: 3.56 PAPERS-NUCLEAR: nan 
[GPU 0] [20:10:29] [INFO] Step: 3000, LR: 5.66e-04
[GPU 0] [20:10:29] [INFO] Train Loss: CORE: 2.88 CODE-LISP: nan PAPERS-BIOLOGY: nan PAPERS-CYBER: 3.56 PAPERS-NUCLEAR: nan 
[GPU 0] [20:41:48] [INFO] Step: 4000, LR: 5.66e-04
[GPU 0] [20:41:48] [INFO] Train Loss: CORE: 2.78 CODE-LISP: nan PAPERS-BIOLOGY: nan PAPERS-CYBER: 3.56 PAPERS-NUCLEAR: nan 
[GPU 0] [21:13:06] [INFO] Step: 5000, LR: 5.66e-04
[GPU 0] [21:13:06] [INFO] Train Loss: CORE: 3.03 CODE-LISP: nan PAPERS-BIOLOGY: nan PAPERS-CYBER: 3.04 PAPERS-NUCLEAR: nan 
[GPU 0] [21:44:25] [INFO] Step: 6000, LR: 5.66e-04
[GPU 0] [21:44:25] [INFO] Train Loss: CORE: 2.31 CODE-LISP: nan PAPERS-BIOLOGY: nan PAPERS-CYBER: 3.05 PAPERS-NUCLEAR: nan 
[GPU 0] [22:15:42] [INFO] Step: 7000, LR: 5.66e-04
[GPU 0] [22:15:42] [INFO] Train Loss: CORE: 2.49 CODE-LISP: nan PAPERS-BIOLOGY: nan PAPERS-CYBER: 2.95 PAPERS-NUCLEAR: nan 
[GPU 0] [22:46:57] [INFO] Step: 8000, LR: 5.66e-04
[GPU 0] [22:46:57] [INFO] Train Loss: CORE: 2.64 CODE-LISP: nan PAPERS-BIOLOGY: nan PAPERS-CYBER: 2.80 PAPERS-NUCLEAR: nan 
[GPU 0] [23:18:13] [INFO] Step: 9000, LR: 5.66e-04
[GPU 0] [23:18:13] [INFO] Train Loss: CORE: 2.90 CODE-LISP: nan PAPERS-BIOLOGY: nan PAPERS-CYBER: 2.80 PAPERS-NUCLEAR: nan 
[GPU 0] [23:49:28] [INFO] Step: 10000, LR: 5.66e-04
[GPU 0] [23:49:28] [INFO] Train Loss: CORE: 2.18 CODE-LISP: nan PAPERS-BIOLOGY: nan PAPERS-CYBER: 2.84 PAPERS-NUCLEAR: nan 
[GPU 0] [00:20:46] [INFO] Step: 11000, LR: 5.66e-04
[GPU 0] [00:20:46] [INFO] Train Loss: CORE: 2.66 CODE-LISP: nan PAPERS-BIOLOGY: nan PAPERS-CYBER: 2.81 PAPERS-NUCLEAR: nan 
[GPU 0] [00:52:03] [INFO] Step: 12000, LR: 5.66e-04
[GPU 0] [00:52:03] [INFO] Train Loss: CORE: 2.82 CODE-LISP: nan PAPERS-BIOLOGY: nan PAPERS-CYBER: 2.85 PAPERS-NUCLEAR: nan 
[GPU 0] [01:23:20] [INFO] Step: 13000, LR: 5.66e-04
[GPU 0] [01:23:20] [INFO] Train Loss: CORE: 2.12 CODE-LISP: nan PAPERS-BIOLOGY: nan PAPERS-CYBER: 2.85 PAPERS-NUCLEAR: nan 
[GPU 0] [01:54:38] [INFO] Step: 14000, LR: 5.66e-04
[GPU 0] [01:54:38] [INFO] Train Loss: CORE: 2.34 CODE-LISP: nan PAPERS-BIOLOGY: nan PAPERS-CYBER: 2.78 PAPERS-NUCLEAR: nan 
[GPU 0] [02:25:55] [INFO] Step: 15000, LR: 5.66e-04
[GPU 0] [02:25:55] [INFO] Train Loss: CORE: 2.32 CODE-LISP: nan PAPERS-BIOLOGY: nan PAPERS-CYBER: 2.90 PAPERS-NUCLEAR: nan 
[GPU 0] [02:57:11] [INFO] Step: 16000, LR: 5.66e-04
[GPU 0] [02:57:11] [INFO] Train Loss: CORE: 2.60 CODE-LISP: nan PAPERS-BIOLOGY: nan PAPERS-CYBER: 2.77 PAPERS-NUCLEAR: nan 
[GPU 0] [03:28:29] [INFO] Step: 17000, LR: 5.66e-04
[GPU 0] [03:28:29] [INFO] Train Loss: CORE: 2.73 CODE-LISP: nan PAPERS-BIOLOGY: nan PAPERS-CYBER: 2.77 PAPERS-NUCLEAR: nan 
[GPU 0] [03:59:45] [INFO] Step: 18000, LR: 5.66e-04
[GPU 0] [03:59:45] [INFO] Train Loss: CORE: 2.11 CODE-LISP: nan PAPERS-BIOLOGY: nan PAPERS-CYBER: 2.77 PAPERS-NUCLEAR: nan 
[GPU 0] [04:31:01] [INFO] Step: 19000, LR: 5.66e-04
[GPU 0] [04:31:01] [INFO] Train Loss: CORE: 2.54 CODE-LISP: nan PAPERS-BIOLOGY: nan PAPERS-CYBER: 2.82 PAPERS-NUCLEAR: nan 
[GPU 0] [05:02:18] [INFO] Step: 20000, LR: 5.66e-04
[GPU 0] [05:02:18] [INFO] Train Loss: CORE: 2.52 CODE-LISP: nan PAPERS-BIOLOGY: nan PAPERS-CYBER: 2.71 PAPERS-NUCLEAR: nan 
[GPU 0] [05:33:36] [INFO] Step: 21000, LR: 5.66e-04
[GPU 0] [05:33:36] [INFO] Train Loss: CORE: 2.55 CODE-LISP: nan PAPERS-BIOLOGY: nan PAPERS-CYBER: 2.70 PAPERS-NUCLEAR: nan 
[GPU 0] [05:38:13] [INFO] LR Scheduler: Decay Start
[GPU 0] [06:04:53] [INFO] Step: 22000, LR: 3.61e-04
[GPU 0] [06:04:53] [INFO] Train Loss: CORE: 2.26 CODE-LISP: nan PAPERS-BIOLOGY: nan PAPERS-CYBER: 2.64 PAPERS-NUCLEAR: nan 
[GPU 0] [06:36:09] [INFO] Step: 23000, LR: 1.20e-04
[GPU 0] [06:36:09] [INFO] Train Loss: CORE: 2.64 CODE-LISP: nan PAPERS-BIOLOGY: nan PAPERS-CYBER: 2.67 PAPERS-NUCLEAR: nan 
[GPU 0] [06:51:44] [INFO] Step: 23498, LR: 1.00e-08
[GPU 0] [06:51:44] [INFO] Train Loss: CORE: 2.40 CODE-LISP: nan PAPERS-BIOLOGY: nan PAPERS-CYBER: 2.57 PAPERS-NUCLEAR: nan 
[GPU 0] [06:52:05] [INFO] ---- Begin Eval ----
[GPU 0] [06:52:05] [INFO] Data: core | Experts: None
[GPU 0] [06:53:29] [INFO] loss: 1.87524796
[GPU 0] [06:53:29] [INFO] Data: code-lisp | Experts: None
[GPU 0] [06:53:35] [INFO] loss: 1.42009401
[GPU 0] [06:53:35] [INFO] Data: papers-biology | Experts: None
[GPU 0] [06:53:41] [INFO] loss: 2.46402526
[GPU 0] [06:53:41] [INFO] Data: papers-nuclear | Experts: None
[GPU 0] [06:53:48] [INFO] loss: 2.83608651
[GPU 0] [06:53:48] [INFO] Data: papers-cyber | Experts: None
[GPU 0] [06:53:54] [INFO] loss: 2.65604544
[GPU 0] [06:54:22] [INFO] Initialized BaseTransformer with 806,509,504 total parameters
[GPU 0] [06:54:22] [INFO] Compiling BaseTransformer with torch.compile...
[GPU 0] [06:54:22] [INFO] torch.compile done
[GPU 0] [06:54:27] [INFO] FILTERING - ADVERSARIAL FT START
[GPU 0] [06:54:39] [INFO] ---- Begin FT | Experts: None | Data: ['code-lisp'] ----
[GPU 0] [06:54:39] [DEBUG] num_seq: 512, num_rounds: 200, patience: 10
[GPU 0] [06:54:40] [DEBUG] local_x: torch.Size([64, 1024]), local_y: torch.Size([64, 1024]), num_steps: 6, per_gpu: 64, mbs_size: 12
[GPU 0] [06:56:16] [INFO] New best validation loss: 1.5988 @ step 0
[GPU 0] [06:56:30] [INFO] New best validation loss: 1.3763 @ step 1
[GPU 0] [06:56:45] [INFO] New best validation loss: 1.2979 @ step 2
[GPU 0] [06:57:01] [INFO] New best validation loss: 1.2583 @ step 3
[GPU 0] [06:57:18] [INFO] New best validation loss: 1.2261 @ step 4
[GPU 0] [06:57:34] [INFO] New best validation loss: 1.2025 @ step 5
[GPU 0] [06:57:51] [INFO] New best validation loss: 1.1857 @ step 6
[GPU 0] [06:58:08] [INFO] New best validation loss: 1.1699 @ step 7
[GPU 0] [06:58:25] [INFO] New best validation loss: 1.1543 @ step 8
[GPU 0] [06:58:42] [INFO] New best validation loss: 1.1411 @ step 9
[GPU 0] [06:58:59] [INFO] New best validation loss: 1.1286 @ step 10
[GPU 0] [06:59:15] [INFO] New best validation loss: 1.1161 @ step 11
[GPU 0] [06:59:32] [INFO] New best validation loss: 1.1043 @ step 12
[GPU 0] [06:59:50] [INFO] New best validation loss: 1.0942 @ step 13
[GPU 0] [07:00:07] [INFO] New best validation loss: 1.0851 @ step 14
[GPU 0] [07:00:29] [INFO] New best validation loss: 1.0763 @ step 15
[GPU 0] [07:00:47] [INFO] New best validation loss: 1.0689 @ step 16
[GPU 0] [07:01:04] [INFO] New best validation loss: 1.0628 @ step 17
[GPU 0] [07:01:20] [INFO] New best validation loss: 1.0574 @ step 18
[GPU 0] [07:01:37] [INFO] New best validation loss: 1.0515 @ step 19
[GPU 0] [07:01:54] [INFO] New best validation loss: 1.0456 @ step 20
[GPU 0] [07:02:12] [INFO] New best validation loss: 1.0406 @ step 21
[GPU 0] [07:02:27] [INFO] New best validation loss: 1.0369 @ step 22
[GPU 0] [07:02:43] [INFO] New best validation loss: 1.0342 @ step 23
[GPU 0] [07:03:00] [INFO] New best validation loss: 1.0322 @ step 24
[GPU 0] [07:03:17] [INFO] New best validation loss: 1.0317 @ step 25
[GPU 0] [07:03:32] [INFO] New best validation loss: 1.0308 @ step 26
[GPU 0] [07:03:47] [INFO] New best validation loss: 1.0293 @ step 27
[GPU 0] [07:04:03] [INFO] New best validation loss: 1.0290 @ step 28
[GPU 0] [07:07:06] [INFO] Stop FT @ 40: no val improvement for 10 steps
[GPU 0] [07:07:06] [INFO] Wrote stats.jsonl entries at FT step 28 
[GPU 0] [07:07:23] [INFO] ---- Begin FT | Experts: None | Data: ['papers-biology'] ----
[GPU 0] [07:07:23] [DEBUG] num_seq: 512, num_rounds: 200, patience: 10
[GPU 0] [07:07:24] [DEBUG] local_x: torch.Size([64, 1024]), local_y: torch.Size([64, 1024]), num_steps: 6, per_gpu: 64, mbs_size: 12
[GPU 0] [07:07:38] [INFO] New best validation loss: 2.5559 @ step 0
[GPU 0] [07:07:52] [INFO] New best validation loss: 2.4769 @ step 1
[GPU 0] [07:08:07] [INFO] New best validation loss: 2.4762 @ step 2
[GPU 0] [07:11:05] [INFO] Stop FT @ 14: no val improvement for 10 steps
[GPU 0] [07:11:05] [INFO] Wrote stats.jsonl entries at FT step 2 
[GPU 0] [07:11:22] [INFO] ---- Begin FT | Experts: None | Data: ['papers-nuclear'] ----
[GPU 0] [07:11:22] [DEBUG] num_seq: 512, num_rounds: 200, patience: 10
[GPU 0] [07:11:23] [DEBUG] local_x: torch.Size([64, 1024]), local_y: torch.Size([64, 1024]), num_steps: 6, per_gpu: 64, mbs_size: 12
[GPU 0] [07:11:37] [INFO] New best validation loss: 2.9973 @ step 0
[GPU 0] [07:11:51] [INFO] New best validation loss: 2.8468 @ step 1
[GPU 0] [07:12:05] [INFO] New best validation loss: 2.8292 @ step 2
[GPU 0] [07:15:05] [INFO] Stop FT @ 14: no val improvement for 10 steps
[GPU 0] [07:15:05] [INFO] Wrote stats.jsonl entries at FT step 2 
[GPU 0] [07:15:09] [INFO] ----------------------------------------
[GPU 0] [07:15:09] [INFO] Finished. See /workspace-vast/ethanr/gradient-routing/experiments/AGI-1699-New-Dataset-Runs/results/scaling/realistic/filtering/800M/seed_3/20260514183024242073
