[GPU 0] [22:56:51] [INFO] Number of GPUs: 8
[GPU 0] [22:56:52] [INFO] Tokenizer vocabulary: 50257
[GPU 0] [22:56:52] [INFO] Set model vocab size to nearest multiple of 64 of tokenizer size: 50304
[GPU 0] [22:56:55] [INFO] target effective batch size: 256, actual effective batch size: 256, micro batch size: 16, accumulation steps: 2, num gpus: 8
[GPU 0] [22:56:55] [INFO] core total number of tokens: 124693822984
[GPU 0] [22:56:55] [INFO] Baseline model has 402,064,768 parameters
[GPU 0] [22:56:55] [INFO] core: chinchilla optimal tokens: 8,041,295,360, requested proportion: 1.0000, requested number of tokens: 8,041,295,360.0, 
[GPU 0] [22:56:55] [INFO] aux total number of tokens: 4835776549
[GPU 0] [22:56:55] [INFO] Baseline model has 402,064,768 parameters
[GPU 0] [22:56:55] [INFO] aux: chinchilla optimal tokens: 8,041,295,360, requested proportion: 0.0100, requested number of tokens: 80,412,953.60000001, 
[GPU 0] [22:56:55] [DEBUG] Saved config to /workspace/gradient-routing/experiments/AGI-1699-New-Dataset-Runs/results/optimize/base/realistic/400M/seed_2/20260420225644318030/config.json
[GPU 0] [22:56:55] [DEBUG] {
    "stages": [
        {
            "name": "baseline",
            "num_checkpoints": -1,
            "lr": 0.0008,
            "res_dir": "/workspace/gradient-routing/experiments/AGI-1699-New-Dataset-Runs/results/optimize/base/realistic/400M/seed_2/20260420225644318030/baseline",
            "do_eval": true,
            "do_sample": false,
            "num_train_evals": 0,
            "do_elicit": false,
            "elicit_eval_prc": 0.5,
            "elicit_num_evals": 100
        }
    ],
    "model": {
        "arch": "base",
        "tokenizer": "GPT2Tokenizer(name_or_path='EleutherAI/gpt-neo-125M', vocab_size=50257, model_max_length=2048, padding_side='right', truncation_side='right', special_tokens={'bos_token': '<|endoftext|>', 'eos_token': '<|endoftext|>', 'unk_token': '<|endoftext|>'}, added_tokens_decoder={\n\t50256: AddedToken(\"<|endoftext|>\", rstrip=False, lstrip=False, single_word=False, normalized=True, special=True),\n}\n)",
        "ctx_len": 1024,
        "vocab_size": 50304,
        "num_layers": 18,
        "num_heads": 8,
        "num_key_value": 2,
        "attn_bias": true,
        "eos_token_id": 50256,
        "embed_dim": 1216,
        "mlp_dim": 4864
    },
    "data": {
        "dirs": [
            "/workspace/gradient-routing/experiments/AGI-1699-New-Dataset-Runs/src/data/fineweb",
            "/workspace/gradient-routing/experiments/AGI-1699-New-Dataset-Runs/src/data/code",
            "/workspace/gradient-routing/experiments/AGI-1699-New-Dataset-Runs/src/data/papers"
        ],
        "core": {
            "labels": [
                "fineweb",
                "code-other",
                "papers-other"
            ],
            "method": "optimal",
            "limit": 1.0,
            "dist": {
                "fineweb": 0.84,
                "code-other": 0.15,
                "papers-other": 0.01
            },
            "num_tok": 8041295360.0
        },
        "aux": {
            "labels": [
                "code-lisp",
                "papers-biology",
                "papers-nuclear",
                "papers-cyber"
            ],
            "method": "optimal",
            "limit": 0.01,
            "dist": {
                "code-lisp": 0.25,
                "papers-biology": 0.25,
                "papers-nuclear": 0.25,
                "papers-cyber": 0.25
            },
            "num_tok": 80412953.60000001
        }
    },
    "run": {
        "target_effective_batch_size": 256,
        "effective_batch_size": 256,
        "micro_batch_size": 16,
        "accumulation_steps": 2,
        "max_num_test_sequences": 10000,
        "eval_all_labels": false,
        "micro_batch_anchors": [
            [
                400000000.0,
                23
            ],
            [
                5000000000.0,
                2
            ]
        ],
        "epochs": 1,
        "adam_betas": [
            0.9,
            0.95
        ],
        "warmup_prc": 0.02,
        "decay_prc": 0.1,
        "seed": 2,
        "compile": true,
        "is_ddp": true,
        "optimize_routed": true,
        "cleanup_distributed": false,
        "log_level": "DEBUG",
        "num_gpus": 8,
        "process_id": 0,
        "num_base_params": 402064768,
        "device": "cuda",
        "logger": "<Logger training_20260420225644318030 (DEBUG)>",
        "labels": [
            "core",
            "code-lisp",
            "papers-biology",
            "papers-cyber",
            "papers-nuclear"
        ],
        "loaders": {
            "code-lisp": {
                "train": "SingleDataLoader(code-lisp_train_001.bin, len=153)",
                "test": "InterleavedDataLoader(len=80)"
            },
            "code-other": {
                "train": "InterleavedDataLoader(len=9202)",
                "test": "InterleavedDataLoader(len=80)"
            },
            "fineweb": {
                "train": "InterleavedDataLoader(len=51534)",
                "test": "InterleavedDataLoader(len=80)"
            },
            "papers-biology": {
                "train": "SingleDataLoader(papers-biology_train.bin, len=153)",
                "test": "SingleDataLoader(papers-biology_test.bin, len=80)"
            },
            "papers-cyber": {
                "train": "SingleDataLoader(papers-cyber_train.bin, len=153)",
                "test": "SingleDataLoader(papers-cyber_test.bin, len=80)"
            },
            "papers-nuclear": {
                "train": "SingleDataLoader(papers-nuclear_train.bin, len=153)",
                "test": "SingleDataLoader(papers-nuclear_test.bin, len=80)"
            },
            "papers-other": {
                "train": "SingleDataLoader(papers-other_train.bin, len=613)",
                "test": "SingleDataLoader(papers-other_test.bin, len=80)"
            },
            "core": {
                "train": "InterleavedDataLoader(len=61349)",
                "test": "InterleavedDataLoader(len=240)"
            },
            "aux": {
                "train": "InterleavedDataLoader(len=612)",
                "test": "InterleavedDataLoader(len=320)"
            },
            "all": {
                "train": "InterleavedDataLoader(len=61961)",
                "test": "InterleavedDataLoader(len=560)"
            }
        },
        "res_root": "/workspace/gradient-routing/experiments/AGI-1699-New-Dataset-Runs/results/optimize/base/realistic/400M/seed_2",
        "experiment_id": "20260420225644318030",
        "s3_bucket": "ae-gradient-routing-results",
        "s3_prefix": "optimize/base/realistic/400M/seed_2"
    }
}
[GPU 0] [22:56:55] [INFO] Loader code-lisp train: 153, test: 80
[GPU 0] [22:56:55] [INFO] Loader code-other train: 9202, test: 80
[GPU 0] [22:56:55] [INFO] Loader fineweb train: 51534, test: 80
[GPU 0] [22:56:55] [INFO] Loader papers-biology train: 153, test: 80
[GPU 0] [22:56:55] [INFO] Loader papers-cyber train: 153, test: 80
[GPU 0] [22:56:55] [INFO] Loader papers-nuclear train: 153, test: 80
[GPU 0] [22:56:55] [INFO] Loader papers-other train: 613, test: 80
[GPU 0] [22:56:55] [INFO] Loader core train: 61349, test: 240
[GPU 0] [22:56:55] [INFO] Loader aux train: 612, test: 320
[GPU 0] [22:56:55] [INFO] Loader all train: 61961, test: 560
[GPU 0] [22:56:55] [INFO] Stage [baseline] start: {"name": "baseline", "num_checkpoints": -1, "lr": 0.0008, "res_dir": "/workspace/gradient-routing/experiments/AGI-1699-New-Dataset-Runs/results/optimize/base/realistic/400M/seed_2/20260420225644318030/baseline", "do_eval": true, "do_sample": false, "num_train_evals": 0, "do_elicit": false, "elicit_eval_prc": 0.5, "elicit_num_evals": 100}
[GPU 0] [22:56:55] [INFO] BASELINE START
[GPU 0] [22:56:58] [INFO] Initialized BaseTransformer with 402,064,768 total parameters
[GPU 0] [22:56:58] [INFO] Compiling BaseTransformer with torch.compile...
[GPU 0] [22:56:58] [INFO] torch.compile done
[GPU 0] [22:56:58] [WARNING] restore_partial_state: no checkpoint found at /workspace/gradient-routing/experiments/AGI-1699-New-Dataset-Runs/results/optimize/base/realistic/400M/seed_2/20260420225644318030/baseline
[GPU 0] [22:56:58] [INFO] ---- Begin Train | Data Labels: ['all'] ----
[GPU 0] [22:56:58] [INFO] warmup_steps: 620
[GPU 0] [22:56:58] [INFO] constant_steps: 27262
[GPU 0] [22:56:58] [INFO] decay_steps: 3098
[GPU 0] [22:56:58] [INFO] LR Scheduler: Warmup Start
[GPU 0] [22:57:29] [INFO] Step: 1, LR: 1.30e-06
[GPU 0] [22:57:29] [INFO] Train Loss: CORE: 11.09 CODE-LISP: nan PAPERS-BIOLOGY: nan PAPERS-CYBER: nan PAPERS-NUCLEAR: nan 
[GPU 0] [23:00:32] [INFO] LR Scheduler: Constant Start
[GPU 0] [23:02:23] [INFO] Step: 1000, LR: 8.00e-04
[GPU 0] [23:02:23] [INFO] Train Loss: CORE: 3.49 CODE-LISP: 5.27 PAPERS-BIOLOGY: 6.62 PAPERS-CYBER: 4.62 PAPERS-NUCLEAR: 5.85 
[GPU 0] [23:07:13] [INFO] Step: 2000, LR: 8.00e-04
[GPU 0] [23:07:13] [INFO] Train Loss: CORE: 3.05 CODE-LISP: 3.39 PAPERS-BIOLOGY: 6.27 PAPERS-CYBER: 4.12 PAPERS-NUCLEAR: 5.85 
[GPU 0] [23:12:01] [INFO] Step: 3000, LR: 8.00e-04
[GPU 0] [23:12:01] [INFO] Train Loss: CORE: 2.92 CODE-LISP: 1.96 PAPERS-BIOLOGY: 5.69 PAPERS-CYBER: 3.62 PAPERS-NUCLEAR: 4.62 
[GPU 0] [23:16:50] [INFO] Step: 4000, LR: 8.00e-04
[GPU 0] [23:16:50] [INFO] Train Loss: CORE: 3.34 CODE-LISP: 1.71 PAPERS-BIOLOGY: 3.18 PAPERS-CYBER: 3.58 PAPERS-NUCLEAR: 3.58 
[GPU 0] [23:21:37] [INFO] Step: 5000, LR: 8.00e-04
[GPU 0] [23:21:37] [INFO] Train Loss: CORE: 3.00 CODE-LISP: 1.50 PAPERS-BIOLOGY: 3.07 PAPERS-CYBER: 3.35 PAPERS-NUCLEAR: 3.32 
[GPU 0] [23:26:25] [INFO] Step: 6000, LR: 8.00e-04
[GPU 0] [23:26:25] [INFO] Train Loss: CORE: 3.03 CODE-LISP: 1.52 PAPERS-BIOLOGY: 3.05 PAPERS-CYBER: 3.24 PAPERS-NUCLEAR: 3.30 
[GPU 0] [23:31:13] [INFO] Step: 7000, LR: 8.00e-04
[GPU 0] [23:31:13] [INFO] Train Loss: CORE: 2.76 CODE-LISP: 1.54 PAPERS-BIOLOGY: 2.97 PAPERS-CYBER: 3.20 PAPERS-NUCLEAR: 3.33 
[GPU 0] [23:36:01] [INFO] Step: 8000, LR: 8.00e-04
[GPU 0] [23:36:01] [INFO] Train Loss: CORE: 2.94 CODE-LISP: 1.31 PAPERS-BIOLOGY: 2.87 PAPERS-CYBER: 3.19 PAPERS-NUCLEAR: 3.31 
[GPU 0] [23:40:49] [INFO] Step: 9000, LR: 8.00e-04
[GPU 0] [23:40:49] [INFO] Train Loss: CORE: 3.05 CODE-LISP: 1.21 PAPERS-BIOLOGY: 2.84 PAPERS-CYBER: 3.14 PAPERS-NUCLEAR: 3.23 
[GPU 0] [23:45:36] [INFO] Step: 10000, LR: 8.00e-04
[GPU 0] [23:45:36] [INFO] Train Loss: CORE: 2.40 CODE-LISP: 1.18 PAPERS-BIOLOGY: 2.81 PAPERS-CYBER: 3.13 PAPERS-NUCLEAR: 3.20 
[GPU 0] [23:50:24] [INFO] Step: 11000, LR: 8.00e-04
[GPU 0] [23:50:24] [INFO] Train Loss: CORE: 2.58 CODE-LISP: 1.08 PAPERS-BIOLOGY: 2.77 PAPERS-CYBER: 3.09 PAPERS-NUCLEAR: 3.21 
[GPU 0] [23:55:12] [INFO] Step: 12000, LR: 8.00e-04
[GPU 0] [23:55:12] [INFO] Train Loss: CORE: 2.88 CODE-LISP: 1.18 PAPERS-BIOLOGY: 2.77 PAPERS-CYBER: 3.04 PAPERS-NUCLEAR: 3.25 
[GPU 0] [00:00:00] [INFO] Step: 13000, LR: 8.00e-04
[GPU 0] [00:00:00] [INFO] Train Loss: CORE: 2.85 CODE-LISP: 1.26 PAPERS-BIOLOGY: 2.80 PAPERS-CYBER: 3.07 PAPERS-NUCLEAR: 3.24 
[GPU 0] [00:04:48] [INFO] Step: 14000, LR: 8.00e-04
[GPU 0] [00:04:48] [INFO] Train Loss: CORE: 2.81 CODE-LISP: 1.12 PAPERS-BIOLOGY: 2.88 PAPERS-CYBER: 3.08 PAPERS-NUCLEAR: 3.22 
[GPU 0] [00:09:36] [INFO] Step: 15000, LR: 8.00e-04
[GPU 0] [00:09:36] [INFO] Train Loss: CORE: 3.10 CODE-LISP: 1.09 PAPERS-BIOLOGY: 2.75 PAPERS-CYBER: 3.04 PAPERS-NUCLEAR: 3.15 
[GPU 0] [00:14:24] [INFO] Step: 16000, LR: 8.00e-04
[GPU 0] [00:14:24] [INFO] Train Loss: CORE: 2.83 CODE-LISP: 1.03 PAPERS-BIOLOGY: 2.68 PAPERS-CYBER: 3.02 PAPERS-NUCLEAR: 3.09 
[GPU 0] [00:19:11] [INFO] Step: 17000, LR: 8.00e-04
[GPU 0] [00:19:11] [INFO] Train Loss: CORE: 2.78 CODE-LISP: 1.03 PAPERS-BIOLOGY: 2.73 PAPERS-CYBER: 3.03 PAPERS-NUCLEAR: 3.10 
[GPU 0] [00:23:59] [INFO] Step: 18000, LR: 8.00e-04
[GPU 0] [00:23:59] [INFO] Train Loss: CORE: 3.08 CODE-LISP: 0.98 PAPERS-BIOLOGY: 2.74 PAPERS-CYBER: 3.06 PAPERS-NUCLEAR: 3.18 
[GPU 0] [00:28:47] [INFO] Step: 19000, LR: 8.00e-04
[GPU 0] [00:28:47] [INFO] Train Loss: CORE: 2.83 CODE-LISP: 0.89 PAPERS-BIOLOGY: 2.73 PAPERS-CYBER: 3.01 PAPERS-NUCLEAR: 3.18 
[GPU 0] [00:33:34] [INFO] Step: 20000, LR: 8.00e-04
[GPU 0] [00:33:34] [INFO] Train Loss: CORE: 2.94 CODE-LISP: 0.91 PAPERS-BIOLOGY: 2.71 PAPERS-CYBER: 3.05 PAPERS-NUCLEAR: 3.21 
[GPU 0] [00:38:22] [INFO] Step: 21000, LR: 8.00e-04
[GPU 0] [00:38:22] [INFO] Train Loss: CORE: 3.05 CODE-LISP: 1.00 PAPERS-BIOLOGY: 2.69 PAPERS-CYBER: 2.95 PAPERS-NUCLEAR: 3.20 
[GPU 0] [00:43:11] [INFO] Step: 22000, LR: 8.00e-04
[GPU 0] [00:43:11] [INFO] Train Loss: CORE: 2.75 CODE-LISP: 1.16 PAPERS-BIOLOGY: 2.75 PAPERS-CYBER: 2.96 PAPERS-NUCLEAR: 3.13 
[GPU 0] [00:47:57] [INFO] Step: 23000, LR: 8.00e-04
[GPU 0] [00:47:57] [INFO] Train Loss: CORE: 2.75 CODE-LISP: 1.10 PAPERS-BIOLOGY: 2.76 PAPERS-CYBER: 2.97 PAPERS-NUCLEAR: 3.07 
[GPU 0] [00:52:45] [INFO] Step: 24000, LR: 8.00e-04
[GPU 0] [00:52:45] [INFO] Train Loss: CORE: 2.09 CODE-LISP: 1.07 PAPERS-BIOLOGY: 2.67 PAPERS-CYBER: 2.98 PAPERS-NUCLEAR: 3.07 
[GPU 0] [00:57:33] [INFO] Step: 25000, LR: 8.00e-04
[GPU 0] [00:57:33] [INFO] Train Loss: CORE: 2.28 CODE-LISP: 1.05 PAPERS-BIOLOGY: 2.64 PAPERS-CYBER: 2.98 PAPERS-NUCLEAR: 3.09 
[GPU 0] [01:02:20] [INFO] Step: 26000, LR: 8.00e-04
[GPU 0] [01:02:20] [INFO] Train Loss: CORE: 2.32 CODE-LISP: 0.95 PAPERS-BIOLOGY: 2.62 PAPERS-CYBER: 2.99 PAPERS-NUCLEAR: 3.10 
[GPU 0] [01:07:08] [INFO] Step: 27000, LR: 8.00e-04
[GPU 0] [01:07:08] [INFO] Train Loss: CORE: 2.55 CODE-LISP: 0.99 PAPERS-BIOLOGY: 2.65 PAPERS-CYBER: 2.94 PAPERS-NUCLEAR: 3.02 
[GPU 0] [01:11:22] [INFO] LR Scheduler: Decay Start
[GPU 0] [01:11:57] [INFO] Step: 28000, LR: 7.70e-04
[GPU 0] [01:11:57] [INFO] Train Loss: CORE: 2.54 CODE-LISP: 0.92 PAPERS-BIOLOGY: 2.67 PAPERS-CYBER: 2.95 PAPERS-NUCLEAR: 3.03 
[GPU 0] [01:16:44] [INFO] Step: 29000, LR: 5.11e-04
[GPU 0] [01:16:44] [INFO] Train Loss: CORE: 2.70 CODE-LISP: 0.86 PAPERS-BIOLOGY: 2.64 PAPERS-CYBER: 2.95 PAPERS-NUCLEAR: 2.99 
[GPU 0] [01:21:31] [INFO] Step: 30000, LR: 2.53e-04
[GPU 0] [01:21:31] [INFO] Train Loss: CORE: 2.90 CODE-LISP: 0.81 PAPERS-BIOLOGY: 2.62 PAPERS-CYBER: 2.93 PAPERS-NUCLEAR: 2.98 
[GPU 0] [01:26:14] [INFO] Step: 30980, LR: 1.00e-08
[GPU 0] [01:26:14] [INFO] Train Loss: CORE: 2.65 CODE-LISP: 0.80 PAPERS-BIOLOGY: 2.55 PAPERS-CYBER: 2.89 PAPERS-NUCLEAR: 2.95 
[GPU 0] [01:26:16] [INFO] ---- Begin Eval ----
[GPU 0] [01:26:16] [INFO] Data: core | Experts: None
[GPU 0] [01:26:42] [INFO] loss: 2.04482222
[GPU 0] [01:26:42] [INFO] Data: code-lisp | Experts: None
[GPU 0] [01:26:46] [INFO] loss: 0.96870726
[GPU 0] [01:26:46] [INFO] Data: papers-biology | Experts: None
[GPU 0] [01:26:50] [INFO] loss: 2.56667495
[GPU 0] [01:26:50] [INFO] Data: papers-nuclear | Experts: None
[GPU 0] [01:26:55] [INFO] loss: 2.91877437
[GPU 0] [01:26:55] [INFO] Data: papers-cyber | Experts: None
[GPU 0] [01:26:59] [INFO] loss: 2.84855962
[GPU 0] [01:27:00] [INFO] ----------------------------------------
[GPU 0] [01:27:00] [INFO] Finished. See /workspace/gradient-routing/experiments/AGI-1699-New-Dataset-Runs/results/optimize/base/realistic/400M/seed_2/20260420225644318030
